Resolutions       : (200, 1200, ... 6200)
Iterations        : 40
Algorithm         : 0 (Jacobi)
Num. Heat sources : 2
   1: (0.00, 0.00) 1.00 1.00 
   2: (1.00, 1.00) 1.00 0.50 
Resolution:   200Resolution:   200, Time: 0.006 (0.018 GFlop => 2855.36 MFlop/s, residual 0.031825, 40 iterations)
Resolution:  1200Resolution:  1200, Time: 0.393 (0.634 GFlop => 1611.36 MFlop/s, residual 0.190962, 40 iterations)
Resolution:  2200Resolution:  2200, Time: 2.774 (2.130 GFlop => 767.78 MFlop/s, residual 0.349995, 40 iterations)
Resolution:  3200Resolution:  3200, Time: 6.249 (4.506 GFlop => 721.00 MFlop/s, residual 0.509021, 40 iterations)
Resolution:  4200Resolution:  4200, Time: 10.729 (7.762 GFlop => 723.45 MFlop/s, residual 0.668045, 40 iterations)
Resolution:  5200Resolution:  5200, Time: 17.616 (11.898 GFlop => 675.40 MFlop/s, residual 0.827068, 40 iterations)
Resolution:  6200Resolution:  6200, Time: 26.855 (16.914 GFlop => 629.80 MFlop/s, residual 0.986091, 40 iterations)
  200; 0.006; 2855.365
 1200; 0.393; 1611.361
 2200; 2.774; 767.776
 3200; 6.249; 721.001
 4200; 10.729; 723.452
 5200; 17.616; 675.400
 6200; 26.855; 629.802
