mpiexec -genv I_MPI_DEBUG=4 -genv OMP_NUM_THREADS=8 -genv I_MPI_PIN_DOMAIN=omp -n 6 ./heat test.dat 1 6
[0] MPI startup(): Intel(R) MPI Library, Version 2019 Update 8  Build 20200624 (id: 4f16ad915)
[0] MPI startup(): Copyright (C) 2003-2020 Intel Corporation.  All rights reserved.
[0] MPI startup(): library kind: release
[0] MPI startup(): libfabric version: 1.10.1-impi
[0] MPI startup(): libfabric provider: psm2
[0] MPI startup(): Rank    Pid      Node name     Pin cpu
[0] MPI startup(): 0       3602743  i01r01c03s01  {0,1,2,3,48,49,50,51}
[0] MPI startup(): 1       3602744  i01r01c03s01  {4,5,6,7,52,53,54,55}
[0] MPI startup(): 2       3602745  i01r01c03s01  {8,9,10,11,56,57,58,59}
[0] MPI startup(): 3       3602746  i01r01c03s01  {24,25,26,27,72,73,74,75}
[0] MPI startup(): 4       3602747  i01r01c03s01  {28,29,30,31,76,77,78,79}
[0] MPI startup(): 5       3602748  i01r01c03s01  {32,33,34,35,80,81,82,83}

1 processes distributed in X-direction
 6 ; processes distributed in Y-direction

Executing each MPI process in 8 OMP threads.
Resolutions       : (6500, 8500, ... 12500)
Iterations        : 20
Num. Heat sources : 2
   1: (0.00, 0.00) 1.00 1.00 
   2: (1.00, 1.00) 1.00 0.50 
rank= 0 coords= 0 0 neighbours(up,down,left,right)= -1 -1 -1 1
rank= 2 coords= 0 2 neighbours(up,down,left,right)= -1 -1 1 3
rank= 3 coords= 0 3 neighbours(up,down,left,right)= -1 -1 2 4
rank= 4 coords= 0 4 neighbours(up,down,left,right)= -1 -1 3 5
rank= 5 coords= 0 5 neighbours(up,down,left,right)= -1 -1 4 -1
rank= 1 coords= 0 1 neighbours(up,down,left,right)= -1 -1 0 2

Num-X: 6 ; Num-Y: 1 ; Resolution: 6500 ; Rank: 2 ; Rank-X: 2 ; Rank-Y: 0 ; Rowstart: 0; Rowend: 6501; Rows: 6501; Colstart: 2168; Colend: 3252; Cols: 1084;
Num-X: 6 ; Num-Y: 1 ; Resolution: 6500 ; Rank: 3 ; Rank-X: 3 ; Rank-Y: 0 ; Rowstart: 0; Rowend: 6501; Rows: 6501; Colstart: 3251; Colend: 4335; Cols: 1084;
Num-X: 6 ; Num-Y: 1 ; Resolution: 6500 ; Rank: 5 ; Rank-X: 5 ; Rank-Y: 0 ; Rowstart: 0; Rowend: 6501; Rows: 6501; Colstart: 5417; Colend: 6501; Cols: 1084;
Num-X: 6 ; Num-Y: 1 ; Resolution: 6500 ; Rank: 0 ; Rank-X: 0 ; Rank-Y: 0 ; Rowstart: 0; Rowend: 6501; Rows: 6501; Colstart: 0; Colend: 1085; Cols: 1085;
Num-X: 6 ; Num-Y: 1 ; Resolution: 6500 ; Rank: 4 ; Rank-X: 4 ; Rank-Y: 0 ; Rowstart: 0; Rowend: 6501; Rows: 6501; Colstart: 4334; Colend: 5418; Cols: 1084;
Num-X: 6 ; Num-Y: 1 ; Resolution: 6500 ; Rank: 1 ; Rank-X: 1 ; Rank-Y: 0 ; Rowstart: 0; Rowend: 6501; Rows: 6501; Colstart: 1084; Colend: 2169; Cols: 1085;

Resolution: 6500
===================
Execution time: 0.096936
Residual: 3.049154

megaflops:  61019.6
  flop instructions (M):  5915.000

Num-X: 6 ; Num-Y: 1 ; Resolution: 8500 ; Rank: 3 ; Rank-X: 3 ; Rank-Y: 0 ; Rowstart: 0; Rowend: 8501; Rows: 8501; Colstart: 4251; Colend: 5669; Cols: 1418;
Num-X: 6 ; Num-Y: 1 ; Resolution: 8500 ; Rank: 4 ; Rank-X: 4 ; Rank-Y: 0 ; Rowstart: 0; Rowend: 8501; Rows: 8501; Colstart: 5668; Colend: 7085; Cols: 1417;
Num-X: 6 ; Num-Y: 1 ; Resolution: 8500 ; Rank: 1 ; Rank-X: 1 ; Rank-Y: 0 ; Rowstart: 0; Rowend: 8501; Rows: 8501; Colstart: 1417; Colend: 2835; Cols: 1418;
Num-X: 6 ; Num-Y: 1 ; Resolution: 8500 ; Rank: 2 ; Rank-X: 2 ; Rank-Y: 0 ; Rowstart: 0; Rowend: 8501; Rows: 8501; Colstart: 2834; Colend: 4252; Cols: 1418;
Num-X: 6 ; Num-Y: 1 ; Resolution: 8500 ; Rank: 5 ; Rank-X: 5 ; Rank-Y: 0 ; Rowstart: 0; Rowend: 8501; Rows: 8501; Colstart: 7084; Colend: 8501; Cols: 1417;
Num-X: 6 ; Num-Y: 1 ; Resolution: 8500 ; Rank: 0 ; Rank-X: 0 ; Rank-Y: 0 ; Rowstart: 0; Rowend: 8501; Rows: 8501; Colstart: 0; Colend: 1418; Cols: 1418;

Resolution: 8500
===================
Execution time: 0.167940
Residual: 3.987213

megaflops:  60229.9
  flop instructions (M):  10115.000

Num-X: 6 ; Num-Y: 1 ; Resolution: 10500 ; Rank: 4 ; Rank-X: 4 ; Rank-Y: 0 ; Rowstart: 0; Rowend: 10501; Rows: 10501; Colstart: 7000; Colend: 8751; Cols: 1751;
Num-X: 6 ; Num-Y: 1 ; Resolution: 10500 ; Rank: 5 ; Rank-X: 5 ; Rank-Y: 0 ; Rowstart: 0; Rowend: 10501; Rows: 10501; Colstart: 8750; Colend: 10501; Cols: 1751;
Num-X: 6 ; Num-Y: 1 ; Resolution: 10500 ; Rank: 1 ; Rank-X: 1 ; Rank-Y: 0 ; Rowstart: 0; Rowend: 10501; Rows: 10501; Colstart: 1750; Colend: 3501; Cols: 1751;
Num-X: 6 ; Num-Y: 1 ; Resolution: 10500 ; Rank: 2 ; Rank-X: 2 ; Rank-Y: 0 ; Rowstart: 0; Rowend: 10501; Rows: 10501; Colstart: 3500; Colend: 5251; Cols: 1751;
Num-X: 6 ; Num-Y: 1 ; Resolution: 10500 ; Rank: 3 ; Rank-X: 3 ; Rank-Y: 0 ; Rowstart: 0; Rowend: 10501; Rows: 10501; Colstart: 5250; Colend: 7001; Cols: 1751;
Num-X: 6 ; Num-Y: 1 ; Resolution: 10500 ; Rank: 0 ; Rank-X: 0 ; Rank-Y: 0 ; Rowstart: 0; Rowend: 10501; Rows: 10501; Colstart: 0; Colend: 1751; Cols: 1751;

Resolution: 10500
===================
Execution time: 0.259373
Residual: 4.925272

megaflops:  59508.9
  flop instructions (M):  15435.000

Num-X: 6 ; Num-Y: 1 ; Resolution: 12500 ; Rank: 0 ; Rank-X: 0 ; Rank-Y: 0 ; Rowstart: 0; Rowend: 12501; Rows: 12501; Colstart: 0; Colend: 2085; Cols: 2085;
Num-X: 6 ; Num-Y: 1 ; Resolution: 12500 ; Rank: 1 ; Rank-X: 1 ; Rank-Y: 0 ; Rowstart: 0; Rowend: 12501; Rows: 12501; Colstart: 2084; Colend: 4169; Cols: 2085;
Num-X: 6 ; Num-Y: 1 ; Resolution: 12500 ; Rank: 2 ; Rank-X: 2 ; Rank-Y: 0 ; Rowstart: 0; Rowend: 12501; Rows: 12501; Colstart: 4168; Colend: 6252; Cols: 2084;
Num-X: 6 ; Num-Y: 1 ; Resolution: 12500 ; Rank: 3 ; Rank-X: 3 ; Rank-Y: 0 ; Rowstart: 0; Rowend: 12501; Rows: 12501; Colstart: 6251; Colend: 8335; Cols: 2084;
Num-X: 6 ; Num-Y: 1 ; Resolution: 12500 ; Rank: 4 ; Rank-X: 4 ; Rank-Y: 0 ; Rowstart: 0; Rowend: 12501; Rows: 12501; Colstart: 8334; Colend: 10418; Cols: 2084;
Num-X: 6 ; Num-Y: 1 ; Resolution: 12500 ; Rank: 5 ; Rank-X: 5 ; Rank-Y: 0 ; Rowstart: 0; Rowend: 12501; Rows: 12501; Colstart: 10417; Colend: 12501; Cols: 2084;

Resolution: 12500
===================
Execution time: 0.366297
Residual: 5.863330

megaflops:  59719.3
  flop instructions (M):  21875.000
