mpiexec -genv I_MPI_DEBUG=4 -n 48 ./heat test.dat 1 48
[0] MPI startup(): Intel(R) MPI Library, Version 2019 Update 8  Build 20200624 (id: 4f16ad915)
[0] MPI startup(): Copyright (C) 2003-2020 Intel Corporation.  All rights reserved.
[0] MPI startup(): library kind: release
[0] MPI startup(): libfabric version: 1.10.1-impi
[0] MPI startup(): libfabric provider: psm2
[0] MPI startup(): Rank    Pid      Node name     Pin cpu
[0] MPI startup(): 0       2424344  i01r01c02s09  {0,48}
[0] MPI startup(): 1       2424345  i01r01c02s09  {1,49}
[0] MPI startup(): 2       2424346  i01r01c02s09  {2,50}
[0] MPI startup(): 3       2424347  i01r01c02s09  {3,51}
[0] MPI startup(): 4       2424348  i01r01c02s09  {4,52}
[0] MPI startup(): 5       2424349  i01r01c02s09  {5,53}
[0] MPI startup(): 6       2424350  i01r01c02s09  {6,54}
[0] MPI startup(): 7       2424351  i01r01c02s09  {7,55}
[0] MPI startup(): 8       2424352  i01r01c02s09  {8,56}
[0] MPI startup(): 9       2424353  i01r01c02s09  {9,57}
[0] MPI startup(): 10      2424354  i01r01c02s09  {10,58}
[0] MPI startup(): 11      2424355  i01r01c02s09  {11,59}
[0] MPI startup(): 12      2424356  i01r01c02s09  {12,60}
[0] MPI startup(): 13      2424357  i01r01c02s09  {13,61}
[0] MPI startup(): 14      2424358  i01r01c02s09  {14,62}
[0] MPI startup(): 15      2424359  i01r01c02s09  {15,63}
[0] MPI startup(): 16      2424360  i01r01c02s09  {16,64}
[0] MPI startup(): 17      2424361  i01r01c02s09  {17,65}
[0] MPI startup(): 18      2424362  i01r01c02s09  {18,66}
[0] MPI startup(): 19      2424363  i01r01c02s09  {19,67}
[0] MPI startup(): 20      2424364  i01r01c02s09  {20,68}
[0] MPI startup(): 21      2424365  i01r01c02s09  {21,69}
[0] MPI startup(): 22      2424366  i01r01c02s09  {22,70}
[0] MPI startup(): 23      2424367  i01r01c02s09  {23,71}
[0] MPI startup(): 24      2424368  i01r01c02s09  {24,72}
[0] MPI startup(): 25      2424369  i01r01c02s09  {25,73}
[0] MPI startup(): 26      2424370  i01r01c02s09  {26,74}
[0] MPI startup(): 27      2424371  i01r01c02s09  {27,75}
[0] MPI startup(): 28      2424372  i01r01c02s09  {28,76}
[0] MPI startup(): 29      2424373  i01r01c02s09  {29,77}
[0] MPI startup(): 30      2424374  i01r01c02s09  {30,78}
[0] MPI startup(): 31      2424375  i01r01c02s09  {31,79}
[0] MPI startup(): 32      2424376  i01r01c02s09  {32,80}
[0] MPI startup(): 33      2424377  i01r01c02s09  {33,81}
[0] MPI startup(): 34      2424378  i01r01c02s09  {34,82}
[0] MPI startup(): 35      2424379  i01r01c02s09  {35,83}
[0] MPI startup(): 36      2424380  i01r01c02s09  {36,84}
[0] MPI startup(): 37      2424381  i01r01c02s09  {37,85}
[0] MPI startup(): 38      2424382  i01r01c02s09  {38,86}
[0] MPI startup(): 39      2424383  i01r01c02s09  {39,87}
[0] MPI startup(): 40      2424384  i01r01c02s09  {40,88}
[0] MPI startup(): 41      2424385  i01r01c02s09  {41,89}
[0] MPI startup(): 42      2424386  i01r01c02s09  {42,90}
[0] MPI startup(): 43      2424387  i01r01c02s09  {43,91}
[0] MPI startup(): 44      2424388  i01r01c02s09  {44,92}
[0] MPI startup(): 45      2424389  i01r01c02s09  {45,93}
[0] MPI startup(): 46      2424390  i01r01c02s09  {46,94}
[0] MPI startup(): 47      2424391  i01r01c02s09  {47,95}

1 processes distributed in X-direction
 48 ; processes distributed in Y-direction
Resolutions       : (6500, 8500, ... 12500)
Iterations        : 20
Num. Heat sources : 2
   1: (0.00, 0.00) 1.00 1.00 
   2: (1.00, 1.00) 1.00 0.50 
rank= 24 coords= 0 24 neighbours(up,down,left,right)= -1 -1 23 25
rank= 25 coords= 0 25 neighbours(up,down,left,right)= -1 -1 24 26
rank= 32 coords= 0 32 neighbours(up,down,left,right)= -1 -1 31 33
rank= 33 coords= 0 33 neighbours(up,down,left,right)= -1 -1 32 34
rank= 34 coords= 0 34 neighbours(up,down,left,right)= -1 -1 33 35
rank= 35 coords= 0 35 neighbours(up,down,left,right)= -1 -1 34 36
rank= 36 coords= 0 36 neighbours(up,down,left,right)= -1 -1 35 37
rank= 40 coords= 0 40 neighbours(up,down,left,right)= -1 -1 39 41
rank= 41 coords= 0 41 neighbours(up,down,left,right)= -1 -1 40 42
rank= 44 coords= 0 44 neighbours(up,down,left,right)= -1 -1 43 45
rank= 0 coords= 0 0 neighbours(up,down,left,right)= -1 -1 -1 1
rank= 1 coords= 0 1 neighbours(up,down,left,right)= -1 -1 0 2
rank= 2 coords= 0 2 neighbours(up,down,left,right)= -1 -1 1 3
rank= 3 coords= 0 3 neighbours(up,down,left,right)= -1 -1 2 4
rank= 4 coords= 0 4 neighbours(up,down,left,right)= -1 -1 3 5
rank= 5 coords= 0 5 neighbours(up,down,left,right)= -1 -1 4 6
rank= 6 coords= 0 6 neighbours(up,down,left,right)= -1 -1 5 7
rank= 7 coords= 0 7 neighbours(up,down,left,right)= -1 -1 6 8
rank= 8 coords= 0 8 neighbours(up,down,left,right)= -1 -1 7 9
rank= 9 coords= 0 9 neighbours(up,down,left,right)= -1 -1 8 10
rank= 10 coords= 0 10 neighbours(up,down,left,right)= -1 -1 9 11
rank= 11 coords= 0 11 neighbours(up,down,left,right)= -1 -1 10 12
rank= 12 coords= 0 12 neighbours(up,down,left,right)= -1 -1 11 13
rank= 13 coords= 0 13 neighbours(up,down,left,right)= -1 -1 12 14
rank= 14 coords= 0 14 neighbours(up,down,left,right)= -1 -1 13 15
rank= 15 coords= 0 15 neighbours(up,down,left,right)= -1 -1 14 16
rank= 16 coords= 0 16 neighbours(up,down,left,right)= -1 -1 15 17
rank= 17 coords= 0 17 neighbours(up,down,left,right)= -1 -1 16 18
rank= 18 coords= 0 18 neighbours(up,down,left,right)= -1 -1 17 19
rank= 19 coords= 0 19 neighbours(up,down,left,right)= -1 -1 18 20
rank= 20 coords= 0 20 neighbours(up,down,left,right)= -1 -1 19 21
rank= 21 coords= 0 21 neighbours(up,down,left,right)= -1 -1 20 22
rank= 22 coords= 0 22 neighbours(up,down,left,right)= -1 -1 21 23
rank= 23 coords= 0 23 neighbours(up,down,left,right)= -1 -1 22 24
rank= 26 coords= 0 26 neighbours(up,down,left,right)= -1 -1 25 27
rank= 27 coords= 0 27 neighbours(up,down,left,right)= -1 -1 26 28
rank= 28 coords= 0 28 neighbours(up,down,left,right)= -1 -1 27 29
rank= 29 coords= 0 29 neighbours(up,down,left,right)= -1 -1 28 30
rank= 30 coords= 0 30 neighbours(up,down,left,right)= -1 -1 29 31
rank= 31 coords= 0 31 neighbours(up,down,left,right)= -1 -1 30 32
rank= 37 coords= 0 37 neighbours(up,down,left,right)= -1 -1 36 38
rank= 38 coords= 0 38 neighbours(up,down,left,right)= -1 -1 37 39
rank= 39 coords= 0 39 neighbours(up,down,left,right)= -1 -1 38 40
rank= 42 coords= 0 42 neighbours(up,down,left,right)= -1 -1 41 43
rank= 43 coords= 0 43 neighbours(up,down,left,right)= -1 -1 42 44
rank= 45 coords= 0 45 neighbours(up,down,left,right)= -1 -1 44 46
rank= 46 coords= 0 46 neighbours(up,down,left,right)= -1 -1 45 47
rank= 47 coords= 0 47 neighbours(up,down,left,right)= -1 -1 46 -1

Num-X: 48 ; Num-Y: 1 ; Resolution: 6500 ; Rank: 25 ; Rank-X: 25 ; Rank-Y: 0 ; Rowstart: 0; Rowend: 6501; Rows: 6501; Colstart: 3395; Colend: 3531; Cols: 136;
Num-X: 48 ; Num-Y: 1 ; Resolution: 6500 ; Rank: 32 ; Rank-X: 32 ; Rank-Y: 0 ; Rowstart: 0; Rowend: 6501; Rows: 6501; Colstart: 4340; Colend: 4476; Cols: 136;
Num-X: 48 ; Num-Y: 1 ; Resolution: 6500 ; Rank: 34 ; Rank-X: 34 ; Rank-Y: 0 ; Rowstart: 0; Rowend: 6501; Rows: 6501; Colstart: 4610; Colend: 4746; Cols: 136;
Num-X: 48 ; Num-Y: 1 ; Resolution: 6500 ; Rank: 35 ; Rank-X: 35 ; Rank-Y: 0 ; Rowstart: 0; Rowend: 6501; Rows: 6501; Colstart: 4745; Colend: 4881; Cols: 136;
Num-X: 48 ; Num-Y: 1 ; Resolution: 6500 ; Rank: 40 ; Rank-X: 40 ; Rank-Y: 0 ; Rowstart: 0; Rowend: 6501; Rows: 6501; Colstart: 5420; Colend: 5556; Cols: 136;
Num-X: 48 ; Num-Y: 1 ; Resolution: 6500 ; Rank: 45 ; Rank-X: 45 ; Rank-Y: 0 ; Rowstart: 0; Rowend: 6501; Rows: 6501; Colstart: 6095; Colend: 6231; Cols: 136;
Num-X: 48 ; Num-Y: 1 ; Resolution: 6500 ; Rank: 2 ; Rank-X: 2 ; Rank-Y: 0 ; Rowstart: 0; Rowend: 6501; Rows: 6501; Colstart: 272; Colend: 409; Cols: 137;
Num-X: 48 ; Num-Y: 1 ; Resolution: 6500 ; Rank: 3 ; Rank-X: 3 ; Rank-Y: 0 ; Rowstart: 0; Rowend: 6501; Rows: 6501; Colstart: 408; Colend: 545; Cols: 137;
Num-X: 48 ; Num-Y: 1 ; Resolution: 6500 ; Rank: 4 ; Rank-X: 4 ; Rank-Y: 0 ; Rowstart: 0; Rowend: 6501; Rows: 6501; Colstart: 544; Colend: 681; Cols: 137;
Num-X: 48 ; Num-Y: 1 ; Resolution: 6500 ; Rank: 6 ; Rank-X: 6 ; Rank-Y: 0 ; Rowstart: 0; Rowend: 6501; Rows: 6501; Colstart: 816; Colend: 953; Cols: 137;
Num-X: 48 ; Num-Y: 1 ; Resolution: 6500 ; Rank: 7 ; Rank-X: 7 ; Rank-Y: 0 ; Rowstart: 0; Rowend: 6501; Rows: 6501; Colstart: 952; Colend: 1089; Cols: 137;
Num-X: 48 ; Num-Y: 1 ; Resolution: 6500 ; Rank: 8 ; Rank-X: 8 ; Rank-Y: 0 ; Rowstart: 0; Rowend: 6501; Rows: 6501; Colstart: 1088; Colend: 1225; Cols: 137;
Num-X: 48 ; Num-Y: 1 ; Resolution: 6500 ; Rank: 9 ; Rank-X: 9 ; Rank-Y: 0 ; Rowstart: 0; Rowend: 6501; Rows: 6501; Colstart: 1224; Colend: 1361; Cols: 137;
Num-X: 48 ; Num-Y: 1 ; Resolution: 6500 ; Rank: 10 ; Rank-X: 10 ; Rank-Y: 0 ; Rowstart: 0; Rowend: 6501; Rows: 6501; Colstart: 1360; Colend: 1497; Cols: 137;
Num-X: 48 ; Num-Y: 1 ; Resolution: 6500 ; Rank: 13 ; Rank-X: 13 ; Rank-Y: 0 ; Rowstart: 0; Rowend: 6501; Rows: 6501; Colstart: 1768; Colend: 1905; Cols: 137;
Num-X: 48 ; Num-Y: 1 ; Resolution: 6500 ; Rank: 15 ; Rank-X: 15 ; Rank-Y: 0 ; Rowstart: 0; Rowend: 6501; Rows: 6501; Colstart: 2040; Colend: 2177; Cols: 137;
Num-X: 48 ; Num-Y: 1 ; Resolution: 6500 ; Rank: 20 ; Rank-X: 20 ; Rank-Y: 0 ; Rowstart: 0; Rowend: 6501; Rows: 6501; Colstart: 2720; Colend: 2856; Cols: 136;
Num-X: 48 ; Num-Y: 1 ; Resolution: 6500 ; Rank: 21 ; Rank-X: 21 ; Rank-Y: 0 ; Rowstart: 0; Rowend: 6501; Rows: 6501; Colstart: 2855; Colend: 2991; Cols: 136;
Num-X: 48 ; Num-Y: 1 ; Resolution: 6500 ; Rank: 22 ; Rank-X: 22 ; Rank-Y: 0 ; Rowstart: 0; Rowend: 6501; Rows: 6501; Colstart: 2990; Colend: 3126; Cols: 136;
Num-X: 48 ; Num-Y: 1 ; Resolution: 6500 ; Rank: 23 ; Rank-X: 23 ; Rank-Y: 0 ; Rowstart: 0; Rowend: 6501; Rows: 6501; Colstart: 3125; Colend: 3261; Cols: 136;
Num-X: 48 ; Num-Y: 1 ; Resolution: 6500 ; Rank: 24 ; Rank-X: 24 ; Rank-Y: 0 ; Rowstart: 0; Rowend: 6501; Rows: 6501; Colstart: 3260; Colend: 3396; Cols: 136;
Num-X: 48 ; Num-Y: 1 ; Resolution: 6500 ; Rank: 26 ; Rank-X: 26 ; Rank-Y: 0 ; Rowstart: 0; Rowend: 6501; Rows: 6501; Colstart: 3530; Colend: 3666; Cols: 136;
Num-X: 48 ; Num-Y: 1 ; Resolution: 6500 ; Rank: 29 ; Rank-X: 29 ; Rank-Y: 0 ; Rowstart: 0; Rowend: 6501; Rows: 6501; Colstart: 3935; Colend: 4071; Cols: 136;
Num-X: 48 ; Num-Y: 1 ; Resolution: 6500 ; Rank: 30 ; Rank-X: 30 ; Rank-Y: 0 ; Rowstart: 0; Rowend: 6501; Rows: 6501; Colstart: 4070; Colend: 4206; Cols: 136;
Num-X: 48 ; Num-Y: 1 ; Resolution: 6500 ; Rank: 31 ; Rank-X: 31 ; Rank-Y: 0 ; Rowstart: 0; Rowend: 6501; Rows: 6501; Colstart: 4205; Colend: 4341; Cols: 136;
Num-X: 48 ; Num-Y: 1 ; Resolution: 6500 ; Rank: 36 ; Rank-X: 36 ; Rank-Y: 0 ; Rowstart: 0; Rowend: 6501; Rows: 6501; Colstart: 4880; Colend: 5016; Cols: 136;
Num-X: 48 ; Num-Y: 1 ; Resolution: 6500 ; Rank: 37 ; Rank-X: 37 ; Rank-Y: 0 ; Rowstart: 0; Rowend: 6501; Rows: 6501; Colstart: 5015; Colend: 5151; Cols: 136;
Num-X: 48 ; Num-Y: 1 ; Resolution: 6500 ; Rank: 39 ; Rank-X: 39 ; Rank-Y: 0 ; Rowstart: 0; Rowend: 6501; Rows: 6501; Colstart: 5285; Colend: 5421; Cols: 136;
Num-X: 48 ; Num-Y: 1 ; Resolution: 6500 ; Rank: 42 ; Rank-X: 42 ; Rank-Y: 0 ; Rowstart: 0; Rowend: 6501; Rows: 6501; Colstart: 5690; Colend: 5826; Cols: 136;
Num-X: 48 ; Num-Y: 1 ; Resolution: 6500 ; Rank: 43 ; Rank-X: 43 ; Rank-Y: 0 ; Rowstart: 0; Rowend: 6501; Rows: 6501; Colstart: 5825; Colend: 5961; Cols: 136;
Num-X: 48 ; Num-Y: 1 ; Resolution: 6500 ; Rank: 44 ; Rank-X: 44 ; Rank-Y: 0 ; Rowstart: 0; Rowend: 6501; Rows: 6501; Colstart: 5960; Colend: 6096; Cols: 136;
Num-X: 48 ; Num-Y: 1 ; Resolution: 6500 ; Rank: 46 ; Rank-X: 46 ; Rank-Y: 0 ; Rowstart: 0; Rowend: 6501; Rows: 6501; Colstart: 6230; Colend: 6366; Cols: 136;
Num-X: 48 ; Num-Y: 1 ; Resolution: 6500 ; Rank: 47 ; Rank-X: 47 ; Rank-Y: 0 ; Rowstart: 0; Rowend: 6501; Rows: 6501; Colstart: 6365; Colend: 6501; Cols: 136;
Num-X: 48 ; Num-Y: 1 ; Resolution: 6500 ; Rank: 0 ; Rank-X: 0 ; Rank-Y: 0 ; Rowstart: 0; Rowend: 6501; Rows: 6501; Colstart: 0; Colend: 137; Cols: 137;
Num-X: 48 ; Num-Y: 1 ; Resolution: 6500 ; Rank: 11 ; Rank-X: 11 ; Rank-Y: 0 ; Rowstart: 0; Rowend: 6501; Rows: 6501; Colstart: 1496; Colend: 1633; Cols: 137;
Num-X: 48 ; Num-Y: 1 ; Resolution: 6500 ; Rank: 14 ; Rank-X: 14 ; Rank-Y: 0 ; Rowstart: 0; Rowend: 6501; Rows: 6501; Colstart: 1904; Colend: 2041; Cols: 137;
Num-X: 48 ; Num-Y: 1 ; Resolution: 6500 ; Rank: 16 ; Rank-X: 16 ; Rank-Y: 0 ; Rowstart: 0; Rowend: 6501; Rows: 6501; Colstart: 2176; Colend: 2313; Cols: 137;
Num-X: 48 ; Num-Y: 1 ; Resolution: 6500 ; Rank: 18 ; Rank-X: 18 ; Rank-Y: 0 ; Rowstart: 0; Rowend: 6501; Rows: 6501; Colstart: 2448; Colend: 2585; Cols: 137;
Num-X: 48 ; Num-Y: 1 ; Resolution: 6500 ; Rank: 19 ; Rank-X: 19 ; Rank-Y: 0 ; Rowstart: 0; Rowend: 6501; Rows: 6501; Colstart: 2584; Colend: 2721; Cols: 137;
Num-X: 48 ; Num-Y: 1 ; Resolution: 6500 ; Rank: 28 ; Rank-X: 28 ; Rank-Y: 0 ; Rowstart: 0; Rowend: 6501; Rows: 6501; Colstart: 3800; Colend: 3936; Cols: 136;
Num-X: 48 ; Num-Y: 1 ; Resolution: 6500 ; Rank: 33 ; Rank-X: 33 ; Rank-Y: 0 ; Rowstart: 0; Rowend: 6501; Rows: 6501; Colstart: 4475; Colend: 4611; Cols: 136;
Num-X: 48 ; Num-Y: 1 ; Resolution: 6500 ; Rank: 38 ; Rank-X: 38 ; Rank-Y: 0 ; Rowstart: 0; Rowend: 6501; Rows: 6501; Colstart: 5150; Colend: 5286; Cols: 136;
Num-X: 48 ; Num-Y: 1 ; Resolution: 6500 ; Rank: 41 ; Rank-X: 41 ; Rank-Y: 0 ; Rowstart: 0; Rowend: 6501; Rows: 6501; Colstart: 5555; Colend: 5691; Cols: 136;
Num-X: 48 ; Num-Y: 1 ; Resolution: 6500 ; Rank: 1 ; Rank-X: 1 ; Rank-Y: 0 ; Rowstart: 0; Rowend: 6501; Rows: 6501; Colstart: 136; Colend: 273; Cols: 137;
Num-X: 48 ; Num-Y: 1 ; Resolution: 6500 ; Rank: 5 ; Rank-X: 5 ; Rank-Y: 0 ; Rowstart: 0; Rowend: 6501; Rows: 6501; Colstart: 680; Colend: 817; Cols: 137;
Num-X: 48 ; Num-Y: 1 ; Resolution: 6500 ; Rank: 12 ; Rank-X: 12 ; Rank-Y: 0 ; Rowstart: 0; Rowend: 6501; Rows: 6501; Colstart: 1632; Colend: 1769; Cols: 137;
Num-X: 48 ; Num-Y: 1 ; Resolution: 6500 ; Rank: 17 ; Rank-X: 17 ; Rank-Y: 0 ; Rowstart: 0; Rowend: 6501; Rows: 6501; Colstart: 2312; Colend: 2449; Cols: 137;
Num-X: 48 ; Num-Y: 1 ; Resolution: 6500 ; Rank: 27 ; Rank-X: 27 ; Rank-Y: 0 ; Rowstart: 0; Rowend: 6501; Rows: 6501; Colstart: 3665; Colend: 3801; Cols: 136;

Resolution: 6500
===================
Execution time: 0.102874
Residual: 3.049154

megaflops:  57497.5
  flop instructions (M):  5915.000

Num-X: 48 ; Num-Y: 1 ; Resolution: 8500 ; Rank: 8 ; Rank-X: 8 ; Rank-Y: 0 ; Rowstart: 0; Rowend: 8501; Rows: 8501; Colstart: 1420; Colend: 1598; Cols: 178;
Num-X: 48 ; Num-Y: 1 ; Resolution: 8500 ; Rank: 11 ; Rank-X: 11 ; Rank-Y: 0 ; Rowstart: 0; Rowend: 8501; Rows: 8501; Colstart: 1951; Colend: 2129; Cols: 178;
Num-X: 48 ; Num-Y: 1 ; Resolution: 8500 ; Rank: 17 ; Rank-X: 17 ; Rank-Y: 0 ; Rowstart: 0; Rowend: 8501; Rows: 8501; Colstart: 3013; Colend: 3191; Cols: 178;
Num-X: 48 ; Num-Y: 1 ; Resolution: 8500 ; Rank: 35 ; Rank-X: 35 ; Rank-Y: 0 ; Rowstart: 0; Rowend: 8501; Rows: 8501; Colstart: 6199; Colend: 6377; Cols: 178;
Num-X: 48 ; Num-Y: 1 ; Resolution: 8500 ; Rank: 39 ; Rank-X: 39 ; Rank-Y: 0 ; Rowstart: 0; Rowend: 8501; Rows: 8501; Colstart: 6907; Colend: 7085; Cols: 178;
Num-X: 48 ; Num-Y: 1 ; Resolution: 8500 ; Rank: 45 ; Rank-X: 45 ; Rank-Y: 0 ; Rowstart: 0; Rowend: 8501; Rows: 8501; Colstart: 7969; Colend: 8147; Cols: 178;
Num-X: 48 ; Num-Y: 1 ; Resolution: 8500 ; Rank: 1 ; Rank-X: 1 ; Rank-Y: 0 ; Rowstart: 0; Rowend: 8501; Rows: 8501; Colstart: 178; Colend: 357; Cols: 179;
Num-X: 48 ; Num-Y: 1 ; Resolution: 8500 ; Rank: 2 ; Rank-X: 2 ; Rank-Y: 0 ; Rowstart: 0; Rowend: 8501; Rows: 8501; Colstart: 356; Colend: 535; Cols: 179;
Num-X: 48 ; Num-Y: 1 ; Resolution: 8500 ; Rank: 5 ; Rank-X: 5 ; Rank-Y: 0 ; Rowstart: 0; Rowend: 8501; Rows: 8501; Colstart: 889; Colend: 1067; Cols: 178;
Num-X: 48 ; Num-Y: 1 ; Resolution: 8500 ; Rank: 9 ; Rank-X: 9 ; Rank-Y: 0 ; Rowstart: 0; Rowend: 8501; Rows: 8501; Colstart: 1597; Colend: 1775; Cols: 178;
Num-X: 48 ; Num-Y: 1 ; Resolution: 8500 ; Rank: 10 ; Rank-X: 10 ; Rank-Y: 0 ; Rowstart: 0; Rowend: 8501; Rows: 8501; Colstart: 1774; Colend: 1952; Cols: 178;
Num-X: 48 ; Num-Y: 1 ; Resolution: 8500 ; Rank: 12 ; Rank-X: 12 ; Rank-Y: 0 ; Rowstart: 0; Rowend: 8501; Rows: 8501; Colstart: 2128; Colend: 2306; Cols: 178;
Num-X: 48 ; Num-Y: 1 ; Resolution: 8500 ; Rank: 14 ; Rank-X: 14 ; Rank-Y: 0 ; Rowstart: 0; Rowend: 8501; Rows: 8501; Colstart: 2482; Colend: 2660; Cols: 178;
Num-X: 48 ; Num-Y: 1 ; Resolution: 8500 ; Rank: 16 ; Rank-X: 16 ; Rank-Y: 0 ; Rowstart: 0; Rowend: 8501; Rows: 8501; Colstart: 2836; Colend: 3014; Cols: 178;
Num-X: 48 ; Num-Y: 1 ; Resolution: 8500 ; Rank: 25 ; Rank-X: 25 ; Rank-Y: 0 ; Rowstart: 0; Rowend: 8501; Rows: 8501; Colstart: 4429; Colend: 4607; Cols: 178;
Num-X: 48 ; Num-Y: 1 ; Resolution: 8500 ; Rank: 26 ; Rank-X: 26 ; Rank-Y: 0 ; Rowstart: 0; Rowend: 8501; Rows: 8501; Colstart: 4606; Colend: 4784; Cols: 178;
Num-X: 48 ; Num-Y: 1 ; Resolution: 8500 ; Rank: 27 ; Rank-X: 27 ; Rank-Y: 0 ; Rowstart: 0; Rowend: 8501; Rows: 8501; Colstart: 4783; Colend: 4961; Cols: 178;
Num-X: 48 ; Num-Y: 1 ; Resolution: 8500 ; Rank: 28 ; Rank-X: 28 ; Rank-Y: 0 ; Rowstart: 0; Rowend: 8501; Rows: 8501; Colstart: 4960; Colend: 5138; Cols: 178;
Num-X: 48 ; Num-Y: 1 ; Resolution: 8500 ; Rank: 29 ; Rank-X: 29 ; Rank-Y: 0 ; Rowstart: 0; Rowend: 8501; Rows: 8501; Colstart: 5137; Colend: 5315; Cols: 178;
Num-X: 48 ; Num-Y: 1 ; Resolution: 8500 ; Rank: 30 ; Rank-X: 30 ; Rank-Y: 0 ; Rowstart: 0; Rowend: 8501; Rows: 8501; Colstart: 5314; Colend: 5492; Cols: 178;
Num-X: 48 ; Num-Y: 1 ; Resolution: 8500 ; Rank: 36 ; Rank-X: 36 ; Rank-Y: 0 ; Rowstart: 0; Rowend: 8501; Rows: 8501; Colstart: 6376; Colend: 6554; Cols: 178;
Num-X: 48 ; Num-Y: 1 ; Resolution: 8500 ; Rank: 37 ; Rank-X: 37 ; Rank-Y: 0 ; Rowstart: 0; Rowend: 8501; Rows: 8501; Colstart: 6553; Colend: 6731; Cols: 178;
Num-X: 48 ; Num-Y: 1 ; Resolution: 8500 ; Rank: 38 ; Rank-X: 38 ; Rank-Y: 0 ; Rowstart: 0; Rowend: 8501; Rows: 8501; Colstart: 6730; Colend: 6908; Cols: 178;
Num-X: 48 ; Num-Y: 1 ; Resolution: 8500 ; Rank: 41 ; Rank-X: 41 ; Rank-Y: 0 ; Rowstart: 0; Rowend: 8501; Rows: 8501; Colstart: 7261; Colend: 7439; Cols: 178;
Num-X: 48 ; Num-Y: 1 ; Resolution: 8500 ; Rank: 0 ; Rank-X: 0 ; Rank-Y: 0 ; Rowstart: 0; Rowend: 8501; Rows: 8501; Colstart: 0; Colend: 179; Cols: 179;
Num-X: 48 ; Num-Y: 1 ; Resolution: 8500 ; Rank: 4 ; Rank-X: 4 ; Rank-Y: 0 ; Rowstart: 0; Rowend: 8501; Rows: 8501; Colstart: 712; Colend: 890; Cols: 178;
Num-X: 48 ; Num-Y: 1 ; Resolution: 8500 ; Rank: 7 ; Rank-X: 7 ; Rank-Y: 0 ; Rowstart: 0; Rowend: 8501; Rows: 8501; Colstart: 1243; Colend: 1421; Cols: 178;
Num-X: 48 ; Num-Y: 1 ; Resolution: 8500 ; Rank: 13 ; Rank-X: 13 ; Rank-Y: 0 ; Rowstart: 0; Rowend: 8501; Rows: 8501; Colstart: 2305; Colend: 2483; Cols: 178;
Num-X: 48 ; Num-Y: 1 ; Resolution: 8500 ; Rank: 15 ; Rank-X: 15 ; Rank-Y: 0 ; Rowstart: 0; Rowend: 8501; Rows: 8501; Colstart: 2659; Colend: 2837; Cols: 178;
Num-X: 48 ; Num-Y: 1 ; Resolution: 8500 ; Rank: 18 ; Rank-X: 18 ; Rank-Y: 0 ; Rowstart: 0; Rowend: 8501; Rows: 8501; Colstart: 3190; Colend: 3368; Cols: 178;
Num-X: 48 ; Num-Y: 1 ; Resolution: 8500 ; Rank: 19 ; Rank-X: 19 ; Rank-Y: 0 ; Rowstart: 0; Rowend: 8501; Rows: 8501; Colstart: 3367; Colend: 3545; Cols: 178;
Num-X: 48 ; Num-Y: 1 ; Resolution: 8500 ; Rank: 20 ; Rank-X: 20 ; Rank-Y: 0 ; Rowstart: 0; Rowend: 8501; Rows: 8501; Colstart: 3544; Colend: 3722; Cols: 178;
Num-X: 48 ; Num-Y: 1 ; Resolution: 8500 ; Rank: 21 ; Rank-X: 21 ; Rank-Y: 0 ; Rowstart: 0; Rowend: 8501; Rows: 8501; Colstart: 3721; Colend: 3899; Cols: 178;
Num-X: 48 ; Num-Y: 1 ; Resolution: 8500 ; Rank: 22 ; Rank-X: 22 ; Rank-Y: 0 ; Rowstart: 0; Rowend: 8501; Rows: 8501; Colstart: 3898; Colend: 4076; Cols: 178;
Num-X: 48 ; Num-Y: 1 ; Resolution: 8500 ; Rank: 23 ; Rank-X: 23 ; Rank-Y: 0 ; Rowstart: 0; Rowend: 8501; Rows: 8501; Colstart: 4075; Colend: 4253; Cols: 178;
Num-X: 48 ; Num-Y: 1 ; Resolution: 8500 ; Rank: 24 ; Rank-X: 24 ; Rank-Y: 0 ; Rowstart: 0; Rowend: 8501; Rows: 8501; Colstart: 4252; Colend: 4430; Cols: 178;
Num-X: 48 ; Num-Y: 1 ; Resolution: 8500 ; Rank: 31 ; Rank-X: 31 ; Rank-Y: 0 ; Rowstart: 0; Rowend: 8501; Rows: 8501; Colstart: 5491; Colend: 5669; Cols: 178;
Num-X: 48 ; Num-Y: 1 ; Resolution: 8500 ; Rank: 32 ; Rank-X: 32 ; Rank-Y: 0 ; Rowstart: 0; Rowend: 8501; Rows: 8501; Colstart: 5668; Colend: 5846; Cols: 178;
Num-X: 48 ; Num-Y: 1 ; Resolution: 8500 ; Rank: 33 ; Rank-X: 33 ; Rank-Y: 0 ; Rowstart: 0; Rowend: 8501; Rows: 8501; Colstart: 5845; Colend: 6023; Cols: 178;
Num-X: 48 ; Num-Y: 1 ; Resolution: 8500 ; Rank: 34 ; Rank-X: 34 ; Rank-Y: 0 ; Rowstart: 0; Rowend: 8501; Rows: 8501; Colstart: 6022; Colend: 6200; Cols: 178;
Num-X: 48 ; Num-Y: 1 ; Resolution: 8500 ; Rank: 40 ; Rank-X: 40 ; Rank-Y: 0 ; Rowstart: 0; Rowend: 8501; Rows: 8501; Colstart: 7084; Colend: 7262; Cols: 178;
Num-X: 48 ; Num-Y: 1 ; Resolution: 8500 ; Rank: 42 ; Rank-X: 42 ; Rank-Y: 0 ; Rowstart: 0; Rowend: 8501; Rows: 8501; Colstart: 7438; Colend: 7616; Cols: 178;
Num-X: 48 ; Num-Y: 1 ; Resolution: 8500 ; Rank: 43 ; Rank-X: 43 ; Rank-Y: 0 ; Rowstart: 0; Rowend: 8501; Rows: 8501; Colstart: 7615; Colend: 7793; Cols: 178;
Num-X: 48 ; Num-Y: 1 ; Resolution: 8500 ; Rank: 44 ; Rank-X: 44 ; Rank-Y: 0 ; Rowstart: 0; Rowend: 8501; Rows: 8501; Colstart: 7792; Colend: 7970; Cols: 178;
Num-X: 48 ; Num-Y: 1 ; Resolution: 8500 ; Rank: 46 ; Rank-X: 46 ; Rank-Y: 0 ; Rowstart: 0; Rowend: 8501; Rows: 8501; Colstart: 8146; Colend: 8324; Cols: 178;
Num-X: 48 ; Num-Y: 1 ; Resolution: 8500 ; Rank: 3 ; Rank-X: 3 ; Rank-Y: 0 ; Rowstart: 0; Rowend: 8501; Rows: 8501; Colstart: 534; Colend: 713; Cols: 179;
Num-X: 48 ; Num-Y: 1 ; Resolution: 8500 ; Rank: 6 ; Rank-X: 6 ; Rank-Y: 0 ; Rowstart: 0; Rowend: 8501; Rows: 8501; Colstart: 1066; Colend: 1244; Cols: 178;
Num-X: 48 ; Num-Y: 1 ; Resolution: 8500 ; Rank: 47 ; Rank-X: 47 ; Rank-Y: 0 ; Rowstart: 0; Rowend: 8501; Rows: 8501; Colstart: 8323; Colend: 8501; Cols: 178;

Resolution: 8500
===================
Execution time: 0.177223
Residual: 3.987213

megaflops:  57074.9
  flop instructions (M):  10115.000

Num-X: 48 ; Num-Y: 1 ; Resolution: 10500 ; Rank: 38 ; Rank-X: 38 ; Rank-Y: 0 ; Rowstart: 0; Rowend: 10501; Rows: 10501; Colstart: 8320; Colend: 8539; Cols: 219;
Num-X: 48 ; Num-Y: 1 ; Resolution: 10500 ; Rank: 41 ; Rank-X: 41 ; Rank-Y: 0 ; Rowstart: 0; Rowend: 10501; Rows: 10501; Colstart: 8974; Colend: 9193; Cols: 219;
Num-X: 48 ; Num-Y: 1 ; Resolution: 10500 ; Rank: 27 ; Rank-X: 27 ; Rank-Y: 0 ; Rowstart: 0; Rowend: 10501; Rows: 10501; Colstart: 5913; Colend: 6133; Cols: 220;
Num-X: 48 ; Num-Y: 1 ; Resolution: 10500 ; Rank: 28 ; Rank-X: 28 ; Rank-Y: 0 ; Rowstart: 0; Rowend: 10501; Rows: 10501; Colstart: 6132; Colend: 6352; Cols: 220;
Num-X: 48 ; Num-Y: 1 ; Resolution: 10500 ; Rank: 32 ; Rank-X: 32 ; Rank-Y: 0 ; Rowstart: 0; Rowend: 10501; Rows: 10501; Colstart: 7008; Colend: 7228; Cols: 220;
Num-X: 48 ; Num-Y: 1 ; Resolution: 10500 ; Rank: 35 ; Rank-X: 35 ; Rank-Y: 0 ; Rowstart: 0; Rowend: 10501; Rows: 10501; Colstart: 7665; Colend: 7885; Cols: 220;
Num-X: 48 ; Num-Y: 1 ; Resolution: 10500 ; Rank: 40 ; Rank-X: 40 ; Rank-Y: 0 ; Rowstart: 0; Rowend: 10501; Rows: 10501; Colstart: 8756; Colend: 8975; Cols: 219;
Num-X: 48 ; Num-Y: 1 ; Resolution: 10500 ; Rank: 42 ; Rank-X: 42 ; Rank-Y: 0 ; Rowstart: 0; Rowend: 10501; Rows: 10501; Colstart: 9192; Colend: 9411; Cols: 219;
Num-X: 48 ; Num-Y: 1 ; Resolution: 10500 ; Rank: 43 ; Rank-X: 43 ; Rank-Y: 0 ; Rowstart: 0; Rowend: 10501; Rows: 10501; Colstart: 9410; Colend: 9629; Cols: 219;
Num-X: 48 ; Num-Y: 1 ; Resolution: 10500 ; Rank: 44 ; Rank-X: 44 ; Rank-Y: 0 ; Rowstart: 0; Rowend: 10501; Rows: 10501; Colstart: 9628; Colend: 9847; Cols: 219;
Num-X: 48 ; Num-Y: 1 ; Resolution: 10500 ; Rank: 46 ; Rank-X: 46 ; Rank-Y: 0 ; Rowstart: 0; Rowend: 10501; Rows: 10501; Colstart: 10064; Colend: 10283; Cols: 219;
Num-X: 48 ; Num-Y: 1 ; Resolution: 10500 ; Rank: 24 ; Rank-X: 24 ; Rank-Y: 0 ; Rowstart: 0; Rowend: 10501; Rows: 10501; Colstart: 5256; Colend: 5476; Cols: 220;
Num-X: 48 ; Num-Y: 1 ; Resolution: 10500 ; Rank: 25 ; Rank-X: 25 ; Rank-Y: 0 ; Rowstart: 0; Rowend: 10501; Rows: 10501; Colstart: 5475; Colend: 5695; Cols: 220;
Num-X: 48 ; Num-Y: 1 ; Resolution: 10500 ; Rank: 26 ; Rank-X: 26 ; Rank-Y: 0 ; Rowstart: 0; Rowend: 10501; Rows: 10501; Colstart: 5694; Colend: 5914; Cols: 220;
Num-X: 48 ; Num-Y: 1 ; Resolution: 10500 ; Rank: 31 ; Rank-X: 31 ; Rank-Y: 0 ; Rowstart: 0; Rowend: 10501; Rows: 10501; Colstart: 6789; Colend: 7009; Cols: 220;
Num-X: 48 ; Num-Y: 1 ; Resolution: 10500 ; Rank: 33 ; Rank-X: 33 ; Rank-Y: 0 ; Rowstart: 0; Rowend: 10501; Rows: 10501; Colstart: 7227; Colend: 7447; Cols: 220;
Num-X: 48 ; Num-Y: 1 ; Resolution: 10500 ; Rank: 34 ; Rank-X: 34 ; Rank-Y: 0 ; Rowstart: 0; Rowend: 10501; Rows: 10501; Colstart: 7446; Colend: 7666; Cols: 220;
Num-X: 48 ; Num-Y: 1 ; Resolution: 10500 ; Rank: 37 ; Rank-X: 37 ; Rank-Y: 0 ; Rowstart: 0; Rowend: 10501; Rows: 10501; Colstart: 8102; Colend: 8321; Cols: 219;
Num-X: 48 ; Num-Y: 1 ; Resolution: 10500 ; Rank: 39 ; Rank-X: 39 ; Rank-Y: 0 ; Rowstart: 0; Rowend: 10501; Rows: 10501; Colstart: 8538; Colend: 8757; Cols: 219;
Num-X: 48 ; Num-Y: 1 ; Resolution: 10500 ; Rank: 45 ; Rank-X: 45 ; Rank-Y: 0 ; Rowstart: 0; Rowend: 10501; Rows: 10501; Colstart: 9846; Colend: 10065; Cols: 219;
Num-X: 48 ; Num-Y: 1 ; Resolution: 10500 ; Rank: 47 ; Rank-X: 47 ; Rank-Y: 0 ; Rowstart: 0; Rowend: 10501; Rows: 10501; Colstart: 10282; Colend: 10501; Cols: 219;
Num-X: 48 ; Num-Y: 1 ; Resolution: 10500 ; Rank: 3 ; Rank-X: 3 ; Rank-Y: 0 ; Rowstart: 0; Rowend: 10501; Rows: 10501; Colstart: 657; Colend: 877; Cols: 220;
Num-X: 48 ; Num-Y: 1 ; Resolution: 10500 ; Rank: 4 ; Rank-X: 4 ; Rank-Y: 0 ; Rowstart: 0; Rowend: 10501; Rows: 10501; Colstart: 876; Colend: 1096; Cols: 220;
Num-X: 48 ; Num-Y: 1 ; Resolution: 10500 ; Rank: 5 ; Rank-X: 5 ; Rank-Y: 0 ; Rowstart: 0; Rowend: 10501; Rows: 10501; Colstart: 1095; Colend: 1315; Cols: 220;
Num-X: 48 ; Num-Y: 1 ; Resolution: 10500 ; Rank: 6 ; Rank-X: 6 ; Rank-Y: 0 ; Rowstart: 0; Rowend: 10501; Rows: 10501; Colstart: 1314; Colend: 1534; Cols: 220;
Num-X: 48 ; Num-Y: 1 ; Resolution: 10500 ; Rank: 7 ; Rank-X: 7 ; Rank-Y: 0 ; Rowstart: 0; Rowend: 10501; Rows: 10501; Colstart: 1533; Colend: 1753; Cols: 220;
Num-X: 48 ; Num-Y: 1 ; Resolution: 10500 ; Rank: 10 ; Rank-X: 10 ; Rank-Y: 0 ; Rowstart: 0; Rowend: 10501; Rows: 10501; Colstart: 2190; Colend: 2410; Cols: 220;
Num-X: 48 ; Num-Y: 1 ; Resolution: 10500 ; Rank: 12 ; Rank-X: 12 ; Rank-Y: 0 ; Rowstart: 0; Rowend: 10501; Rows: 10501; Colstart: 2628; Colend: 2848; Cols: 220;
Num-X: 48 ; Num-Y: 1 ; Resolution: 10500 ; Rank: 14 ; Rank-X: 14 ; Rank-Y: 0 ; Rowstart: 0; Rowend: 10501; Rows: 10501; Colstart: 3066; Colend: 3286; Cols: 220;
Num-X: 48 ; Num-Y: 1 ; Resolution: 10500 ; Rank: 15 ; Rank-X: 15 ; Rank-Y: 0 ; Rowstart: 0; Rowend: 10501; Rows: 10501; Colstart: 3285; Colend: 3505; Cols: 220;
Num-X: 48 ; Num-Y: 1 ; Resolution: 10500 ; Rank: 16 ; Rank-X: 16 ; Rank-Y: 0 ; Rowstart: 0; Rowend: 10501; Rows: 10501; Colstart: 3504; Colend: 3724; Cols: 220;
Num-X: 48 ; Num-Y: 1 ; Resolution: 10500 ; Rank: 17 ; Rank-X: 17 ; Rank-Y: 0 ; Rowstart: 0; Rowend: 10501; Rows: 10501; Colstart: 3723; Colend: 3943; Cols: 220;
Num-X: 48 ; Num-Y: 1 ; Resolution: 10500 ; Rank: 18 ; Rank-X: 18 ; Rank-Y: 0 ; Rowstart: 0; Rowend: 10501; Rows: 10501; Colstart: 3942; Colend: 4162; Cols: 220;
Num-X: 48 ; Num-Y: 1 ; Resolution: 10500 ; Rank: 20 ; Rank-X: 20 ; Rank-Y: 0 ; Rowstart: 0; Rowend: 10501; Rows: 10501; Colstart: 4380; Colend: 4600; Cols: 220;
Num-X: 48 ; Num-Y: 1 ; Resolution: 10500 ; Rank: 21 ; Rank-X: 21 ; Rank-Y: 0 ; Rowstart: 0; Rowend: 10501; Rows: 10501; Colstart: 4599; Colend: 4819; Cols: 220;
Num-X: 48 ; Num-Y: 1 ; Resolution: 10500 ; Rank: 22 ; Rank-X: 22 ; Rank-Y: 0 ; Rowstart: 0; Rowend: 10501; Rows: 10501; Colstart: 4818; Colend: 5038; Cols: 220;
Num-X: 48 ; Num-Y: 1 ; Resolution: 10500 ; Rank: 23 ; Rank-X: 23 ; Rank-Y: 0 ; Rowstart: 0; Rowend: 10501; Rows: 10501; Colstart: 5037; Colend: 5257; Cols: 220;
Num-X: 48 ; Num-Y: 1 ; Resolution: 10500 ; Rank: 29 ; Rank-X: 29 ; Rank-Y: 0 ; Rowstart: 0; Rowend: 10501; Rows: 10501; Colstart: 6351; Colend: 6571; Cols: 220;
Num-X: 48 ; Num-Y: 1 ; Resolution: 10500 ; Rank: 30 ; Rank-X: 30 ; Rank-Y: 0 ; Rowstart: 0; Rowend: 10501; Rows: 10501; Colstart: 6570; Colend: 6790; Cols: 220;
Num-X: 48 ; Num-Y: 1 ; Resolution: 10500 ; Rank: 36 ; Rank-X: 36 ; Rank-Y: 0 ; Rowstart: 0; Rowend: 10501; Rows: 10501; Colstart: 7884; Colend: 8103; Cols: 219;
Num-X: 48 ; Num-Y: 1 ; Resolution: 10500 ; Rank: 0 ; Rank-X: 0 ; Rank-Y: 0 ; Rowstart: 0; Rowend: 10501; Rows: 10501; Colstart: 0; Colend: 220; Cols: 220;
Num-X: 48 ; Num-Y: 1 ; Resolution: 10500 ; Rank: 1 ; Rank-X: 1 ; Rank-Y: 0 ; Rowstart: 0; Rowend: 10501; Rows: 10501; Colstart: 219; Colend: 439; Cols: 220;
Num-X: 48 ; Num-Y: 1 ; Resolution: 10500 ; Rank: 2 ; Rank-X: 2 ; Rank-Y: 0 ; Rowstart: 0; Rowend: 10501; Rows: 10501; Colstart: 438; Colend: 658; Cols: 220;
Num-X: 48 ; Num-Y: 1 ; Resolution: 10500 ; Rank: 8 ; Rank-X: 8 ; Rank-Y: 0 ; Rowstart: 0; Rowend: 10501; Rows: 10501; Colstart: 1752; Colend: 1972; Cols: 220;
Num-X: 48 ; Num-Y: 1 ; Resolution: 10500 ; Rank: 9 ; Rank-X: 9 ; Rank-Y: 0 ; Rowstart: 0; Rowend: 10501; Rows: 10501; Colstart: 1971; Colend: 2191; Cols: 220;
Num-X: 48 ; Num-Y: 1 ; Resolution: 10500 ; Rank: 11 ; Rank-X: 11 ; Rank-Y: 0 ; Rowstart: 0; Rowend: 10501; Rows: 10501; Colstart: 2409; Colend: 2629; Cols: 220;
Num-X: 48 ; Num-Y: 1 ; Resolution: 10500 ; Rank: 13 ; Rank-X: 13 ; Rank-Y: 0 ; Rowstart: 0; Rowend: 10501; Rows: 10501; Colstart: 2847; Colend: 3067; Cols: 220;
Num-X: 48 ; Num-Y: 1 ; Resolution: 10500 ; Rank: 19 ; Rank-X: 19 ; Rank-Y: 0 ; Rowstart: 0; Rowend: 10501; Rows: 10501; Colstart: 4161; Colend: 4381; Cols: 220;

Resolution: 10500
===================
Execution time: 0.271709
Residual: 4.925272

megaflops:  56807.1
  flop instructions (M):  15435.000

Num-X: 48 ; Num-Y: 1 ; Resolution: 12500 ; Rank: 33 ; Rank-X: 33 ; Rank-Y: 0 ; Rowstart: 0; Rowend: 12501; Rows: 12501; Colstart: 8600; Colend: 8861; Cols: 261;
Num-X: 48 ; Num-Y: 1 ; Resolution: 12500 ; Rank: 42 ; Rank-X: 42 ; Rank-Y: 0 ; Rowstart: 0; Rowend: 12501; Rows: 12501; Colstart: 10940; Colend: 11201; Cols: 261;
Num-X: 48 ; Num-Y: 1 ; Resolution: 12500 ; Rank: 35 ; Rank-X: 35 ; Rank-Y: 0 ; Rowstart: 0; Rowend: 12501; Rows: 12501; Colstart: 9120; Colend: 9381; Cols: 261;
Num-X: 48 ; Num-Y: 1 ; Resolution: 12500 ; Rank: 38 ; Rank-X: 38 ; Rank-Y: 0 ; Rowstart: 0; Rowend: 12501; Rows: 12501; Colstart: 9900; Colend: 10161; Cols: 261;
Num-X: 48 ; Num-Y: 1 ; Resolution: 12500 ; Rank: 39 ; Rank-X: 39 ; Rank-Y: 0 ; Rowstart: 0; Rowend: 12501; Rows: 12501; Colstart: 10160; Colend: 10421; Cols: 261;
Num-X: 48 ; Num-Y: 1 ; Resolution: 12500 ; Rank: 41 ; Rank-X: 41 ; Rank-Y: 0 ; Rowstart: 0; Rowend: 12501; Rows: 12501; Colstart: 10680; Colend: 10941; Cols: 261;
Num-X: 48 ; Num-Y: 1 ; Resolution: 12500 ; Rank: 44 ; Rank-X: 44 ; Rank-Y: 0 ; Rowstart: 0; Rowend: 12501; Rows: 12501; Colstart: 11460; Colend: 11721; Cols: 261;
Num-X: 48 ; Num-Y: 1 ; Resolution: 12500 ; Rank: 45 ; Rank-X: 45 ; Rank-Y: 0 ; Rowstart: 0; Rowend: 12501; Rows: 12501; Colstart: 11720; Colend: 11981; Cols: 261;
Num-X: 48 ; Num-Y: 1 ; Resolution: 12500 ; Rank: 25 ; Rank-X: 25 ; Rank-Y: 0 ; Rowstart: 0; Rowend: 12501; Rows: 12501; Colstart: 6520; Colend: 6781; Cols: 261;
Num-X: 48 ; Num-Y: 1 ; Resolution: 12500 ; Rank: 26 ; Rank-X: 26 ; Rank-Y: 0 ; Rowstart: 0; Rowend: 12501; Rows: 12501; Colstart: 6780; Colend: 7041; Cols: 261;
Num-X: 48 ; Num-Y: 1 ; Resolution: 12500 ; Rank: 27 ; Rank-X: 27 ; Rank-Y: 0 ; Rowstart: 0; Rowend: 12501; Rows: 12501; Colstart: 7040; Colend: 7301; Cols: 261;
Num-X: 48 ; Num-Y: 1 ; Resolution: 12500 ; Rank: 28 ; Rank-X: 28 ; Rank-Y: 0 ; Rowstart: 0; Rowend: 12501; Rows: 12501; Colstart: 7300; Colend: 7561; Cols: 261;
Num-X: 48 ; Num-Y: 1 ; Resolution: 12500 ; Rank: 29 ; Rank-X: 29 ; Rank-Y: 0 ; Rowstart: 0; Rowend: 12501; Rows: 12501; Colstart: 7560; Colend: 7821; Cols: 261;
Num-X: 48 ; Num-Y: 1 ; Resolution: 12500 ; Rank: 30 ; Rank-X: 30 ; Rank-Y: 0 ; Rowstart: 0; Rowend: 12501; Rows: 12501; Colstart: 7820; Colend: 8081; Cols: 261;
Num-X: 48 ; Num-Y: 1 ; Resolution: 12500 ; Rank: 31 ; Rank-X: 31 ; Rank-Y: 0 ; Rowstart: 0; Rowend: 12501; Rows: 12501; Colstart: 8080; Colend: 8341; Cols: 261;
Num-X: 48 ; Num-Y: 1 ; Resolution: 12500 ; Rank: 32 ; Rank-X: 32 ; Rank-Y: 0 ; Rowstart: 0; Rowend: 12501; Rows: 12501; Colstart: 8340; Colend: 8601; Cols: 261;
Num-X: 48 ; Num-Y: 1 ; Resolution: 12500 ; Rank: 34 ; Rank-X: 34 ; Rank-Y: 0 ; Rowstart: 0; Rowend: 12501; Rows: 12501; Colstart: 8860; Colend: 9121; Cols: 261;
Num-X: 48 ; Num-Y: 1 ; Resolution: 12500 ; Rank: 36 ; Rank-X: 36 ; Rank-Y: 0 ; Rowstart: 0; Rowend: 12501; Rows: 12501; Colstart: 9380; Colend: 9641; Cols: 261;
Num-X: 48 ; Num-Y: 1 ; Resolution: 12500 ; Rank: 37 ; Rank-X: 37 ; Rank-Y: 0 ; Rowstart: 0; Rowend: 12501; Rows: 12501; Colstart: 9640; Colend: 9901; Cols: 261;
Num-X: 48 ; Num-Y: 1 ; Resolution: 12500 ; Rank: 40 ; Rank-X: 40 ; Rank-Y: 0 ; Rowstart: 0; Rowend: 12501; Rows: 12501; Colstart: 10420; Colend: 10681; Cols: 261;
Num-X: 48 ; Num-Y: 1 ; Resolution: 12500 ; Rank: 46 ; Rank-X: 46 ; Rank-Y: 0 ; Rowstart: 0; Rowend: 12501; Rows: 12501; Colstart: 11980; Colend: 12241; Cols: 261;
Num-X: 48 ; Num-Y: 1 ; Resolution: 12500 ; Rank: 8 ; Rank-X: 8 ; Rank-Y: 0 ; Rowstart: 0; Rowend: 12501; Rows: 12501; Colstart: 2088; Colend: 2350; Cols: 262;
Num-X: 48 ; Num-Y: 1 ; Resolution: 12500 ; Rank: 11 ; Rank-X: 11 ; Rank-Y: 0 ; Rowstart: 0; Rowend: 12501; Rows: 12501; Colstart: 2871; Colend: 3133; Cols: 262;
Num-X: 48 ; Num-Y: 1 ; Resolution: 12500 ; Rank: 19 ; Rank-X: 19 ; Rank-Y: 0 ; Rowstart: 0; Rowend: 12501; Rows: 12501; Colstart: 4959; Colend: 5221; Cols: 262;
Num-X: 48 ; Num-Y: 1 ; Resolution: 12500 ; Rank: 20 ; Rank-X: 20 ; Rank-Y: 0 ; Rowstart: 0; Rowend: 12501; Rows: 12501; Colstart: 5220; Colend: 5481; Cols: 261;
Num-X: 48 ; Num-Y: 1 ; Resolution: 12500 ; Rank: 21 ; Rank-X: 21 ; Rank-Y: 0 ; Rowstart: 0; Rowend: 12501; Rows: 12501; Colstart: 5480; Colend: 5741; Cols: 261;
Num-X: 48 ; Num-Y: 1 ; Resolution: 12500 ; Rank: 22 ; Rank-X: 22 ; Rank-Y: 0 ; Rowstart: 0; Rowend: 12501; Rows: 12501; Colstart: 5740; Colend: 6001; Cols: 261;
Num-X: 48 ; Num-Y: 1 ; Resolution: 12500 ; Rank: 23 ; Rank-X: 23 ; Rank-Y: 0 ; Rowstart: 0; Rowend: 12501; Rows: 12501; Colstart: 6000; Colend: 6261; Cols: 261;
Num-X: 48 ; Num-Y: 1 ; Resolution: 12500 ; Rank: 24 ; Rank-X: 24 ; Rank-Y: 0 ; Rowstart: 0; Rowend: 12501; Rows: 12501; Colstart: 6260; Colend: 6521; Cols: 261;
Num-X: 48 ; Num-Y: 1 ; Resolution: 12500 ; Rank: 43 ; Rank-X: 43 ; Rank-Y: 0 ; Rowstart: 0; Rowend: 12501; Rows: 12501; Colstart: 11200; Colend: 11461; Cols: 261;
Num-X: 48 ; Num-Y: 1 ; Resolution: 12500 ; Rank: 47 ; Rank-X: 47 ; Rank-Y: 0 ; Rowstart: 0; Rowend: 12501; Rows: 12501; Colstart: 12240; Colend: 12501; Cols: 261;
Num-X: 48 ; Num-Y: 1 ; Resolution: 12500 ; Rank: 2 ; Rank-X: 2 ; Rank-Y: 0 ; Rowstart: 0; Rowend: 12501; Rows: 12501; Colstart: 522; Colend: 784; Cols: 262;
Num-X: 48 ; Num-Y: 1 ; Resolution: 12500 ; Rank: 3 ; Rank-X: 3 ; Rank-Y: 0 ; Rowstart: 0; Rowend: 12501; Rows: 12501; Colstart: 783; Colend: 1045; Cols: 262;
Num-X: 48 ; Num-Y: 1 ; Resolution: 12500 ; Rank: 4 ; Rank-X: 4 ; Rank-Y: 0 ; Rowstart: 0; Rowend: 12501; Rows: 12501; Colstart: 1044; Colend: 1306; Cols: 262;
Num-X: 48 ; Num-Y: 1 ; Resolution: 12500 ; Rank: 5 ; Rank-X: 5 ; Rank-Y: 0 ; Rowstart: 0; Rowend: 12501; Rows: 12501; Colstart: 1305; Colend: 1567; Cols: 262;
Num-X: 48 ; Num-Y: 1 ; Resolution: 12500 ; Rank: 6 ; Rank-X: 6 ; Rank-Y: 0 ; Rowstart: 0; Rowend: 12501; Rows: 12501; Colstart: 1566; Colend: 1828; Cols: 262;
Num-X: 48 ; Num-Y: 1 ; Resolution: 12500 ; Rank: 7 ; Rank-X: 7 ; Rank-Y: 0 ; Rowstart: 0; Rowend: 12501; Rows: 12501; Colstart: 1827; Colend: 2089; Cols: 262;
Num-X: 48 ; Num-Y: 1 ; Resolution: 12500 ; Rank: 9 ; Rank-X: 9 ; Rank-Y: 0 ; Rowstart: 0; Rowend: 12501; Rows: 12501; Colstart: 2349; Colend: 2611; Cols: 262;
Num-X: 48 ; Num-Y: 1 ; Resolution: 12500 ; Rank: 10 ; Rank-X: 10 ; Rank-Y: 0 ; Rowstart: 0; Rowend: 12501; Rows: 12501; Colstart: 2610; Colend: 2872; Cols: 262;
Num-X: 48 ; Num-Y: 1 ; Resolution: 12500 ; Rank: 12 ; Rank-X: 12 ; Rank-Y: 0 ; Rowstart: 0; Rowend: 12501; Rows: 12501; Colstart: 3132; Colend: 3394; Cols: 262;
Num-X: 48 ; Num-Y: 1 ; Resolution: 12500 ; Rank: 14 ; Rank-X: 14 ; Rank-Y: 0 ; Rowstart: 0; Rowend: 12501; Rows: 12501; Colstart: 3654; Colend: 3916; Cols: 262;
Num-X: 48 ; Num-Y: 1 ; Resolution: 12500 ; Rank: 15 ; Rank-X: 15 ; Rank-Y: 0 ; Rowstart: 0; Rowend: 12501; Rows: 12501; Colstart: 3915; Colend: 4177; Cols: 262;
Num-X: 48 ; Num-Y: 1 ; Resolution: 12500 ; Rank: 16 ; Rank-X: 16 ; Rank-Y: 0 ; Rowstart: 0; Rowend: 12501; Rows: 12501; Colstart: 4176; Colend: 4438; Cols: 262;
Num-X: 48 ; Num-Y: 1 ; Resolution: 12500 ; Rank: 13 ; Rank-X: 13 ; Rank-Y: 0 ; Rowstart: 0; Rowend: 12501; Rows: 12501; Colstart: 3393; Colend: 3655; Cols: 262;
Num-X: 48 ; Num-Y: 1 ; Resolution: 12500 ; Rank: 17 ; Rank-X: 17 ; Rank-Y: 0 ; Rowstart: 0; Rowend: 12501; Rows: 12501; Colstart: 4437; Colend: 4699; Cols: 262;
Num-X: 48 ; Num-Y: 1 ; Resolution: 12500 ; Rank: 18 ; Rank-X: 18 ; Rank-Y: 0 ; Rowstart: 0; Rowend: 12501; Rows: 12501; Colstart: 4698; Colend: 4960; Cols: 262;
Num-X: 48 ; Num-Y: 1 ; Resolution: 12500 ; Rank: 1 ; Rank-X: 1 ; Rank-Y: 0 ; Rowstart: 0; Rowend: 12501; Rows: 12501; Colstart: 261; Colend: 523; Cols: 262;
Num-X: 48 ; Num-Y: 1 ; Resolution: 12500 ; Rank: 0 ; Rank-X: 0 ; Rank-Y: 0 ; Rowstart: 0; Rowend: 12501; Rows: 12501; Colstart: 0; Colend: 262; Cols: 262;

Resolution: 12500
===================
Execution time: 0.382923
Residual: 5.863330

megaflops:  57126.4
  flop instructions (M):  21875.000
