mpiexec -genv I_MPI_DEBUG=4 -n 48 ./heat test.dat 48 1
[0] MPI startup(): Intel(R) MPI Library, Version 2019 Update 8  Build 20200624 (id: 4f16ad915)
[0] MPI startup(): Copyright (C) 2003-2020 Intel Corporation.  All rights reserved.
[0] MPI startup(): library kind: release
[0] MPI startup(): libfabric version: 1.10.1-impi
[0] MPI startup(): libfabric provider: psm2
[0] MPI startup(): Rank    Pid      Node name     Pin cpu
[0] MPI startup(): 0       2425523  i01r01c02s09  {0,48}
[0] MPI startup(): 1       2425524  i01r01c02s09  {1,49}
[0] MPI startup(): 2       2425525  i01r01c02s09  {2,50}
[0] MPI startup(): 3       2425526  i01r01c02s09  {3,51}
[0] MPI startup(): 4       2425527  i01r01c02s09  {4,52}
[0] MPI startup(): 5       2425528  i01r01c02s09  {5,53}
[0] MPI startup(): 6       2425529  i01r01c02s09  {6,54}
[0] MPI startup(): 7       2425530  i01r01c02s09  {7,55}
[0] MPI startup(): 8       2425531  i01r01c02s09  {8,56}
[0] MPI startup(): 9       2425532  i01r01c02s09  {9,57}
[0] MPI startup(): 10      2425533  i01r01c02s09  {10,58}
[0] MPI startup(): 11      2425534  i01r01c02s09  {11,59}
[0] MPI startup(): 12      2425535  i01r01c02s09  {12,60}
[0] MPI startup(): 13      2425536  i01r01c02s09  {13,61}
[0] MPI startup(): 14      2425537  i01r01c02s09  {14,62}
[0] MPI startup(): 15      2425538  i01r01c02s09  {15,63}
[0] MPI startup(): 16      2425539  i01r01c02s09  {16,64}
[0] MPI startup(): 17      2425540  i01r01c02s09  {17,65}
[0] MPI startup(): 18      2425541  i01r01c02s09  {18,66}
[0] MPI startup(): 19      2425542  i01r01c02s09  {19,67}
[0] MPI startup(): 20      2425543  i01r01c02s09  {20,68}
[0] MPI startup(): 21      2425544  i01r01c02s09  {21,69}
[0] MPI startup(): 22      2425545  i01r01c02s09  {22,70}
[0] MPI startup(): 23      2425546  i01r01c02s09  {23,71}
[0] MPI startup(): 24      2425547  i01r01c02s09  {24,72}
[0] MPI startup(): 25      2425548  i01r01c02s09  {25,73}
[0] MPI startup(): 26      2425549  i01r01c02s09  {26,74}
[0] MPI startup(): 27      2425550  i01r01c02s09  {27,75}
[0] MPI startup(): 28      2425551  i01r01c02s09  {28,76}
[0] MPI startup(): 29      2425552  i01r01c02s09  {29,77}
[0] MPI startup(): 30      2425553  i01r01c02s09  {30,78}
[0] MPI startup(): 31      2425554  i01r01c02s09  {31,79}
[0] MPI startup(): 32      2425555  i01r01c02s09  {32,80}
[0] MPI startup(): 33      2425556  i01r01c02s09  {33,81}
[0] MPI startup(): 34      2425557  i01r01c02s09  {34,82}
[0] MPI startup(): 35      2425558  i01r01c02s09  {35,83}
[0] MPI startup(): 36      2425559  i01r01c02s09  {36,84}
[0] MPI startup(): 37      2425560  i01r01c02s09  {37,85}
[0] MPI startup(): 38      2425561  i01r01c02s09  {38,86}
[0] MPI startup(): 39      2425562  i01r01c02s09  {39,87}
[0] MPI startup(): 40      2425563  i01r01c02s09  {40,88}
[0] MPI startup(): 41      2425564  i01r01c02s09  {41,89}
[0] MPI startup(): 42      2425565  i01r01c02s09  {42,90}
[0] MPI startup(): 43      2425566  i01r01c02s09  {43,91}
[0] MPI startup(): 44      2425567  i01r01c02s09  {44,92}
[0] MPI startup(): 45      2425568  i01r01c02s09  {45,93}
[0] MPI startup(): 46      2425569  i01r01c02s09  {46,94}
[0] MPI startup(): 47      2425570  i01r01c02s09  {47,95}

48 processes distributed in X-direction
 1 ; processes distributed in Y-direction
Resolutions       : (6500, 8500, ... 12500)
Iterations        : 20
Num. Heat sources : 2
   1: (0.00, 0.00) 1.00 1.00 
   2: (1.00, 1.00) 1.00 0.50 
rank= 2 coords= 2 0 neighbours(up,down,left,right)= 1 3 -1 -1
rank= 4 coords= 4 0 neighbours(up,down,left,right)= 3 5 -1 -1
rank= 16 coords= 16 0 neighbours(up,down,left,right)= 15 17 -1 -1
rank= 24 coords= 24 0 neighbours(up,down,left,right)= 23 25 -1 -1
rank= 32 coords= 32 0 neighbours(up,down,left,right)= 31 33 -1 -1
rank= 34 coords= 34 0 neighbours(up,down,left,right)= 33 35 -1 -1
rank= 35 coords= 35 0 neighbours(up,down,left,right)= 34 36 -1 -1
rank= 37 coords= 37 0 neighbours(up,down,left,right)= 36 38 -1 -1
rank= 38 coords= 38 0 neighbours(up,down,left,right)= 37 39 -1 -1
rank= 40 coords= 40 0 neighbours(up,down,left,right)= 39 41 -1 -1
rank= 41 coords= 41 0 neighbours(up,down,left,right)= 40 42 -1 -1
rank= 42 coords= 42 0 neighbours(up,down,left,right)= 41 43 -1 -1
rank= 44 coords= 44 0 neighbours(up,down,left,right)= 43 45 -1 -1
rank= 46 coords= 46 0 neighbours(up,down,left,right)= 45 47 -1 -1
rank= 47 coords= 47 0 neighbours(up,down,left,right)= 46 -1 -1 -1
rank= 0 coords= 0 0 neighbours(up,down,left,right)= -1 1 -1 -1
rank= 1 coords= 1 0 neighbours(up,down,left,right)= 0 2 -1 -1
rank= 3 coords= 3 0 neighbours(up,down,left,right)= 2 4 -1 -1
rank= 5 coords= 5 0 neighbours(up,down,left,right)= 4 6 -1 -1
rank= 6 coords= 6 0 neighbours(up,down,left,right)= 5 7 -1 -1
rank= 7 coords= 7 0 neighbours(up,down,left,right)= 6 8 -1 -1
rank= 8 coords= 8 0 neighbours(up,down,left,right)= 7 9 -1 -1
rank= 9 coords= 9 0 neighbours(up,down,left,right)= 8 10 -1 -1
rank= 10 coords= 10 0 neighbours(up,down,left,right)= 9 11 -1 -1
rank= 11 coords= 11 0 neighbours(up,down,left,right)= 10 12 -1 -1
rank= 12 coords= 12 0 neighbours(up,down,left,right)= 11 13 -1 -1
rank= 13 coords= 13 0 neighbours(up,down,left,right)= 12 14 -1 -1
rank= 14 coords= 14 0 neighbours(up,down,left,right)= 13 15 -1 -1
rank= 15 coords= 15 0 neighbours(up,down,left,right)= 14 16 -1 -1
rank= 17 coords= 17 0 neighbours(up,down,left,right)= 16 18 -1 -1
rank= 18 coords= 18 0 neighbours(up,down,left,right)= 17 19 -1 -1
rank= 19 coords= 19 0 neighbours(up,down,left,right)= 18 20 -1 -1
rank= 20 coords= 20 0 neighbours(up,down,left,right)= 19 21 -1 -1
rank= 21 coords= 21 0 neighbours(up,down,left,right)= 20 22 -1 -1
rank= 22 coords= 22 0 neighbours(up,down,left,right)= 21 23 -1 -1
rank= 23 coords= 23 0 neighbours(up,down,left,right)= 22 24 -1 -1
rank= 25 coords= 25 0 neighbours(up,down,left,right)= 24 26 -1 -1
rank= 26 coords= 26 0 neighbours(up,down,left,right)= 25 27 -1 -1
rank= 27 coords= 27 0 neighbours(up,down,left,right)= 26 28 -1 -1
rank= 28 coords= 28 0 neighbours(up,down,left,right)= 27 29 -1 -1
rank= 29 coords= 29 0 neighbours(up,down,left,right)= 28 30 -1 -1
rank= 30 coords= 30 0 neighbours(up,down,left,right)= 29 31 -1 -1
rank= 31 coords= 31 0 neighbours(up,down,left,right)= 30 32 -1 -1
rank= 33 coords= 33 0 neighbours(up,down,left,right)= 32 34 -1 -1
rank= 36 coords= 36 0 neighbours(up,down,left,right)= 35 37 -1 -1
rank= 39 coords= 39 0 neighbours(up,down,left,right)= 38 40 -1 -1
rank= 43 coords= 43 0 neighbours(up,down,left,right)= 42 44 -1 -1
rank= 45 coords= 45 0 neighbours(up,down,left,right)= 44 46 -1 -1

Num-X: 1 ; Num-Y: 48 ; Resolution: 6500 ; Rank: 38 ; Rank-X: 0 ; Rank-Y: 38 ; Rowstart: 5150; Rowend: 5286; Rows: 136; Colstart: 0; Colend: 6501; Cols: 6501;
Num-X: 1 ; Num-Y: 48 ; Resolution: 6500 ; Rank: 24 ; Rank-X: 0 ; Rank-Y: 24 ; Rowstart: 3260; Rowend: 3396; Rows: 136; Colstart: 0; Colend: 6501; Cols: 6501;
Num-X: 1 ; Num-Y: 48 ; Resolution: 6500 ; Rank: 27 ; Rank-X: 0 ; Rank-Y: 27 ; Rowstart: 3665; Rowend: 3801; Rows: 136; Colstart: 0; Colend: 6501; Cols: 6501;
Num-X: 1 ; Num-Y: 48 ; Resolution: 6500 ; Rank: 33 ; Rank-X: 0 ; Rank-Y: 33 ; Rowstart: 4475; Rowend: 4611; Rows: 136; Colstart: 0; Colend: 6501; Cols: 6501;
Num-X: 1 ; Num-Y: 48 ; Resolution: 6500 ; Rank: 34 ; Rank-X: 0 ; Rank-Y: 34 ; Rowstart: 4610; Rowend: 4746; Rows: 136; Colstart: 0; Colend: 6501; Cols: 6501;
Num-X: 1 ; Num-Y: 48 ; Resolution: 6500 ; Rank: 35 ; Rank-X: 0 ; Rank-Y: 35 ; Rowstart: 4745; Rowend: 4881; Rows: 136; Colstart: 0; Colend: 6501; Cols: 6501;
Num-X: 1 ; Num-Y: 48 ; Resolution: 6500 ; Rank: 44 ; Rank-X: 0 ; Rank-Y: 44 ; Rowstart: 5960; Rowend: 6096; Rows: 136; Colstart: 0; Colend: 6501; Cols: 6501;
Num-X: 1 ; Num-Y: 48 ; Resolution: 6500 ; Rank: 46 ; Rank-X: 0 ; Rank-Y: 46 ; Rowstart: 6230; Rowend: 6366; Rows: 136; Colstart: 0; Colend: 6501; Cols: 6501;
Num-X: 1 ; Num-Y: 48 ; Resolution: 6500 ; Rank: 47 ; Rank-X: 0 ; Rank-Y: 47 ; Rowstart: 6365; Rowend: 6501; Rows: 136; Colstart: 0; Colend: 6501; Cols: 6501;
Num-X: 1 ; Num-Y: 48 ; Resolution: 6500 ; Rank: 4 ; Rank-X: 0 ; Rank-Y: 4 ; Rowstart: 544; Rowend: 681; Rows: 137; Colstart: 0; Colend: 6501; Cols: 6501;
Num-X: 1 ; Num-Y: 48 ; Resolution: 6500 ; Rank: 5 ; Rank-X: 0 ; Rank-Y: 5 ; Rowstart: 680; Rowend: 817; Rows: 137; Colstart: 0; Colend: 6501; Cols: 6501;
Num-X: 1 ; Num-Y: 48 ; Resolution: 6500 ; Rank: 16 ; Rank-X: 0 ; Rank-Y: 16 ; Rowstart: 2176; Rowend: 2313; Rows: 137; Colstart: 0; Colend: 6501; Cols: 6501;
Num-X: 1 ; Num-Y: 48 ; Resolution: 6500 ; Rank: 20 ; Rank-X: 0 ; Rank-Y: 20 ; Rowstart: 2720; Rowend: 2856; Rows: 136; Colstart: 0; Colend: 6501; Cols: 6501;
Num-X: 1 ; Num-Y: 48 ; Resolution: 6500 ; Rank: 25 ; Rank-X: 0 ; Rank-Y: 25 ; Rowstart: 3395; Rowend: 3531; Rows: 136; Colstart: 0; Colend: 6501; Cols: 6501;
Num-X: 1 ; Num-Y: 48 ; Resolution: 6500 ; Rank: 28 ; Rank-X: 0 ; Rank-Y: 28 ; Rowstart: 3800; Rowend: 3936; Rows: 136; Colstart: 0; Colend: 6501; Cols: 6501;
Num-X: 1 ; Num-Y: 48 ; Resolution: 6500 ; Rank: 30 ; Rank-X: 0 ; Rank-Y: 30 ; Rowstart: 4070; Rowend: 4206; Rows: 136; Colstart: 0; Colend: 6501; Cols: 6501;
Num-X: 1 ; Num-Y: 48 ; Resolution: 6500 ; Rank: 32 ; Rank-X: 0 ; Rank-Y: 32 ; Rowstart: 4340; Rowend: 4476; Rows: 136; Colstart: 0; Colend: 6501; Cols: 6501;
Num-X: 1 ; Num-Y: 48 ; Resolution: 6500 ; Rank: 36 ; Rank-X: 0 ; Rank-Y: 36 ; Rowstart: 4880; Rowend: 5016; Rows: 136; Colstart: 0; Colend: 6501; Cols: 6501;
Num-X: 1 ; Num-Y: 48 ; Resolution: 6500 ; Rank: 41 ; Rank-X: 0 ; Rank-Y: 41 ; Rowstart: 5555; Rowend: 5691; Rows: 136; Colstart: 0; Colend: 6501; Cols: 6501;
Num-X: 1 ; Num-Y: 48 ; Resolution: 6500 ; Rank: 42 ; Rank-X: 0 ; Rank-Y: 42 ; Rowstart: 5690; Rowend: 5826; Rows: 136; Colstart: 0; Colend: 6501; Cols: 6501;
Num-X: 1 ; Num-Y: 48 ; Resolution: 6500 ; Rank: 43 ; Rank-X: 0 ; Rank-Y: 43 ; Rowstart: 5825; Rowend: 5961; Rows: 136; Colstart: 0; Colend: 6501; Cols: 6501;
Num-X: 1 ; Num-Y: 48 ; Resolution: 6500 ; Rank: 45 ; Rank-X: 0 ; Rank-Y: 45 ; Rowstart: 6095; Rowend: 6231; Rows: 136; Colstart: 0; Colend: 6501; Cols: 6501;
Num-X: 1 ; Num-Y: 48 ; Resolution: 6500 ; Rank: 0 ; Rank-X: 0 ; Rank-Y: 0 ; Rowstart: 0; Rowend: 137; Rows: 137; Colstart: 0; Colend: 6501; Cols: 6501;
Num-X: 1 ; Num-Y: 48 ; Resolution: 6500 ; Rank: 1 ; Rank-X: 0 ; Rank-Y: 1 ; Rowstart: 136; Rowend: 273; Rows: 137; Colstart: 0; Colend: 6501; Cols: 6501;
Num-X: 1 ; Num-Y: 48 ; Resolution: 6500 ; Rank: 2 ; Rank-X: 0 ; Rank-Y: 2 ; Rowstart: 272; Rowend: 409; Rows: 137; Colstart: 0; Colend: 6501; Cols: 6501;
Num-X: 1 ; Num-Y: 48 ; Resolution: 6500 ; Rank: 3 ; Rank-X: 0 ; Rank-Y: 3 ; Rowstart: 408; Rowend: 545; Rows: 137; Colstart: 0; Colend: 6501; Cols: 6501;
Num-X: 1 ; Num-Y: 48 ; Resolution: 6500 ; Rank: 6 ; Rank-X: 0 ; Rank-Y: 6 ; Rowstart: 816; Rowend: 953; Rows: 137; Colstart: 0; Colend: 6501; Cols: 6501;
Num-X: 1 ; Num-Y: 48 ; Resolution: 6500 ; Rank: 7 ; Rank-X: 0 ; Rank-Y: 7 ; Rowstart: 952; Rowend: 1089; Rows: 137; Colstart: 0; Colend: 6501; Cols: 6501;
Num-X: 1 ; Num-Y: 48 ; Resolution: 6500 ; Rank: 8 ; Rank-X: 0 ; Rank-Y: 8 ; Rowstart: 1088; Rowend: 1225; Rows: 137; Colstart: 0; Colend: 6501; Cols: 6501;
Num-X: 1 ; Num-Y: 48 ; Resolution: 6500 ; Rank: 9 ; Rank-X: 0 ; Rank-Y: 9 ; Rowstart: 1224; Rowend: 1361; Rows: 137; Colstart: 0; Colend: 6501; Cols: 6501;
Num-X: 1 ; Num-Y: 48 ; Resolution: 6500 ; Rank: 10 ; Rank-X: 0 ; Rank-Y: 10 ; Rowstart: 1360; Rowend: 1497; Rows: 137; Colstart: 0; Colend: 6501; Cols: 6501;
Num-X: 1 ; Num-Y: 48 ; Resolution: 6500 ; Rank: 11 ; Rank-X: 0 ; Rank-Y: 11 ; Rowstart: 1496; Rowend: 1633; Rows: 137; Colstart: 0; Colend: 6501; Cols: 6501;
Num-X: 1 ; Num-Y: 48 ; Resolution: 6500 ; Rank: 13 ; Rank-X: 0 ; Rank-Y: 13 ; Rowstart: 1768; Rowend: 1905; Rows: 137; Colstart: 0; Colend: 6501; Cols: 6501;
Num-X: 1 ; Num-Y: 48 ; Resolution: 6500 ; Rank: 15 ; Rank-X: 0 ; Rank-Y: 15 ; Rowstart: 2040; Rowend: 2177; Rows: 137; Colstart: 0; Colend: 6501; Cols: 6501;
Num-X: 1 ; Num-Y: 48 ; Resolution: 6500 ; Rank: 18 ; Rank-X: 0 ; Rank-Y: 18 ; Rowstart: 2448; Rowend: 2585; Rows: 137; Colstart: 0; Colend: 6501; Cols: 6501;
Num-X: 1 ; Num-Y: 48 ; Resolution: 6500 ; Rank: 19 ; Rank-X: 0 ; Rank-Y: 19 ; Rowstart: 2584; Rowend: 2721; Rows: 137; Colstart: 0; Colend: 6501; Cols: 6501;
Num-X: 1 ; Num-Y: 48 ; Resolution: 6500 ; Rank: 21 ; Rank-X: 0 ; Rank-Y: 21 ; Rowstart: 2855; Rowend: 2991; Rows: 136; Colstart: 0; Colend: 6501; Cols: 6501;
Num-X: 1 ; Num-Y: 48 ; Resolution: 6500 ; Rank: 22 ; Rank-X: 0 ; Rank-Y: 22 ; Rowstart: 2990; Rowend: 3126; Rows: 136; Colstart: 0; Colend: 6501; Cols: 6501;
Num-X: 1 ; Num-Y: 48 ; Resolution: 6500 ; Rank: 23 ; Rank-X: 0 ; Rank-Y: 23 ; Rowstart: 3125; Rowend: 3261; Rows: 136; Colstart: 0; Colend: 6501; Cols: 6501;
Num-X: 1 ; Num-Y: 48 ; Resolution: 6500 ; Rank: 26 ; Rank-X: 0 ; Rank-Y: 26 ; Rowstart: 3530; Rowend: 3666; Rows: 136; Colstart: 0; Colend: 6501; Cols: 6501;
Num-X: 1 ; Num-Y: 48 ; Resolution: 6500 ; Rank: 29 ; Rank-X: 0 ; Rank-Y: 29 ; Rowstart: 3935; Rowend: 4071; Rows: 136; Colstart: 0; Colend: 6501; Cols: 6501;
Num-X: 1 ; Num-Y: 48 ; Resolution: 6500 ; Rank: 31 ; Rank-X: 0 ; Rank-Y: 31 ; Rowstart: 4205; Rowend: 4341; Rows: 136; Colstart: 0; Colend: 6501; Cols: 6501;
Num-X: 1 ; Num-Y: 48 ; Resolution: 6500 ; Rank: 39 ; Rank-X: 0 ; Rank-Y: 39 ; Rowstart: 5285; Rowend: 5421; Rows: 136; Colstart: 0; Colend: 6501; Cols: 6501;
Num-X: 1 ; Num-Y: 48 ; Resolution: 6500 ; Rank: 40 ; Rank-X: 0 ; Rank-Y: 40 ; Rowstart: 5420; Rowend: 5556; Rows: 136; Colstart: 0; Colend: 6501; Cols: 6501;
Num-X: 1 ; Num-Y: 48 ; Resolution: 6500 ; Rank: 12 ; Rank-X: 0 ; Rank-Y: 12 ; Rowstart: 1632; Rowend: 1769; Rows: 137; Colstart: 0; Colend: 6501; Cols: 6501;
Num-X: 1 ; Num-Y: 48 ; Resolution: 6500 ; Rank: 14 ; Rank-X: 0 ; Rank-Y: 14 ; Rowstart: 1904; Rowend: 2041; Rows: 137; Colstart: 0; Colend: 6501; Cols: 6501;
Num-X: 1 ; Num-Y: 48 ; Resolution: 6500 ; Rank: 17 ; Rank-X: 0 ; Rank-Y: 17 ; Rowstart: 2312; Rowend: 2449; Rows: 137; Colstart: 0; Colend: 6501; Cols: 6501;
Num-X: 1 ; Num-Y: 48 ; Resolution: 6500 ; Rank: 37 ; Rank-X: 0 ; Rank-Y: 37 ; Rowstart: 5015; Rowend: 5151; Rows: 136; Colstart: 0; Colend: 6501; Cols: 6501;

Resolution: 6500
===================
Execution time: 0.094193
Residual: 3.049154

megaflops:  62796.6
  flop instructions (M):  5915.000

Num-X: 1 ; Num-Y: 48 ; Resolution: 8500 ; Rank: 38 ; Rank-X: 0 ; Rank-Y: 38 ; Rowstart: 6730; Rowend: 6908; Rows: 178; Colstart: 0; Colend: 8501; Cols: 8501;
Num-X: 1 ; Num-Y: 48 ; Resolution: 8500 ; Rank: 24 ; Rank-X: 0 ; Rank-Y: 24 ; Rowstart: 4252; Rowend: 4430; Rows: 178; Colstart: 0; Colend: 8501; Cols: 8501;
Num-X: 1 ; Num-Y: 48 ; Resolution: 8500 ; Rank: 25 ; Rank-X: 0 ; Rank-Y: 25 ; Rowstart: 4429; Rowend: 4607; Rows: 178; Colstart: 0; Colend: 8501; Cols: 8501;
Num-X: 1 ; Num-Y: 48 ; Resolution: 8500 ; Rank: 27 ; Rank-X: 0 ; Rank-Y: 27 ; Rowstart: 4783; Rowend: 4961; Rows: 178; Colstart: 0; Colend: 8501; Cols: 8501;
Num-X: 1 ; Num-Y: 48 ; Resolution: 8500 ; Rank: 32 ; Rank-X: 0 ; Rank-Y: 32 ; Rowstart: 5668; Rowend: 5846; Rows: 178; Colstart: 0; Colend: 8501; Cols: 8501;
Num-X: 1 ; Num-Y: 48 ; Resolution: 8500 ; Rank: 33 ; Rank-X: 0 ; Rank-Y: 33 ; Rowstart: 5845; Rowend: 6023; Rows: 178; Colstart: 0; Colend: 8501; Cols: 8501;
Num-X: 1 ; Num-Y: 48 ; Resolution: 8500 ; Rank: 34 ; Rank-X: 0 ; Rank-Y: 34 ; Rowstart: 6022; Rowend: 6200; Rows: 178; Colstart: 0; Colend: 8501; Cols: 8501;
Num-X: 1 ; Num-Y: 48 ; Resolution: 8500 ; Rank: 36 ; Rank-X: 0 ; Rank-Y: 36 ; Rowstart: 6376; Rowend: 6554; Rows: 178; Colstart: 0; Colend: 8501; Cols: 8501;
Num-X: 1 ; Num-Y: 48 ; Resolution: 8500 ; Rank: 2 ; Rank-X: 0 ; Rank-Y: 2 ; Rowstart: 356; Rowend: 535; Rows: 179; Colstart: 0; Colend: 8501; Cols: 8501;
Num-X: 1 ; Num-Y: 48 ; Resolution: 8500 ; Rank: 5 ; Rank-X: 0 ; Rank-Y: 5 ; Rowstart: 889; Rowend: 1067; Rows: 178; Colstart: 0; Colend: 8501; Cols: 8501;
Num-X: 1 ; Num-Y: 48 ; Resolution: 8500 ; Rank: 12 ; Rank-X: 0 ; Rank-Y: 12 ; Rowstart: 2128; Rowend: 2306; Rows: 178; Colstart: 0; Colend: 8501; Cols: 8501;
Num-X: 1 ; Num-Y: 48 ; Resolution: 8500 ; Rank: 13 ; Rank-X: 0 ; Rank-Y: 13 ; Rowstart: 2305; Rowend: 2483; Rows: 178; Colstart: 0; Colend: 8501; Cols: 8501;
Num-X: 1 ; Num-Y: 48 ; Resolution: 8500 ; Rank: 14 ; Rank-X: 0 ; Rank-Y: 14 ; Rowstart: 2482; Rowend: 2660; Rows: 178; Colstart: 0; Colend: 8501; Cols: 8501;
Num-X: 1 ; Num-Y: 48 ; Resolution: 8500 ; Rank: 15 ; Rank-X: 0 ; Rank-Y: 15 ; Rowstart: 2659; Rowend: 2837; Rows: 178; Colstart: 0; Colend: 8501; Cols: 8501;
Num-X: 1 ; Num-Y: 48 ; Resolution: 8500 ; Rank: 17 ; Rank-X: 0 ; Rank-Y: 17 ; Rowstart: 3013; Rowend: 3191; Rows: 178; Colstart: 0; Colend: 8501; Cols: 8501;
Num-X: 1 ; Num-Y: 48 ; Resolution: 8500 ; Rank: 18 ; Rank-X: 0 ; Rank-Y: 18 ; Rowstart: 3190; Rowend: 3368; Rows: 178; Colstart: 0; Colend: 8501; Cols: 8501;
Num-X: 1 ; Num-Y: 48 ; Resolution: 8500 ; Rank: 19 ; Rank-X: 0 ; Rank-Y: 19 ; Rowstart: 3367; Rowend: 3545; Rows: 178; Colstart: 0; Colend: 8501; Cols: 8501;
Num-X: 1 ; Num-Y: 48 ; Resolution: 8500 ; Rank: 20 ; Rank-X: 0 ; Rank-Y: 20 ; Rowstart: 3544; Rowend: 3722; Rows: 178; Colstart: 0; Colend: 8501; Cols: 8501;
Num-X: 1 ; Num-Y: 48 ; Resolution: 8500 ; Rank: 22 ; Rank-X: 0 ; Rank-Y: 22 ; Rowstart: 3898; Rowend: 4076; Rows: 178; Colstart: 0; Colend: 8501; Cols: 8501;
Num-X: 1 ; Num-Y: 48 ; Resolution: 8500 ; Rank: 26 ; Rank-X: 0 ; Rank-Y: 26 ; Rowstart: 4606; Rowend: 4784; Rows: 178; Colstart: 0; Colend: 8501; Cols: 8501;
Num-X: 1 ; Num-Y: 48 ; Resolution: 8500 ; Rank: 29 ; Rank-X: 0 ; Rank-Y: 29 ; Rowstart: 5137; Rowend: 5315; Rows: 178; Colstart: 0; Colend: 8501; Cols: 8501;
Num-X: 1 ; Num-Y: 48 ; Resolution: 8500 ; Rank: 35 ; Rank-X: 0 ; Rank-Y: 35 ; Rowstart: 6199; Rowend: 6377; Rows: 178; Colstart: 0; Colend: 8501; Cols: 8501;
Num-X: 1 ; Num-Y: 48 ; Resolution: 8500 ; Rank: 39 ; Rank-X: 0 ; Rank-Y: 39 ; Rowstart: 6907; Rowend: 7085; Rows: 178; Colstart: 0; Colend: 8501; Cols: 8501;
Num-X: 1 ; Num-Y: 48 ; Resolution: 8500 ; Rank: 40 ; Rank-X: 0 ; Rank-Y: 40 ; Rowstart: 7084; Rowend: 7262; Rows: 178; Colstart: 0; Colend: 8501; Cols: 8501;
Num-X: 1 ; Num-Y: 48 ; Resolution: 8500 ; Rank: 43 ; Rank-X: 0 ; Rank-Y: 43 ; Rowstart: 7615; Rowend: 7793; Rows: 178; Colstart: 0; Colend: 8501; Cols: 8501;
Num-X: 1 ; Num-Y: 48 ; Resolution: 8500 ; Rank: 44 ; Rank-X: 0 ; Rank-Y: 44 ; Rowstart: 7792; Rowend: 7970; Rows: 178; Colstart: 0; Colend: 8501; Cols: 8501;
Num-X: 1 ; Num-Y: 48 ; Resolution: 8500 ; Rank: 0 ; Rank-X: 0 ; Rank-Y: 0 ; Rowstart: 0; Rowend: 179; Rows: 179; Colstart: 0; Colend: 8501; Cols: 8501;
Num-X: 1 ; Num-Y: 48 ; Resolution: 8500 ; Rank: 1 ; Rank-X: 0 ; Rank-Y: 1 ; Rowstart: 178; Rowend: 357; Rows: 179; Colstart: 0; Colend: 8501; Cols: 8501;
Num-X: 1 ; Num-Y: 48 ; Resolution: 8500 ; Rank: 3 ; Rank-X: 0 ; Rank-Y: 3 ; Rowstart: 534; Rowend: 713; Rows: 179; Colstart: 0; Colend: 8501; Cols: 8501;
Num-X: 1 ; Num-Y: 48 ; Resolution: 8500 ; Rank: 4 ; Rank-X: 0 ; Rank-Y: 4 ; Rowstart: 712; Rowend: 890; Rows: 178; Colstart: 0; Colend: 8501; Cols: 8501;
Num-X: 1 ; Num-Y: 48 ; Resolution: 8500 ; Rank: 6 ; Rank-X: 0 ; Rank-Y: 6 ; Rowstart: 1066; Rowend: 1244; Rows: 178; Colstart: 0; Colend: 8501; Cols: 8501;
Num-X: 1 ; Num-Y: 48 ; Resolution: 8500 ; Rank: 7 ; Rank-X: 0 ; Rank-Y: 7 ; Rowstart: 1243; Rowend: 1421; Rows: 178; Colstart: 0; Colend: 8501; Cols: 8501;
Num-X: 1 ; Num-Y: 48 ; Resolution: 8500 ; Rank: 8 ; Rank-X: 0 ; Rank-Y: 8 ; Rowstart: 1420; Rowend: 1598; Rows: 178; Colstart: 0; Colend: 8501; Cols: 8501;
Num-X: 1 ; Num-Y: 48 ; Resolution: 8500 ; Rank: 9 ; Rank-X: 0 ; Rank-Y: 9 ; Rowstart: 1597; Rowend: 1775; Rows: 178; Colstart: 0; Colend: 8501; Cols: 8501;
Num-X: 1 ; Num-Y: 48 ; Resolution: 8500 ; Rank: 10 ; Rank-X: 0 ; Rank-Y: 10 ; Rowstart: 1774; Rowend: 1952; Rows: 178; Colstart: 0; Colend: 8501; Cols: 8501;
Num-X: 1 ; Num-Y: 48 ; Resolution: 8500 ; Rank: 11 ; Rank-X: 0 ; Rank-Y: 11 ; Rowstart: 1951; Rowend: 2129; Rows: 178; Colstart: 0; Colend: 8501; Cols: 8501;
Num-X: 1 ; Num-Y: 48 ; Resolution: 8500 ; Rank: 16 ; Rank-X: 0 ; Rank-Y: 16 ; Rowstart: 2836; Rowend: 3014; Rows: 178; Colstart: 0; Colend: 8501; Cols: 8501;
Num-X: 1 ; Num-Y: 48 ; Resolution: 8500 ; Rank: 21 ; Rank-X: 0 ; Rank-Y: 21 ; Rowstart: 3721; Rowend: 3899; Rows: 178; Colstart: 0; Colend: 8501; Cols: 8501;
Num-X: 1 ; Num-Y: 48 ; Resolution: 8500 ; Rank: 23 ; Rank-X: 0 ; Rank-Y: 23 ; Rowstart: 4075; Rowend: 4253; Rows: 178; Colstart: 0; Colend: 8501; Cols: 8501;
Num-X: 1 ; Num-Y: 48 ; Resolution: 8500 ; Rank: 28 ; Rank-X: 0 ; Rank-Y: 28 ; Rowstart: 4960; Rowend: 5138; Rows: 178; Colstart: 0; Colend: 8501; Cols: 8501;
Num-X: 1 ; Num-Y: 48 ; Resolution: 8500 ; Rank: 30 ; Rank-X: 0 ; Rank-Y: 30 ; Rowstart: 5314; Rowend: 5492; Rows: 178; Colstart: 0; Colend: 8501; Cols: 8501;
Num-X: 1 ; Num-Y: 48 ; Resolution: 8500 ; Rank: 31 ; Rank-X: 0 ; Rank-Y: 31 ; Rowstart: 5491; Rowend: 5669; Rows: 178; Colstart: 0; Colend: 8501; Cols: 8501;
Num-X: 1 ; Num-Y: 48 ; Resolution: 8500 ; Rank: 37 ; Rank-X: 0 ; Rank-Y: 37 ; Rowstart: 6553; Rowend: 6731; Rows: 178; Colstart: 0; Colend: 8501; Cols: 8501;
Num-X: 1 ; Num-Y: 48 ; Resolution: 8500 ; Rank: 41 ; Rank-X: 0 ; Rank-Y: 41 ; Rowstart: 7261; Rowend: 7439; Rows: 178; Colstart: 0; Colend: 8501; Cols: 8501;
Num-X: 1 ; Num-Y: 48 ; Resolution: 8500 ; Rank: 42 ; Rank-X: 0 ; Rank-Y: 42 ; Rowstart: 7438; Rowend: 7616; Rows: 178; Colstart: 0; Colend: 8501; Cols: 8501;
Num-X: 1 ; Num-Y: 48 ; Resolution: 8500 ; Rank: 45 ; Rank-X: 0 ; Rank-Y: 45 ; Rowstart: 7969; Rowend: 8147; Rows: 178; Colstart: 0; Colend: 8501; Cols: 8501;
Num-X: 1 ; Num-Y: 48 ; Resolution: 8500 ; Rank: 46 ; Rank-X: 0 ; Rank-Y: 46 ; Rowstart: 8146; Rowend: 8324; Rows: 178; Colstart: 0; Colend: 8501; Cols: 8501;
Num-X: 1 ; Num-Y: 48 ; Resolution: 8500 ; Rank: 47 ; Rank-X: 0 ; Rank-Y: 47 ; Rowstart: 8323; Rowend: 8501; Rows: 178; Colstart: 0; Colend: 8501; Cols: 8501;

Resolution: 8500
===================
Execution time: 0.165189
Residual: 3.987213

megaflops:  61232.9
  flop instructions (M):  10115.000

Num-X: 1 ; Num-Y: 48 ; Resolution: 10500 ; Rank: 15 ; Rank-X: 0 ; Rank-Y: 15 ; Rowstart: 3285; Rowend: 3505; Rows: 220; Colstart: 0; Colend: 10501; Cols: 10501;
Num-X: 1 ; Num-Y: 48 ; Resolution: 10500 ; Rank: 3 ; Rank-X: 0 ; Rank-Y: 3 ; Rowstart: 657; Rowend: 877; Rows: 220; Colstart: 0; Colend: 10501; Cols: 10501;
Num-X: 1 ; Num-Y: 48 ; Resolution: 10500 ; Rank: 10 ; Rank-X: 0 ; Rank-Y: 10 ; Rowstart: 2190; Rowend: 2410; Rows: 220; Colstart: 0; Colend: 10501; Cols: 10501;
Num-X: 1 ; Num-Y: 48 ; Resolution: 10500 ; Rank: 18 ; Rank-X: 0 ; Rank-Y: 18 ; Rowstart: 3942; Rowend: 4162; Rows: 220; Colstart: 0; Colend: 10501; Cols: 10501;
Num-X: 1 ; Num-Y: 48 ; Resolution: 10500 ; Rank: 1 ; Rank-X: 0 ; Rank-Y: 1 ; Rowstart: 219; Rowend: 439; Rows: 220; Colstart: 0; Colend: 10501; Cols: 10501;
Num-X: 1 ; Num-Y: 48 ; Resolution: 10500 ; Rank: 7 ; Rank-X: 0 ; Rank-Y: 7 ; Rowstart: 1533; Rowend: 1753; Rows: 220; Colstart: 0; Colend: 10501; Cols: 10501;
Num-X: 1 ; Num-Y: 48 ; Resolution: 10500 ; Rank: 13 ; Rank-X: 0 ; Rank-Y: 13 ; Rowstart: 2847; Rowend: 3067; Rows: 220; Colstart: 0; Colend: 10501; Cols: 10501;
Num-X: 1 ; Num-Y: 48 ; Resolution: 10500 ; Rank: 16 ; Rank-X: 0 ; Rank-Y: 16 ; Rowstart: 3504; Rowend: 3724; Rows: 220; Colstart: 0; Colend: 10501; Cols: 10501;
Num-X: 1 ; Num-Y: 48 ; Resolution: 10500 ; Rank: 35 ; Rank-X: 0 ; Rank-Y: 35 ; Rowstart: 7665; Rowend: 7885; Rows: 220; Colstart: 0; Colend: 10501; Cols: 10501;
Num-X: 1 ; Num-Y: 48 ; Resolution: 10500 ; Rank: 41 ; Rank-X: 0 ; Rank-Y: 41 ; Rowstart: 8974; Rowend: 9193; Rows: 219; Colstart: 0; Colend: 10501; Cols: 10501;
Num-X: 1 ; Num-Y: 48 ; Resolution: 10500 ; Rank: 45 ; Rank-X: 0 ; Rank-Y: 45 ; Rowstart: 9846; Rowend: 10065; Rows: 219; Colstart: 0; Colend: 10501; Cols: 10501;
Num-X: 1 ; Num-Y: 48 ; Resolution: 10500 ; Rank: 6 ; Rank-X: 0 ; Rank-Y: 6 ; Rowstart: 1314; Rowend: 1534; Rows: 220; Colstart: 0; Colend: 10501; Cols: 10501;
Num-X: 1 ; Num-Y: 48 ; Resolution: 10500 ; Rank: 9 ; Rank-X: 0 ; Rank-Y: 9 ; Rowstart: 1971; Rowend: 2191; Rows: 220; Colstart: 0; Colend: 10501; Cols: 10501;
Num-X: 1 ; Num-Y: 48 ; Resolution: 10500 ; Rank: 11 ; Rank-X: 0 ; Rank-Y: 11 ; Rowstart: 2409; Rowend: 2629; Rows: 220; Colstart: 0; Colend: 10501; Cols: 10501;
Num-X: 1 ; Num-Y: 48 ; Resolution: 10500 ; Rank: 17 ; Rank-X: 0 ; Rank-Y: 17 ; Rowstart: 3723; Rowend: 3943; Rows: 220; Colstart: 0; Colend: 10501; Cols: 10501;
Num-X: 1 ; Num-Y: 48 ; Resolution: 10500 ; Rank: 23 ; Rank-X: 0 ; Rank-Y: 23 ; Rowstart: 5037; Rowend: 5257; Rows: 220; Colstart: 0; Colend: 10501; Cols: 10501;
Num-X: 1 ; Num-Y: 48 ; Resolution: 10500 ; Rank: 30 ; Rank-X: 0 ; Rank-Y: 30 ; Rowstart: 6570; Rowend: 6790; Rows: 220; Colstart: 0; Colend: 10501; Cols: 10501;
Num-X: 1 ; Num-Y: 48 ; Resolution: 10500 ; Rank: 37 ; Rank-X: 0 ; Rank-Y: 37 ; Rowstart: 8102; Rowend: 8321; Rows: 219; Colstart: 0; Colend: 10501; Cols: 10501;
Num-X: 1 ; Num-Y: 48 ; Resolution: 10500 ; Rank: 39 ; Rank-X: 0 ; Rank-Y: 39 ; Rowstart: 8538; Rowend: 8757; Rows: 219; Colstart: 0; Colend: 10501; Cols: 10501;
Num-X: 1 ; Num-Y: 48 ; Resolution: 10500 ; Rank: 40 ; Rank-X: 0 ; Rank-Y: 40 ; Rowstart: 8756; Rowend: 8975; Rows: 219; Colstart: 0; Colend: 10501; Cols: 10501;
Num-X: 1 ; Num-Y: 48 ; Resolution: 10500 ; Rank: 42 ; Rank-X: 0 ; Rank-Y: 42 ; Rowstart: 9192; Rowend: 9411; Rows: 219; Colstart: 0; Colend: 10501; Cols: 10501;
Num-X: 1 ; Num-Y: 48 ; Resolution: 10500 ; Rank: 43 ; Rank-X: 0 ; Rank-Y: 43 ; Rowstart: 9410; Rowend: 9629; Rows: 219; Colstart: 0; Colend: 10501; Cols: 10501;
Num-X: 1 ; Num-Y: 48 ; Resolution: 10500 ; Rank: 44 ; Rank-X: 0 ; Rank-Y: 44 ; Rowstart: 9628; Rowend: 9847; Rows: 219; Colstart: 0; Colend: 10501; Cols: 10501;
Num-X: 1 ; Num-Y: 48 ; Resolution: 10500 ; Rank: 47 ; Rank-X: 0 ; Rank-Y: 47 ; Rowstart: 10282; Rowend: 10501; Rows: 219; Colstart: 0; Colend: 10501; Cols: 10501;
Num-X: 1 ; Num-Y: 48 ; Resolution: 10500 ; Rank: 4 ; Rank-X: 0 ; Rank-Y: 4 ; Rowstart: 876; Rowend: 1096; Rows: 220; Colstart: 0; Colend: 10501; Cols: 10501;
Num-X: 1 ; Num-Y: 48 ; Resolution: 10500 ; Rank: 8 ; Rank-X: 0 ; Rank-Y: 8 ; Rowstart: 1752; Rowend: 1972; Rows: 220; Colstart: 0; Colend: 10501; Cols: 10501;
Num-X: 1 ; Num-Y: 48 ; Resolution: 10500 ; Rank: 12 ; Rank-X: 0 ; Rank-Y: 12 ; Rowstart: 2628; Rowend: 2848; Rows: 220; Colstart: 0; Colend: 10501; Cols: 10501;
Num-X: 1 ; Num-Y: 48 ; Resolution: 10500 ; Rank: 14 ; Rank-X: 0 ; Rank-Y: 14 ; Rowstart: 3066; Rowend: 3286; Rows: 220; Colstart: 0; Colend: 10501; Cols: 10501;
Num-X: 1 ; Num-Y: 48 ; Resolution: 10500 ; Rank: 21 ; Rank-X: 0 ; Rank-Y: 21 ; Rowstart: 4599; Rowend: 4819; Rows: 220; Colstart: 0; Colend: 10501; Cols: 10501;
Num-X: 1 ; Num-Y: 48 ; Resolution: 10500 ; Rank: 22 ; Rank-X: 0 ; Rank-Y: 22 ; Rowstart: 4818; Rowend: 5038; Rows: 220; Colstart: 0; Colend: 10501; Cols: 10501;
Num-X: 1 ; Num-Y: 48 ; Resolution: 10500 ; Rank: 25 ; Rank-X: 0 ; Rank-Y: 25 ; Rowstart: 5475; Rowend: 5695; Rows: 220; Colstart: 0; Colend: 10501; Cols: 10501;
Num-X: 1 ; Num-Y: 48 ; Resolution: 10500 ; Rank: 26 ; Rank-X: 0 ; Rank-Y: 26 ; Rowstart: 5694; Rowend: 5914; Rows: 220; Colstart: 0; Colend: 10501; Cols: 10501;
Num-X: 1 ; Num-Y: 48 ; Resolution: 10500 ; Rank: 28 ; Rank-X: 0 ; Rank-Y: 28 ; Rowstart: 6132; Rowend: 6352; Rows: 220; Colstart: 0; Colend: 10501; Cols: 10501;
Num-X: 1 ; Num-Y: 48 ; Resolution: 10500 ; Rank: 29 ; Rank-X: 0 ; Rank-Y: 29 ; Rowstart: 6351; Rowend: 6571; Rows: 220; Colstart: 0; Colend: 10501; Cols: 10501;
Num-X: 1 ; Num-Y: 48 ; Resolution: 10500 ; Rank: 31 ; Rank-X: 0 ; Rank-Y: 31 ; Rowstart: 6789; Rowend: 7009; Rows: 220; Colstart: 0; Colend: 10501; Cols: 10501;
Num-X: 1 ; Num-Y: 48 ; Resolution: 10500 ; Rank: 46 ; Rank-X: 0 ; Rank-Y: 46 ; Rowstart: 10064; Rowend: 10283; Rows: 219; Colstart: 0; Colend: 10501; Cols: 10501;
Num-X: 1 ; Num-Y: 48 ; Resolution: 10500 ; Rank: 2 ; Rank-X: 0 ; Rank-Y: 2 ; Rowstart: 438; Rowend: 658; Rows: 220; Colstart: 0; Colend: 10501; Cols: 10501;
Num-X: 1 ; Num-Y: 48 ; Resolution: 10500 ; Rank: 5 ; Rank-X: 0 ; Rank-Y: 5 ; Rowstart: 1095; Rowend: 1315; Rows: 220; Colstart: 0; Colend: 10501; Cols: 10501;
Num-X: 1 ; Num-Y: 48 ; Resolution: 10500 ; Rank: 19 ; Rank-X: 0 ; Rank-Y: 19 ; Rowstart: 4161; Rowend: 4381; Rows: 220; Colstart: 0; Colend: 10501; Cols: 10501;
Num-X: 1 ; Num-Y: 48 ; Resolution: 10500 ; Rank: 20 ; Rank-X: 0 ; Rank-Y: 20 ; Rowstart: 4380; Rowend: 4600; Rows: 220; Colstart: 0; Colend: 10501; Cols: 10501;
Num-X: 1 ; Num-Y: 48 ; Resolution: 10500 ; Rank: 24 ; Rank-X: 0 ; Rank-Y: 24 ; Rowstart: 5256; Rowend: 5476; Rows: 220; Colstart: 0; Colend: 10501; Cols: 10501;
Num-X: 1 ; Num-Y: 48 ; Resolution: 10500 ; Rank: 32 ; Rank-X: 0 ; Rank-Y: 32 ; Rowstart: 7008; Rowend: 7228; Rows: 220; Colstart: 0; Colend: 10501; Cols: 10501;
Num-X: 1 ; Num-Y: 48 ; Resolution: 10500 ; Rank: 33 ; Rank-X: 0 ; Rank-Y: 33 ; Rowstart: 7227; Rowend: 7447; Rows: 220; Colstart: 0; Colend: 10501; Cols: 10501;
Num-X: 1 ; Num-Y: 48 ; Resolution: 10500 ; Rank: 34 ; Rank-X: 0 ; Rank-Y: 34 ; Rowstart: 7446; Rowend: 7666; Rows: 220; Colstart: 0; Colend: 10501; Cols: 10501;
Num-X: 1 ; Num-Y: 48 ; Resolution: 10500 ; Rank: 36 ; Rank-X: 0 ; Rank-Y: 36 ; Rowstart: 7884; Rowend: 8103; Rows: 219; Colstart: 0; Colend: 10501; Cols: 10501;
Num-X: 1 ; Num-Y: 48 ; Resolution: 10500 ; Rank: 38 ; Rank-X: 0 ; Rank-Y: 38 ; Rowstart: 8320; Rowend: 8539; Rows: 219; Colstart: 0; Colend: 10501; Cols: 10501;
Num-X: 1 ; Num-Y: 48 ; Resolution: 10500 ; Rank: 0 ; Rank-X: 0 ; Rank-Y: 0 ; Rowstart: 0; Rowend: 220; Rows: 220; Colstart: 0; Colend: 10501; Cols: 10501;
Num-X: 1 ; Num-Y: 48 ; Resolution: 10500 ; Rank: 27 ; Rank-X: 0 ; Rank-Y: 27 ; Rowstart: 5913; Rowend: 6133; Rows: 220; Colstart: 0; Colend: 10501; Cols: 10501;

Resolution: 10500
===================
Execution time: 0.255031
Residual: 4.925272

megaflops:  60522.1
  flop instructions (M):  15435.000

Num-X: 1 ; Num-Y: 48 ; Resolution: 12500 ; Rank: 2 ; Rank-X: 0 ; Rank-Y: 2 ; Rowstart: 522; Rowend: 784; Rows: 262; Colstart: 0; Colend: 12501; Cols: 12501;
Num-X: 1 ; Num-Y: 48 ; Resolution: 12500 ; Rank: 42 ; Rank-X: 0 ; Rank-Y: 42 ; Rowstart: 10940; Rowend: 11201; Rows: 261; Colstart: 0; Colend: 12501; Cols: 12501;
Num-X: 1 ; Num-Y: 48 ; Resolution: 12500 ; Rank: 5 ; Rank-X: 0 ; Rank-Y: 5 ; Rowstart: 1305; Rowend: 1567; Rows: 262; Colstart: 0; Colend: 12501; Cols: 12501;
Num-X: 1 ; Num-Y: 48 ; Resolution: 12500 ; Rank: 6 ; Rank-X: 0 ; Rank-Y: 6 ; Rowstart: 1566; Rowend: 1828; Rows: 262; Colstart: 0; Colend: 12501; Cols: 12501;
Num-X: 1 ; Num-Y: 48 ; Resolution: 12500 ; Rank: 7 ; Rank-X: 0 ; Rank-Y: 7 ; Rowstart: 1827; Rowend: 2089; Rows: 262; Colstart: 0; Colend: 12501; Cols: 12501;
Num-X: 1 ; Num-Y: 48 ; Resolution: 12500 ; Rank: 8 ; Rank-X: 0 ; Rank-Y: 8 ; Rowstart: 2088; Rowend: 2350; Rows: 262; Colstart: 0; Colend: 12501; Cols: 12501;
Num-X: 1 ; Num-Y: 48 ; Resolution: 12500 ; Rank: 9 ; Rank-X: 0 ; Rank-Y: 9 ; Rowstart: 2349; Rowend: 2611; Rows: 262; Colstart: 0; Colend: 12501; Cols: 12501;
Num-X: 1 ; Num-Y: 48 ; Resolution: 12500 ; Rank: 11 ; Rank-X: 0 ; Rank-Y: 11 ; Rowstart: 2871; Rowend: 3133; Rows: 262; Colstart: 0; Colend: 12501; Cols: 12501;
Num-X: 1 ; Num-Y: 48 ; Resolution: 12500 ; Rank: 14 ; Rank-X: 0 ; Rank-Y: 14 ; Rowstart: 3654; Rowend: 3916; Rows: 262; Colstart: 0; Colend: 12501; Cols: 12501;
Num-X: 1 ; Num-Y: 48 ; Resolution: 12500 ; Rank: 15 ; Rank-X: 0 ; Rank-Y: 15 ; Rowstart: 3915; Rowend: 4177; Rows: 262; Colstart: 0; Colend: 12501; Cols: 12501;
Num-X: 1 ; Num-Y: 48 ; Resolution: 12500 ; Rank: 16 ; Rank-X: 0 ; Rank-Y: 16 ; Rowstart: 4176; Rowend: 4438; Rows: 262; Colstart: 0; Colend: 12501; Cols: 12501;
Num-X: 1 ; Num-Y: 48 ; Resolution: 12500 ; Rank: 18 ; Rank-X: 0 ; Rank-Y: 18 ; Rowstart: 4698; Rowend: 4960; Rows: 262; Colstart: 0; Colend: 12501; Cols: 12501;
Num-X: 1 ; Num-Y: 48 ; Resolution: 12500 ; Rank: 19 ; Rank-X: 0 ; Rank-Y: 19 ; Rowstart: 4959; Rowend: 5221; Rows: 262; Colstart: 0; Colend: 12501; Cols: 12501;
Num-X: 1 ; Num-Y: 48 ; Resolution: 12500 ; Rank: 20 ; Rank-X: 0 ; Rank-Y: 20 ; Rowstart: 5220; Rowend: 5481; Rows: 261; Colstart: 0; Colend: 12501; Cols: 12501;
Num-X: 1 ; Num-Y: 48 ; Resolution: 12500 ; Rank: 21 ; Rank-X: 0 ; Rank-Y: 21 ; Rowstart: 5480; Rowend: 5741; Rows: 261; Colstart: 0; Colend: 12501; Cols: 12501;
Num-X: 1 ; Num-Y: 48 ; Resolution: 12500 ; Rank: 22 ; Rank-X: 0 ; Rank-Y: 22 ; Rowstart: 5740; Rowend: 6001; Rows: 261; Colstart: 0; Colend: 12501; Cols: 12501;
Num-X: 1 ; Num-Y: 48 ; Resolution: 12500 ; Rank: 23 ; Rank-X: 0 ; Rank-Y: 23 ; Rowstart: 6000; Rowend: 6261; Rows: 261; Colstart: 0; Colend: 12501; Cols: 12501;
Num-X: 1 ; Num-Y: 48 ; Resolution: 12500 ; Rank: 24 ; Rank-X: 0 ; Rank-Y: 24 ; Rowstart: 6260; Rowend: 6521; Rows: 261; Colstart: 0; Colend: 12501; Cols: 12501;
Num-X: 1 ; Num-Y: 48 ; Resolution: 12500 ; Rank: 25 ; Rank-X: 0 ; Rank-Y: 25 ; Rowstart: 6520; Rowend: 6781; Rows: 261; Colstart: 0; Colend: 12501; Cols: 12501;
Num-X: 1 ; Num-Y: 48 ; Resolution: 12500 ; Rank: 26 ; Rank-X: 0 ; Rank-Y: 26 ; Rowstart: 6780; Rowend: 7041; Rows: 261; Colstart: 0; Colend: 12501; Cols: 12501;
Num-X: 1 ; Num-Y: 48 ; Resolution: 12500 ; Rank: 27 ; Rank-X: 0 ; Rank-Y: 27 ; Rowstart: 7040; Rowend: 7301; Rows: 261; Colstart: 0; Colend: 12501; Cols: 12501;
Num-X: 1 ; Num-Y: 48 ; Resolution: 12500 ; Rank: 28 ; Rank-X: 0 ; Rank-Y: 28 ; Rowstart: 7300; Rowend: 7561; Rows: 261; Colstart: 0; Colend: 12501; Cols: 12501;
Num-X: 1 ; Num-Y: 48 ; Resolution: 12500 ; Rank: 29 ; Rank-X: 0 ; Rank-Y: 29 ; Rowstart: 7560; Rowend: 7821; Rows: 261; Colstart: 0; Colend: 12501; Cols: 12501;
Num-X: 1 ; Num-Y: 48 ; Resolution: 12500 ; Rank: 30 ; Rank-X: 0 ; Rank-Y: 30 ; Rowstart: 7820; Rowend: 8081; Rows: 261; Colstart: 0; Colend: 12501; Cols: 12501;
Num-X: 1 ; Num-Y: 48 ; Resolution: 12500 ; Rank: 31 ; Rank-X: 0 ; Rank-Y: 31 ; Rowstart: 8080; Rowend: 8341; Rows: 261; Colstart: 0; Colend: 12501; Cols: 12501;
Num-X: 1 ; Num-Y: 48 ; Resolution: 12500 ; Rank: 32 ; Rank-X: 0 ; Rank-Y: 32 ; Rowstart: 8340; Rowend: 8601; Rows: 261; Colstart: 0; Colend: 12501; Cols: 12501;
Num-X: 1 ; Num-Y: 48 ; Resolution: 12500 ; Rank: 33 ; Rank-X: 0 ; Rank-Y: 33 ; Rowstart: 8600; Rowend: 8861; Rows: 261; Colstart: 0; Colend: 12501; Cols: 12501;
Num-X: 1 ; Num-Y: 48 ; Resolution: 12500 ; Rank: 34 ; Rank-X: 0 ; Rank-Y: 34 ; Rowstart: 8860; Rowend: 9121; Rows: 261; Colstart: 0; Colend: 12501; Cols: 12501;
Num-X: 1 ; Num-Y: 48 ; Resolution: 12500 ; Rank: 35 ; Rank-X: 0 ; Rank-Y: 35 ; Rowstart: 9120; Rowend: 9381; Rows: 261; Colstart: 0; Colend: 12501; Cols: 12501;
Num-X: 1 ; Num-Y: 48 ; Resolution: 12500 ; Rank: 36 ; Rank-X: 0 ; Rank-Y: 36 ; Rowstart: 9380; Rowend: 9641; Rows: 261; Colstart: 0; Colend: 12501; Cols: 12501;
Num-X: 1 ; Num-Y: 48 ; Resolution: 12500 ; Rank: 37 ; Rank-X: 0 ; Rank-Y: 37 ; Rowstart: 9640; Rowend: 9901; Rows: 261; Colstart: 0; Colend: 12501; Cols: 12501;
Num-X: 1 ; Num-Y: 48 ; Resolution: 12500 ; Rank: 38 ; Rank-X: 0 ; Rank-Y: 38 ; Rowstart: 9900; Rowend: 10161; Rows: 261; Colstart: 0; Colend: 12501; Cols: 12501;
Num-X: 1 ; Num-Y: 48 ; Resolution: 12500 ; Rank: 39 ; Rank-X: 0 ; Rank-Y: 39 ; Rowstart: 10160; Rowend: 10421; Rows: 261; Colstart: 0; Colend: 12501; Cols: 12501;
Num-X: 1 ; Num-Y: 48 ; Resolution: 12500 ; Rank: 40 ; Rank-X: 0 ; Rank-Y: 40 ; Rowstart: 10420; Rowend: 10681; Rows: 261; Colstart: 0; Colend: 12501; Cols: 12501;
Num-X: 1 ; Num-Y: 48 ; Resolution: 12500 ; Rank: 41 ; Rank-X: 0 ; Rank-Y: 41 ; Rowstart: 10680; Rowend: 10941; Rows: 261; Colstart: 0; Colend: 12501; Cols: 12501;
Num-X: 1 ; Num-Y: 48 ; Resolution: 12500 ; Rank: 43 ; Rank-X: 0 ; Rank-Y: 43 ; Rowstart: 11200; Rowend: 11461; Rows: 261; Colstart: 0; Colend: 12501; Cols: 12501;
Num-X: 1 ; Num-Y: 48 ; Resolution: 12500 ; Rank: 44 ; Rank-X: 0 ; Rank-Y: 44 ; Rowstart: 11460; Rowend: 11721; Rows: 261; Colstart: 0; Colend: 12501; Cols: 12501;
Num-X: 1 ; Num-Y: 48 ; Resolution: 12500 ; Rank: 45 ; Rank-X: 0 ; Rank-Y: 45 ; Rowstart: 11720; Rowend: 11981; Rows: 261; Colstart: 0; Colend: 12501; Cols: 12501;
Num-X: 1 ; Num-Y: 48 ; Resolution: 12500 ; Rank: 46 ; Rank-X: 0 ; Rank-Y: 46 ; Rowstart: 11980; Rowend: 12241; Rows: 261; Colstart: 0; Colend: 12501; Cols: 12501;
Num-X: 1 ; Num-Y: 48 ; Resolution: 12500 ; Rank: 47 ; Rank-X: 0 ; Rank-Y: 47 ; Rowstart: 12240; Rowend: 12501; Rows: 261; Colstart: 0; Colend: 12501; Cols: 12501;
Num-X: 1 ; Num-Y: 48 ; Resolution: 12500 ; Rank: 0 ; Rank-X: 0 ; Rank-Y: 0 ; Rowstart: 0; Rowend: 262; Rows: 262; Colstart: 0; Colend: 12501; Cols: 12501;
Num-X: 1 ; Num-Y: 48 ; Resolution: 12500 ; Rank: 1 ; Rank-X: 0 ; Rank-Y: 1 ; Rowstart: 261; Rowend: 523; Rows: 262; Colstart: 0; Colend: 12501; Cols: 12501;
Num-X: 1 ; Num-Y: 48 ; Resolution: 12500 ; Rank: 3 ; Rank-X: 0 ; Rank-Y: 3 ; Rowstart: 783; Rowend: 1045; Rows: 262; Colstart: 0; Colend: 12501; Cols: 12501;
Num-X: 1 ; Num-Y: 48 ; Resolution: 12500 ; Rank: 4 ; Rank-X: 0 ; Rank-Y: 4 ; Rowstart: 1044; Rowend: 1306; Rows: 262; Colstart: 0; Colend: 12501; Cols: 12501;
Num-X: 1 ; Num-Y: 48 ; Resolution: 12500 ; Rank: 10 ; Rank-X: 0 ; Rank-Y: 10 ; Rowstart: 2610; Rowend: 2872; Rows: 262; Colstart: 0; Colend: 12501; Cols: 12501;
Num-X: 1 ; Num-Y: 48 ; Resolution: 12500 ; Rank: 12 ; Rank-X: 0 ; Rank-Y: 12 ; Rowstart: 3132; Rowend: 3394; Rows: 262; Colstart: 0; Colend: 12501; Cols: 12501;
Num-X: 1 ; Num-Y: 48 ; Resolution: 12500 ; Rank: 13 ; Rank-X: 0 ; Rank-Y: 13 ; Rowstart: 3393; Rowend: 3655; Rows: 262; Colstart: 0; Colend: 12501; Cols: 12501;
Num-X: 1 ; Num-Y: 48 ; Resolution: 12500 ; Rank: 17 ; Rank-X: 0 ; Rank-Y: 17 ; Rowstart: 4437; Rowend: 4699; Rows: 262; Colstart: 0; Colend: 12501; Cols: 12501;

Resolution: 12500
===================
Execution time: 0.362841
Residual: 5.863330

megaflops:  60288.1
  flop instructions (M):  21875.000
