Resolutions       : (200, 1200, ... 6200)
Iterations        : 40
Algorithm         : 0 (Jacobi)
Num. Heat sources : 2
   1: (0.00, 0.00) 1.00 1.00 
   2: (1.00, 1.00) 1.00 0.50 
Resolution:   200Resolution:   200, Time: 0.007 (0.018 GFlop => 2617.49 MFlop/s, residual 0.031825, 40 iterations)
Resolution:  1200Resolution:  1200, Time: 0.501 (0.634 GFlop => 1264.86 MFlop/s, residual 0.190962, 40 iterations)
Resolution:  2200Resolution:  2200, Time: 3.035 (2.130 GFlop => 701.57 MFlop/s, residual 0.349995, 40 iterations)
Resolution:  3200Resolution:  3200, Time: 6.607 (4.506 GFlop => 681.98 MFlop/s, residual 0.509021, 40 iterations)
Resolution:  4200Resolution:  4200, Time: 11.503 (7.762 GFlop => 674.73 MFlop/s, residual 0.668045, 40 iterations)
Resolution:  5200Resolution:  5200, Time: 17.825 (11.898 GFlop => 667.48 MFlop/s, residual 0.827068, 40 iterations)
Resolution:  6200Resolution:  6200, Time: 26.909 (16.914 GFlop => 628.56 MFlop/s, residual 0.986091, 40 iterations)
  200; 0.007; 2617.490
 1200; 0.501; 1264.857
 2200; 3.035; 701.573
 3200; 6.607; 681.978
 4200; 11.503; 674.732
 5200; 17.825; 667.482
 6200; 26.909; 628.559
Resolutions       : (200, 1200, ... 6200)
Iterations        : 40
Algorithm         : 0 (Jacobi)
Num. Heat sources : 2
   1: (0.00, 0.00) 1.00 1.00 
   2: (1.00, 1.00) 1.00 0.50 
Resolution:   200Resolution:   200, Time: 0.007 (0.018 GFlop => 2697.73 MFlop/s, residual 0.031825, 40 iterations)
Resolution:  1200Resolution:  1200, Time: 0.481 (0.634 GFlop => 1317.27 MFlop/s, residual 0.190962, 40 iterations)
Resolution:  2200Resolution:  2200, Time: 3.024 (2.130 GFlop => 704.13 MFlop/s, residual 0.349995, 40 iterations)
Resolution:  3200Resolution:  3200, Time: 6.634 (4.506 GFlop => 679.20 MFlop/s, residual 0.509021, 40 iterations)
Resolution:  4200Resolution:  4200, Time: 11.538 (7.762 GFlop => 672.69 MFlop/s, residual 0.668045, 40 iterations)
Resolution:  5200Resolution:  5200, Time: 17.677 (11.898 GFlop => 673.07 MFlop/s, residual 0.827068, 40 iterations)
Resolution:  6200Resolution:  6200, Time: 27.187 (16.914 GFlop => 622.13 MFlop/s, residual 0.986091, 40 iterations)
  200; 0.007; 2697.731
 1200; 0.481; 1317.272
 2200; 3.024; 704.129
 3200; 6.634; 679.199
 4200; 11.538; 672.685
 5200; 17.677; 673.067
 6200; 27.187; 622.127
