Resolutions       : (200, 1200, ... 6200)
Iterations        : 40
Algorithm         : 0 (Jacobi)
Num. Heat sources : 2
   1: (0.00, 0.00) 1.00 1.00 
   2: (1.00, 1.00) 1.00 0.50 
Resolution:   200Resolution:   200, Time: 0.006 (0.018 GFlop => 2721.97 MFlop/s, residual 0.031825, 40 iterations)
Resolution:  1200Resolution:  1200, Time: 0.484 (0.634 GFlop => 1310.36 MFlop/s, residual 0.190962, 40 iterations)
Resolution:  2200Resolution:  2200, Time: 3.122 (2.130 GFlop => 682.23 MFlop/s, residual 0.349995, 40 iterations)
Resolution:  3200Resolution:  3200, Time: 6.840 (4.506 GFlop => 658.71 MFlop/s, residual 0.509021, 40 iterations)
Resolution:  4200Resolution:  4200, Time: 11.815 (7.762 GFlop => 656.95 MFlop/s, residual 0.668045, 40 iterations)
Resolution:  5200Resolution:  5200, Time: 17.895 (11.898 GFlop => 664.87 MFlop/s, residual 0.827068, 40 iterations)
Resolution:  6200Resolution:  6200, Time: 27.279 (16.914 GFlop => 620.02 MFlop/s, residual 0.986091, 40 iterations)
  200; 0.006; 2721.967
 1200; 0.484; 1310.361
 2200; 3.122; 682.226
 3200; 6.840; 658.709
 4200; 11.815; 656.949
 5200; 17.895; 664.869
 6200; 27.279; 620.024
Resolutions       : (200, 1200, ... 6200)
Iterations        : 40
Algorithm         : 0 (Jacobi)
Num. Heat sources : 2
   1: (0.00, 0.00) 1.00 1.00 
   2: (1.00, 1.00) 1.00 0.50 
Resolution:   200Resolution:   200, Time: 0.007 (0.018 GFlop => 2514.64 MFlop/s, residual 0.031825, 40 iterations)
Resolution:  1200Resolution:  1200, Time: 0.492 (0.634 GFlop => 1288.61 MFlop/s, residual 0.190962, 40 iterations)
Resolution:  2200Resolution:  2200, Time: 3.085 (2.130 GFlop => 690.24 MFlop/s, residual 0.349995, 40 iterations)
Resolution:  3200Resolution:  3200, Time: 6.840 (4.506 GFlop => 658.75 MFlop/s, residual 0.509021, 40 iterations)
Resolution:  4200Resolution:  4200, Time: 11.883 (7.762 GFlop => 653.17 MFlop/s, residual 0.668045, 40 iterations)
Resolution:  5200Resolution:  5200, Time: 18.174 (11.898 GFlop => 654.63 MFlop/s, residual 0.827068, 40 iterations)
Resolution:  6200Resolution:  6200, Time: 27.623 (16.914 GFlop => 612.31 MFlop/s, residual 0.986091, 40 iterations)
  200; 0.007; 2514.639
 1200; 0.492; 1288.615
 2200; 3.085; 690.243
 3200; 6.840; 658.749
 4200; 11.883; 653.169
 5200; 18.174; 654.633
 6200; 27.623; 612.307
