Resolutions       : (200, 1200, ... 6200)
Iterations        : 40
Algorithm         : 0 (Jacobi)
Num. Heat sources : 2
   1: (0.00, 0.00) 1.00 1.00 
   2: (1.00, 1.00) 1.00 0.50 
Resolution:   200Resolution:   200, Time: 0.007 (0.018 GFlop => 2590.90 MFlop/s, residual 0.031825, 40 iterations)
Resolution:  1200Resolution:  1200, Time: 0.571 (0.634 GFlop => 1110.38 MFlop/s, residual 0.190962, 40 iterations)
Resolution:  2200Resolution:  2200, Time: 3.128 (2.130 GFlop => 680.87 MFlop/s, residual 0.349995, 40 iterations)
Resolution:  3200Resolution:  3200, Time: 6.859 (4.506 GFlop => 656.93 MFlop/s, residual 0.509021, 40 iterations)
Resolution:  4200Resolution:  4200, Time: 11.797 (7.762 GFlop => 657.95 MFlop/s, residual 0.668045, 40 iterations)
Resolution:  5200Resolution:  5200, Time: 18.141 (11.898 GFlop => 655.85 MFlop/s, residual 0.827068, 40 iterations)
Resolution:  6200Resolution:  6200, Time: 27.153 (16.914 GFlop => 622.90 MFlop/s, residual 0.986091, 40 iterations)
  200; 0.007; 2590.902
 1200; 0.571; 1110.377
 2200; 3.128; 680.874
 3200; 6.859; 656.933
 4200; 11.797; 657.946
 5200; 18.141; 655.851
 6200; 27.153; 622.904
Resolutions       : (200, 1200, ... 6200)
Iterations        : 40
Algorithm         : 0 (Jacobi)
Num. Heat sources : 2
   1: (0.00, 0.00) 1.00 1.00 
   2: (1.00, 1.00) 1.00 0.50 
Resolution:   200Resolution:   200, Time: 0.007 (0.018 GFlop => 2550.72 MFlop/s, residual 0.031825, 40 iterations)
Resolution:  1200Resolution:  1200, Time: 0.480 (0.634 GFlop => 1320.88 MFlop/s, residual 0.190962, 40 iterations)
Resolution:  2200Resolution:  2200, Time: 3.138 (2.130 GFlop => 678.71 MFlop/s, residual 0.349995, 40 iterations)
Resolution:  3200Resolution:  3200, Time: 6.782 (4.506 GFlop => 664.33 MFlop/s, residual 0.509021, 40 iterations)
Resolution:  4200Resolution:  4200, Time: 11.681 (7.762 GFlop => 664.47 MFlop/s, residual 0.668045, 40 iterations)
Resolution:  5200Resolution:  5200, Time: 17.768 (11.898 GFlop => 669.62 MFlop/s, residual 0.827068, 40 iterations)
Resolution:  6200Resolution:  6200, Time: 27.201 (16.914 GFlop => 621.81 MFlop/s, residual 0.986091, 40 iterations)
  200; 0.007; 2550.725
 1200; 0.480; 1320.875
 2200; 3.138; 678.706
 3200; 6.782; 664.326
 4200; 11.681; 664.466
 5200; 17.768; 669.622
 6200; 27.201; 621.809
