Resolutions       : (200, 1200, ... 6200)
Iterations        : 40
Algorithm         : 0 (Jacobi)
Num. Heat sources : 2
   1: (0.00, 0.00) 1.00 1.00 
   2: (1.00, 1.00) 1.00 0.50 
Resolution:   200Resolution:   200, Time: 0.006 (0.018 GFlop => 2963.96 MFlop/s, residual 0.031825, 40 iterations)
Resolution:  1200Resolution:  1200, Time: 0.453 (0.634 GFlop => 1397.48 MFlop/s, residual 0.190962, 40 iterations)
Resolution:  2200Resolution:  2200, Time: 3.014 (2.130 GFlop => 706.51 MFlop/s, residual 0.349995, 40 iterations)
Resolution:  3200Resolution:  3200, Time: 6.600 (4.506 GFlop => 682.63 MFlop/s, residual 0.509021, 40 iterations)
Resolution:  4200Resolution:  4200, Time: 11.410 (7.762 GFlop => 680.25 MFlop/s, residual 0.668045, 40 iterations)
Resolution:  5200Resolution:  5200, Time: 17.554 (11.898 GFlop => 677.78 MFlop/s, residual 0.827068, 40 iterations)
Resolution:  6200Resolution:  6200, Time: 26.036 (16.914 GFlop => 649.63 MFlop/s, residual 0.986091, 40 iterations)
  200; 0.006; 2963.961
 1200; 0.453; 1397.485
 2200; 3.014; 706.513
 3200; 6.600; 682.625
 4200; 11.410; 680.245
 5200; 17.554; 677.780
 6200; 26.036; 649.635
Resolutions       : (200, 1200, ... 6200)
Iterations        : 40
Algorithm         : 0 (Jacobi)
Num. Heat sources : 2
   1: (0.00, 0.00) 1.00 1.00 
   2: (1.00, 1.00) 1.00 0.50 
Resolution:   200Resolution:   200, Time: 0.006 (0.018 GFlop => 2943.14 MFlop/s, residual 0.031825, 40 iterations)
Resolution:  1200Resolution:  1200, Time: 0.443 (0.634 GFlop => 1431.44 MFlop/s, residual 0.190962, 40 iterations)
Resolution:  2200Resolution:  2200, Time: 3.031 (2.130 GFlop => 702.68 MFlop/s, residual 0.349995, 40 iterations)
Resolution:  3200Resolution:  3200, Time: 6.757 (4.506 GFlop => 666.81 MFlop/s, residual 0.509021, 40 iterations)
Resolution:  4200Resolution:  4200, Time: 11.592 (7.762 GFlop => 669.58 MFlop/s, residual 0.668045, 40 iterations)
Resolution:  5200Resolution:  5200, Time: 17.645 (11.898 GFlop => 674.29 MFlop/s, residual 0.827068, 40 iterations)
Resolution:  6200Resolution:  6200, Time: 27.076 (16.914 GFlop => 624.68 MFlop/s, residual 0.986091, 40 iterations)
  200; 0.006; 2943.144
 1200; 0.443; 1431.444
 2200; 3.031; 702.679
 3200; 6.757; 666.805
 4200; 11.592; 669.578
 5200; 17.645; 674.292
 6200; 27.076; 624.681
