Resolutions       : (200, 1200, ... 6200)
Iterations        : 40
Algorithm         : 0 (Jacobi)
Num. Heat sources : 2
   1: (0.00, 0.00) 1.00 1.00 
   2: (1.00, 1.00) 1.00 0.50 
Resolution:   200Resolution:   200, Time: 0.008 (0.018 GFlop => 2193.42 MFlop/s, residual 0.031825, 40 iterations)
Resolution:  1200Resolution:  1200, Time: 0.560 (0.634 GFlop => 1130.46 MFlop/s, residual 0.190962, 40 iterations)
Resolution:  2200Resolution:  2200, Time: 3.228 (2.130 GFlop => 659.82 MFlop/s, residual 0.349995, 40 iterations)
Resolution:  3200Resolution:  3200, Time: 6.977 (4.506 GFlop => 645.77 MFlop/s, residual 0.509021, 40 iterations)
Resolution:  4200Resolution:  4200, Time: 12.104 (7.762 GFlop => 641.22 MFlop/s, residual 0.668045, 40 iterations)
Resolution:  5200Resolution:  5200, Time: 19.289 (11.898 GFlop => 616.80 MFlop/s, residual 0.827068, 40 iterations)
Resolution:  6200Resolution:  6200, Time: 27.990 (16.914 GFlop => 604.28 MFlop/s, residual 0.986091, 40 iterations)
  200; 0.008; 2193.420
 1200; 0.560; 1130.464
 2200; 3.228; 659.818
 3200; 6.977; 645.770
 4200; 12.104; 641.219
 5200; 19.289; 616.801
 6200; 27.990; 604.275
Resolutions       : (200, 1200, ... 6200)
Iterations        : 40
Algorithm         : 0 (Jacobi)
Num. Heat sources : 2
   1: (0.00, 0.00) 1.00 1.00 
   2: (1.00, 1.00) 1.00 0.50 
Resolution:   200Resolution:   200, Time: 0.008 (0.018 GFlop => 2198.63 MFlop/s, residual 0.031825, 40 iterations)
Resolution:  1200Resolution:  1200, Time: 0.494 (0.634 GFlop => 1281.77 MFlop/s, residual 0.190962, 40 iterations)
Resolution:  2200Resolution:  2200, Time: 3.212 (2.130 GFlop => 662.95 MFlop/s, residual 0.349995, 40 iterations)
Resolution:  3200Resolution:  3200, Time: 6.971 (4.506 GFlop => 646.31 MFlop/s, residual 0.509021, 40 iterations)
Resolution:  4200Resolution:  4200, Time: 12.115 (7.762 GFlop => 640.64 MFlop/s, residual 0.668045, 40 iterations)
Resolution:  5200Resolution:  5200, Time: 19.127 (11.898 GFlop => 622.04 MFlop/s, residual 0.827068, 40 iterations)
Resolution:  6200Resolution:  6200, Time: 27.816 (16.914 GFlop => 608.05 MFlop/s, residual 0.986091, 40 iterations)
  200; 0.008; 2198.626
 1200; 0.494; 1281.771
 2200; 3.212; 662.946
 3200; 6.971; 646.314
 4200; 12.115; 640.636
 5200; 19.127; 622.036
 6200; 27.816; 608.048
