Resolutions       : (200, 1200, ... 6200)
Iterations        : 40
Algorithm         : 0 (Jacobi)
Num. Heat sources : 2
   1: (0.00, 0.00) 1.00 1.00 
   2: (1.00, 1.00) 1.00 0.50 
Resolution:   200Resolution:   200, Time: 0.006 (0.018 GFlop => 3013.70 MFlop/s, residual 0.031825, 40 iterations)
Resolution:  1200Resolution:  1200, Time: 0.554 (0.634 GFlop => 1143.67 MFlop/s, residual 0.190962, 40 iterations)
Resolution:  2200Resolution:  2200, Time: 3.045 (2.130 GFlop => 699.33 MFlop/s, residual 0.349995, 40 iterations)
Resolution:  3200Resolution:  3200, Time: 6.626 (4.506 GFlop => 680.03 MFlop/s, residual 0.509021, 40 iterations)
Resolution:  4200Resolution:  4200, Time: 11.482 (7.762 GFlop => 676.01 MFlop/s, residual 0.668045, 40 iterations)
Resolution:  5200Resolution:  5200, Time: 17.403 (11.898 GFlop => 683.64 MFlop/s, residual 0.827068, 40 iterations)
Resolution:  6200Resolution:  6200, Time: 26.340 (16.914 GFlop => 642.12 MFlop/s, residual 0.986091, 40 iterations)
  200; 0.006; 3013.699
 1200; 0.554; 1143.670
 2200; 3.045; 699.335
 3200; 6.626; 680.029
 4200; 11.482; 676.007
 5200; 17.403; 683.635
 6200; 26.340; 642.121
Resolutions       : (200, 1200, ... 6200)
Iterations        : 40
Algorithm         : 0 (Jacobi)
Num. Heat sources : 2
   1: (0.00, 0.00) 1.00 1.00 
   2: (1.00, 1.00) 1.00 0.50 
Resolution:   200Resolution:   200, Time: 0.006 (0.018 GFlop => 2961.97 MFlop/s, residual 0.031825, 40 iterations)
Resolution:  1200Resolution:  1200, Time: 0.498 (0.634 GFlop => 1273.31 MFlop/s, residual 0.190962, 40 iterations)
Resolution:  2200Resolution:  2200, Time: 3.022 (2.130 GFlop => 704.70 MFlop/s, residual 0.349995, 40 iterations)
Resolution:  3200Resolution:  3200, Time: 6.665 (4.506 GFlop => 676.04 MFlop/s, residual 0.509021, 40 iterations)
Resolution:  4200Resolution:  4200, Time: 11.505 (7.762 GFlop => 674.65 MFlop/s, residual 0.668045, 40 iterations)
Resolution:  5200Resolution:  5200, Time: 17.499 (11.898 GFlop => 679.89 MFlop/s, residual 0.827068, 40 iterations)
Resolution:  6200Resolution:  6200, Time: 26.249 (16.914 GFlop => 644.35 MFlop/s, residual 0.986091, 40 iterations)
  200; 0.006; 2961.966
 1200; 0.498; 1273.307
 2200; 3.022; 704.700
 3200; 6.665; 676.040
 4200; 11.505; 674.650
 5200; 17.499; 679.886
 6200; 26.249; 644.346
