Plugin perfevent: Sensors stopped
PAPI-HL Info: PAPI has been initiated!
PAPI-HL Info: Using the following events:
  PAPI_L2_TCM
  PAPI_L2_TCA
  PAPI_L3_TCM
  PAPI_L3_TCA
  200; 0.207; 85.107
 1200; 0.084; 7528.253
 2200; 0.378; 5636.621
 3200; 0.863; 5223.721
 4200; 1.520; 5106.648
 5200; 2.379; 5000.490
 6200; 3.440; 4916.148
PAPI-HL Info: Print results...


PAPI-HL Output:
{
  "cpu in mhz":"2701",
  "threads":[
    {
      "id":"2367804",
      "regions":[
        {
          "200":{
            "region_count":"1",
            "cycles":"3842982",
            "PAPI_L2_TCM":"10658",
            "PAPI_L2_TCA":"348383",
            "PAPI_L3_TCM":"2754",
            "PAPI_L3_TCA":"10658"
          }
        },
        {
          "1200":{
            "region_count":"1",
            "cycles":"226689818",
            "PAPI_L2_TCM":"21494926",
            "PAPI_L2_TCA":"24029318",
            "PAPI_L3_TCM":"950699",
            "PAPI_L3_TCA":"21494926"
          }
        },
        {
          "2200":{
            "region_count":"1",
            "cycles":"1017681754",
            "PAPI_L2_TCM":"72412576",
            "PAPI_L2_TCA":"106813848",
            "PAPI_L3_TCM":"42272695",
            "PAPI_L3_TCA":"72412576"
          }
        },
        {
          "3200":{
            "region_count":"1",
            "cycles":"2323317036",
            "PAPI_L2_TCM":"153053283",
            "PAPI_L2_TCA":"233604128",
            "PAPI_L3_TCM":"121906471",
            "PAPI_L3_TCA":"153053283"
          }
        },
        {
          "4200":{
            "region_count":"1",
            "cycles":"4094047896",
            "PAPI_L2_TCM":"263758392",
            "PAPI_L2_TCA":"407717995",
            "PAPI_L3_TCM":"231608036",
            "PAPI_L3_TCA":"263758392"
          }
        },
        {
          "5200":{
            "region_count":"1",
            "cycles":"6408930576",
            "PAPI_L2_TCM":"404168601",
            "PAPI_L2_TCA":"628181130",
            "PAPI_L3_TCM":"371028183",
            "PAPI_L3_TCA":"404168601"
          }
        },
        {
          "6200":{
            "region_count":"1",
            "cycles":"9267238146",
            "PAPI_L2_TCM":"574574331",
            "PAPI_L2_TCA":"889366556",
            "PAPI_L3_TCM":"540139083",
            "PAPI_L3_TCA":"574574331"
          }
        }
      ]
    }
  ]
}

