Plugin perfevent: Sensors stopped
PAPI-HL Info: PAPI has been initiated!
PAPI-HL Info: Using the following events:
  perf::TASK-CLOCK
  PAPI_VEC_DP
  PAPI_DP_OPS
  200; 0.158; 111.484
 1200; 0.088; 7238.669
 2200; 0.459; 4644.507
 3200; 1.061; 4246.623
 4200; 1.578; 4919.205
 5200; 2.429; 4898.508
 6200; 3.488; 4848.907
PAPI-HL Info: Print results...


PAPI-HL Output:
{
  "cpu in mhz":"2701",
  "threads":[
    {
      "id":"578186",
      "regions":[
        {
          "200":{
            "region_count":"1",
            "cycles":"4105844",
            "perf::TASK-CLOCK":"1524828",
            "PAPI_VEC_DP":"2288169",
            "PAPI_DP_OPS":"18305289"
          }
        },
        {
          "1200":{
            "region_count":"1",
            "cycles":"235757850",
            "perf::TASK-CLOCK":"87522649",
            "PAPI_VEC_DP":"79728169",
            "PAPI_DP_OPS":"637825289"
          }
        },
        {
          "2200":{
            "region_count":"1",
            "cycles":"1235069638",
            "perf::TASK-CLOCK":"458505656",
            "PAPI_VEC_DP":"267168169",
            "PAPI_DP_OPS":"2137345289"
          }
        },
        {
          "3200":{
            "region_count":"1",
            "cycles":"2857881914",
            "perf::TASK-CLOCK":"1060931002",
            "PAPI_VEC_DP":"564608169",
            "PAPI_DP_OPS":"4516865289"
          }
        },
        {
          "4200":{
            "region_count":"1",
            "cycles":"4250050922",
            "perf::TASK-CLOCK":"1577699609",
            "PAPI_VEC_DP":"972048169",
            "PAPI_DP_OPS":"7776385289"
          }
        },
        {
          "5200":{
            "region_count":"1",
            "cycles":"6542354912",
            "perf::TASK-CLOCK":"2428702868",
            "PAPI_VEC_DP":"1489488169",
            "PAPI_DP_OPS":"11915905289"
          }
        },
        {
          "6200":{
            "region_count":"1",
            "cycles":"9395755806",
            "perf::TASK-CLOCK":"3488017387",
            "PAPI_VEC_DP":"2116928169",
            "PAPI_DP_OPS":"16935425289"
          }
        }
      ]
    }
  ]
}

