mpiexec -genv I_MPI_DEBUG=4 -n 48
[0] MPI startup(): Intel(R) MPI Library, Version 2019 Update 8  Build 20200624 (id: 4f16ad915)
[0] MPI startup(): Copyright (C) 2003-2020 Intel Corporation.  All rights reserved.
[0] MPI startup(): library kind: release
[0] MPI startup(): libfabric version: 1.10.1-impi
[0] MPI startup(): libfabric provider: psm2
[0] MPI startup(): Rank    Pid      Node name     Pin cpu
[0] MPI startup(): 0       3791003  i01r01c01s05  {0,1,2,3,48,49,50,51}
[0] MPI startup(): 1       3791004  i01r01c01s05  {4,5,6,7,52,53,54,55}
[0] MPI startup(): 2       3791005  i01r01c01s05  {8,9,10,11,56,57,58,59}
[0] MPI startup(): 3       3791006  i01r01c01s05  {12,13,14,15,60,61,62,63}
[0] MPI startup(): 4       3791007  i01r01c01s05  {16,17,18,19,64,65,66,67}
[0] MPI startup(): 5       3791008  i01r01c01s05  {20,21,22,23,68,69,70,71}
[0] MPI startup(): 6       3791009  i01r01c01s05  {24,25,26,27,72,73,74,75}
[0] MPI startup(): 7       3791010  i01r01c01s05  {28,29,30,31,76,77,78,79}
[0] MPI startup(): 8       3791011  i01r01c01s05  {32,33,34,35,80,81,82,83}
[0] MPI startup(): 9       3791012  i01r01c01s05  {36,37,38,39,84,85,86,87}
[0] MPI startup(): 10      3791013  i01r01c01s05  {40,41,42,43,88,89,90,91}
[0] MPI startup(): 11      3791014  i01r01c01s05  {44,45,46,47,92,93,94,95}
[0] MPI startup(): 12      2686169  i01r01c01s06  {0,1,2,3,48,49,50,51}
[0] MPI startup(): 13      2686170  i01r01c01s06  {4,5,6,7,52,53,54,55}
[0] MPI startup(): 14      2686171  i01r01c01s06  {8,9,10,11,56,57,58,59}
[0] MPI startup(): 15      2686172  i01r01c01s06  {12,13,14,15,60,61,62,63}
[0] MPI startup(): 16      2686173  i01r01c01s06  {16,17,18,19,64,65,66,67}
[0] MPI startup(): 17      2686174  i01r01c01s06  {20,21,22,23,68,69,70,71}
[0] MPI startup(): 18      2686175  i01r01c01s06  {24,25,26,27,72,73,74,75}
[0] MPI startup(): 19      2686176  i01r01c01s06  {28,29,30,31,76,77,78,79}
[0] MPI startup(): 20      2686177  i01r01c01s06  {32,33,34,35,80,81,82,83}
[0] MPI startup(): 21      2686178  i01r01c01s06  {36,37,38,39,84,85,86,87}
[0] MPI startup(): 22      2686179  i01r01c01s06  {40,41,42,43,88,89,90,91}
[0] MPI startup(): 23      2686180  i01r01c01s06  {44,45,46,47,92,93,94,95}
[0] MPI startup(): 24      2968708  i01r01c01s07  {0,1,2,3,48,49,50,51}
[0] MPI startup(): 25      2968709  i01r01c01s07  {4,5,6,7,52,53,54,55}
[0] MPI startup(): 26      2968710  i01r01c01s07  {8,9,10,11,56,57,58,59}
[0] MPI startup(): 27      2968711  i01r01c01s07  {12,13,14,15,60,61,62,63}
[0] MPI startup(): 28      2968712  i01r01c01s07  {16,17,18,19,64,65,66,67}
[0] MPI startup(): 29      2968713  i01r01c01s07  {20,21,22,23,68,69,70,71}
[0] MPI startup(): 30      2968714  i01r01c01s07  {24,25,26,27,72,73,74,75}
[0] MPI startup(): 31      2968715  i01r01c01s07  {28,29,30,31,76,77,78,79}
[0] MPI startup(): 32      2968716  i01r01c01s07  {32,33,34,35,80,81,82,83}
[0] MPI startup(): 33      2968717  i01r01c01s07  {36,37,38,39,84,85,86,87}
[0] MPI startup(): 34      2968718  i01r01c01s07  {40,41,42,43,88,89,90,91}
[0] MPI startup(): 35      2968719  i01r01c01s07  {44,45,46,47,92,93,94,95}
[0] MPI startup(): 36      2316960  i01r01c01s08  {0,1,2,3,48,49,50,51}
[0] MPI startup(): 37      2316961  i01r01c01s08  {4,5,6,7,52,53,54,55}
[0] MPI startup(): 38      2316962  i01r01c01s08  {8,9,10,11,56,57,58,59}
[0] MPI startup(): 39      2316963  i01r01c01s08  {12,13,14,15,60,61,62,63}
[0] MPI startup(): 40      2316964  i01r01c01s08  {16,17,18,19,64,65,66,67}
[0] MPI startup(): 41      2316965  i01r01c01s08  {20,21,22,23,68,69,70,71}
[0] MPI startup(): 42      2316966  i01r01c01s08  {24,25,26,27,72,73,74,75}
[0] MPI startup(): 43      2316967  i01r01c01s08  {28,29,30,31,76,77,78,79}
[0] MPI startup(): 44      2316968  i01r01c01s08  {32,33,34,35,80,81,82,83}
[0] MPI startup(): 45      2316969  i01r01c01s08  {36,37,38,39,84,85,86,87}
[0] MPI startup(): 46      2316970  i01r01c01s08  {40,41,42,43,88,89,90,91}
[0] MPI startup(): 47      2316971  i01r01c01s08  {44,45,46,47,92,93,94,95}

4 processes distributed in X-direction
 12 ; processes distributed in Y-direction
Resolutions       : (12500, 13500, ... 12500)
Iterations        : 20
Num. Heat sources : 2
   1: (0.00, 0.00) 1.00 1.00 
   2: (1.00, 1.00) 1.00 0.50 
rank= 0 coords= 0 0 neighbours(up,down,left,right)= -1 12 -1 1
rank= 24 coords= 2 0 neighbours(up,down,left,right)= 12 36 -1 25
rank= 1 coords= 0 1 neighbours(up,down,left,right)= -1 13 0 2
rank= 12 coords= 1 0 neighbours(up,down,left,right)= 0 24 -1 13
rank= 32 coords= 2 8 neighbours(up,down,left,right)= 20 44 31 33
rank= 36 coords= 3 0 neighbours(up,down,left,right)= 24 -1 -1 37
rank= 2 coords= 0 2 neighbours(up,down,left,right)= -1 14 1 3
rank= 13 coords= 1 1 neighbours(up,down,left,right)= 1 25 12 14
rank= 35 coords= 2 11 neighbours(up,down,left,right)= 23 47 34 -1
rank= 37 coords= 3 1 neighbours(up,down,left,right)= 25 -1 36 38
rank= 3 coords= 0 3 neighbours(up,down,left,right)= -1 15 2 4
rank= 14 coords= 1 2 neighbours(up,down,left,right)= 2 26 13 15
rank= 25 coords= 2 1 neighbours(up,down,left,right)= 13 37 24 26
rank= 38 coords= 3 2 neighbours(up,down,left,right)= 26 -1 37 39
rank= 4 coords= 0 4 neighbours(up,down,left,right)= -1 16 3 5
rank= 15 coords= 1 3 neighbours(up,down,left,right)= 3 27 14 16
rank= 26 coords= 2 2 neighbours(up,down,left,right)= 14 38 25 27
rank= 39 coords= 3 3 neighbours(up,down,left,right)= 27 -1 38 40
rank= 5 coords= 0 5 neighbours(up,down,left,right)= -1 17 4 6
rank= 16 coords= 1 4 neighbours(up,down,left,right)= 4 28 15 17
rank= 40 coords= 3 4 neighbours(up,down,left,right)= 28 -1 39 41
rank= 6 coords= 0 6 neighbours(up,down,left,right)= -1 18 5 7
rank= 27 coords= 2 3 neighbours(up,down,left,right)= 15 39 26 28
rank= 7 coords= 0 7 neighbours(up,down,left,right)= -1 19 6 8
rank= 28 coords= 2 4 neighbours(up,down,left,right)= 16 40 27 29
rank= 8 coords= 0 8 neighbours(up,down,left,right)= -1 20 7 9
rank= 29 coords= 2 5 neighbours(up,down,left,right)= 17 41 28 30
rank= 41 coords= 3 5 neighbours(up,down,left,right)= 29 -1 40 42
rank= 9 coords= 0 9 neighbours(up,down,left,right)= -1 21 8 10
rank= 30 coords= 2 6 neighbours(up,down,left,right)= 18 42 29 31
rank= 42 coords= 3 6 neighbours(up,down,left,right)= 30 -1 41 43
rank= 10 coords= 0 10 neighbours(up,down,left,right)= -1 22 9 11
rank= 31 coords= 2 7 neighbours(up,down,left,right)= 19 43 30 32
rank= 43 coords= 3 7 neighbours(up,down,left,right)= 31 -1 42 44
rank= 11 coords= 0 11 neighbours(up,down,left,right)= -1 23 10 -1
rank= 17 coords= 1 5 neighbours(up,down,left,right)= 5 29 16 18
rank= 33 coords= 2 9 neighbours(up,down,left,right)= 21 45 32 34
rank= 44 coords= 3 8 neighbours(up,down,left,right)= 32 -1 43 45
rank= 18 coords= 1 6 neighbours(up,down,left,right)= 6 30 17 19
rank= 34 coords= 2 10 neighbours(up,down,left,right)= 22 46 33 35
rank= 45 coords= 3 9 neighbours(up,down,left,right)= 33 -1 44 46
rank= 19 coords= 1 7 neighbours(up,down,left,right)= 7 31 18 20
rank= 46 coords= 3 10 neighbours(up,down,left,right)= 34 -1 45 47
rank= 20 coords= 1 8 neighbours(up,down,left,right)= 8 32 19 21
rank= 47 coords= 3 11 neighbours(up,down,left,right)= 35 -1 46 -1
rank= 21 coords= 1 9 neighbours(up,down,left,right)= 9 33 20 22
rank= 22 coords= 1 10 neighbours(up,down,left,right)= 10 34 21 23
rank= 23 coords= 1 11 neighbours(up,down,left,right)= 11 35 22 -1

Num-X: 4 ; Num-Y: 12 ; Resolution: 12500 ; Rank: 6 ; Rank-X: 0 ; Rank-Y: 6 ; Rowstart: 0; Rowend: 3126; Rows: 3126; Colstart: 6252; Colend: 7295; Cols: 1043;
Num-X: 4 ; Num-Y: 12 ; Resolution: 12500 ; Rank: 8 ; Rank-X: 0 ; Rank-Y: 8 ; Rowstart: 0; Rowend: 3126; Rows: 3126; Colstart: 8336; Colend: 9379; Cols: 1043;
Num-X: 4 ; Num-Y: 12 ; Resolution: 12500 ; Rank: 2 ; Rank-X: 0 ; Rank-Y: 2 ; Rowstart: 0; Rowend: 3126; Rows: 3126; Colstart: 2084; Colend: 3127; Cols: 1043;
Num-X: 4 ; Num-Y: 12 ; Resolution: 12500 ; Rank: 4 ; Rank-X: 0 ; Rank-Y: 4 ; Rowstart: 0; Rowend: 3126; Rows: 3126; Colstart: 4168; Colend: 5211; Cols: 1043;
Num-X: 4 ; Num-Y: 12 ; Resolution: 12500 ; Rank: 7 ; Rank-X: 0 ; Rank-Y: 7 ; Rowstart: 0; Rowend: 3126; Rows: 3126; Colstart: 7294; Colend: 8337; Cols: 1043;
Num-X: 4 ; Num-Y: 12 ; Resolution: 12500 ; Rank: 16 ; Rank-X: 1 ; Rank-Y: 4 ; Rowstart: 3125; Rowend: 6251; Rows: 3126; Colstart: 4168; Colend: 5211; Cols: 1043;
Num-X: 4 ; Num-Y: 12 ; Resolution: 12500 ; Rank: 5 ; Rank-X: 0 ; Rank-Y: 5 ; Rowstart: 0; Rowend: 3126; Rows: 3126; Colstart: 5210; Colend: 6253; Cols: 1043;
Num-X: 4 ; Num-Y: 12 ; Resolution: 12500 ; Rank: 12 ; Rank-X: 1 ; Rank-Y: 0 ; Rowstart: 3125; Rowend: 6251; Rows: 3126; Colstart: 0; Colend: 1043; Cols: 1043;
Num-X: 4 ; Num-Y: 12 ; Resolution: 12500 ; Rank: 40 ; Rank-X: 3 ; Rank-Y: 4 ; Rowstart: 9375; Rowend: 12501; Rows: 3126; Colstart: 4168; Colend: 5211; Cols: 1043;
Num-X: 4 ; Num-Y: 12 ; Resolution: 12500 ; Rank: 10 ; Rank-X: 0 ; Rank-Y: 10 ; Rowstart: 0; Rowend: 3126; Rows: 3126; Colstart: 10420; Colend: 11463; Cols: 1043;
Num-X: 4 ; Num-Y: 12 ; Resolution: 12500 ; Rank: 19 ; Rank-X: 1 ; Rank-Y: 7 ; Rowstart: 3125; Rowend: 6251; Rows: 3126; Colstart: 7294; Colend: 8337; Cols: 1043;
Num-X: 4 ; Num-Y: 12 ; Resolution: 12500 ; Rank: 26 ; Rank-X: 2 ; Rank-Y: 2 ; Rowstart: 6250; Rowend: 9376; Rows: 3126; Colstart: 2084; Colend: 3127; Cols: 1043;
Num-X: 4 ; Num-Y: 12 ; Resolution: 12500 ; Rank: 46 ; Rank-X: 3 ; Rank-Y: 10 ; Rowstart: 9375; Rowend: 12501; Rows: 3126; Colstart: 10420; Colend: 11463; Cols: 1043;
Num-X: 4 ; Num-Y: 12 ; Resolution: 12500 ; Rank: 1 ; Rank-X: 0 ; Rank-Y: 1 ; Rowstart: 0; Rowend: 3126; Rows: 3126; Colstart: 1042; Colend: 2085; Cols: 1043;
Num-X: 4 ; Num-Y: 12 ; Resolution: 12500 ; Rank: 20 ; Rank-X: 1 ; Rank-Y: 8 ; Rowstart: 3125; Rowend: 6251; Rows: 3126; Colstart: 8336; Colend: 9379; Cols: 1043;
Num-X: 4 ; Num-Y: 12 ; Resolution: 12500 ; Rank: 28 ; Rank-X: 2 ; Rank-Y: 4 ; Rowstart: 6250; Rowend: 9376; Rows: 3126; Colstart: 4168; Colend: 5211; Cols: 1043;
Num-X: 4 ; Num-Y: 12 ; Resolution: 12500 ; Rank: 38 ; Rank-X: 3 ; Rank-Y: 2 ; Rowstart: 9375; Rowend: 12501; Rows: 3126; Colstart: 2084; Colend: 3127; Cols: 1043;
Num-X: 4 ; Num-Y: 12 ; Resolution: 12500 ; Rank: 9 ; Rank-X: 0 ; Rank-Y: 9 ; Rowstart: 0; Rowend: 3126; Rows: 3126; Colstart: 9378; Colend: 10421; Cols: 1043;
Num-X: 4 ; Num-Y: 12 ; Resolution: 12500 ; Rank: 22 ; Rank-X: 1 ; Rank-Y: 10 ; Rowstart: 3125; Rowend: 6251; Rows: 3126; Colstart: 10420; Colend: 11463; Cols: 1043;
Num-X: 4 ; Num-Y: 12 ; Resolution: 12500 ; Rank: 31 ; Rank-X: 2 ; Rank-Y: 7 ; Rowstart: 6250; Rowend: 9376; Rows: 3126; Colstart: 7294; Colend: 8337; Cols: 1043;
Num-X: 4 ; Num-Y: 12 ; Resolution: 12500 ; Rank: 41 ; Rank-X: 3 ; Rank-Y: 5 ; Rowstart: 9375; Rowend: 12501; Rows: 3126; Colstart: 5210; Colend: 6253; Cols: 1043;
Num-X: 4 ; Num-Y: 12 ; Resolution: 12500 ; Rank: 14 ; Rank-X: 1 ; Rank-Y: 2 ; Rowstart: 3125; Rowend: 6251; Rows: 3126; Colstart: 2084; Colend: 3127; Cols: 1043;
Num-X: 4 ; Num-Y: 12 ; Resolution: 12500 ; Rank: 32 ; Rank-X: 2 ; Rank-Y: 8 ; Rowstart: 6250; Rowend: 9376; Rows: 3126; Colstart: 8336; Colend: 9379; Cols: 1043;
Num-X: 4 ; Num-Y: 12 ; Resolution: 12500 ; Rank: 43 ; Rank-X: 3 ; Rank-Y: 7 ; Rowstart: 9375; Rowend: 12501; Rows: 3126; Colstart: 7294; Colend: 8337; Cols: 1043;
Num-X: 4 ; Num-Y: 12 ; Resolution: 12500 ; Rank: 13 ; Rank-X: 1 ; Rank-Y: 1 ; Rowstart: 3125; Rowend: 6251; Rows: 3126; Colstart: 1042; Colend: 2085; Cols: 1043;
Num-X: 4 ; Num-Y: 12 ; Resolution: 12500 ; Rank: 27 ; Rank-X: 2 ; Rank-Y: 3 ; Rowstart: 6250; Rowend: 9376; Rows: 3126; Colstart: 3126; Colend: 4169; Cols: 1043;
Num-X: 4 ; Num-Y: 12 ; Resolution: 12500 ; Rank: 44 ; Rank-X: 3 ; Rank-Y: 8 ; Rowstart: 9375; Rowend: 12501; Rows: 3126; Colstart: 8336; Colend: 9379; Cols: 1043;
Num-X: 4 ; Num-Y: 12 ; Resolution: 12500 ; Rank: 17 ; Rank-X: 1 ; Rank-Y: 5 ; Rowstart: 3125; Rowend: 6251; Rows: 3126; Colstart: 5210; Colend: 6253; Cols: 1043;
Num-X: 4 ; Num-Y: 12 ; Resolution: 12500 ; Rank: 29 ; Rank-X: 2 ; Rank-Y: 5 ; Rowstart: 6250; Rowend: 9376; Rows: 3126; Colstart: 5210; Colend: 6253; Cols: 1043;
Num-X: 4 ; Num-Y: 12 ; Resolution: 12500 ; Rank: 42 ; Rank-X: 3 ; Rank-Y: 6 ; Rowstart: 9375; Rowend: 12501; Rows: 3126; Colstart: 6252; Colend: 7295; Cols: 1043;
Num-X: 4 ; Num-Y: 12 ; Resolution: 12500 ; Rank: 18 ; Rank-X: 1 ; Rank-Y: 6 ; Rowstart: 3125; Rowend: 6251; Rows: 3126; Colstart: 6252; Colend: 7295; Cols: 1043;
Num-X: 4 ; Num-Y: 12 ; Resolution: 12500 ; Rank: 33 ; Rank-X: 2 ; Rank-Y: 9 ; Rowstart: 6250; Rowend: 9376; Rows: 3126; Colstart: 9378; Colend: 10421; Cols: 1043;
Num-X: 4 ; Num-Y: 12 ; Resolution: 12500 ; Rank: 37 ; Rank-X: 3 ; Rank-Y: 1 ; Rowstart: 9375; Rowend: 12501; Rows: 3126; Colstart: 1042; Colend: 2085; Cols: 1043;
Num-X: 4 ; Num-Y: 12 ; Resolution: 12500 ; Rank: 21 ; Rank-X: 1 ; Rank-Y: 9 ; Rowstart: 3125; Rowend: 6251; Rows: 3126; Colstart: 9378; Colend: 10421; Cols: 1043;
Num-X: 4 ; Num-Y: 12 ; Resolution: 12500 ; Rank: 34 ; Rank-X: 2 ; Rank-Y: 10 ; Rowstart: 6250; Rowend: 9376; Rows: 3126; Colstart: 10420; Colend: 11463; Cols: 1043;
Num-X: 4 ; Num-Y: 12 ; Resolution: 12500 ; Rank: 45 ; Rank-X: 3 ; Rank-Y: 9 ; Rowstart: 9375; Rowend: 12501; Rows: 3126; Colstart: 9378; Colend: 10421; Cols: 1043;
Num-X: 4 ; Num-Y: 12 ; Resolution: 12500 ; Rank: 15 ; Rank-X: 1 ; Rank-Y: 3 ; Rowstart: 3125; Rowend: 6251; Rows: 3126; Colstart: 3126; Colend: 4169; Cols: 1043;
Num-X: 4 ; Num-Y: 12 ; Resolution: 12500 ; Rank: 25 ; Rank-X: 2 ; Rank-Y: 1 ; Rowstart: 6250; Rowend: 9376; Rows: 3126; Colstart: 1042; Colend: 2085; Cols: 1043;
Num-X: 4 ; Num-Y: 12 ; Resolution: 12500 ; Rank: 36 ; Rank-X: 3 ; Rank-Y: 0 ; Rowstart: 9375; Rowend: 12501; Rows: 3126; Colstart: 0; Colend: 1043; Cols: 1043;
Num-X: 4 ; Num-Y: 12 ; Resolution: 12500 ; Rank: 30 ; Rank-X: 2 ; Rank-Y: 6 ; Rowstart: 6250; Rowend: 9376; Rows: 3126; Colstart: 6252; Colend: 7295; Cols: 1043;
Num-X: 4 ; Num-Y: 12 ; Resolution: 12500 ; Rank: 39 ; Rank-X: 3 ; Rank-Y: 3 ; Rowstart: 9375; Rowend: 12501; Rows: 3126; Colstart: 3126; Colend: 4169; Cols: 1043;
Num-X: 4 ; Num-Y: 12 ; Resolution: 12500 ; Rank: 24 ; Rank-X: 2 ; Rank-Y: 0 ; Rowstart: 6250; Rowend: 9376; Rows: 3126; Colstart: 0; Colend: 1043; Cols: 1043;
Num-X: 4 ; Num-Y: 12 ; Resolution: 12500 ; Rank: 0 ; Rank-X: 0 ; Rank-Y: 0 ; Rowstart: 0; Rowend: 3126; Rows: 3126; Colstart: 0; Colend: 1043; Cols: 1043;
Num-X: 4 ; Num-Y: 12 ; Resolution: 12500 ; Rank: 3 ; Rank-X: 0 ; Rank-Y: 3 ; Rowstart: 0; Rowend: 3126; Rows: 3126; Colstart: 3126; Colend: 4169; Cols: 1043;
Num-X: 4 ; Num-Y: 12 ; Resolution: 12500 ; Rank: 11 ; Rank-X: 0 ; Rank-Y: 11 ; Rowstart: 0; Rowend: 3126; Rows: 3126; Colstart: 11462; Colend: 12501; Cols: 1039;
Num-X: 4 ; Num-Y: 12 ; Resolution: 12500 ; Rank: 35 ; Rank-X: 2 ; Rank-Y: 11 ; Rowstart: 6250; Rowend: 9376; Rows: 3126; Colstart: 11462; Colend: 12501; Cols: 1039;
Num-X: 4 ; Num-Y: 12 ; Resolution: 12500 ; Rank: 47 ; Rank-X: 3 ; Rank-Y: 11 ; Rowstart: 9375; Rowend: 12501; Rows: 3126; Colstart: 11462; Colend: 12501; Cols: 1039;
Num-X: 4 ; Num-Y: 12 ; Resolution: 12500 ; Rank: 23 ; Rank-X: 1 ; Rank-Y: 11 ; Rowstart: 3125; Rowend: 6251; Rows: 3126; Colstart: 11462; Colend: 12501; Cols: 1039;

Resolution: 12500
===================
Execution time: 0.112380
Residual: 5.863330

megaflops:  194652.0
  flop instructions (M):  21875.000
