mpiexec -genv I_MPI_DEBUG=4 -n 96
[0] MPI startup(): Intel(R) MPI Library, Version 2019 Update 8  Build 20200624 (id: 4f16ad915)
[0] MPI startup(): Copyright (C) 2003-2020 Intel Corporation.  All rights reserved.
[0] MPI startup(): library kind: release
[0] MPI startup(): libfabric version: 1.10.1-impi
[0] MPI startup(): libfabric provider: psm2
[0] MPI startup(): Rank    Pid      Node name     Pin cpu
[0] MPI startup(): 0       691216   i01r01c02s05  {0,48}
[0] MPI startup(): 1       691217   i01r01c02s05  {1,49}
[0] MPI startup(): 2       691218   i01r01c02s05  {2,50}
[0] MPI startup(): 3       691219   i01r01c02s05  {3,51}
[0] MPI startup(): 4       691220   i01r01c02s05  {4,52}
[0] MPI startup(): 5       691221   i01r01c02s05  {5,53}
[0] MPI startup(): 6       691222   i01r01c02s05  {6,54}
[0] MPI startup(): 7       691223   i01r01c02s05  {7,55}
[0] MPI startup(): 8       691224   i01r01c02s05  {8,56}
[0] MPI startup(): 9       691225   i01r01c02s05  {9,57}
[0] MPI startup(): 10      691226   i01r01c02s05  {10,58}
[0] MPI startup(): 11      691227   i01r01c02s05  {11,59}
[0] MPI startup(): 12      691228   i01r01c02s05  {12,60}
[0] MPI startup(): 13      691229   i01r01c02s05  {13,61}
[0] MPI startup(): 14      691230   i01r01c02s05  {14,62}
[0] MPI startup(): 15      691231   i01r01c02s05  {15,63}
[0] MPI startup(): 16      691232   i01r01c02s05  {16,64}
[0] MPI startup(): 17      691233   i01r01c02s05  {17,65}
[0] MPI startup(): 18      691234   i01r01c02s05  {18,66}
[0] MPI startup(): 19      691235   i01r01c02s05  {19,67}
[0] MPI startup(): 20      691236   i01r01c02s05  {20,68}
[0] MPI startup(): 21      691237   i01r01c02s05  {21,69}
[0] MPI startup(): 22      691238   i01r01c02s05  {22,70}
[0] MPI startup(): 23      691239   i01r01c02s05  {23,71}
[0] MPI startup(): 24      691240   i01r01c02s05  {24,72}
[0] MPI startup(): 25      691241   i01r01c02s05  {25,73}
[0] MPI startup(): 26      691242   i01r01c02s05  {26,74}
[0] MPI startup(): 27      691243   i01r01c02s05  {27,75}
[0] MPI startup(): 28      691244   i01r01c02s05  {28,76}
[0] MPI startup(): 29      691245   i01r01c02s05  {29,77}
[0] MPI startup(): 30      691246   i01r01c02s05  {30,78}
[0] MPI startup(): 31      691247   i01r01c02s05  {31,79}
[0] MPI startup(): 32      691248   i01r01c02s05  {32,80}
[0] MPI startup(): 33      691249   i01r01c02s05  {33,81}
[0] MPI startup(): 34      691250   i01r01c02s05  {34,82}
[0] MPI startup(): 35      691251   i01r01c02s05  {35,83}
[0] MPI startup(): 36      691252   i01r01c02s05  {36,84}
[0] MPI startup(): 37      691253   i01r01c02s05  {37,85}
[0] MPI startup(): 38      691254   i01r01c02s05  {38,86}
[0] MPI startup(): 39      691255   i01r01c02s05  {39,87}
[0] MPI startup(): 40      691256   i01r01c02s05  {40,88}
[0] MPI startup(): 41      691257   i01r01c02s05  {41,89}
[0] MPI startup(): 42      691258   i01r01c02s05  {42,90}
[0] MPI startup(): 43      691259   i01r01c02s05  {43,91}
[0] MPI startup(): 44      691260   i01r01c02s05  {44,92}
[0] MPI startup(): 45      691261   i01r01c02s05  {45,93}
[0] MPI startup(): 46      691262   i01r01c02s05  {46,94}
[0] MPI startup(): 47      691263   i01r01c02s05  {47,95}
[0] MPI startup(): 48      2482230  i01r01c02s06  {0,48}
[0] MPI startup(): 49      2482231  i01r01c02s06  {1,49}
[0] MPI startup(): 50      2482232  i01r01c02s06  {2,50}
[0] MPI startup(): 51      2482233  i01r01c02s06  {3,51}
[0] MPI startup(): 52      2482234  i01r01c02s06  {4,52}
[0] MPI startup(): 53      2482235  i01r01c02s06  {5,53}
[0] MPI startup(): 54      2482236  i01r01c02s06  {6,54}
[0] MPI startup(): 55      2482237  i01r01c02s06  {7,55}
[0] MPI startup(): 56      2482238  i01r01c02s06  {8,56}
[0] MPI startup(): 57      2482239  i01r01c02s06  {9,57}
[0] MPI startup(): 58      2482240  i01r01c02s06  {10,58}
[0] MPI startup(): 59      2482241  i01r01c02s06  {11,59}
[0] MPI startup(): 60      2482242  i01r01c02s06  {12,60}
[0] MPI startup(): 61      2482243  i01r01c02s06  {13,61}
[0] MPI startup(): 62      2482244  i01r01c02s06  {14,62}
[0] MPI startup(): 63      2482245  i01r01c02s06  {15,63}
[0] MPI startup(): 64      2482246  i01r01c02s06  {16,64}
[0] MPI startup(): 65      2482247  i01r01c02s06  {17,65}
[0] MPI startup(): 66      2482248  i01r01c02s06  {18,66}
[0] MPI startup(): 67      2482249  i01r01c02s06  {19,67}
[0] MPI startup(): 68      2482250  i01r01c02s06  {20,68}
[0] MPI startup(): 69      2482251  i01r01c02s06  {21,69}
[0] MPI startup(): 70      2482252  i01r01c02s06  {22,70}
[0] MPI startup(): 71      2482253  i01r01c02s06  {23,71}
[0] MPI startup(): 72      2482254  i01r01c02s06  {24,72}
[0] MPI startup(): 73      2482255  i01r01c02s06  {25,73}
[0] MPI startup(): 74      2482256  i01r01c02s06  {26,74}
[0] MPI startup(): 75      2482257  i01r01c02s06  {27,75}
[0] MPI startup(): 76      2482258  i01r01c02s06  {28,76}
[0] MPI startup(): 77      2482259  i01r01c02s06  {29,77}
[0] MPI startup(): 78      2482260  i01r01c02s06  {30,78}
[0] MPI startup(): 79      2482261  i01r01c02s06  {31,79}
[0] MPI startup(): 80      2482262  i01r01c02s06  {32,80}
[0] MPI startup(): 81      2482263  i01r01c02s06  {33,81}
[0] MPI startup(): 82      2482264  i01r01c02s06  {34,82}
[0] MPI startup(): 83      2482265  i01r01c02s06  {35,83}
[0] MPI startup(): 84      2482266  i01r01c02s06  {36,84}
[0] MPI startup(): 85      2482267  i01r01c02s06  {37,85}
[0] MPI startup(): 86      2482268  i01r01c02s06  {38,86}
[0] MPI startup(): 87      2482269  i01r01c02s06  {39,87}
[0] MPI startup(): 88      2482270  i01r01c02s06  {40,88}
[0] MPI startup(): 89      2482271  i01r01c02s06  {41,89}
[0] MPI startup(): 90      2482272  i01r01c02s06  {42,90}
[0] MPI startup(): 91      2482273  i01r01c02s06  {43,91}
[0] MPI startup(): 92      2482274  i01r01c02s06  {44,92}
[0] MPI startup(): 93      2482275  i01r01c02s06  {45,93}
[0] MPI startup(): 94      2482276  i01r01c02s06  {46,94}
[0] MPI startup(): 95      2482277  i01r01c02s06  {47,95}

8 processes distributed in X-direction
 12 ; processes distributed in Y-direction
Resolutions       : (12500, 13500, ... 12500)
Iterations        : 20
Num. Heat sources : 2
   1: (0.00, 0.00) 1.00 1.00 
   2: (1.00, 1.00) 1.00 0.50 
rank= 0 coords= 0 0 neighbours(up,down,left,right)= -1 12 -1 1
rank= 8 coords= 0 8 neighbours(up,down,left,right)= -1 20 7 9
rank= 1 coords= 0 1 neighbours(up,down,left,right)= -1 13 0 2
rank= 2 coords= 0 2 neighbours(up,down,left,right)= -1 14 1 3
rank= 4 coords= 0 4 neighbours(up,down,left,right)= -1 16 3 5
rank= 5 coords= 0 5 neighbours(up,down,left,right)= -1 17 4 6
rank= 6 coords= 0 6 neighbours(up,down,left,right)= -1 18 5 7
rank= 80 coords= 6 8 neighbours(up,down,left,right)= 68 92 79 81
rank= 9 coords= 0 9 neighbours(up,down,left,right)= -1 21 8 10
rank= 11 coords= 0 11 neighbours(up,down,left,right)= -1 23 10 -1
rank= 12 coords= 1 0 neighbours(up,down,left,right)= 0 24 -1 13
rank= 48 coords= 4 0 neighbours(up,down,left,right)= 36 60 -1 49
rank= 13 coords= 1 1 neighbours(up,down,left,right)= 1 25 12 14
rank= 49 coords= 4 1 neighbours(up,down,left,right)= 37 61 48 50
rank= 16 coords= 1 4 neighbours(up,down,left,right)= 4 28 15 17
rank= 50 coords= 4 2 neighbours(up,down,left,right)= 38 62 49 51
rank= 17 coords= 1 5 neighbours(up,down,left,right)= 5 29 16 18
rank= 51 coords= 4 3 neighbours(up,down,left,right)= 39 63 50 52
rank= 18 coords= 1 6 neighbours(up,down,left,right)= 6 30 17 19
rank= 52 coords= 4 4 neighbours(up,down,left,right)= 40 64 51 53
rank= 20 coords= 1 8 neighbours(up,down,left,right)= 8 32 19 21
rank= 32 coords= 2 8 neighbours(up,down,left,right)= 20 44 31 33
rank= 35 coords= 2 11 neighbours(up,down,left,right)= 23 47 34 -1
rank= 36 coords= 3 0 neighbours(up,down,left,right)= 24 48 -1 37
rank= 37 coords= 3 1 neighbours(up,down,left,right)= 25 49 36 38
rank= 53 coords= 4 5 neighbours(up,down,left,right)= 41 65 52 54
rank= 38 coords= 3 2 neighbours(up,down,left,right)= 26 50 37 39
rank= 54 coords= 4 6 neighbours(up,down,left,right)= 42 66 53 55
rank= 3 coords= 0 3 neighbours(up,down,left,right)= -1 15 2 4
rank= 55 coords= 4 7 neighbours(up,down,left,right)= 43 67 54 56
rank= 7 coords= 0 7 neighbours(up,down,left,right)= -1 19 6 8
rank= 56 coords= 4 8 neighbours(up,down,left,right)= 44 68 55 57
rank= 10 coords= 0 10 neighbours(up,down,left,right)= -1 22 9 11
rank= 57 coords= 4 9 neighbours(up,down,left,right)= 45 69 56 58
rank= 14 coords= 1 2 neighbours(up,down,left,right)= 2 26 13 15
rank= 58 coords= 4 10 neighbours(up,down,left,right)= 46 70 57 59
rank= 15 coords= 1 3 neighbours(up,down,left,right)= 3 27 14 16
rank= 60 coords= 5 0 neighbours(up,down,left,right)= 48 72 -1 61
rank= 19 coords= 1 7 neighbours(up,down,left,right)= 7 31 18 20
rank= 61 coords= 5 1 neighbours(up,down,left,right)= 49 73 60 62
rank= 21 coords= 1 9 neighbours(up,down,left,right)= 9 33 20 22
rank= 62 coords= 5 2 neighbours(up,down,left,right)= 50 74 61 63
rank= 22 coords= 1 10 neighbours(up,down,left,right)= 10 34 21 23
rank= 64 coords= 5 4 neighbours(up,down,left,right)= 52 76 63 65
rank= 23 coords= 1 11 neighbours(up,down,left,right)= 11 35 22 -1
rank= 65 coords= 5 5 neighbours(up,down,left,right)= 53 77 64 66
rank= 24 coords= 2 0 neighbours(up,down,left,right)= 12 36 -1 25
rank= 66 coords= 5 6 neighbours(up,down,left,right)= 54 78 65 67
rank= 25 coords= 2 1 neighbours(up,down,left,right)= 13 37 24 26
rank= 68 coords= 5 8 neighbours(up,down,left,right)= 56 80 67 69
rank= 26 coords= 2 2 neighbours(up,down,left,right)= 14 38 25 27
rank= 81 coords= 6 9 neighbours(up,down,left,right)= 69 93 80 82
rank= 27 coords= 2 3 neighbours(up,down,left,right)= 15 39 26 28
rank= 82 coords= 6 10 neighbours(up,down,left,right)= 70 94 81 83
rank= 28 coords= 2 4 neighbours(up,down,left,right)= 16 40 27 29
rank= 84 coords= 7 0 neighbours(up,down,left,right)= 72 -1 -1 85
rank= 29 coords= 2 5 neighbours(up,down,left,right)= 17 41 28 30
rank= 85 coords= 7 1 neighbours(up,down,left,right)= 73 -1 84 86
rank= 30 coords= 2 6 neighbours(up,down,left,right)= 18 42 29 31
rank= 88 coords= 7 4 neighbours(up,down,left,right)= 76 -1 87 89
rank= 31 coords= 2 7 neighbours(up,down,left,right)= 19 43 30 32
rank= 33 coords= 2 9 neighbours(up,down,left,right)= 21 45 32 34
rank= 34 coords= 2 10 neighbours(up,down,left,right)= 22 46 33 35
rank= 39 coords= 3 3 neighbours(up,down,left,right)= 27 51 38 40
rank= 89 coords= 7 5 neighbours(up,down,left,right)= 77 -1 88 90
rank= 40 coords= 3 4 neighbours(up,down,left,right)= 28 52 39 41
rank= 91 coords= 7 7 neighbours(up,down,left,right)= 79 -1 90 92
rank= 41 coords= 3 5 neighbours(up,down,left,right)= 29 53 40 42
rank= 92 coords= 7 8 neighbours(up,down,left,right)= 80 -1 91 93
rank= 42 coords= 3 6 neighbours(up,down,left,right)= 30 54 41 43
rank= 93 coords= 7 9 neighbours(up,down,left,right)= 81 -1 92 94
rank= 43 coords= 3 7 neighbours(up,down,left,right)= 31 55 42 44
rank= 94 coords= 7 10 neighbours(up,down,left,right)= 82 -1 93 95
rank= 44 coords= 3 8 neighbours(up,down,left,right)= 32 56 43 45
rank= 59 coords= 4 11 neighbours(up,down,left,right)= 47 71 58 -1
rank= 45 coords= 3 9 neighbours(up,down,left,right)= 33 57 44 46
rank= 63 coords= 5 3 neighbours(up,down,left,right)= 51 75 62 64
rank= 46 coords= 3 10 neighbours(up,down,left,right)= 34 58 45 47
rank= 67 coords= 5 7 neighbours(up,down,left,right)= 55 79 66 68
rank= 47 coords= 3 11 neighbours(up,down,left,right)= 35 59 46 -1
rank= 69 coords= 5 9 neighbours(up,down,left,right)= 57 81 68 70
rank= 70 coords= 5 10 neighbours(up,down,left,right)= 58 82 69 71
rank= 71 coords= 5 11 neighbours(up,down,left,right)= 59 83 70 -1
rank= 72 coords= 6 0 neighbours(up,down,left,right)= 60 84 -1 73
rank= 73 coords= 6 1 neighbours(up,down,left,right)= 61 85 72 74
rank= 74 coords= 6 2 neighbours(up,down,left,right)= 62 86 73 75
rank= 75 coords= 6 3 neighbours(up,down,left,right)= 63 87 74 76
rank= 76 coords= 6 4 neighbours(up,down,left,right)= 64 88 75 77
rank= 77 coords= 6 5 neighbours(up,down,left,right)= 65 89 76 78
rank= 78 coords= 6 6 neighbours(up,down,left,right)= 66 90 77 79
rank= 79 coords= 6 7 neighbours(up,down,left,right)= 67 91 78 80
rank= 83 coords= 6 11 neighbours(up,down,left,right)= 71 95 82 -1
rank= 86 coords= 7 2 neighbours(up,down,left,right)= 74 -1 85 87
rank= 87 coords= 7 3 neighbours(up,down,left,right)= 75 -1 86 88
rank= 90 coords= 7 6 neighbours(up,down,left,right)= 78 -1 89 91
rank= 95 coords= 7 11 neighbours(up,down,left,right)= 83 -1 94 -1

Num-X: 8 ; Num-Y: 12 ; Resolution: 12500 ; Rank: 20 ; Rank-X: 1 ; Rank-Y: 8 ; Rowstart: 1563; Rowend: 3127; Rows: 1564; Colstart: 8336; Colend: 9379; Cols: 1043;
Num-X: 8 ; Num-Y: 12 ; Resolution: 12500 ; Rank: 36 ; Rank-X: 3 ; Rank-Y: 0 ; Rowstart: 4689; Rowend: 6253; Rows: 1564; Colstart: 0; Colend: 1043; Cols: 1043;
Num-X: 8 ; Num-Y: 12 ; Resolution: 12500 ; Rank: 45 ; Rank-X: 3 ; Rank-Y: 9 ; Rowstart: 4689; Rowend: 6253; Rows: 1564; Colstart: 9378; Colend: 10421; Cols: 1043;
Num-X: 8 ; Num-Y: 12 ; Resolution: 12500 ; Rank: 25 ; Rank-X: 2 ; Rank-Y: 1 ; Rowstart: 3126; Rowend: 4690; Rows: 1564; Colstart: 1042; Colend: 2085; Cols: 1043;
Num-X: 8 ; Num-Y: 12 ; Resolution: 12500 ; Rank: 26 ; Rank-X: 2 ; Rank-Y: 2 ; Rowstart: 3126; Rowend: 4690; Rows: 1564; Colstart: 2084; Colend: 3127; Cols: 1043;
Num-X: 8 ; Num-Y: 12 ; Resolution: 12500 ; Rank: 27 ; Rank-X: 2 ; Rank-Y: 3 ; Rowstart: 3126; Rowend: 4690; Rows: 1564; Colstart: 3126; Colend: 4169; Cols: 1043;
Num-X: 8 ; Num-Y: 12 ; Resolution: 12500 ; Rank: 31 ; Rank-X: 2 ; Rank-Y: 7 ; Rowstart: 3126; Rowend: 4690; Rows: 1564; Colstart: 7294; Colend: 8337; Cols: 1043;
Num-X: 8 ; Num-Y: 12 ; Resolution: 12500 ; Rank: 32 ; Rank-X: 2 ; Rank-Y: 8 ; Rowstart: 3126; Rowend: 4690; Rows: 1564; Colstart: 8336; Colend: 9379; Cols: 1043;
Num-X: 8 ; Num-Y: 12 ; Resolution: 12500 ; Rank: 34 ; Rank-X: 2 ; Rank-Y: 10 ; Rowstart: 3126; Rowend: 4690; Rows: 1564; Colstart: 10420; Colend: 11463; Cols: 1043;
Num-X: 8 ; Num-Y: 12 ; Resolution: 12500 ; Rank: 39 ; Rank-X: 3 ; Rank-Y: 3 ; Rowstart: 4689; Rowend: 6253; Rows: 1564; Colstart: 3126; Colend: 4169; Cols: 1043;
Num-X: 8 ; Num-Y: 12 ; Resolution: 12500 ; Rank: 47 ; Rank-X: 3 ; Rank-Y: 11 ; Rowstart: 4689; Rowend: 6253; Rows: 1564; Colstart: 11462; Colend: 12501; Cols: 1039;
Num-X: 8 ; Num-Y: 12 ; Resolution: 12500 ; Rank: 1 ; Rank-X: 0 ; Rank-Y: 1 ; Rowstart: 0; Rowend: 1564; Rows: 1564; Colstart: 1042; Colend: 2085; Cols: 1043;
Num-X: 8 ; Num-Y: 12 ; Resolution: 12500 ; Rank: 6 ; Rank-X: 0 ; Rank-Y: 6 ; Rowstart: 0; Rowend: 1564; Rows: 1564; Colstart: 6252; Colend: 7295; Cols: 1043;
Num-X: 8 ; Num-Y: 12 ; Resolution: 12500 ; Rank: 8 ; Rank-X: 0 ; Rank-Y: 8 ; Rowstart: 0; Rowend: 1564; Rows: 1564; Colstart: 8336; Colend: 9379; Cols: 1043;
Num-X: 8 ; Num-Y: 12 ; Resolution: 12500 ; Rank: 11 ; Rank-X: 0 ; Rank-Y: 11 ; Rowstart: 0; Rowend: 1564; Rows: 1564; Colstart: 11462; Colend: 12501; Cols: 1039;
Num-X: 8 ; Num-Y: 12 ; Resolution: 12500 ; Rank: 13 ; Rank-X: 1 ; Rank-Y: 1 ; Rowstart: 1563; Rowend: 3127; Rows: 1564; Colstart: 1042; Colend: 2085; Cols: 1043;
Num-X: 8 ; Num-Y: 12 ; Resolution: 12500 ; Rank: 14 ; Rank-X: 1 ; Rank-Y: 2 ; Rowstart: 1563; Rowend: 3127; Rows: 1564; Colstart: 2084; Colend: 3127; Cols: 1043;
Num-X: 8 ; Num-Y: 12 ; Resolution: 12500 ; Rank: 29 ; Rank-X: 2 ; Rank-Y: 5 ; Rowstart: 3126; Rowend: 4690; Rows: 1564; Colstart: 5210; Colend: 6253; Cols: 1043;
Num-X: 8 ; Num-Y: 12 ; Resolution: 12500 ; Rank: 44 ; Rank-X: 3 ; Rank-Y: 8 ; Rowstart: 4689; Rowend: 6253; Rows: 1564; Colstart: 8336; Colend: 9379; Cols: 1043;
Num-X: 8 ; Num-Y: 12 ; Resolution: 12500 ; Rank: 52 ; Rank-X: 4 ; Rank-Y: 4 ; Rowstart: 6252; Rowend: 7816; Rows: 1564; Colstart: 4168; Colend: 5211; Cols: 1043;
Num-X: 8 ; Num-Y: 12 ; Resolution: 12500 ; Rank: 55 ; Rank-X: 4 ; Rank-Y: 7 ; Rowstart: 6252; Rowend: 7816; Rows: 1564; Colstart: 7294; Colend: 8337; Cols: 1043;
Num-X: 8 ; Num-Y: 12 ; Resolution: 12500 ; Rank: 58 ; Rank-X: 4 ; Rank-Y: 10 ; Rowstart: 6252; Rowend: 7816; Rows: 1564; Colstart: 10420; Colend: 11463; Cols: 1043;
Num-X: 8 ; Num-Y: 12 ; Resolution: 12500 ; Rank: 7 ; Rank-X: 0 ; Rank-Y: 7 ; Rowstart: 0; Rowend: 1564; Rows: 1564; Colstart: 7294; Colend: 8337; Cols: 1043;
Num-X: 8 ; Num-Y: 12 ; Resolution: 12500 ; Rank: 65 ; Rank-X: 5 ; Rank-Y: 5 ; Rowstart: 7815; Rowend: 9379; Rows: 1564; Colstart: 5210; Colend: 6253; Cols: 1043;
Num-X: 8 ; Num-Y: 12 ; Resolution: 12500 ; Rank: 12 ; Rank-X: 1 ; Rank-Y: 0 ; Rowstart: 1563; Rowend: 3127; Rows: 1564; Colstart: 0; Colend: 1043; Cols: 1043;
Num-X: 8 ; Num-Y: 12 ; Resolution: 12500 ; Rank: 18 ; Rank-X: 1 ; Rank-Y: 6 ; Rowstart: 1563; Rowend: 3127; Rows: 1564; Colstart: 6252; Colend: 7295; Cols: 1043;
Num-X: 8 ; Num-Y: 12 ; Resolution: 12500 ; Rank: 66 ; Rank-X: 5 ; Rank-Y: 6 ; Rowstart: 7815; Rowend: 9379; Rows: 1564; Colstart: 6252; Colend: 7295; Cols: 1043;
Num-X: 8 ; Num-Y: 12 ; Resolution: 12500 ; Rank: 38 ; Rank-X: 3 ; Rank-Y: 2 ; Rowstart: 4689; Rowend: 6253; Rows: 1564; Colstart: 2084; Colend: 3127; Cols: 1043;
Num-X: 8 ; Num-Y: 12 ; Resolution: 12500 ; Rank: 82 ; Rank-X: 6 ; Rank-Y: 10 ; Rowstart: 9378; Rowend: 10942; Rows: 1564; Colstart: 10420; Colend: 11463; Cols: 1043;
Num-X: 8 ; Num-Y: 12 ; Resolution: 12500 ; Rank: 85 ; Rank-X: 7 ; Rank-Y: 1 ; Rowstart: 10941; Rowend: 12501; Rows: 1560; Colstart: 1042; Colend: 2085; Cols: 1043;
Num-X: 8 ; Num-Y: 12 ; Resolution: 12500 ; Rank: 49 ; Rank-X: 4 ; Rank-Y: 1 ; Rowstart: 6252; Rowend: 7816; Rows: 1564; Colstart: 1042; Colend: 2085; Cols: 1043;
Num-X: 8 ; Num-Y: 12 ; Resolution: 12500 ; Rank: 50 ; Rank-X: 4 ; Rank-Y: 2 ; Rowstart: 6252; Rowend: 7816; Rows: 1564; Colstart: 2084; Colend: 3127; Cols: 1043;
Num-X: 8 ; Num-Y: 12 ; Resolution: 12500 ; Rank: 56 ; Rank-X: 4 ; Rank-Y: 8 ; Rowstart: 6252; Rowend: 7816; Rows: 1564; Colstart: 8336; Colend: 9379; Cols: 1043;
Num-X: 8 ; Num-Y: 12 ; Resolution: 12500 ; Rank: 28 ; Rank-X: 2 ; Rank-Y: 4 ; Rowstart: 3126; Rowend: 4690; Rows: 1564; Colstart: 4168; Colend: 5211; Cols: 1043;
Num-X: 8 ; Num-Y: 12 ; Resolution: 12500 ; Rank: 64 ; Rank-X: 5 ; Rank-Y: 4 ; Rowstart: 7815; Rowend: 9379; Rows: 1564; Colstart: 4168; Colend: 5211; Cols: 1043;
Num-X: 8 ; Num-Y: 12 ; Resolution: 12500 ; Rank: 35 ; Rank-X: 2 ; Rank-Y: 11 ; Rowstart: 3126; Rowend: 4690; Rows: 1564; Colstart: 11462; Colend: 12501; Cols: 1039;
Num-X: 8 ; Num-Y: 12 ; Resolution: 12500 ; Rank: 81 ; Rank-X: 6 ; Rank-Y: 9 ; Rowstart: 9378; Rowend: 10942; Rows: 1564; Colstart: 9378; Colend: 10421; Cols: 1043;
Num-X: 8 ; Num-Y: 12 ; Resolution: 12500 ; Rank: 37 ; Rank-X: 3 ; Rank-Y: 1 ; Rowstart: 4689; Rowend: 6253; Rows: 1564; Colstart: 1042; Colend: 2085; Cols: 1043;
Num-X: 8 ; Num-Y: 12 ; Resolution: 12500 ; Rank: 89 ; Rank-X: 7 ; Rank-Y: 5 ; Rowstart: 10941; Rowend: 12501; Rows: 1560; Colstart: 5210; Colend: 6253; Cols: 1043;
Num-X: 8 ; Num-Y: 12 ; Resolution: 12500 ; Rank: 40 ; Rank-X: 3 ; Rank-Y: 4 ; Rowstart: 4689; Rowend: 6253; Rows: 1564; Colstart: 4168; Colend: 5211; Cols: 1043;
Num-X: 8 ; Num-Y: 12 ; Resolution: 12500 ; Rank: 53 ; Rank-X: 4 ; Rank-Y: 5 ; Rowstart: 6252; Rowend: 7816; Rows: 1564; Colstart: 5210; Colend: 6253; Cols: 1043;
Num-X: 8 ; Num-Y: 12 ; Resolution: 12500 ; Rank: 41 ; Rank-X: 3 ; Rank-Y: 5 ; Rowstart: 4689; Rowend: 6253; Rows: 1564; Colstart: 5210; Colend: 6253; Cols: 1043;
Num-X: 8 ; Num-Y: 12 ; Resolution: 12500 ; Rank: 57 ; Rank-X: 4 ; Rank-Y: 9 ; Rowstart: 6252; Rowend: 7816; Rows: 1564; Colstart: 9378; Colend: 10421; Cols: 1043;
Num-X: 8 ; Num-Y: 12 ; Resolution: 12500 ; Rank: 43 ; Rank-X: 3 ; Rank-Y: 7 ; Rowstart: 4689; Rowend: 6253; Rows: 1564; Colstart: 7294; Colend: 8337; Cols: 1043;
Num-X: 8 ; Num-Y: 12 ; Resolution: 12500 ; Rank: 59 ; Rank-X: 4 ; Rank-Y: 11 ; Rowstart: 6252; Rowend: 7816; Rows: 1564; Colstart: 11462; Colend: 12501; Cols: 1039;
Num-X: 8 ; Num-Y: 12 ; Resolution: 12500 ; Rank: 46 ; Rank-X: 3 ; Rank-Y: 10 ; Rowstart: 4689; Rowend: 6253; Rows: 1564; Colstart: 10420; Colend: 11463; Cols: 1043;
Num-X: 8 ; Num-Y: 12 ; Resolution: 12500 ; Rank: 61 ; Rank-X: 5 ; Rank-Y: 1 ; Rowstart: 7815; Rowend: 9379; Rows: 1564; Colstart: 1042; Colend: 2085; Cols: 1043;
Num-X: 8 ; Num-Y: 12 ; Resolution: 12500 ; Rank: 62 ; Rank-X: 5 ; Rank-Y: 2 ; Rowstart: 7815; Rowend: 9379; Rows: 1564; Colstart: 2084; Colend: 3127; Cols: 1043;
Num-X: 8 ; Num-Y: 12 ; Resolution: 12500 ; Rank: 63 ; Rank-X: 5 ; Rank-Y: 3 ; Rowstart: 7815; Rowend: 9379; Rows: 1564; Colstart: 3126; Colend: 4169; Cols: 1043;
Num-X: 8 ; Num-Y: 12 ; Resolution: 12500 ; Rank: 76 ; Rank-X: 6 ; Rank-Y: 4 ; Rowstart: 9378; Rowend: 10942; Rows: 1564; Colstart: 4168; Colend: 5211; Cols: 1043;
Num-X: 8 ; Num-Y: 12 ; Resolution: 12500 ; Rank: 77 ; Rank-X: 6 ; Rank-Y: 5 ; Rowstart: 9378; Rowend: 10942; Rows: 1564; Colstart: 5210; Colend: 6253; Cols: 1043;
Num-X: 8 ; Num-Y: 12 ; Resolution: 12500 ; Rank: 79 ; Rank-X: 6 ; Rank-Y: 7 ; Rowstart: 9378; Rowend: 10942; Rows: 1564; Colstart: 7294; Colend: 8337; Cols: 1043;
Num-X: 8 ; Num-Y: 12 ; Resolution: 12500 ; Rank: 0 ; Rank-X: 0 ; Rank-Y: 0 ; Rowstart: 0; Rowend: 1564; Rows: 1564; Colstart: 0; Colend: 1043; Cols: 1043;
Num-X: 8 ; Num-Y: 12 ; Resolution: 12500 ; Rank: 90 ; Rank-X: 7 ; Rank-Y: 6 ; Rowstart: 10941; Rowend: 12501; Rows: 1560; Colstart: 6252; Colend: 7295; Cols: 1043;
Num-X: 8 ; Num-Y: 12 ; Resolution: 12500 ; Rank: 3 ; Rank-X: 0 ; Rank-Y: 3 ; Rowstart: 0; Rowend: 1564; Rows: 1564; Colstart: 3126; Colend: 4169; Cols: 1043;
Num-X: 8 ; Num-Y: 12 ; Resolution: 12500 ; Rank: 95 ; Rank-X: 7 ; Rank-Y: 11 ; Rowstart: 10941; Rowend: 12501; Rows: 1560; Colstart: 11462; Colend: 12501; Cols: 1039;
Num-X: 8 ; Num-Y: 12 ; Resolution: 12500 ; Rank: 4 ; Rank-X: 0 ; Rank-Y: 4 ; Rowstart: 0; Rowend: 1564; Rows: 1564; Colstart: 4168; Colend: 5211; Cols: 1043;
Num-X: 8 ; Num-Y: 12 ; Resolution: 12500 ; Rank: 48 ; Rank-X: 4 ; Rank-Y: 0 ; Rowstart: 6252; Rowend: 7816; Rows: 1564; Colstart: 0; Colend: 1043; Cols: 1043;
Num-X: 8 ; Num-Y: 12 ; Resolution: 12500 ; Rank: 5 ; Rank-X: 0 ; Rank-Y: 5 ; Rowstart: 0; Rowend: 1564; Rows: 1564; Colstart: 5210; Colend: 6253; Cols: 1043;
Num-X: 8 ; Num-Y: 12 ; Resolution: 12500 ; Rank: 51 ; Rank-X: 4 ; Rank-Y: 3 ; Rowstart: 6252; Rowend: 7816; Rows: 1564; Colstart: 3126; Colend: 4169; Cols: 1043;
Num-X: 8 ; Num-Y: 12 ; Resolution: 12500 ; Rank: 9 ; Rank-X: 0 ; Rank-Y: 9 ; Rowstart: 0; Rowend: 1564; Rows: 1564; Colstart: 9378; Colend: 10421; Cols: 1043;
Num-X: 8 ; Num-Y: 12 ; Resolution: 12500 ; Rank: 60 ; Rank-X: 5 ; Rank-Y: 0 ; Rowstart: 7815; Rowend: 9379; Rows: 1564; Colstart: 0; Colend: 1043; Cols: 1043;
Num-X: 8 ; Num-Y: 12 ; Resolution: 12500 ; Rank: 10 ; Rank-X: 0 ; Rank-Y: 10 ; Rowstart: 0; Rowend: 1564; Rows: 1564; Colstart: 10420; Colend: 11463; Cols: 1043;
Num-X: 8 ; Num-Y: 12 ; Resolution: 12500 ; Rank: 67 ; Rank-X: 5 ; Rank-Y: 7 ; Rowstart: 7815; Rowend: 9379; Rows: 1564; Colstart: 7294; Colend: 8337; Cols: 1043;
Num-X: 8 ; Num-Y: 12 ; Resolution: 12500 ; Rank: 15 ; Rank-X: 1 ; Rank-Y: 3 ; Rowstart: 1563; Rowend: 3127; Rows: 1564; Colstart: 3126; Colend: 4169; Cols: 1043;
Num-X: 8 ; Num-Y: 12 ; Resolution: 12500 ; Rank: 68 ; Rank-X: 5 ; Rank-Y: 8 ; Rowstart: 7815; Rowend: 9379; Rows: 1564; Colstart: 8336; Colend: 9379; Cols: 1043;
Num-X: 8 ; Num-Y: 12 ; Resolution: 12500 ; Rank: 16 ; Rank-X: 1 ; Rank-Y: 4 ; Rowstart: 1563; Rowend: 3127; Rows: 1564; Colstart: 4168; Colend: 5211; Cols: 1043;
Num-X: 8 ; Num-Y: 12 ; Resolution: 12500 ; Rank: 71 ; Rank-X: 5 ; Rank-Y: 11 ; Rowstart: 7815; Rowend: 9379; Rows: 1564; Colstart: 11462; Colend: 12501; Cols: 1039;
Num-X: 8 ; Num-Y: 12 ; Resolution: 12500 ; Rank: 17 ; Rank-X: 1 ; Rank-Y: 5 ; Rowstart: 1563; Rowend: 3127; Rows: 1564; Colstart: 5210; Colend: 6253; Cols: 1043;
Num-X: 8 ; Num-Y: 12 ; Resolution: 12500 ; Rank: 74 ; Rank-X: 6 ; Rank-Y: 2 ; Rowstart: 9378; Rowend: 10942; Rows: 1564; Colstart: 2084; Colend: 3127; Cols: 1043;
Num-X: 8 ; Num-Y: 12 ; Resolution: 12500 ; Rank: 19 ; Rank-X: 1 ; Rank-Y: 7 ; Rowstart: 1563; Rowend: 3127; Rows: 1564; Colstart: 7294; Colend: 8337; Cols: 1043;
Num-X: 8 ; Num-Y: 12 ; Resolution: 12500 ; Rank: 80 ; Rank-X: 6 ; Rank-Y: 8 ; Rowstart: 9378; Rowend: 10942; Rows: 1564; Colstart: 8336; Colend: 9379; Cols: 1043;
Num-X: 8 ; Num-Y: 12 ; Resolution: 12500 ; Rank: 23 ; Rank-X: 1 ; Rank-Y: 11 ; Rowstart: 1563; Rowend: 3127; Rows: 1564; Colstart: 11462; Colend: 12501; Cols: 1039;
Num-X: 8 ; Num-Y: 12 ; Resolution: 12500 ; Rank: 69 ; Rank-X: 5 ; Rank-Y: 9 ; Rowstart: 7815; Rowend: 9379; Rows: 1564; Colstart: 9378; Colend: 10421; Cols: 1043;
Num-X: 8 ; Num-Y: 12 ; Resolution: 12500 ; Rank: 24 ; Rank-X: 2 ; Rank-Y: 0 ; Rowstart: 3126; Rowend: 4690; Rows: 1564; Colstart: 0; Colend: 1043; Cols: 1043;
Num-X: 8 ; Num-Y: 12 ; Resolution: 12500 ; Rank: 78 ; Rank-X: 6 ; Rank-Y: 6 ; Rowstart: 9378; Rowend: 10942; Rows: 1564; Colstart: 6252; Colend: 7295; Cols: 1043;
Num-X: 8 ; Num-Y: 12 ; Resolution: 12500 ; Rank: 30 ; Rank-X: 2 ; Rank-Y: 6 ; Rowstart: 3126; Rowend: 4690; Rows: 1564; Colstart: 6252; Colend: 7295; Cols: 1043;
Num-X: 8 ; Num-Y: 12 ; Resolution: 12500 ; Rank: 83 ; Rank-X: 6 ; Rank-Y: 11 ; Rowstart: 9378; Rowend: 10942; Rows: 1564; Colstart: 11462; Colend: 12501; Cols: 1039;
Num-X: 8 ; Num-Y: 12 ; Resolution: 12500 ; Rank: 33 ; Rank-X: 2 ; Rank-Y: 9 ; Rowstart: 3126; Rowend: 4690; Rows: 1564; Colstart: 9378; Colend: 10421; Cols: 1043;
Num-X: 8 ; Num-Y: 12 ; Resolution: 12500 ; Rank: 87 ; Rank-X: 7 ; Rank-Y: 3 ; Rowstart: 10941; Rowend: 12501; Rows: 1560; Colstart: 3126; Colend: 4169; Cols: 1043;
Num-X: 8 ; Num-Y: 12 ; Resolution: 12500 ; Rank: 88 ; Rank-X: 7 ; Rank-Y: 4 ; Rowstart: 10941; Rowend: 12501; Rows: 1560; Colstart: 4168; Colend: 5211; Cols: 1043;
Num-X: 8 ; Num-Y: 12 ; Resolution: 12500 ; Rank: 42 ; Rank-X: 3 ; Rank-Y: 6 ; Rowstart: 4689; Rowend: 6253; Rows: 1564; Colstart: 6252; Colend: 7295; Cols: 1043;
Num-X: 8 ; Num-Y: 12 ; Resolution: 12500 ; Rank: 91 ; Rank-X: 7 ; Rank-Y: 7 ; Rowstart: 10941; Rowend: 12501; Rows: 1560; Colstart: 7294; Colend: 8337; Cols: 1043;
Num-X: 8 ; Num-Y: 12 ; Resolution: 12500 ; Rank: 92 ; Rank-X: 7 ; Rank-Y: 8 ; Rowstart: 10941; Rowend: 12501; Rows: 1560; Colstart: 8336; Colend: 9379; Cols: 1043;
Num-X: 8 ; Num-Y: 12 ; Resolution: 12500 ; Rank: 93 ; Rank-X: 7 ; Rank-Y: 9 ; Rowstart: 10941; Rowend: 12501; Rows: 1560; Colstart: 9378; Colend: 10421; Cols: 1043;
Num-X: 8 ; Num-Y: 12 ; Resolution: 12500 ; Rank: 94 ; Rank-X: 7 ; Rank-Y: 10 ; Rowstart: 10941; Rowend: 12501; Rows: 1560; Colstart: 10420; Colend: 11463; Cols: 1043;
Num-X: 8 ; Num-Y: 12 ; Resolution: 12500 ; Rank: 73 ; Rank-X: 6 ; Rank-Y: 1 ; Rowstart: 9378; Rowend: 10942; Rows: 1564; Colstart: 1042; Colend: 2085; Cols: 1043;
Num-X: 8 ; Num-Y: 12 ; Resolution: 12500 ; Rank: 75 ; Rank-X: 6 ; Rank-Y: 3 ; Rowstart: 9378; Rowend: 10942; Rows: 1564; Colstart: 3126; Colend: 4169; Cols: 1043;
Num-X: 8 ; Num-Y: 12 ; Resolution: 12500 ; Rank: 84 ; Rank-X: 7 ; Rank-Y: 0 ; Rowstart: 10941; Rowend: 12501; Rows: 1560; Colstart: 0; Colend: 1043; Cols: 1043;
Num-X: 8 ; Num-Y: 12 ; Resolution: 12500 ; Rank: 86 ; Rank-X: 7 ; Rank-Y: 2 ; Rowstart: 10941; Rowend: 12501; Rows: 1560; Colstart: 2084; Colend: 3127; Cols: 1043;
Num-X: 8 ; Num-Y: 12 ; Resolution: 12500 ; Rank: 54 ; Rank-X: 4 ; Rank-Y: 6 ; Rowstart: 6252; Rowend: 7816; Rows: 1564; Colstart: 6252; Colend: 7295; Cols: 1043;
Num-X: 8 ; Num-Y: 12 ; Resolution: 12500 ; Rank: 72 ; Rank-X: 6 ; Rank-Y: 0 ; Rowstart: 9378; Rowend: 10942; Rows: 1564; Colstart: 0; Colend: 1043; Cols: 1043;
Num-X: 8 ; Num-Y: 12 ; Resolution: 12500 ; Rank: 21 ; Rank-X: 1 ; Rank-Y: 9 ; Rowstart: 1563; Rowend: 3127; Rows: 1564; Colstart: 9378; Colend: 10421; Cols: 1043;
Num-X: 8 ; Num-Y: 12 ; Resolution: 12500 ; Rank: 22 ; Rank-X: 1 ; Rank-Y: 10 ; Rowstart: 1563; Rowend: 3127; Rows: 1564; Colstart: 10420; Colend: 11463; Cols: 1043;
Num-X: 8 ; Num-Y: 12 ; Resolution: 12500 ; Rank: 70 ; Rank-X: 5 ; Rank-Y: 10 ; Rowstart: 7815; Rowend: 9379; Rows: 1564; Colstart: 10420; Colend: 11463; Cols: 1043;
Num-X: 8 ; Num-Y: 12 ; Resolution: 12500 ; Rank: 2 ; Rank-X: 0 ; Rank-Y: 2 ; Rowstart: 0; Rowend: 1564; Rows: 1564; Colstart: 2084; Colend: 3127; Cols: 1043;

Resolution: 12500
===================
Execution time: 0.180669
Residual: 5.863330

megaflops:  121077.7
  flop instructions (M):  21875.000
