mpiexec -genv I_MPI_DEBUG=4 -n 48
[0] MPI startup(): Intel(R) MPI Library, Version 2019 Update 8  Build 20200624 (id: 4f16ad915)
[0] MPI startup(): Copyright (C) 2003-2020 Intel Corporation.  All rights reserved.
[0] MPI startup(): library kind: release
[0] MPI startup(): libfabric version: 1.10.1-impi
[0] MPI startup(): libfabric provider: psm2
[0] MPI startup(): Rank    Pid      Node name     Pin cpu
[0] MPI startup(): 0       3547690  i01r01c02s09  {0,48}
[0] MPI startup(): 1       3547691  i01r01c02s09  {1,49}
[0] MPI startup(): 2       3547692  i01r01c02s09  {2,50}
[0] MPI startup(): 3       3547693  i01r01c02s09  {3,51}
[0] MPI startup(): 4       3547694  i01r01c02s09  {4,52}
[0] MPI startup(): 5       3547695  i01r01c02s09  {5,53}
[0] MPI startup(): 6       3547696  i01r01c02s09  {6,54}
[0] MPI startup(): 7       3547697  i01r01c02s09  {7,55}
[0] MPI startup(): 8       3547698  i01r01c02s09  {8,56}
[0] MPI startup(): 9       3547699  i01r01c02s09  {9,57}
[0] MPI startup(): 10      3547700  i01r01c02s09  {10,58}
[0] MPI startup(): 11      3547701  i01r01c02s09  {11,59}
[0] MPI startup(): 12      3547702  i01r01c02s09  {12,60}
[0] MPI startup(): 13      3547703  i01r01c02s09  {13,61}
[0] MPI startup(): 14      3547704  i01r01c02s09  {14,62}
[0] MPI startup(): 15      3547705  i01r01c02s09  {15,63}
[0] MPI startup(): 16      3547706  i01r01c02s09  {16,64}
[0] MPI startup(): 17      3547707  i01r01c02s09  {17,65}
[0] MPI startup(): 18      3547708  i01r01c02s09  {18,66}
[0] MPI startup(): 19      3547709  i01r01c02s09  {19,67}
[0] MPI startup(): 20      3547710  i01r01c02s09  {20,68}
[0] MPI startup(): 21      3547711  i01r01c02s09  {21,69}
[0] MPI startup(): 22      3547712  i01r01c02s09  {22,70}
[0] MPI startup(): 23      3547713  i01r01c02s09  {23,71}
[0] MPI startup(): 24      3547714  i01r01c02s09  {24,72}
[0] MPI startup(): 25      3547715  i01r01c02s09  {25,73}
[0] MPI startup(): 26      3547716  i01r01c02s09  {26,74}
[0] MPI startup(): 27      3547717  i01r01c02s09  {27,75}
[0] MPI startup(): 28      3547718  i01r01c02s09  {28,76}
[0] MPI startup(): 29      3547719  i01r01c02s09  {29,77}
[0] MPI startup(): 30      3547720  i01r01c02s09  {30,78}
[0] MPI startup(): 31      3547721  i01r01c02s09  {31,79}
[0] MPI startup(): 32      3547722  i01r01c02s09  {32,80}
[0] MPI startup(): 33      3547723  i01r01c02s09  {33,81}
[0] MPI startup(): 34      3547724  i01r01c02s09  {34,82}
[0] MPI startup(): 35      3547725  i01r01c02s09  {35,83}
[0] MPI startup(): 36      3547726  i01r01c02s09  {36,84}
[0] MPI startup(): 37      3547727  i01r01c02s09  {37,85}
[0] MPI startup(): 38      3547728  i01r01c02s09  {38,86}
[0] MPI startup(): 39      3547729  i01r01c02s09  {39,87}
[0] MPI startup(): 40      3547730  i01r01c02s09  {40,88}
[0] MPI startup(): 41      3547731  i01r01c02s09  {41,89}
[0] MPI startup(): 42      3547732  i01r01c02s09  {42,90}
[0] MPI startup(): 43      3547733  i01r01c02s09  {43,91}
[0] MPI startup(): 44      3547734  i01r01c02s09  {44,92}
[0] MPI startup(): 45      3547735  i01r01c02s09  {45,93}
[0] MPI startup(): 46      3547736  i01r01c02s09  {46,94}
[0] MPI startup(): 47      3547737  i01r01c02s09  {47,95}

12 processes distributed in X-direction
 4 ; processes distributed in Y-direction
Resolutions       : (12500, 13500, ... 12500)
Iterations        : 20
Num. Heat sources : 2
   1: (0.00, 0.00) 1.00 1.00 
   2: (1.00, 1.00) 1.00 0.50 
rank= 0 coords= 0 0 neighbours(up,down,left,right)= -1 4 -1 1
rank= 2 coords= 0 2 neighbours(up,down,left,right)= -1 6 1 3
rank= 12 coords= 3 0 neighbours(up,down,left,right)= 8 16 -1 13
rank= 16 coords= 4 0 neighbours(up,down,left,right)= 12 20 -1 17
rank= 24 coords= 6 0 neighbours(up,down,left,right)= 20 28 -1 25
rank= 32 coords= 8 0 neighbours(up,down,left,right)= 28 36 -1 33
rank= 33 coords= 8 1 neighbours(up,down,left,right)= 29 37 32 34
rank= 34 coords= 8 2 neighbours(up,down,left,right)= 30 38 33 35
rank= 36 coords= 9 0 neighbours(up,down,left,right)= 32 40 -1 37
rank= 40 coords= 10 0 neighbours(up,down,left,right)= 36 44 -1 41
rank= 1 coords= 0 1 neighbours(up,down,left,right)= -1 5 0 2
rank= 3 coords= 0 3 neighbours(up,down,left,right)= -1 7 2 -1
rank= 4 coords= 1 0 neighbours(up,down,left,right)= 0 8 -1 5
rank= 5 coords= 1 1 neighbours(up,down,left,right)= 1 9 4 6
rank= 6 coords= 1 2 neighbours(up,down,left,right)= 2 10 5 7
rank= 7 coords= 1 3 neighbours(up,down,left,right)= 3 11 6 -1
rank= 8 coords= 2 0 neighbours(up,down,left,right)= 4 12 -1 9
rank= 9 coords= 2 1 neighbours(up,down,left,right)= 5 13 8 10
rank= 10 coords= 2 2 neighbours(up,down,left,right)= 6 14 9 11
rank= 11 coords= 2 3 neighbours(up,down,left,right)= 7 15 10 -1
rank= 13 coords= 3 1 neighbours(up,down,left,right)= 9 17 12 14
rank= 14 coords= 3 2 neighbours(up,down,left,right)= 10 18 13 15
rank= 15 coords= 3 3 neighbours(up,down,left,right)= 11 19 14 -1
rank= 17 coords= 4 1 neighbours(up,down,left,right)= 13 21 16 18
rank= 18 coords= 4 2 neighbours(up,down,left,right)= 14 22 17 19
rank= 19 coords= 4 3 neighbours(up,down,left,right)= 15 23 18 -1
rank= 20 coords= 5 0 neighbours(up,down,left,right)= 16 24 -1 21
rank= 21 coords= 5 1 neighbours(up,down,left,right)= 17 25 20 22
rank= 22 coords= 5 2 neighbours(up,down,left,right)= 18 26 21 23
rank= 23 coords= 5 3 neighbours(up,down,left,right)= 19 27 22 -1
rank= 25 coords= 6 1 neighbours(up,down,left,right)= 21 29 24 26
rank= 26 coords= 6 2 neighbours(up,down,left,right)= 22 30 25 27
rank= 27 coords= 6 3 neighbours(up,down,left,right)= 23 31 26 -1
rank= 28 coords= 7 0 neighbours(up,down,left,right)= 24 32 -1 29
rank= 29 coords= 7 1 neighbours(up,down,left,right)= 25 33 28 30
rank= 30 coords= 7 2 neighbours(up,down,left,right)= 26 34 29 31
rank= 31 coords= 7 3 neighbours(up,down,left,right)= 27 35 30 -1
rank= 35 coords= 8 3 neighbours(up,down,left,right)= 31 39 34 -1
rank= 37 coords= 9 1 neighbours(up,down,left,right)= 33 41 36 38
rank= 38 coords= 9 2 neighbours(up,down,left,right)= 34 42 37 39
rank= 39 coords= 9 3 neighbours(up,down,left,right)= 35 43 38 -1
rank= 41 coords= 10 1 neighbours(up,down,left,right)= 37 45 40 42
rank= 42 coords= 10 2 neighbours(up,down,left,right)= 38 46 41 43
rank= 43 coords= 10 3 neighbours(up,down,left,right)= 39 47 42 -1
rank= 44 coords= 11 0 neighbours(up,down,left,right)= 40 -1 -1 45
rank= 45 coords= 11 1 neighbours(up,down,left,right)= 41 -1 44 46
rank= 46 coords= 11 2 neighbours(up,down,left,right)= 42 -1 45 47
rank= 47 coords= 11 3 neighbours(up,down,left,right)= 43 -1 46 -1

Num-X: 12 ; Num-Y: 4 ; Resolution: 12500 ; Rank: 26 ; Rank-X: 6 ; Rank-Y: 2 ; Rowstart: 6252; Rowend: 7295; Rows: 1043; Colstart: 6250; Colend: 9376; Cols: 3126;
Num-X: 12 ; Num-Y: 4 ; Resolution: 12500 ; Rank: 25 ; Rank-X: 6 ; Rank-Y: 1 ; Rowstart: 6252; Rowend: 7295; Rows: 1043; Colstart: 3125; Colend: 6251; Cols: 3126;
Num-X: 12 ; Num-Y: 4 ; Resolution: 12500 ; Rank: 27 ; Rank-X: 6 ; Rank-Y: 3 ; Rowstart: 6252; Rowend: 7295; Rows: 1043; Colstart: 9375; Colend: 12501; Cols: 3126;
Num-X: 12 ; Num-Y: 4 ; Resolution: 12500 ; Rank: 28 ; Rank-X: 7 ; Rank-Y: 0 ; Rowstart: 7294; Rowend: 8337; Rows: 1043; Colstart: 0; Colend: 3126; Cols: 3126;
Num-X: 12 ; Num-Y: 4 ; Resolution: 12500 ; Rank: 33 ; Rank-X: 8 ; Rank-Y: 1 ; Rowstart: 8336; Rowend: 9379; Rows: 1043; Colstart: 3125; Colend: 6251; Cols: 3126;
Num-X: 12 ; Num-Y: 4 ; Resolution: 12500 ; Rank: 35 ; Rank-X: 8 ; Rank-Y: 3 ; Rowstart: 8336; Rowend: 9379; Rows: 1043; Colstart: 9375; Colend: 12501; Cols: 3126;
Num-X: 12 ; Num-Y: 4 ; Resolution: 12500 ; Rank: 37 ; Rank-X: 9 ; Rank-Y: 1 ; Rowstart: 9378; Rowend: 10421; Rows: 1043; Colstart: 3125; Colend: 6251; Cols: 3126;
Num-X: 12 ; Num-Y: 4 ; Resolution: 12500 ; Rank: 39 ; Rank-X: 9 ; Rank-Y: 3 ; Rowstart: 9378; Rowend: 10421; Rows: 1043; Colstart: 9375; Colend: 12501; Cols: 3126;
Num-X: 12 ; Num-Y: 4 ; Resolution: 12500 ; Rank: 40 ; Rank-X: 10 ; Rank-Y: 0 ; Rowstart: 10420; Rowend: 11463; Rows: 1043; Colstart: 0; Colend: 3126; Cols: 3126;
Num-X: 12 ; Num-Y: 4 ; Resolution: 12500 ; Rank: 41 ; Rank-X: 10 ; Rank-Y: 1 ; Rowstart: 10420; Rowend: 11463; Rows: 1043; Colstart: 3125; Colend: 6251; Cols: 3126;
Num-X: 12 ; Num-Y: 4 ; Resolution: 12500 ; Rank: 10 ; Rank-X: 2 ; Rank-Y: 2 ; Rowstart: 2084; Rowend: 3127; Rows: 1043; Colstart: 6250; Colend: 9376; Cols: 3126;
Num-X: 12 ; Num-Y: 4 ; Resolution: 12500 ; Rank: 29 ; Rank-X: 7 ; Rank-Y: 1 ; Rowstart: 7294; Rowend: 8337; Rows: 1043; Colstart: 3125; Colend: 6251; Cols: 3126;
Num-X: 12 ; Num-Y: 4 ; Resolution: 12500 ; Rank: 42 ; Rank-X: 10 ; Rank-Y: 2 ; Rowstart: 10420; Rowend: 11463; Rows: 1043; Colstart: 6250; Colend: 9376; Cols: 3126;
Num-X: 12 ; Num-Y: 4 ; Resolution: 12500 ; Rank: 16 ; Rank-X: 4 ; Rank-Y: 0 ; Rowstart: 4168; Rowend: 5211; Rows: 1043; Colstart: 0; Colend: 3126; Cols: 3126;
Num-X: 12 ; Num-Y: 4 ; Resolution: 12500 ; Rank: 20 ; Rank-X: 5 ; Rank-Y: 0 ; Rowstart: 5210; Rowend: 6253; Rows: 1043; Colstart: 0; Colend: 3126; Cols: 3126;
Num-X: 12 ; Num-Y: 4 ; Resolution: 12500 ; Rank: 22 ; Rank-X: 5 ; Rank-Y: 2 ; Rowstart: 5210; Rowend: 6253; Rows: 1043; Colstart: 6250; Colend: 9376; Cols: 3126;
Num-X: 12 ; Num-Y: 4 ; Resolution: 12500 ; Rank: 24 ; Rank-X: 6 ; Rank-Y: 0 ; Rowstart: 6252; Rowend: 7295; Rows: 1043; Colstart: 0; Colend: 3126; Cols: 3126;
Num-X: 12 ; Num-Y: 4 ; Resolution: 12500 ; Rank: 30 ; Rank-X: 7 ; Rank-Y: 2 ; Rowstart: 7294; Rowend: 8337; Rows: 1043; Colstart: 6250; Colend: 9376; Cols: 3126;
Num-X: 12 ; Num-Y: 4 ; Resolution: 12500 ; Rank: 31 ; Rank-X: 7 ; Rank-Y: 3 ; Rowstart: 7294; Rowend: 8337; Rows: 1043; Colstart: 9375; Colend: 12501; Cols: 3126;
Num-X: 12 ; Num-Y: 4 ; Resolution: 12500 ; Rank: 32 ; Rank-X: 8 ; Rank-Y: 0 ; Rowstart: 8336; Rowend: 9379; Rows: 1043; Colstart: 0; Colend: 3126; Cols: 3126;
Num-X: 12 ; Num-Y: 4 ; Resolution: 12500 ; Rank: 34 ; Rank-X: 8 ; Rank-Y: 2 ; Rowstart: 8336; Rowend: 9379; Rows: 1043; Colstart: 6250; Colend: 9376; Cols: 3126;
Num-X: 12 ; Num-Y: 4 ; Resolution: 12500 ; Rank: 36 ; Rank-X: 9 ; Rank-Y: 0 ; Rowstart: 9378; Rowend: 10421; Rows: 1043; Colstart: 0; Colend: 3126; Cols: 3126;
Num-X: 12 ; Num-Y: 4 ; Resolution: 12500 ; Rank: 0 ; Rank-X: 0 ; Rank-Y: 0 ; Rowstart: 0; Rowend: 1043; Rows: 1043; Colstart: 0; Colend: 3126; Cols: 3126;
Num-X: 12 ; Num-Y: 4 ; Resolution: 12500 ; Rank: 1 ; Rank-X: 0 ; Rank-Y: 1 ; Rowstart: 0; Rowend: 1043; Rows: 1043; Colstart: 3125; Colend: 6251; Cols: 3126;
Num-X: 12 ; Num-Y: 4 ; Resolution: 12500 ; Rank: 2 ; Rank-X: 0 ; Rank-Y: 2 ; Rowstart: 0; Rowend: 1043; Rows: 1043; Colstart: 6250; Colend: 9376; Cols: 3126;
Num-X: 12 ; Num-Y: 4 ; Resolution: 12500 ; Rank: 3 ; Rank-X: 0 ; Rank-Y: 3 ; Rowstart: 0; Rowend: 1043; Rows: 1043; Colstart: 9375; Colend: 12501; Cols: 3126;
Num-X: 12 ; Num-Y: 4 ; Resolution: 12500 ; Rank: 4 ; Rank-X: 1 ; Rank-Y: 0 ; Rowstart: 1042; Rowend: 2085; Rows: 1043; Colstart: 0; Colend: 3126; Cols: 3126;
Num-X: 12 ; Num-Y: 4 ; Resolution: 12500 ; Rank: 5 ; Rank-X: 1 ; Rank-Y: 1 ; Rowstart: 1042; Rowend: 2085; Rows: 1043; Colstart: 3125; Colend: 6251; Cols: 3126;
Num-X: 12 ; Num-Y: 4 ; Resolution: 12500 ; Rank: 6 ; Rank-X: 1 ; Rank-Y: 2 ; Rowstart: 1042; Rowend: 2085; Rows: 1043; Colstart: 6250; Colend: 9376; Cols: 3126;
Num-X: 12 ; Num-Y: 4 ; Resolution: 12500 ; Rank: 7 ; Rank-X: 1 ; Rank-Y: 3 ; Rowstart: 1042; Rowend: 2085; Rows: 1043; Colstart: 9375; Colend: 12501; Cols: 3126;
Num-X: 12 ; Num-Y: 4 ; Resolution: 12500 ; Rank: 8 ; Rank-X: 2 ; Rank-Y: 0 ; Rowstart: 2084; Rowend: 3127; Rows: 1043; Colstart: 0; Colend: 3126; Cols: 3126;
Num-X: 12 ; Num-Y: 4 ; Resolution: 12500 ; Rank: 9 ; Rank-X: 2 ; Rank-Y: 1 ; Rowstart: 2084; Rowend: 3127; Rows: 1043; Colstart: 3125; Colend: 6251; Cols: 3126;
Num-X: 12 ; Num-Y: 4 ; Resolution: 12500 ; Rank: 11 ; Rank-X: 2 ; Rank-Y: 3 ; Rowstart: 2084; Rowend: 3127; Rows: 1043; Colstart: 9375; Colend: 12501; Cols: 3126;
Num-X: 12 ; Num-Y: 4 ; Resolution: 12500 ; Rank: 13 ; Rank-X: 3 ; Rank-Y: 1 ; Rowstart: 3126; Rowend: 4169; Rows: 1043; Colstart: 3125; Colend: 6251; Cols: 3126;
Num-X: 12 ; Num-Y: 4 ; Resolution: 12500 ; Rank: 14 ; Rank-X: 3 ; Rank-Y: 2 ; Rowstart: 3126; Rowend: 4169; Rows: 1043; Colstart: 6250; Colend: 9376; Cols: 3126;
Num-X: 12 ; Num-Y: 4 ; Resolution: 12500 ; Rank: 15 ; Rank-X: 3 ; Rank-Y: 3 ; Rowstart: 3126; Rowend: 4169; Rows: 1043; Colstart: 9375; Colend: 12501; Cols: 3126;
Num-X: 12 ; Num-Y: 4 ; Resolution: 12500 ; Rank: 17 ; Rank-X: 4 ; Rank-Y: 1 ; Rowstart: 4168; Rowend: 5211; Rows: 1043; Colstart: 3125; Colend: 6251; Cols: 3126;
Num-X: 12 ; Num-Y: 4 ; Resolution: 12500 ; Rank: 18 ; Rank-X: 4 ; Rank-Y: 2 ; Rowstart: 4168; Rowend: 5211; Rows: 1043; Colstart: 6250; Colend: 9376; Cols: 3126;
Num-X: 12 ; Num-Y: 4 ; Resolution: 12500 ; Rank: 21 ; Rank-X: 5 ; Rank-Y: 1 ; Rowstart: 5210; Rowend: 6253; Rows: 1043; Colstart: 3125; Colend: 6251; Cols: 3126;
Num-X: 12 ; Num-Y: 4 ; Resolution: 12500 ; Rank: 23 ; Rank-X: 5 ; Rank-Y: 3 ; Rowstart: 5210; Rowend: 6253; Rows: 1043; Colstart: 9375; Colend: 12501; Cols: 3126;
Num-X: 12 ; Num-Y: 4 ; Resolution: 12500 ; Rank: 38 ; Rank-X: 9 ; Rank-Y: 2 ; Rowstart: 9378; Rowend: 10421; Rows: 1043; Colstart: 6250; Colend: 9376; Cols: 3126;
Num-X: 12 ; Num-Y: 4 ; Resolution: 12500 ; Rank: 43 ; Rank-X: 10 ; Rank-Y: 3 ; Rowstart: 10420; Rowend: 11463; Rows: 1043; Colstart: 9375; Colend: 12501; Cols: 3126;
Num-X: 12 ; Num-Y: 4 ; Resolution: 12500 ; Rank: 12 ; Rank-X: 3 ; Rank-Y: 0 ; Rowstart: 3126; Rowend: 4169; Rows: 1043; Colstart: 0; Colend: 3126; Cols: 3126;
Num-X: 12 ; Num-Y: 4 ; Resolution: 12500 ; Rank: 19 ; Rank-X: 4 ; Rank-Y: 3 ; Rowstart: 4168; Rowend: 5211; Rows: 1043; Colstart: 9375; Colend: 12501; Cols: 3126;
Num-X: 12 ; Num-Y: 4 ; Resolution: 12500 ; Rank: 44 ; Rank-X: 11 ; Rank-Y: 0 ; Rowstart: 11462; Rowend: 12501; Rows: 1039; Colstart: 0; Colend: 3126; Cols: 3126;
Num-X: 12 ; Num-Y: 4 ; Resolution: 12500 ; Rank: 45 ; Rank-X: 11 ; Rank-Y: 1 ; Rowstart: 11462; Rowend: 12501; Rows: 1039; Colstart: 3125; Colend: 6251; Cols: 3126;
Num-X: 12 ; Num-Y: 4 ; Resolution: 12500 ; Rank: 46 ; Rank-X: 11 ; Rank-Y: 2 ; Rowstart: 11462; Rowend: 12501; Rows: 1039; Colstart: 6250; Colend: 9376; Cols: 3126;
Num-X: 12 ; Num-Y: 4 ; Resolution: 12500 ; Rank: 47 ; Rank-X: 11 ; Rank-Y: 3 ; Rowstart: 11462; Rowend: 12501; Rows: 1039; Colstart: 9375; Colend: 12501; Cols: 3126;

Resolution: 12500
===================
Execution time: 0.667837
Residual: 5.863330

megaflops:  32755.0
  flop instructions (M):  21875.000
