mpiexec -genv I_MPI_DEBUG=4 -n 192
[0] MPI startup(): Intel(R) MPI Library, Version 2019 Update 8  Build 20200624 (id: 4f16ad915)
[0] MPI startup(): Copyright (C) 2003-2020 Intel Corporation.  All rights reserved.
[0] MPI startup(): library kind: release
[0] MPI startup(): libfabric version: 1.10.1-impi
[0] MPI startup(): libfabric provider: psm2
[0] MPI startup(): Rank    Pid      Node name     Pin cpu
[0] MPI startup(): 0       2798960  i01r01c01s03  0
[0] MPI startup(): 1       2798961  i01r01c01s03  48
[0] MPI startup(): 2       2798962  i01r01c01s03  1
[0] MPI startup(): 3       2798963  i01r01c01s03  49
[0] MPI startup(): 4       2798964  i01r01c01s03  2
[0] MPI startup(): 5       2798965  i01r01c01s03  50
[0] MPI startup(): 6       2798966  i01r01c01s03  3
[0] MPI startup(): 7       2798967  i01r01c01s03  51
[0] MPI startup(): 8       2798968  i01r01c01s03  4
[0] MPI startup(): 9       2798969  i01r01c01s03  52
[0] MPI startup(): 10      2798970  i01r01c01s03  5
[0] MPI startup(): 11      2798971  i01r01c01s03  53
[0] MPI startup(): 12      2798972  i01r01c01s03  6
[0] MPI startup(): 13      2798973  i01r01c01s03  54
[0] MPI startup(): 14      2798974  i01r01c01s03  7
[0] MPI startup(): 15      2798975  i01r01c01s03  55
[0] MPI startup(): 16      2798976  i01r01c01s03  8
[0] MPI startup(): 17      2799021  i01r01c01s03  56
[0] MPI startup(): 18      2799022  i01r01c01s03  9
[0] MPI startup(): 19      2799023  i01r01c01s03  57
[0] MPI startup(): 20      2799024  i01r01c01s03  10
[0] MPI startup(): 21      2799025  i01r01c01s03  58
[0] MPI startup(): 22      2799026  i01r01c01s03  11
[0] MPI startup(): 23      2799027  i01r01c01s03  59
[0] MPI startup(): 24      2799028  i01r01c01s03  12
[0] MPI startup(): 25      2799029  i01r01c01s03  60
[0] MPI startup(): 26      2799030  i01r01c01s03  13
[0] MPI startup(): 27      2799031  i01r01c01s03  61
[0] MPI startup(): 28      2799032  i01r01c01s03  14
[0] MPI startup(): 29      2799033  i01r01c01s03  62
[0] MPI startup(): 30      2799034  i01r01c01s03  15
[0] MPI startup(): 31      2799035  i01r01c01s03  63
[0] MPI startup(): 32      2799036  i01r01c01s03  16
[0] MPI startup(): 33      2799037  i01r01c01s03  64
[0] MPI startup(): 34      2799038  i01r01c01s03  17
[0] MPI startup(): 35      2799039  i01r01c01s03  65
[0] MPI startup(): 36      2799040  i01r01c01s03  18
[0] MPI startup(): 37      2799041  i01r01c01s03  66
[0] MPI startup(): 38      2799042  i01r01c01s03  19
[0] MPI startup(): 39      2799043  i01r01c01s03  67
[0] MPI startup(): 40      2799044  i01r01c01s03  20
[0] MPI startup(): 41      2799045  i01r01c01s03  68
[0] MPI startup(): 42      2799046  i01r01c01s03  21
[0] MPI startup(): 43      2799047  i01r01c01s03  69
[0] MPI startup(): 44      2799048  i01r01c01s03  22
[0] MPI startup(): 45      2799049  i01r01c01s03  70
[0] MPI startup(): 46      2799050  i01r01c01s03  23
[0] MPI startup(): 47      2799051  i01r01c01s03  71
[0] MPI startup(): 48      2799052  i01r01c01s03  24
[0] MPI startup(): 49      2799053  i01r01c01s03  72
[0] MPI startup(): 50      2799054  i01r01c01s03  25
[0] MPI startup(): 51      2799055  i01r01c01s03  73
[0] MPI startup(): 52      2799056  i01r01c01s03  26
[0] MPI startup(): 53      2799057  i01r01c01s03  74
[0] MPI startup(): 54      2799058  i01r01c01s03  27
[0] MPI startup(): 55      2799059  i01r01c01s03  75
[0] MPI startup(): 56      2799060  i01r01c01s03  28
[0] MPI startup(): 57      2799061  i01r01c01s03  76
[0] MPI startup(): 58      2799062  i01r01c01s03  29
[0] MPI startup(): 59      2799063  i01r01c01s03  77
[0] MPI startup(): 60      2799064  i01r01c01s03  30
[0] MPI startup(): 61      2799065  i01r01c01s03  78
[0] MPI startup(): 62      2799066  i01r01c01s03  31
[0] MPI startup(): 63      2799067  i01r01c01s03  79
[0] MPI startup(): 64      2799068  i01r01c01s03  32
[0] MPI startup(): 65      2799069  i01r01c01s03  80
[0] MPI startup(): 66      2799070  i01r01c01s03  33
[0] MPI startup(): 67      2799071  i01r01c01s03  81
[0] MPI startup(): 68      2799072  i01r01c01s03  34
[0] MPI startup(): 69      2799073  i01r01c01s03  82
[0] MPI startup(): 70      2799074  i01r01c01s03  35
[0] MPI startup(): 71      2799075  i01r01c01s03  83
[0] MPI startup(): 72      2799076  i01r01c01s03  36
[0] MPI startup(): 73      2799077  i01r01c01s03  84
[0] MPI startup(): 74      2799078  i01r01c01s03  37
[0] MPI startup(): 75      2799079  i01r01c01s03  85
[0] MPI startup(): 76      2799080  i01r01c01s03  38
[0] MPI startup(): 77      2799081  i01r01c01s03  86
[0] MPI startup(): 78      2799082  i01r01c01s03  39
[0] MPI startup(): 79      2799083  i01r01c01s03  87
[0] MPI startup(): 80      2799084  i01r01c01s03  40
[0] MPI startup(): 81      2799085  i01r01c01s03  88
[0] MPI startup(): 82      2799086  i01r01c01s03  41
[0] MPI startup(): 83      2799087  i01r01c01s03  89
[0] MPI startup(): 84      2799088  i01r01c01s03  42
[0] MPI startup(): 85      2799089  i01r01c01s03  90
[0] MPI startup(): 86      2799090  i01r01c01s03  43
[0] MPI startup(): 87      2799091  i01r01c01s03  91
[0] MPI startup(): 88      2799092  i01r01c01s03  44
[0] MPI startup(): 89      2799093  i01r01c01s03  92
[0] MPI startup(): 90      2799094  i01r01c01s03  45
[0] MPI startup(): 91      2799095  i01r01c01s03  93
[0] MPI startup(): 92      2799096  i01r01c01s03  46
[0] MPI startup(): 93      2799097  i01r01c01s03  94
[0] MPI startup(): 94      2799098  i01r01c01s03  47
[0] MPI startup(): 95      2799099  i01r01c01s03  95
[0] MPI startup(): 96      2799100  i01r01c01s03  0
[0] MPI startup(): 97      2799101  i01r01c01s03  48
[0] MPI startup(): 98      2799102  i01r01c01s03  1
[0] MPI startup(): 99      2799103  i01r01c01s03  49
[0] MPI startup(): 100     2799104  i01r01c01s03  2
[0] MPI startup(): 101     2799105  i01r01c01s03  50
[0] MPI startup(): 102     2799106  i01r01c01s03  3
[0] MPI startup(): 103     2799108  i01r01c01s03  51
[0] MPI startup(): 104     2799109  i01r01c01s03  4
[0] MPI startup(): 105     2799110  i01r01c01s03  52
[0] MPI startup(): 106     2799111  i01r01c01s03  5
[0] MPI startup(): 107     2799112  i01r01c01s03  53
[0] MPI startup(): 108     2799113  i01r01c01s03  6
[0] MPI startup(): 109     2799114  i01r01c01s03  54
[0] MPI startup(): 110     2799115  i01r01c01s03  7
[0] MPI startup(): 111     2799116  i01r01c01s03  55
[0] MPI startup(): 112     2799117  i01r01c01s03  8
[0] MPI startup(): 113     2799118  i01r01c01s03  56
[0] MPI startup(): 114     2799119  i01r01c01s03  9
[0] MPI startup(): 115     2799120  i01r01c01s03  57
[0] MPI startup(): 116     2799121  i01r01c01s03  10
[0] MPI startup(): 117     2799122  i01r01c01s03  58
[0] MPI startup(): 118     2799123  i01r01c01s03  11
[0] MPI startup(): 119     2799124  i01r01c01s03  59
[0] MPI startup(): 120     2799125  i01r01c01s03  12
[0] MPI startup(): 121     2799126  i01r01c01s03  60
[0] MPI startup(): 122     2799127  i01r01c01s03  13
[0] MPI startup(): 123     2799128  i01r01c01s03  61
[0] MPI startup(): 124     2799129  i01r01c01s03  14
[0] MPI startup(): 125     2799130  i01r01c01s03  62
[0] MPI startup(): 126     2799131  i01r01c01s03  15
[0] MPI startup(): 127     2799132  i01r01c01s03  63
[0] MPI startup(): 128     2799133  i01r01c01s03  16
[0] MPI startup(): 129     2799134  i01r01c01s03  64
[0] MPI startup(): 130     2799135  i01r01c01s03  17
[0] MPI startup(): 131     2799136  i01r01c01s03  65
[0] MPI startup(): 132     2799137  i01r01c01s03  18
[0] MPI startup(): 133     2799138  i01r01c01s03  66
[0] MPI startup(): 134     2799139  i01r01c01s03  19
[0] MPI startup(): 135     2799140  i01r01c01s03  67
[0] MPI startup(): 136     2799141  i01r01c01s03  20
[0] MPI startup(): 137     2799142  i01r01c01s03  68
[0] MPI startup(): 138     2799143  i01r01c01s03  21
[0] MPI startup(): 139     2799144  i01r01c01s03  69
[0] MPI startup(): 140     2799145  i01r01c01s03  22
[0] MPI startup(): 141     2799146  i01r01c01s03  70
[0] MPI startup(): 142     2799147  i01r01c01s03  23
[0] MPI startup(): 143     2799148  i01r01c01s03  71
[0] MPI startup(): 144     2799149  i01r01c01s03  24
[0] MPI startup(): 145     2799150  i01r01c01s03  72
[0] MPI startup(): 146     2799151  i01r01c01s03  25
[0] MPI startup(): 147     2799152  i01r01c01s03  73
[0] MPI startup(): 148     2799153  i01r01c01s03  26
[0] MPI startup(): 149     2799154  i01r01c01s03  74
[0] MPI startup(): 150     2799155  i01r01c01s03  27
[0] MPI startup(): 151     2799156  i01r01c01s03  75
[0] MPI startup(): 152     2799157  i01r01c01s03  28
[0] MPI startup(): 153     2799158  i01r01c01s03  76
[0] MPI startup(): 154     2799159  i01r01c01s03  29
[0] MPI startup(): 155     2799160  i01r01c01s03  77
[0] MPI startup(): 156     2799161  i01r01c01s03  30
[0] MPI startup(): 157     2799162  i01r01c01s03  78
[0] MPI startup(): 158     2799163  i01r01c01s03  31
[0] MPI startup(): 159     2799164  i01r01c01s03  79
[0] MPI startup(): 160     2799165  i01r01c01s03  32
[0] MPI startup(): 161     2799166  i01r01c01s03  80
[0] MPI startup(): 162     2799167  i01r01c01s03  33
[0] MPI startup(): 163     2799168  i01r01c01s03  81
[0] MPI startup(): 164     2799169  i01r01c01s03  34
[0] MPI startup(): 165     2799170  i01r01c01s03  82
[0] MPI startup(): 166     2799171  i01r01c01s03  35
[0] MPI startup(): 167     2799172  i01r01c01s03  83
[0] MPI startup(): 168     2799173  i01r01c01s03  36
[0] MPI startup(): 169     2799174  i01r01c01s03  84
[0] MPI startup(): 170     2799175  i01r01c01s03  37
[0] MPI startup(): 171     2799176  i01r01c01s03  85
[0] MPI startup(): 172     2799177  i01r01c01s03  38
[0] MPI startup(): 173     2799178  i01r01c01s03  86
[0] MPI startup(): 174     2799179  i01r01c01s03  39
[0] MPI startup(): 175     2799180  i01r01c01s03  87
[0] MPI startup(): 176     2799181  i01r01c01s03  40
[0] MPI startup(): 177     2799182  i01r01c01s03  88
[0] MPI startup(): 178     2799183  i01r01c01s03  41
[0] MPI startup(): 179     2799184  i01r01c01s03  89
[0] MPI startup(): 180     2799185  i01r01c01s03  42
[0] MPI startup(): 181     2799186  i01r01c01s03  90
[0] MPI startup(): 182     2799187  i01r01c01s03  43
[0] MPI startup(): 183     2799188  i01r01c01s03  91
[0] MPI startup(): 184     2799189  i01r01c01s03  44
[0] MPI startup(): 185     2799190  i01r01c01s03  92
[0] MPI startup(): 186     2799191  i01r01c01s03  45
[0] MPI startup(): 187     2799192  i01r01c01s03  93
[0] MPI startup(): 188     2799193  i01r01c01s03  46
[0] MPI startup(): 189     2799194  i01r01c01s03  94
[0] MPI startup(): 190     2799195  i01r01c01s03  47
[0] MPI startup(): 191     2799196  i01r01c01s03  95

16 processes distributed in X-direction
 12 ; processes distributed in Y-direction
Resolutions       : (12500, 13500, ... 12500)
Iterations        : 20
Num. Heat sources : 2
   1: (0.00, 0.00) 1.00 1.00 
   2: (1.00, 1.00) 1.00 0.50 
rank= 4 coords= 0 4 neighbours(up,down,left,right)= -1 16 3 5
rank= 5 coords= 0 5 neighbours(up,down,left,right)= -1 17 4 6
rank= 6 coords= 0 6 neighbours(up,down,left,right)= -1 18 5 7
rank= 18 coords= 1 6 neighbours(up,down,left,right)= 6 30 17 19
rank= 128 coords= 10 8 neighbours(up,down,left,right)= 116 140 127 129
rank= 130 coords= 10 10 neighbours(up,down,left,right)= 118 142 129 131
rank= 136 coords= 11 4 neighbours(up,down,left,right)= 124 148 135 137
rank= 144 coords= 12 0 neighbours(up,down,left,right)= 132 156 -1 145
rank= 160 coords= 13 4 neighbours(up,down,left,right)= 148 172 159 161
rank= 161 coords= 13 5 neighbours(up,down,left,right)= 149 173 160 162
rank= 162 coords= 13 6 neighbours(up,down,left,right)= 150 174 161 163
rank= 163 coords= 13 7 neighbours(up,down,left,right)= 151 175 162 164
rank= 169 coords= 14 1 neighbours(up,down,left,right)= 157 181 168 170
rank= 170 coords= 14 2 neighbours(up,down,left,right)= 158 182 169 171
rank= 0 coords= 0 0 neighbours(up,down,left,right)= -1 12 -1 1
rank= 1 coords= 0 1 neighbours(up,down,left,right)= -1 13 0 2
rank= 2 coords= 0 2 neighbours(up,down,left,right)= -1 14 1 3
rank= 3 coords= 0 3 neighbours(up,down,left,right)= -1 15 2 4
rank= 7 coords= 0 7 neighbours(up,down,left,right)= -1 19 6 8
rank= 8 coords= 0 8 neighbours(up,down,left,right)= -1 20 7 9
rank= 9 coords= 0 9 neighbours(up,down,left,right)= -1 21 8 10
rank= 10 coords= 0 10 neighbours(up,down,left,right)= -1 22 9 11
rank= 11 coords= 0 11 neighbours(up,down,left,right)= -1 23 10 -1
rank= 12 coords= 1 0 neighbours(up,down,left,right)= 0 24 -1 13
rank= 13 coords= 1 1 neighbours(up,down,left,right)= 1 25 12 14
rank= 14 coords= 1 2 neighbours(up,down,left,right)= 2 26 13 15
rank= 15 coords= 1 3 neighbours(up,down,left,right)= 3 27 14 16
rank= 17 coords= 1 5 neighbours(up,down,left,right)= 5 29 16 18
rank= 19 coords= 1 7 neighbours(up,down,left,right)= 7 31 18 20
rank= 20 coords= 1 8 neighbours(up,down,left,right)= 8 32 19 21
rank= 21 coords= 1 9 neighbours(up,down,left,right)= 9 33 20 22
rank= 22 coords= 1 10 neighbours(up,down,left,right)= 10 34 21 23
rank= 23 coords= 1 11 neighbours(up,down,left,right)= 11 35 22 -1
rank= 24 coords= 2 0 neighbours(up,down,left,right)= 12 36 -1 25
rank= 25 coords= 2 1 neighbours(up,down,left,right)= 13 37 24 26
rank= 26 coords= 2 2 neighbours(up,down,left,right)= 14 38 25 27
rank= 27 coords= 2 3 neighbours(up,down,left,right)= 15 39 26 28
rank= 28 coords= 2 4 neighbours(up,down,left,right)= 16 40 27 29
rank= 29 coords= 2 5 neighbours(up,down,left,right)= 17 41 28 30
rank= 30 coords= 2 6 neighbours(up,down,left,right)= 18 42 29 31
rank= 31 coords= 2 7 neighbours(up,down,left,right)= 19 43 30 32
rank= 68 coords= 5 8 neighbours(up,down,left,right)= 56 80 67 69
rank= 69 coords= 5 9 neighbours(up,down,left,right)= 57 81 68 70
rank= 70 coords= 5 10 neighbours(up,down,left,right)= 58 82 69 71
rank= 71 coords= 5 11 neighbours(up,down,left,right)= 59 83 70 -1
rank= 81 coords= 6 9 neighbours(up,down,left,right)= 69 93 80 82
rank= 82 coords= 6 10 neighbours(up,down,left,right)= 70 94 81 83
rank= 83 coords= 6 11 neighbours(up,down,left,right)= 71 95 82 -1
rank= 85 coords= 7 1 neighbours(up,down,left,right)= 73 97 84 86
rank= 87 coords= 7 3 neighbours(up,down,left,right)= 75 99 86 88
rank= 89 coords= 7 5 neighbours(up,down,left,right)= 77 101 88 90
rank= 90 coords= 7 6 neighbours(up,down,left,right)= 78 102 89 91
rank= 91 coords= 7 7 neighbours(up,down,left,right)= 79 103 90 92
rank= 92 coords= 7 8 neighbours(up,down,left,right)= 80 104 91 93
rank= 93 coords= 7 9 neighbours(up,down,left,right)= 81 105 92 94
rank= 94 coords= 7 10 neighbours(up,down,left,right)= 82 106 93 95
rank= 95 coords= 7 11 neighbours(up,down,left,right)= 83 107 94 -1
rank= 107 coords= 8 11 neighbours(up,down,left,right)= 95 119 106 -1
rank= 109 coords= 9 1 neighbours(up,down,left,right)= 97 121 108 110
rank= 112 coords= 9 4 neighbours(up,down,left,right)= 100 124 111 113
rank= 115 coords= 9 7 neighbours(up,down,left,right)= 103 127 114 116
rank= 117 coords= 9 9 neighbours(up,down,left,right)= 105 129 116 118
rank= 129 coords= 10 9 neighbours(up,down,left,right)= 117 141 128 130
rank= 131 coords= 10 11 neighbours(up,down,left,right)= 119 143 130 -1
rank= 132 coords= 11 0 neighbours(up,down,left,right)= 120 144 -1 133
rank= 133 coords= 11 1 neighbours(up,down,left,right)= 121 145 132 134
rank= 134 coords= 11 2 neighbours(up,down,left,right)= 122 146 133 135
rank= 135 coords= 11 3 neighbours(up,down,left,right)= 123 147 134 136
rank= 137 coords= 11 5 neighbours(up,down,left,right)= 125 149 136 138
rank= 138 coords= 11 6 neighbours(up,down,left,right)= 126 150 137 139
rank= 139 coords= 11 7 neighbours(up,down,left,right)= 127 151 138 140
rank= 140 coords= 11 8 neighbours(up,down,left,right)= 128 152 139 141
rank= 141 coords= 11 9 neighbours(up,down,left,right)= 129 153 140 142
rank= 142 coords= 11 10 neighbours(up,down,left,right)= 130 154 141 143
rank= 143 coords= 11 11 neighbours(up,down,left,right)= 131 155 142 -1
rank= 145 coords= 12 1 neighbours(up,down,left,right)= 133 157 144 146
rank= 146 coords= 12 2 neighbours(up,down,left,right)= 134 158 145 147
rank= 147 coords= 12 3 neighbours(up,down,left,right)= 135 159 146 148
rank= 148 coords= 12 4 neighbours(up,down,left,right)= 136 160 147 149
rank= 149 coords= 12 5 neighbours(up,down,left,right)= 137 161 148 150
rank= 150 coords= 12 6 neighbours(up,down,left,right)= 138 162 149 151
rank= 151 coords= 12 7 neighbours(up,down,left,right)= 139 163 150 152
rank= 152 coords= 12 8 neighbours(up,down,left,right)= 140 164 151 153
rank= 153 coords= 12 9 neighbours(up,down,left,right)= 141 165 152 154
rank= 154 coords= 12 10 neighbours(up,down,left,right)= 142 166 153 155
rank= 155 coords= 12 11 neighbours(up,down,left,right)= 143 167 154 -1
rank= 156 coords= 13 0 neighbours(up,down,left,right)= 144 168 -1 157
rank= 157 coords= 13 1 neighbours(up,down,left,right)= 145 169 156 158
rank= 158 coords= 13 2 neighbours(up,down,left,right)= 146 170 157 159
rank= 159 coords= 13 3 neighbours(up,down,left,right)= 147 171 158 160
rank= 168 coords= 14 0 neighbours(up,down,left,right)= 156 180 -1 169
rank= 171 coords= 14 3 neighbours(up,down,left,right)= 159 183 170 172
rank= 172 coords= 14 4 neighbours(up,down,left,right)= 160 184 171 173
rank= 173 coords= 14 5 neighbours(up,down,left,right)= 161 185 172 174
rank= 174 coords= 14 6 neighbours(up,down,left,right)= 162 186 173 175
rank= 175 coords= 14 7 neighbours(up,down,left,right)= 163 187 174 176
rank= 176 coords= 14 8 neighbours(up,down,left,right)= 164 188 175 177
rank= 178 coords= 14 10 neighbours(up,down,left,right)= 166 190 177 179
rank= 180 coords= 15 0 neighbours(up,down,left,right)= 168 -1 -1 181
rank= 182 coords= 15 2 neighbours(up,down,left,right)= 170 -1 181 183
rank= 184 coords= 15 4 neighbours(up,down,left,right)= 172 -1 183 185
rank= 185 coords= 15 5 neighbours(up,down,left,right)= 173 -1 184 186
rank= 186 coords= 15 6 neighbours(up,down,left,right)= 174 -1 185 187
rank= 64 coords= 5 4 neighbours(up,down,left,right)= 52 76 63 65
rank= 72 coords= 6 0 neighbours(up,down,left,right)= 60 84 -1 73
rank= 74 coords= 6 2 neighbours(up,down,left,right)= 62 86 73 75
rank= 76 coords= 6 4 neighbours(up,down,left,right)= 64 88 75 77
rank= 77 coords= 6 5 neighbours(up,down,left,right)= 65 89 76 78
rank= 84 coords= 7 0 neighbours(up,down,left,right)= 72 96 -1 85
rank= 86 coords= 7 2 neighbours(up,down,left,right)= 74 98 85 87
rank= 88 coords= 7 4 neighbours(up,down,left,right)= 76 100 87 89
rank= 96 coords= 8 0 neighbours(up,down,left,right)= 84 108 -1 97
rank= 97 coords= 8 1 neighbours(up,down,left,right)= 85 109 96 98
rank= 104 coords= 8 8 neighbours(up,down,left,right)= 92 116 103 105
rank= 106 coords= 8 10 neighbours(up,down,left,right)= 94 118 105 107
rank= 108 coords= 9 0 neighbours(up,down,left,right)= 96 120 -1 109
rank= 114 coords= 9 6 neighbours(up,down,left,right)= 102 126 113 115
rank= 116 coords= 9 8 neighbours(up,down,left,right)= 104 128 115 117
rank= 118 coords= 9 10 neighbours(up,down,left,right)= 106 130 117 119
rank= 119 coords= 9 11 neighbours(up,down,left,right)= 107 131 118 -1
rank= 164 coords= 13 8 neighbours(up,down,left,right)= 152 176 163 165
rank= 166 coords= 13 10 neighbours(up,down,left,right)= 154 178 165 167
rank= 177 coords= 14 9 neighbours(up,down,left,right)= 165 189 176 178
rank= 179 coords= 14 11 neighbours(up,down,left,right)= 167 191 178 -1
rank= 181 coords= 15 1 neighbours(up,down,left,right)= 169 -1 180 182
rank= 183 coords= 15 3 neighbours(up,down,left,right)= 171 -1 182 184

Num-X: 16 ; Num-Y: 12 ; Resolution: 12500 ; Rank: 2 ; Rank-X: 0 ; Rank-Y: 2 ; Rowstart: 0; Rowend: 783; Rows: 783; Colstart: 2084; Colend: 3127; Cols: 1043;
Num-X: 16 ; Num-Y: 12 ; Resolution: 12500 ; Rank: 5 ; Rank-X: 0 ; Rank-Y: 5 ; Rowstart: 0; Rowend: 783; Rows: 783; Colstart: 5210; Colend: 6253; Cols: 1043;
Num-X: 16 ; Num-Y: 12 ; Resolution: 12500 ; Rank: 6 ; Rank-X: 0 ; Rank-Y: 6 ; Rowstart: 0; Rowend: 783; Rows: 783; Colstart: 6252; Colend: 7295; Cols: 1043;
Num-X: 16 ; Num-Y: 12 ; Resolution: 12500 ; Rank: 24 ; Rank-X: 2 ; Rank-Y: 0 ; Rowstart: 1564; Rowend: 2347; Rows: 783; Colstart: 0; Colend: 1043; Cols: 1043;
Num-X: 16 ; Num-Y: 12 ; Resolution: 12500 ; Rank: 28 ; Rank-X: 2 ; Rank-Y: 4 ; Rowstart: 1564; Rowend: 2347; Rows: 783; Colstart: 4168; Colend: 5211; Cols: 1043;rank= 32 coords= 2 8 neighbours(up,down,left,right)= 20 44 31 33

Num-X: 16 ; Num-Y: 12 ; Resolution: 12500 ; Rank: 69 ; Rank-X: 5 ; Rank-Y: 9 ; Rowstart: 3910; Rowend: 4693; Rows: 783; Colstart: 9378; Colend: 10421; Cols: 1043;rank= 75 coords= 6 3 neighbours(up,down,left,right)= 63 87 74 76

Num-X: 16 ; Num-Y: 12 ; Resolution: 12500 ; Rank: 133 ; Rank-X: 11 ; Rank-Y: 1 ; Rowstart: 8602; Rowend: 9385; Rows: 783; Colstart: 1042; Colend: 2085; Cols: 1043;
Num-X: 16 ; Num-Y: 12 ; Resolution: 12500 ; Rank: 136 ; Rank-X: 11 ; Rank-Y: 4 ; Rowstart: 8602; Rowend: 9385; Rows: 783; Colstart: 4168; Colend: 5211; Cols: 1043;
Num-X: 16 ; Num-Y: 12 ; Resolution: 12500 ; Rank: 144 ; Rank-X: 12 ; Rank-Y: 0 ; Rowstart: 9384; Rowend: 10167; Rows: 783; Colstart: 0; Colend: 1043; Cols: 1043;
Num-X: 16 ; Num-Y: 12 ; Resolution: 12500 ; Rank: 151 ; Rank-X: 12 ; Rank-Y: 7 ; Rowstart: 9384; Rowend: 10167; Rows: 783; Colstart: 7294; Colend: 8337; Cols: 1043;
Num-X: 16 ; Num-Y: 12 ; Resolution: 12500 ; Rank: 156 ; Rank-X: 13 ; Rank-Y: 0 ; Rowstart: 10166; Rowend: 10949; Rows: 783; Colstart: 0; Colend: 1043; Cols: 1043;
Num-X: 16 ; Num-Y: 12 ; Resolution: 12500 ; Rank: 157 ; Rank-X: 13 ; Rank-Y: 1 ; Rowstart: 10166; Rowend: 10949; Rows: 783; Colstart: 1042; Colend: 2085; Cols: 1043;
Num-X: 16 ; Num-Y: 12 ; Resolution: 12500 ; Rank: 161 ; Rank-X: 13 ; Rank-Y: 5 ; Rowstart: 10166; Rowend: 10949; Rows: 783; Colstart: 5210; Colend: 6253; Cols: 1043;
Num-X: 16 ; Num-Y: 12 ; Resolution: 12500 ; Rank: 174 ; Rank-X: 14 ; Rank-Y: 6 ; Rowstart: 10948; Rowend: 11731; Rows: 783; Colstart: 6252; Colend: 7295; Cols: 1043;
Num-X: 16 ; Num-Y: 12 ; Resolution: 12500 ; Rank: 175 ; Rank-X: 14 ; Rank-Y: 7 ; Rowstart: 10948; Rowend: 11731; Rows: 783; Colstart: 7294; Colend: 8337; Cols: 1043;
Num-X: 16 ; Num-Y: 12 ; Resolution: 12500 ; Rank: 176 ; Rank-X: 14 ; Rank-Y: 8 ; Rowstart: 10948; Rowend: 11731; Rows: 783; Colstart: 8336; Colend: 9379; Cols: 1043;
Num-X: 16 ; Num-Y: 12 ; Resolution: 12500 ; Rank: 9 ; Rank-X: 0 ; Rank-Y: 9 ; Rowstart: 0; Rowend: 783; Rows: 783; Colstart: 9378; Colend: 10421; Cols: 1043;
Num-X: 16 ; Num-Y: 12 ; Resolution: 12500 ; Rank: 14 ; Rank-X: 1 ; Rank-Y: 2 ; Rowstart: 782; Rowend: 1565; Rows: 783; Colstart: 2084; Colend: 3127; Cols: 1043;
Num-X: 16 ; Num-Y: 12 ; Resolution: 12500 ; Rank: 17 ; Rank-X: 1 ; Rank-Y: 5 ; Rowstart: 782; Rowend: 1565; Rows: 783; Colstart: 5210; Colend: 6253; Cols: 1043;
Num-X: 16 ; Num-Y: 12 ; Resolution: 12500 ; Rank: 91 ; Rank-X: 7 ; Rank-Y: 7 ; Rowstart: 5474; Rowend: 6257; Rows: 783; Colstart: 7294; Colend: 8337; Cols: 1043;
Num-X: 16 ; Num-Y: 12 ; Resolution: 12500 ; Rank: 92 ; Rank-X: 7 ; Rank-Y: 8 ; Rowstart: 5474; Rowend: 6257; Rows: 783; Colstart: 8336; Colend: 9379; Cols: 1043;
Num-X: 16 ; Num-Y: 12 ; Resolution: 12500 ; Rank: 95 ; Rank-X: 7 ; Rank-Y: 11 ; Rowstart: 5474; Rowend: 6257; Rows: 783; Colstart: 11462; Colend: 12501; Cols: 1039;
Num-X: 16 ; Num-Y: 12 ; Resolution: 12500 ; Rank: 129 ; Rank-X: 10 ; Rank-Y: 9 ; Rowstart: 7820; Rowend: 8603; Rows: 783; Colstart: 9378; Colend: 10421; Cols: 1043;
Num-X: 16 ; Num-Y: 12 ; Resolution: 12500 ; Rank: 130 ; Rank-X: 10 ; Rank-Y: 10 ; Rowstart: 7820; Rowend: 8603; Rows: 783; Colstart: 10420; Colend: 11463; Cols: 1043;
Num-X: 16 ; Num-Y: 12 ; Resolution: 12500 ; Rank: 134 ; Rank-X: 11 ; Rank-Y: 2 ; Rowstart: 8602; Rowend: 9385; Rows: 783; Colstart: 2084; Colend: 3127; Cols: 1043;
Num-X: 16 ; Num-Y: 12 ; Resolution: 12500 ; Rank: 135 ; Rank-X: 11 ; Rank-Y: 3 ; Rowstart: 8602; Rowend: 9385; Rows: 783; Colstart: 3126; Colend: 4169; Cols: 1043;
Num-X: 16 ; Num-Y: 12 ; Resolution: 12500 ; Rank: 139 ; Rank-X: 11 ; Rank-Y: 7 ; Rowstart: 8602; Rowend: 9385; Rows: 783; Colstart: 7294; Colend: 8337; Cols: 1043;
Num-X: 16 ; Num-Y: 12 ; Resolution: 12500 ; Rank: 141 ; Rank-X: 11 ; Rank-Y: 9 ; Rowstart: 8602; Rowend: 9385; Rows: 783; Colstart: 9378; Colend: 10421; Cols: 1043;
Num-X: 16 ; Num-Y: 12 ; Resolution: 12500 ; Rank: 153 ; Rank-X: 12 ; Rank-Y: 9 ; Rowstart: 9384; Rowend: 10167; Rows: 783; Colstart: 9378; Colend: 10421; Cols: 1043;
Num-X: 16 ; Num-Y: 12 ; Resolution: 12500 ; Rank: 155 ; Rank-X: 12 ; Rank-Y: 11 ; Rowstart: 9384; Rowend: 10167; Rows: 783; Colstart: 11462; Colend: 12501; Cols: 1039;
Num-X: 16 ; Num-Y: 12 ; Resolution: 12500 ; Rank: 4 ; Rank-X: 0 ; Rank-Y: 4 ; Rowstart: 0; Rowend: 783; Rows: 783; Colstart: 4168; Colend: 5211; Cols: 1043;
Num-X: 16 ; Num-Y: 12 ; Resolution: 12500 ; Rank: 15 ; Rank-X: 1 ; Rank-Y: 3 ; Rowstart: 782; Rowend: 1565; Rows: 783; Colstart: 3126; Colend: 4169; Cols: 1043;
Num-X: 16 ; Num-Y: 12 ; Resolution: 12500 ; Rank: 21 ; Rank-X: 1 ; Rank-Y: 9 ; Rowstart: 782; Rowend: 1565; Rows: 783; Colstart: 9378; Colend: 10421; Cols: 1043;
Num-X: 16 ; Num-Y: 12 ; Resolution: 12500 ; Rank: 26 ; Rank-X: 2 ; Rank-Y: 2 ; Rowstart: 1564; Rowend: 2347; Rows: 783; Colstart: 2084; Colend: 3127; Cols: 1043;
Num-X: 16 ; Num-Y: 12 ; Resolution: 12500 ; Rank: 162 ; Rank-X: 13 ; Rank-Y: 6 ; Rowstart: 10166; Rowend: 10949; Rows: 783; Colstart: 6252; Colend: 7295; Cols: 1043;
Num-X: 16 ; Num-Y: 12 ; Resolution: 12500 ; Rank: 169 ; Rank-X: 14 ; Rank-Y: 1 ; Rowstart: 10948; Rowend: 11731; Rows: 783; Colstart: 1042; Colend: 2085; Cols: 1043;rank= 187 coords= 15 7 neighbours(up,down,left,right)= 175 -1 186 188
rank= 36 coords= 3 0 neighbours(up,down,left,right)= 24 48 -1 37

Num-X: 16 ; Num-Y: 12 ; Resolution: 12500 ; Rank: 71 ; Rank-X: 5 ; Rank-Y: 11 ; Rowstart: 3910; Rowend: 4693; Rows: 783; Colstart: 11462; Colend: 12501; Cols: 1039;
Num-X: 16 ; Num-Y: 12 ; Resolution: 12500 ; Rank: 3 ; Rank-X: 0 ; Rank-Y: 3 ; Rowstart: 0; Rowend: 783; Rows: 783; Colstart: 3126; Colend: 4169; Cols: 1043;
Num-X: 16 ; Num-Y: 12 ; Resolution: 12500 ; Rank: 7 ; Rank-X: 0 ; Rank-Y: 7 ; Rowstart: 0; Rowend: 783; Rows: 783; Colstart: 7294; Colend: 8337; Cols: 1043;
Num-X: 16 ; Num-Y: 12 ; Resolution: 12500 ; Rank: 12 ; Rank-X: 1 ; Rank-Y: 0 ; Rowstart: 782; Rowend: 1565; Rows: 783; Colstart: 0; Colend: 1043; Cols: 1043;
Num-X: 16 ; Num-Y: 12 ; Resolution: 12500 ; Rank: 13 ; Rank-X: 1 ; Rank-Y: 1 ; Rowstart: 782; Rowend: 1565; Rows: 783; Colstart: 1042; Colend: 2085; Cols: 1043;rank= 16 coords= 1 4 neighbours(up,down,left,right)= 4 28 15 17

Num-X: 16 ; Num-Y: 12 ; Resolution: 12500 ; Rank: 19 ; Rank-X: 1 ; Rank-Y: 7 ; Rowstart: 782; Rowend: 1565; Rows: 783; Colstart: 7294; Colend: 8337; Cols: 1043;
Num-X: 16 ; Num-Y: 12 ; Resolution: 12500 ; Rank: 25 ; Rank-X: 2 ; Rank-Y: 1 ; Rowstart: 1564; Rowend: 2347; Rows: 783; Colstart: 1042; Colend: 2085; Cols: 1043;
Num-X: 16 ; Num-Y: 12 ; Resolution: 12500 ; Rank: 27 ; Rank-X: 2 ; Rank-Y: 3 ; Rowstart: 1564; Rowend: 2347; Rows: 783; Colstart: 3126; Colend: 4169; Cols: 1043;
Num-X: 16 ; Num-Y: 12 ; Resolution: 12500 ; Rank: 29 ; Rank-X: 2 ; Rank-Y: 5 ; Rowstart: 1564; Rowend: 2347; Rows: 783; Colstart: 5210; Colend: 6253; Cols: 1043;
Num-X: 16 ; Num-Y: 12 ; Resolution: 12500 ; Rank: 30 ; Rank-X: 2 ; Rank-Y: 6 ; Rowstart: 1564; Rowend: 2347; Rows: 783; Colstart: 6252; Colend: 7295; Cols: 1043;
Num-X: 16 ; Num-Y: 12 ; Resolution: 12500 ; Rank: 31 ; Rank-X: 2 ; Rank-Y: 7 ; Rowstart: 1564; Rowend: 2347; Rows: 783; Colstart: 7294; Colend: 8337; Cols: 1043;
Num-X: 16 ; Num-Y: 12 ; Resolution: 12500 ; Rank: 32 ; Rank-X: 2 ; Rank-Y: 8 ; Rowstart: 1564; Rowend: 2347; Rows: 783; Colstart: 8336; Colend: 9379; Cols: 1043;rank= 33 coords= 2 9 neighbours(up,down,left,right)= 21 45 32 34
rank= 34 coords= 2 10 neighbours(up,down,left,right)= 22 46 33 35
rank= 35 coords= 2 11 neighbours(up,down,left,right)= 23 47 34 -1
rank= 37 coords= 3 1 neighbours(up,down,left,right)= 25 49 36 38
rank= 38 coords= 3 2 neighbours(up,down,left,right)= 26 50 37 39
rank= 39 coords= 3 3 neighbours(up,down,left,right)= 27 51 38 40
rank= 40 coords= 3 4 neighbours(up,down,left,right)= 28 52 39 41
rank= 41 coords= 3 5 neighbours(up,down,left,right)= 29 53 40 42
rank= 42 coords= 3 6 neighbours(up,down,left,right)= 30 54 41 43
rank= 43 coords= 3 7 neighbours(up,down,left,right)= 31 55 42 44
rank= 44 coords= 3 8 neighbours(up,down,left,right)= 32 56 43 45
rank= 45 coords= 3 9 neighbours(up,down,left,right)= 33 57 44 46
rank= 48 coords= 4 0 neighbours(up,down,left,right)= 36 60 -1 49
rank= 49 coords= 4 1 neighbours(up,down,left,right)= 37 61 48 50
rank= 50 coords= 4 2 neighbours(up,down,left,right)= 38 62 49 51
rank= 51 coords= 4 3 neighbours(up,down,left,right)= 39 63 50 52
rank= 52 coords= 4 4 neighbours(up,down,left,right)= 40 64 51 53
rank= 53 coords= 4 5 neighbours(up,down,left,right)= 41 65 52 54
rank= 56 coords= 4 8 neighbours(up,down,left,right)= 44 68 55 57
rank= 57 coords= 4 9 neighbours(up,down,left,right)= 45 69 56 58
rank= 58 coords= 4 10 neighbours(up,down,left,right)= 46 70 57 59
rank= 59 coords= 4 11 neighbours(up,down,left,right)= 47 71 58 -1
rank= 60 coords= 5 0 neighbours(up,down,left,right)= 48 72 -1 61
rank= 61 coords= 5 1 neighbours(up,down,left,right)= 49 73 60 62
rank= 62 coords= 5 2 neighbours(up,down,left,right)= 50 74 61 63
rank= 65 coords= 5 5 neighbours(up,down,left,right)= 53 77 64 66
rank= 66 coords= 5 6 neighbours(up,down,left,right)= 54 78 65 67
rank= 67 coords= 5 7 neighbours(up,down,left,right)= 55 79 66 68

Num-X: 16 ; Num-Y: 12 ; Resolution: 12500 ; Rank: 70 ; Rank-X: 5 ; Rank-Y: 10 ; Rowstart: 3910; Rowend: 4693; Rows: 783; Colstart: 10420; Colend: 11463; Cols: 1043;rank= 73 coords= 6 1 neighbours(up,down,left,right)= 61 85 72 74

Num-X: 16 ; Num-Y: 12 ; Resolution: 12500 ; Rank: 74 ; Rank-X: 6 ; Rank-Y: 2 ; Rowstart: 4692; Rowend: 5475; Rows: 783; Colstart: 2084; Colend: 3127; Cols: 1043;
Num-X: 16 ; Num-Y: 12 ; Resolution: 12500 ; Rank: 75 ; Rank-X: 6 ; Rank-Y: 3 ; Rowstart: 4692; Rowend: 5475; Rows: 783; Colstart: 3126; Colend: 4169; Cols: 1043;
Num-X: 16 ; Num-Y: 12 ; Resolution: 12500 ; Rank: 76 ; Rank-X: 6 ; Rank-Y: 4 ; Rowstart: 4692; Rowend: 5475; Rows: 783; Colstart: 4168; Colend: 5211; Cols: 1043;rank= 78 coords= 6 6 neighbours(up,down,left,right)= 66 90 77 79
rank= 79 coords= 6 7 neighbours(up,down,left,right)= 67 91 78 80
rank= 80 coords= 6 8 neighbours(up,down,left,right)= 68 92 79 81

Num-X: 16 ; Num-Y: 12 ; Resolution: 12500 ; Rank: 81 ; Rank-X: 6 ; Rank-Y: 9 ; Rowstart: 4692; Rowend: 5475; Rows: 783; Colstart: 9378; Colend: 10421; Cols: 1043;
Num-X: 16 ; Num-Y: 12 ; Resolution: 12500 ; Rank: 86 ; Rank-X: 7 ; Rank-Y: 2 ; Rowstart: 5474; Rowend: 6257; Rows: 783; Colstart: 2084; Colend: 3127; Cols: 1043;
Num-X: 16 ; Num-Y: 12 ; Resolution: 12500 ; Rank: 88 ; Rank-X: 7 ; Rank-Y: 4 ; Rowstart: 5474; Rowend: 6257; Rows: 783; Colstart: 4168; Colend: 5211; Cols: 1043;
Num-X: 16 ; Num-Y: 12 ; Resolution: 12500 ; Rank: 89 ; Rank-X: 7 ; Rank-Y: 5 ; Rowstart: 5474; Rowend: 6257; Rows: 783; Colstart: 5210; Colend: 6253; Cols: 1043;
Num-X: 16 ; Num-Y: 12 ; Resolution: 12500 ; Rank: 90 ; Rank-X: 7 ; Rank-Y: 6 ; Rowstart: 5474; Rowend: 6257; Rows: 783; Colstart: 6252; Colend: 7295; Cols: 1043;
Num-X: 16 ; Num-Y: 12 ; Resolution: 12500 ; Rank: 93 ; Rank-X: 7 ; Rank-Y: 9 ; Rowstart: 5474; Rowend: 6257; Rows: 783; Colstart: 9378; Colend: 10421; Cols: 1043;
Num-X: 16 ; Num-Y: 12 ; Resolution: 12500 ; Rank: 96 ; Rank-X: 8 ; Rank-Y: 0 ; Rowstart: 6256; Rowend: 7039; Rows: 783; Colstart: 0; Colend: 1043; Cols: 1043;
Num-X: 16 ; Num-Y: 12 ; Resolution: 12500 ; Rank: 97 ; Rank-X: 8 ; Rank-Y: 1 ; Rowstart: 6256; Rowend: 7039; Rows: 783; Colstart: 1042; Colend: 2085; Cols: 1043;rank= 98 coords= 8 2 neighbours(up,down,left,right)= 86 110 97 99
rank= 99 coords= 8 3 neighbours(up,down,left,right)= 87 111 98 100
rank= 100 coords= 8 4 neighbours(up,down,left,right)= 88 112 99 101
rank= 101 coords= 8 5 neighbours(up,down,left,right)= 89 113 100 102
rank= 102 coords= 8 6 neighbours(up,down,left,right)= 90 114 101 103
rank= 103 coords= 8 7 neighbours(up,down,left,right)= 91 115 102 104

Num-X: 16 ; Num-Y: 12 ; Resolution: 12500 ; Rank: 104 ; Rank-X: 8 ; Rank-Y: 8 ; Rowstart: 6256; Rowend: 7039; Rows: 783; Colstart: 8336; Colend: 9379; Cols: 1043;rank= 105 coords= 8 9 neighbours(up,down,left,right)= 93 117 104 106

Num-X: 16 ; Num-Y: 12 ; Resolution: 12500 ; Rank: 107 ; Rank-X: 8 ; Rank-Y: 11 ; Rowstart: 6256; Rowend: 7039; Rows: 783; Colstart: 11462; Colend: 12501; Cols: 1039;rank= 110 coords= 9 2 neighbours(up,down,left,right)= 98 122 109 111
rank= 111 coords= 9 3 neighbours(up,down,left,right)= 99 123 110 112

Num-X: 16 ; Num-Y: 12 ; Resolution: 12500 ; Rank: 112 ; Rank-X: 9 ; Rank-Y: 4 ; Rowstart: 7038; Rowend: 7821; Rows: 783; Colstart: 4168; Colend: 5211; Cols: 1043;rank= 113 coords= 9 5 neighbours(up,down,left,right)= 101 125 112 114

Num-X: 16 ; Num-Y: 12 ; Resolution: 12500 ; Rank: 114 ; Rank-X: 9 ; Rank-Y: 6 ; Rowstart: 7038; Rowend: 7821; Rows: 783; Colstart: 6252; Colend: 7295; Cols: 1043;
Num-X: 16 ; Num-Y: 12 ; Resolution: 12500 ; Rank: 116 ; Rank-X: 9 ; Rank-Y: 8 ; Rowstart: 7038; Rowend: 7821; Rows: 783; Colstart: 8336; Colend: 9379; Cols: 1043;
Num-X: 16 ; Num-Y: 12 ; Resolution: 12500 ; Rank: 118 ; Rank-X: 9 ; Rank-Y: 10 ; Rowstart: 7038; Rowend: 7821; Rows: 783; Colstart: 10420; Colend: 11463; Cols: 1043;
Num-X: 16 ; Num-Y: 12 ; Resolution: 12500 ; Rank: 119 ; Rank-X: 9 ; Rank-Y: 11 ; Rowstart: 7038; Rowend: 7821; Rows: 783; Colstart: 11462; Colend: 12501; Cols: 1039;rank= 120 coords= 10 0 neighbours(up,down,left,right)= 108 132 -1 121
rank= 121 coords= 10 1 neighbours(up,down,left,right)= 109 133 120 122
rank= 122 coords= 10 2 neighbours(up,down,left,right)= 110 134 121 123
rank= 124 coords= 10 4 neighbours(up,down,left,right)= 112 136 123 125
rank= 125 coords= 10 5 neighbours(up,down,left,right)= 113 137 124 126
rank= 126 coords= 10 6 neighbours(up,down,left,right)= 114 138 125 127

Num-X: 16 ; Num-Y: 12 ; Resolution: 12500 ; Rank: 131 ; Rank-X: 10 ; Rank-Y: 11 ; Rowstart: 7820; Rowend: 8603; Rows: 783; Colstart: 11462; Colend: 12501; Cols: 1039;
Num-X: 16 ; Num-Y: 12 ; Resolution: 12500 ; Rank: 137 ; Rank-X: 11 ; Rank-Y: 5 ; Rowstart: 8602; Rowend: 9385; Rows: 783; Colstart: 5210; Colend: 6253; Cols: 1043;
Num-X: 16 ; Num-Y: 12 ; Resolution: 12500 ; Rank: 138 ; Rank-X: 11 ; Rank-Y: 6 ; Rowstart: 8602; Rowend: 9385; Rows: 783; Colstart: 6252; Colend: 7295; Cols: 1043;
Num-X: 16 ; Num-Y: 12 ; Resolution: 12500 ; Rank: 142 ; Rank-X: 11 ; Rank-Y: 10 ; Rowstart: 8602; Rowend: 9385; Rows: 783; Colstart: 10420; Colend: 11463; Cols: 1043;
Num-X: 16 ; Num-Y: 12 ; Resolution: 12500 ; Rank: 143 ; Rank-X: 11 ; Rank-Y: 11 ; Rowstart: 8602; Rowend: 9385; Rows: 783; Colstart: 11462; Colend: 12501; Cols: 1039;
Num-X: 16 ; Num-Y: 12 ; Resolution: 12500 ; Rank: 145 ; Rank-X: 12 ; Rank-Y: 1 ; Rowstart: 9384; Rowend: 10167; Rows: 783; Colstart: 1042; Colend: 2085; Cols: 1043;
Num-X: 16 ; Num-Y: 12 ; Resolution: 12500 ; Rank: 146 ; Rank-X: 12 ; Rank-Y: 2 ; Rowstart: 9384; Rowend: 10167; Rows: 783; Colstart: 2084; Colend: 3127; Cols: 1043;
Num-X: 16 ; Num-Y: 12 ; Resolution: 12500 ; Rank: 147 ; Rank-X: 12 ; Rank-Y: 3 ; Rowstart: 9384; Rowend: 10167; Rows: 783; Colstart: 3126; Colend: 4169; Cols: 1043;
Num-X: 16 ; Num-Y: 12 ; Resolution: 12500 ; Rank: 148 ; Rank-X: 12 ; Rank-Y: 4 ; Rowstart: 9384; Rowend: 10167; Rows: 783; Colstart: 4168; Colend: 5211; Cols: 1043;
Num-X: 16 ; Num-Y: 12 ; Resolution: 12500 ; Rank: 149 ; Rank-X: 12 ; Rank-Y: 5 ; Rowstart: 9384; Rowend: 10167; Rows: 783; Colstart: 5210; Colend: 6253; Cols: 1043;
Num-X: 16 ; Num-Y: 12 ; Resolution: 12500 ; Rank: 150 ; Rank-X: 12 ; Rank-Y: 6 ; Rowstart: 9384; Rowend: 10167; Rows: 783; Colstart: 6252; Colend: 7295; Cols: 1043;
Num-X: 16 ; Num-Y: 12 ; Resolution: 12500 ; Rank: 152 ; Rank-X: 12 ; Rank-Y: 8 ; Rowstart: 9384; Rowend: 10167; Rows: 783; Colstart: 8336; Colend: 9379; Cols: 1043;
Num-X: 16 ; Num-Y: 12 ; Resolution: 12500 ; Rank: 154 ; Rank-X: 12 ; Rank-Y: 10 ; Rowstart: 9384; Rowend: 10167; Rows: 783; Colstart: 10420; Colend: 11463; Cols: 1043;
Num-X: 16 ; Num-Y: 12 ; Resolution: 12500 ; Rank: 158 ; Rank-X: 13 ; Rank-Y: 2 ; Rowstart: 10166; Rowend: 10949; Rows: 783; Colstart: 2084; Colend: 3127; Cols: 1043;
Num-X: 16 ; Num-Y: 12 ; Resolution: 12500 ; Rank: 159 ; Rank-X: 13 ; Rank-Y: 3 ; Rowstart: 10166; Rowend: 10949; Rows: 783; Colstart: 3126; Colend: 4169; Cols: 1043;
Num-X: 16 ; Num-Y: 12 ; Resolution: 12500 ; Rank: 160 ; Rank-X: 13 ; Rank-Y: 4 ; Rowstart: 10166; Rowend: 10949; Rows: 783; Colstart: 4168; Colend: 5211; Cols: 1043;
Num-X: 16 ; Num-Y: 12 ; Resolution: 12500 ; Rank: 163 ; Rank-X: 13 ; Rank-Y: 7 ; Rowstart: 10166; Rowend: 10949; Rows: 783; Colstart: 7294; Colend: 8337; Cols: 1043;rank= 165 coords= 13 9 neighbours(up,down,left,right)= 153 177 164 166
rank= 167 coords= 13 11 neighbours(up,down,left,right)= 155 179 166 -1

Num-X: 16 ; Num-Y: 12 ; Resolution: 12500 ; Rank: 168 ; Rank-X: 14 ; Rank-Y: 0 ; Rowstart: 10948; Rowend: 11731; Rows: 783; Colstart: 0; Colend: 1043; Cols: 1043;
Num-X: 16 ; Num-Y: 12 ; Resolution: 12500 ; Rank: 173 ; Rank-X: 14 ; Rank-Y: 5 ; Rowstart: 10948; Rowend: 11731; Rows: 783; Colstart: 5210; Colend: 6253; Cols: 1043;
Num-X: 16 ; Num-Y: 12 ; Resolution: 12500 ; Rank: 178 ; Rank-X: 14 ; Rank-Y: 10 ; Rowstart: 10948; Rowend: 11731; Rows: 783; Colstart: 10420; Colend: 11463; Cols: 1043;
Num-X: 16 ; Num-Y: 12 ; Resolution: 12500 ; Rank: 179 ; Rank-X: 14 ; Rank-Y: 11 ; Rowstart: 10948; Rowend: 11731; Rows: 783; Colstart: 11462; Colend: 12501; Cols: 1039;
Num-X: 16 ; Num-Y: 12 ; Resolution: 12500 ; Rank: 180 ; Rank-X: 15 ; Rank-Y: 0 ; Rowstart: 11730; Rowend: 12501; Rows: 771; Colstart: 0; Colend: 1043; Cols: 1043;
Num-X: 16 ; Num-Y: 12 ; Resolution: 12500 ; Rank: 183 ; Rank-X: 15 ; Rank-Y: 3 ; Rowstart: 11730; Rowend: 12501; Rows: 771; Colstart: 3126; Colend: 4169; Cols: 1043;
Num-X: 16 ; Num-Y: 12 ; Resolution: 12500 ; Rank: 186 ; Rank-X: 15 ; Rank-Y: 6 ; Rowstart: 11730; Rowend: 12501; Rows: 771; Colstart: 6252; Colend: 7295; Cols: 1043;rank= 188 coords= 15 8 neighbours(up,down,left,right)= 176 -1 187 189
rank= 189 coords= 15 9 neighbours(up,down,left,right)= 177 -1 188 190
rank= 190 coords= 15 10 neighbours(up,down,left,right)= 178 -1 189 191
rank= 191 coords= 15 11 neighbours(up,down,left,right)= 179 -1 190 -1

Num-X: 16 ; Num-Y: 12 ; Resolution: 12500 ; Rank: 0 ; Rank-X: 0 ; Rank-Y: 0 ; Rowstart: 0; Rowend: 783; Rows: 783; Colstart: 0; Colend: 1043; Cols: 1043;
Num-X: 16 ; Num-Y: 12 ; Resolution: 12500 ; Rank: 18 ; Rank-X: 1 ; Rank-Y: 6 ; Rowstart: 782; Rowend: 1565; Rows: 783; Colstart: 6252; Colend: 7295; Cols: 1043;rank= 46 coords= 3 10 neighbours(up,down,left,right)= 34 58 45 47
rank= 47 coords= 3 11 neighbours(up,down,left,right)= 35 59 46 -1
rank= 54 coords= 4 6 neighbours(up,down,left,right)= 42 66 53 55
rank= 55 coords= 4 7 neighbours(up,down,left,right)= 43 67 54 56
rank= 63 coords= 5 3 neighbours(up,down,left,right)= 51 75 62 64

Num-X: 16 ; Num-Y: 12 ; Resolution: 12500 ; Rank: 68 ; Rank-X: 5 ; Rank-Y: 8 ; Rowstart: 3910; Rowend: 4693; Rows: 783; Colstart: 8336; Colend: 9379; Cols: 1043;
Num-X: 16 ; Num-Y: 12 ; Resolution: 12500 ; Rank: 82 ; Rank-X: 6 ; Rank-Y: 10 ; Rowstart: 4692; Rowend: 5475; Rows: 783; Colstart: 10420; Colend: 11463; Cols: 1043;
Num-X: 16 ; Num-Y: 12 ; Resolution: 12500 ; Rank: 83 ; Rank-X: 6 ; Rank-Y: 11 ; Rowstart: 4692; Rowend: 5475; Rows: 783; Colstart: 11462; Colend: 12501; Cols: 1039;
Num-X: 16 ; Num-Y: 12 ; Resolution: 12500 ; Rank: 85 ; Rank-X: 7 ; Rank-Y: 1 ; Rowstart: 5474; Rowend: 6257; Rows: 783; Colstart: 1042; Colend: 2085; Cols: 1043;
Num-X: 16 ; Num-Y: 12 ; Resolution: 12500 ; Rank: 87 ; Rank-X: 7 ; Rank-Y: 3 ; Rowstart: 5474; Rowend: 6257; Rows: 783; Colstart: 3126; Colend: 4169; Cols: 1043;
Num-X: 16 ; Num-Y: 12 ; Resolution: 12500 ; Rank: 106 ; Rank-X: 8 ; Rank-Y: 10 ; Rowstart: 6256; Rowend: 7039; Rows: 783; Colstart: 10420; Colend: 11463; Cols: 1043;rank= 123 coords= 10 3 neighbours(up,down,left,right)= 111 135 122 124
rank= 127 coords= 10 7 neighbours(up,down,left,right)= 115 139 126 128

Num-X: 16 ; Num-Y: 12 ; Resolution: 12500 ; Rank: 132 ; Rank-X: 11 ; Rank-Y: 0 ; Rowstart: 8602; Rowend: 9385; Rows: 783; Colstart: 0; Colend: 1043; Cols: 1043;
Num-X: 16 ; Num-Y: 12 ; Resolution: 12500 ; Rank: 171 ; Rank-X: 14 ; Rank-Y: 3 ; Rowstart: 10948; Rowend: 11731; Rows: 783; Colstart: 3126; Colend: 4169; Cols: 1043;
Num-X: 16 ; Num-Y: 12 ; Resolution: 12500 ; Rank: 172 ; Rank-X: 14 ; Rank-Y: 4 ; Rowstart: 10948; Rowend: 11731; Rows: 783; Colstart: 4168; Colend: 5211; Cols: 1043;
Num-X: 16 ; Num-Y: 12 ; Resolution: 12500 ; Rank: 185 ; Rank-X: 15 ; Rank-Y: 5 ; Rowstart: 11730; Rowend: 12501; Rows: 771; Colstart: 5210; Colend: 6253; Cols: 1043;
Num-X: 16 ; Num-Y: 12 ; Resolution: 12500 ; Rank: 110 ; Rank-X: 9 ; Rank-Y: 2 ; Rowstart: 7038; Rowend: 7821; Rows: 783; Colstart: 2084; Colend: 3127; Cols: 1043;
Num-X: 16 ; Num-Y: 12 ; Resolution: 12500 ; Rank: 166 ; Rank-X: 13 ; Rank-Y: 10 ; Rowstart: 10166; Rowend: 10949; Rows: 783; Colstart: 10420; Colend: 11463; Cols: 1043;
Num-X: 16 ; Num-Y: 12 ; Resolution: 12500 ; Rank: 167 ; Rank-X: 13 ; Rank-Y: 11 ; Rowstart: 10166; Rowend: 10949; Rows: 783; Colstart: 11462; Colend: 12501; Cols: 1039;
Num-X: 16 ; Num-Y: 12 ; Resolution: 12500 ; Rank: 8 ; Rank-X: 0 ; Rank-Y: 8 ; Rowstart: 0; Rowend: 783; Rows: 783; Colstart: 8336; Colend: 9379; Cols: 1043;
Num-X: 16 ; Num-Y: 12 ; Resolution: 12500 ; Rank: 77 ; Rank-X: 6 ; Rank-Y: 5 ; Rowstart: 4692; Rowend: 5475; Rows: 783; Colstart: 5210; Colend: 6253; Cols: 1043;
Num-X: 16 ; Num-Y: 12 ; Resolution: 12500 ; Rank: 115 ; Rank-X: 9 ; Rank-Y: 7 ; Rowstart: 7038; Rowend: 7821; Rows: 783; Colstart: 7294; Colend: 8337; Cols: 1043;
Num-X: 16 ; Num-Y: 12 ; Resolution: 12500 ; Rank: 22 ; Rank-X: 1 ; Rank-Y: 10 ; Rowstart: 782; Rowend: 1565; Rows: 783; Colstart: 10420; Colend: 11463; Cols: 1043;
Num-X: 16 ; Num-Y: 12 ; Resolution: 12500 ; Rank: 165 ; Rank-X: 13 ; Rank-Y: 9 ; Rowstart: 10166; Rowend: 10949; Rows: 783; Colstart: 9378; Colend: 10421; Cols: 1043;
Num-X: 16 ; Num-Y: 12 ; Resolution: 12500 ; Rank: 94 ; Rank-X: 7 ; Rank-Y: 10 ; Rowstart: 5474; Rowend: 6257; Rows: 783; Colstart: 10420; Colend: 11463; Cols: 1043;
Num-X: 16 ; Num-Y: 12 ; Resolution: 12500 ; Rank: 72 ; Rank-X: 6 ; Rank-Y: 0 ; Rowstart: 4692; Rowend: 5475; Rows: 783; Colstart: 0; Colend: 1043; Cols: 1043;
Num-X: 16 ; Num-Y: 12 ; Resolution: 12500 ; Rank: 84 ; Rank-X: 7 ; Rank-Y: 0 ; Rowstart: 5474; Rowend: 6257; Rows: 783; Colstart: 0; Colend: 1043; Cols: 1043;
Num-X: 16 ; Num-Y: 12 ; Resolution: 12500 ; Rank: 122 ; Rank-X: 10 ; Rank-Y: 2 ; Rowstart: 7820; Rowend: 8603; Rows: 783; Colstart: 2084; Colend: 3127; Cols: 1043;
Num-X: 16 ; Num-Y: 12 ; Resolution: 12500 ; Rank: 1 ; Rank-X: 0 ; Rank-Y: 1 ; Rowstart: 0; Rowend: 783; Rows: 783; Colstart: 1042; Colend: 2085; Cols: 1043;
Num-X: 16 ; Num-Y: 12 ; Resolution: 12500 ; Rank: 10 ; Rank-X: 0 ; Rank-Y: 10 ; Rowstart: 0; Rowend: 783; Rows: 783; Colstart: 10420; Colend: 11463; Cols: 1043;
Num-X: 16 ; Num-Y: 12 ; Resolution: 12500 ; Rank: 11 ; Rank-X: 0 ; Rank-Y: 11 ; Rowstart: 0; Rowend: 783; Rows: 783; Colstart: 11462; Colend: 12501; Cols: 1039;
Num-X: 16 ; Num-Y: 12 ; Resolution: 12500 ; Rank: 16 ; Rank-X: 1 ; Rank-Y: 4 ; Rowstart: 782; Rowend: 1565; Rows: 783; Colstart: 4168; Colend: 5211; Cols: 1043;
Num-X: 16 ; Num-Y: 12 ; Resolution: 12500 ; Rank: 20 ; Rank-X: 1 ; Rank-Y: 8 ; Rowstart: 782; Rowend: 1565; Rows: 783; Colstart: 8336; Colend: 9379; Cols: 1043;
Num-X: 16 ; Num-Y: 12 ; Resolution: 12500 ; Rank: 23 ; Rank-X: 1 ; Rank-Y: 11 ; Rowstart: 782; Rowend: 1565; Rows: 783; Colstart: 11462; Colend: 12501; Cols: 1039;
Num-X: 16 ; Num-Y: 12 ; Resolution: 12500 ; Rank: 33 ; Rank-X: 2 ; Rank-Y: 9 ; Rowstart: 1564; Rowend: 2347; Rows: 783; Colstart: 9378; Colend: 10421; Cols: 1043;
Num-X: 16 ; Num-Y: 12 ; Resolution: 12500 ; Rank: 34 ; Rank-X: 2 ; Rank-Y: 10 ; Rowstart: 1564; Rowend: 2347; Rows: 783; Colstart: 10420; Colend: 11463; Cols: 1043;
Num-X: 16 ; Num-Y: 12 ; Resolution: 12500 ; Rank: 36 ; Rank-X: 3 ; Rank-Y: 0 ; Rowstart: 2346; Rowend: 3129; Rows: 783; Colstart: 0; Colend: 1043; Cols: 1043;
Num-X: 16 ; Num-Y: 12 ; Resolution: 12500 ; Rank: 37 ; Rank-X: 3 ; Rank-Y: 1 ; Rowstart: 2346; Rowend: 3129; Rows: 783; Colstart: 1042; Colend: 2085; Cols: 1043;
Num-X: 16 ; Num-Y: 12 ; Resolution: 12500 ; Rank: 38 ; Rank-X: 3 ; Rank-Y: 2 ; Rowstart: 2346; Rowend: 3129; Rows: 783; Colstart: 2084; Colend: 3127; Cols: 1043;
Num-X: 16 ; Num-Y: 12 ; Resolution: 12500 ; Rank: 39 ; Rank-X: 3 ; Rank-Y: 3 ; Rowstart: 2346; Rowend: 3129; Rows: 783; Colstart: 3126; Colend: 4169; Cols: 1043;
Num-X: 16 ; Num-Y: 12 ; Resolution: 12500 ; Rank: 40 ; Rank-X: 3 ; Rank-Y: 4 ; Rowstart: 2346; Rowend: 3129; Rows: 783; Colstart: 4168; Colend: 5211; Cols: 1043;
Num-X: 16 ; Num-Y: 12 ; Resolution: 12500 ; Rank: 41 ; Rank-X: 3 ; Rank-Y: 5 ; Rowstart: 2346; Rowend: 3129; Rows: 783; Colstart: 5210; Colend: 6253; Cols: 1043;
Num-X: 16 ; Num-Y: 12 ; Resolution: 12500 ; Rank: 43 ; Rank-X: 3 ; Rank-Y: 7 ; Rowstart: 2346; Rowend: 3129; Rows: 783; Colstart: 7294; Colend: 8337; Cols: 1043;
Num-X: 16 ; Num-Y: 12 ; Resolution: 12500 ; Rank: 45 ; Rank-X: 3 ; Rank-Y: 9 ; Rowstart: 2346; Rowend: 3129; Rows: 783; Colstart: 9378; Colend: 10421; Cols: 1043;
Num-X: 16 ; Num-Y: 12 ; Resolution: 12500 ; Rank: 46 ; Rank-X: 3 ; Rank-Y: 10 ; Rowstart: 2346; Rowend: 3129; Rows: 783; Colstart: 10420; Colend: 11463; Cols: 1043;
Num-X: 16 ; Num-Y: 12 ; Resolution: 12500 ; Rank: 48 ; Rank-X: 4 ; Rank-Y: 0 ; Rowstart: 3128; Rowend: 3911; Rows: 783; Colstart: 0; Colend: 1043; Cols: 1043;
Num-X: 16 ; Num-Y: 12 ; Resolution: 12500 ; Rank: 50 ; Rank-X: 4 ; Rank-Y: 2 ; Rowstart: 3128; Rowend: 3911; Rows: 783; Colstart: 2084; Colend: 3127; Cols: 1043;
Num-X: 16 ; Num-Y: 12 ; Resolution: 12500 ; Rank: 51 ; Rank-X: 4 ; Rank-Y: 3 ; Rowstart: 3128; Rowend: 3911; Rows: 783; Colstart: 3126; Colend: 4169; Cols: 1043;
Num-X: 16 ; Num-Y: 12 ; Resolution: 12500 ; Rank: 52 ; Rank-X: 4 ; Rank-Y: 4 ; Rowstart: 3128; Rowend: 3911; Rows: 783; Colstart: 4168; Colend: 5211; Cols: 1043;
Num-X: 16 ; Num-Y: 12 ; Resolution: 12500 ; Rank: 54 ; Rank-X: 4 ; Rank-Y: 6 ; Rowstart: 3128; Rowend: 3911; Rows: 783; Colstart: 6252; Colend: 7295; Cols: 1043;
Num-X: 16 ; Num-Y: 12 ; Resolution: 12500 ; Rank: 55 ; Rank-X: 4 ; Rank-Y: 7 ; Rowstart: 3128; Rowend: 3911; Rows: 783; Colstart: 7294; Colend: 8337; Cols: 1043;
Num-X: 16 ; Num-Y: 12 ; Resolution: 12500 ; Rank: 57 ; Rank-X: 4 ; Rank-Y: 9 ; Rowstart: 3128; Rowend: 3911; Rows: 783; Colstart: 9378; Colend: 10421; Cols: 1043;
Num-X: 16 ; Num-Y: 12 ; Resolution: 12500 ; Rank: 58 ; Rank-X: 4 ; Rank-Y: 10 ; Rowstart: 3128; Rowend: 3911; Rows: 783; Colstart: 10420; Colend: 11463; Cols: 1043;
Num-X: 16 ; Num-Y: 12 ; Resolution: 12500 ; Rank: 59 ; Rank-X: 4 ; Rank-Y: 11 ; Rowstart: 3128; Rowend: 3911; Rows: 783; Colstart: 11462; Colend: 12501; Cols: 1039;
Num-X: 16 ; Num-Y: 12 ; Resolution: 12500 ; Rank: 60 ; Rank-X: 5 ; Rank-Y: 0 ; Rowstart: 3910; Rowend: 4693; Rows: 783; Colstart: 0; Colend: 1043; Cols: 1043;
Num-X: 16 ; Num-Y: 12 ; Resolution: 12500 ; Rank: 61 ; Rank-X: 5 ; Rank-Y: 1 ; Rowstart: 3910; Rowend: 4693; Rows: 783; Colstart: 1042; Colend: 2085; Cols: 1043;
Num-X: 16 ; Num-Y: 12 ; Resolution: 12500 ; Rank: 62 ; Rank-X: 5 ; Rank-Y: 2 ; Rowstart: 3910; Rowend: 4693; Rows: 783; Colstart: 2084; Colend: 3127; Cols: 1043;
Num-X: 16 ; Num-Y: 12 ; Resolution: 12500 ; Rank: 63 ; Rank-X: 5 ; Rank-Y: 3 ; Rowstart: 3910; Rowend: 4693; Rows: 783; Colstart: 3126; Colend: 4169; Cols: 1043;
Num-X: 16 ; Num-Y: 12 ; Resolution: 12500 ; Rank: 64 ; Rank-X: 5 ; Rank-Y: 4 ; Rowstart: 3910; Rowend: 4693; Rows: 783; Colstart: 4168; Colend: 5211; Cols: 1043;
Num-X: 16 ; Num-Y: 12 ; Resolution: 12500 ; Rank: 65 ; Rank-X: 5 ; Rank-Y: 5 ; Rowstart: 3910; Rowend: 4693; Rows: 783; Colstart: 5210; Colend: 6253; Cols: 1043;
Num-X: 16 ; Num-Y: 12 ; Resolution: 12500 ; Rank: 66 ; Rank-X: 5 ; Rank-Y: 6 ; Rowstart: 3910; Rowend: 4693; Rows: 783; Colstart: 6252; Colend: 7295; Cols: 1043;
Num-X: 16 ; Num-Y: 12 ; Resolution: 12500 ; Rank: 67 ; Rank-X: 5 ; Rank-Y: 7 ; Rowstart: 3910; Rowend: 4693; Rows: 783; Colstart: 7294; Colend: 8337; Cols: 1043;
Num-X: 16 ; Num-Y: 12 ; Resolution: 12500 ; Rank: 73 ; Rank-X: 6 ; Rank-Y: 1 ; Rowstart: 4692; Rowend: 5475; Rows: 783; Colstart: 1042; Colend: 2085; Cols: 1043;
Num-X: 16 ; Num-Y: 12 ; Resolution: 12500 ; Rank: 78 ; Rank-X: 6 ; Rank-Y: 6 ; Rowstart: 4692; Rowend: 5475; Rows: 783; Colstart: 6252; Colend: 7295; Cols: 1043;
Num-X: 16 ; Num-Y: 12 ; Resolution: 12500 ; Rank: 79 ; Rank-X: 6 ; Rank-Y: 7 ; Rowstart: 4692; Rowend: 5475; Rows: 783; Colstart: 7294; Colend: 8337; Cols: 1043;
Num-X: 16 ; Num-Y: 12 ; Resolution: 12500 ; Rank: 80 ; Rank-X: 6 ; Rank-Y: 8 ; Rowstart: 4692; Rowend: 5475; Rows: 783; Colstart: 8336; Colend: 9379; Cols: 1043;
Num-X: 16 ; Num-Y: 12 ; Resolution: 12500 ; Rank: 98 ; Rank-X: 8 ; Rank-Y: 2 ; Rowstart: 6256; Rowend: 7039; Rows: 783; Colstart: 2084; Colend: 3127; Cols: 1043;
Num-X: 16 ; Num-Y: 12 ; Resolution: 12500 ; Rank: 99 ; Rank-X: 8 ; Rank-Y: 3 ; Rowstart: 6256; Rowend: 7039; Rows: 783; Colstart: 3126; Colend: 4169; Cols: 1043;
Num-X: 16 ; Num-Y: 12 ; Resolution: 12500 ; Rank: 100 ; Rank-X: 8 ; Rank-Y: 4 ; Rowstart: 6256; Rowend: 7039; Rows: 783; Colstart: 4168; Colend: 5211; Cols: 1043;
Num-X: 16 ; Num-Y: 12 ; Resolution: 12500 ; Rank: 101 ; Rank-X: 8 ; Rank-Y: 5 ; Rowstart: 6256; Rowend: 7039; Rows: 783; Colstart: 5210; Colend: 6253; Cols: 1043;
Num-X: 16 ; Num-Y: 12 ; Resolution: 12500 ; Rank: 102 ; Rank-X: 8 ; Rank-Y: 6 ; Rowstart: 6256; Rowend: 7039; Rows: 783; Colstart: 6252; Colend: 7295; Cols: 1043;
Num-X: 16 ; Num-Y: 12 ; Resolution: 12500 ; Rank: 103 ; Rank-X: 8 ; Rank-Y: 7 ; Rowstart: 6256; Rowend: 7039; Rows: 783; Colstart: 7294; Colend: 8337; Cols: 1043;
Num-X: 16 ; Num-Y: 12 ; Resolution: 12500 ; Rank: 105 ; Rank-X: 8 ; Rank-Y: 9 ; Rowstart: 6256; Rowend: 7039; Rows: 783; Colstart: 9378; Colend: 10421; Cols: 1043;
Num-X: 16 ; Num-Y: 12 ; Resolution: 12500 ; Rank: 108 ; Rank-X: 9 ; Rank-Y: 0 ; Rowstart: 7038; Rowend: 7821; Rows: 783; Colstart: 0; Colend: 1043; Cols: 1043;
Num-X: 16 ; Num-Y: 12 ; Resolution: 12500 ; Rank: 109 ; Rank-X: 9 ; Rank-Y: 1 ; Rowstart: 7038; Rowend: 7821; Rows: 783; Colstart: 1042; Colend: 2085; Cols: 1043;
Num-X: 16 ; Num-Y: 12 ; Resolution: 12500 ; Rank: 111 ; Rank-X: 9 ; Rank-Y: 3 ; Rowstart: 7038; Rowend: 7821; Rows: 783; Colstart: 3126; Colend: 4169; Cols: 1043;
Num-X: 16 ; Num-Y: 12 ; Resolution: 12500 ; Rank: 113 ; Rank-X: 9 ; Rank-Y: 5 ; Rowstart: 7038; Rowend: 7821; Rows: 783; Colstart: 5210; Colend: 6253; Cols: 1043;
Num-X: 16 ; Num-Y: 12 ; Resolution: 12500 ; Rank: 117 ; Rank-X: 9 ; Rank-Y: 9 ; Rowstart: 7038; Rowend: 7821; Rows: 783; Colstart: 9378; Colend: 10421; Cols: 1043;
Num-X: 16 ; Num-Y: 12 ; Resolution: 12500 ; Rank: 120 ; Rank-X: 10 ; Rank-Y: 0 ; Rowstart: 7820; Rowend: 8603; Rows: 783; Colstart: 0; Colend: 1043; Cols: 1043;
Num-X: 16 ; Num-Y: 12 ; Resolution: 12500 ; Rank: 121 ; Rank-X: 10 ; Rank-Y: 1 ; Rowstart: 7820; Rowend: 8603; Rows: 783; Colstart: 1042; Colend: 2085; Cols: 1043;
Num-X: 16 ; Num-Y: 12 ; Resolution: 12500 ; Rank: 124 ; Rank-X: 10 ; Rank-Y: 4 ; Rowstart: 7820; Rowend: 8603; Rows: 783; Colstart: 4168; Colend: 5211; Cols: 1043;
Num-X: 16 ; Num-Y: 12 ; Resolution: 12500 ; Rank: 126 ; Rank-X: 10 ; Rank-Y: 6 ; Rowstart: 7820; Rowend: 8603; Rows: 783; Colstart: 6252; Colend: 7295; Cols: 1043;
Num-X: 16 ; Num-Y: 12 ; Resolution: 12500 ; Rank: 127 ; Rank-X: 10 ; Rank-Y: 7 ; Rowstart: 7820; Rowend: 8603; Rows: 783; Colstart: 7294; Colend: 8337; Cols: 1043;
Num-X: 16 ; Num-Y: 12 ; Resolution: 12500 ; Rank: 128 ; Rank-X: 10 ; Rank-Y: 8 ; Rowstart: 7820; Rowend: 8603; Rows: 783; Colstart: 8336; Colend: 9379; Cols: 1043;
Num-X: 16 ; Num-Y: 12 ; Resolution: 12500 ; Rank: 140 ; Rank-X: 11 ; Rank-Y: 8 ; Rowstart: 8602; Rowend: 9385; Rows: 783; Colstart: 8336; Colend: 9379; Cols: 1043;
Num-X: 16 ; Num-Y: 12 ; Resolution: 12500 ; Rank: 164 ; Rank-X: 13 ; Rank-Y: 8 ; Rowstart: 10166; Rowend: 10949; Rows: 783; Colstart: 8336; Colend: 9379; Cols: 1043;
Num-X: 16 ; Num-Y: 12 ; Resolution: 12500 ; Rank: 170 ; Rank-X: 14 ; Rank-Y: 2 ; Rowstart: 10948; Rowend: 11731; Rows: 783; Colstart: 2084; Colend: 3127; Cols: 1043;
Num-X: 16 ; Num-Y: 12 ; Resolution: 12500 ; Rank: 177 ; Rank-X: 14 ; Rank-Y: 9 ; Rowstart: 10948; Rowend: 11731; Rows: 783; Colstart: 9378; Colend: 10421; Cols: 1043;
Num-X: 16 ; Num-Y: 12 ; Resolution: 12500 ; Rank: 181 ; Rank-X: 15 ; Rank-Y: 1 ; Rowstart: 11730; Rowend: 12501; Rows: 771; Colstart: 1042; Colend: 2085; Cols: 1043;
Num-X: 16 ; Num-Y: 12 ; Resolution: 12500 ; Rank: 184 ; Rank-X: 15 ; Rank-Y: 4 ; Rowstart: 11730; Rowend: 12501; Rows: 771; Colstart: 4168; Colend: 5211; Cols: 1043;
Num-X: 16 ; Num-Y: 12 ; Resolution: 12500 ; Rank: 187 ; Rank-X: 15 ; Rank-Y: 7 ; Rowstart: 11730; Rowend: 12501; Rows: 771; Colstart: 7294; Colend: 8337; Cols: 1043;
Num-X: 16 ; Num-Y: 12 ; Resolution: 12500 ; Rank: 188 ; Rank-X: 15 ; Rank-Y: 8 ; Rowstart: 11730; Rowend: 12501; Rows: 771; Colstart: 8336; Colend: 9379; Cols: 1043;
Num-X: 16 ; Num-Y: 12 ; Resolution: 12500 ; Rank: 189 ; Rank-X: 15 ; Rank-Y: 9 ; Rowstart: 11730; Rowend: 12501; Rows: 771; Colstart: 9378; Colend: 10421; Cols: 1043;
Num-X: 16 ; Num-Y: 12 ; Resolution: 12500 ; Rank: 190 ; Rank-X: 15 ; Rank-Y: 10 ; Rowstart: 11730; Rowend: 12501; Rows: 771; Colstart: 10420; Colend: 11463; Cols: 1043;
Num-X: 16 ; Num-Y: 12 ; Resolution: 12500 ; Rank: 191 ; Rank-X: 15 ; Rank-Y: 11 ; Rowstart: 11730; Rowend: 12501; Rows: 771; Colstart: 11462; Colend: 12501; Cols: 1039;
Num-X: 16 ; Num-Y: 12 ; Resolution: 12500 ; Rank: 44 ; Rank-X: 3 ; Rank-Y: 8 ; Rowstart: 2346; Rowend: 3129; Rows: 783; Colstart: 8336; Colend: 9379; Cols: 1043;
Num-X: 16 ; Num-Y: 12 ; Resolution: 12500 ; Rank: 53 ; Rank-X: 4 ; Rank-Y: 5 ; Rowstart: 3128; Rowend: 3911; Rows: 783; Colstart: 5210; Colend: 6253; Cols: 1043;
Num-X: 16 ; Num-Y: 12 ; Resolution: 12500 ; Rank: 125 ; Rank-X: 10 ; Rank-Y: 5 ; Rowstart: 7820; Rowend: 8603; Rows: 783; Colstart: 5210; Colend: 6253; Cols: 1043;
Num-X: 16 ; Num-Y: 12 ; Resolution: 12500 ; Rank: 42 ; Rank-X: 3 ; Rank-Y: 6 ; Rowstart: 2346; Rowend: 3129; Rows: 783; Colstart: 6252; Colend: 7295; Cols: 1043;
Num-X: 16 ; Num-Y: 12 ; Resolution: 12500 ; Rank: 56 ; Rank-X: 4 ; Rank-Y: 8 ; Rowstart: 3128; Rowend: 3911; Rows: 783; Colstart: 8336; Colend: 9379; Cols: 1043;
Num-X: 16 ; Num-Y: 12 ; Resolution: 12500 ; Rank: 35 ; Rank-X: 2 ; Rank-Y: 11 ; Rowstart: 1564; Rowend: 2347; Rows: 783; Colstart: 11462; Colend: 12501; Cols: 1039;
Num-X: 16 ; Num-Y: 12 ; Resolution: 12500 ; Rank: 49 ; Rank-X: 4 ; Rank-Y: 1 ; Rowstart: 3128; Rowend: 3911; Rows: 783; Colstart: 1042; Colend: 2085; Cols: 1043;
Num-X: 16 ; Num-Y: 12 ; Resolution: 12500 ; Rank: 47 ; Rank-X: 3 ; Rank-Y: 11 ; Rowstart: 2346; Rowend: 3129; Rows: 783; Colstart: 11462; Colend: 12501; Cols: 1039;
Num-X: 16 ; Num-Y: 12 ; Resolution: 12500 ; Rank: 123 ; Rank-X: 10 ; Rank-Y: 3 ; Rowstart: 7820; Rowend: 8603; Rows: 783; Colstart: 3126; Colend: 4169; Cols: 1043;
Num-X: 16 ; Num-Y: 12 ; Resolution: 12500 ; Rank: 182 ; Rank-X: 15 ; Rank-Y: 2 ; Rowstart: 11730; Rowend: 12501; Rows: 771; Colstart: 2084; Colend: 3127; Cols: 1043;

Resolution: 12500
===================
Execution time: 0.362420
Residual: 5.863330

megaflops:  60358.2
  flop instructions (M):  21875.000
