Resolutions       : (200, 1200, ... 6200)
Iterations        : 40
Algorithm         : 0 (Jacobi)
Num. Heat sources : 2
   1: (0.00, 0.00) 1.00 1.00 
   2: (1.00, 1.00) 1.00 0.50 
Resolution:   200Resolution:   200, Time: 0.006 (0.018 GFlop => 2841.41 MFlop/s, residual 0.031825, 40 iterations)
Resolution:  1200Resolution:  1200, Time: 0.416 (0.634 GFlop => 1524.43 MFlop/s, residual 0.190962, 40 iterations)
Resolution:  2200Resolution:  2200, Time: 2.793 (2.130 GFlop => 762.43 MFlop/s, residual 0.349995, 40 iterations)
Resolution:  3200Resolution:  3200, Time: 6.173 (4.506 GFlop => 729.90 MFlop/s, residual 0.509021, 40 iterations)
Resolution:  4200Resolution:  4200, Time: 10.674 (7.762 GFlop => 727.13 MFlop/s, residual 0.668045, 40 iterations)
Resolution:  5200Resolution:  5200, Time: 17.686 (11.898 GFlop => 672.72 MFlop/s, residual 0.827068, 40 iterations)
Resolution:  6200Resolution:  6200, Time: 27.279 (16.914 GFlop => 620.01 MFlop/s, residual 0.986091, 40 iterations)
  200; 0.006; 2841.407
 1200; 0.416; 1524.425
 2200; 2.793; 762.428
 3200; 6.173; 729.895
 4200; 10.674; 727.128
 5200; 17.686; 672.723
 6200; 27.279; 620.013
