Plugin perfevent: Sensors stopped
PAPI-HL Info: PAPI has been initiated!
PAPI-HL Info: Using the following events:
  PAPI_L2_TCM
  PAPI_L2_TCA
  PAPI_L3_TCM
  PAPI_L3_TCA
  200; 0.242; 1.821
 1200; 0.084; 7559.239
 2200; 0.449; 4746.431
 3200; 1.035; 4351.312
 4200; 1.882; 4124.833
 5200; 2.842; 4185.636
 6200; 4.140; 4085.307
PAPI-HL Info: Print results...


PAPI-HL Output:
{
  "cpu in mhz":"2701",
  "threads":[
    {
      "id":"1637788",
      "regions":[
        {
          "200":{
            "region_count":"1",
            "cycles":"33368",
            "PAPI_L2_TCM":"337",
            "PAPI_L2_TCA":"1052",
            "PAPI_L3_TCM":"9",
            "PAPI_L3_TCA":"337"
          }
        },
        {
          "1200":{
            "region_count":"1",
            "cycles":"225766758",
            "PAPI_L2_TCM":"20891519",
            "PAPI_L2_TCA":"11285374",
            "PAPI_L3_TCM":"116574",
            "PAPI_L3_TCA":"20891519"
          }
        },
        {
          "2200":{
            "region_count":"1",
            "cycles":"1208563176",
            "PAPI_L2_TCM":"94502884",
            "PAPI_L2_TCA":"38852332",
            "PAPI_L3_TCM":"52587546",
            "PAPI_L3_TCA":"94502884"
          }
        },
        {
          "3200":{
            "region_count":"1",
            "cycles":"2789154896",
            "PAPI_L2_TCM":"208900651",
            "PAPI_L2_TCA":"88029608",
            "PAPI_L3_TCM":"149182906",
            "PAPI_L3_TCA":"208900651"
          }
        },
        {
          "4200":{
            "region_count":"1",
            "cycles":"5068586398",
            "PAPI_L2_TCM":"369069253",
            "PAPI_L2_TCA":"155771937",
            "PAPI_L3_TCM":"268241288",
            "PAPI_L3_TCA":"369069253"
          }
        },
        {
          "5200":{
            "region_count":"1",
            "cycles":"7656680414",
            "PAPI_L2_TCM":"573357364",
            "PAPI_L2_TCA":"244434936",
            "PAPI_L3_TCM":"415407257",
            "PAPI_L3_TCA":"573357364"
          }
        },
        {
          "6200":{
            "region_count":"1",
            "cycles":"11152042724",
            "PAPI_L2_TCM":"833334571",
            "PAPI_L2_TCA":"354208519",
            "PAPI_L3_TCM":"596461727",
            "PAPI_L3_TCA":"833334571"
          }
        }
      ]
    }
  ]
}

