Plugin perfevent: Sensors stopped
PAPI-HL Info: PAPI has been initiated!
PAPI-HL Info: Using the following events:
  PAPI_PRF_DM
  PAPI_LD_INS
  PAPI_SR_INS
  200; 0.222; 1.983
 1200; 0.080; 7873.150
 2200; 0.450; 4735.623
 3200; 1.023; 4405.933
 4200; 2.032; 3819.335
 5200; 2.848; 4177.552
 6200; 4.154; 4071.745
PAPI-HL Info: Print results...


PAPI-HL Output:
{
  "cpu in mhz":"2701",
  "threads":[
    {
      "id":"1591335",
      "regions":[
        {
          "200":{
            "region_count":"1",
            "cycles":"33350",
            "PAPI_PRF_DM":"25",
            "PAPI_LD_INS":"864",
            "PAPI_SR_INS":"477"
          }
        },
        {
          "1200":{
            "region_count":"1",
            "cycles":"216761304",
            "PAPI_PRF_DM":"10895784",
            "PAPI_LD_INS":"75169803",
            "PAPI_SR_INS":"7861762"
          }
        },
        {
          "2200":{
            "region_count":"1",
            "cycles":"1211312530",
            "PAPI_PRF_DM":"70993015",
            "PAPI_LD_INS":"297897945",
            "PAPI_SR_INS":"31229762"
          }
        },
        {
          "3200":{
            "region_count":"1",
            "cycles":"2754556670",
            "PAPI_PRF_DM":"152933192",
            "PAPI_LD_INS":"668185807",
            "PAPI_SR_INS":"70104962"
          }
        },
        {
          "4200":{
            "region_count":"1",
            "cycles":"5473973438",
            "PAPI_PRF_DM":"268696910",
            "PAPI_LD_INS":"1186032356",
            "PAPI_SR_INS":"124487362"
          }
        },
        {
          "5200":{
            "region_count":"1",
            "cycles":"7671441230",
            "PAPI_PRF_DM":"421366835",
            "PAPI_LD_INS":"1851440391",
            "PAPI_SR_INS":"194376962"
          }
        },
        {
          "6200":{
            "region_count":"1",
            "cycles":"11189108690",
            "PAPI_PRF_DM":"610214350",
            "PAPI_LD_INS":"2664406266",
            "PAPI_SR_INS":"279773762"
          }
        }
      ]
    }
  ]
}

