Plugin perfevent: Sensors stopped
PAPI-HL Info: PAPI has been initiated!
PAPI-HL Info: Using the following events:
  perf::TASK-CLOCK
  PAPI_VEC_DP
  PAPI_DP_OPS
  200; 0.162; 2.724
 1200; 0.092; 6852.098
 2200; 0.436; 4886.377
 3200; 1.018; 4424.773
 4200; 1.843; 4211.614
 5200; 2.788; 4266.907
 6200; 4.066; 4159.301
PAPI-HL Info: Print results...


PAPI-HL Output:
{
  "cpu in mhz":"2701",
  "threads":[
    {
      "id":"4012556",
      "regions":[
        {
          "200":{
            "region_count":"1",
            "cycles":"60850",
            "perf::TASK-CLOCK":"23257",
            "PAPI_VEC_DP":"9",
            "PAPI_DP_OPS":"9"
          }
        },
        {
          "1200":{
            "region_count":"1",
            "cycles":"249060452",
            "perf::TASK-CLOCK":"92460583",
            "PAPI_VEC_DP":"87102729",
            "PAPI_DP_OPS":"471725289"
          }
        },
        {
          "2200":{
            "region_count":"1",
            "cycles":"1173935554",
            "perf::TASK-CLOCK":"435811756",
            "PAPI_VEC_DP":"345008649",
            "PAPI_DP_OPS":"1887824329"
          }
        },
        {
          "3200":{
            "region_count":"1",
            "cycles":"2742825702",
            "perf::TASK-CLOCK":"1018221198",
            "PAPI_VEC_DP":"773717769",
            "PAPI_DP_OPS":"4248297129"
          }
        },
        {
          "4200":{
            "region_count":"1",
            "cycles":"4964109010",
            "perf::TASK-CLOCK":"1842808313",
            "PAPI_VEC_DP":"1373229841",
            "PAPI_DP_OPS":"7553143441"
          }
        },
        {
          "5200":{
            "region_count":"1",
            "cycles":"7510794582",
            "perf::TASK-CLOCK":"2788207675",
            "PAPI_VEC_DP":"2143545609",
            "PAPI_DP_OPS":"11802364009"
          }
        },
        {
          "6200":{
            "region_count":"1",
            "cycles":"10953567000",
            "perf::TASK-CLOCK":"4066300223",
            "PAPI_VEC_DP":"3084664329",
            "PAPI_DP_OPS":"16995958089"
          }
        }
      ]
    }
  ]
}

