Resolutions       : (200, 1200, ... 6200)
Iterations        : 40
Algorithm         : 0 (Jacobi)
Num. Heat sources : 2
   1: (0.00, 0.00) 1.00 1.00 
   2: (1.00, 1.00) 1.00 0.50 
Resolution:   200Resolution:   200, Time: 0.010 (0.018 GFlop => 1677.00 MFlop/s, residual 0.031825, 40 iterations)
Resolution:  1200Resolution:  1200, Time: 0.573 (0.634 GFlop => 1105.50 MFlop/s, residual 0.190962, 40 iterations)
Resolution:  2200Resolution:  2200, Time: 2.871 (2.130 GFlop => 741.67 MFlop/s, residual 0.349995, 40 iterations)
Resolution:  3200Resolution:  3200, Time: 6.679 (4.506 GFlop => 674.56 MFlop/s, residual 0.509021, 40 iterations)
Resolution:  4200Resolution:  4200, Time: 12.191 (7.762 GFlop => 636.65 MFlop/s, residual 0.668045, 40 iterations)
Resolution:  5200Resolution:  5200, Time: 18.336 (11.898 GFlop => 648.87 MFlop/s, residual 0.827068, 40 iterations)
Resolution:  6200Resolution:  6200, Time: 27.578 (16.914 GFlop => 613.30 MFlop/s, residual 0.986091, 40 iterations)
  200; 0.010; 1676.997
 1200; 0.573; 1105.504
 2200; 2.871; 741.674
 3200; 6.679; 674.558
 4200; 12.191; 636.654
 5200; 18.336; 648.873
 6200; 27.578; 613.304
