Resolutions       : (200, 1200, ... 6200)
Iterations        : 40
Algorithm         : 0 (Jacobi)
Num. Heat sources : 2
   1: (0.00, 0.00) 1.00 1.00 
   2: (1.00, 1.00) 1.00 0.50 
Resolution:   200Resolution:   200, Time: 0.006 (0.018 GFlop => 2814.65 MFlop/s, residual 0.031825, 40 iterations)
Resolution:  1200Resolution:  1200, Time: 0.395 (0.634 GFlop => 1605.19 MFlop/s, residual 0.190962, 40 iterations)
Resolution:  2200Resolution:  2200, Time: 2.745 (2.130 GFlop => 775.85 MFlop/s, residual 0.349995, 40 iterations)
Resolution:  3200Resolution:  3200, Time: 6.108 (4.506 GFlop => 737.70 MFlop/s, residual 0.509021, 40 iterations)
Resolution:  4200Resolution:  4200, Time: 10.622 (7.762 GFlop => 730.72 MFlop/s, residual 0.668045, 40 iterations)
Resolution:  5200Resolution:  5200, Time: 17.575 (11.898 GFlop => 676.97 MFlop/s, residual 0.827068, 40 iterations)
Resolution:  6200Resolution:  6200, Time: 26.756 (16.914 GFlop => 632.15 MFlop/s, residual 0.986091, 40 iterations)
  200; 0.006; 2814.647
 1200; 0.395; 1605.192
 2200; 2.745; 775.846
 3200; 6.108; 737.699
 4200; 10.622; 730.725
 5200; 17.575; 676.971
 6200; 26.756; 632.151
