Resolutions       : (6500, 7500, ... 6500)
Iterations        : 20
Num. Heat sources : 2
   1: (0.00, 0.00) 1.00 1.00 
   2: (1.00, 1.00) 1.00 0.50 
OMP: Info #154: KMP_AFFINITY: Initial OS proc set respected: 0-95
OMP: Info #213: KMP_AFFINITY: decoding x2APIC ids.
OMP: Info #276: KMP_AFFINITY: Affinity capable, using global cpuid leaf 11 info
OMP: Info #156: KMP_AFFINITY: 96 available OS procs
OMP: Info #157: KMP_AFFINITY: Uniform topology
OMP: Info #191: KMP_AFFINITY: 2 sockets x 24 cores/socket x 2 threads/core (48 total cores)
OMP: Info #215: KMP_AFFINITY: OS proc to physical thread map:
OMP: Info #171: KMP_AFFINITY: OS proc 0 maps to socket 0 core 0 thread 0 
OMP: Info #171: KMP_AFFINITY: OS proc 48 maps to socket 0 core 0 thread 1 
OMP: Info #171: KMP_AFFINITY: OS proc 1 maps to socket 0 core 1 thread 0 
OMP: Info #171: KMP_AFFINITY: OS proc 49 maps to socket 0 core 1 thread 1 
OMP: Info #171: KMP_AFFINITY: OS proc 2 maps to socket 0 core 2 thread 0 
OMP: Info #171: KMP_AFFINITY: OS proc 50 maps to socket 0 core 2 thread 1 
OMP: Info #171: KMP_AFFINITY: OS proc 3 maps to socket 0 core 3 thread 0 
OMP: Info #171: KMP_AFFINITY: OS proc 51 maps to socket 0 core 3 thread 1 
OMP: Info #171: KMP_AFFINITY: OS proc 4 maps to socket 0 core 4 thread 0 
OMP: Info #171: KMP_AFFINITY: OS proc 52 maps to socket 0 core 4 thread 1 
OMP: Info #171: KMP_AFFINITY: OS proc 5 maps to socket 0 core 5 thread 0 
OMP: Info #171: KMP_AFFINITY: OS proc 53 maps to socket 0 core 5 thread 1 
OMP: Info #171: KMP_AFFINITY: OS proc 6 maps to socket 0 core 8 thread 0 
OMP: Info #171: KMP_AFFINITY: OS proc 54 maps to socket 0 core 8 thread 1 
OMP: Info #171: KMP_AFFINITY: OS proc 7 maps to socket 0 core 9 thread 0 
OMP: Info #171: KMP_AFFINITY: OS proc 55 maps to socket 0 core 9 thread 1 
OMP: Info #171: KMP_AFFINITY: OS proc 8 maps to socket 0 core 10 thread 0 
OMP: Info #171: KMP_AFFINITY: OS proc 56 maps to socket 0 core 10 thread 1 
OMP: Info #171: KMP_AFFINITY: OS proc 9 maps to socket 0 core 11 thread 0 
OMP: Info #171: KMP_AFFINITY: OS proc 57 maps to socket 0 core 11 thread 1 
OMP: Info #171: KMP_AFFINITY: OS proc 10 maps to socket 0 core 12 thread 0 
OMP: Info #171: KMP_AFFINITY: OS proc 58 maps to socket 0 core 12 thread 1 
OMP: Info #171: KMP_AFFINITY: OS proc 11 maps to socket 0 core 13 thread 0 
OMP: Info #171: KMP_AFFINITY: OS proc 59 maps to socket 0 core 13 thread 1 
OMP: Info #171: KMP_AFFINITY: OS proc 12 maps to socket 0 core 16 thread 0 
OMP: Info #171: KMP_AFFINITY: OS proc 60 maps to socket 0 core 16 thread 1 
OMP: Info #171: KMP_AFFINITY: OS proc 13 maps to socket 0 core 17 thread 0 
OMP: Info #171: KMP_AFFINITY: OS proc 61 maps to socket 0 core 17 thread 1 
OMP: Info #171: KMP_AFFINITY: OS proc 14 maps to socket 0 core 18 thread 0 
OMP: Info #171: KMP_AFFINITY: OS proc 62 maps to socket 0 core 18 thread 1 
OMP: Info #171: KMP_AFFINITY: OS proc 15 maps to socket 0 core 19 thread 0 
OMP: Info #171: KMP_AFFINITY: OS proc 63 maps to socket 0 core 19 thread 1 
OMP: Info #171: KMP_AFFINITY: OS proc 16 maps to socket 0 core 20 thread 0 
OMP: Info #171: KMP_AFFINITY: OS proc 64 maps to socket 0 core 20 thread 1 
OMP: Info #171: KMP_AFFINITY: OS proc 17 maps to socket 0 core 21 thread 0 
OMP: Info #171: KMP_AFFINITY: OS proc 65 maps to socket 0 core 21 thread 1 
OMP: Info #171: KMP_AFFINITY: OS proc 18 maps to socket 0 core 24 thread 0 
OMP: Info #171: KMP_AFFINITY: OS proc 66 maps to socket 0 core 24 thread 1 
OMP: Info #171: KMP_AFFINITY: OS proc 19 maps to socket 0 core 25 thread 0 
OMP: Info #171: KMP_AFFINITY: OS proc 67 maps to socket 0 core 25 thread 1 
OMP: Info #171: KMP_AFFINITY: OS proc 20 maps to socket 0 core 26 thread 0 
OMP: Info #171: KMP_AFFINITY: OS proc 68 maps to socket 0 core 26 thread 1 
OMP: Info #171: KMP_AFFINITY: OS proc 21 maps to socket 0 core 27 thread 0 
OMP: Info #171: KMP_AFFINITY: OS proc 69 maps to socket 0 core 27 thread 1 
OMP: Info #171: KMP_AFFINITY: OS proc 22 maps to socket 0 core 28 thread 0 
OMP: Info #171: KMP_AFFINITY: OS proc 70 maps to socket 0 core 28 thread 1 
OMP: Info #171: KMP_AFFINITY: OS proc 23 maps to socket 0 core 29 thread 0 
OMP: Info #171: KMP_AFFINITY: OS proc 71 maps to socket 0 core 29 thread 1 
OMP: Info #171: KMP_AFFINITY: OS proc 24 maps to socket 1 core 0 thread 0 
OMP: Info #171: KMP_AFFINITY: OS proc 72 maps to socket 1 core 0 thread 1 
OMP: Info #171: KMP_AFFINITY: OS proc 25 maps to socket 1 core 1 thread 0 
OMP: Info #171: KMP_AFFINITY: OS proc 73 maps to socket 1 core 1 thread 1 
OMP: Info #171: KMP_AFFINITY: OS proc 26 maps to socket 1 core 2 thread 0 
OMP: Info #171: KMP_AFFINITY: OS proc 74 maps to socket 1 core 2 thread 1 
OMP: Info #171: KMP_AFFINITY: OS proc 27 maps to socket 1 core 3 thread 0 
OMP: Info #171: KMP_AFFINITY: OS proc 75 maps to socket 1 core 3 thread 1 
OMP: Info #171: KMP_AFFINITY: OS proc 28 maps to socket 1 core 4 thread 0 
OMP: Info #171: KMP_AFFINITY: OS proc 76 maps to socket 1 core 4 thread 1 
OMP: Info #171: KMP_AFFINITY: OS proc 29 maps to socket 1 core 5 thread 0 
OMP: Info #171: KMP_AFFINITY: OS proc 77 maps to socket 1 core 5 thread 1 
OMP: Info #171: KMP_AFFINITY: OS proc 30 maps to socket 1 core 8 thread 0 
OMP: Info #171: KMP_AFFINITY: OS proc 78 maps to socket 1 core 8 thread 1 
OMP: Info #171: KMP_AFFINITY: OS proc 31 maps to socket 1 core 9 thread 0 
OMP: Info #171: KMP_AFFINITY: OS proc 79 maps to socket 1 core 9 thread 1 
OMP: Info #171: KMP_AFFINITY: OS proc 32 maps to socket 1 core 10 thread 0 
OMP: Info #171: KMP_AFFINITY: OS proc 80 maps to socket 1 core 10 thread 1 
OMP: Info #171: KMP_AFFINITY: OS proc 33 maps to socket 1 core 11 thread 0 
OMP: Info #171: KMP_AFFINITY: OS proc 81 maps to socket 1 core 11 thread 1 
OMP: Info #171: KMP_AFFINITY: OS proc 34 maps to socket 1 core 12 thread 0 
OMP: Info #171: KMP_AFFINITY: OS proc 82 maps to socket 1 core 12 thread 1 
OMP: Info #171: KMP_AFFINITY: OS proc 35 maps to socket 1 core 13 thread 0 
OMP: Info #171: KMP_AFFINITY: OS proc 83 maps to socket 1 core 13 thread 1 
OMP: Info #171: KMP_AFFINITY: OS proc 36 maps to socket 1 core 16 thread 0 
OMP: Info #171: KMP_AFFINITY: OS proc 84 maps to socket 1 core 16 thread 1 
OMP: Info #171: KMP_AFFINITY: OS proc 37 maps to socket 1 core 17 thread 0 
OMP: Info #171: KMP_AFFINITY: OS proc 85 maps to socket 1 core 17 thread 1 
OMP: Info #171: KMP_AFFINITY: OS proc 38 maps to socket 1 core 18 thread 0 
OMP: Info #171: KMP_AFFINITY: OS proc 86 maps to socket 1 core 18 thread 1 
OMP: Info #171: KMP_AFFINITY: OS proc 39 maps to socket 1 core 19 thread 0 
OMP: Info #171: KMP_AFFINITY: OS proc 87 maps to socket 1 core 19 thread 1 
OMP: Info #171: KMP_AFFINITY: OS proc 40 maps to socket 1 core 20 thread 0 
OMP: Info #171: KMP_AFFINITY: OS proc 88 maps to socket 1 core 20 thread 1 
OMP: Info #171: KMP_AFFINITY: OS proc 41 maps to socket 1 core 21 thread 0 
OMP: Info #171: KMP_AFFINITY: OS proc 89 maps to socket 1 core 21 thread 1 
OMP: Info #171: KMP_AFFINITY: OS proc 42 maps to socket 1 core 24 thread 0 
OMP: Info #171: KMP_AFFINITY: OS proc 90 maps to socket 1 core 24 thread 1 
OMP: Info #171: KMP_AFFINITY: OS proc 43 maps to socket 1 core 25 thread 0 
OMP: Info #171: KMP_AFFINITY: OS proc 91 maps to socket 1 core 25 thread 1 
OMP: Info #171: KMP_AFFINITY: OS proc 44 maps to socket 1 core 26 thread 0 
OMP: Info #171: KMP_AFFINITY: OS proc 92 maps to socket 1 core 26 thread 1 
OMP: Info #171: KMP_AFFINITY: OS proc 45 maps to socket 1 core 27 thread 0 
OMP: Info #171: KMP_AFFINITY: OS proc 93 maps to socket 1 core 27 thread 1 
OMP: Info #171: KMP_AFFINITY: OS proc 46 maps to socket 1 core 28 thread 0 
OMP: Info #171: KMP_AFFINITY: OS proc 94 maps to socket 1 core 28 thread 1 
OMP: Info #171: KMP_AFFINITY: OS proc 47 maps to socket 1 core 29 thread 0 
OMP: Info #171: KMP_AFFINITY: OS proc 95 maps to socket 1 core 29 thread 1 
OMP: Info #251: KMP_AFFINITY: pid 3728311 tid 3728311 thread 0 bound to OS proc set 0


Resolution: 6500
===================
Execution time: 1.174387
Residual: 3.049154

megaflops:  5036.7
  flop instructions (M):  5915.000
Resolutions       : (6500, 7500, ... 6500)
Iterations        : 20
Num. Heat sources : 2
   1: (0.00, 0.00) 1.00 1.00 
   2: (1.00, 1.00) 1.00 0.50 
OMP: Info #154: KMP_AFFINITY: Initial OS proc set respected: 0-95
OMP: Info #213: KMP_AFFINITY: decoding x2APIC ids.
OMP: Info #276: KMP_AFFINITY: Affinity capable, using global cpuid leaf 11 info
OMP: Info #156: KMP_AFFINITY: 96 available OS procs
OMP: Info #157: KMP_AFFINITY: Uniform topology
OMP: Info #191: KMP_AFFINITY: 2 sockets x 24 cores/socket x 2 threads/core (48 total cores)
OMP: Info #215: KMP_AFFINITY: OS proc to physical thread map:
OMP: Info #171: KMP_AFFINITY: OS proc 0 maps to socket 0 core 0 thread 0 
OMP: Info #171: KMP_AFFINITY: OS proc 48 maps to socket 0 core 0 thread 1 
OMP: Info #171: KMP_AFFINITY: OS proc 1 maps to socket 0 core 1 thread 0 
OMP: Info #171: KMP_AFFINITY: OS proc 49 maps to socket 0 core 1 thread 1 
OMP: Info #171: KMP_AFFINITY: OS proc 2 maps to socket 0 core 2 thread 0 
OMP: Info #171: KMP_AFFINITY: OS proc 50 maps to socket 0 core 2 thread 1 
OMP: Info #171: KMP_AFFINITY: OS proc 3 maps to socket 0 core 3 thread 0 
OMP: Info #171: KMP_AFFINITY: OS proc 51 maps to socket 0 core 3 thread 1 
OMP: Info #171: KMP_AFFINITY: OS proc 4 maps to socket 0 core 4 thread 0 
OMP: Info #171: KMP_AFFINITY: OS proc 52 maps to socket 0 core 4 thread 1 
OMP: Info #171: KMP_AFFINITY: OS proc 5 maps to socket 0 core 5 thread 0 
OMP: Info #171: KMP_AFFINITY: OS proc 53 maps to socket 0 core 5 thread 1 
OMP: Info #171: KMP_AFFINITY: OS proc 6 maps to socket 0 core 8 thread 0 
OMP: Info #171: KMP_AFFINITY: OS proc 54 maps to socket 0 core 8 thread 1 
OMP: Info #171: KMP_AFFINITY: OS proc 7 maps to socket 0 core 9 thread 0 
OMP: Info #171: KMP_AFFINITY: OS proc 55 maps to socket 0 core 9 thread 1 
OMP: Info #171: KMP_AFFINITY: OS proc 8 maps to socket 0 core 10 thread 0 
OMP: Info #171: KMP_AFFINITY: OS proc 56 maps to socket 0 core 10 thread 1 
OMP: Info #171: KMP_AFFINITY: OS proc 9 maps to socket 0 core 11 thread 0 
OMP: Info #171: KMP_AFFINITY: OS proc 57 maps to socket 0 core 11 thread 1 
OMP: Info #171: KMP_AFFINITY: OS proc 10 maps to socket 0 core 12 thread 0 
OMP: Info #171: KMP_AFFINITY: OS proc 58 maps to socket 0 core 12 thread 1 
OMP: Info #171: KMP_AFFINITY: OS proc 11 maps to socket 0 core 13 thread 0 
OMP: Info #171: KMP_AFFINITY: OS proc 59 maps to socket 0 core 13 thread 1 
OMP: Info #171: KMP_AFFINITY: OS proc 12 maps to socket 0 core 16 thread 0 
OMP: Info #171: KMP_AFFINITY: OS proc 60 maps to socket 0 core 16 thread 1 
OMP: Info #171: KMP_AFFINITY: OS proc 13 maps to socket 0 core 17 thread 0 
OMP: Info #171: KMP_AFFINITY: OS proc 61 maps to socket 0 core 17 thread 1 
OMP: Info #171: KMP_AFFINITY: OS proc 14 maps to socket 0 core 18 thread 0 
OMP: Info #171: KMP_AFFINITY: OS proc 62 maps to socket 0 core 18 thread 1 
OMP: Info #171: KMP_AFFINITY: OS proc 15 maps to socket 0 core 19 thread 0 
OMP: Info #171: KMP_AFFINITY: OS proc 63 maps to socket 0 core 19 thread 1 
OMP: Info #171: KMP_AFFINITY: OS proc 16 maps to socket 0 core 20 thread 0 
OMP: Info #171: KMP_AFFINITY: OS proc 64 maps to socket 0 core 20 thread 1 
OMP: Info #171: KMP_AFFINITY: OS proc 17 maps to socket 0 core 21 thread 0 
OMP: Info #171: KMP_AFFINITY: OS proc 65 maps to socket 0 core 21 thread 1 
OMP: Info #171: KMP_AFFINITY: OS proc 18 maps to socket 0 core 24 thread 0 
OMP: Info #171: KMP_AFFINITY: OS proc 66 maps to socket 0 core 24 thread 1 
OMP: Info #171: KMP_AFFINITY: OS proc 19 maps to socket 0 core 25 thread 0 
OMP: Info #171: KMP_AFFINITY: OS proc 67 maps to socket 0 core 25 thread 1 
OMP: Info #171: KMP_AFFINITY: OS proc 20 maps to socket 0 core 26 thread 0 
OMP: Info #171: KMP_AFFINITY: OS proc 68 maps to socket 0 core 26 thread 1 
OMP: Info #171: KMP_AFFINITY: OS proc 21 maps to socket 0 core 27 thread 0 
OMP: Info #171: KMP_AFFINITY: OS proc 69 maps to socket 0 core 27 thread 1 
OMP: Info #171: KMP_AFFINITY: OS proc 22 maps to socket 0 core 28 thread 0 
OMP: Info #171: KMP_AFFINITY: OS proc 70 maps to socket 0 core 28 thread 1 
OMP: Info #171: KMP_AFFINITY: OS proc 23 maps to socket 0 core 29 thread 0 
OMP: Info #171: KMP_AFFINITY: OS proc 71 maps to socket 0 core 29 thread 1 
OMP: Info #171: KMP_AFFINITY: OS proc 24 maps to socket 1 core 0 thread 0 
OMP: Info #171: KMP_AFFINITY: OS proc 72 maps to socket 1 core 0 thread 1 
OMP: Info #171: KMP_AFFINITY: OS proc 25 maps to socket 1 core 1 thread 0 
OMP: Info #171: KMP_AFFINITY: OS proc 73 maps to socket 1 core 1 thread 1 
OMP: Info #171: KMP_AFFINITY: OS proc 26 maps to socket 1 core 2 thread 0 
OMP: Info #171: KMP_AFFINITY: OS proc 74 maps to socket 1 core 2 thread 1 
OMP: Info #171: KMP_AFFINITY: OS proc 27 maps to socket 1 core 3 thread 0 
OMP: Info #171: KMP_AFFINITY: OS proc 75 maps to socket 1 core 3 thread 1 
OMP: Info #171: KMP_AFFINITY: OS proc 28 maps to socket 1 core 4 thread 0 
OMP: Info #171: KMP_AFFINITY: OS proc 76 maps to socket 1 core 4 thread 1 
OMP: Info #171: KMP_AFFINITY: OS proc 29 maps to socket 1 core 5 thread 0 
OMP: Info #171: KMP_AFFINITY: OS proc 77 maps to socket 1 core 5 thread 1 
OMP: Info #171: KMP_AFFINITY: OS proc 30 maps to socket 1 core 8 thread 0 
OMP: Info #171: KMP_AFFINITY: OS proc 78 maps to socket 1 core 8 thread 1 
OMP: Info #171: KMP_AFFINITY: OS proc 31 maps to socket 1 core 9 thread 0 
OMP: Info #171: KMP_AFFINITY: OS proc 79 maps to socket 1 core 9 thread 1 
OMP: Info #171: KMP_AFFINITY: OS proc 32 maps to socket 1 core 10 thread 0 
OMP: Info #171: KMP_AFFINITY: OS proc 80 maps to socket 1 core 10 thread 1 
OMP: Info #171: KMP_AFFINITY: OS proc 33 maps to socket 1 core 11 thread 0 
OMP: Info #171: KMP_AFFINITY: OS proc 81 maps to socket 1 core 11 thread 1 
OMP: Info #171: KMP_AFFINITY: OS proc 34 maps to socket 1 core 12 thread 0 
OMP: Info #171: KMP_AFFINITY: OS proc 82 maps to socket 1 core 12 thread 1 
OMP: Info #171: KMP_AFFINITY: OS proc 35 maps to socket 1 core 13 thread 0 
OMP: Info #171: KMP_AFFINITY: OS proc 83 maps to socket 1 core 13 thread 1 
OMP: Info #171: KMP_AFFINITY: OS proc 36 maps to socket 1 core 16 thread 0 
OMP: Info #171: KMP_AFFINITY: OS proc 84 maps to socket 1 core 16 thread 1 
OMP: Info #171: KMP_AFFINITY: OS proc 37 maps to socket 1 core 17 thread 0 
OMP: Info #171: KMP_AFFINITY: OS proc 85 maps to socket 1 core 17 thread 1 
OMP: Info #171: KMP_AFFINITY: OS proc 38 maps to socket 1 core 18 thread 0 
OMP: Info #171: KMP_AFFINITY: OS proc 86 maps to socket 1 core 18 thread 1 
OMP: Info #171: KMP_AFFINITY: OS proc 39 maps to socket 1 core 19 thread 0 
OMP: Info #171: KMP_AFFINITY: OS proc 87 maps to socket 1 core 19 thread 1 
OMP: Info #171: KMP_AFFINITY: OS proc 40 maps to socket 1 core 20 thread 0 
OMP: Info #171: KMP_AFFINITY: OS proc 88 maps to socket 1 core 20 thread 1 
OMP: Info #171: KMP_AFFINITY: OS proc 41 maps to socket 1 core 21 thread 0 
OMP: Info #171: KMP_AFFINITY: OS proc 89 maps to socket 1 core 21 thread 1 
OMP: Info #171: KMP_AFFINITY: OS proc 42 maps to socket 1 core 24 thread 0 
OMP: Info #171: KMP_AFFINITY: OS proc 90 maps to socket 1 core 24 thread 1 
OMP: Info #171: KMP_AFFINITY: OS proc 43 maps to socket 1 core 25 thread 0 
OMP: Info #171: KMP_AFFINITY: OS proc 91 maps to socket 1 core 25 thread 1 
OMP: Info #171: KMP_AFFINITY: OS proc 44 maps to socket 1 core 26 thread 0 
OMP: Info #171: KMP_AFFINITY: OS proc 92 maps to socket 1 core 26 thread 1 
OMP: Info #171: KMP_AFFINITY: OS proc 45 maps to socket 1 core 27 thread 0 
OMP: Info #171: KMP_AFFINITY: OS proc 93 maps to socket 1 core 27 thread 1 
OMP: Info #171: KMP_AFFINITY: OS proc 46 maps to socket 1 core 28 thread 0 
OMP: Info #171: KMP_AFFINITY: OS proc 94 maps to socket 1 core 28 thread 1 
OMP: Info #171: KMP_AFFINITY: OS proc 47 maps to socket 1 core 29 thread 0 
OMP: Info #171: KMP_AFFINITY: OS proc 95 maps to socket 1 core 29 thread 1 
OMP: Info #251: KMP_AFFINITY: pid 3728316 tid 3728316 thread 0 bound to OS proc set 0
OMP: Info #251: KMP_AFFINITY: pid 3728316 tid 3728317 thread 1 bound to OS proc set 48


Resolution: 6500
===================
Execution time: 1.071188
Residual: 3.049154

megaflops:  5521.9
  flop instructions (M):  5915.000
Resolutions       : (6500, 7500, ... 6500)
Iterations        : 20
Num. Heat sources : 2
   1: (0.00, 0.00) 1.00 1.00 
   2: (1.00, 1.00) 1.00 0.50 
OMP: Info #154: KMP_AFFINITY: Initial OS proc set respected: 0-95
OMP: Info #213: KMP_AFFINITY: decoding x2APIC ids.
OMP: Info #276: KMP_AFFINITY: Affinity capable, using global cpuid leaf 11 info
OMP: Info #156: KMP_AFFINITY: 96 available OS procs
OMP: Info #157: KMP_AFFINITY: Uniform topology
OMP: Info #191: KMP_AFFINITY: 2 sockets x 24 cores/socket x 2 threads/core (48 total cores)
OMP: Info #215: KMP_AFFINITY: OS proc to physical thread map:
OMP: Info #171: KMP_AFFINITY: OS proc 0 maps to socket 0 core 0 thread 0 
OMP: Info #171: KMP_AFFINITY: OS proc 48 maps to socket 0 core 0 thread 1 
OMP: Info #171: KMP_AFFINITY: OS proc 1 maps to socket 0 core 1 thread 0 
OMP: Info #171: KMP_AFFINITY: OS proc 49 maps to socket 0 core 1 thread 1 
OMP: Info #171: KMP_AFFINITY: OS proc 2 maps to socket 0 core 2 thread 0 
OMP: Info #171: KMP_AFFINITY: OS proc 50 maps to socket 0 core 2 thread 1 
OMP: Info #171: KMP_AFFINITY: OS proc 3 maps to socket 0 core 3 thread 0 
OMP: Info #171: KMP_AFFINITY: OS proc 51 maps to socket 0 core 3 thread 1 
OMP: Info #171: KMP_AFFINITY: OS proc 4 maps to socket 0 core 4 thread 0 
OMP: Info #171: KMP_AFFINITY: OS proc 52 maps to socket 0 core 4 thread 1 
OMP: Info #171: KMP_AFFINITY: OS proc 5 maps to socket 0 core 5 thread 0 
OMP: Info #171: KMP_AFFINITY: OS proc 53 maps to socket 0 core 5 thread 1 
OMP: Info #171: KMP_AFFINITY: OS proc 6 maps to socket 0 core 8 thread 0 
OMP: Info #171: KMP_AFFINITY: OS proc 54 maps to socket 0 core 8 thread 1 
OMP: Info #171: KMP_AFFINITY: OS proc 7 maps to socket 0 core 9 thread 0 
OMP: Info #171: KMP_AFFINITY: OS proc 55 maps to socket 0 core 9 thread 1 
OMP: Info #171: KMP_AFFINITY: OS proc 8 maps to socket 0 core 10 thread 0 
OMP: Info #171: KMP_AFFINITY: OS proc 56 maps to socket 0 core 10 thread 1 
OMP: Info #171: KMP_AFFINITY: OS proc 9 maps to socket 0 core 11 thread 0 
OMP: Info #171: KMP_AFFINITY: OS proc 57 maps to socket 0 core 11 thread 1 
OMP: Info #171: KMP_AFFINITY: OS proc 10 maps to socket 0 core 12 thread 0 
OMP: Info #171: KMP_AFFINITY: OS proc 58 maps to socket 0 core 12 thread 1 
OMP: Info #171: KMP_AFFINITY: OS proc 11 maps to socket 0 core 13 thread 0 
OMP: Info #171: KMP_AFFINITY: OS proc 59 maps to socket 0 core 13 thread 1 
OMP: Info #171: KMP_AFFINITY: OS proc 12 maps to socket 0 core 16 thread 0 
OMP: Info #171: KMP_AFFINITY: OS proc 60 maps to socket 0 core 16 thread 1 
OMP: Info #171: KMP_AFFINITY: OS proc 13 maps to socket 0 core 17 thread 0 
OMP: Info #171: KMP_AFFINITY: OS proc 61 maps to socket 0 core 17 thread 1 
OMP: Info #171: KMP_AFFINITY: OS proc 14 maps to socket 0 core 18 thread 0 
OMP: Info #171: KMP_AFFINITY: OS proc 62 maps to socket 0 core 18 thread 1 
OMP: Info #171: KMP_AFFINITY: OS proc 15 maps to socket 0 core 19 thread 0 
OMP: Info #171: KMP_AFFINITY: OS proc 63 maps to socket 0 core 19 thread 1 
OMP: Info #171: KMP_AFFINITY: OS proc 16 maps to socket 0 core 20 thread 0 
OMP: Info #171: KMP_AFFINITY: OS proc 64 maps to socket 0 core 20 thread 1 
OMP: Info #171: KMP_AFFINITY: OS proc 17 maps to socket 0 core 21 thread 0 
OMP: Info #171: KMP_AFFINITY: OS proc 65 maps to socket 0 core 21 thread 1 
OMP: Info #171: KMP_AFFINITY: OS proc 18 maps to socket 0 core 24 thread 0 
OMP: Info #171: KMP_AFFINITY: OS proc 66 maps to socket 0 core 24 thread 1 
OMP: Info #171: KMP_AFFINITY: OS proc 19 maps to socket 0 core 25 thread 0 
OMP: Info #171: KMP_AFFINITY: OS proc 67 maps to socket 0 core 25 thread 1 
OMP: Info #171: KMP_AFFINITY: OS proc 20 maps to socket 0 core 26 thread 0 
OMP: Info #171: KMP_AFFINITY: OS proc 68 maps to socket 0 core 26 thread 1 
OMP: Info #171: KMP_AFFINITY: OS proc 21 maps to socket 0 core 27 thread 0 
OMP: Info #171: KMP_AFFINITY: OS proc 69 maps to socket 0 core 27 thread 1 
OMP: Info #171: KMP_AFFINITY: OS proc 22 maps to socket 0 core 28 thread 0 
OMP: Info #171: KMP_AFFINITY: OS proc 70 maps to socket 0 core 28 thread 1 
OMP: Info #171: KMP_AFFINITY: OS proc 23 maps to socket 0 core 29 thread 0 
OMP: Info #171: KMP_AFFINITY: OS proc 71 maps to socket 0 core 29 thread 1 
OMP: Info #171: KMP_AFFINITY: OS proc 24 maps to socket 1 core 0 thread 0 
OMP: Info #171: KMP_AFFINITY: OS proc 72 maps to socket 1 core 0 thread 1 
OMP: Info #171: KMP_AFFINITY: OS proc 25 maps to socket 1 core 1 thread 0 
OMP: Info #171: KMP_AFFINITY: OS proc 73 maps to socket 1 core 1 thread 1 
OMP: Info #171: KMP_AFFINITY: OS proc 26 maps to socket 1 core 2 thread 0 
OMP: Info #171: KMP_AFFINITY: OS proc 74 maps to socket 1 core 2 thread 1 
OMP: Info #171: KMP_AFFINITY: OS proc 27 maps to socket 1 core 3 thread 0 
OMP: Info #171: KMP_AFFINITY: OS proc 75 maps to socket 1 core 3 thread 1 
OMP: Info #171: KMP_AFFINITY: OS proc 28 maps to socket 1 core 4 thread 0 
OMP: Info #171: KMP_AFFINITY: OS proc 76 maps to socket 1 core 4 thread 1 
OMP: Info #171: KMP_AFFINITY: OS proc 29 maps to socket 1 core 5 thread 0 
OMP: Info #171: KMP_AFFINITY: OS proc 77 maps to socket 1 core 5 thread 1 
OMP: Info #171: KMP_AFFINITY: OS proc 30 maps to socket 1 core 8 thread 0 
OMP: Info #171: KMP_AFFINITY: OS proc 78 maps to socket 1 core 8 thread 1 
OMP: Info #171: KMP_AFFINITY: OS proc 31 maps to socket 1 core 9 thread 0 
OMP: Info #171: KMP_AFFINITY: OS proc 79 maps to socket 1 core 9 thread 1 
OMP: Info #171: KMP_AFFINITY: OS proc 32 maps to socket 1 core 10 thread 0 
OMP: Info #171: KMP_AFFINITY: OS proc 80 maps to socket 1 core 10 thread 1 
OMP: Info #171: KMP_AFFINITY: OS proc 33 maps to socket 1 core 11 thread 0 
OMP: Info #171: KMP_AFFINITY: OS proc 81 maps to socket 1 core 11 thread 1 
OMP: Info #171: KMP_AFFINITY: OS proc 34 maps to socket 1 core 12 thread 0 
OMP: Info #171: KMP_AFFINITY: OS proc 82 maps to socket 1 core 12 thread 1 
OMP: Info #171: KMP_AFFINITY: OS proc 35 maps to socket 1 core 13 thread 0 
OMP: Info #171: KMP_AFFINITY: OS proc 83 maps to socket 1 core 13 thread 1 
OMP: Info #171: KMP_AFFINITY: OS proc 36 maps to socket 1 core 16 thread 0 
OMP: Info #171: KMP_AFFINITY: OS proc 84 maps to socket 1 core 16 thread 1 
OMP: Info #171: KMP_AFFINITY: OS proc 37 maps to socket 1 core 17 thread 0 
OMP: Info #171: KMP_AFFINITY: OS proc 85 maps to socket 1 core 17 thread 1 
OMP: Info #171: KMP_AFFINITY: OS proc 38 maps to socket 1 core 18 thread 0 
OMP: Info #171: KMP_AFFINITY: OS proc 86 maps to socket 1 core 18 thread 1 
OMP: Info #171: KMP_AFFINITY: OS proc 39 maps to socket 1 core 19 thread 0 
OMP: Info #171: KMP_AFFINITY: OS proc 87 maps to socket 1 core 19 thread 1 
OMP: Info #171: KMP_AFFINITY: OS proc 40 maps to socket 1 core 20 thread 0 
OMP: Info #171: KMP_AFFINITY: OS proc 88 maps to socket 1 core 20 thread 1 
OMP: Info #171: KMP_AFFINITY: OS proc 41 maps to socket 1 core 21 thread 0 
OMP: Info #171: KMP_AFFINITY: OS proc 89 maps to socket 1 core 21 thread 1 
OMP: Info #171: KMP_AFFINITY: OS proc 42 maps to socket 1 core 24 thread 0 
OMP: Info #171: KMP_AFFINITY: OS proc 90 maps to socket 1 core 24 thread 1 
OMP: Info #171: KMP_AFFINITY: OS proc 43 maps to socket 1 core 25 thread 0 
OMP: Info #171: KMP_AFFINITY: OS proc 91 maps to socket 1 core 25 thread 1 
OMP: Info #171: KMP_AFFINITY: OS proc 44 maps to socket 1 core 26 thread 0 
OMP: Info #171: KMP_AFFINITY: OS proc 92 maps to socket 1 core 26 thread 1 
OMP: Info #171: KMP_AFFINITY: OS proc 45 maps to socket 1 core 27 thread 0 
OMP: Info #171: KMP_AFFINITY: OS proc 93 maps to socket 1 core 27 thread 1 
OMP: Info #171: KMP_AFFINITY: OS proc 46 maps to socket 1 core 28 thread 0 
OMP: Info #171: KMP_AFFINITY: OS proc 94 maps to socket 1 core 28 thread 1 
OMP: Info #171: KMP_AFFINITY: OS proc 47 maps to socket 1 core 29 thread 0 
OMP: Info #171: KMP_AFFINITY: OS proc 95 maps to socket 1 core 29 thread 1 
OMP: Info #251: KMP_AFFINITY: pid 3728412 tid 3728412 thread 0 bound to OS proc set 0
OMP: Info #251: KMP_AFFINITY: pid 3728412 tid 3728413 thread 1 bound to OS proc set 48
OMP: Info #251: KMP_AFFINITY: pid 3728412 tid 3728414 thread 2 bound to OS proc set 1
OMP: Info #251: KMP_AFFINITY: pid 3728412 tid 3728415 thread 3 bound to OS proc set 49


Resolution: 6500
===================
Execution time: 0.563143
Residual: 3.049154

megaflops:  10503.5
  flop instructions (M):  5915.000
Resolutions       : (6500, 7500, ... 6500)
Iterations        : 20
Num. Heat sources : 2
   1: (0.00, 0.00) 1.00 1.00 
   2: (1.00, 1.00) 1.00 0.50 
OMP: Info #154: KMP_AFFINITY: Initial OS proc set respected: 0-95
OMP: Info #213: KMP_AFFINITY: decoding x2APIC ids.
OMP: Info #276: KMP_AFFINITY: Affinity capable, using global cpuid leaf 11 info
OMP: Info #156: KMP_AFFINITY: 96 available OS procs
OMP: Info #157: KMP_AFFINITY: Uniform topology
OMP: Info #191: KMP_AFFINITY: 2 sockets x 24 cores/socket x 2 threads/core (48 total cores)
OMP: Info #215: KMP_AFFINITY: OS proc to physical thread map:
OMP: Info #171: KMP_AFFINITY: OS proc 0 maps to socket 0 core 0 thread 0 
OMP: Info #171: KMP_AFFINITY: OS proc 48 maps to socket 0 core 0 thread 1 
OMP: Info #171: KMP_AFFINITY: OS proc 1 maps to socket 0 core 1 thread 0 
OMP: Info #171: KMP_AFFINITY: OS proc 49 maps to socket 0 core 1 thread 1 
OMP: Info #171: KMP_AFFINITY: OS proc 2 maps to socket 0 core 2 thread 0 
OMP: Info #171: KMP_AFFINITY: OS proc 50 maps to socket 0 core 2 thread 1 
OMP: Info #171: KMP_AFFINITY: OS proc 3 maps to socket 0 core 3 thread 0 
OMP: Info #171: KMP_AFFINITY: OS proc 51 maps to socket 0 core 3 thread 1 
OMP: Info #171: KMP_AFFINITY: OS proc 4 maps to socket 0 core 4 thread 0 
OMP: Info #171: KMP_AFFINITY: OS proc 52 maps to socket 0 core 4 thread 1 
OMP: Info #171: KMP_AFFINITY: OS proc 5 maps to socket 0 core 5 thread 0 
OMP: Info #171: KMP_AFFINITY: OS proc 53 maps to socket 0 core 5 thread 1 
OMP: Info #171: KMP_AFFINITY: OS proc 6 maps to socket 0 core 8 thread 0 
OMP: Info #171: KMP_AFFINITY: OS proc 54 maps to socket 0 core 8 thread 1 
OMP: Info #171: KMP_AFFINITY: OS proc 7 maps to socket 0 core 9 thread 0 
OMP: Info #171: KMP_AFFINITY: OS proc 55 maps to socket 0 core 9 thread 1 
OMP: Info #171: KMP_AFFINITY: OS proc 8 maps to socket 0 core 10 thread 0 
OMP: Info #171: KMP_AFFINITY: OS proc 56 maps to socket 0 core 10 thread 1 
OMP: Info #171: KMP_AFFINITY: OS proc 9 maps to socket 0 core 11 thread 0 
OMP: Info #171: KMP_AFFINITY: OS proc 57 maps to socket 0 core 11 thread 1 
OMP: Info #171: KMP_AFFINITY: OS proc 10 maps to socket 0 core 12 thread 0 
OMP: Info #171: KMP_AFFINITY: OS proc 58 maps to socket 0 core 12 thread 1 
OMP: Info #171: KMP_AFFINITY: OS proc 11 maps to socket 0 core 13 thread 0 
OMP: Info #171: KMP_AFFINITY: OS proc 59 maps to socket 0 core 13 thread 1 
OMP: Info #171: KMP_AFFINITY: OS proc 12 maps to socket 0 core 16 thread 0 
OMP: Info #171: KMP_AFFINITY: OS proc 60 maps to socket 0 core 16 thread 1 
OMP: Info #171: KMP_AFFINITY: OS proc 13 maps to socket 0 core 17 thread 0 
OMP: Info #171: KMP_AFFINITY: OS proc 61 maps to socket 0 core 17 thread 1 
OMP: Info #171: KMP_AFFINITY: OS proc 14 maps to socket 0 core 18 thread 0 
OMP: Info #171: KMP_AFFINITY: OS proc 62 maps to socket 0 core 18 thread 1 
OMP: Info #171: KMP_AFFINITY: OS proc 15 maps to socket 0 core 19 thread 0 
OMP: Info #171: KMP_AFFINITY: OS proc 63 maps to socket 0 core 19 thread 1 
OMP: Info #171: KMP_AFFINITY: OS proc 16 maps to socket 0 core 20 thread 0 
OMP: Info #171: KMP_AFFINITY: OS proc 64 maps to socket 0 core 20 thread 1 
OMP: Info #171: KMP_AFFINITY: OS proc 17 maps to socket 0 core 21 thread 0 
OMP: Info #171: KMP_AFFINITY: OS proc 65 maps to socket 0 core 21 thread 1 
OMP: Info #171: KMP_AFFINITY: OS proc 18 maps to socket 0 core 24 thread 0 
OMP: Info #171: KMP_AFFINITY: OS proc 66 maps to socket 0 core 24 thread 1 
OMP: Info #171: KMP_AFFINITY: OS proc 19 maps to socket 0 core 25 thread 0 
OMP: Info #171: KMP_AFFINITY: OS proc 67 maps to socket 0 core 25 thread 1 
OMP: Info #171: KMP_AFFINITY: OS proc 20 maps to socket 0 core 26 thread 0 
OMP: Info #171: KMP_AFFINITY: OS proc 68 maps to socket 0 core 26 thread 1 
OMP: Info #171: KMP_AFFINITY: OS proc 21 maps to socket 0 core 27 thread 0 
OMP: Info #171: KMP_AFFINITY: OS proc 69 maps to socket 0 core 27 thread 1 
OMP: Info #171: KMP_AFFINITY: OS proc 22 maps to socket 0 core 28 thread 0 
OMP: Info #171: KMP_AFFINITY: OS proc 70 maps to socket 0 core 28 thread 1 
OMP: Info #171: KMP_AFFINITY: OS proc 23 maps to socket 0 core 29 thread 0 
OMP: Info #171: KMP_AFFINITY: OS proc 71 maps to socket 0 core 29 thread 1 
OMP: Info #171: KMP_AFFINITY: OS proc 24 maps to socket 1 core 0 thread 0 
OMP: Info #171: KMP_AFFINITY: OS proc 72 maps to socket 1 core 0 thread 1 
OMP: Info #171: KMP_AFFINITY: OS proc 25 maps to socket 1 core 1 thread 0 
OMP: Info #171: KMP_AFFINITY: OS proc 73 maps to socket 1 core 1 thread 1 
OMP: Info #171: KMP_AFFINITY: OS proc 26 maps to socket 1 core 2 thread 0 
OMP: Info #171: KMP_AFFINITY: OS proc 74 maps to socket 1 core 2 thread 1 
OMP: Info #171: KMP_AFFINITY: OS proc 27 maps to socket 1 core 3 thread 0 
OMP: Info #171: KMP_AFFINITY: OS proc 75 maps to socket 1 core 3 thread 1 
OMP: Info #171: KMP_AFFINITY: OS proc 28 maps to socket 1 core 4 thread 0 
OMP: Info #171: KMP_AFFINITY: OS proc 76 maps to socket 1 core 4 thread 1 
OMP: Info #171: KMP_AFFINITY: OS proc 29 maps to socket 1 core 5 thread 0 
OMP: Info #171: KMP_AFFINITY: OS proc 77 maps to socket 1 core 5 thread 1 
OMP: Info #171: KMP_AFFINITY: OS proc 30 maps to socket 1 core 8 thread 0 
OMP: Info #171: KMP_AFFINITY: OS proc 78 maps to socket 1 core 8 thread 1 
OMP: Info #171: KMP_AFFINITY: OS proc 31 maps to socket 1 core 9 thread 0 
OMP: Info #171: KMP_AFFINITY: OS proc 79 maps to socket 1 core 9 thread 1 
OMP: Info #171: KMP_AFFINITY: OS proc 32 maps to socket 1 core 10 thread 0 
OMP: Info #171: KMP_AFFINITY: OS proc 80 maps to socket 1 core 10 thread 1 
OMP: Info #171: KMP_AFFINITY: OS proc 33 maps to socket 1 core 11 thread 0 
OMP: Info #171: KMP_AFFINITY: OS proc 81 maps to socket 1 core 11 thread 1 
OMP: Info #171: KMP_AFFINITY: OS proc 34 maps to socket 1 core 12 thread 0 
OMP: Info #171: KMP_AFFINITY: OS proc 82 maps to socket 1 core 12 thread 1 
OMP: Info #171: KMP_AFFINITY: OS proc 35 maps to socket 1 core 13 thread 0 
OMP: Info #171: KMP_AFFINITY: OS proc 83 maps to socket 1 core 13 thread 1 
OMP: Info #171: KMP_AFFINITY: OS proc 36 maps to socket 1 core 16 thread 0 
OMP: Info #171: KMP_AFFINITY: OS proc 84 maps to socket 1 core 16 thread 1 
OMP: Info #171: KMP_AFFINITY: OS proc 37 maps to socket 1 core 17 thread 0 
OMP: Info #171: KMP_AFFINITY: OS proc 85 maps to socket 1 core 17 thread 1 
OMP: Info #171: KMP_AFFINITY: OS proc 38 maps to socket 1 core 18 thread 0 
OMP: Info #171: KMP_AFFINITY: OS proc 86 maps to socket 1 core 18 thread 1 
OMP: Info #171: KMP_AFFINITY: OS proc 39 maps to socket 1 core 19 thread 0 
OMP: Info #171: KMP_AFFINITY: OS proc 87 maps to socket 1 core 19 thread 1 
OMP: Info #171: KMP_AFFINITY: OS proc 40 maps to socket 1 core 20 thread 0 
OMP: Info #171: KMP_AFFINITY: OS proc 88 maps to socket 1 core 20 thread 1 
OMP: Info #171: KMP_AFFINITY: OS proc 41 maps to socket 1 core 21 thread 0 
OMP: Info #171: KMP_AFFINITY: OS proc 89 maps to socket 1 core 21 thread 1 
OMP: Info #171: KMP_AFFINITY: OS proc 42 maps to socket 1 core 24 thread 0 
OMP: Info #171: KMP_AFFINITY: OS proc 90 maps to socket 1 core 24 thread 1 
OMP: Info #171: KMP_AFFINITY: OS proc 43 maps to socket 1 core 25 thread 0 
OMP: Info #171: KMP_AFFINITY: OS proc 91 maps to socket 1 core 25 thread 1 
OMP: Info #171: KMP_AFFINITY: OS proc 44 maps to socket 1 core 26 thread 0 
OMP: Info #171: KMP_AFFINITY: OS proc 92 maps to socket 1 core 26 thread 1 
OMP: Info #171: KMP_AFFINITY: OS proc 45 maps to socket 1 core 27 thread 0 
OMP: Info #171: KMP_AFFINITY: OS proc 93 maps to socket 1 core 27 thread 1 
OMP: Info #171: KMP_AFFINITY: OS proc 46 maps to socket 1 core 28 thread 0 
OMP: Info #171: KMP_AFFINITY: OS proc 94 maps to socket 1 core 28 thread 1 
OMP: Info #171: KMP_AFFINITY: OS proc 47 maps to socket 1 core 29 thread 0 
OMP: Info #171: KMP_AFFINITY: OS proc 95 maps to socket 1 core 29 thread 1 
OMP: Info #251: KMP_AFFINITY: pid 3728416 tid 3728416 thread 0 bound to OS proc set 0
OMP: Info #251: KMP_AFFINITY: pid 3728416 tid 3728417 thread 1 bound to OS proc set 48
OMP: Info #251: KMP_AFFINITY: pid 3728416 tid 3728418 thread 2 bound to OS proc set 1
OMP: Info #251: KMP_AFFINITY: pid 3728416 tid 3728419 thread 3 bound to OS proc set 49
OMP: Info #251: KMP_AFFINITY: pid 3728416 tid 3728420 thread 4 bound to OS proc set 2
OMP: Info #251: KMP_AFFINITY: pid 3728416 tid 3728421 thread 5 bound to OS proc set 50
OMP: Info #251: KMP_AFFINITY: pid 3728416 tid 3728423 thread 7 bound to OS proc set 51
OMP: Info #251: KMP_AFFINITY: pid 3728416 tid 3728422 thread 6 bound to OS proc set 3


Resolution: 6500
===================
Execution time: 0.319916
Residual: 3.049154

megaflops:  18489.2
  flop instructions (M):  5915.000
Resolutions       : (6500, 7500, ... 6500)
Iterations        : 20
Num. Heat sources : 2
   1: (0.00, 0.00) 1.00 1.00 
   2: (1.00, 1.00) 1.00 0.50 
OMP: Info #154: KMP_AFFINITY: Initial OS proc set respected: 0-95
OMP: Info #213: KMP_AFFINITY: decoding x2APIC ids.
OMP: Info #276: KMP_AFFINITY: Affinity capable, using global cpuid leaf 11 info
OMP: Info #156: KMP_AFFINITY: 96 available OS procs
OMP: Info #157: KMP_AFFINITY: Uniform topology
OMP: Info #191: KMP_AFFINITY: 2 sockets x 24 cores/socket x 2 threads/core (48 total cores)
OMP: Info #215: KMP_AFFINITY: OS proc to physical thread map:
OMP: Info #171: KMP_AFFINITY: OS proc 0 maps to socket 0 core 0 thread 0 
OMP: Info #171: KMP_AFFINITY: OS proc 48 maps to socket 0 core 0 thread 1 
OMP: Info #171: KMP_AFFINITY: OS proc 1 maps to socket 0 core 1 thread 0 
OMP: Info #171: KMP_AFFINITY: OS proc 49 maps to socket 0 core 1 thread 1 
OMP: Info #171: KMP_AFFINITY: OS proc 2 maps to socket 0 core 2 thread 0 
OMP: Info #171: KMP_AFFINITY: OS proc 50 maps to socket 0 core 2 thread 1 
OMP: Info #171: KMP_AFFINITY: OS proc 3 maps to socket 0 core 3 thread 0 
OMP: Info #171: KMP_AFFINITY: OS proc 51 maps to socket 0 core 3 thread 1 
OMP: Info #171: KMP_AFFINITY: OS proc 4 maps to socket 0 core 4 thread 0 
OMP: Info #171: KMP_AFFINITY: OS proc 52 maps to socket 0 core 4 thread 1 
OMP: Info #171: KMP_AFFINITY: OS proc 5 maps to socket 0 core 5 thread 0 
OMP: Info #171: KMP_AFFINITY: OS proc 53 maps to socket 0 core 5 thread 1 
OMP: Info #171: KMP_AFFINITY: OS proc 6 maps to socket 0 core 8 thread 0 
OMP: Info #171: KMP_AFFINITY: OS proc 54 maps to socket 0 core 8 thread 1 
OMP: Info #171: KMP_AFFINITY: OS proc 7 maps to socket 0 core 9 thread 0 
OMP: Info #171: KMP_AFFINITY: OS proc 55 maps to socket 0 core 9 thread 1 
OMP: Info #171: KMP_AFFINITY: OS proc 8 maps to socket 0 core 10 thread 0 
OMP: Info #171: KMP_AFFINITY: OS proc 56 maps to socket 0 core 10 thread 1 
OMP: Info #171: KMP_AFFINITY: OS proc 9 maps to socket 0 core 11 thread 0 
OMP: Info #171: KMP_AFFINITY: OS proc 57 maps to socket 0 core 11 thread 1 
OMP: Info #171: KMP_AFFINITY: OS proc 10 maps to socket 0 core 12 thread 0 
OMP: Info #171: KMP_AFFINITY: OS proc 58 maps to socket 0 core 12 thread 1 
OMP: Info #171: KMP_AFFINITY: OS proc 11 maps to socket 0 core 13 thread 0 
OMP: Info #171: KMP_AFFINITY: OS proc 59 maps to socket 0 core 13 thread 1 
OMP: Info #171: KMP_AFFINITY: OS proc 12 maps to socket 0 core 16 thread 0 
OMP: Info #171: KMP_AFFINITY: OS proc 60 maps to socket 0 core 16 thread 1 
OMP: Info #171: KMP_AFFINITY: OS proc 13 maps to socket 0 core 17 thread 0 
OMP: Info #171: KMP_AFFINITY: OS proc 61 maps to socket 0 core 17 thread 1 
OMP: Info #171: KMP_AFFINITY: OS proc 14 maps to socket 0 core 18 thread 0 
OMP: Info #171: KMP_AFFINITY: OS proc 62 maps to socket 0 core 18 thread 1 
OMP: Info #171: KMP_AFFINITY: OS proc 15 maps to socket 0 core 19 thread 0 
OMP: Info #171: KMP_AFFINITY: OS proc 63 maps to socket 0 core 19 thread 1 
OMP: Info #171: KMP_AFFINITY: OS proc 16 maps to socket 0 core 20 thread 0 
OMP: Info #171: KMP_AFFINITY: OS proc 64 maps to socket 0 core 20 thread 1 
OMP: Info #171: KMP_AFFINITY: OS proc 17 maps to socket 0 core 21 thread 0 
OMP: Info #171: KMP_AFFINITY: OS proc 65 maps to socket 0 core 21 thread 1 
OMP: Info #171: KMP_AFFINITY: OS proc 18 maps to socket 0 core 24 thread 0 
OMP: Info #171: KMP_AFFINITY: OS proc 66 maps to socket 0 core 24 thread 1 
OMP: Info #171: KMP_AFFINITY: OS proc 19 maps to socket 0 core 25 thread 0 
OMP: Info #171: KMP_AFFINITY: OS proc 67 maps to socket 0 core 25 thread 1 
OMP: Info #171: KMP_AFFINITY: OS proc 20 maps to socket 0 core 26 thread 0 
OMP: Info #171: KMP_AFFINITY: OS proc 68 maps to socket 0 core 26 thread 1 
OMP: Info #171: KMP_AFFINITY: OS proc 21 maps to socket 0 core 27 thread 0 
OMP: Info #171: KMP_AFFINITY: OS proc 69 maps to socket 0 core 27 thread 1 
OMP: Info #171: KMP_AFFINITY: OS proc 22 maps to socket 0 core 28 thread 0 
OMP: Info #171: KMP_AFFINITY: OS proc 70 maps to socket 0 core 28 thread 1 
OMP: Info #171: KMP_AFFINITY: OS proc 23 maps to socket 0 core 29 thread 0 
OMP: Info #171: KMP_AFFINITY: OS proc 71 maps to socket 0 core 29 thread 1 
OMP: Info #171: KMP_AFFINITY: OS proc 24 maps to socket 1 core 0 thread 0 
OMP: Info #171: KMP_AFFINITY: OS proc 72 maps to socket 1 core 0 thread 1 
OMP: Info #171: KMP_AFFINITY: OS proc 25 maps to socket 1 core 1 thread 0 
OMP: Info #171: KMP_AFFINITY: OS proc 73 maps to socket 1 core 1 thread 1 
OMP: Info #171: KMP_AFFINITY: OS proc 26 maps to socket 1 core 2 thread 0 
OMP: Info #171: KMP_AFFINITY: OS proc 74 maps to socket 1 core 2 thread 1 
OMP: Info #171: KMP_AFFINITY: OS proc 27 maps to socket 1 core 3 thread 0 
OMP: Info #171: KMP_AFFINITY: OS proc 75 maps to socket 1 core 3 thread 1 
OMP: Info #171: KMP_AFFINITY: OS proc 28 maps to socket 1 core 4 thread 0 
OMP: Info #171: KMP_AFFINITY: OS proc 76 maps to socket 1 core 4 thread 1 
OMP: Info #171: KMP_AFFINITY: OS proc 29 maps to socket 1 core 5 thread 0 
OMP: Info #171: KMP_AFFINITY: OS proc 77 maps to socket 1 core 5 thread 1 
OMP: Info #171: KMP_AFFINITY: OS proc 30 maps to socket 1 core 8 thread 0 
OMP: Info #171: KMP_AFFINITY: OS proc 78 maps to socket 1 core 8 thread 1 
OMP: Info #171: KMP_AFFINITY: OS proc 31 maps to socket 1 core 9 thread 0 
OMP: Info #171: KMP_AFFINITY: OS proc 79 maps to socket 1 core 9 thread 1 
OMP: Info #171: KMP_AFFINITY: OS proc 32 maps to socket 1 core 10 thread 0 
OMP: Info #171: KMP_AFFINITY: OS proc 80 maps to socket 1 core 10 thread 1 
OMP: Info #171: KMP_AFFINITY: OS proc 33 maps to socket 1 core 11 thread 0 
OMP: Info #171: KMP_AFFINITY: OS proc 81 maps to socket 1 core 11 thread 1 
OMP: Info #171: KMP_AFFINITY: OS proc 34 maps to socket 1 core 12 thread 0 
OMP: Info #171: KMP_AFFINITY: OS proc 82 maps to socket 1 core 12 thread 1 
OMP: Info #171: KMP_AFFINITY: OS proc 35 maps to socket 1 core 13 thread 0 
OMP: Info #171: KMP_AFFINITY: OS proc 83 maps to socket 1 core 13 thread 1 
OMP: Info #171: KMP_AFFINITY: OS proc 36 maps to socket 1 core 16 thread 0 
OMP: Info #171: KMP_AFFINITY: OS proc 84 maps to socket 1 core 16 thread 1 
OMP: Info #171: KMP_AFFINITY: OS proc 37 maps to socket 1 core 17 thread 0 
OMP: Info #171: KMP_AFFINITY: OS proc 85 maps to socket 1 core 17 thread 1 
OMP: Info #171: KMP_AFFINITY: OS proc 38 maps to socket 1 core 18 thread 0 
OMP: Info #171: KMP_AFFINITY: OS proc 86 maps to socket 1 core 18 thread 1 
OMP: Info #171: KMP_AFFINITY: OS proc 39 maps to socket 1 core 19 thread 0 
OMP: Info #171: KMP_AFFINITY: OS proc 87 maps to socket 1 core 19 thread 1 
OMP: Info #171: KMP_AFFINITY: OS proc 40 maps to socket 1 core 20 thread 0 
OMP: Info #171: KMP_AFFINITY: OS proc 88 maps to socket 1 core 20 thread 1 
OMP: Info #171: KMP_AFFINITY: OS proc 41 maps to socket 1 core 21 thread 0 
OMP: Info #171: KMP_AFFINITY: OS proc 89 maps to socket 1 core 21 thread 1 
OMP: Info #171: KMP_AFFINITY: OS proc 42 maps to socket 1 core 24 thread 0 
OMP: Info #171: KMP_AFFINITY: OS proc 90 maps to socket 1 core 24 thread 1 
OMP: Info #171: KMP_AFFINITY: OS proc 43 maps to socket 1 core 25 thread 0 
OMP: Info #171: KMP_AFFINITY: OS proc 91 maps to socket 1 core 25 thread 1 
OMP: Info #171: KMP_AFFINITY: OS proc 44 maps to socket 1 core 26 thread 0 
OMP: Info #171: KMP_AFFINITY: OS proc 92 maps to socket 1 core 26 thread 1 
OMP: Info #171: KMP_AFFINITY: OS proc 45 maps to socket 1 core 27 thread 0 
OMP: Info #171: KMP_AFFINITY: OS proc 93 maps to socket 1 core 27 thread 1 
OMP: Info #171: KMP_AFFINITY: OS proc 46 maps to socket 1 core 28 thread 0 
OMP: Info #171: KMP_AFFINITY: OS proc 94 maps to socket 1 core 28 thread 1 
OMP: Info #171: KMP_AFFINITY: OS proc 47 maps to socket 1 core 29 thread 0 
OMP: Info #171: KMP_AFFINITY: OS proc 95 maps to socket 1 core 29 thread 1 
OMP: Info #251: KMP_AFFINITY: pid 3728424 tid 3728424 thread 0 bound to OS proc set 0
OMP: Info #251: KMP_AFFINITY: pid 3728424 tid 3728425 thread 1 bound to OS proc set 48
OMP: Info #251: KMP_AFFINITY: pid 3728424 tid 3728426 thread 2 bound to OS proc set 1
OMP: Info #251: KMP_AFFINITY: pid 3728424 tid 3728427 thread 3 bound to OS proc set 49
OMP: Info #251: KMP_AFFINITY: pid 3728424 tid 3728428 thread 4 bound to OS proc set 2
OMP: Info #251: KMP_AFFINITY: pid 3728424 tid 3728429 thread 5 bound to OS proc set 50
OMP: Info #251: KMP_AFFINITY: pid 3728424 tid 3728430 thread 6 bound to OS proc set 3
OMP: Info #251: KMP_AFFINITY: pid 3728424 tid 3728431 thread 7 bound to OS proc set 51
OMP: Info #251: KMP_AFFINITY: pid 3728424 tid 3728432 thread 8 bound to OS proc set 4
OMP: Info #251: KMP_AFFINITY: pid 3728424 tid 3728433 thread 9 bound to OS proc set 52
OMP: Info #251: KMP_AFFINITY: pid 3728424 tid 3728434 thread 10 bound to OS proc set 5
OMP: Info #251: KMP_AFFINITY: pid 3728424 tid 3728435 thread 11 bound to OS proc set 53


Resolution: 6500
===================
Execution time: 0.273506
Residual: 3.049154

megaflops:  21626.6
  flop instructions (M):  5915.000
Resolutions       : (6500, 7500, ... 6500)
Iterations        : 20
Num. Heat sources : 2
   1: (0.00, 0.00) 1.00 1.00 
   2: (1.00, 1.00) 1.00 0.50 
OMP: Info #154: KMP_AFFINITY: Initial OS proc set respected: 0-95
OMP: Info #213: KMP_AFFINITY: decoding x2APIC ids.
OMP: Info #276: KMP_AFFINITY: Affinity capable, using global cpuid leaf 11 info
OMP: Info #156: KMP_AFFINITY: 96 available OS procs
OMP: Info #157: KMP_AFFINITY: Uniform topology
OMP: Info #191: KMP_AFFINITY: 2 sockets x 24 cores/socket x 2 threads/core (48 total cores)
OMP: Info #215: KMP_AFFINITY: OS proc to physical thread map:
OMP: Info #171: KMP_AFFINITY: OS proc 0 maps to socket 0 core 0 thread 0 
OMP: Info #171: KMP_AFFINITY: OS proc 48 maps to socket 0 core 0 thread 1 
OMP: Info #171: KMP_AFFINITY: OS proc 1 maps to socket 0 core 1 thread 0 
OMP: Info #171: KMP_AFFINITY: OS proc 49 maps to socket 0 core 1 thread 1 
OMP: Info #171: KMP_AFFINITY: OS proc 2 maps to socket 0 core 2 thread 0 
OMP: Info #171: KMP_AFFINITY: OS proc 50 maps to socket 0 core 2 thread 1 
OMP: Info #171: KMP_AFFINITY: OS proc 3 maps to socket 0 core 3 thread 0 
OMP: Info #171: KMP_AFFINITY: OS proc 51 maps to socket 0 core 3 thread 1 
OMP: Info #171: KMP_AFFINITY: OS proc 4 maps to socket 0 core 4 thread 0 
OMP: Info #171: KMP_AFFINITY: OS proc 52 maps to socket 0 core 4 thread 1 
OMP: Info #171: KMP_AFFINITY: OS proc 5 maps to socket 0 core 5 thread 0 
OMP: Info #171: KMP_AFFINITY: OS proc 53 maps to socket 0 core 5 thread 1 
OMP: Info #171: KMP_AFFINITY: OS proc 6 maps to socket 0 core 8 thread 0 
OMP: Info #171: KMP_AFFINITY: OS proc 54 maps to socket 0 core 8 thread 1 
OMP: Info #171: KMP_AFFINITY: OS proc 7 maps to socket 0 core 9 thread 0 
OMP: Info #171: KMP_AFFINITY: OS proc 55 maps to socket 0 core 9 thread 1 
OMP: Info #171: KMP_AFFINITY: OS proc 8 maps to socket 0 core 10 thread 0 
OMP: Info #171: KMP_AFFINITY: OS proc 56 maps to socket 0 core 10 thread 1 
OMP: Info #171: KMP_AFFINITY: OS proc 9 maps to socket 0 core 11 thread 0 
OMP: Info #171: KMP_AFFINITY: OS proc 57 maps to socket 0 core 11 thread 1 
OMP: Info #171: KMP_AFFINITY: OS proc 10 maps to socket 0 core 12 thread 0 
OMP: Info #171: KMP_AFFINITY: OS proc 58 maps to socket 0 core 12 thread 1 
OMP: Info #171: KMP_AFFINITY: OS proc 11 maps to socket 0 core 13 thread 0 
OMP: Info #171: KMP_AFFINITY: OS proc 59 maps to socket 0 core 13 thread 1 
OMP: Info #171: KMP_AFFINITY: OS proc 12 maps to socket 0 core 16 thread 0 
OMP: Info #171: KMP_AFFINITY: OS proc 60 maps to socket 0 core 16 thread 1 
OMP: Info #171: KMP_AFFINITY: OS proc 13 maps to socket 0 core 17 thread 0 
OMP: Info #171: KMP_AFFINITY: OS proc 61 maps to socket 0 core 17 thread 1 
OMP: Info #171: KMP_AFFINITY: OS proc 14 maps to socket 0 core 18 thread 0 
OMP: Info #171: KMP_AFFINITY: OS proc 62 maps to socket 0 core 18 thread 1 
OMP: Info #171: KMP_AFFINITY: OS proc 15 maps to socket 0 core 19 thread 0 
OMP: Info #171: KMP_AFFINITY: OS proc 63 maps to socket 0 core 19 thread 1 
OMP: Info #171: KMP_AFFINITY: OS proc 16 maps to socket 0 core 20 thread 0 
OMP: Info #171: KMP_AFFINITY: OS proc 64 maps to socket 0 core 20 thread 1 
OMP: Info #171: KMP_AFFINITY: OS proc 17 maps to socket 0 core 21 thread 0 
OMP: Info #171: KMP_AFFINITY: OS proc 65 maps to socket 0 core 21 thread 1 
OMP: Info #171: KMP_AFFINITY: OS proc 18 maps to socket 0 core 24 thread 0 
OMP: Info #171: KMP_AFFINITY: OS proc 66 maps to socket 0 core 24 thread 1 
OMP: Info #171: KMP_AFFINITY: OS proc 19 maps to socket 0 core 25 thread 0 
OMP: Info #171: KMP_AFFINITY: OS proc 67 maps to socket 0 core 25 thread 1 
OMP: Info #171: KMP_AFFINITY: OS proc 20 maps to socket 0 core 26 thread 0 
OMP: Info #171: KMP_AFFINITY: OS proc 68 maps to socket 0 core 26 thread 1 
OMP: Info #171: KMP_AFFINITY: OS proc 21 maps to socket 0 core 27 thread 0 
OMP: Info #171: KMP_AFFINITY: OS proc 69 maps to socket 0 core 27 thread 1 
OMP: Info #171: KMP_AFFINITY: OS proc 22 maps to socket 0 core 28 thread 0 
OMP: Info #171: KMP_AFFINITY: OS proc 70 maps to socket 0 core 28 thread 1 
OMP: Info #171: KMP_AFFINITY: OS proc 23 maps to socket 0 core 29 thread 0 
OMP: Info #171: KMP_AFFINITY: OS proc 71 maps to socket 0 core 29 thread 1 
OMP: Info #171: KMP_AFFINITY: OS proc 24 maps to socket 1 core 0 thread 0 
OMP: Info #171: KMP_AFFINITY: OS proc 72 maps to socket 1 core 0 thread 1 
OMP: Info #171: KMP_AFFINITY: OS proc 25 maps to socket 1 core 1 thread 0 
OMP: Info #171: KMP_AFFINITY: OS proc 73 maps to socket 1 core 1 thread 1 
OMP: Info #171: KMP_AFFINITY: OS proc 26 maps to socket 1 core 2 thread 0 
OMP: Info #171: KMP_AFFINITY: OS proc 74 maps to socket 1 core 2 thread 1 
OMP: Info #171: KMP_AFFINITY: OS proc 27 maps to socket 1 core 3 thread 0 
OMP: Info #171: KMP_AFFINITY: OS proc 75 maps to socket 1 core 3 thread 1 
OMP: Info #171: KMP_AFFINITY: OS proc 28 maps to socket 1 core 4 thread 0 
OMP: Info #171: KMP_AFFINITY: OS proc 76 maps to socket 1 core 4 thread 1 
OMP: Info #171: KMP_AFFINITY: OS proc 29 maps to socket 1 core 5 thread 0 
OMP: Info #171: KMP_AFFINITY: OS proc 77 maps to socket 1 core 5 thread 1 
OMP: Info #171: KMP_AFFINITY: OS proc 30 maps to socket 1 core 8 thread 0 
OMP: Info #171: KMP_AFFINITY: OS proc 78 maps to socket 1 core 8 thread 1 
OMP: Info #171: KMP_AFFINITY: OS proc 31 maps to socket 1 core 9 thread 0 
OMP: Info #171: KMP_AFFINITY: OS proc 79 maps to socket 1 core 9 thread 1 
OMP: Info #171: KMP_AFFINITY: OS proc 32 maps to socket 1 core 10 thread 0 
OMP: Info #171: KMP_AFFINITY: OS proc 80 maps to socket 1 core 10 thread 1 
OMP: Info #171: KMP_AFFINITY: OS proc 33 maps to socket 1 core 11 thread 0 
OMP: Info #171: KMP_AFFINITY: OS proc 81 maps to socket 1 core 11 thread 1 
OMP: Info #171: KMP_AFFINITY: OS proc 34 maps to socket 1 core 12 thread 0 
OMP: Info #171: KMP_AFFINITY: OS proc 82 maps to socket 1 core 12 thread 1 
OMP: Info #171: KMP_AFFINITY: OS proc 35 maps to socket 1 core 13 thread 0 
OMP: Info #171: KMP_AFFINITY: OS proc 83 maps to socket 1 core 13 thread 1 
OMP: Info #171: KMP_AFFINITY: OS proc 36 maps to socket 1 core 16 thread 0 
OMP: Info #171: KMP_AFFINITY: OS proc 84 maps to socket 1 core 16 thread 1 
OMP: Info #171: KMP_AFFINITY: OS proc 37 maps to socket 1 core 17 thread 0 
OMP: Info #171: KMP_AFFINITY: OS proc 85 maps to socket 1 core 17 thread 1 
OMP: Info #171: KMP_AFFINITY: OS proc 38 maps to socket 1 core 18 thread 0 
OMP: Info #171: KMP_AFFINITY: OS proc 86 maps to socket 1 core 18 thread 1 
OMP: Info #171: KMP_AFFINITY: OS proc 39 maps to socket 1 core 19 thread 0 
OMP: Info #171: KMP_AFFINITY: OS proc 87 maps to socket 1 core 19 thread 1 
OMP: Info #171: KMP_AFFINITY: OS proc 40 maps to socket 1 core 20 thread 0 
OMP: Info #171: KMP_AFFINITY: OS proc 88 maps to socket 1 core 20 thread 1 
OMP: Info #171: KMP_AFFINITY: OS proc 41 maps to socket 1 core 21 thread 0 
OMP: Info #171: KMP_AFFINITY: OS proc 89 maps to socket 1 core 21 thread 1 
OMP: Info #171: KMP_AFFINITY: OS proc 42 maps to socket 1 core 24 thread 0 
OMP: Info #171: KMP_AFFINITY: OS proc 90 maps to socket 1 core 24 thread 1 
OMP: Info #171: KMP_AFFINITY: OS proc 43 maps to socket 1 core 25 thread 0 
OMP: Info #171: KMP_AFFINITY: OS proc 91 maps to socket 1 core 25 thread 1 
OMP: Info #171: KMP_AFFINITY: OS proc 44 maps to socket 1 core 26 thread 0 
OMP: Info #171: KMP_AFFINITY: OS proc 92 maps to socket 1 core 26 thread 1 
OMP: Info #171: KMP_AFFINITY: OS proc 45 maps to socket 1 core 27 thread 0 
OMP: Info #171: KMP_AFFINITY: OS proc 93 maps to socket 1 core 27 thread 1 
OMP: Info #171: KMP_AFFINITY: OS proc 46 maps to socket 1 core 28 thread 0 
OMP: Info #171: KMP_AFFINITY: OS proc 94 maps to socket 1 core 28 thread 1 
OMP: Info #171: KMP_AFFINITY: OS proc 47 maps to socket 1 core 29 thread 0 
OMP: Info #171: KMP_AFFINITY: OS proc 95 maps to socket 1 core 29 thread 1 
OMP: Info #251: KMP_AFFINITY: pid 3728436 tid 3728436 thread 0 bound to OS proc set 0
OMP: Info #251: KMP_AFFINITY: pid 3728436 tid 3728437 thread 1 bound to OS proc set 48
OMP: Info #251: KMP_AFFINITY: pid 3728436 tid 3728438 thread 2 bound to OS proc set 1
OMP: Info #251: KMP_AFFINITY: pid 3728436 tid 3728440 thread 4 bound to OS proc set 2
OMP: Info #251: KMP_AFFINITY: pid 3728436 tid 3728439 thread 3 bound to OS proc set 49
OMP: Info #251: KMP_AFFINITY: pid 3728436 tid 3728442 thread 6 bound to OS proc set 3
OMP: Info #251: KMP_AFFINITY: pid 3728436 tid 3728441 thread 5 bound to OS proc set 50
OMP: Info #251: KMP_AFFINITY: pid 3728436 tid 3728443 thread 7 bound to OS proc set 51
OMP: Info #251: KMP_AFFINITY: pid 3728436 tid 3728444 thread 8 bound to OS proc set 4
OMP: Info #251: KMP_AFFINITY: pid 3728436 tid 3728445 thread 9 bound to OS proc set 52
OMP: Info #251: KMP_AFFINITY: pid 3728436 tid 3728446 thread 10 bound to OS proc set 5
OMP: Info #251: KMP_AFFINITY: pid 3728436 tid 3728447 thread 11 bound to OS proc set 53
OMP: Info #251: KMP_AFFINITY: pid 3728436 tid 3728448 thread 12 bound to OS proc set 6
OMP: Info #251: KMP_AFFINITY: pid 3728436 tid 3728449 thread 13 bound to OS proc set 54
OMP: Info #251: KMP_AFFINITY: pid 3728436 tid 3728450 thread 14 bound to OS proc set 7
OMP: Info #251: KMP_AFFINITY: pid 3728436 tid 3728451 thread 15 bound to OS proc set 55


Resolution: 6500
===================
Execution time: 0.240051
Residual: 3.049154

megaflops:  24640.6
  flop instructions (M):  5915.000
Resolutions       : (6500, 7500, ... 6500)
Iterations        : 20
Num. Heat sources : 2
   1: (0.00, 0.00) 1.00 1.00 
   2: (1.00, 1.00) 1.00 0.50 
OMP: Info #154: KMP_AFFINITY: Initial OS proc set respected: 0-95
OMP: Info #213: KMP_AFFINITY: decoding x2APIC ids.
OMP: Info #276: KMP_AFFINITY: Affinity capable, using global cpuid leaf 11 info
OMP: Info #156: KMP_AFFINITY: 96 available OS procs
OMP: Info #157: KMP_AFFINITY: Uniform topology
OMP: Info #191: KMP_AFFINITY: 2 sockets x 24 cores/socket x 2 threads/core (48 total cores)
OMP: Info #215: KMP_AFFINITY: OS proc to physical thread map:
OMP: Info #171: KMP_AFFINITY: OS proc 0 maps to socket 0 core 0 thread 0 
OMP: Info #171: KMP_AFFINITY: OS proc 48 maps to socket 0 core 0 thread 1 
OMP: Info #171: KMP_AFFINITY: OS proc 1 maps to socket 0 core 1 thread 0 
OMP: Info #171: KMP_AFFINITY: OS proc 49 maps to socket 0 core 1 thread 1 
OMP: Info #171: KMP_AFFINITY: OS proc 2 maps to socket 0 core 2 thread 0 
OMP: Info #171: KMP_AFFINITY: OS proc 50 maps to socket 0 core 2 thread 1 
OMP: Info #171: KMP_AFFINITY: OS proc 3 maps to socket 0 core 3 thread 0 
OMP: Info #171: KMP_AFFINITY: OS proc 51 maps to socket 0 core 3 thread 1 
OMP: Info #171: KMP_AFFINITY: OS proc 4 maps to socket 0 core 4 thread 0 
OMP: Info #171: KMP_AFFINITY: OS proc 52 maps to socket 0 core 4 thread 1 
OMP: Info #171: KMP_AFFINITY: OS proc 5 maps to socket 0 core 5 thread 0 
OMP: Info #171: KMP_AFFINITY: OS proc 53 maps to socket 0 core 5 thread 1 
OMP: Info #171: KMP_AFFINITY: OS proc 6 maps to socket 0 core 8 thread 0 
OMP: Info #171: KMP_AFFINITY: OS proc 54 maps to socket 0 core 8 thread 1 
OMP: Info #171: KMP_AFFINITY: OS proc 7 maps to socket 0 core 9 thread 0 
OMP: Info #171: KMP_AFFINITY: OS proc 55 maps to socket 0 core 9 thread 1 
OMP: Info #171: KMP_AFFINITY: OS proc 8 maps to socket 0 core 10 thread 0 
OMP: Info #171: KMP_AFFINITY: OS proc 56 maps to socket 0 core 10 thread 1 
OMP: Info #171: KMP_AFFINITY: OS proc 9 maps to socket 0 core 11 thread 0 
OMP: Info #171: KMP_AFFINITY: OS proc 57 maps to socket 0 core 11 thread 1 
OMP: Info #171: KMP_AFFINITY: OS proc 10 maps to socket 0 core 12 thread 0 
OMP: Info #171: KMP_AFFINITY: OS proc 58 maps to socket 0 core 12 thread 1 
OMP: Info #171: KMP_AFFINITY: OS proc 11 maps to socket 0 core 13 thread 0 
OMP: Info #171: KMP_AFFINITY: OS proc 59 maps to socket 0 core 13 thread 1 
OMP: Info #171: KMP_AFFINITY: OS proc 12 maps to socket 0 core 16 thread 0 
OMP: Info #171: KMP_AFFINITY: OS proc 60 maps to socket 0 core 16 thread 1 
OMP: Info #171: KMP_AFFINITY: OS proc 13 maps to socket 0 core 17 thread 0 
OMP: Info #171: KMP_AFFINITY: OS proc 61 maps to socket 0 core 17 thread 1 
OMP: Info #171: KMP_AFFINITY: OS proc 14 maps to socket 0 core 18 thread 0 
OMP: Info #171: KMP_AFFINITY: OS proc 62 maps to socket 0 core 18 thread 1 
OMP: Info #171: KMP_AFFINITY: OS proc 15 maps to socket 0 core 19 thread 0 
OMP: Info #171: KMP_AFFINITY: OS proc 63 maps to socket 0 core 19 thread 1 
OMP: Info #171: KMP_AFFINITY: OS proc 16 maps to socket 0 core 20 thread 0 
OMP: Info #171: KMP_AFFINITY: OS proc 64 maps to socket 0 core 20 thread 1 
OMP: Info #171: KMP_AFFINITY: OS proc 17 maps to socket 0 core 21 thread 0 
OMP: Info #171: KMP_AFFINITY: OS proc 65 maps to socket 0 core 21 thread 1 
OMP: Info #171: KMP_AFFINITY: OS proc 18 maps to socket 0 core 24 thread 0 
OMP: Info #171: KMP_AFFINITY: OS proc 66 maps to socket 0 core 24 thread 1 
OMP: Info #171: KMP_AFFINITY: OS proc 19 maps to socket 0 core 25 thread 0 
OMP: Info #171: KMP_AFFINITY: OS proc 67 maps to socket 0 core 25 thread 1 
OMP: Info #171: KMP_AFFINITY: OS proc 20 maps to socket 0 core 26 thread 0 
OMP: Info #171: KMP_AFFINITY: OS proc 68 maps to socket 0 core 26 thread 1 
OMP: Info #171: KMP_AFFINITY: OS proc 21 maps to socket 0 core 27 thread 0 
OMP: Info #171: KMP_AFFINITY: OS proc 69 maps to socket 0 core 27 thread 1 
OMP: Info #171: KMP_AFFINITY: OS proc 22 maps to socket 0 core 28 thread 0 
OMP: Info #171: KMP_AFFINITY: OS proc 70 maps to socket 0 core 28 thread 1 
OMP: Info #171: KMP_AFFINITY: OS proc 23 maps to socket 0 core 29 thread 0 
OMP: Info #171: KMP_AFFINITY: OS proc 71 maps to socket 0 core 29 thread 1 
OMP: Info #171: KMP_AFFINITY: OS proc 24 maps to socket 1 core 0 thread 0 
OMP: Info #171: KMP_AFFINITY: OS proc 72 maps to socket 1 core 0 thread 1 
OMP: Info #171: KMP_AFFINITY: OS proc 25 maps to socket 1 core 1 thread 0 
OMP: Info #171: KMP_AFFINITY: OS proc 73 maps to socket 1 core 1 thread 1 
OMP: Info #171: KMP_AFFINITY: OS proc 26 maps to socket 1 core 2 thread 0 
OMP: Info #171: KMP_AFFINITY: OS proc 74 maps to socket 1 core 2 thread 1 
OMP: Info #171: KMP_AFFINITY: OS proc 27 maps to socket 1 core 3 thread 0 
OMP: Info #171: KMP_AFFINITY: OS proc 75 maps to socket 1 core 3 thread 1 
OMP: Info #171: KMP_AFFINITY: OS proc 28 maps to socket 1 core 4 thread 0 
OMP: Info #171: KMP_AFFINITY: OS proc 76 maps to socket 1 core 4 thread 1 
OMP: Info #171: KMP_AFFINITY: OS proc 29 maps to socket 1 core 5 thread 0 
OMP: Info #171: KMP_AFFINITY: OS proc 77 maps to socket 1 core 5 thread 1 
OMP: Info #171: KMP_AFFINITY: OS proc 30 maps to socket 1 core 8 thread 0 
OMP: Info #171: KMP_AFFINITY: OS proc 78 maps to socket 1 core 8 thread 1 
OMP: Info #171: KMP_AFFINITY: OS proc 31 maps to socket 1 core 9 thread 0 
OMP: Info #171: KMP_AFFINITY: OS proc 79 maps to socket 1 core 9 thread 1 
OMP: Info #171: KMP_AFFINITY: OS proc 32 maps to socket 1 core 10 thread 0 
OMP: Info #171: KMP_AFFINITY: OS proc 80 maps to socket 1 core 10 thread 1 
OMP: Info #171: KMP_AFFINITY: OS proc 33 maps to socket 1 core 11 thread 0 
OMP: Info #171: KMP_AFFINITY: OS proc 81 maps to socket 1 core 11 thread 1 
OMP: Info #171: KMP_AFFINITY: OS proc 34 maps to socket 1 core 12 thread 0 
OMP: Info #171: KMP_AFFINITY: OS proc 82 maps to socket 1 core 12 thread 1 
OMP: Info #171: KMP_AFFINITY: OS proc 35 maps to socket 1 core 13 thread 0 
OMP: Info #171: KMP_AFFINITY: OS proc 83 maps to socket 1 core 13 thread 1 
OMP: Info #171: KMP_AFFINITY: OS proc 36 maps to socket 1 core 16 thread 0 
OMP: Info #171: KMP_AFFINITY: OS proc 84 maps to socket 1 core 16 thread 1 
OMP: Info #171: KMP_AFFINITY: OS proc 37 maps to socket 1 core 17 thread 0 
OMP: Info #171: KMP_AFFINITY: OS proc 85 maps to socket 1 core 17 thread 1 
OMP: Info #171: KMP_AFFINITY: OS proc 38 maps to socket 1 core 18 thread 0 
OMP: Info #171: KMP_AFFINITY: OS proc 86 maps to socket 1 core 18 thread 1 
OMP: Info #171: KMP_AFFINITY: OS proc 39 maps to socket 1 core 19 thread 0 
OMP: Info #171: KMP_AFFINITY: OS proc 87 maps to socket 1 core 19 thread 1 
OMP: Info #171: KMP_AFFINITY: OS proc 40 maps to socket 1 core 20 thread 0 
OMP: Info #171: KMP_AFFINITY: OS proc 88 maps to socket 1 core 20 thread 1 
OMP: Info #171: KMP_AFFINITY: OS proc 41 maps to socket 1 core 21 thread 0 
OMP: Info #171: KMP_AFFINITY: OS proc 89 maps to socket 1 core 21 thread 1 
OMP: Info #171: KMP_AFFINITY: OS proc 42 maps to socket 1 core 24 thread 0 
OMP: Info #171: KMP_AFFINITY: OS proc 90 maps to socket 1 core 24 thread 1 
OMP: Info #171: KMP_AFFINITY: OS proc 43 maps to socket 1 core 25 thread 0 
OMP: Info #171: KMP_AFFINITY: OS proc 91 maps to socket 1 core 25 thread 1 
OMP: Info #171: KMP_AFFINITY: OS proc 44 maps to socket 1 core 26 thread 0 
OMP: Info #171: KMP_AFFINITY: OS proc 92 maps to socket 1 core 26 thread 1 
OMP: Info #171: KMP_AFFINITY: OS proc 45 maps to socket 1 core 27 thread 0 
OMP: Info #171: KMP_AFFINITY: OS proc 93 maps to socket 1 core 27 thread 1 
OMP: Info #171: KMP_AFFINITY: OS proc 46 maps to socket 1 core 28 thread 0 
OMP: Info #171: KMP_AFFINITY: OS proc 94 maps to socket 1 core 28 thread 1 
OMP: Info #171: KMP_AFFINITY: OS proc 47 maps to socket 1 core 29 thread 0 
OMP: Info #171: KMP_AFFINITY: OS proc 95 maps to socket 1 core 29 thread 1 
OMP: Info #251: KMP_AFFINITY: pid 3728452 tid 3728452 thread 0 bound to OS proc set 0
OMP: Info #251: KMP_AFFINITY: pid 3728452 tid 3728453 thread 1 bound to OS proc set 48
OMP: Info #251: KMP_AFFINITY: pid 3728452 tid 3728454 thread 2 bound to OS proc set 1
OMP: Info #251: KMP_AFFINITY: pid 3728452 tid 3728455 thread 3 bound to OS proc set 49
OMP: Info #251: KMP_AFFINITY: pid 3728452 tid 3728457 thread 5 bound to OS proc set 50
OMP: Info #251: KMP_AFFINITY: pid 3728452 tid 3728456 thread 4 bound to OS proc set 2
OMP: Info #251: KMP_AFFINITY: pid 3728452 tid 3728458 thread 6 bound to OS proc set 3
OMP: Info #251: KMP_AFFINITY: pid 3728452 tid 3728459 thread 7 bound to OS proc set 51
OMP: Info #251: KMP_AFFINITY: pid 3728452 tid 3728460 thread 8 bound to OS proc set 4
OMP: Info #251: KMP_AFFINITY: pid 3728452 tid 3728461 thread 9 bound to OS proc set 52
OMP: Info #251: KMP_AFFINITY: pid 3728452 tid 3728462 thread 10 bound to OS proc set 5
OMP: Info #251: KMP_AFFINITY: pid 3728452 tid 3728464 thread 12 bound to OS proc set 6
OMP: Info #251: KMP_AFFINITY: pid 3728452 tid 3728463 thread 11 bound to OS proc set 53
OMP: Info #251: KMP_AFFINITY: pid 3728452 tid 3728466 thread 14 bound to OS proc set 7
OMP: Info #251: KMP_AFFINITY: pid 3728452 tid 3728467 thread 15 bound to OS proc set 55
OMP: Info #251: KMP_AFFINITY: pid 3728452 tid 3728465 thread 13 bound to OS proc set 54
OMP: Info #251: KMP_AFFINITY: pid 3728452 tid 3728468 thread 16 bound to OS proc set 8
OMP: Info #251: KMP_AFFINITY: pid 3728452 tid 3728469 thread 17 bound to OS proc set 56
OMP: Info #251: KMP_AFFINITY: pid 3728452 tid 3728470 thread 18 bound to OS proc set 9
OMP: Info #251: KMP_AFFINITY: pid 3728452 tid 3728471 thread 19 bound to OS proc set 57
OMP: Info #251: KMP_AFFINITY: pid 3728452 tid 3728472 thread 20 bound to OS proc set 10
OMP: Info #251: KMP_AFFINITY: pid 3728452 tid 3728473 thread 21 bound to OS proc set 58
OMP: Info #251: KMP_AFFINITY: pid 3728452 tid 3728474 thread 22 bound to OS proc set 11
OMP: Info #251: KMP_AFFINITY: pid 3728452 tid 3728475 thread 23 bound to OS proc set 59


Resolution: 6500
===================
Execution time: 0.210028
Residual: 3.049154

megaflops:  28162.9
  flop instructions (M):  5915.000
Resolutions       : (6500, 7500, ... 6500)
Iterations        : 20
Num. Heat sources : 2
   1: (0.00, 0.00) 1.00 1.00 
   2: (1.00, 1.00) 1.00 0.50 
OMP: Info #154: KMP_AFFINITY: Initial OS proc set respected: 0-95
OMP: Info #213: KMP_AFFINITY: decoding x2APIC ids.
OMP: Info #276: KMP_AFFINITY: Affinity capable, using global cpuid leaf 11 info
OMP: Info #156: KMP_AFFINITY: 96 available OS procs
OMP: Info #157: KMP_AFFINITY: Uniform topology
OMP: Info #191: KMP_AFFINITY: 2 sockets x 24 cores/socket x 2 threads/core (48 total cores)
OMP: Info #215: KMP_AFFINITY: OS proc to physical thread map:
OMP: Info #171: KMP_AFFINITY: OS proc 0 maps to socket 0 core 0 thread 0 
OMP: Info #171: KMP_AFFINITY: OS proc 48 maps to socket 0 core 0 thread 1 
OMP: Info #171: KMP_AFFINITY: OS proc 1 maps to socket 0 core 1 thread 0 
OMP: Info #171: KMP_AFFINITY: OS proc 49 maps to socket 0 core 1 thread 1 
OMP: Info #171: KMP_AFFINITY: OS proc 2 maps to socket 0 core 2 thread 0 
OMP: Info #171: KMP_AFFINITY: OS proc 50 maps to socket 0 core 2 thread 1 
OMP: Info #171: KMP_AFFINITY: OS proc 3 maps to socket 0 core 3 thread 0 
OMP: Info #171: KMP_AFFINITY: OS proc 51 maps to socket 0 core 3 thread 1 
OMP: Info #171: KMP_AFFINITY: OS proc 4 maps to socket 0 core 4 thread 0 
OMP: Info #171: KMP_AFFINITY: OS proc 52 maps to socket 0 core 4 thread 1 
OMP: Info #171: KMP_AFFINITY: OS proc 5 maps to socket 0 core 5 thread 0 
OMP: Info #171: KMP_AFFINITY: OS proc 53 maps to socket 0 core 5 thread 1 
OMP: Info #171: KMP_AFFINITY: OS proc 6 maps to socket 0 core 8 thread 0 
OMP: Info #171: KMP_AFFINITY: OS proc 54 maps to socket 0 core 8 thread 1 
OMP: Info #171: KMP_AFFINITY: OS proc 7 maps to socket 0 core 9 thread 0 
OMP: Info #171: KMP_AFFINITY: OS proc 55 maps to socket 0 core 9 thread 1 
OMP: Info #171: KMP_AFFINITY: OS proc 8 maps to socket 0 core 10 thread 0 
OMP: Info #171: KMP_AFFINITY: OS proc 56 maps to socket 0 core 10 thread 1 
OMP: Info #171: KMP_AFFINITY: OS proc 9 maps to socket 0 core 11 thread 0 
OMP: Info #171: KMP_AFFINITY: OS proc 57 maps to socket 0 core 11 thread 1 
OMP: Info #171: KMP_AFFINITY: OS proc 10 maps to socket 0 core 12 thread 0 
OMP: Info #171: KMP_AFFINITY: OS proc 58 maps to socket 0 core 12 thread 1 
OMP: Info #171: KMP_AFFINITY: OS proc 11 maps to socket 0 core 13 thread 0 
OMP: Info #171: KMP_AFFINITY: OS proc 59 maps to socket 0 core 13 thread 1 
OMP: Info #171: KMP_AFFINITY: OS proc 12 maps to socket 0 core 16 thread 0 
OMP: Info #171: KMP_AFFINITY: OS proc 60 maps to socket 0 core 16 thread 1 
OMP: Info #171: KMP_AFFINITY: OS proc 13 maps to socket 0 core 17 thread 0 
OMP: Info #171: KMP_AFFINITY: OS proc 61 maps to socket 0 core 17 thread 1 
OMP: Info #171: KMP_AFFINITY: OS proc 14 maps to socket 0 core 18 thread 0 
OMP: Info #171: KMP_AFFINITY: OS proc 62 maps to socket 0 core 18 thread 1 
OMP: Info #171: KMP_AFFINITY: OS proc 15 maps to socket 0 core 19 thread 0 
OMP: Info #171: KMP_AFFINITY: OS proc 63 maps to socket 0 core 19 thread 1 
OMP: Info #171: KMP_AFFINITY: OS proc 16 maps to socket 0 core 20 thread 0 
OMP: Info #171: KMP_AFFINITY: OS proc 64 maps to socket 0 core 20 thread 1 
OMP: Info #171: KMP_AFFINITY: OS proc 17 maps to socket 0 core 21 thread 0 
OMP: Info #171: KMP_AFFINITY: OS proc 65 maps to socket 0 core 21 thread 1 
OMP: Info #171: KMP_AFFINITY: OS proc 18 maps to socket 0 core 24 thread 0 
OMP: Info #171: KMP_AFFINITY: OS proc 66 maps to socket 0 core 24 thread 1 
OMP: Info #171: KMP_AFFINITY: OS proc 19 maps to socket 0 core 25 thread 0 
OMP: Info #171: KMP_AFFINITY: OS proc 67 maps to socket 0 core 25 thread 1 
OMP: Info #171: KMP_AFFINITY: OS proc 20 maps to socket 0 core 26 thread 0 
OMP: Info #171: KMP_AFFINITY: OS proc 68 maps to socket 0 core 26 thread 1 
OMP: Info #171: KMP_AFFINITY: OS proc 21 maps to socket 0 core 27 thread 0 
OMP: Info #171: KMP_AFFINITY: OS proc 69 maps to socket 0 core 27 thread 1 
OMP: Info #171: KMP_AFFINITY: OS proc 22 maps to socket 0 core 28 thread 0 
OMP: Info #171: KMP_AFFINITY: OS proc 70 maps to socket 0 core 28 thread 1 
OMP: Info #171: KMP_AFFINITY: OS proc 23 maps to socket 0 core 29 thread 0 
OMP: Info #171: KMP_AFFINITY: OS proc 71 maps to socket 0 core 29 thread 1 
OMP: Info #171: KMP_AFFINITY: OS proc 24 maps to socket 1 core 0 thread 0 
OMP: Info #171: KMP_AFFINITY: OS proc 72 maps to socket 1 core 0 thread 1 
OMP: Info #171: KMP_AFFINITY: OS proc 25 maps to socket 1 core 1 thread 0 
OMP: Info #171: KMP_AFFINITY: OS proc 73 maps to socket 1 core 1 thread 1 
OMP: Info #171: KMP_AFFINITY: OS proc 26 maps to socket 1 core 2 thread 0 
OMP: Info #171: KMP_AFFINITY: OS proc 74 maps to socket 1 core 2 thread 1 
OMP: Info #171: KMP_AFFINITY: OS proc 27 maps to socket 1 core 3 thread 0 
OMP: Info #171: KMP_AFFINITY: OS proc 75 maps to socket 1 core 3 thread 1 
OMP: Info #171: KMP_AFFINITY: OS proc 28 maps to socket 1 core 4 thread 0 
OMP: Info #171: KMP_AFFINITY: OS proc 76 maps to socket 1 core 4 thread 1 
OMP: Info #171: KMP_AFFINITY: OS proc 29 maps to socket 1 core 5 thread 0 
OMP: Info #171: KMP_AFFINITY: OS proc 77 maps to socket 1 core 5 thread 1 
OMP: Info #171: KMP_AFFINITY: OS proc 30 maps to socket 1 core 8 thread 0 
OMP: Info #171: KMP_AFFINITY: OS proc 78 maps to socket 1 core 8 thread 1 
OMP: Info #171: KMP_AFFINITY: OS proc 31 maps to socket 1 core 9 thread 0 
OMP: Info #171: KMP_AFFINITY: OS proc 79 maps to socket 1 core 9 thread 1 
OMP: Info #171: KMP_AFFINITY: OS proc 32 maps to socket 1 core 10 thread 0 
OMP: Info #171: KMP_AFFINITY: OS proc 80 maps to socket 1 core 10 thread 1 
OMP: Info #171: KMP_AFFINITY: OS proc 33 maps to socket 1 core 11 thread 0 
OMP: Info #171: KMP_AFFINITY: OS proc 81 maps to socket 1 core 11 thread 1 
OMP: Info #171: KMP_AFFINITY: OS proc 34 maps to socket 1 core 12 thread 0 
OMP: Info #171: KMP_AFFINITY: OS proc 82 maps to socket 1 core 12 thread 1 
OMP: Info #171: KMP_AFFINITY: OS proc 35 maps to socket 1 core 13 thread 0 
OMP: Info #171: KMP_AFFINITY: OS proc 83 maps to socket 1 core 13 thread 1 
OMP: Info #171: KMP_AFFINITY: OS proc 36 maps to socket 1 core 16 thread 0 
OMP: Info #171: KMP_AFFINITY: OS proc 84 maps to socket 1 core 16 thread 1 
OMP: Info #171: KMP_AFFINITY: OS proc 37 maps to socket 1 core 17 thread 0 
OMP: Info #171: KMP_AFFINITY: OS proc 85 maps to socket 1 core 17 thread 1 
OMP: Info #171: KMP_AFFINITY: OS proc 38 maps to socket 1 core 18 thread 0 
OMP: Info #171: KMP_AFFINITY: OS proc 86 maps to socket 1 core 18 thread 1 
OMP: Info #171: KMP_AFFINITY: OS proc 39 maps to socket 1 core 19 thread 0 
OMP: Info #171: KMP_AFFINITY: OS proc 87 maps to socket 1 core 19 thread 1 
OMP: Info #171: KMP_AFFINITY: OS proc 40 maps to socket 1 core 20 thread 0 
OMP: Info #171: KMP_AFFINITY: OS proc 88 maps to socket 1 core 20 thread 1 
OMP: Info #171: KMP_AFFINITY: OS proc 41 maps to socket 1 core 21 thread 0 
OMP: Info #171: KMP_AFFINITY: OS proc 89 maps to socket 1 core 21 thread 1 
OMP: Info #171: KMP_AFFINITY: OS proc 42 maps to socket 1 core 24 thread 0 
OMP: Info #171: KMP_AFFINITY: OS proc 90 maps to socket 1 core 24 thread 1 
OMP: Info #171: KMP_AFFINITY: OS proc 43 maps to socket 1 core 25 thread 0 
OMP: Info #171: KMP_AFFINITY: OS proc 91 maps to socket 1 core 25 thread 1 
OMP: Info #171: KMP_AFFINITY: OS proc 44 maps to socket 1 core 26 thread 0 
OMP: Info #171: KMP_AFFINITY: OS proc 92 maps to socket 1 core 26 thread 1 
OMP: Info #171: KMP_AFFINITY: OS proc 45 maps to socket 1 core 27 thread 0 
OMP: Info #171: KMP_AFFINITY: OS proc 93 maps to socket 1 core 27 thread 1 
OMP: Info #171: KMP_AFFINITY: OS proc 46 maps to socket 1 core 28 thread 0 
OMP: Info #171: KMP_AFFINITY: OS proc 94 maps to socket 1 core 28 thread 1 
OMP: Info #171: KMP_AFFINITY: OS proc 47 maps to socket 1 core 29 thread 0 
OMP: Info #171: KMP_AFFINITY: OS proc 95 maps to socket 1 core 29 thread 1 
OMP: Info #251: KMP_AFFINITY: pid 3728476 tid 3728476 thread 0 bound to OS proc set 0
OMP: Info #251: KMP_AFFINITY: pid 3728476 tid 3728477 thread 1 bound to OS proc set 48
OMP: Info #251: KMP_AFFINITY: pid 3728476 tid 3728478 thread 2 bound to OS proc set 1
OMP: Info #251: KMP_AFFINITY: pid 3728476 tid 3728479 thread 3 bound to OS proc set 49
OMP: Info #251: KMP_AFFINITY: pid 3728476 tid 3728480 thread 4 bound to OS proc set 2
OMP: Info #251: KMP_AFFINITY: pid 3728476 tid 3728481 thread 5 bound to OS proc set 50
OMP: Info #251: KMP_AFFINITY: pid 3728476 tid 3728483 thread 7 bound to OS proc set 51
OMP: Info #251: KMP_AFFINITY: pid 3728476 tid 3728482 thread 6 bound to OS proc set 3
OMP: Info #251: KMP_AFFINITY: pid 3728476 tid 3728484 thread 8 bound to OS proc set 4
OMP: Info #251: KMP_AFFINITY: pid 3728476 tid 3728485 thread 9 bound to OS proc set 52
OMP: Info #251: KMP_AFFINITY: pid 3728476 tid 3728486 thread 10 bound to OS proc set 5
OMP: Info #251: KMP_AFFINITY: pid 3728476 tid 3728487 thread 11 bound to OS proc set 53
OMP: Info #251: KMP_AFFINITY: pid 3728476 tid 3728488 thread 12 bound to OS proc set 6
OMP: Info #251: KMP_AFFINITY: pid 3728476 tid 3728489 thread 13 bound to OS proc set 54
OMP: Info #251: KMP_AFFINITY: pid 3728476 tid 3728490 thread 14 bound to OS proc set 7
OMP: Info #251: KMP_AFFINITY: pid 3728476 tid 3728491 thread 15 bound to OS proc set 55
OMP: Info #251: KMP_AFFINITY: pid 3728476 tid 3728492 thread 16 bound to OS proc set 8
OMP: Info #251: KMP_AFFINITY: pid 3728476 tid 3728493 thread 17 bound to OS proc set 56
OMP: Info #251: KMP_AFFINITY: pid 3728476 tid 3728494 thread 18 bound to OS proc set 9
OMP: Info #251: KMP_AFFINITY: pid 3728476 tid 3728496 thread 20 bound to OS proc set 10
OMP: Info #251: KMP_AFFINITY: pid 3728476 tid 3728495 thread 19 bound to OS proc set 57
OMP: Info #251: KMP_AFFINITY: pid 3728476 tid 3728497 thread 21 bound to OS proc set 58
OMP: Info #251: KMP_AFFINITY: pid 3728476 tid 3728498 thread 22 bound to OS proc set 11
OMP: Info #251: KMP_AFFINITY: pid 3728476 tid 3728499 thread 23 bound to OS proc set 59
OMP: Info #251: KMP_AFFINITY: pid 3728476 tid 3728500 thread 24 bound to OS proc set 12
OMP: Info #251: KMP_AFFINITY: pid 3728476 tid 3728501 thread 25 bound to OS proc set 60
OMP: Info #251: KMP_AFFINITY: pid 3728476 tid 3728502 thread 26 bound to OS proc set 13
OMP: Info #251: KMP_AFFINITY: pid 3728476 tid 3728503 thread 27 bound to OS proc set 61
OMP: Info #251: KMP_AFFINITY: pid 3728476 tid 3728505 thread 29 bound to OS proc set 62
OMP: Info #251: KMP_AFFINITY: pid 3728476 tid 3728504 thread 28 bound to OS proc set 14
OMP: Info #251: KMP_AFFINITY: pid 3728476 tid 3728507 thread 31 bound to OS proc set 63
OMP: Info #251: KMP_AFFINITY: pid 3728476 tid 3728506 thread 30 bound to OS proc set 15


Resolution: 6500
===================
Execution time: 0.193766
Residual: 3.049154

megaflops:  30526.5
  flop instructions (M):  5915.000
Resolutions       : (6500, 7500, ... 6500)
Iterations        : 20
Num. Heat sources : 2
   1: (0.00, 0.00) 1.00 1.00 
   2: (1.00, 1.00) 1.00 0.50 
OMP: Info #154: KMP_AFFINITY: Initial OS proc set respected: 0-95
OMP: Info #213: KMP_AFFINITY: decoding x2APIC ids.
OMP: Info #276: KMP_AFFINITY: Affinity capable, using global cpuid leaf 11 info
OMP: Info #156: KMP_AFFINITY: 96 available OS procs
OMP: Info #157: KMP_AFFINITY: Uniform topology
OMP: Info #191: KMP_AFFINITY: 2 sockets x 24 cores/socket x 2 threads/core (48 total cores)
OMP: Info #215: KMP_AFFINITY: OS proc to physical thread map:
OMP: Info #171: KMP_AFFINITY: OS proc 0 maps to socket 0 core 0 thread 0 
OMP: Info #171: KMP_AFFINITY: OS proc 48 maps to socket 0 core 0 thread 1 
OMP: Info #171: KMP_AFFINITY: OS proc 1 maps to socket 0 core 1 thread 0 
OMP: Info #171: KMP_AFFINITY: OS proc 49 maps to socket 0 core 1 thread 1 
OMP: Info #171: KMP_AFFINITY: OS proc 2 maps to socket 0 core 2 thread 0 
OMP: Info #171: KMP_AFFINITY: OS proc 50 maps to socket 0 core 2 thread 1 
OMP: Info #171: KMP_AFFINITY: OS proc 3 maps to socket 0 core 3 thread 0 
OMP: Info #171: KMP_AFFINITY: OS proc 51 maps to socket 0 core 3 thread 1 
OMP: Info #171: KMP_AFFINITY: OS proc 4 maps to socket 0 core 4 thread 0 
OMP: Info #171: KMP_AFFINITY: OS proc 52 maps to socket 0 core 4 thread 1 
OMP: Info #171: KMP_AFFINITY: OS proc 5 maps to socket 0 core 5 thread 0 
OMP: Info #171: KMP_AFFINITY: OS proc 53 maps to socket 0 core 5 thread 1 
OMP: Info #171: KMP_AFFINITY: OS proc 6 maps to socket 0 core 8 thread 0 
OMP: Info #171: KMP_AFFINITY: OS proc 54 maps to socket 0 core 8 thread 1 
OMP: Info #171: KMP_AFFINITY: OS proc 7 maps to socket 0 core 9 thread 0 
OMP: Info #171: KMP_AFFINITY: OS proc 55 maps to socket 0 core 9 thread 1 
OMP: Info #171: KMP_AFFINITY: OS proc 8 maps to socket 0 core 10 thread 0 
OMP: Info #171: KMP_AFFINITY: OS proc 56 maps to socket 0 core 10 thread 1 
OMP: Info #171: KMP_AFFINITY: OS proc 9 maps to socket 0 core 11 thread 0 
OMP: Info #171: KMP_AFFINITY: OS proc 57 maps to socket 0 core 11 thread 1 
OMP: Info #171: KMP_AFFINITY: OS proc 10 maps to socket 0 core 12 thread 0 
OMP: Info #171: KMP_AFFINITY: OS proc 58 maps to socket 0 core 12 thread 1 
OMP: Info #171: KMP_AFFINITY: OS proc 11 maps to socket 0 core 13 thread 0 
OMP: Info #171: KMP_AFFINITY: OS proc 59 maps to socket 0 core 13 thread 1 
OMP: Info #171: KMP_AFFINITY: OS proc 12 maps to socket 0 core 16 thread 0 
OMP: Info #171: KMP_AFFINITY: OS proc 60 maps to socket 0 core 16 thread 1 
OMP: Info #171: KMP_AFFINITY: OS proc 13 maps to socket 0 core 17 thread 0 
OMP: Info #171: KMP_AFFINITY: OS proc 61 maps to socket 0 core 17 thread 1 
OMP: Info #171: KMP_AFFINITY: OS proc 14 maps to socket 0 core 18 thread 0 
OMP: Info #171: KMP_AFFINITY: OS proc 62 maps to socket 0 core 18 thread 1 
OMP: Info #171: KMP_AFFINITY: OS proc 15 maps to socket 0 core 19 thread 0 
OMP: Info #171: KMP_AFFINITY: OS proc 63 maps to socket 0 core 19 thread 1 
OMP: Info #171: KMP_AFFINITY: OS proc 16 maps to socket 0 core 20 thread 0 
OMP: Info #171: KMP_AFFINITY: OS proc 64 maps to socket 0 core 20 thread 1 
OMP: Info #171: KMP_AFFINITY: OS proc 17 maps to socket 0 core 21 thread 0 
OMP: Info #171: KMP_AFFINITY: OS proc 65 maps to socket 0 core 21 thread 1 
OMP: Info #171: KMP_AFFINITY: OS proc 18 maps to socket 0 core 24 thread 0 
OMP: Info #171: KMP_AFFINITY: OS proc 66 maps to socket 0 core 24 thread 1 
OMP: Info #171: KMP_AFFINITY: OS proc 19 maps to socket 0 core 25 thread 0 
OMP: Info #171: KMP_AFFINITY: OS proc 67 maps to socket 0 core 25 thread 1 
OMP: Info #171: KMP_AFFINITY: OS proc 20 maps to socket 0 core 26 thread 0 
OMP: Info #171: KMP_AFFINITY: OS proc 68 maps to socket 0 core 26 thread 1 
OMP: Info #171: KMP_AFFINITY: OS proc 21 maps to socket 0 core 27 thread 0 
OMP: Info #171: KMP_AFFINITY: OS proc 69 maps to socket 0 core 27 thread 1 
OMP: Info #171: KMP_AFFINITY: OS proc 22 maps to socket 0 core 28 thread 0 
OMP: Info #171: KMP_AFFINITY: OS proc 70 maps to socket 0 core 28 thread 1 
OMP: Info #171: KMP_AFFINITY: OS proc 23 maps to socket 0 core 29 thread 0 
OMP: Info #171: KMP_AFFINITY: OS proc 71 maps to socket 0 core 29 thread 1 
OMP: Info #171: KMP_AFFINITY: OS proc 24 maps to socket 1 core 0 thread 0 
OMP: Info #171: KMP_AFFINITY: OS proc 72 maps to socket 1 core 0 thread 1 
OMP: Info #171: KMP_AFFINITY: OS proc 25 maps to socket 1 core 1 thread 0 
OMP: Info #171: KMP_AFFINITY: OS proc 73 maps to socket 1 core 1 thread 1 
OMP: Info #171: KMP_AFFINITY: OS proc 26 maps to socket 1 core 2 thread 0 
OMP: Info #171: KMP_AFFINITY: OS proc 74 maps to socket 1 core 2 thread 1 
OMP: Info #171: KMP_AFFINITY: OS proc 27 maps to socket 1 core 3 thread 0 
OMP: Info #171: KMP_AFFINITY: OS proc 75 maps to socket 1 core 3 thread 1 
OMP: Info #171: KMP_AFFINITY: OS proc 28 maps to socket 1 core 4 thread 0 
OMP: Info #171: KMP_AFFINITY: OS proc 76 maps to socket 1 core 4 thread 1 
OMP: Info #171: KMP_AFFINITY: OS proc 29 maps to socket 1 core 5 thread 0 
OMP: Info #171: KMP_AFFINITY: OS proc 77 maps to socket 1 core 5 thread 1 
OMP: Info #171: KMP_AFFINITY: OS proc 30 maps to socket 1 core 8 thread 0 
OMP: Info #171: KMP_AFFINITY: OS proc 78 maps to socket 1 core 8 thread 1 
OMP: Info #171: KMP_AFFINITY: OS proc 31 maps to socket 1 core 9 thread 0 
OMP: Info #171: KMP_AFFINITY: OS proc 79 maps to socket 1 core 9 thread 1 
OMP: Info #171: KMP_AFFINITY: OS proc 32 maps to socket 1 core 10 thread 0 
OMP: Info #171: KMP_AFFINITY: OS proc 80 maps to socket 1 core 10 thread 1 
OMP: Info #171: KMP_AFFINITY: OS proc 33 maps to socket 1 core 11 thread 0 
OMP: Info #171: KMP_AFFINITY: OS proc 81 maps to socket 1 core 11 thread 1 
OMP: Info #171: KMP_AFFINITY: OS proc 34 maps to socket 1 core 12 thread 0 
OMP: Info #171: KMP_AFFINITY: OS proc 82 maps to socket 1 core 12 thread 1 
OMP: Info #171: KMP_AFFINITY: OS proc 35 maps to socket 1 core 13 thread 0 
OMP: Info #171: KMP_AFFINITY: OS proc 83 maps to socket 1 core 13 thread 1 
OMP: Info #171: KMP_AFFINITY: OS proc 36 maps to socket 1 core 16 thread 0 
OMP: Info #171: KMP_AFFINITY: OS proc 84 maps to socket 1 core 16 thread 1 
OMP: Info #171: KMP_AFFINITY: OS proc 37 maps to socket 1 core 17 thread 0 
OMP: Info #171: KMP_AFFINITY: OS proc 85 maps to socket 1 core 17 thread 1 
OMP: Info #171: KMP_AFFINITY: OS proc 38 maps to socket 1 core 18 thread 0 
OMP: Info #171: KMP_AFFINITY: OS proc 86 maps to socket 1 core 18 thread 1 
OMP: Info #171: KMP_AFFINITY: OS proc 39 maps to socket 1 core 19 thread 0 
OMP: Info #171: KMP_AFFINITY: OS proc 87 maps to socket 1 core 19 thread 1 
OMP: Info #171: KMP_AFFINITY: OS proc 40 maps to socket 1 core 20 thread 0 
OMP: Info #171: KMP_AFFINITY: OS proc 88 maps to socket 1 core 20 thread 1 
OMP: Info #171: KMP_AFFINITY: OS proc 41 maps to socket 1 core 21 thread 0 
OMP: Info #171: KMP_AFFINITY: OS proc 89 maps to socket 1 core 21 thread 1 
OMP: Info #171: KMP_AFFINITY: OS proc 42 maps to socket 1 core 24 thread 0 
OMP: Info #171: KMP_AFFINITY: OS proc 90 maps to socket 1 core 24 thread 1 
OMP: Info #171: KMP_AFFINITY: OS proc 43 maps to socket 1 core 25 thread 0 
OMP: Info #171: KMP_AFFINITY: OS proc 91 maps to socket 1 core 25 thread 1 
OMP: Info #171: KMP_AFFINITY: OS proc 44 maps to socket 1 core 26 thread 0 
OMP: Info #171: KMP_AFFINITY: OS proc 92 maps to socket 1 core 26 thread 1 
OMP: Info #171: KMP_AFFINITY: OS proc 45 maps to socket 1 core 27 thread 0 
OMP: Info #171: KMP_AFFINITY: OS proc 93 maps to socket 1 core 27 thread 1 
OMP: Info #171: KMP_AFFINITY: OS proc 46 maps to socket 1 core 28 thread 0 
OMP: Info #171: KMP_AFFINITY: OS proc 94 maps to socket 1 core 28 thread 1 
OMP: Info #171: KMP_AFFINITY: OS proc 47 maps to socket 1 core 29 thread 0 
OMP: Info #171: KMP_AFFINITY: OS proc 95 maps to socket 1 core 29 thread 1 
OMP: Info #251: KMP_AFFINITY: pid 3728508 tid 3728508 thread 0 bound to OS proc set 0
OMP: Info #251: KMP_AFFINITY: pid 3728508 tid 3728509 thread 1 bound to OS proc set 48
OMP: Info #251: KMP_AFFINITY: pid 3728508 tid 3728510 thread 2 bound to OS proc set 1
OMP: Info #251: KMP_AFFINITY: pid 3728508 tid 3728511 thread 3 bound to OS proc set 49
OMP: Info #251: KMP_AFFINITY: pid 3728508 tid 3728512 thread 4 bound to OS proc set 2
OMP: Info #251: KMP_AFFINITY: pid 3728508 tid 3728513 thread 5 bound to OS proc set 50
OMP: Info #251: KMP_AFFINITY: pid 3728508 tid 3728514 thread 6 bound to OS proc set 3
OMP: Info #251: KMP_AFFINITY: pid 3728508 tid 3728515 thread 7 bound to OS proc set 51
OMP: Info #251: KMP_AFFINITY: pid 3728508 tid 3728516 thread 8 bound to OS proc set 4
OMP: Info #251: KMP_AFFINITY: pid 3728508 tid 3728517 thread 9 bound to OS proc set 52
OMP: Info #251: KMP_AFFINITY: pid 3728508 tid 3728518 thread 10 bound to OS proc set 5
OMP: Info #251: KMP_AFFINITY: pid 3728508 tid 3728520 thread 12 bound to OS proc set 6
OMP: Info #251: KMP_AFFINITY: pid 3728508 tid 3728519 thread 11 bound to OS proc set 53
OMP: Info #251: KMP_AFFINITY: pid 3728508 tid 3728521 thread 13 bound to OS proc set 54
OMP: Info #251: KMP_AFFINITY: pid 3728508 tid 3728522 thread 14 bound to OS proc set 7
OMP: Info #251: KMP_AFFINITY: pid 3728508 tid 3728523 thread 15 bound to OS proc set 55
OMP: Info #251: KMP_AFFINITY: pid 3728508 tid 3728524 thread 16 bound to OS proc set 8
OMP: Info #251: KMP_AFFINITY: pid 3728508 tid 3728525 thread 17 bound to OS proc set 56
OMP: Info #251: KMP_AFFINITY: pid 3728508 tid 3728526 thread 18 bound to OS proc set 9
OMP: Info #251: KMP_AFFINITY: pid 3728508 tid 3728528 thread 20 bound to OS proc set 10
OMP: Info #251: KMP_AFFINITY: pid 3728508 tid 3728527 thread 19 bound to OS proc set 57
OMP: Info #251: KMP_AFFINITY: pid 3728508 tid 3728529 thread 21 bound to OS proc set 58
OMP: Info #251: KMP_AFFINITY: pid 3728508 tid 3728530 thread 22 bound to OS proc set 11
OMP: Info #251: KMP_AFFINITY: pid 3728508 tid 3728531 thread 23 bound to OS proc set 59
OMP: Info #251: KMP_AFFINITY: pid 3728508 tid 3728532 thread 24 bound to OS proc set 12
OMP: Info #251: KMP_AFFINITY: pid 3728508 tid 3728533 thread 25 bound to OS proc set 60
OMP: Info #251: KMP_AFFINITY: pid 3728508 tid 3728534 thread 26 bound to OS proc set 13
OMP: Info #251: KMP_AFFINITY: pid 3728508 tid 3728535 thread 27 bound to OS proc set 61
OMP: Info #251: KMP_AFFINITY: pid 3728508 tid 3728537 thread 29 bound to OS proc set 62
OMP: Info #251: KMP_AFFINITY: pid 3728508 tid 3728536 thread 28 bound to OS proc set 14
OMP: Info #251: KMP_AFFINITY: pid 3728508 tid 3728538 thread 30 bound to OS proc set 15
OMP: Info #251: KMP_AFFINITY: pid 3728508 tid 3728539 thread 31 bound to OS proc set 63
OMP: Info #251: KMP_AFFINITY: pid 3728508 tid 3728540 thread 32 bound to OS proc set 16
OMP: Info #251: KMP_AFFINITY: pid 3728508 tid 3728541 thread 33 bound to OS proc set 64
OMP: Info #251: KMP_AFFINITY: pid 3728508 tid 3728543 thread 35 bound to OS proc set 65
OMP: Info #251: KMP_AFFINITY: pid 3728508 tid 3728542 thread 34 bound to OS proc set 17
OMP: Info #251: KMP_AFFINITY: pid 3728508 tid 3728544 thread 36 bound to OS proc set 18
OMP: Info #251: KMP_AFFINITY: pid 3728508 tid 3728545 thread 37 bound to OS proc set 66
OMP: Info #251: KMP_AFFINITY: pid 3728508 tid 3728546 thread 38 bound to OS proc set 19
OMP: Info #251: KMP_AFFINITY: pid 3728508 tid 3728547 thread 39 bound to OS proc set 67
OMP: Info #251: KMP_AFFINITY: pid 3728508 tid 3728548 thread 40 bound to OS proc set 20
OMP: Info #251: KMP_AFFINITY: pid 3728508 tid 3728549 thread 41 bound to OS proc set 68
OMP: Info #251: KMP_AFFINITY: pid 3728508 tid 3728551 thread 43 bound to OS proc set 69
OMP: Info #251: KMP_AFFINITY: pid 3728508 tid 3728550 thread 42 bound to OS proc set 21
OMP: Info #251: KMP_AFFINITY: pid 3728508 tid 3728552 thread 44 bound to OS proc set 22
OMP: Info #251: KMP_AFFINITY: pid 3728508 tid 3728553 thread 45 bound to OS proc set 70
OMP: Info #251: KMP_AFFINITY: pid 3728508 tid 3728554 thread 46 bound to OS proc set 23
OMP: Info #251: KMP_AFFINITY: pid 3728508 tid 3728555 thread 47 bound to OS proc set 71


Resolution: 6500
===================
Execution time: 0.209339
Residual: 3.049154

megaflops:  28255.6
  flop instructions (M):  5915.000
