Resolutions       : (6500, 7500, ... 6500)
Iterations        : 20
Num. Heat sources : 2
   1: (0.00, 0.00) 1.00 1.00 
   2: (1.00, 1.00) 1.00 0.50 
OMP: Info #154: KMP_AFFINITY: Initial OS proc set respected: 0-95
OMP: Info #213: KMP_AFFINITY: decoding x2APIC ids.
OMP: Info #276: KMP_AFFINITY: Affinity capable, using global cpuid leaf 11 info
OMP: Info #156: KMP_AFFINITY: 96 available OS procs
OMP: Info #157: KMP_AFFINITY: Uniform topology
OMP: Info #191: KMP_AFFINITY: 2 sockets x 24 cores/socket x 2 threads/core (48 total cores)
OMP: Info #215: KMP_AFFINITY: OS proc to physical thread map:
OMP: Info #171: KMP_AFFINITY: OS proc 0 maps to socket 0 core 0 thread 0 
OMP: Info #171: KMP_AFFINITY: OS proc 48 maps to socket 0 core 0 thread 1 
OMP: Info #171: KMP_AFFINITY: OS proc 1 maps to socket 0 core 1 thread 0 
OMP: Info #171: KMP_AFFINITY: OS proc 49 maps to socket 0 core 1 thread 1 
OMP: Info #171: KMP_AFFINITY: OS proc 2 maps to socket 0 core 2 thread 0 
OMP: Info #171: KMP_AFFINITY: OS proc 50 maps to socket 0 core 2 thread 1 
OMP: Info #171: KMP_AFFINITY: OS proc 3 maps to socket 0 core 3 thread 0 
OMP: Info #171: KMP_AFFINITY: OS proc 51 maps to socket 0 core 3 thread 1 
OMP: Info #171: KMP_AFFINITY: OS proc 4 maps to socket 0 core 4 thread 0 
OMP: Info #171: KMP_AFFINITY: OS proc 52 maps to socket 0 core 4 thread 1 
OMP: Info #171: KMP_AFFINITY: OS proc 5 maps to socket 0 core 5 thread 0 
OMP: Info #171: KMP_AFFINITY: OS proc 53 maps to socket 0 core 5 thread 1 
OMP: Info #171: KMP_AFFINITY: OS proc 6 maps to socket 0 core 8 thread 0 
OMP: Info #171: KMP_AFFINITY: OS proc 54 maps to socket 0 core 8 thread 1 
OMP: Info #171: KMP_AFFINITY: OS proc 7 maps to socket 0 core 9 thread 0 
OMP: Info #171: KMP_AFFINITY: OS proc 55 maps to socket 0 core 9 thread 1 
OMP: Info #171: KMP_AFFINITY: OS proc 8 maps to socket 0 core 10 thread 0 
OMP: Info #171: KMP_AFFINITY: OS proc 56 maps to socket 0 core 10 thread 1 
OMP: Info #171: KMP_AFFINITY: OS proc 9 maps to socket 0 core 11 thread 0 
OMP: Info #171: KMP_AFFINITY: OS proc 57 maps to socket 0 core 11 thread 1 
OMP: Info #171: KMP_AFFINITY: OS proc 10 maps to socket 0 core 12 thread 0 
OMP: Info #171: KMP_AFFINITY: OS proc 58 maps to socket 0 core 12 thread 1 
OMP: Info #171: KMP_AFFINITY: OS proc 11 maps to socket 0 core 13 thread 0 
OMP: Info #171: KMP_AFFINITY: OS proc 59 maps to socket 0 core 13 thread 1 
OMP: Info #171: KMP_AFFINITY: OS proc 12 maps to socket 0 core 16 thread 0 
OMP: Info #171: KMP_AFFINITY: OS proc 60 maps to socket 0 core 16 thread 1 
OMP: Info #171: KMP_AFFINITY: OS proc 13 maps to socket 0 core 17 thread 0 
OMP: Info #171: KMP_AFFINITY: OS proc 61 maps to socket 0 core 17 thread 1 
OMP: Info #171: KMP_AFFINITY: OS proc 14 maps to socket 0 core 18 thread 0 
OMP: Info #171: KMP_AFFINITY: OS proc 62 maps to socket 0 core 18 thread 1 
OMP: Info #171: KMP_AFFINITY: OS proc 15 maps to socket 0 core 19 thread 0 
OMP: Info #171: KMP_AFFINITY: OS proc 63 maps to socket 0 core 19 thread 1 
OMP: Info #171: KMP_AFFINITY: OS proc 16 maps to socket 0 core 20 thread 0 
OMP: Info #171: KMP_AFFINITY: OS proc 64 maps to socket 0 core 20 thread 1 
OMP: Info #171: KMP_AFFINITY: OS proc 17 maps to socket 0 core 21 thread 0 
OMP: Info #171: KMP_AFFINITY: OS proc 65 maps to socket 0 core 21 thread 1 
OMP: Info #171: KMP_AFFINITY: OS proc 18 maps to socket 0 core 24 thread 0 
OMP: Info #171: KMP_AFFINITY: OS proc 66 maps to socket 0 core 24 thread 1 
OMP: Info #171: KMP_AFFINITY: OS proc 19 maps to socket 0 core 25 thread 0 
OMP: Info #171: KMP_AFFINITY: OS proc 67 maps to socket 0 core 25 thread 1 
OMP: Info #171: KMP_AFFINITY: OS proc 20 maps to socket 0 core 26 thread 0 
OMP: Info #171: KMP_AFFINITY: OS proc 68 maps to socket 0 core 26 thread 1 
OMP: Info #171: KMP_AFFINITY: OS proc 21 maps to socket 0 core 27 thread 0 
OMP: Info #171: KMP_AFFINITY: OS proc 69 maps to socket 0 core 27 thread 1 
OMP: Info #171: KMP_AFFINITY: OS proc 22 maps to socket 0 core 28 thread 0 
OMP: Info #171: KMP_AFFINITY: OS proc 70 maps to socket 0 core 28 thread 1 
OMP: Info #171: KMP_AFFINITY: OS proc 23 maps to socket 0 core 29 thread 0 
OMP: Info #171: KMP_AFFINITY: OS proc 71 maps to socket 0 core 29 thread 1 
OMP: Info #171: KMP_AFFINITY: OS proc 24 maps to socket 1 core 0 thread 0 
OMP: Info #171: KMP_AFFINITY: OS proc 72 maps to socket 1 core 0 thread 1 
OMP: Info #171: KMP_AFFINITY: OS proc 25 maps to socket 1 core 1 thread 0 
OMP: Info #171: KMP_AFFINITY: OS proc 73 maps to socket 1 core 1 thread 1 
OMP: Info #171: KMP_AFFINITY: OS proc 26 maps to socket 1 core 2 thread 0 
OMP: Info #171: KMP_AFFINITY: OS proc 74 maps to socket 1 core 2 thread 1 
OMP: Info #171: KMP_AFFINITY: OS proc 27 maps to socket 1 core 3 thread 0 
OMP: Info #171: KMP_AFFINITY: OS proc 75 maps to socket 1 core 3 thread 1 
OMP: Info #171: KMP_AFFINITY: OS proc 28 maps to socket 1 core 4 thread 0 
OMP: Info #171: KMP_AFFINITY: OS proc 76 maps to socket 1 core 4 thread 1 
OMP: Info #171: KMP_AFFINITY: OS proc 29 maps to socket 1 core 5 thread 0 
OMP: Info #171: KMP_AFFINITY: OS proc 77 maps to socket 1 core 5 thread 1 
OMP: Info #171: KMP_AFFINITY: OS proc 30 maps to socket 1 core 8 thread 0 
OMP: Info #171: KMP_AFFINITY: OS proc 78 maps to socket 1 core 8 thread 1 
OMP: Info #171: KMP_AFFINITY: OS proc 31 maps to socket 1 core 9 thread 0 
OMP: Info #171: KMP_AFFINITY: OS proc 79 maps to socket 1 core 9 thread 1 
OMP: Info #171: KMP_AFFINITY: OS proc 32 maps to socket 1 core 10 thread 0 
OMP: Info #171: KMP_AFFINITY: OS proc 80 maps to socket 1 core 10 thread 1 
OMP: Info #171: KMP_AFFINITY: OS proc 33 maps to socket 1 core 11 thread 0 
OMP: Info #171: KMP_AFFINITY: OS proc 81 maps to socket 1 core 11 thread 1 
OMP: Info #171: KMP_AFFINITY: OS proc 34 maps to socket 1 core 12 thread 0 
OMP: Info #171: KMP_AFFINITY: OS proc 82 maps to socket 1 core 12 thread 1 
OMP: Info #171: KMP_AFFINITY: OS proc 35 maps to socket 1 core 13 thread 0 
OMP: Info #171: KMP_AFFINITY: OS proc 83 maps to socket 1 core 13 thread 1 
OMP: Info #171: KMP_AFFINITY: OS proc 36 maps to socket 1 core 16 thread 0 
OMP: Info #171: KMP_AFFINITY: OS proc 84 maps to socket 1 core 16 thread 1 
OMP: Info #171: KMP_AFFINITY: OS proc 37 maps to socket 1 core 17 thread 0 
OMP: Info #171: KMP_AFFINITY: OS proc 85 maps to socket 1 core 17 thread 1 
OMP: Info #171: KMP_AFFINITY: OS proc 38 maps to socket 1 core 18 thread 0 
OMP: Info #171: KMP_AFFINITY: OS proc 86 maps to socket 1 core 18 thread 1 
OMP: Info #171: KMP_AFFINITY: OS proc 39 maps to socket 1 core 19 thread 0 
OMP: Info #171: KMP_AFFINITY: OS proc 87 maps to socket 1 core 19 thread 1 
OMP: Info #171: KMP_AFFINITY: OS proc 40 maps to socket 1 core 20 thread 0 
OMP: Info #171: KMP_AFFINITY: OS proc 88 maps to socket 1 core 20 thread 1 
OMP: Info #171: KMP_AFFINITY: OS proc 41 maps to socket 1 core 21 thread 0 
OMP: Info #171: KMP_AFFINITY: OS proc 89 maps to socket 1 core 21 thread 1 
OMP: Info #171: KMP_AFFINITY: OS proc 42 maps to socket 1 core 24 thread 0 
OMP: Info #171: KMP_AFFINITY: OS proc 90 maps to socket 1 core 24 thread 1 
OMP: Info #171: KMP_AFFINITY: OS proc 43 maps to socket 1 core 25 thread 0 
OMP: Info #171: KMP_AFFINITY: OS proc 91 maps to socket 1 core 25 thread 1 
OMP: Info #171: KMP_AFFINITY: OS proc 44 maps to socket 1 core 26 thread 0 
OMP: Info #171: KMP_AFFINITY: OS proc 92 maps to socket 1 core 26 thread 1 
OMP: Info #171: KMP_AFFINITY: OS proc 45 maps to socket 1 core 27 thread 0 
OMP: Info #171: KMP_AFFINITY: OS proc 93 maps to socket 1 core 27 thread 1 
OMP: Info #171: KMP_AFFINITY: OS proc 46 maps to socket 1 core 28 thread 0 
OMP: Info #171: KMP_AFFINITY: OS proc 94 maps to socket 1 core 28 thread 1 
OMP: Info #171: KMP_AFFINITY: OS proc 47 maps to socket 1 core 29 thread 0 
OMP: Info #171: KMP_AFFINITY: OS proc 95 maps to socket 1 core 29 thread 1 
OMP: Info #144: KMP_AFFINITY: Threads may migrate across 1 innermost levels of machine
OMP: Info #251: KMP_AFFINITY: pid 3999564 tid 3999564 thread 0 bound to OS proc set 0,48


Resolution: 6500
===================
Execution time: 1.175969
Residual: 3.049154

megaflops:  5029.9
  flop instructions (M):  5915.000
Resolutions       : (6500, 7500, ... 6500)
Iterations        : 20
Num. Heat sources : 2
   1: (0.00, 0.00) 1.00 1.00 
   2: (1.00, 1.00) 1.00 0.50 
OMP: Info #154: KMP_AFFINITY: Initial OS proc set respected: 0-95
OMP: Info #213: KMP_AFFINITY: decoding x2APIC ids.
OMP: Info #276: KMP_AFFINITY: Affinity capable, using global cpuid leaf 11 info
OMP: Info #156: KMP_AFFINITY: 96 available OS procs
OMP: Info #157: KMP_AFFINITY: Uniform topology
OMP: Info #191: KMP_AFFINITY: 2 sockets x 24 cores/socket x 2 threads/core (48 total cores)
OMP: Info #215: KMP_AFFINITY: OS proc to physical thread map:
OMP: Info #171: KMP_AFFINITY: OS proc 0 maps to socket 0 core 0 thread 0 
OMP: Info #171: KMP_AFFINITY: OS proc 48 maps to socket 0 core 0 thread 1 
OMP: Info #171: KMP_AFFINITY: OS proc 1 maps to socket 0 core 1 thread 0 
OMP: Info #171: KMP_AFFINITY: OS proc 49 maps to socket 0 core 1 thread 1 
OMP: Info #171: KMP_AFFINITY: OS proc 2 maps to socket 0 core 2 thread 0 
OMP: Info #171: KMP_AFFINITY: OS proc 50 maps to socket 0 core 2 thread 1 
OMP: Info #171: KMP_AFFINITY: OS proc 3 maps to socket 0 core 3 thread 0 
OMP: Info #171: KMP_AFFINITY: OS proc 51 maps to socket 0 core 3 thread 1 
OMP: Info #171: KMP_AFFINITY: OS proc 4 maps to socket 0 core 4 thread 0 
OMP: Info #171: KMP_AFFINITY: OS proc 52 maps to socket 0 core 4 thread 1 
OMP: Info #171: KMP_AFFINITY: OS proc 5 maps to socket 0 core 5 thread 0 
OMP: Info #171: KMP_AFFINITY: OS proc 53 maps to socket 0 core 5 thread 1 
OMP: Info #171: KMP_AFFINITY: OS proc 6 maps to socket 0 core 8 thread 0 
OMP: Info #171: KMP_AFFINITY: OS proc 54 maps to socket 0 core 8 thread 1 
OMP: Info #171: KMP_AFFINITY: OS proc 7 maps to socket 0 core 9 thread 0 
OMP: Info #171: KMP_AFFINITY: OS proc 55 maps to socket 0 core 9 thread 1 
OMP: Info #171: KMP_AFFINITY: OS proc 8 maps to socket 0 core 10 thread 0 
OMP: Info #171: KMP_AFFINITY: OS proc 56 maps to socket 0 core 10 thread 1 
OMP: Info #171: KMP_AFFINITY: OS proc 9 maps to socket 0 core 11 thread 0 
OMP: Info #171: KMP_AFFINITY: OS proc 57 maps to socket 0 core 11 thread 1 
OMP: Info #171: KMP_AFFINITY: OS proc 10 maps to socket 0 core 12 thread 0 
OMP: Info #171: KMP_AFFINITY: OS proc 58 maps to socket 0 core 12 thread 1 
OMP: Info #171: KMP_AFFINITY: OS proc 11 maps to socket 0 core 13 thread 0 
OMP: Info #171: KMP_AFFINITY: OS proc 59 maps to socket 0 core 13 thread 1 
OMP: Info #171: KMP_AFFINITY: OS proc 12 maps to socket 0 core 16 thread 0 
OMP: Info #171: KMP_AFFINITY: OS proc 60 maps to socket 0 core 16 thread 1 
OMP: Info #171: KMP_AFFINITY: OS proc 13 maps to socket 0 core 17 thread 0 
OMP: Info #171: KMP_AFFINITY: OS proc 61 maps to socket 0 core 17 thread 1 
OMP: Info #171: KMP_AFFINITY: OS proc 14 maps to socket 0 core 18 thread 0 
OMP: Info #171: KMP_AFFINITY: OS proc 62 maps to socket 0 core 18 thread 1 
OMP: Info #171: KMP_AFFINITY: OS proc 15 maps to socket 0 core 19 thread 0 
OMP: Info #171: KMP_AFFINITY: OS proc 63 maps to socket 0 core 19 thread 1 
OMP: Info #171: KMP_AFFINITY: OS proc 16 maps to socket 0 core 20 thread 0 
OMP: Info #171: KMP_AFFINITY: OS proc 64 maps to socket 0 core 20 thread 1 
OMP: Info #171: KMP_AFFINITY: OS proc 17 maps to socket 0 core 21 thread 0 
OMP: Info #171: KMP_AFFINITY: OS proc 65 maps to socket 0 core 21 thread 1 
OMP: Info #171: KMP_AFFINITY: OS proc 18 maps to socket 0 core 24 thread 0 
OMP: Info #171: KMP_AFFINITY: OS proc 66 maps to socket 0 core 24 thread 1 
OMP: Info #171: KMP_AFFINITY: OS proc 19 maps to socket 0 core 25 thread 0 
OMP: Info #171: KMP_AFFINITY: OS proc 67 maps to socket 0 core 25 thread 1 
OMP: Info #171: KMP_AFFINITY: OS proc 20 maps to socket 0 core 26 thread 0 
OMP: Info #171: KMP_AFFINITY: OS proc 68 maps to socket 0 core 26 thread 1 
OMP: Info #171: KMP_AFFINITY: OS proc 21 maps to socket 0 core 27 thread 0 
OMP: Info #171: KMP_AFFINITY: OS proc 69 maps to socket 0 core 27 thread 1 
OMP: Info #171: KMP_AFFINITY: OS proc 22 maps to socket 0 core 28 thread 0 
OMP: Info #171: KMP_AFFINITY: OS proc 70 maps to socket 0 core 28 thread 1 
OMP: Info #171: KMP_AFFINITY: OS proc 23 maps to socket 0 core 29 thread 0 
OMP: Info #171: KMP_AFFINITY: OS proc 71 maps to socket 0 core 29 thread 1 
OMP: Info #171: KMP_AFFINITY: OS proc 24 maps to socket 1 core 0 thread 0 
OMP: Info #171: KMP_AFFINITY: OS proc 72 maps to socket 1 core 0 thread 1 
OMP: Info #171: KMP_AFFINITY: OS proc 25 maps to socket 1 core 1 thread 0 
OMP: Info #171: KMP_AFFINITY: OS proc 73 maps to socket 1 core 1 thread 1 
OMP: Info #171: KMP_AFFINITY: OS proc 26 maps to socket 1 core 2 thread 0 
OMP: Info #171: KMP_AFFINITY: OS proc 74 maps to socket 1 core 2 thread 1 
OMP: Info #171: KMP_AFFINITY: OS proc 27 maps to socket 1 core 3 thread 0 
OMP: Info #171: KMP_AFFINITY: OS proc 75 maps to socket 1 core 3 thread 1 
OMP: Info #171: KMP_AFFINITY: OS proc 28 maps to socket 1 core 4 thread 0 
OMP: Info #171: KMP_AFFINITY: OS proc 76 maps to socket 1 core 4 thread 1 
OMP: Info #171: KMP_AFFINITY: OS proc 29 maps to socket 1 core 5 thread 0 
OMP: Info #171: KMP_AFFINITY: OS proc 77 maps to socket 1 core 5 thread 1 
OMP: Info #171: KMP_AFFINITY: OS proc 30 maps to socket 1 core 8 thread 0 
OMP: Info #171: KMP_AFFINITY: OS proc 78 maps to socket 1 core 8 thread 1 
OMP: Info #171: KMP_AFFINITY: OS proc 31 maps to socket 1 core 9 thread 0 
OMP: Info #171: KMP_AFFINITY: OS proc 79 maps to socket 1 core 9 thread 1 
OMP: Info #171: KMP_AFFINITY: OS proc 32 maps to socket 1 core 10 thread 0 
OMP: Info #171: KMP_AFFINITY: OS proc 80 maps to socket 1 core 10 thread 1 
OMP: Info #171: KMP_AFFINITY: OS proc 33 maps to socket 1 core 11 thread 0 
OMP: Info #171: KMP_AFFINITY: OS proc 81 maps to socket 1 core 11 thread 1 
OMP: Info #171: KMP_AFFINITY: OS proc 34 maps to socket 1 core 12 thread 0 
OMP: Info #171: KMP_AFFINITY: OS proc 82 maps to socket 1 core 12 thread 1 
OMP: Info #171: KMP_AFFINITY: OS proc 35 maps to socket 1 core 13 thread 0 
OMP: Info #171: KMP_AFFINITY: OS proc 83 maps to socket 1 core 13 thread 1 
OMP: Info #171: KMP_AFFINITY: OS proc 36 maps to socket 1 core 16 thread 0 
OMP: Info #171: KMP_AFFINITY: OS proc 84 maps to socket 1 core 16 thread 1 
OMP: Info #171: KMP_AFFINITY: OS proc 37 maps to socket 1 core 17 thread 0 
OMP: Info #171: KMP_AFFINITY: OS proc 85 maps to socket 1 core 17 thread 1 
OMP: Info #171: KMP_AFFINITY: OS proc 38 maps to socket 1 core 18 thread 0 
OMP: Info #171: KMP_AFFINITY: OS proc 86 maps to socket 1 core 18 thread 1 
OMP: Info #171: KMP_AFFINITY: OS proc 39 maps to socket 1 core 19 thread 0 
OMP: Info #171: KMP_AFFINITY: OS proc 87 maps to socket 1 core 19 thread 1 
OMP: Info #171: KMP_AFFINITY: OS proc 40 maps to socket 1 core 20 thread 0 
OMP: Info #171: KMP_AFFINITY: OS proc 88 maps to socket 1 core 20 thread 1 
OMP: Info #171: KMP_AFFINITY: OS proc 41 maps to socket 1 core 21 thread 0 
OMP: Info #171: KMP_AFFINITY: OS proc 89 maps to socket 1 core 21 thread 1 
OMP: Info #171: KMP_AFFINITY: OS proc 42 maps to socket 1 core 24 thread 0 
OMP: Info #171: KMP_AFFINITY: OS proc 90 maps to socket 1 core 24 thread 1 
OMP: Info #171: KMP_AFFINITY: OS proc 43 maps to socket 1 core 25 thread 0 
OMP: Info #171: KMP_AFFINITY: OS proc 91 maps to socket 1 core 25 thread 1 
OMP: Info #171: KMP_AFFINITY: OS proc 44 maps to socket 1 core 26 thread 0 
OMP: Info #171: KMP_AFFINITY: OS proc 92 maps to socket 1 core 26 thread 1 
OMP: Info #171: KMP_AFFINITY: OS proc 45 maps to socket 1 core 27 thread 0 
OMP: Info #171: KMP_AFFINITY: OS proc 93 maps to socket 1 core 27 thread 1 
OMP: Info #171: KMP_AFFINITY: OS proc 46 maps to socket 1 core 28 thread 0 
OMP: Info #171: KMP_AFFINITY: OS proc 94 maps to socket 1 core 28 thread 1 
OMP: Info #171: KMP_AFFINITY: OS proc 47 maps to socket 1 core 29 thread 0 
OMP: Info #171: KMP_AFFINITY: OS proc 95 maps to socket 1 core 29 thread 1 
OMP: Info #144: KMP_AFFINITY: Threads may migrate across 1 innermost levels of machine
OMP: Info #251: KMP_AFFINITY: pid 3999565 tid 3999565 thread 0 bound to OS proc set 0,48
OMP: Info #251: KMP_AFFINITY: pid 3999565 tid 3999566 thread 1 bound to OS proc set 24,72


Resolution: 6500
===================
Execution time: 0.737080
Residual: 3.049154

megaflops:  8024.9
  flop instructions (M):  5915.000
Resolutions       : (6500, 7500, ... 6500)
Iterations        : 20
Num. Heat sources : 2
   1: (0.00, 0.00) 1.00 1.00 
   2: (1.00, 1.00) 1.00 0.50 
OMP: Info #154: KMP_AFFINITY: Initial OS proc set respected: 0-95
OMP: Info #213: KMP_AFFINITY: decoding x2APIC ids.
OMP: Info #276: KMP_AFFINITY: Affinity capable, using global cpuid leaf 11 info
OMP: Info #156: KMP_AFFINITY: 96 available OS procs
OMP: Info #157: KMP_AFFINITY: Uniform topology
OMP: Info #191: KMP_AFFINITY: 2 sockets x 24 cores/socket x 2 threads/core (48 total cores)
OMP: Info #215: KMP_AFFINITY: OS proc to physical thread map:
OMP: Info #171: KMP_AFFINITY: OS proc 0 maps to socket 0 core 0 thread 0 
OMP: Info #171: KMP_AFFINITY: OS proc 48 maps to socket 0 core 0 thread 1 
OMP: Info #171: KMP_AFFINITY: OS proc 1 maps to socket 0 core 1 thread 0 
OMP: Info #171: KMP_AFFINITY: OS proc 49 maps to socket 0 core 1 thread 1 
OMP: Info #171: KMP_AFFINITY: OS proc 2 maps to socket 0 core 2 thread 0 
OMP: Info #171: KMP_AFFINITY: OS proc 50 maps to socket 0 core 2 thread 1 
OMP: Info #171: KMP_AFFINITY: OS proc 3 maps to socket 0 core 3 thread 0 
OMP: Info #171: KMP_AFFINITY: OS proc 51 maps to socket 0 core 3 thread 1 
OMP: Info #171: KMP_AFFINITY: OS proc 4 maps to socket 0 core 4 thread 0 
OMP: Info #171: KMP_AFFINITY: OS proc 52 maps to socket 0 core 4 thread 1 
OMP: Info #171: KMP_AFFINITY: OS proc 5 maps to socket 0 core 5 thread 0 
OMP: Info #171: KMP_AFFINITY: OS proc 53 maps to socket 0 core 5 thread 1 
OMP: Info #171: KMP_AFFINITY: OS proc 6 maps to socket 0 core 8 thread 0 
OMP: Info #171: KMP_AFFINITY: OS proc 54 maps to socket 0 core 8 thread 1 
OMP: Info #171: KMP_AFFINITY: OS proc 7 maps to socket 0 core 9 thread 0 
OMP: Info #171: KMP_AFFINITY: OS proc 55 maps to socket 0 core 9 thread 1 
OMP: Info #171: KMP_AFFINITY: OS proc 8 maps to socket 0 core 10 thread 0 
OMP: Info #171: KMP_AFFINITY: OS proc 56 maps to socket 0 core 10 thread 1 
OMP: Info #171: KMP_AFFINITY: OS proc 9 maps to socket 0 core 11 thread 0 
OMP: Info #171: KMP_AFFINITY: OS proc 57 maps to socket 0 core 11 thread 1 
OMP: Info #171: KMP_AFFINITY: OS proc 10 maps to socket 0 core 12 thread 0 
OMP: Info #171: KMP_AFFINITY: OS proc 58 maps to socket 0 core 12 thread 1 
OMP: Info #171: KMP_AFFINITY: OS proc 11 maps to socket 0 core 13 thread 0 
OMP: Info #171: KMP_AFFINITY: OS proc 59 maps to socket 0 core 13 thread 1 
OMP: Info #171: KMP_AFFINITY: OS proc 12 maps to socket 0 core 16 thread 0 
OMP: Info #171: KMP_AFFINITY: OS proc 60 maps to socket 0 core 16 thread 1 
OMP: Info #171: KMP_AFFINITY: OS proc 13 maps to socket 0 core 17 thread 0 
OMP: Info #171: KMP_AFFINITY: OS proc 61 maps to socket 0 core 17 thread 1 
OMP: Info #171: KMP_AFFINITY: OS proc 14 maps to socket 0 core 18 thread 0 
OMP: Info #171: KMP_AFFINITY: OS proc 62 maps to socket 0 core 18 thread 1 
OMP: Info #171: KMP_AFFINITY: OS proc 15 maps to socket 0 core 19 thread 0 
OMP: Info #171: KMP_AFFINITY: OS proc 63 maps to socket 0 core 19 thread 1 
OMP: Info #171: KMP_AFFINITY: OS proc 16 maps to socket 0 core 20 thread 0 
OMP: Info #171: KMP_AFFINITY: OS proc 64 maps to socket 0 core 20 thread 1 
OMP: Info #171: KMP_AFFINITY: OS proc 17 maps to socket 0 core 21 thread 0 
OMP: Info #171: KMP_AFFINITY: OS proc 65 maps to socket 0 core 21 thread 1 
OMP: Info #171: KMP_AFFINITY: OS proc 18 maps to socket 0 core 24 thread 0 
OMP: Info #171: KMP_AFFINITY: OS proc 66 maps to socket 0 core 24 thread 1 
OMP: Info #171: KMP_AFFINITY: OS proc 19 maps to socket 0 core 25 thread 0 
OMP: Info #171: KMP_AFFINITY: OS proc 67 maps to socket 0 core 25 thread 1 
OMP: Info #171: KMP_AFFINITY: OS proc 20 maps to socket 0 core 26 thread 0 
OMP: Info #171: KMP_AFFINITY: OS proc 68 maps to socket 0 core 26 thread 1 
OMP: Info #171: KMP_AFFINITY: OS proc 21 maps to socket 0 core 27 thread 0 
OMP: Info #171: KMP_AFFINITY: OS proc 69 maps to socket 0 core 27 thread 1 
OMP: Info #171: KMP_AFFINITY: OS proc 22 maps to socket 0 core 28 thread 0 
OMP: Info #171: KMP_AFFINITY: OS proc 70 maps to socket 0 core 28 thread 1 
OMP: Info #171: KMP_AFFINITY: OS proc 23 maps to socket 0 core 29 thread 0 
OMP: Info #171: KMP_AFFINITY: OS proc 71 maps to socket 0 core 29 thread 1 
OMP: Info #171: KMP_AFFINITY: OS proc 24 maps to socket 1 core 0 thread 0 
OMP: Info #171: KMP_AFFINITY: OS proc 72 maps to socket 1 core 0 thread 1 
OMP: Info #171: KMP_AFFINITY: OS proc 25 maps to socket 1 core 1 thread 0 
OMP: Info #171: KMP_AFFINITY: OS proc 73 maps to socket 1 core 1 thread 1 
OMP: Info #171: KMP_AFFINITY: OS proc 26 maps to socket 1 core 2 thread 0 
OMP: Info #171: KMP_AFFINITY: OS proc 74 maps to socket 1 core 2 thread 1 
OMP: Info #171: KMP_AFFINITY: OS proc 27 maps to socket 1 core 3 thread 0 
OMP: Info #171: KMP_AFFINITY: OS proc 75 maps to socket 1 core 3 thread 1 
OMP: Info #171: KMP_AFFINITY: OS proc 28 maps to socket 1 core 4 thread 0 
OMP: Info #171: KMP_AFFINITY: OS proc 76 maps to socket 1 core 4 thread 1 
OMP: Info #171: KMP_AFFINITY: OS proc 29 maps to socket 1 core 5 thread 0 
OMP: Info #171: KMP_AFFINITY: OS proc 77 maps to socket 1 core 5 thread 1 
OMP: Info #171: KMP_AFFINITY: OS proc 30 maps to socket 1 core 8 thread 0 
OMP: Info #171: KMP_AFFINITY: OS proc 78 maps to socket 1 core 8 thread 1 
OMP: Info #171: KMP_AFFINITY: OS proc 31 maps to socket 1 core 9 thread 0 
OMP: Info #171: KMP_AFFINITY: OS proc 79 maps to socket 1 core 9 thread 1 
OMP: Info #171: KMP_AFFINITY: OS proc 32 maps to socket 1 core 10 thread 0 
OMP: Info #171: KMP_AFFINITY: OS proc 80 maps to socket 1 core 10 thread 1 
OMP: Info #171: KMP_AFFINITY: OS proc 33 maps to socket 1 core 11 thread 0 
OMP: Info #171: KMP_AFFINITY: OS proc 81 maps to socket 1 core 11 thread 1 
OMP: Info #171: KMP_AFFINITY: OS proc 34 maps to socket 1 core 12 thread 0 
OMP: Info #171: KMP_AFFINITY: OS proc 82 maps to socket 1 core 12 thread 1 
OMP: Info #171: KMP_AFFINITY: OS proc 35 maps to socket 1 core 13 thread 0 
OMP: Info #171: KMP_AFFINITY: OS proc 83 maps to socket 1 core 13 thread 1 
OMP: Info #171: KMP_AFFINITY: OS proc 36 maps to socket 1 core 16 thread 0 
OMP: Info #171: KMP_AFFINITY: OS proc 84 maps to socket 1 core 16 thread 1 
OMP: Info #171: KMP_AFFINITY: OS proc 37 maps to socket 1 core 17 thread 0 
OMP: Info #171: KMP_AFFINITY: OS proc 85 maps to socket 1 core 17 thread 1 
OMP: Info #171: KMP_AFFINITY: OS proc 38 maps to socket 1 core 18 thread 0 
OMP: Info #171: KMP_AFFINITY: OS proc 86 maps to socket 1 core 18 thread 1 
OMP: Info #171: KMP_AFFINITY: OS proc 39 maps to socket 1 core 19 thread 0 
OMP: Info #171: KMP_AFFINITY: OS proc 87 maps to socket 1 core 19 thread 1 
OMP: Info #171: KMP_AFFINITY: OS proc 40 maps to socket 1 core 20 thread 0 
OMP: Info #171: KMP_AFFINITY: OS proc 88 maps to socket 1 core 20 thread 1 
OMP: Info #171: KMP_AFFINITY: OS proc 41 maps to socket 1 core 21 thread 0 
OMP: Info #171: KMP_AFFINITY: OS proc 89 maps to socket 1 core 21 thread 1 
OMP: Info #171: KMP_AFFINITY: OS proc 42 maps to socket 1 core 24 thread 0 
OMP: Info #171: KMP_AFFINITY: OS proc 90 maps to socket 1 core 24 thread 1 
OMP: Info #171: KMP_AFFINITY: OS proc 43 maps to socket 1 core 25 thread 0 
OMP: Info #171: KMP_AFFINITY: OS proc 91 maps to socket 1 core 25 thread 1 
OMP: Info #171: KMP_AFFINITY: OS proc 44 maps to socket 1 core 26 thread 0 
OMP: Info #171: KMP_AFFINITY: OS proc 92 maps to socket 1 core 26 thread 1 
OMP: Info #171: KMP_AFFINITY: OS proc 45 maps to socket 1 core 27 thread 0 
OMP: Info #171: KMP_AFFINITY: OS proc 93 maps to socket 1 core 27 thread 1 
OMP: Info #171: KMP_AFFINITY: OS proc 46 maps to socket 1 core 28 thread 0 
OMP: Info #171: KMP_AFFINITY: OS proc 94 maps to socket 1 core 28 thread 1 
OMP: Info #171: KMP_AFFINITY: OS proc 47 maps to socket 1 core 29 thread 0 
OMP: Info #171: KMP_AFFINITY: OS proc 95 maps to socket 1 core 29 thread 1 
OMP: Info #144: KMP_AFFINITY: Threads may migrate across 1 innermost levels of machine
OMP: Info #251: KMP_AFFINITY: pid 3999567 tid 3999567 thread 0 bound to OS proc set 0,48
OMP: Info #251: KMP_AFFINITY: pid 3999567 tid 3999568 thread 1 bound to OS proc set 24,72
OMP: Info #251: KMP_AFFINITY: pid 3999567 tid 3999569 thread 2 bound to OS proc set 1,49
OMP: Info #251: KMP_AFFINITY: pid 3999567 tid 3999570 thread 3 bound to OS proc set 25,73


Resolution: 6500
===================
Execution time: 0.393488
Residual: 3.049154

megaflops:  15032.2
  flop instructions (M):  5915.000
Resolutions       : (6500, 7500, ... 6500)
Iterations        : 20
Num. Heat sources : 2
   1: (0.00, 0.00) 1.00 1.00 
   2: (1.00, 1.00) 1.00 0.50 
OMP: Info #154: KMP_AFFINITY: Initial OS proc set respected: 0-95
OMP: Info #213: KMP_AFFINITY: decoding x2APIC ids.
OMP: Info #276: KMP_AFFINITY: Affinity capable, using global cpuid leaf 11 info
OMP: Info #156: KMP_AFFINITY: 96 available OS procs
OMP: Info #157: KMP_AFFINITY: Uniform topology
OMP: Info #191: KMP_AFFINITY: 2 sockets x 24 cores/socket x 2 threads/core (48 total cores)
OMP: Info #215: KMP_AFFINITY: OS proc to physical thread map:
OMP: Info #171: KMP_AFFINITY: OS proc 0 maps to socket 0 core 0 thread 0 
OMP: Info #171: KMP_AFFINITY: OS proc 48 maps to socket 0 core 0 thread 1 
OMP: Info #171: KMP_AFFINITY: OS proc 1 maps to socket 0 core 1 thread 0 
OMP: Info #171: KMP_AFFINITY: OS proc 49 maps to socket 0 core 1 thread 1 
OMP: Info #171: KMP_AFFINITY: OS proc 2 maps to socket 0 core 2 thread 0 
OMP: Info #171: KMP_AFFINITY: OS proc 50 maps to socket 0 core 2 thread 1 
OMP: Info #171: KMP_AFFINITY: OS proc 3 maps to socket 0 core 3 thread 0 
OMP: Info #171: KMP_AFFINITY: OS proc 51 maps to socket 0 core 3 thread 1 
OMP: Info #171: KMP_AFFINITY: OS proc 4 maps to socket 0 core 4 thread 0 
OMP: Info #171: KMP_AFFINITY: OS proc 52 maps to socket 0 core 4 thread 1 
OMP: Info #171: KMP_AFFINITY: OS proc 5 maps to socket 0 core 5 thread 0 
OMP: Info #171: KMP_AFFINITY: OS proc 53 maps to socket 0 core 5 thread 1 
OMP: Info #171: KMP_AFFINITY: OS proc 6 maps to socket 0 core 8 thread 0 
OMP: Info #171: KMP_AFFINITY: OS proc 54 maps to socket 0 core 8 thread 1 
OMP: Info #171: KMP_AFFINITY: OS proc 7 maps to socket 0 core 9 thread 0 
OMP: Info #171: KMP_AFFINITY: OS proc 55 maps to socket 0 core 9 thread 1 
OMP: Info #171: KMP_AFFINITY: OS proc 8 maps to socket 0 core 10 thread 0 
OMP: Info #171: KMP_AFFINITY: OS proc 56 maps to socket 0 core 10 thread 1 
OMP: Info #171: KMP_AFFINITY: OS proc 9 maps to socket 0 core 11 thread 0 
OMP: Info #171: KMP_AFFINITY: OS proc 57 maps to socket 0 core 11 thread 1 
OMP: Info #171: KMP_AFFINITY: OS proc 10 maps to socket 0 core 12 thread 0 
OMP: Info #171: KMP_AFFINITY: OS proc 58 maps to socket 0 core 12 thread 1 
OMP: Info #171: KMP_AFFINITY: OS proc 11 maps to socket 0 core 13 thread 0 
OMP: Info #171: KMP_AFFINITY: OS proc 59 maps to socket 0 core 13 thread 1 
OMP: Info #171: KMP_AFFINITY: OS proc 12 maps to socket 0 core 16 thread 0 
OMP: Info #171: KMP_AFFINITY: OS proc 60 maps to socket 0 core 16 thread 1 
OMP: Info #171: KMP_AFFINITY: OS proc 13 maps to socket 0 core 17 thread 0 
OMP: Info #171: KMP_AFFINITY: OS proc 61 maps to socket 0 core 17 thread 1 
OMP: Info #171: KMP_AFFINITY: OS proc 14 maps to socket 0 core 18 thread 0 
OMP: Info #171: KMP_AFFINITY: OS proc 62 maps to socket 0 core 18 thread 1 
OMP: Info #171: KMP_AFFINITY: OS proc 15 maps to socket 0 core 19 thread 0 
OMP: Info #171: KMP_AFFINITY: OS proc 63 maps to socket 0 core 19 thread 1 
OMP: Info #171: KMP_AFFINITY: OS proc 16 maps to socket 0 core 20 thread 0 
OMP: Info #171: KMP_AFFINITY: OS proc 64 maps to socket 0 core 20 thread 1 
OMP: Info #171: KMP_AFFINITY: OS proc 17 maps to socket 0 core 21 thread 0 
OMP: Info #171: KMP_AFFINITY: OS proc 65 maps to socket 0 core 21 thread 1 
OMP: Info #171: KMP_AFFINITY: OS proc 18 maps to socket 0 core 24 thread 0 
OMP: Info #171: KMP_AFFINITY: OS proc 66 maps to socket 0 core 24 thread 1 
OMP: Info #171: KMP_AFFINITY: OS proc 19 maps to socket 0 core 25 thread 0 
OMP: Info #171: KMP_AFFINITY: OS proc 67 maps to socket 0 core 25 thread 1 
OMP: Info #171: KMP_AFFINITY: OS proc 20 maps to socket 0 core 26 thread 0 
OMP: Info #171: KMP_AFFINITY: OS proc 68 maps to socket 0 core 26 thread 1 
OMP: Info #171: KMP_AFFINITY: OS proc 21 maps to socket 0 core 27 thread 0 
OMP: Info #171: KMP_AFFINITY: OS proc 69 maps to socket 0 core 27 thread 1 
OMP: Info #171: KMP_AFFINITY: OS proc 22 maps to socket 0 core 28 thread 0 
OMP: Info #171: KMP_AFFINITY: OS proc 70 maps to socket 0 core 28 thread 1 
OMP: Info #171: KMP_AFFINITY: OS proc 23 maps to socket 0 core 29 thread 0 
OMP: Info #171: KMP_AFFINITY: OS proc 71 maps to socket 0 core 29 thread 1 
OMP: Info #171: KMP_AFFINITY: OS proc 24 maps to socket 1 core 0 thread 0 
OMP: Info #171: KMP_AFFINITY: OS proc 72 maps to socket 1 core 0 thread 1 
OMP: Info #171: KMP_AFFINITY: OS proc 25 maps to socket 1 core 1 thread 0 
OMP: Info #171: KMP_AFFINITY: OS proc 73 maps to socket 1 core 1 thread 1 
OMP: Info #171: KMP_AFFINITY: OS proc 26 maps to socket 1 core 2 thread 0 
OMP: Info #171: KMP_AFFINITY: OS proc 74 maps to socket 1 core 2 thread 1 
OMP: Info #171: KMP_AFFINITY: OS proc 27 maps to socket 1 core 3 thread 0 
OMP: Info #171: KMP_AFFINITY: OS proc 75 maps to socket 1 core 3 thread 1 
OMP: Info #171: KMP_AFFINITY: OS proc 28 maps to socket 1 core 4 thread 0 
OMP: Info #171: KMP_AFFINITY: OS proc 76 maps to socket 1 core 4 thread 1 
OMP: Info #171: KMP_AFFINITY: OS proc 29 maps to socket 1 core 5 thread 0 
OMP: Info #171: KMP_AFFINITY: OS proc 77 maps to socket 1 core 5 thread 1 
OMP: Info #171: KMP_AFFINITY: OS proc 30 maps to socket 1 core 8 thread 0 
OMP: Info #171: KMP_AFFINITY: OS proc 78 maps to socket 1 core 8 thread 1 
OMP: Info #171: KMP_AFFINITY: OS proc 31 maps to socket 1 core 9 thread 0 
OMP: Info #171: KMP_AFFINITY: OS proc 79 maps to socket 1 core 9 thread 1 
OMP: Info #171: KMP_AFFINITY: OS proc 32 maps to socket 1 core 10 thread 0 
OMP: Info #171: KMP_AFFINITY: OS proc 80 maps to socket 1 core 10 thread 1 
OMP: Info #171: KMP_AFFINITY: OS proc 33 maps to socket 1 core 11 thread 0 
OMP: Info #171: KMP_AFFINITY: OS proc 81 maps to socket 1 core 11 thread 1 
OMP: Info #171: KMP_AFFINITY: OS proc 34 maps to socket 1 core 12 thread 0 
OMP: Info #171: KMP_AFFINITY: OS proc 82 maps to socket 1 core 12 thread 1 
OMP: Info #171: KMP_AFFINITY: OS proc 35 maps to socket 1 core 13 thread 0 
OMP: Info #171: KMP_AFFINITY: OS proc 83 maps to socket 1 core 13 thread 1 
OMP: Info #171: KMP_AFFINITY: OS proc 36 maps to socket 1 core 16 thread 0 
OMP: Info #171: KMP_AFFINITY: OS proc 84 maps to socket 1 core 16 thread 1 
OMP: Info #171: KMP_AFFINITY: OS proc 37 maps to socket 1 core 17 thread 0 
OMP: Info #171: KMP_AFFINITY: OS proc 85 maps to socket 1 core 17 thread 1 
OMP: Info #171: KMP_AFFINITY: OS proc 38 maps to socket 1 core 18 thread 0 
OMP: Info #171: KMP_AFFINITY: OS proc 86 maps to socket 1 core 18 thread 1 
OMP: Info #171: KMP_AFFINITY: OS proc 39 maps to socket 1 core 19 thread 0 
OMP: Info #171: KMP_AFFINITY: OS proc 87 maps to socket 1 core 19 thread 1 
OMP: Info #171: KMP_AFFINITY: OS proc 40 maps to socket 1 core 20 thread 0 
OMP: Info #171: KMP_AFFINITY: OS proc 88 maps to socket 1 core 20 thread 1 
OMP: Info #171: KMP_AFFINITY: OS proc 41 maps to socket 1 core 21 thread 0 
OMP: Info #171: KMP_AFFINITY: OS proc 89 maps to socket 1 core 21 thread 1 
OMP: Info #171: KMP_AFFINITY: OS proc 42 maps to socket 1 core 24 thread 0 
OMP: Info #171: KMP_AFFINITY: OS proc 90 maps to socket 1 core 24 thread 1 
OMP: Info #171: KMP_AFFINITY: OS proc 43 maps to socket 1 core 25 thread 0 
OMP: Info #171: KMP_AFFINITY: OS proc 91 maps to socket 1 core 25 thread 1 
OMP: Info #171: KMP_AFFINITY: OS proc 44 maps to socket 1 core 26 thread 0 
OMP: Info #171: KMP_AFFINITY: OS proc 92 maps to socket 1 core 26 thread 1 
OMP: Info #171: KMP_AFFINITY: OS proc 45 maps to socket 1 core 27 thread 0 
OMP: Info #171: KMP_AFFINITY: OS proc 93 maps to socket 1 core 27 thread 1 
OMP: Info #171: KMP_AFFINITY: OS proc 46 maps to socket 1 core 28 thread 0 
OMP: Info #171: KMP_AFFINITY: OS proc 94 maps to socket 1 core 28 thread 1 
OMP: Info #171: KMP_AFFINITY: OS proc 47 maps to socket 1 core 29 thread 0 
OMP: Info #171: KMP_AFFINITY: OS proc 95 maps to socket 1 core 29 thread 1 
OMP: Info #144: KMP_AFFINITY: Threads may migrate across 1 innermost levels of machine
OMP: Info #251: KMP_AFFINITY: pid 3999571 tid 3999571 thread 0 bound to OS proc set 0,48
OMP: Info #251: KMP_AFFINITY: pid 3999571 tid 3999572 thread 1 bound to OS proc set 24,72
OMP: Info #251: KMP_AFFINITY: pid 3999571 tid 3999573 thread 2 bound to OS proc set 1,49
OMP: Info #251: KMP_AFFINITY: pid 3999571 tid 3999574 thread 3 bound to OS proc set 25,73
OMP: Info #251: KMP_AFFINITY: pid 3999571 tid 3999575 thread 4 bound to OS proc set 2,50
OMP: Info #251: KMP_AFFINITY: pid 3999571 tid 3999576 thread 5 bound to OS proc set 26,74
OMP: Info #251: KMP_AFFINITY: pid 3999571 tid 3999577 thread 6 bound to OS proc set 3,51
OMP: Info #251: KMP_AFFINITY: pid 3999571 tid 3999578 thread 7 bound to OS proc set 27,75


Resolution: 6500
===================
Execution time: 0.235355
Residual: 3.049154

megaflops:  25132.3
  flop instructions (M):  5915.000
Resolutions       : (6500, 7500, ... 6500)
Iterations        : 20
Num. Heat sources : 2
   1: (0.00, 0.00) 1.00 1.00 
   2: (1.00, 1.00) 1.00 0.50 
OMP: Info #154: KMP_AFFINITY: Initial OS proc set respected: 0-95
OMP: Info #213: KMP_AFFINITY: decoding x2APIC ids.
OMP: Info #276: KMP_AFFINITY: Affinity capable, using global cpuid leaf 11 info
OMP: Info #156: KMP_AFFINITY: 96 available OS procs
OMP: Info #157: KMP_AFFINITY: Uniform topology
OMP: Info #191: KMP_AFFINITY: 2 sockets x 24 cores/socket x 2 threads/core (48 total cores)
OMP: Info #215: KMP_AFFINITY: OS proc to physical thread map:
OMP: Info #171: KMP_AFFINITY: OS proc 0 maps to socket 0 core 0 thread 0 
OMP: Info #171: KMP_AFFINITY: OS proc 48 maps to socket 0 core 0 thread 1 
OMP: Info #171: KMP_AFFINITY: OS proc 1 maps to socket 0 core 1 thread 0 
OMP: Info #171: KMP_AFFINITY: OS proc 49 maps to socket 0 core 1 thread 1 
OMP: Info #171: KMP_AFFINITY: OS proc 2 maps to socket 0 core 2 thread 0 
OMP: Info #171: KMP_AFFINITY: OS proc 50 maps to socket 0 core 2 thread 1 
OMP: Info #171: KMP_AFFINITY: OS proc 3 maps to socket 0 core 3 thread 0 
OMP: Info #171: KMP_AFFINITY: OS proc 51 maps to socket 0 core 3 thread 1 
OMP: Info #171: KMP_AFFINITY: OS proc 4 maps to socket 0 core 4 thread 0 
OMP: Info #171: KMP_AFFINITY: OS proc 52 maps to socket 0 core 4 thread 1 
OMP: Info #171: KMP_AFFINITY: OS proc 5 maps to socket 0 core 5 thread 0 
OMP: Info #171: KMP_AFFINITY: OS proc 53 maps to socket 0 core 5 thread 1 
OMP: Info #171: KMP_AFFINITY: OS proc 6 maps to socket 0 core 8 thread 0 
OMP: Info #171: KMP_AFFINITY: OS proc 54 maps to socket 0 core 8 thread 1 
OMP: Info #171: KMP_AFFINITY: OS proc 7 maps to socket 0 core 9 thread 0 
OMP: Info #171: KMP_AFFINITY: OS proc 55 maps to socket 0 core 9 thread 1 
OMP: Info #171: KMP_AFFINITY: OS proc 8 maps to socket 0 core 10 thread 0 
OMP: Info #171: KMP_AFFINITY: OS proc 56 maps to socket 0 core 10 thread 1 
OMP: Info #171: KMP_AFFINITY: OS proc 9 maps to socket 0 core 11 thread 0 
OMP: Info #171: KMP_AFFINITY: OS proc 57 maps to socket 0 core 11 thread 1 
OMP: Info #171: KMP_AFFINITY: OS proc 10 maps to socket 0 core 12 thread 0 
OMP: Info #171: KMP_AFFINITY: OS proc 58 maps to socket 0 core 12 thread 1 
OMP: Info #171: KMP_AFFINITY: OS proc 11 maps to socket 0 core 13 thread 0 
OMP: Info #171: KMP_AFFINITY: OS proc 59 maps to socket 0 core 13 thread 1 
OMP: Info #171: KMP_AFFINITY: OS proc 12 maps to socket 0 core 16 thread 0 
OMP: Info #171: KMP_AFFINITY: OS proc 60 maps to socket 0 core 16 thread 1 
OMP: Info #171: KMP_AFFINITY: OS proc 13 maps to socket 0 core 17 thread 0 
OMP: Info #171: KMP_AFFINITY: OS proc 61 maps to socket 0 core 17 thread 1 
OMP: Info #171: KMP_AFFINITY: OS proc 14 maps to socket 0 core 18 thread 0 
OMP: Info #171: KMP_AFFINITY: OS proc 62 maps to socket 0 core 18 thread 1 
OMP: Info #171: KMP_AFFINITY: OS proc 15 maps to socket 0 core 19 thread 0 
OMP: Info #171: KMP_AFFINITY: OS proc 63 maps to socket 0 core 19 thread 1 
OMP: Info #171: KMP_AFFINITY: OS proc 16 maps to socket 0 core 20 thread 0 
OMP: Info #171: KMP_AFFINITY: OS proc 64 maps to socket 0 core 20 thread 1 
OMP: Info #171: KMP_AFFINITY: OS proc 17 maps to socket 0 core 21 thread 0 
OMP: Info #171: KMP_AFFINITY: OS proc 65 maps to socket 0 core 21 thread 1 
OMP: Info #171: KMP_AFFINITY: OS proc 18 maps to socket 0 core 24 thread 0 
OMP: Info #171: KMP_AFFINITY: OS proc 66 maps to socket 0 core 24 thread 1 
OMP: Info #171: KMP_AFFINITY: OS proc 19 maps to socket 0 core 25 thread 0 
OMP: Info #171: KMP_AFFINITY: OS proc 67 maps to socket 0 core 25 thread 1 
OMP: Info #171: KMP_AFFINITY: OS proc 20 maps to socket 0 core 26 thread 0 
OMP: Info #171: KMP_AFFINITY: OS proc 68 maps to socket 0 core 26 thread 1 
OMP: Info #171: KMP_AFFINITY: OS proc 21 maps to socket 0 core 27 thread 0 
OMP: Info #171: KMP_AFFINITY: OS proc 69 maps to socket 0 core 27 thread 1 
OMP: Info #171: KMP_AFFINITY: OS proc 22 maps to socket 0 core 28 thread 0 
OMP: Info #171: KMP_AFFINITY: OS proc 70 maps to socket 0 core 28 thread 1 
OMP: Info #171: KMP_AFFINITY: OS proc 23 maps to socket 0 core 29 thread 0 
OMP: Info #171: KMP_AFFINITY: OS proc 71 maps to socket 0 core 29 thread 1 
OMP: Info #171: KMP_AFFINITY: OS proc 24 maps to socket 1 core 0 thread 0 
OMP: Info #171: KMP_AFFINITY: OS proc 72 maps to socket 1 core 0 thread 1 
OMP: Info #171: KMP_AFFINITY: OS proc 25 maps to socket 1 core 1 thread 0 
OMP: Info #171: KMP_AFFINITY: OS proc 73 maps to socket 1 core 1 thread 1 
OMP: Info #171: KMP_AFFINITY: OS proc 26 maps to socket 1 core 2 thread 0 
OMP: Info #171: KMP_AFFINITY: OS proc 74 maps to socket 1 core 2 thread 1 
OMP: Info #171: KMP_AFFINITY: OS proc 27 maps to socket 1 core 3 thread 0 
OMP: Info #171: KMP_AFFINITY: OS proc 75 maps to socket 1 core 3 thread 1 
OMP: Info #171: KMP_AFFINITY: OS proc 28 maps to socket 1 core 4 thread 0 
OMP: Info #171: KMP_AFFINITY: OS proc 76 maps to socket 1 core 4 thread 1 
OMP: Info #171: KMP_AFFINITY: OS proc 29 maps to socket 1 core 5 thread 0 
OMP: Info #171: KMP_AFFINITY: OS proc 77 maps to socket 1 core 5 thread 1 
OMP: Info #171: KMP_AFFINITY: OS proc 30 maps to socket 1 core 8 thread 0 
OMP: Info #171: KMP_AFFINITY: OS proc 78 maps to socket 1 core 8 thread 1 
OMP: Info #171: KMP_AFFINITY: OS proc 31 maps to socket 1 core 9 thread 0 
OMP: Info #171: KMP_AFFINITY: OS proc 79 maps to socket 1 core 9 thread 1 
OMP: Info #171: KMP_AFFINITY: OS proc 32 maps to socket 1 core 10 thread 0 
OMP: Info #171: KMP_AFFINITY: OS proc 80 maps to socket 1 core 10 thread 1 
OMP: Info #171: KMP_AFFINITY: OS proc 33 maps to socket 1 core 11 thread 0 
OMP: Info #171: KMP_AFFINITY: OS proc 81 maps to socket 1 core 11 thread 1 
OMP: Info #171: KMP_AFFINITY: OS proc 34 maps to socket 1 core 12 thread 0 
OMP: Info #171: KMP_AFFINITY: OS proc 82 maps to socket 1 core 12 thread 1 
OMP: Info #171: KMP_AFFINITY: OS proc 35 maps to socket 1 core 13 thread 0 
OMP: Info #171: KMP_AFFINITY: OS proc 83 maps to socket 1 core 13 thread 1 
OMP: Info #171: KMP_AFFINITY: OS proc 36 maps to socket 1 core 16 thread 0 
OMP: Info #171: KMP_AFFINITY: OS proc 84 maps to socket 1 core 16 thread 1 
OMP: Info #171: KMP_AFFINITY: OS proc 37 maps to socket 1 core 17 thread 0 
OMP: Info #171: KMP_AFFINITY: OS proc 85 maps to socket 1 core 17 thread 1 
OMP: Info #171: KMP_AFFINITY: OS proc 38 maps to socket 1 core 18 thread 0 
OMP: Info #171: KMP_AFFINITY: OS proc 86 maps to socket 1 core 18 thread 1 
OMP: Info #171: KMP_AFFINITY: OS proc 39 maps to socket 1 core 19 thread 0 
OMP: Info #171: KMP_AFFINITY: OS proc 87 maps to socket 1 core 19 thread 1 
OMP: Info #171: KMP_AFFINITY: OS proc 40 maps to socket 1 core 20 thread 0 
OMP: Info #171: KMP_AFFINITY: OS proc 88 maps to socket 1 core 20 thread 1 
OMP: Info #171: KMP_AFFINITY: OS proc 41 maps to socket 1 core 21 thread 0 
OMP: Info #171: KMP_AFFINITY: OS proc 89 maps to socket 1 core 21 thread 1 
OMP: Info #171: KMP_AFFINITY: OS proc 42 maps to socket 1 core 24 thread 0 
OMP: Info #171: KMP_AFFINITY: OS proc 90 maps to socket 1 core 24 thread 1 
OMP: Info #171: KMP_AFFINITY: OS proc 43 maps to socket 1 core 25 thread 0 
OMP: Info #171: KMP_AFFINITY: OS proc 91 maps to socket 1 core 25 thread 1 
OMP: Info #171: KMP_AFFINITY: OS proc 44 maps to socket 1 core 26 thread 0 
OMP: Info #171: KMP_AFFINITY: OS proc 92 maps to socket 1 core 26 thread 1 
OMP: Info #171: KMP_AFFINITY: OS proc 45 maps to socket 1 core 27 thread 0 
OMP: Info #171: KMP_AFFINITY: OS proc 93 maps to socket 1 core 27 thread 1 
OMP: Info #171: KMP_AFFINITY: OS proc 46 maps to socket 1 core 28 thread 0 
OMP: Info #171: KMP_AFFINITY: OS proc 94 maps to socket 1 core 28 thread 1 
OMP: Info #171: KMP_AFFINITY: OS proc 47 maps to socket 1 core 29 thread 0 
OMP: Info #171: KMP_AFFINITY: OS proc 95 maps to socket 1 core 29 thread 1 
OMP: Info #144: KMP_AFFINITY: Threads may migrate across 1 innermost levels of machine
OMP: Info #251: KMP_AFFINITY: pid 3999579 tid 3999579 thread 0 bound to OS proc set 0,48
OMP: Info #251: KMP_AFFINITY: pid 3999579 tid 3999580 thread 1 bound to OS proc set 24,72
OMP: Info #251: KMP_AFFINITY: pid 3999579 tid 3999581 thread 2 bound to OS proc set 1,49
OMP: Info #251: KMP_AFFINITY: pid 3999579 tid 3999582 thread 3 bound to OS proc set 25,73
OMP: Info #251: KMP_AFFINITY: pid 3999579 tid 3999583 thread 4 bound to OS proc set 2,50
OMP: Info #251: KMP_AFFINITY: pid 3999579 tid 3999584 thread 5 bound to OS proc set 26,74
OMP: Info #251: KMP_AFFINITY: pid 3999579 tid 3999585 thread 6 bound to OS proc set 3,51
OMP: Info #251: KMP_AFFINITY: pid 3999579 tid 3999586 thread 7 bound to OS proc set 27,75
OMP: Info #251: KMP_AFFINITY: pid 3999579 tid 3999587 thread 8 bound to OS proc set 4,52
OMP: Info #251: KMP_AFFINITY: pid 3999579 tid 3999588 thread 9 bound to OS proc set 28,76
OMP: Info #251: KMP_AFFINITY: pid 3999579 tid 3999590 thread 11 bound to OS proc set 29,77
OMP: Info #251: KMP_AFFINITY: pid 3999579 tid 3999589 thread 10 bound to OS proc set 5,53


Resolution: 6500
===================
Execution time: 0.184750
Residual: 3.049154

megaflops:  32016.2
  flop instructions (M):  5915.000
Resolutions       : (6500, 7500, ... 6500)
Iterations        : 20
Num. Heat sources : 2
   1: (0.00, 0.00) 1.00 1.00 
   2: (1.00, 1.00) 1.00 0.50 
OMP: Info #154: KMP_AFFINITY: Initial OS proc set respected: 0-95
OMP: Info #213: KMP_AFFINITY: decoding x2APIC ids.
OMP: Info #276: KMP_AFFINITY: Affinity capable, using global cpuid leaf 11 info
OMP: Info #156: KMP_AFFINITY: 96 available OS procs
OMP: Info #157: KMP_AFFINITY: Uniform topology
OMP: Info #191: KMP_AFFINITY: 2 sockets x 24 cores/socket x 2 threads/core (48 total cores)
OMP: Info #215: KMP_AFFINITY: OS proc to physical thread map:
OMP: Info #171: KMP_AFFINITY: OS proc 0 maps to socket 0 core 0 thread 0 
OMP: Info #171: KMP_AFFINITY: OS proc 48 maps to socket 0 core 0 thread 1 
OMP: Info #171: KMP_AFFINITY: OS proc 1 maps to socket 0 core 1 thread 0 
OMP: Info #171: KMP_AFFINITY: OS proc 49 maps to socket 0 core 1 thread 1 
OMP: Info #171: KMP_AFFINITY: OS proc 2 maps to socket 0 core 2 thread 0 
OMP: Info #171: KMP_AFFINITY: OS proc 50 maps to socket 0 core 2 thread 1 
OMP: Info #171: KMP_AFFINITY: OS proc 3 maps to socket 0 core 3 thread 0 
OMP: Info #171: KMP_AFFINITY: OS proc 51 maps to socket 0 core 3 thread 1 
OMP: Info #171: KMP_AFFINITY: OS proc 4 maps to socket 0 core 4 thread 0 
OMP: Info #171: KMP_AFFINITY: OS proc 52 maps to socket 0 core 4 thread 1 
OMP: Info #171: KMP_AFFINITY: OS proc 5 maps to socket 0 core 5 thread 0 
OMP: Info #171: KMP_AFFINITY: OS proc 53 maps to socket 0 core 5 thread 1 
OMP: Info #171: KMP_AFFINITY: OS proc 6 maps to socket 0 core 8 thread 0 
OMP: Info #171: KMP_AFFINITY: OS proc 54 maps to socket 0 core 8 thread 1 
OMP: Info #171: KMP_AFFINITY: OS proc 7 maps to socket 0 core 9 thread 0 
OMP: Info #171: KMP_AFFINITY: OS proc 55 maps to socket 0 core 9 thread 1 
OMP: Info #171: KMP_AFFINITY: OS proc 8 maps to socket 0 core 10 thread 0 
OMP: Info #171: KMP_AFFINITY: OS proc 56 maps to socket 0 core 10 thread 1 
OMP: Info #171: KMP_AFFINITY: OS proc 9 maps to socket 0 core 11 thread 0 
OMP: Info #171: KMP_AFFINITY: OS proc 57 maps to socket 0 core 11 thread 1 
OMP: Info #171: KMP_AFFINITY: OS proc 10 maps to socket 0 core 12 thread 0 
OMP: Info #171: KMP_AFFINITY: OS proc 58 maps to socket 0 core 12 thread 1 
OMP: Info #171: KMP_AFFINITY: OS proc 11 maps to socket 0 core 13 thread 0 
OMP: Info #171: KMP_AFFINITY: OS proc 59 maps to socket 0 core 13 thread 1 
OMP: Info #171: KMP_AFFINITY: OS proc 12 maps to socket 0 core 16 thread 0 
OMP: Info #171: KMP_AFFINITY: OS proc 60 maps to socket 0 core 16 thread 1 
OMP: Info #171: KMP_AFFINITY: OS proc 13 maps to socket 0 core 17 thread 0 
OMP: Info #171: KMP_AFFINITY: OS proc 61 maps to socket 0 core 17 thread 1 
OMP: Info #171: KMP_AFFINITY: OS proc 14 maps to socket 0 core 18 thread 0 
OMP: Info #171: KMP_AFFINITY: OS proc 62 maps to socket 0 core 18 thread 1 
OMP: Info #171: KMP_AFFINITY: OS proc 15 maps to socket 0 core 19 thread 0 
OMP: Info #171: KMP_AFFINITY: OS proc 63 maps to socket 0 core 19 thread 1 
OMP: Info #171: KMP_AFFINITY: OS proc 16 maps to socket 0 core 20 thread 0 
OMP: Info #171: KMP_AFFINITY: OS proc 64 maps to socket 0 core 20 thread 1 
OMP: Info #171: KMP_AFFINITY: OS proc 17 maps to socket 0 core 21 thread 0 
OMP: Info #171: KMP_AFFINITY: OS proc 65 maps to socket 0 core 21 thread 1 
OMP: Info #171: KMP_AFFINITY: OS proc 18 maps to socket 0 core 24 thread 0 
OMP: Info #171: KMP_AFFINITY: OS proc 66 maps to socket 0 core 24 thread 1 
OMP: Info #171: KMP_AFFINITY: OS proc 19 maps to socket 0 core 25 thread 0 
OMP: Info #171: KMP_AFFINITY: OS proc 67 maps to socket 0 core 25 thread 1 
OMP: Info #171: KMP_AFFINITY: OS proc 20 maps to socket 0 core 26 thread 0 
OMP: Info #171: KMP_AFFINITY: OS proc 68 maps to socket 0 core 26 thread 1 
OMP: Info #171: KMP_AFFINITY: OS proc 21 maps to socket 0 core 27 thread 0 
OMP: Info #171: KMP_AFFINITY: OS proc 69 maps to socket 0 core 27 thread 1 
OMP: Info #171: KMP_AFFINITY: OS proc 22 maps to socket 0 core 28 thread 0 
OMP: Info #171: KMP_AFFINITY: OS proc 70 maps to socket 0 core 28 thread 1 
OMP: Info #171: KMP_AFFINITY: OS proc 23 maps to socket 0 core 29 thread 0 
OMP: Info #171: KMP_AFFINITY: OS proc 71 maps to socket 0 core 29 thread 1 
OMP: Info #171: KMP_AFFINITY: OS proc 24 maps to socket 1 core 0 thread 0 
OMP: Info #171: KMP_AFFINITY: OS proc 72 maps to socket 1 core 0 thread 1 
OMP: Info #171: KMP_AFFINITY: OS proc 25 maps to socket 1 core 1 thread 0 
OMP: Info #171: KMP_AFFINITY: OS proc 73 maps to socket 1 core 1 thread 1 
OMP: Info #171: KMP_AFFINITY: OS proc 26 maps to socket 1 core 2 thread 0 
OMP: Info #171: KMP_AFFINITY: OS proc 74 maps to socket 1 core 2 thread 1 
OMP: Info #171: KMP_AFFINITY: OS proc 27 maps to socket 1 core 3 thread 0 
OMP: Info #171: KMP_AFFINITY: OS proc 75 maps to socket 1 core 3 thread 1 
OMP: Info #171: KMP_AFFINITY: OS proc 28 maps to socket 1 core 4 thread 0 
OMP: Info #171: KMP_AFFINITY: OS proc 76 maps to socket 1 core 4 thread 1 
OMP: Info #171: KMP_AFFINITY: OS proc 29 maps to socket 1 core 5 thread 0 
OMP: Info #171: KMP_AFFINITY: OS proc 77 maps to socket 1 core 5 thread 1 
OMP: Info #171: KMP_AFFINITY: OS proc 30 maps to socket 1 core 8 thread 0 
OMP: Info #171: KMP_AFFINITY: OS proc 78 maps to socket 1 core 8 thread 1 
OMP: Info #171: KMP_AFFINITY: OS proc 31 maps to socket 1 core 9 thread 0 
OMP: Info #171: KMP_AFFINITY: OS proc 79 maps to socket 1 core 9 thread 1 
OMP: Info #171: KMP_AFFINITY: OS proc 32 maps to socket 1 core 10 thread 0 
OMP: Info #171: KMP_AFFINITY: OS proc 80 maps to socket 1 core 10 thread 1 
OMP: Info #171: KMP_AFFINITY: OS proc 33 maps to socket 1 core 11 thread 0 
OMP: Info #171: KMP_AFFINITY: OS proc 81 maps to socket 1 core 11 thread 1 
OMP: Info #171: KMP_AFFINITY: OS proc 34 maps to socket 1 core 12 thread 0 
OMP: Info #171: KMP_AFFINITY: OS proc 82 maps to socket 1 core 12 thread 1 
OMP: Info #171: KMP_AFFINITY: OS proc 35 maps to socket 1 core 13 thread 0 
OMP: Info #171: KMP_AFFINITY: OS proc 83 maps to socket 1 core 13 thread 1 
OMP: Info #171: KMP_AFFINITY: OS proc 36 maps to socket 1 core 16 thread 0 
OMP: Info #171: KMP_AFFINITY: OS proc 84 maps to socket 1 core 16 thread 1 
OMP: Info #171: KMP_AFFINITY: OS proc 37 maps to socket 1 core 17 thread 0 
OMP: Info #171: KMP_AFFINITY: OS proc 85 maps to socket 1 core 17 thread 1 
OMP: Info #171: KMP_AFFINITY: OS proc 38 maps to socket 1 core 18 thread 0 
OMP: Info #171: KMP_AFFINITY: OS proc 86 maps to socket 1 core 18 thread 1 
OMP: Info #171: KMP_AFFINITY: OS proc 39 maps to socket 1 core 19 thread 0 
OMP: Info #171: KMP_AFFINITY: OS proc 87 maps to socket 1 core 19 thread 1 
OMP: Info #171: KMP_AFFINITY: OS proc 40 maps to socket 1 core 20 thread 0 
OMP: Info #171: KMP_AFFINITY: OS proc 88 maps to socket 1 core 20 thread 1 
OMP: Info #171: KMP_AFFINITY: OS proc 41 maps to socket 1 core 21 thread 0 
OMP: Info #171: KMP_AFFINITY: OS proc 89 maps to socket 1 core 21 thread 1 
OMP: Info #171: KMP_AFFINITY: OS proc 42 maps to socket 1 core 24 thread 0 
OMP: Info #171: KMP_AFFINITY: OS proc 90 maps to socket 1 core 24 thread 1 
OMP: Info #171: KMP_AFFINITY: OS proc 43 maps to socket 1 core 25 thread 0 
OMP: Info #171: KMP_AFFINITY: OS proc 91 maps to socket 1 core 25 thread 1 
OMP: Info #171: KMP_AFFINITY: OS proc 44 maps to socket 1 core 26 thread 0 
OMP: Info #171: KMP_AFFINITY: OS proc 92 maps to socket 1 core 26 thread 1 
OMP: Info #171: KMP_AFFINITY: OS proc 45 maps to socket 1 core 27 thread 0 
OMP: Info #171: KMP_AFFINITY: OS proc 93 maps to socket 1 core 27 thread 1 
OMP: Info #171: KMP_AFFINITY: OS proc 46 maps to socket 1 core 28 thread 0 
OMP: Info #171: KMP_AFFINITY: OS proc 94 maps to socket 1 core 28 thread 1 
OMP: Info #171: KMP_AFFINITY: OS proc 47 maps to socket 1 core 29 thread 0 
OMP: Info #171: KMP_AFFINITY: OS proc 95 maps to socket 1 core 29 thread 1 
OMP: Info #144: KMP_AFFINITY: Threads may migrate across 1 innermost levels of machine
OMP: Info #251: KMP_AFFINITY: pid 3999591 tid 3999591 thread 0 bound to OS proc set 0,48
OMP: Info #251: KMP_AFFINITY: pid 3999591 tid 3999592 thread 1 bound to OS proc set 24,72
OMP: Info #251: KMP_AFFINITY: pid 3999591 tid 3999593 thread 2 bound to OS proc set 1,49
OMP: Info #251: KMP_AFFINITY: pid 3999591 tid 3999594 thread 3 bound to OS proc set 25,73
OMP: Info #251: KMP_AFFINITY: pid 3999591 tid 3999596 thread 5 bound to OS proc set 26,74
OMP: Info #251: KMP_AFFINITY: pid 3999591 tid 3999595 thread 4 bound to OS proc set 2,50
OMP: Info #251: KMP_AFFINITY: pid 3999591 tid 3999597 thread 6 bound to OS proc set 3,51
OMP: Info #251: KMP_AFFINITY: pid 3999591 tid 3999598 thread 7 bound to OS proc set 27,75
OMP: Info #251: KMP_AFFINITY: pid 3999591 tid 3999599 thread 8 bound to OS proc set 4,52
OMP: Info #251: KMP_AFFINITY: pid 3999591 tid 3999600 thread 9 bound to OS proc set 28,76
OMP: Info #251: KMP_AFFINITY: pid 3999591 tid 3999601 thread 10 bound to OS proc set 5,53
OMP: Info #251: KMP_AFFINITY: pid 3999591 tid 3999602 thread 11 bound to OS proc set 29,77
OMP: Info #251: KMP_AFFINITY: pid 3999591 tid 3999603 thread 12 bound to OS proc set 6,54
OMP: Info #251: KMP_AFFINITY: pid 3999591 tid 3999604 thread 13 bound to OS proc set 30,78
OMP: Info #251: KMP_AFFINITY: pid 3999591 tid 3999605 thread 14 bound to OS proc set 7,55
OMP: Info #251: KMP_AFFINITY: pid 3999591 tid 3999606 thread 15 bound to OS proc set 31,79


Resolution: 6500
===================
Execution time: 0.179033
Residual: 3.049154

megaflops:  33038.6
  flop instructions (M):  5915.000
Resolutions       : (6500, 7500, ... 6500)
Iterations        : 20
Num. Heat sources : 2
   1: (0.00, 0.00) 1.00 1.00 
   2: (1.00, 1.00) 1.00 0.50 
OMP: Info #154: KMP_AFFINITY: Initial OS proc set respected: 0-95
OMP: Info #213: KMP_AFFINITY: decoding x2APIC ids.
OMP: Info #276: KMP_AFFINITY: Affinity capable, using global cpuid leaf 11 info
OMP: Info #156: KMP_AFFINITY: 96 available OS procs
OMP: Info #157: KMP_AFFINITY: Uniform topology
OMP: Info #191: KMP_AFFINITY: 2 sockets x 24 cores/socket x 2 threads/core (48 total cores)
OMP: Info #215: KMP_AFFINITY: OS proc to physical thread map:
OMP: Info #171: KMP_AFFINITY: OS proc 0 maps to socket 0 core 0 thread 0 
OMP: Info #171: KMP_AFFINITY: OS proc 48 maps to socket 0 core 0 thread 1 
OMP: Info #171: KMP_AFFINITY: OS proc 1 maps to socket 0 core 1 thread 0 
OMP: Info #171: KMP_AFFINITY: OS proc 49 maps to socket 0 core 1 thread 1 
OMP: Info #171: KMP_AFFINITY: OS proc 2 maps to socket 0 core 2 thread 0 
OMP: Info #171: KMP_AFFINITY: OS proc 50 maps to socket 0 core 2 thread 1 
OMP: Info #171: KMP_AFFINITY: OS proc 3 maps to socket 0 core 3 thread 0 
OMP: Info #171: KMP_AFFINITY: OS proc 51 maps to socket 0 core 3 thread 1 
OMP: Info #171: KMP_AFFINITY: OS proc 4 maps to socket 0 core 4 thread 0 
OMP: Info #171: KMP_AFFINITY: OS proc 52 maps to socket 0 core 4 thread 1 
OMP: Info #171: KMP_AFFINITY: OS proc 5 maps to socket 0 core 5 thread 0 
OMP: Info #171: KMP_AFFINITY: OS proc 53 maps to socket 0 core 5 thread 1 
OMP: Info #171: KMP_AFFINITY: OS proc 6 maps to socket 0 core 8 thread 0 
OMP: Info #171: KMP_AFFINITY: OS proc 54 maps to socket 0 core 8 thread 1 
OMP: Info #171: KMP_AFFINITY: OS proc 7 maps to socket 0 core 9 thread 0 
OMP: Info #171: KMP_AFFINITY: OS proc 55 maps to socket 0 core 9 thread 1 
OMP: Info #171: KMP_AFFINITY: OS proc 8 maps to socket 0 core 10 thread 0 
OMP: Info #171: KMP_AFFINITY: OS proc 56 maps to socket 0 core 10 thread 1 
OMP: Info #171: KMP_AFFINITY: OS proc 9 maps to socket 0 core 11 thread 0 
OMP: Info #171: KMP_AFFINITY: OS proc 57 maps to socket 0 core 11 thread 1 
OMP: Info #171: KMP_AFFINITY: OS proc 10 maps to socket 0 core 12 thread 0 
OMP: Info #171: KMP_AFFINITY: OS proc 58 maps to socket 0 core 12 thread 1 
OMP: Info #171: KMP_AFFINITY: OS proc 11 maps to socket 0 core 13 thread 0 
OMP: Info #171: KMP_AFFINITY: OS proc 59 maps to socket 0 core 13 thread 1 
OMP: Info #171: KMP_AFFINITY: OS proc 12 maps to socket 0 core 16 thread 0 
OMP: Info #171: KMP_AFFINITY: OS proc 60 maps to socket 0 core 16 thread 1 
OMP: Info #171: KMP_AFFINITY: OS proc 13 maps to socket 0 core 17 thread 0 
OMP: Info #171: KMP_AFFINITY: OS proc 61 maps to socket 0 core 17 thread 1 
OMP: Info #171: KMP_AFFINITY: OS proc 14 maps to socket 0 core 18 thread 0 
OMP: Info #171: KMP_AFFINITY: OS proc 62 maps to socket 0 core 18 thread 1 
OMP: Info #171: KMP_AFFINITY: OS proc 15 maps to socket 0 core 19 thread 0 
OMP: Info #171: KMP_AFFINITY: OS proc 63 maps to socket 0 core 19 thread 1 
OMP: Info #171: KMP_AFFINITY: OS proc 16 maps to socket 0 core 20 thread 0 
OMP: Info #171: KMP_AFFINITY: OS proc 64 maps to socket 0 core 20 thread 1 
OMP: Info #171: KMP_AFFINITY: OS proc 17 maps to socket 0 core 21 thread 0 
OMP: Info #171: KMP_AFFINITY: OS proc 65 maps to socket 0 core 21 thread 1 
OMP: Info #171: KMP_AFFINITY: OS proc 18 maps to socket 0 core 24 thread 0 
OMP: Info #171: KMP_AFFINITY: OS proc 66 maps to socket 0 core 24 thread 1 
OMP: Info #171: KMP_AFFINITY: OS proc 19 maps to socket 0 core 25 thread 0 
OMP: Info #171: KMP_AFFINITY: OS proc 67 maps to socket 0 core 25 thread 1 
OMP: Info #171: KMP_AFFINITY: OS proc 20 maps to socket 0 core 26 thread 0 
OMP: Info #171: KMP_AFFINITY: OS proc 68 maps to socket 0 core 26 thread 1 
OMP: Info #171: KMP_AFFINITY: OS proc 21 maps to socket 0 core 27 thread 0 
OMP: Info #171: KMP_AFFINITY: OS proc 69 maps to socket 0 core 27 thread 1 
OMP: Info #171: KMP_AFFINITY: OS proc 22 maps to socket 0 core 28 thread 0 
OMP: Info #171: KMP_AFFINITY: OS proc 70 maps to socket 0 core 28 thread 1 
OMP: Info #171: KMP_AFFINITY: OS proc 23 maps to socket 0 core 29 thread 0 
OMP: Info #171: KMP_AFFINITY: OS proc 71 maps to socket 0 core 29 thread 1 
OMP: Info #171: KMP_AFFINITY: OS proc 24 maps to socket 1 core 0 thread 0 
OMP: Info #171: KMP_AFFINITY: OS proc 72 maps to socket 1 core 0 thread 1 
OMP: Info #171: KMP_AFFINITY: OS proc 25 maps to socket 1 core 1 thread 0 
OMP: Info #171: KMP_AFFINITY: OS proc 73 maps to socket 1 core 1 thread 1 
OMP: Info #171: KMP_AFFINITY: OS proc 26 maps to socket 1 core 2 thread 0 
OMP: Info #171: KMP_AFFINITY: OS proc 74 maps to socket 1 core 2 thread 1 
OMP: Info #171: KMP_AFFINITY: OS proc 27 maps to socket 1 core 3 thread 0 
OMP: Info #171: KMP_AFFINITY: OS proc 75 maps to socket 1 core 3 thread 1 
OMP: Info #171: KMP_AFFINITY: OS proc 28 maps to socket 1 core 4 thread 0 
OMP: Info #171: KMP_AFFINITY: OS proc 76 maps to socket 1 core 4 thread 1 
OMP: Info #171: KMP_AFFINITY: OS proc 29 maps to socket 1 core 5 thread 0 
OMP: Info #171: KMP_AFFINITY: OS proc 77 maps to socket 1 core 5 thread 1 
OMP: Info #171: KMP_AFFINITY: OS proc 30 maps to socket 1 core 8 thread 0 
OMP: Info #171: KMP_AFFINITY: OS proc 78 maps to socket 1 core 8 thread 1 
OMP: Info #171: KMP_AFFINITY: OS proc 31 maps to socket 1 core 9 thread 0 
OMP: Info #171: KMP_AFFINITY: OS proc 79 maps to socket 1 core 9 thread 1 
OMP: Info #171: KMP_AFFINITY: OS proc 32 maps to socket 1 core 10 thread 0 
OMP: Info #171: KMP_AFFINITY: OS proc 80 maps to socket 1 core 10 thread 1 
OMP: Info #171: KMP_AFFINITY: OS proc 33 maps to socket 1 core 11 thread 0 
OMP: Info #171: KMP_AFFINITY: OS proc 81 maps to socket 1 core 11 thread 1 
OMP: Info #171: KMP_AFFINITY: OS proc 34 maps to socket 1 core 12 thread 0 
OMP: Info #171: KMP_AFFINITY: OS proc 82 maps to socket 1 core 12 thread 1 
OMP: Info #171: KMP_AFFINITY: OS proc 35 maps to socket 1 core 13 thread 0 
OMP: Info #171: KMP_AFFINITY: OS proc 83 maps to socket 1 core 13 thread 1 
OMP: Info #171: KMP_AFFINITY: OS proc 36 maps to socket 1 core 16 thread 0 
OMP: Info #171: KMP_AFFINITY: OS proc 84 maps to socket 1 core 16 thread 1 
OMP: Info #171: KMP_AFFINITY: OS proc 37 maps to socket 1 core 17 thread 0 
OMP: Info #171: KMP_AFFINITY: OS proc 85 maps to socket 1 core 17 thread 1 
OMP: Info #171: KMP_AFFINITY: OS proc 38 maps to socket 1 core 18 thread 0 
OMP: Info #171: KMP_AFFINITY: OS proc 86 maps to socket 1 core 18 thread 1 
OMP: Info #171: KMP_AFFINITY: OS proc 39 maps to socket 1 core 19 thread 0 
OMP: Info #171: KMP_AFFINITY: OS proc 87 maps to socket 1 core 19 thread 1 
OMP: Info #171: KMP_AFFINITY: OS proc 40 maps to socket 1 core 20 thread 0 
OMP: Info #171: KMP_AFFINITY: OS proc 88 maps to socket 1 core 20 thread 1 
OMP: Info #171: KMP_AFFINITY: OS proc 41 maps to socket 1 core 21 thread 0 
OMP: Info #171: KMP_AFFINITY: OS proc 89 maps to socket 1 core 21 thread 1 
OMP: Info #171: KMP_AFFINITY: OS proc 42 maps to socket 1 core 24 thread 0 
OMP: Info #171: KMP_AFFINITY: OS proc 90 maps to socket 1 core 24 thread 1 
OMP: Info #171: KMP_AFFINITY: OS proc 43 maps to socket 1 core 25 thread 0 
OMP: Info #171: KMP_AFFINITY: OS proc 91 maps to socket 1 core 25 thread 1 
OMP: Info #171: KMP_AFFINITY: OS proc 44 maps to socket 1 core 26 thread 0 
OMP: Info #171: KMP_AFFINITY: OS proc 92 maps to socket 1 core 26 thread 1 
OMP: Info #171: KMP_AFFINITY: OS proc 45 maps to socket 1 core 27 thread 0 
OMP: Info #171: KMP_AFFINITY: OS proc 93 maps to socket 1 core 27 thread 1 
OMP: Info #171: KMP_AFFINITY: OS proc 46 maps to socket 1 core 28 thread 0 
OMP: Info #171: KMP_AFFINITY: OS proc 94 maps to socket 1 core 28 thread 1 
OMP: Info #171: KMP_AFFINITY: OS proc 47 maps to socket 1 core 29 thread 0 
OMP: Info #171: KMP_AFFINITY: OS proc 95 maps to socket 1 core 29 thread 1 
OMP: Info #144: KMP_AFFINITY: Threads may migrate across 1 innermost levels of machine
OMP: Info #251: KMP_AFFINITY: pid 3999607 tid 3999607 thread 0 bound to OS proc set 0,48
OMP: Info #251: KMP_AFFINITY: pid 3999607 tid 3999608 thread 1 bound to OS proc set 24,72
OMP: Info #251: KMP_AFFINITY: pid 3999607 tid 3999609 thread 2 bound to OS proc set 1,49
OMP: Info #251: KMP_AFFINITY: pid 3999607 tid 3999610 thread 3 bound to OS proc set 25,73
OMP: Info #251: KMP_AFFINITY: pid 3999607 tid 3999611 thread 4 bound to OS proc set 2,50
OMP: Info #251: KMP_AFFINITY: pid 3999607 tid 3999612 thread 5 bound to OS proc set 26,74
OMP: Info #251: KMP_AFFINITY: pid 3999607 tid 3999613 thread 6 bound to OS proc set 3,51
OMP: Info #251: KMP_AFFINITY: pid 3999607 tid 3999614 thread 7 bound to OS proc set 27,75
OMP: Info #251: KMP_AFFINITY: pid 3999607 tid 3999615 thread 8 bound to OS proc set 4,52
OMP: Info #251: KMP_AFFINITY: pid 3999607 tid 3999616 thread 9 bound to OS proc set 28,76
OMP: Info #251: KMP_AFFINITY: pid 3999607 tid 3999617 thread 10 bound to OS proc set 5,53
OMP: Info #251: KMP_AFFINITY: pid 3999607 tid 3999618 thread 11 bound to OS proc set 29,77
OMP: Info #251: KMP_AFFINITY: pid 3999607 tid 3999619 thread 12 bound to OS proc set 6,54
OMP: Info #251: KMP_AFFINITY: pid 3999607 tid 3999620 thread 13 bound to OS proc set 30,78
OMP: Info #251: KMP_AFFINITY: pid 3999607 tid 3999622 thread 15 bound to OS proc set 31,79
OMP: Info #251: KMP_AFFINITY: pid 3999607 tid 3999621 thread 14 bound to OS proc set 7,55
OMP: Info #251: KMP_AFFINITY: pid 3999607 tid 3999623 thread 16 bound to OS proc set 8,56
OMP: Info #251: KMP_AFFINITY: pid 3999607 tid 3999624 thread 17 bound to OS proc set 32,80
OMP: Info #251: KMP_AFFINITY: pid 3999607 tid 3999625 thread 18 bound to OS proc set 9,57
OMP: Info #251: KMP_AFFINITY: pid 3999607 tid 3999626 thread 19 bound to OS proc set 33,81
OMP: Info #251: KMP_AFFINITY: pid 3999607 tid 3999628 thread 21 bound to OS proc set 34,82
OMP: Info #251: KMP_AFFINITY: pid 3999607 tid 3999627 thread 20 bound to OS proc set 10,58
OMP: Info #251: KMP_AFFINITY: pid 3999607 tid 3999630 thread 23 bound to OS proc set 35,83
OMP: Info #251: KMP_AFFINITY: pid 3999607 tid 3999629 thread 22 bound to OS proc set 11,59


Resolution: 6500
===================
Execution time: 0.164417
Residual: 3.049154

megaflops:  35975.6
  flop instructions (M):  5915.000
Resolutions       : (6500, 7500, ... 6500)
Iterations        : 20
Num. Heat sources : 2
   1: (0.00, 0.00) 1.00 1.00 
   2: (1.00, 1.00) 1.00 0.50 
OMP: Info #154: KMP_AFFINITY: Initial OS proc set respected: 0-95
OMP: Info #213: KMP_AFFINITY: decoding x2APIC ids.
OMP: Info #276: KMP_AFFINITY: Affinity capable, using global cpuid leaf 11 info
OMP: Info #156: KMP_AFFINITY: 96 available OS procs
OMP: Info #157: KMP_AFFINITY: Uniform topology
OMP: Info #191: KMP_AFFINITY: 2 sockets x 24 cores/socket x 2 threads/core (48 total cores)
OMP: Info #215: KMP_AFFINITY: OS proc to physical thread map:
OMP: Info #171: KMP_AFFINITY: OS proc 0 maps to socket 0 core 0 thread 0 
OMP: Info #171: KMP_AFFINITY: OS proc 48 maps to socket 0 core 0 thread 1 
OMP: Info #171: KMP_AFFINITY: OS proc 1 maps to socket 0 core 1 thread 0 
OMP: Info #171: KMP_AFFINITY: OS proc 49 maps to socket 0 core 1 thread 1 
OMP: Info #171: KMP_AFFINITY: OS proc 2 maps to socket 0 core 2 thread 0 
OMP: Info #171: KMP_AFFINITY: OS proc 50 maps to socket 0 core 2 thread 1 
OMP: Info #171: KMP_AFFINITY: OS proc 3 maps to socket 0 core 3 thread 0 
OMP: Info #171: KMP_AFFINITY: OS proc 51 maps to socket 0 core 3 thread 1 
OMP: Info #171: KMP_AFFINITY: OS proc 4 maps to socket 0 core 4 thread 0 
OMP: Info #171: KMP_AFFINITY: OS proc 52 maps to socket 0 core 4 thread 1 
OMP: Info #171: KMP_AFFINITY: OS proc 5 maps to socket 0 core 5 thread 0 
OMP: Info #171: KMP_AFFINITY: OS proc 53 maps to socket 0 core 5 thread 1 
OMP: Info #171: KMP_AFFINITY: OS proc 6 maps to socket 0 core 8 thread 0 
OMP: Info #171: KMP_AFFINITY: OS proc 54 maps to socket 0 core 8 thread 1 
OMP: Info #171: KMP_AFFINITY: OS proc 7 maps to socket 0 core 9 thread 0 
OMP: Info #171: KMP_AFFINITY: OS proc 55 maps to socket 0 core 9 thread 1 
OMP: Info #171: KMP_AFFINITY: OS proc 8 maps to socket 0 core 10 thread 0 
OMP: Info #171: KMP_AFFINITY: OS proc 56 maps to socket 0 core 10 thread 1 
OMP: Info #171: KMP_AFFINITY: OS proc 9 maps to socket 0 core 11 thread 0 
OMP: Info #171: KMP_AFFINITY: OS proc 57 maps to socket 0 core 11 thread 1 
OMP: Info #171: KMP_AFFINITY: OS proc 10 maps to socket 0 core 12 thread 0 
OMP: Info #171: KMP_AFFINITY: OS proc 58 maps to socket 0 core 12 thread 1 
OMP: Info #171: KMP_AFFINITY: OS proc 11 maps to socket 0 core 13 thread 0 
OMP: Info #171: KMP_AFFINITY: OS proc 59 maps to socket 0 core 13 thread 1 
OMP: Info #171: KMP_AFFINITY: OS proc 12 maps to socket 0 core 16 thread 0 
OMP: Info #171: KMP_AFFINITY: OS proc 60 maps to socket 0 core 16 thread 1 
OMP: Info #171: KMP_AFFINITY: OS proc 13 maps to socket 0 core 17 thread 0 
OMP: Info #171: KMP_AFFINITY: OS proc 61 maps to socket 0 core 17 thread 1 
OMP: Info #171: KMP_AFFINITY: OS proc 14 maps to socket 0 core 18 thread 0 
OMP: Info #171: KMP_AFFINITY: OS proc 62 maps to socket 0 core 18 thread 1 
OMP: Info #171: KMP_AFFINITY: OS proc 15 maps to socket 0 core 19 thread 0 
OMP: Info #171: KMP_AFFINITY: OS proc 63 maps to socket 0 core 19 thread 1 
OMP: Info #171: KMP_AFFINITY: OS proc 16 maps to socket 0 core 20 thread 0 
OMP: Info #171: KMP_AFFINITY: OS proc 64 maps to socket 0 core 20 thread 1 
OMP: Info #171: KMP_AFFINITY: OS proc 17 maps to socket 0 core 21 thread 0 
OMP: Info #171: KMP_AFFINITY: OS proc 65 maps to socket 0 core 21 thread 1 
OMP: Info #171: KMP_AFFINITY: OS proc 18 maps to socket 0 core 24 thread 0 
OMP: Info #171: KMP_AFFINITY: OS proc 66 maps to socket 0 core 24 thread 1 
OMP: Info #171: KMP_AFFINITY: OS proc 19 maps to socket 0 core 25 thread 0 
OMP: Info #171: KMP_AFFINITY: OS proc 67 maps to socket 0 core 25 thread 1 
OMP: Info #171: KMP_AFFINITY: OS proc 20 maps to socket 0 core 26 thread 0 
OMP: Info #171: KMP_AFFINITY: OS proc 68 maps to socket 0 core 26 thread 1 
OMP: Info #171: KMP_AFFINITY: OS proc 21 maps to socket 0 core 27 thread 0 
OMP: Info #171: KMP_AFFINITY: OS proc 69 maps to socket 0 core 27 thread 1 
OMP: Info #171: KMP_AFFINITY: OS proc 22 maps to socket 0 core 28 thread 0 
OMP: Info #171: KMP_AFFINITY: OS proc 70 maps to socket 0 core 28 thread 1 
OMP: Info #171: KMP_AFFINITY: OS proc 23 maps to socket 0 core 29 thread 0 
OMP: Info #171: KMP_AFFINITY: OS proc 71 maps to socket 0 core 29 thread 1 
OMP: Info #171: KMP_AFFINITY: OS proc 24 maps to socket 1 core 0 thread 0 
OMP: Info #171: KMP_AFFINITY: OS proc 72 maps to socket 1 core 0 thread 1 
OMP: Info #171: KMP_AFFINITY: OS proc 25 maps to socket 1 core 1 thread 0 
OMP: Info #171: KMP_AFFINITY: OS proc 73 maps to socket 1 core 1 thread 1 
OMP: Info #171: KMP_AFFINITY: OS proc 26 maps to socket 1 core 2 thread 0 
OMP: Info #171: KMP_AFFINITY: OS proc 74 maps to socket 1 core 2 thread 1 
OMP: Info #171: KMP_AFFINITY: OS proc 27 maps to socket 1 core 3 thread 0 
OMP: Info #171: KMP_AFFINITY: OS proc 75 maps to socket 1 core 3 thread 1 
OMP: Info #171: KMP_AFFINITY: OS proc 28 maps to socket 1 core 4 thread 0 
OMP: Info #171: KMP_AFFINITY: OS proc 76 maps to socket 1 core 4 thread 1 
OMP: Info #171: KMP_AFFINITY: OS proc 29 maps to socket 1 core 5 thread 0 
OMP: Info #171: KMP_AFFINITY: OS proc 77 maps to socket 1 core 5 thread 1 
OMP: Info #171: KMP_AFFINITY: OS proc 30 maps to socket 1 core 8 thread 0 
OMP: Info #171: KMP_AFFINITY: OS proc 78 maps to socket 1 core 8 thread 1 
OMP: Info #171: KMP_AFFINITY: OS proc 31 maps to socket 1 core 9 thread 0 
OMP: Info #171: KMP_AFFINITY: OS proc 79 maps to socket 1 core 9 thread 1 
OMP: Info #171: KMP_AFFINITY: OS proc 32 maps to socket 1 core 10 thread 0 
OMP: Info #171: KMP_AFFINITY: OS proc 80 maps to socket 1 core 10 thread 1 
OMP: Info #171: KMP_AFFINITY: OS proc 33 maps to socket 1 core 11 thread 0 
OMP: Info #171: KMP_AFFINITY: OS proc 81 maps to socket 1 core 11 thread 1 
OMP: Info #171: KMP_AFFINITY: OS proc 34 maps to socket 1 core 12 thread 0 
OMP: Info #171: KMP_AFFINITY: OS proc 82 maps to socket 1 core 12 thread 1 
OMP: Info #171: KMP_AFFINITY: OS proc 35 maps to socket 1 core 13 thread 0 
OMP: Info #171: KMP_AFFINITY: OS proc 83 maps to socket 1 core 13 thread 1 
OMP: Info #171: KMP_AFFINITY: OS proc 36 maps to socket 1 core 16 thread 0 
OMP: Info #171: KMP_AFFINITY: OS proc 84 maps to socket 1 core 16 thread 1 
OMP: Info #171: KMP_AFFINITY: OS proc 37 maps to socket 1 core 17 thread 0 
OMP: Info #171: KMP_AFFINITY: OS proc 85 maps to socket 1 core 17 thread 1 
OMP: Info #171: KMP_AFFINITY: OS proc 38 maps to socket 1 core 18 thread 0 
OMP: Info #171: KMP_AFFINITY: OS proc 86 maps to socket 1 core 18 thread 1 
OMP: Info #171: KMP_AFFINITY: OS proc 39 maps to socket 1 core 19 thread 0 
OMP: Info #171: KMP_AFFINITY: OS proc 87 maps to socket 1 core 19 thread 1 
OMP: Info #171: KMP_AFFINITY: OS proc 40 maps to socket 1 core 20 thread 0 
OMP: Info #171: KMP_AFFINITY: OS proc 88 maps to socket 1 core 20 thread 1 
OMP: Info #171: KMP_AFFINITY: OS proc 41 maps to socket 1 core 21 thread 0 
OMP: Info #171: KMP_AFFINITY: OS proc 89 maps to socket 1 core 21 thread 1 
OMP: Info #171: KMP_AFFINITY: OS proc 42 maps to socket 1 core 24 thread 0 
OMP: Info #171: KMP_AFFINITY: OS proc 90 maps to socket 1 core 24 thread 1 
OMP: Info #171: KMP_AFFINITY: OS proc 43 maps to socket 1 core 25 thread 0 
OMP: Info #171: KMP_AFFINITY: OS proc 91 maps to socket 1 core 25 thread 1 
OMP: Info #171: KMP_AFFINITY: OS proc 44 maps to socket 1 core 26 thread 0 
OMP: Info #171: KMP_AFFINITY: OS proc 92 maps to socket 1 core 26 thread 1 
OMP: Info #171: KMP_AFFINITY: OS proc 45 maps to socket 1 core 27 thread 0 
OMP: Info #171: KMP_AFFINITY: OS proc 93 maps to socket 1 core 27 thread 1 
OMP: Info #171: KMP_AFFINITY: OS proc 46 maps to socket 1 core 28 thread 0 
OMP: Info #171: KMP_AFFINITY: OS proc 94 maps to socket 1 core 28 thread 1 
OMP: Info #171: KMP_AFFINITY: OS proc 47 maps to socket 1 core 29 thread 0 
OMP: Info #171: KMP_AFFINITY: OS proc 95 maps to socket 1 core 29 thread 1 
OMP: Info #144: KMP_AFFINITY: Threads may migrate across 1 innermost levels of machine
OMP: Info #251: KMP_AFFINITY: pid 3999631 tid 3999631 thread 0 bound to OS proc set 0,48
OMP: Info #251: KMP_AFFINITY: pid 3999631 tid 3999632 thread 1 bound to OS proc set 24,72
OMP: Info #251: KMP_AFFINITY: pid 3999631 tid 3999633 thread 2 bound to OS proc set 1,49
OMP: Info #251: KMP_AFFINITY: pid 3999631 tid 3999634 thread 3 bound to OS proc set 25,73
OMP: Info #251: KMP_AFFINITY: pid 3999631 tid 3999635 thread 4 bound to OS proc set 2,50
OMP: Info #251: KMP_AFFINITY: pid 3999631 tid 3999636 thread 5 bound to OS proc set 26,74
OMP: Info #251: KMP_AFFINITY: pid 3999631 tid 3999637 thread 6 bound to OS proc set 3,51
OMP: Info #251: KMP_AFFINITY: pid 3999631 tid 3999638 thread 7 bound to OS proc set 27,75
OMP: Info #251: KMP_AFFINITY: pid 3999631 tid 3999639 thread 8 bound to OS proc set 4,52
OMP: Info #251: KMP_AFFINITY: pid 3999631 tid 3999640 thread 9 bound to OS proc set 28,76
OMP: Info #251: KMP_AFFINITY: pid 3999631 tid 3999642 thread 11 bound to OS proc set 29,77
OMP: Info #251: KMP_AFFINITY: pid 3999631 tid 3999641 thread 10 bound to OS proc set 5,53
OMP: Info #251: KMP_AFFINITY: pid 3999631 tid 3999643 thread 12 bound to OS proc set 6,54
OMP: Info #251: KMP_AFFINITY: pid 3999631 tid 3999644 thread 13 bound to OS proc set 30,78
OMP: Info #251: KMP_AFFINITY: pid 3999631 tid 3999645 thread 14 bound to OS proc set 7,55
OMP: Info #251: KMP_AFFINITY: pid 3999631 tid 3999646 thread 15 bound to OS proc set 31,79
OMP: Info #251: KMP_AFFINITY: pid 3999631 tid 3999647 thread 16 bound to OS proc set 8,56
OMP: Info #251: KMP_AFFINITY: pid 3999631 tid 3999648 thread 17 bound to OS proc set 32,80
OMP: Info #251: KMP_AFFINITY: pid 3999631 tid 3999649 thread 18 bound to OS proc set 9,57
OMP: Info #251: KMP_AFFINITY: pid 3999631 tid 3999650 thread 19 bound to OS proc set 33,81
OMP: Info #251: KMP_AFFINITY: pid 3999631 tid 3999651 thread 20 bound to OS proc set 10,58
OMP: Info #251: KMP_AFFINITY: pid 3999631 tid 3999652 thread 21 bound to OS proc set 34,82
OMP: Info #251: KMP_AFFINITY: pid 3999631 tid 3999653 thread 22 bound to OS proc set 11,59
OMP: Info #251: KMP_AFFINITY: pid 3999631 tid 3999654 thread 23 bound to OS proc set 35,83
OMP: Info #251: KMP_AFFINITY: pid 3999631 tid 3999655 thread 24 bound to OS proc set 12,60
OMP: Info #251: KMP_AFFINITY: pid 3999631 tid 3999656 thread 25 bound to OS proc set 36,84
OMP: Info #251: KMP_AFFINITY: pid 3999631 tid 3999657 thread 26 bound to OS proc set 13,61
OMP: Info #251: KMP_AFFINITY: pid 3999631 tid 3999658 thread 27 bound to OS proc set 37,85
OMP: Info #251: KMP_AFFINITY: pid 3999631 tid 3999660 thread 29 bound to OS proc set 38,86
OMP: Info #251: KMP_AFFINITY: pid 3999631 tid 3999659 thread 28 bound to OS proc set 14,62
OMP: Info #251: KMP_AFFINITY: pid 3999631 tid 3999662 thread 31 bound to OS proc set 39,87
OMP: Info #251: KMP_AFFINITY: pid 3999631 tid 3999661 thread 30 bound to OS proc set 15,63


Resolution: 6500
===================
Execution time: 0.166416
Residual: 3.049154

megaflops:  35543.5
  flop instructions (M):  5915.000
Resolutions       : (6500, 7500, ... 6500)
Iterations        : 20
Num. Heat sources : 2
   1: (0.00, 0.00) 1.00 1.00 
   2: (1.00, 1.00) 1.00 0.50 
OMP: Info #154: KMP_AFFINITY: Initial OS proc set respected: 0-95
OMP: Info #213: KMP_AFFINITY: decoding x2APIC ids.
OMP: Info #276: KMP_AFFINITY: Affinity capable, using global cpuid leaf 11 info
OMP: Info #156: KMP_AFFINITY: 96 available OS procs
OMP: Info #157: KMP_AFFINITY: Uniform topology
OMP: Info #191: KMP_AFFINITY: 2 sockets x 24 cores/socket x 2 threads/core (48 total cores)
OMP: Info #215: KMP_AFFINITY: OS proc to physical thread map:
OMP: Info #171: KMP_AFFINITY: OS proc 0 maps to socket 0 core 0 thread 0 
OMP: Info #171: KMP_AFFINITY: OS proc 48 maps to socket 0 core 0 thread 1 
OMP: Info #171: KMP_AFFINITY: OS proc 1 maps to socket 0 core 1 thread 0 
OMP: Info #171: KMP_AFFINITY: OS proc 49 maps to socket 0 core 1 thread 1 
OMP: Info #171: KMP_AFFINITY: OS proc 2 maps to socket 0 core 2 thread 0 
OMP: Info #171: KMP_AFFINITY: OS proc 50 maps to socket 0 core 2 thread 1 
OMP: Info #171: KMP_AFFINITY: OS proc 3 maps to socket 0 core 3 thread 0 
OMP: Info #171: KMP_AFFINITY: OS proc 51 maps to socket 0 core 3 thread 1 
OMP: Info #171: KMP_AFFINITY: OS proc 4 maps to socket 0 core 4 thread 0 
OMP: Info #171: KMP_AFFINITY: OS proc 52 maps to socket 0 core 4 thread 1 
OMP: Info #171: KMP_AFFINITY: OS proc 5 maps to socket 0 core 5 thread 0 
OMP: Info #171: KMP_AFFINITY: OS proc 53 maps to socket 0 core 5 thread 1 
OMP: Info #171: KMP_AFFINITY: OS proc 6 maps to socket 0 core 8 thread 0 
OMP: Info #171: KMP_AFFINITY: OS proc 54 maps to socket 0 core 8 thread 1 
OMP: Info #171: KMP_AFFINITY: OS proc 7 maps to socket 0 core 9 thread 0 
OMP: Info #171: KMP_AFFINITY: OS proc 55 maps to socket 0 core 9 thread 1 
OMP: Info #171: KMP_AFFINITY: OS proc 8 maps to socket 0 core 10 thread 0 
OMP: Info #171: KMP_AFFINITY: OS proc 56 maps to socket 0 core 10 thread 1 
OMP: Info #171: KMP_AFFINITY: OS proc 9 maps to socket 0 core 11 thread 0 
OMP: Info #171: KMP_AFFINITY: OS proc 57 maps to socket 0 core 11 thread 1 
OMP: Info #171: KMP_AFFINITY: OS proc 10 maps to socket 0 core 12 thread 0 
OMP: Info #171: KMP_AFFINITY: OS proc 58 maps to socket 0 core 12 thread 1 
OMP: Info #171: KMP_AFFINITY: OS proc 11 maps to socket 0 core 13 thread 0 
OMP: Info #171: KMP_AFFINITY: OS proc 59 maps to socket 0 core 13 thread 1 
OMP: Info #171: KMP_AFFINITY: OS proc 12 maps to socket 0 core 16 thread 0 
OMP: Info #171: KMP_AFFINITY: OS proc 60 maps to socket 0 core 16 thread 1 
OMP: Info #171: KMP_AFFINITY: OS proc 13 maps to socket 0 core 17 thread 0 
OMP: Info #171: KMP_AFFINITY: OS proc 61 maps to socket 0 core 17 thread 1 
OMP: Info #171: KMP_AFFINITY: OS proc 14 maps to socket 0 core 18 thread 0 
OMP: Info #171: KMP_AFFINITY: OS proc 62 maps to socket 0 core 18 thread 1 
OMP: Info #171: KMP_AFFINITY: OS proc 15 maps to socket 0 core 19 thread 0 
OMP: Info #171: KMP_AFFINITY: OS proc 63 maps to socket 0 core 19 thread 1 
OMP: Info #171: KMP_AFFINITY: OS proc 16 maps to socket 0 core 20 thread 0 
OMP: Info #171: KMP_AFFINITY: OS proc 64 maps to socket 0 core 20 thread 1 
OMP: Info #171: KMP_AFFINITY: OS proc 17 maps to socket 0 core 21 thread 0 
OMP: Info #171: KMP_AFFINITY: OS proc 65 maps to socket 0 core 21 thread 1 
OMP: Info #171: KMP_AFFINITY: OS proc 18 maps to socket 0 core 24 thread 0 
OMP: Info #171: KMP_AFFINITY: OS proc 66 maps to socket 0 core 24 thread 1 
OMP: Info #171: KMP_AFFINITY: OS proc 19 maps to socket 0 core 25 thread 0 
OMP: Info #171: KMP_AFFINITY: OS proc 67 maps to socket 0 core 25 thread 1 
OMP: Info #171: KMP_AFFINITY: OS proc 20 maps to socket 0 core 26 thread 0 
OMP: Info #171: KMP_AFFINITY: OS proc 68 maps to socket 0 core 26 thread 1 
OMP: Info #171: KMP_AFFINITY: OS proc 21 maps to socket 0 core 27 thread 0 
OMP: Info #171: KMP_AFFINITY: OS proc 69 maps to socket 0 core 27 thread 1 
OMP: Info #171: KMP_AFFINITY: OS proc 22 maps to socket 0 core 28 thread 0 
OMP: Info #171: KMP_AFFINITY: OS proc 70 maps to socket 0 core 28 thread 1 
OMP: Info #171: KMP_AFFINITY: OS proc 23 maps to socket 0 core 29 thread 0 
OMP: Info #171: KMP_AFFINITY: OS proc 71 maps to socket 0 core 29 thread 1 
OMP: Info #171: KMP_AFFINITY: OS proc 24 maps to socket 1 core 0 thread 0 
OMP: Info #171: KMP_AFFINITY: OS proc 72 maps to socket 1 core 0 thread 1 
OMP: Info #171: KMP_AFFINITY: OS proc 25 maps to socket 1 core 1 thread 0 
OMP: Info #171: KMP_AFFINITY: OS proc 73 maps to socket 1 core 1 thread 1 
OMP: Info #171: KMP_AFFINITY: OS proc 26 maps to socket 1 core 2 thread 0 
OMP: Info #171: KMP_AFFINITY: OS proc 74 maps to socket 1 core 2 thread 1 
OMP: Info #171: KMP_AFFINITY: OS proc 27 maps to socket 1 core 3 thread 0 
OMP: Info #171: KMP_AFFINITY: OS proc 75 maps to socket 1 core 3 thread 1 
OMP: Info #171: KMP_AFFINITY: OS proc 28 maps to socket 1 core 4 thread 0 
OMP: Info #171: KMP_AFFINITY: OS proc 76 maps to socket 1 core 4 thread 1 
OMP: Info #171: KMP_AFFINITY: OS proc 29 maps to socket 1 core 5 thread 0 
OMP: Info #171: KMP_AFFINITY: OS proc 77 maps to socket 1 core 5 thread 1 
OMP: Info #171: KMP_AFFINITY: OS proc 30 maps to socket 1 core 8 thread 0 
OMP: Info #171: KMP_AFFINITY: OS proc 78 maps to socket 1 core 8 thread 1 
OMP: Info #171: KMP_AFFINITY: OS proc 31 maps to socket 1 core 9 thread 0 
OMP: Info #171: KMP_AFFINITY: OS proc 79 maps to socket 1 core 9 thread 1 
OMP: Info #171: KMP_AFFINITY: OS proc 32 maps to socket 1 core 10 thread 0 
OMP: Info #171: KMP_AFFINITY: OS proc 80 maps to socket 1 core 10 thread 1 
OMP: Info #171: KMP_AFFINITY: OS proc 33 maps to socket 1 core 11 thread 0 
OMP: Info #171: KMP_AFFINITY: OS proc 81 maps to socket 1 core 11 thread 1 
OMP: Info #171: KMP_AFFINITY: OS proc 34 maps to socket 1 core 12 thread 0 
OMP: Info #171: KMP_AFFINITY: OS proc 82 maps to socket 1 core 12 thread 1 
OMP: Info #171: KMP_AFFINITY: OS proc 35 maps to socket 1 core 13 thread 0 
OMP: Info #171: KMP_AFFINITY: OS proc 83 maps to socket 1 core 13 thread 1 
OMP: Info #171: KMP_AFFINITY: OS proc 36 maps to socket 1 core 16 thread 0 
OMP: Info #171: KMP_AFFINITY: OS proc 84 maps to socket 1 core 16 thread 1 
OMP: Info #171: KMP_AFFINITY: OS proc 37 maps to socket 1 core 17 thread 0 
OMP: Info #171: KMP_AFFINITY: OS proc 85 maps to socket 1 core 17 thread 1 
OMP: Info #171: KMP_AFFINITY: OS proc 38 maps to socket 1 core 18 thread 0 
OMP: Info #171: KMP_AFFINITY: OS proc 86 maps to socket 1 core 18 thread 1 
OMP: Info #171: KMP_AFFINITY: OS proc 39 maps to socket 1 core 19 thread 0 
OMP: Info #171: KMP_AFFINITY: OS proc 87 maps to socket 1 core 19 thread 1 
OMP: Info #171: KMP_AFFINITY: OS proc 40 maps to socket 1 core 20 thread 0 
OMP: Info #171: KMP_AFFINITY: OS proc 88 maps to socket 1 core 20 thread 1 
OMP: Info #171: KMP_AFFINITY: OS proc 41 maps to socket 1 core 21 thread 0 
OMP: Info #171: KMP_AFFINITY: OS proc 89 maps to socket 1 core 21 thread 1 
OMP: Info #171: KMP_AFFINITY: OS proc 42 maps to socket 1 core 24 thread 0 
OMP: Info #171: KMP_AFFINITY: OS proc 90 maps to socket 1 core 24 thread 1 
OMP: Info #171: KMP_AFFINITY: OS proc 43 maps to socket 1 core 25 thread 0 
OMP: Info #171: KMP_AFFINITY: OS proc 91 maps to socket 1 core 25 thread 1 
OMP: Info #171: KMP_AFFINITY: OS proc 44 maps to socket 1 core 26 thread 0 
OMP: Info #171: KMP_AFFINITY: OS proc 92 maps to socket 1 core 26 thread 1 
OMP: Info #171: KMP_AFFINITY: OS proc 45 maps to socket 1 core 27 thread 0 
OMP: Info #171: KMP_AFFINITY: OS proc 93 maps to socket 1 core 27 thread 1 
OMP: Info #171: KMP_AFFINITY: OS proc 46 maps to socket 1 core 28 thread 0 
OMP: Info #171: KMP_AFFINITY: OS proc 94 maps to socket 1 core 28 thread 1 
OMP: Info #171: KMP_AFFINITY: OS proc 47 maps to socket 1 core 29 thread 0 
OMP: Info #171: KMP_AFFINITY: OS proc 95 maps to socket 1 core 29 thread 1 
OMP: Info #144: KMP_AFFINITY: Threads may migrate across 1 innermost levels of machine
OMP: Info #251: KMP_AFFINITY: pid 3999663 tid 3999663 thread 0 bound to OS proc set 0,48
OMP: Info #251: KMP_AFFINITY: pid 3999663 tid 3999664 thread 1 bound to OS proc set 24,72
OMP: Info #251: KMP_AFFINITY: pid 3999663 tid 3999665 thread 2 bound to OS proc set 1,49
OMP: Info #251: KMP_AFFINITY: pid 3999663 tid 3999666 thread 3 bound to OS proc set 25,73
OMP: Info #251: KMP_AFFINITY: pid 3999663 tid 3999667 thread 4 bound to OS proc set 2,50
OMP: Info #251: KMP_AFFINITY: pid 3999663 tid 3999668 thread 5 bound to OS proc set 26,74
OMP: Info #251: KMP_AFFINITY: pid 3999663 tid 3999669 thread 6 bound to OS proc set 3,51
OMP: Info #251: KMP_AFFINITY: pid 3999663 tid 3999670 thread 7 bound to OS proc set 27,75
OMP: Info #251: KMP_AFFINITY: pid 3999663 tid 3999671 thread 8 bound to OS proc set 4,52
OMP: Info #251: KMP_AFFINITY: pid 3999663 tid 3999673 thread 10 bound to OS proc set 5,53
OMP: Info #251: KMP_AFFINITY: pid 3999663 tid 3999672 thread 9 bound to OS proc set 28,76
OMP: Info #251: KMP_AFFINITY: pid 3999663 tid 3999674 thread 11 bound to OS proc set 29,77
OMP: Info #251: KMP_AFFINITY: pid 3999663 tid 3999675 thread 12 bound to OS proc set 6,54
OMP: Info #251: KMP_AFFINITY: pid 3999663 tid 3999676 thread 13 bound to OS proc set 30,78
OMP: Info #251: KMP_AFFINITY: pid 3999663 tid 3999677 thread 14 bound to OS proc set 7,55
OMP: Info #251: KMP_AFFINITY: pid 3999663 tid 3999678 thread 15 bound to OS proc set 31,79
OMP: Info #251: KMP_AFFINITY: pid 3999663 tid 3999679 thread 16 bound to OS proc set 8,56
OMP: Info #251: KMP_AFFINITY: pid 3999663 tid 3999680 thread 17 bound to OS proc set 32,80
OMP: Info #251: KMP_AFFINITY: pid 3999663 tid 3999683 thread 20 bound to OS proc set 10,58
OMP: Info #251: KMP_AFFINITY: pid 3999663 tid 3999681 thread 18 bound to OS proc set 9,57
OMP: Info #251: KMP_AFFINITY: pid 3999663 tid 3999682 thread 19 bound to OS proc set 33,81
OMP: Info #251: KMP_AFFINITY: pid 3999663 tid 3999684 thread 21 bound to OS proc set 34,82
OMP: Info #251: KMP_AFFINITY: pid 3999663 tid 3999685 thread 22 bound to OS proc set 11,59
OMP: Info #251: KMP_AFFINITY: pid 3999663 tid 3999686 thread 23 bound to OS proc set 35,83
OMP: Info #251: KMP_AFFINITY: pid 3999663 tid 3999688 thread 25 bound to OS proc set 36,84
OMP: Info #251: KMP_AFFINITY: pid 3999663 tid 3999687 thread 24 bound to OS proc set 12,60
OMP: Info #251: KMP_AFFINITY: pid 3999663 tid 3999689 thread 26 bound to OS proc set 13,61
OMP: Info #251: KMP_AFFINITY: pid 3999663 tid 3999690 thread 27 bound to OS proc set 37,85
OMP: Info #251: KMP_AFFINITY: pid 3999663 tid 3999691 thread 28 bound to OS proc set 14,62
OMP: Info #251: KMP_AFFINITY: pid 3999663 tid 3999692 thread 29 bound to OS proc set 38,86
OMP: Info #251: KMP_AFFINITY: pid 3999663 tid 3999693 thread 30 bound to OS proc set 15,63
OMP: Info #251: KMP_AFFINITY: pid 3999663 tid 3999694 thread 31 bound to OS proc set 39,87
OMP: Info #251: KMP_AFFINITY: pid 3999663 tid 3999695 thread 32 bound to OS proc set 16,64
OMP: Info #251: KMP_AFFINITY: pid 3999663 tid 3999696 thread 33 bound to OS proc set 40,88
OMP: Info #251: KMP_AFFINITY: pid 3999663 tid 3999697 thread 34 bound to OS proc set 17,65
OMP: Info #251: KMP_AFFINITY: pid 3999663 tid 3999698 thread 35 bound to OS proc set 41,89
OMP: Info #251: KMP_AFFINITY: pid 3999663 tid 3999699 thread 36 bound to OS proc set 18,66
OMP: Info #251: KMP_AFFINITY: pid 3999663 tid 3999700 thread 37 bound to OS proc set 42,90
OMP: Info #251: KMP_AFFINITY: pid 3999663 tid 3999701 thread 38 bound to OS proc set 19,67
OMP: Info #251: KMP_AFFINITY: pid 3999663 tid 3999702 thread 39 bound to OS proc set 43,91
OMP: Info #251: KMP_AFFINITY: pid 3999663 tid 3999703 thread 40 bound to OS proc set 20,68
OMP: Info #251: KMP_AFFINITY: pid 3999663 tid 3999704 thread 41 bound to OS proc set 44,92
OMP: Info #251: KMP_AFFINITY: pid 3999663 tid 3999706 thread 43 bound to OS proc set 45,93
OMP: Info #251: KMP_AFFINITY: pid 3999663 tid 3999705 thread 42 bound to OS proc set 21,69
OMP: Info #251: KMP_AFFINITY: pid 3999663 tid 3999707 thread 44 bound to OS proc set 22,70
OMP: Info #251: KMP_AFFINITY: pid 3999663 tid 3999708 thread 45 bound to OS proc set 46,94
OMP: Info #251: KMP_AFFINITY: pid 3999663 tid 3999709 thread 46 bound to OS proc set 23,71
OMP: Info #251: KMP_AFFINITY: pid 3999663 tid 3999710 thread 47 bound to OS proc set 47,95


Resolution: 6500
===================
Execution time: 0.180472
Residual: 3.049154

megaflops:  32775.1
  flop instructions (M):  5915.000
