mpiexec -genv I_MPI_DEBUG=4 n -2
[0] MPI startup(): Intel(R) MPI Library, Version 2019 Update 8  Build 20200624 (id: 4f16ad915)
[0] MPI startup(): Copyright (C) 2003-2020 Intel Corporation.  All rights reserved.
[0] MPI startup(): library kind: release
[0] MPI startup(): libfabric version: 1.10.1-impi
[0] MPI startup(): libfabric provider: psm2
[0] MPI startup(): Rank    Pid      Node name     Pin cpu
[0] MPI startup(): 0       442939   i01r01c01s01  {0,1,2,3,4,5,6,7,8,9,10,11,12,13,14,15,16,17,18,19,20,21,22,23,48,49,50,51,52,53,
                                    54,55,56,57,58,59,60,61,62,63,64,65,66,67,68,69,70,71}
[0] MPI startup(): 1       442940   i01r01c01s01  {24,25,26,27,28,29,30,31,32,33,34,35,36,37,38,39,40,41,42,43,44,45,46,47,72,73,74
                                    ,75,76,77,78,79,80,81,82,83,84,85,86,87,88,89,90,91,92,93,94,95}

1 processes distributed in X-direction
 2 ; processes distributed in Y-direction
Resolutions       : (6500, 7500, ... 12500)
Iterations        : 20
Num. Heat sources : 2
   1: (0.00, 0.00) 1.00 1.00 
   2: (1.00, 1.00) 1.00 0.50 
rank= 0 coords= 0 0 neighbours(up,down,left,right)= -1 -1 -1 1
rank= 1 coords= 0 1 neighbours(up,down,left,right)= -1 -1 0 -1

Num-X: 2 ; Num-Y: 1 ; Resolution: 6500 ; Rank: 1 ; Rank-X: 0 ; Rank-Y: 1 ; Rowstart: 0; Rowend: 6501; Rows: 6501; Colstart: 3250; Colend: 6501; Cols: 3251;
Num-X: 2 ; Num-Y: 1 ; Resolution: 6500 ; Rank: 0 ; Rank-X: 0 ; Rank-Y: 0 ; Rowstart: 0; Rowend: 6501; Rows: 6501; Colstart: 0; Colend: 3251; Cols: 3251;

Resolution: 6500
===================
Execution time: 0.572624
Residual: 3.048071

megaflops:  10329.6
  flop instructions (M):  5915.000

Num-X: 2 ; Num-Y: 1 ; Resolution: 7500 ; Rank: 1 ; Rank-X: 0 ; Rank-Y: 1 ; Rowstart: 0; Rowend: 7501; Rows: 7501; Colstart: 3750; Colend: 7501; Cols: 3751;
Num-X: 2 ; Num-Y: 1 ; Resolution: 7500 ; Rank: 0 ; Rank-X: 0 ; Rank-Y: 0 ; Rowstart: 0; Rowend: 7501; Rows: 7501; Colstart: 0; Colend: 3751; Cols: 3751;

Resolution: 7500
===================
Execution time: 0.764628
Residual: 3.517101

megaflops:  10299.1
  flop instructions (M):  7875.000

Num-X: 2 ; Num-Y: 1 ; Resolution: 8500 ; Rank: 0 ; Rank-X: 0 ; Rank-Y: 0 ; Rowstart: 0; Rowend: 8501; Rows: 8501; Colstart: 0; Colend: 4251; Cols: 4251;
Num-X: 2 ; Num-Y: 1 ; Resolution: 8500 ; Rank: 1 ; Rank-X: 0 ; Rank-Y: 1 ; Rowstart: 0; Rowend: 8501; Rows: 8501; Colstart: 4250; Colend: 8501; Cols: 4251;

Resolution: 8500
===================
Execution time: 0.960333
Residual: 3.986130

megaflops:  10532.8
  flop instructions (M):  10115.000

Num-X: 2 ; Num-Y: 1 ; Resolution: 9500 ; Rank: 1 ; Rank-X: 0 ; Rank-Y: 1 ; Rowstart: 0; Rowend: 9501; Rows: 9501; Colstart: 4750; Colend: 9501; Cols: 4751;
Num-X: 2 ; Num-Y: 1 ; Resolution: 9500 ; Rank: 0 ; Rank-X: 0 ; Rank-Y: 0 ; Rowstart: 0; Rowend: 9501; Rows: 9501; Colstart: 0; Colend: 4751; Cols: 4751;

Resolution: 9500
===================
Execution time: 1.207250
Residual: 4.455160

megaflops:  10465.9
  flop instructions (M):  12635.000

Num-X: 2 ; Num-Y: 1 ; Resolution: 10500 ; Rank: 0 ; Rank-X: 0 ; Rank-Y: 0 ; Rowstart: 0; Rowend: 10501; Rows: 10501; Colstart: 0; Colend: 5251; Cols: 5251;
Num-X: 2 ; Num-Y: 1 ; Resolution: 10500 ; Rank: 1 ; Rank-X: 0 ; Rank-Y: 1 ; Rowstart: 0; Rowend: 10501; Rows: 10501; Colstart: 5250; Colend: 10501; Cols: 5251;

Resolution: 10500
===================
Execution time: 1.482012
Residual: 4.924189

megaflops:  10414.9
  flop instructions (M):  15435.000

Num-X: 2 ; Num-Y: 1 ; Resolution: 11500 ; Rank: 0 ; Rank-X: 0 ; Rank-Y: 0 ; Rowstart: 0; Rowend: 11501; Rows: 11501; Colstart: 0; Colend: 5751; Cols: 5751;
Num-X: 2 ; Num-Y: 1 ; Resolution: 11500 ; Rank: 1 ; Rank-X: 0 ; Rank-Y: 1 ; Rowstart: 0; Rowend: 11501; Rows: 11501; Colstart: 5750; Colend: 11501; Cols: 5751;

Resolution: 11500
===================
Execution time: 1.789068
Residual: 5.393218

megaflops:  10349.0
  flop instructions (M):  18515.000

Num-X: 2 ; Num-Y: 1 ; Resolution: 12500 ; Rank: 0 ; Rank-X: 0 ; Rank-Y: 0 ; Rowstart: 0; Rowend: 12501; Rows: 12501; Colstart: 0; Colend: 6251; Cols: 6251;
Num-X: 2 ; Num-Y: 1 ; Resolution: 12500 ; Rank: 1 ; Rank-X: 0 ; Rank-Y: 1 ; Rowstart: 0; Rowend: 12501; Rows: 12501; Colstart: 6250; Colend: 12501; Cols: 6251;

Resolution: 12500
===================
Execution time: 2.118488
Residual: 5.862247

megaflops:  10325.8
  flop instructions (M):  21875.000
