mpiexec -genv I_MPI_DEBUG=4 -n 30
[0] MPI startup(): Intel(R) MPI Library, Version 2019 Update 8  Build 20200624 (id: 4f16ad915)
[0] MPI startup(): Copyright (C) 2003-2020 Intel Corporation.  All rights reserved.
[0] MPI startup(): library kind: release
[0] MPI startup(): libfabric version: 1.10.1-impi
[0] MPI startup(): libfabric provider: psm2
[0] MPI startup(): Rank    Pid      Node name     Pin cpu
[0] MPI startup(): 0       2229256  i01r01c01s02  {0,1,48}
[0] MPI startup(): 1       2229257  i01r01c01s02  {2,49,50}
[0] MPI startup(): 2       2229258  i01r01c01s02  {3,4,51}
[0] MPI startup(): 3       2229259  i01r01c01s02  {5,52,53}
[0] MPI startup(): 4       2229260  i01r01c01s02  {6,7,54}
[0] MPI startup(): 5       2229261  i01r01c01s02  {8,55,56}
[0] MPI startup(): 6       2229262  i01r01c01s02  {9,10,57}
[0] MPI startup(): 7       2229263  i01r01c01s02  {11,58,59}
[0] MPI startup(): 8       2229264  i01r01c01s02  {12,13,60}
[0] MPI startup(): 9       2229265  i01r01c01s02  {14,61,62}
[0] MPI startup(): 10      2229266  i01r01c01s02  {15,16,63}
[0] MPI startup(): 11      2229267  i01r01c01s02  {17,64,65}
[0] MPI startup(): 12      2229268  i01r01c01s02  {18,19,66}
[0] MPI startup(): 13      2229269  i01r01c01s02  {20,67,68}
[0] MPI startup(): 14      2229270  i01r01c01s02  {21,22,69}
[0] MPI startup(): 15      2229271  i01r01c01s02  {23,70,71}
[0] MPI startup(): 16      2229272  i01r01c01s02  {24,25,72}
[0] MPI startup(): 17      2229273  i01r01c01s02  {26,73,74}
[0] MPI startup(): 18      2229274  i01r01c01s02  {27,28,75}
[0] MPI startup(): 19      2229275  i01r01c01s02  {29,76,77}
[0] MPI startup(): 20      2229276  i01r01c01s02  {30,31,78}
[0] MPI startup(): 21      2229277  i01r01c01s02  {32,79,80}
[0] MPI startup(): 22      2229278  i01r01c01s02  {33,34,81}
[0] MPI startup(): 23      2229279  i01r01c01s02  {35,82,83}
[0] MPI startup(): 24      2229280  i01r01c01s02  {36,37,84}
[0] MPI startup(): 25      2229281  i01r01c01s02  {38,85,86}
[0] MPI startup(): 26      2229282  i01r01c01s02  {39,40,87}
[0] MPI startup(): 27      2229283  i01r01c01s02  {41,88,89}
[0] MPI startup(): 28      2229284  i01r01c01s02  {42,43,90}
[0] MPI startup(): 29      2229285  i01r01c01s02  {44,91,92}

6 processes distributed in X-direction
 5 ; processes distributed in Y-direction
Resolutions       : (6500, 7500, ... 12500)
Iterations        : 20
Num. Heat sources : 2
   1: (0.00, 0.00) 1.00 1.00 
   2: (1.00, 1.00) 1.00 0.50 
rank= 4 coords= 0 4 neighbours(up,down,left,right)= -1 9 3 -1
rank= 0 coords= 0 0 neighbours(up,down,left,right)= -1 5 -1 1
rank= 1 coords= 0 1 neighbours(up,down,left,right)= -1 6 0 2
rank= 2 coords= 0 2 neighbours(up,down,left,right)= -1 7 1 3
rank= 3 coords= 0 3 neighbours(up,down,left,right)= -1 8 2 4
rank= 5 coords= 1 0 neighbours(up,down,left,right)= 0 10 -1 6
rank= 6 coords= 1 1 neighbours(up,down,left,right)= 1 11 5 7
rank= 8 coords= 1 3 neighbours(up,down,left,right)= 3 13 7 9
rank= 11 coords= 2 1 neighbours(up,down,left,right)= 6 16 10 12
rank= 12 coords= 2 2 neighbours(up,down,left,right)= 7 17 11 13
rank= 13 coords= 2 3 neighbours(up,down,left,right)= 8 18 12 14
rank= 14 coords= 2 4 neighbours(up,down,left,right)= 9 19 13 -1
rank= 7 coords= 1 2 neighbours(up,down,left,right)= 2 12 6 8
rank= 9 coords= 1 4 neighbours(up,down,left,right)= 4 14 8 -1
rank= 10 coords= 2 0 neighbours(up,down,left,right)= 5 15 -1 11
rank= 15 coords= 3 0 neighbours(up,down,left,right)= 10 20 -1 16
rank= 16 coords= 3 1 neighbours(up,down,left,right)= 11 21 15 17
rank= 17 coords= 3 2 neighbours(up,down,left,right)= 12 22 16 18
rank= 18 coords= 3 3 neighbours(up,down,left,right)= 13 23 17 19
rank= 19 coords= 3 4 neighbours(up,down,left,right)= 14 24 18 -1
rank= 20 coords= 4 0 neighbours(up,down,left,right)= 15 25 -1 21
rank= 21 coords= 4 1 neighbours(up,down,left,right)= 16 26 20 22
rank= 22 coords= 4 2 neighbours(up,down,left,right)= 17 27 21 23
rank= 23 coords= 4 3 neighbours(up,down,left,right)= 18 28 22 24
rank= 24 coords= 4 4 neighbours(up,down,left,right)= 19 29 23 -1
rank= 25 coords= 5 0 neighbours(up,down,left,right)= 20 -1 -1 26
rank= 26 coords= 5 1 neighbours(up,down,left,right)= 21 -1 25 27
rank= 27 coords= 5 2 neighbours(up,down,left,right)= 22 -1 26 28
rank= 28 coords= 5 3 neighbours(up,down,left,right)= 23 -1 27 29
rank= 29 coords= 5 4 neighbours(up,down,left,right)= 24 -1 28 -1

Num-X: 5 ; Num-Y: 6 ; Resolution: 6500 ; Rank: 21 ; Rank-X: 4 ; Rank-Y: 1 ; Rowstart: 4336; Rowend: 5421; Rows: 1085; Colstart: 1300; Colend: 2601; Cols: 1301;
Num-X: 5 ; Num-Y: 6 ; Resolution: 6500 ; Rank: 16 ; Rank-X: 3 ; Rank-Y: 1 ; Rowstart: 3252; Rowend: 4337; Rows: 1085; Colstart: 1300; Colend: 2601; Cols: 1301;
Num-X: 5 ; Num-Y: 6 ; Resolution: 6500 ; Rank: 17 ; Rank-X: 3 ; Rank-Y: 2 ; Rowstart: 3252; Rowend: 4337; Rows: 1085; Colstart: 2600; Colend: 3901; Cols: 1301;
Num-X: 5 ; Num-Y: 6 ; Resolution: 6500 ; Rank: 20 ; Rank-X: 4 ; Rank-Y: 0 ; Rowstart: 4336; Rowend: 5421; Rows: 1085; Colstart: 0; Colend: 1301; Cols: 1301;
Num-X: 5 ; Num-Y: 6 ; Resolution: 6500 ; Rank: 19 ; Rank-X: 3 ; Rank-Y: 4 ; Rowstart: 3252; Rowend: 4337; Rows: 1085; Colstart: 5200; Colend: 6501; Cols: 1301;
Num-X: 5 ; Num-Y: 6 ; Resolution: 6500 ; Rank: 22 ; Rank-X: 4 ; Rank-Y: 2 ; Rowstart: 4336; Rowend: 5421; Rows: 1085; Colstart: 2600; Colend: 3901; Cols: 1301;
Num-X: 5 ; Num-Y: 6 ; Resolution: 6500 ; Rank: 18 ; Rank-X: 3 ; Rank-Y: 3 ; Rowstart: 3252; Rowend: 4337; Rows: 1085; Colstart: 3900; Colend: 5201; Cols: 1301;
Num-X: 5 ; Num-Y: 6 ; Resolution: 6500 ; Rank: 26 ; Rank-X: 5 ; Rank-Y: 1 ; Rowstart: 5420; Rowend: 6501; Rows: 1081; Colstart: 1300; Colend: 2601; Cols: 1301;
Num-X: 5 ; Num-Y: 6 ; Resolution: 6500 ; Rank: 23 ; Rank-X: 4 ; Rank-Y: 3 ; Rowstart: 4336; Rowend: 5421; Rows: 1085; Colstart: 3900; Colend: 5201; Cols: 1301;
Num-X: 5 ; Num-Y: 6 ; Resolution: 6500 ; Rank: 25 ; Rank-X: 5 ; Rank-Y: 0 ; Rowstart: 5420; Rowend: 6501; Rows: 1081; Colstart: 0; Colend: 1301; Cols: 1301;
Num-X: 5 ; Num-Y: 6 ; Resolution: 6500 ; Rank: 5 ; Rank-X: 1 ; Rank-Y: 0 ; Rowstart: 1084; Rowend: 2169; Rows: 1085; Colstart: 0; Colend: 1301; Cols: 1301;
Num-X: 5 ; Num-Y: 6 ; Resolution: 6500 ; Rank: 2 ; Rank-X: 0 ; Rank-Y: 2 ; Rowstart: 0; Rowend: 1085; Rows: 1085; Colstart: 2600; Colend: 3901; Cols: 1301;
Num-X: 5 ; Num-Y: 6 ; Resolution: 6500 ; Rank: 24 ; Rank-X: 4 ; Rank-Y: 4 ; Rowstart: 4336; Rowend: 5421; Rows: 1085; Colstart: 5200; Colend: 6501; Cols: 1301;
Num-X: 5 ; Num-Y: 6 ; Resolution: 6500 ; Rank: 3 ; Rank-X: 0 ; Rank-Y: 3 ; Rowstart: 0; Rowend: 1085; Rows: 1085; Colstart: 3900; Colend: 5201; Cols: 1301;
Num-X: 5 ; Num-Y: 6 ; Resolution: 6500 ; Rank: 4 ; Rank-X: 0 ; Rank-Y: 4 ; Rowstart: 0; Rowend: 1085; Rows: 1085; Colstart: 5200; Colend: 6501; Cols: 1301;
Num-X: 5 ; Num-Y: 6 ; Resolution: 6500 ; Rank: 28 ; Rank-X: 5 ; Rank-Y: 3 ; Rowstart: 5420; Rowend: 6501; Rows: 1081; Colstart: 3900; Colend: 5201; Cols: 1301;
Num-X: 5 ; Num-Y: 6 ; Resolution: 6500 ; Rank: 7 ; Rank-X: 1 ; Rank-Y: 2 ; Rowstart: 1084; Rowend: 2169; Rows: 1085; Colstart: 2600; Colend: 3901; Cols: 1301;
Num-X: 5 ; Num-Y: 6 ; Resolution: 6500 ; Rank: 27 ; Rank-X: 5 ; Rank-Y: 2 ; Rowstart: 5420; Rowend: 6501; Rows: 1081; Colstart: 2600; Colend: 3901; Cols: 1301;
Num-X: 5 ; Num-Y: 6 ; Resolution: 6500 ; Rank: 29 ; Rank-X: 5 ; Rank-Y: 4 ; Rowstart: 5420; Rowend: 6501; Rows: 1081; Colstart: 5200; Colend: 6501; Cols: 1301;
Num-X: 5 ; Num-Y: 6 ; Resolution: 6500 ; Rank: 10 ; Rank-X: 2 ; Rank-Y: 0 ; Rowstart: 2168; Rowend: 3253; Rows: 1085; Colstart: 0; Colend: 1301; Cols: 1301;
Num-X: 5 ; Num-Y: 6 ; Resolution: 6500 ; Rank: 14 ; Rank-X: 2 ; Rank-Y: 4 ; Rowstart: 2168; Rowend: 3253; Rows: 1085; Colstart: 5200; Colend: 6501; Cols: 1301;
Num-X: 5 ; Num-Y: 6 ; Resolution: 6500 ; Rank: 9 ; Rank-X: 1 ; Rank-Y: 4 ; Rowstart: 1084; Rowend: 2169; Rows: 1085; Colstart: 5200; Colend: 6501; Cols: 1301;
Num-X: 5 ; Num-Y: 6 ; Resolution: 6500 ; Rank: 0 ; Rank-X: 0 ; Rank-Y: 0 ; Rowstart: 0; Rowend: 1085; Rows: 1085; Colstart: 0; Colend: 1301; Cols: 1301;
Num-X: 5 ; Num-Y: 6 ; Resolution: 6500 ; Rank: 1 ; Rank-X: 0 ; Rank-Y: 1 ; Rowstart: 0; Rowend: 1085; Rows: 1085; Colstart: 1300; Colend: 2601; Cols: 1301;
Num-X: 5 ; Num-Y: 6 ; Resolution: 6500 ; Rank: 6 ; Rank-X: 1 ; Rank-Y: 1 ; Rowstart: 1084; Rowend: 2169; Rows: 1085; Colstart: 1300; Colend: 2601; Cols: 1301;
Num-X: 5 ; Num-Y: 6 ; Resolution: 6500 ; Rank: 8 ; Rank-X: 1 ; Rank-Y: 3 ; Rowstart: 1084; Rowend: 2169; Rows: 1085; Colstart: 3900; Colend: 5201; Cols: 1301;
Num-X: 5 ; Num-Y: 6 ; Resolution: 6500 ; Rank: 13 ; Rank-X: 2 ; Rank-Y: 3 ; Rowstart: 2168; Rowend: 3253; Rows: 1085; Colstart: 3900; Colend: 5201; Cols: 1301;
Num-X: 5 ; Num-Y: 6 ; Resolution: 6500 ; Rank: 11 ; Rank-X: 2 ; Rank-Y: 1 ; Rowstart: 2168; Rowend: 3253; Rows: 1085; Colstart: 1300; Colend: 2601; Cols: 1301;
Num-X: 5 ; Num-Y: 6 ; Resolution: 6500 ; Rank: 12 ; Rank-X: 2 ; Rank-Y: 2 ; Rowstart: 2168; Rowend: 3253; Rows: 1085; Colstart: 2600; Colend: 3901; Cols: 1301;
Num-X: 5 ; Num-Y: 6 ; Resolution: 6500 ; Rank: 15 ; Rank-X: 3 ; Rank-Y: 0 ; Rowstart: 3252; Rowend: 4337; Rows: 1085; Colstart: 0; Colend: 1301; Cols: 1301;

Resolution: 6500
===================
Execution time: 0.099378
Residual: 3.049154

megaflops:  59520.3
  flop instructions (M):  5915.000

Num-X: 5 ; Num-Y: 6 ; Resolution: 7500 ; Rank: 18 ; Rank-X: 3 ; Rank-Y: 3 ; Rowstart: 3750; Rowend: 5001; Rows: 1251; Colstart: 4500; Colend: 6001; Cols: 1501;
Num-X: 5 ; Num-Y: 6 ; Resolution: 7500 ; Rank: 22 ; Rank-X: 4 ; Rank-Y: 2 ; Rowstart: 5000; Rowend: 6251; Rows: 1251; Colstart: 3000; Colend: 4501; Cols: 1501;
Num-X: 5 ; Num-Y: 6 ; Resolution: 7500 ; Rank: 23 ; Rank-X: 4 ; Rank-Y: 3 ; Rowstart: 5000; Rowend: 6251; Rows: 1251; Colstart: 4500; Colend: 6001; Cols: 1501;
Num-X: 5 ; Num-Y: 6 ; Resolution: 7500 ; Rank: 24 ; Rank-X: 4 ; Rank-Y: 4 ; Rowstart: 5000; Rowend: 6251; Rows: 1251; Colstart: 6000; Colend: 7501; Cols: 1501;
Num-X: 5 ; Num-Y: 6 ; Resolution: 7500 ; Rank: 19 ; Rank-X: 3 ; Rank-Y: 4 ; Rowstart: 3750; Rowend: 5001; Rows: 1251; Colstart: 6000; Colend: 7501; Cols: 1501;
Num-X: 5 ; Num-Y: 6 ; Resolution: 7500 ; Rank: 26 ; Rank-X: 5 ; Rank-Y: 1 ; Rowstart: 6250; Rowend: 7501; Rows: 1251; Colstart: 1500; Colend: 3001; Cols: 1501;
Num-X: 5 ; Num-Y: 6 ; Resolution: 7500 ; Rank: 28 ; Rank-X: 5 ; Rank-Y: 3 ; Rowstart: 6250; Rowend: 7501; Rows: 1251; Colstart: 4500; Colend: 6001; Cols: 1501;
Num-X: 5 ; Num-Y: 6 ; Resolution: 7500 ; Rank: 25 ; Rank-X: 5 ; Rank-Y: 0 ; Rowstart: 6250; Rowend: 7501; Rows: 1251; Colstart: 0; Colend: 1501; Cols: 1501;
Num-X: 5 ; Num-Y: 6 ; Resolution: 7500 ; Rank: 17 ; Rank-X: 3 ; Rank-Y: 2 ; Rowstart: 3750; Rowend: 5001; Rows: 1251; Colstart: 3000; Colend: 4501; Cols: 1501;
Num-X: 5 ; Num-Y: 6 ; Resolution: 7500 ; Rank: 27 ; Rank-X: 5 ; Rank-Y: 2 ; Rowstart: 6250; Rowend: 7501; Rows: 1251; Colstart: 3000; Colend: 4501; Cols: 1501;
Num-X: 5 ; Num-Y: 6 ; Resolution: 7500 ; Rank: 21 ; Rank-X: 4 ; Rank-Y: 1 ; Rowstart: 5000; Rowend: 6251; Rows: 1251; Colstart: 1500; Colend: 3001; Cols: 1501;
Num-X: 5 ; Num-Y: 6 ; Resolution: 7500 ; Rank: 16 ; Rank-X: 3 ; Rank-Y: 1 ; Rowstart: 3750; Rowend: 5001; Rows: 1251; Colstart: 1500; Colend: 3001; Cols: 1501;
Num-X: 5 ; Num-Y: 6 ; Resolution: 7500 ; Rank: 20 ; Rank-X: 4 ; Rank-Y: 0 ; Rowstart: 5000; Rowend: 6251; Rows: 1251; Colstart: 0; Colend: 1501; Cols: 1501;
Num-X: 5 ; Num-Y: 6 ; Resolution: 7500 ; Rank: 29 ; Rank-X: 5 ; Rank-Y: 4 ; Rowstart: 6250; Rowend: 7501; Rows: 1251; Colstart: 6000; Colend: 7501; Cols: 1501;
Num-X: 5 ; Num-Y: 6 ; Resolution: 7500 ; Rank: 11 ; Rank-X: 2 ; Rank-Y: 1 ; Rowstart: 2500; Rowend: 3751; Rows: 1251; Colstart: 1500; Colend: 3001; Cols: 1501;
Num-X: 5 ; Num-Y: 6 ; Resolution: 7500 ; Rank: 13 ; Rank-X: 2 ; Rank-Y: 3 ; Rowstart: 2500; Rowend: 3751; Rows: 1251; Colstart: 4500; Colend: 6001; Cols: 1501;
Num-X: 5 ; Num-Y: 6 ; Resolution: 7500 ; Rank: 6 ; Rank-X: 1 ; Rank-Y: 1 ; Rowstart: 1250; Rowend: 2501; Rows: 1251; Colstart: 1500; Colend: 3001; Cols: 1501;
Num-X: 5 ; Num-Y: 6 ; Resolution: 7500 ; Rank: 8 ; Rank-X: 1 ; Rank-Y: 3 ; Rowstart: 1250; Rowend: 2501; Rows: 1251; Colstart: 4500; Colend: 6001; Cols: 1501;
Num-X: 5 ; Num-Y: 6 ; Resolution: 7500 ; Rank: 1 ; Rank-X: 0 ; Rank-Y: 1 ; Rowstart: 0; Rowend: 1251; Rows: 1251; Colstart: 1500; Colend: 3001; Cols: 1501;
Num-X: 5 ; Num-Y: 6 ; Resolution: 7500 ; Rank: 15 ; Rank-X: 3 ; Rank-Y: 0 ; Rowstart: 3750; Rowend: 5001; Rows: 1251; Colstart: 0; Colend: 1501; Cols: 1501;
Num-X: 5 ; Num-Y: 6 ; Resolution: 7500 ; Rank: 12 ; Rank-X: 2 ; Rank-Y: 2 ; Rowstart: 2500; Rowend: 3751; Rows: 1251; Colstart: 3000; Colend: 4501; Cols: 1501;
Num-X: 5 ; Num-Y: 6 ; Resolution: 7500 ; Rank: 2 ; Rank-X: 0 ; Rank-Y: 2 ; Rowstart: 0; Rowend: 1251; Rows: 1251; Colstart: 3000; Colend: 4501; Cols: 1501;
Num-X: 5 ; Num-Y: 6 ; Resolution: 7500 ; Rank: 5 ; Rank-X: 1 ; Rank-Y: 0 ; Rowstart: 1250; Rowend: 2501; Rows: 1251; Colstart: 0; Colend: 1501; Cols: 1501;
Num-X: 5 ; Num-Y: 6 ; Resolution: 7500 ; Rank: 14 ; Rank-X: 2 ; Rank-Y: 4 ; Rowstart: 2500; Rowend: 3751; Rows: 1251; Colstart: 6000; Colend: 7501; Cols: 1501;
Num-X: 5 ; Num-Y: 6 ; Resolution: 7500 ; Rank: 7 ; Rank-X: 1 ; Rank-Y: 2 ; Rowstart: 1250; Rowend: 2501; Rows: 1251; Colstart: 3000; Colend: 4501; Cols: 1501;
Num-X: 5 ; Num-Y: 6 ; Resolution: 7500 ; Rank: 10 ; Rank-X: 2 ; Rank-Y: 0 ; Rowstart: 2500; Rowend: 3751; Rows: 1251; Colstart: 0; Colend: 1501; Cols: 1501;
Num-X: 5 ; Num-Y: 6 ; Resolution: 7500 ; Rank: 3 ; Rank-X: 0 ; Rank-Y: 3 ; Rowstart: 0; Rowend: 1251; Rows: 1251; Colstart: 4500; Colend: 6001; Cols: 1501;
Num-X: 5 ; Num-Y: 6 ; Resolution: 7500 ; Rank: 0 ; Rank-X: 0 ; Rank-Y: 0 ; Rowstart: 0; Rowend: 1251; Rows: 1251; Colstart: 0; Colend: 1501; Cols: 1501;
Num-X: 5 ; Num-Y: 6 ; Resolution: 7500 ; Rank: 9 ; Rank-X: 1 ; Rank-Y: 4 ; Rowstart: 1250; Rowend: 2501; Rows: 1251; Colstart: 6000; Colend: 7501; Cols: 1501;
Num-X: 5 ; Num-Y: 6 ; Resolution: 7500 ; Rank: 4 ; Rank-X: 0 ; Rank-Y: 4 ; Rowstart: 0; Rowend: 1251; Rows: 1251; Colstart: 6000; Colend: 7501; Cols: 1501;

Resolution: 7500
===================
Execution time: 0.135529
Residual: 3.518183

megaflops:  58105.6
  flop instructions (M):  7875.000

Num-X: 5 ; Num-Y: 6 ; Resolution: 8500 ; Rank: 17 ; Rank-X: 3 ; Rank-Y: 2 ; Rowstart: 4251; Rowend: 5669; Rows: 1418; Colstart: 3400; Colend: 5101; Cols: 1701;
Num-X: 5 ; Num-Y: 6 ; Resolution: 8500 ; Rank: 20 ; Rank-X: 4 ; Rank-Y: 0 ; Rowstart: 5668; Rowend: 7086; Rows: 1418; Colstart: 0; Colend: 1701; Cols: 1701;
Num-X: 5 ; Num-Y: 6 ; Resolution: 8500 ; Rank: 27 ; Rank-X: 5 ; Rank-Y: 2 ; Rowstart: 7085; Rowend: 8501; Rows: 1416; Colstart: 3400; Colend: 5101; Cols: 1701;
Num-X: 5 ; Num-Y: 6 ; Resolution: 8500 ; Rank: 29 ; Rank-X: 5 ; Rank-Y: 4 ; Rowstart: 7085; Rowend: 8501; Rows: 1416; Colstart: 6800; Colend: 8501; Cols: 1701;
Num-X: 5 ; Num-Y: 6 ; Resolution: 8500 ; Rank: 16 ; Rank-X: 3 ; Rank-Y: 1 ; Rowstart: 4251; Rowend: 5669; Rows: 1418; Colstart: 1700; Colend: 3401; Cols: 1701;
Num-X: 5 ; Num-Y: 6 ; Resolution: 8500 ; Rank: 21 ; Rank-X: 4 ; Rank-Y: 1 ; Rowstart: 5668; Rowend: 7086; Rows: 1418; Colstart: 1700; Colend: 3401; Cols: 1701;
Num-X: 5 ; Num-Y: 6 ; Resolution: 8500 ; Rank: 22 ; Rank-X: 4 ; Rank-Y: 2 ; Rowstart: 5668; Rowend: 7086; Rows: 1418; Colstart: 3400; Colend: 5101; Cols: 1701;
Num-X: 5 ; Num-Y: 6 ; Resolution: 8500 ; Rank: 25 ; Rank-X: 5 ; Rank-Y: 0 ; Rowstart: 7085; Rowend: 8501; Rows: 1416; Colstart: 0; Colend: 1701; Cols: 1701;
Num-X: 5 ; Num-Y: 6 ; Resolution: 8500 ; Rank: 18 ; Rank-X: 3 ; Rank-Y: 3 ; Rowstart: 4251; Rowend: 5669; Rows: 1418; Colstart: 5100; Colend: 6801; Cols: 1701;
Num-X: 5 ; Num-Y: 6 ; Resolution: 8500 ; Rank: 23 ; Rank-X: 4 ; Rank-Y: 3 ; Rowstart: 5668; Rowend: 7086; Rows: 1418; Colstart: 5100; Colend: 6801; Cols: 1701;
Num-X: 5 ; Num-Y: 6 ; Resolution: 8500 ; Rank: 19 ; Rank-X: 3 ; Rank-Y: 4 ; Rowstart: 4251; Rowend: 5669; Rows: 1418; Colstart: 6800; Colend: 8501; Cols: 1701;
Num-X: 5 ; Num-Y: 6 ; Resolution: 8500 ; Rank: 24 ; Rank-X: 4 ; Rank-Y: 4 ; Rowstart: 5668; Rowend: 7086; Rows: 1418; Colstart: 6800; Colend: 8501; Cols: 1701;
Num-X: 5 ; Num-Y: 6 ; Resolution: 8500 ; Rank: 26 ; Rank-X: 5 ; Rank-Y: 1 ; Rowstart: 7085; Rowend: 8501; Rows: 1416; Colstart: 1700; Colend: 3401; Cols: 1701;
Num-X: 5 ; Num-Y: 6 ; Resolution: 8500 ; Rank: 28 ; Rank-X: 5 ; Rank-Y: 3 ; Rowstart: 7085; Rowend: 8501; Rows: 1416; Colstart: 5100; Colend: 6801; Cols: 1701;
Num-X: 5 ; Num-Y: 6 ; Resolution: 8500 ; Rank: 0 ; Rank-X: 0 ; Rank-Y: 0 ; Rowstart: 0; Rowend: 1418; Rows: 1418; Colstart: 0; Colend: 1701; Cols: 1701;
Num-X: 5 ; Num-Y: 6 ; Resolution: 8500 ; Rank: 2 ; Rank-X: 0 ; Rank-Y: 2 ; Rowstart: 0; Rowend: 1418; Rows: 1418; Colstart: 3400; Colend: 5101; Cols: 1701;
Num-X: 5 ; Num-Y: 6 ; Resolution: 8500 ; Rank: 3 ; Rank-X: 0 ; Rank-Y: 3 ; Rowstart: 0; Rowend: 1418; Rows: 1418; Colstart: 5100; Colend: 6801; Cols: 1701;
Num-X: 5 ; Num-Y: 6 ; Resolution: 8500 ; Rank: 5 ; Rank-X: 1 ; Rank-Y: 0 ; Rowstart: 1417; Rowend: 2835; Rows: 1418; Colstart: 0; Colend: 1701; Cols: 1701;
Num-X: 5 ; Num-Y: 6 ; Resolution: 8500 ; Rank: 7 ; Rank-X: 1 ; Rank-Y: 2 ; Rowstart: 1417; Rowend: 2835; Rows: 1418; Colstart: 3400; Colend: 5101; Cols: 1701;
Num-X: 5 ; Num-Y: 6 ; Resolution: 8500 ; Rank: 4 ; Rank-X: 0 ; Rank-Y: 4 ; Rowstart: 0; Rowend: 1418; Rows: 1418; Colstart: 6800; Colend: 8501; Cols: 1701;
Num-X: 5 ; Num-Y: 6 ; Resolution: 8500 ; Rank: 10 ; Rank-X: 2 ; Rank-Y: 0 ; Rowstart: 2834; Rowend: 4252; Rows: 1418; Colstart: 0; Colend: 1701; Cols: 1701;
Num-X: 5 ; Num-Y: 6 ; Resolution: 8500 ; Rank: 14 ; Rank-X: 2 ; Rank-Y: 4 ; Rowstart: 2834; Rowend: 4252; Rows: 1418; Colstart: 6800; Colend: 8501; Cols: 1701;
Num-X: 5 ; Num-Y: 6 ; Resolution: 8500 ; Rank: 6 ; Rank-X: 1 ; Rank-Y: 1 ; Rowstart: 1417; Rowend: 2835; Rows: 1418; Colstart: 1700; Colend: 3401; Cols: 1701;
Num-X: 5 ; Num-Y: 6 ; Resolution: 8500 ; Rank: 9 ; Rank-X: 1 ; Rank-Y: 4 ; Rowstart: 1417; Rowend: 2835; Rows: 1418; Colstart: 6800; Colend: 8501; Cols: 1701;
Num-X: 5 ; Num-Y: 6 ; Resolution: 8500 ; Rank: 13 ; Rank-X: 2 ; Rank-Y: 3 ; Rowstart: 2834; Rowend: 4252; Rows: 1418; Colstart: 5100; Colend: 6801; Cols: 1701;
Num-X: 5 ; Num-Y: 6 ; Resolution: 8500 ; Rank: 1 ; Rank-X: 0 ; Rank-Y: 1 ; Rowstart: 0; Rowend: 1418; Rows: 1418; Colstart: 1700; Colend: 3401; Cols: 1701;
Num-X: 5 ; Num-Y: 6 ; Resolution: 8500 ; Rank: 8 ; Rank-X: 1 ; Rank-Y: 3 ; Rowstart: 1417; Rowend: 2835; Rows: 1418; Colstart: 5100; Colend: 6801; Cols: 1701;
Num-X: 5 ; Num-Y: 6 ; Resolution: 8500 ; Rank: 11 ; Rank-X: 2 ; Rank-Y: 1 ; Rowstart: 2834; Rowend: 4252; Rows: 1418; Colstart: 1700; Colend: 3401; Cols: 1701;
Num-X: 5 ; Num-Y: 6 ; Resolution: 8500 ; Rank: 12 ; Rank-X: 2 ; Rank-Y: 2 ; Rowstart: 2834; Rowend: 4252; Rows: 1418; Colstart: 3400; Colend: 5101; Cols: 1701;
Num-X: 5 ; Num-Y: 6 ; Resolution: 8500 ; Rank: 15 ; Rank-X: 3 ; Rank-Y: 0 ; Rowstart: 4251; Rowend: 5669; Rows: 1418; Colstart: 0; Colend: 1701; Cols: 1701;

Resolution: 8500
===================
Execution time: 0.175413
Residual: 3.987213

megaflops:  57663.9
  flop instructions (M):  10115.000

Num-X: 5 ; Num-Y: 6 ; Resolution: 9500 ; Rank: 25 ; Rank-X: 5 ; Rank-Y: 0 ; Rowstart: 7920; Rowend: 9501; Rows: 1581; Colstart: 0; Colend: 1901; Cols: 1901;
Num-X: 5 ; Num-Y: 6 ; Resolution: 9500 ; Rank: 17 ; Rank-X: 3 ; Rank-Y: 2 ; Rowstart: 4752; Rowend: 6337; Rows: 1585; Colstart: 3800; Colend: 5701; Cols: 1901;
Num-X: 5 ; Num-Y: 6 ; Resolution: 9500 ; Rank: 22 ; Rank-X: 4 ; Rank-Y: 2 ; Rowstart: 6336; Rowend: 7921; Rows: 1585; Colstart: 3800; Colend: 5701; Cols: 1901;
Num-X: 5 ; Num-Y: 6 ; Resolution: 9500 ; Rank: 20 ; Rank-X: 4 ; Rank-Y: 0 ; Rowstart: 6336; Rowend: 7921; Rows: 1585; Colstart: 0; Colend: 1901; Cols: 1901;
Num-X: 5 ; Num-Y: 6 ; Resolution: 9500 ; Rank: 26 ; Rank-X: 5 ; Rank-Y: 1 ; Rowstart: 7920; Rowend: 9501; Rows: 1581; Colstart: 1900; Colend: 3801; Cols: 1901;
Num-X: 5 ; Num-Y: 6 ; Resolution: 9500 ; Rank: 21 ; Rank-X: 4 ; Rank-Y: 1 ; Rowstart: 6336; Rowend: 7921; Rows: 1585; Colstart: 1900; Colend: 3801; Cols: 1901;
Num-X: 5 ; Num-Y: 6 ; Resolution: 9500 ; Rank: 19 ; Rank-X: 3 ; Rank-Y: 4 ; Rowstart: 4752; Rowend: 6337; Rows: 1585; Colstart: 7600; Colend: 9501; Cols: 1901;
Num-X: 5 ; Num-Y: 6 ; Resolution: 9500 ; Rank: 28 ; Rank-X: 5 ; Rank-Y: 3 ; Rowstart: 7920; Rowend: 9501; Rows: 1581; Colstart: 5700; Colend: 7601; Cols: 1901;
Num-X: 5 ; Num-Y: 6 ; Resolution: 9500 ; Rank: 18 ; Rank-X: 3 ; Rank-Y: 3 ; Rowstart: 4752; Rowend: 6337; Rows: 1585; Colstart: 5700; Colend: 7601; Cols: 1901;
Num-X: 5 ; Num-Y: 6 ; Resolution: 9500 ; Rank: 27 ; Rank-X: 5 ; Rank-Y: 2 ; Rowstart: 7920; Rowend: 9501; Rows: 1581; Colstart: 3800; Colend: 5701; Cols: 1901;
Num-X: 5 ; Num-Y: 6 ; Resolution: 9500 ; Rank: 29 ; Rank-X: 5 ; Rank-Y: 4 ; Rowstart: 7920; Rowend: 9501; Rows: 1581; Colstart: 7600; Colend: 9501; Cols: 1901;
Num-X: 5 ; Num-Y: 6 ; Resolution: 9500 ; Rank: 24 ; Rank-X: 4 ; Rank-Y: 4 ; Rowstart: 6336; Rowend: 7921; Rows: 1585; Colstart: 7600; Colend: 9501; Cols: 1901;
Num-X: 5 ; Num-Y: 6 ; Resolution: 9500 ; Rank: 16 ; Rank-X: 3 ; Rank-Y: 1 ; Rowstart: 4752; Rowend: 6337; Rows: 1585; Colstart: 1900; Colend: 3801; Cols: 1901;
Num-X: 5 ; Num-Y: 6 ; Resolution: 9500 ; Rank: 23 ; Rank-X: 4 ; Rank-Y: 3 ; Rowstart: 6336; Rowend: 7921; Rows: 1585; Colstart: 5700; Colend: 7601; Cols: 1901;
Num-X: 5 ; Num-Y: 6 ; Resolution: 9500 ; Rank: 11 ; Rank-X: 2 ; Rank-Y: 1 ; Rowstart: 3168; Rowend: 4753; Rows: 1585; Colstart: 1900; Colend: 3801; Cols: 1901;
Num-X: 5 ; Num-Y: 6 ; Resolution: 9500 ; Rank: 4 ; Rank-X: 0 ; Rank-Y: 4 ; Rowstart: 0; Rowend: 1585; Rows: 1585; Colstart: 7600; Colend: 9501; Cols: 1901;
Num-X: 5 ; Num-Y: 6 ; Resolution: 9500 ; Rank: 5 ; Rank-X: 1 ; Rank-Y: 0 ; Rowstart: 1584; Rowend: 3169; Rows: 1585; Colstart: 0; Colend: 1901; Cols: 1901;
Num-X: 5 ; Num-Y: 6 ; Resolution: 9500 ; Rank: 10 ; Rank-X: 2 ; Rank-Y: 0 ; Rowstart: 3168; Rowend: 4753; Rows: 1585; Colstart: 0; Colend: 1901; Cols: 1901;
Num-X: 5 ; Num-Y: 6 ; Resolution: 9500 ; Rank: 13 ; Rank-X: 2 ; Rank-Y: 3 ; Rowstart: 3168; Rowend: 4753; Rows: 1585; Colstart: 5700; Colend: 7601; Cols: 1901;
Num-X: 5 ; Num-Y: 6 ; Resolution: 9500 ; Rank: 0 ; Rank-X: 0 ; Rank-Y: 0 ; Rowstart: 0; Rowend: 1585; Rows: 1585; Colstart: 0; Colend: 1901; Cols: 1901;
Num-X: 5 ; Num-Y: 6 ; Resolution: 9500 ; Rank: 12 ; Rank-X: 2 ; Rank-Y: 2 ; Rowstart: 3168; Rowend: 4753; Rows: 1585; Colstart: 3800; Colend: 5701; Cols: 1901;
Num-X: 5 ; Num-Y: 6 ; Resolution: 9500 ; Rank: 1 ; Rank-X: 0 ; Rank-Y: 1 ; Rowstart: 0; Rowend: 1585; Rows: 1585; Colstart: 1900; Colend: 3801; Cols: 1901;
Num-X: 5 ; Num-Y: 6 ; Resolution: 9500 ; Rank: 6 ; Rank-X: 1 ; Rank-Y: 1 ; Rowstart: 1584; Rowend: 3169; Rows: 1585; Colstart: 1900; Colend: 3801; Cols: 1901;
Num-X: 5 ; Num-Y: 6 ; Resolution: 9500 ; Rank: 2 ; Rank-X: 0 ; Rank-Y: 2 ; Rowstart: 0; Rowend: 1585; Rows: 1585; Colstart: 3800; Colend: 5701; Cols: 1901;
Num-X: 5 ; Num-Y: 6 ; Resolution: 9500 ; Rank: 3 ; Rank-X: 0 ; Rank-Y: 3 ; Rowstart: 0; Rowend: 1585; Rows: 1585; Colstart: 5700; Colend: 7601; Cols: 1901;
Num-X: 5 ; Num-Y: 6 ; Resolution: 9500 ; Rank: 9 ; Rank-X: 1 ; Rank-Y: 4 ; Rowstart: 1584; Rowend: 3169; Rows: 1585; Colstart: 7600; Colend: 9501; Cols: 1901;
Num-X: 5 ; Num-Y: 6 ; Resolution: 9500 ; Rank: 15 ; Rank-X: 3 ; Rank-Y: 0 ; Rowstart: 4752; Rowend: 6337; Rows: 1585; Colstart: 0; Colend: 1901; Cols: 1901;
Num-X: 5 ; Num-Y: 6 ; Resolution: 9500 ; Rank: 7 ; Rank-X: 1 ; Rank-Y: 2 ; Rowstart: 1584; Rowend: 3169; Rows: 1585; Colstart: 3800; Colend: 5701; Cols: 1901;
Num-X: 5 ; Num-Y: 6 ; Resolution: 9500 ; Rank: 14 ; Rank-X: 2 ; Rank-Y: 4 ; Rowstart: 3168; Rowend: 4753; Rows: 1585; Colstart: 7600; Colend: 9501; Cols: 1901;
Num-X: 5 ; Num-Y: 6 ; Resolution: 9500 ; Rank: 8 ; Rank-X: 1 ; Rank-Y: 3 ; Rowstart: 1584; Rowend: 3169; Rows: 1585; Colstart: 5700; Colend: 7601; Cols: 1901;

Resolution: 9500
===================
Execution time: 0.223725
Residual: 4.456242

megaflops:  56475.6
  flop instructions (M):  12635.000

Num-X: 5 ; Num-Y: 6 ; Resolution: 10500 ; Rank: 18 ; Rank-X: 3 ; Rank-Y: 3 ; Rowstart: 5250; Rowend: 7001; Rows: 1751; Colstart: 6300; Colend: 8401; Cols: 2101;
Num-X: 5 ; Num-Y: 6 ; Resolution: 10500 ; Rank: 20 ; Rank-X: 4 ; Rank-Y: 0 ; Rowstart: 7000; Rowend: 8751; Rows: 1751; Colstart: 0; Colend: 2101; Cols: 2101;
Num-X: 5 ; Num-Y: 6 ; Resolution: 10500 ; Rank: 17 ; Rank-X: 3 ; Rank-Y: 2 ; Rowstart: 5250; Rowend: 7001; Rows: 1751; Colstart: 4200; Colend: 6301; Cols: 2101;
Num-X: 5 ; Num-Y: 6 ; Resolution: 10500 ; Rank: 23 ; Rank-X: 4 ; Rank-Y: 3 ; Rowstart: 7000; Rowend: 8751; Rows: 1751; Colstart: 6300; Colend: 8401; Cols: 2101;
Num-X: 5 ; Num-Y: 6 ; Resolution: 10500 ; Rank: 22 ; Rank-X: 4 ; Rank-Y: 2 ; Rowstart: 7000; Rowend: 8751; Rows: 1751; Colstart: 4200; Colend: 6301; Cols: 2101;
Num-X: 5 ; Num-Y: 6 ; Resolution: 10500 ; Rank: 25 ; Rank-X: 5 ; Rank-Y: 0 ; Rowstart: 8750; Rowend: 10501; Rows: 1751; Colstart: 0; Colend: 2101; Cols: 2101;
Num-X: 5 ; Num-Y: 6 ; Resolution: 10500 ; Rank: 21 ; Rank-X: 4 ; Rank-Y: 1 ; Rowstart: 7000; Rowend: 8751; Rows: 1751; Colstart: 2100; Colend: 4201; Cols: 2101;
Num-X: 5 ; Num-Y: 6 ; Resolution: 10500 ; Rank: 16 ; Rank-X: 3 ; Rank-Y: 1 ; Rowstart: 5250; Rowend: 7001; Rows: 1751; Colstart: 2100; Colend: 4201; Cols: 2101;
Num-X: 5 ; Num-Y: 6 ; Resolution: 10500 ; Rank: 19 ; Rank-X: 3 ; Rank-Y: 4 ; Rowstart: 5250; Rowend: 7001; Rows: 1751; Colstart: 8400; Colend: 10501; Cols: 2101;
Num-X: 5 ; Num-Y: 6 ; Resolution: 10500 ; Rank: 27 ; Rank-X: 5 ; Rank-Y: 2 ; Rowstart: 8750; Rowend: 10501; Rows: 1751; Colstart: 4200; Colend: 6301; Cols: 2101;
Num-X: 5 ; Num-Y: 6 ; Resolution: 10500 ; Rank: 24 ; Rank-X: 4 ; Rank-Y: 4 ; Rowstart: 7000; Rowend: 8751; Rows: 1751; Colstart: 8400; Colend: 10501; Cols: 2101;
Num-X: 5 ; Num-Y: 6 ; Resolution: 10500 ; Rank: 28 ; Rank-X: 5 ; Rank-Y: 3 ; Rowstart: 8750; Rowend: 10501; Rows: 1751; Colstart: 6300; Colend: 8401; Cols: 2101;
Num-X: 5 ; Num-Y: 6 ; Resolution: 10500 ; Rank: 26 ; Rank-X: 5 ; Rank-Y: 1 ; Rowstart: 8750; Rowend: 10501; Rows: 1751; Colstart: 2100; Colend: 4201; Cols: 2101;
Num-X: 5 ; Num-Y: 6 ; Resolution: 10500 ; Rank: 29 ; Rank-X: 5 ; Rank-Y: 4 ; Rowstart: 8750; Rowend: 10501; Rows: 1751; Colstart: 8400; Colend: 10501; Cols: 2101;
Num-X: 5 ; Num-Y: 6 ; Resolution: 10500 ; Rank: 9 ; Rank-X: 1 ; Rank-Y: 4 ; Rowstart: 1750; Rowend: 3501; Rows: 1751; Colstart: 8400; Colend: 10501; Cols: 2101;
Num-X: 5 ; Num-Y: 6 ; Resolution: 10500 ; Rank: 14 ; Rank-X: 2 ; Rank-Y: 4 ; Rowstart: 3500; Rowend: 5251; Rows: 1751; Colstart: 8400; Colend: 10501; Cols: 2101;
Num-X: 5 ; Num-Y: 6 ; Resolution: 10500 ; Rank: 2 ; Rank-X: 0 ; Rank-Y: 2 ; Rowstart: 0; Rowend: 1751; Rows: 1751; Colstart: 4200; Colend: 6301; Cols: 2101;
Num-X: 5 ; Num-Y: 6 ; Resolution: 10500 ; Rank: 10 ; Rank-X: 2 ; Rank-Y: 0 ; Rowstart: 3500; Rowend: 5251; Rows: 1751; Colstart: 0; Colend: 2101; Cols: 2101;
Num-X: 5 ; Num-Y: 6 ; Resolution: 10500 ; Rank: 5 ; Rank-X: 1 ; Rank-Y: 0 ; Rowstart: 1750; Rowend: 3501; Rows: 1751; Colstart: 0; Colend: 2101; Cols: 2101;
Num-X: 5 ; Num-Y: 6 ; Resolution: 10500 ; Rank: 3 ; Rank-X: 0 ; Rank-Y: 3 ; Rowstart: 0; Rowend: 1751; Rows: 1751; Colstart: 6300; Colend: 8401; Cols: 2101;
Num-X: 5 ; Num-Y: 6 ; Resolution: 10500 ; Rank: 0 ; Rank-X: 0 ; Rank-Y: 0 ; Rowstart: 0; Rowend: 1751; Rows: 1751; Colstart: 0; Colend: 2101; Cols: 2101;
Num-X: 5 ; Num-Y: 6 ; Resolution: 10500 ; Rank: 4 ; Rank-X: 0 ; Rank-Y: 4 ; Rowstart: 0; Rowend: 1751; Rows: 1751; Colstart: 8400; Colend: 10501; Cols: 2101;
Num-X: 5 ; Num-Y: 6 ; Resolution: 10500 ; Rank: 6 ; Rank-X: 1 ; Rank-Y: 1 ; Rowstart: 1750; Rowend: 3501; Rows: 1751; Colstart: 2100; Colend: 4201; Cols: 2101;
Num-X: 5 ; Num-Y: 6 ; Resolution: 10500 ; Rank: 13 ; Rank-X: 2 ; Rank-Y: 3 ; Rowstart: 3500; Rowend: 5251; Rows: 1751; Colstart: 6300; Colend: 8401; Cols: 2101;
Num-X: 5 ; Num-Y: 6 ; Resolution: 10500 ; Rank: 12 ; Rank-X: 2 ; Rank-Y: 2 ; Rowstart: 3500; Rowend: 5251; Rows: 1751; Colstart: 4200; Colend: 6301; Cols: 2101;
Num-X: 5 ; Num-Y: 6 ; Resolution: 10500 ; Rank: 1 ; Rank-X: 0 ; Rank-Y: 1 ; Rowstart: 0; Rowend: 1751; Rows: 1751; Colstart: 2100; Colend: 4201; Cols: 2101;
Num-X: 5 ; Num-Y: 6 ; Resolution: 10500 ; Rank: 7 ; Rank-X: 1 ; Rank-Y: 2 ; Rowstart: 1750; Rowend: 3501; Rows: 1751; Colstart: 4200; Colend: 6301; Cols: 2101;
Num-X: 5 ; Num-Y: 6 ; Resolution: 10500 ; Rank: 11 ; Rank-X: 2 ; Rank-Y: 1 ; Rowstart: 3500; Rowend: 5251; Rows: 1751; Colstart: 2100; Colend: 4201; Cols: 2101;
Num-X: 5 ; Num-Y: 6 ; Resolution: 10500 ; Rank: 8 ; Rank-X: 1 ; Rank-Y: 3 ; Rowstart: 1750; Rowend: 3501; Rows: 1751; Colstart: 6300; Colend: 8401; Cols: 2101;
Num-X: 5 ; Num-Y: 6 ; Resolution: 10500 ; Rank: 15 ; Rank-X: 3 ; Rank-Y: 0 ; Rowstart: 5250; Rowend: 7001; Rows: 1751; Colstart: 0; Colend: 2101; Cols: 2101;

Resolution: 10500
===================
Execution time: 0.272002
Residual: 4.925272

megaflops:  56745.9
  flop instructions (M):  15435.000

Num-X: 5 ; Num-Y: 6 ; Resolution: 11500 ; Rank: 18 ; Rank-X: 3 ; Rank-Y: 3 ; Rowstart: 5751; Rowend: 7669; Rows: 1918; Colstart: 6900; Colend: 9201; Cols: 2301;
Num-X: 5 ; Num-Y: 6 ; Resolution: 11500 ; Rank: 22 ; Rank-X: 4 ; Rank-Y: 2 ; Rowstart: 7668; Rowend: 9586; Rows: 1918; Colstart: 4600; Colend: 6901; Cols: 2301;
Num-X: 5 ; Num-Y: 6 ; Resolution: 11500 ; Rank: 25 ; Rank-X: 5 ; Rank-Y: 0 ; Rowstart: 9585; Rowend: 11501; Rows: 1916; Colstart: 0; Colend: 2301; Cols: 2301;
Num-X: 5 ; Num-Y: 6 ; Resolution: 11500 ; Rank: 21 ; Rank-X: 4 ; Rank-Y: 1 ; Rowstart: 7668; Rowend: 9586; Rows: 1918; Colstart: 2300; Colend: 4601; Cols: 2301;
Num-X: 5 ; Num-Y: 6 ; Resolution: 11500 ; Rank: 23 ; Rank-X: 4 ; Rank-Y: 3 ; Rowstart: 7668; Rowend: 9586; Rows: 1918; Colstart: 6900; Colend: 9201; Cols: 2301;
Num-X: 5 ; Num-Y: 6 ; Resolution: 11500 ; Rank: 28 ; Rank-X: 5 ; Rank-Y: 3 ; Rowstart: 9585; Rowend: 11501; Rows: 1916; Colstart: 6900; Colend: 9201; Cols: 2301;
Num-X: 5 ; Num-Y: 6 ; Resolution: 11500 ; Rank: 24 ; Rank-X: 4 ; Rank-Y: 4 ; Rowstart: 7668; Rowend: 9586; Rows: 1918; Colstart: 9200; Colend: 11501; Cols: 2301;
Num-X: 5 ; Num-Y: 6 ; Resolution: 11500 ; Rank: 26 ; Rank-X: 5 ; Rank-Y: 1 ; Rowstart: 9585; Rowend: 11501; Rows: 1916; Colstart: 2300; Colend: 4601; Cols: 2301;
Num-X: 5 ; Num-Y: 6 ; Resolution: 11500 ; Rank: 29 ; Rank-X: 5 ; Rank-Y: 4 ; Rowstart: 9585; Rowend: 11501; Rows: 1916; Colstart: 9200; Colend: 11501; Cols: 2301;
Num-X: 5 ; Num-Y: 6 ; Resolution: 11500 ; Rank: 17 ; Rank-X: 3 ; Rank-Y: 2 ; Rowstart: 5751; Rowend: 7669; Rows: 1918; Colstart: 4600; Colend: 6901; Cols: 2301;
Num-X: 5 ; Num-Y: 6 ; Resolution: 11500 ; Rank: 19 ; Rank-X: 3 ; Rank-Y: 4 ; Rowstart: 5751; Rowend: 7669; Rows: 1918; Colstart: 9200; Colend: 11501; Cols: 2301;
Num-X: 5 ; Num-Y: 6 ; Resolution: 11500 ; Rank: 20 ; Rank-X: 4 ; Rank-Y: 0 ; Rowstart: 7668; Rowend: 9586; Rows: 1918; Colstart: 0; Colend: 2301; Cols: 2301;
Num-X: 5 ; Num-Y: 6 ; Resolution: 11500 ; Rank: 27 ; Rank-X: 5 ; Rank-Y: 2 ; Rowstart: 9585; Rowend: 11501; Rows: 1916; Colstart: 4600; Colend: 6901; Cols: 2301;
Num-X: 5 ; Num-Y: 6 ; Resolution: 11500 ; Rank: 16 ; Rank-X: 3 ; Rank-Y: 1 ; Rowstart: 5751; Rowend: 7669; Rows: 1918; Colstart: 2300; Colend: 4601; Cols: 2301;
Num-X: 5 ; Num-Y: 6 ; Resolution: 11500 ; Rank: 5 ; Rank-X: 1 ; Rank-Y: 0 ; Rowstart: 1917; Rowend: 3835; Rows: 1918; Colstart: 0; Colend: 2301; Cols: 2301;
Num-X: 5 ; Num-Y: 6 ; Resolution: 11500 ; Rank: 10 ; Rank-X: 2 ; Rank-Y: 0 ; Rowstart: 3834; Rowend: 5752; Rows: 1918; Colstart: 0; Colend: 2301; Cols: 2301;
Num-X: 5 ; Num-Y: 6 ; Resolution: 11500 ; Rank: 2 ; Rank-X: 0 ; Rank-Y: 2 ; Rowstart: 0; Rowend: 1918; Rows: 1918; Colstart: 4600; Colend: 6901; Cols: 2301;
Num-X: 5 ; Num-Y: 6 ; Resolution: 11500 ; Rank: 3 ; Rank-X: 0 ; Rank-Y: 3 ; Rowstart: 0; Rowend: 1918; Rows: 1918; Colstart: 6900; Colend: 9201; Cols: 2301;
Num-X: 5 ; Num-Y: 6 ; Resolution: 11500 ; Rank: 6 ; Rank-X: 1 ; Rank-Y: 1 ; Rowstart: 1917; Rowend: 3835; Rows: 1918; Colstart: 2300; Colend: 4601; Cols: 2301;
Num-X: 5 ; Num-Y: 6 ; Resolution: 11500 ; Rank: 7 ; Rank-X: 1 ; Rank-Y: 2 ; Rowstart: 1917; Rowend: 3835; Rows: 1918; Colstart: 4600; Colend: 6901; Cols: 2301;
Num-X: 5 ; Num-Y: 6 ; Resolution: 11500 ; Rank: 8 ; Rank-X: 1 ; Rank-Y: 3 ; Rowstart: 1917; Rowend: 3835; Rows: 1918; Colstart: 6900; Colend: 9201; Cols: 2301;
Num-X: 5 ; Num-Y: 6 ; Resolution: 11500 ; Rank: 13 ; Rank-X: 2 ; Rank-Y: 3 ; Rowstart: 3834; Rowend: 5752; Rows: 1918; Colstart: 6900; Colend: 9201; Cols: 2301;
Num-X: 5 ; Num-Y: 6 ; Resolution: 11500 ; Rank: 1 ; Rank-X: 0 ; Rank-Y: 1 ; Rowstart: 0; Rowend: 1918; Rows: 1918; Colstart: 2300; Colend: 4601; Cols: 2301;
Num-X: 5 ; Num-Y: 6 ; Resolution: 11500 ; Rank: 11 ; Rank-X: 2 ; Rank-Y: 1 ; Rowstart: 3834; Rowend: 5752; Rows: 1918; Colstart: 2300; Colend: 4601; Cols: 2301;
Num-X: 5 ; Num-Y: 6 ; Resolution: 11500 ; Rank: 12 ; Rank-X: 2 ; Rank-Y: 2 ; Rowstart: 3834; Rowend: 5752; Rows: 1918; Colstart: 4600; Colend: 6901; Cols: 2301;
Num-X: 5 ; Num-Y: 6 ; Resolution: 11500 ; Rank: 15 ; Rank-X: 3 ; Rank-Y: 0 ; Rowstart: 5751; Rowend: 7669; Rows: 1918; Colstart: 0; Colend: 2301; Cols: 2301;
Num-X: 5 ; Num-Y: 6 ; Resolution: 11500 ; Rank: 0 ; Rank-X: 0 ; Rank-Y: 0 ; Rowstart: 0; Rowend: 1918; Rows: 1918; Colstart: 0; Colend: 2301; Cols: 2301;
Num-X: 5 ; Num-Y: 6 ; Resolution: 11500 ; Rank: 9 ; Rank-X: 1 ; Rank-Y: 4 ; Rowstart: 1917; Rowend: 3835; Rows: 1918; Colstart: 9200; Colend: 11501; Cols: 2301;
Num-X: 5 ; Num-Y: 6 ; Resolution: 11500 ; Rank: 4 ; Rank-X: 0 ; Rank-Y: 4 ; Rowstart: 0; Rowend: 1918; Rows: 1918; Colstart: 9200; Colend: 11501; Cols: 2301;
Num-X: 5 ; Num-Y: 6 ; Resolution: 11500 ; Rank: 14 ; Rank-X: 2 ; Rank-Y: 4 ; Rowstart: 3834; Rowend: 5752; Rows: 1918; Colstart: 9200; Colend: 11501; Cols: 2301;

Resolution: 11500
===================
Execution time: 0.325816
Residual: 5.394301

megaflops:  56826.6
  flop instructions (M):  18515.000

Num-X: 5 ; Num-Y: 6 ; Resolution: 12500 ; Rank: 25 ; Rank-X: 5 ; Rank-Y: 0 ; Rowstart: 10420; Rowend: 12501; Rows: 2081; Colstart: 0; Colend: 2501; Cols: 2501;
Num-X: 5 ; Num-Y: 6 ; Resolution: 12500 ; Rank: 20 ; Rank-X: 4 ; Rank-Y: 0 ; Rowstart: 8336; Rowend: 10421; Rows: 2085; Colstart: 0; Colend: 2501; Cols: 2501;
Num-X: 5 ; Num-Y: 6 ; Resolution: 12500 ; Rank: 22 ; Rank-X: 4 ; Rank-Y: 2 ; Rowstart: 8336; Rowend: 10421; Rows: 2085; Colstart: 5000; Colend: 7501; Cols: 2501;
Num-X: 5 ; Num-Y: 6 ; Resolution: 12500 ; Rank: 18 ; Rank-X: 3 ; Rank-Y: 3 ; Rowstart: 6252; Rowend: 8337; Rows: 2085; Colstart: 7500; Colend: 10001; Cols: 2501;
Num-X: 5 ; Num-Y: 6 ; Resolution: 12500 ; Rank: 24 ; Rank-X: 4 ; Rank-Y: 4 ; Rowstart: 8336; Rowend: 10421; Rows: 2085; Colstart: 10000; Colend: 12501; Cols: 2501;
Num-X: 5 ; Num-Y: 6 ; Resolution: 12500 ; Rank: 23 ; Rank-X: 4 ; Rank-Y: 3 ; Rowstart: 8336; Rowend: 10421; Rows: 2085; Colstart: 7500; Colend: 10001; Cols: 2501;
Num-X: 5 ; Num-Y: 6 ; Resolution: 12500 ; Rank: 16 ; Rank-X: 3 ; Rank-Y: 1 ; Rowstart: 6252; Rowend: 8337; Rows: 2085; Colstart: 2500; Colend: 5001; Cols: 2501;
Num-X: 5 ; Num-Y: 6 ; Resolution: 12500 ; Rank: 21 ; Rank-X: 4 ; Rank-Y: 1 ; Rowstart: 8336; Rowend: 10421; Rows: 2085; Colstart: 2500; Colend: 5001; Cols: 2501;
Num-X: 5 ; Num-Y: 6 ; Resolution: 12500 ; Rank: 29 ; Rank-X: 5 ; Rank-Y: 4 ; Rowstart: 10420; Rowend: 12501; Rows: 2081; Colstart: 10000; Colend: 12501; Cols: 2501;
Num-X: 5 ; Num-Y: 6 ; Resolution: 12500 ; Rank: 19 ; Rank-X: 3 ; Rank-Y: 4 ; Rowstart: 6252; Rowend: 8337; Rows: 2085; Colstart: 10000; Colend: 12501; Cols: 2501;
Num-X: 5 ; Num-Y: 6 ; Resolution: 12500 ; Rank: 27 ; Rank-X: 5 ; Rank-Y: 2 ; Rowstart: 10420; Rowend: 12501; Rows: 2081; Colstart: 5000; Colend: 7501; Cols: 2501;
Num-X: 5 ; Num-Y: 6 ; Resolution: 12500 ; Rank: 26 ; Rank-X: 5 ; Rank-Y: 1 ; Rowstart: 10420; Rowend: 12501; Rows: 2081; Colstart: 2500; Colend: 5001; Cols: 2501;
Num-X: 5 ; Num-Y: 6 ; Resolution: 12500 ; Rank: 17 ; Rank-X: 3 ; Rank-Y: 2 ; Rowstart: 6252; Rowend: 8337; Rows: 2085; Colstart: 5000; Colend: 7501; Cols: 2501;
Num-X: 5 ; Num-Y: 6 ; Resolution: 12500 ; Rank: 28 ; Rank-X: 5 ; Rank-Y: 3 ; Rowstart: 10420; Rowend: 12501; Rows: 2081; Colstart: 7500; Colend: 10001; Cols: 2501;
Num-X: 5 ; Num-Y: 6 ; Resolution: 12500 ; Rank: 10 ; Rank-X: 2 ; Rank-Y: 0 ; Rowstart: 4168; Rowend: 6253; Rows: 2085; Colstart: 0; Colend: 2501; Cols: 2501;
Num-X: 5 ; Num-Y: 6 ; Resolution: 12500 ; Rank: 14 ; Rank-X: 2 ; Rank-Y: 4 ; Rowstart: 4168; Rowend: 6253; Rows: 2085; Colstart: 10000; Colend: 12501; Cols: 2501;
Num-X: 5 ; Num-Y: 6 ; Resolution: 12500 ; Rank: 1 ; Rank-X: 0 ; Rank-Y: 1 ; Rowstart: 0; Rowend: 2085; Rows: 2085; Colstart: 2500; Colend: 5001; Cols: 2501;
Num-X: 5 ; Num-Y: 6 ; Resolution: 12500 ; Rank: 11 ; Rank-X: 2 ; Rank-Y: 1 ; Rowstart: 4168; Rowend: 6253; Rows: 2085; Colstart: 2500; Colend: 5001; Cols: 2501;
Num-X: 5 ; Num-Y: 6 ; Resolution: 12500 ; Rank: 2 ; Rank-X: 0 ; Rank-Y: 2 ; Rowstart: 0; Rowend: 2085; Rows: 2085; Colstart: 5000; Colend: 7501; Cols: 2501;
Num-X: 5 ; Num-Y: 6 ; Resolution: 12500 ; Rank: 15 ; Rank-X: 3 ; Rank-Y: 0 ; Rowstart: 6252; Rowend: 8337; Rows: 2085; Colstart: 0; Colend: 2501; Cols: 2501;
Num-X: 5 ; Num-Y: 6 ; Resolution: 12500 ; Rank: 0 ; Rank-X: 0 ; Rank-Y: 0 ; Rowstart: 0; Rowend: 2085; Rows: 2085; Colstart: 0; Colend: 2501; Cols: 2501;
Num-X: 5 ; Num-Y: 6 ; Resolution: 12500 ; Rank: 6 ; Rank-X: 1 ; Rank-Y: 1 ; Rowstart: 2084; Rowend: 4169; Rows: 2085; Colstart: 2500; Colend: 5001; Cols: 2501;
Num-X: 5 ; Num-Y: 6 ; Resolution: 12500 ; Rank: 9 ; Rank-X: 1 ; Rank-Y: 4 ; Rowstart: 2084; Rowend: 4169; Rows: 2085; Colstart: 10000; Colend: 12501; Cols: 2501;
Num-X: 5 ; Num-Y: 6 ; Resolution: 12500 ; Rank: 13 ; Rank-X: 2 ; Rank-Y: 3 ; Rowstart: 4168; Rowend: 6253; Rows: 2085; Colstart: 7500; Colend: 10001; Cols: 2501;
Num-X: 5 ; Num-Y: 6 ; Resolution: 12500 ; Rank: 12 ; Rank-X: 2 ; Rank-Y: 2 ; Rowstart: 4168; Rowend: 6253; Rows: 2085; Colstart: 5000; Colend: 7501; Cols: 2501;
Num-X: 5 ; Num-Y: 6 ; Resolution: 12500 ; Rank: 4 ; Rank-X: 0 ; Rank-Y: 4 ; Rowstart: 0; Rowend: 2085; Rows: 2085; Colstart: 10000; Colend: 12501; Cols: 2501;
Num-X: 5 ; Num-Y: 6 ; Resolution: 12500 ; Rank: 8 ; Rank-X: 1 ; Rank-Y: 3 ; Rowstart: 2084; Rowend: 4169; Rows: 2085; Colstart: 7500; Colend: 10001; Cols: 2501;
Num-X: 5 ; Num-Y: 6 ; Resolution: 12500 ; Rank: 5 ; Rank-X: 1 ; Rank-Y: 0 ; Rowstart: 2084; Rowend: 4169; Rows: 2085; Colstart: 0; Colend: 2501; Cols: 2501;
Num-X: 5 ; Num-Y: 6 ; Resolution: 12500 ; Rank: 7 ; Rank-X: 1 ; Rank-Y: 2 ; Rowstart: 2084; Rowend: 4169; Rows: 2085; Colstart: 5000; Colend: 7501; Cols: 2501;
Num-X: 5 ; Num-Y: 6 ; Resolution: 12500 ; Rank: 3 ; Rank-X: 0 ; Rank-Y: 3 ; Rowstart: 0; Rowend: 2085; Rows: 2085; Colstart: 7500; Colend: 10001; Cols: 2501;

Resolution: 12500
===================
Execution time: 0.388317
Residual: 5.863330

megaflops:  56332.8
  flop instructions (M):  21875.000
