mpiexec -genv I_MPI_DEBUG=4 -n 48
[0] MPI startup(): Intel(R) MPI Library, Version 2019 Update 8  Build 20200624 (id: 4f16ad915)
[0] MPI startup(): Copyright (C) 2003-2020 Intel Corporation.  All rights reserved.
[0] MPI startup(): library kind: release
[0] MPI startup(): libfabric version: 1.10.1-impi
[0] MPI startup(): libfabric provider: psm2
[0] MPI startup(): Rank    Pid      Node name     Pin cpu
[0] MPI startup(): 0       452922   i01r01c01s01  {0,48}
[0] MPI startup(): 1       452923   i01r01c01s01  {1,49}
[0] MPI startup(): 2       452924   i01r01c01s01  {2,50}
[0] MPI startup(): 3       452925   i01r01c01s01  {3,51}
[0] MPI startup(): 4       452926   i01r01c01s01  {4,52}
[0] MPI startup(): 5       452927   i01r01c01s01  {5,53}
[0] MPI startup(): 6       452928   i01r01c01s01  {6,54}
[0] MPI startup(): 7       452929   i01r01c01s01  {7,55}
[0] MPI startup(): 8       452930   i01r01c01s01  {8,56}
[0] MPI startup(): 9       452931   i01r01c01s01  {9,57}
[0] MPI startup(): 10      452932   i01r01c01s01  {10,58}
[0] MPI startup(): 11      452933   i01r01c01s01  {11,59}
[0] MPI startup(): 12      452934   i01r01c01s01  {12,60}
[0] MPI startup(): 13      452935   i01r01c01s01  {13,61}
[0] MPI startup(): 14      452936   i01r01c01s01  {14,62}
[0] MPI startup(): 15      452937   i01r01c01s01  {15,63}
[0] MPI startup(): 16      452938   i01r01c01s01  {16,64}
[0] MPI startup(): 17      452939   i01r01c01s01  {17,65}
[0] MPI startup(): 18      452940   i01r01c01s01  {18,66}
[0] MPI startup(): 19      452941   i01r01c01s01  {19,67}
[0] MPI startup(): 20      452942   i01r01c01s01  {20,68}
[0] MPI startup(): 21      452943   i01r01c01s01  {21,69}
[0] MPI startup(): 22      452944   i01r01c01s01  {22,70}
[0] MPI startup(): 23      452945   i01r01c01s01  {23,71}
[0] MPI startup(): 24      452946   i01r01c01s01  {24,72}
[0] MPI startup(): 25      452947   i01r01c01s01  {25,73}
[0] MPI startup(): 26      452948   i01r01c01s01  {26,74}
[0] MPI startup(): 27      452949   i01r01c01s01  {27,75}
[0] MPI startup(): 28      452950   i01r01c01s01  {28,76}
[0] MPI startup(): 29      452951   i01r01c01s01  {29,77}
[0] MPI startup(): 30      452952   i01r01c01s01  {30,78}
[0] MPI startup(): 31      452953   i01r01c01s01  {31,79}
[0] MPI startup(): 32      452954   i01r01c01s01  {32,80}
[0] MPI startup(): 33      452955   i01r01c01s01  {33,81}
[0] MPI startup(): 34      452956   i01r01c01s01  {34,82}
[0] MPI startup(): 35      452957   i01r01c01s01  {35,83}
[0] MPI startup(): 36      452958   i01r01c01s01  {36,84}
[0] MPI startup(): 37      452959   i01r01c01s01  {37,85}
[0] MPI startup(): 38      452960   i01r01c01s01  {38,86}
[0] MPI startup(): 39      452961   i01r01c01s01  {39,87}
[0] MPI startup(): 40      452962   i01r01c01s01  {40,88}
[0] MPI startup(): 41      452963   i01r01c01s01  {41,89}
[0] MPI startup(): 42      452964   i01r01c01s01  {42,90}
[0] MPI startup(): 43      452965   i01r01c01s01  {43,91}
[0] MPI startup(): 44      452966   i01r01c01s01  {44,92}
[0] MPI startup(): 45      452967   i01r01c01s01  {45,93}
[0] MPI startup(): 46      452968   i01r01c01s01  {46,94}
[0] MPI startup(): 47      452969   i01r01c01s01  {47,95}

3 processes distributed in X-direction
 16 ; processes distributed in Y-direction
Resolutions       : (6500, 7500, ... 12500)
Iterations        : 20
Num. Heat sources : 2
   1: (0.00, 0.00) 1.00 1.00 
   2: (1.00, 1.00) 1.00 0.50 
rank= 0 coords= 0 0 neighbours(up,down,left,right)= -1 16 -1 1
rank= 2 coords= 0 2 neighbours(up,down,left,right)= -1 18 1 3
rank= 4 coords= 0 4 neighbours(up,down,left,right)= -1 20 3 5
rank= 16 coords= 1 0 neighbours(up,down,left,right)= 0 32 -1 17
rank= 1 coords= 0 1 neighbours(up,down,left,right)= -1 17 0 2
rank= 3 coords= 0 3 neighbours(up,down,left,right)= -1 19 2 4
rank= 5 coords= 0 5 neighbours(up,down,left,right)= -1 21 4 6
rank= 6 coords= 0 6 neighbours(up,down,left,right)= -1 22 5 7
rank= 7 coords= 0 7 neighbours(up,down,left,right)= -1 23 6 8
rank= 8 coords= 0 8 neighbours(up,down,left,right)= -1 24 7 9
rank= 9 coords= 0 9 neighbours(up,down,left,right)= -1 25 8 10
rank= 10 coords= 0 10 neighbours(up,down,left,right)= -1 26 9 11
rank= 11 coords= 0 11 neighbours(up,down,left,right)= -1 27 10 12
rank= 12 coords= 0 12 neighbours(up,down,left,right)= -1 28 11 13
rank= 13 coords= 0 13 neighbours(up,down,left,right)= -1 29 12 14
rank= 14 coords= 0 14 neighbours(up,down,left,right)= -1 30 13 15
rank= 15 coords= 0 15 neighbours(up,down,left,right)= -1 31 14 -1
rank= 17 coords= 1 1 neighbours(up,down,left,right)= 1 33 16 18
rank= 18 coords= 1 2 neighbours(up,down,left,right)= 2 34 17 19
rank= 19 coords= 1 3 neighbours(up,down,left,right)= 3 35 18 20
rank= 20 coords= 1 4 neighbours(up,down,left,right)= 4 36 19 21
rank= 21 coords= 1 5 neighbours(up,down,left,right)= 5 37 20 22
rank= 22 coords= 1 6 neighbours(up,down,left,right)= 6 38 21 23
rank= 23 coords= 1 7 neighbours(up,down,left,right)= 7 39 22 24
rank= 24 coords= 1 8 neighbours(up,down,left,right)= 8 40 23 25
rank= 25 coords= 1 9 neighbours(up,down,left,right)= 9 41 24 26
rank= 26 coords= 1 10 neighbours(up,down,left,right)= 10 42 25 27
rank= 28 coords= 1 12 neighbours(up,down,left,right)= 12 44 27 29
rank= 29 coords= 1 13 neighbours(up,down,left,right)= 13 45 28 30
rank= 30 coords= 1 14 neighbours(up,down,left,right)= 14 46 29 31
rank= 32 coords= 2 0 neighbours(up,down,left,right)= 16 -1 -1 33
rank= 33 coords= 2 1 neighbours(up,down,left,right)= 17 -1 32 34
rank= 34 coords= 2 2 neighbours(up,down,left,right)= 18 -1 33 35
rank= 35 coords= 2 3 neighbours(up,down,left,right)= 19 -1 34 36
rank= 36 coords= 2 4 neighbours(up,down,left,right)= 20 -1 35 37
rank= 37 coords= 2 5 neighbours(up,down,left,right)= 21 -1 36 38
rank= 38 coords= 2 6 neighbours(up,down,left,right)= 22 -1 37 39
rank= 39 coords= 2 7 neighbours(up,down,left,right)= 23 -1 38 40
rank= 40 coords= 2 8 neighbours(up,down,left,right)= 24 -1 39 41
rank= 41 coords= 2 9 neighbours(up,down,left,right)= 25 -1 40 42
rank= 42 coords= 2 10 neighbours(up,down,left,right)= 26 -1 41 43
rank= 43 coords= 2 11 neighbours(up,down,left,right)= 27 -1 42 44
rank= 44 coords= 2 12 neighbours(up,down,left,right)= 28 -1 43 45
rank= 45 coords= 2 13 neighbours(up,down,left,right)= 29 -1 44 46
rank= 46 coords= 2 14 neighbours(up,down,left,right)= 30 -1 45 47
rank= 47 coords= 2 15 neighbours(up,down,left,right)= 31 -1 46 -1
rank= 27 coords= 1 11 neighbours(up,down,left,right)= 11 43 26 28
rank= 31 coords= 1 15 neighbours(up,down,left,right)= 15 47 30 -1

Num-X: 16 ; Num-Y: 3 ; Resolution: 6500 ; Rank: 20 ; Rank-X: 1 ; Rank-Y: 4 ; Rowstart: 2167; Rowend: 4335; Rows: 2168; Colstart: 1628; Colend: 2036; Cols: 408;
Num-X: 16 ; Num-Y: 3 ; Resolution: 6500 ; Rank: 0 ; Rank-X: 0 ; Rank-Y: 0 ; Rowstart: 0; Rowend: 2168; Rows: 2168; Colstart: 0; Colend: 408; Cols: 408;
Num-X: 16 ; Num-Y: 3 ; Resolution: 6500 ; Rank: 3 ; Rank-X: 0 ; Rank-Y: 3 ; Rowstart: 0; Rowend: 2168; Rows: 2168; Colstart: 1221; Colend: 1629; Cols: 408;
Num-X: 16 ; Num-Y: 3 ; Resolution: 6500 ; Rank: 4 ; Rank-X: 0 ; Rank-Y: 4 ; Rowstart: 0; Rowend: 2168; Rows: 2168; Colstart: 1628; Colend: 2036; Cols: 408;
Num-X: 16 ; Num-Y: 3 ; Resolution: 6500 ; Rank: 7 ; Rank-X: 0 ; Rank-Y: 7 ; Rowstart: 0; Rowend: 2168; Rows: 2168; Colstart: 2849; Colend: 3257; Cols: 408;
Num-X: 16 ; Num-Y: 3 ; Resolution: 6500 ; Rank: 8 ; Rank-X: 0 ; Rank-Y: 8 ; Rowstart: 0; Rowend: 2168; Rows: 2168; Colstart: 3256; Colend: 3664; Cols: 408;
Num-X: 16 ; Num-Y: 3 ; Resolution: 6500 ; Rank: 13 ; Rank-X: 0 ; Rank-Y: 13 ; Rowstart: 0; Rowend: 2168; Rows: 2168; Colstart: 5291; Colend: 5699; Cols: 408;
Num-X: 16 ; Num-Y: 3 ; Resolution: 6500 ; Rank: 14 ; Rank-X: 0 ; Rank-Y: 14 ; Rowstart: 0; Rowend: 2168; Rows: 2168; Colstart: 5698; Colend: 6106; Cols: 408;
Num-X: 16 ; Num-Y: 3 ; Resolution: 6500 ; Rank: 15 ; Rank-X: 0 ; Rank-Y: 15 ; Rowstart: 0; Rowend: 2168; Rows: 2168; Colstart: 6105; Colend: 6501; Cols: 396;
Num-X: 16 ; Num-Y: 3 ; Resolution: 6500 ; Rank: 17 ; Rank-X: 1 ; Rank-Y: 1 ; Rowstart: 2167; Rowend: 4335; Rows: 2168; Colstart: 407; Colend: 815; Cols: 408;
Num-X: 16 ; Num-Y: 3 ; Resolution: 6500 ; Rank: 29 ; Rank-X: 1 ; Rank-Y: 13 ; Rowstart: 2167; Rowend: 4335; Rows: 2168; Colstart: 5291; Colend: 5699; Cols: 408;
Num-X: 16 ; Num-Y: 3 ; Resolution: 6500 ; Rank: 32 ; Rank-X: 2 ; Rank-Y: 0 ; Rowstart: 4334; Rowend: 6501; Rows: 2167; Colstart: 0; Colend: 408; Cols: 408;
Num-X: 16 ; Num-Y: 3 ; Resolution: 6500 ; Rank: 34 ; Rank-X: 2 ; Rank-Y: 2 ; Rowstart: 4334; Rowend: 6501; Rows: 2167; Colstart: 814; Colend: 1222; Cols: 408;
Num-X: 16 ; Num-Y: 3 ; Resolution: 6500 ; Rank: 35 ; Rank-X: 2 ; Rank-Y: 3 ; Rowstart: 4334; Rowend: 6501; Rows: 2167; Colstart: 1221; Colend: 1629; Cols: 408;
Num-X: 16 ; Num-Y: 3 ; Resolution: 6500 ; Rank: 37 ; Rank-X: 2 ; Rank-Y: 5 ; Rowstart: 4334; Rowend: 6501; Rows: 2167; Colstart: 2035; Colend: 2443; Cols: 408;
Num-X: 16 ; Num-Y: 3 ; Resolution: 6500 ; Rank: 40 ; Rank-X: 2 ; Rank-Y: 8 ; Rowstart: 4334; Rowend: 6501; Rows: 2167; Colstart: 3256; Colend: 3664; Cols: 408;
Num-X: 16 ; Num-Y: 3 ; Resolution: 6500 ; Rank: 47 ; Rank-X: 2 ; Rank-Y: 15 ; Rowstart: 4334; Rowend: 6501; Rows: 2167; Colstart: 6105; Colend: 6501; Cols: 396;
Num-X: 16 ; Num-Y: 3 ; Resolution: 6500 ; Rank: 1 ; Rank-X: 0 ; Rank-Y: 1 ; Rowstart: 0; Rowend: 2168; Rows: 2168; Colstart: 407; Colend: 815; Cols: 408;
Num-X: 16 ; Num-Y: 3 ; Resolution: 6500 ; Rank: 6 ; Rank-X: 0 ; Rank-Y: 6 ; Rowstart: 0; Rowend: 2168; Rows: 2168; Colstart: 2442; Colend: 2850; Cols: 408;
Num-X: 16 ; Num-Y: 3 ; Resolution: 6500 ; Rank: 10 ; Rank-X: 0 ; Rank-Y: 10 ; Rowstart: 0; Rowend: 2168; Rows: 2168; Colstart: 4070; Colend: 4478; Cols: 408;
Num-X: 16 ; Num-Y: 3 ; Resolution: 6500 ; Rank: 19 ; Rank-X: 1 ; Rank-Y: 3 ; Rowstart: 2167; Rowend: 4335; Rows: 2168; Colstart: 1221; Colend: 1629; Cols: 408;
Num-X: 16 ; Num-Y: 3 ; Resolution: 6500 ; Rank: 21 ; Rank-X: 1 ; Rank-Y: 5 ; Rowstart: 2167; Rowend: 4335; Rows: 2168; Colstart: 2035; Colend: 2443; Cols: 408;
Num-X: 16 ; Num-Y: 3 ; Resolution: 6500 ; Rank: 24 ; Rank-X: 1 ; Rank-Y: 8 ; Rowstart: 2167; Rowend: 4335; Rows: 2168; Colstart: 3256; Colend: 3664; Cols: 408;
Num-X: 16 ; Num-Y: 3 ; Resolution: 6500 ; Rank: 26 ; Rank-X: 1 ; Rank-Y: 10 ; Rowstart: 2167; Rowend: 4335; Rows: 2168; Colstart: 4070; Colend: 4478; Cols: 408;
Num-X: 16 ; Num-Y: 3 ; Resolution: 6500 ; Rank: 27 ; Rank-X: 1 ; Rank-Y: 11 ; Rowstart: 2167; Rowend: 4335; Rows: 2168; Colstart: 4477; Colend: 4885; Cols: 408;
Num-X: 16 ; Num-Y: 3 ; Resolution: 6500 ; Rank: 28 ; Rank-X: 1 ; Rank-Y: 12 ; Rowstart: 2167; Rowend: 4335; Rows: 2168; Colstart: 4884; Colend: 5292; Cols: 408;
Num-X: 16 ; Num-Y: 3 ; Resolution: 6500 ; Rank: 30 ; Rank-X: 1 ; Rank-Y: 14 ; Rowstart: 2167; Rowend: 4335; Rows: 2168; Colstart: 5698; Colend: 6106; Cols: 408;
Num-X: 16 ; Num-Y: 3 ; Resolution: 6500 ; Rank: 33 ; Rank-X: 2 ; Rank-Y: 1 ; Rowstart: 4334; Rowend: 6501; Rows: 2167; Colstart: 407; Colend: 815; Cols: 408;
Num-X: 16 ; Num-Y: 3 ; Resolution: 6500 ; Rank: 39 ; Rank-X: 2 ; Rank-Y: 7 ; Rowstart: 4334; Rowend: 6501; Rows: 2167; Colstart: 2849; Colend: 3257; Cols: 408;
Num-X: 16 ; Num-Y: 3 ; Resolution: 6500 ; Rank: 41 ; Rank-X: 2 ; Rank-Y: 9 ; Rowstart: 4334; Rowend: 6501; Rows: 2167; Colstart: 3663; Colend: 4071; Cols: 408;
Num-X: 16 ; Num-Y: 3 ; Resolution: 6500 ; Rank: 42 ; Rank-X: 2 ; Rank-Y: 10 ; Rowstart: 4334; Rowend: 6501; Rows: 2167; Colstart: 4070; Colend: 4478; Cols: 408;
Num-X: 16 ; Num-Y: 3 ; Resolution: 6500 ; Rank: 43 ; Rank-X: 2 ; Rank-Y: 11 ; Rowstart: 4334; Rowend: 6501; Rows: 2167; Colstart: 4477; Colend: 4885; Cols: 408;
Num-X: 16 ; Num-Y: 3 ; Resolution: 6500 ; Rank: 44 ; Rank-X: 2 ; Rank-Y: 12 ; Rowstart: 4334; Rowend: 6501; Rows: 2167; Colstart: 4884; Colend: 5292; Cols: 408;
Num-X: 16 ; Num-Y: 3 ; Resolution: 6500 ; Rank: 46 ; Rank-X: 2 ; Rank-Y: 14 ; Rowstart: 4334; Rowend: 6501; Rows: 2167; Colstart: 5698; Colend: 6106; Cols: 408;
Num-X: 16 ; Num-Y: 3 ; Resolution: 6500 ; Rank: 5 ; Rank-X: 0 ; Rank-Y: 5 ; Rowstart: 0; Rowend: 2168; Rows: 2168; Colstart: 2035; Colend: 2443; Cols: 408;
Num-X: 16 ; Num-Y: 3 ; Resolution: 6500 ; Rank: 11 ; Rank-X: 0 ; Rank-Y: 11 ; Rowstart: 0; Rowend: 2168; Rows: 2168; Colstart: 4477; Colend: 4885; Cols: 408;
Num-X: 16 ; Num-Y: 3 ; Resolution: 6500 ; Rank: 12 ; Rank-X: 0 ; Rank-Y: 12 ; Rowstart: 0; Rowend: 2168; Rows: 2168; Colstart: 4884; Colend: 5292; Cols: 408;
Num-X: 16 ; Num-Y: 3 ; Resolution: 6500 ; Rank: 16 ; Rank-X: 1 ; Rank-Y: 0 ; Rowstart: 2167; Rowend: 4335; Rows: 2168; Colstart: 0; Colend: 408; Cols: 408;
Num-X: 16 ; Num-Y: 3 ; Resolution: 6500 ; Rank: 18 ; Rank-X: 1 ; Rank-Y: 2 ; Rowstart: 2167; Rowend: 4335; Rows: 2168; Colstart: 814; Colend: 1222; Cols: 408;
Num-X: 16 ; Num-Y: 3 ; Resolution: 6500 ; Rank: 22 ; Rank-X: 1 ; Rank-Y: 6 ; Rowstart: 2167; Rowend: 4335; Rows: 2168; Colstart: 2442; Colend: 2850; Cols: 408;
Num-X: 16 ; Num-Y: 3 ; Resolution: 6500 ; Rank: 23 ; Rank-X: 1 ; Rank-Y: 7 ; Rowstart: 2167; Rowend: 4335; Rows: 2168; Colstart: 2849; Colend: 3257; Cols: 408;
Num-X: 16 ; Num-Y: 3 ; Resolution: 6500 ; Rank: 31 ; Rank-X: 1 ; Rank-Y: 15 ; Rowstart: 2167; Rowend: 4335; Rows: 2168; Colstart: 6105; Colend: 6501; Cols: 396;
Num-X: 16 ; Num-Y: 3 ; Resolution: 6500 ; Rank: 36 ; Rank-X: 2 ; Rank-Y: 4 ; Rowstart: 4334; Rowend: 6501; Rows: 2167; Colstart: 1628; Colend: 2036; Cols: 408;
Num-X: 16 ; Num-Y: 3 ; Resolution: 6500 ; Rank: 38 ; Rank-X: 2 ; Rank-Y: 6 ; Rowstart: 4334; Rowend: 6501; Rows: 2167; Colstart: 2442; Colend: 2850; Cols: 408;
Num-X: 16 ; Num-Y: 3 ; Resolution: 6500 ; Rank: 2 ; Rank-X: 0 ; Rank-Y: 2 ; Rowstart: 0; Rowend: 2168; Rows: 2168; Colstart: 814; Colend: 1222; Cols: 408;
Num-X: 16 ; Num-Y: 3 ; Resolution: 6500 ; Rank: 25 ; Rank-X: 1 ; Rank-Y: 9 ; Rowstart: 2167; Rowend: 4335; Rows: 2168; Colstart: 3663; Colend: 4071; Cols: 408;
Num-X: 16 ; Num-Y: 3 ; Resolution: 6500 ; Rank: 45 ; Rank-X: 2 ; Rank-Y: 13 ; Rowstart: 4334; Rowend: 6501; Rows: 2167; Colstart: 5291; Colend: 5699; Cols: 408;
Num-X: 16 ; Num-Y: 3 ; Resolution: 6500 ; Rank: 9 ; Rank-X: 0 ; Rank-Y: 9 ; Rowstart: 0; Rowend: 2168; Rows: 2168; Colstart: 3663; Colend: 4071; Cols: 408;

Resolution: 6500
===================
Execution time: 0.097077
Residual: 3.049154

megaflops:  60931.1
  flop instructions (M):  5915.000

Num-X: 16 ; Num-Y: 3 ; Resolution: 7500 ; Rank: 4 ; Rank-X: 0 ; Rank-Y: 4 ; Rowstart: 0; Rowend: 2501; Rows: 2501; Colstart: 1876; Colend: 2346; Cols: 470;
Num-X: 16 ; Num-Y: 3 ; Resolution: 7500 ; Rank: 40 ; Rank-X: 2 ; Rank-Y: 8 ; Rowstart: 5000; Rowend: 7501; Rows: 2501; Colstart: 3752; Colend: 4222; Cols: 470;
Num-X: 16 ; Num-Y: 3 ; Resolution: 7500 ; Rank: 41 ; Rank-X: 2 ; Rank-Y: 9 ; Rowstart: 5000; Rowend: 7501; Rows: 2501; Colstart: 4221; Colend: 4691; Cols: 470;
Num-X: 16 ; Num-Y: 3 ; Resolution: 7500 ; Rank: 46 ; Rank-X: 2 ; Rank-Y: 14 ; Rowstart: 5000; Rowend: 7501; Rows: 2501; Colstart: 6566; Colend: 7036; Cols: 470;
Num-X: 16 ; Num-Y: 3 ; Resolution: 7500 ; Rank: 2 ; Rank-X: 0 ; Rank-Y: 2 ; Rowstart: 0; Rowend: 2501; Rows: 2501; Colstart: 938; Colend: 1408; Cols: 470;
Num-X: 16 ; Num-Y: 3 ; Resolution: 7500 ; Rank: 3 ; Rank-X: 0 ; Rank-Y: 3 ; Rowstart: 0; Rowend: 2501; Rows: 2501; Colstart: 1407; Colend: 1877; Cols: 470;
Num-X: 16 ; Num-Y: 3 ; Resolution: 7500 ; Rank: 5 ; Rank-X: 0 ; Rank-Y: 5 ; Rowstart: 0; Rowend: 2501; Rows: 2501; Colstart: 2345; Colend: 2815; Cols: 470;
Num-X: 16 ; Num-Y: 3 ; Resolution: 7500 ; Rank: 6 ; Rank-X: 0 ; Rank-Y: 6 ; Rowstart: 0; Rowend: 2501; Rows: 2501; Colstart: 2814; Colend: 3284; Cols: 470;
Num-X: 16 ; Num-Y: 3 ; Resolution: 7500 ; Rank: 7 ; Rank-X: 0 ; Rank-Y: 7 ; Rowstart: 0; Rowend: 2501; Rows: 2501; Colstart: 3283; Colend: 3753; Cols: 470;
Num-X: 16 ; Num-Y: 3 ; Resolution: 7500 ; Rank: 8 ; Rank-X: 0 ; Rank-Y: 8 ; Rowstart: 0; Rowend: 2501; Rows: 2501; Colstart: 3752; Colend: 4222; Cols: 470;
Num-X: 16 ; Num-Y: 3 ; Resolution: 7500 ; Rank: 9 ; Rank-X: 0 ; Rank-Y: 9 ; Rowstart: 0; Rowend: 2501; Rows: 2501; Colstart: 4221; Colend: 4691; Cols: 470;
Num-X: 16 ; Num-Y: 3 ; Resolution: 7500 ; Rank: 10 ; Rank-X: 0 ; Rank-Y: 10 ; Rowstart: 0; Rowend: 2501; Rows: 2501; Colstart: 4690; Colend: 5160; Cols: 470;
Num-X: 16 ; Num-Y: 3 ; Resolution: 7500 ; Rank: 11 ; Rank-X: 0 ; Rank-Y: 11 ; Rowstart: 0; Rowend: 2501; Rows: 2501; Colstart: 5159; Colend: 5629; Cols: 470;
Num-X: 16 ; Num-Y: 3 ; Resolution: 7500 ; Rank: 12 ; Rank-X: 0 ; Rank-Y: 12 ; Rowstart: 0; Rowend: 2501; Rows: 2501; Colstart: 5628; Colend: 6098; Cols: 470;
Num-X: 16 ; Num-Y: 3 ; Resolution: 7500 ; Rank: 13 ; Rank-X: 0 ; Rank-Y: 13 ; Rowstart: 0; Rowend: 2501; Rows: 2501; Colstart: 6097; Colend: 6567; Cols: 470;
Num-X: 16 ; Num-Y: 3 ; Resolution: 7500 ; Rank: 14 ; Rank-X: 0 ; Rank-Y: 14 ; Rowstart: 0; Rowend: 2501; Rows: 2501; Colstart: 6566; Colend: 7036; Cols: 470;
Num-X: 16 ; Num-Y: 3 ; Resolution: 7500 ; Rank: 15 ; Rank-X: 0 ; Rank-Y: 15 ; Rowstart: 0; Rowend: 2501; Rows: 2501; Colstart: 7035; Colend: 7501; Cols: 466;
Num-X: 16 ; Num-Y: 3 ; Resolution: 7500 ; Rank: 17 ; Rank-X: 1 ; Rank-Y: 1 ; Rowstart: 2500; Rowend: 5001; Rows: 2501; Colstart: 469; Colend: 939; Cols: 470;
Num-X: 16 ; Num-Y: 3 ; Resolution: 7500 ; Rank: 18 ; Rank-X: 1 ; Rank-Y: 2 ; Rowstart: 2500; Rowend: 5001; Rows: 2501; Colstart: 938; Colend: 1408; Cols: 470;
Num-X: 16 ; Num-Y: 3 ; Resolution: 7500 ; Rank: 19 ; Rank-X: 1 ; Rank-Y: 3 ; Rowstart: 2500; Rowend: 5001; Rows: 2501; Colstart: 1407; Colend: 1877; Cols: 470;
Num-X: 16 ; Num-Y: 3 ; Resolution: 7500 ; Rank: 20 ; Rank-X: 1 ; Rank-Y: 4 ; Rowstart: 2500; Rowend: 5001; Rows: 2501; Colstart: 1876; Colend: 2346; Cols: 470;
Num-X: 16 ; Num-Y: 3 ; Resolution: 7500 ; Rank: 21 ; Rank-X: 1 ; Rank-Y: 5 ; Rowstart: 2500; Rowend: 5001; Rows: 2501; Colstart: 2345; Colend: 2815; Cols: 470;
Num-X: 16 ; Num-Y: 3 ; Resolution: 7500 ; Rank: 22 ; Rank-X: 1 ; Rank-Y: 6 ; Rowstart: 2500; Rowend: 5001; Rows: 2501; Colstart: 2814; Colend: 3284; Cols: 470;
Num-X: 16 ; Num-Y: 3 ; Resolution: 7500 ; Rank: 23 ; Rank-X: 1 ; Rank-Y: 7 ; Rowstart: 2500; Rowend: 5001; Rows: 2501; Colstart: 3283; Colend: 3753; Cols: 470;
Num-X: 16 ; Num-Y: 3 ; Resolution: 7500 ; Rank: 24 ; Rank-X: 1 ; Rank-Y: 8 ; Rowstart: 2500; Rowend: 5001; Rows: 2501; Colstart: 3752; Colend: 4222; Cols: 470;
Num-X: 16 ; Num-Y: 3 ; Resolution: 7500 ; Rank: 25 ; Rank-X: 1 ; Rank-Y: 9 ; Rowstart: 2500; Rowend: 5001; Rows: 2501; Colstart: 4221; Colend: 4691; Cols: 470;
Num-X: 16 ; Num-Y: 3 ; Resolution: 7500 ; Rank: 26 ; Rank-X: 1 ; Rank-Y: 10 ; Rowstart: 2500; Rowend: 5001; Rows: 2501; Colstart: 4690; Colend: 5160; Cols: 470;
Num-X: 16 ; Num-Y: 3 ; Resolution: 7500 ; Rank: 27 ; Rank-X: 1 ; Rank-Y: 11 ; Rowstart: 2500; Rowend: 5001; Rows: 2501; Colstart: 5159; Colend: 5629; Cols: 470;
Num-X: 16 ; Num-Y: 3 ; Resolution: 7500 ; Rank: 28 ; Rank-X: 1 ; Rank-Y: 12 ; Rowstart: 2500; Rowend: 5001; Rows: 2501; Colstart: 5628; Colend: 6098; Cols: 470;
Num-X: 16 ; Num-Y: 3 ; Resolution: 7500 ; Rank: 29 ; Rank-X: 1 ; Rank-Y: 13 ; Rowstart: 2500; Rowend: 5001; Rows: 2501; Colstart: 6097; Colend: 6567; Cols: 470;
Num-X: 16 ; Num-Y: 3 ; Resolution: 7500 ; Rank: 30 ; Rank-X: 1 ; Rank-Y: 14 ; Rowstart: 2500; Rowend: 5001; Rows: 2501; Colstart: 6566; Colend: 7036; Cols: 470;
Num-X: 16 ; Num-Y: 3 ; Resolution: 7500 ; Rank: 31 ; Rank-X: 1 ; Rank-Y: 15 ; Rowstart: 2500; Rowend: 5001; Rows: 2501; Colstart: 7035; Colend: 7501; Cols: 466;
Num-X: 16 ; Num-Y: 3 ; Resolution: 7500 ; Rank: 32 ; Rank-X: 2 ; Rank-Y: 0 ; Rowstart: 5000; Rowend: 7501; Rows: 2501; Colstart: 0; Colend: 470; Cols: 470;
Num-X: 16 ; Num-Y: 3 ; Resolution: 7500 ; Rank: 33 ; Rank-X: 2 ; Rank-Y: 1 ; Rowstart: 5000; Rowend: 7501; Rows: 2501; Colstart: 469; Colend: 939; Cols: 470;
Num-X: 16 ; Num-Y: 3 ; Resolution: 7500 ; Rank: 34 ; Rank-X: 2 ; Rank-Y: 2 ; Rowstart: 5000; Rowend: 7501; Rows: 2501; Colstart: 938; Colend: 1408; Cols: 470;
Num-X: 16 ; Num-Y: 3 ; Resolution: 7500 ; Rank: 35 ; Rank-X: 2 ; Rank-Y: 3 ; Rowstart: 5000; Rowend: 7501; Rows: 2501; Colstart: 1407; Colend: 1877; Cols: 470;
Num-X: 16 ; Num-Y: 3 ; Resolution: 7500 ; Rank: 36 ; Rank-X: 2 ; Rank-Y: 4 ; Rowstart: 5000; Rowend: 7501; Rows: 2501; Colstart: 1876; Colend: 2346; Cols: 470;
Num-X: 16 ; Num-Y: 3 ; Resolution: 7500 ; Rank: 37 ; Rank-X: 2 ; Rank-Y: 5 ; Rowstart: 5000; Rowend: 7501; Rows: 2501; Colstart: 2345; Colend: 2815; Cols: 470;
Num-X: 16 ; Num-Y: 3 ; Resolution: 7500 ; Rank: 38 ; Rank-X: 2 ; Rank-Y: 6 ; Rowstart: 5000; Rowend: 7501; Rows: 2501; Colstart: 2814; Colend: 3284; Cols: 470;
Num-X: 16 ; Num-Y: 3 ; Resolution: 7500 ; Rank: 39 ; Rank-X: 2 ; Rank-Y: 7 ; Rowstart: 5000; Rowend: 7501; Rows: 2501; Colstart: 3283; Colend: 3753; Cols: 470;
Num-X: 16 ; Num-Y: 3 ; Resolution: 7500 ; Rank: 42 ; Rank-X: 2 ; Rank-Y: 10 ; Rowstart: 5000; Rowend: 7501; Rows: 2501; Colstart: 4690; Colend: 5160; Cols: 470;
Num-X: 16 ; Num-Y: 3 ; Resolution: 7500 ; Rank: 43 ; Rank-X: 2 ; Rank-Y: 11 ; Rowstart: 5000; Rowend: 7501; Rows: 2501; Colstart: 5159; Colend: 5629; Cols: 470;
Num-X: 16 ; Num-Y: 3 ; Resolution: 7500 ; Rank: 44 ; Rank-X: 2 ; Rank-Y: 12 ; Rowstart: 5000; Rowend: 7501; Rows: 2501; Colstart: 5628; Colend: 6098; Cols: 470;
Num-X: 16 ; Num-Y: 3 ; Resolution: 7500 ; Rank: 45 ; Rank-X: 2 ; Rank-Y: 13 ; Rowstart: 5000; Rowend: 7501; Rows: 2501; Colstart: 6097; Colend: 6567; Cols: 470;
Num-X: 16 ; Num-Y: 3 ; Resolution: 7500 ; Rank: 47 ; Rank-X: 2 ; Rank-Y: 15 ; Rowstart: 5000; Rowend: 7501; Rows: 2501; Colstart: 7035; Colend: 7501; Cols: 466;
Num-X: 16 ; Num-Y: 3 ; Resolution: 7500 ; Rank: 0 ; Rank-X: 0 ; Rank-Y: 0 ; Rowstart: 0; Rowend: 2501; Rows: 2501; Colstart: 0; Colend: 470; Cols: 470;
Num-X: 16 ; Num-Y: 3 ; Resolution: 7500 ; Rank: 1 ; Rank-X: 0 ; Rank-Y: 1 ; Rowstart: 0; Rowend: 2501; Rows: 2501; Colstart: 469; Colend: 939; Cols: 470;
Num-X: 16 ; Num-Y: 3 ; Resolution: 7500 ; Rank: 16 ; Rank-X: 1 ; Rank-Y: 0 ; Rowstart: 2500; Rowend: 5001; Rows: 2501; Colstart: 0; Colend: 470; Cols: 470;

Resolution: 7500
===================
Execution time: 0.129738
Residual: 3.518183

megaflops:  60699.2
  flop instructions (M):  7875.000

Num-X: 16 ; Num-Y: 3 ; Resolution: 8500 ; Rank: 31 ; Rank-X: 1 ; Rank-Y: 15 ; Rowstart: 2834; Rowend: 5669; Rows: 2835; Colstart: 7980; Colend: 8501; Cols: 521;
Num-X: 16 ; Num-Y: 3 ; Resolution: 8500 ; Rank: 25 ; Rank-X: 1 ; Rank-Y: 9 ; Rowstart: 2834; Rowend: 5669; Rows: 2835; Colstart: 4788; Colend: 5321; Cols: 533;
Num-X: 16 ; Num-Y: 3 ; Resolution: 8500 ; Rank: 27 ; Rank-X: 1 ; Rank-Y: 11 ; Rowstart: 2834; Rowend: 5669; Rows: 2835; Colstart: 5852; Colend: 6385; Cols: 533;
Num-X: 16 ; Num-Y: 3 ; Resolution: 8500 ; Rank: 28 ; Rank-X: 1 ; Rank-Y: 12 ; Rowstart: 2834; Rowend: 5669; Rows: 2835; Colstart: 6384; Colend: 6917; Cols: 533;
Num-X: 16 ; Num-Y: 3 ; Resolution: 8500 ; Rank: 32 ; Rank-X: 2 ; Rank-Y: 0 ; Rowstart: 5668; Rowend: 8501; Rows: 2833; Colstart: 0; Colend: 533; Cols: 533;
Num-X: 16 ; Num-Y: 3 ; Resolution: 8500 ; Rank: 33 ; Rank-X: 2 ; Rank-Y: 1 ; Rowstart: 5668; Rowend: 8501; Rows: 2833; Colstart: 532; Colend: 1065; Cols: 533;
Num-X: 16 ; Num-Y: 3 ; Resolution: 8500 ; Rank: 36 ; Rank-X: 2 ; Rank-Y: 4 ; Rowstart: 5668; Rowend: 8501; Rows: 2833; Colstart: 2128; Colend: 2661; Cols: 533;
Num-X: 16 ; Num-Y: 3 ; Resolution: 8500 ; Rank: 38 ; Rank-X: 2 ; Rank-Y: 6 ; Rowstart: 5668; Rowend: 8501; Rows: 2833; Colstart: 3192; Colend: 3725; Cols: 533;
Num-X: 16 ; Num-Y: 3 ; Resolution: 8500 ; Rank: 39 ; Rank-X: 2 ; Rank-Y: 7 ; Rowstart: 5668; Rowend: 8501; Rows: 2833; Colstart: 3724; Colend: 4257; Cols: 533;
Num-X: 16 ; Num-Y: 3 ; Resolution: 8500 ; Rank: 40 ; Rank-X: 2 ; Rank-Y: 8 ; Rowstart: 5668; Rowend: 8501; Rows: 2833; Colstart: 4256; Colend: 4789; Cols: 533;
Num-X: 16 ; Num-Y: 3 ; Resolution: 8500 ; Rank: 42 ; Rank-X: 2 ; Rank-Y: 10 ; Rowstart: 5668; Rowend: 8501; Rows: 2833; Colstart: 5320; Colend: 5853; Cols: 533;
Num-X: 16 ; Num-Y: 3 ; Resolution: 8500 ; Rank: 45 ; Rank-X: 2 ; Rank-Y: 13 ; Rowstart: 5668; Rowend: 8501; Rows: 2833; Colstart: 6916; Colend: 7449; Cols: 533;
Num-X: 16 ; Num-Y: 3 ; Resolution: 8500 ; Rank: 46 ; Rank-X: 2 ; Rank-Y: 14 ; Rowstart: 5668; Rowend: 8501; Rows: 2833; Colstart: 7448; Colend: 7981; Cols: 533;
Num-X: 16 ; Num-Y: 3 ; Resolution: 8500 ; Rank: 1 ; Rank-X: 0 ; Rank-Y: 1 ; Rowstart: 0; Rowend: 2835; Rows: 2835; Colstart: 532; Colend: 1065; Cols: 533;
Num-X: 16 ; Num-Y: 3 ; Resolution: 8500 ; Rank: 2 ; Rank-X: 0 ; Rank-Y: 2 ; Rowstart: 0; Rowend: 2835; Rows: 2835; Colstart: 1064; Colend: 1597; Cols: 533;
Num-X: 16 ; Num-Y: 3 ; Resolution: 8500 ; Rank: 3 ; Rank-X: 0 ; Rank-Y: 3 ; Rowstart: 0; Rowend: 2835; Rows: 2835; Colstart: 1596; Colend: 2129; Cols: 533;
Num-X: 16 ; Num-Y: 3 ; Resolution: 8500 ; Rank: 4 ; Rank-X: 0 ; Rank-Y: 4 ; Rowstart: 0; Rowend: 2835; Rows: 2835; Colstart: 2128; Colend: 2661; Cols: 533;
Num-X: 16 ; Num-Y: 3 ; Resolution: 8500 ; Rank: 5 ; Rank-X: 0 ; Rank-Y: 5 ; Rowstart: 0; Rowend: 2835; Rows: 2835; Colstart: 2660; Colend: 3193; Cols: 533;
Num-X: 16 ; Num-Y: 3 ; Resolution: 8500 ; Rank: 7 ; Rank-X: 0 ; Rank-Y: 7 ; Rowstart: 0; Rowend: 2835; Rows: 2835; Colstart: 3724; Colend: 4257; Cols: 533;
Num-X: 16 ; Num-Y: 3 ; Resolution: 8500 ; Rank: 8 ; Rank-X: 0 ; Rank-Y: 8 ; Rowstart: 0; Rowend: 2835; Rows: 2835; Colstart: 4256; Colend: 4789; Cols: 533;
Num-X: 16 ; Num-Y: 3 ; Resolution: 8500 ; Rank: 9 ; Rank-X: 0 ; Rank-Y: 9 ; Rowstart: 0; Rowend: 2835; Rows: 2835; Colstart: 4788; Colend: 5321; Cols: 533;
Num-X: 16 ; Num-Y: 3 ; Resolution: 8500 ; Rank: 11 ; Rank-X: 0 ; Rank-Y: 11 ; Rowstart: 0; Rowend: 2835; Rows: 2835; Colstart: 5852; Colend: 6385; Cols: 533;
Num-X: 16 ; Num-Y: 3 ; Resolution: 8500 ; Rank: 12 ; Rank-X: 0 ; Rank-Y: 12 ; Rowstart: 0; Rowend: 2835; Rows: 2835; Colstart: 6384; Colend: 6917; Cols: 533;
Num-X: 16 ; Num-Y: 3 ; Resolution: 8500 ; Rank: 13 ; Rank-X: 0 ; Rank-Y: 13 ; Rowstart: 0; Rowend: 2835; Rows: 2835; Colstart: 6916; Colend: 7449; Cols: 533;
Num-X: 16 ; Num-Y: 3 ; Resolution: 8500 ; Rank: 14 ; Rank-X: 0 ; Rank-Y: 14 ; Rowstart: 0; Rowend: 2835; Rows: 2835; Colstart: 7448; Colend: 7981; Cols: 533;
Num-X: 16 ; Num-Y: 3 ; Resolution: 8500 ; Rank: 15 ; Rank-X: 0 ; Rank-Y: 15 ; Rowstart: 0; Rowend: 2835; Rows: 2835; Colstart: 7980; Colend: 8501; Cols: 521;
Num-X: 16 ; Num-Y: 3 ; Resolution: 8500 ; Rank: 17 ; Rank-X: 1 ; Rank-Y: 1 ; Rowstart: 2834; Rowend: 5669; Rows: 2835; Colstart: 532; Colend: 1065; Cols: 533;
Num-X: 16 ; Num-Y: 3 ; Resolution: 8500 ; Rank: 18 ; Rank-X: 1 ; Rank-Y: 2 ; Rowstart: 2834; Rowend: 5669; Rows: 2835; Colstart: 1064; Colend: 1597; Cols: 533;
Num-X: 16 ; Num-Y: 3 ; Resolution: 8500 ; Rank: 19 ; Rank-X: 1 ; Rank-Y: 3 ; Rowstart: 2834; Rowend: 5669; Rows: 2835; Colstart: 1596; Colend: 2129; Cols: 533;
Num-X: 16 ; Num-Y: 3 ; Resolution: 8500 ; Rank: 20 ; Rank-X: 1 ; Rank-Y: 4 ; Rowstart: 2834; Rowend: 5669; Rows: 2835; Colstart: 2128; Colend: 2661; Cols: 533;
Num-X: 16 ; Num-Y: 3 ; Resolution: 8500 ; Rank: 21 ; Rank-X: 1 ; Rank-Y: 5 ; Rowstart: 2834; Rowend: 5669; Rows: 2835; Colstart: 2660; Colend: 3193; Cols: 533;
Num-X: 16 ; Num-Y: 3 ; Resolution: 8500 ; Rank: 22 ; Rank-X: 1 ; Rank-Y: 6 ; Rowstart: 2834; Rowend: 5669; Rows: 2835; Colstart: 3192; Colend: 3725; Cols: 533;
Num-X: 16 ; Num-Y: 3 ; Resolution: 8500 ; Rank: 23 ; Rank-X: 1 ; Rank-Y: 7 ; Rowstart: 2834; Rowend: 5669; Rows: 2835; Colstart: 3724; Colend: 4257; Cols: 533;
Num-X: 16 ; Num-Y: 3 ; Resolution: 8500 ; Rank: 24 ; Rank-X: 1 ; Rank-Y: 8 ; Rowstart: 2834; Rowend: 5669; Rows: 2835; Colstart: 4256; Colend: 4789; Cols: 533;
Num-X: 16 ; Num-Y: 3 ; Resolution: 8500 ; Rank: 26 ; Rank-X: 1 ; Rank-Y: 10 ; Rowstart: 2834; Rowend: 5669; Rows: 2835; Colstart: 5320; Colend: 5853; Cols: 533;
Num-X: 16 ; Num-Y: 3 ; Resolution: 8500 ; Rank: 29 ; Rank-X: 1 ; Rank-Y: 13 ; Rowstart: 2834; Rowend: 5669; Rows: 2835; Colstart: 6916; Colend: 7449; Cols: 533;
Num-X: 16 ; Num-Y: 3 ; Resolution: 8500 ; Rank: 30 ; Rank-X: 1 ; Rank-Y: 14 ; Rowstart: 2834; Rowend: 5669; Rows: 2835; Colstart: 7448; Colend: 7981; Cols: 533;
Num-X: 16 ; Num-Y: 3 ; Resolution: 8500 ; Rank: 34 ; Rank-X: 2 ; Rank-Y: 2 ; Rowstart: 5668; Rowend: 8501; Rows: 2833; Colstart: 1064; Colend: 1597; Cols: 533;
Num-X: 16 ; Num-Y: 3 ; Resolution: 8500 ; Rank: 35 ; Rank-X: 2 ; Rank-Y: 3 ; Rowstart: 5668; Rowend: 8501; Rows: 2833; Colstart: 1596; Colend: 2129; Cols: 533;
Num-X: 16 ; Num-Y: 3 ; Resolution: 8500 ; Rank: 37 ; Rank-X: 2 ; Rank-Y: 5 ; Rowstart: 5668; Rowend: 8501; Rows: 2833; Colstart: 2660; Colend: 3193; Cols: 533;
Num-X: 16 ; Num-Y: 3 ; Resolution: 8500 ; Rank: 41 ; Rank-X: 2 ; Rank-Y: 9 ; Rowstart: 5668; Rowend: 8501; Rows: 2833; Colstart: 4788; Colend: 5321; Cols: 533;
Num-X: 16 ; Num-Y: 3 ; Resolution: 8500 ; Rank: 43 ; Rank-X: 2 ; Rank-Y: 11 ; Rowstart: 5668; Rowend: 8501; Rows: 2833; Colstart: 5852; Colend: 6385; Cols: 533;
Num-X: 16 ; Num-Y: 3 ; Resolution: 8500 ; Rank: 44 ; Rank-X: 2 ; Rank-Y: 12 ; Rowstart: 5668; Rowend: 8501; Rows: 2833; Colstart: 6384; Colend: 6917; Cols: 533;
Num-X: 16 ; Num-Y: 3 ; Resolution: 8500 ; Rank: 47 ; Rank-X: 2 ; Rank-Y: 15 ; Rowstart: 5668; Rowend: 8501; Rows: 2833; Colstart: 7980; Colend: 8501; Cols: 521;
Num-X: 16 ; Num-Y: 3 ; Resolution: 8500 ; Rank: 0 ; Rank-X: 0 ; Rank-Y: 0 ; Rowstart: 0; Rowend: 2835; Rows: 2835; Colstart: 0; Colend: 533; Cols: 533;
Num-X: 16 ; Num-Y: 3 ; Resolution: 8500 ; Rank: 6 ; Rank-X: 0 ; Rank-Y: 6 ; Rowstart: 0; Rowend: 2835; Rows: 2835; Colstart: 3192; Colend: 3725; Cols: 533;
Num-X: 16 ; Num-Y: 3 ; Resolution: 8500 ; Rank: 10 ; Rank-X: 0 ; Rank-Y: 10 ; Rowstart: 0; Rowend: 2835; Rows: 2835; Colstart: 5320; Colend: 5853; Cols: 533;
Num-X: 16 ; Num-Y: 3 ; Resolution: 8500 ; Rank: 16 ; Rank-X: 1 ; Rank-Y: 0 ; Rowstart: 2834; Rowend: 5669; Rows: 2835; Colstart: 0; Colend: 533; Cols: 533;

Resolution: 8500
===================
Execution time: 0.168107
Residual: 3.987213

megaflops:  60170.1
  flop instructions (M):  10115.000

Num-X: 16 ; Num-Y: 3 ; Resolution: 9500 ; Rank: 10 ; Rank-X: 0 ; Rank-Y: 10 ; Rowstart: 0; Rowend: 3168; Rows: 3168; Colstart: 5940; Colend: 6535; Cols: 595;
Num-X: 16 ; Num-Y: 3 ; Resolution: 9500 ; Rank: 14 ; Rank-X: 0 ; Rank-Y: 14 ; Rowstart: 0; Rowend: 3168; Rows: 3168; Colstart: 8316; Colend: 8911; Cols: 595;
Num-X: 16 ; Num-Y: 3 ; Resolution: 9500 ; Rank: 20 ; Rank-X: 1 ; Rank-Y: 4 ; Rowstart: 3167; Rowend: 6335; Rows: 3168; Colstart: 2376; Colend: 2971; Cols: 595;
Num-X: 16 ; Num-Y: 3 ; Resolution: 9500 ; Rank: 1 ; Rank-X: 0 ; Rank-Y: 1 ; Rowstart: 0; Rowend: 3168; Rows: 3168; Colstart: 594; Colend: 1189; Cols: 595;
Num-X: 16 ; Num-Y: 3 ; Resolution: 9500 ; Rank: 13 ; Rank-X: 0 ; Rank-Y: 13 ; Rowstart: 0; Rowend: 3168; Rows: 3168; Colstart: 7722; Colend: 8317; Cols: 595;
Num-X: 16 ; Num-Y: 3 ; Resolution: 9500 ; Rank: 16 ; Rank-X: 1 ; Rank-Y: 0 ; Rowstart: 3167; Rowend: 6335; Rows: 3168; Colstart: 0; Colend: 595; Cols: 595;
Num-X: 16 ; Num-Y: 3 ; Resolution: 9500 ; Rank: 19 ; Rank-X: 1 ; Rank-Y: 3 ; Rowstart: 3167; Rowend: 6335; Rows: 3168; Colstart: 1782; Colend: 2377; Cols: 595;
Num-X: 16 ; Num-Y: 3 ; Resolution: 9500 ; Rank: 24 ; Rank-X: 1 ; Rank-Y: 8 ; Rowstart: 3167; Rowend: 6335; Rows: 3168; Colstart: 4752; Colend: 5347; Cols: 595;
Num-X: 16 ; Num-Y: 3 ; Resolution: 9500 ; Rank: 26 ; Rank-X: 1 ; Rank-Y: 10 ; Rowstart: 3167; Rowend: 6335; Rows: 3168; Colstart: 5940; Colend: 6535; Cols: 595;
Num-X: 16 ; Num-Y: 3 ; Resolution: 9500 ; Rank: 29 ; Rank-X: 1 ; Rank-Y: 13 ; Rowstart: 3167; Rowend: 6335; Rows: 3168; Colstart: 7722; Colend: 8317; Cols: 595;
Num-X: 16 ; Num-Y: 3 ; Resolution: 9500 ; Rank: 34 ; Rank-X: 2 ; Rank-Y: 2 ; Rowstart: 6334; Rowend: 9501; Rows: 3167; Colstart: 1188; Colend: 1783; Cols: 595;
Num-X: 16 ; Num-Y: 3 ; Resolution: 9500 ; Rank: 35 ; Rank-X: 2 ; Rank-Y: 3 ; Rowstart: 6334; Rowend: 9501; Rows: 3167; Colstart: 1782; Colend: 2377; Cols: 595;
Num-X: 16 ; Num-Y: 3 ; Resolution: 9500 ; Rank: 37 ; Rank-X: 2 ; Rank-Y: 5 ; Rowstart: 6334; Rowend: 9501; Rows: 3167; Colstart: 2970; Colend: 3565; Cols: 595;
Num-X: 16 ; Num-Y: 3 ; Resolution: 9500 ; Rank: 41 ; Rank-X: 2 ; Rank-Y: 9 ; Rowstart: 6334; Rowend: 9501; Rows: 3167; Colstart: 5346; Colend: 5941; Cols: 595;
Num-X: 16 ; Num-Y: 3 ; Resolution: 9500 ; Rank: 43 ; Rank-X: 2 ; Rank-Y: 11 ; Rowstart: 6334; Rowend: 9501; Rows: 3167; Colstart: 6534; Colend: 7129; Cols: 595;
Num-X: 16 ; Num-Y: 3 ; Resolution: 9500 ; Rank: 44 ; Rank-X: 2 ; Rank-Y: 12 ; Rowstart: 6334; Rowend: 9501; Rows: 3167; Colstart: 7128; Colend: 7723; Cols: 595;
Num-X: 16 ; Num-Y: 3 ; Resolution: 9500 ; Rank: 30 ; Rank-X: 1 ; Rank-Y: 14 ; Rowstart: 3167; Rowend: 6335; Rows: 3168; Colstart: 8316; Colend: 8911; Cols: 595;
Num-X: 16 ; Num-Y: 3 ; Resolution: 9500 ; Rank: 0 ; Rank-X: 0 ; Rank-Y: 0 ; Rowstart: 0; Rowend: 3168; Rows: 3168; Colstart: 0; Colend: 595; Cols: 595;
Num-X: 16 ; Num-Y: 3 ; Resolution: 9500 ; Rank: 21 ; Rank-X: 1 ; Rank-Y: 5 ; Rowstart: 3167; Rowend: 6335; Rows: 3168; Colstart: 2970; Colend: 3565; Cols: 595;
Num-X: 16 ; Num-Y: 3 ; Resolution: 9500 ; Rank: 23 ; Rank-X: 1 ; Rank-Y: 7 ; Rowstart: 3167; Rowend: 6335; Rows: 3168; Colstart: 4158; Colend: 4753; Cols: 595;
Num-X: 16 ; Num-Y: 3 ; Resolution: 9500 ; Rank: 27 ; Rank-X: 1 ; Rank-Y: 11 ; Rowstart: 3167; Rowend: 6335; Rows: 3168; Colstart: 6534; Colend: 7129; Cols: 595;
Num-X: 16 ; Num-Y: 3 ; Resolution: 9500 ; Rank: 33 ; Rank-X: 2 ; Rank-Y: 1 ; Rowstart: 6334; Rowend: 9501; Rows: 3167; Colstart: 594; Colend: 1189; Cols: 595;
Num-X: 16 ; Num-Y: 3 ; Resolution: 9500 ; Rank: 40 ; Rank-X: 2 ; Rank-Y: 8 ; Rowstart: 6334; Rowend: 9501; Rows: 3167; Colstart: 4752; Colend: 5347; Cols: 595;
Num-X: 16 ; Num-Y: 3 ; Resolution: 9500 ; Rank: 42 ; Rank-X: 2 ; Rank-Y: 10 ; Rowstart: 6334; Rowend: 9501; Rows: 3167; Colstart: 5940; Colend: 6535; Cols: 595;
Num-X: 16 ; Num-Y: 3 ; Resolution: 9500 ; Rank: 2 ; Rank-X: 0 ; Rank-Y: 2 ; Rowstart: 0; Rowend: 3168; Rows: 3168; Colstart: 1188; Colend: 1783; Cols: 595;
Num-X: 16 ; Num-Y: 3 ; Resolution: 9500 ; Rank: 3 ; Rank-X: 0 ; Rank-Y: 3 ; Rowstart: 0; Rowend: 3168; Rows: 3168; Colstart: 1782; Colend: 2377; Cols: 595;
Num-X: 16 ; Num-Y: 3 ; Resolution: 9500 ; Rank: 4 ; Rank-X: 0 ; Rank-Y: 4 ; Rowstart: 0; Rowend: 3168; Rows: 3168; Colstart: 2376; Colend: 2971; Cols: 595;
Num-X: 16 ; Num-Y: 3 ; Resolution: 9500 ; Rank: 5 ; Rank-X: 0 ; Rank-Y: 5 ; Rowstart: 0; Rowend: 3168; Rows: 3168; Colstart: 2970; Colend: 3565; Cols: 595;
Num-X: 16 ; Num-Y: 3 ; Resolution: 9500 ; Rank: 6 ; Rank-X: 0 ; Rank-Y: 6 ; Rowstart: 0; Rowend: 3168; Rows: 3168; Colstart: 3564; Colend: 4159; Cols: 595;
Num-X: 16 ; Num-Y: 3 ; Resolution: 9500 ; Rank: 7 ; Rank-X: 0 ; Rank-Y: 7 ; Rowstart: 0; Rowend: 3168; Rows: 3168; Colstart: 4158; Colend: 4753; Cols: 595;
Num-X: 16 ; Num-Y: 3 ; Resolution: 9500 ; Rank: 8 ; Rank-X: 0 ; Rank-Y: 8 ; Rowstart: 0; Rowend: 3168; Rows: 3168; Colstart: 4752; Colend: 5347; Cols: 595;
Num-X: 16 ; Num-Y: 3 ; Resolution: 9500 ; Rank: 9 ; Rank-X: 0 ; Rank-Y: 9 ; Rowstart: 0; Rowend: 3168; Rows: 3168; Colstart: 5346; Colend: 5941; Cols: 595;
Num-X: 16 ; Num-Y: 3 ; Resolution: 9500 ; Rank: 11 ; Rank-X: 0 ; Rank-Y: 11 ; Rowstart: 0; Rowend: 3168; Rows: 3168; Colstart: 6534; Colend: 7129; Cols: 595;
Num-X: 16 ; Num-Y: 3 ; Resolution: 9500 ; Rank: 12 ; Rank-X: 0 ; Rank-Y: 12 ; Rowstart: 0; Rowend: 3168; Rows: 3168; Colstart: 7128; Colend: 7723; Cols: 595;
Num-X: 16 ; Num-Y: 3 ; Resolution: 9500 ; Rank: 15 ; Rank-X: 0 ; Rank-Y: 15 ; Rowstart: 0; Rowend: 3168; Rows: 3168; Colstart: 8910; Colend: 9501; Cols: 591;
Num-X: 16 ; Num-Y: 3 ; Resolution: 9500 ; Rank: 17 ; Rank-X: 1 ; Rank-Y: 1 ; Rowstart: 3167; Rowend: 6335; Rows: 3168; Colstart: 594; Colend: 1189; Cols: 595;
Num-X: 16 ; Num-Y: 3 ; Resolution: 9500 ; Rank: 18 ; Rank-X: 1 ; Rank-Y: 2 ; Rowstart: 3167; Rowend: 6335; Rows: 3168; Colstart: 1188; Colend: 1783; Cols: 595;
Num-X: 16 ; Num-Y: 3 ; Resolution: 9500 ; Rank: 22 ; Rank-X: 1 ; Rank-Y: 6 ; Rowstart: 3167; Rowend: 6335; Rows: 3168; Colstart: 3564; Colend: 4159; Cols: 595;
Num-X: 16 ; Num-Y: 3 ; Resolution: 9500 ; Rank: 25 ; Rank-X: 1 ; Rank-Y: 9 ; Rowstart: 3167; Rowend: 6335; Rows: 3168; Colstart: 5346; Colend: 5941; Cols: 595;
Num-X: 16 ; Num-Y: 3 ; Resolution: 9500 ; Rank: 28 ; Rank-X: 1 ; Rank-Y: 12 ; Rowstart: 3167; Rowend: 6335; Rows: 3168; Colstart: 7128; Colend: 7723; Cols: 595;
Num-X: 16 ; Num-Y: 3 ; Resolution: 9500 ; Rank: 31 ; Rank-X: 1 ; Rank-Y: 15 ; Rowstart: 3167; Rowend: 6335; Rows: 3168; Colstart: 8910; Colend: 9501; Cols: 591;
Num-X: 16 ; Num-Y: 3 ; Resolution: 9500 ; Rank: 32 ; Rank-X: 2 ; Rank-Y: 0 ; Rowstart: 6334; Rowend: 9501; Rows: 3167; Colstart: 0; Colend: 595; Cols: 595;
Num-X: 16 ; Num-Y: 3 ; Resolution: 9500 ; Rank: 36 ; Rank-X: 2 ; Rank-Y: 4 ; Rowstart: 6334; Rowend: 9501; Rows: 3167; Colstart: 2376; Colend: 2971; Cols: 595;
Num-X: 16 ; Num-Y: 3 ; Resolution: 9500 ; Rank: 38 ; Rank-X: 2 ; Rank-Y: 6 ; Rowstart: 6334; Rowend: 9501; Rows: 3167; Colstart: 3564; Colend: 4159; Cols: 595;
Num-X: 16 ; Num-Y: 3 ; Resolution: 9500 ; Rank: 39 ; Rank-X: 2 ; Rank-Y: 7 ; Rowstart: 6334; Rowend: 9501; Rows: 3167; Colstart: 4158; Colend: 4753; Cols: 595;
Num-X: 16 ; Num-Y: 3 ; Resolution: 9500 ; Rank: 45 ; Rank-X: 2 ; Rank-Y: 13 ; Rowstart: 6334; Rowend: 9501; Rows: 3167; Colstart: 7722; Colend: 8317; Cols: 595;
Num-X: 16 ; Num-Y: 3 ; Resolution: 9500 ; Rank: 46 ; Rank-X: 2 ; Rank-Y: 14 ; Rowstart: 6334; Rowend: 9501; Rows: 3167; Colstart: 8316; Colend: 8911; Cols: 595;
Num-X: 16 ; Num-Y: 3 ; Resolution: 9500 ; Rank: 47 ; Rank-X: 2 ; Rank-Y: 15 ; Rowstart: 6334; Rowend: 9501; Rows: 3167; Colstart: 8910; Colend: 9501; Cols: 591;

Resolution: 9500
===================
Execution time: 0.211131
Residual: 4.456242

megaflops:  59844.3
  flop instructions (M):  12635.000

Num-X: 16 ; Num-Y: 3 ; Resolution: 10500 ; Rank: 47 ; Rank-X: 2 ; Rank-Y: 15 ; Rowstart: 7000; Rowend: 10501; Rows: 3501; Colstart: 9855; Colend: 10501; Cols: 646;
Num-X: 16 ; Num-Y: 3 ; Resolution: 10500 ; Rank: 4 ; Rank-X: 0 ; Rank-Y: 4 ; Rowstart: 0; Rowend: 3501; Rows: 3501; Colstart: 2628; Colend: 3286; Cols: 658;
Num-X: 16 ; Num-Y: 3 ; Resolution: 10500 ; Rank: 15 ; Rank-X: 0 ; Rank-Y: 15 ; Rowstart: 0; Rowend: 3501; Rows: 3501; Colstart: 9855; Colend: 10501; Cols: 646;
Num-X: 16 ; Num-Y: 3 ; Resolution: 10500 ; Rank: 21 ; Rank-X: 1 ; Rank-Y: 5 ; Rowstart: 3500; Rowend: 7001; Rows: 3501; Colstart: 3285; Colend: 3943; Cols: 658;
Num-X: 16 ; Num-Y: 3 ; Resolution: 10500 ; Rank: 25 ; Rank-X: 1 ; Rank-Y: 9 ; Rowstart: 3500; Rowend: 7001; Rows: 3501; Colstart: 5913; Colend: 6571; Cols: 658;
Num-X: 16 ; Num-Y: 3 ; Resolution: 10500 ; Rank: 27 ; Rank-X: 1 ; Rank-Y: 11 ; Rowstart: 3500; Rowend: 7001; Rows: 3501; Colstart: 7227; Colend: 7885; Cols: 658;
Num-X: 16 ; Num-Y: 3 ; Resolution: 10500 ; Rank: 28 ; Rank-X: 1 ; Rank-Y: 12 ; Rowstart: 3500; Rowend: 7001; Rows: 3501; Colstart: 7884; Colend: 8542; Cols: 658;
Num-X: 16 ; Num-Y: 3 ; Resolution: 10500 ; Rank: 30 ; Rank-X: 1 ; Rank-Y: 14 ; Rowstart: 3500; Rowend: 7001; Rows: 3501; Colstart: 9198; Colend: 9856; Cols: 658;
Num-X: 16 ; Num-Y: 3 ; Resolution: 10500 ; Rank: 31 ; Rank-X: 1 ; Rank-Y: 15 ; Rowstart: 3500; Rowend: 7001; Rows: 3501; Colstart: 9855; Colend: 10501; Cols: 646;
Num-X: 16 ; Num-Y: 3 ; Resolution: 10500 ; Rank: 32 ; Rank-X: 2 ; Rank-Y: 0 ; Rowstart: 7000; Rowend: 10501; Rows: 3501; Colstart: 0; Colend: 658; Cols: 658;
Num-X: 16 ; Num-Y: 3 ; Resolution: 10500 ; Rank: 33 ; Rank-X: 2 ; Rank-Y: 1 ; Rowstart: 7000; Rowend: 10501; Rows: 3501; Colstart: 657; Colend: 1315; Cols: 658;
Num-X: 16 ; Num-Y: 3 ; Resolution: 10500 ; Rank: 34 ; Rank-X: 2 ; Rank-Y: 2 ; Rowstart: 7000; Rowend: 10501; Rows: 3501; Colstart: 1314; Colend: 1972; Cols: 658;
Num-X: 16 ; Num-Y: 3 ; Resolution: 10500 ; Rank: 35 ; Rank-X: 2 ; Rank-Y: 3 ; Rowstart: 7000; Rowend: 10501; Rows: 3501; Colstart: 1971; Colend: 2629; Cols: 658;
Num-X: 16 ; Num-Y: 3 ; Resolution: 10500 ; Rank: 36 ; Rank-X: 2 ; Rank-Y: 4 ; Rowstart: 7000; Rowend: 10501; Rows: 3501; Colstart: 2628; Colend: 3286; Cols: 658;
Num-X: 16 ; Num-Y: 3 ; Resolution: 10500 ; Rank: 38 ; Rank-X: 2 ; Rank-Y: 6 ; Rowstart: 7000; Rowend: 10501; Rows: 3501; Colstart: 3942; Colend: 4600; Cols: 658;
Num-X: 16 ; Num-Y: 3 ; Resolution: 10500 ; Rank: 39 ; Rank-X: 2 ; Rank-Y: 7 ; Rowstart: 7000; Rowend: 10501; Rows: 3501; Colstart: 4599; Colend: 5257; Cols: 658;
Num-X: 16 ; Num-Y: 3 ; Resolution: 10500 ; Rank: 40 ; Rank-X: 2 ; Rank-Y: 8 ; Rowstart: 7000; Rowend: 10501; Rows: 3501; Colstart: 5256; Colend: 5914; Cols: 658;
Num-X: 16 ; Num-Y: 3 ; Resolution: 10500 ; Rank: 42 ; Rank-X: 2 ; Rank-Y: 10 ; Rowstart: 7000; Rowend: 10501; Rows: 3501; Colstart: 6570; Colend: 7228; Cols: 658;
Num-X: 16 ; Num-Y: 3 ; Resolution: 10500 ; Rank: 45 ; Rank-X: 2 ; Rank-Y: 13 ; Rowstart: 7000; Rowend: 10501; Rows: 3501; Colstart: 8541; Colend: 9199; Cols: 658;
Num-X: 16 ; Num-Y: 3 ; Resolution: 10500 ; Rank: 46 ; Rank-X: 2 ; Rank-Y: 14 ; Rowstart: 7000; Rowend: 10501; Rows: 3501; Colstart: 9198; Colend: 9856; Cols: 658;
Num-X: 16 ; Num-Y: 3 ; Resolution: 10500 ; Rank: 1 ; Rank-X: 0 ; Rank-Y: 1 ; Rowstart: 0; Rowend: 3501; Rows: 3501; Colstart: 657; Colend: 1315; Cols: 658;
Num-X: 16 ; Num-Y: 3 ; Resolution: 10500 ; Rank: 2 ; Rank-X: 0 ; Rank-Y: 2 ; Rowstart: 0; Rowend: 3501; Rows: 3501; Colstart: 1314; Colend: 1972; Cols: 658;
Num-X: 16 ; Num-Y: 3 ; Resolution: 10500 ; Rank: 3 ; Rank-X: 0 ; Rank-Y: 3 ; Rowstart: 0; Rowend: 3501; Rows: 3501; Colstart: 1971; Colend: 2629; Cols: 658;
Num-X: 16 ; Num-Y: 3 ; Resolution: 10500 ; Rank: 5 ; Rank-X: 0 ; Rank-Y: 5 ; Rowstart: 0; Rowend: 3501; Rows: 3501; Colstart: 3285; Colend: 3943; Cols: 658;
Num-X: 16 ; Num-Y: 3 ; Resolution: 10500 ; Rank: 6 ; Rank-X: 0 ; Rank-Y: 6 ; Rowstart: 0; Rowend: 3501; Rows: 3501; Colstart: 3942; Colend: 4600; Cols: 658;
Num-X: 16 ; Num-Y: 3 ; Resolution: 10500 ; Rank: 7 ; Rank-X: 0 ; Rank-Y: 7 ; Rowstart: 0; Rowend: 3501; Rows: 3501; Colstart: 4599; Colend: 5257; Cols: 658;
Num-X: 16 ; Num-Y: 3 ; Resolution: 10500 ; Rank: 8 ; Rank-X: 0 ; Rank-Y: 8 ; Rowstart: 0; Rowend: 3501; Rows: 3501; Colstart: 5256; Colend: 5914; Cols: 658;
Num-X: 16 ; Num-Y: 3 ; Resolution: 10500 ; Rank: 9 ; Rank-X: 0 ; Rank-Y: 9 ; Rowstart: 0; Rowend: 3501; Rows: 3501; Colstart: 5913; Colend: 6571; Cols: 658;
Num-X: 16 ; Num-Y: 3 ; Resolution: 10500 ; Rank: 10 ; Rank-X: 0 ; Rank-Y: 10 ; Rowstart: 0; Rowend: 3501; Rows: 3501; Colstart: 6570; Colend: 7228; Cols: 658;
Num-X: 16 ; Num-Y: 3 ; Resolution: 10500 ; Rank: 11 ; Rank-X: 0 ; Rank-Y: 11 ; Rowstart: 0; Rowend: 3501; Rows: 3501; Colstart: 7227; Colend: 7885; Cols: 658;
Num-X: 16 ; Num-Y: 3 ; Resolution: 10500 ; Rank: 12 ; Rank-X: 0 ; Rank-Y: 12 ; Rowstart: 0; Rowend: 3501; Rows: 3501; Colstart: 7884; Colend: 8542; Cols: 658;
Num-X: 16 ; Num-Y: 3 ; Resolution: 10500 ; Rank: 13 ; Rank-X: 0 ; Rank-Y: 13 ; Rowstart: 0; Rowend: 3501; Rows: 3501; Colstart: 8541; Colend: 9199; Cols: 658;
Num-X: 16 ; Num-Y: 3 ; Resolution: 10500 ; Rank: 14 ; Rank-X: 0 ; Rank-Y: 14 ; Rowstart: 0; Rowend: 3501; Rows: 3501; Colstart: 9198; Colend: 9856; Cols: 658;
Num-X: 16 ; Num-Y: 3 ; Resolution: 10500 ; Rank: 16 ; Rank-X: 1 ; Rank-Y: 0 ; Rowstart: 3500; Rowend: 7001; Rows: 3501; Colstart: 0; Colend: 658; Cols: 658;
Num-X: 16 ; Num-Y: 3 ; Resolution: 10500 ; Rank: 17 ; Rank-X: 1 ; Rank-Y: 1 ; Rowstart: 3500; Rowend: 7001; Rows: 3501; Colstart: 657; Colend: 1315; Cols: 658;
Num-X: 16 ; Num-Y: 3 ; Resolution: 10500 ; Rank: 18 ; Rank-X: 1 ; Rank-Y: 2 ; Rowstart: 3500; Rowend: 7001; Rows: 3501; Colstart: 1314; Colend: 1972; Cols: 658;
Num-X: 16 ; Num-Y: 3 ; Resolution: 10500 ; Rank: 19 ; Rank-X: 1 ; Rank-Y: 3 ; Rowstart: 3500; Rowend: 7001; Rows: 3501; Colstart: 1971; Colend: 2629; Cols: 658;
Num-X: 16 ; Num-Y: 3 ; Resolution: 10500 ; Rank: 20 ; Rank-X: 1 ; Rank-Y: 4 ; Rowstart: 3500; Rowend: 7001; Rows: 3501; Colstart: 2628; Colend: 3286; Cols: 658;
Num-X: 16 ; Num-Y: 3 ; Resolution: 10500 ; Rank: 22 ; Rank-X: 1 ; Rank-Y: 6 ; Rowstart: 3500; Rowend: 7001; Rows: 3501; Colstart: 3942; Colend: 4600; Cols: 658;
Num-X: 16 ; Num-Y: 3 ; Resolution: 10500 ; Rank: 23 ; Rank-X: 1 ; Rank-Y: 7 ; Rowstart: 3500; Rowend: 7001; Rows: 3501; Colstart: 4599; Colend: 5257; Cols: 658;
Num-X: 16 ; Num-Y: 3 ; Resolution: 10500 ; Rank: 24 ; Rank-X: 1 ; Rank-Y: 8 ; Rowstart: 3500; Rowend: 7001; Rows: 3501; Colstart: 5256; Colend: 5914; Cols: 658;
Num-X: 16 ; Num-Y: 3 ; Resolution: 10500 ; Rank: 26 ; Rank-X: 1 ; Rank-Y: 10 ; Rowstart: 3500; Rowend: 7001; Rows: 3501; Colstart: 6570; Colend: 7228; Cols: 658;
Num-X: 16 ; Num-Y: 3 ; Resolution: 10500 ; Rank: 29 ; Rank-X: 1 ; Rank-Y: 13 ; Rowstart: 3500; Rowend: 7001; Rows: 3501; Colstart: 8541; Colend: 9199; Cols: 658;
Num-X: 16 ; Num-Y: 3 ; Resolution: 10500 ; Rank: 37 ; Rank-X: 2 ; Rank-Y: 5 ; Rowstart: 7000; Rowend: 10501; Rows: 3501; Colstart: 3285; Colend: 3943; Cols: 658;
Num-X: 16 ; Num-Y: 3 ; Resolution: 10500 ; Rank: 41 ; Rank-X: 2 ; Rank-Y: 9 ; Rowstart: 7000; Rowend: 10501; Rows: 3501; Colstart: 5913; Colend: 6571; Cols: 658;
Num-X: 16 ; Num-Y: 3 ; Resolution: 10500 ; Rank: 43 ; Rank-X: 2 ; Rank-Y: 11 ; Rowstart: 7000; Rowend: 10501; Rows: 3501; Colstart: 7227; Colend: 7885; Cols: 658;
Num-X: 16 ; Num-Y: 3 ; Resolution: 10500 ; Rank: 44 ; Rank-X: 2 ; Rank-Y: 12 ; Rowstart: 7000; Rowend: 10501; Rows: 3501; Colstart: 7884; Colend: 8542; Cols: 658;
Num-X: 16 ; Num-Y: 3 ; Resolution: 10500 ; Rank: 0 ; Rank-X: 0 ; Rank-Y: 0 ; Rowstart: 0; Rowend: 3501; Rows: 3501; Colstart: 0; Colend: 658; Cols: 658;

Resolution: 10500
===================
Execution time: 0.258116
Residual: 4.925272

megaflops:  59798.7
  flop instructions (M):  15435.000

Num-X: 16 ; Num-Y: 3 ; Resolution: 11500 ; Rank: 20 ; Rank-X: 1 ; Rank-Y: 4 ; Rowstart: 3834; Rowend: 7669; Rows: 3835; Colstart: 2876; Colend: 3596; Cols: 720;
Num-X: 16 ; Num-Y: 3 ; Resolution: 11500 ; Rank: 29 ; Rank-X: 1 ; Rank-Y: 13 ; Rowstart: 3834; Rowend: 7669; Rows: 3835; Colstart: 9347; Colend: 10067; Cols: 720;
Num-X: 16 ; Num-Y: 3 ; Resolution: 11500 ; Rank: 37 ; Rank-X: 2 ; Rank-Y: 5 ; Rowstart: 7668; Rowend: 11501; Rows: 3833; Colstart: 3595; Colend: 4315; Cols: 720;
Num-X: 16 ; Num-Y: 3 ; Resolution: 11500 ; Rank: 34 ; Rank-X: 2 ; Rank-Y: 2 ; Rowstart: 7668; Rowend: 11501; Rows: 3833; Colstart: 1438; Colend: 2158; Cols: 720;
Num-X: 16 ; Num-Y: 3 ; Resolution: 11500 ; Rank: 23 ; Rank-X: 1 ; Rank-Y: 7 ; Rowstart: 3834; Rowend: 7669; Rows: 3835; Colstart: 5033; Colend: 5753; Cols: 720;
Num-X: 16 ; Num-Y: 3 ; Resolution: 11500 ; Rank: 15 ; Rank-X: 0 ; Rank-Y: 15 ; Rowstart: 0; Rowend: 3835; Rows: 3835; Colstart: 10785; Colend: 11501; Cols: 716;
Num-X: 16 ; Num-Y: 3 ; Resolution: 11500 ; Rank: 35 ; Rank-X: 2 ; Rank-Y: 3 ; Rowstart: 7668; Rowend: 11501; Rows: 3833; Colstart: 2157; Colend: 2877; Cols: 720;
Num-X: 16 ; Num-Y: 3 ; Resolution: 11500 ; Rank: 38 ; Rank-X: 2 ; Rank-Y: 6 ; Rowstart: 7668; Rowend: 11501; Rows: 3833; Colstart: 4314; Colend: 5034; Cols: 720;
Num-X: 16 ; Num-Y: 3 ; Resolution: 11500 ; Rank: 6 ; Rank-X: 0 ; Rank-Y: 6 ; Rowstart: 0; Rowend: 3835; Rows: 3835; Colstart: 4314; Colend: 5034; Cols: 720;
Num-X: 16 ; Num-Y: 3 ; Resolution: 11500 ; Rank: 8 ; Rank-X: 0 ; Rank-Y: 8 ; Rowstart: 0; Rowend: 3835; Rows: 3835; Colstart: 5752; Colend: 6472; Cols: 720;
Num-X: 16 ; Num-Y: 3 ; Resolution: 11500 ; Rank: 11 ; Rank-X: 0 ; Rank-Y: 11 ; Rowstart: 0; Rowend: 3835; Rows: 3835; Colstart: 7909; Colend: 8629; Cols: 720;
Num-X: 16 ; Num-Y: 3 ; Resolution: 11500 ; Rank: 31 ; Rank-X: 1 ; Rank-Y: 15 ; Rowstart: 3834; Rowend: 7669; Rows: 3835; Colstart: 10785; Colend: 11501; Cols: 716;
Num-X: 16 ; Num-Y: 3 ; Resolution: 11500 ; Rank: 33 ; Rank-X: 2 ; Rank-Y: 1 ; Rowstart: 7668; Rowend: 11501; Rows: 3833; Colstart: 719; Colend: 1439; Cols: 720;
Num-X: 16 ; Num-Y: 3 ; Resolution: 11500 ; Rank: 39 ; Rank-X: 2 ; Rank-Y: 7 ; Rowstart: 7668; Rowend: 11501; Rows: 3833; Colstart: 5033; Colend: 5753; Cols: 720;
Num-X: 16 ; Num-Y: 3 ; Resolution: 11500 ; Rank: 45 ; Rank-X: 2 ; Rank-Y: 13 ; Rowstart: 7668; Rowend: 11501; Rows: 3833; Colstart: 9347; Colend: 10067; Cols: 720;
Num-X: 16 ; Num-Y: 3 ; Resolution: 11500 ; Rank: 47 ; Rank-X: 2 ; Rank-Y: 15 ; Rowstart: 7668; Rowend: 11501; Rows: 3833; Colstart: 10785; Colend: 11501; Cols: 716;
Num-X: 16 ; Num-Y: 3 ; Resolution: 11500 ; Rank: 3 ; Rank-X: 0 ; Rank-Y: 3 ; Rowstart: 0; Rowend: 3835; Rows: 3835; Colstart: 2157; Colend: 2877; Cols: 720;
Num-X: 16 ; Num-Y: 3 ; Resolution: 11500 ; Rank: 4 ; Rank-X: 0 ; Rank-Y: 4 ; Rowstart: 0; Rowend: 3835; Rows: 3835; Colstart: 2876; Colend: 3596; Cols: 720;
Num-X: 16 ; Num-Y: 3 ; Resolution: 11500 ; Rank: 9 ; Rank-X: 0 ; Rank-Y: 9 ; Rowstart: 0; Rowend: 3835; Rows: 3835; Colstart: 6471; Colend: 7191; Cols: 720;
Num-X: 16 ; Num-Y: 3 ; Resolution: 11500 ; Rank: 12 ; Rank-X: 0 ; Rank-Y: 12 ; Rowstart: 0; Rowend: 3835; Rows: 3835; Colstart: 8628; Colend: 9348; Cols: 720;
Num-X: 16 ; Num-Y: 3 ; Resolution: 11500 ; Rank: 13 ; Rank-X: 0 ; Rank-Y: 13 ; Rowstart: 0; Rowend: 3835; Rows: 3835; Colstart: 9347; Colend: 10067; Cols: 720;
Num-X: 16 ; Num-Y: 3 ; Resolution: 11500 ; Rank: 14 ; Rank-X: 0 ; Rank-Y: 14 ; Rowstart: 0; Rowend: 3835; Rows: 3835; Colstart: 10066; Colend: 10786; Cols: 720;
Num-X: 16 ; Num-Y: 3 ; Resolution: 11500 ; Rank: 17 ; Rank-X: 1 ; Rank-Y: 1 ; Rowstart: 3834; Rowend: 7669; Rows: 3835; Colstart: 719; Colend: 1439; Cols: 720;
Num-X: 16 ; Num-Y: 3 ; Resolution: 11500 ; Rank: 18 ; Rank-X: 1 ; Rank-Y: 2 ; Rowstart: 3834; Rowend: 7669; Rows: 3835; Colstart: 1438; Colend: 2158; Cols: 720;
Num-X: 16 ; Num-Y: 3 ; Resolution: 11500 ; Rank: 21 ; Rank-X: 1 ; Rank-Y: 5 ; Rowstart: 3834; Rowend: 7669; Rows: 3835; Colstart: 3595; Colend: 4315; Cols: 720;
Num-X: 16 ; Num-Y: 3 ; Resolution: 11500 ; Rank: 25 ; Rank-X: 1 ; Rank-Y: 9 ; Rowstart: 3834; Rowend: 7669; Rows: 3835; Colstart: 6471; Colend: 7191; Cols: 720;
Num-X: 16 ; Num-Y: 3 ; Resolution: 11500 ; Rank: 26 ; Rank-X: 1 ; Rank-Y: 10 ; Rowstart: 3834; Rowend: 7669; Rows: 3835; Colstart: 7190; Colend: 7910; Cols: 720;
Num-X: 16 ; Num-Y: 3 ; Resolution: 11500 ; Rank: 27 ; Rank-X: 1 ; Rank-Y: 11 ; Rowstart: 3834; Rowend: 7669; Rows: 3835; Colstart: 7909; Colend: 8629; Cols: 720;
Num-X: 16 ; Num-Y: 3 ; Resolution: 11500 ; Rank: 28 ; Rank-X: 1 ; Rank-Y: 12 ; Rowstart: 3834; Rowend: 7669; Rows: 3835; Colstart: 8628; Colend: 9348; Cols: 720;
Num-X: 16 ; Num-Y: 3 ; Resolution: 11500 ; Rank: 30 ; Rank-X: 1 ; Rank-Y: 14 ; Rowstart: 3834; Rowend: 7669; Rows: 3835; Colstart: 10066; Colend: 10786; Cols: 720;
Num-X: 16 ; Num-Y: 3 ; Resolution: 11500 ; Rank: 32 ; Rank-X: 2 ; Rank-Y: 0 ; Rowstart: 7668; Rowend: 11501; Rows: 3833; Colstart: 0; Colend: 720; Cols: 720;
Num-X: 16 ; Num-Y: 3 ; Resolution: 11500 ; Rank: 36 ; Rank-X: 2 ; Rank-Y: 4 ; Rowstart: 7668; Rowend: 11501; Rows: 3833; Colstart: 2876; Colend: 3596; Cols: 720;
Num-X: 16 ; Num-Y: 3 ; Resolution: 11500 ; Rank: 40 ; Rank-X: 2 ; Rank-Y: 8 ; Rowstart: 7668; Rowend: 11501; Rows: 3833; Colstart: 5752; Colend: 6472; Cols: 720;
Num-X: 16 ; Num-Y: 3 ; Resolution: 11500 ; Rank: 41 ; Rank-X: 2 ; Rank-Y: 9 ; Rowstart: 7668; Rowend: 11501; Rows: 3833; Colstart: 6471; Colend: 7191; Cols: 720;
Num-X: 16 ; Num-Y: 3 ; Resolution: 11500 ; Rank: 42 ; Rank-X: 2 ; Rank-Y: 10 ; Rowstart: 7668; Rowend: 11501; Rows: 3833; Colstart: 7190; Colend: 7910; Cols: 720;
Num-X: 16 ; Num-Y: 3 ; Resolution: 11500 ; Rank: 43 ; Rank-X: 2 ; Rank-Y: 11 ; Rowstart: 7668; Rowend: 11501; Rows: 3833; Colstart: 7909; Colend: 8629; Cols: 720;
Num-X: 16 ; Num-Y: 3 ; Resolution: 11500 ; Rank: 44 ; Rank-X: 2 ; Rank-Y: 12 ; Rowstart: 7668; Rowend: 11501; Rows: 3833; Colstart: 8628; Colend: 9348; Cols: 720;
Num-X: 16 ; Num-Y: 3 ; Resolution: 11500 ; Rank: 46 ; Rank-X: 2 ; Rank-Y: 14 ; Rowstart: 7668; Rowend: 11501; Rows: 3833; Colstart: 10066; Colend: 10786; Cols: 720;
Num-X: 16 ; Num-Y: 3 ; Resolution: 11500 ; Rank: 1 ; Rank-X: 0 ; Rank-Y: 1 ; Rowstart: 0; Rowend: 3835; Rows: 3835; Colstart: 719; Colend: 1439; Cols: 720;
Num-X: 16 ; Num-Y: 3 ; Resolution: 11500 ; Rank: 2 ; Rank-X: 0 ; Rank-Y: 2 ; Rowstart: 0; Rowend: 3835; Rows: 3835; Colstart: 1438; Colend: 2158; Cols: 720;
Num-X: 16 ; Num-Y: 3 ; Resolution: 11500 ; Rank: 5 ; Rank-X: 0 ; Rank-Y: 5 ; Rowstart: 0; Rowend: 3835; Rows: 3835; Colstart: 3595; Colend: 4315; Cols: 720;
Num-X: 16 ; Num-Y: 3 ; Resolution: 11500 ; Rank: 7 ; Rank-X: 0 ; Rank-Y: 7 ; Rowstart: 0; Rowend: 3835; Rows: 3835; Colstart: 5033; Colend: 5753; Cols: 720;
Num-X: 16 ; Num-Y: 3 ; Resolution: 11500 ; Rank: 10 ; Rank-X: 0 ; Rank-Y: 10 ; Rowstart: 0; Rowend: 3835; Rows: 3835; Colstart: 7190; Colend: 7910; Cols: 720;
Num-X: 16 ; Num-Y: 3 ; Resolution: 11500 ; Rank: 16 ; Rank-X: 1 ; Rank-Y: 0 ; Rowstart: 3834; Rowend: 7669; Rows: 3835; Colstart: 0; Colend: 720; Cols: 720;
Num-X: 16 ; Num-Y: 3 ; Resolution: 11500 ; Rank: 19 ; Rank-X: 1 ; Rank-Y: 3 ; Rowstart: 3834; Rowend: 7669; Rows: 3835; Colstart: 2157; Colend: 2877; Cols: 720;
Num-X: 16 ; Num-Y: 3 ; Resolution: 11500 ; Rank: 22 ; Rank-X: 1 ; Rank-Y: 6 ; Rowstart: 3834; Rowend: 7669; Rows: 3835; Colstart: 4314; Colend: 5034; Cols: 720;
Num-X: 16 ; Num-Y: 3 ; Resolution: 11500 ; Rank: 24 ; Rank-X: 1 ; Rank-Y: 8 ; Rowstart: 3834; Rowend: 7669; Rows: 3835; Colstart: 5752; Colend: 6472; Cols: 720;
Num-X: 16 ; Num-Y: 3 ; Resolution: 11500 ; Rank: 0 ; Rank-X: 0 ; Rank-Y: 0 ; Rowstart: 0; Rowend: 3835; Rows: 3835; Colstart: 0; Colend: 720; Cols: 720;

Resolution: 11500
===================
Execution time: 0.308631
Residual: 5.394301

megaflops:  59990.7
  flop instructions (M):  18515.000

Num-X: 16 ; Num-Y: 3 ; Resolution: 12500 ; Rank: 15 ; Rank-X: 0 ; Rank-Y: 15 ; Rowstart: 0; Rowend: 4168; Rows: 4168; Colstart: 11730; Colend: 12501; Cols: 771;
Num-X: 16 ; Num-Y: 3 ; Resolution: 12500 ; Rank: 21 ; Rank-X: 1 ; Rank-Y: 5 ; Rowstart: 4167; Rowend: 8335; Rows: 4168; Colstart: 3910; Colend: 4693; Cols: 783;
Num-X: 16 ; Num-Y: 3 ; Resolution: 12500 ; Rank: 31 ; Rank-X: 1 ; Rank-Y: 15 ; Rowstart: 4167; Rowend: 8335; Rows: 4168; Colstart: 11730; Colend: 12501; Cols: 771;
Num-X: 16 ; Num-Y: 3 ; Resolution: 12500 ; Rank: 2 ; Rank-X: 0 ; Rank-Y: 2 ; Rowstart: 0; Rowend: 4168; Rows: 4168; Colstart: 1564; Colend: 2347; Cols: 783;
Num-X: 16 ; Num-Y: 3 ; Resolution: 12500 ; Rank: 4 ; Rank-X: 0 ; Rank-Y: 4 ; Rowstart: 0; Rowend: 4168; Rows: 4168; Colstart: 3128; Colend: 3911; Cols: 783;
Num-X: 16 ; Num-Y: 3 ; Resolution: 12500 ; Rank: 6 ; Rank-X: 0 ; Rank-Y: 6 ; Rowstart: 0; Rowend: 4168; Rows: 4168; Colstart: 4692; Colend: 5475; Cols: 783;
Num-X: 16 ; Num-Y: 3 ; Resolution: 12500 ; Rank: 7 ; Rank-X: 0 ; Rank-Y: 7 ; Rowstart: 0; Rowend: 4168; Rows: 4168; Colstart: 5474; Colend: 6257; Cols: 783;
Num-X: 16 ; Num-Y: 3 ; Resolution: 12500 ; Rank: 9 ; Rank-X: 0 ; Rank-Y: 9 ; Rowstart: 0; Rowend: 4168; Rows: 4168; Colstart: 7038; Colend: 7821; Cols: 783;
Num-X: 16 ; Num-Y: 3 ; Resolution: 12500 ; Rank: 10 ; Rank-X: 0 ; Rank-Y: 10 ; Rowstart: 0; Rowend: 4168; Rows: 4168; Colstart: 7820; Colend: 8603; Cols: 783;
Num-X: 16 ; Num-Y: 3 ; Resolution: 12500 ; Rank: 11 ; Rank-X: 0 ; Rank-Y: 11 ; Rowstart: 0; Rowend: 4168; Rows: 4168; Colstart: 8602; Colend: 9385; Cols: 783;
Num-X: 16 ; Num-Y: 3 ; Resolution: 12500 ; Rank: 12 ; Rank-X: 0 ; Rank-Y: 12 ; Rowstart: 0; Rowend: 4168; Rows: 4168; Colstart: 9384; Colend: 10167; Cols: 783;
Num-X: 16 ; Num-Y: 3 ; Resolution: 12500 ; Rank: 14 ; Rank-X: 0 ; Rank-Y: 14 ; Rowstart: 0; Rowend: 4168; Rows: 4168; Colstart: 10948; Colend: 11731; Cols: 783;
Num-X: 16 ; Num-Y: 3 ; Resolution: 12500 ; Rank: 17 ; Rank-X: 1 ; Rank-Y: 1 ; Rowstart: 4167; Rowend: 8335; Rows: 4168; Colstart: 782; Colend: 1565; Cols: 783;
Num-X: 16 ; Num-Y: 3 ; Resolution: 12500 ; Rank: 18 ; Rank-X: 1 ; Rank-Y: 2 ; Rowstart: 4167; Rowend: 8335; Rows: 4168; Colstart: 1564; Colend: 2347; Cols: 783;
Num-X: 16 ; Num-Y: 3 ; Resolution: 12500 ; Rank: 19 ; Rank-X: 1 ; Rank-Y: 3 ; Rowstart: 4167; Rowend: 8335; Rows: 4168; Colstart: 2346; Colend: 3129; Cols: 783;
Num-X: 16 ; Num-Y: 3 ; Resolution: 12500 ; Rank: 20 ; Rank-X: 1 ; Rank-Y: 4 ; Rowstart: 4167; Rowend: 8335; Rows: 4168; Colstart: 3128; Colend: 3911; Cols: 783;
Num-X: 16 ; Num-Y: 3 ; Resolution: 12500 ; Rank: 22 ; Rank-X: 1 ; Rank-Y: 6 ; Rowstart: 4167; Rowend: 8335; Rows: 4168; Colstart: 4692; Colend: 5475; Cols: 783;
Num-X: 16 ; Num-Y: 3 ; Resolution: 12500 ; Rank: 23 ; Rank-X: 1 ; Rank-Y: 7 ; Rowstart: 4167; Rowend: 8335; Rows: 4168; Colstart: 5474; Colend: 6257; Cols: 783;
Num-X: 16 ; Num-Y: 3 ; Resolution: 12500 ; Rank: 32 ; Rank-X: 2 ; Rank-Y: 0 ; Rowstart: 8334; Rowend: 12501; Rows: 4167; Colstart: 0; Colend: 783; Cols: 783;
Num-X: 16 ; Num-Y: 3 ; Resolution: 12500 ; Rank: 33 ; Rank-X: 2 ; Rank-Y: 1 ; Rowstart: 8334; Rowend: 12501; Rows: 4167; Colstart: 782; Colend: 1565; Cols: 783;
Num-X: 16 ; Num-Y: 3 ; Resolution: 12500 ; Rank: 34 ; Rank-X: 2 ; Rank-Y: 2 ; Rowstart: 8334; Rowend: 12501; Rows: 4167; Colstart: 1564; Colend: 2347; Cols: 783;
Num-X: 16 ; Num-Y: 3 ; Resolution: 12500 ; Rank: 35 ; Rank-X: 2 ; Rank-Y: 3 ; Rowstart: 8334; Rowend: 12501; Rows: 4167; Colstart: 2346; Colend: 3129; Cols: 783;
Num-X: 16 ; Num-Y: 3 ; Resolution: 12500 ; Rank: 36 ; Rank-X: 2 ; Rank-Y: 4 ; Rowstart: 8334; Rowend: 12501; Rows: 4167; Colstart: 3128; Colend: 3911; Cols: 783;
Num-X: 16 ; Num-Y: 3 ; Resolution: 12500 ; Rank: 37 ; Rank-X: 2 ; Rank-Y: 5 ; Rowstart: 8334; Rowend: 12501; Rows: 4167; Colstart: 3910; Colend: 4693; Cols: 783;
Num-X: 16 ; Num-Y: 3 ; Resolution: 12500 ; Rank: 38 ; Rank-X: 2 ; Rank-Y: 6 ; Rowstart: 8334; Rowend: 12501; Rows: 4167; Colstart: 4692; Colend: 5475; Cols: 783;
Num-X: 16 ; Num-Y: 3 ; Resolution: 12500 ; Rank: 39 ; Rank-X: 2 ; Rank-Y: 7 ; Rowstart: 8334; Rowend: 12501; Rows: 4167; Colstart: 5474; Colend: 6257; Cols: 783;
Num-X: 16 ; Num-Y: 3 ; Resolution: 12500 ; Rank: 40 ; Rank-X: 2 ; Rank-Y: 8 ; Rowstart: 8334; Rowend: 12501; Rows: 4167; Colstart: 6256; Colend: 7039; Cols: 783;
Num-X: 16 ; Num-Y: 3 ; Resolution: 12500 ; Rank: 41 ; Rank-X: 2 ; Rank-Y: 9 ; Rowstart: 8334; Rowend: 12501; Rows: 4167; Colstart: 7038; Colend: 7821; Cols: 783;
Num-X: 16 ; Num-Y: 3 ; Resolution: 12500 ; Rank: 42 ; Rank-X: 2 ; Rank-Y: 10 ; Rowstart: 8334; Rowend: 12501; Rows: 4167; Colstart: 7820; Colend: 8603; Cols: 783;
Num-X: 16 ; Num-Y: 3 ; Resolution: 12500 ; Rank: 43 ; Rank-X: 2 ; Rank-Y: 11 ; Rowstart: 8334; Rowend: 12501; Rows: 4167; Colstart: 8602; Colend: 9385; Cols: 783;
Num-X: 16 ; Num-Y: 3 ; Resolution: 12500 ; Rank: 44 ; Rank-X: 2 ; Rank-Y: 12 ; Rowstart: 8334; Rowend: 12501; Rows: 4167; Colstart: 9384; Colend: 10167; Cols: 783;
Num-X: 16 ; Num-Y: 3 ; Resolution: 12500 ; Rank: 45 ; Rank-X: 2 ; Rank-Y: 13 ; Rowstart: 8334; Rowend: 12501; Rows: 4167; Colstart: 10166; Colend: 10949; Cols: 783;
Num-X: 16 ; Num-Y: 3 ; Resolution: 12500 ; Rank: 46 ; Rank-X: 2 ; Rank-Y: 14 ; Rowstart: 8334; Rowend: 12501; Rows: 4167; Colstart: 10948; Colend: 11731; Cols: 783;
Num-X: 16 ; Num-Y: 3 ; Resolution: 12500 ; Rank: 47 ; Rank-X: 2 ; Rank-Y: 15 ; Rowstart: 8334; Rowend: 12501; Rows: 4167; Colstart: 11730; Colend: 12501; Cols: 771;
Num-X: 16 ; Num-Y: 3 ; Resolution: 12500 ; Rank: 0 ; Rank-X: 0 ; Rank-Y: 0 ; Rowstart: 0; Rowend: 4168; Rows: 4168; Colstart: 0; Colend: 783; Cols: 783;
Num-X: 16 ; Num-Y: 3 ; Resolution: 12500 ; Rank: 1 ; Rank-X: 0 ; Rank-Y: 1 ; Rowstart: 0; Rowend: 4168; Rows: 4168; Colstart: 782; Colend: 1565; Cols: 783;
Num-X: 16 ; Num-Y: 3 ; Resolution: 12500 ; Rank: 3 ; Rank-X: 0 ; Rank-Y: 3 ; Rowstart: 0; Rowend: 4168; Rows: 4168; Colstart: 2346; Colend: 3129; Cols: 783;
Num-X: 16 ; Num-Y: 3 ; Resolution: 12500 ; Rank: 5 ; Rank-X: 0 ; Rank-Y: 5 ; Rowstart: 0; Rowend: 4168; Rows: 4168; Colstart: 3910; Colend: 4693; Cols: 783;
Num-X: 16 ; Num-Y: 3 ; Resolution: 12500 ; Rank: 8 ; Rank-X: 0 ; Rank-Y: 8 ; Rowstart: 0; Rowend: 4168; Rows: 4168; Colstart: 6256; Colend: 7039; Cols: 783;
Num-X: 16 ; Num-Y: 3 ; Resolution: 12500 ; Rank: 13 ; Rank-X: 0 ; Rank-Y: 13 ; Rowstart: 0; Rowend: 4168; Rows: 4168; Colstart: 10166; Colend: 10949; Cols: 783;
Num-X: 16 ; Num-Y: 3 ; Resolution: 12500 ; Rank: 16 ; Rank-X: 1 ; Rank-Y: 0 ; Rowstart: 4167; Rowend: 8335; Rows: 4168; Colstart: 0; Colend: 783; Cols: 783;
Num-X: 16 ; Num-Y: 3 ; Resolution: 12500 ; Rank: 24 ; Rank-X: 1 ; Rank-Y: 8 ; Rowstart: 4167; Rowend: 8335; Rows: 4168; Colstart: 6256; Colend: 7039; Cols: 783;
Num-X: 16 ; Num-Y: 3 ; Resolution: 12500 ; Rank: 25 ; Rank-X: 1 ; Rank-Y: 9 ; Rowstart: 4167; Rowend: 8335; Rows: 4168; Colstart: 7038; Colend: 7821; Cols: 783;
Num-X: 16 ; Num-Y: 3 ; Resolution: 12500 ; Rank: 26 ; Rank-X: 1 ; Rank-Y: 10 ; Rowstart: 4167; Rowend: 8335; Rows: 4168; Colstart: 7820; Colend: 8603; Cols: 783;
Num-X: 16 ; Num-Y: 3 ; Resolution: 12500 ; Rank: 27 ; Rank-X: 1 ; Rank-Y: 11 ; Rowstart: 4167; Rowend: 8335; Rows: 4168; Colstart: 8602; Colend: 9385; Cols: 783;
Num-X: 16 ; Num-Y: 3 ; Resolution: 12500 ; Rank: 28 ; Rank-X: 1 ; Rank-Y: 12 ; Rowstart: 4167; Rowend: 8335; Rows: 4168; Colstart: 9384; Colend: 10167; Cols: 783;
Num-X: 16 ; Num-Y: 3 ; Resolution: 12500 ; Rank: 30 ; Rank-X: 1 ; Rank-Y: 14 ; Rowstart: 4167; Rowend: 8335; Rows: 4168; Colstart: 10948; Colend: 11731; Cols: 783;
Num-X: 16 ; Num-Y: 3 ; Resolution: 12500 ; Rank: 29 ; Rank-X: 1 ; Rank-Y: 13 ; Rowstart: 4167; Rowend: 8335; Rows: 4168; Colstart: 10166; Colend: 10949; Cols: 783;

Resolution: 12500
===================
Execution time: 0.364470
Residual: 5.863330

megaflops:  60018.7
  flop instructions (M):  21875.000
Abort(940164354) on node 0 (rank 0 in comm 0): Fatal error in PMPI_Recv: Invalid count, error stack:
PMPI_Recv(173): MPI_Recv(buf=0x24ca030, count=-105, MPI_DOUBLE, src=15, tag=99, comm=0x84000003, status=0x7ffe2c16166c) failed
PMPI_Recv(103): Negative count, value is -105
