Running with 1 threads
Resolution: 6500
===================
Execution time: 1.661088
Residual: 3.049154

megaflops:  3560.9
  flop instructions (M):  5915.000

Running with 2 threads
Resolution: 6500
===================
Execution time: 0.855241
Residual: 0.765839

megaflops:  6916.2
  flop instructions (M):  5915.000

Running with 4 threads
Resolution: 6500
===================
Execution time: 0.475292
Residual: 0.393350

megaflops:  12445.0
  flop instructions (M):  5915.000

Running with 8 threads
Resolution: 6500
===================
Execution time: 0.396703
Residual: 1.504469

megaflops:  14910.4
  flop instructions (M):  5915.000


Running with 12 threads
Resolution: 6500
===================
Execution time: 0.399776
Residual: 1.418218

megaflops:  14795.8
  flop instructions (M):  5915.000

Running with 16 threads
Resolution: 6500
===================
Execution time: 0.404311
Residual: 0.097547

megaflops:  14629.8
  flop instructions (M):  5915.000

Running with 24 threads
Resolution: 6500
===================
Execution time: 0.414139
Residual: 0.073730

megaflops:  14282.6
  flop instructions (M):  5915.000

Running with 32 threads
Resolution: 6500
===================
Execution time: 0.288043
Residual: 0.119041

megaflops:  20535.1
  flop instructions (M):  5915.000


Running with 48 threads
Resolution: 6500
===================
Execution time: 0.290513
Residual: 0.101897

megaflops:  20360.5
  flop instructions (M):  5915.000
