Running with 1 threads
Resolution: 6500
===================
Execution time: 1.635750
Residual: 3.049154

megaflops:  3616.1
  flop instructions (M):  5915.000

Running with 2 threads
Resolution: 6500
===================
Execution time: 0.841169
Residual: 2.324980

megaflops:  7031.9
  flop instructions (M):  5915.000

Running with 4 threads
Resolution: 6500
===================
Execution time: 0.468385
Residual: 0.500280

megaflops:  12628.5
  flop instructions (M):  5915.000

Running with 8 threads
Resolution: 6500
===================
Execution time: 0.393132
Residual: 0.228074

megaflops:  15045.8
  flop instructions (M):  5915.000

Running with 12 threads
Resolution: 6500
===================
Execution time: 0.393939
Residual: 1.500404

megaflops:  15015.0
  flop instructions (M):  5915.000

Running with 16 threads
Resolution: 6500
===================
Execution time: 0.394366
Residual: 1.435014

megaflops:  14998.8
  flop instructions (M):  5915.000

Running with 24 threads
Resolution: 6500
===================
Execution time: 0.404717
Residual: 0.045358

megaflops:  14615.2
  flop instructions (M):  5915.000

Running with 32 threads
Resolution: 6500
===================
Execution time: 0.307919
Residual: 0.054604

megaflops:  19209.6
  flop instructions (M):  5915.000


Resolution: 6500
===================
Execution time: 0.307919
Residual: 0.054604

megaflops:  19209.6
  flop instructions (M):  5915.000

Running with 48 threads
Resolution: 6500
===================
Execution time: 0.252761
Residual: 1.294888

megaflops:  23401.5
  flop instructions (M):  5915.000

