mpiexec -genv I_MPI_DEBUG=4 -genv OMP_NUM_THREADS=8 -genv I_MPI_PIN_DOMAIN=omp -n 24 ./heat test.dat 3 8
[0] MPI startup(): Intel(R) MPI Library, Version 2019 Update 8  Build 20200624 (id: 4f16ad915)
[0] MPI startup(): Copyright (C) 2003-2020 Intel Corporation.  All rights reserved.
[0] MPI startup(): library kind: release
[0] MPI startup(): libfabric version: 1.10.1-impi
[0] MPI startup(): libfabric provider: psm2

Executing each MPI process in 8 OMP threads.
[0] MPI startup(): Rank    Pid      Node name     Pin cpu
[0] MPI startup(): 0       2379989  i01r01c02s09  {0,1,2,3,48,49,50,51}
[0] MPI startup(): 1       2379990  i01r01c02s09  {4,5,6,7,52,53,54,55}
[0] MPI startup(): 2       2379991  i01r01c02s09  {8,9,10,11,56,57,58,59}
[0] MPI startup(): 3       2379992  i01r01c02s09  {24,25,26,27,72,73,74,75}
[0] MPI startup(): 4       2379993  i01r01c02s09  {28,29,30,31,76,77,78,79}
[0] MPI startup(): 5       2379994  i01r01c02s09  {32,33,34,35,80,81,82,83}
[0] MPI startup(): 6       175514   i01r01c02s10  {0,1,2,3,48,49,50,51}
[0] MPI startup(): 7       175515   i01r01c02s10  {4,5,6,7,52,53,54,55}
[0] MPI startup(): 8       175516   i01r01c02s10  {8,9,10,11,56,57,58,59}
[0] MPI startup(): 9       175517   i01r01c02s10  {24,25,26,27,72,73,74,75}
[0] MPI startup(): 10      175518   i01r01c02s10  {28,29,30,31,76,77,78,79}
[0] MPI startup(): 11      175519   i01r01c02s10  {32,33,34,35,80,81,82,83}
[0] MPI startup(): 12      1977975  i01r01c02s11  {0,1,2,3,48,49,50,51}
[0] MPI startup(): 13      1977976  i01r01c02s11  {4,5,6,7,52,53,54,55}
[0] MPI startup(): 14      1977977  i01r01c02s11  {8,9,10,11,56,57,58,59}
[0] MPI startup(): 15      1977978  i01r01c02s11  {24,25,26,27,72,73,74,75}
[0] MPI startup(): 16      1977979  i01r01c02s11  {28,29,30,31,76,77,78,79}
[0] MPI startup(): 17      1977980  i01r01c02s11  {32,33,34,35,80,81,82,83}
[0] MPI startup(): 18      2453000  i01r01c02s12  {0,1,2,3,48,49,50,51}
[0] MPI startup(): 19      2453001  i01r01c02s12  {4,5,6,7,52,53,54,55}
[0] MPI startup(): 20      2453002  i01r01c02s12  {8,9,10,11,56,57,58,59}
[0] MPI startup(): 21      2453003  i01r01c02s12  {24,25,26,27,72,73,74,75}
[0] MPI startup(): 22      2453004  i01r01c02s12  {28,29,30,31,76,77,78,79}
[0] MPI startup(): 23      2453005  i01r01c02s12  {32,33,34,35,80,81,82,83}

3 processes distributed in X-direction
 8 ; processes distributed in Y-direction
Resolutions       : (4500, 5500, ... 12500)
Iterations        : 20
Num. Heat sources : 2
   1: (0.00, 0.00) 1.00 1.00 
   2: (1.00, 1.00) 1.00 0.50 
rank= 0 coords= 0 0 neighbours(up,down,left,right)= -1 8 -1 1
rank= 4 coords= 0 4 neighbours(up,down,left,right)= -1 12 3 5
rank= 1 coords= 0 1 neighbours(up,down,left,right)= -1 9 0 2
rank= 2 coords= 0 2 neighbours(up,down,left,right)= -1 10 1 3
rank= 3 coords= 0 3 neighbours(up,down,left,right)= -1 11 2 4
rank= 5 coords= 0 5 neighbours(up,down,left,right)= -1 13 4 6
rank= 12 coords= 1 4 neighbours(up,down,left,right)= 4 20 11 13
rank= 18 coords= 2 2 neighbours(up,down,left,right)= 10 -1 17 19
rank= 6 coords= 0 6 neighbours(up,down,left,right)= -1 14 5 7
rank= 13 coords= 1 5 neighbours(up,down,left,right)= 5 21 12 14
rank= 19 coords= 2 3 neighbours(up,down,left,right)= 11 -1 18 20
rank= 7 coords= 0 7 neighbours(up,down,left,right)= -1 15 6 -1
rank= 14 coords= 1 6 neighbours(up,down,left,right)= 6 22 13 15
rank= 20 coords= 2 4 neighbours(up,down,left,right)= 12 -1 19 21
rank= 8 coords= 1 0 neighbours(up,down,left,right)= 0 16 -1 9
rank= 15 coords= 1 7 neighbours(up,down,left,right)= 7 23 14 -1
rank= 21 coords= 2 5 neighbours(up,down,left,right)= 13 -1 20 22
rank= 10 coords= 1 2 neighbours(up,down,left,right)= 2 18 9 11
rank= 16 coords= 2 0 neighbours(up,down,left,right)= 8 -1 -1 17
rank= 22 coords= 2 6 neighbours(up,down,left,right)= 14 -1 21 23
rank= 9 coords= 1 1 neighbours(up,down,left,right)= 1 17 8 10
rank= 23 coords= 2 7 neighbours(up,down,left,right)= 15 -1 22 -1
rank= 11 coords= 1 3 neighbours(up,down,left,right)= 3 19 10 12
rank= 17 coords= 2 1 neighbours(up,down,left,right)= 9 -1 16 18

Num-X: 8 ; Num-Y: 3 ; Resolution: 4500 ; Rank: 17 ; Rank-X: 1 ; Rank-Y: 2 ; Rowstart: 3000; Rowend: 4501; Rows: 1501; Colstart: 563; Colend: 1127; Cols: 564;
Num-X: 8 ; Num-Y: 3 ; Resolution: 4500 ; Rank: 14 ; Rank-X: 6 ; Rank-Y: 1 ; Rowstart: 1500; Rowend: 3001; Rows: 1501; Colstart: 3376; Colend: 3939; Cols: 563;
Num-X: 8 ; Num-Y: 3 ; Resolution: 4500 ; Rank: 13 ; Rank-X: 5 ; Rank-Y: 1 ; Rowstart: 1500; Rowend: 3001; Rows: 1501; Colstart: 2814; Colend: 3377; Cols: 563;
Num-X: 8 ; Num-Y: 3 ; Resolution: 4500 ; Rank: 18 ; Rank-X: 2 ; Rank-Y: 2 ; Rowstart: 3000; Rowend: 4501; Rows: 1501; Colstart: 1126; Colend: 1690; Cols: 564;
Num-X: 8 ; Num-Y: 3 ; Resolution: 4500 ; Rank: 16 ; Rank-X: 0 ; Rank-Y: 2 ; Rowstart: 3000; Rowend: 4501; Rows: 1501; Colstart: 0; Colend: 564; Cols: 564;
Num-X: 8 ; Num-Y: 3 ; Resolution: 4500 ; Rank: 21 ; Rank-X: 5 ; Rank-Y: 2 ; Rowstart: 3000; Rowend: 4501; Rows: 1501; Colstart: 2814; Colend: 3377; Cols: 563;
Num-X: 8 ; Num-Y: 3 ; Resolution: 4500 ; Rank: 22 ; Rank-X: 6 ; Rank-Y: 2 ; Rowstart: 3000; Rowend: 4501; Rows: 1501; Colstart: 3376; Colend: 3939; Cols: 563;
Num-X: 8 ; Num-Y: 3 ; Resolution: 4500 ; Rank: 15 ; Rank-X: 7 ; Rank-Y: 1 ; Rowstart: 1500; Rowend: 3001; Rows: 1501; Colstart: 3938; Colend: 4501; Cols: 563;
Num-X: 8 ; Num-Y: 3 ; Resolution: 4500 ; Rank: 12 ; Rank-X: 4 ; Rank-Y: 1 ; Rowstart: 1500; Rowend: 3001; Rows: 1501; Colstart: 2252; Colend: 2815; Cols: 563;
Num-X: 8 ; Num-Y: 3 ; Resolution: 4500 ; Rank: 8 ; Rank-X: 0 ; Rank-Y: 1 ; Rowstart: 1500; Rowend: 3001; Rows: 1501; Colstart: 0; Colend: 564; Cols: 564;
Num-X: 8 ; Num-Y: 3 ; Resolution: 4500 ; Rank: 4 ; Rank-X: 4 ; Rank-Y: 0 ; Rowstart: 0; Rowend: 1501; Rows: 1501; Colstart: 2252; Colend: 2815; Cols: 563;
Num-X: 8 ; Num-Y: 3 ; Resolution: 4500 ; Rank: 6 ; Rank-X: 6 ; Rank-Y: 0 ; Rowstart: 0; Rowend: 1501; Rows: 1501; Colstart: 3376; Colend: 3939; Cols: 563;
Num-X: 8 ; Num-Y: 3 ; Resolution: 4500 ; Rank: 20 ; Rank-X: 4 ; Rank-Y: 2 ; Rowstart: 3000; Rowend: 4501; Rows: 1501; Colstart: 2252; Colend: 2815; Cols: 563;
Num-X: 8 ; Num-Y: 3 ; Resolution: 4500 ; Rank: 23 ; Rank-X: 7 ; Rank-Y: 2 ; Rowstart: 3000; Rowend: 4501; Rows: 1501; Colstart: 3938; Colend: 4501; Cols: 563;
Num-X: 8 ; Num-Y: 3 ; Resolution: 4500 ; Rank: 7 ; Rank-X: 7 ; Rank-Y: 0 ; Rowstart: 0; Rowend: 1501; Rows: 1501; Colstart: 3938; Colend: 4501; Cols: 563;
Num-X: 8 ; Num-Y: 3 ; Resolution: 4500 ; Rank: 9 ; Rank-X: 1 ; Rank-Y: 1 ; Rowstart: 1500; Rowend: 3001; Rows: 1501; Colstart: 563; Colend: 1127; Cols: 564;
Num-X: 8 ; Num-Y: 3 ; Resolution: 4500 ; Rank: 11 ; Rank-X: 3 ; Rank-Y: 1 ; Rowstart: 1500; Rowend: 3001; Rows: 1501; Colstart: 1689; Colend: 2253; Cols: 564;
Num-X: 8 ; Num-Y: 3 ; Resolution: 4500 ; Rank: 19 ; Rank-X: 3 ; Rank-Y: 2 ; Rowstart: 3000; Rowend: 4501; Rows: 1501; Colstart: 1689; Colend: 2253; Cols: 564;
Num-X: 8 ; Num-Y: 3 ; Resolution: 4500 ; Rank: 3 ; Rank-X: 3 ; Rank-Y: 0 ; Rowstart: 0; Rowend: 1501; Rows: 1501; Colstart: 1689; Colend: 2253; Cols: 564;
Num-X: 8 ; Num-Y: 3 ; Resolution: 4500 ; Rank: 0 ; Rank-X: 0 ; Rank-Y: 0 ; Rowstart: 0; Rowend: 1501; Rows: 1501; Colstart: 0; Colend: 564; Cols: 564;
Num-X: 8 ; Num-Y: 3 ; Resolution: 4500 ; Rank: 1 ; Rank-X: 1 ; Rank-Y: 0 ; Rowstart: 0; Rowend: 1501; Rows: 1501; Colstart: 563; Colend: 1127; Cols: 564;
Num-X: 8 ; Num-Y: 3 ; Resolution: 4500 ; Rank: 10 ; Rank-X: 2 ; Rank-Y: 1 ; Rowstart: 1500; Rowend: 3001; Rows: 1501; Colstart: 1126; Colend: 1690; Cols: 564;
Num-X: 8 ; Num-Y: 3 ; Resolution: 4500 ; Rank: 2 ; Rank-X: 2 ; Rank-Y: 0 ; Rowstart: 0; Rowend: 1501; Rows: 1501; Colstart: 1126; Colend: 1690; Cols: 564;
Num-X: 8 ; Num-Y: 3 ; Resolution: 4500 ; Rank: 5 ; Rank-X: 5 ; Rank-Y: 0 ; Rowstart: 0; Rowend: 1501; Rows: 1501; Colstart: 2814; Colend: 3377; Cols: 563;

Resolution: 4500
===================
Execution time: 0.005936
Residual: 2.111093

megaflops:  477601.8
  flop instructions (M):  2835.000

Num-X: 8 ; Num-Y: 3 ; Resolution: 5500 ; Rank: 4 ; Rank-X: 4 ; Rank-Y: 0 ; Rowstart: 0; Rowend: 1835; Rows: 1835; Colstart: 2752; Colend: 3440; Cols: 688;
Num-X: 8 ; Num-Y: 3 ; Resolution: 5500 ; Rank: 14 ; Rank-X: 6 ; Rank-Y: 1 ; Rowstart: 1834; Rowend: 3668; Rows: 1834; Colstart: 4126; Colend: 4814; Cols: 688;
Num-X: 8 ; Num-Y: 3 ; Resolution: 5500 ; Rank: 1 ; Rank-X: 1 ; Rank-Y: 0 ; Rowstart: 0; Rowend: 1835; Rows: 1835; Colstart: 688; Colend: 1377; Cols: 689;
Num-X: 8 ; Num-Y: 3 ; Resolution: 5500 ; Rank: 17 ; Rank-X: 1 ; Rank-Y: 2 ; Rowstart: 3667; Rowend: 5501; Rows: 1834; Colstart: 688; Colend: 1377; Cols: 689;
Num-X: 8 ; Num-Y: 3 ; Resolution: 5500 ; Rank: 20 ; Rank-X: 4 ; Rank-Y: 2 ; Rowstart: 3667; Rowend: 5501; Rows: 1834; Colstart: 2752; Colend: 3440; Cols: 688;
Num-X: 8 ; Num-Y: 3 ; Resolution: 5500 ; Rank: 2 ; Rank-X: 2 ; Rank-Y: 0 ; Rowstart: 0; Rowend: 1835; Rows: 1835; Colstart: 1376; Colend: 2065; Cols: 689;
Num-X: 8 ; Num-Y: 3 ; Resolution: 5500 ; Rank: 13 ; Rank-X: 5 ; Rank-Y: 1 ; Rowstart: 1834; Rowend: 3668; Rows: 1834; Colstart: 3439; Colend: 4127; Cols: 688;
Num-X: 8 ; Num-Y: 3 ; Resolution: 5500 ; Rank: 22 ; Rank-X: 6 ; Rank-Y: 2 ; Rowstart: 3667; Rowend: 5501; Rows: 1834; Colstart: 4126; Colend: 4814; Cols: 688;
Num-X: 8 ; Num-Y: 3 ; Resolution: 5500 ; Rank: 9 ; Rank-X: 1 ; Rank-Y: 1 ; Rowstart: 1834; Rowend: 3668; Rows: 1834; Colstart: 688; Colend: 1377; Cols: 689;
Num-X: 8 ; Num-Y: 3 ; Resolution: 5500 ; Rank: 3 ; Rank-X: 3 ; Rank-Y: 0 ; Rowstart: 0; Rowend: 1835; Rows: 1835; Colstart: 2064; Colend: 2753; Cols: 689;
Num-X: 8 ; Num-Y: 3 ; Resolution: 5500 ; Rank: 12 ; Rank-X: 4 ; Rank-Y: 1 ; Rowstart: 1834; Rowend: 3668; Rows: 1834; Colstart: 2752; Colend: 3440; Cols: 688;
Num-X: 8 ; Num-Y: 3 ; Resolution: 5500 ; Rank: 18 ; Rank-X: 2 ; Rank-Y: 2 ; Rowstart: 3667; Rowend: 5501; Rows: 1834; Colstart: 1376; Colend: 2065; Cols: 689;
Num-X: 8 ; Num-Y: 3 ; Resolution: 5500 ; Rank: 10 ; Rank-X: 2 ; Rank-Y: 1 ; Rowstart: 1834; Rowend: 3668; Rows: 1834; Colstart: 1376; Colend: 2065; Cols: 689;
Num-X: 8 ; Num-Y: 3 ; Resolution: 5500 ; Rank: 5 ; Rank-X: 5 ; Rank-Y: 0 ; Rowstart: 0; Rowend: 1835; Rows: 1835; Colstart: 3439; Colend: 4127; Cols: 688;
Num-X: 8 ; Num-Y: 3 ; Resolution: 5500 ; Rank: 15 ; Rank-X: 7 ; Rank-Y: 1 ; Rowstart: 1834; Rowend: 3668; Rows: 1834; Colstart: 4813; Colend: 5501; Cols: 688;
Num-X: 8 ; Num-Y: 3 ; Resolution: 5500 ; Rank: 19 ; Rank-X: 3 ; Rank-Y: 2 ; Rowstart: 3667; Rowend: 5501; Rows: 1834; Colstart: 2064; Colend: 2753; Cols: 689;
Num-X: 8 ; Num-Y: 3 ; Resolution: 5500 ; Rank: 6 ; Rank-X: 6 ; Rank-Y: 0 ; Rowstart: 0; Rowend: 1835; Rows: 1835; Colstart: 4126; Colend: 4814; Cols: 688;
Num-X: 8 ; Num-Y: 3 ; Resolution: 5500 ; Rank: 0 ; Rank-X: 0 ; Rank-Y: 0 ; Rowstart: 0; Rowend: 1835; Rows: 1835; Colstart: 0; Colend: 689; Cols: 689;
Num-X: 8 ; Num-Y: 3 ; Resolution: 5500 ; Rank: 16 ; Rank-X: 0 ; Rank-Y: 2 ; Rowstart: 3667; Rowend: 5501; Rows: 1834; Colstart: 0; Colend: 689; Cols: 689;
Num-X: 8 ; Num-Y: 3 ; Resolution: 5500 ; Rank: 21 ; Rank-X: 5 ; Rank-Y: 2 ; Rowstart: 3667; Rowend: 5501; Rows: 1834; Colstart: 3439; Colend: 4127; Cols: 688;
Num-X: 8 ; Num-Y: 3 ; Resolution: 5500 ; Rank: 11 ; Rank-X: 3 ; Rank-Y: 1 ; Rowstart: 1834; Rowend: 3668; Rows: 1834; Colstart: 2064; Colend: 2753; Cols: 689;
Num-X: 8 ; Num-Y: 3 ; Resolution: 5500 ; Rank: 7 ; Rank-X: 7 ; Rank-Y: 0 ; Rowstart: 0; Rowend: 1835; Rows: 1835; Colstart: 4813; Colend: 5501; Cols: 688;
Num-X: 8 ; Num-Y: 3 ; Resolution: 5500 ; Rank: 8 ; Rank-X: 0 ; Rank-Y: 1 ; Rowstart: 1834; Rowend: 3668; Rows: 1834; Colstart: 0; Colend: 689; Cols: 689;
Num-X: 8 ; Num-Y: 3 ; Resolution: 5500 ; Rank: 23 ; Rank-X: 7 ; Rank-Y: 2 ; Rowstart: 3667; Rowend: 5501; Rows: 1834; Colstart: 4813; Colend: 5501; Cols: 688;

Resolution: 5500
===================
Execution time: 0.011959
Residual: 2.580124

megaflops:  354124.4
  flop instructions (M):  4235.000

Num-X: 8 ; Num-Y: 3 ; Resolution: 6500 ; Rank: 2 ; Rank-X: 2 ; Rank-Y: 0 ; Rowstart: 0; Rowend: 2168; Rows: 2168; Colstart: 1626; Colend: 2440; Cols: 814;
Num-X: 8 ; Num-Y: 3 ; Resolution: 6500 ; Rank: 1 ; Rank-X: 1 ; Rank-Y: 0 ; Rowstart: 0; Rowend: 2168; Rows: 2168; Colstart: 813; Colend: 1627; Cols: 814;
Num-X: 8 ; Num-Y: 3 ; Resolution: 6500 ; Rank: 3 ; Rank-X: 3 ; Rank-Y: 0 ; Rowstart: 0; Rowend: 2168; Rows: 2168; Colstart: 2439; Colend: 3253; Cols: 814;
Num-X: 8 ; Num-Y: 3 ; Resolution: 6500 ; Rank: 5 ; Rank-X: 5 ; Rank-Y: 0 ; Rowstart: 0; Rowend: 2168; Rows: 2168; Colstart: 4064; Colend: 4877; Cols: 813;
Num-X: 8 ; Num-Y: 3 ; Resolution: 6500 ; Rank: 0 ; Rank-X: 0 ; Rank-Y: 0 ; Rowstart: 0; Rowend: 2168; Rows: 2168; Colstart: 0; Colend: 814; Cols: 814;
Num-X: 8 ; Num-Y: 3 ; Resolution: 6500 ; Rank: 13 ; Rank-X: 5 ; Rank-Y: 1 ; Rowstart: 2167; Rowend: 4335; Rows: 2168; Colstart: 4064; Colend: 4877; Cols: 813;
Num-X: 8 ; Num-Y: 3 ; Resolution: 6500 ; Rank: 10 ; Rank-X: 2 ; Rank-Y: 1 ; Rowstart: 2167; Rowend: 4335; Rows: 2168; Colstart: 1626; Colend: 2440; Cols: 814;
Num-X: 8 ; Num-Y: 3 ; Resolution: 6500 ; Rank: 11 ; Rank-X: 3 ; Rank-Y: 1 ; Rowstart: 2167; Rowend: 4335; Rows: 2168; Colstart: 2439; Colend: 3253; Cols: 814;
Num-X: 8 ; Num-Y: 3 ; Resolution: 6500 ; Rank: 9 ; Rank-X: 1 ; Rank-Y: 1 ; Rowstart: 2167; Rowend: 4335; Rows: 2168; Colstart: 813; Colend: 1627; Cols: 814;
Num-X: 8 ; Num-Y: 3 ; Resolution: 6500 ; Rank: 16 ; Rank-X: 0 ; Rank-Y: 2 ; Rowstart: 4334; Rowend: 6501; Rows: 2167; Colstart: 0; Colend: 814; Cols: 814;
Num-X: 8 ; Num-Y: 3 ; Resolution: 6500 ; Rank: 4 ; Rank-X: 4 ; Rank-Y: 0 ; Rowstart: 0; Rowend: 2168; Rows: 2168; Colstart: 3252; Colend: 4065; Cols: 813;
Num-X: 8 ; Num-Y: 3 ; Resolution: 6500 ; Rank: 23 ; Rank-X: 7 ; Rank-Y: 2 ; Rowstart: 4334; Rowend: 6501; Rows: 2167; Colstart: 5688; Colend: 6501; Cols: 813;
Num-X: 8 ; Num-Y: 3 ; Resolution: 6500 ; Rank: 17 ; Rank-X: 1 ; Rank-Y: 2 ; Rowstart: 4334; Rowend: 6501; Rows: 2167; Colstart: 813; Colend: 1627; Cols: 814;
Num-X: 8 ; Num-Y: 3 ; Resolution: 6500 ; Rank: 21 ; Rank-X: 5 ; Rank-Y: 2 ; Rowstart: 4334; Rowend: 6501; Rows: 2167; Colstart: 4064; Colend: 4877; Cols: 813;
Num-X: 8 ; Num-Y: 3 ; Resolution: 6500 ; Rank: 8 ; Rank-X: 0 ; Rank-Y: 1 ; Rowstart: 2167; Rowend: 4335; Rows: 2168; Colstart: 0; Colend: 814; Cols: 814;
Num-X: 8 ; Num-Y: 3 ; Resolution: 6500 ; Rank: 22 ; Rank-X: 6 ; Rank-Y: 2 ; Rowstart: 4334; Rowend: 6501; Rows: 2167; Colstart: 4876; Colend: 5689; Cols: 813;
Num-X: 8 ; Num-Y: 3 ; Resolution: 6500 ; Rank: 6 ; Rank-X: 6 ; Rank-Y: 0 ; Rowstart: 0; Rowend: 2168; Rows: 2168; Colstart: 4876; Colend: 5689; Cols: 813;
Num-X: 8 ; Num-Y: 3 ; Resolution: 6500 ; Rank: 12 ; Rank-X: 4 ; Rank-Y: 1 ; Rowstart: 2167; Rowend: 4335; Rows: 2168; Colstart: 3252; Colend: 4065; Cols: 813;
Num-X: 8 ; Num-Y: 3 ; Resolution: 6500 ; Rank: 14 ; Rank-X: 6 ; Rank-Y: 1 ; Rowstart: 2167; Rowend: 4335; Rows: 2168; Colstart: 4876; Colend: 5689; Cols: 813;
Num-X: 8 ; Num-Y: 3 ; Resolution: 6500 ; Rank: 15 ; Rank-X: 7 ; Rank-Y: 1 ; Rowstart: 2167; Rowend: 4335; Rows: 2168; Colstart: 5688; Colend: 6501; Cols: 813;
Num-X: 8 ; Num-Y: 3 ; Resolution: 6500 ; Rank: 18 ; Rank-X: 2 ; Rank-Y: 2 ; Rowstart: 4334; Rowend: 6501; Rows: 2167; Colstart: 1626; Colend: 2440; Cols: 814;
Num-X: 8 ; Num-Y: 3 ; Resolution: 6500 ; Rank: 19 ; Rank-X: 3 ; Rank-Y: 2 ; Rowstart: 4334; Rowend: 6501; Rows: 2167; Colstart: 2439; Colend: 3253; Cols: 814;
Num-X: 8 ; Num-Y: 3 ; Resolution: 6500 ; Rank: 20 ; Rank-X: 4 ; Rank-Y: 2 ; Rowstart: 4334; Rowend: 6501; Rows: 2167; Colstart: 3252; Colend: 4065; Cols: 813;
Num-X: 8 ; Num-Y: 3 ; Resolution: 6500 ; Rank: 7 ; Rank-X: 7 ; Rank-Y: 0 ; Rowstart: 0; Rowend: 2168; Rows: 2168; Colstart: 5688; Colend: 6501; Cols: 813;

Resolution: 6500
===================
Execution time: 0.020613
Residual: 3.049154

megaflops:  286955.5
  flop instructions (M):  5915.000

Num-X: 8 ; Num-Y: 3 ; Resolution: 7500 ; Rank: 2 ; Rank-X: 2 ; Rank-Y: 0 ; Rowstart: 0; Rowend: 2501; Rows: 2501; Colstart: 1876; Colend: 2815; Cols: 939;
Num-X: 8 ; Num-Y: 3 ; Resolution: 7500 ; Rank: 5 ; Rank-X: 5 ; Rank-Y: 0 ; Rowstart: 0; Rowend: 2501; Rows: 2501; Colstart: 4689; Colend: 5627; Cols: 938;
Num-X: 8 ; Num-Y: 3 ; Resolution: 7500 ; Rank: 9 ; Rank-X: 1 ; Rank-Y: 1 ; Rowstart: 2500; Rowend: 5001; Rows: 2501; Colstart: 938; Colend: 1877; Cols: 939;
Num-X: 8 ; Num-Y: 3 ; Resolution: 7500 ; Rank: 10 ; Rank-X: 2 ; Rank-Y: 1 ; Rowstart: 2500; Rowend: 5001; Rows: 2501; Colstart: 1876; Colend: 2815; Cols: 939;
Num-X: 8 ; Num-Y: 3 ; Resolution: 7500 ; Rank: 11 ; Rank-X: 3 ; Rank-Y: 1 ; Rowstart: 2500; Rowend: 5001; Rows: 2501; Colstart: 2814; Colend: 3753; Cols: 939;
Num-X: 8 ; Num-Y: 3 ; Resolution: 7500 ; Rank: 12 ; Rank-X: 4 ; Rank-Y: 1 ; Rowstart: 2500; Rowend: 5001; Rows: 2501; Colstart: 3752; Colend: 4690; Cols: 938;
Num-X: 8 ; Num-Y: 3 ; Resolution: 7500 ; Rank: 17 ; Rank-X: 1 ; Rank-Y: 2 ; Rowstart: 5000; Rowend: 7501; Rows: 2501; Colstart: 938; Colend: 1877; Cols: 939;
Num-X: 8 ; Num-Y: 3 ; Resolution: 7500 ; Rank: 7 ; Rank-X: 7 ; Rank-Y: 0 ; Rowstart: 0; Rowend: 2501; Rows: 2501; Colstart: 6563; Colend: 7501; Cols: 938;
Num-X: 8 ; Num-Y: 3 ; Resolution: 7500 ; Rank: 23 ; Rank-X: 7 ; Rank-Y: 2 ; Rowstart: 5000; Rowend: 7501; Rows: 2501; Colstart: 6563; Colend: 7501; Cols: 938;
Num-X: 8 ; Num-Y: 3 ; Resolution: 7500 ; Rank: 6 ; Rank-X: 6 ; Rank-Y: 0 ; Rowstart: 0; Rowend: 2501; Rows: 2501; Colstart: 5626; Colend: 6564; Cols: 938;
Num-X: 8 ; Num-Y: 3 ; Resolution: 7500 ; Rank: 15 ; Rank-X: 7 ; Rank-Y: 1 ; Rowstart: 2500; Rowend: 5001; Rows: 2501; Colstart: 6563; Colend: 7501; Cols: 938;
Num-X: 8 ; Num-Y: 3 ; Resolution: 7500 ; Rank: 1 ; Rank-X: 1 ; Rank-Y: 0 ; Rowstart: 0; Rowend: 2501; Rows: 2501; Colstart: 938; Colend: 1877; Cols: 939;
Num-X: 8 ; Num-Y: 3 ; Resolution: 7500 ; Rank: 3 ; Rank-X: 3 ; Rank-Y: 0 ; Rowstart: 0; Rowend: 2501; Rows: 2501; Colstart: 2814; Colend: 3753; Cols: 939;
Num-X: 8 ; Num-Y: 3 ; Resolution: 7500 ; Rank: 4 ; Rank-X: 4 ; Rank-Y: 0 ; Rowstart: 0; Rowend: 2501; Rows: 2501; Colstart: 3752; Colend: 4690; Cols: 938;
Num-X: 8 ; Num-Y: 3 ; Resolution: 7500 ; Rank: 0 ; Rank-X: 0 ; Rank-Y: 0 ; Rowstart: 0; Rowend: 2501; Rows: 2501; Colstart: 0; Colend: 939; Cols: 939;
Num-X: 8 ; Num-Y: 3 ; Resolution: 7500 ; Rank: 13 ; Rank-X: 5 ; Rank-Y: 1 ; Rowstart: 2500; Rowend: 5001; Rows: 2501; Colstart: 4689; Colend: 5627; Cols: 938;
Num-X: 8 ; Num-Y: 3 ; Resolution: 7500 ; Rank: 8 ; Rank-X: 0 ; Rank-Y: 1 ; Rowstart: 2500; Rowend: 5001; Rows: 2501; Colstart: 0; Colend: 939; Cols: 939;
Num-X: 8 ; Num-Y: 3 ; Resolution: 7500 ; Rank: 16 ; Rank-X: 0 ; Rank-Y: 2 ; Rowstart: 5000; Rowend: 7501; Rows: 2501; Colstart: 0; Colend: 939; Cols: 939;
Num-X: 8 ; Num-Y: 3 ; Resolution: 7500 ; Rank: 22 ; Rank-X: 6 ; Rank-Y: 2 ; Rowstart: 5000; Rowend: 7501; Rows: 2501; Colstart: 5626; Colend: 6564; Cols: 938;
Num-X: 8 ; Num-Y: 3 ; Resolution: 7500 ; Rank: 21 ; Rank-X: 5 ; Rank-Y: 2 ; Rowstart: 5000; Rowend: 7501; Rows: 2501; Colstart: 4689; Colend: 5627; Cols: 938;
Num-X: 8 ; Num-Y: 3 ; Resolution: 7500 ; Rank: 14 ; Rank-X: 6 ; Rank-Y: 1 ; Rowstart: 2500; Rowend: 5001; Rows: 2501; Colstart: 5626; Colend: 6564; Cols: 938;
Num-X: 8 ; Num-Y: 3 ; Resolution: 7500 ; Rank: 18 ; Rank-X: 2 ; Rank-Y: 2 ; Rowstart: 5000; Rowend: 7501; Rows: 2501; Colstart: 1876; Colend: 2815; Cols: 939;
Num-X: 8 ; Num-Y: 3 ; Resolution: 7500 ; Rank: 19 ; Rank-X: 3 ; Rank-Y: 2 ; Rowstart: 5000; Rowend: 7501; Rows: 2501; Colstart: 2814; Colend: 3753; Cols: 939;
Num-X: 8 ; Num-Y: 3 ; Resolution: 7500 ; Rank: 20 ; Rank-X: 4 ; Rank-Y: 2 ; Rowstart: 5000; Rowend: 7501; Rows: 2501; Colstart: 3752; Colend: 4690; Cols: 938;

Resolution: 7500
===================
Execution time: 0.029490
Residual: 3.518183

megaflops:  267039.7
  flop instructions (M):  7875.000

Num-X: 8 ; Num-Y: 3 ; Resolution: 8500 ; Rank: 17 ; Rank-X: 1 ; Rank-Y: 2 ; Rowstart: 5667; Rowend: 8501; Rows: 2834; Colstart: 1063; Colend: 2127; Cols: 1064;
Num-X: 8 ; Num-Y: 3 ; Resolution: 8500 ; Rank: 2 ; Rank-X: 2 ; Rank-Y: 0 ; Rowstart: 0; Rowend: 2835; Rows: 2835; Colstart: 2126; Colend: 3190; Cols: 1064;
Num-X: 8 ; Num-Y: 3 ; Resolution: 8500 ; Rank: 12 ; Rank-X: 4 ; Rank-Y: 1 ; Rowstart: 2834; Rowend: 5668; Rows: 2834; Colstart: 4252; Colend: 5315; Cols: 1063;
Num-X: 8 ; Num-Y: 3 ; Resolution: 8500 ; Rank: 5 ; Rank-X: 5 ; Rank-Y: 0 ; Rowstart: 0; Rowend: 2835; Rows: 2835; Colstart: 5314; Colend: 6377; Cols: 1063;
Num-X: 8 ; Num-Y: 3 ; Resolution: 8500 ; Rank: 15 ; Rank-X: 7 ; Rank-Y: 1 ; Rowstart: 2834; Rowend: 5668; Rows: 2834; Colstart: 7438; Colend: 8501; Cols: 1063;
Num-X: 8 ; Num-Y: 3 ; Resolution: 8500 ; Rank: 0 ; Rank-X: 0 ; Rank-Y: 0 ; Rowstart: 0; Rowend: 2835; Rows: 2835; Colstart: 0; Colend: 1064; Cols: 1064;
Num-X: 8 ; Num-Y: 3 ; Resolution: 8500 ; Rank: 13 ; Rank-X: 5 ; Rank-Y: 1 ; Rowstart: 2834; Rowend: 5668; Rows: 2834; Colstart: 5314; Colend: 6377; Cols: 1063;
Num-X: 8 ; Num-Y: 3 ; Resolution: 8500 ; Rank: 6 ; Rank-X: 6 ; Rank-Y: 0 ; Rowstart: 0; Rowend: 2835; Rows: 2835; Colstart: 6376; Colend: 7439; Cols: 1063;
Num-X: 8 ; Num-Y: 3 ; Resolution: 8500 ; Rank: 1 ; Rank-X: 1 ; Rank-Y: 0 ; Rowstart: 0; Rowend: 2835; Rows: 2835; Colstart: 1063; Colend: 2127; Cols: 1064;
Num-X: 8 ; Num-Y: 3 ; Resolution: 8500 ; Rank: 16 ; Rank-X: 0 ; Rank-Y: 2 ; Rowstart: 5667; Rowend: 8501; Rows: 2834; Colstart: 0; Colend: 1064; Cols: 1064;
Num-X: 8 ; Num-Y: 3 ; Resolution: 8500 ; Rank: 8 ; Rank-X: 0 ; Rank-Y: 1 ; Rowstart: 2834; Rowend: 5668; Rows: 2834; Colstart: 0; Colend: 1064; Cols: 1064;
Num-X: 8 ; Num-Y: 3 ; Resolution: 8500 ; Rank: 3 ; Rank-X: 3 ; Rank-Y: 0 ; Rowstart: 0; Rowend: 2835; Rows: 2835; Colstart: 3189; Colend: 4253; Cols: 1064;
Num-X: 8 ; Num-Y: 3 ; Resolution: 8500 ; Rank: 9 ; Rank-X: 1 ; Rank-Y: 1 ; Rowstart: 2834; Rowend: 5668; Rows: 2834; Colstart: 1063; Colend: 2127; Cols: 1064;
Num-X: 8 ; Num-Y: 3 ; Resolution: 8500 ; Rank: 10 ; Rank-X: 2 ; Rank-Y: 1 ; Rowstart: 2834; Rowend: 5668; Rows: 2834; Colstart: 2126; Colend: 3190; Cols: 1064;
Num-X: 8 ; Num-Y: 3 ; Resolution: 8500 ; Rank: 7 ; Rank-X: 7 ; Rank-Y: 0 ; Rowstart: 0; Rowend: 2835; Rows: 2835; Colstart: 7438; Colend: 8501; Cols: 1063;
Num-X: 8 ; Num-Y: 3 ; Resolution: 8500 ; Rank: 23 ; Rank-X: 7 ; Rank-Y: 2 ; Rowstart: 5667; Rowend: 8501; Rows: 2834; Colstart: 7438; Colend: 8501; Cols: 1063;
Num-X: 8 ; Num-Y: 3 ; Resolution: 8500 ; Rank: 4 ; Rank-X: 4 ; Rank-Y: 0 ; Rowstart: 0; Rowend: 2835; Rows: 2835; Colstart: 4252; Colend: 5315; Cols: 1063;
Num-X: 8 ; Num-Y: 3 ; Resolution: 8500 ; Rank: 14 ; Rank-X: 6 ; Rank-Y: 1 ; Rowstart: 2834; Rowend: 5668; Rows: 2834; Colstart: 6376; Colend: 7439; Cols: 1063;
Num-X: 8 ; Num-Y: 3 ; Resolution: 8500 ; Rank: 20 ; Rank-X: 4 ; Rank-Y: 2 ; Rowstart: 5667; Rowend: 8501; Rows: 2834; Colstart: 4252; Colend: 5315; Cols: 1063;
Num-X: 8 ; Num-Y: 3 ; Resolution: 8500 ; Rank: 22 ; Rank-X: 6 ; Rank-Y: 2 ; Rowstart: 5667; Rowend: 8501; Rows: 2834; Colstart: 6376; Colend: 7439; Cols: 1063;
Num-X: 8 ; Num-Y: 3 ; Resolution: 8500 ; Rank: 21 ; Rank-X: 5 ; Rank-Y: 2 ; Rowstart: 5667; Rowend: 8501; Rows: 2834; Colstart: 5314; Colend: 6377; Cols: 1063;
Num-X: 8 ; Num-Y: 3 ; Resolution: 8500 ; Rank: 11 ; Rank-X: 3 ; Rank-Y: 1 ; Rowstart: 2834; Rowend: 5668; Rows: 2834; Colstart: 3189; Colend: 4253; Cols: 1064;
Num-X: 8 ; Num-Y: 3 ; Resolution: 8500 ; Rank: 18 ; Rank-X: 2 ; Rank-Y: 2 ; Rowstart: 5667; Rowend: 8501; Rows: 2834; Colstart: 2126; Colend: 3190; Cols: 1064;
Num-X: 8 ; Num-Y: 3 ; Resolution: 8500 ; Rank: 19 ; Rank-X: 3 ; Rank-Y: 2 ; Rowstart: 5667; Rowend: 8501; Rows: 2834; Colstart: 3189; Colend: 4253; Cols: 1064;

Resolution: 8500
===================
Execution time: 0.039902
Residual: 3.987213

megaflops:  253494.7
  flop instructions (M):  10115.000

Num-X: 8 ; Num-Y: 3 ; Resolution: 9500 ; Rank: 2 ; Rank-X: 2 ; Rank-Y: 0 ; Rowstart: 0; Rowend: 3168; Rows: 3168; Colstart: 2376; Colend: 3565; Cols: 1189;
Num-X: 8 ; Num-Y: 3 ; Resolution: 9500 ; Rank: 12 ; Rank-X: 4 ; Rank-Y: 1 ; Rowstart: 3167; Rowend: 6335; Rows: 3168; Colstart: 4752; Colend: 5940; Cols: 1188;
Num-X: 8 ; Num-Y: 3 ; Resolution: 9500 ; Rank: 3 ; Rank-X: 3 ; Rank-Y: 0 ; Rowstart: 0; Rowend: 3168; Rows: 3168; Colstart: 3564; Colend: 4753; Cols: 1189;
Num-X: 8 ; Num-Y: 3 ; Resolution: 9500 ; Rank: 17 ; Rank-X: 1 ; Rank-Y: 2 ; Rowstart: 6334; Rowend: 9501; Rows: 3167; Colstart: 1188; Colend: 2377; Cols: 1189;
Num-X: 8 ; Num-Y: 3 ; Resolution: 9500 ; Rank: 1 ; Rank-X: 1 ; Rank-Y: 0 ; Rowstart: 0; Rowend: 3168; Rows: 3168; Colstart: 1188; Colend: 2377; Cols: 1189;
Num-X: 8 ; Num-Y: 3 ; Resolution: 9500 ; Rank: 15 ; Rank-X: 7 ; Rank-Y: 1 ; Rowstart: 3167; Rowend: 6335; Rows: 3168; Colstart: 8313; Colend: 9501; Cols: 1188;
Num-X: 8 ; Num-Y: 3 ; Resolution: 9500 ; Rank: 6 ; Rank-X: 6 ; Rank-Y: 0 ; Rowstart: 0; Rowend: 3168; Rows: 3168; Colstart: 7126; Colend: 8314; Cols: 1188;
Num-X: 8 ; Num-Y: 3 ; Resolution: 9500 ; Rank: 16 ; Rank-X: 0 ; Rank-Y: 2 ; Rowstart: 6334; Rowend: 9501; Rows: 3167; Colstart: 0; Colend: 1189; Cols: 1189;
Num-X: 8 ; Num-Y: 3 ; Resolution: 9500 ; Rank: 13 ; Rank-X: 5 ; Rank-Y: 1 ; Rowstart: 3167; Rowend: 6335; Rows: 3168; Colstart: 5939; Colend: 7127; Cols: 1188;
Num-X: 8 ; Num-Y: 3 ; Resolution: 9500 ; Rank: 7 ; Rank-X: 7 ; Rank-Y: 0 ; Rowstart: 0; Rowend: 3168; Rows: 3168; Colstart: 8313; Colend: 9501; Cols: 1188;
Num-X: 8 ; Num-Y: 3 ; Resolution: 9500 ; Rank: 5 ; Rank-X: 5 ; Rank-Y: 0 ; Rowstart: 0; Rowend: 3168; Rows: 3168; Colstart: 5939; Colend: 7127; Cols: 1188;
Num-X: 8 ; Num-Y: 3 ; Resolution: 9500 ; Rank: 4 ; Rank-X: 4 ; Rank-Y: 0 ; Rowstart: 0; Rowend: 3168; Rows: 3168; Colstart: 4752; Colend: 5940; Cols: 1188;
Num-X: 8 ; Num-Y: 3 ; Resolution: 9500 ; Rank: 14 ; Rank-X: 6 ; Rank-Y: 1 ; Rowstart: 3167; Rowend: 6335; Rows: 3168; Colstart: 7126; Colend: 8314; Cols: 1188;
Num-X: 8 ; Num-Y: 3 ; Resolution: 9500 ; Rank: 11 ; Rank-X: 3 ; Rank-Y: 1 ; Rowstart: 3167; Rowend: 6335; Rows: 3168; Colstart: 3564; Colend: 4753; Cols: 1189;
Num-X: 8 ; Num-Y: 3 ; Resolution: 9500 ; Rank: 18 ; Rank-X: 2 ; Rank-Y: 2 ; Rowstart: 6334; Rowend: 9501; Rows: 3167; Colstart: 2376; Colend: 3565; Cols: 1189;
Num-X: 8 ; Num-Y: 3 ; Resolution: 9500 ; Rank: 19 ; Rank-X: 3 ; Rank-Y: 2 ; Rowstart: 6334; Rowend: 9501; Rows: 3167; Colstart: 3564; Colend: 4753; Cols: 1189;
Num-X: 8 ; Num-Y: 3 ; Resolution: 9500 ; Rank: 21 ; Rank-X: 5 ; Rank-Y: 2 ; Rowstart: 6334; Rowend: 9501; Rows: 3167; Colstart: 5939; Colend: 7127; Cols: 1188;
Num-X: 8 ; Num-Y: 3 ; Resolution: 9500 ; Rank: 22 ; Rank-X: 6 ; Rank-Y: 2 ; Rowstart: 6334; Rowend: 9501; Rows: 3167; Colstart: 7126; Colend: 8314; Cols: 1188;
Num-X: 8 ; Num-Y: 3 ; Resolution: 9500 ; Rank: 23 ; Rank-X: 7 ; Rank-Y: 2 ; Rowstart: 6334; Rowend: 9501; Rows: 3167; Colstart: 8313; Colend: 9501; Cols: 1188;
Num-X: 8 ; Num-Y: 3 ; Resolution: 9500 ; Rank: 9 ; Rank-X: 1 ; Rank-Y: 1 ; Rowstart: 3167; Rowend: 6335; Rows: 3168; Colstart: 1188; Colend: 2377; Cols: 1189;
Num-X: 8 ; Num-Y: 3 ; Resolution: 9500 ; Rank: 20 ; Rank-X: 4 ; Rank-Y: 2 ; Rowstart: 6334; Rowend: 9501; Rows: 3167; Colstart: 4752; Colend: 5940; Cols: 1188;
Num-X: 8 ; Num-Y: 3 ; Resolution: 9500 ; Rank: 0 ; Rank-X: 0 ; Rank-Y: 0 ; Rowstart: 0; Rowend: 3168; Rows: 3168; Colstart: 0; Colend: 1189; Cols: 1189;
Num-X: 8 ; Num-Y: 3 ; Resolution: 9500 ; Rank: 10 ; Rank-X: 2 ; Rank-Y: 1 ; Rowstart: 3167; Rowend: 6335; Rows: 3168; Colstart: 2376; Colend: 3565; Cols: 1189;
Num-X: 8 ; Num-Y: 3 ; Resolution: 9500 ; Rank: 8 ; Rank-X: 0 ; Rank-Y: 1 ; Rowstart: 3167; Rowend: 6335; Rows: 3168; Colstart: 0; Colend: 1189; Cols: 1189;

Resolution: 9500
===================
Execution time: 0.049381
Residual: 4.456242

megaflops:  255867.5
  flop instructions (M):  12635.000

Num-X: 8 ; Num-Y: 3 ; Resolution: 10500 ; Rank: 4 ; Rank-X: 4 ; Rank-Y: 0 ; Rowstart: 0; Rowend: 3501; Rows: 3501; Colstart: 5252; Colend: 6565; Cols: 1313;
Num-X: 8 ; Num-Y: 3 ; Resolution: 10500 ; Rank: 2 ; Rank-X: 2 ; Rank-Y: 0 ; Rowstart: 0; Rowend: 3501; Rows: 3501; Colstart: 2626; Colend: 3940; Cols: 1314;
Num-X: 8 ; Num-Y: 3 ; Resolution: 10500 ; Rank: 5 ; Rank-X: 5 ; Rank-Y: 0 ; Rowstart: 0; Rowend: 3501; Rows: 3501; Colstart: 6564; Colend: 7877; Cols: 1313;
Num-X: 8 ; Num-Y: 3 ; Resolution: 10500 ; Rank: 13 ; Rank-X: 5 ; Rank-Y: 1 ; Rowstart: 3500; Rowend: 7001; Rows: 3501; Colstart: 6564; Colend: 7877; Cols: 1313;
Num-X: 8 ; Num-Y: 3 ; Resolution: 10500 ; Rank: 3 ; Rank-X: 3 ; Rank-Y: 0 ; Rowstart: 0; Rowend: 3501; Rows: 3501; Colstart: 3939; Colend: 5253; Cols: 1314;
Num-X: 8 ; Num-Y: 3 ; Resolution: 10500 ; Rank: 17 ; Rank-X: 1 ; Rank-Y: 2 ; Rowstart: 7000; Rowend: 10501; Rows: 3501; Colstart: 1313; Colend: 2627; Cols: 1314;
Num-X: 8 ; Num-Y: 3 ; Resolution: 10500 ; Rank: 20 ; Rank-X: 4 ; Rank-Y: 2 ; Rowstart: 7000; Rowend: 10501; Rows: 3501; Colstart: 5252; Colend: 6565; Cols: 1313;
Num-X: 8 ; Num-Y: 3 ; Resolution: 10500 ; Rank: 16 ; Rank-X: 0 ; Rank-Y: 2 ; Rowstart: 7000; Rowend: 10501; Rows: 3501; Colstart: 0; Colend: 1314; Cols: 1314;
Num-X: 8 ; Num-Y: 3 ; Resolution: 10500 ; Rank: 21 ; Rank-X: 5 ; Rank-Y: 2 ; Rowstart: 7000; Rowend: 10501; Rows: 3501; Colstart: 6564; Colend: 7877; Cols: 1313;
Num-X: 8 ; Num-Y: 3 ; Resolution: 10500 ; Rank: 22 ; Rank-X: 6 ; Rank-Y: 2 ; Rowstart: 7000; Rowend: 10501; Rows: 3501; Colstart: 7876; Colend: 9189; Cols: 1313;
Num-X: 8 ; Num-Y: 3 ; Resolution: 10500 ; Rank: 18 ; Rank-X: 2 ; Rank-Y: 2 ; Rowstart: 7000; Rowend: 10501; Rows: 3501; Colstart: 2626; Colend: 3940; Cols: 1314;
Num-X: 8 ; Num-Y: 3 ; Resolution: 10500 ; Rank: 19 ; Rank-X: 3 ; Rank-Y: 2 ; Rowstart: 7000; Rowend: 10501; Rows: 3501; Colstart: 3939; Colend: 5253; Cols: 1314;
Num-X: 8 ; Num-Y: 3 ; Resolution: 10500 ; Rank: 12 ; Rank-X: 4 ; Rank-Y: 1 ; Rowstart: 3500; Rowend: 7001; Rows: 3501; Colstart: 5252; Colend: 6565; Cols: 1313;
Num-X: 8 ; Num-Y: 3 ; Resolution: 10500 ; Rank: 1 ; Rank-X: 1 ; Rank-Y: 0 ; Rowstart: 0; Rowend: 3501; Rows: 3501; Colstart: 1313; Colend: 2627; Cols: 1314;
Num-X: 8 ; Num-Y: 3 ; Resolution: 10500 ; Rank: 14 ; Rank-X: 6 ; Rank-Y: 1 ; Rowstart: 3500; Rowend: 7001; Rows: 3501; Colstart: 7876; Colend: 9189; Cols: 1313;
Num-X: 8 ; Num-Y: 3 ; Resolution: 10500 ; Rank: 15 ; Rank-X: 7 ; Rank-Y: 1 ; Rowstart: 3500; Rowend: 7001; Rows: 3501; Colstart: 9188; Colend: 10501; Cols: 1313;
Num-X: 8 ; Num-Y: 3 ; Resolution: 10500 ; Rank: 0 ; Rank-X: 0 ; Rank-Y: 0 ; Rowstart: 0; Rowend: 3501; Rows: 3501; Colstart: 0; Colend: 1314; Cols: 1314;
Num-X: 8 ; Num-Y: 3 ; Resolution: 10500 ; Rank: 6 ; Rank-X: 6 ; Rank-Y: 0 ; Rowstart: 0; Rowend: 3501; Rows: 3501; Colstart: 7876; Colend: 9189; Cols: 1313;
Num-X: 8 ; Num-Y: 3 ; Resolution: 10500 ; Rank: 10 ; Rank-X: 2 ; Rank-Y: 1 ; Rowstart: 3500; Rowend: 7001; Rows: 3501; Colstart: 2626; Colend: 3940; Cols: 1314;
Num-X: 8 ; Num-Y: 3 ; Resolution: 10500 ; Rank: 9 ; Rank-X: 1 ; Rank-Y: 1 ; Rowstart: 3500; Rowend: 7001; Rows: 3501; Colstart: 1313; Colend: 2627; Cols: 1314;
Num-X: 8 ; Num-Y: 3 ; Resolution: 10500 ; Rank: 23 ; Rank-X: 7 ; Rank-Y: 2 ; Rowstart: 7000; Rowend: 10501; Rows: 3501; Colstart: 9188; Colend: 10501; Cols: 1313;
Num-X: 8 ; Num-Y: 3 ; Resolution: 10500 ; Rank: 8 ; Rank-X: 0 ; Rank-Y: 1 ; Rowstart: 3500; Rowend: 7001; Rows: 3501; Colstart: 0; Colend: 1314; Cols: 1314;
Num-X: 8 ; Num-Y: 3 ; Resolution: 10500 ; Rank: 7 ; Rank-X: 7 ; Rank-Y: 0 ; Rowstart: 0; Rowend: 3501; Rows: 3501; Colstart: 9188; Colend: 10501; Cols: 1313;
Num-X: 8 ; Num-Y: 3 ; Resolution: 10500 ; Rank: 11 ; Rank-X: 3 ; Rank-Y: 1 ; Rowstart: 3500; Rowend: 7001; Rows: 3501; Colstart: 3939; Colend: 5253; Cols: 1314;

Resolution: 10500
===================
Execution time: 0.062714
Residual: 4.925272

megaflops:  246117.8
  flop instructions (M):  15435.000

Num-X: 8 ; Num-Y: 3 ; Resolution: 11500 ; Rank: 2 ; Rank-X: 2 ; Rank-Y: 0 ; Rowstart: 0; Rowend: 3835; Rows: 3835; Colstart: 2876; Colend: 4315; Cols: 1439;
Num-X: 8 ; Num-Y: 3 ; Resolution: 11500 ; Rank: 17 ; Rank-X: 1 ; Rank-Y: 2 ; Rowstart: 7667; Rowend: 11501; Rows: 3834; Colstart: 1438; Colend: 2877; Cols: 1439;
Num-X: 8 ; Num-Y: 3 ; Resolution: 11500 ; Rank: 14 ; Rank-X: 6 ; Rank-Y: 1 ; Rowstart: 3834; Rowend: 7668; Rows: 3834; Colstart: 8626; Colend: 10064; Cols: 1438;
Num-X: 8 ; Num-Y: 3 ; Resolution: 11500 ; Rank: 6 ; Rank-X: 6 ; Rank-Y: 0 ; Rowstart: 0; Rowend: 3835; Rows: 3835; Colstart: 8626; Colend: 10064; Cols: 1438;
Num-X: 8 ; Num-Y: 3 ; Resolution: 11500 ; Rank: 13 ; Rank-X: 5 ; Rank-Y: 1 ; Rowstart: 3834; Rowend: 7668; Rows: 3834; Colstart: 7189; Colend: 8627; Cols: 1438;
Num-X: 8 ; Num-Y: 3 ; Resolution: 11500 ; Rank: 20 ; Rank-X: 4 ; Rank-Y: 2 ; Rowstart: 7667; Rowend: 11501; Rows: 3834; Colstart: 5752; Colend: 7190; Cols: 1438;
Num-X: 8 ; Num-Y: 3 ; Resolution: 11500 ; Rank: 11 ; Rank-X: 3 ; Rank-Y: 1 ; Rowstart: 3834; Rowend: 7668; Rows: 3834; Colstart: 4314; Colend: 5753; Cols: 1439;
Num-X: 8 ; Num-Y: 3 ; Resolution: 11500 ; Rank: 12 ; Rank-X: 4 ; Rank-Y: 1 ; Rowstart: 3834; Rowend: 7668; Rows: 3834; Colstart: 5752; Colend: 7190; Cols: 1438;
Num-X: 8 ; Num-Y: 3 ; Resolution: 11500 ; Rank: 10 ; Rank-X: 2 ; Rank-Y: 1 ; Rowstart: 3834; Rowend: 7668; Rows: 3834; Colstart: 2876; Colend: 4315; Cols: 1439;
Num-X: 8 ; Num-Y: 3 ; Resolution: 11500 ; Rank: 15 ; Rank-X: 7 ; Rank-Y: 1 ; Rowstart: 3834; Rowend: 7668; Rows: 3834; Colstart: 10063; Colend: 11501; Cols: 1438;
Num-X: 8 ; Num-Y: 3 ; Resolution: 11500 ; Rank: 9 ; Rank-X: 1 ; Rank-Y: 1 ; Rowstart: 3834; Rowend: 7668; Rows: 3834; Colstart: 1438; Colend: 2877; Cols: 1439;
Num-X: 8 ; Num-Y: 3 ; Resolution: 11500 ; Rank: 23 ; Rank-X: 7 ; Rank-Y: 2 ; Rowstart: 7667; Rowend: 11501; Rows: 3834; Colstart: 10063; Colend: 11501; Cols: 1438;
Num-X: 8 ; Num-Y: 3 ; Resolution: 11500 ; Rank: 8 ; Rank-X: 0 ; Rank-Y: 1 ; Rowstart: 3834; Rowend: 7668; Rows: 3834; Colstart: 0; Colend: 1439; Cols: 1439;
Num-X: 8 ; Num-Y: 3 ; Resolution: 11500 ; Rank: 16 ; Rank-X: 0 ; Rank-Y: 2 ; Rowstart: 7667; Rowend: 11501; Rows: 3834; Colstart: 0; Colend: 1439; Cols: 1439;
Num-X: 8 ; Num-Y: 3 ; Resolution: 11500 ; Rank: 18 ; Rank-X: 2 ; Rank-Y: 2 ; Rowstart: 7667; Rowend: 11501; Rows: 3834; Colstart: 2876; Colend: 4315; Cols: 1439;
Num-X: 8 ; Num-Y: 3 ; Resolution: 11500 ; Rank: 19 ; Rank-X: 3 ; Rank-Y: 2 ; Rowstart: 7667; Rowend: 11501; Rows: 3834; Colstart: 4314; Colend: 5753; Cols: 1439;
Num-X: 8 ; Num-Y: 3 ; Resolution: 11500 ; Rank: 22 ; Rank-X: 6 ; Rank-Y: 2 ; Rowstart: 7667; Rowend: 11501; Rows: 3834; Colstart: 8626; Colend: 10064; Cols: 1438;
Num-X: 8 ; Num-Y: 3 ; Resolution: 11500 ; Rank: 21 ; Rank-X: 5 ; Rank-Y: 2 ; Rowstart: 7667; Rowend: 11501; Rows: 3834; Colstart: 7189; Colend: 8627; Cols: 1438;
Num-X: 8 ; Num-Y: 3 ; Resolution: 11500 ; Rank: 7 ; Rank-X: 7 ; Rank-Y: 0 ; Rowstart: 0; Rowend: 3835; Rows: 3835; Colstart: 10063; Colend: 11501; Cols: 1438;
Num-X: 8 ; Num-Y: 3 ; Resolution: 11500 ; Rank: 0 ; Rank-X: 0 ; Rank-Y: 0 ; Rowstart: 0; Rowend: 3835; Rows: 3835; Colstart: 0; Colend: 1439; Cols: 1439;
Num-X: 8 ; Num-Y: 3 ; Resolution: 11500 ; Rank: 1 ; Rank-X: 1 ; Rank-Y: 0 ; Rowstart: 0; Rowend: 3835; Rows: 3835; Colstart: 1438; Colend: 2877; Cols: 1439;
Num-X: 8 ; Num-Y: 3 ; Resolution: 11500 ; Rank: 3 ; Rank-X: 3 ; Rank-Y: 0 ; Rowstart: 0; Rowend: 3835; Rows: 3835; Colstart: 4314; Colend: 5753; Cols: 1439;
Num-X: 8 ; Num-Y: 3 ; Resolution: 11500 ; Rank: 4 ; Rank-X: 4 ; Rank-Y: 0 ; Rowstart: 0; Rowend: 3835; Rows: 3835; Colstart: 5752; Colend: 7190; Cols: 1438;
Num-X: 8 ; Num-Y: 3 ; Resolution: 11500 ; Rank: 5 ; Rank-X: 5 ; Rank-Y: 0 ; Rowstart: 0; Rowend: 3835; Rows: 3835; Colstart: 7189; Colend: 8627; Cols: 1438;

Resolution: 11500
===================
Execution time: 0.076423
Residual: 5.394301

megaflops:  242270.2
  flop instructions (M):  18515.000

Num-X: 8 ; Num-Y: 3 ; Resolution: 12500 ; Rank: 5 ; Rank-X: 5 ; Rank-Y: 0 ; Rowstart: 0; Rowend: 4168; Rows: 4168; Colstart: 7814; Colend: 9377; Cols: 1563;
Num-X: 8 ; Num-Y: 3 ; Resolution: 12500 ; Rank: 13 ; Rank-X: 5 ; Rank-Y: 1 ; Rowstart: 4167; Rowend: 8335; Rows: 4168; Colstart: 7814; Colend: 9377; Cols: 1563;
Num-X: 8 ; Num-Y: 3 ; Resolution: 12500 ; Rank: 6 ; Rank-X: 6 ; Rank-Y: 0 ; Rowstart: 0; Rowend: 4168; Rows: 4168; Colstart: 9376; Colend: 10939; Cols: 1563;
Num-X: 8 ; Num-Y: 3 ; Resolution: 12500 ; Rank: 23 ; Rank-X: 7 ; Rank-Y: 2 ; Rowstart: 8334; Rowend: 12501; Rows: 4167; Colstart: 10938; Colend: 12501; Cols: 1563;
Num-X: 8 ; Num-Y: 3 ; Resolution: 12500 ; Rank: 11 ; Rank-X: 3 ; Rank-Y: 1 ; Rowstart: 4167; Rowend: 8335; Rows: 4168; Colstart: 4689; Colend: 6253; Cols: 1564;
Num-X: 8 ; Num-Y: 3 ; Resolution: 12500 ; Rank: 1 ; Rank-X: 1 ; Rank-Y: 0 ; Rowstart: 0; Rowend: 4168; Rows: 4168; Colstart: 1563; Colend: 3127; Cols: 1564;
Num-X: 8 ; Num-Y: 3 ; Resolution: 12500 ; Rank: 2 ; Rank-X: 2 ; Rank-Y: 0 ; Rowstart: 0; Rowend: 4168; Rows: 4168; Colstart: 3126; Colend: 4690; Cols: 1564;
Num-X: 8 ; Num-Y: 3 ; Resolution: 12500 ; Rank: 3 ; Rank-X: 3 ; Rank-Y: 0 ; Rowstart: 0; Rowend: 4168; Rows: 4168; Colstart: 4689; Colend: 6253; Cols: 1564;
Num-X: 8 ; Num-Y: 3 ; Resolution: 12500 ; Rank: 0 ; Rank-X: 0 ; Rank-Y: 0 ; Rowstart: 0; Rowend: 4168; Rows: 4168; Colstart: 0; Colend: 1564; Cols: 1564;
Num-X: 8 ; Num-Y: 3 ; Resolution: 12500 ; Rank: 20 ; Rank-X: 4 ; Rank-Y: 2 ; Rowstart: 8334; Rowend: 12501; Rows: 4167; Colstart: 6252; Colend: 7815; Cols: 1563;
Num-X: 8 ; Num-Y: 3 ; Resolution: 12500 ; Rank: 12 ; Rank-X: 4 ; Rank-Y: 1 ; Rowstart: 4167; Rowend: 8335; Rows: 4168; Colstart: 6252; Colend: 7815; Cols: 1563;
Num-X: 8 ; Num-Y: 3 ; Resolution: 12500 ; Rank: 14 ; Rank-X: 6 ; Rank-Y: 1 ; Rowstart: 4167; Rowend: 8335; Rows: 4168; Colstart: 9376; Colend: 10939; Cols: 1563;
Num-X: 8 ; Num-Y: 3 ; Resolution: 12500 ; Rank: 17 ; Rank-X: 1 ; Rank-Y: 2 ; Rowstart: 8334; Rowend: 12501; Rows: 4167; Colstart: 1563; Colend: 3127; Cols: 1564;
Num-X: 8 ; Num-Y: 3 ; Resolution: 12500 ; Rank: 9 ; Rank-X: 1 ; Rank-Y: 1 ; Rowstart: 4167; Rowend: 8335; Rows: 4168; Colstart: 1563; Colend: 3127; Cols: 1564;
Num-X: 8 ; Num-Y: 3 ; Resolution: 12500 ; Rank: 10 ; Rank-X: 2 ; Rank-Y: 1 ; Rowstart: 4167; Rowend: 8335; Rows: 4168; Colstart: 3126; Colend: 4690; Cols: 1564;
Num-X: 8 ; Num-Y: 3 ; Resolution: 12500 ; Rank: 8 ; Rank-X: 0 ; Rank-Y: 1 ; Rowstart: 4167; Rowend: 8335; Rows: 4168; Colstart: 0; Colend: 1564; Cols: 1564;
Num-X: 8 ; Num-Y: 3 ; Resolution: 12500 ; Rank: 15 ; Rank-X: 7 ; Rank-Y: 1 ; Rowstart: 4167; Rowend: 8335; Rows: 4168; Colstart: 10938; Colend: 12501; Cols: 1563;
Num-X: 8 ; Num-Y: 3 ; Resolution: 12500 ; Rank: 4 ; Rank-X: 4 ; Rank-Y: 0 ; Rowstart: 0; Rowend: 4168; Rows: 4168; Colstart: 6252; Colend: 7815; Cols: 1563;
Num-X: 8 ; Num-Y: 3 ; Resolution: 12500 ; Rank: 16 ; Rank-X: 0 ; Rank-Y: 2 ; Rowstart: 8334; Rowend: 12501; Rows: 4167; Colstart: 0; Colend: 1564; Cols: 1564;
Num-X: 8 ; Num-Y: 3 ; Resolution: 12500 ; Rank: 7 ; Rank-X: 7 ; Rank-Y: 0 ; Rowstart: 0; Rowend: 4168; Rows: 4168; Colstart: 10938; Colend: 12501; Cols: 1563;
Num-X: 8 ; Num-Y: 3 ; Resolution: 12500 ; Rank: 19 ; Rank-X: 3 ; Rank-Y: 2 ; Rowstart: 8334; Rowend: 12501; Rows: 4167; Colstart: 4689; Colend: 6253; Cols: 1564;
Num-X: 8 ; Num-Y: 3 ; Resolution: 12500 ; Rank: 21 ; Rank-X: 5 ; Rank-Y: 2 ; Rowstart: 8334; Rowend: 12501; Rows: 4167; Colstart: 7814; Colend: 9377; Cols: 1563;
Num-X: 8 ; Num-Y: 3 ; Resolution: 12500 ; Rank: 18 ; Rank-X: 2 ; Rank-Y: 2 ; Rowstart: 8334; Rowend: 12501; Rows: 4167; Colstart: 3126; Colend: 4690; Cols: 1564;
Num-X: 8 ; Num-Y: 3 ; Resolution: 12500 ; Rank: 22 ; Rank-X: 6 ; Rank-Y: 2 ; Rowstart: 8334; Rowend: 12501; Rows: 4167; Colstart: 9376; Colend: 10939; Cols: 1563;

Resolution: 12500
===================
Execution time: 0.091899
Residual: 5.863330

megaflops:  238032.7
  flop instructions (M):  21875.000
