mpiexec -genv I_MPI_DEBUG=4 -genv OMP_NUM_THREADS=24 -genv I_MPI_PIN_DOMAIN=omp -n 8 ./heat test.dat 4 2
[0] MPI startup(): Intel(R) MPI Library, Version 2019 Update 8  Build 20200624 (id: 4f16ad915)
[0] MPI startup(): Copyright (C) 2003-2020 Intel Corporation.  All rights reserved.
[0] MPI startup(): library kind: release
[0] MPI startup(): libfabric version: 1.10.1-impi
[0] MPI startup(): libfabric provider: psm2
[0] MPI startup(): Rank    Pid      Node name     Pin cpu
[0] MPI startup(): 0       2851338  i01r01c04s06  {0,1,2,3,4,5,6,7,8,9,10,11,48,49,50,51,52,53,54,55,56,57,58,59}
[0] MPI startup(): 1       2851339  i01r01c04s06  {24,25,26,27,28,29,30,31,32,33,34,35,72,73,74,75,76,77,78,79,80,81,82,83}
[0] MPI startup(): 2       1862718  i01r01c04s07  {0,1,2,3,4,5,6,7,8,9,10,11,48,49,50,51,52,53,54,55,56,57,58,59}
[0] MPI startup(): 3       1862719  i01r01c04s07  {24,25,26,27,28,29,30,31,32,33,34,35,72,73,74,75,76,77,78,79,80,81,82,83}
[0] MPI startup(): 4       1813345  i01r01c04s08  {0,1,2,3,4,5,6,7,8,9,10,11,48,49,50,51,52,53,54,55,56,57,58,59}
[0] MPI startup(): 5       1813346  i01r01c04s08  {24,25,26,27,28,29,30,31,32,33,34,35,72,73,74,75,76,77,78,79,80,81,82,83}
[0] MPI startup(): 6       1797920  i01r01c04s09  {0,1,2,3,4,5,6,7,8,9,10,11,48,49,50,51,52,53,54,55,56,57,58,59}
[0] MPI startup(): 7       1797921  i01r01c04s09  {24,25,26,27,28,29,30,31,32,33,34,35,72,73,74,75,76,77,78,79,80,81,82,83}

4 processes distributed in X-direction
 2 ; processes distributed in Y-direction
Resolutions       : (4500, 5500, ... 12500)
Iterations        : 20
Num. Heat sources : 2
   1: (0.00, 0.00) 1.00 1.00 
   2: (1.00, 1.00) 1.00 0.50 
rank= 0 coords= 0 0 neighbours(up,down,left,right)= -1 2 -1 1
rank= 4 coords= 2 0 neighbours(up,down,left,right)= 2 6 -1 5
rank= 2 coords= 1 0 neighbours(up,down,left,right)= 0 4 -1 3
rank= 6 coords= 3 0 neighbours(up,down,left,right)= 4 -1 -1 7
rank= 1 coords= 0 1 neighbours(up,down,left,right)= -1 3 0 -1
rank= 5 coords= 2 1 neighbours(up,down,left,right)= 3 7 4 -1
rank= 3 coords= 1 1 neighbours(up,down,left,right)= 1 5 2 -1
rank= 7 coords= 3 1 neighbours(up,down,left,right)= 5 -1 6 -1

Num-X: 2 ; Num-Y: 4 ; Resolution: 4500 ; Rank: 7 ; Rank-X: 1 ; Rank-Y: 3 ; Rowstart: 3375; Rowend: 4501; Rows: 1126; Colstart: 2250; Colend: 4501; Cols: 2251;
Num-X: 2 ; Num-Y: 4 ; Resolution: 4500 ; Rank: 3 ; Rank-X: 1 ; Rank-Y: 1 ; Rowstart: 1125; Rowend: 2251; Rows: 1126; Colstart: 2250; Colend: 4501; Cols: 2251;
Num-X: 2 ; Num-Y: 4 ; Resolution: 4500 ; Rank: 4 ; Rank-X: 0 ; Rank-Y: 2 ; Rowstart: 2250; Rowend: 3376; Rows: 1126; Colstart: 0; Colend: 2251; Cols: 2251;
Num-X: 2 ; Num-Y: 4 ; Resolution: 4500 ; Rank: 2 ; Rank-X: 0 ; Rank-Y: 1 ; Rowstart: 1125; Rowend: 2251; Rows: 1126; Colstart: 0; Colend: 2251; Cols: 2251;
Num-X: 2 ; Num-Y: 4 ; Resolution: 4500 ; Rank: 6 ; Rank-X: 0 ; Rank-Y: 3 ; Rowstart: 3375; Rowend: 4501; Rows: 1126; Colstart: 0; Colend: 2251; Cols: 2251;
Num-X: 2 ; Num-Y: 4 ; Resolution: 4500 ; Rank: 5 ; Rank-X: 1 ; Rank-Y: 2 ; Rowstart: 2250; Rowend: 3376; Rows: 1126; Colstart: 2250; Colend: 4501; Cols: 2251;
Num-X: 2 ; Num-Y: 4 ; Resolution: 4500 ; Rank: 1 ; Rank-X: 1 ; Rank-Y: 0 ; Rowstart: 0; Rowend: 1126; Rows: 1126; Colstart: 2250; Colend: 4501; Cols: 2251;
Num-X: 2 ; Num-Y: 4 ; Resolution: 4500 ; Rank: 0 ; Rank-X: 0 ; Rank-Y: 0 ; Rowstart: 0; Rowend: 1126; Rows: 1126; Colstart: 0; Colend: 2251; Cols: 2251;

Resolution: 4500
===================
Execution time: 0.006637
Residual: 2.111093

megaflops:  427144.6
  flop instructions (M):  2835.000

Num-X: 2 ; Num-Y: 4 ; Resolution: 5500 ; Rank: 0 ; Rank-X: 0 ; Rank-Y: 0 ; Rowstart: 0; Rowend: 1376; Rows: 1376; Colstart: 0; Colend: 2751; Cols: 2751;
Num-X: 2 ; Num-Y: 4 ; Resolution: 5500 ; Rank: 4 ; Rank-X: 0 ; Rank-Y: 2 ; Rowstart: 2750; Rowend: 4126; Rows: 1376; Colstart: 0; Colend: 2751; Cols: 2751;
Num-X: 2 ; Num-Y: 4 ; Resolution: 5500 ; Rank: 2 ; Rank-X: 0 ; Rank-Y: 1 ; Rowstart: 1375; Rowend: 2751; Rows: 1376; Colstart: 0; Colend: 2751; Cols: 2751;
Num-X: 2 ; Num-Y: 4 ; Resolution: 5500 ; Rank: 6 ; Rank-X: 0 ; Rank-Y: 3 ; Rowstart: 4125; Rowend: 5501; Rows: 1376; Colstart: 0; Colend: 2751; Cols: 2751;
Num-X: 2 ; Num-Y: 4 ; Resolution: 5500 ; Rank: 1 ; Rank-X: 1 ; Rank-Y: 0 ; Rowstart: 0; Rowend: 1376; Rows: 1376; Colstart: 2750; Colend: 5501; Cols: 2751;
Num-X: 2 ; Num-Y: 4 ; Resolution: 5500 ; Rank: 5 ; Rank-X: 1 ; Rank-Y: 2 ; Rowstart: 2750; Rowend: 4126; Rows: 1376; Colstart: 2750; Colend: 5501; Cols: 2751;
Num-X: 2 ; Num-Y: 4 ; Resolution: 5500 ; Rank: 3 ; Rank-X: 1 ; Rank-Y: 1 ; Rowstart: 1375; Rowend: 2751; Rows: 1376; Colstart: 2750; Colend: 5501; Cols: 2751;
Num-X: 2 ; Num-Y: 4 ; Resolution: 5500 ; Rank: 7 ; Rank-X: 1 ; Rank-Y: 3 ; Rowstart: 4125; Rowend: 5501; Rows: 1376; Colstart: 2750; Colend: 5501; Cols: 2751;

Resolution: 5500
===================
Execution time: 0.012431
Residual: 2.580124

megaflops:  340683.1
  flop instructions (M):  4235.000

Num-X: 2 ; Num-Y: 4 ; Resolution: 6500 ; Rank: 3 ; Rank-X: 1 ; Rank-Y: 1 ; Rowstart: 1625; Rowend: 3251; Rows: 1626; Colstart: 3250; Colend: 6501; Cols: 3251;
Num-X: 2 ; Num-Y: 4 ; Resolution: 6500 ; Rank: 7 ; Rank-X: 1 ; Rank-Y: 3 ; Rowstart: 4875; Rowend: 6501; Rows: 1626; Colstart: 3250; Colend: 6501; Cols: 3251;
Num-X: 2 ; Num-Y: 4 ; Resolution: 6500 ; Rank: 4 ; Rank-X: 0 ; Rank-Y: 2 ; Rowstart: 3250; Rowend: 4876; Rows: 1626; Colstart: 0; Colend: 3251; Cols: 3251;
Num-X: 2 ; Num-Y: 4 ; Resolution: 6500 ; Rank: 2 ; Rank-X: 0 ; Rank-Y: 1 ; Rowstart: 1625; Rowend: 3251; Rows: 1626; Colstart: 0; Colend: 3251; Cols: 3251;
Num-X: 2 ; Num-Y: 4 ; Resolution: 6500 ; Rank: 0 ; Rank-X: 0 ; Rank-Y: 0 ; Rowstart: 0; Rowend: 1626; Rows: 1626; Colstart: 0; Colend: 3251; Cols: 3251;
Num-X: 2 ; Num-Y: 4 ; Resolution: 6500 ; Rank: 6 ; Rank-X: 0 ; Rank-Y: 3 ; Rowstart: 4875; Rowend: 6501; Rows: 1626; Colstart: 0; Colend: 3251; Cols: 3251;
Num-X: 2 ; Num-Y: 4 ; Resolution: 6500 ; Rank: 5 ; Rank-X: 1 ; Rank-Y: 2 ; Rowstart: 3250; Rowend: 4876; Rows: 1626; Colstart: 3250; Colend: 6501; Cols: 3251;
Num-X: 2 ; Num-Y: 4 ; Resolution: 6500 ; Rank: 1 ; Rank-X: 1 ; Rank-Y: 0 ; Rowstart: 0; Rowend: 1626; Rows: 1626; Colstart: 3250; Colend: 6501; Cols: 3251;

Resolution: 6500
===================
Execution time: 0.020492
Residual: 3.049154

megaflops:  288648.1
  flop instructions (M):  5915.000

Num-X: 2 ; Num-Y: 4 ; Resolution: 7500 ; Rank: 1 ; Rank-X: 1 ; Rank-Y: 0 ; Rowstart: 0; Rowend: 1876; Rows: 1876; Colstart: 3750; Colend: 7501; Cols: 3751;
Num-X: 2 ; Num-Y: 4 ; Resolution: 7500 ; Rank: 5 ; Rank-X: 1 ; Rank-Y: 2 ; Rowstart: 3750; Rowend: 5626; Rows: 1876; Colstart: 3750; Colend: 7501; Cols: 3751;
Num-X: 2 ; Num-Y: 4 ; Resolution: 7500 ; Rank: 6 ; Rank-X: 0 ; Rank-Y: 3 ; Rowstart: 5625; Rowend: 7501; Rows: 1876; Colstart: 0; Colend: 3751; Cols: 3751;
Num-X: 2 ; Num-Y: 4 ; Resolution: 7500 ; Rank: 0 ; Rank-X: 0 ; Rank-Y: 0 ; Rowstart: 0; Rowend: 1876; Rows: 1876; Colstart: 0; Colend: 3751; Cols: 3751;
Num-X: 2 ; Num-Y: 4 ; Resolution: 7500 ; Rank: 4 ; Rank-X: 0 ; Rank-Y: 2 ; Rowstart: 3750; Rowend: 5626; Rows: 1876; Colstart: 0; Colend: 3751; Cols: 3751;
Num-X: 2 ; Num-Y: 4 ; Resolution: 7500 ; Rank: 2 ; Rank-X: 0 ; Rank-Y: 1 ; Rowstart: 1875; Rowend: 3751; Rows: 1876; Colstart: 0; Colend: 3751; Cols: 3751;
Num-X: 2 ; Num-Y: 4 ; Resolution: 7500 ; Rank: 7 ; Rank-X: 1 ; Rank-Y: 3 ; Rowstart: 5625; Rowend: 7501; Rows: 1876; Colstart: 3750; Colend: 7501; Cols: 3751;
Num-X: 2 ; Num-Y: 4 ; Resolution: 7500 ; Rank: 3 ; Rank-X: 1 ; Rank-Y: 1 ; Rowstart: 1875; Rowend: 3751; Rows: 1876; Colstart: 3750; Colend: 7501; Cols: 3751;

Resolution: 7500
===================
Execution time: 0.028757
Residual: 3.518183

megaflops:  273847.7
  flop instructions (M):  7875.000

Num-X: 2 ; Num-Y: 4 ; Resolution: 8500 ; Rank: 5 ; Rank-X: 1 ; Rank-Y: 2 ; Rowstart: 4250; Rowend: 6376; Rows: 2126; Colstart: 4250; Colend: 8501; Cols: 4251;
Num-X: 2 ; Num-Y: 4 ; Resolution: 8500 ; Rank: 3 ; Rank-X: 1 ; Rank-Y: 1 ; Rowstart: 2125; Rowend: 4251; Rows: 2126; Colstart: 4250; Colend: 8501; Cols: 4251;
Num-X: 2 ; Num-Y: 4 ; Resolution: 8500 ; Rank: 1 ; Rank-X: 1 ; Rank-Y: 0 ; Rowstart: 0; Rowend: 2126; Rows: 2126; Colstart: 4250; Colend: 8501; Cols: 4251;
Num-X: 2 ; Num-Y: 4 ; Resolution: 8500 ; Rank: 2 ; Rank-X: 0 ; Rank-Y: 1 ; Rowstart: 2125; Rowend: 4251; Rows: 2126; Colstart: 0; Colend: 4251; Cols: 4251;
Num-X: 2 ; Num-Y: 4 ; Resolution: 8500 ; Rank: 7 ; Rank-X: 1 ; Rank-Y: 3 ; Rowstart: 6375; Rowend: 8501; Rows: 2126; Colstart: 4250; Colend: 8501; Cols: 4251;
Num-X: 2 ; Num-Y: 4 ; Resolution: 8500 ; Rank: 6 ; Rank-X: 0 ; Rank-Y: 3 ; Rowstart: 6375; Rowend: 8501; Rows: 2126; Colstart: 0; Colend: 4251; Cols: 4251;
Num-X: 2 ; Num-Y: 4 ; Resolution: 8500 ; Rank: 0 ; Rank-X: 0 ; Rank-Y: 0 ; Rowstart: 0; Rowend: 2126; Rows: 2126; Colstart: 0; Colend: 4251; Cols: 4251;
Num-X: 2 ; Num-Y: 4 ; Resolution: 8500 ; Rank: 4 ; Rank-X: 0 ; Rank-Y: 2 ; Rowstart: 4250; Rowend: 6376; Rows: 2126; Colstart: 0; Colend: 4251; Cols: 4251;

Resolution: 8500
===================
Execution time: 0.038485
Residual: 3.987213

megaflops:  262829.3
  flop instructions (M):  10115.000

Num-X: 2 ; Num-Y: 4 ; Resolution: 9500 ; Rank: 1 ; Rank-X: 1 ; Rank-Y: 0 ; Rowstart: 0; Rowend: 2376; Rows: 2376; Colstart: 4750; Colend: 9501; Cols: 4751;
Num-X: 2 ; Num-Y: 4 ; Resolution: 9500 ; Rank: 5 ; Rank-X: 1 ; Rank-Y: 2 ; Rowstart: 4750; Rowend: 7126; Rows: 2376; Colstart: 4750; Colend: 9501; Cols: 4751;
Num-X: 2 ; Num-Y: 4 ; Resolution: 9500 ; Rank: 4 ; Rank-X: 0 ; Rank-Y: 2 ; Rowstart: 4750; Rowend: 7126; Rows: 2376; Colstart: 0; Colend: 4751; Cols: 4751;
Num-X: 2 ; Num-Y: 4 ; Resolution: 9500 ; Rank: 6 ; Rank-X: 0 ; Rank-Y: 3 ; Rowstart: 7125; Rowend: 9501; Rows: 2376; Colstart: 0; Colend: 4751; Cols: 4751;
Num-X: 2 ; Num-Y: 4 ; Resolution: 9500 ; Rank: 0 ; Rank-X: 0 ; Rank-Y: 0 ; Rowstart: 0; Rowend: 2376; Rows: 2376; Colstart: 0; Colend: 4751; Cols: 4751;
Num-X: 2 ; Num-Y: 4 ; Resolution: 9500 ; Rank: 2 ; Rank-X: 0 ; Rank-Y: 1 ; Rowstart: 2375; Rowend: 4751; Rows: 2376; Colstart: 0; Colend: 4751; Cols: 4751;
Num-X: 2 ; Num-Y: 4 ; Resolution: 9500 ; Rank: 3 ; Rank-X: 1 ; Rank-Y: 1 ; Rowstart: 2375; Rowend: 4751; Rows: 2376; Colstart: 4750; Colend: 9501; Cols: 4751;
Num-X: 2 ; Num-Y: 4 ; Resolution: 9500 ; Rank: 7 ; Rank-X: 1 ; Rank-Y: 3 ; Rowstart: 7125; Rowend: 9501; Rows: 2376; Colstart: 4750; Colend: 9501; Cols: 4751;

Resolution: 9500
===================
Execution time: 0.049240
Residual: 4.456242

megaflops:  256601.0
  flop instructions (M):  12635.000

Num-X: 2 ; Num-Y: 4 ; Resolution: 10500 ; Rank: 4 ; Rank-X: 0 ; Rank-Y: 2 ; Rowstart: 5250; Rowend: 7876; Rows: 2626; Colstart: 0; Colend: 5251; Cols: 5251;
Num-X: 2 ; Num-Y: 4 ; Resolution: 10500 ; Rank: 0 ; Rank-X: 0 ; Rank-Y: 0 ; Rowstart: 0; Rowend: 2626; Rows: 2626; Colstart: 0; Colend: 5251; Cols: 5251;
Num-X: 2 ; Num-Y: 4 ; Resolution: 10500 ; Rank: 6 ; Rank-X: 0 ; Rank-Y: 3 ; Rowstart: 7875; Rowend: 10501; Rows: 2626; Colstart: 0; Colend: 5251; Cols: 5251;
Num-X: 2 ; Num-Y: 4 ; Resolution: 10500 ; Rank: 1 ; Rank-X: 1 ; Rank-Y: 0 ; Rowstart: 0; Rowend: 2626; Rows: 2626; Colstart: 5250; Colend: 10501; Cols: 5251;
Num-X: 2 ; Num-Y: 4 ; Resolution: 10500 ; Rank: 7 ; Rank-X: 1 ; Rank-Y: 3 ; Rowstart: 7875; Rowend: 10501; Rows: 2626; Colstart: 5250; Colend: 10501; Cols: 5251;
Num-X: 2 ; Num-Y: 4 ; Resolution: 10500 ; Rank: 5 ; Rank-X: 1 ; Rank-Y: 2 ; Rowstart: 5250; Rowend: 7876; Rows: 2626; Colstart: 5250; Colend: 10501; Cols: 5251;
Num-X: 2 ; Num-Y: 4 ; Resolution: 10500 ; Rank: 3 ; Rank-X: 1 ; Rank-Y: 1 ; Rowstart: 2625; Rowend: 5251; Rows: 2626; Colstart: 5250; Colend: 10501; Cols: 5251;
Num-X: 2 ; Num-Y: 4 ; Resolution: 10500 ; Rank: 2 ; Rank-X: 0 ; Rank-Y: 1 ; Rowstart: 2625; Rowend: 5251; Rows: 2626; Colstart: 0; Colend: 5251; Cols: 5251;

Resolution: 10500
===================
Execution time: 0.062957
Residual: 4.925272

megaflops:  245167.1
  flop instructions (M):  15435.000

Num-X: 2 ; Num-Y: 4 ; Resolution: 11500 ; Rank: 4 ; Rank-X: 0 ; Rank-Y: 2 ; Rowstart: 5750; Rowend: 8626; Rows: 2876; Colstart: 0; Colend: 5751; Cols: 5751;
Num-X: 2 ; Num-Y: 4 ; Resolution: 11500 ; Rank: 0 ; Rank-X: 0 ; Rank-Y: 0 ; Rowstart: 0; Rowend: 2876; Rows: 2876; Colstart: 0; Colend: 5751; Cols: 5751;
Num-X: 2 ; Num-Y: 4 ; Resolution: 11500 ; Rank: 2 ; Rank-X: 0 ; Rank-Y: 1 ; Rowstart: 2875; Rowend: 5751; Rows: 2876; Colstart: 0; Colend: 5751; Cols: 5751;
Num-X: 2 ; Num-Y: 4 ; Resolution: 11500 ; Rank: 6 ; Rank-X: 0 ; Rank-Y: 3 ; Rowstart: 8625; Rowend: 11501; Rows: 2876; Colstart: 0; Colend: 5751; Cols: 5751;
Num-X: 2 ; Num-Y: 4 ; Resolution: 11500 ; Rank: 7 ; Rank-X: 1 ; Rank-Y: 3 ; Rowstart: 8625; Rowend: 11501; Rows: 2876; Colstart: 5750; Colend: 11501; Cols: 5751;
Num-X: 2 ; Num-Y: 4 ; Resolution: 11500 ; Rank: 3 ; Rank-X: 1 ; Rank-Y: 1 ; Rowstart: 2875; Rowend: 5751; Rows: 2876; Colstart: 5750; Colend: 11501; Cols: 5751;
Num-X: 2 ; Num-Y: 4 ; Resolution: 11500 ; Rank: 5 ; Rank-X: 1 ; Rank-Y: 2 ; Rowstart: 5750; Rowend: 8626; Rows: 2876; Colstart: 5750; Colend: 11501; Cols: 5751;
Num-X: 2 ; Num-Y: 4 ; Resolution: 11500 ; Rank: 1 ; Rank-X: 1 ; Rank-Y: 0 ; Rowstart: 0; Rowend: 2876; Rows: 2876; Colstart: 5750; Colend: 11501; Cols: 5751;

Resolution: 11500
===================
Execution time: 0.074995
Residual: 5.394301

megaflops:  246883.0
  flop instructions (M):  18515.000

Num-X: 2 ; Num-Y: 4 ; Resolution: 12500 ; Rank: 4 ; Rank-X: 0 ; Rank-Y: 2 ; Rowstart: 6250; Rowend: 9376; Rows: 3126; Colstart: 0; Colend: 6251; Cols: 6251;
Num-X: 2 ; Num-Y: 4 ; Resolution: 12500 ; Rank: 5 ; Rank-X: 1 ; Rank-Y: 2 ; Rowstart: 6250; Rowend: 9376; Rows: 3126; Colstart: 6250; Colend: 12501; Cols: 6251;
Num-X: 2 ; Num-Y: 4 ; Resolution: 12500 ; Rank: 6 ; Rank-X: 0 ; Rank-Y: 3 ; Rowstart: 9375; Rowend: 12501; Rows: 3126; Colstart: 0; Colend: 6251; Cols: 6251;
Num-X: 2 ; Num-Y: 4 ; Resolution: 12500 ; Rank: 2 ; Rank-X: 0 ; Rank-Y: 1 ; Rowstart: 3125; Rowend: 6251; Rows: 3126; Colstart: 0; Colend: 6251; Cols: 6251;
Num-X: 2 ; Num-Y: 4 ; Resolution: 12500 ; Rank: 3 ; Rank-X: 1 ; Rank-Y: 1 ; Rowstart: 3125; Rowend: 6251; Rows: 3126; Colstart: 6250; Colend: 12501; Cols: 6251;
Num-X: 2 ; Num-Y: 4 ; Resolution: 12500 ; Rank: 7 ; Rank-X: 1 ; Rank-Y: 3 ; Rowstart: 9375; Rowend: 12501; Rows: 3126; Colstart: 6250; Colend: 12501; Cols: 6251;
Num-X: 2 ; Num-Y: 4 ; Resolution: 12500 ; Rank: 0 ; Rank-X: 0 ; Rank-Y: 0 ; Rowstart: 0; Rowend: 3126; Rows: 3126; Colstart: 0; Colend: 6251; Cols: 6251;
Num-X: 2 ; Num-Y: 4 ; Resolution: 12500 ; Rank: 1 ; Rank-X: 1 ; Rank-Y: 0 ; Rowstart: 0; Rowend: 3126; Rows: 3126; Colstart: 6250; Colend: 12501; Cols: 6251;

Resolution: 12500
===================
Execution time: 0.089203
Residual: 5.863330

megaflops:  245226.9
  flop instructions (M):  21875.000
