mpiexec -genv I_MPI_DEBUG=4 -genv OMP_NUM_THREADS=8 -genv I_MPI_PIN_DOMAIN=omp -n 24 ./heat test.dat 8 3
[0] MPI startup(): Intel(R) MPI Library, Version 2019 Update 8  Build 20200624 (id: 4f16ad915)
[0] MPI startup(): Copyright (C) 2003-2020 Intel Corporation.  All rights reserved.
[0] MPI startup(): library kind: release
[0] MPI startup(): libfabric version: 1.10.1-impi
[0] MPI startup(): libfabric provider: psm2

Executing each MPI process in 8 OMP threads.

Executing each MPI process in 8 OMP threads.
[0] MPI startup(): Rank    Pid      Node name     Pin cpu
[0] MPI startup(): 0       2380301  i01r01c02s09  {0,1,2,3,48,49,50,51}
[0] MPI startup(): 1       2380302  i01r01c02s09  {4,5,6,7,52,53,54,55}
[0] MPI startup(): 2       2380303  i01r01c02s09  {8,9,10,11,56,57,58,59}
[0] MPI startup(): 3       2380304  i01r01c02s09  {24,25,26,27,72,73,74,75}
[0] MPI startup(): 4       2380305  i01r01c02s09  {28,29,30,31,76,77,78,79}
[0] MPI startup(): 5       2380306  i01r01c02s09  {32,33,34,35,80,81,82,83}
[0] MPI startup(): 6       175773   i01r01c02s10  {0,1,2,3,48,49,50,51}
[0] MPI startup(): 7       175774   i01r01c02s10  {4,5,6,7,52,53,54,55}
[0] MPI startup(): 8       175775   i01r01c02s10  {8,9,10,11,56,57,58,59}
[0] MPI startup(): 9       175776   i01r01c02s10  {24,25,26,27,72,73,74,75}
[0] MPI startup(): 10      175777   i01r01c02s10  {28,29,30,31,76,77,78,79}
[0] MPI startup(): 11      175778   i01r01c02s10  {32,33,34,35,80,81,82,83}
[0] MPI startup(): 12      1978245  i01r01c02s11  {0,1,2,3,48,49,50,51}
[0] MPI startup(): 13      1978246  i01r01c02s11  {4,5,6,7,52,53,54,55}
[0] MPI startup(): 14      1978247  i01r01c02s11  {8,9,10,11,56,57,58,59}
[0] MPI startup(): 15      1978248  i01r01c02s11  {24,25,26,27,72,73,74,75}
[0] MPI startup(): 16      1978249  i01r01c02s11  {28,29,30,31,76,77,78,79}
[0] MPI startup(): 17      1978250  i01r01c02s11  {32,33,34,35,80,81,82,83}
[0] MPI startup(): 18      2453270  i01r01c02s12  {0,1,2,3,48,49,50,51}
[0] MPI startup(): 19      2453271  i01r01c02s12  {4,5,6,7,52,53,54,55}
[0] MPI startup(): 20      2453272  i01r01c02s12  {8,9,10,11,56,57,58,59}
[0] MPI startup(): 21      2453273  i01r01c02s12  {24,25,26,27,72,73,74,75}
[0] MPI startup(): 22      2453274  i01r01c02s12  {28,29,30,31,76,77,78,79}
[0] MPI startup(): 23      2453275  i01r01c02s12  {32,33,34,35,80,81,82,83}

8 processes distributed in X-direction
 3 ; processes distributed in Y-direction

Executing each MPI process in 8 OMP threads.

Executing each MPI process in 8 OMP threads.
Resolutions       : (4500, 5500, ... 12500)
Iterations        : 20
Num. Heat sources : 2
   1: (0.00, 0.00) 1.00 1.00 
   2: (1.00, 1.00) 1.00 0.50 
rank= 0 coords= 0 0 neighbours(up,down,left,right)= -1 3 -1 1
rank= 3 coords= 1 0 neighbours(up,down,left,right)= 0 6 -1 4
rank= 12 coords= 4 0 neighbours(up,down,left,right)= 9 15 -1 13
rank= 18 coords= 6 0 neighbours(up,down,left,right)= 15 21 -1 19
rank= 6 coords= 2 0 neighbours(up,down,left,right)= 3 9 -1 7
rank= 1 coords= 0 1 neighbours(up,down,left,right)= -1 4 0 2
rank= 13 coords= 4 1 neighbours(up,down,left,right)= 10 16 12 14
rank= 19 coords= 6 1 neighbours(up,down,left,right)= 16 22 18 20
rank= 10 coords= 3 1 neighbours(up,down,left,right)= 7 13 9 11
rank= 2 coords= 0 2 neighbours(up,down,left,right)= -1 5 1 -1
rank= 14 coords= 4 2 neighbours(up,down,left,right)= 11 17 13 -1
rank= 20 coords= 6 2 neighbours(up,down,left,right)= 17 23 19 -1
rank= 7 coords= 2 1 neighbours(up,down,left,right)= 4 10 6 8
rank= 4 coords= 1 1 neighbours(up,down,left,right)= 1 7 3 5
rank= 15 coords= 5 0 neighbours(up,down,left,right)= 12 18 -1 16
rank= 21 coords= 7 0 neighbours(up,down,left,right)= 18 -1 -1 22
rank= 8 coords= 2 2 neighbours(up,down,left,right)= 5 11 7 -1
rank= 5 coords= 1 2 neighbours(up,down,left,right)= 2 8 4 -1
rank= 16 coords= 5 1 neighbours(up,down,left,right)= 13 19 15 17
rank= 22 coords= 7 1 neighbours(up,down,left,right)= 19 -1 21 23
rank= 9 coords= 3 0 neighbours(up,down,left,right)= 6 12 -1 10
rank= 17 coords= 5 2 neighbours(up,down,left,right)= 14 20 16 -1
rank= 23 coords= 7 2 neighbours(up,down,left,right)= 20 -1 22 -1
rank= 11 coords= 3 2 neighbours(up,down,left,right)= 8 14 10 -1

Num-X: 3 ; Num-Y: 8 ; Resolution: 4500 ; Rank: 4 ; Rank-X: 1 ; Rank-Y: 1 ; Rowstart: 563; Rowend: 1127; Rows: 564; Colstart: 1500; Colend: 3001; Cols: 1501;
Num-X: 3 ; Num-Y: 8 ; Resolution: 4500 ; Rank: 6 ; Rank-X: 0 ; Rank-Y: 2 ; Rowstart: 1126; Rowend: 1690; Rows: 564; Colstart: 0; Colend: 1501; Cols: 1501;
Num-X: 3 ; Num-Y: 8 ; Resolution: 4500 ; Rank: 15 ; Rank-X: 0 ; Rank-Y: 5 ; Rowstart: 2814; Rowend: 3377; Rows: 563; Colstart: 0; Colend: 1501; Cols: 1501;
Num-X: 3 ; Num-Y: 8 ; Resolution: 4500 ; Rank: 3 ; Rank-X: 0 ; Rank-Y: 1 ; Rowstart: 563; Rowend: 1127; Rows: 564; Colstart: 0; Colend: 1501; Cols: 1501;
Num-X: 3 ; Num-Y: 8 ; Resolution: 4500 ; Rank: 5 ; Rank-X: 2 ; Rank-Y: 1 ; Rowstart: 563; Rowend: 1127; Rows: 564; Colstart: 3000; Colend: 4501; Cols: 1501;
Num-X: 3 ; Num-Y: 8 ; Resolution: 4500 ; Rank: 2 ; Rank-X: 2 ; Rank-Y: 0 ; Rowstart: 0; Rowend: 564; Rows: 564; Colstart: 3000; Colend: 4501; Cols: 1501;
Num-X: 3 ; Num-Y: 8 ; Resolution: 4500 ; Rank: 1 ; Rank-X: 1 ; Rank-Y: 0 ; Rowstart: 0; Rowend: 564; Rows: 564; Colstart: 1500; Colend: 3001; Cols: 1501;
Num-X: 3 ; Num-Y: 8 ; Resolution: 4500 ; Rank: 20 ; Rank-X: 2 ; Rank-Y: 6 ; Rowstart: 3376; Rowend: 3939; Rows: 563; Colstart: 3000; Colend: 4501; Cols: 1501;
Num-X: 3 ; Num-Y: 8 ; Resolution: 4500 ; Rank: 19 ; Rank-X: 1 ; Rank-Y: 6 ; Rowstart: 3376; Rowend: 3939; Rows: 563; Colstart: 1500; Colend: 3001; Cols: 1501;
Num-X: 3 ; Num-Y: 8 ; Resolution: 4500 ; Rank: 0 ; Rank-X: 0 ; Rank-Y: 0 ; Rowstart: 0; Rowend: 564; Rows: 564; Colstart: 0; Colend: 1501; Cols: 1501;
Num-X: 3 ; Num-Y: 8 ; Resolution: 4500 ; Rank: 23 ; Rank-X: 2 ; Rank-Y: 7 ; Rowstart: 3938; Rowend: 4501; Rows: 563; Colstart: 3000; Colend: 4501; Cols: 1501;
Num-X: 3 ; Num-Y: 8 ; Resolution: 4500 ; Rank: 22 ; Rank-X: 1 ; Rank-Y: 7 ; Rowstart: 3938; Rowend: 4501; Rows: 563; Colstart: 1500; Colend: 3001; Cols: 1501;
Num-X: 3 ; Num-Y: 8 ; Resolution: 4500 ; Rank: 21 ; Rank-X: 0 ; Rank-Y: 7 ; Rowstart: 3938; Rowend: 4501; Rows: 563; Colstart: 0; Colend: 1501; Cols: 1501;
Num-X: 3 ; Num-Y: 8 ; Resolution: 4500 ; Rank: 18 ; Rank-X: 0 ; Rank-Y: 6 ; Rowstart: 3376; Rowend: 3939; Rows: 563; Colstart: 0; Colend: 1501; Cols: 1501;
Num-X: 3 ; Num-Y: 8 ; Resolution: 4500 ; Rank: 8 ; Rank-X: 2 ; Rank-Y: 2 ; Rowstart: 1126; Rowend: 1690; Rows: 564; Colstart: 3000; Colend: 4501; Cols: 1501;
Num-X: 3 ; Num-Y: 8 ; Resolution: 4500 ; Rank: 7 ; Rank-X: 1 ; Rank-Y: 2 ; Rowstart: 1126; Rowend: 1690; Rows: 564; Colstart: 1500; Colend: 3001; Cols: 1501;
Num-X: 3 ; Num-Y: 8 ; Resolution: 4500 ; Rank: 11 ; Rank-X: 2 ; Rank-Y: 3 ; Rowstart: 1689; Rowend: 2253; Rows: 564; Colstart: 3000; Colend: 4501; Cols: 1501;
Num-X: 3 ; Num-Y: 8 ; Resolution: 4500 ; Rank: 10 ; Rank-X: 1 ; Rank-Y: 3 ; Rowstart: 1689; Rowend: 2253; Rows: 564; Colstart: 1500; Colend: 3001; Cols: 1501;
Num-X: 3 ; Num-Y: 8 ; Resolution: 4500 ; Rank: 9 ; Rank-X: 0 ; Rank-Y: 3 ; Rowstart: 1689; Rowend: 2253; Rows: 564; Colstart: 0; Colend: 1501; Cols: 1501;
Num-X: 3 ; Num-Y: 8 ; Resolution: 4500 ; Rank: 16 ; Rank-X: 1 ; Rank-Y: 5 ; Rowstart: 2814; Rowend: 3377; Rows: 563; Colstart: 1500; Colend: 3001; Cols: 1501;
Num-X: 3 ; Num-Y: 8 ; Resolution: 4500 ; Rank: 13 ; Rank-X: 1 ; Rank-Y: 4 ; Rowstart: 2252; Rowend: 2815; Rows: 563; Colstart: 1500; Colend: 3001; Cols: 1501;
Num-X: 3 ; Num-Y: 8 ; Resolution: 4500 ; Rank: 12 ; Rank-X: 0 ; Rank-Y: 4 ; Rowstart: 2252; Rowend: 2815; Rows: 563; Colstart: 0; Colend: 1501; Cols: 1501;
Num-X: 3 ; Num-Y: 8 ; Resolution: 4500 ; Rank: 14 ; Rank-X: 2 ; Rank-Y: 4 ; Rowstart: 2252; Rowend: 2815; Rows: 563; Colstart: 3000; Colend: 4501; Cols: 1501;
Num-X: 3 ; Num-Y: 8 ; Resolution: 4500 ; Rank: 17 ; Rank-X: 2 ; Rank-Y: 5 ; Rowstart: 2814; Rowend: 3377; Rows: 563; Colstart: 3000; Colend: 4501; Cols: 1501;

Resolution: 4500
===================
Execution time: 0.796098
Residual: 2.111093

megaflops:  3561.1
  flop instructions (M):  2835.000

Num-X: 3 ; Num-Y: 8 ; Resolution: 5500 ; Rank: 16 ; Rank-X: 1 ; Rank-Y: 5 ; Rowstart: 3439; Rowend: 4127; Rows: 688; Colstart: 1834; Colend: 3668; Cols: 1834;
Num-X: 3 ; Num-Y: 8 ; Resolution: 5500 ; Rank: 14 ; Rank-X: 2 ; Rank-Y: 4 ; Rowstart: 2752; Rowend: 3440; Rows: 688; Colstart: 3667; Colend: 5501; Cols: 1834;
Num-X: 3 ; Num-Y: 8 ; Resolution: 5500 ; Rank: 19 ; Rank-X: 1 ; Rank-Y: 6 ; Rowstart: 4126; Rowend: 4814; Rows: 688; Colstart: 1834; Colend: 3668; Cols: 1834;
Num-X: 3 ; Num-Y: 8 ; Resolution: 5500 ; Rank: 15 ; Rank-X: 0 ; Rank-Y: 5 ; Rowstart: 3439; Rowend: 4127; Rows: 688; Colstart: 0; Colend: 1835; Cols: 1835;
Num-X: 3 ; Num-Y: 8 ; Resolution: 5500 ; Rank: 21 ; Rank-X: 0 ; Rank-Y: 7 ; Rowstart: 4813; Rowend: 5501; Rows: 688; Colstart: 0; Colend: 1835; Cols: 1835;
Num-X: 3 ; Num-Y: 8 ; Resolution: 5500 ; Rank: 17 ; Rank-X: 2 ; Rank-Y: 5 ; Rowstart: 3439; Rowend: 4127; Rows: 688; Colstart: 3667; Colend: 5501; Cols: 1834;
Num-X: 3 ; Num-Y: 8 ; Resolution: 5500 ; Rank: 18 ; Rank-X: 0 ; Rank-Y: 6 ; Rowstart: 4126; Rowend: 4814; Rows: 688; Colstart: 0; Colend: 1835; Cols: 1835;
Num-X: 3 ; Num-Y: 8 ; Resolution: 5500 ; Rank: 13 ; Rank-X: 1 ; Rank-Y: 4 ; Rowstart: 2752; Rowend: 3440; Rows: 688; Colstart: 1834; Colend: 3668; Cols: 1834;
Num-X: 3 ; Num-Y: 8 ; Resolution: 5500 ; Rank: 20 ; Rank-X: 2 ; Rank-Y: 6 ; Rowstart: 4126; Rowend: 4814; Rows: 688; Colstart: 3667; Colend: 5501; Cols: 1834;
Num-X: 3 ; Num-Y: 8 ; Resolution: 5500 ; Rank: 12 ; Rank-X: 0 ; Rank-Y: 4 ; Rowstart: 2752; Rowend: 3440; Rows: 688; Colstart: 0; Colend: 1835; Cols: 1835;
Num-X: 3 ; Num-Y: 8 ; Resolution: 5500 ; Rank: 22 ; Rank-X: 1 ; Rank-Y: 7 ; Rowstart: 4813; Rowend: 5501; Rows: 688; Colstart: 1834; Colend: 3668; Cols: 1834;
Num-X: 3 ; Num-Y: 8 ; Resolution: 5500 ; Rank: 23 ; Rank-X: 2 ; Rank-Y: 7 ; Rowstart: 4813; Rowend: 5501; Rows: 688; Colstart: 3667; Colend: 5501; Cols: 1834;
Num-X: 3 ; Num-Y: 8 ; Resolution: 5500 ; Rank: 9 ; Rank-X: 0 ; Rank-Y: 3 ; Rowstart: 2064; Rowend: 2753; Rows: 689; Colstart: 0; Colend: 1835; Cols: 1835;
Num-X: 3 ; Num-Y: 8 ; Resolution: 5500 ; Rank: 10 ; Rank-X: 1 ; Rank-Y: 3 ; Rowstart: 2064; Rowend: 2753; Rows: 689; Colstart: 1834; Colend: 3668; Cols: 1834;
Num-X: 3 ; Num-Y: 8 ; Resolution: 5500 ; Rank: 11 ; Rank-X: 2 ; Rank-Y: 3 ; Rowstart: 2064; Rowend: 2753; Rows: 689; Colstart: 3667; Colend: 5501; Cols: 1834;
Num-X: 3 ; Num-Y: 8 ; Resolution: 5500 ; Rank: 7 ; Rank-X: 1 ; Rank-Y: 2 ; Rowstart: 1376; Rowend: 2065; Rows: 689; Colstart: 1834; Colend: 3668; Cols: 1834;
Num-X: 3 ; Num-Y: 8 ; Resolution: 5500 ; Rank: 8 ; Rank-X: 2 ; Rank-Y: 2 ; Rowstart: 1376; Rowend: 2065; Rows: 689; Colstart: 3667; Colend: 5501; Cols: 1834;
Num-X: 3 ; Num-Y: 8 ; Resolution: 5500 ; Rank: 6 ; Rank-X: 0 ; Rank-Y: 2 ; Rowstart: 1376; Rowend: 2065; Rows: 689; Colstart: 0; Colend: 1835; Cols: 1835;
Num-X: 3 ; Num-Y: 8 ; Resolution: 5500 ; Rank: 4 ; Rank-X: 1 ; Rank-Y: 1 ; Rowstart: 688; Rowend: 1377; Rows: 689; Colstart: 1834; Colend: 3668; Cols: 1834;
Num-X: 3 ; Num-Y: 8 ; Resolution: 5500 ; Rank: 5 ; Rank-X: 2 ; Rank-Y: 1 ; Rowstart: 688; Rowend: 1377; Rows: 689; Colstart: 3667; Colend: 5501; Cols: 1834;
Num-X: 3 ; Num-Y: 8 ; Resolution: 5500 ; Rank: 1 ; Rank-X: 1 ; Rank-Y: 0 ; Rowstart: 0; Rowend: 689; Rows: 689; Colstart: 1834; Colend: 3668; Cols: 1834;
Num-X: 3 ; Num-Y: 8 ; Resolution: 5500 ; Rank: 2 ; Rank-X: 2 ; Rank-Y: 0 ; Rowstart: 0; Rowend: 689; Rows: 689; Colstart: 3667; Colend: 5501; Cols: 1834;
Num-X: 3 ; Num-Y: 8 ; Resolution: 5500 ; Rank: 3 ; Rank-X: 0 ; Rank-Y: 1 ; Rowstart: 688; Rowend: 1377; Rows: 689; Colstart: 0; Colend: 1835; Cols: 1835;
Num-X: 3 ; Num-Y: 8 ; Resolution: 5500 ; Rank: 0 ; Rank-X: 0 ; Rank-Y: 0 ; Rowstart: 0; Rowend: 689; Rows: 689; Colstart: 0; Colend: 1835; Cols: 1835;

Resolution: 5500
===================
Execution time: 0.013059
Residual: 2.580124

megaflops:  324299.9
  flop instructions (M):  4235.000

Num-X: 3 ; Num-Y: 8 ; Resolution: 6500 ; Rank: 12 ; Rank-X: 0 ; Rank-Y: 4 ; Rowstart: 3252; Rowend: 4065; Rows: 813; Colstart: 0; Colend: 2168; Cols: 2168;
Num-X: 3 ; Num-Y: 8 ; Resolution: 6500 ; Rank: 0 ; Rank-X: 0 ; Rank-Y: 0 ; Rowstart: 0; Rowend: 814; Rows: 814; Colstart: 0; Colend: 2168; Cols: 2168;
Num-X: 3 ; Num-Y: 8 ; Resolution: 6500 ; Rank: 18 ; Rank-X: 0 ; Rank-Y: 6 ; Rowstart: 4876; Rowend: 5689; Rows: 813; Colstart: 0; Colend: 2168; Cols: 2168;
Num-X: 3 ; Num-Y: 8 ; Resolution: 6500 ; Rank: 1 ; Rank-X: 1 ; Rank-Y: 0 ; Rowstart: 0; Rowend: 814; Rows: 814; Colstart: 2167; Colend: 4335; Cols: 2168;
Num-X: 3 ; Num-Y: 8 ; Resolution: 6500 ; Rank: 19 ; Rank-X: 1 ; Rank-Y: 6 ; Rowstart: 4876; Rowend: 5689; Rows: 813; Colstart: 2167; Colend: 4335; Cols: 2168;
Num-X: 3 ; Num-Y: 8 ; Resolution: 6500 ; Rank: 9 ; Rank-X: 0 ; Rank-Y: 3 ; Rowstart: 2439; Rowend: 3253; Rows: 814; Colstart: 0; Colend: 2168; Cols: 2168;
Num-X: 3 ; Num-Y: 8 ; Resolution: 6500 ; Rank: 3 ; Rank-X: 0 ; Rank-Y: 1 ; Rowstart: 813; Rowend: 1627; Rows: 814; Colstart: 0; Colend: 2168; Cols: 2168;
Num-X: 3 ; Num-Y: 8 ; Resolution: 6500 ; Rank: 20 ; Rank-X: 2 ; Rank-Y: 6 ; Rowstart: 4876; Rowend: 5689; Rows: 813; Colstart: 4334; Colend: 6501; Cols: 2167;
Num-X: 3 ; Num-Y: 8 ; Resolution: 6500 ; Rank: 10 ; Rank-X: 1 ; Rank-Y: 3 ; Rowstart: 2439; Rowend: 3253; Rows: 814; Colstart: 2167; Colend: 4335; Cols: 2168;
Num-X: 3 ; Num-Y: 8 ; Resolution: 6500 ; Rank: 2 ; Rank-X: 2 ; Rank-Y: 0 ; Rowstart: 0; Rowend: 814; Rows: 814; Colstart: 4334; Colend: 6501; Cols: 2167;
Num-X: 3 ; Num-Y: 8 ; Resolution: 6500 ; Rank: 22 ; Rank-X: 1 ; Rank-Y: 7 ; Rowstart: 5688; Rowend: 6501; Rows: 813; Colstart: 2167; Colend: 4335; Cols: 2168;
Num-X: 3 ; Num-Y: 8 ; Resolution: 6500 ; Rank: 6 ; Rank-X: 0 ; Rank-Y: 2 ; Rowstart: 1626; Rowend: 2440; Rows: 814; Colstart: 0; Colend: 2168; Cols: 2168;
Num-X: 3 ; Num-Y: 8 ; Resolution: 6500 ; Rank: 5 ; Rank-X: 2 ; Rank-Y: 1 ; Rowstart: 813; Rowend: 1627; Rows: 814; Colstart: 4334; Colend: 6501; Cols: 2167;
Num-X: 3 ; Num-Y: 8 ; Resolution: 6500 ; Rank: 4 ; Rank-X: 1 ; Rank-Y: 1 ; Rowstart: 813; Rowend: 1627; Rows: 814; Colstart: 2167; Colend: 4335; Cols: 2168;
Num-X: 3 ; Num-Y: 8 ; Resolution: 6500 ; Rank: 13 ; Rank-X: 1 ; Rank-Y: 4 ; Rowstart: 3252; Rowend: 4065; Rows: 813; Colstart: 2167; Colend: 4335; Cols: 2168;
Num-X: 3 ; Num-Y: 8 ; Resolution: 6500 ; Rank: 21 ; Rank-X: 0 ; Rank-Y: 7 ; Rowstart: 5688; Rowend: 6501; Rows: 813; Colstart: 0; Colend: 2168; Cols: 2168;
Num-X: 3 ; Num-Y: 8 ; Resolution: 6500 ; Rank: 23 ; Rank-X: 2 ; Rank-Y: 7 ; Rowstart: 5688; Rowend: 6501; Rows: 813; Colstart: 4334; Colend: 6501; Cols: 2167;
Num-X: 3 ; Num-Y: 8 ; Resolution: 6500 ; Rank: 16 ; Rank-X: 1 ; Rank-Y: 5 ; Rowstart: 4064; Rowend: 4877; Rows: 813; Colstart: 2167; Colend: 4335; Cols: 2168;
Num-X: 3 ; Num-Y: 8 ; Resolution: 6500 ; Rank: 17 ; Rank-X: 2 ; Rank-Y: 5 ; Rowstart: 4064; Rowend: 4877; Rows: 813; Colstart: 4334; Colend: 6501; Cols: 2167;
Num-X: 3 ; Num-Y: 8 ; Resolution: 6500 ; Rank: 11 ; Rank-X: 2 ; Rank-Y: 3 ; Rowstart: 2439; Rowend: 3253; Rows: 814; Colstart: 4334; Colend: 6501; Cols: 2167;
Num-X: 3 ; Num-Y: 8 ; Resolution: 6500 ; Rank: 14 ; Rank-X: 2 ; Rank-Y: 4 ; Rowstart: 3252; Rowend: 4065; Rows: 813; Colstart: 4334; Colend: 6501; Cols: 2167;
Num-X: 3 ; Num-Y: 8 ; Resolution: 6500 ; Rank: 15 ; Rank-X: 0 ; Rank-Y: 5 ; Rowstart: 4064; Rowend: 4877; Rows: 813; Colstart: 0; Colend: 2168; Cols: 2168;
Num-X: 3 ; Num-Y: 8 ; Resolution: 6500 ; Rank: 7 ; Rank-X: 1 ; Rank-Y: 2 ; Rowstart: 1626; Rowend: 2440; Rows: 814; Colstart: 2167; Colend: 4335; Cols: 2168;
Num-X: 3 ; Num-Y: 8 ; Resolution: 6500 ; Rank: 8 ; Rank-X: 2 ; Rank-Y: 2 ; Rowstart: 1626; Rowend: 2440; Rows: 814; Colstart: 4334; Colend: 6501; Cols: 2167;

Resolution: 6500
===================
Execution time: 0.020181
Residual: 3.049154

megaflops:  293094.9
  flop instructions (M):  5915.000

Num-X: 3 ; Num-Y: 8 ; Resolution: 7500 ; Rank: 1 ; Rank-X: 1 ; Rank-Y: 0 ; Rowstart: 0; Rowend: 939; Rows: 939; Colstart: 2500; Colend: 5001; Cols: 2501;
Num-X: 3 ; Num-Y: 8 ; Resolution: 7500 ; Rank: 4 ; Rank-X: 1 ; Rank-Y: 1 ; Rowstart: 938; Rowend: 1877; Rows: 939; Colstart: 2500; Colend: 5001; Cols: 2501;
Num-X: 3 ; Num-Y: 8 ; Resolution: 7500 ; Rank: 0 ; Rank-X: 0 ; Rank-Y: 0 ; Rowstart: 0; Rowend: 939; Rows: 939; Colstart: 0; Colend: 2501; Cols: 2501;
Num-X: 3 ; Num-Y: 8 ; Resolution: 7500 ; Rank: 3 ; Rank-X: 0 ; Rank-Y: 1 ; Rowstart: 938; Rowend: 1877; Rows: 939; Colstart: 0; Colend: 2501; Cols: 2501;
Num-X: 3 ; Num-Y: 8 ; Resolution: 7500 ; Rank: 12 ; Rank-X: 0 ; Rank-Y: 4 ; Rowstart: 3752; Rowend: 4690; Rows: 938; Colstart: 0; Colend: 2501; Cols: 2501;
Num-X: 3 ; Num-Y: 8 ; Resolution: 7500 ; Rank: 9 ; Rank-X: 0 ; Rank-Y: 3 ; Rowstart: 2814; Rowend: 3753; Rows: 939; Colstart: 0; Colend: 2501; Cols: 2501;
Num-X: 3 ; Num-Y: 8 ; Resolution: 7500 ; Rank: 10 ; Rank-X: 1 ; Rank-Y: 3 ; Rowstart: 2814; Rowend: 3753; Rows: 939; Colstart: 2500; Colend: 5001; Cols: 2501;
Num-X: 3 ; Num-Y: 8 ; Resolution: 7500 ; Rank: 17 ; Rank-X: 2 ; Rank-Y: 5 ; Rowstart: 4689; Rowend: 5627; Rows: 938; Colstart: 5000; Colend: 7501; Cols: 2501;
Num-X: 3 ; Num-Y: 8 ; Resolution: 7500 ; Rank: 6 ; Rank-X: 0 ; Rank-Y: 2 ; Rowstart: 1876; Rowend: 2815; Rows: 939; Colstart: 0; Colend: 2501; Cols: 2501;
Num-X: 3 ; Num-Y: 8 ; Resolution: 7500 ; Rank: 13 ; Rank-X: 1 ; Rank-Y: 4 ; Rowstart: 3752; Rowend: 4690; Rows: 938; Colstart: 2500; Colend: 5001; Cols: 2501;
Num-X: 3 ; Num-Y: 8 ; Resolution: 7500 ; Rank: 14 ; Rank-X: 2 ; Rank-Y: 4 ; Rowstart: 3752; Rowend: 4690; Rows: 938; Colstart: 5000; Colend: 7501; Cols: 2501;
Num-X: 3 ; Num-Y: 8 ; Resolution: 7500 ; Rank: 15 ; Rank-X: 0 ; Rank-Y: 5 ; Rowstart: 4689; Rowend: 5627; Rows: 938; Colstart: 0; Colend: 2501; Cols: 2501;
Num-X: 3 ; Num-Y: 8 ; Resolution: 7500 ; Rank: 18 ; Rank-X: 0 ; Rank-Y: 6 ; Rowstart: 5626; Rowend: 6564; Rows: 938; Colstart: 0; Colend: 2501; Cols: 2501;
Num-X: 3 ; Num-Y: 8 ; Resolution: 7500 ; Rank: 7 ; Rank-X: 1 ; Rank-Y: 2 ; Rowstart: 1876; Rowend: 2815; Rows: 939; Colstart: 2500; Colend: 5001; Cols: 2501;
Num-X: 3 ; Num-Y: 8 ; Resolution: 7500 ; Rank: 11 ; Rank-X: 2 ; Rank-Y: 3 ; Rowstart: 2814; Rowend: 3753; Rows: 939; Colstart: 5000; Colend: 7501; Cols: 2501;
Num-X: 3 ; Num-Y: 8 ; Resolution: 7500 ; Rank: 2 ; Rank-X: 2 ; Rank-Y: 0 ; Rowstart: 0; Rowend: 939; Rows: 939; Colstart: 5000; Colend: 7501; Cols: 2501;
Num-X: 3 ; Num-Y: 8 ; Resolution: 7500 ; Rank: 20 ; Rank-X: 2 ; Rank-Y: 6 ; Rowstart: 5626; Rowend: 6564; Rows: 938; Colstart: 5000; Colend: 7501; Cols: 2501;
Num-X: 3 ; Num-Y: 8 ; Resolution: 7500 ; Rank: 22 ; Rank-X: 1 ; Rank-Y: 7 ; Rowstart: 6563; Rowend: 7501; Rows: 938; Colstart: 2500; Colend: 5001; Cols: 2501;
Num-X: 3 ; Num-Y: 8 ; Resolution: 7500 ; Rank: 16 ; Rank-X: 1 ; Rank-Y: 5 ; Rowstart: 4689; Rowend: 5627; Rows: 938; Colstart: 2500; Colend: 5001; Cols: 2501;
Num-X: 3 ; Num-Y: 8 ; Resolution: 7500 ; Rank: 19 ; Rank-X: 1 ; Rank-Y: 6 ; Rowstart: 5626; Rowend: 6564; Rows: 938; Colstart: 2500; Colend: 5001; Cols: 2501;
Num-X: 3 ; Num-Y: 8 ; Resolution: 7500 ; Rank: 21 ; Rank-X: 0 ; Rank-Y: 7 ; Rowstart: 6563; Rowend: 7501; Rows: 938; Colstart: 0; Colend: 2501; Cols: 2501;
Num-X: 3 ; Num-Y: 8 ; Resolution: 7500 ; Rank: 23 ; Rank-X: 2 ; Rank-Y: 7 ; Rowstart: 6563; Rowend: 7501; Rows: 938; Colstart: 5000; Colend: 7501; Cols: 2501;
Num-X: 3 ; Num-Y: 8 ; Resolution: 7500 ; Rank: 5 ; Rank-X: 2 ; Rank-Y: 1 ; Rowstart: 938; Rowend: 1877; Rows: 939; Colstart: 5000; Colend: 7501; Cols: 2501;
Num-X: 3 ; Num-Y: 8 ; Resolution: 7500 ; Rank: 8 ; Rank-X: 2 ; Rank-Y: 2 ; Rowstart: 1876; Rowend: 2815; Rows: 939; Colstart: 5000; Colend: 7501; Cols: 2501;

Resolution: 7500
===================
Execution time: 0.029689
Residual: 3.518183

megaflops:  265249.1
  flop instructions (M):  7875.000

Num-X: 3 ; Num-Y: 8 ; Resolution: 8500 ; Rank: 1 ; Rank-X: 1 ; Rank-Y: 0 ; Rowstart: 0; Rowend: 1064; Rows: 1064; Colstart: 2834; Colend: 5668; Cols: 2834;
Num-X: 3 ; Num-Y: 8 ; Resolution: 8500 ; Rank: 12 ; Rank-X: 0 ; Rank-Y: 4 ; Rowstart: 4252; Rowend: 5315; Rows: 1063; Colstart: 0; Colend: 2835; Cols: 2835;
Num-X: 3 ; Num-Y: 8 ; Resolution: 8500 ; Rank: 3 ; Rank-X: 0 ; Rank-Y: 1 ; Rowstart: 1063; Rowend: 2127; Rows: 1064; Colstart: 0; Colend: 2835; Cols: 2835;
Num-X: 3 ; Num-Y: 8 ; Resolution: 8500 ; Rank: 13 ; Rank-X: 1 ; Rank-Y: 4 ; Rowstart: 4252; Rowend: 5315; Rows: 1063; Colstart: 2834; Colend: 5668; Cols: 2834;
Num-X: 3 ; Num-Y: 8 ; Resolution: 8500 ; Rank: 6 ; Rank-X: 0 ; Rank-Y: 2 ; Rowstart: 2126; Rowend: 3190; Rows: 1064; Colstart: 0; Colend: 2835; Cols: 2835;
Num-X: 3 ; Num-Y: 8 ; Resolution: 8500 ; Rank: 0 ; Rank-X: 0 ; Rank-Y: 0 ; Rowstart: 0; Rowend: 1064; Rows: 1064; Colstart: 0; Colend: 2835; Cols: 2835;
Num-X: 3 ; Num-Y: 8 ; Resolution: 8500 ; Rank: 15 ; Rank-X: 0 ; Rank-Y: 5 ; Rowstart: 5314; Rowend: 6377; Rows: 1063; Colstart: 0; Colend: 2835; Cols: 2835;
Num-X: 3 ; Num-Y: 8 ; Resolution: 8500 ; Rank: 18 ; Rank-X: 0 ; Rank-Y: 6 ; Rowstart: 6376; Rowend: 7439; Rows: 1063; Colstart: 0; Colend: 2835; Cols: 2835;
Num-X: 3 ; Num-Y: 8 ; Resolution: 8500 ; Rank: 7 ; Rank-X: 1 ; Rank-Y: 2 ; Rowstart: 2126; Rowend: 3190; Rows: 1064; Colstart: 2834; Colend: 5668; Cols: 2834;
Num-X: 3 ; Num-Y: 8 ; Resolution: 8500 ; Rank: 2 ; Rank-X: 2 ; Rank-Y: 0 ; Rowstart: 0; Rowend: 1064; Rows: 1064; Colstart: 5667; Colend: 8501; Cols: 2834;
Num-X: 3 ; Num-Y: 8 ; Resolution: 8500 ; Rank: 17 ; Rank-X: 2 ; Rank-Y: 5 ; Rowstart: 5314; Rowend: 6377; Rows: 1063; Colstart: 5667; Colend: 8501; Cols: 2834;
Num-X: 3 ; Num-Y: 8 ; Resolution: 8500 ; Rank: 22 ; Rank-X: 1 ; Rank-Y: 7 ; Rowstart: 7438; Rowend: 8501; Rows: 1063; Colstart: 2834; Colend: 5668; Cols: 2834;
Num-X: 3 ; Num-Y: 8 ; Resolution: 8500 ; Rank: 11 ; Rank-X: 2 ; Rank-Y: 3 ; Rowstart: 3189; Rowend: 4253; Rows: 1064; Colstart: 5667; Colend: 8501; Cols: 2834;
Num-X: 3 ; Num-Y: 8 ; Resolution: 8500 ; Rank: 5 ; Rank-X: 2 ; Rank-Y: 1 ; Rowstart: 1063; Rowend: 2127; Rows: 1064; Colstart: 5667; Colend: 8501; Cols: 2834;
Num-X: 3 ; Num-Y: 8 ; Resolution: 8500 ; Rank: 14 ; Rank-X: 2 ; Rank-Y: 4 ; Rowstart: 4252; Rowend: 5315; Rows: 1063; Colstart: 5667; Colend: 8501; Cols: 2834;
Num-X: 3 ; Num-Y: 8 ; Resolution: 8500 ; Rank: 20 ; Rank-X: 2 ; Rank-Y: 6 ; Rowstart: 6376; Rowend: 7439; Rows: 1063; Colstart: 5667; Colend: 8501; Cols: 2834;
Num-X: 3 ; Num-Y: 8 ; Resolution: 8500 ; Rank: 16 ; Rank-X: 1 ; Rank-Y: 5 ; Rowstart: 5314; Rowend: 6377; Rows: 1063; Colstart: 2834; Colend: 5668; Cols: 2834;
Num-X: 3 ; Num-Y: 8 ; Resolution: 8500 ; Rank: 4 ; Rank-X: 1 ; Rank-Y: 1 ; Rowstart: 1063; Rowend: 2127; Rows: 1064; Colstart: 2834; Colend: 5668; Cols: 2834;
Num-X: 3 ; Num-Y: 8 ; Resolution: 8500 ; Rank: 19 ; Rank-X: 1 ; Rank-Y: 6 ; Rowstart: 6376; Rowend: 7439; Rows: 1063; Colstart: 2834; Colend: 5668; Cols: 2834;
Num-X: 3 ; Num-Y: 8 ; Resolution: 8500 ; Rank: 10 ; Rank-X: 1 ; Rank-Y: 3 ; Rowstart: 3189; Rowend: 4253; Rows: 1064; Colstart: 2834; Colend: 5668; Cols: 2834;
Num-X: 3 ; Num-Y: 8 ; Resolution: 8500 ; Rank: 9 ; Rank-X: 0 ; Rank-Y: 3 ; Rowstart: 3189; Rowend: 4253; Rows: 1064; Colstart: 0; Colend: 2835; Cols: 2835;
Num-X: 3 ; Num-Y: 8 ; Resolution: 8500 ; Rank: 21 ; Rank-X: 0 ; Rank-Y: 7 ; Rowstart: 7438; Rowend: 8501; Rows: 1063; Colstart: 0; Colend: 2835; Cols: 2835;
Num-X: 3 ; Num-Y: 8 ; Resolution: 8500 ; Rank: 23 ; Rank-X: 2 ; Rank-Y: 7 ; Rowstart: 7438; Rowend: 8501; Rows: 1063; Colstart: 5667; Colend: 8501; Cols: 2834;
Num-X: 3 ; Num-Y: 8 ; Resolution: 8500 ; Rank: 8 ; Rank-X: 2 ; Rank-Y: 2 ; Rowstart: 2126; Rowend: 3190; Rows: 1064; Colstart: 5667; Colend: 8501; Cols: 2834;

Resolution: 8500
===================
Execution time: 0.038756
Residual: 3.987213

megaflops:  260992.6
  flop instructions (M):  10115.000

Num-X: 3 ; Num-Y: 8 ; Resolution: 9500 ; Rank: 13 ; Rank-X: 1 ; Rank-Y: 4 ; Rowstart: 4752; Rowend: 5940; Rows: 1188; Colstart: 3167; Colend: 6335; Cols: 3168;
Num-X: 3 ; Num-Y: 8 ; Resolution: 9500 ; Rank: 17 ; Rank-X: 2 ; Rank-Y: 5 ; Rowstart: 5939; Rowend: 7127; Rows: 1188; Colstart: 6334; Colend: 9501; Cols: 3167;
Num-X: 3 ; Num-Y: 8 ; Resolution: 9500 ; Rank: 15 ; Rank-X: 0 ; Rank-Y: 5 ; Rowstart: 5939; Rowend: 7127; Rows: 1188; Colstart: 0; Colend: 3168; Cols: 3168;
Num-X: 3 ; Num-Y: 8 ; Resolution: 9500 ; Rank: 7 ; Rank-X: 1 ; Rank-Y: 2 ; Rowstart: 2376; Rowend: 3565; Rows: 1189; Colstart: 3167; Colend: 6335; Cols: 3168;
Num-X: 3 ; Num-Y: 8 ; Resolution: 9500 ; Rank: 14 ; Rank-X: 2 ; Rank-Y: 4 ; Rowstart: 4752; Rowend: 5940; Rows: 1188; Colstart: 6334; Colend: 9501; Cols: 3167;
Num-X: 3 ; Num-Y: 8 ; Resolution: 9500 ; Rank: 11 ; Rank-X: 2 ; Rank-Y: 3 ; Rowstart: 3564; Rowend: 4753; Rows: 1189; Colstart: 6334; Colend: 9501; Cols: 3167;
Num-X: 3 ; Num-Y: 8 ; Resolution: 9500 ; Rank: 6 ; Rank-X: 0 ; Rank-Y: 2 ; Rowstart: 2376; Rowend: 3565; Rows: 1189; Colstart: 0; Colend: 3168; Cols: 3168;
Num-X: 3 ; Num-Y: 8 ; Resolution: 9500 ; Rank: 4 ; Rank-X: 1 ; Rank-Y: 1 ; Rowstart: 1188; Rowend: 2377; Rows: 1189; Colstart: 3167; Colend: 6335; Cols: 3168;
Num-X: 3 ; Num-Y: 8 ; Resolution: 9500 ; Rank: 16 ; Rank-X: 1 ; Rank-Y: 5 ; Rowstart: 5939; Rowend: 7127; Rows: 1188; Colstart: 3167; Colend: 6335; Cols: 3168;
Num-X: 3 ; Num-Y: 8 ; Resolution: 9500 ; Rank: 20 ; Rank-X: 2 ; Rank-Y: 6 ; Rowstart: 7126; Rowend: 8314; Rows: 1188; Colstart: 6334; Colend: 9501; Cols: 3167;
Num-X: 3 ; Num-Y: 8 ; Resolution: 9500 ; Rank: 12 ; Rank-X: 0 ; Rank-Y: 4 ; Rowstart: 4752; Rowend: 5940; Rows: 1188; Colstart: 0; Colend: 3168; Cols: 3168;
Num-X: 3 ; Num-Y: 8 ; Resolution: 9500 ; Rank: 22 ; Rank-X: 1 ; Rank-Y: 7 ; Rowstart: 8313; Rowend: 9501; Rows: 1188; Colstart: 3167; Colend: 6335; Cols: 3168;
Num-X: 3 ; Num-Y: 8 ; Resolution: 9500 ; Rank: 18 ; Rank-X: 0 ; Rank-Y: 6 ; Rowstart: 7126; Rowend: 8314; Rows: 1188; Colstart: 0; Colend: 3168; Cols: 3168;
Num-X: 3 ; Num-Y: 8 ; Resolution: 9500 ; Rank: 9 ; Rank-X: 0 ; Rank-Y: 3 ; Rowstart: 3564; Rowend: 4753; Rows: 1189; Colstart: 0; Colend: 3168; Cols: 3168;
Num-X: 3 ; Num-Y: 8 ; Resolution: 9500 ; Rank: 19 ; Rank-X: 1 ; Rank-Y: 6 ; Rowstart: 7126; Rowend: 8314; Rows: 1188; Colstart: 3167; Colend: 6335; Cols: 3168;
Num-X: 3 ; Num-Y: 8 ; Resolution: 9500 ; Rank: 10 ; Rank-X: 1 ; Rank-Y: 3 ; Rowstart: 3564; Rowend: 4753; Rows: 1189; Colstart: 3167; Colend: 6335; Cols: 3168;
Num-X: 3 ; Num-Y: 8 ; Resolution: 9500 ; Rank: 5 ; Rank-X: 2 ; Rank-Y: 1 ; Rowstart: 1188; Rowend: 2377; Rows: 1189; Colstart: 6334; Colend: 9501; Cols: 3167;
Num-X: 3 ; Num-Y: 8 ; Resolution: 9500 ; Rank: 1 ; Rank-X: 1 ; Rank-Y: 0 ; Rowstart: 0; Rowend: 1189; Rows: 1189; Colstart: 3167; Colend: 6335; Cols: 3168;
Num-X: 3 ; Num-Y: 8 ; Resolution: 9500 ; Rank: 21 ; Rank-X: 0 ; Rank-Y: 7 ; Rowstart: 8313; Rowend: 9501; Rows: 1188; Colstart: 0; Colend: 3168; Cols: 3168;
Num-X: 3 ; Num-Y: 8 ; Resolution: 9500 ; Rank: 3 ; Rank-X: 0 ; Rank-Y: 1 ; Rowstart: 1188; Rowend: 2377; Rows: 1189; Colstart: 0; Colend: 3168; Cols: 3168;
Num-X: 3 ; Num-Y: 8 ; Resolution: 9500 ; Rank: 23 ; Rank-X: 2 ; Rank-Y: 7 ; Rowstart: 8313; Rowend: 9501; Rows: 1188; Colstart: 6334; Colend: 9501; Cols: 3167;
Num-X: 3 ; Num-Y: 8 ; Resolution: 9500 ; Rank: 8 ; Rank-X: 2 ; Rank-Y: 2 ; Rowstart: 2376; Rowend: 3565; Rows: 1189; Colstart: 6334; Colend: 9501; Cols: 3167;
Num-X: 3 ; Num-Y: 8 ; Resolution: 9500 ; Rank: 0 ; Rank-X: 0 ; Rank-Y: 0 ; Rowstart: 0; Rowend: 1189; Rows: 1189; Colstart: 0; Colend: 3168; Cols: 3168;
Num-X: 3 ; Num-Y: 8 ; Resolution: 9500 ; Rank: 2 ; Rank-X: 2 ; Rank-Y: 0 ; Rowstart: 0; Rowend: 1189; Rows: 1189; Colstart: 6334; Colend: 9501; Cols: 3167;

Resolution: 9500
===================
Execution time: 0.049318
Residual: 4.456242

megaflops:  256194.1
  flop instructions (M):  12635.000

Num-X: 3 ; Num-Y: 8 ; Resolution: 10500 ; Rank: 12 ; Rank-X: 0 ; Rank-Y: 4 ; Rowstart: 5252; Rowend: 6565; Rows: 1313; Colstart: 0; Colend: 3501; Cols: 3501;
Num-X: 3 ; Num-Y: 8 ; Resolution: 10500 ; Rank: 19 ; Rank-X: 1 ; Rank-Y: 6 ; Rowstart: 7876; Rowend: 9189; Rows: 1313; Colstart: 3500; Colend: 7001; Cols: 3501;
Num-X: 3 ; Num-Y: 8 ; Resolution: 10500 ; Rank: 16 ; Rank-X: 1 ; Rank-Y: 5 ; Rowstart: 6564; Rowend: 7877; Rows: 1313; Colstart: 3500; Colend: 7001; Cols: 3501;
Num-X: 3 ; Num-Y: 8 ; Resolution: 10500 ; Rank: 18 ; Rank-X: 0 ; Rank-Y: 6 ; Rowstart: 7876; Rowend: 9189; Rows: 1313; Colstart: 0; Colend: 3501; Cols: 3501;
Num-X: 3 ; Num-Y: 8 ; Resolution: 10500 ; Rank: 2 ; Rank-X: 2 ; Rank-Y: 0 ; Rowstart: 0; Rowend: 1314; Rows: 1314; Colstart: 7000; Colend: 10501; Cols: 3501;
Num-X: 3 ; Num-Y: 8 ; Resolution: 10500 ; Rank: 13 ; Rank-X: 1 ; Rank-Y: 4 ; Rowstart: 5252; Rowend: 6565; Rows: 1313; Colstart: 3500; Colend: 7001; Cols: 3501;
Num-X: 3 ; Num-Y: 8 ; Resolution: 10500 ; Rank: 3 ; Rank-X: 0 ; Rank-Y: 1 ; Rowstart: 1313; Rowend: 2627; Rows: 1314; Colstart: 0; Colend: 3501; Cols: 3501;
Num-X: 3 ; Num-Y: 8 ; Resolution: 10500 ; Rank: 21 ; Rank-X: 0 ; Rank-Y: 7 ; Rowstart: 9188; Rowend: 10501; Rows: 1313; Colstart: 0; Colend: 3501; Cols: 3501;
Num-X: 3 ; Num-Y: 8 ; Resolution: 10500 ; Rank: 7 ; Rank-X: 1 ; Rank-Y: 2 ; Rowstart: 2626; Rowend: 3940; Rows: 1314; Colstart: 3500; Colend: 7001; Cols: 3501;
Num-X: 3 ; Num-Y: 8 ; Resolution: 10500 ; Rank: 1 ; Rank-X: 1 ; Rank-Y: 0 ; Rowstart: 0; Rowend: 1314; Rows: 1314; Colstart: 3500; Colend: 7001; Cols: 3501;
Num-X: 3 ; Num-Y: 8 ; Resolution: 10500 ; Rank: 14 ; Rank-X: 2 ; Rank-Y: 4 ; Rowstart: 5252; Rowend: 6565; Rows: 1313; Colstart: 7000; Colend: 10501; Cols: 3501;
Num-X: 3 ; Num-Y: 8 ; Resolution: 10500 ; Rank: 23 ; Rank-X: 2 ; Rank-Y: 7 ; Rowstart: 9188; Rowend: 10501; Rows: 1313; Colstart: 7000; Colend: 10501; Cols: 3501;
Num-X: 3 ; Num-Y: 8 ; Resolution: 10500 ; Rank: 6 ; Rank-X: 0 ; Rank-Y: 2 ; Rowstart: 2626; Rowend: 3940; Rows: 1314; Colstart: 0; Colend: 3501; Cols: 3501;
Num-X: 3 ; Num-Y: 8 ; Resolution: 10500 ; Rank: 0 ; Rank-X: 0 ; Rank-Y: 0 ; Rowstart: 0; Rowend: 1314; Rows: 1314; Colstart: 0; Colend: 3501; Cols: 3501;
Num-X: 3 ; Num-Y: 8 ; Resolution: 10500 ; Rank: 15 ; Rank-X: 0 ; Rank-Y: 5 ; Rowstart: 6564; Rowend: 7877; Rows: 1313; Colstart: 0; Colend: 3501; Cols: 3501;
Num-X: 3 ; Num-Y: 8 ; Resolution: 10500 ; Rank: 8 ; Rank-X: 2 ; Rank-Y: 2 ; Rowstart: 2626; Rowend: 3940; Rows: 1314; Colstart: 7000; Colend: 10501; Cols: 3501;
Num-X: 3 ; Num-Y: 8 ; Resolution: 10500 ; Rank: 17 ; Rank-X: 2 ; Rank-Y: 5 ; Rowstart: 6564; Rowend: 7877; Rows: 1313; Colstart: 7000; Colend: 10501; Cols: 3501;
Num-X: 3 ; Num-Y: 8 ; Resolution: 10500 ; Rank: 20 ; Rank-X: 2 ; Rank-Y: 6 ; Rowstart: 7876; Rowend: 9189; Rows: 1313; Colstart: 7000; Colend: 10501; Cols: 3501;
Num-X: 3 ; Num-Y: 8 ; Resolution: 10500 ; Rank: 22 ; Rank-X: 1 ; Rank-Y: 7 ; Rowstart: 9188; Rowend: 10501; Rows: 1313; Colstart: 3500; Colend: 7001; Cols: 3501;
Num-X: 3 ; Num-Y: 8 ; Resolution: 10500 ; Rank: 5 ; Rank-X: 2 ; Rank-Y: 1 ; Rowstart: 1313; Rowend: 2627; Rows: 1314; Colstart: 7000; Colend: 10501; Cols: 3501;
Num-X: 3 ; Num-Y: 8 ; Resolution: 10500 ; Rank: 4 ; Rank-X: 1 ; Rank-Y: 1 ; Rowstart: 1313; Rowend: 2627; Rows: 1314; Colstart: 3500; Colend: 7001; Cols: 3501;
Num-X: 3 ; Num-Y: 8 ; Resolution: 10500 ; Rank: 11 ; Rank-X: 2 ; Rank-Y: 3 ; Rowstart: 3939; Rowend: 5253; Rows: 1314; Colstart: 7000; Colend: 10501; Cols: 3501;
Num-X: 3 ; Num-Y: 8 ; Resolution: 10500 ; Rank: 10 ; Rank-X: 1 ; Rank-Y: 3 ; Rowstart: 3939; Rowend: 5253; Rows: 1314; Colstart: 3500; Colend: 7001; Cols: 3501;
Num-X: 3 ; Num-Y: 8 ; Resolution: 10500 ; Rank: 9 ; Rank-X: 0 ; Rank-Y: 3 ; Rowstart: 3939; Rowend: 5253; Rows: 1314; Colstart: 0; Colend: 3501; Cols: 3501;

Resolution: 10500
===================
Execution time: 0.062388
Residual: 4.925272

megaflops:  247402.6
  flop instructions (M):  15435.000

Num-X: 3 ; Num-Y: 8 ; Resolution: 11500 ; Rank: 14 ; Rank-X: 2 ; Rank-Y: 4 ; Rowstart: 5752; Rowend: 7190; Rows: 1438; Colstart: 7667; Colend: 11501; Cols: 3834;
Num-X: 3 ; Num-Y: 8 ; Resolution: 11500 ; Rank: 4 ; Rank-X: 1 ; Rank-Y: 1 ; Rowstart: 1438; Rowend: 2877; Rows: 1439; Colstart: 3834; Colend: 7668; Cols: 3834;
Num-X: 3 ; Num-Y: 8 ; Resolution: 11500 ; Rank: 16 ; Rank-X: 1 ; Rank-Y: 5 ; Rowstart: 7189; Rowend: 8627; Rows: 1438; Colstart: 3834; Colend: 7668; Cols: 3834;
Num-X: 3 ; Num-Y: 8 ; Resolution: 11500 ; Rank: 17 ; Rank-X: 2 ; Rank-Y: 5 ; Rowstart: 7189; Rowend: 8627; Rows: 1438; Colstart: 7667; Colend: 11501; Cols: 3834;
Num-X: 3 ; Num-Y: 8 ; Resolution: 11500 ; Rank: 12 ; Rank-X: 0 ; Rank-Y: 4 ; Rowstart: 5752; Rowend: 7190; Rows: 1438; Colstart: 0; Colend: 3835; Cols: 3835;
Num-X: 3 ; Num-Y: 8 ; Resolution: 11500 ; Rank: 6 ; Rank-X: 0 ; Rank-Y: 2 ; Rowstart: 2876; Rowend: 4315; Rows: 1439; Colstart: 0; Colend: 3835; Cols: 3835;
Num-X: 3 ; Num-Y: 8 ; Resolution: 11500 ; Rank: 3 ; Rank-X: 0 ; Rank-Y: 1 ; Rowstart: 1438; Rowend: 2877; Rows: 1439; Colstart: 0; Colend: 3835; Cols: 3835;
Num-X: 3 ; Num-Y: 8 ; Resolution: 11500 ; Rank: 9 ; Rank-X: 0 ; Rank-Y: 3 ; Rowstart: 4314; Rowend: 5753; Rows: 1439; Colstart: 0; Colend: 3835; Cols: 3835;
Num-X: 3 ; Num-Y: 8 ; Resolution: 11500 ; Rank: 13 ; Rank-X: 1 ; Rank-Y: 4 ; Rowstart: 5752; Rowend: 7190; Rows: 1438; Colstart: 3834; Colend: 7668; Cols: 3834;
Num-X: 3 ; Num-Y: 8 ; Resolution: 11500 ; Rank: 18 ; Rank-X: 0 ; Rank-Y: 6 ; Rowstart: 8626; Rowend: 10064; Rows: 1438; Colstart: 0; Colend: 3835; Cols: 3835;
Num-X: 3 ; Num-Y: 8 ; Resolution: 11500 ; Rank: 10 ; Rank-X: 1 ; Rank-Y: 3 ; Rowstart: 4314; Rowend: 5753; Rows: 1439; Colstart: 3834; Colend: 7668; Cols: 3834;
Num-X: 3 ; Num-Y: 8 ; Resolution: 11500 ; Rank: 5 ; Rank-X: 2 ; Rank-Y: 1 ; Rowstart: 1438; Rowend: 2877; Rows: 1439; Colstart: 7667; Colend: 11501; Cols: 3834;
Num-X: 3 ; Num-Y: 8 ; Resolution: 11500 ; Rank: 7 ; Rank-X: 1 ; Rank-Y: 2 ; Rowstart: 2876; Rowend: 4315; Rows: 1439; Colstart: 3834; Colend: 7668; Cols: 3834;
Num-X: 3 ; Num-Y: 8 ; Resolution: 11500 ; Rank: 15 ; Rank-X: 0 ; Rank-Y: 5 ; Rowstart: 7189; Rowend: 8627; Rows: 1438; Colstart: 0; Colend: 3835; Cols: 3835;
Num-X: 3 ; Num-Y: 8 ; Resolution: 11500 ; Rank: 20 ; Rank-X: 2 ; Rank-Y: 6 ; Rowstart: 8626; Rowend: 10064; Rows: 1438; Colstart: 7667; Colend: 11501; Cols: 3834;
Num-X: 3 ; Num-Y: 8 ; Resolution: 11500 ; Rank: 0 ; Rank-X: 0 ; Rank-Y: 0 ; Rowstart: 0; Rowend: 1439; Rows: 1439; Colstart: 0; Colend: 3835; Cols: 3835;
Num-X: 3 ; Num-Y: 8 ; Resolution: 11500 ; Rank: 22 ; Rank-X: 1 ; Rank-Y: 7 ; Rowstart: 10063; Rowend: 11501; Rows: 1438; Colstart: 3834; Colend: 7668; Cols: 3834;
Num-X: 3 ; Num-Y: 8 ; Resolution: 11500 ; Rank: 1 ; Rank-X: 1 ; Rank-Y: 0 ; Rowstart: 0; Rowend: 1439; Rows: 1439; Colstart: 3834; Colend: 7668; Cols: 3834;
Num-X: 3 ; Num-Y: 8 ; Resolution: 11500 ; Rank: 2 ; Rank-X: 2 ; Rank-Y: 0 ; Rowstart: 0; Rowend: 1439; Rows: 1439; Colstart: 7667; Colend: 11501; Cols: 3834;
Num-X: 3 ; Num-Y: 8 ; Resolution: 11500 ; Rank: 19 ; Rank-X: 1 ; Rank-Y: 6 ; Rowstart: 8626; Rowend: 10064; Rows: 1438; Colstart: 3834; Colend: 7668; Cols: 3834;
Num-X: 3 ; Num-Y: 8 ; Resolution: 11500 ; Rank: 21 ; Rank-X: 0 ; Rank-Y: 7 ; Rowstart: 10063; Rowend: 11501; Rows: 1438; Colstart: 0; Colend: 3835; Cols: 3835;
Num-X: 3 ; Num-Y: 8 ; Resolution: 11500 ; Rank: 23 ; Rank-X: 2 ; Rank-Y: 7 ; Rowstart: 10063; Rowend: 11501; Rows: 1438; Colstart: 7667; Colend: 11501; Cols: 3834;
Num-X: 3 ; Num-Y: 8 ; Resolution: 11500 ; Rank: 11 ; Rank-X: 2 ; Rank-Y: 3 ; Rowstart: 4314; Rowend: 5753; Rows: 1439; Colstart: 7667; Colend: 11501; Cols: 3834;
Num-X: 3 ; Num-Y: 8 ; Resolution: 11500 ; Rank: 8 ; Rank-X: 2 ; Rank-Y: 2 ; Rowstart: 2876; Rowend: 4315; Rows: 1439; Colstart: 7667; Colend: 11501; Cols: 3834;

Resolution: 11500
===================
Execution time: 0.074891
Residual: 5.394301

megaflops:  247225.7
  flop instructions (M):  18515.000

Num-X: 3 ; Num-Y: 8 ; Resolution: 12500 ; Rank: 4 ; Rank-X: 1 ; Rank-Y: 1 ; Rowstart: 1563; Rowend: 3127; Rows: 1564; Colstart: 4167; Colend: 8335; Cols: 4168;
Num-X: 3 ; Num-Y: 8 ; Resolution: 12500 ; Rank: 14 ; Rank-X: 2 ; Rank-Y: 4 ; Rowstart: 6252; Rowend: 7815; Rows: 1563; Colstart: 8334; Colend: 12501; Cols: 4167;
Num-X: 3 ; Num-Y: 8 ; Resolution: 12500 ; Rank: 17 ; Rank-X: 2 ; Rank-Y: 5 ; Rowstart: 7814; Rowend: 9377; Rows: 1563; Colstart: 8334; Colend: 12501; Cols: 4167;
Num-X: 3 ; Num-Y: 8 ; Resolution: 12500 ; Rank: 12 ; Rank-X: 0 ; Rank-Y: 4 ; Rowstart: 6252; Rowend: 7815; Rows: 1563; Colstart: 0; Colend: 4168; Cols: 4168;
Num-X: 3 ; Num-Y: 8 ; Resolution: 12500 ; Rank: 1 ; Rank-X: 1 ; Rank-Y: 0 ; Rowstart: 0; Rowend: 1564; Rows: 1564; Colstart: 4167; Colend: 8335; Cols: 4168;
Num-X: 3 ; Num-Y: 8 ; Resolution: 12500 ; Rank: 18 ; Rank-X: 0 ; Rank-Y: 6 ; Rowstart: 9376; Rowend: 10939; Rows: 1563; Colstart: 0; Colend: 4168; Cols: 4168;
Num-X: 3 ; Num-Y: 8 ; Resolution: 12500 ; Rank: 3 ; Rank-X: 0 ; Rank-Y: 1 ; Rowstart: 1563; Rowend: 3127; Rows: 1564; Colstart: 0; Colend: 4168; Cols: 4168;
Num-X: 3 ; Num-Y: 8 ; Resolution: 12500 ; Rank: 2 ; Rank-X: 2 ; Rank-Y: 0 ; Rowstart: 0; Rowend: 1564; Rows: 1564; Colstart: 8334; Colend: 12501; Cols: 4167;
Num-X: 3 ; Num-Y: 8 ; Resolution: 12500 ; Rank: 0 ; Rank-X: 0 ; Rank-Y: 0 ; Rowstart: 0; Rowend: 1564; Rows: 1564; Colstart: 0; Colend: 4168; Cols: 4168;
Num-X: 3 ; Num-Y: 8 ; Resolution: 12500 ; Rank: 13 ; Rank-X: 1 ; Rank-Y: 4 ; Rowstart: 6252; Rowend: 7815; Rows: 1563; Colstart: 4167; Colend: 8335; Cols: 4168;
Num-X: 3 ; Num-Y: 8 ; Resolution: 12500 ; Rank: 5 ; Rank-X: 2 ; Rank-Y: 1 ; Rowstart: 1563; Rowend: 3127; Rows: 1564; Colstart: 8334; Colend: 12501; Cols: 4167;
Num-X: 3 ; Num-Y: 8 ; Resolution: 12500 ; Rank: 15 ; Rank-X: 0 ; Rank-Y: 5 ; Rowstart: 7814; Rowend: 9377; Rows: 1563; Colstart: 0; Colend: 4168; Cols: 4168;
Num-X: 3 ; Num-Y: 8 ; Resolution: 12500 ; Rank: 16 ; Rank-X: 1 ; Rank-Y: 5 ; Rowstart: 7814; Rowend: 9377; Rows: 1563; Colstart: 4167; Colend: 8335; Cols: 4168;
Num-X: 3 ; Num-Y: 8 ; Resolution: 12500 ; Rank: 22 ; Rank-X: 1 ; Rank-Y: 7 ; Rowstart: 10938; Rowend: 12501; Rows: 1563; Colstart: 4167; Colend: 8335; Cols: 4168;
Num-X: 3 ; Num-Y: 8 ; Resolution: 12500 ; Rank: 20 ; Rank-X: 2 ; Rank-Y: 6 ; Rowstart: 9376; Rowend: 10939; Rows: 1563; Colstart: 8334; Colend: 12501; Cols: 4167;
Num-X: 3 ; Num-Y: 8 ; Resolution: 12500 ; Rank: 19 ; Rank-X: 1 ; Rank-Y: 6 ; Rowstart: 9376; Rowend: 10939; Rows: 1563; Colstart: 4167; Colend: 8335; Cols: 4168;
Num-X: 3 ; Num-Y: 8 ; Resolution: 12500 ; Rank: 21 ; Rank-X: 0 ; Rank-Y: 7 ; Rowstart: 10938; Rowend: 12501; Rows: 1563; Colstart: 0; Colend: 4168; Cols: 4168;
Num-X: 3 ; Num-Y: 8 ; Resolution: 12500 ; Rank: 23 ; Rank-X: 2 ; Rank-Y: 7 ; Rowstart: 10938; Rowend: 12501; Rows: 1563; Colstart: 8334; Colend: 12501; Cols: 4167;
Num-X: 3 ; Num-Y: 8 ; Resolution: 12500 ; Rank: 6 ; Rank-X: 0 ; Rank-Y: 2 ; Rowstart: 3126; Rowend: 4690; Rows: 1564; Colstart: 0; Colend: 4168; Cols: 4168;
Num-X: 3 ; Num-Y: 8 ; Resolution: 12500 ; Rank: 7 ; Rank-X: 1 ; Rank-Y: 2 ; Rowstart: 3126; Rowend: 4690; Rows: 1564; Colstart: 4167; Colend: 8335; Cols: 4168;
Num-X: 3 ; Num-Y: 8 ; Resolution: 12500 ; Rank: 8 ; Rank-X: 2 ; Rank-Y: 2 ; Rowstart: 3126; Rowend: 4690; Rows: 1564; Colstart: 8334; Colend: 12501; Cols: 4167;
Num-X: 3 ; Num-Y: 8 ; Resolution: 12500 ; Rank: 9 ; Rank-X: 0 ; Rank-Y: 3 ; Rowstart: 4689; Rowend: 6253; Rows: 1564; Colstart: 0; Colend: 4168; Cols: 4168;
Num-X: 3 ; Num-Y: 8 ; Resolution: 12500 ; Rank: 10 ; Rank-X: 1 ; Rank-Y: 3 ; Rowstart: 4689; Rowend: 6253; Rows: 1564; Colstart: 4167; Colend: 8335; Cols: 4168;
Num-X: 3 ; Num-Y: 8 ; Resolution: 12500 ; Rank: 11 ; Rank-X: 2 ; Rank-Y: 3 ; Rowstart: 4689; Rowend: 6253; Rows: 1564; Colstart: 8334; Colend: 12501; Cols: 4167;

Resolution: 12500
===================
Execution time: 0.089339
Residual: 5.863330

megaflops:  244853.8
  flop instructions (M):  21875.000
