mpiexec -genv I_MPI_DEBUG=4 -genv OMP_NUM_THREADS=12 -genv I_MPI_PIN_DOMAIN=omp -n 16 ./heat test.dat 8 2
[0] MPI startup(): Intel(R) MPI Library, Version 2019 Update 8  Build 20200624 (id: 4f16ad915)
[0] MPI startup(): Copyright (C) 2003-2020 Intel Corporation.  All rights reserved.
[0] MPI startup(): library kind: release
[0] MPI startup(): libfabric version: 1.10.1-impi
[0] MPI startup(): libfabric provider: psm2
[0] MPI startup(): Rank    Pid      Node name     Pin cpu
[0] MPI startup(): 0       2376322  i01r01c02s09  {0,1,2,3,4,5,48,49,50,51,52,53}
[0] MPI startup(): 1       2376323  i01r01c02s09  {6,7,8,9,10,11,54,55,56,57,58,59}
[0] MPI startup(): 2       2376324  i01r01c02s09  {24,25,26,27,28,29,72,73,74,75,76,77}
[0] MPI startup(): 3       2376325  i01r01c02s09  {30,31,32,33,34,35,78,79,80,81,82,83}
[0] MPI startup(): 4       173014   i01r01c02s10  {0,1,2,3,4,5,48,49,50,51,52,53}
[0] MPI startup(): 5       173015   i01r01c02s10  {6,7,8,9,10,11,54,55,56,57,58,59}
[0] MPI startup(): 6       173016   i01r01c02s10  {24,25,26,27,28,29,72,73,74,75,76,77}
[0] MPI startup(): 7       173017   i01r01c02s10  {30,31,32,33,34,35,78,79,80,81,82,83}
[0] MPI startup(): 8       1975464  i01r01c02s11  {0,1,2,3,4,5,48,49,50,51,52,53}
[0] MPI startup(): 9       1975465  i01r01c02s11  {6,7,8,9,10,11,54,55,56,57,58,59}
[0] MPI startup(): 10      1975466  i01r01c02s11  {24,25,26,27,28,29,72,73,74,75,76,77}
[0] MPI startup(): 11      1975467  i01r01c02s11  {30,31,32,33,34,35,78,79,80,81,82,83}
[0] MPI startup(): 12      2450504  i01r01c02s12  {0,1,2,3,4,5,48,49,50,51,52,53}
[0] MPI startup(): 13      2450505  i01r01c02s12  {6,7,8,9,10,11,54,55,56,57,58,59}
[0] MPI startup(): 14      2450506  i01r01c02s12  {24,25,26,27,28,29,72,73,74,75,76,77}
[0] MPI startup(): 15      2450507  i01r01c02s12  {30,31,32,33,34,35,78,79,80,81,82,83}

8 processes distributed in X-direction
 2 ; processes distributed in Y-direction

Executing each MPI process in 12 OMP threads.
Resolutions       : (4500, 5500, ... 12500)
Iterations        : 20
Num. Heat sources : 2
   1: (0.00, 0.00) 1.00 1.00 
   2: (1.00, 1.00) 1.00 0.50 
rank= 8 coords= 4 0 neighbours(up,down,left,right)= 6 10 -1 9
rank= 12 coords= 6 0 neighbours(up,down,left,right)= 10 14 -1 13
rank= 4 coords= 2 0 neighbours(up,down,left,right)= 2 6 -1 5
rank= 0 coords= 0 0 neighbours(up,down,left,right)= -1 2 -1 1
rank= 9 coords= 4 1 neighbours(up,down,left,right)= 7 11 8 -1
rank= 13 coords= 6 1 neighbours(up,down,left,right)= 11 15 12 -1
rank= 5 coords= 2 1 neighbours(up,down,left,right)= 3 7 4 -1
rank= 1 coords= 0 1 neighbours(up,down,left,right)= -1 3 0 -1
rank= 10 coords= 5 0 neighbours(up,down,left,right)= 8 12 -1 11
rank= 14 coords= 7 0 neighbours(up,down,left,right)= 12 -1 -1 15
rank= 6 coords= 3 0 neighbours(up,down,left,right)= 4 8 -1 7
rank= 2 coords= 1 0 neighbours(up,down,left,right)= 0 4 -1 3
rank= 11 coords= 5 1 neighbours(up,down,left,right)= 9 13 10 -1
rank= 15 coords= 7 1 neighbours(up,down,left,right)= 13 -1 14 -1
rank= 7 coords= 3 1 neighbours(up,down,left,right)= 5 9 6 -1
rank= 3 coords= 1 1 neighbours(up,down,left,right)= 1 5 2 -1

Num-X: 2 ; Num-Y: 8 ; Resolution: 4500 ; Rank: 7 ; Rank-X: 1 ; Rank-Y: 3 ; Rowstart: 1689; Rowend: 2253; Rows: 564; Colstart: 2250; Colend: 4501; Cols: 2251;
Num-X: 2 ; Num-Y: 8 ; Resolution: 4500 ; Rank: 4 ; Rank-X: 0 ; Rank-Y: 2 ; Rowstart: 1126; Rowend: 1690; Rows: 564; Colstart: 0; Colend: 2251; Cols: 2251;
Num-X: 2 ; Num-Y: 8 ; Resolution: 4500 ; Rank: 6 ; Rank-X: 0 ; Rank-Y: 3 ; Rowstart: 1689; Rowend: 2253; Rows: 564; Colstart: 0; Colend: 2251; Cols: 2251;
Num-X: 2 ; Num-Y: 8 ; Resolution: 4500 ; Rank: 5 ; Rank-X: 1 ; Rank-Y: 2 ; Rowstart: 1126; Rowend: 1690; Rows: 564; Colstart: 2250; Colend: 4501; Cols: 2251;
Num-X: 2 ; Num-Y: 8 ; Resolution: 4500 ; Rank: 13 ; Rank-X: 1 ; Rank-Y: 6 ; Rowstart: 3376; Rowend: 3939; Rows: 563; Colstart: 2250; Colend: 4501; Cols: 2251;
Num-X: 2 ; Num-Y: 8 ; Resolution: 4500 ; Rank: 12 ; Rank-X: 0 ; Rank-Y: 6 ; Rowstart: 3376; Rowend: 3939; Rows: 563; Colstart: 0; Colend: 2251; Cols: 2251;
Num-X: 2 ; Num-Y: 8 ; Resolution: 4500 ; Rank: 1 ; Rank-X: 1 ; Rank-Y: 0 ; Rowstart: 0; Rowend: 564; Rows: 564; Colstart: 2250; Colend: 4501; Cols: 2251;
Num-X: 2 ; Num-Y: 8 ; Resolution: 4500 ; Rank: 8 ; Rank-X: 0 ; Rank-Y: 4 ; Rowstart: 2252; Rowend: 2815; Rows: 563; Colstart: 0; Colend: 2251; Cols: 2251;
Num-X: 2 ; Num-Y: 8 ; Resolution: 4500 ; Rank: 14 ; Rank-X: 0 ; Rank-Y: 7 ; Rowstart: 3938; Rowend: 4501; Rows: 563; Colstart: 0; Colend: 2251; Cols: 2251;
Num-X: 2 ; Num-Y: 8 ; Resolution: 4500 ; Rank: 2 ; Rank-X: 0 ; Rank-Y: 1 ; Rowstart: 563; Rowend: 1127; Rows: 564; Colstart: 0; Colend: 2251; Cols: 2251;
Num-X: 2 ; Num-Y: 8 ; Resolution: 4500 ; Rank: 10 ; Rank-X: 0 ; Rank-Y: 5 ; Rowstart: 2814; Rowend: 3377; Rows: 563; Colstart: 0; Colend: 2251; Cols: 2251;
Num-X: 2 ; Num-Y: 8 ; Resolution: 4500 ; Rank: 15 ; Rank-X: 1 ; Rank-Y: 7 ; Rowstart: 3938; Rowend: 4501; Rows: 563; Colstart: 2250; Colend: 4501; Cols: 2251;
Num-X: 2 ; Num-Y: 8 ; Resolution: 4500 ; Rank: 0 ; Rank-X: 0 ; Rank-Y: 0 ; Rowstart: 0; Rowend: 564; Rows: 564; Colstart: 0; Colend: 2251; Cols: 2251;
Num-X: 2 ; Num-Y: 8 ; Resolution: 4500 ; Rank: 9 ; Rank-X: 1 ; Rank-Y: 4 ; Rowstart: 2252; Rowend: 2815; Rows: 563; Colstart: 2250; Colend: 4501; Cols: 2251;
Num-X: 2 ; Num-Y: 8 ; Resolution: 4500 ; Rank: 11 ; Rank-X: 1 ; Rank-Y: 5 ; Rowstart: 2814; Rowend: 3377; Rows: 563; Colstart: 2250; Colend: 4501; Cols: 2251;
Num-X: 2 ; Num-Y: 8 ; Resolution: 4500 ; Rank: 3 ; Rank-X: 1 ; Rank-Y: 1 ; Rowstart: 563; Rowend: 1127; Rows: 564; Colstart: 2250; Colend: 4501; Cols: 2251;

Resolution: 4500
===================
Execution time: 0.006670
Residual: 2.111093

megaflops:  425037.6
  flop instructions (M):  2835.000

Num-X: 2 ; Num-Y: 8 ; Resolution: 5500 ; Rank: 2 ; Rank-X: 0 ; Rank-Y: 1 ; Rowstart: 688; Rowend: 1377; Rows: 689; Colstart: 0; Colend: 2751; Cols: 2751;
Num-X: 2 ; Num-Y: 8 ; Resolution: 5500 ; Rank: 1 ; Rank-X: 1 ; Rank-Y: 0 ; Rowstart: 0; Rowend: 689; Rows: 689; Colstart: 2750; Colend: 5501; Cols: 2751;
Num-X: 2 ; Num-Y: 8 ; Resolution: 5500 ; Rank: 3 ; Rank-X: 1 ; Rank-Y: 1 ; Rowstart: 688; Rowend: 1377; Rows: 689; Colstart: 2750; Colend: 5501; Cols: 2751;
Num-X: 2 ; Num-Y: 8 ; Resolution: 5500 ; Rank: 8 ; Rank-X: 0 ; Rank-Y: 4 ; Rowstart: 2752; Rowend: 3440; Rows: 688; Colstart: 0; Colend: 2751; Cols: 2751;
Num-X: 2 ; Num-Y: 8 ; Resolution: 5500 ; Rank: 11 ; Rank-X: 1 ; Rank-Y: 5 ; Rowstart: 3439; Rowend: 4127; Rows: 688; Colstart: 2750; Colend: 5501; Cols: 2751;
Num-X: 2 ; Num-Y: 8 ; Resolution: 5500 ; Rank: 13 ; Rank-X: 1 ; Rank-Y: 6 ; Rowstart: 4126; Rowend: 4814; Rows: 688; Colstart: 2750; Colend: 5501; Cols: 2751;
Num-X: 2 ; Num-Y: 8 ; Resolution: 5500 ; Rank: 9 ; Rank-X: 1 ; Rank-Y: 4 ; Rowstart: 2752; Rowend: 3440; Rows: 688; Colstart: 2750; Colend: 5501; Cols: 2751;
Num-X: 2 ; Num-Y: 8 ; Resolution: 5500 ; Rank: 12 ; Rank-X: 0 ; Rank-Y: 6 ; Rowstart: 4126; Rowend: 4814; Rows: 688; Colstart: 0; Colend: 2751; Cols: 2751;
Num-X: 2 ; Num-Y: 8 ; Resolution: 5500 ; Rank: 15 ; Rank-X: 1 ; Rank-Y: 7 ; Rowstart: 4813; Rowend: 5501; Rows: 688; Colstart: 2750; Colend: 5501; Cols: 2751;
Num-X: 2 ; Num-Y: 8 ; Resolution: 5500 ; Rank: 14 ; Rank-X: 0 ; Rank-Y: 7 ; Rowstart: 4813; Rowend: 5501; Rows: 688; Colstart: 0; Colend: 2751; Cols: 2751;
Num-X: 2 ; Num-Y: 8 ; Resolution: 5500 ; Rank: 7 ; Rank-X: 1 ; Rank-Y: 3 ; Rowstart: 2064; Rowend: 2753; Rows: 689; Colstart: 2750; Colend: 5501; Cols: 2751;
Num-X: 2 ; Num-Y: 8 ; Resolution: 5500 ; Rank: 0 ; Rank-X: 0 ; Rank-Y: 0 ; Rowstart: 0; Rowend: 689; Rows: 689; Colstart: 0; Colend: 2751; Cols: 2751;
Num-X: 2 ; Num-Y: 8 ; Resolution: 5500 ; Rank: 10 ; Rank-X: 0 ; Rank-Y: 5 ; Rowstart: 3439; Rowend: 4127; Rows: 688; Colstart: 0; Colend: 2751; Cols: 2751;
Num-X: 2 ; Num-Y: 8 ; Resolution: 5500 ; Rank: 5 ; Rank-X: 1 ; Rank-Y: 2 ; Rowstart: 1376; Rowend: 2065; Rows: 689; Colstart: 2750; Colend: 5501; Cols: 2751;
Num-X: 2 ; Num-Y: 8 ; Resolution: 5500 ; Rank: 4 ; Rank-X: 0 ; Rank-Y: 2 ; Rowstart: 1376; Rowend: 2065; Rows: 689; Colstart: 0; Colend: 2751; Cols: 2751;
Num-X: 2 ; Num-Y: 8 ; Resolution: 5500 ; Rank: 6 ; Rank-X: 0 ; Rank-Y: 3 ; Rowstart: 2064; Rowend: 2753; Rows: 689; Colstart: 0; Colend: 2751; Cols: 2751;

Resolution: 5500
===================
Execution time: 0.012295
Residual: 2.580124

megaflops:  344448.7
  flop instructions (M):  4235.000

Num-X: 2 ; Num-Y: 8 ; Resolution: 6500 ; Rank: 10 ; Rank-X: 0 ; Rank-Y: 5 ; Rowstart: 4064; Rowend: 4877; Rows: 813; Colstart: 0; Colend: 3251; Cols: 3251;
Num-X: 2 ; Num-Y: 8 ; Resolution: 6500 ; Rank: 2 ; Rank-X: 0 ; Rank-Y: 1 ; Rowstart: 813; Rowend: 1627; Rows: 814; Colstart: 0; Colend: 3251; Cols: 3251;
Num-X: 2 ; Num-Y: 8 ; Resolution: 6500 ; Rank: 11 ; Rank-X: 1 ; Rank-Y: 5 ; Rowstart: 4064; Rowend: 4877; Rows: 813; Colstart: 3250; Colend: 6501; Cols: 3251;
Num-X: 2 ; Num-Y: 8 ; Resolution: 6500 ; Rank: 15 ; Rank-X: 1 ; Rank-Y: 7 ; Rowstart: 5688; Rowend: 6501; Rows: 813; Colstart: 3250; Colend: 6501; Cols: 3251;
Num-X: 2 ; Num-Y: 8 ; Resolution: 6500 ; Rank: 3 ; Rank-X: 1 ; Rank-Y: 1 ; Rowstart: 813; Rowend: 1627; Rows: 814; Colstart: 3250; Colend: 6501; Cols: 3251;
Num-X: 2 ; Num-Y: 8 ; Resolution: 6500 ; Rank: 9 ; Rank-X: 1 ; Rank-Y: 4 ; Rowstart: 3252; Rowend: 4065; Rows: 813; Colstart: 3250; Colend: 6501; Cols: 3251;
Num-X: 2 ; Num-Y: 8 ; Resolution: 6500 ; Rank: 13 ; Rank-X: 1 ; Rank-Y: 6 ; Rowstart: 4876; Rowend: 5689; Rows: 813; Colstart: 3250; Colend: 6501; Cols: 3251;
Num-X: 2 ; Num-Y: 8 ; Resolution: 6500 ; Rank: 4 ; Rank-X: 0 ; Rank-Y: 2 ; Rowstart: 1626; Rowend: 2440; Rows: 814; Colstart: 0; Colend: 3251; Cols: 3251;
Num-X: 2 ; Num-Y: 8 ; Resolution: 6500 ; Rank: 0 ; Rank-X: 0 ; Rank-Y: 0 ; Rowstart: 0; Rowend: 814; Rows: 814; Colstart: 0; Colend: 3251; Cols: 3251;
Num-X: 2 ; Num-Y: 8 ; Resolution: 6500 ; Rank: 5 ; Rank-X: 1 ; Rank-Y: 2 ; Rowstart: 1626; Rowend: 2440; Rows: 814; Colstart: 3250; Colend: 6501; Cols: 3251;
Num-X: 2 ; Num-Y: 8 ; Resolution: 6500 ; Rank: 6 ; Rank-X: 0 ; Rank-Y: 3 ; Rowstart: 2439; Rowend: 3253; Rows: 814; Colstart: 0; Colend: 3251; Cols: 3251;
Num-X: 2 ; Num-Y: 8 ; Resolution: 6500 ; Rank: 1 ; Rank-X: 1 ; Rank-Y: 0 ; Rowstart: 0; Rowend: 814; Rows: 814; Colstart: 3250; Colend: 6501; Cols: 3251;
Num-X: 2 ; Num-Y: 8 ; Resolution: 6500 ; Rank: 8 ; Rank-X: 0 ; Rank-Y: 4 ; Rowstart: 3252; Rowend: 4065; Rows: 813; Colstart: 0; Colend: 3251; Cols: 3251;
Num-X: 2 ; Num-Y: 8 ; Resolution: 6500 ; Rank: 14 ; Rank-X: 0 ; Rank-Y: 7 ; Rowstart: 5688; Rowend: 6501; Rows: 813; Colstart: 0; Colend: 3251; Cols: 3251;
Num-X: 2 ; Num-Y: 8 ; Resolution: 6500 ; Rank: 12 ; Rank-X: 0 ; Rank-Y: 6 ; Rowstart: 4876; Rowend: 5689; Rows: 813; Colstart: 0; Colend: 3251; Cols: 3251;
Num-X: 2 ; Num-Y: 8 ; Resolution: 6500 ; Rank: 7 ; Rank-X: 1 ; Rank-Y: 3 ; Rowstart: 2439; Rowend: 3253; Rows: 814; Colstart: 3250; Colend: 6501; Cols: 3251;

Resolution: 6500
===================
Execution time: 0.020586
Residual: 3.049154

megaflops:  287331.0
  flop instructions (M):  5915.000

Num-X: 2 ; Num-Y: 8 ; Resolution: 7500 ; Rank: 8 ; Rank-X: 0 ; Rank-Y: 4 ; Rowstart: 3752; Rowend: 4690; Rows: 938; Colstart: 0; Colend: 3751; Cols: 3751;
Num-X: 2 ; Num-Y: 8 ; Resolution: 7500 ; Rank: 12 ; Rank-X: 0 ; Rank-Y: 6 ; Rowstart: 5626; Rowend: 6564; Rows: 938; Colstart: 0; Colend: 3751; Cols: 3751;
Num-X: 2 ; Num-Y: 8 ; Resolution: 7500 ; Rank: 1 ; Rank-X: 1 ; Rank-Y: 0 ; Rowstart: 0; Rowend: 939; Rows: 939; Colstart: 3750; Colend: 7501; Cols: 3751;
Num-X: 2 ; Num-Y: 8 ; Resolution: 7500 ; Rank: 14 ; Rank-X: 0 ; Rank-Y: 7 ; Rowstart: 6563; Rowend: 7501; Rows: 938; Colstart: 0; Colend: 3751; Cols: 3751;
Num-X: 2 ; Num-Y: 8 ; Resolution: 7500 ; Rank: 9 ; Rank-X: 1 ; Rank-Y: 4 ; Rowstart: 3752; Rowend: 4690; Rows: 938; Colstart: 3750; Colend: 7501; Cols: 3751;
Num-X: 2 ; Num-Y: 8 ; Resolution: 7500 ; Rank: 7 ; Rank-X: 1 ; Rank-Y: 3 ; Rowstart: 2814; Rowend: 3753; Rows: 939; Colstart: 3750; Colend: 7501; Cols: 3751;
Num-X: 2 ; Num-Y: 8 ; Resolution: 7500 ; Rank: 3 ; Rank-X: 1 ; Rank-Y: 1 ; Rowstart: 938; Rowend: 1877; Rows: 939; Colstart: 3750; Colend: 7501; Cols: 3751;
Num-X: 2 ; Num-Y: 8 ; Resolution: 7500 ; Rank: 2 ; Rank-X: 0 ; Rank-Y: 1 ; Rowstart: 938; Rowend: 1877; Rows: 939; Colstart: 0; Colend: 3751; Cols: 3751;
Num-X: 2 ; Num-Y: 8 ; Resolution: 7500 ; Rank: 11 ; Rank-X: 1 ; Rank-Y: 5 ; Rowstart: 4689; Rowend: 5627; Rows: 938; Colstart: 3750; Colend: 7501; Cols: 3751;
Num-X: 2 ; Num-Y: 8 ; Resolution: 7500 ; Rank: 0 ; Rank-X: 0 ; Rank-Y: 0 ; Rowstart: 0; Rowend: 939; Rows: 939; Colstart: 0; Colend: 3751; Cols: 3751;
Num-X: 2 ; Num-Y: 8 ; Resolution: 7500 ; Rank: 10 ; Rank-X: 0 ; Rank-Y: 5 ; Rowstart: 4689; Rowend: 5627; Rows: 938; Colstart: 0; Colend: 3751; Cols: 3751;
Num-X: 2 ; Num-Y: 8 ; Resolution: 7500 ; Rank: 4 ; Rank-X: 0 ; Rank-Y: 2 ; Rowstart: 1876; Rowend: 2815; Rows: 939; Colstart: 0; Colend: 3751; Cols: 3751;
Num-X: 2 ; Num-Y: 8 ; Resolution: 7500 ; Rank: 5 ; Rank-X: 1 ; Rank-Y: 2 ; Rowstart: 1876; Rowend: 2815; Rows: 939; Colstart: 3750; Colend: 7501; Cols: 3751;
Num-X: 2 ; Num-Y: 8 ; Resolution: 7500 ; Rank: 13 ; Rank-X: 1 ; Rank-Y: 6 ; Rowstart: 5626; Rowend: 6564; Rows: 938; Colstart: 3750; Colend: 7501; Cols: 3751;
Num-X: 2 ; Num-Y: 8 ; Resolution: 7500 ; Rank: 6 ; Rank-X: 0 ; Rank-Y: 3 ; Rowstart: 2814; Rowend: 3753; Rows: 939; Colstart: 0; Colend: 3751; Cols: 3751;
Num-X: 2 ; Num-Y: 8 ; Resolution: 7500 ; Rank: 15 ; Rank-X: 1 ; Rank-Y: 7 ; Rowstart: 6563; Rowend: 7501; Rows: 938; Colstart: 3750; Colend: 7501; Cols: 3751;

Resolution: 7500
===================
Execution time: 0.028438
Residual: 3.518183

megaflops:  276919.6
  flop instructions (M):  7875.000

Num-X: 2 ; Num-Y: 8 ; Resolution: 8500 ; Rank: 9 ; Rank-X: 1 ; Rank-Y: 4 ; Rowstart: 4252; Rowend: 5315; Rows: 1063; Colstart: 4250; Colend: 8501; Cols: 4251;
Num-X: 2 ; Num-Y: 8 ; Resolution: 8500 ; Rank: 3 ; Rank-X: 1 ; Rank-Y: 1 ; Rowstart: 1063; Rowend: 2127; Rows: 1064; Colstart: 4250; Colend: 8501; Cols: 4251;
Num-X: 2 ; Num-Y: 8 ; Resolution: 8500 ; Rank: 8 ; Rank-X: 0 ; Rank-Y: 4 ; Rowstart: 4252; Rowend: 5315; Rows: 1063; Colstart: 0; Colend: 4251; Cols: 4251;
Num-X: 2 ; Num-Y: 8 ; Resolution: 8500 ; Rank: 1 ; Rank-X: 1 ; Rank-Y: 0 ; Rowstart: 0; Rowend: 1064; Rows: 1064; Colstart: 4250; Colend: 8501; Cols: 4251;
Num-X: 2 ; Num-Y: 8 ; Resolution: 8500 ; Rank: 13 ; Rank-X: 1 ; Rank-Y: 6 ; Rowstart: 6376; Rowend: 7439; Rows: 1063; Colstart: 4250; Colend: 8501; Cols: 4251;
Num-X: 2 ; Num-Y: 8 ; Resolution: 8500 ; Rank: 7 ; Rank-X: 1 ; Rank-Y: 3 ; Rowstart: 3189; Rowend: 4253; Rows: 1064; Colstart: 4250; Colend: 8501; Cols: 4251;
Num-X: 2 ; Num-Y: 8 ; Resolution: 8500 ; Rank: 6 ; Rank-X: 0 ; Rank-Y: 3 ; Rowstart: 3189; Rowend: 4253; Rows: 1064; Colstart: 0; Colend: 4251; Cols: 4251;
Num-X: 2 ; Num-Y: 8 ; Resolution: 8500 ; Rank: 4 ; Rank-X: 0 ; Rank-Y: 2 ; Rowstart: 2126; Rowend: 3190; Rows: 1064; Colstart: 0; Colend: 4251; Cols: 4251;
Num-X: 2 ; Num-Y: 8 ; Resolution: 8500 ; Rank: 0 ; Rank-X: 0 ; Rank-Y: 0 ; Rowstart: 0; Rowend: 1064; Rows: 1064; Colstart: 0; Colend: 4251; Cols: 4251;
Num-X: 2 ; Num-Y: 8 ; Resolution: 8500 ; Rank: 10 ; Rank-X: 0 ; Rank-Y: 5 ; Rowstart: 5314; Rowend: 6377; Rows: 1063; Colstart: 0; Colend: 4251; Cols: 4251;
Num-X: 2 ; Num-Y: 8 ; Resolution: 8500 ; Rank: 11 ; Rank-X: 1 ; Rank-Y: 5 ; Rowstart: 5314; Rowend: 6377; Rows: 1063; Colstart: 4250; Colend: 8501; Cols: 4251;
Num-X: 2 ; Num-Y: 8 ; Resolution: 8500 ; Rank: 14 ; Rank-X: 0 ; Rank-Y: 7 ; Rowstart: 7438; Rowend: 8501; Rows: 1063; Colstart: 0; Colend: 4251; Cols: 4251;
Num-X: 2 ; Num-Y: 8 ; Resolution: 8500 ; Rank: 12 ; Rank-X: 0 ; Rank-Y: 6 ; Rowstart: 6376; Rowend: 7439; Rows: 1063; Colstart: 0; Colend: 4251; Cols: 4251;
Num-X: 2 ; Num-Y: 8 ; Resolution: 8500 ; Rank: 5 ; Rank-X: 1 ; Rank-Y: 2 ; Rowstart: 2126; Rowend: 3190; Rows: 1064; Colstart: 4250; Colend: 8501; Cols: 4251;
Num-X: 2 ; Num-Y: 8 ; Resolution: 8500 ; Rank: 2 ; Rank-X: 0 ; Rank-Y: 1 ; Rowstart: 1063; Rowend: 2127; Rows: 1064; Colstart: 0; Colend: 4251; Cols: 4251;
Num-X: 2 ; Num-Y: 8 ; Resolution: 8500 ; Rank: 15 ; Rank-X: 1 ; Rank-Y: 7 ; Rowstart: 7438; Rowend: 8501; Rows: 1063; Colstart: 4250; Colend: 8501; Cols: 4251;

Resolution: 8500
===================
Execution time: 0.038442
Residual: 3.987213

megaflops:  263124.4
  flop instructions (M):  10115.000

Num-X: 2 ; Num-Y: 8 ; Resolution: 9500 ; Rank: 1 ; Rank-X: 1 ; Rank-Y: 0 ; Rowstart: 0; Rowend: 1189; Rows: 1189; Colstart: 4750; Colend: 9501; Cols: 4751;
Num-X: 2 ; Num-Y: 8 ; Resolution: 9500 ; Rank: 8 ; Rank-X: 0 ; Rank-Y: 4 ; Rowstart: 4752; Rowend: 5940; Rows: 1188; Colstart: 0; Colend: 4751; Cols: 4751;
Num-X: 2 ; Num-Y: 8 ; Resolution: 9500 ; Rank: 9 ; Rank-X: 1 ; Rank-Y: 4 ; Rowstart: 4752; Rowend: 5940; Rows: 1188; Colstart: 4750; Colend: 9501; Cols: 4751;
Num-X: 2 ; Num-Y: 8 ; Resolution: 9500 ; Rank: 2 ; Rank-X: 0 ; Rank-Y: 1 ; Rowstart: 1188; Rowend: 2377; Rows: 1189; Colstart: 0; Colend: 4751; Cols: 4751;
Num-X: 2 ; Num-Y: 8 ; Resolution: 9500 ; Rank: 12 ; Rank-X: 0 ; Rank-Y: 6 ; Rowstart: 7126; Rowend: 8314; Rows: 1188; Colstart: 0; Colend: 4751; Cols: 4751;
Num-X: 2 ; Num-Y: 8 ; Resolution: 9500 ; Rank: 3 ; Rank-X: 1 ; Rank-Y: 1 ; Rowstart: 1188; Rowend: 2377; Rows: 1189; Colstart: 4750; Colend: 9501; Cols: 4751;
Num-X: 2 ; Num-Y: 8 ; Resolution: 9500 ; Rank: 14 ; Rank-X: 0 ; Rank-Y: 7 ; Rowstart: 8313; Rowend: 9501; Rows: 1188; Colstart: 0; Colend: 4751; Cols: 4751;
Num-X: 2 ; Num-Y: 8 ; Resolution: 9500 ; Rank: 7 ; Rank-X: 1 ; Rank-Y: 3 ; Rowstart: 3564; Rowend: 4753; Rows: 1189; Colstart: 4750; Colend: 9501; Cols: 4751;
Num-X: 2 ; Num-Y: 8 ; Resolution: 9500 ; Rank: 0 ; Rank-X: 0 ; Rank-Y: 0 ; Rowstart: 0; Rowend: 1189; Rows: 1189; Colstart: 0; Colend: 4751; Cols: 4751;
Num-X: 2 ; Num-Y: 8 ; Resolution: 9500 ; Rank: 11 ; Rank-X: 1 ; Rank-Y: 5 ; Rowstart: 5939; Rowend: 7127; Rows: 1188; Colstart: 4750; Colend: 9501; Cols: 4751;
Num-X: 2 ; Num-Y: 8 ; Resolution: 9500 ; Rank: 10 ; Rank-X: 0 ; Rank-Y: 5 ; Rowstart: 5939; Rowend: 7127; Rows: 1188; Colstart: 0; Colend: 4751; Cols: 4751;
Num-X: 2 ; Num-Y: 8 ; Resolution: 9500 ; Rank: 5 ; Rank-X: 1 ; Rank-Y: 2 ; Rowstart: 2376; Rowend: 3565; Rows: 1189; Colstart: 4750; Colend: 9501; Cols: 4751;
Num-X: 2 ; Num-Y: 8 ; Resolution: 9500 ; Rank: 15 ; Rank-X: 1 ; Rank-Y: 7 ; Rowstart: 8313; Rowend: 9501; Rows: 1188; Colstart: 4750; Colend: 9501; Cols: 4751;
Num-X: 2 ; Num-Y: 8 ; Resolution: 9500 ; Rank: 6 ; Rank-X: 0 ; Rank-Y: 3 ; Rowstart: 3564; Rowend: 4753; Rows: 1189; Colstart: 0; Colend: 4751; Cols: 4751;
Num-X: 2 ; Num-Y: 8 ; Resolution: 9500 ; Rank: 4 ; Rank-X: 0 ; Rank-Y: 2 ; Rowstart: 2376; Rowend: 3565; Rows: 1189; Colstart: 0; Colend: 4751; Cols: 4751;
Num-X: 2 ; Num-Y: 8 ; Resolution: 9500 ; Rank: 13 ; Rank-X: 1 ; Rank-Y: 6 ; Rowstart: 7126; Rowend: 8314; Rows: 1188; Colstart: 4750; Colend: 9501; Cols: 4751;

Resolution: 9500
===================
Execution time: 0.049982
Residual: 4.456242

megaflops:  252790.6
  flop instructions (M):  12635.000

Num-X: 2 ; Num-Y: 8 ; Resolution: 10500 ; Rank: 8 ; Rank-X: 0 ; Rank-Y: 4 ; Rowstart: 5252; Rowend: 6565; Rows: 1313; Colstart: 0; Colend: 5251; Cols: 5251;
Num-X: 2 ; Num-Y: 8 ; Resolution: 10500 ; Rank: 13 ; Rank-X: 1 ; Rank-Y: 6 ; Rowstart: 7876; Rowend: 9189; Rows: 1313; Colstart: 5250; Colend: 10501; Cols: 5251;
Num-X: 2 ; Num-Y: 8 ; Resolution: 10500 ; Rank: 12 ; Rank-X: 0 ; Rank-Y: 6 ; Rowstart: 7876; Rowend: 9189; Rows: 1313; Colstart: 0; Colend: 5251; Cols: 5251;
Num-X: 2 ; Num-Y: 8 ; Resolution: 10500 ; Rank: 11 ; Rank-X: 1 ; Rank-Y: 5 ; Rowstart: 6564; Rowend: 7877; Rows: 1313; Colstart: 5250; Colend: 10501; Cols: 5251;
Num-X: 2 ; Num-Y: 8 ; Resolution: 10500 ; Rank: 1 ; Rank-X: 1 ; Rank-Y: 0 ; Rowstart: 0; Rowend: 1314; Rows: 1314; Colstart: 5250; Colend: 10501; Cols: 5251;
Num-X: 2 ; Num-Y: 8 ; Resolution: 10500 ; Rank: 0 ; Rank-X: 0 ; Rank-Y: 0 ; Rowstart: 0; Rowend: 1314; Rows: 1314; Colstart: 0; Colend: 5251; Cols: 5251;
Num-X: 2 ; Num-Y: 8 ; Resolution: 10500 ; Rank: 10 ; Rank-X: 0 ; Rank-Y: 5 ; Rowstart: 6564; Rowend: 7877; Rows: 1313; Colstart: 0; Colend: 5251; Cols: 5251;
Num-X: 2 ; Num-Y: 8 ; Resolution: 10500 ; Rank: 2 ; Rank-X: 0 ; Rank-Y: 1 ; Rowstart: 1313; Rowend: 2627; Rows: 1314; Colstart: 0; Colend: 5251; Cols: 5251;
Num-X: 2 ; Num-Y: 8 ; Resolution: 10500 ; Rank: 3 ; Rank-X: 1 ; Rank-Y: 1 ; Rowstart: 1313; Rowend: 2627; Rows: 1314; Colstart: 5250; Colend: 10501; Cols: 5251;
Num-X: 2 ; Num-Y: 8 ; Resolution: 10500 ; Rank: 9 ; Rank-X: 1 ; Rank-Y: 4 ; Rowstart: 5252; Rowend: 6565; Rows: 1313; Colstart: 5250; Colend: 10501; Cols: 5251;
Num-X: 2 ; Num-Y: 8 ; Resolution: 10500 ; Rank: 14 ; Rank-X: 0 ; Rank-Y: 7 ; Rowstart: 9188; Rowend: 10501; Rows: 1313; Colstart: 0; Colend: 5251; Cols: 5251;
Num-X: 2 ; Num-Y: 8 ; Resolution: 10500 ; Rank: 15 ; Rank-X: 1 ; Rank-Y: 7 ; Rowstart: 9188; Rowend: 10501; Rows: 1313; Colstart: 5250; Colend: 10501; Cols: 5251;
Num-X: 2 ; Num-Y: 8 ; Resolution: 10500 ; Rank: 5 ; Rank-X: 1 ; Rank-Y: 2 ; Rowstart: 2626; Rowend: 3940; Rows: 1314; Colstart: 5250; Colend: 10501; Cols: 5251;
Num-X: 2 ; Num-Y: 8 ; Resolution: 10500 ; Rank: 4 ; Rank-X: 0 ; Rank-Y: 2 ; Rowstart: 2626; Rowend: 3940; Rows: 1314; Colstart: 0; Colend: 5251; Cols: 5251;
Num-X: 2 ; Num-Y: 8 ; Resolution: 10500 ; Rank: 6 ; Rank-X: 0 ; Rank-Y: 3 ; Rowstart: 3939; Rowend: 5253; Rows: 1314; Colstart: 0; Colend: 5251; Cols: 5251;
Num-X: 2 ; Num-Y: 8 ; Resolution: 10500 ; Rank: 7 ; Rank-X: 1 ; Rank-Y: 3 ; Rowstart: 3939; Rowend: 5253; Rows: 1314; Colstart: 5250; Colend: 10501; Cols: 5251;

Resolution: 10500
===================
Execution time: 0.062463
Residual: 4.925272

megaflops:  247107.1
  flop instructions (M):  15435.000

Num-X: 2 ; Num-Y: 8 ; Resolution: 11500 ; Rank: 1 ; Rank-X: 1 ; Rank-Y: 0 ; Rowstart: 0; Rowend: 1439; Rows: 1439; Colstart: 5750; Colend: 11501; Cols: 5751;
Num-X: 2 ; Num-Y: 8 ; Resolution: 11500 ; Rank: 10 ; Rank-X: 0 ; Rank-Y: 5 ; Rowstart: 7189; Rowend: 8627; Rows: 1438; Colstart: 0; Colend: 5751; Cols: 5751;
Num-X: 2 ; Num-Y: 8 ; Resolution: 11500 ; Rank: 11 ; Rank-X: 1 ; Rank-Y: 5 ; Rowstart: 7189; Rowend: 8627; Rows: 1438; Colstart: 5750; Colend: 11501; Cols: 5751;
Num-X: 2 ; Num-Y: 8 ; Resolution: 11500 ; Rank: 3 ; Rank-X: 1 ; Rank-Y: 1 ; Rowstart: 1438; Rowend: 2877; Rows: 1439; Colstart: 5750; Colend: 11501; Cols: 5751;
Num-X: 2 ; Num-Y: 8 ; Resolution: 11500 ; Rank: 7 ; Rank-X: 1 ; Rank-Y: 3 ; Rowstart: 4314; Rowend: 5753; Rows: 1439; Colstart: 5750; Colend: 11501; Cols: 5751;
Num-X: 2 ; Num-Y: 8 ; Resolution: 11500 ; Rank: 9 ; Rank-X: 1 ; Rank-Y: 4 ; Rowstart: 5752; Rowend: 7190; Rows: 1438; Colstart: 5750; Colend: 11501; Cols: 5751;
Num-X: 2 ; Num-Y: 8 ; Resolution: 11500 ; Rank: 2 ; Rank-X: 0 ; Rank-Y: 1 ; Rowstart: 1438; Rowend: 2877; Rows: 1439; Colstart: 0; Colend: 5751; Cols: 5751;
Num-X: 2 ; Num-Y: 8 ; Resolution: 11500 ; Rank: 15 ; Rank-X: 1 ; Rank-Y: 7 ; Rowstart: 10063; Rowend: 11501; Rows: 1438; Colstart: 5750; Colend: 11501; Cols: 5751;
Num-X: 2 ; Num-Y: 8 ; Resolution: 11500 ; Rank: 0 ; Rank-X: 0 ; Rank-Y: 0 ; Rowstart: 0; Rowend: 1439; Rows: 1439; Colstart: 0; Colend: 5751; Cols: 5751;
Num-X: 2 ; Num-Y: 8 ; Resolution: 11500 ; Rank: 4 ; Rank-X: 0 ; Rank-Y: 2 ; Rowstart: 2876; Rowend: 4315; Rows: 1439; Colstart: 0; Colend: 5751; Cols: 5751;
Num-X: 2 ; Num-Y: 8 ; Resolution: 11500 ; Rank: 5 ; Rank-X: 1 ; Rank-Y: 2 ; Rowstart: 2876; Rowend: 4315; Rows: 1439; Colstart: 5750; Colend: 11501; Cols: 5751;
Num-X: 2 ; Num-Y: 8 ; Resolution: 11500 ; Rank: 6 ; Rank-X: 0 ; Rank-Y: 3 ; Rowstart: 4314; Rowend: 5753; Rows: 1439; Colstart: 0; Colend: 5751; Cols: 5751;
Num-X: 2 ; Num-Y: 8 ; Resolution: 11500 ; Rank: 13 ; Rank-X: 1 ; Rank-Y: 6 ; Rowstart: 8626; Rowend: 10064; Rows: 1438; Colstart: 5750; Colend: 11501; Cols: 5751;
Num-X: 2 ; Num-Y: 8 ; Resolution: 11500 ; Rank: 8 ; Rank-X: 0 ; Rank-Y: 4 ; Rowstart: 5752; Rowend: 7190; Rows: 1438; Colstart: 0; Colend: 5751; Cols: 5751;
Num-X: 2 ; Num-Y: 8 ; Resolution: 11500 ; Rank: 12 ; Rank-X: 0 ; Rank-Y: 6 ; Rowstart: 8626; Rowend: 10064; Rows: 1438; Colstart: 0; Colend: 5751; Cols: 5751;
Num-X: 2 ; Num-Y: 8 ; Resolution: 11500 ; Rank: 14 ; Rank-X: 0 ; Rank-Y: 7 ; Rowstart: 10063; Rowend: 11501; Rows: 1438; Colstart: 0; Colend: 5751; Cols: 5751;

Resolution: 11500
===================
Execution time: 0.074693
Residual: 5.394301

megaflops:  247881.4
  flop instructions (M):  18515.000

Num-X: 2 ; Num-Y: 8 ; Resolution: 12500 ; Rank: 10 ; Rank-X: 0 ; Rank-Y: 5 ; Rowstart: 7814; Rowend: 9377; Rows: 1563; Colstart: 0; Colend: 6251; Cols: 6251;
Num-X: 2 ; Num-Y: 8 ; Resolution: 12500 ; Rank: 11 ; Rank-X: 1 ; Rank-Y: 5 ; Rowstart: 7814; Rowend: 9377; Rows: 1563; Colstart: 6250; Colend: 12501; Cols: 6251;
Num-X: 2 ; Num-Y: 8 ; Resolution: 12500 ; Rank: 9 ; Rank-X: 1 ; Rank-Y: 4 ; Rowstart: 6252; Rowend: 7815; Rows: 1563; Colstart: 6250; Colend: 12501; Cols: 6251;
Num-X: 2 ; Num-Y: 8 ; Resolution: 12500 ; Rank: 1 ; Rank-X: 1 ; Rank-Y: 0 ; Rowstart: 0; Rowend: 1564; Rows: 1564; Colstart: 6250; Colend: 12501; Cols: 6251;
Num-X: 2 ; Num-Y: 8 ; Resolution: 12500 ; Rank: 2 ; Rank-X: 0 ; Rank-Y: 1 ; Rowstart: 1563; Rowend: 3127; Rows: 1564; Colstart: 0; Colend: 6251; Cols: 6251;
Num-X: 2 ; Num-Y: 8 ; Resolution: 12500 ; Rank: 15 ; Rank-X: 1 ; Rank-Y: 7 ; Rowstart: 10938; Rowend: 12501; Rows: 1563; Colstart: 6250; Colend: 12501; Cols: 6251;
Num-X: 2 ; Num-Y: 8 ; Resolution: 12500 ; Rank: 8 ; Rank-X: 0 ; Rank-Y: 4 ; Rowstart: 6252; Rowend: 7815; Rows: 1563; Colstart: 0; Colend: 6251; Cols: 6251;
Num-X: 2 ; Num-Y: 8 ; Resolution: 12500 ; Rank: 7 ; Rank-X: 1 ; Rank-Y: 3 ; Rowstart: 4689; Rowend: 6253; Rows: 1564; Colstart: 6250; Colend: 12501; Cols: 6251;
Num-X: 2 ; Num-Y: 8 ; Resolution: 12500 ; Rank: 13 ; Rank-X: 1 ; Rank-Y: 6 ; Rowstart: 9376; Rowend: 10939; Rows: 1563; Colstart: 6250; Colend: 12501; Cols: 6251;
Num-X: 2 ; Num-Y: 8 ; Resolution: 12500 ; Rank: 3 ; Rank-X: 1 ; Rank-Y: 1 ; Rowstart: 1563; Rowend: 3127; Rows: 1564; Colstart: 6250; Colend: 12501; Cols: 6251;
Num-X: 2 ; Num-Y: 8 ; Resolution: 12500 ; Rank: 0 ; Rank-X: 0 ; Rank-Y: 0 ; Rowstart: 0; Rowend: 1564; Rows: 1564; Colstart: 0; Colend: 6251; Cols: 6251;
Num-X: 2 ; Num-Y: 8 ; Resolution: 12500 ; Rank: 6 ; Rank-X: 0 ; Rank-Y: 3 ; Rowstart: 4689; Rowend: 6253; Rows: 1564; Colstart: 0; Colend: 6251; Cols: 6251;
Num-X: 2 ; Num-Y: 8 ; Resolution: 12500 ; Rank: 12 ; Rank-X: 0 ; Rank-Y: 6 ; Rowstart: 9376; Rowend: 10939; Rows: 1563; Colstart: 0; Colend: 6251; Cols: 6251;
Num-X: 2 ; Num-Y: 8 ; Resolution: 12500 ; Rank: 4 ; Rank-X: 0 ; Rank-Y: 2 ; Rowstart: 3126; Rowend: 4690; Rows: 1564; Colstart: 0; Colend: 6251; Cols: 6251;
Num-X: 2 ; Num-Y: 8 ; Resolution: 12500 ; Rank: 5 ; Rank-X: 1 ; Rank-Y: 2 ; Rowstart: 3126; Rowend: 4690; Rows: 1564; Colstart: 6250; Colend: 12501; Cols: 6251;
Num-X: 2 ; Num-Y: 8 ; Resolution: 12500 ; Rank: 14 ; Rank-X: 0 ; Rank-Y: 7 ; Rowstart: 10938; Rowend: 12501; Rows: 1563; Colstart: 0; Colend: 6251; Cols: 6251;

Resolution: 12500
===================
Execution time: 0.089771
Residual: 5.863330

megaflops:  243675.5
  flop instructions (M):  21875.000
