mpiexec -genv I_MPI_DEBUG=4 -genv OMP_NUM_THREADS=6 -genv I_MPI_PIN_DOMAIN=omp -n 32 ./heat test.dat 8 4
[0] MPI startup(): Intel(R) MPI Library, Version 2019 Update 8  Build 20200624 (id: 4f16ad915)
[0] MPI startup(): Copyright (C) 2003-2020 Intel Corporation.  All rights reserved.
[0] MPI startup(): library kind: release
[0] MPI startup(): libfabric version: 1.10.1-impi
[0] MPI startup(): libfabric provider: psm2

Executing each MPI process in 6 OMP threads.
[0] MPI startup(): Rank    Pid      Node name     Pin cpu
[0] MPI startup(): 0       2381601  i01r01c02s09  {0,1,2,48,49,50}
[0] MPI startup(): 1       2381602  i01r01c02s09  {3,4,5,51,52,53}
[0] MPI startup(): 2       2381603  i01r01c02s09  {6,7,8,54,55,56}
[0] MPI startup(): 3       2381604  i01r01c02s09  {9,10,11,57,58,59}
[0] MPI startup(): 4       2381605  i01r01c02s09  {24,25,26,72,73,74}
[0] MPI startup(): 5       2381606  i01r01c02s09  {27,28,29,75,76,77}
[0] MPI startup(): 6       2381607  i01r01c02s09  {30,31,32,78,79,80}
[0] MPI startup(): 7       2381608  i01r01c02s09  {33,34,35,81,82,83}
[0] MPI startup(): 8       177419   i01r01c02s10  {0,1,2,48,49,50}
[0] MPI startup(): 9       177420   i01r01c02s10  {3,4,5,51,52,53}
[0] MPI startup(): 10      177421   i01r01c02s10  {6,7,8,54,55,56}
[0] MPI startup(): 11      177422   i01r01c02s10  {9,10,11,57,58,59}
[0] MPI startup(): 12      177423   i01r01c02s10  {24,25,26,72,73,74}
[0] MPI startup(): 13      177424   i01r01c02s10  {27,28,29,75,76,77}
[0] MPI startup(): 14      177425   i01r01c02s10  {30,31,32,78,79,80}
[0] MPI startup(): 15      177426   i01r01c02s10  {33,34,35,81,82,83}
[0] MPI startup(): 16      1979277  i01r01c02s11  {0,1,2,48,49,50}
[0] MPI startup(): 17      1979278  i01r01c02s11  {3,4,5,51,52,53}
[0] MPI startup(): 18      1979279  i01r01c02s11  {6,7,8,54,55,56}
[0] MPI startup(): 19      1979280  i01r01c02s11  {9,10,11,57,58,59}
[0] MPI startup(): 20      1979281  i01r01c02s11  {24,25,26,72,73,74}
[0] MPI startup(): 21      1979282  i01r01c02s11  {27,28,29,75,76,77}
[0] MPI startup(): 22      1979283  i01r01c02s11  {30,31,32,78,79,80}
[0] MPI startup(): 23      1979284  i01r01c02s11  {33,34,35,81,82,83}
[0] MPI startup(): 24      2454323  i01r01c02s12  {0,1,2,48,49,50}
[0] MPI startup(): 25      2454324  i01r01c02s12  {3,4,5,51,52,53}
[0] MPI startup(): 26      2454325  i01r01c02s12  {6,7,8,54,55,56}
[0] MPI startup(): 27      2454326  i01r01c02s12  {9,10,11,57,58,59}
[0] MPI startup(): 28      2454327  i01r01c02s12  {24,25,26,72,73,74}
[0] MPI startup(): 29      2454328  i01r01c02s12  {27,28,29,75,76,77}
[0] MPI startup(): 30      2454329  i01r01c02s12  {30,31,32,78,79,80}
[0] MPI startup(): 31      2454330  i01r01c02s12  {33,34,35,81,82,83}

8 processes distributed in X-direction
 4 ; processes distributed in Y-direction
Resolutions       : (4500, 5500, ... 12500)
Iterations        : 20
Num. Heat sources : 2
   1: (0.00, 0.00) 1.00 1.00 
   2: (1.00, 1.00) 1.00 0.50 

Executing each MPI process in 6 OMP threads.

Executing each MPI process in 6 OMP threads.
rank= 0 coords= 0 0 neighbours(up,down,left,right)= -1 4 -1 1
rank= 1 coords= 0 1 neighbours(up,down,left,right)= -1 5 0 2
rank= 24 coords= 6 0 neighbours(up,down,left,right)= 20 28 -1 25
rank= 8 coords= 2 0 neighbours(up,down,left,right)= 4 12 -1 9
rank= 2 coords= 0 2 neighbours(up,down,left,right)= -1 6 1 3
rank= 16 coords= 4 0 neighbours(up,down,left,right)= 12 20 -1 17
rank= 25 coords= 6 1 neighbours(up,down,left,right)= 21 29 24 26
rank= 9 coords= 2 1 neighbours(up,down,left,right)= 5 13 8 10
rank= 3 coords= 0 3 neighbours(up,down,left,right)= -1 7 2 -1
rank= 17 coords= 4 1 neighbours(up,down,left,right)= 13 21 16 18
rank= 26 coords= 6 2 neighbours(up,down,left,right)= 22 30 25 27
rank= 10 coords= 2 2 neighbours(up,down,left,right)= 6 14 9 11
rank= 4 coords= 1 0 neighbours(up,down,left,right)= 0 8 -1 5
rank= 18 coords= 4 2 neighbours(up,down,left,right)= 14 22 17 19
rank= 28 coords= 7 0 neighbours(up,down,left,right)= 24 -1 -1 29
rank= 11 coords= 2 3 neighbours(up,down,left,right)= 7 15 10 -1
rank= 5 coords= 1 1 neighbours(up,down,left,right)= 1 9 4 6
rank= 19 coords= 4 3 neighbours(up,down,left,right)= 15 23 18 -1
rank= 31 coords= 7 3 neighbours(up,down,left,right)= 27 -1 30 -1
rank= 12 coords= 3 0 neighbours(up,down,left,right)= 8 16 -1 13
rank= 6 coords= 1 2 neighbours(up,down,left,right)= 2 10 5 7
rank= 20 coords= 5 0 neighbours(up,down,left,right)= 16 24 -1 21
rank= 7 coords= 1 3 neighbours(up,down,left,right)= 3 11 6 -1
rank= 21 coords= 5 1 neighbours(up,down,left,right)= 17 25 20 22
rank= 27 coords= 6 3 neighbours(up,down,left,right)= 23 31 26 -1
rank= 22 coords= 5 2 neighbours(up,down,left,right)= 18 26 21 23
rank= 29 coords= 7 1 neighbours(up,down,left,right)= 25 -1 28 30
rank= 23 coords= 5 3 neighbours(up,down,left,right)= 19 27 22 -1
rank= 30 coords= 7 2 neighbours(up,down,left,right)= 26 -1 29 31
rank= 13 coords= 3 1 neighbours(up,down,left,right)= 9 17 12 14
rank= 14 coords= 3 2 neighbours(up,down,left,right)= 10 18 13 15
rank= 15 coords= 3 3 neighbours(up,down,left,right)= 11 19 14 -1

Num-X: 4 ; Num-Y: 8 ; Resolution: 4500 ; Rank: 9 ; Rank-X: 1 ; Rank-Y: 2 ; Rowstart: 1126; Rowend: 1690; Rows: 564; Colstart: 1125; Colend: 2251; Cols: 1126;
Num-X: 4 ; Num-Y: 8 ; Resolution: 4500 ; Rank: 8 ; Rank-X: 0 ; Rank-Y: 2 ; Rowstart: 1126; Rowend: 1690; Rows: 564; Colstart: 0; Colend: 1126; Cols: 1126;
Num-X: 4 ; Num-Y: 8 ; Resolution: 4500 ; Rank: 1 ; Rank-X: 1 ; Rank-Y: 0 ; Rowstart: 0; Rowend: 564; Rows: 564; Colstart: 1125; Colend: 2251; Cols: 1126;
Num-X: 4 ; Num-Y: 8 ; Resolution: 4500 ; Rank: 11 ; Rank-X: 3 ; Rank-Y: 2 ; Rowstart: 1126; Rowend: 1690; Rows: 564; Colstart: 3375; Colend: 4501; Cols: 1126;
Num-X: 4 ; Num-Y: 8 ; Resolution: 4500 ; Rank: 12 ; Rank-X: 0 ; Rank-Y: 3 ; Rowstart: 1689; Rowend: 2253; Rows: 564; Colstart: 0; Colend: 1126; Cols: 1126;
Num-X: 4 ; Num-Y: 8 ; Resolution: 4500 ; Rank: 7 ; Rank-X: 3 ; Rank-Y: 1 ; Rowstart: 563; Rowend: 1127; Rows: 564; Colstart: 3375; Colend: 4501; Cols: 1126;
Num-X: 4 ; Num-Y: 8 ; Resolution: 4500 ; Rank: 4 ; Rank-X: 0 ; Rank-Y: 1 ; Rowstart: 563; Rowend: 1127; Rows: 564; Colstart: 0; Colend: 1126; Cols: 1126;
Num-X: 4 ; Num-Y: 8 ; Resolution: 4500 ; Rank: 15 ; Rank-X: 3 ; Rank-Y: 3 ; Rowstart: 1689; Rowend: 2253; Rows: 564; Colstart: 3375; Colend: 4501; Cols: 1126;
Num-X: 4 ; Num-Y: 8 ; Resolution: 4500 ; Rank: 0 ; Rank-X: 0 ; Rank-Y: 0 ; Rowstart: 0; Rowend: 564; Rows: 564; Colstart: 0; Colend: 1126; Cols: 1126;
Num-X: 4 ; Num-Y: 8 ; Resolution: 4500 ; Rank: 10 ; Rank-X: 2 ; Rank-Y: 2 ; Rowstart: 1126; Rowend: 1690; Rows: 564; Colstart: 2250; Colend: 3376; Cols: 1126;
Num-X: 4 ; Num-Y: 8 ; Resolution: 4500 ; Rank: 13 ; Rank-X: 1 ; Rank-Y: 3 ; Rowstart: 1689; Rowend: 2253; Rows: 564; Colstart: 1125; Colend: 2251; Cols: 1126;
Num-X: 4 ; Num-Y: 8 ; Resolution: 4500 ; Rank: 14 ; Rank-X: 2 ; Rank-Y: 3 ; Rowstart: 1689; Rowend: 2253; Rows: 564; Colstart: 2250; Colend: 3376; Cols: 1126;
Num-X: 4 ; Num-Y: 8 ; Resolution: 4500 ; Rank: 2 ; Rank-X: 2 ; Rank-Y: 0 ; Rowstart: 0; Rowend: 564; Rows: 564; Colstart: 2250; Colend: 3376; Cols: 1126;
Num-X: 4 ; Num-Y: 8 ; Resolution: 4500 ; Rank: 3 ; Rank-X: 3 ; Rank-Y: 0 ; Rowstart: 0; Rowend: 564; Rows: 564; Colstart: 3375; Colend: 4501; Cols: 1126;
Num-X: 4 ; Num-Y: 8 ; Resolution: 4500 ; Rank: 5 ; Rank-X: 1 ; Rank-Y: 1 ; Rowstart: 563; Rowend: 1127; Rows: 564; Colstart: 1125; Colend: 2251; Cols: 1126;
Num-X: 4 ; Num-Y: 8 ; Resolution: 4500 ; Rank: 27 ; Rank-X: 3 ; Rank-Y: 6 ; Rowstart: 3376; Rowend: 3939; Rows: 563; Colstart: 3375; Colend: 4501; Cols: 1126;
Num-X: 4 ; Num-Y: 8 ; Resolution: 4500 ; Rank: 24 ; Rank-X: 0 ; Rank-Y: 6 ; Rowstart: 3376; Rowend: 3939; Rows: 563; Colstart: 0; Colend: 1126; Cols: 1126;
Num-X: 4 ; Num-Y: 8 ; Resolution: 4500 ; Rank: 6 ; Rank-X: 2 ; Rank-Y: 1 ; Rowstart: 563; Rowend: 1127; Rows: 564; Colstart: 2250; Colend: 3376; Cols: 1126;
Num-X: 4 ; Num-Y: 8 ; Resolution: 4500 ; Rank: 16 ; Rank-X: 0 ; Rank-Y: 4 ; Rowstart: 2252; Rowend: 2815; Rows: 563; Colstart: 0; Colend: 1126; Cols: 1126;
Num-X: 4 ; Num-Y: 8 ; Resolution: 4500 ; Rank: 30 ; Rank-X: 2 ; Rank-Y: 7 ; Rowstart: 3938; Rowend: 4501; Rows: 563; Colstart: 2250; Colend: 3376; Cols: 1126;
Num-X: 4 ; Num-Y: 8 ; Resolution: 4500 ; Rank: 31 ; Rank-X: 3 ; Rank-Y: 7 ; Rowstart: 3938; Rowend: 4501; Rows: 563; Colstart: 3375; Colend: 4501; Cols: 1126;
Num-X: 4 ; Num-Y: 8 ; Resolution: 4500 ; Rank: 25 ; Rank-X: 1 ; Rank-Y: 6 ; Rowstart: 3376; Rowend: 3939; Rows: 563; Colstart: 1125; Colend: 2251; Cols: 1126;
Num-X: 4 ; Num-Y: 8 ; Resolution: 4500 ; Rank: 29 ; Rank-X: 1 ; Rank-Y: 7 ; Rowstart: 3938; Rowend: 4501; Rows: 563; Colstart: 1125; Colend: 2251; Cols: 1126;
Num-X: 4 ; Num-Y: 8 ; Resolution: 4500 ; Rank: 17 ; Rank-X: 1 ; Rank-Y: 4 ; Rowstart: 2252; Rowend: 2815; Rows: 563; Colstart: 1125; Colend: 2251; Cols: 1126;
Num-X: 4 ; Num-Y: 8 ; Resolution: 4500 ; Rank: 21 ; Rank-X: 1 ; Rank-Y: 5 ; Rowstart: 2814; Rowend: 3377; Rows: 563; Colstart: 1125; Colend: 2251; Cols: 1126;
Num-X: 4 ; Num-Y: 8 ; Resolution: 4500 ; Rank: 19 ; Rank-X: 3 ; Rank-Y: 4 ; Rowstart: 2252; Rowend: 2815; Rows: 563; Colstart: 3375; Colend: 4501; Cols: 1126;
Num-X: 4 ; Num-Y: 8 ; Resolution: 4500 ; Rank: 22 ; Rank-X: 2 ; Rank-Y: 5 ; Rowstart: 2814; Rowend: 3377; Rows: 563; Colstart: 2250; Colend: 3376; Cols: 1126;
Num-X: 4 ; Num-Y: 8 ; Resolution: 4500 ; Rank: 26 ; Rank-X: 2 ; Rank-Y: 6 ; Rowstart: 3376; Rowend: 3939; Rows: 563; Colstart: 2250; Colend: 3376; Cols: 1126;
Num-X: 4 ; Num-Y: 8 ; Resolution: 4500 ; Rank: 23 ; Rank-X: 3 ; Rank-Y: 5 ; Rowstart: 2814; Rowend: 3377; Rows: 563; Colstart: 3375; Colend: 4501; Cols: 1126;
Num-X: 4 ; Num-Y: 8 ; Resolution: 4500 ; Rank: 28 ; Rank-X: 0 ; Rank-Y: 7 ; Rowstart: 3938; Rowend: 4501; Rows: 563; Colstart: 0; Colend: 1126; Cols: 1126;
Num-X: 4 ; Num-Y: 8 ; Resolution: 4500 ; Rank: 18 ; Rank-X: 2 ; Rank-Y: 4 ; Rowstart: 2252; Rowend: 2815; Rows: 563; Colstart: 2250; Colend: 3376; Cols: 1126;
Num-X: 4 ; Num-Y: 8 ; Resolution: 4500 ; Rank: 20 ; Rank-X: 0 ; Rank-Y: 5 ; Rowstart: 2814; Rowend: 3377; Rows: 563; Colstart: 0; Colend: 1126; Cols: 1126;

Resolution: 4500
===================
Execution time: 0.009147
Residual: 2.111093

megaflops:  309932.0
  flop instructions (M):  2835.000

Num-X: 4 ; Num-Y: 8 ; Resolution: 5500 ; Rank: 3 ; Rank-X: 3 ; Rank-Y: 0 ; Rowstart: 0; Rowend: 689; Rows: 689; Colstart: 4125; Colend: 5501; Cols: 1376;
Num-X: 4 ; Num-Y: 8 ; Resolution: 5500 ; Rank: 4 ; Rank-X: 0 ; Rank-Y: 1 ; Rowstart: 688; Rowend: 1377; Rows: 689; Colstart: 0; Colend: 1376; Cols: 1376;
Num-X: 4 ; Num-Y: 8 ; Resolution: 5500 ; Rank: 18 ; Rank-X: 2 ; Rank-Y: 4 ; Rowstart: 2752; Rowend: 3440; Rows: 688; Colstart: 2750; Colend: 4126; Cols: 1376;
Num-X: 4 ; Num-Y: 8 ; Resolution: 5500 ; Rank: 1 ; Rank-X: 1 ; Rank-Y: 0 ; Rowstart: 0; Rowend: 689; Rows: 689; Colstart: 1375; Colend: 2751; Cols: 1376;
Num-X: 4 ; Num-Y: 8 ; Resolution: 5500 ; Rank: 22 ; Rank-X: 2 ; Rank-Y: 5 ; Rowstart: 3439; Rowend: 4127; Rows: 688; Colstart: 2750; Colend: 4126; Cols: 1376;
Num-X: 4 ; Num-Y: 8 ; Resolution: 5500 ; Rank: 2 ; Rank-X: 2 ; Rank-Y: 0 ; Rowstart: 0; Rowend: 689; Rows: 689; Colstart: 2750; Colend: 4126; Cols: 1376;
Num-X: 4 ; Num-Y: 8 ; Resolution: 5500 ; Rank: 23 ; Rank-X: 3 ; Rank-Y: 5 ; Rowstart: 3439; Rowend: 4127; Rows: 688; Colstart: 4125; Colend: 5501; Cols: 1376;
Num-X: 4 ; Num-Y: 8 ; Resolution: 5500 ; Rank: 0 ; Rank-X: 0 ; Rank-Y: 0 ; Rowstart: 0; Rowend: 689; Rows: 689; Colstart: 0; Colend: 1376; Cols: 1376;
Num-X: 4 ; Num-Y: 8 ; Resolution: 5500 ; Rank: 21 ; Rank-X: 1 ; Rank-Y: 5 ; Rowstart: 3439; Rowend: 4127; Rows: 688; Colstart: 1375; Colend: 2751; Cols: 1376;
Num-X: 4 ; Num-Y: 8 ; Resolution: 5500 ; Rank: 7 ; Rank-X: 3 ; Rank-Y: 1 ; Rowstart: 688; Rowend: 1377; Rows: 689; Colstart: 4125; Colend: 5501; Cols: 1376;
Num-X: 4 ; Num-Y: 8 ; Resolution: 5500 ; Rank: 6 ; Rank-X: 2 ; Rank-Y: 1 ; Rowstart: 688; Rowend: 1377; Rows: 689; Colstart: 2750; Colend: 4126; Cols: 1376;
Num-X: 4 ; Num-Y: 8 ; Resolution: 5500 ; Rank: 5 ; Rank-X: 1 ; Rank-Y: 1 ; Rowstart: 688; Rowend: 1377; Rows: 689; Colstart: 1375; Colend: 2751; Cols: 1376;
Num-X: 4 ; Num-Y: 8 ; Resolution: 5500 ; Rank: 17 ; Rank-X: 1 ; Rank-Y: 4 ; Rowstart: 2752; Rowend: 3440; Rows: 688; Colstart: 1375; Colend: 2751; Cols: 1376;
Num-X: 4 ; Num-Y: 8 ; Resolution: 5500 ; Rank: 8 ; Rank-X: 0 ; Rank-Y: 2 ; Rowstart: 1376; Rowend: 2065; Rows: 689; Colstart: 0; Colend: 1376; Cols: 1376;
Num-X: 4 ; Num-Y: 8 ; Resolution: 5500 ; Rank: 19 ; Rank-X: 3 ; Rank-Y: 4 ; Rowstart: 2752; Rowend: 3440; Rows: 688; Colstart: 4125; Colend: 5501; Cols: 1376;
Num-X: 4 ; Num-Y: 8 ; Resolution: 5500 ; Rank: 25 ; Rank-X: 1 ; Rank-Y: 6 ; Rowstart: 4126; Rowend: 4814; Rows: 688; Colstart: 1375; Colend: 2751; Cols: 1376;
Num-X: 4 ; Num-Y: 8 ; Resolution: 5500 ; Rank: 15 ; Rank-X: 3 ; Rank-Y: 3 ; Rowstart: 2064; Rowend: 2753; Rows: 689; Colstart: 4125; Colend: 5501; Cols: 1376;
Num-X: 4 ; Num-Y: 8 ; Resolution: 5500 ; Rank: 20 ; Rank-X: 0 ; Rank-Y: 5 ; Rowstart: 3439; Rowend: 4127; Rows: 688; Colstart: 0; Colend: 1376; Cols: 1376;
Num-X: 4 ; Num-Y: 8 ; Resolution: 5500 ; Rank: 29 ; Rank-X: 1 ; Rank-Y: 7 ; Rowstart: 4813; Rowend: 5501; Rows: 688; Colstart: 1375; Colend: 2751; Cols: 1376;
Num-X: 4 ; Num-Y: 8 ; Resolution: 5500 ; Rank: 9 ; Rank-X: 1 ; Rank-Y: 2 ; Rowstart: 1376; Rowend: 2065; Rows: 689; Colstart: 1375; Colend: 2751; Cols: 1376;
Num-X: 4 ; Num-Y: 8 ; Resolution: 5500 ; Rank: 16 ; Rank-X: 0 ; Rank-Y: 4 ; Rowstart: 2752; Rowend: 3440; Rows: 688; Colstart: 0; Colend: 1376; Cols: 1376;
Num-X: 4 ; Num-Y: 8 ; Resolution: 5500 ; Rank: 11 ; Rank-X: 3 ; Rank-Y: 2 ; Rowstart: 1376; Rowend: 2065; Rows: 689; Colstart: 4125; Colend: 5501; Cols: 1376;
Num-X: 4 ; Num-Y: 8 ; Resolution: 5500 ; Rank: 26 ; Rank-X: 2 ; Rank-Y: 6 ; Rowstart: 4126; Rowend: 4814; Rows: 688; Colstart: 2750; Colend: 4126; Cols: 1376;
Num-X: 4 ; Num-Y: 8 ; Resolution: 5500 ; Rank: 14 ; Rank-X: 2 ; Rank-Y: 3 ; Rowstart: 2064; Rowend: 2753; Rows: 689; Colstart: 2750; Colend: 4126; Cols: 1376;
Num-X: 4 ; Num-Y: 8 ; Resolution: 5500 ; Rank: 27 ; Rank-X: 3 ; Rank-Y: 6 ; Rowstart: 4126; Rowend: 4814; Rows: 688; Colstart: 4125; Colend: 5501; Cols: 1376;
Num-X: 4 ; Num-Y: 8 ; Resolution: 5500 ; Rank: 12 ; Rank-X: 0 ; Rank-Y: 3 ; Rowstart: 2064; Rowend: 2753; Rows: 689; Colstart: 0; Colend: 1376; Cols: 1376;
Num-X: 4 ; Num-Y: 8 ; Resolution: 5500 ; Rank: 31 ; Rank-X: 3 ; Rank-Y: 7 ; Rowstart: 4813; Rowend: 5501; Rows: 688; Colstart: 4125; Colend: 5501; Cols: 1376;
Num-X: 4 ; Num-Y: 8 ; Resolution: 5500 ; Rank: 13 ; Rank-X: 1 ; Rank-Y: 3 ; Rowstart: 2064; Rowend: 2753; Rows: 689; Colstart: 1375; Colend: 2751; Cols: 1376;
Num-X: 4 ; Num-Y: 8 ; Resolution: 5500 ; Rank: 28 ; Rank-X: 0 ; Rank-Y: 7 ; Rowstart: 4813; Rowend: 5501; Rows: 688; Colstart: 0; Colend: 1376; Cols: 1376;
Num-X: 4 ; Num-Y: 8 ; Resolution: 5500 ; Rank: 10 ; Rank-X: 2 ; Rank-Y: 2 ; Rowstart: 1376; Rowend: 2065; Rows: 689; Colstart: 2750; Colend: 4126; Cols: 1376;
Num-X: 4 ; Num-Y: 8 ; Resolution: 5500 ; Rank: 24 ; Rank-X: 0 ; Rank-Y: 6 ; Rowstart: 4126; Rowend: 4814; Rows: 688; Colstart: 0; Colend: 1376; Cols: 1376;
Num-X: 4 ; Num-Y: 8 ; Resolution: 5500 ; Rank: 30 ; Rank-X: 2 ; Rank-Y: 7 ; Rowstart: 4813; Rowend: 5501; Rows: 688; Colstart: 2750; Colend: 4126; Cols: 1376;

Resolution: 5500
===================
Execution time: 0.011881
Residual: 2.580124

megaflops:  356455.2
  flop instructions (M):  4235.000

Num-X: 4 ; Num-Y: 8 ; Resolution: 6500 ; Rank: 11 ; Rank-X: 3 ; Rank-Y: 2 ; Rowstart: 1626; Rowend: 2440; Rows: 814; Colstart: 4875; Colend: 6501; Cols: 1626;
Num-X: 4 ; Num-Y: 8 ; Resolution: 6500 ; Rank: 0 ; Rank-X: 0 ; Rank-Y: 0 ; Rowstart: 0; Rowend: 814; Rows: 814; Colstart: 0; Colend: 1626; Cols: 1626;
Num-X: 4 ; Num-Y: 8 ; Resolution: 6500 ; Rank: 16 ; Rank-X: 0 ; Rank-Y: 4 ; Rowstart: 3252; Rowend: 4065; Rows: 813; Colstart: 0; Colend: 1626; Cols: 1626;
Num-X: 4 ; Num-Y: 8 ; Resolution: 6500 ; Rank: 24 ; Rank-X: 0 ; Rank-Y: 6 ; Rowstart: 4876; Rowend: 5689; Rows: 813; Colstart: 0; Colend: 1626; Cols: 1626;
Num-X: 4 ; Num-Y: 8 ; Resolution: 6500 ; Rank: 18 ; Rank-X: 2 ; Rank-Y: 4 ; Rowstart: 3252; Rowend: 4065; Rows: 813; Colstart: 3250; Colend: 4876; Cols: 1626;
Num-X: 4 ; Num-Y: 8 ; Resolution: 6500 ; Rank: 27 ; Rank-X: 3 ; Rank-Y: 6 ; Rowstart: 4876; Rowend: 5689; Rows: 813; Colstart: 4875; Colend: 6501; Cols: 1626;
Num-X: 4 ; Num-Y: 8 ; Resolution: 6500 ; Rank: 9 ; Rank-X: 1 ; Rank-Y: 2 ; Rowstart: 1626; Rowend: 2440; Rows: 814; Colstart: 1625; Colend: 3251; Cols: 1626;
Num-X: 4 ; Num-Y: 8 ; Resolution: 6500 ; Rank: 19 ; Rank-X: 3 ; Rank-Y: 4 ; Rowstart: 3252; Rowend: 4065; Rows: 813; Colstart: 4875; Colend: 6501; Cols: 1626;
Num-X: 4 ; Num-Y: 8 ; Resolution: 6500 ; Rank: 30 ; Rank-X: 2 ; Rank-Y: 7 ; Rowstart: 5688; Rowend: 6501; Rows: 813; Colstart: 3250; Colend: 4876; Cols: 1626;
Num-X: 4 ; Num-Y: 8 ; Resolution: 6500 ; Rank: 12 ; Rank-X: 0 ; Rank-Y: 3 ; Rowstart: 2439; Rowend: 3253; Rows: 814; Colstart: 0; Colend: 1626; Cols: 1626;
Num-X: 4 ; Num-Y: 8 ; Resolution: 6500 ; Rank: 23 ; Rank-X: 3 ; Rank-Y: 5 ; Rowstart: 4064; Rowend: 4877; Rows: 813; Colstart: 4875; Colend: 6501; Cols: 1626;
Num-X: 4 ; Num-Y: 8 ; Resolution: 6500 ; Rank: 31 ; Rank-X: 3 ; Rank-Y: 7 ; Rowstart: 5688; Rowend: 6501; Rows: 813; Colstart: 4875; Colend: 6501; Cols: 1626;
Num-X: 4 ; Num-Y: 8 ; Resolution: 6500 ; Rank: 15 ; Rank-X: 3 ; Rank-Y: 3 ; Rowstart: 2439; Rowend: 3253; Rows: 814; Colstart: 4875; Colend: 6501; Cols: 1626;
Num-X: 4 ; Num-Y: 8 ; Resolution: 6500 ; Rank: 22 ; Rank-X: 2 ; Rank-Y: 5 ; Rowstart: 4064; Rowend: 4877; Rows: 813; Colstart: 3250; Colend: 4876; Cols: 1626;
Num-X: 4 ; Num-Y: 8 ; Resolution: 6500 ; Rank: 3 ; Rank-X: 3 ; Rank-Y: 0 ; Rowstart: 0; Rowend: 814; Rows: 814; Colstart: 4875; Colend: 6501; Cols: 1626;
Num-X: 4 ; Num-Y: 8 ; Resolution: 6500 ; Rank: 4 ; Rank-X: 0 ; Rank-Y: 1 ; Rowstart: 813; Rowend: 1627; Rows: 814; Colstart: 0; Colend: 1626; Cols: 1626;
Num-X: 4 ; Num-Y: 8 ; Resolution: 6500 ; Rank: 8 ; Rank-X: 0 ; Rank-Y: 2 ; Rowstart: 1626; Rowend: 2440; Rows: 814; Colstart: 0; Colend: 1626; Cols: 1626;
Num-X: 4 ; Num-Y: 8 ; Resolution: 6500 ; Rank: 21 ; Rank-X: 1 ; Rank-Y: 5 ; Rowstart: 4064; Rowend: 4877; Rows: 813; Colstart: 1625; Colend: 3251; Cols: 1626;
Num-X: 4 ; Num-Y: 8 ; Resolution: 6500 ; Rank: 2 ; Rank-X: 2 ; Rank-Y: 0 ; Rowstart: 0; Rowend: 814; Rows: 814; Colstart: 3250; Colend: 4876; Cols: 1626;
Num-X: 4 ; Num-Y: 8 ; Resolution: 6500 ; Rank: 5 ; Rank-X: 1 ; Rank-Y: 1 ; Rowstart: 813; Rowend: 1627; Rows: 814; Colstart: 1625; Colend: 3251; Cols: 1626;
Num-X: 4 ; Num-Y: 8 ; Resolution: 6500 ; Rank: 20 ; Rank-X: 0 ; Rank-Y: 5 ; Rowstart: 4064; Rowend: 4877; Rows: 813; Colstart: 0; Colend: 1626; Cols: 1626;
Num-X: 4 ; Num-Y: 8 ; Resolution: 6500 ; Rank: 26 ; Rank-X: 2 ; Rank-Y: 6 ; Rowstart: 4876; Rowend: 5689; Rows: 813; Colstart: 3250; Colend: 4876; Cols: 1626;
Num-X: 4 ; Num-Y: 8 ; Resolution: 6500 ; Rank: 1 ; Rank-X: 1 ; Rank-Y: 0 ; Rowstart: 0; Rowend: 814; Rows: 814; Colstart: 1625; Colend: 3251; Cols: 1626;
Num-X: 4 ; Num-Y: 8 ; Resolution: 6500 ; Rank: 17 ; Rank-X: 1 ; Rank-Y: 4 ; Rowstart: 3252; Rowend: 4065; Rows: 813; Colstart: 1625; Colend: 3251; Cols: 1626;
Num-X: 4 ; Num-Y: 8 ; Resolution: 6500 ; Rank: 7 ; Rank-X: 3 ; Rank-Y: 1 ; Rowstart: 813; Rowend: 1627; Rows: 814; Colstart: 4875; Colend: 6501; Cols: 1626;
Num-X: 4 ; Num-Y: 8 ; Resolution: 6500 ; Rank: 6 ; Rank-X: 2 ; Rank-Y: 1 ; Rowstart: 813; Rowend: 1627; Rows: 814; Colstart: 3250; Colend: 4876; Cols: 1626;
Num-X: 4 ; Num-Y: 8 ; Resolution: 6500 ; Rank: 10 ; Rank-X: 2 ; Rank-Y: 2 ; Rowstart: 1626; Rowend: 2440; Rows: 814; Colstart: 3250; Colend: 4876; Cols: 1626;
Num-X: 4 ; Num-Y: 8 ; Resolution: 6500 ; Rank: 25 ; Rank-X: 1 ; Rank-Y: 6 ; Rowstart: 4876; Rowend: 5689; Rows: 813; Colstart: 1625; Colend: 3251; Cols: 1626;
Num-X: 4 ; Num-Y: 8 ; Resolution: 6500 ; Rank: 14 ; Rank-X: 2 ; Rank-Y: 3 ; Rowstart: 2439; Rowend: 3253; Rows: 814; Colstart: 3250; Colend: 4876; Cols: 1626;
Num-X: 4 ; Num-Y: 8 ; Resolution: 6500 ; Rank: 29 ; Rank-X: 1 ; Rank-Y: 7 ; Rowstart: 5688; Rowend: 6501; Rows: 813; Colstart: 1625; Colend: 3251; Cols: 1626;
Num-X: 4 ; Num-Y: 8 ; Resolution: 6500 ; Rank: 13 ; Rank-X: 1 ; Rank-Y: 3 ; Rowstart: 2439; Rowend: 3253; Rows: 814; Colstart: 1625; Colend: 3251; Cols: 1626;
Num-X: 4 ; Num-Y: 8 ; Resolution: 6500 ; Rank: 28 ; Rank-X: 0 ; Rank-Y: 7 ; Rowstart: 5688; Rowend: 6501; Rows: 813; Colstart: 0; Colend: 1626; Cols: 1626;

Resolution: 6500
===================
Execution time: 0.020658
Residual: 3.049154

megaflops:  286329.5
  flop instructions (M):  5915.000

Num-X: 4 ; Num-Y: 8 ; Resolution: 7500 ; Rank: 5 ; Rank-X: 1 ; Rank-Y: 1 ; Rowstart: 938; Rowend: 1877; Rows: 939; Colstart: 1875; Colend: 3751; Cols: 1876;
Num-X: 4 ; Num-Y: 8 ; Resolution: 7500 ; Rank: 6 ; Rank-X: 2 ; Rank-Y: 1 ; Rowstart: 938; Rowend: 1877; Rows: 939; Colstart: 3750; Colend: 5626; Cols: 1876;
Num-X: 4 ; Num-Y: 8 ; Resolution: 7500 ; Rank: 20 ; Rank-X: 0 ; Rank-Y: 5 ; Rowstart: 4689; Rowend: 5627; Rows: 938; Colstart: 0; Colend: 1876; Cols: 1876;
Num-X: 4 ; Num-Y: 8 ; Resolution: 7500 ; Rank: 26 ; Rank-X: 2 ; Rank-Y: 6 ; Rowstart: 5626; Rowend: 6564; Rows: 938; Colstart: 3750; Colend: 5626; Cols: 1876;
Num-X: 4 ; Num-Y: 8 ; Resolution: 7500 ; Rank: 14 ; Rank-X: 2 ; Rank-Y: 3 ; Rowstart: 2814; Rowend: 3753; Rows: 939; Colstart: 3750; Colend: 5626; Cols: 1876;
Num-X: 4 ; Num-Y: 8 ; Resolution: 7500 ; Rank: 4 ; Rank-X: 0 ; Rank-Y: 1 ; Rowstart: 938; Rowend: 1877; Rows: 939; Colstart: 0; Colend: 1876; Cols: 1876;
Num-X: 4 ; Num-Y: 8 ; Resolution: 7500 ; Rank: 21 ; Rank-X: 1 ; Rank-Y: 5 ; Rowstart: 4689; Rowend: 5627; Rows: 938; Colstart: 1875; Colend: 3751; Cols: 1876;
Num-X: 4 ; Num-Y: 8 ; Resolution: 7500 ; Rank: 10 ; Rank-X: 2 ; Rank-Y: 2 ; Rowstart: 1876; Rowend: 2815; Rows: 939; Colstart: 3750; Colend: 5626; Cols: 1876;
Num-X: 4 ; Num-Y: 8 ; Resolution: 7500 ; Rank: 3 ; Rank-X: 3 ; Rank-Y: 0 ; Rowstart: 0; Rowend: 939; Rows: 939; Colstart: 5625; Colend: 7501; Cols: 1876;
Num-X: 4 ; Num-Y: 8 ; Resolution: 7500 ; Rank: 22 ; Rank-X: 2 ; Rank-Y: 5 ; Rowstart: 4689; Rowend: 5627; Rows: 938; Colstart: 3750; Colend: 5626; Cols: 1876;
Num-X: 4 ; Num-Y: 8 ; Resolution: 7500 ; Rank: 23 ; Rank-X: 3 ; Rank-Y: 5 ; Rowstart: 4689; Rowend: 5627; Rows: 938; Colstart: 5625; Colend: 7501; Cols: 1876;
Num-X: 4 ; Num-Y: 8 ; Resolution: 7500 ; Rank: 16 ; Rank-X: 0 ; Rank-Y: 4 ; Rowstart: 3752; Rowend: 4690; Rows: 938; Colstart: 0; Colend: 1876; Cols: 1876;
Num-X: 4 ; Num-Y: 8 ; Resolution: 7500 ; Rank: 17 ; Rank-X: 1 ; Rank-Y: 4 ; Rowstart: 3752; Rowend: 4690; Rows: 938; Colstart: 1875; Colend: 3751; Cols: 1876;
Num-X: 4 ; Num-Y: 8 ; Resolution: 7500 ; Rank: 8 ; Rank-X: 0 ; Rank-Y: 2 ; Rowstart: 1876; Rowend: 2815; Rows: 939; Colstart: 0; Colend: 1876; Cols: 1876;
Num-X: 4 ; Num-Y: 8 ; Resolution: 7500 ; Rank: 18 ; Rank-X: 2 ; Rank-Y: 4 ; Rowstart: 3752; Rowend: 4690; Rows: 938; Colstart: 3750; Colend: 5626; Cols: 1876;
Num-X: 4 ; Num-Y: 8 ; Resolution: 7500 ; Rank: 0 ; Rank-X: 0 ; Rank-Y: 0 ; Rowstart: 0; Rowend: 939; Rows: 939; Colstart: 0; Colend: 1876; Cols: 1876;
Num-X: 4 ; Num-Y: 8 ; Resolution: 7500 ; Rank: 19 ; Rank-X: 3 ; Rank-Y: 4 ; Rowstart: 3752; Rowend: 4690; Rows: 938; Colstart: 5625; Colend: 7501; Cols: 1876;
Num-X: 4 ; Num-Y: 8 ; Resolution: 7500 ; Rank: 13 ; Rank-X: 1 ; Rank-Y: 3 ; Rowstart: 2814; Rowend: 3753; Rows: 939; Colstart: 1875; Colend: 3751; Cols: 1876;
Num-X: 4 ; Num-Y: 8 ; Resolution: 7500 ; Rank: 12 ; Rank-X: 0 ; Rank-Y: 3 ; Rowstart: 2814; Rowend: 3753; Rows: 939; Colstart: 0; Colend: 1876; Cols: 1876;
Num-X: 4 ; Num-Y: 8 ; Resolution: 7500 ; Rank: 24 ; Rank-X: 0 ; Rank-Y: 6 ; Rowstart: 5626; Rowend: 6564; Rows: 938; Colstart: 0; Colend: 1876; Cols: 1876;
Num-X: 4 ; Num-Y: 8 ; Resolution: 7500 ; Rank: 15 ; Rank-X: 3 ; Rank-Y: 3 ; Rowstart: 2814; Rowend: 3753; Rows: 939; Colstart: 5625; Colend: 7501; Cols: 1876;
Num-X: 4 ; Num-Y: 8 ; Resolution: 7500 ; Rank: 27 ; Rank-X: 3 ; Rank-Y: 6 ; Rowstart: 5626; Rowend: 6564; Rows: 938; Colstart: 5625; Colend: 7501; Cols: 1876;
Num-X: 4 ; Num-Y: 8 ; Resolution: 7500 ; Rank: 28 ; Rank-X: 0 ; Rank-Y: 7 ; Rowstart: 6563; Rowend: 7501; Rows: 938; Colstart: 0; Colend: 1876; Cols: 1876;
Num-X: 4 ; Num-Y: 8 ; Resolution: 7500 ; Rank: 9 ; Rank-X: 1 ; Rank-Y: 2 ; Rowstart: 1876; Rowend: 2815; Rows: 939; Colstart: 1875; Colend: 3751; Cols: 1876;
Num-X: 4 ; Num-Y: 8 ; Resolution: 7500 ; Rank: 30 ; Rank-X: 2 ; Rank-Y: 7 ; Rowstart: 6563; Rowend: 7501; Rows: 938; Colstart: 3750; Colend: 5626; Cols: 1876;
Num-X: 4 ; Num-Y: 8 ; Resolution: 7500 ; Rank: 11 ; Rank-X: 3 ; Rank-Y: 2 ; Rowstart: 1876; Rowend: 2815; Rows: 939; Colstart: 5625; Colend: 7501; Cols: 1876;
Num-X: 4 ; Num-Y: 8 ; Resolution: 7500 ; Rank: 31 ; Rank-X: 3 ; Rank-Y: 7 ; Rowstart: 6563; Rowend: 7501; Rows: 938; Colstart: 5625; Colend: 7501; Cols: 1876;
Num-X: 4 ; Num-Y: 8 ; Resolution: 7500 ; Rank: 2 ; Rank-X: 2 ; Rank-Y: 0 ; Rowstart: 0; Rowend: 939; Rows: 939; Colstart: 3750; Colend: 5626; Cols: 1876;
Num-X: 4 ; Num-Y: 8 ; Resolution: 7500 ; Rank: 1 ; Rank-X: 1 ; Rank-Y: 0 ; Rowstart: 0; Rowend: 939; Rows: 939; Colstart: 1875; Colend: 3751; Cols: 1876;
Num-X: 4 ; Num-Y: 8 ; Resolution: 7500 ; Rank: 7 ; Rank-X: 3 ; Rank-Y: 1 ; Rowstart: 938; Rowend: 1877; Rows: 939; Colstart: 5625; Colend: 7501; Cols: 1876;
Num-X: 4 ; Num-Y: 8 ; Resolution: 7500 ; Rank: 29 ; Rank-X: 1 ; Rank-Y: 7 ; Rowstart: 6563; Rowend: 7501; Rows: 938; Colstart: 1875; Colend: 3751; Cols: 1876;
Num-X: 4 ; Num-Y: 8 ; Resolution: 7500 ; Rank: 25 ; Rank-X: 1 ; Rank-Y: 6 ; Rowstart: 5626; Rowend: 6564; Rows: 938; Colstart: 1875; Colend: 3751; Cols: 1876;

Resolution: 7500
===================
Execution time: 0.028694
Residual: 3.518183

megaflops:  274448.4
  flop instructions (M):  7875.000

Num-X: 4 ; Num-Y: 8 ; Resolution: 8500 ; Rank: 2 ; Rank-X: 2 ; Rank-Y: 0 ; Rowstart: 0; Rowend: 1064; Rows: 1064; Colstart: 4250; Colend: 6376; Cols: 2126;
Num-X: 4 ; Num-Y: 8 ; Resolution: 8500 ; Rank: 22 ; Rank-X: 2 ; Rank-Y: 5 ; Rowstart: 5314; Rowend: 6377; Rows: 1063; Colstart: 4250; Colend: 6376; Cols: 2126;
Num-X: 4 ; Num-Y: 8 ; Resolution: 8500 ; Rank: 4 ; Rank-X: 0 ; Rank-Y: 1 ; Rowstart: 1063; Rowend: 2127; Rows: 1064; Colstart: 0; Colend: 2126; Cols: 2126;
Num-X: 4 ; Num-Y: 8 ; Resolution: 8500 ; Rank: 23 ; Rank-X: 3 ; Rank-Y: 5 ; Rowstart: 5314; Rowend: 6377; Rows: 1063; Colstart: 6375; Colend: 8501; Cols: 2126;
Num-X: 4 ; Num-Y: 8 ; Resolution: 8500 ; Rank: 25 ; Rank-X: 1 ; Rank-Y: 6 ; Rowstart: 6376; Rowend: 7439; Rows: 1063; Colstart: 2125; Colend: 4251; Cols: 2126;
Num-X: 4 ; Num-Y: 8 ; Resolution: 8500 ; Rank: 7 ; Rank-X: 3 ; Rank-Y: 1 ; Rowstart: 1063; Rowend: 2127; Rows: 1064; Colstart: 6375; Colend: 8501; Cols: 2126;
Num-X: 4 ; Num-Y: 8 ; Resolution: 8500 ; Rank: 16 ; Rank-X: 0 ; Rank-Y: 4 ; Rowstart: 4252; Rowend: 5315; Rows: 1063; Colstart: 0; Colend: 2126; Cols: 2126;
Num-X: 4 ; Num-Y: 8 ; Resolution: 8500 ; Rank: 29 ; Rank-X: 1 ; Rank-Y: 7 ; Rowstart: 7438; Rowend: 8501; Rows: 1063; Colstart: 2125; Colend: 4251; Cols: 2126;
Num-X: 4 ; Num-Y: 8 ; Resolution: 8500 ; Rank: 1 ; Rank-X: 1 ; Rank-Y: 0 ; Rowstart: 0; Rowend: 1064; Rows: 1064; Colstart: 2125; Colend: 4251; Cols: 2126;
Num-X: 4 ; Num-Y: 8 ; Resolution: 8500 ; Rank: 17 ; Rank-X: 1 ; Rank-Y: 4 ; Rowstart: 4252; Rowend: 5315; Rows: 1063; Colstart: 2125; Colend: 4251; Cols: 2126;
Num-X: 4 ; Num-Y: 8 ; Resolution: 8500 ; Rank: 24 ; Rank-X: 0 ; Rank-Y: 6 ; Rowstart: 6376; Rowend: 7439; Rows: 1063; Colstart: 0; Colend: 2126; Cols: 2126;
Num-X: 4 ; Num-Y: 8 ; Resolution: 8500 ; Rank: 3 ; Rank-X: 3 ; Rank-Y: 0 ; Rowstart: 0; Rowend: 1064; Rows: 1064; Colstart: 6375; Colend: 8501; Cols: 2126;
Num-X: 4 ; Num-Y: 8 ; Resolution: 8500 ; Rank: 21 ; Rank-X: 1 ; Rank-Y: 5 ; Rowstart: 5314; Rowend: 6377; Rows: 1063; Colstart: 2125; Colend: 4251; Cols: 2126;
Num-X: 4 ; Num-Y: 8 ; Resolution: 8500 ; Rank: 26 ; Rank-X: 2 ; Rank-Y: 6 ; Rowstart: 6376; Rowend: 7439; Rows: 1063; Colstart: 4250; Colend: 6376; Cols: 2126;
Num-X: 4 ; Num-Y: 8 ; Resolution: 8500 ; Rank: 8 ; Rank-X: 0 ; Rank-Y: 2 ; Rowstart: 2126; Rowend: 3190; Rows: 1064; Colstart: 0; Colend: 2126; Cols: 2126;
Num-X: 4 ; Num-Y: 8 ; Resolution: 8500 ; Rank: 6 ; Rank-X: 2 ; Rank-Y: 1 ; Rowstart: 1063; Rowend: 2127; Rows: 1064; Colstart: 4250; Colend: 6376; Cols: 2126;
Num-X: 4 ; Num-Y: 8 ; Resolution: 8500 ; Rank: 18 ; Rank-X: 2 ; Rank-Y: 4 ; Rowstart: 4252; Rowend: 5315; Rows: 1063; Colstart: 4250; Colend: 6376; Cols: 2126;
Num-X: 4 ; Num-Y: 8 ; Resolution: 8500 ; Rank: 30 ; Rank-X: 2 ; Rank-Y: 7 ; Rowstart: 7438; Rowend: 8501; Rows: 1063; Colstart: 4250; Colend: 6376; Cols: 2126;
Num-X: 4 ; Num-Y: 8 ; Resolution: 8500 ; Rank: 5 ; Rank-X: 1 ; Rank-Y: 1 ; Rowstart: 1063; Rowend: 2127; Rows: 1064; Colstart: 2125; Colend: 4251; Cols: 2126;
Num-X: 4 ; Num-Y: 8 ; Resolution: 8500 ; Rank: 19 ; Rank-X: 3 ; Rank-Y: 4 ; Rowstart: 4252; Rowend: 5315; Rows: 1063; Colstart: 6375; Colend: 8501; Cols: 2126;
Num-X: 4 ; Num-Y: 8 ; Resolution: 8500 ; Rank: 27 ; Rank-X: 3 ; Rank-Y: 6 ; Rowstart: 6376; Rowend: 7439; Rows: 1063; Colstart: 6375; Colend: 8501; Cols: 2126;
Num-X: 4 ; Num-Y: 8 ; Resolution: 8500 ; Rank: 20 ; Rank-X: 0 ; Rank-Y: 5 ; Rowstart: 5314; Rowend: 6377; Rows: 1063; Colstart: 0; Colend: 2126; Cols: 2126;
Num-X: 4 ; Num-Y: 8 ; Resolution: 8500 ; Rank: 28 ; Rank-X: 0 ; Rank-Y: 7 ; Rowstart: 7438; Rowend: 8501; Rows: 1063; Colstart: 0; Colend: 2126; Cols: 2126;
Num-X: 4 ; Num-Y: 8 ; Resolution: 8500 ; Rank: 31 ; Rank-X: 3 ; Rank-Y: 7 ; Rowstart: 7438; Rowend: 8501; Rows: 1063; Colstart: 6375; Colend: 8501; Cols: 2126;
Num-X: 4 ; Num-Y: 8 ; Resolution: 8500 ; Rank: 11 ; Rank-X: 3 ; Rank-Y: 2 ; Rowstart: 2126; Rowend: 3190; Rows: 1064; Colstart: 6375; Colend: 8501; Cols: 2126;
Num-X: 4 ; Num-Y: 8 ; Resolution: 8500 ; Rank: 13 ; Rank-X: 1 ; Rank-Y: 3 ; Rowstart: 3189; Rowend: 4253; Rows: 1064; Colstart: 2125; Colend: 4251; Cols: 2126;
Num-X: 4 ; Num-Y: 8 ; Resolution: 8500 ; Rank: 14 ; Rank-X: 2 ; Rank-Y: 3 ; Rowstart: 3189; Rowend: 4253; Rows: 1064; Colstart: 4250; Colend: 6376; Cols: 2126;
Num-X: 4 ; Num-Y: 8 ; Resolution: 8500 ; Rank: 10 ; Rank-X: 2 ; Rank-Y: 2 ; Rowstart: 2126; Rowend: 3190; Rows: 1064; Colstart: 4250; Colend: 6376; Cols: 2126;
Num-X: 4 ; Num-Y: 8 ; Resolution: 8500 ; Rank: 0 ; Rank-X: 0 ; Rank-Y: 0 ; Rowstart: 0; Rowend: 1064; Rows: 1064; Colstart: 0; Colend: 2126; Cols: 2126;
Num-X: 4 ; Num-Y: 8 ; Resolution: 8500 ; Rank: 9 ; Rank-X: 1 ; Rank-Y: 2 ; Rowstart: 2126; Rowend: 3190; Rows: 1064; Colstart: 2125; Colend: 4251; Cols: 2126;
Num-X: 4 ; Num-Y: 8 ; Resolution: 8500 ; Rank: 15 ; Rank-X: 3 ; Rank-Y: 3 ; Rowstart: 3189; Rowend: 4253; Rows: 1064; Colstart: 6375; Colend: 8501; Cols: 2126;
Num-X: 4 ; Num-Y: 8 ; Resolution: 8500 ; Rank: 12 ; Rank-X: 0 ; Rank-Y: 3 ; Rowstart: 3189; Rowend: 4253; Rows: 1064; Colstart: 0; Colend: 2126; Cols: 2126;

Resolution: 8500
===================
Execution time: 0.038184
Residual: 3.987213

megaflops:  264900.4
  flop instructions (M):  10115.000

Num-X: 4 ; Num-Y: 8 ; Resolution: 9500 ; Rank: 17 ; Rank-X: 1 ; Rank-Y: 4 ; Rowstart: 4752; Rowend: 5940; Rows: 1188; Colstart: 2375; Colend: 4751; Cols: 2376;
Num-X: 4 ; Num-Y: 8 ; Resolution: 9500 ; Rank: 28 ; Rank-X: 0 ; Rank-Y: 7 ; Rowstart: 8313; Rowend: 9501; Rows: 1188; Colstart: 0; Colend: 2376; Cols: 2376;
Num-X: 4 ; Num-Y: 8 ; Resolution: 9500 ; Rank: 0 ; Rank-X: 0 ; Rank-Y: 0 ; Rowstart: 0; Rowend: 1189; Rows: 1189; Colstart: 0; Colend: 2376; Cols: 2376;
Num-X: 4 ; Num-Y: 8 ; Resolution: 9500 ; Rank: 20 ; Rank-X: 0 ; Rank-Y: 5 ; Rowstart: 5939; Rowend: 7127; Rows: 1188; Colstart: 0; Colend: 2376; Cols: 2376;
Num-X: 4 ; Num-Y: 8 ; Resolution: 9500 ; Rank: 30 ; Rank-X: 2 ; Rank-Y: 7 ; Rowstart: 8313; Rowend: 9501; Rows: 1188; Colstart: 4750; Colend: 7126; Cols: 2376;
Num-X: 4 ; Num-Y: 8 ; Resolution: 9500 ; Rank: 6 ; Rank-X: 2 ; Rank-Y: 1 ; Rowstart: 1188; Rowend: 2377; Rows: 1189; Colstart: 4750; Colend: 7126; Cols: 2376;
Num-X: 4 ; Num-Y: 8 ; Resolution: 9500 ; Rank: 18 ; Rank-X: 2 ; Rank-Y: 4 ; Rowstart: 4752; Rowend: 5940; Rows: 1188; Colstart: 4750; Colend: 7126; Cols: 2376;
Num-X: 4 ; Num-Y: 8 ; Resolution: 9500 ; Rank: 13 ; Rank-X: 1 ; Rank-Y: 3 ; Rowstart: 3564; Rowend: 4753; Rows: 1189; Colstart: 2375; Colend: 4751; Cols: 2376;
Num-X: 4 ; Num-Y: 8 ; Resolution: 9500 ; Rank: 2 ; Rank-X: 2 ; Rank-Y: 0 ; Rowstart: 0; Rowend: 1189; Rows: 1189; Colstart: 4750; Colend: 7126; Cols: 2376;
Num-X: 4 ; Num-Y: 8 ; Resolution: 9500 ; Rank: 9 ; Rank-X: 1 ; Rank-Y: 2 ; Rowstart: 2376; Rowend: 3565; Rows: 1189; Colstart: 2375; Colend: 4751; Cols: 2376;
Num-X: 4 ; Num-Y: 8 ; Resolution: 9500 ; Rank: 27 ; Rank-X: 3 ; Rank-Y: 6 ; Rowstart: 7126; Rowend: 8314; Rows: 1188; Colstart: 7125; Colend: 9501; Cols: 2376;
Num-X: 4 ; Num-Y: 8 ; Resolution: 9500 ; Rank: 24 ; Rank-X: 0 ; Rank-Y: 6 ; Rowstart: 7126; Rowend: 8314; Rows: 1188; Colstart: 0; Colend: 2376; Cols: 2376;
Num-X: 4 ; Num-Y: 8 ; Resolution: 9500 ; Rank: 26 ; Rank-X: 2 ; Rank-Y: 6 ; Rowstart: 7126; Rowend: 8314; Rows: 1188; Colstart: 4750; Colend: 7126; Cols: 2376;
Num-X: 4 ; Num-Y: 8 ; Resolution: 9500 ; Rank: 12 ; Rank-X: 0 ; Rank-Y: 3 ; Rowstart: 3564; Rowend: 4753; Rows: 1189; Colstart: 0; Colend: 2376; Cols: 2376;
Num-X: 4 ; Num-Y: 8 ; Resolution: 9500 ; Rank: 16 ; Rank-X: 0 ; Rank-Y: 4 ; Rowstart: 4752; Rowend: 5940; Rows: 1188; Colstart: 0; Colend: 2376; Cols: 2376;
Num-X: 4 ; Num-Y: 8 ; Resolution: 9500 ; Rank: 31 ; Rank-X: 3 ; Rank-Y: 7 ; Rowstart: 8313; Rowend: 9501; Rows: 1188; Colstart: 7125; Colend: 9501; Cols: 2376;
Num-X: 4 ; Num-Y: 8 ; Resolution: 9500 ; Rank: 15 ; Rank-X: 3 ; Rank-Y: 3 ; Rowstart: 3564; Rowend: 4753; Rows: 1189; Colstart: 7125; Colend: 9501; Cols: 2376;
Num-X: 4 ; Num-Y: 8 ; Resolution: 9500 ; Rank: 19 ; Rank-X: 3 ; Rank-Y: 4 ; Rowstart: 4752; Rowend: 5940; Rows: 1188; Colstart: 7125; Colend: 9501; Cols: 2376;
Num-X: 4 ; Num-Y: 8 ; Resolution: 9500 ; Rank: 29 ; Rank-X: 1 ; Rank-Y: 7 ; Rowstart: 8313; Rowend: 9501; Rows: 1188; Colstart: 2375; Colend: 4751; Cols: 2376;
Num-X: 4 ; Num-Y: 8 ; Resolution: 9500 ; Rank: 14 ; Rank-X: 2 ; Rank-Y: 3 ; Rowstart: 3564; Rowend: 4753; Rows: 1189; Colstart: 4750; Colend: 7126; Cols: 2376;
Num-X: 4 ; Num-Y: 8 ; Resolution: 9500 ; Rank: 5 ; Rank-X: 1 ; Rank-Y: 1 ; Rowstart: 1188; Rowend: 2377; Rows: 1189; Colstart: 2375; Colend: 4751; Cols: 2376;
Num-X: 4 ; Num-Y: 8 ; Resolution: 9500 ; Rank: 21 ; Rank-X: 1 ; Rank-Y: 5 ; Rowstart: 5939; Rowend: 7127; Rows: 1188; Colstart: 2375; Colend: 4751; Cols: 2376;
Num-X: 4 ; Num-Y: 8 ; Resolution: 9500 ; Rank: 25 ; Rank-X: 1 ; Rank-Y: 6 ; Rowstart: 7126; Rowend: 8314; Rows: 1188; Colstart: 2375; Colend: 4751; Cols: 2376;
Num-X: 4 ; Num-Y: 8 ; Resolution: 9500 ; Rank: 1 ; Rank-X: 1 ; Rank-Y: 0 ; Rowstart: 0; Rowend: 1189; Rows: 1189; Colstart: 2375; Colend: 4751; Cols: 2376;
Num-X: 4 ; Num-Y: 8 ; Resolution: 9500 ; Rank: 7 ; Rank-X: 3 ; Rank-Y: 1 ; Rowstart: 1188; Rowend: 2377; Rows: 1189; Colstart: 7125; Colend: 9501; Cols: 2376;
Num-X: 4 ; Num-Y: 8 ; Resolution: 9500 ; Rank: 10 ; Rank-X: 2 ; Rank-Y: 2 ; Rowstart: 2376; Rowend: 3565; Rows: 1189; Colstart: 4750; Colend: 7126; Cols: 2376;
Num-X: 4 ; Num-Y: 8 ; Resolution: 9500 ; Rank: 11 ; Rank-X: 3 ; Rank-Y: 2 ; Rowstart: 2376; Rowend: 3565; Rows: 1189; Colstart: 7125; Colend: 9501; Cols: 2376;
Num-X: 4 ; Num-Y: 8 ; Resolution: 9500 ; Rank: 22 ; Rank-X: 2 ; Rank-Y: 5 ; Rowstart: 5939; Rowend: 7127; Rows: 1188; Colstart: 4750; Colend: 7126; Cols: 2376;
Num-X: 4 ; Num-Y: 8 ; Resolution: 9500 ; Rank: 23 ; Rank-X: 3 ; Rank-Y: 5 ; Rowstart: 5939; Rowend: 7127; Rows: 1188; Colstart: 7125; Colend: 9501; Cols: 2376;
Num-X: 4 ; Num-Y: 8 ; Resolution: 9500 ; Rank: 3 ; Rank-X: 3 ; Rank-Y: 0 ; Rowstart: 0; Rowend: 1189; Rows: 1189; Colstart: 7125; Colend: 9501; Cols: 2376;
Num-X: 4 ; Num-Y: 8 ; Resolution: 9500 ; Rank: 4 ; Rank-X: 0 ; Rank-Y: 1 ; Rowstart: 1188; Rowend: 2377; Rows: 1189; Colstart: 0; Colend: 2376; Cols: 2376;
Num-X: 4 ; Num-Y: 8 ; Resolution: 9500 ; Rank: 8 ; Rank-X: 0 ; Rank-Y: 2 ; Rowstart: 2376; Rowend: 3565; Rows: 1189; Colstart: 0; Colend: 2376; Cols: 2376;

Resolution: 9500
===================
Execution time: 0.049485
Residual: 4.456242

megaflops:  255330.1
  flop instructions (M):  12635.000

Num-X: 4 ; Num-Y: 8 ; Resolution: 10500 ; Rank: 17 ; Rank-X: 1 ; Rank-Y: 4 ; Rowstart: 5252; Rowend: 6565; Rows: 1313; Colstart: 2625; Colend: 5251; Cols: 2626;
Num-X: 4 ; Num-Y: 8 ; Resolution: 10500 ; Rank: 25 ; Rank-X: 1 ; Rank-Y: 6 ; Rowstart: 7876; Rowend: 9189; Rows: 1313; Colstart: 2625; Colend: 5251; Cols: 2626;
Num-X: 4 ; Num-Y: 8 ; Resolution: 10500 ; Rank: 13 ; Rank-X: 1 ; Rank-Y: 3 ; Rowstart: 3939; Rowend: 5253; Rows: 1314; Colstart: 2625; Colend: 5251; Cols: 2626;
Num-X: 4 ; Num-Y: 8 ; Resolution: 10500 ; Rank: 1 ; Rank-X: 1 ; Rank-Y: 0 ; Rowstart: 0; Rowend: 1314; Rows: 1314; Colstart: 2625; Colend: 5251; Cols: 2626;
Num-X: 4 ; Num-Y: 8 ; Resolution: 10500 ; Rank: 29 ; Rank-X: 1 ; Rank-Y: 7 ; Rowstart: 9188; Rowend: 10501; Rows: 1313; Colstart: 2625; Colend: 5251; Cols: 2626;
Num-X: 4 ; Num-Y: 8 ; Resolution: 10500 ; Rank: 2 ; Rank-X: 2 ; Rank-Y: 0 ; Rowstart: 0; Rowend: 1314; Rows: 1314; Colstart: 5250; Colend: 7876; Cols: 2626;
Num-X: 4 ; Num-Y: 8 ; Resolution: 10500 ; Rank: 20 ; Rank-X: 0 ; Rank-Y: 5 ; Rowstart: 6564; Rowend: 7877; Rows: 1313; Colstart: 0; Colend: 2626; Cols: 2626;
Num-X: 4 ; Num-Y: 8 ; Resolution: 10500 ; Rank: 28 ; Rank-X: 0 ; Rank-Y: 7 ; Rowstart: 9188; Rowend: 10501; Rows: 1313; Colstart: 0; Colend: 2626; Cols: 2626;
Num-X: 4 ; Num-Y: 8 ; Resolution: 10500 ; Rank: 9 ; Rank-X: 1 ; Rank-Y: 2 ; Rowstart: 2626; Rowend: 3940; Rows: 1314; Colstart: 2625; Colend: 5251; Cols: 2626;
Num-X: 4 ; Num-Y: 8 ; Resolution: 10500 ; Rank: 16 ; Rank-X: 0 ; Rank-Y: 4 ; Rowstart: 5252; Rowend: 6565; Rows: 1313; Colstart: 0; Colend: 2626; Cols: 2626;
Num-X: 4 ; Num-Y: 8 ; Resolution: 10500 ; Rank: 12 ; Rank-X: 0 ; Rank-Y: 3 ; Rowstart: 3939; Rowend: 5253; Rows: 1314; Colstart: 0; Colend: 2626; Cols: 2626;
Num-X: 4 ; Num-Y: 8 ; Resolution: 10500 ; Rank: 15 ; Rank-X: 3 ; Rank-Y: 3 ; Rowstart: 3939; Rowend: 5253; Rows: 1314; Colstart: 7875; Colend: 10501; Cols: 2626;
Num-X: 4 ; Num-Y: 8 ; Resolution: 10500 ; Rank: 18 ; Rank-X: 2 ; Rank-Y: 4 ; Rowstart: 5252; Rowend: 6565; Rows: 1313; Colstart: 5250; Colend: 7876; Cols: 2626;
Num-X: 4 ; Num-Y: 8 ; Resolution: 10500 ; Rank: 19 ; Rank-X: 3 ; Rank-Y: 4 ; Rowstart: 5252; Rowend: 6565; Rows: 1313; Colstart: 7875; Colend: 10501; Cols: 2626;
Num-X: 4 ; Num-Y: 8 ; Resolution: 10500 ; Rank: 14 ; Rank-X: 2 ; Rank-Y: 3 ; Rowstart: 3939; Rowend: 5253; Rows: 1314; Colstart: 5250; Colend: 7876; Cols: 2626;
Num-X: 4 ; Num-Y: 8 ; Resolution: 10500 ; Rank: 30 ; Rank-X: 2 ; Rank-Y: 7 ; Rowstart: 9188; Rowend: 10501; Rows: 1313; Colstart: 5250; Colend: 7876; Cols: 2626;
Num-X: 4 ; Num-Y: 8 ; Resolution: 10500 ; Rank: 24 ; Rank-X: 0 ; Rank-Y: 6 ; Rowstart: 7876; Rowend: 9189; Rows: 1313; Colstart: 0; Colend: 2626; Cols: 2626;
Num-X: 4 ; Num-Y: 8 ; Resolution: 10500 ; Rank: 10 ; Rank-X: 2 ; Rank-Y: 2 ; Rowstart: 2626; Rowend: 3940; Rows: 1314; Colstart: 5250; Colend: 7876; Cols: 2626;
Num-X: 4 ; Num-Y: 8 ; Resolution: 10500 ; Rank: 11 ; Rank-X: 3 ; Rank-Y: 2 ; Rowstart: 2626; Rowend: 3940; Rows: 1314; Colstart: 7875; Colend: 10501; Cols: 2626;
Num-X: 4 ; Num-Y: 8 ; Resolution: 10500 ; Rank: 21 ; Rank-X: 1 ; Rank-Y: 5 ; Rowstart: 6564; Rowend: 7877; Rows: 1313; Colstart: 2625; Colend: 5251; Cols: 2626;
Num-X: 4 ; Num-Y: 8 ; Resolution: 10500 ; Rank: 27 ; Rank-X: 3 ; Rank-Y: 6 ; Rowstart: 7876; Rowend: 9189; Rows: 1313; Colstart: 7875; Colend: 10501; Cols: 2626;
Num-X: 4 ; Num-Y: 8 ; Resolution: 10500 ; Rank: 26 ; Rank-X: 2 ; Rank-Y: 6 ; Rowstart: 7876; Rowend: 9189; Rows: 1313; Colstart: 5250; Colend: 7876; Cols: 2626;
Num-X: 4 ; Num-Y: 8 ; Resolution: 10500 ; Rank: 31 ; Rank-X: 3 ; Rank-Y: 7 ; Rowstart: 9188; Rowend: 10501; Rows: 1313; Colstart: 7875; Colend: 10501; Cols: 2626;
Num-X: 4 ; Num-Y: 8 ; Resolution: 10500 ; Rank: 22 ; Rank-X: 2 ; Rank-Y: 5 ; Rowstart: 6564; Rowend: 7877; Rows: 1313; Colstart: 5250; Colend: 7876; Cols: 2626;
Num-X: 4 ; Num-Y: 8 ; Resolution: 10500 ; Rank: 23 ; Rank-X: 3 ; Rank-Y: 5 ; Rowstart: 6564; Rowend: 7877; Rows: 1313; Colstart: 7875; Colend: 10501; Cols: 2626;
Num-X: 4 ; Num-Y: 8 ; Resolution: 10500 ; Rank: 8 ; Rank-X: 0 ; Rank-Y: 2 ; Rowstart: 2626; Rowend: 3940; Rows: 1314; Colstart: 0; Colend: 2626; Cols: 2626;
Num-X: 4 ; Num-Y: 8 ; Resolution: 10500 ; Rank: 0 ; Rank-X: 0 ; Rank-Y: 0 ; Rowstart: 0; Rowend: 1314; Rows: 1314; Colstart: 0; Colend: 2626; Cols: 2626;
Num-X: 4 ; Num-Y: 8 ; Resolution: 10500 ; Rank: 3 ; Rank-X: 3 ; Rank-Y: 0 ; Rowstart: 0; Rowend: 1314; Rows: 1314; Colstart: 7875; Colend: 10501; Cols: 2626;
Num-X: 4 ; Num-Y: 8 ; Resolution: 10500 ; Rank: 4 ; Rank-X: 0 ; Rank-Y: 1 ; Rowstart: 1313; Rowend: 2627; Rows: 1314; Colstart: 0; Colend: 2626; Cols: 2626;
Num-X: 4 ; Num-Y: 8 ; Resolution: 10500 ; Rank: 5 ; Rank-X: 1 ; Rank-Y: 1 ; Rowstart: 1313; Rowend: 2627; Rows: 1314; Colstart: 2625; Colend: 5251; Cols: 2626;
Num-X: 4 ; Num-Y: 8 ; Resolution: 10500 ; Rank: 6 ; Rank-X: 2 ; Rank-Y: 1 ; Rowstart: 1313; Rowend: 2627; Rows: 1314; Colstart: 5250; Colend: 7876; Cols: 2626;
Num-X: 4 ; Num-Y: 8 ; Resolution: 10500 ; Rank: 7 ; Rank-X: 3 ; Rank-Y: 1 ; Rowstart: 1313; Rowend: 2627; Rows: 1314; Colstart: 7875; Colend: 10501; Cols: 2626;

Resolution: 10500
===================
Execution time: 0.062087
Residual: 4.925272

megaflops:  248602.5
  flop instructions (M):  15435.000

Num-X: 4 ; Num-Y: 8 ; Resolution: 11500 ; Rank: 22 ; Rank-X: 2 ; Rank-Y: 5 ; Rowstart: 7189; Rowend: 8627; Rows: 1438; Colstart: 5750; Colend: 8626; Cols: 2876;
Num-X: 4 ; Num-Y: 8 ; Resolution: 11500 ; Rank: 23 ; Rank-X: 3 ; Rank-Y: 5 ; Rowstart: 7189; Rowend: 8627; Rows: 1438; Colstart: 8625; Colend: 11501; Cols: 2876;
Num-X: 4 ; Num-Y: 8 ; Resolution: 11500 ; Rank: 20 ; Rank-X: 0 ; Rank-Y: 5 ; Rowstart: 7189; Rowend: 8627; Rows: 1438; Colstart: 0; Colend: 2876; Cols: 2876;
Num-X: 4 ; Num-Y: 8 ; Resolution: 11500 ; Rank: 17 ; Rank-X: 1 ; Rank-Y: 4 ; Rowstart: 5752; Rowend: 7190; Rows: 1438; Colstart: 2875; Colend: 5751; Cols: 2876;
Num-X: 4 ; Num-Y: 8 ; Resolution: 11500 ; Rank: 4 ; Rank-X: 0 ; Rank-Y: 1 ; Rowstart: 1438; Rowend: 2877; Rows: 1439; Colstart: 0; Colend: 2876; Cols: 2876;
Num-X: 4 ; Num-Y: 8 ; Resolution: 11500 ; Rank: 21 ; Rank-X: 1 ; Rank-Y: 5 ; Rowstart: 7189; Rowend: 8627; Rows: 1438; Colstart: 2875; Colend: 5751; Cols: 2876;
Num-X: 4 ; Num-Y: 8 ; Resolution: 11500 ; Rank: 25 ; Rank-X: 1 ; Rank-Y: 6 ; Rowstart: 8626; Rowend: 10064; Rows: 1438; Colstart: 2875; Colend: 5751; Cols: 2876;
Num-X: 4 ; Num-Y: 8 ; Resolution: 11500 ; Rank: 13 ; Rank-X: 1 ; Rank-Y: 3 ; Rowstart: 4314; Rowend: 5753; Rows: 1439; Colstart: 2875; Colend: 5751; Cols: 2876;
Num-X: 4 ; Num-Y: 8 ; Resolution: 11500 ; Rank: 3 ; Rank-X: 3 ; Rank-Y: 0 ; Rowstart: 0; Rowend: 1439; Rows: 1439; Colstart: 8625; Colend: 11501; Cols: 2876;
Num-X: 4 ; Num-Y: 8 ; Resolution: 11500 ; Rank: 18 ; Rank-X: 2 ; Rank-Y: 4 ; Rowstart: 5752; Rowend: 7190; Rows: 1438; Colstart: 5750; Colend: 8626; Cols: 2876;
Num-X: 4 ; Num-Y: 8 ; Resolution: 11500 ; Rank: 7 ; Rank-X: 3 ; Rank-Y: 1 ; Rowstart: 1438; Rowend: 2877; Rows: 1439; Colstart: 8625; Colend: 11501; Cols: 2876;
Num-X: 4 ; Num-Y: 8 ; Resolution: 11500 ; Rank: 0 ; Rank-X: 0 ; Rank-Y: 0 ; Rowstart: 0; Rowend: 1439; Rows: 1439; Colstart: 0; Colend: 2876; Cols: 2876;
Num-X: 4 ; Num-Y: 8 ; Resolution: 11500 ; Rank: 29 ; Rank-X: 1 ; Rank-Y: 7 ; Rowstart: 10063; Rowend: 11501; Rows: 1438; Colstart: 2875; Colend: 5751; Cols: 2876;
Num-X: 4 ; Num-Y: 8 ; Resolution: 11500 ; Rank: 6 ; Rank-X: 2 ; Rank-Y: 1 ; Rowstart: 1438; Rowend: 2877; Rows: 1439; Colstart: 5750; Colend: 8626; Cols: 2876;
Num-X: 4 ; Num-Y: 8 ; Resolution: 11500 ; Rank: 26 ; Rank-X: 2 ; Rank-Y: 6 ; Rowstart: 8626; Rowend: 10064; Rows: 1438; Colstart: 5750; Colend: 8626; Cols: 2876;
Num-X: 4 ; Num-Y: 8 ; Resolution: 11500 ; Rank: 2 ; Rank-X: 2 ; Rank-Y: 0 ; Rowstart: 0; Rowend: 1439; Rows: 1439; Colstart: 5750; Colend: 8626; Cols: 2876;
Num-X: 4 ; Num-Y: 8 ; Resolution: 11500 ; Rank: 5 ; Rank-X: 1 ; Rank-Y: 1 ; Rowstart: 1438; Rowend: 2877; Rows: 1439; Colstart: 2875; Colend: 5751; Cols: 2876;
Num-X: 4 ; Num-Y: 8 ; Resolution: 11500 ; Rank: 1 ; Rank-X: 1 ; Rank-Y: 0 ; Rowstart: 0; Rowend: 1439; Rows: 1439; Colstart: 2875; Colend: 5751; Cols: 2876;
Num-X: 4 ; Num-Y: 8 ; Resolution: 11500 ; Rank: 19 ; Rank-X: 3 ; Rank-Y: 4 ; Rowstart: 5752; Rowend: 7190; Rows: 1438; Colstart: 8625; Colend: 11501; Cols: 2876;
Num-X: 4 ; Num-Y: 8 ; Resolution: 11500 ; Rank: 8 ; Rank-X: 0 ; Rank-Y: 2 ; Rowstart: 2876; Rowend: 4315; Rows: 1439; Colstart: 0; Colend: 2876; Cols: 2876;
Num-X: 4 ; Num-Y: 8 ; Resolution: 11500 ; Rank: 16 ; Rank-X: 0 ; Rank-Y: 4 ; Rowstart: 5752; Rowend: 7190; Rows: 1438; Colstart: 0; Colend: 2876; Cols: 2876;
Num-X: 4 ; Num-Y: 8 ; Resolution: 11500 ; Rank: 9 ; Rank-X: 1 ; Rank-Y: 2 ; Rowstart: 2876; Rowend: 4315; Rows: 1439; Colstart: 2875; Colend: 5751; Cols: 2876;
Num-X: 4 ; Num-Y: 8 ; Resolution: 11500 ; Rank: 27 ; Rank-X: 3 ; Rank-Y: 6 ; Rowstart: 8626; Rowend: 10064; Rows: 1438; Colstart: 8625; Colend: 11501; Cols: 2876;
Num-X: 4 ; Num-Y: 8 ; Resolution: 11500 ; Rank: 28 ; Rank-X: 0 ; Rank-Y: 7 ; Rowstart: 10063; Rowend: 11501; Rows: 1438; Colstart: 0; Colend: 2876; Cols: 2876;
Num-X: 4 ; Num-Y: 8 ; Resolution: 11500 ; Rank: 14 ; Rank-X: 2 ; Rank-Y: 3 ; Rowstart: 4314; Rowend: 5753; Rows: 1439; Colstart: 5750; Colend: 8626; Cols: 2876;
Num-X: 4 ; Num-Y: 8 ; Resolution: 11500 ; Rank: 30 ; Rank-X: 2 ; Rank-Y: 7 ; Rowstart: 10063; Rowend: 11501; Rows: 1438; Colstart: 5750; Colend: 8626; Cols: 2876;
Num-X: 4 ; Num-Y: 8 ; Resolution: 11500 ; Rank: 15 ; Rank-X: 3 ; Rank-Y: 3 ; Rowstart: 4314; Rowend: 5753; Rows: 1439; Colstart: 8625; Colend: 11501; Cols: 2876;
Num-X: 4 ; Num-Y: 8 ; Resolution: 11500 ; Rank: 24 ; Rank-X: 0 ; Rank-Y: 6 ; Rowstart: 8626; Rowend: 10064; Rows: 1438; Colstart: 0; Colend: 2876; Cols: 2876;
Num-X: 4 ; Num-Y: 8 ; Resolution: 11500 ; Rank: 12 ; Rank-X: 0 ; Rank-Y: 3 ; Rowstart: 4314; Rowend: 5753; Rows: 1439; Colstart: 0; Colend: 2876; Cols: 2876;
Num-X: 4 ; Num-Y: 8 ; Resolution: 11500 ; Rank: 10 ; Rank-X: 2 ; Rank-Y: 2 ; Rowstart: 2876; Rowend: 4315; Rows: 1439; Colstart: 5750; Colend: 8626; Cols: 2876;
Num-X: 4 ; Num-Y: 8 ; Resolution: 11500 ; Rank: 11 ; Rank-X: 3 ; Rank-Y: 2 ; Rowstart: 2876; Rowend: 4315; Rows: 1439; Colstart: 8625; Colend: 11501; Cols: 2876;
Num-X: 4 ; Num-Y: 8 ; Resolution: 11500 ; Rank: 31 ; Rank-X: 3 ; Rank-Y: 7 ; Rowstart: 10063; Rowend: 11501; Rows: 1438; Colstart: 8625; Colend: 11501; Cols: 2876;

Resolution: 11500
===================
Execution time: 0.074610
Residual: 5.394301

megaflops:  248157.1
  flop instructions (M):  18515.000

Num-X: 4 ; Num-Y: 8 ; Resolution: 12500 ; Rank: 6 ; Rank-X: 2 ; Rank-Y: 1 ; Rowstart: 1563; Rowend: 3127; Rows: 1564; Colstart: 6250; Colend: 9376; Cols: 3126;
Num-X: 4 ; Num-Y: 8 ; Resolution: 12500 ; Rank: 16 ; Rank-X: 0 ; Rank-Y: 4 ; Rowstart: 6252; Rowend: 7815; Rows: 1563; Colstart: 0; Colend: 3126; Cols: 3126;
Num-X: 4 ; Num-Y: 8 ; Resolution: 12500 ; Rank: 5 ; Rank-X: 1 ; Rank-Y: 1 ; Rowstart: 1563; Rowend: 3127; Rows: 1564; Colstart: 3125; Colend: 6251; Cols: 3126;
Num-X: 4 ; Num-Y: 8 ; Resolution: 12500 ; Rank: 21 ; Rank-X: 1 ; Rank-Y: 5 ; Rowstart: 7814; Rowend: 9377; Rows: 1563; Colstart: 3125; Colend: 6251; Cols: 3126;
Num-X: 4 ; Num-Y: 8 ; Resolution: 12500 ; Rank: 18 ; Rank-X: 2 ; Rank-Y: 4 ; Rowstart: 6252; Rowend: 7815; Rows: 1563; Colstart: 6250; Colend: 9376; Cols: 3126;
Num-X: 4 ; Num-Y: 8 ; Resolution: 12500 ; Rank: 26 ; Rank-X: 2 ; Rank-Y: 6 ; Rowstart: 9376; Rowend: 10939; Rows: 1563; Colstart: 6250; Colend: 9376; Cols: 3126;
Num-X: 4 ; Num-Y: 8 ; Resolution: 12500 ; Rank: 4 ; Rank-X: 0 ; Rank-Y: 1 ; Rowstart: 1563; Rowend: 3127; Rows: 1564; Colstart: 0; Colend: 3126; Cols: 3126;
Num-X: 4 ; Num-Y: 8 ; Resolution: 12500 ; Rank: 22 ; Rank-X: 2 ; Rank-Y: 5 ; Rowstart: 7814; Rowend: 9377; Rows: 1563; Colstart: 6250; Colend: 9376; Cols: 3126;
Num-X: 4 ; Num-Y: 8 ; Resolution: 12500 ; Rank: 19 ; Rank-X: 3 ; Rank-Y: 4 ; Rowstart: 6252; Rowend: 7815; Rows: 1563; Colstart: 9375; Colend: 12501; Cols: 3126;
Num-X: 4 ; Num-Y: 8 ; Resolution: 12500 ; Rank: 23 ; Rank-X: 3 ; Rank-Y: 5 ; Rowstart: 7814; Rowend: 9377; Rows: 1563; Colstart: 9375; Colend: 12501; Cols: 3126;
Num-X: 4 ; Num-Y: 8 ; Resolution: 12500 ; Rank: 14 ; Rank-X: 2 ; Rank-Y: 3 ; Rowstart: 4689; Rowend: 6253; Rows: 1564; Colstart: 6250; Colend: 9376; Cols: 3126;
Num-X: 4 ; Num-Y: 8 ; Resolution: 12500 ; Rank: 17 ; Rank-X: 1 ; Rank-Y: 4 ; Rowstart: 6252; Rowend: 7815; Rows: 1563; Colstart: 3125; Colend: 6251; Cols: 3126;
Num-X: 4 ; Num-Y: 8 ; Resolution: 12500 ; Rank: 24 ; Rank-X: 0 ; Rank-Y: 6 ; Rowstart: 9376; Rowend: 10939; Rows: 1563; Colstart: 0; Colend: 3126; Cols: 3126;
Num-X: 4 ; Num-Y: 8 ; Resolution: 12500 ; Rank: 20 ; Rank-X: 0 ; Rank-Y: 5 ; Rowstart: 7814; Rowend: 9377; Rows: 1563; Colstart: 0; Colend: 3126; Cols: 3126;
Num-X: 4 ; Num-Y: 8 ; Resolution: 12500 ; Rank: 10 ; Rank-X: 2 ; Rank-Y: 2 ; Rowstart: 3126; Rowend: 4690; Rows: 1564; Colstart: 6250; Colend: 9376; Cols: 3126;
Num-X: 4 ; Num-Y: 8 ; Resolution: 12500 ; Rank: 2 ; Rank-X: 2 ; Rank-Y: 0 ; Rowstart: 0; Rowend: 1564; Rows: 1564; Colstart: 6250; Colend: 9376; Cols: 3126;
Num-X: 4 ; Num-Y: 8 ; Resolution: 12500 ; Rank: 7 ; Rank-X: 3 ; Rank-Y: 1 ; Rowstart: 1563; Rowend: 3127; Rows: 1564; Colstart: 9375; Colend: 12501; Cols: 3126;
Num-X: 4 ; Num-Y: 8 ; Resolution: 12500 ; Rank: 13 ; Rank-X: 1 ; Rank-Y: 3 ; Rowstart: 4689; Rowend: 6253; Rows: 1564; Colstart: 3125; Colend: 6251; Cols: 3126;
Num-X: 4 ; Num-Y: 8 ; Resolution: 12500 ; Rank: 1 ; Rank-X: 1 ; Rank-Y: 0 ; Rowstart: 0; Rowend: 1564; Rows: 1564; Colstart: 3125; Colend: 6251; Cols: 3126;
Num-X: 4 ; Num-Y: 8 ; Resolution: 12500 ; Rank: 3 ; Rank-X: 3 ; Rank-Y: 0 ; Rowstart: 0; Rowend: 1564; Rows: 1564; Colstart: 9375; Colend: 12501; Cols: 3126;
Num-X: 4 ; Num-Y: 8 ; Resolution: 12500 ; Rank: 27 ; Rank-X: 3 ; Rank-Y: 6 ; Rowstart: 9376; Rowend: 10939; Rows: 1563; Colstart: 9375; Colend: 12501; Cols: 3126;
Num-X: 4 ; Num-Y: 8 ; Resolution: 12500 ; Rank: 30 ; Rank-X: 2 ; Rank-Y: 7 ; Rowstart: 10938; Rowend: 12501; Rows: 1563; Colstart: 6250; Colend: 9376; Cols: 3126;
Num-X: 4 ; Num-Y: 8 ; Resolution: 12500 ; Rank: 25 ; Rank-X: 1 ; Rank-Y: 6 ; Rowstart: 9376; Rowend: 10939; Rows: 1563; Colstart: 3125; Colend: 6251; Cols: 3126;
Num-X: 4 ; Num-Y: 8 ; Resolution: 12500 ; Rank: 29 ; Rank-X: 1 ; Rank-Y: 7 ; Rowstart: 10938; Rowend: 12501; Rows: 1563; Colstart: 3125; Colend: 6251; Cols: 3126;
Num-X: 4 ; Num-Y: 8 ; Resolution: 12500 ; Rank: 8 ; Rank-X: 0 ; Rank-Y: 2 ; Rowstart: 3126; Rowend: 4690; Rows: 1564; Colstart: 0; Colend: 3126; Cols: 3126;
Num-X: 4 ; Num-Y: 8 ; Resolution: 12500 ; Rank: 31 ; Rank-X: 3 ; Rank-Y: 7 ; Rowstart: 10938; Rowend: 12501; Rows: 1563; Colstart: 9375; Colend: 12501; Cols: 3126;
Num-X: 4 ; Num-Y: 8 ; Resolution: 12500 ; Rank: 28 ; Rank-X: 0 ; Rank-Y: 7 ; Rowstart: 10938; Rowend: 12501; Rows: 1563; Colstart: 0; Colend: 3126; Cols: 3126;
Num-X: 4 ; Num-Y: 8 ; Resolution: 12500 ; Rank: 9 ; Rank-X: 1 ; Rank-Y: 2 ; Rowstart: 3126; Rowend: 4690; Rows: 1564; Colstart: 3125; Colend: 6251; Cols: 3126;
Num-X: 4 ; Num-Y: 8 ; Resolution: 12500 ; Rank: 12 ; Rank-X: 0 ; Rank-Y: 3 ; Rowstart: 4689; Rowend: 6253; Rows: 1564; Colstart: 0; Colend: 3126; Cols: 3126;
Num-X: 4 ; Num-Y: 8 ; Resolution: 12500 ; Rank: 15 ; Rank-X: 3 ; Rank-Y: 3 ; Rowstart: 4689; Rowend: 6253; Rows: 1564; Colstart: 9375; Colend: 12501; Cols: 3126;
Num-X: 4 ; Num-Y: 8 ; Resolution: 12500 ; Rank: 0 ; Rank-X: 0 ; Rank-Y: 0 ; Rowstart: 0; Rowend: 1564; Rows: 1564; Colstart: 0; Colend: 3126; Cols: 3126;
Num-X: 4 ; Num-Y: 8 ; Resolution: 12500 ; Rank: 11 ; Rank-X: 3 ; Rank-Y: 2 ; Rowstart: 3126; Rowend: 4690; Rows: 1564; Colstart: 9375; Colend: 12501; Cols: 3126;

Resolution: 12500
===================
Execution time: 0.087872
Residual: 5.863330

megaflops:  248941.6
  flop instructions (M):  21875.000
