mpiexec -genv I_MPI_DEBUG=4 -genv OMP_NUM_THREADS=32 -genv I_MPI_PIN_DOMAIN=omp -n 6 ./heat test.dat 3 2
[0] MPI startup(): Intel(R) MPI Library, Version 2019 Update 8  Build 20200624 (id: 4f16ad915)
[0] MPI startup(): Copyright (C) 2003-2020 Intel Corporation.  All rights reserved.
[0] MPI startup(): library kind: release
[0] MPI startup(): libfabric version: 1.10.1-impi
[0] MPI startup(): libfabric provider: psm2
[0] MPI startup(): Rank    Pid      Node name     Pin cpu
[0] MPI startup(): 0       2854037  i01r01c04s06  {0,1,2,3,4,5,6,7,8,9,10,11,12,13,14,15,48,49,50,51,52,53,54,55,56,57,58,59,60,61,
                                    62,63}
[0] MPI startup(): 1       2854038  i01r01c04s06  {16,17,18,19,20,21,22,23,24,25,26,27,28,29,30,31,64,65,66,67,68,69,70,71,72,73,74
                                    ,75,76,77,78,79}
[0] MPI startup(): 2       1863148  i01r01c04s07  {0,1,2,3,4,5,6,7,8,9,10,11,12,13,14,15,48,49,50,51,52,53,54,55,56,57,58,59,60,61,
                                    62,63}
[0] MPI startup(): 3       1863149  i01r01c04s07  {16,17,18,19,20,21,22,23,24,25,26,27,28,29,30,31,64,65,66,67,68,69,70,71,72,73,74
                                    ,75,76,77,78,79}
[0] MPI startup(): 4       1813782  i01r01c04s08  {0,1,2,3,4,5,6,7,8,9,10,11,12,13,14,15,48,49,50,51,52,53,54,55,56,57,58,59,60,61,
                                    62,63}
[0] MPI startup(): 5       1798355  i01r01c04s09  {0,1,2,3,4,5,6,7,8,9,10,11,12,13,14,15,48,49,50,51,52,53,54,55,56,57,58,59,60,61,
                                    62,63}

3 processes distributed in X-direction
 2 ; processes distributed in Y-direction
Resolutions       : (4500, 5500, ... 12500)
Iterations        : 20
Num. Heat sources : 2
   1: (0.00, 0.00) 1.00 1.00 
   2: (1.00, 1.00) 1.00 0.50 
rank= 0 coords= 0 0 neighbours(up,down,left,right)= -1 2 -1 1
rank= 1 coords= 0 1 neighbours(up,down,left,right)= -1 3 0 -1
rank= 2 coords= 1 0 neighbours(up,down,left,right)= 0 4 -1 3
rank= 5 coords= 2 1 neighbours(up,down,left,right)= 3 -1 4 -1
rank= 4 coords= 2 0 neighbours(up,down,left,right)= 2 -1 -1 5
rank= 3 coords= 1 1 neighbours(up,down,left,right)= 1 5 2 -1

Num-X: 2 ; Num-Y: 3 ; Resolution: 4500 ; Rank: 5 ; Rank-X: 1 ; Rank-Y: 2 ; Rowstart: 3000; Rowend: 4501; Rows: 1501; Colstart: 2250; Colend: 4501; Cols: 2251;
Num-X: 2 ; Num-Y: 3 ; Resolution: 4500 ; Rank: 4 ; Rank-X: 0 ; Rank-Y: 2 ; Rowstart: 3000; Rowend: 4501; Rows: 1501; Colstart: 0; Colend: 2251; Cols: 2251;
Num-X: 2 ; Num-Y: 3 ; Resolution: 4500 ; Rank: 0 ; Rank-X: 0 ; Rank-Y: 0 ; Rowstart: 0; Rowend: 1501; Rows: 1501; Colstart: 0; Colend: 2251; Cols: 2251;
Num-X: 2 ; Num-Y: 3 ; Resolution: 4500 ; Rank: 1 ; Rank-X: 1 ; Rank-Y: 0 ; Rowstart: 0; Rowend: 1501; Rows: 1501; Colstart: 2250; Colend: 4501; Cols: 2251;
Num-X: 2 ; Num-Y: 3 ; Resolution: 4500 ; Rank: 2 ; Rank-X: 0 ; Rank-Y: 1 ; Rowstart: 1500; Rowend: 3001; Rows: 1501; Colstart: 0; Colend: 2251; Cols: 2251;
Num-X: 2 ; Num-Y: 3 ; Resolution: 4500 ; Rank: 3 ; Rank-X: 1 ; Rank-Y: 1 ; Rowstart: 1500; Rowend: 3001; Rows: 1501; Colstart: 2250; Colend: 4501; Cols: 2251;

Resolution: 4500
===================
Execution time: 0.017301
Residual: 2.111093

megaflops:  163862.6
  flop instructions (M):  2835.000

Num-X: 2 ; Num-Y: 3 ; Resolution: 5500 ; Rank: 4 ; Rank-X: 0 ; Rank-Y: 2 ; Rowstart: 3667; Rowend: 5501; Rows: 1834; Colstart: 0; Colend: 2751; Cols: 2751;
Num-X: 2 ; Num-Y: 3 ; Resolution: 5500 ; Rank: 5 ; Rank-X: 1 ; Rank-Y: 2 ; Rowstart: 3667; Rowend: 5501; Rows: 1834; Colstart: 2750; Colend: 5501; Cols: 2751;
Num-X: 2 ; Num-Y: 3 ; Resolution: 5500 ; Rank: 1 ; Rank-X: 1 ; Rank-Y: 0 ; Rowstart: 0; Rowend: 1835; Rows: 1835; Colstart: 2750; Colend: 5501; Cols: 2751;
Num-X: 2 ; Num-Y: 3 ; Resolution: 5500 ; Rank: 3 ; Rank-X: 1 ; Rank-Y: 1 ; Rowstart: 1834; Rowend: 3668; Rows: 1834; Colstart: 2750; Colend: 5501; Cols: 2751;
Num-X: 2 ; Num-Y: 3 ; Resolution: 5500 ; Rank: 2 ; Rank-X: 0 ; Rank-Y: 1 ; Rowstart: 1834; Rowend: 3668; Rows: 1834; Colstart: 0; Colend: 2751; Cols: 2751;
Num-X: 2 ; Num-Y: 3 ; Resolution: 5500 ; Rank: 0 ; Rank-X: 0 ; Rank-Y: 0 ; Rowstart: 0; Rowend: 1835; Rows: 1835; Colstart: 0; Colend: 2751; Cols: 2751;

Resolution: 5500
===================
Execution time: 0.030824
Residual: 2.580124

megaflops:  137393.2
  flop instructions (M):  4235.000

Num-X: 2 ; Num-Y: 3 ; Resolution: 6500 ; Rank: 5 ; Rank-X: 1 ; Rank-Y: 2 ; Rowstart: 4334; Rowend: 6501; Rows: 2167; Colstart: 3250; Colend: 6501; Cols: 3251;
Num-X: 2 ; Num-Y: 3 ; Resolution: 6500 ; Rank: 4 ; Rank-X: 0 ; Rank-Y: 2 ; Rowstart: 4334; Rowend: 6501; Rows: 2167; Colstart: 0; Colend: 3251; Cols: 3251;
Num-X: 2 ; Num-Y: 3 ; Resolution: 6500 ; Rank: 1 ; Rank-X: 1 ; Rank-Y: 0 ; Rowstart: 0; Rowend: 2168; Rows: 2168; Colstart: 3250; Colend: 6501; Cols: 3251;
Num-X: 2 ; Num-Y: 3 ; Resolution: 6500 ; Rank: 3 ; Rank-X: 1 ; Rank-Y: 1 ; Rowstart: 2167; Rowend: 4335; Rows: 2168; Colstart: 3250; Colend: 6501; Cols: 3251;
Num-X: 2 ; Num-Y: 3 ; Resolution: 6500 ; Rank: 0 ; Rank-X: 0 ; Rank-Y: 0 ; Rowstart: 0; Rowend: 2168; Rows: 2168; Colstart: 0; Colend: 3251; Cols: 3251;
Num-X: 2 ; Num-Y: 3 ; Resolution: 6500 ; Rank: 2 ; Rank-X: 0 ; Rank-Y: 1 ; Rowstart: 2167; Rowend: 4335; Rows: 2168; Colstart: 0; Colend: 3251; Cols: 3251;

Resolution: 6500
===================
Execution time: 0.044912
Residual: 3.049154

megaflops:  131702.4
  flop instructions (M):  5915.000

Num-X: 2 ; Num-Y: 3 ; Resolution: 7500 ; Rank: 5 ; Rank-X: 1 ; Rank-Y: 2 ; Rowstart: 5000; Rowend: 7501; Rows: 2501; Colstart: 3750; Colend: 7501; Cols: 3751;
Num-X: 2 ; Num-Y: 3 ; Resolution: 7500 ; Rank: 4 ; Rank-X: 0 ; Rank-Y: 2 ; Rowstart: 5000; Rowend: 7501; Rows: 2501; Colstart: 0; Colend: 3751; Cols: 3751;
Num-X: 2 ; Num-Y: 3 ; Resolution: 7500 ; Rank: 1 ; Rank-X: 1 ; Rank-Y: 0 ; Rowstart: 0; Rowend: 2501; Rows: 2501; Colstart: 3750; Colend: 7501; Cols: 3751;
Num-X: 2 ; Num-Y: 3 ; Resolution: 7500 ; Rank: 0 ; Rank-X: 0 ; Rank-Y: 0 ; Rowstart: 0; Rowend: 2501; Rows: 2501; Colstart: 0; Colend: 3751; Cols: 3751;
Num-X: 2 ; Num-Y: 3 ; Resolution: 7500 ; Rank: 3 ; Rank-X: 1 ; Rank-Y: 1 ; Rowstart: 2500; Rowend: 5001; Rows: 2501; Colstart: 3750; Colend: 7501; Cols: 3751;
Num-X: 2 ; Num-Y: 3 ; Resolution: 7500 ; Rank: 2 ; Rank-X: 0 ; Rank-Y: 1 ; Rowstart: 2500; Rowend: 5001; Rows: 2501; Colstart: 0; Colend: 3751; Cols: 3751;

Resolution: 7500
===================
Execution time: 0.070420
Residual: 3.518183

megaflops:  111829.0
  flop instructions (M):  7875.000

Num-X: 2 ; Num-Y: 3 ; Resolution: 8500 ; Rank: 5 ; Rank-X: 1 ; Rank-Y: 2 ; Rowstart: 5667; Rowend: 8501; Rows: 2834; Colstart: 4250; Colend: 8501; Cols: 4251;
Num-X: 2 ; Num-Y: 3 ; Resolution: 8500 ; Rank: 4 ; Rank-X: 0 ; Rank-Y: 2 ; Rowstart: 5667; Rowend: 8501; Rows: 2834; Colstart: 0; Colend: 4251; Cols: 4251;
Num-X: 2 ; Num-Y: 3 ; Resolution: 8500 ; Rank: 1 ; Rank-X: 1 ; Rank-Y: 0 ; Rowstart: 0; Rowend: 2835; Rows: 2835; Colstart: 4250; Colend: 8501; Cols: 4251;
Num-X: 2 ; Num-Y: 3 ; Resolution: 8500 ; Rank: 0 ; Rank-X: 0 ; Rank-Y: 0 ; Rowstart: 0; Rowend: 2835; Rows: 2835; Colstart: 0; Colend: 4251; Cols: 4251;
Num-X: 2 ; Num-Y: 3 ; Resolution: 8500 ; Rank: 2 ; Rank-X: 0 ; Rank-Y: 1 ; Rowstart: 2834; Rowend: 5668; Rows: 2834; Colstart: 0; Colend: 4251; Cols: 4251;
Num-X: 2 ; Num-Y: 3 ; Resolution: 8500 ; Rank: 3 ; Rank-X: 1 ; Rank-Y: 1 ; Rowstart: 2834; Rowend: 5668; Rows: 2834; Colstart: 4250; Colend: 8501; Cols: 4251;

Resolution: 8500
===================
Execution time: 0.086127
Residual: 3.987213

megaflops:  117442.8
  flop instructions (M):  10115.000

Num-X: 2 ; Num-Y: 3 ; Resolution: 9500 ; Rank: 4 ; Rank-X: 0 ; Rank-Y: 2 ; Rowstart: 6334; Rowend: 9501; Rows: 3167; Colstart: 0; Colend: 4751; Cols: 4751;
Num-X: 2 ; Num-Y: 3 ; Resolution: 9500 ; Rank: 5 ; Rank-X: 1 ; Rank-Y: 2 ; Rowstart: 6334; Rowend: 9501; Rows: 3167; Colstart: 4750; Colend: 9501; Cols: 4751;
Num-X: 2 ; Num-Y: 3 ; Resolution: 9500 ; Rank: 1 ; Rank-X: 1 ; Rank-Y: 0 ; Rowstart: 0; Rowend: 3168; Rows: 3168; Colstart: 4750; Colend: 9501; Cols: 4751;
Num-X: 2 ; Num-Y: 3 ; Resolution: 9500 ; Rank: 3 ; Rank-X: 1 ; Rank-Y: 1 ; Rowstart: 3167; Rowend: 6335; Rows: 3168; Colstart: 4750; Colend: 9501; Cols: 4751;
Num-X: 2 ; Num-Y: 3 ; Resolution: 9500 ; Rank: 0 ; Rank-X: 0 ; Rank-Y: 0 ; Rowstart: 0; Rowend: 3168; Rows: 3168; Colstart: 0; Colend: 4751; Cols: 4751;
Num-X: 2 ; Num-Y: 3 ; Resolution: 9500 ; Rank: 2 ; Rank-X: 0 ; Rank-Y: 1 ; Rowstart: 3167; Rowend: 6335; Rows: 3168; Colstart: 0; Colend: 4751; Cols: 4751;

Resolution: 9500
===================
Execution time: 0.105931
Residual: 4.456242

megaflops:  119275.7
  flop instructions (M):  12635.000

Num-X: 2 ; Num-Y: 3 ; Resolution: 10500 ; Rank: 5 ; Rank-X: 1 ; Rank-Y: 2 ; Rowstart: 7000; Rowend: 10501; Rows: 3501; Colstart: 5250; Colend: 10501; Cols: 5251;
Num-X: 2 ; Num-Y: 3 ; Resolution: 10500 ; Rank: 4 ; Rank-X: 0 ; Rank-Y: 2 ; Rowstart: 7000; Rowend: 10501; Rows: 3501; Colstart: 0; Colend: 5251; Cols: 5251;
Num-X: 2 ; Num-Y: 3 ; Resolution: 10500 ; Rank: 1 ; Rank-X: 1 ; Rank-Y: 0 ; Rowstart: 0; Rowend: 3501; Rows: 3501; Colstart: 5250; Colend: 10501; Cols: 5251;
Num-X: 2 ; Num-Y: 3 ; Resolution: 10500 ; Rank: 3 ; Rank-X: 1 ; Rank-Y: 1 ; Rowstart: 3500; Rowend: 7001; Rows: 3501; Colstart: 5250; Colend: 10501; Cols: 5251;
Num-X: 2 ; Num-Y: 3 ; Resolution: 10500 ; Rank: 2 ; Rank-X: 0 ; Rank-Y: 1 ; Rowstart: 3500; Rowend: 7001; Rows: 3501; Colstart: 0; Colend: 5251; Cols: 5251;
Num-X: 2 ; Num-Y: 3 ; Resolution: 10500 ; Rank: 0 ; Rank-X: 0 ; Rank-Y: 0 ; Rowstart: 0; Rowend: 3501; Rows: 3501; Colstart: 0; Colend: 5251; Cols: 5251;

Resolution: 10500
===================
Execution time: 0.130980
Residual: 4.925272

megaflops:  117842.4
  flop instructions (M):  15435.000

Num-X: 2 ; Num-Y: 3 ; Resolution: 11500 ; Rank: 4 ; Rank-X: 0 ; Rank-Y: 2 ; Rowstart: 7667; Rowend: 11501; Rows: 3834; Colstart: 0; Colend: 5751; Cols: 5751;
Num-X: 2 ; Num-Y: 3 ; Resolution: 11500 ; Rank: 5 ; Rank-X: 1 ; Rank-Y: 2 ; Rowstart: 7667; Rowend: 11501; Rows: 3834; Colstart: 5750; Colend: 11501; Cols: 5751;
Num-X: 2 ; Num-Y: 3 ; Resolution: 11500 ; Rank: 1 ; Rank-X: 1 ; Rank-Y: 0 ; Rowstart: 0; Rowend: 3835; Rows: 3835; Colstart: 5750; Colend: 11501; Cols: 5751;
Num-X: 2 ; Num-Y: 3 ; Resolution: 11500 ; Rank: 3 ; Rank-X: 1 ; Rank-Y: 1 ; Rowstart: 3834; Rowend: 7668; Rows: 3834; Colstart: 5750; Colend: 11501; Cols: 5751;
Num-X: 2 ; Num-Y: 3 ; Resolution: 11500 ; Rank: 2 ; Rank-X: 0 ; Rank-Y: 1 ; Rowstart: 3834; Rowend: 7668; Rows: 3834; Colstart: 0; Colend: 5751; Cols: 5751;
Num-X: 2 ; Num-Y: 3 ; Resolution: 11500 ; Rank: 0 ; Rank-X: 0 ; Rank-Y: 0 ; Rowstart: 0; Rowend: 3835; Rows: 3835; Colstart: 0; Colend: 5751; Cols: 5751;

Resolution: 11500
===================
Execution time: 0.157079
Residual: 5.394301

megaflops:  117870.6
  flop instructions (M):  18515.000

Num-X: 2 ; Num-Y: 3 ; Resolution: 12500 ; Rank: 5 ; Rank-X: 1 ; Rank-Y: 2 ; Rowstart: 8334; Rowend: 12501; Rows: 4167; Colstart: 6250; Colend: 12501; Cols: 6251;
Num-X: 2 ; Num-Y: 3 ; Resolution: 12500 ; Rank: 4 ; Rank-X: 0 ; Rank-Y: 2 ; Rowstart: 8334; Rowend: 12501; Rows: 4167; Colstart: 0; Colend: 6251; Cols: 6251;
Num-X: 2 ; Num-Y: 3 ; Resolution: 12500 ; Rank: 3 ; Rank-X: 1 ; Rank-Y: 1 ; Rowstart: 4167; Rowend: 8335; Rows: 4168; Colstart: 6250; Colend: 12501; Cols: 6251;
Num-X: 2 ; Num-Y: 3 ; Resolution: 12500 ; Rank: 1 ; Rank-X: 1 ; Rank-Y: 0 ; Rowstart: 0; Rowend: 4168; Rows: 4168; Colstart: 6250; Colend: 12501; Cols: 6251;
Num-X: 2 ; Num-Y: 3 ; Resolution: 12500 ; Rank: 2 ; Rank-X: 0 ; Rank-Y: 1 ; Rowstart: 4167; Rowend: 8335; Rows: 4168; Colstart: 0; Colend: 6251; Cols: 6251;
Num-X: 2 ; Num-Y: 3 ; Resolution: 12500 ; Rank: 0 ; Rank-X: 0 ; Rank-Y: 0 ; Rowstart: 0; Rowend: 4168; Rows: 4168; Colstart: 0; Colend: 6251; Cols: 6251;

Resolution: 12500
===================
Execution time: 0.184321
Residual: 5.863330

megaflops:  118678.7
  flop instructions (M):  21875.000
