mpiexec -genv I_MPI_DEBUG=4 -genv OMP_NUM_THREADS=12 -genv I_MPI_PIN_DOMAIN=omp -n 16 ./heat test.dat 2 8
[0] MPI startup(): Intel(R) MPI Library, Version 2019 Update 8  Build 20200624 (id: 4f16ad915)
[0] MPI startup(): Copyright (C) 2003-2020 Intel Corporation.  All rights reserved.
[0] MPI startup(): library kind: release
[0] MPI startup(): libfabric version: 1.10.1-impi
[0] MPI startup(): libfabric provider: psm2
[0] MPI startup(): Rank    Pid      Node name     Pin cpu
[0] MPI startup(): 0       3564559  i01r01c03s01  {0,1,2,3,4,5,48,49,50,51,52,53}
[0] MPI startup(): 1       3564560  i01r01c03s01  {6,7,8,9,10,11,54,55,56,57,58,59}
[0] MPI startup(): 2       3564561  i01r01c03s01  {24,25,26,27,28,29,72,73,74,75,76,77}
[0] MPI startup(): 3       3564562  i01r01c03s01  {30,31,32,33,34,35,78,79,80,81,82,83}
[0] MPI startup(): 4       1816427  i01r01c03s02  {0,1,2,3,4,5,48,49,50,51,52,53}
[0] MPI startup(): 5       1816428  i01r01c03s02  {6,7,8,9,10,11,54,55,56,57,58,59}
[0] MPI startup(): 6       1816429  i01r01c03s02  {24,25,26,27,28,29,72,73,74,75,76,77}
[0] MPI startup(): 7       1816430  i01r01c03s02  {30,31,32,33,34,35,78,79,80,81,82,83}
[0] MPI startup(): 8       1164832  i01r01c03s03  {0,1,2,3,4,5,48,49,50,51,52,53}
[0] MPI startup(): 9       1164833  i01r01c03s03  {6,7,8,9,10,11,54,55,56,57,58,59}
[0] MPI startup(): 10      1164834  i01r01c03s03  {24,25,26,27,28,29,72,73,74,75,76,77}
[0] MPI startup(): 11      1164835  i01r01c03s03  {30,31,32,33,34,35,78,79,80,81,82,83}
[0] MPI startup(): 12      2650704  i01r01c03s04  {0,1,2,3,4,5,48,49,50,51,52,53}
[0] MPI startup(): 13      2650705  i01r01c03s04  {6,7,8,9,10,11,54,55,56,57,58,59}
[0] MPI startup(): 14      2650706  i01r01c03s04  {24,25,26,27,28,29,72,73,74,75,76,77}
[0] MPI startup(): 15      2650707  i01r01c03s04  {30,31,32,33,34,35,78,79,80,81,82,83}

2 processes distributed in X-direction
 8 ; processes distributed in Y-direction

Executing each MPI process in 12 OMP threads.

Executing each MPI process in 12 OMP threads.
Resolutions       : (4500, 5500, ... 12500)
Iterations        : 20
Num. Heat sources : 2
   1: (0.00, 0.00) 1.00 1.00 
   2: (1.00, 1.00) 1.00 0.50 
rank= 0 coords= 0 0 neighbours(up,down,left,right)= -1 8 -1 1
rank= 1 coords= 0 1 neighbours(up,down,left,right)= -1 9 0 2
rank= 8 coords= 1 0 neighbours(up,down,left,right)= 0 -1 -1 9
rank= 2 coords= 0 2 neighbours(up,down,left,right)= -1 10 1 3
rank= 4 coords= 0 4 neighbours(up,down,left,right)= -1 12 3 5
rank= 9 coords= 1 1 neighbours(up,down,left,right)= 1 -1 8 10
rank= 12 coords= 1 4 neighbours(up,down,left,right)= 4 -1 11 13
rank= 3 coords= 0 3 neighbours(up,down,left,right)= -1 11 2 4
rank= 5 coords= 0 5 neighbours(up,down,left,right)= -1 13 4 6
rank= 10 coords= 1 2 neighbours(up,down,left,right)= 2 -1 9 11
rank= 13 coords= 1 5 neighbours(up,down,left,right)= 5 -1 12 14
rank= 6 coords= 0 6 neighbours(up,down,left,right)= -1 14 5 7
rank= 11 coords= 1 3 neighbours(up,down,left,right)= 3 -1 10 12
rank= 14 coords= 1 6 neighbours(up,down,left,right)= 6 -1 13 15
rank= 7 coords= 0 7 neighbours(up,down,left,right)= -1 15 6 -1
rank= 15 coords= 1 7 neighbours(up,down,left,right)= 7 -1 14 -1

Num-X: 8 ; Num-Y: 2 ; Resolution: 4500 ; Rank: 12 ; Rank-X: 4 ; Rank-Y: 1 ; Rowstart: 2250; Rowend: 4501; Rows: 2251; Colstart: 2252; Colend: 2815; Cols: 563;
Num-X: 8 ; Num-Y: 2 ; Resolution: 4500 ; Rank: 14 ; Rank-X: 6 ; Rank-Y: 1 ; Rowstart: 2250; Rowend: 4501; Rows: 2251; Colstart: 3376; Colend: 3939; Cols: 563;
Num-X: 8 ; Num-Y: 2 ; Resolution: 4500 ; Rank: 6 ; Rank-X: 6 ; Rank-Y: 0 ; Rowstart: 0; Rowend: 2251; Rows: 2251; Colstart: 3376; Colend: 3939; Cols: 563;
Num-X: 8 ; Num-Y: 2 ; Resolution: 4500 ; Rank: 15 ; Rank-X: 7 ; Rank-Y: 1 ; Rowstart: 2250; Rowend: 4501; Rows: 2251; Colstart: 3938; Colend: 4501; Cols: 563;
Num-X: 8 ; Num-Y: 2 ; Resolution: 4500 ; Rank: 5 ; Rank-X: 5 ; Rank-Y: 0 ; Rowstart: 0; Rowend: 2251; Rows: 2251; Colstart: 2814; Colend: 3377; Cols: 563;
Num-X: 8 ; Num-Y: 2 ; Resolution: 4500 ; Rank: 8 ; Rank-X: 0 ; Rank-Y: 1 ; Rowstart: 2250; Rowend: 4501; Rows: 2251; Colstart: 0; Colend: 564; Cols: 564;
Num-X: 8 ; Num-Y: 2 ; Resolution: 4500 ; Rank: 2 ; Rank-X: 2 ; Rank-Y: 0 ; Rowstart: 0; Rowend: 2251; Rows: 2251; Colstart: 1126; Colend: 1690; Cols: 564;
Num-X: 8 ; Num-Y: 2 ; Resolution: 4500 ; Rank: 4 ; Rank-X: 4 ; Rank-Y: 0 ; Rowstart: 0; Rowend: 2251; Rows: 2251; Colstart: 2252; Colend: 2815; Cols: 563;
Num-X: 8 ; Num-Y: 2 ; Resolution: 4500 ; Rank: 9 ; Rank-X: 1 ; Rank-Y: 1 ; Rowstart: 2250; Rowend: 4501; Rows: 2251; Colstart: 563; Colend: 1127; Cols: 564;
Num-X: 8 ; Num-Y: 2 ; Resolution: 4500 ; Rank: 13 ; Rank-X: 5 ; Rank-Y: 1 ; Rowstart: 2250; Rowend: 4501; Rows: 2251; Colstart: 2814; Colend: 3377; Cols: 563;
Num-X: 8 ; Num-Y: 2 ; Resolution: 4500 ; Rank: 1 ; Rank-X: 1 ; Rank-Y: 0 ; Rowstart: 0; Rowend: 2251; Rows: 2251; Colstart: 563; Colend: 1127; Cols: 564;
Num-X: 8 ; Num-Y: 2 ; Resolution: 4500 ; Rank: 7 ; Rank-X: 7 ; Rank-Y: 0 ; Rowstart: 0; Rowend: 2251; Rows: 2251; Colstart: 3938; Colend: 4501; Cols: 563;
Num-X: 8 ; Num-Y: 2 ; Resolution: 4500 ; Rank: 10 ; Rank-X: 2 ; Rank-Y: 1 ; Rowstart: 2250; Rowend: 4501; Rows: 2251; Colstart: 1126; Colend: 1690; Cols: 564;
Num-X: 8 ; Num-Y: 2 ; Resolution: 4500 ; Rank: 3 ; Rank-X: 3 ; Rank-Y: 0 ; Rowstart: 0; Rowend: 2251; Rows: 2251; Colstart: 1689; Colend: 2253; Cols: 564;
Num-X: 8 ; Num-Y: 2 ; Resolution: 4500 ; Rank: 11 ; Rank-X: 3 ; Rank-Y: 1 ; Rowstart: 2250; Rowend: 4501; Rows: 2251; Colstart: 1689; Colend: 2253; Cols: 564;
Num-X: 8 ; Num-Y: 2 ; Resolution: 4500 ; Rank: 0 ; Rank-X: 0 ; Rank-Y: 0 ; Rowstart: 0; Rowend: 2251; Rows: 2251; Colstart: 0; Colend: 564; Cols: 564;

Resolution: 4500
===================
Execution time: 0.006018
Residual: 2.111093

megaflops:  471074.1
  flop instructions (M):  2835.000

Num-X: 8 ; Num-Y: 2 ; Resolution: 5500 ; Rank: 1 ; Rank-X: 1 ; Rank-Y: 0 ; Rowstart: 0; Rowend: 2751; Rows: 2751; Colstart: 688; Colend: 1377; Cols: 689;
Num-X: 8 ; Num-Y: 2 ; Resolution: 5500 ; Rank: 3 ; Rank-X: 3 ; Rank-Y: 0 ; Rowstart: 0; Rowend: 2751; Rows: 2751; Colstart: 2064; Colend: 2753; Cols: 689;
Num-X: 8 ; Num-Y: 2 ; Resolution: 5500 ; Rank: 9 ; Rank-X: 1 ; Rank-Y: 1 ; Rowstart: 2750; Rowend: 5501; Rows: 2751; Colstart: 688; Colend: 1377; Cols: 689;
Num-X: 8 ; Num-Y: 2 ; Resolution: 5500 ; Rank: 12 ; Rank-X: 4 ; Rank-Y: 1 ; Rowstart: 2750; Rowend: 5501; Rows: 2751; Colstart: 2752; Colend: 3440; Cols: 688;
Num-X: 8 ; Num-Y: 2 ; Resolution: 5500 ; Rank: 2 ; Rank-X: 2 ; Rank-Y: 0 ; Rowstart: 0; Rowend: 2751; Rows: 2751; Colstart: 1376; Colend: 2065; Cols: 689;
Num-X: 8 ; Num-Y: 2 ; Resolution: 5500 ; Rank: 4 ; Rank-X: 4 ; Rank-Y: 0 ; Rowstart: 0; Rowend: 2751; Rows: 2751; Colstart: 2752; Colend: 3440; Cols: 688;
Num-X: 8 ; Num-Y: 2 ; Resolution: 5500 ; Rank: 13 ; Rank-X: 5 ; Rank-Y: 1 ; Rowstart: 2750; Rowend: 5501; Rows: 2751; Colstart: 3439; Colend: 4127; Cols: 688;
Num-X: 8 ; Num-Y: 2 ; Resolution: 5500 ; Rank: 0 ; Rank-X: 0 ; Rank-Y: 0 ; Rowstart: 0; Rowend: 2751; Rows: 2751; Colstart: 0; Colend: 689; Cols: 689;
Num-X: 8 ; Num-Y: 2 ; Resolution: 5500 ; Rank: 5 ; Rank-X: 5 ; Rank-Y: 0 ; Rowstart: 0; Rowend: 2751; Rows: 2751; Colstart: 3439; Colend: 4127; Cols: 688;
Num-X: 8 ; Num-Y: 2 ; Resolution: 5500 ; Rank: 14 ; Rank-X: 6 ; Rank-Y: 1 ; Rowstart: 2750; Rowend: 5501; Rows: 2751; Colstart: 4126; Colend: 4814; Cols: 688;
Num-X: 8 ; Num-Y: 2 ; Resolution: 5500 ; Rank: 6 ; Rank-X: 6 ; Rank-Y: 0 ; Rowstart: 0; Rowend: 2751; Rows: 2751; Colstart: 4126; Colend: 4814; Cols: 688;
Num-X: 8 ; Num-Y: 2 ; Resolution: 5500 ; Rank: 7 ; Rank-X: 7 ; Rank-Y: 0 ; Rowstart: 0; Rowend: 2751; Rows: 2751; Colstart: 4813; Colend: 5501; Cols: 688;
Num-X: 8 ; Num-Y: 2 ; Resolution: 5500 ; Rank: 10 ; Rank-X: 2 ; Rank-Y: 1 ; Rowstart: 2750; Rowend: 5501; Rows: 2751; Colstart: 1376; Colend: 2065; Cols: 689;
Num-X: 8 ; Num-Y: 2 ; Resolution: 5500 ; Rank: 11 ; Rank-X: 3 ; Rank-Y: 1 ; Rowstart: 2750; Rowend: 5501; Rows: 2751; Colstart: 2064; Colend: 2753; Cols: 689;
Num-X: 8 ; Num-Y: 2 ; Resolution: 5500 ; Rank: 15 ; Rank-X: 7 ; Rank-Y: 1 ; Rowstart: 2750; Rowend: 5501; Rows: 2751; Colstart: 4813; Colend: 5501; Cols: 688;
Num-X: 8 ; Num-Y: 2 ; Resolution: 5500 ; Rank: 8 ; Rank-X: 0 ; Rank-Y: 1 ; Rowstart: 2750; Rowend: 5501; Rows: 2751; Colstart: 0; Colend: 689; Cols: 689;

Resolution: 5500
===================
Execution time: 0.012833
Residual: 2.580124

megaflops:  330005.5
  flop instructions (M):  4235.000

Num-X: 8 ; Num-Y: 2 ; Resolution: 6500 ; Rank: 6 ; Rank-X: 6 ; Rank-Y: 0 ; Rowstart: 0; Rowend: 3251; Rows: 3251; Colstart: 4876; Colend: 5689; Cols: 813;
Num-X: 8 ; Num-Y: 2 ; Resolution: 6500 ; Rank: 14 ; Rank-X: 6 ; Rank-Y: 1 ; Rowstart: 3250; Rowend: 6501; Rows: 3251; Colstart: 4876; Colend: 5689; Cols: 813;
Num-X: 8 ; Num-Y: 2 ; Resolution: 6500 ; Rank: 4 ; Rank-X: 4 ; Rank-Y: 0 ; Rowstart: 0; Rowend: 3251; Rows: 3251; Colstart: 3252; Colend: 4065; Cols: 813;
Num-X: 8 ; Num-Y: 2 ; Resolution: 6500 ; Rank: 5 ; Rank-X: 5 ; Rank-Y: 0 ; Rowstart: 0; Rowend: 3251; Rows: 3251; Colstart: 4064; Colend: 4877; Cols: 813;
Num-X: 8 ; Num-Y: 2 ; Resolution: 6500 ; Rank: 13 ; Rank-X: 5 ; Rank-Y: 1 ; Rowstart: 3250; Rowend: 6501; Rows: 3251; Colstart: 4064; Colend: 4877; Cols: 813;
Num-X: 8 ; Num-Y: 2 ; Resolution: 6500 ; Rank: 7 ; Rank-X: 7 ; Rank-Y: 0 ; Rowstart: 0; Rowend: 3251; Rows: 3251; Colstart: 5688; Colend: 6501; Cols: 813;
Num-X: 8 ; Num-Y: 2 ; Resolution: 6500 ; Rank: 12 ; Rank-X: 4 ; Rank-Y: 1 ; Rowstart: 3250; Rowend: 6501; Rows: 3251; Colstart: 3252; Colend: 4065; Cols: 813;
Num-X: 8 ; Num-Y: 2 ; Resolution: 6500 ; Rank: 11 ; Rank-X: 3 ; Rank-Y: 1 ; Rowstart: 3250; Rowend: 6501; Rows: 3251; Colstart: 2439; Colend: 3253; Cols: 814;
Num-X: 8 ; Num-Y: 2 ; Resolution: 6500 ; Rank: 2 ; Rank-X: 2 ; Rank-Y: 0 ; Rowstart: 0; Rowend: 3251; Rows: 3251; Colstart: 1626; Colend: 2440; Cols: 814;
Num-X: 8 ; Num-Y: 2 ; Resolution: 6500 ; Rank: 3 ; Rank-X: 3 ; Rank-Y: 0 ; Rowstart: 0; Rowend: 3251; Rows: 3251; Colstart: 2439; Colend: 3253; Cols: 814;
Num-X: 8 ; Num-Y: 2 ; Resolution: 6500 ; Rank: 9 ; Rank-X: 1 ; Rank-Y: 1 ; Rowstart: 3250; Rowend: 6501; Rows: 3251; Colstart: 813; Colend: 1627; Cols: 814;
Num-X: 8 ; Num-Y: 2 ; Resolution: 6500 ; Rank: 10 ; Rank-X: 2 ; Rank-Y: 1 ; Rowstart: 3250; Rowend: 6501; Rows: 3251; Colstart: 1626; Colend: 2440; Cols: 814;
Num-X: 8 ; Num-Y: 2 ; Resolution: 6500 ; Rank: 8 ; Rank-X: 0 ; Rank-Y: 1 ; Rowstart: 3250; Rowend: 6501; Rows: 3251; Colstart: 0; Colend: 814; Cols: 814;
Num-X: 8 ; Num-Y: 2 ; Resolution: 6500 ; Rank: 1 ; Rank-X: 1 ; Rank-Y: 0 ; Rowstart: 0; Rowend: 3251; Rows: 3251; Colstart: 813; Colend: 1627; Cols: 814;
Num-X: 8 ; Num-Y: 2 ; Resolution: 6500 ; Rank: 0 ; Rank-X: 0 ; Rank-Y: 0 ; Rowstart: 0; Rowend: 3251; Rows: 3251; Colstart: 0; Colend: 814; Cols: 814;
Num-X: 8 ; Num-Y: 2 ; Resolution: 6500 ; Rank: 15 ; Rank-X: 7 ; Rank-Y: 1 ; Rowstart: 3250; Rowend: 6501; Rows: 3251; Colstart: 5688; Colend: 6501; Cols: 813;

Resolution: 6500
===================
Execution time: 0.020336
Residual: 3.049154

megaflops:  290864.7
  flop instructions (M):  5915.000

Num-X: 8 ; Num-Y: 2 ; Resolution: 7500 ; Rank: 1 ; Rank-X: 1 ; Rank-Y: 0 ; Rowstart: 0; Rowend: 3751; Rows: 3751; Colstart: 938; Colend: 1877; Cols: 939;
Num-X: 8 ; Num-Y: 2 ; Resolution: 7500 ; Rank: 5 ; Rank-X: 5 ; Rank-Y: 0 ; Rowstart: 0; Rowend: 3751; Rows: 3751; Colstart: 4689; Colend: 5627; Cols: 938;
Num-X: 8 ; Num-Y: 2 ; Resolution: 7500 ; Rank: 3 ; Rank-X: 3 ; Rank-Y: 0 ; Rowstart: 0; Rowend: 3751; Rows: 3751; Colstart: 2814; Colend: 3753; Cols: 939;
Num-X: 8 ; Num-Y: 2 ; Resolution: 7500 ; Rank: 6 ; Rank-X: 6 ; Rank-Y: 0 ; Rowstart: 0; Rowend: 3751; Rows: 3751; Colstart: 5626; Colend: 6564; Cols: 938;
Num-X: 8 ; Num-Y: 2 ; Resolution: 7500 ; Rank: 10 ; Rank-X: 2 ; Rank-Y: 1 ; Rowstart: 3750; Rowend: 7501; Rows: 3751; Colstart: 1876; Colend: 2815; Cols: 939;
Num-X: 8 ; Num-Y: 2 ; Resolution: 7500 ; Rank: 14 ; Rank-X: 6 ; Rank-Y: 1 ; Rowstart: 3750; Rowend: 7501; Rows: 3751; Colstart: 5626; Colend: 6564; Cols: 938;
Num-X: 8 ; Num-Y: 2 ; Resolution: 7500 ; Rank: 0 ; Rank-X: 0 ; Rank-Y: 0 ; Rowstart: 0; Rowend: 3751; Rows: 3751; Colstart: 0; Colend: 939; Cols: 939;
Num-X: 8 ; Num-Y: 2 ; Resolution: 7500 ; Rank: 15 ; Rank-X: 7 ; Rank-Y: 1 ; Rowstart: 3750; Rowend: 7501; Rows: 3751; Colstart: 6563; Colend: 7501; Cols: 938;
Num-X: 8 ; Num-Y: 2 ; Resolution: 7500 ; Rank: 8 ; Rank-X: 0 ; Rank-Y: 1 ; Rowstart: 3750; Rowend: 7501; Rows: 3751; Colstart: 0; Colend: 939; Cols: 939;
Num-X: 8 ; Num-Y: 2 ; Resolution: 7500 ; Rank: 4 ; Rank-X: 4 ; Rank-Y: 0 ; Rowstart: 0; Rowend: 3751; Rows: 3751; Colstart: 3752; Colend: 4690; Cols: 938;
Num-X: 8 ; Num-Y: 2 ; Resolution: 7500 ; Rank: 11 ; Rank-X: 3 ; Rank-Y: 1 ; Rowstart: 3750; Rowend: 7501; Rows: 3751; Colstart: 2814; Colend: 3753; Cols: 939;
Num-X: 8 ; Num-Y: 2 ; Resolution: 7500 ; Rank: 13 ; Rank-X: 5 ; Rank-Y: 1 ; Rowstart: 3750; Rowend: 7501; Rows: 3751; Colstart: 4689; Colend: 5627; Cols: 938;
Num-X: 8 ; Num-Y: 2 ; Resolution: 7500 ; Rank: 9 ; Rank-X: 1 ; Rank-Y: 1 ; Rowstart: 3750; Rowend: 7501; Rows: 3751; Colstart: 938; Colend: 1877; Cols: 939;
Num-X: 8 ; Num-Y: 2 ; Resolution: 7500 ; Rank: 7 ; Rank-X: 7 ; Rank-Y: 0 ; Rowstart: 0; Rowend: 3751; Rows: 3751; Colstart: 6563; Colend: 7501; Cols: 938;
Num-X: 8 ; Num-Y: 2 ; Resolution: 7500 ; Rank: 12 ; Rank-X: 4 ; Rank-Y: 1 ; Rowstart: 3750; Rowend: 7501; Rows: 3751; Colstart: 3752; Colend: 4690; Cols: 938;
Num-X: 8 ; Num-Y: 2 ; Resolution: 7500 ; Rank: 2 ; Rank-X: 2 ; Rank-Y: 0 ; Rowstart: 0; Rowend: 3751; Rows: 3751; Colstart: 1876; Colend: 2815; Cols: 939;

Resolution: 7500
===================
Execution time: 0.030554
Residual: 3.518183

megaflops:  257739.9
  flop instructions (M):  7875.000

Num-X: 8 ; Num-Y: 2 ; Resolution: 8500 ; Rank: 1 ; Rank-X: 1 ; Rank-Y: 0 ; Rowstart: 0; Rowend: 4251; Rows: 4251; Colstart: 1063; Colend: 2127; Cols: 1064;
Num-X: 8 ; Num-Y: 2 ; Resolution: 8500 ; Rank: 3 ; Rank-X: 3 ; Rank-Y: 0 ; Rowstart: 0; Rowend: 4251; Rows: 4251; Colstart: 3189; Colend: 4253; Cols: 1064;
Num-X: 8 ; Num-Y: 2 ; Resolution: 8500 ; Rank: 5 ; Rank-X: 5 ; Rank-Y: 0 ; Rowstart: 0; Rowend: 4251; Rows: 4251; Colstart: 5314; Colend: 6377; Cols: 1063;
Num-X: 8 ; Num-Y: 2 ; Resolution: 8500 ; Rank: 12 ; Rank-X: 4 ; Rank-Y: 1 ; Rowstart: 4250; Rowend: 8501; Rows: 4251; Colstart: 4252; Colend: 5315; Cols: 1063;
Num-X: 8 ; Num-Y: 2 ; Resolution: 8500 ; Rank: 0 ; Rank-X: 0 ; Rank-Y: 0 ; Rowstart: 0; Rowend: 4251; Rows: 4251; Colstart: 0; Colend: 1064; Cols: 1064;
Num-X: 8 ; Num-Y: 2 ; Resolution: 8500 ; Rank: 6 ; Rank-X: 6 ; Rank-Y: 0 ; Rowstart: 0; Rowend: 4251; Rows: 4251; Colstart: 6376; Colend: 7439; Cols: 1063;
Num-X: 8 ; Num-Y: 2 ; Resolution: 8500 ; Rank: 14 ; Rank-X: 6 ; Rank-Y: 1 ; Rowstart: 4250; Rowend: 8501; Rows: 4251; Colstart: 6376; Colend: 7439; Cols: 1063;
Num-X: 8 ; Num-Y: 2 ; Resolution: 8500 ; Rank: 2 ; Rank-X: 2 ; Rank-Y: 0 ; Rowstart: 0; Rowend: 4251; Rows: 4251; Colstart: 2126; Colend: 3190; Cols: 1064;
Num-X: 8 ; Num-Y: 2 ; Resolution: 8500 ; Rank: 10 ; Rank-X: 2 ; Rank-Y: 1 ; Rowstart: 4250; Rowend: 8501; Rows: 4251; Colstart: 2126; Colend: 3190; Cols: 1064;
Num-X: 8 ; Num-Y: 2 ; Resolution: 8500 ; Rank: 8 ; Rank-X: 0 ; Rank-Y: 1 ; Rowstart: 4250; Rowend: 8501; Rows: 4251; Colstart: 0; Colend: 1064; Cols: 1064;
Num-X: 8 ; Num-Y: 2 ; Resolution: 8500 ; Rank: 11 ; Rank-X: 3 ; Rank-Y: 1 ; Rowstart: 4250; Rowend: 8501; Rows: 4251; Colstart: 3189; Colend: 4253; Cols: 1064;
Num-X: 8 ; Num-Y: 2 ; Resolution: 8500 ; Rank: 4 ; Rank-X: 4 ; Rank-Y: 0 ; Rowstart: 0; Rowend: 4251; Rows: 4251; Colstart: 4252; Colend: 5315; Cols: 1063;
Num-X: 8 ; Num-Y: 2 ; Resolution: 8500 ; Rank: 13 ; Rank-X: 5 ; Rank-Y: 1 ; Rowstart: 4250; Rowend: 8501; Rows: 4251; Colstart: 5314; Colend: 6377; Cols: 1063;
Num-X: 8 ; Num-Y: 2 ; Resolution: 8500 ; Rank: 7 ; Rank-X: 7 ; Rank-Y: 0 ; Rowstart: 0; Rowend: 4251; Rows: 4251; Colstart: 7438; Colend: 8501; Cols: 1063;
Num-X: 8 ; Num-Y: 2 ; Resolution: 8500 ; Rank: 9 ; Rank-X: 1 ; Rank-Y: 1 ; Rowstart: 4250; Rowend: 8501; Rows: 4251; Colstart: 1063; Colend: 2127; Cols: 1064;
Num-X: 8 ; Num-Y: 2 ; Resolution: 8500 ; Rank: 15 ; Rank-X: 7 ; Rank-Y: 1 ; Rowstart: 4250; Rowend: 8501; Rows: 4251; Colstart: 7438; Colend: 8501; Cols: 1063;

Resolution: 8500
===================
Execution time: 0.040935
Residual: 3.987213

megaflops:  247098.8
  flop instructions (M):  10115.000

Num-X: 8 ; Num-Y: 2 ; Resolution: 9500 ; Rank: 5 ; Rank-X: 5 ; Rank-Y: 0 ; Rowstart: 0; Rowend: 4751; Rows: 4751; Colstart: 5939; Colend: 7127; Cols: 1188;
Num-X: 8 ; Num-Y: 2 ; Resolution: 9500 ; Rank: 6 ; Rank-X: 6 ; Rank-Y: 0 ; Rowstart: 0; Rowend: 4751; Rows: 4751; Colstart: 7126; Colend: 8314; Cols: 1188;
Num-X: 8 ; Num-Y: 2 ; Resolution: 9500 ; Rank: 4 ; Rank-X: 4 ; Rank-Y: 0 ; Rowstart: 0; Rowend: 4751; Rows: 4751; Colstart: 4752; Colend: 5940; Cols: 1188;
Num-X: 8 ; Num-Y: 2 ; Resolution: 9500 ; Rank: 15 ; Rank-X: 7 ; Rank-Y: 1 ; Rowstart: 4750; Rowend: 9501; Rows: 4751; Colstart: 8313; Colend: 9501; Cols: 1188;
Num-X: 8 ; Num-Y: 2 ; Resolution: 9500 ; Rank: 13 ; Rank-X: 5 ; Rank-Y: 1 ; Rowstart: 4750; Rowend: 9501; Rows: 4751; Colstart: 5939; Colend: 7127; Cols: 1188;
Num-X: 8 ; Num-Y: 2 ; Resolution: 9500 ; Rank: 7 ; Rank-X: 7 ; Rank-Y: 0 ; Rowstart: 0; Rowend: 4751; Rows: 4751; Colstart: 8313; Colend: 9501; Cols: 1188;
Num-X: 8 ; Num-Y: 2 ; Resolution: 9500 ; Rank: 11 ; Rank-X: 3 ; Rank-Y: 1 ; Rowstart: 4750; Rowend: 9501; Rows: 4751; Colstart: 3564; Colend: 4753; Cols: 1189;
Num-X: 8 ; Num-Y: 2 ; Resolution: 9500 ; Rank: 14 ; Rank-X: 6 ; Rank-Y: 1 ; Rowstart: 4750; Rowend: 9501; Rows: 4751; Colstart: 7126; Colend: 8314; Cols: 1188;
Num-X: 8 ; Num-Y: 2 ; Resolution: 9500 ; Rank: 9 ; Rank-X: 1 ; Rank-Y: 1 ; Rowstart: 4750; Rowend: 9501; Rows: 4751; Colstart: 1188; Colend: 2377; Cols: 1189;
Num-X: 8 ; Num-Y: 2 ; Resolution: 9500 ; Rank: 12 ; Rank-X: 4 ; Rank-Y: 1 ; Rowstart: 4750; Rowend: 9501; Rows: 4751; Colstart: 4752; Colend: 5940; Cols: 1188;
Num-X: 8 ; Num-Y: 2 ; Resolution: 9500 ; Rank: 10 ; Rank-X: 2 ; Rank-Y: 1 ; Rowstart: 4750; Rowend: 9501; Rows: 4751; Colstart: 2376; Colend: 3565; Cols: 1189;
Num-X: 8 ; Num-Y: 2 ; Resolution: 9500 ; Rank: 8 ; Rank-X: 0 ; Rank-Y: 1 ; Rowstart: 4750; Rowend: 9501; Rows: 4751; Colstart: 0; Colend: 1189; Cols: 1189;
Num-X: 8 ; Num-Y: 2 ; Resolution: 9500 ; Rank: 0 ; Rank-X: 0 ; Rank-Y: 0 ; Rowstart: 0; Rowend: 4751; Rows: 4751; Colstart: 0; Colend: 1189; Cols: 1189;
Num-X: 8 ; Num-Y: 2 ; Resolution: 9500 ; Rank: 1 ; Rank-X: 1 ; Rank-Y: 0 ; Rowstart: 0; Rowend: 4751; Rows: 4751; Colstart: 1188; Colend: 2377; Cols: 1189;
Num-X: 8 ; Num-Y: 2 ; Resolution: 9500 ; Rank: 2 ; Rank-X: 2 ; Rank-Y: 0 ; Rowstart: 0; Rowend: 4751; Rows: 4751; Colstart: 2376; Colend: 3565; Cols: 1189;
Num-X: 8 ; Num-Y: 2 ; Resolution: 9500 ; Rank: 3 ; Rank-X: 3 ; Rank-Y: 0 ; Rowstart: 0; Rowend: 4751; Rows: 4751; Colstart: 3564; Colend: 4753; Cols: 1189;

Resolution: 9500
===================
Execution time: 0.051510
Residual: 4.456242

megaflops:  245291.7
  flop instructions (M):  12635.000

Num-X: 8 ; Num-Y: 2 ; Resolution: 10500 ; Rank: 1 ; Rank-X: 1 ; Rank-Y: 0 ; Rowstart: 0; Rowend: 5251; Rows: 5251; Colstart: 1313; Colend: 2627; Cols: 1314;
Num-X: 8 ; Num-Y: 2 ; Resolution: 10500 ; Rank: 3 ; Rank-X: 3 ; Rank-Y: 0 ; Rowstart: 0; Rowend: 5251; Rows: 5251; Colstart: 3939; Colend: 5253; Cols: 1314;
Num-X: 8 ; Num-Y: 2 ; Resolution: 10500 ; Rank: 0 ; Rank-X: 0 ; Rank-Y: 0 ; Rowstart: 0; Rowend: 5251; Rows: 5251; Colstart: 0; Colend: 1314; Cols: 1314;
Num-X: 8 ; Num-Y: 2 ; Resolution: 10500 ; Rank: 12 ; Rank-X: 4 ; Rank-Y: 1 ; Rowstart: 5250; Rowend: 10501; Rows: 5251; Colstart: 5252; Colend: 6565; Cols: 1313;
Num-X: 8 ; Num-Y: 2 ; Resolution: 10500 ; Rank: 10 ; Rank-X: 2 ; Rank-Y: 1 ; Rowstart: 5250; Rowend: 10501; Rows: 5251; Colstart: 2626; Colend: 3940; Cols: 1314;
Num-X: 8 ; Num-Y: 2 ; Resolution: 10500 ; Rank: 14 ; Rank-X: 6 ; Rank-Y: 1 ; Rowstart: 5250; Rowend: 10501; Rows: 5251; Colstart: 7876; Colend: 9189; Cols: 1313;
Num-X: 8 ; Num-Y: 2 ; Resolution: 10500 ; Rank: 5 ; Rank-X: 5 ; Rank-Y: 0 ; Rowstart: 0; Rowend: 5251; Rows: 5251; Colstart: 6564; Colend: 7877; Cols: 1313;
Num-X: 8 ; Num-Y: 2 ; Resolution: 10500 ; Rank: 8 ; Rank-X: 0 ; Rank-Y: 1 ; Rowstart: 5250; Rowend: 10501; Rows: 5251; Colstart: 0; Colend: 1314; Cols: 1314;
Num-X: 8 ; Num-Y: 2 ; Resolution: 10500 ; Rank: 6 ; Rank-X: 6 ; Rank-Y: 0 ; Rowstart: 0; Rowend: 5251; Rows: 5251; Colstart: 7876; Colend: 9189; Cols: 1313;
Num-X: 8 ; Num-Y: 2 ; Resolution: 10500 ; Rank: 4 ; Rank-X: 4 ; Rank-Y: 0 ; Rowstart: 0; Rowend: 5251; Rows: 5251; Colstart: 5252; Colend: 6565; Cols: 1313;
Num-X: 8 ; Num-Y: 2 ; Resolution: 10500 ; Rank: 15 ; Rank-X: 7 ; Rank-Y: 1 ; Rowstart: 5250; Rowend: 10501; Rows: 5251; Colstart: 9188; Colend: 10501; Cols: 1313;
Num-X: 8 ; Num-Y: 2 ; Resolution: 10500 ; Rank: 2 ; Rank-X: 2 ; Rank-Y: 0 ; Rowstart: 0; Rowend: 5251; Rows: 5251; Colstart: 2626; Colend: 3940; Cols: 1314;
Num-X: 8 ; Num-Y: 2 ; Resolution: 10500 ; Rank: 11 ; Rank-X: 3 ; Rank-Y: 1 ; Rowstart: 5250; Rowend: 10501; Rows: 5251; Colstart: 3939; Colend: 5253; Cols: 1314;
Num-X: 8 ; Num-Y: 2 ; Resolution: 10500 ; Rank: 9 ; Rank-X: 1 ; Rank-Y: 1 ; Rowstart: 5250; Rowend: 10501; Rows: 5251; Colstart: 1313; Colend: 2627; Cols: 1314;
Num-X: 8 ; Num-Y: 2 ; Resolution: 10500 ; Rank: 13 ; Rank-X: 5 ; Rank-Y: 1 ; Rowstart: 5250; Rowend: 10501; Rows: 5251; Colstart: 6564; Colend: 7877; Cols: 1313;
Num-X: 8 ; Num-Y: 2 ; Resolution: 10500 ; Rank: 7 ; Rank-X: 7 ; Rank-Y: 0 ; Rowstart: 0; Rowend: 5251; Rows: 5251; Colstart: 9188; Colend: 10501; Cols: 1313;

Resolution: 10500
===================
Execution time: 0.063822
Residual: 4.925272

megaflops:  241845.3
  flop instructions (M):  15435.000

Num-X: 8 ; Num-Y: 2 ; Resolution: 11500 ; Rank: 1 ; Rank-X: 1 ; Rank-Y: 0 ; Rowstart: 0; Rowend: 5751; Rows: 5751; Colstart: 1438; Colend: 2877; Cols: 1439;
Num-X: 8 ; Num-Y: 2 ; Resolution: 11500 ; Rank: 3 ; Rank-X: 3 ; Rank-Y: 0 ; Rowstart: 0; Rowend: 5751; Rows: 5751; Colstart: 4314; Colend: 5753; Cols: 1439;
Num-X: 8 ; Num-Y: 2 ; Resolution: 11500 ; Rank: 0 ; Rank-X: 0 ; Rank-Y: 0 ; Rowstart: 0; Rowend: 5751; Rows: 5751; Colstart: 0; Colend: 1439; Cols: 1439;
Num-X: 8 ; Num-Y: 2 ; Resolution: 11500 ; Rank: 4 ; Rank-X: 4 ; Rank-Y: 0 ; Rowstart: 0; Rowend: 5751; Rows: 5751; Colstart: 5752; Colend: 7190; Cols: 1438;
Num-X: 8 ; Num-Y: 2 ; Resolution: 11500 ; Rank: 7 ; Rank-X: 7 ; Rank-Y: 0 ; Rowstart: 0; Rowend: 5751; Rows: 5751; Colstart: 10063; Colend: 11501; Cols: 1438;
Num-X: 8 ; Num-Y: 2 ; Resolution: 11500 ; Rank: 13 ; Rank-X: 5 ; Rank-Y: 1 ; Rowstart: 5750; Rowend: 11501; Rows: 5751; Colstart: 7189; Colend: 8627; Cols: 1438;
Num-X: 8 ; Num-Y: 2 ; Resolution: 11500 ; Rank: 14 ; Rank-X: 6 ; Rank-Y: 1 ; Rowstart: 5750; Rowend: 11501; Rows: 5751; Colstart: 8626; Colend: 10064; Cols: 1438;
Num-X: 8 ; Num-Y: 2 ; Resolution: 11500 ; Rank: 12 ; Rank-X: 4 ; Rank-Y: 1 ; Rowstart: 5750; Rowend: 11501; Rows: 5751; Colstart: 5752; Colend: 7190; Cols: 1438;
Num-X: 8 ; Num-Y: 2 ; Resolution: 11500 ; Rank: 10 ; Rank-X: 2 ; Rank-Y: 1 ; Rowstart: 5750; Rowend: 11501; Rows: 5751; Colstart: 2876; Colend: 4315; Cols: 1439;
Num-X: 8 ; Num-Y: 2 ; Resolution: 11500 ; Rank: 6 ; Rank-X: 6 ; Rank-Y: 0 ; Rowstart: 0; Rowend: 5751; Rows: 5751; Colstart: 8626; Colend: 10064; Cols: 1438;
Num-X: 8 ; Num-Y: 2 ; Resolution: 11500 ; Rank: 2 ; Rank-X: 2 ; Rank-Y: 0 ; Rowstart: 0; Rowend: 5751; Rows: 5751; Colstart: 2876; Colend: 4315; Cols: 1439;
Num-X: 8 ; Num-Y: 2 ; Resolution: 11500 ; Rank: 8 ; Rank-X: 0 ; Rank-Y: 1 ; Rowstart: 5750; Rowend: 11501; Rows: 5751; Colstart: 0; Colend: 1439; Cols: 1439;
Num-X: 8 ; Num-Y: 2 ; Resolution: 11500 ; Rank: 5 ; Rank-X: 5 ; Rank-Y: 0 ; Rowstart: 0; Rowend: 5751; Rows: 5751; Colstart: 7189; Colend: 8627; Cols: 1438;
Num-X: 8 ; Num-Y: 2 ; Resolution: 11500 ; Rank: 11 ; Rank-X: 3 ; Rank-Y: 1 ; Rowstart: 5750; Rowend: 11501; Rows: 5751; Colstart: 4314; Colend: 5753; Cols: 1439;
Num-X: 8 ; Num-Y: 2 ; Resolution: 11500 ; Rank: 9 ; Rank-X: 1 ; Rank-Y: 1 ; Rowstart: 5750; Rowend: 11501; Rows: 5751; Colstart: 1438; Colend: 2877; Cols: 1439;
Num-X: 8 ; Num-Y: 2 ; Resolution: 11500 ; Rank: 15 ; Rank-X: 7 ; Rank-Y: 1 ; Rowstart: 5750; Rowend: 11501; Rows: 5751; Colstart: 10063; Colend: 11501; Cols: 1438;

Resolution: 11500
===================
Execution time: 0.078106
Residual: 5.394301

megaflops:  237049.9
  flop instructions (M):  18515.000

Num-X: 8 ; Num-Y: 2 ; Resolution: 12500 ; Rank: 1 ; Rank-X: 1 ; Rank-Y: 0 ; Rowstart: 0; Rowend: 6251; Rows: 6251; Colstart: 1563; Colend: 3127; Cols: 1564;
Num-X: 8 ; Num-Y: 2 ; Resolution: 12500 ; Rank: 3 ; Rank-X: 3 ; Rank-Y: 0 ; Rowstart: 0; Rowend: 6251; Rows: 6251; Colstart: 4689; Colend: 6253; Cols: 1564;
Num-X: 8 ; Num-Y: 2 ; Resolution: 12500 ; Rank: 4 ; Rank-X: 4 ; Rank-Y: 0 ; Rowstart: 0; Rowend: 6251; Rows: 6251; Colstart: 6252; Colend: 7815; Cols: 1563;
Num-X: 8 ; Num-Y: 2 ; Resolution: 12500 ; Rank: 7 ; Rank-X: 7 ; Rank-Y: 0 ; Rowstart: 0; Rowend: 6251; Rows: 6251; Colstart: 10938; Colend: 12501; Cols: 1563;
Num-X: 8 ; Num-Y: 2 ; Resolution: 12500 ; Rank: 0 ; Rank-X: 0 ; Rank-Y: 0 ; Rowstart: 0; Rowend: 6251; Rows: 6251; Colstart: 0; Colend: 1564; Cols: 1564;
Num-X: 8 ; Num-Y: 2 ; Resolution: 12500 ; Rank: 13 ; Rank-X: 5 ; Rank-Y: 1 ; Rowstart: 6250; Rowend: 12501; Rows: 6251; Colstart: 7814; Colend: 9377; Cols: 1563;
Num-X: 8 ; Num-Y: 2 ; Resolution: 12500 ; Rank: 14 ; Rank-X: 6 ; Rank-Y: 1 ; Rowstart: 6250; Rowend: 12501; Rows: 6251; Colstart: 9376; Colend: 10939; Cols: 1563;
Num-X: 8 ; Num-Y: 2 ; Resolution: 12500 ; Rank: 6 ; Rank-X: 6 ; Rank-Y: 0 ; Rowstart: 0; Rowend: 6251; Rows: 6251; Colstart: 9376; Colend: 10939; Cols: 1563;
Num-X: 8 ; Num-Y: 2 ; Resolution: 12500 ; Rank: 12 ; Rank-X: 4 ; Rank-Y: 1 ; Rowstart: 6250; Rowend: 12501; Rows: 6251; Colstart: 6252; Colend: 7815; Cols: 1563;
Num-X: 8 ; Num-Y: 2 ; Resolution: 12500 ; Rank: 9 ; Rank-X: 1 ; Rank-Y: 1 ; Rowstart: 6250; Rowend: 12501; Rows: 6251; Colstart: 1563; Colend: 3127; Cols: 1564;
Num-X: 8 ; Num-Y: 2 ; Resolution: 12500 ; Rank: 10 ; Rank-X: 2 ; Rank-Y: 1 ; Rowstart: 6250; Rowend: 12501; Rows: 6251; Colstart: 3126; Colend: 4690; Cols: 1564;
Num-X: 8 ; Num-Y: 2 ; Resolution: 12500 ; Rank: 8 ; Rank-X: 0 ; Rank-Y: 1 ; Rowstart: 6250; Rowend: 12501; Rows: 6251; Colstart: 0; Colend: 1564; Cols: 1564;
Num-X: 8 ; Num-Y: 2 ; Resolution: 12500 ; Rank: 2 ; Rank-X: 2 ; Rank-Y: 0 ; Rowstart: 0; Rowend: 6251; Rows: 6251; Colstart: 3126; Colend: 4690; Cols: 1564;
Num-X: 8 ; Num-Y: 2 ; Resolution: 12500 ; Rank: 5 ; Rank-X: 5 ; Rank-Y: 0 ; Rowstart: 0; Rowend: 6251; Rows: 6251; Colstart: 7814; Colend: 9377; Cols: 1563;
Num-X: 8 ; Num-Y: 2 ; Resolution: 12500 ; Rank: 11 ; Rank-X: 3 ; Rank-Y: 1 ; Rowstart: 6250; Rowend: 12501; Rows: 6251; Colstart: 4689; Colend: 6253; Cols: 1564;
Num-X: 8 ; Num-Y: 2 ; Resolution: 12500 ; Rank: 15 ; Rank-X: 7 ; Rank-Y: 1 ; Rowstart: 6250; Rowend: 12501; Rows: 6251; Colstart: 10938; Colend: 12501; Cols: 1563;

Resolution: 12500
===================
Execution time: 0.093213
Residual: 5.863330

megaflops:  234677.4
  flop instructions (M):  21875.000
