mpiexec -genv I_MPI_DEBUG=4 -genv OMP_NUM_THREADS=16 -genv I_MPI_PIN_DOMAIN=omp -n 12 ./heat test.dat 4 3
[0] MPI startup(): Intel(R) MPI Library, Version 2019 Update 8  Build 20200624 (id: 4f16ad915)
[0] MPI startup(): Copyright (C) 2003-2020 Intel Corporation.  All rights reserved.
[0] MPI startup(): library kind: release
[0] MPI startup(): libfabric version: 1.10.1-impi
[0] MPI startup(): libfabric provider: psm2

Executing each MPI process in 16 OMP threads.
[0] MPI startup(): Rank    Pid      Node name     Pin cpu
[0] MPI startup(): 0       3944394  i01r01c01s01  {0,1,2,3,4,5,6,7,48,49,50,51,52,53,54,55}
[0] MPI startup(): 1       3944395  i01r01c01s01  {8,9,10,11,12,13,14,15,56,57,58,59,60,61,62,63}
[0] MPI startup(): 2       3944396  i01r01c01s01  {24,25,26,27,28,29,30,31,72,73,74,75,76,77,78,79}
[0] MPI startup(): 3       159163   i01r01c02s10  {0,1,2,3,4,5,6,7,48,49,50,51,52,53,54,55}
[0] MPI startup(): 4       159164   i01r01c02s10  {8,9,10,11,12,13,14,15,56,57,58,59,60,61,62,63}
[0] MPI startup(): 5       159165   i01r01c02s10  {24,25,26,27,28,29,30,31,72,73,74,75,76,77,78,79}
[0] MPI startup(): 6       1962144  i01r01c02s11  {0,1,2,3,4,5,6,7,48,49,50,51,52,53,54,55}
[0] MPI startup(): 7       1962145  i01r01c02s11  {8,9,10,11,12,13,14,15,56,57,58,59,60,61,62,63}
[0] MPI startup(): 8       1962146  i01r01c02s11  {24,25,26,27,28,29,30,31,72,73,74,75,76,77,78,79}
[0] MPI startup(): 9       2437215  i01r01c02s12  {0,1,2,3,4,5,6,7,48,49,50,51,52,53,54,55}
[0] MPI startup(): 10      2437216  i01r01c02s12  {8,9,10,11,12,13,14,15,56,57,58,59,60,61,62,63}
[0] MPI startup(): 11      2437217  i01r01c02s12  {24,25,26,27,28,29,30,31,72,73,74,75,76,77,78,79}

4 processes distributed in X-direction
 3 ; processes distributed in Y-direction
Resolutions       : (4500, 5500, ... 12500)
Iterations        : 20
Num. Heat sources : 2
   1: (0.00, 0.00) 1.00 1.00 
   2: (1.00, 1.00) 1.00 0.50 

Executing each MPI process in 16 OMP threads.

Executing each MPI process in 16 OMP threads.
rank= 0 coords= 0 0 neighbours(up,down,left,right)= -1 3 -1 1
rank= 1 coords= 0 1 neighbours(up,down,left,right)= -1 4 0 2
rank= 2 coords= 0 2 neighbours(up,down,left,right)= -1 5 1 -1
rank= 3 coords= 1 0 neighbours(up,down,left,right)= 0 6 -1 4
rank= 6 coords= 2 0 neighbours(up,down,left,right)= 3 9 -1 7
rank= 9 coords= 3 0 neighbours(up,down,left,right)= 6 -1 -1 10
rank= 4 coords= 1 1 neighbours(up,down,left,right)= 1 7 3 5
rank= 7 coords= 2 1 neighbours(up,down,left,right)= 4 10 6 8
rank= 10 coords= 3 1 neighbours(up,down,left,right)= 7 -1 9 11
rank= 5 coords= 1 2 neighbours(up,down,left,right)= 2 8 4 -1
rank= 8 coords= 2 2 neighbours(up,down,left,right)= 5 11 7 -1
rank= 11 coords= 3 2 neighbours(up,down,left,right)= 8 -1 10 -1

Num-X: 3 ; Num-Y: 4 ; Resolution: 4500 ; Rank: 11 ; Rank-X: 2 ; Rank-Y: 3 ; Rowstart: 3375; Rowend: 4501; Rows: 1126; Colstart: 3000; Colend: 4501; Cols: 1501;
Num-X: 3 ; Num-Y: 4 ; Resolution: 4500 ; Rank: 10 ; Rank-X: 1 ; Rank-Y: 3 ; Rowstart: 3375; Rowend: 4501; Rows: 1126; Colstart: 1500; Colend: 3001; Cols: 1501;
Num-X: 3 ; Num-Y: 4 ; Resolution: 4500 ; Rank: 1 ; Rank-X: 1 ; Rank-Y: 0 ; Rowstart: 0; Rowend: 1126; Rows: 1126; Colstart: 1500; Colend: 3001; Cols: 1501;
Num-X: 3 ; Num-Y: 4 ; Resolution: 4500 ; Rank: 9 ; Rank-X: 0 ; Rank-Y: 3 ; Rowstart: 3375; Rowend: 4501; Rows: 1126; Colstart: 0; Colend: 1501; Cols: 1501;
Num-X: 3 ; Num-Y: 4 ; Resolution: 4500 ; Rank: 2 ; Rank-X: 2 ; Rank-Y: 0 ; Rowstart: 0; Rowend: 1126; Rows: 1126; Colstart: 3000; Colend: 4501; Cols: 1501;
Num-X: 3 ; Num-Y: 4 ; Resolution: 4500 ; Rank: 0 ; Rank-X: 0 ; Rank-Y: 0 ; Rowstart: 0; Rowend: 1126; Rows: 1126; Colstart: 0; Colend: 1501; Cols: 1501;
Num-X: 3 ; Num-Y: 4 ; Resolution: 4500 ; Rank: 3 ; Rank-X: 0 ; Rank-Y: 1 ; Rowstart: 1125; Rowend: 2251; Rows: 1126; Colstart: 0; Colend: 1501; Cols: 1501;
Num-X: 3 ; Num-Y: 4 ; Resolution: 4500 ; Rank: 5 ; Rank-X: 2 ; Rank-Y: 1 ; Rowstart: 1125; Rowend: 2251; Rows: 1126; Colstart: 3000; Colend: 4501; Cols: 1501;
Num-X: 3 ; Num-Y: 4 ; Resolution: 4500 ; Rank: 6 ; Rank-X: 0 ; Rank-Y: 2 ; Rowstart: 2250; Rowend: 3376; Rows: 1126; Colstart: 0; Colend: 1501; Cols: 1501;
Num-X: 3 ; Num-Y: 4 ; Resolution: 4500 ; Rank: 4 ; Rank-X: 1 ; Rank-Y: 1 ; Rowstart: 1125; Rowend: 2251; Rows: 1126; Colstart: 1500; Colend: 3001; Cols: 1501;
Num-X: 3 ; Num-Y: 4 ; Resolution: 4500 ; Rank: 8 ; Rank-X: 2 ; Rank-Y: 2 ; Rowstart: 2250; Rowend: 3376; Rows: 1126; Colstart: 3000; Colend: 4501; Cols: 1501;
Num-X: 3 ; Num-Y: 4 ; Resolution: 4500 ; Rank: 7 ; Rank-X: 1 ; Rank-Y: 2 ; Rowstart: 2250; Rowend: 3376; Rows: 1126; Colstart: 1500; Colend: 3001; Cols: 1501;

Resolution: 4500
===================
Execution time: 0.010911
Residual: 2.111093

megaflops:  259829.8
  flop instructions (M):  2835.000

Num-X: 3 ; Num-Y: 4 ; Resolution: 5500 ; Rank: 8 ; Rank-X: 2 ; Rank-Y: 2 ; Rowstart: 2750; Rowend: 4126; Rows: 1376; Colstart: 3667; Colend: 5501; Cols: 1834;
Num-X: 3 ; Num-Y: 4 ; Resolution: 5500 ; Rank: 2 ; Rank-X: 2 ; Rank-Y: 0 ; Rowstart: 0; Rowend: 1376; Rows: 1376; Colstart: 3667; Colend: 5501; Cols: 1834;
Num-X: 3 ; Num-Y: 4 ; Resolution: 5500 ; Rank: 11 ; Rank-X: 2 ; Rank-Y: 3 ; Rowstart: 4125; Rowend: 5501; Rows: 1376; Colstart: 3667; Colend: 5501; Cols: 1834;
Num-X: 3 ; Num-Y: 4 ; Resolution: 5500 ; Rank: 5 ; Rank-X: 2 ; Rank-Y: 1 ; Rowstart: 1375; Rowend: 2751; Rows: 1376; Colstart: 3667; Colend: 5501; Cols: 1834;
Num-X: 3 ; Num-Y: 4 ; Resolution: 5500 ; Rank: 7 ; Rank-X: 1 ; Rank-Y: 2 ; Rowstart: 2750; Rowend: 4126; Rows: 1376; Colstart: 1834; Colend: 3668; Cols: 1834;
Num-X: 3 ; Num-Y: 4 ; Resolution: 5500 ; Rank: 6 ; Rank-X: 0 ; Rank-Y: 2 ; Rowstart: 2750; Rowend: 4126; Rows: 1376; Colstart: 0; Colend: 1835; Cols: 1835;
Num-X: 3 ; Num-Y: 4 ; Resolution: 5500 ; Rank: 0 ; Rank-X: 0 ; Rank-Y: 0 ; Rowstart: 0; Rowend: 1376; Rows: 1376; Colstart: 0; Colend: 1835; Cols: 1835;
Num-X: 3 ; Num-Y: 4 ; Resolution: 5500 ; Rank: 10 ; Rank-X: 1 ; Rank-Y: 3 ; Rowstart: 4125; Rowend: 5501; Rows: 1376; Colstart: 1834; Colend: 3668; Cols: 1834;
Num-X: 3 ; Num-Y: 4 ; Resolution: 5500 ; Rank: 1 ; Rank-X: 1 ; Rank-Y: 0 ; Rowstart: 0; Rowend: 1376; Rows: 1376; Colstart: 1834; Colend: 3668; Cols: 1834;
Num-X: 3 ; Num-Y: 4 ; Resolution: 5500 ; Rank: 4 ; Rank-X: 1 ; Rank-Y: 1 ; Rowstart: 1375; Rowend: 2751; Rows: 1376; Colstart: 1834; Colend: 3668; Cols: 1834;
Num-X: 3 ; Num-Y: 4 ; Resolution: 5500 ; Rank: 9 ; Rank-X: 0 ; Rank-Y: 3 ; Rowstart: 4125; Rowend: 5501; Rows: 1376; Colstart: 0; Colend: 1835; Cols: 1835;
Num-X: 3 ; Num-Y: 4 ; Resolution: 5500 ; Rank: 3 ; Rank-X: 0 ; Rank-Y: 1 ; Rowstart: 1375; Rowend: 2751; Rows: 1376; Colstart: 0; Colend: 1835; Cols: 1835;

Resolution: 5500
===================
Execution time: 0.017404
Residual: 2.580124

megaflops:  243337.1
  flop instructions (M):  4235.000

Num-X: 3 ; Num-Y: 4 ; Resolution: 6500 ; Rank: 2 ; Rank-X: 2 ; Rank-Y: 0 ; Rowstart: 0; Rowend: 1626; Rows: 1626; Colstart: 4334; Colend: 6501; Cols: 2167;
Num-X: 3 ; Num-Y: 4 ; Resolution: 6500 ; Rank: 8 ; Rank-X: 2 ; Rank-Y: 2 ; Rowstart: 3250; Rowend: 4876; Rows: 1626; Colstart: 4334; Colend: 6501; Cols: 2167;
Num-X: 3 ; Num-Y: 4 ; Resolution: 6500 ; Rank: 11 ; Rank-X: 2 ; Rank-Y: 3 ; Rowstart: 4875; Rowend: 6501; Rows: 1626; Colstart: 4334; Colend: 6501; Cols: 2167;
Num-X: 3 ; Num-Y: 4 ; Resolution: 6500 ; Rank: 5 ; Rank-X: 2 ; Rank-Y: 1 ; Rowstart: 1625; Rowend: 3251; Rows: 1626; Colstart: 4334; Colend: 6501; Cols: 2167;
Num-X: 3 ; Num-Y: 4 ; Resolution: 6500 ; Rank: 7 ; Rank-X: 1 ; Rank-Y: 2 ; Rowstart: 3250; Rowend: 4876; Rows: 1626; Colstart: 2167; Colend: 4335; Cols: 2168;
Num-X: 3 ; Num-Y: 4 ; Resolution: 6500 ; Rank: 6 ; Rank-X: 0 ; Rank-Y: 2 ; Rowstart: 3250; Rowend: 4876; Rows: 1626; Colstart: 0; Colend: 2168; Cols: 2168;
Num-X: 3 ; Num-Y: 4 ; Resolution: 6500 ; Rank: 1 ; Rank-X: 1 ; Rank-Y: 0 ; Rowstart: 0; Rowend: 1626; Rows: 1626; Colstart: 2167; Colend: 4335; Cols: 2168;
Num-X: 3 ; Num-Y: 4 ; Resolution: 6500 ; Rank: 10 ; Rank-X: 1 ; Rank-Y: 3 ; Rowstart: 4875; Rowend: 6501; Rows: 1626; Colstart: 2167; Colend: 4335; Cols: 2168;
Num-X: 3 ; Num-Y: 4 ; Resolution: 6500 ; Rank: 0 ; Rank-X: 0 ; Rank-Y: 0 ; Rowstart: 0; Rowend: 1626; Rows: 1626; Colstart: 0; Colend: 2168; Cols: 2168;
Num-X: 3 ; Num-Y: 4 ; Resolution: 6500 ; Rank: 4 ; Rank-X: 1 ; Rank-Y: 1 ; Rowstart: 1625; Rowend: 3251; Rows: 1626; Colstart: 2167; Colend: 4335; Cols: 2168;
Num-X: 3 ; Num-Y: 4 ; Resolution: 6500 ; Rank: 9 ; Rank-X: 0 ; Rank-Y: 3 ; Rowstart: 4875; Rowend: 6501; Rows: 1626; Colstart: 0; Colend: 2168; Cols: 2168;
Num-X: 3 ; Num-Y: 4 ; Resolution: 6500 ; Rank: 3 ; Rank-X: 0 ; Rank-Y: 1 ; Rowstart: 1625; Rowend: 3251; Rows: 1626; Colstart: 0; Colend: 2168; Cols: 2168;

Resolution: 6500
===================
Execution time: 0.027234
Residual: 3.049154

megaflops:  217191.1
  flop instructions (M):  5915.000

Num-X: 3 ; Num-Y: 4 ; Resolution: 7500 ; Rank: 2 ; Rank-X: 2 ; Rank-Y: 0 ; Rowstart: 0; Rowend: 1876; Rows: 1876; Colstart: 5000; Colend: 7501; Cols: 2501;
Num-X: 3 ; Num-Y: 4 ; Resolution: 7500 ; Rank: 11 ; Rank-X: 2 ; Rank-Y: 3 ; Rowstart: 5625; Rowend: 7501; Rows: 1876; Colstart: 5000; Colend: 7501; Cols: 2501;
Num-X: 3 ; Num-Y: 4 ; Resolution: 7500 ; Rank: 5 ; Rank-X: 2 ; Rank-Y: 1 ; Rowstart: 1875; Rowend: 3751; Rows: 1876; Colstart: 5000; Colend: 7501; Cols: 2501;
Num-X: 3 ; Num-Y: 4 ; Resolution: 7500 ; Rank: 8 ; Rank-X: 2 ; Rank-Y: 2 ; Rowstart: 3750; Rowend: 5626; Rows: 1876; Colstart: 5000; Colend: 7501; Cols: 2501;
Num-X: 3 ; Num-Y: 4 ; Resolution: 7500 ; Rank: 0 ; Rank-X: 0 ; Rank-Y: 0 ; Rowstart: 0; Rowend: 1876; Rows: 1876; Colstart: 0; Colend: 2501; Cols: 2501;
Num-X: 3 ; Num-Y: 4 ; Resolution: 7500 ; Rank: 4 ; Rank-X: 1 ; Rank-Y: 1 ; Rowstart: 1875; Rowend: 3751; Rows: 1876; Colstart: 2500; Colend: 5001; Cols: 2501;
Num-X: 3 ; Num-Y: 4 ; Resolution: 7500 ; Rank: 1 ; Rank-X: 1 ; Rank-Y: 0 ; Rowstart: 0; Rowend: 1876; Rows: 1876; Colstart: 2500; Colend: 5001; Cols: 2501;
Num-X: 3 ; Num-Y: 4 ; Resolution: 7500 ; Rank: 10 ; Rank-X: 1 ; Rank-Y: 3 ; Rowstart: 5625; Rowend: 7501; Rows: 1876; Colstart: 2500; Colend: 5001; Cols: 2501;
Num-X: 3 ; Num-Y: 4 ; Resolution: 7500 ; Rank: 3 ; Rank-X: 0 ; Rank-Y: 1 ; Rowstart: 1875; Rowend: 3751; Rows: 1876; Colstart: 0; Colend: 2501; Cols: 2501;
Num-X: 3 ; Num-Y: 4 ; Resolution: 7500 ; Rank: 6 ; Rank-X: 0 ; Rank-Y: 2 ; Rowstart: 3750; Rowend: 5626; Rows: 1876; Colstart: 0; Colend: 2501; Cols: 2501;
Num-X: 3 ; Num-Y: 4 ; Resolution: 7500 ; Rank: 9 ; Rank-X: 0 ; Rank-Y: 3 ; Rowstart: 5625; Rowend: 7501; Rows: 1876; Colstart: 0; Colend: 2501; Cols: 2501;
Num-X: 3 ; Num-Y: 4 ; Resolution: 7500 ; Rank: 7 ; Rank-X: 1 ; Rank-Y: 2 ; Rowstart: 3750; Rowend: 5626; Rows: 1876; Colstart: 2500; Colend: 5001; Cols: 2501;

Resolution: 7500
===================
Execution time: 0.039029
Residual: 3.518183

megaflops:  201773.6
  flop instructions (M):  7875.000

Num-X: 3 ; Num-Y: 4 ; Resolution: 8500 ; Rank: 2 ; Rank-X: 2 ; Rank-Y: 0 ; Rowstart: 0; Rowend: 2126; Rows: 2126; Colstart: 5667; Colend: 8501; Cols: 2834;
Num-X: 3 ; Num-Y: 4 ; Resolution: 8500 ; Rank: 11 ; Rank-X: 2 ; Rank-Y: 3 ; Rowstart: 6375; Rowend: 8501; Rows: 2126; Colstart: 5667; Colend: 8501; Cols: 2834;
Num-X: 3 ; Num-Y: 4 ; Resolution: 8500 ; Rank: 5 ; Rank-X: 2 ; Rank-Y: 1 ; Rowstart: 2125; Rowend: 4251; Rows: 2126; Colstart: 5667; Colend: 8501; Cols: 2834;
Num-X: 3 ; Num-Y: 4 ; Resolution: 8500 ; Rank: 1 ; Rank-X: 1 ; Rank-Y: 0 ; Rowstart: 0; Rowend: 2126; Rows: 2126; Colstart: 2834; Colend: 5668; Cols: 2834;
Num-X: 3 ; Num-Y: 4 ; Resolution: 8500 ; Rank: 10 ; Rank-X: 1 ; Rank-Y: 3 ; Rowstart: 6375; Rowend: 8501; Rows: 2126; Colstart: 2834; Colend: 5668; Cols: 2834;
Num-X: 3 ; Num-Y: 4 ; Resolution: 8500 ; Rank: 9 ; Rank-X: 0 ; Rank-Y: 3 ; Rowstart: 6375; Rowend: 8501; Rows: 2126; Colstart: 0; Colend: 2835; Cols: 2835;
Num-X: 3 ; Num-Y: 4 ; Resolution: 8500 ; Rank: 4 ; Rank-X: 1 ; Rank-Y: 1 ; Rowstart: 2125; Rowend: 4251; Rows: 2126; Colstart: 2834; Colend: 5668; Cols: 2834;
Num-X: 3 ; Num-Y: 4 ; Resolution: 8500 ; Rank: 3 ; Rank-X: 0 ; Rank-Y: 1 ; Rowstart: 2125; Rowend: 4251; Rows: 2126; Colstart: 0; Colend: 2835; Cols: 2835;
Num-X: 3 ; Num-Y: 4 ; Resolution: 8500 ; Rank: 0 ; Rank-X: 0 ; Rank-Y: 0 ; Rowstart: 0; Rowend: 2126; Rows: 2126; Colstart: 0; Colend: 2835; Cols: 2835;
Num-X: 3 ; Num-Y: 4 ; Resolution: 8500 ; Rank: 6 ; Rank-X: 0 ; Rank-Y: 2 ; Rowstart: 4250; Rowend: 6376; Rows: 2126; Colstart: 0; Colend: 2835; Cols: 2835;
Num-X: 3 ; Num-Y: 4 ; Resolution: 8500 ; Rank: 7 ; Rank-X: 1 ; Rank-Y: 2 ; Rowstart: 4250; Rowend: 6376; Rows: 2126; Colstart: 2834; Colend: 5668; Cols: 2834;
Num-X: 3 ; Num-Y: 4 ; Resolution: 8500 ; Rank: 8 ; Rank-X: 2 ; Rank-Y: 2 ; Rowstart: 4250; Rowend: 6376; Rows: 2126; Colstart: 5667; Colend: 8501; Cols: 2834;

Resolution: 8500
===================
Execution time: 0.051055
Residual: 3.987213

megaflops:  198118.9
  flop instructions (M):  10115.000

Num-X: 3 ; Num-Y: 4 ; Resolution: 9500 ; Rank: 2 ; Rank-X: 2 ; Rank-Y: 0 ; Rowstart: 0; Rowend: 2376; Rows: 2376; Colstart: 6334; Colend: 9501; Cols: 3167;
Num-X: 3 ; Num-Y: 4 ; Resolution: 9500 ; Rank: 11 ; Rank-X: 2 ; Rank-Y: 3 ; Rowstart: 7125; Rowend: 9501; Rows: 2376; Colstart: 6334; Colend: 9501; Cols: 3167;
Num-X: 3 ; Num-Y: 4 ; Resolution: 9500 ; Rank: 5 ; Rank-X: 2 ; Rank-Y: 1 ; Rowstart: 2375; Rowend: 4751; Rows: 2376; Colstart: 6334; Colend: 9501; Cols: 3167;
Num-X: 3 ; Num-Y: 4 ; Resolution: 9500 ; Rank: 8 ; Rank-X: 2 ; Rank-Y: 2 ; Rowstart: 4750; Rowend: 7126; Rows: 2376; Colstart: 6334; Colend: 9501; Cols: 3167;
Num-X: 3 ; Num-Y: 4 ; Resolution: 9500 ; Rank: 6 ; Rank-X: 0 ; Rank-Y: 2 ; Rowstart: 4750; Rowend: 7126; Rows: 2376; Colstart: 0; Colend: 3168; Cols: 3168;
Num-X: 3 ; Num-Y: 4 ; Resolution: 9500 ; Rank: 4 ; Rank-X: 1 ; Rank-Y: 1 ; Rowstart: 2375; Rowend: 4751; Rows: 2376; Colstart: 3167; Colend: 6335; Cols: 3168;
Num-X: 3 ; Num-Y: 4 ; Resolution: 9500 ; Rank: 10 ; Rank-X: 1 ; Rank-Y: 3 ; Rowstart: 7125; Rowend: 9501; Rows: 2376; Colstart: 3167; Colend: 6335; Cols: 3168;
Num-X: 3 ; Num-Y: 4 ; Resolution: 9500 ; Rank: 1 ; Rank-X: 1 ; Rank-Y: 0 ; Rowstart: 0; Rowend: 2376; Rows: 2376; Colstart: 3167; Colend: 6335; Cols: 3168;
Num-X: 3 ; Num-Y: 4 ; Resolution: 9500 ; Rank: 9 ; Rank-X: 0 ; Rank-Y: 3 ; Rowstart: 7125; Rowend: 9501; Rows: 2376; Colstart: 0; Colend: 3168; Cols: 3168;
Num-X: 3 ; Num-Y: 4 ; Resolution: 9500 ; Rank: 3 ; Rank-X: 0 ; Rank-Y: 1 ; Rowstart: 2375; Rowend: 4751; Rows: 2376; Colstart: 0; Colend: 3168; Cols: 3168;
Num-X: 3 ; Num-Y: 4 ; Resolution: 9500 ; Rank: 0 ; Rank-X: 0 ; Rank-Y: 0 ; Rowstart: 0; Rowend: 2376; Rows: 2376; Colstart: 0; Colend: 3168; Cols: 3168;
Num-X: 3 ; Num-Y: 4 ; Resolution: 9500 ; Rank: 7 ; Rank-X: 1 ; Rank-Y: 2 ; Rowstart: 4750; Rowend: 7126; Rows: 2376; Colstart: 3167; Colend: 6335; Cols: 3168;

Resolution: 9500
===================
Execution time: 0.065205
Residual: 4.456242

megaflops:  193773.9
  flop instructions (M):  12635.000

Num-X: 3 ; Num-Y: 4 ; Resolution: 10500 ; Rank: 8 ; Rank-X: 2 ; Rank-Y: 2 ; Rowstart: 5250; Rowend: 7876; Rows: 2626; Colstart: 7000; Colend: 10501; Cols: 3501;
Num-X: 3 ; Num-Y: 4 ; Resolution: 10500 ; Rank: 2 ; Rank-X: 2 ; Rank-Y: 0 ; Rowstart: 0; Rowend: 2626; Rows: 2626; Colstart: 7000; Colend: 10501; Cols: 3501;
Num-X: 3 ; Num-Y: 4 ; Resolution: 10500 ; Rank: 11 ; Rank-X: 2 ; Rank-Y: 3 ; Rowstart: 7875; Rowend: 10501; Rows: 2626; Colstart: 7000; Colend: 10501; Cols: 3501;
Num-X: 3 ; Num-Y: 4 ; Resolution: 10500 ; Rank: 5 ; Rank-X: 2 ; Rank-Y: 1 ; Rowstart: 2625; Rowend: 5251; Rows: 2626; Colstart: 7000; Colend: 10501; Cols: 3501;
Num-X: 3 ; Num-Y: 4 ; Resolution: 10500 ; Rank: 7 ; Rank-X: 1 ; Rank-Y: 2 ; Rowstart: 5250; Rowend: 7876; Rows: 2626; Colstart: 3500; Colend: 7001; Cols: 3501;
Num-X: 3 ; Num-Y: 4 ; Resolution: 10500 ; Rank: 1 ; Rank-X: 1 ; Rank-Y: 0 ; Rowstart: 0; Rowend: 2626; Rows: 2626; Colstart: 3500; Colend: 7001; Cols: 3501;
Num-X: 3 ; Num-Y: 4 ; Resolution: 10500 ; Rank: 4 ; Rank-X: 1 ; Rank-Y: 1 ; Rowstart: 2625; Rowend: 5251; Rows: 2626; Colstart: 3500; Colend: 7001; Cols: 3501;
Num-X: 3 ; Num-Y: 4 ; Resolution: 10500 ; Rank: 0 ; Rank-X: 0 ; Rank-Y: 0 ; Rowstart: 0; Rowend: 2626; Rows: 2626; Colstart: 0; Colend: 3501; Cols: 3501;
Num-X: 3 ; Num-Y: 4 ; Resolution: 10500 ; Rank: 6 ; Rank-X: 0 ; Rank-Y: 2 ; Rowstart: 5250; Rowend: 7876; Rows: 2626; Colstart: 0; Colend: 3501; Cols: 3501;
Num-X: 3 ; Num-Y: 4 ; Resolution: 10500 ; Rank: 10 ; Rank-X: 1 ; Rank-Y: 3 ; Rowstart: 7875; Rowend: 10501; Rows: 2626; Colstart: 3500; Colend: 7001; Cols: 3501;
Num-X: 3 ; Num-Y: 4 ; Resolution: 10500 ; Rank: 3 ; Rank-X: 0 ; Rank-Y: 1 ; Rowstart: 2625; Rowend: 5251; Rows: 2626; Colstart: 0; Colend: 3501; Cols: 3501;
Num-X: 3 ; Num-Y: 4 ; Resolution: 10500 ; Rank: 9 ; Rank-X: 0 ; Rank-Y: 3 ; Rowstart: 7875; Rowend: 10501; Rows: 2626; Colstart: 0; Colend: 3501; Cols: 3501;

Resolution: 10500
===================
Execution time: 0.081710
Residual: 4.925272

megaflops:  188900.1
  flop instructions (M):  15435.000

Num-X: 3 ; Num-Y: 4 ; Resolution: 11500 ; Rank: 2 ; Rank-X: 2 ; Rank-Y: 0 ; Rowstart: 0; Rowend: 2876; Rows: 2876; Colstart: 7667; Colend: 11501; Cols: 3834;
Num-X: 3 ; Num-Y: 4 ; Resolution: 11500 ; Rank: 8 ; Rank-X: 2 ; Rank-Y: 2 ; Rowstart: 5750; Rowend: 8626; Rows: 2876; Colstart: 7667; Colend: 11501; Cols: 3834;
Num-X: 3 ; Num-Y: 4 ; Resolution: 11500 ; Rank: 11 ; Rank-X: 2 ; Rank-Y: 3 ; Rowstart: 8625; Rowend: 11501; Rows: 2876; Colstart: 7667; Colend: 11501; Cols: 3834;
Num-X: 3 ; Num-Y: 4 ; Resolution: 11500 ; Rank: 5 ; Rank-X: 2 ; Rank-Y: 1 ; Rowstart: 2875; Rowend: 5751; Rows: 2876; Colstart: 7667; Colend: 11501; Cols: 3834;
Num-X: 3 ; Num-Y: 4 ; Resolution: 11500 ; Rank: 7 ; Rank-X: 1 ; Rank-Y: 2 ; Rowstart: 5750; Rowend: 8626; Rows: 2876; Colstart: 3834; Colend: 7668; Cols: 3834;
Num-X: 3 ; Num-Y: 4 ; Resolution: 11500 ; Rank: 1 ; Rank-X: 1 ; Rank-Y: 0 ; Rowstart: 0; Rowend: 2876; Rows: 2876; Colstart: 3834; Colend: 7668; Cols: 3834;
Num-X: 3 ; Num-Y: 4 ; Resolution: 11500 ; Rank: 6 ; Rank-X: 0 ; Rank-Y: 2 ; Rowstart: 5750; Rowend: 8626; Rows: 2876; Colstart: 0; Colend: 3835; Cols: 3835;
Num-X: 3 ; Num-Y: 4 ; Resolution: 11500 ; Rank: 10 ; Rank-X: 1 ; Rank-Y: 3 ; Rowstart: 8625; Rowend: 11501; Rows: 2876; Colstart: 3834; Colend: 7668; Cols: 3834;
Num-X: 3 ; Num-Y: 4 ; Resolution: 11500 ; Rank: 4 ; Rank-X: 1 ; Rank-Y: 1 ; Rowstart: 2875; Rowend: 5751; Rows: 2876; Colstart: 3834; Colend: 7668; Cols: 3834;
Num-X: 3 ; Num-Y: 4 ; Resolution: 11500 ; Rank: 9 ; Rank-X: 0 ; Rank-Y: 3 ; Rowstart: 8625; Rowend: 11501; Rows: 2876; Colstart: 0; Colend: 3835; Cols: 3835;
Num-X: 3 ; Num-Y: 4 ; Resolution: 11500 ; Rank: 0 ; Rank-X: 0 ; Rank-Y: 0 ; Rowstart: 0; Rowend: 2876; Rows: 2876; Colstart: 0; Colend: 3835; Cols: 3835;
Num-X: 3 ; Num-Y: 4 ; Resolution: 11500 ; Rank: 3 ; Rank-X: 0 ; Rank-Y: 1 ; Rowstart: 2875; Rowend: 5751; Rows: 2876; Colstart: 0; Colend: 3835; Cols: 3835;

Resolution: 11500
===================
Execution time: 0.099718
Residual: 5.394301

megaflops:  185673.4
  flop instructions (M):  18515.000

Num-X: 3 ; Num-Y: 4 ; Resolution: 12500 ; Rank: 2 ; Rank-X: 2 ; Rank-Y: 0 ; Rowstart: 0; Rowend: 3126; Rows: 3126; Colstart: 8334; Colend: 12501; Cols: 4167;
Num-X: 3 ; Num-Y: 4 ; Resolution: 12500 ; Rank: 8 ; Rank-X: 2 ; Rank-Y: 2 ; Rowstart: 6250; Rowend: 9376; Rows: 3126; Colstart: 8334; Colend: 12501; Cols: 4167;
Num-X: 3 ; Num-Y: 4 ; Resolution: 12500 ; Rank: 11 ; Rank-X: 2 ; Rank-Y: 3 ; Rowstart: 9375; Rowend: 12501; Rows: 3126; Colstart: 8334; Colend: 12501; Cols: 4167;
Num-X: 3 ; Num-Y: 4 ; Resolution: 12500 ; Rank: 5 ; Rank-X: 2 ; Rank-Y: 1 ; Rowstart: 3125; Rowend: 6251; Rows: 3126; Colstart: 8334; Colend: 12501; Cols: 4167;
Num-X: 3 ; Num-Y: 4 ; Resolution: 12500 ; Rank: 1 ; Rank-X: 1 ; Rank-Y: 0 ; Rowstart: 0; Rowend: 3126; Rows: 3126; Colstart: 4167; Colend: 8335; Cols: 4168;
Num-X: 3 ; Num-Y: 4 ; Resolution: 12500 ; Rank: 10 ; Rank-X: 1 ; Rank-Y: 3 ; Rowstart: 9375; Rowend: 12501; Rows: 3126; Colstart: 4167; Colend: 8335; Cols: 4168;
Num-X: 3 ; Num-Y: 4 ; Resolution: 12500 ; Rank: 4 ; Rank-X: 1 ; Rank-Y: 1 ; Rowstart: 3125; Rowend: 6251; Rows: 3126; Colstart: 4167; Colend: 8335; Cols: 4168;
Num-X: 3 ; Num-Y: 4 ; Resolution: 12500 ; Rank: 7 ; Rank-X: 1 ; Rank-Y: 2 ; Rowstart: 6250; Rowend: 9376; Rows: 3126; Colstart: 4167; Colend: 8335; Cols: 4168;
Num-X: 3 ; Num-Y: 4 ; Resolution: 12500 ; Rank: 3 ; Rank-X: 0 ; Rank-Y: 1 ; Rowstart: 3125; Rowend: 6251; Rows: 3126; Colstart: 0; Colend: 4168; Cols: 4168;
Num-X: 3 ; Num-Y: 4 ; Resolution: 12500 ; Rank: 6 ; Rank-X: 0 ; Rank-Y: 2 ; Rowstart: 6250; Rowend: 9376; Rows: 3126; Colstart: 0; Colend: 4168; Cols: 4168;
Num-X: 3 ; Num-Y: 4 ; Resolution: 12500 ; Rank: 0 ; Rank-X: 0 ; Rank-Y: 0 ; Rowstart: 0; Rowend: 3126; Rows: 3126; Colstart: 0; Colend: 4168; Cols: 4168;
Num-X: 3 ; Num-Y: 4 ; Resolution: 12500 ; Rank: 9 ; Rank-X: 0 ; Rank-Y: 3 ; Rowstart: 9375; Rowend: 12501; Rows: 3126; Colstart: 0; Colend: 4168; Cols: 4168;

Resolution: 12500
===================
Execution time: 0.117611
Residual: 5.863330

megaflops:  185994.6
  flop instructions (M):  21875.000
