mpiexec -genv I_MPI_DEBUG=4 -genv OMP_NUM_THREADS=6 -genv I_MPI_PIN_DOMAIN=omp -n 8 ./heat test.dat 1 8
[0] MPI startup(): Intel(R) MPI Library, Version 2019 Update 8  Build 20200624 (id: 4f16ad915)
[0] MPI startup(): Copyright (C) 2003-2020 Intel Corporation.  All rights reserved.
[0] MPI startup(): library kind: release
[0] MPI startup(): libfabric version: 1.10.1-impi
[0] MPI startup(): libfabric provider: psm2
[0] MPI startup(): Rank    Pid      Node name     Pin cpu
[0] MPI startup(): 0       658309   i01r01c01s01  {0,1,2,48,49,50}
[0] MPI startup(): 1       658310   i01r01c01s01  {3,4,5,51,52,53}
[0] MPI startup(): 2       658311   i01r01c01s01  {6,7,8,54,55,56}
[0] MPI startup(): 3       658312   i01r01c01s01  {9,10,11,57,58,59}
[0] MPI startup(): 4       658313   i01r01c01s01  {24,25,26,72,73,74}
[0] MPI startup(): 5       658314   i01r01c01s01  {27,28,29,75,76,77}
[0] MPI startup(): 6       658315   i01r01c01s01  {30,31,32,78,79,80}
[0] MPI startup(): 7       658316   i01r01c01s01  {33,34,35,81,82,83}

1 processes distributed in X-direction
 8 ; processes distributed in Y-direction
Resolutions       : (6500, 8500, ... 12500)
Iterations        : 20
Num. Heat sources : 2
   1: (0.00, 0.00) 1.00 1.00 
   2: (1.00, 1.00) 1.00 0.50 
rank= 0 coords= 0 0 neighbours(up,down,left,right)= -1 -1 -1 1
rank= 1 coords= 0 1 neighbours(up,down,left,right)= -1 -1 0 2
rank= 2 coords= 0 2 neighbours(up,down,left,right)= -1 -1 1 3
rank= 3 coords= 0 3 neighbours(up,down,left,right)= -1 -1 2 4
rank= 4 coords= 0 4 neighbours(up,down,left,right)= -1 -1 3 5
rank= 5 coords= 0 5 neighbours(up,down,left,right)= -1 -1 4 6
rank= 6 coords= 0 6 neighbours(up,down,left,right)= -1 -1 5 7
rank= 7 coords= 0 7 neighbours(up,down,left,right)= -1 -1 6 -1

Num-X: 8 ; Num-Y: 1 ; Resolution: 6500 ; Rank: 7 ; Rank-X: 0 ; Rank-Y: 7 ; Rowstart: 0; Rowend: 6501; Rows: 6501; Colstart: 5691; Colend: 6501; Cols: 810;
Num-X: 8 ; Num-Y: 1 ; Resolution: 6500 ; Rank: 1 ; Rank-X: 0 ; Rank-Y: 1 ; Rowstart: 0; Rowend: 6501; Rows: 6501; Colstart: 813; Colend: 1627; Cols: 814;
Num-X: 8 ; Num-Y: 1 ; Resolution: 6500 ; Rank: 5 ; Rank-X: 0 ; Rank-Y: 5 ; Rowstart: 0; Rowend: 6501; Rows: 6501; Colstart: 4065; Colend: 4879; Cols: 814;
Num-X: 8 ; Num-Y: 1 ; Resolution: 6500 ; Rank: 4 ; Rank-X: 0 ; Rank-Y: 4 ; Rowstart: 0; Rowend: 6501; Rows: 6501; Colstart: 3252; Colend: 4066; Cols: 814;
Num-X: 8 ; Num-Y: 1 ; Resolution: 6500 ; Rank: 2 ; Rank-X: 0 ; Rank-Y: 2 ; Rowstart: 0; Rowend: 6501; Rows: 6501; Colstart: 1626; Colend: 2440; Cols: 814;
Num-X: 8 ; Num-Y: 1 ; Resolution: 6500 ; Rank: 3 ; Rank-X: 0 ; Rank-Y: 3 ; Rowstart: 0; Rowend: 6501; Rows: 6501; Colstart: 2439; Colend: 3253; Cols: 814;
Num-X: 8 ; Num-Y: 1 ; Resolution: 6500 ; Rank: 0 ; Rank-X: 0 ; Rank-Y: 0 ; Rowstart: 0; Rowend: 6501; Rows: 6501; Colstart: 0; Colend: 814; Cols: 814;
Num-X: 8 ; Num-Y: 1 ; Resolution: 6500 ; Rank: 6 ; Rank-X: 0 ; Rank-Y: 6 ; Rowstart: 0; Rowend: 6501; Rows: 6501; Colstart: 4878; Colend: 5692; Cols: 814;

Resolution: 6500
===================
Execution time: 0.092682
Residual: 3.039683

megaflops:  63820.5
  flop instructions (M):  5915.000

Num-X: 8 ; Num-Y: 1 ; Resolution: 8500 ; Rank: 1 ; Rank-X: 0 ; Rank-Y: 1 ; Rowstart: 0; Rowend: 8501; Rows: 8501; Colstart: 1063; Colend: 2127; Cols: 1064;
Num-X: 8 ; Num-Y: 1 ; Resolution: 8500 ; Rank: 2 ; Rank-X: 0 ; Rank-Y: 2 ; Rowstart: 0; Rowend: 8501; Rows: 8501; Colstart: 2126; Colend: 3190; Cols: 1064;
Num-X: 8 ; Num-Y: 1 ; Resolution: 8500 ; Rank: 3 ; Rank-X: 0 ; Rank-Y: 3 ; Rowstart: 0; Rowend: 8501; Rows: 8501; Colstart: 3189; Colend: 4253; Cols: 1064;
Num-X: 8 ; Num-Y: 1 ; Resolution: 8500 ; Rank: 4 ; Rank-X: 0 ; Rank-Y: 4 ; Rowstart: 0; Rowend: 8501; Rows: 8501; Colstart: 4252; Colend: 5316; Cols: 1064;
Num-X: 8 ; Num-Y: 1 ; Resolution: 8500 ; Rank: 6 ; Rank-X: 0 ; Rank-Y: 6 ; Rowstart: 0; Rowend: 8501; Rows: 8501; Colstart: 6378; Colend: 7442; Cols: 1064;
Num-X: 8 ; Num-Y: 1 ; Resolution: 8500 ; Rank: 5 ; Rank-X: 0 ; Rank-Y: 5 ; Rowstart: 0; Rowend: 8501; Rows: 8501; Colstart: 5315; Colend: 6379; Cols: 1064;
Num-X: 8 ; Num-Y: 1 ; Resolution: 8500 ; Rank: 0 ; Rank-X: 0 ; Rank-Y: 0 ; Rowstart: 0; Rowend: 8501; Rows: 8501; Colstart: 0; Colend: 1064; Cols: 1064;
Num-X: 8 ; Num-Y: 1 ; Resolution: 8500 ; Rank: 7 ; Rank-X: 0 ; Rank-Y: 7 ; Rowstart: 0; Rowend: 8501; Rows: 8501; Colstart: 7441; Colend: 8501; Cols: 1060;

Resolution: 8500
===================
Execution time: 0.164516
Residual: 3.977742

megaflops:  61483.4
  flop instructions (M):  10115.000

Num-X: 8 ; Num-Y: 1 ; Resolution: 10500 ; Rank: 2 ; Rank-X: 0 ; Rank-Y: 2 ; Rowstart: 0; Rowend: 10501; Rows: 10501; Colstart: 2626; Colend: 3940; Cols: 1314;
Num-X: 8 ; Num-Y: 1 ; Resolution: 10500 ; Rank: 6 ; Rank-X: 0 ; Rank-Y: 6 ; Rowstart: 0; Rowend: 10501; Rows: 10501; Colstart: 7878; Colend: 9192; Cols: 1314;
Num-X: 8 ; Num-Y: 1 ; Resolution: 10500 ; Rank: 1 ; Rank-X: 0 ; Rank-Y: 1 ; Rowstart: 0; Rowend: 10501; Rows: 10501; Colstart: 1313; Colend: 2627; Cols: 1314;
Num-X: 8 ; Num-Y: 1 ; Resolution: 10500 ; Rank: 4 ; Rank-X: 0 ; Rank-Y: 4 ; Rowstart: 0; Rowend: 10501; Rows: 10501; Colstart: 5252; Colend: 6566; Cols: 1314;
Num-X: 8 ; Num-Y: 1 ; Resolution: 10500 ; Rank: 3 ; Rank-X: 0 ; Rank-Y: 3 ; Rowstart: 0; Rowend: 10501; Rows: 10501; Colstart: 3939; Colend: 5253; Cols: 1314;
Num-X: 8 ; Num-Y: 1 ; Resolution: 10500 ; Rank: 5 ; Rank-X: 0 ; Rank-Y: 5 ; Rowstart: 0; Rowend: 10501; Rows: 10501; Colstart: 6565; Colend: 7879; Cols: 1314;
Num-X: 8 ; Num-Y: 1 ; Resolution: 10500 ; Rank: 7 ; Rank-X: 0 ; Rank-Y: 7 ; Rowstart: 0; Rowend: 10501; Rows: 10501; Colstart: 9191; Colend: 10501; Cols: 1310;
Num-X: 8 ; Num-Y: 1 ; Resolution: 10500 ; Rank: 0 ; Rank-X: 0 ; Rank-Y: 0 ; Rowstart: 0; Rowend: 10501; Rows: 10501; Colstart: 0; Colend: 1314; Cols: 1314;

Resolution: 10500
===================
Execution time: 0.253858
Residual: 4.915800

megaflops:  60801.7
  flop instructions (M):  15435.000

Num-X: 8 ; Num-Y: 1 ; Resolution: 12500 ; Rank: 7 ; Rank-X: 0 ; Rank-Y: 7 ; Rowstart: 0; Rowend: 12501; Rows: 12501; Colstart: 10941; Colend: 12501; Cols: 1560;
Num-X: 8 ; Num-Y: 1 ; Resolution: 12500 ; Rank: 2 ; Rank-X: 0 ; Rank-Y: 2 ; Rowstart: 0; Rowend: 12501; Rows: 12501; Colstart: 3126; Colend: 4690; Cols: 1564;
Num-X: 8 ; Num-Y: 1 ; Resolution: 12500 ; Rank: 6 ; Rank-X: 0 ; Rank-Y: 6 ; Rowstart: 0; Rowend: 12501; Rows: 12501; Colstart: 9378; Colend: 10942; Cols: 1564;
Num-X: 8 ; Num-Y: 1 ; Resolution: 12500 ; Rank: 4 ; Rank-X: 0 ; Rank-Y: 4 ; Rowstart: 0; Rowend: 12501; Rows: 12501; Colstart: 6252; Colend: 7816; Cols: 1564;
Num-X: 8 ; Num-Y: 1 ; Resolution: 12500 ; Rank: 0 ; Rank-X: 0 ; Rank-Y: 0 ; Rowstart: 0; Rowend: 12501; Rows: 12501; Colstart: 0; Colend: 1564; Cols: 1564;
Num-X: 8 ; Num-Y: 1 ; Resolution: 12500 ; Rank: 1 ; Rank-X: 0 ; Rank-Y: 1 ; Rowstart: 0; Rowend: 12501; Rows: 12501; Colstart: 1563; Colend: 3127; Cols: 1564;
Num-X: 8 ; Num-Y: 1 ; Resolution: 12500 ; Rank: 3 ; Rank-X: 0 ; Rank-Y: 3 ; Rowstart: 0; Rowend: 12501; Rows: 12501; Colstart: 4689; Colend: 6253; Cols: 1564;
Num-X: 8 ; Num-Y: 1 ; Resolution: 12500 ; Rank: 5 ; Rank-X: 0 ; Rank-Y: 5 ; Rowstart: 0; Rowend: 12501; Rows: 12501; Colstart: 7815; Colend: 9379; Cols: 1564;

Resolution: 12500
===================
Execution time: 0.363779
Residual: 5.853858

megaflops:  60132.7
  flop instructions (M):  21875.000
