mpiexec -genv I_MPI_DEBUG=4 -env I_MPI_PIN_DOMAIN=omp -n 48
[0] MPI startup(): Intel(R) MPI Library, Version 2019 Update 8  Build 20200624 (id: 4f16ad915)
[0] MPI startup(): Copyright (C) 2003-2020 Intel Corporation.  All rights reserved.
[0] MPI startup(): library kind: release
[0] MPI startup(): libfabric version: 1.10.1-impi
[0] MPI startup(): libfabric provider: psm2
[0] MPI startup(): Rank    Pid      Node name     Pin cpu
[0] MPI startup(): 0       754488   i01r01c02s05  {0}
[0] MPI startup(): 1       754489   i01r01c02s05  {48}
[0] MPI startup(): 2       754490   i01r01c02s05  {1}
[0] MPI startup(): 3       754491   i01r01c02s05  {49}
[0] MPI startup(): 4       754492   i01r01c02s05  {2}
[0] MPI startup(): 5       754493   i01r01c02s05  {50}
[0] MPI startup(): 6       754494   i01r01c02s05  {3}
[0] MPI startup(): 7       754495   i01r01c02s05  {51}
[0] MPI startup(): 8       754496   i01r01c02s05  {4}
[0] MPI startup(): 9       754497   i01r01c02s05  {52}
[0] MPI startup(): 10      754498   i01r01c02s05  {5}
[0] MPI startup(): 11      754499   i01r01c02s05  {53}
[0] MPI startup(): 12      754500   i01r01c02s05  {6}
[0] MPI startup(): 13      754501   i01r01c02s05  {54}
[0] MPI startup(): 14      754502   i01r01c02s05  {7}
[0] MPI startup(): 15      754503   i01r01c02s05  {55}
[0] MPI startup(): 16      754504   i01r01c02s05  {8}
[0] MPI startup(): 17      754505   i01r01c02s05  {56}
[0] MPI startup(): 18      754506   i01r01c02s05  {9}
[0] MPI startup(): 19      754507   i01r01c02s05  {57}
[0] MPI startup(): 20      754508   i01r01c02s05  {10}
[0] MPI startup(): 21      754509   i01r01c02s05  {58}
[0] MPI startup(): 22      754510   i01r01c02s05  {11}
[0] MPI startup(): 23      754511   i01r01c02s05  {59}
[0] MPI startup(): 24      754512   i01r01c02s05  {24}
[0] MPI startup(): 25      754513   i01r01c02s05  {72}
[0] MPI startup(): 26      754514   i01r01c02s05  {25}
[0] MPI startup(): 27      754515   i01r01c02s05  {73}
[0] MPI startup(): 28      754516   i01r01c02s05  {26}
[0] MPI startup(): 29      754517   i01r01c02s05  {74}
[0] MPI startup(): 30      754518   i01r01c02s05  {27}
[0] MPI startup(): 31      754519   i01r01c02s05  {75}
[0] MPI startup(): 32      754520   i01r01c02s05  {28}
[0] MPI startup(): 33      754521   i01r01c02s05  {76}
[0] MPI startup(): 34      754522   i01r01c02s05  {29}
[0] MPI startup(): 35      754523   i01r01c02s05  {77}
[0] MPI startup(): 36      754524   i01r01c02s05  {30}
[0] MPI startup(): 37      754525   i01r01c02s05  {78}
[0] MPI startup(): 38      754526   i01r01c02s05  {31}
[0] MPI startup(): 39      754527   i01r01c02s05  {79}
[0] MPI startup(): 40      754528   i01r01c02s05  {32}
[0] MPI startup(): 41      754529   i01r01c02s05  {80}
[0] MPI startup(): 42      754530   i01r01c02s05  {33}
[0] MPI startup(): 43      754531   i01r01c02s05  {81}
[0] MPI startup(): 44      754532   i01r01c02s05  {34}
[0] MPI startup(): 45      754533   i01r01c02s05  {82}
[0] MPI startup(): 46      754534   i01r01c02s05  {35}
[0] MPI startup(): 47      754535   i01r01c02s05  {83}

4 processes distributed in X-direction
 12 ; processes distributed in Y-direction
Resolutions       : (6500, 8500, ... 12500)
Iterations        : 20
Num. Heat sources : 2
   1: (0.00, 0.00) 1.00 1.00 
   2: (1.00, 1.00) 1.00 0.50 
rank= 0 coords= 0 0 neighbours(up,down,left,right)= -1 12 -1 1
rank= 1 coords= 0 1 neighbours(up,down,left,right)= -1 13 0 2
rank= 2 coords= 0 2 neighbours(up,down,left,right)= -1 14 1 3
rank= 6 coords= 0 6 neighbours(up,down,left,right)= -1 18 5 7
rank= 8 coords= 0 8 neighbours(up,down,left,right)= -1 20 7 9
rank= 12 coords= 1 0 neighbours(up,down,left,right)= 0 24 -1 13
rank= 18 coords= 1 6 neighbours(up,down,left,right)= 6 30 17 19
rank= 36 coords= 3 0 neighbours(up,down,left,right)= 24 -1 -1 37
rank= 37 coords= 3 1 neighbours(up,down,left,right)= 25 -1 36 38
rank= 38 coords= 3 2 neighbours(up,down,left,right)= 26 -1 37 39
rank= 40 coords= 3 4 neighbours(up,down,left,right)= 28 -1 39 41
rank= 3 coords= 0 3 neighbours(up,down,left,right)= -1 15 2 4
rank= 4 coords= 0 4 neighbours(up,down,left,right)= -1 16 3 5
rank= 5 coords= 0 5 neighbours(up,down,left,right)= -1 17 4 6
rank= 7 coords= 0 7 neighbours(up,down,left,right)= -1 19 6 8
rank= 9 coords= 0 9 neighbours(up,down,left,right)= -1 21 8 10
rank= 10 coords= 0 10 neighbours(up,down,left,right)= -1 22 9 11
rank= 11 coords= 0 11 neighbours(up,down,left,right)= -1 23 10 -1
rank= 13 coords= 1 1 neighbours(up,down,left,right)= 1 25 12 14
rank= 14 coords= 1 2 neighbours(up,down,left,right)= 2 26 13 15
rank= 15 coords= 1 3 neighbours(up,down,left,right)= 3 27 14 16
rank= 16 coords= 1 4 neighbours(up,down,left,right)= 4 28 15 17
rank= 17 coords= 1 5 neighbours(up,down,left,right)= 5 29 16 18
rank= 19 coords= 1 7 neighbours(up,down,left,right)= 7 31 18 20
rank= 20 coords= 1 8 neighbours(up,down,left,right)= 8 32 19 21
rank= 21 coords= 1 9 neighbours(up,down,left,right)= 9 33 20 22
rank= 22 coords= 1 10 neighbours(up,down,left,right)= 10 34 21 23
rank= 23 coords= 1 11 neighbours(up,down,left,right)= 11 35 22 -1
rank= 24 coords= 2 0 neighbours(up,down,left,right)= 12 36 -1 25
rank= 25 coords= 2 1 neighbours(up,down,left,right)= 13 37 24 26
rank= 26 coords= 2 2 neighbours(up,down,left,right)= 14 38 25 27
rank= 27 coords= 2 3 neighbours(up,down,left,right)= 15 39 26 28
rank= 28 coords= 2 4 neighbours(up,down,left,right)= 16 40 27 29
rank= 29 coords= 2 5 neighbours(up,down,left,right)= 17 41 28 30
rank= 30 coords= 2 6 neighbours(up,down,left,right)= 18 42 29 31
rank= 31 coords= 2 7 neighbours(up,down,left,right)= 19 43 30 32
rank= 32 coords= 2 8 neighbours(up,down,left,right)= 20 44 31 33
rank= 33 coords= 2 9 neighbours(up,down,left,right)= 21 45 32 34
rank= 34 coords= 2 10 neighbours(up,down,left,right)= 22 46 33 35
rank= 35 coords= 2 11 neighbours(up,down,left,right)= 23 47 34 -1
rank= 39 coords= 3 3 neighbours(up,down,left,right)= 27 -1 38 40
rank= 41 coords= 3 5 neighbours(up,down,left,right)= 29 -1 40 42
rank= 42 coords= 3 6 neighbours(up,down,left,right)= 30 -1 41 43
rank= 43 coords= 3 7 neighbours(up,down,left,right)= 31 -1 42 44
rank= 44 coords= 3 8 neighbours(up,down,left,right)= 32 -1 43 45
rank= 45 coords= 3 9 neighbours(up,down,left,right)= 33 -1 44 46
rank= 46 coords= 3 10 neighbours(up,down,left,right)= 34 -1 45 47
rank= 47 coords= 3 11 neighbours(up,down,left,right)= 35 -1 46 -1

Num-X: 12 ; Num-Y: 4 ; Resolution: 6500 ; Rank: 47 ; Rank-X: 3 ; Rank-Y: 11 ; Rowstart: 4875; Rowend: 6501; Rows: 1626; Colstart: 5962; Colend: 6501; Cols: 539;
Num-X: 12 ; Num-Y: 4 ; Resolution: 6500 ; Rank: 13 ; Rank-X: 1 ; Rank-Y: 1 ; Rowstart: 1625; Rowend: 3251; Rows: 1626; Colstart: 542; Colend: 1085; Cols: 543;
Num-X: 12 ; Num-Y: 4 ; Resolution: 6500 ; Rank: 21 ; Rank-X: 1 ; Rank-Y: 9 ; Rowstart: 1625; Rowend: 3251; Rows: 1626; Colstart: 4878; Colend: 5421; Cols: 543;
Num-X: 12 ; Num-Y: 4 ; Resolution: 6500 ; Rank: 40 ; Rank-X: 3 ; Rank-Y: 4 ; Rowstart: 4875; Rowend: 6501; Rows: 1626; Colstart: 2168; Colend: 2711; Cols: 543;
Num-X: 12 ; Num-Y: 4 ; Resolution: 6500 ; Rank: 45 ; Rank-X: 3 ; Rank-Y: 9 ; Rowstart: 4875; Rowend: 6501; Rows: 1626; Colstart: 4878; Colend: 5421; Cols: 543;
Num-X: 12 ; Num-Y: 4 ; Resolution: 6500 ; Rank: 11 ; Rank-X: 0 ; Rank-Y: 11 ; Rowstart: 0; Rowend: 1626; Rows: 1626; Colstart: 5962; Colend: 6501; Cols: 539;
Num-X: 12 ; Num-Y: 4 ; Resolution: 6500 ; Rank: 28 ; Rank-X: 2 ; Rank-Y: 4 ; Rowstart: 3250; Rowend: 4876; Rows: 1626; Colstart: 2168; Colend: 2711; Cols: 543;
Num-X: 12 ; Num-Y: 4 ; Resolution: 6500 ; Rank: 31 ; Rank-X: 2 ; Rank-Y: 7 ; Rowstart: 3250; Rowend: 4876; Rows: 1626; Colstart: 3794; Colend: 4337; Cols: 543;
Num-X: 12 ; Num-Y: 4 ; Resolution: 6500 ; Rank: 34 ; Rank-X: 2 ; Rank-Y: 10 ; Rowstart: 3250; Rowend: 4876; Rows: 1626; Colstart: 5420; Colend: 5963; Cols: 543;
Num-X: 12 ; Num-Y: 4 ; Resolution: 6500 ; Rank: 37 ; Rank-X: 3 ; Rank-Y: 1 ; Rowstart: 4875; Rowend: 6501; Rows: 1626; Colstart: 542; Colend: 1085; Cols: 543;
Num-X: 12 ; Num-Y: 4 ; Resolution: 6500 ; Rank: 17 ; Rank-X: 1 ; Rank-Y: 5 ; Rowstart: 1625; Rowend: 3251; Rows: 1626; Colstart: 2710; Colend: 3253; Cols: 543;
Num-X: 12 ; Num-Y: 4 ; Resolution: 6500 ; Rank: 24 ; Rank-X: 2 ; Rank-Y: 0 ; Rowstart: 3250; Rowend: 4876; Rows: 1626; Colstart: 0; Colend: 543; Cols: 543;
Num-X: 12 ; Num-Y: 4 ; Resolution: 6500 ; Rank: 32 ; Rank-X: 2 ; Rank-Y: 8 ; Rowstart: 3250; Rowend: 4876; Rows: 1626; Colstart: 4336; Colend: 4879; Cols: 543;
Num-X: 12 ; Num-Y: 4 ; Resolution: 6500 ; Rank: 7 ; Rank-X: 0 ; Rank-Y: 7 ; Rowstart: 0; Rowend: 1626; Rows: 1626; Colstart: 3794; Colend: 4337; Cols: 543;
Num-X: 12 ; Num-Y: 4 ; Resolution: 6500 ; Rank: 9 ; Rank-X: 0 ; Rank-Y: 9 ; Rowstart: 0; Rowend: 1626; Rows: 1626; Colstart: 4878; Colend: 5421; Cols: 543;
Num-X: 12 ; Num-Y: 4 ; Resolution: 6500 ; Rank: 27 ; Rank-X: 2 ; Rank-Y: 3 ; Rowstart: 3250; Rowend: 4876; Rows: 1626; Colstart: 1626; Colend: 2169; Cols: 543;
Num-X: 12 ; Num-Y: 4 ; Resolution: 6500 ; Rank: 18 ; Rank-X: 1 ; Rank-Y: 6 ; Rowstart: 1625; Rowend: 3251; Rows: 1626; Colstart: 3252; Colend: 3795; Cols: 543;
Num-X: 12 ; Num-Y: 4 ; Resolution: 6500 ; Rank: 2 ; Rank-X: 0 ; Rank-Y: 2 ; Rowstart: 0; Rowend: 1626; Rows: 1626; Colstart: 1084; Colend: 1627; Cols: 543;
Num-X: 12 ; Num-Y: 4 ; Resolution: 6500 ; Rank: 6 ; Rank-X: 0 ; Rank-Y: 6 ; Rowstart: 0; Rowend: 1626; Rows: 1626; Colstart: 3252; Colend: 3795; Cols: 543;
Num-X: 12 ; Num-Y: 4 ; Resolution: 6500 ; Rank: 10 ; Rank-X: 0 ; Rank-Y: 10 ; Rowstart: 0; Rowend: 1626; Rows: 1626; Colstart: 5420; Colend: 5963; Cols: 543;
Num-X: 12 ; Num-Y: 4 ; Resolution: 6500 ; Rank: 42 ; Rank-X: 3 ; Rank-Y: 6 ; Rowstart: 4875; Rowend: 6501; Rows: 1626; Colstart: 3252; Colend: 3795; Cols: 543;
Num-X: 12 ; Num-Y: 4 ; Resolution: 6500 ; Rank: 4 ; Rank-X: 0 ; Rank-Y: 4 ; Rowstart: 0; Rowend: 1626; Rows: 1626; Colstart: 2168; Colend: 2711; Cols: 543;
Num-X: 12 ; Num-Y: 4 ; Resolution: 6500 ; Rank: 5 ; Rank-X: 0 ; Rank-Y: 5 ; Rowstart: 0; Rowend: 1626; Rows: 1626; Colstart: 2710; Colend: 3253; Cols: 543;
Num-X: 12 ; Num-Y: 4 ; Resolution: 6500 ; Rank: 14 ; Rank-X: 1 ; Rank-Y: 2 ; Rowstart: 1625; Rowend: 3251; Rows: 1626; Colstart: 1084; Colend: 1627; Cols: 543;
Num-X: 12 ; Num-Y: 4 ; Resolution: 6500 ; Rank: 19 ; Rank-X: 1 ; Rank-Y: 7 ; Rowstart: 1625; Rowend: 3251; Rows: 1626; Colstart: 3794; Colend: 4337; Cols: 543;
Num-X: 12 ; Num-Y: 4 ; Resolution: 6500 ; Rank: 39 ; Rank-X: 3 ; Rank-Y: 3 ; Rowstart: 4875; Rowend: 6501; Rows: 1626; Colstart: 1626; Colend: 2169; Cols: 543;
Num-X: 12 ; Num-Y: 4 ; Resolution: 6500 ; Rank: 23 ; Rank-X: 1 ; Rank-Y: 11 ; Rowstart: 1625; Rowend: 3251; Rows: 1626; Colstart: 5962; Colend: 6501; Cols: 539;
Num-X: 12 ; Num-Y: 4 ; Resolution: 6500 ; Rank: 26 ; Rank-X: 2 ; Rank-Y: 2 ; Rowstart: 3250; Rowend: 4876; Rows: 1626; Colstart: 1084; Colend: 1627; Cols: 543;
Num-X: 12 ; Num-Y: 4 ; Resolution: 6500 ; Rank: 8 ; Rank-X: 0 ; Rank-Y: 8 ; Rowstart: 0; Rowend: 1626; Rows: 1626; Colstart: 4336; Colend: 4879; Cols: 543;
Num-X: 12 ; Num-Y: 4 ; Resolution: 6500 ; Rank: 12 ; Rank-X: 1 ; Rank-Y: 0 ; Rowstart: 1625; Rowend: 3251; Rows: 1626; Colstart: 0; Colend: 543; Cols: 543;
Num-X: 12 ; Num-Y: 4 ; Resolution: 6500 ; Rank: 29 ; Rank-X: 2 ; Rank-Y: 5 ; Rowstart: 3250; Rowend: 4876; Rows: 1626; Colstart: 2710; Colend: 3253; Cols: 543;
Num-X: 12 ; Num-Y: 4 ; Resolution: 6500 ; Rank: 30 ; Rank-X: 2 ; Rank-Y: 6 ; Rowstart: 3250; Rowend: 4876; Rows: 1626; Colstart: 3252; Colend: 3795; Cols: 543;
Num-X: 12 ; Num-Y: 4 ; Resolution: 6500 ; Rank: 38 ; Rank-X: 3 ; Rank-Y: 2 ; Rowstart: 4875; Rowend: 6501; Rows: 1626; Colstart: 1084; Colend: 1627; Cols: 543;
Num-X: 12 ; Num-Y: 4 ; Resolution: 6500 ; Rank: 36 ; Rank-X: 3 ; Rank-Y: 0 ; Rowstart: 4875; Rowend: 6501; Rows: 1626; Colstart: 0; Colend: 543; Cols: 543;
Num-X: 12 ; Num-Y: 4 ; Resolution: 6500 ; Rank: 41 ; Rank-X: 3 ; Rank-Y: 5 ; Rowstart: 4875; Rowend: 6501; Rows: 1626; Colstart: 2710; Colend: 3253; Cols: 543;
Num-X: 12 ; Num-Y: 4 ; Resolution: 6500 ; Rank: 22 ; Rank-X: 1 ; Rank-Y: 10 ; Rowstart: 1625; Rowend: 3251; Rows: 1626; Colstart: 5420; Colend: 5963; Cols: 543;
Num-X: 12 ; Num-Y: 4 ; Resolution: 6500 ; Rank: 43 ; Rank-X: 3 ; Rank-Y: 7 ; Rowstart: 4875; Rowend: 6501; Rows: 1626; Colstart: 3794; Colend: 4337; Cols: 543;
Num-X: 12 ; Num-Y: 4 ; Resolution: 6500 ; Rank: 3 ; Rank-X: 0 ; Rank-Y: 3 ; Rowstart: 0; Rowend: 1626; Rows: 1626; Colstart: 1626; Colend: 2169; Cols: 543;
Num-X: 12 ; Num-Y: 4 ; Resolution: 6500 ; Rank: 20 ; Rank-X: 1 ; Rank-Y: 8 ; Rowstart: 1625; Rowend: 3251; Rows: 1626; Colstart: 4336; Colend: 4879; Cols: 543;
Num-X: 12 ; Num-Y: 4 ; Resolution: 6500 ; Rank: 25 ; Rank-X: 2 ; Rank-Y: 1 ; Rowstart: 3250; Rowend: 4876; Rows: 1626; Colstart: 542; Colend: 1085; Cols: 543;
Num-X: 12 ; Num-Y: 4 ; Resolution: 6500 ; Rank: 15 ; Rank-X: 1 ; Rank-Y: 3 ; Rowstart: 1625; Rowend: 3251; Rows: 1626; Colstart: 1626; Colend: 2169; Cols: 543;
Num-X: 12 ; Num-Y: 4 ; Resolution: 6500 ; Rank: 33 ; Rank-X: 2 ; Rank-Y: 9 ; Rowstart: 3250; Rowend: 4876; Rows: 1626; Colstart: 4878; Colend: 5421; Cols: 543;
Num-X: 12 ; Num-Y: 4 ; Resolution: 6500 ; Rank: 44 ; Rank-X: 3 ; Rank-Y: 8 ; Rowstart: 4875; Rowend: 6501; Rows: 1626; Colstart: 4336; Colend: 4879; Cols: 543;
Num-X: 12 ; Num-Y: 4 ; Resolution: 6500 ; Rank: 16 ; Rank-X: 1 ; Rank-Y: 4 ; Rowstart: 1625; Rowend: 3251; Rows: 1626; Colstart: 2168; Colend: 2711; Cols: 543;
Num-X: 12 ; Num-Y: 4 ; Resolution: 6500 ; Rank: 35 ; Rank-X: 2 ; Rank-Y: 11 ; Rowstart: 3250; Rowend: 4876; Rows: 1626; Colstart: 5962; Colend: 6501; Cols: 539;
Num-X: 12 ; Num-Y: 4 ; Resolution: 6500 ; Rank: 0 ; Rank-X: 0 ; Rank-Y: 0 ; Rowstart: 0; Rowend: 1626; Rows: 1626; Colstart: 0; Colend: 543; Cols: 543;
Num-X: 12 ; Num-Y: 4 ; Resolution: 6500 ; Rank: 46 ; Rank-X: 3 ; Rank-Y: 10 ; Rowstart: 4875; Rowend: 6501; Rows: 1626; Colstart: 5420; Colend: 5963; Cols: 543;
Num-X: 12 ; Num-Y: 4 ; Resolution: 6500 ; Rank: 1 ; Rank-X: 0 ; Rank-Y: 1 ; Rowstart: 0; Rowend: 1626; Rows: 1626; Colstart: 542; Colend: 1085; Cols: 543;

Resolution: 6500
===================
Execution time: 0.094057
Residual: 3.049154

megaflops:  62887.3
  flop instructions (M):  5915.000

Num-X: 12 ; Num-Y: 4 ; Resolution: 8500 ; Rank: 30 ; Rank-X: 2 ; Rank-Y: 6 ; Rowstart: 4250; Rowend: 6376; Rows: 2126; Colstart: 4254; Colend: 4964; Cols: 710;
Num-X: 12 ; Num-Y: 4 ; Resolution: 8500 ; Rank: 37 ; Rank-X: 3 ; Rank-Y: 1 ; Rowstart: 6375; Rowend: 8501; Rows: 2126; Colstart: 709; Colend: 1419; Cols: 710;
Num-X: 12 ; Num-Y: 4 ; Resolution: 8500 ; Rank: 38 ; Rank-X: 3 ; Rank-Y: 2 ; Rowstart: 6375; Rowend: 8501; Rows: 2126; Colstart: 1418; Colend: 2128; Cols: 710;
Num-X: 12 ; Num-Y: 4 ; Resolution: 8500 ; Rank: 44 ; Rank-X: 3 ; Rank-Y: 8 ; Rowstart: 6375; Rowend: 8501; Rows: 2126; Colstart: 5672; Colend: 6382; Cols: 710;
Num-X: 12 ; Num-Y: 4 ; Resolution: 8500 ; Rank: 23 ; Rank-X: 1 ; Rank-Y: 11 ; Rowstart: 2125; Rowend: 4251; Rows: 2126; Colstart: 7799; Colend: 8501; Cols: 702;
Num-X: 12 ; Num-Y: 4 ; Resolution: 8500 ; Rank: 25 ; Rank-X: 2 ; Rank-Y: 1 ; Rowstart: 4250; Rowend: 6376; Rows: 2126; Colstart: 709; Colend: 1419; Cols: 710;
Num-X: 12 ; Num-Y: 4 ; Resolution: 8500 ; Rank: 35 ; Rank-X: 2 ; Rank-Y: 11 ; Rowstart: 4250; Rowend: 6376; Rows: 2126; Colstart: 7799; Colend: 8501; Cols: 702;
Num-X: 12 ; Num-Y: 4 ; Resolution: 8500 ; Rank: 42 ; Rank-X: 3 ; Rank-Y: 6 ; Rowstart: 6375; Rowend: 8501; Rows: 2126; Colstart: 4254; Colend: 4964; Cols: 710;
Num-X: 12 ; Num-Y: 4 ; Resolution: 8500 ; Rank: 6 ; Rank-X: 0 ; Rank-Y: 6 ; Rowstart: 0; Rowend: 2126; Rows: 2126; Colstart: 4254; Colend: 4964; Cols: 710;
Num-X: 12 ; Num-Y: 4 ; Resolution: 8500 ; Rank: 19 ; Rank-X: 1 ; Rank-Y: 7 ; Rowstart: 2125; Rowend: 4251; Rows: 2126; Colstart: 4963; Colend: 5673; Cols: 710;
Num-X: 12 ; Num-Y: 4 ; Resolution: 8500 ; Rank: 40 ; Rank-X: 3 ; Rank-Y: 4 ; Rowstart: 6375; Rowend: 8501; Rows: 2126; Colstart: 2836; Colend: 3546; Cols: 710;
Num-X: 12 ; Num-Y: 4 ; Resolution: 8500 ; Rank: 5 ; Rank-X: 0 ; Rank-Y: 5 ; Rowstart: 0; Rowend: 2126; Rows: 2126; Colstart: 3545; Colend: 4255; Cols: 710;
Num-X: 12 ; Num-Y: 4 ; Resolution: 8500 ; Rank: 16 ; Rank-X: 1 ; Rank-Y: 4 ; Rowstart: 2125; Rowend: 4251; Rows: 2126; Colstart: 2836; Colend: 3546; Cols: 710;
Num-X: 12 ; Num-Y: 4 ; Resolution: 8500 ; Rank: 41 ; Rank-X: 3 ; Rank-Y: 5 ; Rowstart: 6375; Rowend: 8501; Rows: 2126; Colstart: 3545; Colend: 4255; Cols: 710;
Num-X: 12 ; Num-Y: 4 ; Resolution: 8500 ; Rank: 46 ; Rank-X: 3 ; Rank-Y: 10 ; Rowstart: 6375; Rowend: 8501; Rows: 2126; Colstart: 7090; Colend: 7800; Cols: 710;
Num-X: 12 ; Num-Y: 4 ; Resolution: 8500 ; Rank: 26 ; Rank-X: 2 ; Rank-Y: 2 ; Rowstart: 4250; Rowend: 6376; Rows: 2126; Colstart: 1418; Colend: 2128; Cols: 710;
Num-X: 12 ; Num-Y: 4 ; Resolution: 8500 ; Rank: 20 ; Rank-X: 1 ; Rank-Y: 8 ; Rowstart: 2125; Rowend: 4251; Rows: 2126; Colstart: 5672; Colend: 6382; Cols: 710;
Num-X: 12 ; Num-Y: 4 ; Resolution: 8500 ; Rank: 47 ; Rank-X: 3 ; Rank-Y: 11 ; Rowstart: 6375; Rowend: 8501; Rows: 2126; Colstart: 7799; Colend: 8501; Cols: 702;
Num-X: 12 ; Num-Y: 4 ; Resolution: 8500 ; Rank: 17 ; Rank-X: 1 ; Rank-Y: 5 ; Rowstart: 2125; Rowend: 4251; Rows: 2126; Colstart: 3545; Colend: 4255; Cols: 710;
Num-X: 12 ; Num-Y: 4 ; Resolution: 8500 ; Rank: 21 ; Rank-X: 1 ; Rank-Y: 9 ; Rowstart: 2125; Rowend: 4251; Rows: 2126; Colstart: 6381; Colend: 7091; Cols: 710;
Num-X: 12 ; Num-Y: 4 ; Resolution: 8500 ; Rank: 28 ; Rank-X: 2 ; Rank-Y: 4 ; Rowstart: 4250; Rowend: 6376; Rows: 2126; Colstart: 2836; Colend: 3546; Cols: 710;
Num-X: 12 ; Num-Y: 4 ; Resolution: 8500 ; Rank: 18 ; Rank-X: 1 ; Rank-Y: 6 ; Rowstart: 2125; Rowend: 4251; Rows: 2126; Colstart: 4254; Colend: 4964; Cols: 710;
Num-X: 12 ; Num-Y: 4 ; Resolution: 8500 ; Rank: 29 ; Rank-X: 2 ; Rank-Y: 5 ; Rowstart: 4250; Rowend: 6376; Rows: 2126; Colstart: 3545; Colend: 4255; Cols: 710;
Num-X: 12 ; Num-Y: 4 ; Resolution: 8500 ; Rank: 27 ; Rank-X: 2 ; Rank-Y: 3 ; Rowstart: 4250; Rowend: 6376; Rows: 2126; Colstart: 2127; Colend: 2837; Cols: 710;
Num-X: 12 ; Num-Y: 4 ; Resolution: 8500 ; Rank: 13 ; Rank-X: 1 ; Rank-Y: 1 ; Rowstart: 2125; Rowend: 4251; Rows: 2126; Colstart: 709; Colend: 1419; Cols: 710;
Num-X: 12 ; Num-Y: 4 ; Resolution: 8500 ; Rank: 15 ; Rank-X: 1 ; Rank-Y: 3 ; Rowstart: 2125; Rowend: 4251; Rows: 2126; Colstart: 2127; Colend: 2837; Cols: 710;
Num-X: 12 ; Num-Y: 4 ; Resolution: 8500 ; Rank: 12 ; Rank-X: 1 ; Rank-Y: 0 ; Rowstart: 2125; Rowend: 4251; Rows: 2126; Colstart: 0; Colend: 710; Cols: 710;
Num-X: 12 ; Num-Y: 4 ; Resolution: 8500 ; Rank: 32 ; Rank-X: 2 ; Rank-Y: 8 ; Rowstart: 4250; Rowend: 6376; Rows: 2126; Colstart: 5672; Colend: 6382; Cols: 710;
Num-X: 12 ; Num-Y: 4 ; Resolution: 8500 ; Rank: 8 ; Rank-X: 0 ; Rank-Y: 8 ; Rowstart: 0; Rowend: 2126; Rows: 2126; Colstart: 5672; Colend: 6382; Cols: 710;
Num-X: 12 ; Num-Y: 4 ; Resolution: 8500 ; Rank: 10 ; Rank-X: 0 ; Rank-Y: 10 ; Rowstart: 0; Rowend: 2126; Rows: 2126; Colstart: 7090; Colend: 7800; Cols: 710;
Num-X: 12 ; Num-Y: 4 ; Resolution: 8500 ; Rank: 33 ; Rank-X: 2 ; Rank-Y: 9 ; Rowstart: 4250; Rowend: 6376; Rows: 2126; Colstart: 6381; Colend: 7091; Cols: 710;
Num-X: 12 ; Num-Y: 4 ; Resolution: 8500 ; Rank: 1 ; Rank-X: 0 ; Rank-Y: 1 ; Rowstart: 0; Rowend: 2126; Rows: 2126; Colstart: 709; Colend: 1419; Cols: 710;
Num-X: 12 ; Num-Y: 4 ; Resolution: 8500 ; Rank: 2 ; Rank-X: 0 ; Rank-Y: 2 ; Rowstart: 0; Rowend: 2126; Rows: 2126; Colstart: 1418; Colend: 2128; Cols: 710;
Num-X: 12 ; Num-Y: 4 ; Resolution: 8500 ; Rank: 9 ; Rank-X: 0 ; Rank-Y: 9 ; Rowstart: 0; Rowend: 2126; Rows: 2126; Colstart: 6381; Colend: 7091; Cols: 710;
Num-X: 12 ; Num-Y: 4 ; Resolution: 8500 ; Rank: 14 ; Rank-X: 1 ; Rank-Y: 2 ; Rowstart: 2125; Rowend: 4251; Rows: 2126; Colstart: 1418; Colend: 2128; Cols: 710;
Num-X: 12 ; Num-Y: 4 ; Resolution: 8500 ; Rank: 3 ; Rank-X: 0 ; Rank-Y: 3 ; Rowstart: 0; Rowend: 2126; Rows: 2126; Colstart: 2127; Colend: 2837; Cols: 710;
Num-X: 12 ; Num-Y: 4 ; Resolution: 8500 ; Rank: 11 ; Rank-X: 0 ; Rank-Y: 11 ; Rowstart: 0; Rowend: 2126; Rows: 2126; Colstart: 7799; Colend: 8501; Cols: 702;
Num-X: 12 ; Num-Y: 4 ; Resolution: 8500 ; Rank: 43 ; Rank-X: 3 ; Rank-Y: 7 ; Rowstart: 6375; Rowend: 8501; Rows: 2126; Colstart: 4963; Colend: 5673; Cols: 710;
Num-X: 12 ; Num-Y: 4 ; Resolution: 8500 ; Rank: 0 ; Rank-X: 0 ; Rank-Y: 0 ; Rowstart: 0; Rowend: 2126; Rows: 2126; Colstart: 0; Colend: 710; Cols: 710;
Num-X: 12 ; Num-Y: 4 ; Resolution: 8500 ; Rank: 45 ; Rank-X: 3 ; Rank-Y: 9 ; Rowstart: 6375; Rowend: 8501; Rows: 2126; Colstart: 6381; Colend: 7091; Cols: 710;
Num-X: 12 ; Num-Y: 4 ; Resolution: 8500 ; Rank: 24 ; Rank-X: 2 ; Rank-Y: 0 ; Rowstart: 4250; Rowend: 6376; Rows: 2126; Colstart: 0; Colend: 710; Cols: 710;
Num-X: 12 ; Num-Y: 4 ; Resolution: 8500 ; Rank: 34 ; Rank-X: 2 ; Rank-Y: 10 ; Rowstart: 4250; Rowend: 6376; Rows: 2126; Colstart: 7090; Colend: 7800; Cols: 710;
Num-X: 12 ; Num-Y: 4 ; Resolution: 8500 ; Rank: 39 ; Rank-X: 3 ; Rank-Y: 3 ; Rowstart: 6375; Rowend: 8501; Rows: 2126; Colstart: 2127; Colend: 2837; Cols: 710;
Num-X: 12 ; Num-Y: 4 ; Resolution: 8500 ; Rank: 36 ; Rank-X: 3 ; Rank-Y: 0 ; Rowstart: 6375; Rowend: 8501; Rows: 2126; Colstart: 0; Colend: 710; Cols: 710;
Num-X: 12 ; Num-Y: 4 ; Resolution: 8500 ; Rank: 4 ; Rank-X: 0 ; Rank-Y: 4 ; Rowstart: 0; Rowend: 2126; Rows: 2126; Colstart: 2836; Colend: 3546; Cols: 710;
Num-X: 12 ; Num-Y: 4 ; Resolution: 8500 ; Rank: 31 ; Rank-X: 2 ; Rank-Y: 7 ; Rowstart: 4250; Rowend: 6376; Rows: 2126; Colstart: 4963; Colend: 5673; Cols: 710;
Num-X: 12 ; Num-Y: 4 ; Resolution: 8500 ; Rank: 7 ; Rank-X: 0 ; Rank-Y: 7 ; Rowstart: 0; Rowend: 2126; Rows: 2126; Colstart: 4963; Colend: 5673; Cols: 710;
Num-X: 12 ; Num-Y: 4 ; Resolution: 8500 ; Rank: 22 ; Rank-X: 1 ; Rank-Y: 10 ; Rowstart: 2125; Rowend: 4251; Rows: 2126; Colstart: 7090; Colend: 7800; Cols: 710;

Resolution: 8500
===================
Execution time: 0.168638
Residual: 3.987213

megaflops:  59980.6
  flop instructions (M):  10115.000

Num-X: 12 ; Num-Y: 4 ; Resolution: 10500 ; Rank: 19 ; Rank-X: 1 ; Rank-Y: 7 ; Rowstart: 2625; Rowend: 5251; Rows: 2626; Colstart: 6125; Colend: 7001; Cols: 876;
Num-X: 12 ; Num-Y: 4 ; Resolution: 10500 ; Rank: 37 ; Rank-X: 3 ; Rank-Y: 1 ; Rowstart: 7875; Rowend: 10501; Rows: 2626; Colstart: 875; Colend: 1751; Cols: 876;
Num-X: 12 ; Num-Y: 4 ; Resolution: 10500 ; Rank: 45 ; Rank-X: 3 ; Rank-Y: 9 ; Rowstart: 7875; Rowend: 10501; Rows: 2626; Colstart: 7875; Colend: 8751; Cols: 876;
Num-X: 12 ; Num-Y: 4 ; Resolution: 10500 ; Rank: 4 ; Rank-X: 0 ; Rank-Y: 4 ; Rowstart: 0; Rowend: 2626; Rows: 2626; Colstart: 3500; Colend: 4376; Cols: 876;
Num-X: 12 ; Num-Y: 4 ; Resolution: 10500 ; Rank: 14 ; Rank-X: 1 ; Rank-Y: 2 ; Rowstart: 2625; Rowend: 5251; Rows: 2626; Colstart: 1750; Colend: 2626; Cols: 876;
Num-X: 12 ; Num-Y: 4 ; Resolution: 10500 ; Rank: 16 ; Rank-X: 1 ; Rank-Y: 4 ; Rowstart: 2625; Rowend: 5251; Rows: 2626; Colstart: 3500; Colend: 4376; Cols: 876;
Num-X: 12 ; Num-Y: 4 ; Resolution: 10500 ; Rank: 31 ; Rank-X: 2 ; Rank-Y: 7 ; Rowstart: 5250; Rowend: 7876; Rows: 2626; Colstart: 6125; Colend: 7001; Cols: 876;
Num-X: 12 ; Num-Y: 4 ; Resolution: 10500 ; Rank: 32 ; Rank-X: 2 ; Rank-Y: 8 ; Rowstart: 5250; Rowend: 7876; Rows: 2626; Colstart: 7000; Colend: 7876; Cols: 876;
Num-X: 12 ; Num-Y: 4 ; Resolution: 10500 ; Rank: 43 ; Rank-X: 3 ; Rank-Y: 7 ; Rowstart: 7875; Rowend: 10501; Rows: 2626; Colstart: 6125; Colend: 7001; Cols: 876;
Num-X: 12 ; Num-Y: 4 ; Resolution: 10500 ; Rank: 7 ; Rank-X: 0 ; Rank-Y: 7 ; Rowstart: 0; Rowend: 2626; Rows: 2626; Colstart: 6125; Colend: 7001; Cols: 876;
Num-X: 12 ; Num-Y: 4 ; Resolution: 10500 ; Rank: 10 ; Rank-X: 0 ; Rank-Y: 10 ; Rowstart: 0; Rowend: 2626; Rows: 2626; Colstart: 8750; Colend: 9626; Cols: 876;
Num-X: 12 ; Num-Y: 4 ; Resolution: 10500 ; Rank: 34 ; Rank-X: 2 ; Rank-Y: 10 ; Rowstart: 5250; Rowend: 7876; Rows: 2626; Colstart: 8750; Colend: 9626; Cols: 876;
Num-X: 12 ; Num-Y: 4 ; Resolution: 10500 ; Rank: 9 ; Rank-X: 0 ; Rank-Y: 9 ; Rowstart: 0; Rowend: 2626; Rows: 2626; Colstart: 7875; Colend: 8751; Cols: 876;
Num-X: 12 ; Num-Y: 4 ; Resolution: 10500 ; Rank: 36 ; Rank-X: 3 ; Rank-Y: 0 ; Rowstart: 7875; Rowend: 10501; Rows: 2626; Colstart: 0; Colend: 876; Cols: 876;
Num-X: 12 ; Num-Y: 4 ; Resolution: 10500 ; Rank: 39 ; Rank-X: 3 ; Rank-Y: 3 ; Rowstart: 7875; Rowend: 10501; Rows: 2626; Colstart: 2625; Colend: 3501; Cols: 876;
Num-X: 12 ; Num-Y: 4 ; Resolution: 10500 ; Rank: 1 ; Rank-X: 0 ; Rank-Y: 1 ; Rowstart: 0; Rowend: 2626; Rows: 2626; Colstart: 875; Colend: 1751; Cols: 876;
Num-X: 12 ; Num-Y: 4 ; Resolution: 10500 ; Rank: 15 ; Rank-X: 1 ; Rank-Y: 3 ; Rowstart: 2625; Rowend: 5251; Rows: 2626; Colstart: 2625; Colend: 3501; Cols: 876;
Num-X: 12 ; Num-Y: 4 ; Resolution: 10500 ; Rank: 25 ; Rank-X: 2 ; Rank-Y: 1 ; Rowstart: 5250; Rowend: 7876; Rows: 2626; Colstart: 875; Colend: 1751; Cols: 876;
Num-X: 12 ; Num-Y: 4 ; Resolution: 10500 ; Rank: 33 ; Rank-X: 2 ; Rank-Y: 9 ; Rowstart: 5250; Rowend: 7876; Rows: 2626; Colstart: 7875; Colend: 8751; Cols: 876;
Num-X: 12 ; Num-Y: 4 ; Resolution: 10500 ; Rank: 38 ; Rank-X: 3 ; Rank-Y: 2 ; Rowstart: 7875; Rowend: 10501; Rows: 2626; Colstart: 1750; Colend: 2626; Cols: 876;
Num-X: 12 ; Num-Y: 4 ; Resolution: 10500 ; Rank: 0 ; Rank-X: 0 ; Rank-Y: 0 ; Rowstart: 0; Rowend: 2626; Rows: 2626; Colstart: 0; Colend: 876; Cols: 876;
Num-X: 12 ; Num-Y: 4 ; Resolution: 10500 ; Rank: 2 ; Rank-X: 0 ; Rank-Y: 2 ; Rowstart: 0; Rowend: 2626; Rows: 2626; Colstart: 1750; Colend: 2626; Cols: 876;
Num-X: 12 ; Num-Y: 4 ; Resolution: 10500 ; Rank: 8 ; Rank-X: 0 ; Rank-Y: 8 ; Rowstart: 0; Rowend: 2626; Rows: 2626; Colstart: 7000; Colend: 7876; Cols: 876;
Num-X: 12 ; Num-Y: 4 ; Resolution: 10500 ; Rank: 11 ; Rank-X: 0 ; Rank-Y: 11 ; Rowstart: 0; Rowend: 2626; Rows: 2626; Colstart: 9625; Colend: 10501; Cols: 876;
Num-X: 12 ; Num-Y: 4 ; Resolution: 10500 ; Rank: 22 ; Rank-X: 1 ; Rank-Y: 10 ; Rowstart: 2625; Rowend: 5251; Rows: 2626; Colstart: 8750; Colend: 9626; Cols: 876;
Num-X: 12 ; Num-Y: 4 ; Resolution: 10500 ; Rank: 24 ; Rank-X: 2 ; Rank-Y: 0 ; Rowstart: 5250; Rowend: 7876; Rows: 2626; Colstart: 0; Colend: 876; Cols: 876;
Num-X: 12 ; Num-Y: 4 ; Resolution: 10500 ; Rank: 3 ; Rank-X: 0 ; Rank-Y: 3 ; Rowstart: 0; Rowend: 2626; Rows: 2626; Colstart: 2625; Colend: 3501; Cols: 876;
Num-X: 12 ; Num-Y: 4 ; Resolution: 10500 ; Rank: 27 ; Rank-X: 2 ; Rank-Y: 3 ; Rowstart: 5250; Rowend: 7876; Rows: 2626; Colstart: 2625; Colend: 3501; Cols: 876;
Num-X: 12 ; Num-Y: 4 ; Resolution: 10500 ; Rank: 21 ; Rank-X: 1 ; Rank-Y: 9 ; Rowstart: 2625; Rowend: 5251; Rows: 2626; Colstart: 7875; Colend: 8751; Cols: 876;
Num-X: 12 ; Num-Y: 4 ; Resolution: 10500 ; Rank: 26 ; Rank-X: 2 ; Rank-Y: 2 ; Rowstart: 5250; Rowend: 7876; Rows: 2626; Colstart: 1750; Colend: 2626; Cols: 876;
Num-X: 12 ; Num-Y: 4 ; Resolution: 10500 ; Rank: 40 ; Rank-X: 3 ; Rank-Y: 4 ; Rowstart: 7875; Rowend: 10501; Rows: 2626; Colstart: 3500; Colend: 4376; Cols: 876;
Num-X: 12 ; Num-Y: 4 ; Resolution: 10500 ; Rank: 46 ; Rank-X: 3 ; Rank-Y: 10 ; Rowstart: 7875; Rowend: 10501; Rows: 2626; Colstart: 8750; Colend: 9626; Cols: 876;
Num-X: 12 ; Num-Y: 4 ; Resolution: 10500 ; Rank: 28 ; Rank-X: 2 ; Rank-Y: 4 ; Rowstart: 5250; Rowend: 7876; Rows: 2626; Colstart: 3500; Colend: 4376; Cols: 876;
Num-X: 12 ; Num-Y: 4 ; Resolution: 10500 ; Rank: 41 ; Rank-X: 3 ; Rank-Y: 5 ; Rowstart: 7875; Rowend: 10501; Rows: 2626; Colstart: 4375; Colend: 5251; Cols: 876;
Num-X: 12 ; Num-Y: 4 ; Resolution: 10500 ; Rank: 20 ; Rank-X: 1 ; Rank-Y: 8 ; Rowstart: 2625; Rowend: 5251; Rows: 2626; Colstart: 7000; Colend: 7876; Cols: 876;
Num-X: 12 ; Num-Y: 4 ; Resolution: 10500 ; Rank: 13 ; Rank-X: 1 ; Rank-Y: 1 ; Rowstart: 2625; Rowend: 5251; Rows: 2626; Colstart: 875; Colend: 1751; Cols: 876;
Num-X: 12 ; Num-Y: 4 ; Resolution: 10500 ; Rank: 29 ; Rank-X: 2 ; Rank-Y: 5 ; Rowstart: 5250; Rowend: 7876; Rows: 2626; Colstart: 4375; Colend: 5251; Cols: 876;
Num-X: 12 ; Num-Y: 4 ; Resolution: 10500 ; Rank: 47 ; Rank-X: 3 ; Rank-Y: 11 ; Rowstart: 7875; Rowend: 10501; Rows: 2626; Colstart: 9625; Colend: 10501; Cols: 876;
Num-X: 12 ; Num-Y: 4 ; Resolution: 10500 ; Rank: 12 ; Rank-X: 1 ; Rank-Y: 0 ; Rowstart: 2625; Rowend: 5251; Rows: 2626; Colstart: 0; Colend: 876; Cols: 876;
Num-X: 12 ; Num-Y: 4 ; Resolution: 10500 ; Rank: 6 ; Rank-X: 0 ; Rank-Y: 6 ; Rowstart: 0; Rowend: 2626; Rows: 2626; Colstart: 5250; Colend: 6126; Cols: 876;
Num-X: 12 ; Num-Y: 4 ; Resolution: 10500 ; Rank: 30 ; Rank-X: 2 ; Rank-Y: 6 ; Rowstart: 5250; Rowend: 7876; Rows: 2626; Colstart: 5250; Colend: 6126; Cols: 876;
Num-X: 12 ; Num-Y: 4 ; Resolution: 10500 ; Rank: 5 ; Rank-X: 0 ; Rank-Y: 5 ; Rowstart: 0; Rowend: 2626; Rows: 2626; Colstart: 4375; Colend: 5251; Cols: 876;
Num-X: 12 ; Num-Y: 4 ; Resolution: 10500 ; Rank: 18 ; Rank-X: 1 ; Rank-Y: 6 ; Rowstart: 2625; Rowend: 5251; Rows: 2626; Colstart: 5250; Colend: 6126; Cols: 876;
Num-X: 12 ; Num-Y: 4 ; Resolution: 10500 ; Rank: 44 ; Rank-X: 3 ; Rank-Y: 8 ; Rowstart: 7875; Rowend: 10501; Rows: 2626; Colstart: 7000; Colend: 7876; Cols: 876;
Num-X: 12 ; Num-Y: 4 ; Resolution: 10500 ; Rank: 42 ; Rank-X: 3 ; Rank-Y: 6 ; Rowstart: 7875; Rowend: 10501; Rows: 2626; Colstart: 5250; Colend: 6126; Cols: 876;
Num-X: 12 ; Num-Y: 4 ; Resolution: 10500 ; Rank: 17 ; Rank-X: 1 ; Rank-Y: 5 ; Rowstart: 2625; Rowend: 5251; Rows: 2626; Colstart: 4375; Colend: 5251; Cols: 876;
Num-X: 12 ; Num-Y: 4 ; Resolution: 10500 ; Rank: 23 ; Rank-X: 1 ; Rank-Y: 11 ; Rowstart: 2625; Rowend: 5251; Rows: 2626; Colstart: 9625; Colend: 10501; Cols: 876;
Num-X: 12 ; Num-Y: 4 ; Resolution: 10500 ; Rank: 35 ; Rank-X: 2 ; Rank-Y: 11 ; Rowstart: 5250; Rowend: 7876; Rows: 2626; Colstart: 9625; Colend: 10501; Cols: 876;

Resolution: 10500
===================
Execution time: 0.258129
Residual: 4.925272

megaflops:  59795.7
  flop instructions (M):  15435.000

Num-X: 12 ; Num-Y: 4 ; Resolution: 12500 ; Rank: 5 ; Rank-X: 0 ; Rank-Y: 5 ; Rowstart: 0; Rowend: 3126; Rows: 3126; Colstart: 5210; Colend: 6253; Cols: 1043;
Num-X: 12 ; Num-Y: 4 ; Resolution: 12500 ; Rank: 6 ; Rank-X: 0 ; Rank-Y: 6 ; Rowstart: 0; Rowend: 3126; Rows: 3126; Colstart: 6252; Colend: 7295; Cols: 1043;
Num-X: 12 ; Num-Y: 4 ; Resolution: 12500 ; Rank: 20 ; Rank-X: 1 ; Rank-Y: 8 ; Rowstart: 3125; Rowend: 6251; Rows: 3126; Colstart: 8336; Colend: 9379; Cols: 1043;
Num-X: 12 ; Num-Y: 4 ; Resolution: 12500 ; Rank: 21 ; Rank-X: 1 ; Rank-Y: 9 ; Rowstart: 3125; Rowend: 6251; Rows: 3126; Colstart: 9378; Colend: 10421; Cols: 1043;
Num-X: 12 ; Num-Y: 4 ; Resolution: 12500 ; Rank: 4 ; Rank-X: 0 ; Rank-Y: 4 ; Rowstart: 0; Rowend: 3126; Rows: 3126; Colstart: 4168; Colend: 5211; Cols: 1043;
Num-X: 12 ; Num-Y: 4 ; Resolution: 12500 ; Rank: 10 ; Rank-X: 0 ; Rank-Y: 10 ; Rowstart: 0; Rowend: 3126; Rows: 3126; Colstart: 10420; Colend: 11463; Cols: 1043;
Num-X: 12 ; Num-Y: 4 ; Resolution: 12500 ; Rank: 14 ; Rank-X: 1 ; Rank-Y: 2 ; Rowstart: 3125; Rowend: 6251; Rows: 3126; Colstart: 2084; Colend: 3127; Cols: 1043;
Num-X: 12 ; Num-Y: 4 ; Resolution: 12500 ; Rank: 17 ; Rank-X: 1 ; Rank-Y: 5 ; Rowstart: 3125; Rowend: 6251; Rows: 3126; Colstart: 5210; Colend: 6253; Cols: 1043;
Num-X: 12 ; Num-Y: 4 ; Resolution: 12500 ; Rank: 18 ; Rank-X: 1 ; Rank-Y: 6 ; Rowstart: 3125; Rowend: 6251; Rows: 3126; Colstart: 6252; Colend: 7295; Cols: 1043;
Num-X: 12 ; Num-Y: 4 ; Resolution: 12500 ; Rank: 42 ; Rank-X: 3 ; Rank-Y: 6 ; Rowstart: 9375; Rowend: 12501; Rows: 3126; Colstart: 6252; Colend: 7295; Cols: 1043;
Num-X: 12 ; Num-Y: 4 ; Resolution: 12500 ; Rank: 45 ; Rank-X: 3 ; Rank-Y: 9 ; Rowstart: 9375; Rowend: 12501; Rows: 3126; Colstart: 9378; Colend: 10421; Cols: 1043;
Num-X: 12 ; Num-Y: 4 ; Resolution: 12500 ; Rank: 3 ; Rank-X: 0 ; Rank-Y: 3 ; Rowstart: 0; Rowend: 3126; Rows: 3126; Colstart: 3126; Colend: 4169; Cols: 1043;
Num-X: 12 ; Num-Y: 4 ; Resolution: 12500 ; Rank: 7 ; Rank-X: 0 ; Rank-Y: 7 ; Rowstart: 0; Rowend: 3126; Rows: 3126; Colstart: 7294; Colend: 8337; Cols: 1043;
Num-X: 12 ; Num-Y: 4 ; Resolution: 12500 ; Rank: 16 ; Rank-X: 1 ; Rank-Y: 4 ; Rowstart: 3125; Rowend: 6251; Rows: 3126; Colstart: 4168; Colend: 5211; Cols: 1043;
Num-X: 12 ; Num-Y: 4 ; Resolution: 12500 ; Rank: 22 ; Rank-X: 1 ; Rank-Y: 10 ; Rowstart: 3125; Rowend: 6251; Rows: 3126; Colstart: 10420; Colend: 11463; Cols: 1043;
Num-X: 12 ; Num-Y: 4 ; Resolution: 12500 ; Rank: 44 ; Rank-X: 3 ; Rank-Y: 8 ; Rowstart: 9375; Rowend: 12501; Rows: 3126; Colstart: 8336; Colend: 9379; Cols: 1043;
Num-X: 12 ; Num-Y: 4 ; Resolution: 12500 ; Rank: 9 ; Rank-X: 0 ; Rank-Y: 9 ; Rowstart: 0; Rowend: 3126; Rows: 3126; Colstart: 9378; Colend: 10421; Cols: 1043;
Num-X: 12 ; Num-Y: 4 ; Resolution: 12500 ; Rank: 28 ; Rank-X: 2 ; Rank-Y: 4 ; Rowstart: 6250; Rowend: 9376; Rows: 3126; Colstart: 4168; Colend: 5211; Cols: 1043;
Num-X: 12 ; Num-Y: 4 ; Resolution: 12500 ; Rank: 29 ; Rank-X: 2 ; Rank-Y: 5 ; Rowstart: 6250; Rowend: 9376; Rows: 3126; Colstart: 5210; Colend: 6253; Cols: 1043;
Num-X: 12 ; Num-Y: 4 ; Resolution: 12500 ; Rank: 30 ; Rank-X: 2 ; Rank-Y: 6 ; Rowstart: 6250; Rowend: 9376; Rows: 3126; Colstart: 6252; Colend: 7295; Cols: 1043;
Num-X: 12 ; Num-Y: 4 ; Resolution: 12500 ; Rank: 43 ; Rank-X: 3 ; Rank-Y: 7 ; Rowstart: 9375; Rowend: 12501; Rows: 3126; Colstart: 7294; Colend: 8337; Cols: 1043;
Num-X: 12 ; Num-Y: 4 ; Resolution: 12500 ; Rank: 1 ; Rank-X: 0 ; Rank-Y: 1 ; Rowstart: 0; Rowend: 3126; Rows: 3126; Colstart: 1042; Colend: 2085; Cols: 1043;
Num-X: 12 ; Num-Y: 4 ; Resolution: 12500 ; Rank: 2 ; Rank-X: 0 ; Rank-Y: 2 ; Rowstart: 0; Rowend: 3126; Rows: 3126; Colstart: 2084; Colend: 3127; Cols: 1043;
Num-X: 12 ; Num-Y: 4 ; Resolution: 12500 ; Rank: 8 ; Rank-X: 0 ; Rank-Y: 8 ; Rowstart: 0; Rowend: 3126; Rows: 3126; Colstart: 8336; Colend: 9379; Cols: 1043;
Num-X: 12 ; Num-Y: 4 ; Resolution: 12500 ; Rank: 13 ; Rank-X: 1 ; Rank-Y: 1 ; Rowstart: 3125; Rowend: 6251; Rows: 3126; Colstart: 1042; Colend: 2085; Cols: 1043;
Num-X: 12 ; Num-Y: 4 ; Resolution: 12500 ; Rank: 15 ; Rank-X: 1 ; Rank-Y: 3 ; Rowstart: 3125; Rowend: 6251; Rows: 3126; Colstart: 3126; Colend: 4169; Cols: 1043;
Num-X: 12 ; Num-Y: 4 ; Resolution: 12500 ; Rank: 31 ; Rank-X: 2 ; Rank-Y: 7 ; Rowstart: 6250; Rowend: 9376; Rows: 3126; Colstart: 7294; Colend: 8337; Cols: 1043;
Num-X: 12 ; Num-Y: 4 ; Resolution: 12500 ; Rank: 32 ; Rank-X: 2 ; Rank-Y: 8 ; Rowstart: 6250; Rowend: 9376; Rows: 3126; Colstart: 8336; Colend: 9379; Cols: 1043;
Num-X: 12 ; Num-Y: 4 ; Resolution: 12500 ; Rank: 33 ; Rank-X: 2 ; Rank-Y: 9 ; Rowstart: 6250; Rowend: 9376; Rows: 3126; Colstart: 9378; Colend: 10421; Cols: 1043;
Num-X: 12 ; Num-Y: 4 ; Resolution: 12500 ; Rank: 34 ; Rank-X: 2 ; Rank-Y: 10 ; Rowstart: 6250; Rowend: 9376; Rows: 3126; Colstart: 10420; Colend: 11463; Cols: 1043;
Num-X: 12 ; Num-Y: 4 ; Resolution: 12500 ; Rank: 39 ; Rank-X: 3 ; Rank-Y: 3 ; Rowstart: 9375; Rowend: 12501; Rows: 3126; Colstart: 3126; Colend: 4169; Cols: 1043;
Num-X: 12 ; Num-Y: 4 ; Resolution: 12500 ; Rank: 46 ; Rank-X: 3 ; Rank-Y: 10 ; Rowstart: 9375; Rowend: 12501; Rows: 3126; Colstart: 10420; Colend: 11463; Cols: 1043;
Num-X: 12 ; Num-Y: 4 ; Resolution: 12500 ; Rank: 23 ; Rank-X: 1 ; Rank-Y: 11 ; Rowstart: 3125; Rowend: 6251; Rows: 3126; Colstart: 11462; Colend: 12501; Cols: 1039;
Num-X: 12 ; Num-Y: 4 ; Resolution: 12500 ; Rank: 24 ; Rank-X: 2 ; Rank-Y: 0 ; Rowstart: 6250; Rowend: 9376; Rows: 3126; Colstart: 0; Colend: 1043; Cols: 1043;
Num-X: 12 ; Num-Y: 4 ; Resolution: 12500 ; Rank: 26 ; Rank-X: 2 ; Rank-Y: 2 ; Rowstart: 6250; Rowend: 9376; Rows: 3126; Colstart: 2084; Colend: 3127; Cols: 1043;
Num-X: 12 ; Num-Y: 4 ; Resolution: 12500 ; Rank: 27 ; Rank-X: 2 ; Rank-Y: 3 ; Rowstart: 6250; Rowend: 9376; Rows: 3126; Colstart: 3126; Colend: 4169; Cols: 1043;
Num-X: 12 ; Num-Y: 4 ; Resolution: 12500 ; Rank: 40 ; Rank-X: 3 ; Rank-Y: 4 ; Rowstart: 9375; Rowend: 12501; Rows: 3126; Colstart: 4168; Colend: 5211; Cols: 1043;
Num-X: 12 ; Num-Y: 4 ; Resolution: 12500 ; Rank: 41 ; Rank-X: 3 ; Rank-Y: 5 ; Rowstart: 9375; Rowend: 12501; Rows: 3126; Colstart: 5210; Colend: 6253; Cols: 1043;
Num-X: 12 ; Num-Y: 4 ; Resolution: 12500 ; Rank: 36 ; Rank-X: 3 ; Rank-Y: 0 ; Rowstart: 9375; Rowend: 12501; Rows: 3126; Colstart: 0; Colend: 1043; Cols: 1043;
Num-X: 12 ; Num-Y: 4 ; Resolution: 12500 ; Rank: 0 ; Rank-X: 0 ; Rank-Y: 0 ; Rowstart: 0; Rowend: 3126; Rows: 3126; Colstart: 0; Colend: 1043; Cols: 1043;
Num-X: 12 ; Num-Y: 4 ; Resolution: 12500 ; Rank: 12 ; Rank-X: 1 ; Rank-Y: 0 ; Rowstart: 3125; Rowend: 6251; Rows: 3126; Colstart: 0; Colend: 1043; Cols: 1043;
Num-X: 12 ; Num-Y: 4 ; Resolution: 12500 ; Rank: 11 ; Rank-X: 0 ; Rank-Y: 11 ; Rowstart: 0; Rowend: 3126; Rows: 3126; Colstart: 11462; Colend: 12501; Cols: 1039;
Num-X: 12 ; Num-Y: 4 ; Resolution: 12500 ; Rank: 35 ; Rank-X: 2 ; Rank-Y: 11 ; Rowstart: 6250; Rowend: 9376; Rows: 3126; Colstart: 11462; Colend: 12501; Cols: 1039;
Num-X: 12 ; Num-Y: 4 ; Resolution: 12500 ; Rank: 47 ; Rank-X: 3 ; Rank-Y: 11 ; Rowstart: 9375; Rowend: 12501; Rows: 3126; Colstart: 11462; Colend: 12501; Cols: 1039;
Num-X: 12 ; Num-Y: 4 ; Resolution: 12500 ; Rank: 19 ; Rank-X: 1 ; Rank-Y: 7 ; Rowstart: 3125; Rowend: 6251; Rows: 3126; Colstart: 7294; Colend: 8337; Cols: 1043;
Num-X: 12 ; Num-Y: 4 ; Resolution: 12500 ; Rank: 25 ; Rank-X: 2 ; Rank-Y: 1 ; Rowstart: 6250; Rowend: 9376; Rows: 3126; Colstart: 1042; Colend: 2085; Cols: 1043;
Num-X: 12 ; Num-Y: 4 ; Resolution: 12500 ; Rank: 37 ; Rank-X: 3 ; Rank-Y: 1 ; Rowstart: 9375; Rowend: 12501; Rows: 3126; Colstart: 1042; Colend: 2085; Cols: 1043;
Num-X: 12 ; Num-Y: 4 ; Resolution: 12500 ; Rank: 38 ; Rank-X: 3 ; Rank-Y: 2 ; Rowstart: 9375; Rowend: 12501; Rows: 3126; Colstart: 2084; Colend: 3127; Cols: 1043;

Resolution: 12500
===================
Execution time: 0.367475
Residual: 5.863330

megaflops:  59527.9
  flop instructions (M):  21875.000
