mpiexec -genv I_MPI_DEBUG=4 -genv OMP_NUM_THREADS=48 -genv I_MPI_PIN_DOMAIN=omp -n 1 ./heat test.dat 1 1
[0] MPI startup(): Intel(R) MPI Library, Version 2019 Update 8  Build 20200624 (id: 4f16ad915)
[0] MPI startup(): Copyright (C) 2003-2020 Intel Corporation.  All rights reserved.
[0] MPI startup(): library kind: release
[0] MPI startup(): libfabric version: 1.10.1-impi
[0] MPI startup(): libfabric provider: psm2
[0] MPI startup(): Rank    Pid      Node name     Pin cpu
[0] MPI startup(): 0       775565   i01r01c02s05  {0,1,2,3,4,5,6,7,8,9,10,11,12,13,14,15,16,17,18,19,20,21,22,23,48,49,50,51,52,53,
                                    54,55,56,57,58,59,60,61,62,63,64,65,66,67,68,69,70,71}

1 processes distributed in X-direction
 1 ; processes distributed in Y-direction
Resolutions       : (6500, 8500, ... 12500)
Iterations        : 20
Num. Heat sources : 2
   1: (0.00, 0.00) 1.00 1.00 
   2: (1.00, 1.00) 1.00 0.50 
rank= 0 coords= 0 0 neighbours(up,down,left,right)= -1 -1 -1 -1

Num-X: 1 ; Num-Y: 1 ; Resolution: 6500 ; Rank: 0 ; Rank-X: 0 ; Rank-Y: 0 ; Rowstart: 0; Rowend: 6501; Rows: 6501; Colstart: 0; Colend: 6501; Cols: 6501;

Resolution: 6500
===================
Execution time: 0.194850
Residual: 3.049154

megaflops:  30356.7
  flop instructions (M):  5915.000

Num-X: 1 ; Num-Y: 1 ; Resolution: 8500 ; Rank: 0 ; Rank-X: 0 ; Rank-Y: 0 ; Rowstart: 0; Rowend: 8501; Rows: 8501; Colstart: 0; Colend: 8501; Cols: 8501;

Resolution: 8500
===================
Execution time: 0.333194
Residual: 3.987213

megaflops:  30357.7
  flop instructions (M):  10115.000

Num-X: 1 ; Num-Y: 1 ; Resolution: 10500 ; Rank: 0 ; Rank-X: 0 ; Rank-Y: 0 ; Rowstart: 0; Rowend: 10501; Rows: 10501; Colstart: 0; Colend: 10501; Cols: 10501;

Resolution: 10500
===================
Execution time: 0.510328
Residual: 4.925272

megaflops:  30245.3
  flop instructions (M):  15435.000

Num-X: 1 ; Num-Y: 1 ; Resolution: 12500 ; Rank: 0 ; Rank-X: 0 ; Rank-Y: 0 ; Rowstart: 0; Rowend: 12501; Rows: 12501; Colstart: 0; Colend: 12501; Cols: 12501;

Resolution: 12500
===================
Execution time: 0.726501
Residual: 5.863330

megaflops:  30110.1
  flop instructions (M):  21875.000
