mpiexec -genv I_MPI_DEBUG=4 -genv OMP_NUM_THREADS=6 -genv I_MPI_PIN_DOMAIN=omp -n 8 ./heat test.dat 2 4
[0] MPI startup(): Intel(R) MPI Library, Version 2019 Update 8  Build 20200624 (id: 4f16ad915)
[0] MPI startup(): Copyright (C) 2003-2020 Intel Corporation.  All rights reserved.
[0] MPI startup(): library kind: release
[0] MPI startup(): libfabric version: 1.10.1-impi
[0] MPI startup(): libfabric provider: psm2
[0] MPI startup(): Rank    Pid      Node name     Pin cpu
[0] MPI startup(): 0       657314   i01r01c01s01  {0,1,2,48,49,50}
[0] MPI startup(): 1       657315   i01r01c01s01  {3,4,5,51,52,53}
[0] MPI startup(): 2       657316   i01r01c01s01  {6,7,8,54,55,56}
[0] MPI startup(): 3       657317   i01r01c01s01  {9,10,11,57,58,59}
[0] MPI startup(): 4       657318   i01r01c01s01  {24,25,26,72,73,74}
[0] MPI startup(): 5       657319   i01r01c01s01  {27,28,29,75,76,77}
[0] MPI startup(): 6       657320   i01r01c01s01  {30,31,32,78,79,80}
[0] MPI startup(): 7       657321   i01r01c01s01  {33,34,35,81,82,83}

2 processes distributed in X-direction
 4 ; processes distributed in Y-direction
Resolutions       : (6500, 8500, ... 12500)
Iterations        : 20
Num. Heat sources : 2
   1: (0.00, 0.00) 1.00 1.00 
   2: (1.00, 1.00) 1.00 0.50 
rank= 0 coords= 0 0 neighbours(up,down,left,right)= -1 4 -1 1
rank= 1 coords= 0 1 neighbours(up,down,left,right)= -1 5 0 2
rank= 2 coords= 0 2 neighbours(up,down,left,right)= -1 6 1 3
rank= 3 coords= 0 3 neighbours(up,down,left,right)= -1 7 2 -1
rank= 6 coords= 1 2 neighbours(up,down,left,right)= 2 -1 5 7
rank= 4 coords= 1 0 neighbours(up,down,left,right)= 0 -1 -1 5
rank= 5 coords= 1 1 neighbours(up,down,left,right)= 1 -1 4 6
rank= 7 coords= 1 3 neighbours(up,down,left,right)= 3 -1 6 -1

Num-X: 4 ; Num-Y: 2 ; Resolution: 6500 ; Rank: 6 ; Rank-X: 1 ; Rank-Y: 2 ; Rowstart: 3250; Rowend: 6501; Rows: 3251; Colstart: 3250; Colend: 4876; Cols: 1626;
Num-X: 4 ; Num-Y: 2 ; Resolution: 6500 ; Rank: 1 ; Rank-X: 0 ; Rank-Y: 1 ; Rowstart: 0; Rowend: 3251; Rows: 3251; Colstart: 1625; Colend: 3251; Cols: 1626;
Num-X: 4 ; Num-Y: 2 ; Resolution: 6500 ; Rank: 2 ; Rank-X: 0 ; Rank-Y: 2 ; Rowstart: 0; Rowend: 3251; Rows: 3251; Colstart: 3250; Colend: 4876; Cols: 1626;
Num-X: 4 ; Num-Y: 2 ; Resolution: 6500 ; Rank: 5 ; Rank-X: 1 ; Rank-Y: 1 ; Rowstart: 3250; Rowend: 6501; Rows: 3251; Colstart: 1625; Colend: 3251; Cols: 1626;
Num-X: 4 ; Num-Y: 2 ; Resolution: 6500 ; Rank: 4 ; Rank-X: 1 ; Rank-Y: 0 ; Rowstart: 3250; Rowend: 6501; Rows: 3251; Colstart: 0; Colend: 1626; Cols: 1626;
Num-X: 4 ; Num-Y: 2 ; Resolution: 6500 ; Rank: 7 ; Rank-X: 1 ; Rank-Y: 3 ; Rowstart: 3250; Rowend: 6501; Rows: 3251; Colstart: 4875; Colend: 6501; Cols: 1626;
Num-X: 4 ; Num-Y: 2 ; Resolution: 6500 ; Rank: 3 ; Rank-X: 0 ; Rank-Y: 3 ; Rowstart: 0; Rowend: 3251; Rows: 3251; Colstart: 4875; Colend: 6501; Cols: 1626;
Num-X: 4 ; Num-Y: 2 ; Resolution: 6500 ; Rank: 0 ; Rank-X: 0 ; Rank-Y: 0 ; Rowstart: 0; Rowend: 3251; Rows: 3251; Colstart: 0; Colend: 1626; Cols: 1626;

Resolution: 6500
===================
Execution time: 0.095223
Residual: 3.049154

megaflops:  62117.4
  flop instructions (M):  5915.000

Num-X: 4 ; Num-Y: 2 ; Resolution: 8500 ; Rank: 6 ; Rank-X: 1 ; Rank-Y: 2 ; Rowstart: 4250; Rowend: 8501; Rows: 4251; Colstart: 4250; Colend: 6376; Cols: 2126;
Num-X: 4 ; Num-Y: 2 ; Resolution: 8500 ; Rank: 2 ; Rank-X: 0 ; Rank-Y: 2 ; Rowstart: 0; Rowend: 4251; Rows: 4251; Colstart: 4250; Colend: 6376; Cols: 2126;
Num-X: 4 ; Num-Y: 2 ; Resolution: 8500 ; Rank: 1 ; Rank-X: 0 ; Rank-Y: 1 ; Rowstart: 0; Rowend: 4251; Rows: 4251; Colstart: 2125; Colend: 4251; Cols: 2126;
Num-X: 4 ; Num-Y: 2 ; Resolution: 8500 ; Rank: 5 ; Rank-X: 1 ; Rank-Y: 1 ; Rowstart: 4250; Rowend: 8501; Rows: 4251; Colstart: 2125; Colend: 4251; Cols: 2126;
Num-X: 4 ; Num-Y: 2 ; Resolution: 8500 ; Rank: 0 ; Rank-X: 0 ; Rank-Y: 0 ; Rowstart: 0; Rowend: 4251; Rows: 4251; Colstart: 0; Colend: 2126; Cols: 2126;
Num-X: 4 ; Num-Y: 2 ; Resolution: 8500 ; Rank: 3 ; Rank-X: 0 ; Rank-Y: 3 ; Rowstart: 0; Rowend: 4251; Rows: 4251; Colstart: 6375; Colend: 8501; Cols: 2126;
Num-X: 4 ; Num-Y: 2 ; Resolution: 8500 ; Rank: 7 ; Rank-X: 1 ; Rank-Y: 3 ; Rowstart: 4250; Rowend: 8501; Rows: 4251; Colstart: 6375; Colend: 8501; Cols: 2126;
Num-X: 4 ; Num-Y: 2 ; Resolution: 8500 ; Rank: 4 ; Rank-X: 1 ; Rank-Y: 0 ; Rowstart: 4250; Rowend: 8501; Rows: 4251; Colstart: 0; Colend: 2126; Cols: 2126;

Resolution: 8500
===================
Execution time: 0.164820
Residual: 3.987213

megaflops:  61370.0
  flop instructions (M):  10115.000

Num-X: 4 ; Num-Y: 2 ; Resolution: 10500 ; Rank: 2 ; Rank-X: 0 ; Rank-Y: 2 ; Rowstart: 0; Rowend: 5251; Rows: 5251; Colstart: 5250; Colend: 7876; Cols: 2626;
Num-X: 4 ; Num-Y: 2 ; Resolution: 10500 ; Rank: 1 ; Rank-X: 0 ; Rank-Y: 1 ; Rowstart: 0; Rowend: 5251; Rows: 5251; Colstart: 2625; Colend: 5251; Cols: 2626;
Num-X: 4 ; Num-Y: 2 ; Resolution: 10500 ; Rank: 0 ; Rank-X: 0 ; Rank-Y: 0 ; Rowstart: 0; Rowend: 5251; Rows: 5251; Colstart: 0; Colend: 2626; Cols: 2626;
Num-X: 4 ; Num-Y: 2 ; Resolution: 10500 ; Rank: 3 ; Rank-X: 0 ; Rank-Y: 3 ; Rowstart: 0; Rowend: 5251; Rows: 5251; Colstart: 7875; Colend: 10501; Cols: 2626;
Num-X: 4 ; Num-Y: 2 ; Resolution: 10500 ; Rank: 4 ; Rank-X: 1 ; Rank-Y: 0 ; Rowstart: 5250; Rowend: 10501; Rows: 5251; Colstart: 0; Colend: 2626; Cols: 2626;
Num-X: 4 ; Num-Y: 2 ; Resolution: 10500 ; Rank: 5 ; Rank-X: 1 ; Rank-Y: 1 ; Rowstart: 5250; Rowend: 10501; Rows: 5251; Colstart: 2625; Colend: 5251; Cols: 2626;
Num-X: 4 ; Num-Y: 2 ; Resolution: 10500 ; Rank: 6 ; Rank-X: 1 ; Rank-Y: 2 ; Rowstart: 5250; Rowend: 10501; Rows: 5251; Colstart: 5250; Colend: 7876; Cols: 2626;
Num-X: 4 ; Num-Y: 2 ; Resolution: 10500 ; Rank: 7 ; Rank-X: 1 ; Rank-Y: 3 ; Rowstart: 5250; Rowend: 10501; Rows: 5251; Colstart: 7875; Colend: 10501; Cols: 2626;

Resolution: 10500
===================
Execution time: 0.256394
Residual: 4.925272

megaflops:  60200.3
  flop instructions (M):  15435.000

Num-X: 4 ; Num-Y: 2 ; Resolution: 12500 ; Rank: 2 ; Rank-X: 0 ; Rank-Y: 2 ; Rowstart: 0; Rowend: 6251; Rows: 6251; Colstart: 6250; Colend: 9376; Cols: 3126;
Num-X: 4 ; Num-Y: 2 ; Resolution: 12500 ; Rank: 6 ; Rank-X: 1 ; Rank-Y: 2 ; Rowstart: 6250; Rowend: 12501; Rows: 6251; Colstart: 6250; Colend: 9376; Cols: 3126;
Num-X: 4 ; Num-Y: 2 ; Resolution: 12500 ; Rank: 1 ; Rank-X: 0 ; Rank-Y: 1 ; Rowstart: 0; Rowend: 6251; Rows: 6251; Colstart: 3125; Colend: 6251; Cols: 3126;
Num-X: 4 ; Num-Y: 2 ; Resolution: 12500 ; Rank: 4 ; Rank-X: 1 ; Rank-Y: 0 ; Rowstart: 6250; Rowend: 12501; Rows: 6251; Colstart: 0; Colend: 3126; Cols: 3126;
Num-X: 4 ; Num-Y: 2 ; Resolution: 12500 ; Rank: 5 ; Rank-X: 1 ; Rank-Y: 1 ; Rowstart: 6250; Rowend: 12501; Rows: 6251; Colstart: 3125; Colend: 6251; Cols: 3126;
Num-X: 4 ; Num-Y: 2 ; Resolution: 12500 ; Rank: 3 ; Rank-X: 0 ; Rank-Y: 3 ; Rowstart: 0; Rowend: 6251; Rows: 6251; Colstart: 9375; Colend: 12501; Cols: 3126;
Num-X: 4 ; Num-Y: 2 ; Resolution: 12500 ; Rank: 0 ; Rank-X: 0 ; Rank-Y: 0 ; Rowstart: 0; Rowend: 6251; Rows: 6251; Colstart: 0; Colend: 3126; Cols: 3126;
Num-X: 4 ; Num-Y: 2 ; Resolution: 12500 ; Rank: 7 ; Rank-X: 1 ; Rank-Y: 3 ; Rowstart: 6250; Rowend: 12501; Rows: 6251; Colstart: 9375; Colend: 12501; Cols: 3126;

Resolution: 12500
===================
Execution time: 0.365966
Residual: 5.863330

megaflops:  59773.3
  flop instructions (M):  21875.000
