mpiexec -genv I_MPI_DEBUG=4 -genv OMP_NUM_THREADS=8 -genv I_MPI_PIN_DOMAIN=omp -n 6 ./heat test.dat 1 6
[0] MPI startup(): Intel(R) MPI Library, Version 2019 Update 8  Build 20200624 (id: 4f16ad915)
[0] MPI startup(): Copyright (C) 2003-2020 Intel Corporation.  All rights reserved.
[0] MPI startup(): library kind: release
[0] MPI startup(): libfabric version: 1.10.1-impi
[0] MPI startup(): libfabric provider: psm2
[0] MPI startup(): Rank    Pid      Node name     Pin cpu
[0] MPI startup(): 0       655276   i01r01c01s01  {0,1,2,3,48,49,50,51}
[0] MPI startup(): 1       655277   i01r01c01s01  {4,5,6,7,52,53,54,55}
[0] MPI startup(): 2       655278   i01r01c01s01  {8,9,10,11,56,57,58,59}
[0] MPI startup(): 3       655279   i01r01c01s01  {24,25,26,27,72,73,74,75}
[0] MPI startup(): 4       655280   i01r01c01s01  {28,29,30,31,76,77,78,79}
[0] MPI startup(): 5       655281   i01r01c01s01  {32,33,34,35,80,81,82,83}

1 processes distributed in X-direction
 6 ; processes distributed in Y-direction
Resolutions       : (6500, 8500, ... 12500)
Iterations        : 20
Num. Heat sources : 2
   1: (0.00, 0.00) 1.00 1.00 
   2: (1.00, 1.00) 1.00 0.50 
rank= 0 coords= 0 0 neighbours(up,down,left,right)= -1 -1 -1 1
rank= 2 coords= 0 2 neighbours(up,down,left,right)= -1 -1 1 3
rank= 3 coords= 0 3 neighbours(up,down,left,right)= -1 -1 2 4
rank= 4 coords= 0 4 neighbours(up,down,left,right)= -1 -1 3 5
rank= 1 coords= 0 1 neighbours(up,down,left,right)= -1 -1 0 2
rank= 5 coords= 0 5 neighbours(up,down,left,right)= -1 -1 4 -1

Num-X: 6 ; Num-Y: 1 ; Resolution: 6500 ; Rank: 2 ; Rank-X: 0 ; Rank-Y: 2 ; Rowstart: 0; Rowend: 6501; Rows: 6501; Colstart: 2168; Colend: 3253; Cols: 1085;
Num-X: 6 ; Num-Y: 1 ; Resolution: 6500 ; Rank: 5 ; Rank-X: 0 ; Rank-Y: 5 ; Rowstart: 0; Rowend: 6501; Rows: 6501; Colstart: 5420; Colend: 6501; Cols: 1081;
Num-X: 6 ; Num-Y: 1 ; Resolution: 6500 ; Rank: 3 ; Rank-X: 0 ; Rank-Y: 3 ; Rowstart: 0; Rowend: 6501; Rows: 6501; Colstart: 3252; Colend: 4337; Cols: 1085;
Num-X: 6 ; Num-Y: 1 ; Resolution: 6500 ; Rank: 0 ; Rank-X: 0 ; Rank-Y: 0 ; Rowstart: 0; Rowend: 6501; Rows: 6501; Colstart: 0; Colend: 1085; Cols: 1085;
Num-X: 6 ; Num-Y: 1 ; Resolution: 6500 ; Rank: 4 ; Rank-X: 0 ; Rank-Y: 4 ; Rowstart: 0; Rowend: 6501; Rows: 6501; Colstart: 4336; Colend: 5421; Cols: 1085;
Num-X: 6 ; Num-Y: 1 ; Resolution: 6500 ; Rank: 1 ; Rank-X: 0 ; Rank-Y: 1 ; Rowstart: 0; Rowend: 6501; Rows: 6501; Colstart: 1084; Colend: 2169; Cols: 1085;

Resolution: 6500
===================
Execution time: 0.091582
Residual: 3.042540

megaflops:  64586.9
  flop instructions (M):  5915.000

Num-X: 6 ; Num-Y: 1 ; Resolution: 8500 ; Rank: 3 ; Rank-X: 0 ; Rank-Y: 3 ; Rowstart: 0; Rowend: 8501; Rows: 8501; Colstart: 4251; Colend: 5669; Cols: 1418;
Num-X: 6 ; Num-Y: 1 ; Resolution: 8500 ; Rank: 4 ; Rank-X: 0 ; Rank-Y: 4 ; Rowstart: 0; Rowend: 8501; Rows: 8501; Colstart: 5668; Colend: 7086; Cols: 1418;
Num-X: 6 ; Num-Y: 1 ; Resolution: 8500 ; Rank: 5 ; Rank-X: 0 ; Rank-Y: 5 ; Rowstart: 0; Rowend: 8501; Rows: 8501; Colstart: 7085; Colend: 8501; Cols: 1416;
Num-X: 6 ; Num-Y: 1 ; Resolution: 8500 ; Rank: 1 ; Rank-X: 0 ; Rank-Y: 1 ; Rowstart: 0; Rowend: 8501; Rows: 8501; Colstart: 1417; Colend: 2835; Cols: 1418;
Num-X: 6 ; Num-Y: 1 ; Resolution: 8500 ; Rank: 2 ; Rank-X: 0 ; Rank-Y: 2 ; Rowstart: 0; Rowend: 8501; Rows: 8501; Colstart: 2834; Colend: 4252; Cols: 1418;
Num-X: 6 ; Num-Y: 1 ; Resolution: 8500 ; Rank: 0 ; Rank-X: 0 ; Rank-Y: 0 ; Rowstart: 0; Rowend: 8501; Rows: 8501; Colstart: 0; Colend: 1418; Cols: 1418;

Resolution: 8500
===================
Execution time: 0.164423
Residual: 3.980597

megaflops:  61518.2
  flop instructions (M):  10115.000

Num-X: 6 ; Num-Y: 1 ; Resolution: 10500 ; Rank: 5 ; Rank-X: 0 ; Rank-Y: 5 ; Rowstart: 0; Rowend: 10501; Rows: 10501; Colstart: 8750; Colend: 10501; Cols: 1751;
Num-X: 6 ; Num-Y: 1 ; Resolution: 10500 ; Rank: 3 ; Rank-X: 0 ; Rank-Y: 3 ; Rowstart: 0; Rowend: 10501; Rows: 10501; Colstart: 5250; Colend: 7001; Cols: 1751;
Num-X: 6 ; Num-Y: 1 ; Resolution: 10500 ; Rank: 1 ; Rank-X: 0 ; Rank-Y: 1 ; Rowstart: 0; Rowend: 10501; Rows: 10501; Colstart: 1750; Colend: 3501; Cols: 1751;
Num-X: 6 ; Num-Y: 1 ; Resolution: 10500 ; Rank: 4 ; Rank-X: 0 ; Rank-Y: 4 ; Rowstart: 0; Rowend: 10501; Rows: 10501; Colstart: 7000; Colend: 8751; Cols: 1751;
Num-X: 6 ; Num-Y: 1 ; Resolution: 10500 ; Rank: 2 ; Rank-X: 0 ; Rank-Y: 2 ; Rowstart: 0; Rowend: 10501; Rows: 10501; Colstart: 3500; Colend: 5251; Cols: 1751;
Num-X: 6 ; Num-Y: 1 ; Resolution: 10500 ; Rank: 0 ; Rank-X: 0 ; Rank-Y: 0 ; Rowstart: 0; Rowend: 10501; Rows: 10501; Colstart: 0; Colend: 1751; Cols: 1751;

Resolution: 10500
===================
Execution time: 0.253510
Residual: 4.918655

megaflops:  60885.2
  flop instructions (M):  15435.000

Num-X: 6 ; Num-Y: 1 ; Resolution: 12500 ; Rank: 1 ; Rank-X: 0 ; Rank-Y: 1 ; Rowstart: 0; Rowend: 12501; Rows: 12501; Colstart: 2084; Colend: 4169; Cols: 2085;
Num-X: 6 ; Num-Y: 1 ; Resolution: 12500 ; Rank: 2 ; Rank-X: 0 ; Rank-Y: 2 ; Rowstart: 0; Rowend: 12501; Rows: 12501; Colstart: 4168; Colend: 6253; Cols: 2085;
Num-X: 6 ; Num-Y: 1 ; Resolution: 12500 ; Rank: 4 ; Rank-X: 0 ; Rank-Y: 4 ; Rowstart: 0; Rowend: 12501; Rows: 12501; Colstart: 8336; Colend: 10421; Cols: 2085;
Num-X: 6 ; Num-Y: 1 ; Resolution: 12500 ; Rank: 3 ; Rank-X: 0 ; Rank-Y: 3 ; Rowstart: 0; Rowend: 12501; Rows: 12501; Colstart: 6252; Colend: 8337; Cols: 2085;
Num-X: 6 ; Num-Y: 1 ; Resolution: 12500 ; Rank: 0 ; Rank-X: 0 ; Rank-Y: 0 ; Rowstart: 0; Rowend: 12501; Rows: 12501; Colstart: 0; Colend: 2085; Cols: 2085;
Num-X: 6 ; Num-Y: 1 ; Resolution: 12500 ; Rank: 5 ; Rank-X: 0 ; Rank-Y: 5 ; Rowstart: 0; Rowend: 12501; Rows: 12501; Colstart: 10420; Colend: 12501; Cols: 2081;

Resolution: 12500
===================
Execution time: 0.361465
Residual: 5.856715

megaflops:  60517.6
  flop instructions (M):  21875.000
