mpiexec -genv I_MPI_DEBUG=4 -genv OMP_NUM_THREADS=4 -genv I_MPI_PIN_DOMAIN=omp -n 12 ./heat test.dat 3 4
[0] MPI startup(): Intel(R) MPI Library, Version 2019 Update 8  Build 20200624 (id: 4f16ad915)
[0] MPI startup(): Copyright (C) 2003-2020 Intel Corporation.  All rights reserved.
[0] MPI startup(): library kind: release
[0] MPI startup(): libfabric version: 1.10.1-impi
[0] MPI startup(): libfabric provider: psm2
[0] MPI startup(): Rank    Pid      Node name     Pin cpu
[0] MPI startup(): 0       659937   i01r01c01s01  {0,1,48,49}
[0] MPI startup(): 1       659938   i01r01c01s01  {2,3,50,51}
[0] MPI startup(): 2       659939   i01r01c01s01  {4,5,52,53}
[0] MPI startup(): 3       659940   i01r01c01s01  {6,7,54,55}
[0] MPI startup(): 4       659941   i01r01c01s01  {8,9,56,57}
[0] MPI startup(): 5       659942   i01r01c01s01  {10,11,58,59}
[0] MPI startup(): 6       659943   i01r01c01s01  {24,25,72,73}
[0] MPI startup(): 7       659944   i01r01c01s01  {26,27,74,75}
[0] MPI startup(): 8       659945   i01r01c01s01  {28,29,76,77}
[0] MPI startup(): 9       659946   i01r01c01s01  {30,31,78,79}
[0] MPI startup(): 10      659947   i01r01c01s01  {32,33,80,81}
[0] MPI startup(): 11      659948   i01r01c01s01  {34,35,82,83}

3 processes distributed in X-direction
 4 ; processes distributed in Y-direction
Resolutions       : (6500, 8500, ... 12500)
Iterations        : 20
Num. Heat sources : 2
   1: (0.00, 0.00) 1.00 1.00 
   2: (1.00, 1.00) 1.00 0.50 
rank= 0 coords= 0 0 neighbours(up,down,left,right)= -1 4 -1 1
rank= 5 coords= 1 1 neighbours(up,down,left,right)= 1 9 4 6
rank= 1 coords= 0 1 neighbours(up,down,left,right)= -1 5 0 2
rank= 2 coords= 0 2 neighbours(up,down,left,right)= -1 6 1 3
rank= 3 coords= 0 3 neighbours(up,down,left,right)= -1 7 2 -1
rank= 6 coords= 1 2 neighbours(up,down,left,right)= 2 10 5 7
rank= 8 coords= 2 0 neighbours(up,down,left,right)= 4 -1 -1 9
rank= 11 coords= 2 3 neighbours(up,down,left,right)= 7 -1 10 -1
rank= 4 coords= 1 0 neighbours(up,down,left,right)= 0 8 -1 5
rank= 7 coords= 1 3 neighbours(up,down,left,right)= 3 11 6 -1
rank= 9 coords= 2 1 neighbours(up,down,left,right)= 5 -1 8 10
rank= 10 coords= 2 2 neighbours(up,down,left,right)= 6 -1 9 11

Num-X: 4 ; Num-Y: 3 ; Resolution: 6500 ; Rank: 1 ; Rank-X: 0 ; Rank-Y: 1 ; Rowstart: 0; Rowend: 2168; Rows: 2168; Colstart: 1625; Colend: 3251; Cols: 1626;
Num-X: 4 ; Num-Y: 3 ; Resolution: 6500 ; Rank: 2 ; Rank-X: 0 ; Rank-Y: 2 ; Rowstart: 0; Rowend: 2168; Rows: 2168; Colstart: 3250; Colend: 4876; Cols: 1626;
Num-X: 4 ; Num-Y: 3 ; Resolution: 6500 ; Rank: 4 ; Rank-X: 1 ; Rank-Y: 0 ; Rowstart: 2167; Rowend: 4335; Rows: 2168; Colstart: 0; Colend: 1626; Cols: 1626;
Num-X: 4 ; Num-Y: 3 ; Resolution: 6500 ; Rank: 9 ; Rank-X: 2 ; Rank-Y: 1 ; Rowstart: 4334; Rowend: 6501; Rows: 2167; Colstart: 1625; Colend: 3251; Cols: 1626;
Num-X: 4 ; Num-Y: 3 ; Resolution: 6500 ; Rank: 10 ; Rank-X: 2 ; Rank-Y: 2 ; Rowstart: 4334; Rowend: 6501; Rows: 2167; Colstart: 3250; Colend: 4876; Cols: 1626;
Num-X: 4 ; Num-Y: 3 ; Resolution: 6500 ; Rank: 7 ; Rank-X: 1 ; Rank-Y: 3 ; Rowstart: 2167; Rowend: 4335; Rows: 2168; Colstart: 4875; Colend: 6501; Cols: 1626;
Num-X: 4 ; Num-Y: 3 ; Resolution: 6500 ; Rank: 3 ; Rank-X: 0 ; Rank-Y: 3 ; Rowstart: 0; Rowend: 2168; Rows: 2168; Colstart: 4875; Colend: 6501; Cols: 1626;
Num-X: 4 ; Num-Y: 3 ; Resolution: 6500 ; Rank: 8 ; Rank-X: 2 ; Rank-Y: 0 ; Rowstart: 4334; Rowend: 6501; Rows: 2167; Colstart: 0; Colend: 1626; Cols: 1626;
Num-X: 4 ; Num-Y: 3 ; Resolution: 6500 ; Rank: 5 ; Rank-X: 1 ; Rank-Y: 1 ; Rowstart: 2167; Rowend: 4335; Rows: 2168; Colstart: 1625; Colend: 3251; Cols: 1626;
Num-X: 4 ; Num-Y: 3 ; Resolution: 6500 ; Rank: 6 ; Rank-X: 1 ; Rank-Y: 2 ; Rowstart: 2167; Rowend: 4335; Rows: 2168; Colstart: 3250; Colend: 4876; Cols: 1626;
Num-X: 4 ; Num-Y: 3 ; Resolution: 6500 ; Rank: 11 ; Rank-X: 2 ; Rank-Y: 3 ; Rowstart: 4334; Rowend: 6501; Rows: 2167; Colstart: 4875; Colend: 6501; Cols: 1626;
Num-X: 4 ; Num-Y: 3 ; Resolution: 6500 ; Rank: 0 ; Rank-X: 0 ; Rank-Y: 0 ; Rowstart: 0; Rowend: 2168; Rows: 2168; Colstart: 0; Colend: 1626; Cols: 1626;

Resolution: 6500
===================
Execution time: 0.095062
Residual: 3.049154

megaflops:  62222.5
  flop instructions (M):  5915.000

Num-X: 4 ; Num-Y: 3 ; Resolution: 8500 ; Rank: 6 ; Rank-X: 1 ; Rank-Y: 2 ; Rowstart: 2834; Rowend: 5669; Rows: 2835; Colstart: 4250; Colend: 6376; Cols: 2126;
Num-X: 4 ; Num-Y: 3 ; Resolution: 8500 ; Rank: 10 ; Rank-X: 2 ; Rank-Y: 2 ; Rowstart: 5668; Rowend: 8501; Rows: 2833; Colstart: 4250; Colend: 6376; Cols: 2126;
Num-X: 4 ; Num-Y: 3 ; Resolution: 8500 ; Rank: 9 ; Rank-X: 2 ; Rank-Y: 1 ; Rowstart: 5668; Rowend: 8501; Rows: 2833; Colstart: 2125; Colend: 4251; Cols: 2126;
Num-X: 4 ; Num-Y: 3 ; Resolution: 8500 ; Rank: 11 ; Rank-X: 2 ; Rank-Y: 3 ; Rowstart: 5668; Rowend: 8501; Rows: 2833; Colstart: 6375; Colend: 8501; Cols: 2126;
Num-X: 4 ; Num-Y: 3 ; Resolution: 8500 ; Rank: 2 ; Rank-X: 0 ; Rank-Y: 2 ; Rowstart: 0; Rowend: 2835; Rows: 2835; Colstart: 4250; Colend: 6376; Cols: 2126;
Num-X: 4 ; Num-Y: 3 ; Resolution: 8500 ; Rank: 3 ; Rank-X: 0 ; Rank-Y: 3 ; Rowstart: 0; Rowend: 2835; Rows: 2835; Colstart: 6375; Colend: 8501; Cols: 2126;
Num-X: 4 ; Num-Y: 3 ; Resolution: 8500 ; Rank: 4 ; Rank-X: 1 ; Rank-Y: 0 ; Rowstart: 2834; Rowend: 5669; Rows: 2835; Colstart: 0; Colend: 2126; Cols: 2126;
Num-X: 4 ; Num-Y: 3 ; Resolution: 8500 ; Rank: 5 ; Rank-X: 1 ; Rank-Y: 1 ; Rowstart: 2834; Rowend: 5669; Rows: 2835; Colstart: 2125; Colend: 4251; Cols: 2126;
Num-X: 4 ; Num-Y: 3 ; Resolution: 8500 ; Rank: 7 ; Rank-X: 1 ; Rank-Y: 3 ; Rowstart: 2834; Rowend: 5669; Rows: 2835; Colstart: 6375; Colend: 8501; Cols: 2126;
Num-X: 4 ; Num-Y: 3 ; Resolution: 8500 ; Rank: 1 ; Rank-X: 0 ; Rank-Y: 1 ; Rowstart: 0; Rowend: 2835; Rows: 2835; Colstart: 2125; Colend: 4251; Cols: 2126;
Num-X: 4 ; Num-Y: 3 ; Resolution: 8500 ; Rank: 8 ; Rank-X: 2 ; Rank-Y: 0 ; Rowstart: 5668; Rowend: 8501; Rows: 2833; Colstart: 0; Colend: 2126; Cols: 2126;
Num-X: 4 ; Num-Y: 3 ; Resolution: 8500 ; Rank: 0 ; Rank-X: 0 ; Rank-Y: 0 ; Rowstart: 0; Rowend: 2835; Rows: 2835; Colstart: 0; Colend: 2126; Cols: 2126;

Resolution: 8500
===================
Execution time: 0.166004
Residual: 3.987213

megaflops:  60932.3
  flop instructions (M):  10115.000

Num-X: 4 ; Num-Y: 3 ; Resolution: 10500 ; Rank: 10 ; Rank-X: 2 ; Rank-Y: 2 ; Rowstart: 7000; Rowend: 10501; Rows: 3501; Colstart: 5250; Colend: 7876; Cols: 2626;
Num-X: 4 ; Num-Y: 3 ; Resolution: 10500 ; Rank: 9 ; Rank-X: 2 ; Rank-Y: 1 ; Rowstart: 7000; Rowend: 10501; Rows: 3501; Colstart: 2625; Colend: 5251; Cols: 2626;
Num-X: 4 ; Num-Y: 3 ; Resolution: 10500 ; Rank: 0 ; Rank-X: 0 ; Rank-Y: 0 ; Rowstart: 0; Rowend: 3501; Rows: 3501; Colstart: 0; Colend: 2626; Cols: 2626;
Num-X: 4 ; Num-Y: 3 ; Resolution: 10500 ; Rank: 11 ; Rank-X: 2 ; Rank-Y: 3 ; Rowstart: 7000; Rowend: 10501; Rows: 3501; Colstart: 7875; Colend: 10501; Cols: 2626;
Num-X: 4 ; Num-Y: 3 ; Resolution: 10500 ; Rank: 8 ; Rank-X: 2 ; Rank-Y: 0 ; Rowstart: 7000; Rowend: 10501; Rows: 3501; Colstart: 0; Colend: 2626; Cols: 2626;
Num-X: 4 ; Num-Y: 3 ; Resolution: 10500 ; Rank: 1 ; Rank-X: 0 ; Rank-Y: 1 ; Rowstart: 0; Rowend: 3501; Rows: 3501; Colstart: 2625; Colend: 5251; Cols: 2626;
Num-X: 4 ; Num-Y: 3 ; Resolution: 10500 ; Rank: 4 ; Rank-X: 1 ; Rank-Y: 0 ; Rowstart: 3500; Rowend: 7001; Rows: 3501; Colstart: 0; Colend: 2626; Cols: 2626;
Num-X: 4 ; Num-Y: 3 ; Resolution: 10500 ; Rank: 5 ; Rank-X: 1 ; Rank-Y: 1 ; Rowstart: 3500; Rowend: 7001; Rows: 3501; Colstart: 2625; Colend: 5251; Cols: 2626;
Num-X: 4 ; Num-Y: 3 ; Resolution: 10500 ; Rank: 2 ; Rank-X: 0 ; Rank-Y: 2 ; Rowstart: 0; Rowend: 3501; Rows: 3501; Colstart: 5250; Colend: 7876; Cols: 2626;
Num-X: 4 ; Num-Y: 3 ; Resolution: 10500 ; Rank: 6 ; Rank-X: 1 ; Rank-Y: 2 ; Rowstart: 3500; Rowend: 7001; Rows: 3501; Colstart: 5250; Colend: 7876; Cols: 2626;
Num-X: 4 ; Num-Y: 3 ; Resolution: 10500 ; Rank: 7 ; Rank-X: 1 ; Rank-Y: 3 ; Rowstart: 3500; Rowend: 7001; Rows: 3501; Colstart: 7875; Colend: 10501; Cols: 2626;
Num-X: 4 ; Num-Y: 3 ; Resolution: 10500 ; Rank: 3 ; Rank-X: 0 ; Rank-Y: 3 ; Rowstart: 0; Rowend: 3501; Rows: 3501; Colstart: 7875; Colend: 10501; Cols: 2626;

Resolution: 10500
===================
Execution time: 0.255278
Residual: 4.925272

megaflops:  60463.5
  flop instructions (M):  15435.000

Num-X: 4 ; Num-Y: 3 ; Resolution: 12500 ; Rank: 0 ; Rank-X: 0 ; Rank-Y: 0 ; Rowstart: 0; Rowend: 4168; Rows: 4168; Colstart: 0; Colend: 3126; Cols: 3126;
Num-X: 4 ; Num-Y: 3 ; Resolution: 12500 ; Rank: 1 ; Rank-X: 0 ; Rank-Y: 1 ; Rowstart: 0; Rowend: 4168; Rows: 4168; Colstart: 3125; Colend: 6251; Cols: 3126;
Num-X: 4 ; Num-Y: 3 ; Resolution: 12500 ; Rank: 2 ; Rank-X: 0 ; Rank-Y: 2 ; Rowstart: 0; Rowend: 4168; Rows: 4168; Colstart: 6250; Colend: 9376; Cols: 3126;
Num-X: 4 ; Num-Y: 3 ; Resolution: 12500 ; Rank: 3 ; Rank-X: 0 ; Rank-Y: 3 ; Rowstart: 0; Rowend: 4168; Rows: 4168; Colstart: 9375; Colend: 12501; Cols: 3126;
Num-X: 4 ; Num-Y: 3 ; Resolution: 12500 ; Rank: 4 ; Rank-X: 1 ; Rank-Y: 0 ; Rowstart: 4167; Rowend: 8335; Rows: 4168; Colstart: 0; Colend: 3126; Cols: 3126;
Num-X: 4 ; Num-Y: 3 ; Resolution: 12500 ; Rank: 5 ; Rank-X: 1 ; Rank-Y: 1 ; Rowstart: 4167; Rowend: 8335; Rows: 4168; Colstart: 3125; Colend: 6251; Cols: 3126;
Num-X: 4 ; Num-Y: 3 ; Resolution: 12500 ; Rank: 6 ; Rank-X: 1 ; Rank-Y: 2 ; Rowstart: 4167; Rowend: 8335; Rows: 4168; Colstart: 6250; Colend: 9376; Cols: 3126;
Num-X: 4 ; Num-Y: 3 ; Resolution: 12500 ; Rank: 7 ; Rank-X: 1 ; Rank-Y: 3 ; Rowstart: 4167; Rowend: 8335; Rows: 4168; Colstart: 9375; Colend: 12501; Cols: 3126;
Num-X: 4 ; Num-Y: 3 ; Resolution: 12500 ; Rank: 8 ; Rank-X: 2 ; Rank-Y: 0 ; Rowstart: 8334; Rowend: 12501; Rows: 4167; Colstart: 0; Colend: 3126; Cols: 3126;
Num-X: 4 ; Num-Y: 3 ; Resolution: 12500 ; Rank: 9 ; Rank-X: 2 ; Rank-Y: 1 ; Rowstart: 8334; Rowend: 12501; Rows: 4167; Colstart: 3125; Colend: 6251; Cols: 3126;
Num-X: 4 ; Num-Y: 3 ; Resolution: 12500 ; Rank: 10 ; Rank-X: 2 ; Rank-Y: 2 ; Rowstart: 8334; Rowend: 12501; Rows: 4167; Colstart: 6250; Colend: 9376; Cols: 3126;
Num-X: 4 ; Num-Y: 3 ; Resolution: 12500 ; Rank: 11 ; Rank-X: 2 ; Rank-Y: 3 ; Rowstart: 8334; Rowend: 12501; Rows: 4167; Colstart: 9375; Colend: 12501; Cols: 3126;

Resolution: 12500
===================
Execution time: 0.363004
Residual: 5.863330

megaflops:  60261.0
  flop instructions (M):  21875.000
