mpiexec -genv I_MPI_DEBUG=4 -genv OMP_NUM_THREADS=16 -genv I_MPI_PIN_DOMAIN=omp -n 3 ./heat test.dat 3 1
[0] MPI startup(): Intel(R) MPI Library, Version 2019 Update 8  Build 20200624 (id: 4f16ad915)
[0] MPI startup(): Copyright (C) 2003-2020 Intel Corporation.  All rights reserved.
[0] MPI startup(): library kind: release
[0] MPI startup(): libfabric version: 1.10.1-impi
[0] MPI startup(): libfabric provider: psm2
[0] MPI startup(): Rank    Pid      Node name     Pin cpu
[0] MPI startup(): 0       723320   i01r01c01s01  {0,1,2,3,4,5,6,7,48,49,50,51,52,53,54,55}
[0] MPI startup(): 1       723321   i01r01c01s01  {8,9,10,11,12,13,14,15,56,57,58,59,60,61,62,63}
[0] MPI startup(): 2       723322   i01r01c01s01  {24,25,26,27,28,29,30,31,72,73,74,75,76,77,78,79}

3 processes distributed in X-direction
 1 ; processes distributed in Y-direction
Resolutions       : (6500, 8500, ... 12500)
Iterations        : 20
Num. Heat sources : 2
   1: (0.00, 0.00) 1.00 1.00 
   2: (1.00, 1.00) 1.00 0.50 
rank= 0 coords= 0 0 neighbours(up,down,left,right)= -1 1 -1 -1
rank= 1 coords= 1 0 neighbours(up,down,left,right)= 0 2 -1 -1
rank= 2 coords= 2 0 neighbours(up,down,left,right)= 1 -1 -1 -1

Num-X: 1 ; Num-Y: 3 ; Resolution: 6500 ; Rank: 2 ; Rank-X: 2 ; Rank-Y: 0 ; Rowstart: 4334; Rowend: 6501; Rows: 2167; Colstart: 0; Colend: 6501; Cols: 6501;
Num-X: 1 ; Num-Y: 3 ; Resolution: 6500 ; Rank: 0 ; Rank-X: 0 ; Rank-Y: 0 ; Rowstart: 0; Rowend: 2168; Rows: 2168; Colstart: 0; Colend: 6501; Cols: 6501;
Num-X: 1 ; Num-Y: 3 ; Resolution: 6500 ; Rank: 1 ; Rank-X: 1 ; Rank-Y: 0 ; Rowstart: 2167; Rowend: 4335; Rows: 2168; Colstart: 0; Colend: 6501; Cols: 6501;

Resolution: 6500
===================
Execution time: 0.123076
Residual: 2.742577

megaflops:  48059.7
  flop instructions (M):  5915.000

Num-X: 1 ; Num-Y: 3 ; Resolution: 8500 ; Rank: 2 ; Rank-X: 2 ; Rank-Y: 0 ; Rowstart: 5668; Rowend: 8501; Rows: 2833; Colstart: 0; Colend: 8501; Cols: 8501;
Num-X: 1 ; Num-Y: 3 ; Resolution: 8500 ; Rank: 1 ; Rank-X: 1 ; Rank-Y: 0 ; Rowstart: 2834; Rowend: 5669; Rows: 2835; Colstart: 0; Colend: 8501; Cols: 8501;
Num-X: 1 ; Num-Y: 3 ; Resolution: 8500 ; Rank: 0 ; Rank-X: 0 ; Rank-Y: 0 ; Rowstart: 0; Rowend: 2835; Rows: 2835; Colstart: 0; Colend: 8501; Cols: 8501;

Resolution: 8500
===================
Execution time: 0.214070
Residual: 3.587074

megaflops:  47250.9
  flop instructions (M):  10115.000

Num-X: 1 ; Num-Y: 3 ; Resolution: 10500 ; Rank: 2 ; Rank-X: 2 ; Rank-Y: 0 ; Rowstart: 7000; Rowend: 10501; Rows: 3501; Colstart: 0; Colend: 10501; Cols: 10501;
Num-X: 1 ; Num-Y: 3 ; Resolution: 10500 ; Rank: 1 ; Rank-X: 1 ; Rank-Y: 0 ; Rowstart: 3500; Rowend: 7001; Rows: 3501; Colstart: 0; Colend: 10501; Cols: 10501;
Num-X: 1 ; Num-Y: 3 ; Resolution: 10500 ; Rank: 0 ; Rank-X: 0 ; Rank-Y: 0 ; Rowstart: 0; Rowend: 3501; Rows: 3501; Colstart: 0; Colend: 10501; Cols: 10501;

Resolution: 10500
===================
Execution time: 0.330200
Residual: 4.431569

megaflops:  46744.4
  flop instructions (M):  15435.000

Num-X: 1 ; Num-Y: 3 ; Resolution: 12500 ; Rank: 2 ; Rank-X: 2 ; Rank-Y: 0 ; Rowstart: 8334; Rowend: 12501; Rows: 4167; Colstart: 0; Colend: 12501; Cols: 12501;
Num-X: 1 ; Num-Y: 3 ; Resolution: 12500 ; Rank: 1 ; Rank-X: 1 ; Rank-Y: 0 ; Rowstart: 4167; Rowend: 8335; Rows: 4168; Colstart: 0; Colend: 12501; Cols: 12501;
Num-X: 1 ; Num-Y: 3 ; Resolution: 12500 ; Rank: 0 ; Rank-X: 0 ; Rank-Y: 0 ; Rowstart: 0; Rowend: 4168; Rows: 4168; Colstart: 0; Colend: 12501; Cols: 12501;

Resolution: 12500
===================
Execution time: 0.480914
Residual: 5.276066

megaflops:  45486.3
  flop instructions (M):  21875.000
