mpiexec -genv I_MPI_DEBUG=4 -env I_MPI_PIN_PROCESSOR_LIST=0,2 -n 2
[0] MPI startup(): Intel(R) MPI Library, Version 2019 Update 8  Build 20200624 (id: 4f16ad915)
[0] MPI startup(): Copyright (C) 2003-2020 Intel Corporation.  All rights reserved.
[0] MPI startup(): library kind: release
[0] MPI startup(): libfabric version: 1.10.1-impi
[0] MPI startup(): libfabric provider: psm2
[0] MPI startup(): Rank    Pid      Node name     Pin cpu
[0] MPI startup(): 0       185087   i05r11c06s08  0
[0] MPI startup(): 1       185088   i05r11c06s08  2

Starting Measurement with data-size 2^0
Data size : 2^0 (B), Time (ms) :     0.000788639, Bandwidth (MB/s) :     1.268007406
[0] MPI startup(): Intel(R) MPI Library, Version 2019 Update 8  Build 20200624 (id: 4f16ad915)
[0] MPI startup(): Copyright (C) 2003-2020 Intel Corporation.  All rights reserved.
[0] MPI startup(): library kind: release
[0] MPI startup(): libfabric version: 1.10.1-impi
[0] MPI startup(): libfabric provider: psm2
[0] MPI startup(): Rank    Pid      Node name     Pin cpu
[0] MPI startup(): 0       185146   i05r11c06s08  0
[0] MPI startup(): 1       185147   i05r11c06s08  2

Starting Measurement with data-size 2^1
Data size : 2^1 (B), Time (ms) :     0.000815183, Bandwidth (MB/s) :     2.453438185
[0] MPI startup(): Intel(R) MPI Library, Version 2019 Update 8  Build 20200624 (id: 4f16ad915)
[0] MPI startup(): Copyright (C) 2003-2020 Intel Corporation.  All rights reserved.
[0] MPI startup(): library kind: release
[0] MPI startup(): libfabric version: 1.10.1-impi
[0] MPI startup(): libfabric provider: psm2
[0] MPI startup(): Rank    Pid      Node name     Pin cpu
[0] MPI startup(): 0       185204   i05r11c06s08  0
[0] MPI startup(): 1       185205   i05r11c06s08  2

Starting Measurement with data-size 2^2
Data size : 2^2 (B), Time (ms) :     0.000812448, Bandwidth (MB/s) :     4.923389748
[0] MPI startup(): Intel(R) MPI Library, Version 2019 Update 8  Build 20200624 (id: 4f16ad915)
[0] MPI startup(): Copyright (C) 2003-2020 Intel Corporation.  All rights reserved.
[0] MPI startup(): library kind: release
[0] MPI startup(): libfabric version: 1.10.1-impi
[0] MPI startup(): libfabric provider: psm2
[0] MPI startup(): Rank    Pid      Node name     Pin cpu
[0] MPI startup(): 0       185262   i05r11c06s08  0
[0] MPI startup(): 1       185263   i05r11c06s08  2

Starting Measurement with data-size 2^3
Data size : 2^3 (B), Time (ms) :     0.000802073, Bandwidth (MB/s) :     9.974155931
[0] MPI startup(): Intel(R) MPI Library, Version 2019 Update 8  Build 20200624 (id: 4f16ad915)
[0] MPI startup(): Copyright (C) 2003-2020 Intel Corporation.  All rights reserved.
[0] MPI startup(): library kind: release
[0] MPI startup(): libfabric version: 1.10.1-impi
[0] MPI startup(): libfabric provider: psm2
[0] MPI startup(): Rank    Pid      Node name     Pin cpu
[0] MPI startup(): 0       185321   i05r11c06s08  0
[0] MPI startup(): 1       185322   i05r11c06s08  2

Starting Measurement with data-size 2^4
Data size : 2^4 (B), Time (ms) :     0.000789761, Bandwidth (MB/s) :    20.259294033
[0] MPI startup(): Intel(R) MPI Library, Version 2019 Update 8  Build 20200624 (id: 4f16ad915)
[0] MPI startup(): Copyright (C) 2003-2020 Intel Corporation.  All rights reserved.
[0] MPI startup(): library kind: release
[0] MPI startup(): libfabric version: 1.10.1-impi
[0] MPI startup(): libfabric provider: psm2
[0] MPI startup(): Rank    Pid      Node name     Pin cpu
[0] MPI startup(): 0       185379   i05r11c06s08  0
[0] MPI startup(): 1       185380   i05r11c06s08  2

Starting Measurement with data-size 2^5
Data size : 2^5 (B), Time (ms) :     0.000827655, Bandwidth (MB/s) :    38.663461005
[0] MPI startup(): Intel(R) MPI Library, Version 2019 Update 8  Build 20200624 (id: 4f16ad915)
[0] MPI startup(): Copyright (C) 2003-2020 Intel Corporation.  All rights reserved.
[0] MPI startup(): library kind: release
[0] MPI startup(): libfabric version: 1.10.1-impi
[0] MPI startup(): libfabric provider: psm2
[0] MPI startup(): Rank    Pid      Node name     Pin cpu
[0] MPI startup(): 0       185438   i05r11c06s08  0
[0] MPI startup(): 1       185439   i05r11c06s08  2

Starting Measurement with data-size 2^6
Data size : 2^6 (B), Time (ms) :     0.000825381, Bandwidth (MB/s) :    77.539922008
[0] MPI startup(): Intel(R) MPI Library, Version 2019 Update 8  Build 20200624 (id: 4f16ad915)
[0] MPI startup(): Copyright (C) 2003-2020 Intel Corporation.  All rights reserved.
[0] MPI startup(): library kind: release
[0] MPI startup(): libfabric version: 1.10.1-impi
[0] MPI startup(): libfabric provider: psm2
[0] MPI startup(): Rank    Pid      Node name     Pin cpu
[0] MPI startup(): 0       185496   i05r11c06s08  0
[0] MPI startup(): 1       185497   i05r11c06s08  2

Starting Measurement with data-size 2^7
Data size : 2^7 (B), Time (ms) :     0.000818644, Bandwidth (MB/s) :   156.356067560
[0] MPI startup(): Intel(R) MPI Library, Version 2019 Update 8  Build 20200624 (id: 4f16ad915)
[0] MPI startup(): Copyright (C) 2003-2020 Intel Corporation.  All rights reserved.
[0] MPI startup(): library kind: release
[0] MPI startup(): libfabric version: 1.10.1-impi
[0] MPI startup(): libfabric provider: psm2
[0] MPI startup(): Rank    Pid      Node name     Pin cpu
[0] MPI startup(): 0       185555   i05r11c06s08  0
[0] MPI startup(): 1       185556   i05r11c06s08  2

Starting Measurement with data-size 2^8
Data size : 2^8 (B), Time (ms) :     0.000822905, Bandwidth (MB/s) :   311.093129172
[0] MPI startup(): Intel(R) MPI Library, Version 2019 Update 8  Build 20200624 (id: 4f16ad915)
[0] MPI startup(): Copyright (C) 2003-2020 Intel Corporation.  All rights reserved.
[0] MPI startup(): library kind: release
[0] MPI startup(): libfabric version: 1.10.1-impi
[0] MPI startup(): libfabric provider: psm2
[0] MPI startup(): Rank    Pid      Node name     Pin cpu
[0] MPI startup(): 0       185613   i05r11c06s08  0
[0] MPI startup(): 1       185614   i05r11c06s08  2

Starting Measurement with data-size 2^9
Data size : 2^9 (B), Time (ms) :     0.000797398, Bandwidth (MB/s) :   642.088079757
[0] MPI startup(): Intel(R) MPI Library, Version 2019 Update 8  Build 20200624 (id: 4f16ad915)
[0] MPI startup(): Copyright (C) 2003-2020 Intel Corporation.  All rights reserved.
[0] MPI startup(): library kind: release
[0] MPI startup(): libfabric version: 1.10.1-impi
[0] MPI startup(): libfabric provider: psm2
[0] MPI startup(): Rank    Pid      Node name     Pin cpu
[0] MPI startup(): 0       185671   i05r11c06s08  0
[0] MPI startup(): 1       185672   i05r11c06s08  2

Starting Measurement with data-size 2^10
Data size : 2^10 (B), Time (ms) :     0.000811881, Bandwidth (MB/s) :  1261.268853764
[0] MPI startup(): Intel(R) MPI Library, Version 2019 Update 8  Build 20200624 (id: 4f16ad915)
[0] MPI startup(): Copyright (C) 2003-2020 Intel Corporation.  All rights reserved.
[0] MPI startup(): library kind: release
[0] MPI startup(): libfabric version: 1.10.1-impi
[0] MPI startup(): libfabric provider: psm2
[0] MPI startup(): Rank    Pid      Node name     Pin cpu
[0] MPI startup(): 0       185729   i05r11c06s08  0
[0] MPI startup(): 1       185730   i05r11c06s08  2

Starting Measurement with data-size 2^11
Data size : 2^11 (B), Time (ms) :     0.000798663, Bandwidth (MB/s) :  2564.286358785
[0] MPI startup(): Intel(R) MPI Library, Version 2019 Update 8  Build 20200624 (id: 4f16ad915)
[0] MPI startup(): Copyright (C) 2003-2020 Intel Corporation.  All rights reserved.
[0] MPI startup(): library kind: release
[0] MPI startup(): libfabric version: 1.10.1-impi
[0] MPI startup(): libfabric provider: psm2
[0] MPI startup(): Rank    Pid      Node name     Pin cpu
[0] MPI startup(): 0       185787   i05r11c06s08  0
[0] MPI startup(): 1       185788   i05r11c06s08  2

Starting Measurement with data-size 2^12
Data size : 2^12 (B), Time (ms) :     0.000807196, Bandwidth (MB/s) :  5074.353270366
[0] MPI startup(): Intel(R) MPI Library, Version 2019 Update 8  Build 20200624 (id: 4f16ad915)
[0] MPI startup(): Copyright (C) 2003-2020 Intel Corporation.  All rights reserved.
[0] MPI startup(): library kind: release
[0] MPI startup(): libfabric version: 1.10.1-impi
[0] MPI startup(): libfabric provider: psm2
[0] MPI startup(): Rank    Pid      Node name     Pin cpu
[0] MPI startup(): 0       185845   i05r11c06s08  0
[0] MPI startup(): 1       185846   i05r11c06s08  2

Starting Measurement with data-size 2^13
Data size : 2^13 (B), Time (ms) :     0.000822728, Bandwidth (MB/s) :  9957.118984285
[0] MPI startup(): Intel(R) MPI Library, Version 2019 Update 8  Build 20200624 (id: 4f16ad915)
[0] MPI startup(): Copyright (C) 2003-2020 Intel Corporation.  All rights reserved.
[0] MPI startup(): library kind: release
[0] MPI startup(): libfabric version: 1.10.1-impi
[0] MPI startup(): libfabric provider: psm2
[0] MPI startup(): Rank    Pid      Node name     Pin cpu
[0] MPI startup(): 0       185903   i05r11c06s08  0
[0] MPI startup(): 1       185904   i05r11c06s08  2

Starting Measurement with data-size 2^14
Data size : 2^14 (B), Time (ms) :     0.000816384, Bandwidth (MB/s) : 20068.979021358
[0] MPI startup(): Intel(R) MPI Library, Version 2019 Update 8  Build 20200624 (id: 4f16ad915)
[0] MPI startup(): Copyright (C) 2003-2020 Intel Corporation.  All rights reserved.
[0] MPI startup(): library kind: release
[0] MPI startup(): libfabric version: 1.10.1-impi
[0] MPI startup(): libfabric provider: psm2
[0] MPI startup(): Rank    Pid      Node name     Pin cpu
[0] MPI startup(): 0       185961   i05r11c06s08  0
[0] MPI startup(): 1       185962   i05r11c06s08  2

Starting Measurement with data-size 2^15
Data size : 2^15 (B), Time (ms) :     0.000826376, Bandwidth (MB/s) : 39652.628535336
[0] MPI startup(): Intel(R) MPI Library, Version 2019 Update 8  Build 20200624 (id: 4f16ad915)
[0] MPI startup(): Copyright (C) 2003-2020 Intel Corporation.  All rights reserved.
[0] MPI startup(): library kind: release
[0] MPI startup(): libfabric version: 1.10.1-impi
[0] MPI startup(): libfabric provider: psm2
[0] MPI startup(): Rank    Pid      Node name     Pin cpu
[0] MPI startup(): 0       186019   i05r11c06s08  0
[0] MPI startup(): 1       186020   i05r11c06s08  2

Starting Measurement with data-size 2^16
Data size : 2^16 (B), Time (ms) :     0.000797330, Bandwidth (MB/s) : 82194.282130647
[0] MPI startup(): Intel(R) MPI Library, Version 2019 Update 8  Build 20200624 (id: 4f16ad915)
[0] MPI startup(): Copyright (C) 2003-2020 Intel Corporation.  All rights reserved.
[0] MPI startup(): library kind: release
[0] MPI startup(): libfabric version: 1.10.1-impi
[0] MPI startup(): libfabric provider: psm2
[0] MPI startup(): Rank    Pid      Node name     Pin cpu
[0] MPI startup(): 0       186077   i05r11c06s08  0
[0] MPI startup(): 1       186078   i05r11c06s08  2

Starting Measurement with data-size 2^17
Data size : 2^17 (B), Time (ms) :     0.000820235, Bandwidth (MB/s) : 159798.074889713
[0] MPI startup(): Intel(R) MPI Library, Version 2019 Update 8  Build 20200624 (id: 4f16ad915)
[0] MPI startup(): Copyright (C) 2003-2020 Intel Corporation.  All rights reserved.
[0] MPI startup(): library kind: release
[0] MPI startup(): libfabric version: 1.10.1-impi
[0] MPI startup(): libfabric provider: psm2
[0] MPI startup(): Rank    Pid      Node name     Pin cpu
[0] MPI startup(): 0       186135   i05r11c06s08  0
[0] MPI startup(): 1       186136   i05r11c06s08  2

Starting Measurement with data-size 2^18
Data size : 2^18 (B), Time (ms) :     0.000804309, Bandwidth (MB/s) : 325924.418541591
[0] MPI startup(): Intel(R) MPI Library, Version 2019 Update 8  Build 20200624 (id: 4f16ad915)
[0] MPI startup(): Copyright (C) 2003-2020 Intel Corporation.  All rights reserved.
[0] MPI startup(): library kind: release
[0] MPI startup(): libfabric version: 1.10.1-impi
[0] MPI startup(): libfabric provider: psm2
[0] MPI startup(): Rank    Pid      Node name     Pin cpu
[0] MPI startup(): 0       186193   i05r11c06s08  0
[0] MPI startup(): 1       186194   i05r11c06s08  2

Starting Measurement with data-size 2^19
Data size : 2^19 (B), Time (ms) :     0.000803101, Bandwidth (MB/s) : 652829.418739183
[0] MPI startup(): Intel(R) MPI Library, Version 2019 Update 8  Build 20200624 (id: 4f16ad915)
[0] MPI startup(): Copyright (C) 2003-2020 Intel Corporation.  All rights reserved.
[0] MPI startup(): library kind: release
[0] MPI startup(): libfabric version: 1.10.1-impi
[0] MPI startup(): libfabric provider: psm2
[0] MPI startup(): Rank    Pid      Node name     Pin cpu
[0] MPI startup(): 0       186251   i05r11c06s08  0
[0] MPI startup(): 1       186252   i05r11c06s08  2

Starting Measurement with data-size 2^20
Data size : 2^20 (B), Time (ms) :     0.000819115, Bandwidth (MB/s) : 1280132.876010069
