Resolutions       : (200, 1200, ... 6200)
Iterations        : 40
Algorithm         : 0 (Jacobi)
Num. Heat sources : 2
   1: (0.00, 0.00) 1.00 1.00 
   2: (1.00, 1.00) 1.00 0.50 
Resolution:   200Resolution:   200, Time: 0.006 (0.018 GFlop => 2852.50 MFlop/s, residual 0.031825, 40 iterations)
Resolution:  1200Resolution:  1200, Time: 0.928 (0.634 GFlop => 682.88 MFlop/s, residual 0.190962, 40 iterations)
Resolution:  2200Resolution:  2200, Time: 3.115 (2.130 GFlop => 683.66 MFlop/s, residual 0.349995, 40 iterations)
Resolution:  3200Resolution:  3200, Time: 6.698 (4.506 GFlop => 672.66 MFlop/s, residual 0.509021, 40 iterations)
Resolution:  4200Resolution:  4200, Time: 10.999 (7.762 GFlop => 705.65 MFlop/s, residual 0.668045, 40 iterations)
Resolution:  5200Resolution:  5200, Time: 17.835 (11.898 GFlop => 667.09 MFlop/s, residual 0.827068, 40 iterations)
Resolution:  6200Resolution:  6200, Time: 27.585 (16.914 GFlop => 613.16 MFlop/s, residual 0.986091, 40 iterations)
  200; 0.006; 2852.496
 1200; 0.928; 682.875
 2200; 3.115; 683.660
 3200; 6.698; 672.656
 4200; 10.999; 705.650
 5200; 17.835; 667.090
 6200; 27.585; 613.156
