mpiexec -genv I_MPI_DEBUG=4 -genv OMP_NUM_THREADS=4 -genv I_MPI_PIN_DOMAIN=omp -n 48 ./heat test.dat 48 1
[0] MPI startup(): Intel(R) MPI Library, Version 2019 Update 8  Build 20200624 (id: 4f16ad915)
[0] MPI startup(): Copyright (C) 2003-2020 Intel Corporation.  All rights reserved.
[0] MPI startup(): library kind: release
[0] MPI startup(): libfabric version: 1.10.1-impi
[0] MPI startup(): libfabric provider: psm2

Executing each MPI process in 4 OMP threads.

Executing each MPI process in 4 OMP threads.

Executing each MPI process in 4 OMP threads.

Executing each MPI process in 4 OMP threads.

Executing each MPI process in 4 OMP threads.
[0] MPI startup(): Rank    Pid      Node name     Pin cpu
[0] MPI startup(): 0       2384026  i01r01c02s09  {0,1,48,49}
[0] MPI startup(): 1       2384027  i01r01c02s09  {2,3,50,51}
[0] MPI startup(): 2       2384028  i01r01c02s09  {4,5,52,53}
[0] MPI startup(): 3       2384029  i01r01c02s09  {6,7,54,55}
[0] MPI startup(): 4       2384030  i01r01c02s09  {8,9,56,57}
[0] MPI startup(): 5       2384031  i01r01c02s09  {10,11,58,59}
[0] MPI startup(): 6       2384032  i01r01c02s09  {24,25,72,73}
[0] MPI startup(): 7       2384033  i01r01c02s09  {26,27,74,75}
[0] MPI startup(): 8       2384034  i01r01c02s09  {28,29,76,77}
[0] MPI startup(): 9       2384035  i01r01c02s09  {30,31,78,79}
[0] MPI startup(): 10      2384036  i01r01c02s09  {32,33,80,81}
[0] MPI startup(): 11      2384037  i01r01c02s09  {34,35,82,83}
[0] MPI startup(): 12      178474   i01r01c02s10  {0,1,48,49}
[0] MPI startup(): 13      178475   i01r01c02s10  {2,3,50,51}
[0] MPI startup(): 14      178476   i01r01c02s10  {4,5,52,53}
[0] MPI startup(): 15      178477   i01r01c02s10  {6,7,54,55}
[0] MPI startup(): 16      178478   i01r01c02s10  {8,9,56,57}
[0] MPI startup(): 17      178479   i01r01c02s10  {10,11,58,59}
[0] MPI startup(): 18      178480   i01r01c02s10  {24,25,72,73}
[0] MPI startup(): 19      178481   i01r01c02s10  {26,27,74,75}
[0] MPI startup(): 20      178482   i01r01c02s10  {28,29,76,77}
[0] MPI startup(): 21      178483   i01r01c02s10  {30,31,78,79}
[0] MPI startup(): 22      178484   i01r01c02s10  {32,33,80,81}
[0] MPI startup(): 23      178485   i01r01c02s10  {34,35,82,83}
[0] MPI startup(): 24      1980339  i01r01c02s11  {0,1,48,49}
[0] MPI startup(): 25      1980340  i01r01c02s11  {2,3,50,51}
[0] MPI startup(): 26      1980341  i01r01c02s11  {4,5,52,53}
[0] MPI startup(): 27      1980342  i01r01c02s11  {6,7,54,55}
[0] MPI startup(): 28      1980343  i01r01c02s11  {8,9,56,57}
[0] MPI startup(): 29      1980344  i01r01c02s11  {10,11,58,59}
[0] MPI startup(): 30      1980345  i01r01c02s11  {24,25,72,73}
[0] MPI startup(): 31      1980346  i01r01c02s11  {26,27,74,75}
[0] MPI startup(): 32      1980347  i01r01c02s11  {28,29,76,77}
[0] MPI startup(): 33      1980348  i01r01c02s11  {30,31,78,79}
[0] MPI startup(): 34      1980349  i01r01c02s11  {32,33,80,81}
[0] MPI startup(): 35      1980350  i01r01c02s11  {34,35,82,83}
[0] MPI startup(): 36      2455379  i01r01c02s12  {0,1,48,49}
[0] MPI startup(): 37      2455380  i01r01c02s12  {2,3,50,51}
[0] MPI startup(): 38      2455381  i01r01c02s12  {4,5,52,53}
[0] MPI startup(): 39      2455382  i01r01c02s12  {6,7,54,55}
[0] MPI startup(): 40      2455383  i01r01c02s12  {8,9,56,57}
[0] MPI startup(): 41      2455384  i01r01c02s12  {10,11,58,59}
[0] MPI startup(): 42      2455385  i01r01c02s12  {24,25,72,73}
[0] MPI startup(): 43      2455386  i01r01c02s12  {26,27,74,75}
[0] MPI startup(): 44      2455387  i01r01c02s12  {28,29,76,77}
[0] MPI startup(): 45      2455388  i01r01c02s12  {30,31,78,79}
[0] MPI startup(): 46      2455389  i01r01c02s12  {32,33,80,81}
[0] MPI startup(): 47      2455390  i01r01c02s12  {34,35,82,83}

48 processes distributed in X-direction
 1 ; processes distributed in Y-direction

Executing each MPI process in 4 OMP threads.

Executing each MPI process in 4 OMP threads.

Executing each MPI process in 4 OMP threads.

Executing each MPI process in 4 OMP threads.
Resolutions       : (4500, 5500, ... 12500)
Iterations        : 20
Num. Heat sources : 2
   1: (0.00, 0.00) 1.00 1.00 
   2: (1.00, 1.00) 1.00 0.50 
rank= 0 coords= 0 0 neighbours(up,down,left,right)= -1 1 -1 -1
rank= 24 coords= 24 0 neighbours(up,down,left,right)= 23 25 -1 -1
rank= 36 coords= 36 0 neighbours(up,down,left,right)= 35 37 -1 -1
rank= 16 coords= 16 0 neighbours(up,down,left,right)= 15 17 -1 -1
rank= 3 coords= 3 0 neighbours(up,down,left,right)= 2 4 -1 -1
rank= 25 coords= 25 0 neighbours(up,down,left,right)= 24 26 -1 -1
rank= 38 coords= 38 0 neighbours(up,down,left,right)= 37 39 -1 -1
rank= 20 coords= 20 0 neighbours(up,down,left,right)= 19 21 -1 -1
rank= 4 coords= 4 0 neighbours(up,down,left,right)= 3 5 -1 -1
rank= 26 coords= 26 0 neighbours(up,down,left,right)= 25 27 -1 -1
rank= 39 coords= 39 0 neighbours(up,down,left,right)= 38 40 -1 -1
rank= 12 coords= 12 0 neighbours(up,down,left,right)= 11 13 -1 -1
rank= 5 coords= 5 0 neighbours(up,down,left,right)= 4 6 -1 -1
rank= 27 coords= 27 0 neighbours(up,down,left,right)= 26 28 -1 -1
rank= 40 coords= 40 0 neighbours(up,down,left,right)= 39 41 -1 -1
rank= 13 coords= 13 0 neighbours(up,down,left,right)= 12 14 -1 -1
rank= 6 coords= 6 0 neighbours(up,down,left,right)= 5 7 -1 -1
rank= 28 coords= 28 0 neighbours(up,down,left,right)= 27 29 -1 -1
rank= 41 coords= 41 0 neighbours(up,down,left,right)= 40 42 -1 -1
rank= 14 coords= 14 0 neighbours(up,down,left,right)= 13 15 -1 -1
rank= 7 coords= 7 0 neighbours(up,down,left,right)= 6 8 -1 -1
rank= 29 coords= 29 0 neighbours(up,down,left,right)= 28 30 -1 -1
rank= 8 coords= 8 0 neighbours(up,down,left,right)= 7 9 -1 -1
rank= 30 coords= 30 0 neighbours(up,down,left,right)= 29 31 -1 -1
rank= 15 coords= 15 0 neighbours(up,down,left,right)= 14 16 -1 -1
rank= 9 coords= 9 0 neighbours(up,down,left,right)= 8 10 -1 -1
rank= 31 coords= 31 0 neighbours(up,down,left,right)= 30 32 -1 -1
rank= 42 coords= 42 0 neighbours(up,down,left,right)= 41 43 -1 -1
rank= 17 coords= 17 0 neighbours(up,down,left,right)= 16 18 -1 -1
rank= 10 coords= 10 0 neighbours(up,down,left,right)= 9 11 -1 -1
rank= 32 coords= 32 0 neighbours(up,down,left,right)= 31 33 -1 -1
rank= 43 coords= 43 0 neighbours(up,down,left,right)= 42 44 -1 -1
rank= 18 coords= 18 0 neighbours(up,down,left,right)= 17 19 -1 -1
rank= 11 coords= 11 0 neighbours(up,down,left,right)= 10 12 -1 -1
rank= 33 coords= 33 0 neighbours(up,down,left,right)= 32 34 -1 -1
rank= 44 coords= 44 0 neighbours(up,down,left,right)= 43 45 -1 -1
rank= 19 coords= 19 0 neighbours(up,down,left,right)= 18 20 -1 -1
rank= 1 coords= 1 0 neighbours(up,down,left,right)= 0 2 -1 -1
rank= 34 coords= 34 0 neighbours(up,down,left,right)= 33 35 -1 -1
rank= 45 coords= 45 0 neighbours(up,down,left,right)= 44 46 -1 -1
rank= 21 coords= 21 0 neighbours(up,down,left,right)= 20 22 -1 -1
rank= 2 coords= 2 0 neighbours(up,down,left,right)= 1 3 -1 -1
rank= 35 coords= 35 0 neighbours(up,down,left,right)= 34 36 -1 -1
rank= 46 coords= 46 0 neighbours(up,down,left,right)= 45 47 -1 -1
rank= 22 coords= 22 0 neighbours(up,down,left,right)= 21 23 -1 -1
rank= 47 coords= 47 0 neighbours(up,down,left,right)= 46 -1 -1 -1
rank= 23 coords= 23 0 neighbours(up,down,left,right)= 22 24 -1 -1
rank= 37 coords= 37 0 neighbours(up,down,left,right)= 36 38 -1 -1

Num-X: 1 ; Num-Y: 48 ; Resolution: 4500 ; Rank: 42 ; Rank-X: 0 ; Rank-Y: 42 ; Rowstart: 3942; Rowend: 4036; Rows: 94; Colstart: 0; Colend: 4501; Cols: 4501;
Num-X: 1 ; Num-Y: 48 ; Resolution: 4500 ; Rank: 17 ; Rank-X: 0 ; Rank-Y: 17 ; Rowstart: 1598; Rowend: 1693; Rows: 95; Colstart: 0; Colend: 4501; Cols: 4501;
Num-X: 1 ; Num-Y: 48 ; Resolution: 4500 ; Rank: 41 ; Rank-X: 0 ; Rank-Y: 41 ; Rowstart: 3849; Rowend: 3943; Rows: 94; Colstart: 0; Colend: 4501; Cols: 4501;
Num-X: 1 ; Num-Y: 48 ; Resolution: 4500 ; Rank: 21 ; Rank-X: 0 ; Rank-Y: 21 ; Rowstart: 1974; Rowend: 2069; Rows: 95; Colstart: 0; Colend: 4501; Cols: 4501;
Num-X: 1 ; Num-Y: 48 ; Resolution: 4500 ; Rank: 31 ; Rank-X: 0 ; Rank-Y: 31 ; Rowstart: 2914; Rowend: 3009; Rows: 95; Colstart: 0; Colend: 4501; Cols: 4501;
Num-X: 1 ; Num-Y: 48 ; Resolution: 4500 ; Rank: 27 ; Rank-X: 0 ; Rank-Y: 27 ; Rowstart: 2538; Rowend: 2633; Rows: 95; Colstart: 0; Colend: 4501; Cols: 4501;
Num-X: 1 ; Num-Y: 48 ; Resolution: 4500 ; Rank: 29 ; Rank-X: 0 ; Rank-Y: 29 ; Rowstart: 2726; Rowend: 2821; Rows: 95; Colstart: 0; Colend: 4501; Cols: 4501;
Num-X: 1 ; Num-Y: 48 ; Resolution: 4500 ; Rank: 10 ; Rank-X: 0 ; Rank-Y: 10 ; Rowstart: 940; Rowend: 1035; Rows: 95; Colstart: 0; Colend: 4501; Cols: 4501;
Num-X: 1 ; Num-Y: 48 ; Resolution: 4500 ; Rank: 7 ; Rank-X: 0 ; Rank-Y: 7 ; Rowstart: 658; Rowend: 753; Rows: 95; Colstart: 0; Colend: 4501; Cols: 4501;
Num-X: 1 ; Num-Y: 48 ; Resolution: 4500 ; Rank: 45 ; Rank-X: 0 ; Rank-Y: 45 ; Rowstart: 4221; Rowend: 4315; Rows: 94; Colstart: 0; Colend: 4501; Cols: 4501;
Num-X: 1 ; Num-Y: 48 ; Resolution: 4500 ; Rank: 46 ; Rank-X: 0 ; Rank-Y: 46 ; Rowstart: 4314; Rowend: 4408; Rows: 94; Colstart: 0; Colend: 4501; Cols: 4501;
Num-X: 1 ; Num-Y: 48 ; Resolution: 4500 ; Rank: 9 ; Rank-X: 0 ; Rank-Y: 9 ; Rowstart: 846; Rowend: 941; Rows: 95; Colstart: 0; Colend: 4501; Cols: 4501;
Num-X: 1 ; Num-Y: 48 ; Resolution: 4500 ; Rank: 36 ; Rank-X: 0 ; Rank-Y: 36 ; Rowstart: 3384; Rowend: 3478; Rows: 94; Colstart: 0; Colend: 4501; Cols: 4501;
Num-X: 1 ; Num-Y: 48 ; Resolution: 4500 ; Rank: 43 ; Rank-X: 0 ; Rank-Y: 43 ; Rowstart: 4035; Rowend: 4129; Rows: 94; Colstart: 0; Colend: 4501; Cols: 4501;
Num-X: 1 ; Num-Y: 48 ; Resolution: 4500 ; Rank: 40 ; Rank-X: 0 ; Rank-Y: 40 ; Rowstart: 3756; Rowend: 3850; Rows: 94; Colstart: 0; Colend: 4501; Cols: 4501;
Num-X: 1 ; Num-Y: 48 ; Resolution: 4500 ; Rank: 38 ; Rank-X: 0 ; Rank-Y: 38 ; Rowstart: 3570; Rowend: 3664; Rows: 94; Colstart: 0; Colend: 4501; Cols: 4501;
Num-X: 1 ; Num-Y: 48 ; Resolution: 4500 ; Rank: 12 ; Rank-X: 0 ; Rank-Y: 12 ; Rowstart: 1128; Rowend: 1223; Rows: 95; Colstart: 0; Colend: 4501; Cols: 4501;
Num-X: 1 ; Num-Y: 48 ; Resolution: 4500 ; Rank: 13 ; Rank-X: 0 ; Rank-Y: 13 ; Rowstart: 1222; Rowend: 1317; Rows: 95; Colstart: 0; Colend: 4501; Cols: 4501;
Num-X: 1 ; Num-Y: 48 ; Resolution: 4500 ; Rank: 26 ; Rank-X: 0 ; Rank-Y: 26 ; Rowstart: 2444; Rowend: 2539; Rows: 95; Colstart: 0; Colend: 4501; Cols: 4501;
Num-X: 1 ; Num-Y: 48 ; Resolution: 4500 ; Rank: 37 ; Rank-X: 0 ; Rank-Y: 37 ; Rowstart: 3477; Rowend: 3571; Rows: 94; Colstart: 0; Colend: 4501; Cols: 4501;
Num-X: 1 ; Num-Y: 48 ; Resolution: 4500 ; Rank: 14 ; Rank-X: 0 ; Rank-Y: 14 ; Rowstart: 1316; Rowend: 1411; Rows: 95; Colstart: 0; Colend: 4501; Cols: 4501;
Num-X: 1 ; Num-Y: 48 ; Resolution: 4500 ; Rank: 30 ; Rank-X: 0 ; Rank-Y: 30 ; Rowstart: 2820; Rowend: 2915; Rows: 95; Colstart: 0; Colend: 4501; Cols: 4501;
Num-X: 1 ; Num-Y: 48 ; Resolution: 4500 ; Rank: 39 ; Rank-X: 0 ; Rank-Y: 39 ; Rowstart: 3663; Rowend: 3757; Rows: 94; Colstart: 0; Colend: 4501; Cols: 4501;
Num-X: 1 ; Num-Y: 48 ; Resolution: 4500 ; Rank: 15 ; Rank-X: 0 ; Rank-Y: 15 ; Rowstart: 1410; Rowend: 1505; Rows: 95; Colstart: 0; Colend: 4501; Cols: 4501;
Num-X: 1 ; Num-Y: 48 ; Resolution: 4500 ; Rank: 44 ; Rank-X: 0 ; Rank-Y: 44 ; Rowstart: 4128; Rowend: 4222; Rows: 94; Colstart: 0; Colend: 4501; Cols: 4501;
Num-X: 1 ; Num-Y: 48 ; Resolution: 4500 ; Rank: 20 ; Rank-X: 0 ; Rank-Y: 20 ; Rowstart: 1880; Rowend: 1975; Rows: 95; Colstart: 0; Colend: 4501; Cols: 4501;
Num-X: 1 ; Num-Y: 48 ; Resolution: 4500 ; Rank: 47 ; Rank-X: 0 ; Rank-Y: 47 ; Rowstart: 4407; Rowend: 4501; Rows: 94; Colstart: 0; Colend: 4501; Cols: 4501;
Num-X: 1 ; Num-Y: 48 ; Resolution: 4500 ; Rank: 16 ; Rank-X: 0 ; Rank-Y: 16 ; Rowstart: 1504; Rowend: 1599; Rows: 95; Colstart: 0; Colend: 4501; Cols: 4501;
Num-X: 1 ; Num-Y: 48 ; Resolution: 4500 ; Rank: 18 ; Rank-X: 0 ; Rank-Y: 18 ; Rowstart: 1692; Rowend: 1787; Rows: 95; Colstart: 0; Colend: 4501; Cols: 4501;
Num-X: 1 ; Num-Y: 48 ; Resolution: 4500 ; Rank: 19 ; Rank-X: 0 ; Rank-Y: 19 ; Rowstart: 1786; Rowend: 1881; Rows: 95; Colstart: 0; Colend: 4501; Cols: 4501;
Num-X: 1 ; Num-Y: 48 ; Resolution: 4500 ; Rank: 23 ; Rank-X: 0 ; Rank-Y: 23 ; Rowstart: 2162; Rowend: 2257; Rows: 95; Colstart: 0; Colend: 4501; Cols: 4501;
Num-X: 1 ; Num-Y: 48 ; Resolution: 4500 ; Rank: 28 ; Rank-X: 0 ; Rank-Y: 28 ; Rowstart: 2632; Rowend: 2727; Rows: 95; Colstart: 0; Colend: 4501; Cols: 4501;
Num-X: 1 ; Num-Y: 48 ; Resolution: 4500 ; Rank: 22 ; Rank-X: 0 ; Rank-Y: 22 ; Rowstart: 2068; Rowend: 2163; Rows: 95; Colstart: 0; Colend: 4501; Cols: 4501;
Num-X: 1 ; Num-Y: 48 ; Resolution: 4500 ; Rank: 6 ; Rank-X: 0 ; Rank-Y: 6 ; Rowstart: 564; Rowend: 659; Rows: 95; Colstart: 0; Colend: 4501; Cols: 4501;
Num-X: 1 ; Num-Y: 48 ; Resolution: 4500 ; Rank: 5 ; Rank-X: 0 ; Rank-Y: 5 ; Rowstart: 470; Rowend: 565; Rows: 95; Colstart: 0; Colend: 4501; Cols: 4501;
Num-X: 1 ; Num-Y: 48 ; Resolution: 4500 ; Rank: 34 ; Rank-X: 0 ; Rank-Y: 34 ; Rowstart: 3196; Rowend: 3291; Rows: 95; Colstart: 0; Colend: 4501; Cols: 4501;
Num-X: 1 ; Num-Y: 48 ; Resolution: 4500 ; Rank: 35 ; Rank-X: 0 ; Rank-Y: 35 ; Rowstart: 3290; Rowend: 3385; Rows: 95; Colstart: 0; Colend: 4501; Cols: 4501;
Num-X: 1 ; Num-Y: 48 ; Resolution: 4500 ; Rank: 24 ; Rank-X: 0 ; Rank-Y: 24 ; Rowstart: 2256; Rowend: 2351; Rows: 95; Colstart: 0; Colend: 4501; Cols: 4501;
Num-X: 1 ; Num-Y: 48 ; Resolution: 4500 ; Rank: 0 ; Rank-X: 0 ; Rank-Y: 0 ; Rowstart: 0; Rowend: 95; Rows: 95; Colstart: 0; Colend: 4501; Cols: 4501;
Num-X: 1 ; Num-Y: 48 ; Resolution: 4500 ; Rank: 25 ; Rank-X: 0 ; Rank-Y: 25 ; Rowstart: 2350; Rowend: 2445; Rows: 95; Colstart: 0; Colend: 4501; Cols: 4501;
Num-X: 1 ; Num-Y: 48 ; Resolution: 4500 ; Rank: 32 ; Rank-X: 0 ; Rank-Y: 32 ; Rowstart: 3008; Rowend: 3103; Rows: 95; Colstart: 0; Colend: 4501; Cols: 4501;
Num-X: 1 ; Num-Y: 48 ; Resolution: 4500 ; Rank: 2 ; Rank-X: 0 ; Rank-Y: 2 ; Rowstart: 188; Rowend: 283; Rows: 95; Colstart: 0; Colend: 4501; Cols: 4501;
Num-X: 1 ; Num-Y: 48 ; Resolution: 4500 ; Rank: 4 ; Rank-X: 0 ; Rank-Y: 4 ; Rowstart: 376; Rowend: 471; Rows: 95; Colstart: 0; Colend: 4501; Cols: 4501;
Num-X: 1 ; Num-Y: 48 ; Resolution: 4500 ; Rank: 33 ; Rank-X: 0 ; Rank-Y: 33 ; Rowstart: 3102; Rowend: 3197; Rows: 95; Colstart: 0; Colend: 4501; Cols: 4501;
Num-X: 1 ; Num-Y: 48 ; Resolution: 4500 ; Rank: 1 ; Rank-X: 0 ; Rank-Y: 1 ; Rowstart: 94; Rowend: 189; Rows: 95; Colstart: 0; Colend: 4501; Cols: 4501;
Num-X: 1 ; Num-Y: 48 ; Resolution: 4500 ; Rank: 3 ; Rank-X: 0 ; Rank-Y: 3 ; Rowstart: 282; Rowend: 377; Rows: 95; Colstart: 0; Colend: 4501; Cols: 4501;
Num-X: 1 ; Num-Y: 48 ; Resolution: 4500 ; Rank: 8 ; Rank-X: 0 ; Rank-Y: 8 ; Rowstart: 752; Rowend: 847; Rows: 95; Colstart: 0; Colend: 4501; Cols: 4501;
Num-X: 1 ; Num-Y: 48 ; Resolution: 4500 ; Rank: 11 ; Rank-X: 0 ; Rank-Y: 11 ; Rowstart: 1034; Rowend: 1129; Rows: 95; Colstart: 0; Colend: 4501; Cols: 4501;

Resolution: 4500
===================
Execution time: 0.006123
Residual: 2.111093

megaflops:  463003.3
  flop instructions (M):  2835.000

Num-X: 1 ; Num-Y: 48 ; Resolution: 5500 ; Rank: 37 ; Rank-X: 0 ; Rank-Y: 37 ; Rowstart: 4246; Rowend: 4361; Rows: 115; Colstart: 0; Colend: 5501; Cols: 5501;
Num-X: 1 ; Num-Y: 48 ; Resolution: 5500 ; Rank: 46 ; Rank-X: 0 ; Rank-Y: 46 ; Rowstart: 5272; Rowend: 5387; Rows: 115; Colstart: 0; Colend: 5501; Cols: 5501;
Num-X: 1 ; Num-Y: 48 ; Resolution: 5500 ; Rank: 42 ; Rank-X: 0 ; Rank-Y: 42 ; Rowstart: 4816; Rowend: 4931; Rows: 115; Colstart: 0; Colend: 5501; Cols: 5501;
Num-X: 1 ; Num-Y: 48 ; Resolution: 5500 ; Rank: 43 ; Rank-X: 0 ; Rank-Y: 43 ; Rowstart: 4930; Rowend: 5045; Rows: 115; Colstart: 0; Colend: 5501; Cols: 5501;
Num-X: 1 ; Num-Y: 48 ; Resolution: 5500 ; Rank: 38 ; Rank-X: 0 ; Rank-Y: 38 ; Rowstart: 4360; Rowend: 4475; Rows: 115; Colstart: 0; Colend: 5501; Cols: 5501;
Num-X: 1 ; Num-Y: 48 ; Resolution: 5500 ; Rank: 41 ; Rank-X: 0 ; Rank-Y: 41 ; Rowstart: 4702; Rowend: 4817; Rows: 115; Colstart: 0; Colend: 5501; Cols: 5501;
Num-X: 1 ; Num-Y: 48 ; Resolution: 5500 ; Rank: 45 ; Rank-X: 0 ; Rank-Y: 45 ; Rowstart: 5158; Rowend: 5273; Rows: 115; Colstart: 0; Colend: 5501; Cols: 5501;
Num-X: 1 ; Num-Y: 48 ; Resolution: 5500 ; Rank: 47 ; Rank-X: 0 ; Rank-Y: 47 ; Rowstart: 5386; Rowend: 5501; Rows: 115; Colstart: 0; Colend: 5501; Cols: 5501;
Num-X: 1 ; Num-Y: 48 ; Resolution: 5500 ; Rank: 36 ; Rank-X: 0 ; Rank-Y: 36 ; Rowstart: 4132; Rowend: 4247; Rows: 115; Colstart: 0; Colend: 5501; Cols: 5501;
Num-X: 1 ; Num-Y: 48 ; Resolution: 5500 ; Rank: 40 ; Rank-X: 0 ; Rank-Y: 40 ; Rowstart: 4588; Rowend: 4703; Rows: 115; Colstart: 0; Colend: 5501; Cols: 5501;
Num-X: 1 ; Num-Y: 48 ; Resolution: 5500 ; Rank: 44 ; Rank-X: 0 ; Rank-Y: 44 ; Rowstart: 5044; Rowend: 5159; Rows: 115; Colstart: 0; Colend: 5501; Cols: 5501;
Num-X: 1 ; Num-Y: 48 ; Resolution: 5500 ; Rank: 39 ; Rank-X: 0 ; Rank-Y: 39 ; Rowstart: 4474; Rowend: 4589; Rows: 115; Colstart: 0; Colend: 5501; Cols: 5501;
Num-X: 1 ; Num-Y: 48 ; Resolution: 5500 ; Rank: 8 ; Rank-X: 0 ; Rank-Y: 8 ; Rowstart: 920; Rowend: 1036; Rows: 116; Colstart: 0; Colend: 5501; Cols: 5501;
Num-X: 1 ; Num-Y: 48 ; Resolution: 5500 ; Rank: 5 ; Rank-X: 0 ; Rank-Y: 5 ; Rowstart: 575; Rowend: 691; Rows: 116; Colstart: 0; Colend: 5501; Cols: 5501;
Num-X: 1 ; Num-Y: 48 ; Resolution: 5500 ; Rank: 6 ; Rank-X: 0 ; Rank-Y: 6 ; Rowstart: 690; Rowend: 806; Rows: 116; Colstart: 0; Colend: 5501; Cols: 5501;
Num-X: 1 ; Num-Y: 48 ; Resolution: 5500 ; Rank: 3 ; Rank-X: 0 ; Rank-Y: 3 ; Rowstart: 345; Rowend: 461; Rows: 116; Colstart: 0; Colend: 5501; Cols: 5501;
Num-X: 1 ; Num-Y: 48 ; Resolution: 5500 ; Rank: 10 ; Rank-X: 0 ; Rank-Y: 10 ; Rowstart: 1150; Rowend: 1266; Rows: 116; Colstart: 0; Colend: 5501; Cols: 5501;
Num-X: 1 ; Num-Y: 48 ; Resolution: 5500 ; Rank: 1 ; Rank-X: 0 ; Rank-Y: 1 ; Rowstart: 115; Rowend: 231; Rows: 116; Colstart: 0; Colend: 5501; Cols: 5501;
Num-X: 1 ; Num-Y: 48 ; Resolution: 5500 ; Rank: 4 ; Rank-X: 0 ; Rank-Y: 4 ; Rowstart: 460; Rowend: 576; Rows: 116; Colstart: 0; Colend: 5501; Cols: 5501;
Num-X: 1 ; Num-Y: 48 ; Resolution: 5500 ; Rank: 9 ; Rank-X: 0 ; Rank-Y: 9 ; Rowstart: 1035; Rowend: 1151; Rows: 116; Colstart: 0; Colend: 5501; Cols: 5501;
Num-X: 1 ; Num-Y: 48 ; Resolution: 5500 ; Rank: 11 ; Rank-X: 0 ; Rank-Y: 11 ; Rowstart: 1265; Rowend: 1381; Rows: 116; Colstart: 0; Colend: 5501; Cols: 5501;
Num-X: 1 ; Num-Y: 48 ; Resolution: 5500 ; Rank: 0 ; Rank-X: 0 ; Rank-Y: 0 ; Rowstart: 0; Rowend: 116; Rows: 116; Colstart: 0; Colend: 5501; Cols: 5501;
Num-X: 1 ; Num-Y: 48 ; Resolution: 5500 ; Rank: 7 ; Rank-X: 0 ; Rank-Y: 7 ; Rowstart: 805; Rowend: 921; Rows: 116; Colstart: 0; Colend: 5501; Cols: 5501;
Num-X: 1 ; Num-Y: 48 ; Resolution: 5500 ; Rank: 2 ; Rank-X: 0 ; Rank-Y: 2 ; Rowstart: 230; Rowend: 346; Rows: 116; Colstart: 0; Colend: 5501; Cols: 5501;
Num-X: 1 ; Num-Y: 48 ; Resolution: 5500 ; Rank: 25 ; Rank-X: 0 ; Rank-Y: 25 ; Rowstart: 2875; Rowend: 2991; Rows: 116; Colstart: 0; Colend: 5501; Cols: 5501;
Num-X: 1 ; Num-Y: 48 ; Resolution: 5500 ; Rank: 27 ; Rank-X: 0 ; Rank-Y: 27 ; Rowstart: 3105; Rowend: 3221; Rows: 116; Colstart: 0; Colend: 5501; Cols: 5501;
Num-X: 1 ; Num-Y: 48 ; Resolution: 5500 ; Rank: 29 ; Rank-X: 0 ; Rank-Y: 29 ; Rowstart: 3334; Rowend: 3449; Rows: 115; Colstart: 0; Colend: 5501; Cols: 5501;
Num-X: 1 ; Num-Y: 48 ; Resolution: 5500 ; Rank: 31 ; Rank-X: 0 ; Rank-Y: 31 ; Rowstart: 3562; Rowend: 3677; Rows: 115; Colstart: 0; Colend: 5501; Cols: 5501;
Num-X: 1 ; Num-Y: 48 ; Resolution: 5500 ; Rank: 14 ; Rank-X: 0 ; Rank-Y: 14 ; Rowstart: 1610; Rowend: 1726; Rows: 116; Colstart: 0; Colend: 5501; Cols: 5501;
Num-X: 1 ; Num-Y: 48 ; Resolution: 5500 ; Rank: 34 ; Rank-X: 0 ; Rank-Y: 34 ; Rowstart: 3904; Rowend: 4019; Rows: 115; Colstart: 0; Colend: 5501; Cols: 5501;
Num-X: 1 ; Num-Y: 48 ; Resolution: 5500 ; Rank: 24 ; Rank-X: 0 ; Rank-Y: 24 ; Rowstart: 2760; Rowend: 2876; Rows: 116; Colstart: 0; Colend: 5501; Cols: 5501;
Num-X: 1 ; Num-Y: 48 ; Resolution: 5500 ; Rank: 26 ; Rank-X: 0 ; Rank-Y: 26 ; Rowstart: 2990; Rowend: 3106; Rows: 116; Colstart: 0; Colend: 5501; Cols: 5501;
Num-X: 1 ; Num-Y: 48 ; Resolution: 5500 ; Rank: 13 ; Rank-X: 0 ; Rank-Y: 13 ; Rowstart: 1495; Rowend: 1611; Rows: 116; Colstart: 0; Colend: 5501; Cols: 5501;
Num-X: 1 ; Num-Y: 48 ; Resolution: 5500 ; Rank: 30 ; Rank-X: 0 ; Rank-Y: 30 ; Rowstart: 3448; Rowend: 3563; Rows: 115; Colstart: 0; Colend: 5501; Cols: 5501;
Num-X: 1 ; Num-Y: 48 ; Resolution: 5500 ; Rank: 17 ; Rank-X: 0 ; Rank-Y: 17 ; Rowstart: 1955; Rowend: 2071; Rows: 116; Colstart: 0; Colend: 5501; Cols: 5501;
Num-X: 1 ; Num-Y: 48 ; Resolution: 5500 ; Rank: 33 ; Rank-X: 0 ; Rank-Y: 33 ; Rowstart: 3790; Rowend: 3905; Rows: 115; Colstart: 0; Colend: 5501; Cols: 5501;
Num-X: 1 ; Num-Y: 48 ; Resolution: 5500 ; Rank: 20 ; Rank-X: 0 ; Rank-Y: 20 ; Rowstart: 2300; Rowend: 2416; Rows: 116; Colstart: 0; Colend: 5501; Cols: 5501;
Num-X: 1 ; Num-Y: 48 ; Resolution: 5500 ; Rank: 35 ; Rank-X: 0 ; Rank-Y: 35 ; Rowstart: 4018; Rowend: 4133; Rows: 115; Colstart: 0; Colend: 5501; Cols: 5501;
Num-X: 1 ; Num-Y: 48 ; Resolution: 5500 ; Rank: 22 ; Rank-X: 0 ; Rank-Y: 22 ; Rowstart: 2530; Rowend: 2646; Rows: 116; Colstart: 0; Colend: 5501; Cols: 5501;
Num-X: 1 ; Num-Y: 48 ; Resolution: 5500 ; Rank: 28 ; Rank-X: 0 ; Rank-Y: 28 ; Rowstart: 3220; Rowend: 3335; Rows: 115; Colstart: 0; Colend: 5501; Cols: 5501;
Num-X: 1 ; Num-Y: 48 ; Resolution: 5500 ; Rank: 16 ; Rank-X: 0 ; Rank-Y: 16 ; Rowstart: 1840; Rowend: 1956; Rows: 116; Colstart: 0; Colend: 5501; Cols: 5501;
Num-X: 1 ; Num-Y: 48 ; Resolution: 5500 ; Rank: 32 ; Rank-X: 0 ; Rank-Y: 32 ; Rowstart: 3676; Rowend: 3791; Rows: 115; Colstart: 0; Colend: 5501; Cols: 5501;
Num-X: 1 ; Num-Y: 48 ; Resolution: 5500 ; Rank: 19 ; Rank-X: 0 ; Rank-Y: 19 ; Rowstart: 2185; Rowend: 2301; Rows: 116; Colstart: 0; Colend: 5501; Cols: 5501;
Num-X: 1 ; Num-Y: 48 ; Resolution: 5500 ; Rank: 21 ; Rank-X: 0 ; Rank-Y: 21 ; Rowstart: 2415; Rowend: 2531; Rows: 116; Colstart: 0; Colend: 5501; Cols: 5501;
Num-X: 1 ; Num-Y: 48 ; Resolution: 5500 ; Rank: 15 ; Rank-X: 0 ; Rank-Y: 15 ; Rowstart: 1725; Rowend: 1841; Rows: 116; Colstart: 0; Colend: 5501; Cols: 5501;
Num-X: 1 ; Num-Y: 48 ; Resolution: 5500 ; Rank: 23 ; Rank-X: 0 ; Rank-Y: 23 ; Rowstart: 2645; Rowend: 2761; Rows: 116; Colstart: 0; Colend: 5501; Cols: 5501;
Num-X: 1 ; Num-Y: 48 ; Resolution: 5500 ; Rank: 18 ; Rank-X: 0 ; Rank-Y: 18 ; Rowstart: 2070; Rowend: 2186; Rows: 116; Colstart: 0; Colend: 5501; Cols: 5501;
Num-X: 1 ; Num-Y: 48 ; Resolution: 5500 ; Rank: 12 ; Rank-X: 0 ; Rank-Y: 12 ; Rowstart: 1380; Rowend: 1496; Rows: 116; Colstart: 0; Colend: 5501; Cols: 5501;

Resolution: 5500
===================
Execution time: 0.011423
Residual: 2.580124

megaflops:  370747.4
  flop instructions (M):  4235.000

Num-X: 1 ; Num-Y: 48 ; Resolution: 6500 ; Rank: 32 ; Rank-X: 0 ; Rank-Y: 32 ; Rowstart: 4340; Rowend: 4476; Rows: 136; Colstart: 0; Colend: 6501; Cols: 6501;
Num-X: 1 ; Num-Y: 48 ; Resolution: 6500 ; Rank: 39 ; Rank-X: 0 ; Rank-Y: 39 ; Rowstart: 5285; Rowend: 5421; Rows: 136; Colstart: 0; Colend: 6501; Cols: 6501;
Num-X: 1 ; Num-Y: 48 ; Resolution: 6500 ; Rank: 35 ; Rank-X: 0 ; Rank-Y: 35 ; Rowstart: 4745; Rowend: 4881; Rows: 136; Colstart: 0; Colend: 6501; Cols: 6501;
Num-X: 1 ; Num-Y: 48 ; Resolution: 6500 ; Rank: 43 ; Rank-X: 0 ; Rank-Y: 43 ; Rowstart: 5825; Rowend: 5961; Rows: 136; Colstart: 0; Colend: 6501; Cols: 6501;
Num-X: 1 ; Num-Y: 48 ; Resolution: 6500 ; Rank: 40 ; Rank-X: 0 ; Rank-Y: 40 ; Rowstart: 5420; Rowend: 5556; Rows: 136; Colstart: 0; Colend: 6501; Cols: 6501;
Num-X: 1 ; Num-Y: 48 ; Resolution: 6500 ; Rank: 41 ; Rank-X: 0 ; Rank-Y: 41 ; Rowstart: 5555; Rowend: 5691; Rows: 136; Colstart: 0; Colend: 6501; Cols: 6501;
Num-X: 1 ; Num-Y: 48 ; Resolution: 6500 ; Rank: 45 ; Rank-X: 0 ; Rank-Y: 45 ; Rowstart: 6095; Rowend: 6231; Rows: 136; Colstart: 0; Colend: 6501; Cols: 6501;
Num-X: 1 ; Num-Y: 48 ; Resolution: 6500 ; Rank: 36 ; Rank-X: 0 ; Rank-Y: 36 ; Rowstart: 4880; Rowend: 5016; Rows: 136; Colstart: 0; Colend: 6501; Cols: 6501;
Num-X: 1 ; Num-Y: 48 ; Resolution: 6500 ; Rank: 37 ; Rank-X: 0 ; Rank-Y: 37 ; Rowstart: 5015; Rowend: 5151; Rows: 136; Colstart: 0; Colend: 6501; Cols: 6501;
Num-X: 1 ; Num-Y: 48 ; Resolution: 6500 ; Rank: 44 ; Rank-X: 0 ; Rank-Y: 44 ; Rowstart: 5960; Rowend: 6096; Rows: 136; Colstart: 0; Colend: 6501; Cols: 6501;
Num-X: 1 ; Num-Y: 48 ; Resolution: 6500 ; Rank: 7 ; Rank-X: 0 ; Rank-Y: 7 ; Rowstart: 952; Rowend: 1089; Rows: 137; Colstart: 0; Colend: 6501; Cols: 6501;
Num-X: 1 ; Num-Y: 48 ; Resolution: 6500 ; Rank: 46 ; Rank-X: 0 ; Rank-Y: 46 ; Rowstart: 6230; Rowend: 6366; Rows: 136; Colstart: 0; Colend: 6501; Cols: 6501;
Num-X: 1 ; Num-Y: 48 ; Resolution: 6500 ; Rank: 11 ; Rank-X: 0 ; Rank-Y: 11 ; Rowstart: 1496; Rowend: 1633; Rows: 137; Colstart: 0; Colend: 6501; Cols: 6501;
Num-X: 1 ; Num-Y: 48 ; Resolution: 6500 ; Rank: 34 ; Rank-X: 0 ; Rank-Y: 34 ; Rowstart: 4610; Rowend: 4746; Rows: 136; Colstart: 0; Colend: 6501; Cols: 6501;
Num-X: 1 ; Num-Y: 48 ; Resolution: 6500 ; Rank: 42 ; Rank-X: 0 ; Rank-Y: 42 ; Rowstart: 5690; Rowend: 5826; Rows: 136; Colstart: 0; Colend: 6501; Cols: 6501;
Num-X: 1 ; Num-Y: 48 ; Resolution: 6500 ; Rank: 2 ; Rank-X: 0 ; Rank-Y: 2 ; Rowstart: 272; Rowend: 409; Rows: 137; Colstart: 0; Colend: 6501; Cols: 6501;
Num-X: 1 ; Num-Y: 48 ; Resolution: 6500 ; Rank: 31 ; Rank-X: 0 ; Rank-Y: 31 ; Rowstart: 4205; Rowend: 4341; Rows: 136; Colstart: 0; Colend: 6501; Cols: 6501;
Num-X: 1 ; Num-Y: 48 ; Resolution: 6500 ; Rank: 5 ; Rank-X: 0 ; Rank-Y: 5 ; Rowstart: 680; Rowend: 817; Rows: 137; Colstart: 0; Colend: 6501; Cols: 6501;
Num-X: 1 ; Num-Y: 48 ; Resolution: 6500 ; Rank: 25 ; Rank-X: 0 ; Rank-Y: 25 ; Rowstart: 3395; Rowend: 3531; Rows: 136; Colstart: 0; Colend: 6501; Cols: 6501;
Num-X: 1 ; Num-Y: 48 ; Resolution: 6500 ; Rank: 28 ; Rank-X: 0 ; Rank-Y: 28 ; Rowstart: 3800; Rowend: 3936; Rows: 136; Colstart: 0; Colend: 6501; Cols: 6501;
Num-X: 1 ; Num-Y: 48 ; Resolution: 6500 ; Rank: 30 ; Rank-X: 0 ; Rank-Y: 30 ; Rowstart: 4070; Rowend: 4206; Rows: 136; Colstart: 0; Colend: 6501; Cols: 6501;
Num-X: 1 ; Num-Y: 48 ; Resolution: 6500 ; Rank: 24 ; Rank-X: 0 ; Rank-Y: 24 ; Rowstart: 3260; Rowend: 3396; Rows: 136; Colstart: 0; Colend: 6501; Cols: 6501;
Num-X: 1 ; Num-Y: 48 ; Resolution: 6500 ; Rank: 26 ; Rank-X: 0 ; Rank-Y: 26 ; Rowstart: 3530; Rowend: 3666; Rows: 136; Colstart: 0; Colend: 6501; Cols: 6501;
Num-X: 1 ; Num-Y: 48 ; Resolution: 6500 ; Rank: 27 ; Rank-X: 0 ; Rank-Y: 27 ; Rowstart: 3665; Rowend: 3801; Rows: 136; Colstart: 0; Colend: 6501; Cols: 6501;
Num-X: 1 ; Num-Y: 48 ; Resolution: 6500 ; Rank: 1 ; Rank-X: 0 ; Rank-Y: 1 ; Rowstart: 136; Rowend: 273; Rows: 137; Colstart: 0; Colend: 6501; Cols: 6501;
Num-X: 1 ; Num-Y: 48 ; Resolution: 6500 ; Rank: 29 ; Rank-X: 0 ; Rank-Y: 29 ; Rowstart: 3935; Rowend: 4071; Rows: 136; Colstart: 0; Colend: 6501; Cols: 6501;
Num-X: 1 ; Num-Y: 48 ; Resolution: 6500 ; Rank: 8 ; Rank-X: 0 ; Rank-Y: 8 ; Rowstart: 1088; Rowend: 1225; Rows: 137; Colstart: 0; Colend: 6501; Cols: 6501;
Num-X: 1 ; Num-Y: 48 ; Resolution: 6500 ; Rank: 3 ; Rank-X: 0 ; Rank-Y: 3 ; Rowstart: 408; Rowend: 545; Rows: 137; Colstart: 0; Colend: 6501; Cols: 6501;
Num-X: 1 ; Num-Y: 48 ; Resolution: 6500 ; Rank: 47 ; Rank-X: 0 ; Rank-Y: 47 ; Rowstart: 6365; Rowend: 6501; Rows: 136; Colstart: 0; Colend: 6501; Cols: 6501;
Num-X: 1 ; Num-Y: 48 ; Resolution: 6500 ; Rank: 6 ; Rank-X: 0 ; Rank-Y: 6 ; Rowstart: 816; Rowend: 953; Rows: 137; Colstart: 0; Colend: 6501; Cols: 6501;
Num-X: 1 ; Num-Y: 48 ; Resolution: 6500 ; Rank: 9 ; Rank-X: 0 ; Rank-Y: 9 ; Rowstart: 1224; Rowend: 1361; Rows: 137; Colstart: 0; Colend: 6501; Cols: 6501;
Num-X: 1 ; Num-Y: 48 ; Resolution: 6500 ; Rank: 10 ; Rank-X: 0 ; Rank-Y: 10 ; Rowstart: 1360; Rowend: 1497; Rows: 137; Colstart: 0; Colend: 6501; Cols: 6501;
Num-X: 1 ; Num-Y: 48 ; Resolution: 6500 ; Rank: 33 ; Rank-X: 0 ; Rank-Y: 33 ; Rowstart: 4475; Rowend: 4611; Rows: 136; Colstart: 0; Colend: 6501; Cols: 6501;
Num-X: 1 ; Num-Y: 48 ; Resolution: 6500 ; Rank: 0 ; Rank-X: 0 ; Rank-Y: 0 ; Rowstart: 0; Rowend: 137; Rows: 137; Colstart: 0; Colend: 6501; Cols: 6501;
Num-X: 1 ; Num-Y: 48 ; Resolution: 6500 ; Rank: 18 ; Rank-X: 0 ; Rank-Y: 18 ; Rowstart: 2448; Rowend: 2585; Rows: 137; Colstart: 0; Colend: 6501; Cols: 6501;
Num-X: 1 ; Num-Y: 48 ; Resolution: 6500 ; Rank: 38 ; Rank-X: 0 ; Rank-Y: 38 ; Rowstart: 5150; Rowend: 5286; Rows: 136; Colstart: 0; Colend: 6501; Cols: 6501;
Num-X: 1 ; Num-Y: 48 ; Resolution: 6500 ; Rank: 4 ; Rank-X: 0 ; Rank-Y: 4 ; Rowstart: 544; Rowend: 681; Rows: 137; Colstart: 0; Colend: 6501; Cols: 6501;
Num-X: 1 ; Num-Y: 48 ; Resolution: 6500 ; Rank: 13 ; Rank-X: 0 ; Rank-Y: 13 ; Rowstart: 1768; Rowend: 1905; Rows: 137; Colstart: 0; Colend: 6501; Cols: 6501;
Num-X: 1 ; Num-Y: 48 ; Resolution: 6500 ; Rank: 23 ; Rank-X: 0 ; Rank-Y: 23 ; Rowstart: 3125; Rowend: 3261; Rows: 136; Colstart: 0; Colend: 6501; Cols: 6501;
Num-X: 1 ; Num-Y: 48 ; Resolution: 6500 ; Rank: 19 ; Rank-X: 0 ; Rank-Y: 19 ; Rowstart: 2584; Rowend: 2721; Rows: 137; Colstart: 0; Colend: 6501; Cols: 6501;
Num-X: 1 ; Num-Y: 48 ; Resolution: 6500 ; Rank: 15 ; Rank-X: 0 ; Rank-Y: 15 ; Rowstart: 2040; Rowend: 2177; Rows: 137; Colstart: 0; Colend: 6501; Cols: 6501;
Num-X: 1 ; Num-Y: 48 ; Resolution: 6500 ; Rank: 16 ; Rank-X: 0 ; Rank-Y: 16 ; Rowstart: 2176; Rowend: 2313; Rows: 137; Colstart: 0; Colend: 6501; Cols: 6501;
Num-X: 1 ; Num-Y: 48 ; Resolution: 6500 ; Rank: 21 ; Rank-X: 0 ; Rank-Y: 21 ; Rowstart: 2855; Rowend: 2991; Rows: 136; Colstart: 0; Colend: 6501; Cols: 6501;
Num-X: 1 ; Num-Y: 48 ; Resolution: 6500 ; Rank: 22 ; Rank-X: 0 ; Rank-Y: 22 ; Rowstart: 2990; Rowend: 3126; Rows: 136; Colstart: 0; Colend: 6501; Cols: 6501;
Num-X: 1 ; Num-Y: 48 ; Resolution: 6500 ; Rank: 12 ; Rank-X: 0 ; Rank-Y: 12 ; Rowstart: 1632; Rowend: 1769; Rows: 137; Colstart: 0; Colend: 6501; Cols: 6501;
Num-X: 1 ; Num-Y: 48 ; Resolution: 6500 ; Rank: 14 ; Rank-X: 0 ; Rank-Y: 14 ; Rowstart: 1904; Rowend: 2041; Rows: 137; Colstart: 0; Colend: 6501; Cols: 6501;
Num-X: 1 ; Num-Y: 48 ; Resolution: 6500 ; Rank: 17 ; Rank-X: 0 ; Rank-Y: 17 ; Rowstart: 2312; Rowend: 2449; Rows: 137; Colstart: 0; Colend: 6501; Cols: 6501;
Num-X: 1 ; Num-Y: 48 ; Resolution: 6500 ; Rank: 20 ; Rank-X: 0 ; Rank-Y: 20 ; Rowstart: 2720; Rowend: 2856; Rows: 136; Colstart: 0; Colend: 6501; Cols: 6501;

Resolution: 6500
===================
Execution time: 0.018940
Residual: 3.049154

megaflops:  312298.5
  flop instructions (M):  5915.000

Num-X: 1 ; Num-Y: 48 ; Resolution: 7500 ; Rank: 40 ; Rank-X: 0 ; Rank-Y: 40 ; Rowstart: 6252; Rowend: 6409; Rows: 157; Colstart: 0; Colend: 7501; Cols: 7501;
Num-X: 1 ; Num-Y: 48 ; Resolution: 7500 ; Rank: 1 ; Rank-X: 0 ; Rank-Y: 1 ; Rowstart: 157; Rowend: 315; Rows: 158; Colstart: 0; Colend: 7501; Cols: 7501;
Num-X: 1 ; Num-Y: 48 ; Resolution: 7500 ; Rank: 44 ; Rank-X: 0 ; Rank-Y: 44 ; Rowstart: 6876; Rowend: 7033; Rows: 157; Colstart: 0; Colend: 7501; Cols: 7501;
Num-X: 1 ; Num-Y: 48 ; Resolution: 7500 ; Rank: 4 ; Rank-X: 0 ; Rank-Y: 4 ; Rowstart: 628; Rowend: 786; Rows: 158; Colstart: 0; Colend: 7501; Cols: 7501;
Num-X: 1 ; Num-Y: 48 ; Resolution: 7500 ; Rank: 47 ; Rank-X: 0 ; Rank-Y: 47 ; Rowstart: 7344; Rowend: 7501; Rows: 157; Colstart: 0; Colend: 7501; Cols: 7501;
Num-X: 1 ; Num-Y: 48 ; Resolution: 7500 ; Rank: 36 ; Rank-X: 0 ; Rank-Y: 36 ; Rowstart: 5628; Rowend: 5785; Rows: 157; Colstart: 0; Colend: 7501; Cols: 7501;
Num-X: 1 ; Num-Y: 48 ; Resolution: 7500 ; Rank: 38 ; Rank-X: 0 ; Rank-Y: 38 ; Rowstart: 5940; Rowend: 6097; Rows: 157; Colstart: 0; Colend: 7501; Cols: 7501;
Num-X: 1 ; Num-Y: 48 ; Resolution: 7500 ; Rank: 41 ; Rank-X: 0 ; Rank-Y: 41 ; Rowstart: 6408; Rowend: 6565; Rows: 157; Colstart: 0; Colend: 7501; Cols: 7501;
Num-X: 1 ; Num-Y: 48 ; Resolution: 7500 ; Rank: 45 ; Rank-X: 0 ; Rank-Y: 45 ; Rowstart: 7032; Rowend: 7189; Rows: 157; Colstart: 0; Colend: 7501; Cols: 7501;
Num-X: 1 ; Num-Y: 48 ; Resolution: 7500 ; Rank: 46 ; Rank-X: 0 ; Rank-Y: 46 ; Rowstart: 7188; Rowend: 7345; Rows: 157; Colstart: 0; Colend: 7501; Cols: 7501;
Num-X: 1 ; Num-Y: 48 ; Resolution: 7500 ; Rank: 43 ; Rank-X: 0 ; Rank-Y: 43 ; Rowstart: 6720; Rowend: 6877; Rows: 157; Colstart: 0; Colend: 7501; Cols: 7501;
Num-X: 1 ; Num-Y: 48 ; Resolution: 7500 ; Rank: 39 ; Rank-X: 0 ; Rank-Y: 39 ; Rowstart: 6096; Rowend: 6253; Rows: 157; Colstart: 0; Colend: 7501; Cols: 7501;
Num-X: 1 ; Num-Y: 48 ; Resolution: 7500 ; Rank: 37 ; Rank-X: 0 ; Rank-Y: 37 ; Rowstart: 5784; Rowend: 5941; Rows: 157; Colstart: 0; Colend: 7501; Cols: 7501;
Num-X: 1 ; Num-Y: 48 ; Resolution: 7500 ; Rank: 3 ; Rank-X: 0 ; Rank-Y: 3 ; Rowstart: 471; Rowend: 629; Rows: 158; Colstart: 0; Colend: 7501; Cols: 7501;
Num-X: 1 ; Num-Y: 48 ; Resolution: 7500 ; Rank: 8 ; Rank-X: 0 ; Rank-Y: 8 ; Rowstart: 1256; Rowend: 1414; Rows: 158; Colstart: 0; Colend: 7501; Cols: 7501;
Num-X: 1 ; Num-Y: 48 ; Resolution: 7500 ; Rank: 9 ; Rank-X: 0 ; Rank-Y: 9 ; Rowstart: 1413; Rowend: 1571; Rows: 158; Colstart: 0; Colend: 7501; Cols: 7501;
Num-X: 1 ; Num-Y: 48 ; Resolution: 7500 ; Rank: 11 ; Rank-X: 0 ; Rank-Y: 11 ; Rowstart: 1727; Rowend: 1885; Rows: 158; Colstart: 0; Colend: 7501; Cols: 7501;
Num-X: 1 ; Num-Y: 48 ; Resolution: 7500 ; Rank: 6 ; Rank-X: 0 ; Rank-Y: 6 ; Rowstart: 942; Rowend: 1100; Rows: 158; Colstart: 0; Colend: 7501; Cols: 7501;
Num-X: 1 ; Num-Y: 48 ; Resolution: 7500 ; Rank: 42 ; Rank-X: 0 ; Rank-Y: 42 ; Rowstart: 6564; Rowend: 6721; Rows: 157; Colstart: 0; Colend: 7501; Cols: 7501;
Num-X: 1 ; Num-Y: 48 ; Resolution: 7500 ; Rank: 10 ; Rank-X: 0 ; Rank-Y: 10 ; Rowstart: 1570; Rowend: 1728; Rows: 158; Colstart: 0; Colend: 7501; Cols: 7501;
Num-X: 1 ; Num-Y: 48 ; Resolution: 7500 ; Rank: 29 ; Rank-X: 0 ; Rank-Y: 29 ; Rowstart: 4536; Rowend: 4693; Rows: 157; Colstart: 0; Colend: 7501; Cols: 7501;
Num-X: 1 ; Num-Y: 48 ; Resolution: 7500 ; Rank: 5 ; Rank-X: 0 ; Rank-Y: 5 ; Rowstart: 785; Rowend: 943; Rows: 158; Colstart: 0; Colend: 7501; Cols: 7501;
Num-X: 1 ; Num-Y: 48 ; Resolution: 7500 ; Rank: 33 ; Rank-X: 0 ; Rank-Y: 33 ; Rowstart: 5160; Rowend: 5317; Rows: 157; Colstart: 0; Colend: 7501; Cols: 7501;
Num-X: 1 ; Num-Y: 48 ; Resolution: 7500 ; Rank: 13 ; Rank-X: 0 ; Rank-Y: 13 ; Rowstart: 2040; Rowend: 2197; Rows: 157; Colstart: 0; Colend: 7501; Cols: 7501;
Num-X: 1 ; Num-Y: 48 ; Resolution: 7500 ; Rank: 7 ; Rank-X: 0 ; Rank-Y: 7 ; Rowstart: 1099; Rowend: 1257; Rows: 158; Colstart: 0; Colend: 7501; Cols: 7501;
Num-X: 1 ; Num-Y: 48 ; Resolution: 7500 ; Rank: 34 ; Rank-X: 0 ; Rank-Y: 34 ; Rowstart: 5316; Rowend: 5473; Rows: 157; Colstart: 0; Colend: 7501; Cols: 7501;
Num-X: 1 ; Num-Y: 48 ; Resolution: 7500 ; Rank: 22 ; Rank-X: 0 ; Rank-Y: 22 ; Rowstart: 3444; Rowend: 3601; Rows: 157; Colstart: 0; Colend: 7501; Cols: 7501;
Num-X: 1 ; Num-Y: 48 ; Resolution: 7500 ; Rank: 2 ; Rank-X: 0 ; Rank-Y: 2 ; Rowstart: 314; Rowend: 472; Rows: 158; Colstart: 0; Colend: 7501; Cols: 7501;
Num-X: 1 ; Num-Y: 48 ; Resolution: 7500 ; Rank: 25 ; Rank-X: 0 ; Rank-Y: 25 ; Rowstart: 3912; Rowend: 4069; Rows: 157; Colstart: 0; Colend: 7501; Cols: 7501;
Num-X: 1 ; Num-Y: 48 ; Resolution: 7500 ; Rank: 23 ; Rank-X: 0 ; Rank-Y: 23 ; Rowstart: 3600; Rowend: 3757; Rows: 157; Colstart: 0; Colend: 7501; Cols: 7501;
Num-X: 1 ; Num-Y: 48 ; Resolution: 7500 ; Rank: 0 ; Rank-X: 0 ; Rank-Y: 0 ; Rowstart: 0; Rowend: 158; Rows: 158; Colstart: 0; Colend: 7501; Cols: 7501;
Num-X: 1 ; Num-Y: 48 ; Resolution: 7500 ; Rank: 28 ; Rank-X: 0 ; Rank-Y: 28 ; Rowstart: 4380; Rowend: 4537; Rows: 157; Colstart: 0; Colend: 7501; Cols: 7501;
Num-X: 1 ; Num-Y: 48 ; Resolution: 7500 ; Rank: 12 ; Rank-X: 0 ; Rank-Y: 12 ; Rowstart: 1884; Rowend: 2041; Rows: 157; Colstart: 0; Colend: 7501; Cols: 7501;
Num-X: 1 ; Num-Y: 48 ; Resolution: 7500 ; Rank: 30 ; Rank-X: 0 ; Rank-Y: 30 ; Rowstart: 4692; Rowend: 4849; Rows: 157; Colstart: 0; Colend: 7501; Cols: 7501;
Num-X: 1 ; Num-Y: 48 ; Resolution: 7500 ; Rank: 14 ; Rank-X: 0 ; Rank-Y: 14 ; Rowstart: 2196; Rowend: 2353; Rows: 157; Colstart: 0; Colend: 7501; Cols: 7501;
Num-X: 1 ; Num-Y: 48 ; Resolution: 7500 ; Rank: 31 ; Rank-X: 0 ; Rank-Y: 31 ; Rowstart: 4848; Rowend: 5005; Rows: 157; Colstart: 0; Colend: 7501; Cols: 7501;
Num-X: 1 ; Num-Y: 48 ; Resolution: 7500 ; Rank: 15 ; Rank-X: 0 ; Rank-Y: 15 ; Rowstart: 2352; Rowend: 2509; Rows: 157; Colstart: 0; Colend: 7501; Cols: 7501;
Num-X: 1 ; Num-Y: 48 ; Resolution: 7500 ; Rank: 35 ; Rank-X: 0 ; Rank-Y: 35 ; Rowstart: 5472; Rowend: 5629; Rows: 157; Colstart: 0; Colend: 7501; Cols: 7501;
Num-X: 1 ; Num-Y: 48 ; Resolution: 7500 ; Rank: 18 ; Rank-X: 0 ; Rank-Y: 18 ; Rowstart: 2820; Rowend: 2977; Rows: 157; Colstart: 0; Colend: 7501; Cols: 7501;
Num-X: 1 ; Num-Y: 48 ; Resolution: 7500 ; Rank: 32 ; Rank-X: 0 ; Rank-Y: 32 ; Rowstart: 5004; Rowend: 5161; Rows: 157; Colstart: 0; Colend: 7501; Cols: 7501;
Num-X: 1 ; Num-Y: 48 ; Resolution: 7500 ; Rank: 19 ; Rank-X: 0 ; Rank-Y: 19 ; Rowstart: 2976; Rowend: 3133; Rows: 157; Colstart: 0; Colend: 7501; Cols: 7501;
Num-X: 1 ; Num-Y: 48 ; Resolution: 7500 ; Rank: 24 ; Rank-X: 0 ; Rank-Y: 24 ; Rowstart: 3756; Rowend: 3913; Rows: 157; Colstart: 0; Colend: 7501; Cols: 7501;
Num-X: 1 ; Num-Y: 48 ; Resolution: 7500 ; Rank: 26 ; Rank-X: 0 ; Rank-Y: 26 ; Rowstart: 4068; Rowend: 4225; Rows: 157; Colstart: 0; Colend: 7501; Cols: 7501;
Num-X: 1 ; Num-Y: 48 ; Resolution: 7500 ; Rank: 21 ; Rank-X: 0 ; Rank-Y: 21 ; Rowstart: 3288; Rowend: 3445; Rows: 157; Colstart: 0; Colend: 7501; Cols: 7501;
Num-X: 1 ; Num-Y: 48 ; Resolution: 7500 ; Rank: 27 ; Rank-X: 0 ; Rank-Y: 27 ; Rowstart: 4224; Rowend: 4381; Rows: 157; Colstart: 0; Colend: 7501; Cols: 7501;
Num-X: 1 ; Num-Y: 48 ; Resolution: 7500 ; Rank: 16 ; Rank-X: 0 ; Rank-Y: 16 ; Rowstart: 2508; Rowend: 2665; Rows: 157; Colstart: 0; Colend: 7501; Cols: 7501;
Num-X: 1 ; Num-Y: 48 ; Resolution: 7500 ; Rank: 17 ; Rank-X: 0 ; Rank-Y: 17 ; Rowstart: 2664; Rowend: 2821; Rows: 157; Colstart: 0; Colend: 7501; Cols: 7501;
Num-X: 1 ; Num-Y: 48 ; Resolution: 7500 ; Rank: 20 ; Rank-X: 0 ; Rank-Y: 20 ; Rowstart: 3132; Rowend: 3289; Rows: 157; Colstart: 0; Colend: 7501; Cols: 7501;

Resolution: 7500
===================
Execution time: 0.026746
Residual: 3.518183

megaflops:  294436.2
  flop instructions (M):  7875.000

Num-X: 1 ; Num-Y: 48 ; Resolution: 8500 ; Rank: 36 ; Rank-X: 0 ; Rank-Y: 36 ; Rowstart: 6376; Rowend: 6554; Rows: 178; Colstart: 0; Colend: 8501; Cols: 8501;
Num-X: 1 ; Num-Y: 48 ; Resolution: 8500 ; Rank: 26 ; Rank-X: 0 ; Rank-Y: 26 ; Rowstart: 4606; Rowend: 4784; Rows: 178; Colstart: 0; Colend: 8501; Cols: 8501;
Num-X: 1 ; Num-Y: 48 ; Resolution: 8500 ; Rank: 38 ; Rank-X: 0 ; Rank-Y: 38 ; Rowstart: 6730; Rowend: 6908; Rows: 178; Colstart: 0; Colend: 8501; Cols: 8501;
Num-X: 1 ; Num-Y: 48 ; Resolution: 8500 ; Rank: 28 ; Rank-X: 0 ; Rank-Y: 28 ; Rowstart: 4960; Rowend: 5138; Rows: 178; Colstart: 0; Colend: 8501; Cols: 8501;
Num-X: 1 ; Num-Y: 48 ; Resolution: 8500 ; Rank: 39 ; Rank-X: 0 ; Rank-Y: 39 ; Rowstart: 6907; Rowend: 7085; Rows: 178; Colstart: 0; Colend: 8501; Cols: 8501;
Num-X: 1 ; Num-Y: 48 ; Resolution: 8500 ; Rank: 31 ; Rank-X: 0 ; Rank-Y: 31 ; Rowstart: 5491; Rowend: 5669; Rows: 178; Colstart: 0; Colend: 8501; Cols: 8501;
Num-X: 1 ; Num-Y: 48 ; Resolution: 8500 ; Rank: 46 ; Rank-X: 0 ; Rank-Y: 46 ; Rowstart: 8146; Rowend: 8324; Rows: 178; Colstart: 0; Colend: 8501; Cols: 8501;
Num-X: 1 ; Num-Y: 48 ; Resolution: 8500 ; Rank: 33 ; Rank-X: 0 ; Rank-Y: 33 ; Rowstart: 5845; Rowend: 6023; Rows: 178; Colstart: 0; Colend: 8501; Cols: 8501;
Num-X: 1 ; Num-Y: 48 ; Resolution: 8500 ; Rank: 41 ; Rank-X: 0 ; Rank-Y: 41 ; Rowstart: 7261; Rowend: 7439; Rows: 178; Colstart: 0; Colend: 8501; Cols: 8501;
Num-X: 1 ; Num-Y: 48 ; Resolution: 8500 ; Rank: 24 ; Rank-X: 0 ; Rank-Y: 24 ; Rowstart: 4252; Rowend: 4430; Rows: 178; Colstart: 0; Colend: 8501; Cols: 8501;
Num-X: 1 ; Num-Y: 48 ; Resolution: 8500 ; Rank: 42 ; Rank-X: 0 ; Rank-Y: 42 ; Rowstart: 7438; Rowend: 7616; Rows: 178; Colstart: 0; Colend: 8501; Cols: 8501;
Num-X: 1 ; Num-Y: 48 ; Resolution: 8500 ; Rank: 25 ; Rank-X: 0 ; Rank-Y: 25 ; Rowstart: 4429; Rowend: 4607; Rows: 178; Colstart: 0; Colend: 8501; Cols: 8501;
Num-X: 1 ; Num-Y: 48 ; Resolution: 8500 ; Rank: 43 ; Rank-X: 0 ; Rank-Y: 43 ; Rowstart: 7615; Rowend: 7793; Rows: 178; Colstart: 0; Colend: 8501; Cols: 8501;
Num-X: 1 ; Num-Y: 48 ; Resolution: 8500 ; Rank: 27 ; Rank-X: 0 ; Rank-Y: 27 ; Rowstart: 4783; Rowend: 4961; Rows: 178; Colstart: 0; Colend: 8501; Cols: 8501;
Num-X: 1 ; Num-Y: 48 ; Resolution: 8500 ; Rank: 47 ; Rank-X: 0 ; Rank-Y: 47 ; Rowstart: 8323; Rowend: 8501; Rows: 178; Colstart: 0; Colend: 8501; Cols: 8501;
Num-X: 1 ; Num-Y: 48 ; Resolution: 8500 ; Rank: 32 ; Rank-X: 0 ; Rank-Y: 32 ; Rowstart: 5668; Rowend: 5846; Rows: 178; Colstart: 0; Colend: 8501; Cols: 8501;
Num-X: 1 ; Num-Y: 48 ; Resolution: 8500 ; Rank: 44 ; Rank-X: 0 ; Rank-Y: 44 ; Rowstart: 7792; Rowend: 7970; Rows: 178; Colstart: 0; Colend: 8501; Cols: 8501;
Num-X: 1 ; Num-Y: 48 ; Resolution: 8500 ; Rank: 34 ; Rank-X: 0 ; Rank-Y: 34 ; Rowstart: 6022; Rowend: 6200; Rows: 178; Colstart: 0; Colend: 8501; Cols: 8501;
Num-X: 1 ; Num-Y: 48 ; Resolution: 8500 ; Rank: 45 ; Rank-X: 0 ; Rank-Y: 45 ; Rowstart: 7969; Rowend: 8147; Rows: 178; Colstart: 0; Colend: 8501; Cols: 8501;
Num-X: 1 ; Num-Y: 48 ; Resolution: 8500 ; Rank: 35 ; Rank-X: 0 ; Rank-Y: 35 ; Rowstart: 6199; Rowend: 6377; Rows: 178; Colstart: 0; Colend: 8501; Cols: 8501;
Num-X: 1 ; Num-Y: 48 ; Resolution: 8500 ; Rank: 37 ; Rank-X: 0 ; Rank-Y: 37 ; Rowstart: 6553; Rowend: 6731; Rows: 178; Colstart: 0; Colend: 8501; Cols: 8501;
Num-X: 1 ; Num-Y: 48 ; Resolution: 8500 ; Rank: 4 ; Rank-X: 0 ; Rank-Y: 4 ; Rowstart: 712; Rowend: 890; Rows: 178; Colstart: 0; Colend: 8501; Cols: 8501;
Num-X: 1 ; Num-Y: 48 ; Resolution: 8500 ; Rank: 40 ; Rank-X: 0 ; Rank-Y: 40 ; Rowstart: 7084; Rowend: 7262; Rows: 178; Colstart: 0; Colend: 8501; Cols: 8501;
Num-X: 1 ; Num-Y: 48 ; Resolution: 8500 ; Rank: 7 ; Rank-X: 0 ; Rank-Y: 7 ; Rowstart: 1243; Rowend: 1421; Rows: 178; Colstart: 0; Colend: 8501; Cols: 8501;
Num-X: 1 ; Num-Y: 48 ; Resolution: 8500 ; Rank: 29 ; Rank-X: 0 ; Rank-Y: 29 ; Rowstart: 5137; Rowend: 5315; Rows: 178; Colstart: 0; Colend: 8501; Cols: 8501;
Num-X: 1 ; Num-Y: 48 ; Resolution: 8500 ; Rank: 10 ; Rank-X: 0 ; Rank-Y: 10 ; Rowstart: 1774; Rowend: 1952; Rows: 178; Colstart: 0; Colend: 8501; Cols: 8501;
Num-X: 1 ; Num-Y: 48 ; Resolution: 8500 ; Rank: 5 ; Rank-X: 0 ; Rank-Y: 5 ; Rowstart: 889; Rowend: 1067; Rows: 178; Colstart: 0; Colend: 8501; Cols: 8501;
Num-X: 1 ; Num-Y: 48 ; Resolution: 8500 ; Rank: 6 ; Rank-X: 0 ; Rank-Y: 6 ; Rowstart: 1066; Rowend: 1244; Rows: 178; Colstart: 0; Colend: 8501; Cols: 8501;
Num-X: 1 ; Num-Y: 48 ; Resolution: 8500 ; Rank: 8 ; Rank-X: 0 ; Rank-Y: 8 ; Rowstart: 1420; Rowend: 1598; Rows: 178; Colstart: 0; Colend: 8501; Cols: 8501;
Num-X: 1 ; Num-Y: 48 ; Resolution: 8500 ; Rank: 3 ; Rank-X: 0 ; Rank-Y: 3 ; Rowstart: 534; Rowend: 713; Rows: 179; Colstart: 0; Colend: 8501; Cols: 8501;
Num-X: 1 ; Num-Y: 48 ; Resolution: 8500 ; Rank: 30 ; Rank-X: 0 ; Rank-Y: 30 ; Rowstart: 5314; Rowend: 5492; Rows: 178; Colstart: 0; Colend: 8501; Cols: 8501;
Num-X: 1 ; Num-Y: 48 ; Resolution: 8500 ; Rank: 9 ; Rank-X: 0 ; Rank-Y: 9 ; Rowstart: 1597; Rowend: 1775; Rows: 178; Colstart: 0; Colend: 8501; Cols: 8501;
Num-X: 1 ; Num-Y: 48 ; Resolution: 8500 ; Rank: 0 ; Rank-X: 0 ; Rank-Y: 0 ; Rowstart: 0; Rowend: 179; Rows: 179; Colstart: 0; Colend: 8501; Cols: 8501;
Num-X: 1 ; Num-Y: 48 ; Resolution: 8500 ; Rank: 1 ; Rank-X: 0 ; Rank-Y: 1 ; Rowstart: 178; Rowend: 357; Rows: 179; Colstart: 0; Colend: 8501; Cols: 8501;
Num-X: 1 ; Num-Y: 48 ; Resolution: 8500 ; Rank: 17 ; Rank-X: 0 ; Rank-Y: 17 ; Rowstart: 3013; Rowend: 3191; Rows: 178; Colstart: 0; Colend: 8501; Cols: 8501;
Num-X: 1 ; Num-Y: 48 ; Resolution: 8500 ; Rank: 2 ; Rank-X: 0 ; Rank-Y: 2 ; Rowstart: 356; Rowend: 535; Rows: 179; Colstart: 0; Colend: 8501; Cols: 8501;
Num-X: 1 ; Num-Y: 48 ; Resolution: 8500 ; Rank: 22 ; Rank-X: 0 ; Rank-Y: 22 ; Rowstart: 3898; Rowend: 4076; Rows: 178; Colstart: 0; Colend: 8501; Cols: 8501;
Num-X: 1 ; Num-Y: 48 ; Resolution: 8500 ; Rank: 20 ; Rank-X: 0 ; Rank-Y: 20 ; Rowstart: 3544; Rowend: 3722; Rows: 178; Colstart: 0; Colend: 8501; Cols: 8501;
Num-X: 1 ; Num-Y: 48 ; Resolution: 8500 ; Rank: 23 ; Rank-X: 0 ; Rank-Y: 23 ; Rowstart: 4075; Rowend: 4253; Rows: 178; Colstart: 0; Colend: 8501; Cols: 8501;
Num-X: 1 ; Num-Y: 48 ; Resolution: 8500 ; Rank: 11 ; Rank-X: 0 ; Rank-Y: 11 ; Rowstart: 1951; Rowend: 2129; Rows: 178; Colstart: 0; Colend: 8501; Cols: 8501;
Num-X: 1 ; Num-Y: 48 ; Resolution: 8500 ; Rank: 12 ; Rank-X: 0 ; Rank-Y: 12 ; Rowstart: 2128; Rowend: 2306; Rows: 178; Colstart: 0; Colend: 8501; Cols: 8501;
Num-X: 1 ; Num-Y: 48 ; Resolution: 8500 ; Rank: 21 ; Rank-X: 0 ; Rank-Y: 21 ; Rowstart: 3721; Rowend: 3899; Rows: 178; Colstart: 0; Colend: 8501; Cols: 8501;
Num-X: 1 ; Num-Y: 48 ; Resolution: 8500 ; Rank: 16 ; Rank-X: 0 ; Rank-Y: 16 ; Rowstart: 2836; Rowend: 3014; Rows: 178; Colstart: 0; Colend: 8501; Cols: 8501;
Num-X: 1 ; Num-Y: 48 ; Resolution: 8500 ; Rank: 13 ; Rank-X: 0 ; Rank-Y: 13 ; Rowstart: 2305; Rowend: 2483; Rows: 178; Colstart: 0; Colend: 8501; Cols: 8501;
Num-X: 1 ; Num-Y: 48 ; Resolution: 8500 ; Rank: 19 ; Rank-X: 0 ; Rank-Y: 19 ; Rowstart: 3367; Rowend: 3545; Rows: 178; Colstart: 0; Colend: 8501; Cols: 8501;
Num-X: 1 ; Num-Y: 48 ; Resolution: 8500 ; Rank: 14 ; Rank-X: 0 ; Rank-Y: 14 ; Rowstart: 2482; Rowend: 2660; Rows: 178; Colstart: 0; Colend: 8501; Cols: 8501;
Num-X: 1 ; Num-Y: 48 ; Resolution: 8500 ; Rank: 15 ; Rank-X: 0 ; Rank-Y: 15 ; Rowstart: 2659; Rowend: 2837; Rows: 178; Colstart: 0; Colend: 8501; Cols: 8501;
Num-X: 1 ; Num-Y: 48 ; Resolution: 8500 ; Rank: 18 ; Rank-X: 0 ; Rank-Y: 18 ; Rowstart: 3190; Rowend: 3368; Rows: 178; Colstart: 0; Colend: 8501; Cols: 8501;

Resolution: 8500
===================
Execution time: 0.037212
Residual: 3.987213

megaflops:  271821.7
  flop instructions (M):  10115.000

Num-X: 1 ; Num-Y: 48 ; Resolution: 9500 ; Rank: 37 ; Rank-X: 0 ; Rank-Y: 37 ; Rowstart: 7326; Rowend: 7525; Rows: 199; Colstart: 0; Colend: 9501; Cols: 9501;
Num-X: 1 ; Num-Y: 48 ; Resolution: 9500 ; Rank: 40 ; Rank-X: 0 ; Rank-Y: 40 ; Rowstart: 7920; Rowend: 8119; Rows: 199; Colstart: 0; Colend: 9501; Cols: 9501;
Num-X: 1 ; Num-Y: 48 ; Resolution: 9500 ; Rank: 36 ; Rank-X: 0 ; Rank-Y: 36 ; Rowstart: 7128; Rowend: 7327; Rows: 199; Colstart: 0; Colend: 9501; Cols: 9501;
Num-X: 1 ; Num-Y: 48 ; Resolution: 9500 ; Rank: 41 ; Rank-X: 0 ; Rank-Y: 41 ; Rowstart: 8118; Rowend: 8317; Rows: 199; Colstart: 0; Colend: 9501; Cols: 9501;
Num-X: 1 ; Num-Y: 48 ; Resolution: 9500 ; Rank: 42 ; Rank-X: 0 ; Rank-Y: 42 ; Rowstart: 8316; Rowend: 8515; Rows: 199; Colstart: 0; Colend: 9501; Cols: 9501;
Num-X: 1 ; Num-Y: 48 ; Resolution: 9500 ; Rank: 45 ; Rank-X: 0 ; Rank-Y: 45 ; Rowstart: 8909; Rowend: 9107; Rows: 198; Colstart: 0; Colend: 9501; Cols: 9501;
Num-X: 1 ; Num-Y: 48 ; Resolution: 9500 ; Rank: 47 ; Rank-X: 0 ; Rank-Y: 47 ; Rowstart: 9303; Rowend: 9501; Rows: 198; Colstart: 0; Colend: 9501; Cols: 9501;
Num-X: 1 ; Num-Y: 48 ; Resolution: 9500 ; Rank: 38 ; Rank-X: 0 ; Rank-Y: 38 ; Rowstart: 7524; Rowend: 7723; Rows: 199; Colstart: 0; Colend: 9501; Cols: 9501;
Num-X: 1 ; Num-Y: 48 ; Resolution: 9500 ; Rank: 39 ; Rank-X: 0 ; Rank-Y: 39 ; Rowstart: 7722; Rowend: 7921; Rows: 199; Colstart: 0; Colend: 9501; Cols: 9501;
Num-X: 1 ; Num-Y: 48 ; Resolution: 9500 ; Rank: 44 ; Rank-X: 0 ; Rank-Y: 44 ; Rowstart: 8712; Rowend: 8910; Rows: 198; Colstart: 0; Colend: 9501; Cols: 9501;
Num-X: 1 ; Num-Y: 48 ; Resolution: 9500 ; Rank: 43 ; Rank-X: 0 ; Rank-Y: 43 ; Rowstart: 8514; Rowend: 8713; Rows: 199; Colstart: 0; Colend: 9501; Cols: 9501;
Num-X: 1 ; Num-Y: 48 ; Resolution: 9500 ; Rank: 46 ; Rank-X: 0 ; Rank-Y: 46 ; Rowstart: 9106; Rowend: 9304; Rows: 198; Colstart: 0; Colend: 9501; Cols: 9501;
Num-X: 1 ; Num-Y: 48 ; Resolution: 9500 ; Rank: 18 ; Rank-X: 0 ; Rank-Y: 18 ; Rowstart: 3564; Rowend: 3763; Rows: 199; Colstart: 0; Colend: 9501; Cols: 9501;
Num-X: 1 ; Num-Y: 48 ; Resolution: 9500 ; Rank: 14 ; Rank-X: 0 ; Rank-Y: 14 ; Rowstart: 2772; Rowend: 2971; Rows: 199; Colstart: 0; Colend: 9501; Cols: 9501;
Num-X: 1 ; Num-Y: 48 ; Resolution: 9500 ; Rank: 19 ; Rank-X: 0 ; Rank-Y: 19 ; Rowstart: 3762; Rowend: 3961; Rows: 199; Colstart: 0; Colend: 9501; Cols: 9501;
Num-X: 1 ; Num-Y: 48 ; Resolution: 9500 ; Rank: 21 ; Rank-X: 0 ; Rank-Y: 21 ; Rowstart: 4158; Rowend: 4357; Rows: 199; Colstart: 0; Colend: 9501; Cols: 9501;
Num-X: 1 ; Num-Y: 48 ; Resolution: 9500 ; Rank: 12 ; Rank-X: 0 ; Rank-Y: 12 ; Rowstart: 2376; Rowend: 2575; Rows: 199; Colstart: 0; Colend: 9501; Cols: 9501;
Num-X: 1 ; Num-Y: 48 ; Resolution: 9500 ; Rank: 13 ; Rank-X: 0 ; Rank-Y: 13 ; Rowstart: 2574; Rowend: 2773; Rows: 199; Colstart: 0; Colend: 9501; Cols: 9501;
Num-X: 1 ; Num-Y: 48 ; Resolution: 9500 ; Rank: 15 ; Rank-X: 0 ; Rank-Y: 15 ; Rowstart: 2970; Rowend: 3169; Rows: 199; Colstart: 0; Colend: 9501; Cols: 9501;
Num-X: 1 ; Num-Y: 48 ; Resolution: 9500 ; Rank: 16 ; Rank-X: 0 ; Rank-Y: 16 ; Rowstart: 3168; Rowend: 3367; Rows: 199; Colstart: 0; Colend: 9501; Cols: 9501;
Num-X: 1 ; Num-Y: 48 ; Resolution: 9500 ; Rank: 20 ; Rank-X: 0 ; Rank-Y: 20 ; Rowstart: 3960; Rowend: 4159; Rows: 199; Colstart: 0; Colend: 9501; Cols: 9501;
Num-X: 1 ; Num-Y: 48 ; Resolution: 9500 ; Rank: 22 ; Rank-X: 0 ; Rank-Y: 22 ; Rowstart: 4356; Rowend: 4555; Rows: 199; Colstart: 0; Colend: 9501; Cols: 9501;
Num-X: 1 ; Num-Y: 48 ; Resolution: 9500 ; Rank: 23 ; Rank-X: 0 ; Rank-Y: 23 ; Rowstart: 4554; Rowend: 4753; Rows: 199; Colstart: 0; Colend: 9501; Cols: 9501;
Num-X: 1 ; Num-Y: 48 ; Resolution: 9500 ; Rank: 17 ; Rank-X: 0 ; Rank-Y: 17 ; Rowstart: 3366; Rowend: 3565; Rows: 199; Colstart: 0; Colend: 9501; Cols: 9501;
Num-X: 1 ; Num-Y: 48 ; Resolution: 9500 ; Rank: 24 ; Rank-X: 0 ; Rank-Y: 24 ; Rowstart: 4752; Rowend: 4951; Rows: 199; Colstart: 0; Colend: 9501; Cols: 9501;
Num-X: 1 ; Num-Y: 48 ; Resolution: 9500 ; Rank: 25 ; Rank-X: 0 ; Rank-Y: 25 ; Rowstart: 4950; Rowend: 5149; Rows: 199; Colstart: 0; Colend: 9501; Cols: 9501;
Num-X: 1 ; Num-Y: 48 ; Resolution: 9500 ; Rank: 1 ; Rank-X: 0 ; Rank-Y: 1 ; Rowstart: 198; Rowend: 397; Rows: 199; Colstart: 0; Colend: 9501; Cols: 9501;
Num-X: 1 ; Num-Y: 48 ; Resolution: 9500 ; Rank: 26 ; Rank-X: 0 ; Rank-Y: 26 ; Rowstart: 5148; Rowend: 5347; Rows: 199; Colstart: 0; Colend: 9501; Cols: 9501;
Num-X: 1 ; Num-Y: 48 ; Resolution: 9500 ; Rank: 2 ; Rank-X: 0 ; Rank-Y: 2 ; Rowstart: 396; Rowend: 595; Rows: 199; Colstart: 0; Colend: 9501; Cols: 9501;
Num-X: 1 ; Num-Y: 48 ; Resolution: 9500 ; Rank: 27 ; Rank-X: 0 ; Rank-Y: 27 ; Rowstart: 5346; Rowend: 5545; Rows: 199; Colstart: 0; Colend: 9501; Cols: 9501;
Num-X: 1 ; Num-Y: 48 ; Resolution: 9500 ; Rank: 3 ; Rank-X: 0 ; Rank-Y: 3 ; Rowstart: 594; Rowend: 793; Rows: 199; Colstart: 0; Colend: 9501; Cols: 9501;
Num-X: 1 ; Num-Y: 48 ; Resolution: 9500 ; Rank: 28 ; Rank-X: 0 ; Rank-Y: 28 ; Rowstart: 5544; Rowend: 5743; Rows: 199; Colstart: 0; Colend: 9501; Cols: 9501;
Num-X: 1 ; Num-Y: 48 ; Resolution: 9500 ; Rank: 4 ; Rank-X: 0 ; Rank-Y: 4 ; Rowstart: 792; Rowend: 991; Rows: 199; Colstart: 0; Colend: 9501; Cols: 9501;
Num-X: 1 ; Num-Y: 48 ; Resolution: 9500 ; Rank: 29 ; Rank-X: 0 ; Rank-Y: 29 ; Rowstart: 5742; Rowend: 5941; Rows: 199; Colstart: 0; Colend: 9501; Cols: 9501;
Num-X: 1 ; Num-Y: 48 ; Resolution: 9500 ; Rank: 5 ; Rank-X: 0 ; Rank-Y: 5 ; Rowstart: 990; Rowend: 1189; Rows: 199; Colstart: 0; Colend: 9501; Cols: 9501;
Num-X: 1 ; Num-Y: 48 ; Resolution: 9500 ; Rank: 30 ; Rank-X: 0 ; Rank-Y: 30 ; Rowstart: 5940; Rowend: 6139; Rows: 199; Colstart: 0; Colend: 9501; Cols: 9501;
Num-X: 1 ; Num-Y: 48 ; Resolution: 9500 ; Rank: 6 ; Rank-X: 0 ; Rank-Y: 6 ; Rowstart: 1188; Rowend: 1387; Rows: 199; Colstart: 0; Colend: 9501; Cols: 9501;
Num-X: 1 ; Num-Y: 48 ; Resolution: 9500 ; Rank: 31 ; Rank-X: 0 ; Rank-Y: 31 ; Rowstart: 6138; Rowend: 6337; Rows: 199; Colstart: 0; Colend: 9501; Cols: 9501;
Num-X: 1 ; Num-Y: 48 ; Resolution: 9500 ; Rank: 7 ; Rank-X: 0 ; Rank-Y: 7 ; Rowstart: 1386; Rowend: 1585; Rows: 199; Colstart: 0; Colend: 9501; Cols: 9501;
Num-X: 1 ; Num-Y: 48 ; Resolution: 9500 ; Rank: 32 ; Rank-X: 0 ; Rank-Y: 32 ; Rowstart: 6336; Rowend: 6535; Rows: 199; Colstart: 0; Colend: 9501; Cols: 9501;
Num-X: 1 ; Num-Y: 48 ; Resolution: 9500 ; Rank: 9 ; Rank-X: 0 ; Rank-Y: 9 ; Rowstart: 1782; Rowend: 1981; Rows: 199; Colstart: 0; Colend: 9501; Cols: 9501;
Num-X: 1 ; Num-Y: 48 ; Resolution: 9500 ; Rank: 33 ; Rank-X: 0 ; Rank-Y: 33 ; Rowstart: 6534; Rowend: 6733; Rows: 199; Colstart: 0; Colend: 9501; Cols: 9501;
Num-X: 1 ; Num-Y: 48 ; Resolution: 9500 ; Rank: 10 ; Rank-X: 0 ; Rank-Y: 10 ; Rowstart: 1980; Rowend: 2179; Rows: 199; Colstart: 0; Colend: 9501; Cols: 9501;
Num-X: 1 ; Num-Y: 48 ; Resolution: 9500 ; Rank: 34 ; Rank-X: 0 ; Rank-Y: 34 ; Rowstart: 6732; Rowend: 6931; Rows: 199; Colstart: 0; Colend: 9501; Cols: 9501;
Num-X: 1 ; Num-Y: 48 ; Resolution: 9500 ; Rank: 11 ; Rank-X: 0 ; Rank-Y: 11 ; Rowstart: 2178; Rowend: 2377; Rows: 199; Colstart: 0; Colend: 9501; Cols: 9501;
Num-X: 1 ; Num-Y: 48 ; Resolution: 9500 ; Rank: 35 ; Rank-X: 0 ; Rank-Y: 35 ; Rowstart: 6930; Rowend: 7129; Rows: 199; Colstart: 0; Colend: 9501; Cols: 9501;
Num-X: 1 ; Num-Y: 48 ; Resolution: 9500 ; Rank: 0 ; Rank-X: 0 ; Rank-Y: 0 ; Rowstart: 0; Rowend: 199; Rows: 199; Colstart: 0; Colend: 9501; Cols: 9501;
Num-X: 1 ; Num-Y: 48 ; Resolution: 9500 ; Rank: 8 ; Rank-X: 0 ; Rank-Y: 8 ; Rowstart: 1584; Rowend: 1783; Rows: 199; Colstart: 0; Colend: 9501; Cols: 9501;

Resolution: 9500
===================
Execution time: 0.047203
Residual: 4.456242

megaflops:  267673.3
  flop instructions (M):  12635.000

Num-X: 1 ; Num-Y: 48 ; Resolution: 10500 ; Rank: 24 ; Rank-X: 0 ; Rank-Y: 24 ; Rowstart: 5256; Rowend: 5476; Rows: 220; Colstart: 0; Colend: 10501; Cols: 10501;
Num-X: 1 ; Num-Y: 48 ; Resolution: 10500 ; Rank: 41 ; Rank-X: 0 ; Rank-Y: 41 ; Rowstart: 8974; Rowend: 9193; Rows: 219; Colstart: 0; Colend: 10501; Cols: 10501;
Num-X: 1 ; Num-Y: 48 ; Resolution: 10500 ; Rank: 27 ; Rank-X: 0 ; Rank-Y: 27 ; Rowstart: 5913; Rowend: 6133; Rows: 220; Colstart: 0; Colend: 10501; Cols: 10501;
Num-X: 1 ; Num-Y: 48 ; Resolution: 10500 ; Rank: 44 ; Rank-X: 0 ; Rank-Y: 44 ; Rowstart: 9628; Rowend: 9847; Rows: 219; Colstart: 0; Colend: 10501; Cols: 10501;
Num-X: 1 ; Num-Y: 48 ; Resolution: 10500 ; Rank: 34 ; Rank-X: 0 ; Rank-Y: 34 ; Rowstart: 7446; Rowend: 7666; Rows: 220; Colstart: 0; Colend: 10501; Cols: 10501;
Num-X: 1 ; Num-Y: 48 ; Resolution: 10500 ; Rank: 45 ; Rank-X: 0 ; Rank-Y: 45 ; Rowstart: 9846; Rowend: 10065; Rows: 219; Colstart: 0; Colend: 10501; Cols: 10501;
Num-X: 1 ; Num-Y: 48 ; Resolution: 10500 ; Rank: 25 ; Rank-X: 0 ; Rank-Y: 25 ; Rowstart: 5475; Rowend: 5695; Rows: 220; Colstart: 0; Colend: 10501; Cols: 10501;
Num-X: 1 ; Num-Y: 48 ; Resolution: 10500 ; Rank: 40 ; Rank-X: 0 ; Rank-Y: 40 ; Rowstart: 8756; Rowend: 8975; Rows: 219; Colstart: 0; Colend: 10501; Cols: 10501;
Num-X: 1 ; Num-Y: 48 ; Resolution: 10500 ; Rank: 30 ; Rank-X: 0 ; Rank-Y: 30 ; Rowstart: 6570; Rowend: 6790; Rows: 220; Colstart: 0; Colend: 10501; Cols: 10501;
Num-X: 1 ; Num-Y: 48 ; Resolution: 10500 ; Rank: 33 ; Rank-X: 0 ; Rank-Y: 33 ; Rowstart: 7227; Rowend: 7447; Rows: 220; Colstart: 0; Colend: 10501; Cols: 10501;
Num-X: 1 ; Num-Y: 48 ; Resolution: 10500 ; Rank: 39 ; Rank-X: 0 ; Rank-Y: 39 ; Rowstart: 8538; Rowend: 8757; Rows: 219; Colstart: 0; Colend: 10501; Cols: 10501;
Num-X: 1 ; Num-Y: 48 ; Resolution: 10500 ; Rank: 38 ; Rank-X: 0 ; Rank-Y: 38 ; Rowstart: 8320; Rowend: 8539; Rows: 219; Colstart: 0; Colend: 10501; Cols: 10501;
Num-X: 1 ; Num-Y: 48 ; Resolution: 10500 ; Rank: 26 ; Rank-X: 0 ; Rank-Y: 26 ; Rowstart: 5694; Rowend: 5914; Rows: 220; Colstart: 0; Colend: 10501; Cols: 10501;
Num-X: 1 ; Num-Y: 48 ; Resolution: 10500 ; Rank: 28 ; Rank-X: 0 ; Rank-Y: 28 ; Rowstart: 6132; Rowend: 6352; Rows: 220; Colstart: 0; Colend: 10501; Cols: 10501;
Num-X: 1 ; Num-Y: 48 ; Resolution: 10500 ; Rank: 31 ; Rank-X: 0 ; Rank-Y: 31 ; Rowstart: 6789; Rowend: 7009; Rows: 220; Colstart: 0; Colend: 10501; Cols: 10501;
Num-X: 1 ; Num-Y: 48 ; Resolution: 10500 ; Rank: 32 ; Rank-X: 0 ; Rank-Y: 32 ; Rowstart: 7008; Rowend: 7228; Rows: 220; Colstart: 0; Colend: 10501; Cols: 10501;
Num-X: 1 ; Num-Y: 48 ; Resolution: 10500 ; Rank: 35 ; Rank-X: 0 ; Rank-Y: 35 ; Rowstart: 7665; Rowend: 7885; Rows: 220; Colstart: 0; Colend: 10501; Cols: 10501;
Num-X: 1 ; Num-Y: 48 ; Resolution: 10500 ; Rank: 16 ; Rank-X: 0 ; Rank-Y: 16 ; Rowstart: 3504; Rowend: 3724; Rows: 220; Colstart: 0; Colend: 10501; Cols: 10501;
Num-X: 1 ; Num-Y: 48 ; Resolution: 10500 ; Rank: 43 ; Rank-X: 0 ; Rank-Y: 43 ; Rowstart: 9410; Rowend: 9629; Rows: 219; Colstart: 0; Colend: 10501; Cols: 10501;
Num-X: 1 ; Num-Y: 48 ; Resolution: 10500 ; Rank: 1 ; Rank-X: 0 ; Rank-Y: 1 ; Rowstart: 219; Rowend: 439; Rows: 220; Colstart: 0; Colend: 10501; Cols: 10501;
Num-X: 1 ; Num-Y: 48 ; Resolution: 10500 ; Rank: 46 ; Rank-X: 0 ; Rank-Y: 46 ; Rowstart: 10064; Rowend: 10283; Rows: 219; Colstart: 0; Colend: 10501; Cols: 10501;
Num-X: 1 ; Num-Y: 48 ; Resolution: 10500 ; Rank: 10 ; Rank-X: 0 ; Rank-Y: 10 ; Rowstart: 2190; Rowend: 2410; Rows: 220; Colstart: 0; Colend: 10501; Cols: 10501;
Num-X: 1 ; Num-Y: 48 ; Resolution: 10500 ; Rank: 2 ; Rank-X: 0 ; Rank-Y: 2 ; Rowstart: 438; Rowend: 658; Rows: 220; Colstart: 0; Colend: 10501; Cols: 10501;
Num-X: 1 ; Num-Y: 48 ; Resolution: 10500 ; Rank: 7 ; Rank-X: 0 ; Rank-Y: 7 ; Rowstart: 1533; Rowend: 1753; Rows: 220; Colstart: 0; Colend: 10501; Cols: 10501;
Num-X: 1 ; Num-Y: 48 ; Resolution: 10500 ; Rank: 37 ; Rank-X: 0 ; Rank-Y: 37 ; Rowstart: 8102; Rowend: 8321; Rows: 219; Colstart: 0; Colend: 10501; Cols: 10501;
Num-X: 1 ; Num-Y: 48 ; Resolution: 10500 ; Rank: 3 ; Rank-X: 0 ; Rank-Y: 3 ; Rowstart: 657; Rowend: 877; Rows: 220; Colstart: 0; Colend: 10501; Cols: 10501;
Num-X: 1 ; Num-Y: 48 ; Resolution: 10500 ; Rank: 47 ; Rank-X: 0 ; Rank-Y: 47 ; Rowstart: 10282; Rowend: 10501; Rows: 219; Colstart: 0; Colend: 10501; Cols: 10501;
Num-X: 1 ; Num-Y: 48 ; Resolution: 10500 ; Rank: 5 ; Rank-X: 0 ; Rank-Y: 5 ; Rowstart: 1095; Rowend: 1315; Rows: 220; Colstart: 0; Colend: 10501; Cols: 10501;
Num-X: 1 ; Num-Y: 48 ; Resolution: 10500 ; Rank: 42 ; Rank-X: 0 ; Rank-Y: 42 ; Rowstart: 9192; Rowend: 9411; Rows: 219; Colstart: 0; Colend: 10501; Cols: 10501;
Num-X: 1 ; Num-Y: 48 ; Resolution: 10500 ; Rank: 9 ; Rank-X: 0 ; Rank-Y: 9 ; Rowstart: 1971; Rowend: 2191; Rows: 220; Colstart: 0; Colend: 10501; Cols: 10501;
Num-X: 1 ; Num-Y: 48 ; Resolution: 10500 ; Rank: 36 ; Rank-X: 0 ; Rank-Y: 36 ; Rowstart: 7884; Rowend: 8103; Rows: 219; Colstart: 0; Colend: 10501; Cols: 10501;
Num-X: 1 ; Num-Y: 48 ; Resolution: 10500 ; Rank: 4 ; Rank-X: 0 ; Rank-Y: 4 ; Rowstart: 876; Rowend: 1096; Rows: 220; Colstart: 0; Colend: 10501; Cols: 10501;
Num-X: 1 ; Num-Y: 48 ; Resolution: 10500 ; Rank: 8 ; Rank-X: 0 ; Rank-Y: 8 ; Rowstart: 1752; Rowend: 1972; Rows: 220; Colstart: 0; Colend: 10501; Cols: 10501;
Num-X: 1 ; Num-Y: 48 ; Resolution: 10500 ; Rank: 0 ; Rank-X: 0 ; Rank-Y: 0 ; Rowstart: 0; Rowend: 220; Rows: 220; Colstart: 0; Colend: 10501; Cols: 10501;
Num-X: 1 ; Num-Y: 48 ; Resolution: 10500 ; Rank: 6 ; Rank-X: 0 ; Rank-Y: 6 ; Rowstart: 1314; Rowend: 1534; Rows: 220; Colstart: 0; Colend: 10501; Cols: 10501;
Num-X: 1 ; Num-Y: 48 ; Resolution: 10500 ; Rank: 12 ; Rank-X: 0 ; Rank-Y: 12 ; Rowstart: 2628; Rowend: 2848; Rows: 220; Colstart: 0; Colend: 10501; Cols: 10501;
Num-X: 1 ; Num-Y: 48 ; Resolution: 10500 ; Rank: 22 ; Rank-X: 0 ; Rank-Y: 22 ; Rowstart: 4818; Rowend: 5038; Rows: 220; Colstart: 0; Colend: 10501; Cols: 10501;
Num-X: 1 ; Num-Y: 48 ; Resolution: 10500 ; Rank: 20 ; Rank-X: 0 ; Rank-Y: 20 ; Rowstart: 4380; Rowend: 4600; Rows: 220; Colstart: 0; Colend: 10501; Cols: 10501;
Num-X: 1 ; Num-Y: 48 ; Resolution: 10500 ; Rank: 17 ; Rank-X: 0 ; Rank-Y: 17 ; Rowstart: 3723; Rowend: 3943; Rows: 220; Colstart: 0; Colend: 10501; Cols: 10501;
Num-X: 1 ; Num-Y: 48 ; Resolution: 10500 ; Rank: 29 ; Rank-X: 0 ; Rank-Y: 29 ; Rowstart: 6351; Rowend: 6571; Rows: 220; Colstart: 0; Colend: 10501; Cols: 10501;
Num-X: 1 ; Num-Y: 48 ; Resolution: 10500 ; Rank: 23 ; Rank-X: 0 ; Rank-Y: 23 ; Rowstart: 5037; Rowend: 5257; Rows: 220; Colstart: 0; Colend: 10501; Cols: 10501;
Num-X: 1 ; Num-Y: 48 ; Resolution: 10500 ; Rank: 21 ; Rank-X: 0 ; Rank-Y: 21 ; Rowstart: 4599; Rowend: 4819; Rows: 220; Colstart: 0; Colend: 10501; Cols: 10501;
Num-X: 1 ; Num-Y: 48 ; Resolution: 10500 ; Rank: 19 ; Rank-X: 0 ; Rank-Y: 19 ; Rowstart: 4161; Rowend: 4381; Rows: 220; Colstart: 0; Colend: 10501; Cols: 10501;
Num-X: 1 ; Num-Y: 48 ; Resolution: 10500 ; Rank: 11 ; Rank-X: 0 ; Rank-Y: 11 ; Rowstart: 2409; Rowend: 2629; Rows: 220; Colstart: 0; Colend: 10501; Cols: 10501;
Num-X: 1 ; Num-Y: 48 ; Resolution: 10500 ; Rank: 13 ; Rank-X: 0 ; Rank-Y: 13 ; Rowstart: 2847; Rowend: 3067; Rows: 220; Colstart: 0; Colend: 10501; Cols: 10501;
Num-X: 1 ; Num-Y: 48 ; Resolution: 10500 ; Rank: 14 ; Rank-X: 0 ; Rank-Y: 14 ; Rowstart: 3066; Rowend: 3286; Rows: 220; Colstart: 0; Colend: 10501; Cols: 10501;
Num-X: 1 ; Num-Y: 48 ; Resolution: 10500 ; Rank: 15 ; Rank-X: 0 ; Rank-Y: 15 ; Rowstart: 3285; Rowend: 3505; Rows: 220; Colstart: 0; Colend: 10501; Cols: 10501;
Num-X: 1 ; Num-Y: 48 ; Resolution: 10500 ; Rank: 18 ; Rank-X: 0 ; Rank-Y: 18 ; Rowstart: 3942; Rowend: 4162; Rows: 220; Colstart: 0; Colend: 10501; Cols: 10501;

Resolution: 10500
===================
Execution time: 0.059646
Residual: 4.925272

megaflops:  258777.3
  flop instructions (M):  15435.000

Num-X: 1 ; Num-Y: 48 ; Resolution: 11500 ; Rank: 40 ; Rank-X: 0 ; Rank-Y: 40 ; Rowstart: 9588; Rowend: 9828; Rows: 240; Colstart: 0; Colend: 11501; Cols: 11501;
Num-X: 1 ; Num-Y: 48 ; Resolution: 11500 ; Rank: 36 ; Rank-X: 0 ; Rank-Y: 36 ; Rowstart: 8632; Rowend: 8872; Rows: 240; Colstart: 0; Colend: 11501; Cols: 11501;
Num-X: 1 ; Num-Y: 48 ; Resolution: 11500 ; Rank: 39 ; Rank-X: 0 ; Rank-Y: 39 ; Rowstart: 9349; Rowend: 9589; Rows: 240; Colstart: 0; Colend: 11501; Cols: 11501;
Num-X: 1 ; Num-Y: 48 ; Resolution: 11500 ; Rank: 42 ; Rank-X: 0 ; Rank-Y: 42 ; Rowstart: 10066; Rowend: 10306; Rows: 240; Colstart: 0; Colend: 11501; Cols: 11501;
Num-X: 1 ; Num-Y: 48 ; Resolution: 11500 ; Rank: 38 ; Rank-X: 0 ; Rank-Y: 38 ; Rowstart: 9110; Rowend: 9350; Rows: 240; Colstart: 0; Colend: 11501; Cols: 11501;
Num-X: 1 ; Num-Y: 48 ; Resolution: 11500 ; Rank: 43 ; Rank-X: 0 ; Rank-Y: 43 ; Rowstart: 10305; Rowend: 10545; Rows: 240; Colstart: 0; Colend: 11501; Cols: 11501;
Num-X: 1 ; Num-Y: 48 ; Resolution: 11500 ; Rank: 37 ; Rank-X: 0 ; Rank-Y: 37 ; Rowstart: 8871; Rowend: 9111; Rows: 240; Colstart: 0; Colend: 11501; Cols: 11501;
Num-X: 1 ; Num-Y: 48 ; Resolution: 11500 ; Rank: 46 ; Rank-X: 0 ; Rank-Y: 46 ; Rowstart: 11022; Rowend: 11262; Rows: 240; Colstart: 0; Colend: 11501; Cols: 11501;
Num-X: 1 ; Num-Y: 48 ; Resolution: 11500 ; Rank: 47 ; Rank-X: 0 ; Rank-Y: 47 ; Rowstart: 11261; Rowend: 11501; Rows: 240; Colstart: 0; Colend: 11501; Cols: 11501;
Num-X: 1 ; Num-Y: 48 ; Resolution: 11500 ; Rank: 44 ; Rank-X: 0 ; Rank-Y: 44 ; Rowstart: 10544; Rowend: 10784; Rows: 240; Colstart: 0; Colend: 11501; Cols: 11501;
Num-X: 1 ; Num-Y: 48 ; Resolution: 11500 ; Rank: 45 ; Rank-X: 0 ; Rank-Y: 45 ; Rowstart: 10783; Rowend: 11023; Rows: 240; Colstart: 0; Colend: 11501; Cols: 11501;
Num-X: 1 ; Num-Y: 48 ; Resolution: 11500 ; Rank: 41 ; Rank-X: 0 ; Rank-Y: 41 ; Rowstart: 9827; Rowend: 10067; Rows: 240; Colstart: 0; Colend: 11501; Cols: 11501;
Num-X: 1 ; Num-Y: 48 ; Resolution: 11500 ; Rank: 7 ; Rank-X: 0 ; Rank-Y: 7 ; Rowstart: 1680; Rowend: 1921; Rows: 241; Colstart: 0; Colend: 11501; Cols: 11501;
Num-X: 1 ; Num-Y: 48 ; Resolution: 11500 ; Rank: 5 ; Rank-X: 0 ; Rank-Y: 5 ; Rowstart: 1200; Rowend: 1441; Rows: 241; Colstart: 0; Colend: 11501; Cols: 11501;
Num-X: 1 ; Num-Y: 48 ; Resolution: 11500 ; Rank: 20 ; Rank-X: 0 ; Rank-Y: 20 ; Rowstart: 4800; Rowend: 5041; Rows: 241; Colstart: 0; Colend: 11501; Cols: 11501;
Num-X: 1 ; Num-Y: 48 ; Resolution: 11500 ; Rank: 31 ; Rank-X: 0 ; Rank-Y: 31 ; Rowstart: 7437; Rowend: 7677; Rows: 240; Colstart: 0; Colend: 11501; Cols: 11501;
Num-X: 1 ; Num-Y: 48 ; Resolution: 11500 ; Rank: 22 ; Rank-X: 0 ; Rank-Y: 22 ; Rowstart: 5280; Rowend: 5521; Rows: 241; Colstart: 0; Colend: 11501; Cols: 11501;
Num-X: 1 ; Num-Y: 48 ; Resolution: 11500 ; Rank: 32 ; Rank-X: 0 ; Rank-Y: 32 ; Rowstart: 7676; Rowend: 7916; Rows: 240; Colstart: 0; Colend: 11501; Cols: 11501;
Num-X: 1 ; Num-Y: 48 ; Resolution: 11500 ; Rank: 23 ; Rank-X: 0 ; Rank-Y: 23 ; Rowstart: 5520; Rowend: 5761; Rows: 241; Colstart: 0; Colend: 11501; Cols: 11501;
Num-X: 1 ; Num-Y: 48 ; Resolution: 11500 ; Rank: 11 ; Rank-X: 0 ; Rank-Y: 11 ; Rowstart: 2640; Rowend: 2881; Rows: 241; Colstart: 0; Colend: 11501; Cols: 11501;
Num-X: 1 ; Num-Y: 48 ; Resolution: 11500 ; Rank: 29 ; Rank-X: 0 ; Rank-Y: 29 ; Rowstart: 6959; Rowend: 7199; Rows: 240; Colstart: 0; Colend: 11501; Cols: 11501;
Num-X: 1 ; Num-Y: 48 ; Resolution: 11500 ; Rank: 17 ; Rank-X: 0 ; Rank-Y: 17 ; Rowstart: 4080; Rowend: 4321; Rows: 241; Colstart: 0; Colend: 11501; Cols: 11501;
Num-X: 1 ; Num-Y: 48 ; Resolution: 11500 ; Rank: 18 ; Rank-X: 0 ; Rank-Y: 18 ; Rowstart: 4320; Rowend: 4561; Rows: 241; Colstart: 0; Colend: 11501; Cols: 11501;
Num-X: 1 ; Num-Y: 48 ; Resolution: 11500 ; Rank: 3 ; Rank-X: 0 ; Rank-Y: 3 ; Rowstart: 720; Rowend: 961; Rows: 241; Colstart: 0; Colend: 11501; Cols: 11501;
Num-X: 1 ; Num-Y: 48 ; Resolution: 11500 ; Rank: 4 ; Rank-X: 0 ; Rank-Y: 4 ; Rowstart: 960; Rowend: 1201; Rows: 241; Colstart: 0; Colend: 11501; Cols: 11501;
Num-X: 1 ; Num-Y: 48 ; Resolution: 11500 ; Rank: 10 ; Rank-X: 0 ; Rank-Y: 10 ; Rowstart: 2400; Rowend: 2641; Rows: 241; Colstart: 0; Colend: 11501; Cols: 11501;
Num-X: 1 ; Num-Y: 48 ; Resolution: 11500 ; Rank: 26 ; Rank-X: 0 ; Rank-Y: 26 ; Rowstart: 6240; Rowend: 6481; Rows: 241; Colstart: 0; Colend: 11501; Cols: 11501;
Num-X: 1 ; Num-Y: 48 ; Resolution: 11500 ; Rank: 8 ; Rank-X: 0 ; Rank-Y: 8 ; Rowstart: 1920; Rowend: 2161; Rows: 241; Colstart: 0; Colend: 11501; Cols: 11501;
Num-X: 1 ; Num-Y: 48 ; Resolution: 11500 ; Rank: 28 ; Rank-X: 0 ; Rank-Y: 28 ; Rowstart: 6720; Rowend: 6960; Rows: 240; Colstart: 0; Colend: 11501; Cols: 11501;
Num-X: 1 ; Num-Y: 48 ; Resolution: 11500 ; Rank: 30 ; Rank-X: 0 ; Rank-Y: 30 ; Rowstart: 7198; Rowend: 7438; Rows: 240; Colstart: 0; Colend: 11501; Cols: 11501;
Num-X: 1 ; Num-Y: 48 ; Resolution: 11500 ; Rank: 33 ; Rank-X: 0 ; Rank-Y: 33 ; Rowstart: 7915; Rowend: 8155; Rows: 240; Colstart: 0; Colend: 11501; Cols: 11501;
Num-X: 1 ; Num-Y: 48 ; Resolution: 11500 ; Rank: 21 ; Rank-X: 0 ; Rank-Y: 21 ; Rowstart: 5040; Rowend: 5281; Rows: 241; Colstart: 0; Colend: 11501; Cols: 11501;
Num-X: 1 ; Num-Y: 48 ; Resolution: 11500 ; Rank: 35 ; Rank-X: 0 ; Rank-Y: 35 ; Rowstart: 8393; Rowend: 8633; Rows: 240; Colstart: 0; Colend: 11501; Cols: 11501;
Num-X: 1 ; Num-Y: 48 ; Resolution: 11500 ; Rank: 19 ; Rank-X: 0 ; Rank-Y: 19 ; Rowstart: 4560; Rowend: 4801; Rows: 241; Colstart: 0; Colend: 11501; Cols: 11501;
Num-X: 1 ; Num-Y: 48 ; Resolution: 11500 ; Rank: 25 ; Rank-X: 0 ; Rank-Y: 25 ; Rowstart: 6000; Rowend: 6241; Rows: 241; Colstart: 0; Colend: 11501; Cols: 11501;
Num-X: 1 ; Num-Y: 48 ; Resolution: 11500 ; Rank: 34 ; Rank-X: 0 ; Rank-Y: 34 ; Rowstart: 8154; Rowend: 8394; Rows: 240; Colstart: 0; Colend: 11501; Cols: 11501;
Num-X: 1 ; Num-Y: 48 ; Resolution: 11500 ; Rank: 14 ; Rank-X: 0 ; Rank-Y: 14 ; Rowstart: 3360; Rowend: 3601; Rows: 241; Colstart: 0; Colend: 11501; Cols: 11501;
Num-X: 1 ; Num-Y: 48 ; Resolution: 11500 ; Rank: 15 ; Rank-X: 0 ; Rank-Y: 15 ; Rowstart: 3600; Rowend: 3841; Rows: 241; Colstart: 0; Colend: 11501; Cols: 11501;
Num-X: 1 ; Num-Y: 48 ; Resolution: 11500 ; Rank: 9 ; Rank-X: 0 ; Rank-Y: 9 ; Rowstart: 2160; Rowend: 2401; Rows: 241; Colstart: 0; Colend: 11501; Cols: 11501;
Num-X: 1 ; Num-Y: 48 ; Resolution: 11500 ; Rank: 12 ; Rank-X: 0 ; Rank-Y: 12 ; Rowstart: 2880; Rowend: 3121; Rows: 241; Colstart: 0; Colend: 11501; Cols: 11501;
Num-X: 1 ; Num-Y: 48 ; Resolution: 11500 ; Rank: 13 ; Rank-X: 0 ; Rank-Y: 13 ; Rowstart: 3120; Rowend: 3361; Rows: 241; Colstart: 0; Colend: 11501; Cols: 11501;
Num-X: 1 ; Num-Y: 48 ; Resolution: 11500 ; Rank: 6 ; Rank-X: 0 ; Rank-Y: 6 ; Rowstart: 1440; Rowend: 1681; Rows: 241; Colstart: 0; Colend: 11501; Cols: 11501;
Num-X: 1 ; Num-Y: 48 ; Resolution: 11500 ; Rank: 27 ; Rank-X: 0 ; Rank-Y: 27 ; Rowstart: 6480; Rowend: 6721; Rows: 241; Colstart: 0; Colend: 11501; Cols: 11501;
Num-X: 1 ; Num-Y: 48 ; Resolution: 11500 ; Rank: 24 ; Rank-X: 0 ; Rank-Y: 24 ; Rowstart: 5760; Rowend: 6001; Rows: 241; Colstart: 0; Colend: 11501; Cols: 11501;
Num-X: 1 ; Num-Y: 48 ; Resolution: 11500 ; Rank: 1 ; Rank-X: 0 ; Rank-Y: 1 ; Rowstart: 240; Rowend: 481; Rows: 241; Colstart: 0; Colend: 11501; Cols: 11501;
Num-X: 1 ; Num-Y: 48 ; Resolution: 11500 ; Rank: 2 ; Rank-X: 0 ; Rank-Y: 2 ; Rowstart: 480; Rowend: 721; Rows: 241; Colstart: 0; Colend: 11501; Cols: 11501;
Num-X: 1 ; Num-Y: 48 ; Resolution: 11500 ; Rank: 16 ; Rank-X: 0 ; Rank-Y: 16 ; Rowstart: 3840; Rowend: 4081; Rows: 241; Colstart: 0; Colend: 11501; Cols: 11501;
Num-X: 1 ; Num-Y: 48 ; Resolution: 11500 ; Rank: 0 ; Rank-X: 0 ; Rank-Y: 0 ; Rowstart: 0; Rowend: 241; Rows: 241; Colstart: 0; Colend: 11501; Cols: 11501;

Resolution: 11500
===================
Execution time: 0.072953
Residual: 5.394301

megaflops:  253793.6
  flop instructions (M):  18515.000

Num-X: 1 ; Num-Y: 48 ; Resolution: 12500 ; Rank: 40 ; Rank-X: 0 ; Rank-Y: 40 ; Rowstart: 10420; Rowend: 10681; Rows: 261; Colstart: 0; Colend: 12501; Cols: 12501;
Num-X: 1 ; Num-Y: 48 ; Resolution: 12500 ; Rank: 43 ; Rank-X: 0 ; Rank-Y: 43 ; Rowstart: 11200; Rowend: 11461; Rows: 261; Colstart: 0; Colend: 12501; Cols: 12501;
Num-X: 1 ; Num-Y: 48 ; Resolution: 12500 ; Rank: 38 ; Rank-X: 0 ; Rank-Y: 38 ; Rowstart: 9900; Rowend: 10161; Rows: 261; Colstart: 0; Colend: 12501; Cols: 12501;
Num-X: 1 ; Num-Y: 48 ; Resolution: 12500 ; Rank: 47 ; Rank-X: 0 ; Rank-Y: 47 ; Rowstart: 12240; Rowend: 12501; Rows: 261; Colstart: 0; Colend: 12501; Cols: 12501;
Num-X: 1 ; Num-Y: 48 ; Resolution: 12500 ; Rank: 39 ; Rank-X: 0 ; Rank-Y: 39 ; Rowstart: 10160; Rowend: 10421; Rows: 261; Colstart: 0; Colend: 12501; Cols: 12501;
Num-X: 1 ; Num-Y: 48 ; Resolution: 12500 ; Rank: 41 ; Rank-X: 0 ; Rank-Y: 41 ; Rowstart: 10680; Rowend: 10941; Rows: 261; Colstart: 0; Colend: 12501; Cols: 12501;
Num-X: 1 ; Num-Y: 48 ; Resolution: 12500 ; Rank: 46 ; Rank-X: 0 ; Rank-Y: 46 ; Rowstart: 11980; Rowend: 12241; Rows: 261; Colstart: 0; Colend: 12501; Cols: 12501;
Num-X: 1 ; Num-Y: 48 ; Resolution: 12500 ; Rank: 36 ; Rank-X: 0 ; Rank-Y: 36 ; Rowstart: 9380; Rowend: 9641; Rows: 261; Colstart: 0; Colend: 12501; Cols: 12501;
Num-X: 1 ; Num-Y: 48 ; Resolution: 12500 ; Rank: 37 ; Rank-X: 0 ; Rank-Y: 37 ; Rowstart: 9640; Rowend: 9901; Rows: 261; Colstart: 0; Colend: 12501; Cols: 12501;
Num-X: 1 ; Num-Y: 48 ; Resolution: 12500 ; Rank: 42 ; Rank-X: 0 ; Rank-Y: 42 ; Rowstart: 10940; Rowend: 11201; Rows: 261; Colstart: 0; Colend: 12501; Cols: 12501;
Num-X: 1 ; Num-Y: 48 ; Resolution: 12500 ; Rank: 44 ; Rank-X: 0 ; Rank-Y: 44 ; Rowstart: 11460; Rowend: 11721; Rows: 261; Colstart: 0; Colend: 12501; Cols: 12501;
Num-X: 1 ; Num-Y: 48 ; Resolution: 12500 ; Rank: 45 ; Rank-X: 0 ; Rank-Y: 45 ; Rowstart: 11720; Rowend: 11981; Rows: 261; Colstart: 0; Colend: 12501; Cols: 12501;
Num-X: 1 ; Num-Y: 48 ; Resolution: 12500 ; Rank: 28 ; Rank-X: 0 ; Rank-Y: 28 ; Rowstart: 7300; Rowend: 7561; Rows: 261; Colstart: 0; Colend: 12501; Cols: 12501;
Num-X: 1 ; Num-Y: 48 ; Resolution: 12500 ; Rank: 31 ; Rank-X: 0 ; Rank-Y: 31 ; Rowstart: 8080; Rowend: 8341; Rows: 261; Colstart: 0; Colend: 12501; Cols: 12501;
Num-X: 1 ; Num-Y: 48 ; Resolution: 12500 ; Rank: 34 ; Rank-X: 0 ; Rank-Y: 34 ; Rowstart: 8860; Rowend: 9121; Rows: 261; Colstart: 0; Colend: 12501; Cols: 12501;
Num-X: 1 ; Num-Y: 48 ; Resolution: 12500 ; Rank: 24 ; Rank-X: 0 ; Rank-Y: 24 ; Rowstart: 6260; Rowend: 6521; Rows: 261; Colstart: 0; Colend: 12501; Cols: 12501;
Num-X: 1 ; Num-Y: 48 ; Resolution: 12500 ; Rank: 27 ; Rank-X: 0 ; Rank-Y: 27 ; Rowstart: 7040; Rowend: 7301; Rows: 261; Colstart: 0; Colend: 12501; Cols: 12501;
Num-X: 1 ; Num-Y: 48 ; Resolution: 12500 ; Rank: 33 ; Rank-X: 0 ; Rank-Y: 33 ; Rowstart: 8600; Rowend: 8861; Rows: 261; Colstart: 0; Colend: 12501; Cols: 12501;
Num-X: 1 ; Num-Y: 48 ; Resolution: 12500 ; Rank: 25 ; Rank-X: 0 ; Rank-Y: 25 ; Rowstart: 6520; Rowend: 6781; Rows: 261; Colstart: 0; Colend: 12501; Cols: 12501;
Num-X: 1 ; Num-Y: 48 ; Resolution: 12500 ; Rank: 32 ; Rank-X: 0 ; Rank-Y: 32 ; Rowstart: 8340; Rowend: 8601; Rows: 261; Colstart: 0; Colend: 12501; Cols: 12501;
Num-X: 1 ; Num-Y: 48 ; Resolution: 12500 ; Rank: 35 ; Rank-X: 0 ; Rank-Y: 35 ; Rowstart: 9120; Rowend: 9381; Rows: 261; Colstart: 0; Colend: 12501; Cols: 12501;
Num-X: 1 ; Num-Y: 48 ; Resolution: 12500 ; Rank: 26 ; Rank-X: 0 ; Rank-Y: 26 ; Rowstart: 6780; Rowend: 7041; Rows: 261; Colstart: 0; Colend: 12501; Cols: 12501;
Num-X: 1 ; Num-Y: 48 ; Resolution: 12500 ; Rank: 29 ; Rank-X: 0 ; Rank-Y: 29 ; Rowstart: 7560; Rowend: 7821; Rows: 261; Colstart: 0; Colend: 12501; Cols: 12501;
Num-X: 1 ; Num-Y: 48 ; Resolution: 12500 ; Rank: 5 ; Rank-X: 0 ; Rank-Y: 5 ; Rowstart: 1305; Rowend: 1567; Rows: 262; Colstart: 0; Colend: 12501; Cols: 12501;
Num-X: 1 ; Num-Y: 48 ; Resolution: 12500 ; Rank: 1 ; Rank-X: 0 ; Rank-Y: 1 ; Rowstart: 261; Rowend: 523; Rows: 262; Colstart: 0; Colend: 12501; Cols: 12501;
Num-X: 1 ; Num-Y: 48 ; Resolution: 12500 ; Rank: 2 ; Rank-X: 0 ; Rank-Y: 2 ; Rowstart: 522; Rowend: 784; Rows: 262; Colstart: 0; Colend: 12501; Cols: 12501;
Num-X: 1 ; Num-Y: 48 ; Resolution: 12500 ; Rank: 4 ; Rank-X: 0 ; Rank-Y: 4 ; Rowstart: 1044; Rowend: 1306; Rows: 262; Colstart: 0; Colend: 12501; Cols: 12501;
Num-X: 1 ; Num-Y: 48 ; Resolution: 12500 ; Rank: 30 ; Rank-X: 0 ; Rank-Y: 30 ; Rowstart: 7820; Rowend: 8081; Rows: 261; Colstart: 0; Colend: 12501; Cols: 12501;
Num-X: 1 ; Num-Y: 48 ; Resolution: 12500 ; Rank: 16 ; Rank-X: 0 ; Rank-Y: 16 ; Rowstart: 4176; Rowend: 4438; Rows: 262; Colstart: 0; Colend: 12501; Cols: 12501;
Num-X: 1 ; Num-Y: 48 ; Resolution: 12500 ; Rank: 3 ; Rank-X: 0 ; Rank-Y: 3 ; Rowstart: 783; Rowend: 1045; Rows: 262; Colstart: 0; Colend: 12501; Cols: 12501;
Num-X: 1 ; Num-Y: 48 ; Resolution: 12500 ; Rank: 13 ; Rank-X: 0 ; Rank-Y: 13 ; Rowstart: 3393; Rowend: 3655; Rows: 262; Colstart: 0; Colend: 12501; Cols: 12501;
Num-X: 1 ; Num-Y: 48 ; Resolution: 12500 ; Rank: 19 ; Rank-X: 0 ; Rank-Y: 19 ; Rowstart: 4959; Rowend: 5221; Rows: 262; Colstart: 0; Colend: 12501; Cols: 12501;
Num-X: 1 ; Num-Y: 48 ; Resolution: 12500 ; Rank: 0 ; Rank-X: 0 ; Rank-Y: 0 ; Rowstart: 0; Rowend: 262; Rows: 262; Colstart: 0; Colend: 12501; Cols: 12501;
Num-X: 1 ; Num-Y: 48 ; Resolution: 12500 ; Rank: 7 ; Rank-X: 0 ; Rank-Y: 7 ; Rowstart: 1827; Rowend: 2089; Rows: 262; Colstart: 0; Colend: 12501; Cols: 12501;
Num-X: 1 ; Num-Y: 48 ; Resolution: 12500 ; Rank: 11 ; Rank-X: 0 ; Rank-Y: 11 ; Rowstart: 2871; Rowend: 3133; Rows: 262; Colstart: 0; Colend: 12501; Cols: 12501;
Num-X: 1 ; Num-Y: 48 ; Resolution: 12500 ; Rank: 9 ; Rank-X: 0 ; Rank-Y: 9 ; Rowstart: 2349; Rowend: 2611; Rows: 262; Colstart: 0; Colend: 12501; Cols: 12501;
Num-X: 1 ; Num-Y: 48 ; Resolution: 12500 ; Rank: 17 ; Rank-X: 0 ; Rank-Y: 17 ; Rowstart: 4437; Rowend: 4699; Rows: 262; Colstart: 0; Colend: 12501; Cols: 12501;
Num-X: 1 ; Num-Y: 48 ; Resolution: 12500 ; Rank: 10 ; Rank-X: 0 ; Rank-Y: 10 ; Rowstart: 2610; Rowend: 2872; Rows: 262; Colstart: 0; Colend: 12501; Cols: 12501;
Num-X: 1 ; Num-Y: 48 ; Resolution: 12500 ; Rank: 6 ; Rank-X: 0 ; Rank-Y: 6 ; Rowstart: 1566; Rowend: 1828; Rows: 262; Colstart: 0; Colend: 12501; Cols: 12501;
Num-X: 1 ; Num-Y: 48 ; Resolution: 12500 ; Rank: 8 ; Rank-X: 0 ; Rank-Y: 8 ; Rowstart: 2088; Rowend: 2350; Rows: 262; Colstart: 0; Colend: 12501; Cols: 12501;
Num-X: 1 ; Num-Y: 48 ; Resolution: 12500 ; Rank: 20 ; Rank-X: 0 ; Rank-Y: 20 ; Rowstart: 5220; Rowend: 5481; Rows: 261; Colstart: 0; Colend: 12501; Cols: 12501;
Num-X: 1 ; Num-Y: 48 ; Resolution: 12500 ; Rank: 22 ; Rank-X: 0 ; Rank-Y: 22 ; Rowstart: 5740; Rowend: 6001; Rows: 261; Colstart: 0; Colend: 12501; Cols: 12501;
Num-X: 1 ; Num-Y: 48 ; Resolution: 12500 ; Rank: 23 ; Rank-X: 0 ; Rank-Y: 23 ; Rowstart: 6000; Rowend: 6261; Rows: 261; Colstart: 0; Colend: 12501; Cols: 12501;
Num-X: 1 ; Num-Y: 48 ; Resolution: 12500 ; Rank: 15 ; Rank-X: 0 ; Rank-Y: 15 ; Rowstart: 3915; Rowend: 4177; Rows: 262; Colstart: 0; Colend: 12501; Cols: 12501;
Num-X: 1 ; Num-Y: 48 ; Resolution: 12500 ; Rank: 18 ; Rank-X: 0 ; Rank-Y: 18 ; Rowstart: 4698; Rowend: 4960; Rows: 262; Colstart: 0; Colend: 12501; Cols: 12501;
Num-X: 1 ; Num-Y: 48 ; Resolution: 12500 ; Rank: 21 ; Rank-X: 0 ; Rank-Y: 21 ; Rowstart: 5480; Rowend: 5741; Rows: 261; Colstart: 0; Colend: 12501; Cols: 12501;
Num-X: 1 ; Num-Y: 48 ; Resolution: 12500 ; Rank: 12 ; Rank-X: 0 ; Rank-Y: 12 ; Rowstart: 3132; Rowend: 3394; Rows: 262; Colstart: 0; Colend: 12501; Cols: 12501;
Num-X: 1 ; Num-Y: 48 ; Resolution: 12500 ; Rank: 14 ; Rank-X: 0 ; Rank-Y: 14 ; Rowstart: 3654; Rowend: 3916; Rows: 262; Colstart: 0; Colend: 12501; Cols: 12501;

Resolution: 12500
===================
Execution time: 0.091022
Residual: 5.863330

megaflops:  240326.5
  flop instructions (M):  21875.000
