mpiexec -genv I_MPI_DEBUG=4 -genv OMP_NUM_THREADS=4 -genv I_MPI_PIN_DOMAIN=omp -n 48 ./heat test.dat 8 6
[0] MPI startup(): Intel(R) MPI Library, Version 2019 Update 8  Build 20200624 (id: 4f16ad915)
[0] MPI startup(): Copyright (C) 2003-2020 Intel Corporation.  All rights reserved.
[0] MPI startup(): library kind: release
[0] MPI startup(): libfabric version: 1.10.1-impi
[0] MPI startup(): libfabric provider: psm2

Executing each MPI process in 4 OMP threads.

Executing each MPI process in 4 OMP threads.

Executing each MPI process in 4 OMP threads.
[0] MPI startup(): Rank    Pid      Node name     Pin cpu
[0] MPI startup(): 0       2384342  i01r01c02s09  {0,1,48,49}
[0] MPI startup(): 1       2384343  i01r01c02s09  {2,3,50,51}
[0] MPI startup(): 2       2384344  i01r01c02s09  {4,5,52,53}
[0] MPI startup(): 3       2384345  i01r01c02s09  {6,7,54,55}
[0] MPI startup(): 4       2384346  i01r01c02s09  {8,9,56,57}
[0] MPI startup(): 5       2384347  i01r01c02s09  {10,11,58,59}
[0] MPI startup(): 6       2384348  i01r01c02s09  {24,25,72,73}
[0] MPI startup(): 7       2384349  i01r01c02s09  {26,27,74,75}
[0] MPI startup(): 8       2384350  i01r01c02s09  {28,29,76,77}
[0] MPI startup(): 9       2384351  i01r01c02s09  {30,31,78,79}
[0] MPI startup(): 10      2384352  i01r01c02s09  {32,33,80,81}
[0] MPI startup(): 11      2384353  i01r01c02s09  {34,35,82,83}
[0] MPI startup(): 12      178748   i01r01c02s10  {0,1,48,49}
[0] MPI startup(): 13      178749   i01r01c02s10  {2,3,50,51}
[0] MPI startup(): 14      178750   i01r01c02s10  {4,5,52,53}
[0] MPI startup(): 15      178751   i01r01c02s10  {6,7,54,55}
[0] MPI startup(): 16      178752   i01r01c02s10  {8,9,56,57}
[0] MPI startup(): 17      178753   i01r01c02s10  {10,11,58,59}
[0] MPI startup(): 18      178754   i01r01c02s10  {24,25,72,73}
[0] MPI startup(): 19      178755   i01r01c02s10  {26,27,74,75}
[0] MPI startup(): 20      178756   i01r01c02s10  {28,29,76,77}
[0] MPI startup(): 21      178757   i01r01c02s10  {30,31,78,79}
[0] MPI startup(): 22      178758   i01r01c02s10  {32,33,80,81}
[0] MPI startup(): 23      178759   i01r01c02s10  {34,35,82,83}
[0] MPI startup(): 24      1980613  i01r01c02s11  {0,1,48,49}
[0] MPI startup(): 25      1980614  i01r01c02s11  {2,3,50,51}
[0] MPI startup(): 26      1980615  i01r01c02s11  {4,5,52,53}
[0] MPI startup(): 27      1980616  i01r01c02s11  {6,7,54,55}
[0] MPI startup(): 28      1980617  i01r01c02s11  {8,9,56,57}
[0] MPI startup(): 29      1980618  i01r01c02s11  {10,11,58,59}
[0] MPI startup(): 30      1980619  i01r01c02s11  {24,25,72,73}
[0] MPI startup(): 31      1980620  i01r01c02s11  {26,27,74,75}
[0] MPI startup(): 32      1980621  i01r01c02s11  {28,29,76,77}
[0] MPI startup(): 33      1980622  i01r01c02s11  {30,31,78,79}
[0] MPI startup(): 34      1980623  i01r01c02s11  {32,33,80,81}
[0] MPI startup(): 35      1980624  i01r01c02s11  {34,35,82,83}
[0] MPI startup(): 36      2455653  i01r01c02s12  {0,1,48,49}
[0] MPI startup(): 37      2455654  i01r01c02s12  {2,3,50,51}
[0] MPI startup(): 38      2455655  i01r01c02s12  {4,5,52,53}
[0] MPI startup(): 39      2455656  i01r01c02s12  {6,7,54,55}
[0] MPI startup(): 40      2455657  i01r01c02s12  {8,9,56,57}
[0] MPI startup(): 41      2455658  i01r01c02s12  {10,11,58,59}
[0] MPI startup(): 42      2455659  i01r01c02s12  {24,25,72,73}
[0] MPI startup(): 43      2455660  i01r01c02s12  {26,27,74,75}
[0] MPI startup(): 44      2455661  i01r01c02s12  {28,29,76,77}
[0] MPI startup(): 45      2455662  i01r01c02s12  {30,31,78,79}
[0] MPI startup(): 46      2455663  i01r01c02s12  {32,33,80,81}
[0] MPI startup(): 47      2455664  i01r01c02s12  {34,35,82,83}

Executing each MPI process in 4 OMP threads.

Executing each MPI process in 4 OMP threads.

8 processes distributed in X-direction
 6 ; processes distributed in Y-direction
Resolutions       : (4500, 5500, ... 12500)
Iterations        : 20
Num. Heat sources : 2
   1: (0.00, 0.00) 1.00 1.00 
   2: (1.00, 1.00) 1.00 0.50 
rank= 0 coords= 0 0 neighbours(up,down,left,right)= -1 6 -1 1
rank= 24 coords= 4 0 neighbours(up,down,left,right)= 18 30 -1 25
rank= 36 coords= 6 0 neighbours(up,down,left,right)= 30 42 -1 37
rank= 12 coords= 2 0 neighbours(up,down,left,right)= 6 18 -1 13
rank= 1 coords= 0 1 neighbours(up,down,left,right)= -1 7 0 2
rank= 25 coords= 4 1 neighbours(up,down,left,right)= 19 31 24 26
rank= 37 coords= 6 1 neighbours(up,down,left,right)= 31 43 36 38
rank= 16 coords= 2 4 neighbours(up,down,left,right)= 10 22 15 17
rank= 2 coords= 0 2 neighbours(up,down,left,right)= -1 8 1 3
rank= 26 coords= 4 2 neighbours(up,down,left,right)= 20 32 25 27
rank= 38 coords= 6 2 neighbours(up,down,left,right)= 32 44 37 39
rank= 21 coords= 3 3 neighbours(up,down,left,right)= 15 27 20 22
rank= 3 coords= 0 3 neighbours(up,down,left,right)= -1 9 2 4
rank= 27 coords= 4 3 neighbours(up,down,left,right)= 21 33 26 28
rank= 39 coords= 6 3 neighbours(up,down,left,right)= 33 45 38 40
rank= 22 coords= 3 4 neighbours(up,down,left,right)= 16 28 21 23
rank= 4 coords= 0 4 neighbours(up,down,left,right)= -1 10 3 5
rank= 29 coords= 4 5 neighbours(up,down,left,right)= 23 35 28 -1
rank= 40 coords= 6 4 neighbours(up,down,left,right)= 34 46 39 41
rank= 13 coords= 2 1 neighbours(up,down,left,right)= 7 19 12 14
rank= 5 coords= 0 5 neighbours(up,down,left,right)= -1 11 4 -1
rank= 30 coords= 5 0 neighbours(up,down,left,right)= 24 36 -1 31
rank= 6 coords= 1 0 neighbours(up,down,left,right)= 0 12 -1 7
rank= 32 coords= 5 2 neighbours(up,down,left,right)= 26 38 31 33
rank= 41 coords= 6 5 neighbours(up,down,left,right)= 35 47 40 -1
rank= 7 coords= 1 1 neighbours(up,down,left,right)= 1 13 6 8
rank= 33 coords= 5 3 neighbours(up,down,left,right)= 27 39 32 34
rank= 42 coords= 7 0 neighbours(up,down,left,right)= 36 -1 -1 43
rank= 14 coords= 2 2 neighbours(up,down,left,right)= 8 20 13 15
rank= 8 coords= 1 2 neighbours(up,down,left,right)= 2 14 7 9
rank= 34 coords= 5 4 neighbours(up,down,left,right)= 28 40 33 35
rank= 43 coords= 7 1 neighbours(up,down,left,right)= 37 -1 42 44
rank= 15 coords= 2 3 neighbours(up,down,left,right)= 9 21 14 16
rank= 9 coords= 1 3 neighbours(up,down,left,right)= 3 15 8 10
rank= 35 coords= 5 5 neighbours(up,down,left,right)= 29 41 34 -1
rank= 44 coords= 7 2 neighbours(up,down,left,right)= 38 -1 43 45
rank= 17 coords= 2 5 neighbours(up,down,left,right)= 11 23 16 -1
rank= 10 coords= 1 4 neighbours(up,down,left,right)= 4 16 9 11
rank= 28 coords= 4 4 neighbours(up,down,left,right)= 22 34 27 29
rank= 45 coords= 7 3 neighbours(up,down,left,right)= 39 -1 44 46
rank= 18 coords= 3 0 neighbours(up,down,left,right)= 12 24 -1 19
rank= 11 coords= 1 5 neighbours(up,down,left,right)= 5 17 10 -1
rank= 31 coords= 5 1 neighbours(up,down,left,right)= 25 37 30 32
rank= 46 coords= 7 4 neighbours(up,down,left,right)= 40 -1 45 47
rank= 19 coords= 3 1 neighbours(up,down,left,right)= 13 25 18 20
rank= 47 coords= 7 5 neighbours(up,down,left,right)= 41 -1 46 -1
rank= 20 coords= 3 2 neighbours(up,down,left,right)= 14 26 19 21
rank= 23 coords= 3 5 neighbours(up,down,left,right)= 17 29 22 -1

Num-X: 6 ; Num-Y: 8 ; Resolution: 4500 ; Rank: 43 ; Rank-X: 1 ; Rank-Y: 7 ; Rowstart: 3938; Rowend: 4501; Rows: 563; Colstart: 750; Colend: 1501; Cols: 751;
Num-X: 6 ; Num-Y: 8 ; Resolution: 4500 ; Rank: 47 ; Rank-X: 5 ; Rank-Y: 7 ; Rowstart: 3938; Rowend: 4501; Rows: 563; Colstart: 3750; Colend: 4501; Cols: 751;
Num-X: 6 ; Num-Y: 8 ; Resolution: 4500 ; Rank: 15 ; Rank-X: 3 ; Rank-Y: 2 ; Rowstart: 1126; Rowend: 1690; Rows: 564; Colstart: 2250; Colend: 3001; Cols: 751;
Num-X: 6 ; Num-Y: 8 ; Resolution: 4500 ; Rank: 10 ; Rank-X: 4 ; Rank-Y: 1 ; Rowstart: 563; Rowend: 1127; Rows: 564; Colstart: 3000; Colend: 3751; Cols: 751;
Num-X: 6 ; Num-Y: 8 ; Resolution: 4500 ; Rank: 0 ; Rank-X: 0 ; Rank-Y: 0 ; Rowstart: 0; Rowend: 564; Rows: 564; Colstart: 0; Colend: 751; Cols: 751;
Num-X: 6 ; Num-Y: 8 ; Resolution: 4500 ; Rank: 12 ; Rank-X: 0 ; Rank-Y: 2 ; Rowstart: 1126; Rowend: 1690; Rows: 564; Colstart: 0; Colend: 751; Cols: 751;
Num-X: 6 ; Num-Y: 8 ; Resolution: 4500 ; Rank: 38 ; Rank-X: 2 ; Rank-Y: 6 ; Rowstart: 3376; Rowend: 3939; Rows: 563; Colstart: 1500; Colend: 2251; Cols: 751;
Num-X: 6 ; Num-Y: 8 ; Resolution: 4500 ; Rank: 42 ; Rank-X: 0 ; Rank-Y: 7 ; Rowstart: 3938; Rowend: 4501; Rows: 563; Colstart: 0; Colend: 751; Cols: 751;
Num-X: 6 ; Num-Y: 8 ; Resolution: 4500 ; Rank: 40 ; Rank-X: 4 ; Rank-Y: 6 ; Rowstart: 3376; Rowend: 3939; Rows: 563; Colstart: 3000; Colend: 3751; Cols: 751;
Num-X: 6 ; Num-Y: 8 ; Resolution: 4500 ; Rank: 14 ; Rank-X: 2 ; Rank-Y: 2 ; Rowstart: 1126; Rowend: 1690; Rows: 564; Colstart: 1500; Colend: 2251; Cols: 751;
Num-X: 6 ; Num-Y: 8 ; Resolution: 4500 ; Rank: 21 ; Rank-X: 3 ; Rank-Y: 3 ; Rowstart: 1689; Rowend: 2253; Rows: 564; Colstart: 2250; Colend: 3001; Cols: 751;
Num-X: 6 ; Num-Y: 8 ; Resolution: 4500 ; Rank: 13 ; Rank-X: 1 ; Rank-Y: 2 ; Rowstart: 1126; Rowend: 1690; Rows: 564; Colstart: 750; Colend: 1501; Cols: 751;
Num-X: 6 ; Num-Y: 8 ; Resolution: 4500 ; Rank: 11 ; Rank-X: 5 ; Rank-Y: 1 ; Rowstart: 563; Rowend: 1127; Rows: 564; Colstart: 3750; Colend: 4501; Cols: 751;
Num-X: 6 ; Num-Y: 8 ; Resolution: 4500 ; Rank: 36 ; Rank-X: 0 ; Rank-Y: 6 ; Rowstart: 3376; Rowend: 3939; Rows: 563; Colstart: 0; Colend: 751; Cols: 751;
Num-X: 6 ; Num-Y: 8 ; Resolution: 4500 ; Rank: 18 ; Rank-X: 0 ; Rank-Y: 3 ; Rowstart: 1689; Rowend: 2253; Rows: 564; Colstart: 0; Colend: 751; Cols: 751;
Num-X: 6 ; Num-Y: 8 ; Resolution: 4500 ; Rank: 6 ; Rank-X: 0 ; Rank-Y: 1 ; Rowstart: 563; Rowend: 1127; Rows: 564; Colstart: 0; Colend: 751; Cols: 751;
Num-X: 6 ; Num-Y: 8 ; Resolution: 4500 ; Rank: 37 ; Rank-X: 1 ; Rank-Y: 6 ; Rowstart: 3376; Rowend: 3939; Rows: 563; Colstart: 750; Colend: 1501; Cols: 751;
Num-X: 6 ; Num-Y: 8 ; Resolution: 4500 ; Rank: 19 ; Rank-X: 1 ; Rank-Y: 3 ; Rowstart: 1689; Rowend: 2253; Rows: 564; Colstart: 750; Colend: 1501; Cols: 751;
Num-X: 6 ; Num-Y: 8 ; Resolution: 4500 ; Rank: 8 ; Rank-X: 2 ; Rank-Y: 1 ; Rowstart: 563; Rowend: 1127; Rows: 564; Colstart: 1500; Colend: 2251; Cols: 751;
Num-X: 6 ; Num-Y: 8 ; Resolution: 4500 ; Rank: 41 ; Rank-X: 5 ; Rank-Y: 6 ; Rowstart: 3376; Rowend: 3939; Rows: 563; Colstart: 3750; Colend: 4501; Cols: 751;
Num-X: 6 ; Num-Y: 8 ; Resolution: 4500 ; Rank: 20 ; Rank-X: 2 ; Rank-Y: 3 ; Rowstart: 1689; Rowend: 2253; Rows: 564; Colstart: 1500; Colend: 2251; Cols: 751;
Num-X: 6 ; Num-Y: 8 ; Resolution: 4500 ; Rank: 44 ; Rank-X: 2 ; Rank-Y: 7 ; Rowstart: 3938; Rowend: 4501; Rows: 563; Colstart: 1500; Colend: 2251; Cols: 751;
Num-X: 6 ; Num-Y: 8 ; Resolution: 4500 ; Rank: 16 ; Rank-X: 4 ; Rank-Y: 2 ; Rowstart: 1126; Rowend: 1690; Rows: 564; Colstart: 3000; Colend: 3751; Cols: 751;
Num-X: 6 ; Num-Y: 8 ; Resolution: 4500 ; Rank: 45 ; Rank-X: 3 ; Rank-Y: 7 ; Rowstart: 3938; Rowend: 4501; Rows: 563; Colstart: 2250; Colend: 3001; Cols: 751;
Num-X: 6 ; Num-Y: 8 ; Resolution: 4500 ; Rank: 17 ; Rank-X: 5 ; Rank-Y: 2 ; Rowstart: 1126; Rowend: 1690; Rows: 564; Colstart: 3750; Colend: 4501; Cols: 751;
Num-X: 6 ; Num-Y: 8 ; Resolution: 4500 ; Rank: 46 ; Rank-X: 4 ; Rank-Y: 7 ; Rowstart: 3938; Rowend: 4501; Rows: 563; Colstart: 3000; Colend: 3751; Cols: 751;
Num-X: 6 ; Num-Y: 8 ; Resolution: 4500 ; Rank: 23 ; Rank-X: 5 ; Rank-Y: 3 ; Rowstart: 1689; Rowend: 2253; Rows: 564; Colstart: 3750; Colend: 4501; Cols: 751;
Num-X: 6 ; Num-Y: 8 ; Resolution: 4500 ; Rank: 1 ; Rank-X: 1 ; Rank-Y: 0 ; Rowstart: 0; Rowend: 564; Rows: 564; Colstart: 750; Colend: 1501; Cols: 751;
Num-X: 6 ; Num-Y: 8 ; Resolution: 4500 ; Rank: 4 ; Rank-X: 4 ; Rank-Y: 0 ; Rowstart: 0; Rowend: 564; Rows: 564; Colstart: 3000; Colend: 3751; Cols: 751;
Num-X: 6 ; Num-Y: 8 ; Resolution: 4500 ; Rank: 7 ; Rank-X: 1 ; Rank-Y: 1 ; Rowstart: 563; Rowend: 1127; Rows: 564; Colstart: 750; Colend: 1501; Cols: 751;
Num-X: 6 ; Num-Y: 8 ; Resolution: 4500 ; Rank: 3 ; Rank-X: 3 ; Rank-Y: 0 ; Rowstart: 0; Rowend: 564; Rows: 564; Colstart: 2250; Colend: 3001; Cols: 751;
Num-X: 6 ; Num-Y: 8 ; Resolution: 4500 ; Rank: 22 ; Rank-X: 4 ; Rank-Y: 3 ; Rowstart: 1689; Rowend: 2253; Rows: 564; Colstart: 3000; Colend: 3751; Cols: 751;
Num-X: 6 ; Num-Y: 8 ; Resolution: 4500 ; Rank: 9 ; Rank-X: 3 ; Rank-Y: 1 ; Rowstart: 563; Rowend: 1127; Rows: 564; Colstart: 2250; Colend: 3001; Cols: 751;
Num-X: 6 ; Num-Y: 8 ; Resolution: 4500 ; Rank: 2 ; Rank-X: 2 ; Rank-Y: 0 ; Rowstart: 0; Rowend: 564; Rows: 564; Colstart: 1500; Colend: 2251; Cols: 751;
Num-X: 6 ; Num-Y: 8 ; Resolution: 4500 ; Rank: 5 ; Rank-X: 5 ; Rank-Y: 0 ; Rowstart: 0; Rowend: 564; Rows: 564; Colstart: 3750; Colend: 4501; Cols: 751;
Num-X: 6 ; Num-Y: 8 ; Resolution: 4500 ; Rank: 39 ; Rank-X: 3 ; Rank-Y: 6 ; Rowstart: 3376; Rowend: 3939; Rows: 563; Colstart: 2250; Colend: 3001; Cols: 751;
Num-X: 6 ; Num-Y: 8 ; Resolution: 4500 ; Rank: 28 ; Rank-X: 4 ; Rank-Y: 4 ; Rowstart: 2252; Rowend: 2815; Rows: 563; Colstart: 3000; Colend: 3751; Cols: 751;
Num-X: 6 ; Num-Y: 8 ; Resolution: 4500 ; Rank: 35 ; Rank-X: 5 ; Rank-Y: 5 ; Rowstart: 2814; Rowend: 3377; Rows: 563; Colstart: 3750; Colend: 4501; Cols: 751;
Num-X: 6 ; Num-Y: 8 ; Resolution: 4500 ; Rank: 24 ; Rank-X: 0 ; Rank-Y: 4 ; Rowstart: 2252; Rowend: 2815; Rows: 563; Colstart: 0; Colend: 751; Cols: 751;
Num-X: 6 ; Num-Y: 8 ; Resolution: 4500 ; Rank: 25 ; Rank-X: 1 ; Rank-Y: 4 ; Rowstart: 2252; Rowend: 2815; Rows: 563; Colstart: 750; Colend: 1501; Cols: 751;
Num-X: 6 ; Num-Y: 8 ; Resolution: 4500 ; Rank: 30 ; Rank-X: 0 ; Rank-Y: 5 ; Rowstart: 2814; Rowend: 3377; Rows: 563; Colstart: 0; Colend: 751; Cols: 751;
Num-X: 6 ; Num-Y: 8 ; Resolution: 4500 ; Rank: 32 ; Rank-X: 2 ; Rank-Y: 5 ; Rowstart: 2814; Rowend: 3377; Rows: 563; Colstart: 1500; Colend: 2251; Cols: 751;
Num-X: 6 ; Num-Y: 8 ; Resolution: 4500 ; Rank: 34 ; Rank-X: 4 ; Rank-Y: 5 ; Rowstart: 2814; Rowend: 3377; Rows: 563; Colstart: 3000; Colend: 3751; Cols: 751;
Num-X: 6 ; Num-Y: 8 ; Resolution: 4500 ; Rank: 27 ; Rank-X: 3 ; Rank-Y: 4 ; Rowstart: 2252; Rowend: 2815; Rows: 563; Colstart: 2250; Colend: 3001; Cols: 751;
Num-X: 6 ; Num-Y: 8 ; Resolution: 4500 ; Rank: 31 ; Rank-X: 1 ; Rank-Y: 5 ; Rowstart: 2814; Rowend: 3377; Rows: 563; Colstart: 750; Colend: 1501; Cols: 751;
Num-X: 6 ; Num-Y: 8 ; Resolution: 4500 ; Rank: 33 ; Rank-X: 3 ; Rank-Y: 5 ; Rowstart: 2814; Rowend: 3377; Rows: 563; Colstart: 2250; Colend: 3001; Cols: 751;
Num-X: 6 ; Num-Y: 8 ; Resolution: 4500 ; Rank: 26 ; Rank-X: 2 ; Rank-Y: 4 ; Rowstart: 2252; Rowend: 2815; Rows: 563; Colstart: 1500; Colend: 2251; Cols: 751;
Num-X: 6 ; Num-Y: 8 ; Resolution: 4500 ; Rank: 29 ; Rank-X: 5 ; Rank-Y: 4 ; Rowstart: 2252; Rowend: 2815; Rows: 563; Colstart: 3750; Colend: 4501; Cols: 751;

Resolution: 4500
===================
Execution time: 0.008121
Residual: 2.111093

megaflops:  349094.4
  flop instructions (M):  2835.000

Num-X: 6 ; Num-Y: 8 ; Resolution: 5500 ; Rank: 1 ; Rank-X: 1 ; Rank-Y: 0 ; Rowstart: 0; Rowend: 689; Rows: 689; Colstart: 917; Colend: 1835; Cols: 918;
Num-X: 6 ; Num-Y: 8 ; Resolution: 5500 ; Rank: 44 ; Rank-X: 2 ; Rank-Y: 7 ; Rowstart: 4813; Rowend: 5501; Rows: 688; Colstart: 1834; Colend: 2752; Cols: 918;
Num-X: 6 ; Num-Y: 8 ; Resolution: 5500 ; Rank: 2 ; Rank-X: 2 ; Rank-Y: 0 ; Rowstart: 0; Rowend: 689; Rows: 689; Colstart: 1834; Colend: 2752; Cols: 918;
Num-X: 6 ; Num-Y: 8 ; Resolution: 5500 ; Rank: 25 ; Rank-X: 1 ; Rank-Y: 4 ; Rowstart: 2752; Rowend: 3440; Rows: 688; Colstart: 917; Colend: 1835; Cols: 918;
Num-X: 6 ; Num-Y: 8 ; Resolution: 5500 ; Rank: 43 ; Rank-X: 1 ; Rank-Y: 7 ; Rowstart: 4813; Rowend: 5501; Rows: 688; Colstart: 917; Colend: 1835; Cols: 918;
Num-X: 6 ; Num-Y: 8 ; Resolution: 5500 ; Rank: 3 ; Rank-X: 3 ; Rank-Y: 0 ; Rowstart: 0; Rowend: 689; Rows: 689; Colstart: 2751; Colend: 3669; Cols: 918;
Num-X: 6 ; Num-Y: 8 ; Resolution: 5500 ; Rank: 26 ; Rank-X: 2 ; Rank-Y: 4 ; Rowstart: 2752; Rowend: 3440; Rows: 688; Colstart: 1834; Colend: 2752; Cols: 918;
Num-X: 6 ; Num-Y: 8 ; Resolution: 5500 ; Rank: 9 ; Rank-X: 3 ; Rank-Y: 1 ; Rowstart: 688; Rowend: 1377; Rows: 689; Colstart: 2751; Colend: 3669; Cols: 918;
Num-X: 6 ; Num-Y: 8 ; Resolution: 5500 ; Rank: 29 ; Rank-X: 5 ; Rank-Y: 4 ; Rowstart: 2752; Rowend: 3440; Rows: 688; Colstart: 4584; Colend: 5501; Cols: 917;
Num-X: 6 ; Num-Y: 8 ; Resolution: 5500 ; Rank: 40 ; Rank-X: 4 ; Rank-Y: 6 ; Rowstart: 4126; Rowend: 4814; Rows: 688; Colstart: 3668; Colend: 4585; Cols: 917;
Num-X: 6 ; Num-Y: 8 ; Resolution: 5500 ; Rank: 0 ; Rank-X: 0 ; Rank-Y: 0 ; Rowstart: 0; Rowend: 689; Rows: 689; Colstart: 0; Colend: 918; Cols: 918;
Num-X: 6 ; Num-Y: 8 ; Resolution: 5500 ; Rank: 32 ; Rank-X: 2 ; Rank-Y: 5 ; Rowstart: 3439; Rowend: 4127; Rows: 688; Colstart: 1834; Colend: 2752; Cols: 918;
Num-X: 6 ; Num-Y: 8 ; Resolution: 5500 ; Rank: 42 ; Rank-X: 0 ; Rank-Y: 7 ; Rowstart: 4813; Rowend: 5501; Rows: 688; Colstart: 0; Colend: 918; Cols: 918;
Num-X: 6 ; Num-Y: 8 ; Resolution: 5500 ; Rank: 13 ; Rank-X: 1 ; Rank-Y: 2 ; Rowstart: 1376; Rowend: 2065; Rows: 689; Colstart: 917; Colend: 1835; Cols: 918;
Num-X: 6 ; Num-Y: 8 ; Resolution: 5500 ; Rank: 6 ; Rank-X: 0 ; Rank-Y: 1 ; Rowstart: 688; Rowend: 1377; Rows: 689; Colstart: 0; Colend: 918; Cols: 918;
Num-X: 6 ; Num-Y: 8 ; Resolution: 5500 ; Rank: 24 ; Rank-X: 0 ; Rank-Y: 4 ; Rowstart: 2752; Rowend: 3440; Rows: 688; Colstart: 0; Colend: 918; Cols: 918;
Num-X: 6 ; Num-Y: 8 ; Resolution: 5500 ; Rank: 37 ; Rank-X: 1 ; Rank-Y: 6 ; Rowstart: 4126; Rowend: 4814; Rows: 688; Colstart: 917; Colend: 1835; Cols: 918;
Num-X: 6 ; Num-Y: 8 ; Resolution: 5500 ; Rank: 10 ; Rank-X: 4 ; Rank-Y: 1 ; Rowstart: 688; Rowend: 1377; Rows: 689; Colstart: 3668; Colend: 4585; Cols: 917;
Num-X: 6 ; Num-Y: 8 ; Resolution: 5500 ; Rank: 28 ; Rank-X: 4 ; Rank-Y: 4 ; Rowstart: 2752; Rowend: 3440; Rows: 688; Colstart: 3668; Colend: 4585; Cols: 917;
Num-X: 6 ; Num-Y: 8 ; Resolution: 5500 ; Rank: 36 ; Rank-X: 0 ; Rank-Y: 6 ; Rowstart: 4126; Rowend: 4814; Rows: 688; Colstart: 0; Colend: 918; Cols: 918;
Num-X: 6 ; Num-Y: 8 ; Resolution: 5500 ; Rank: 15 ; Rank-X: 3 ; Rank-Y: 2 ; Rowstart: 1376; Rowend: 2065; Rows: 689; Colstart: 2751; Colend: 3669; Cols: 918;
Num-X: 6 ; Num-Y: 8 ; Resolution: 5500 ; Rank: 11 ; Rank-X: 5 ; Rank-Y: 1 ; Rowstart: 688; Rowend: 1377; Rows: 689; Colstart: 4584; Colend: 5501; Cols: 917;
Num-X: 6 ; Num-Y: 8 ; Resolution: 5500 ; Rank: 30 ; Rank-X: 0 ; Rank-Y: 5 ; Rowstart: 3439; Rowend: 4127; Rows: 688; Colstart: 0; Colend: 918; Cols: 918;
Num-X: 6 ; Num-Y: 8 ; Resolution: 5500 ; Rank: 16 ; Rank-X: 4 ; Rank-Y: 2 ; Rowstart: 1376; Rowend: 2065; Rows: 689; Colstart: 3668; Colend: 4585; Cols: 917;
Num-X: 6 ; Num-Y: 8 ; Resolution: 5500 ; Rank: 8 ; Rank-X: 2 ; Rank-Y: 1 ; Rowstart: 688; Rowend: 1377; Rows: 689; Colstart: 1834; Colend: 2752; Cols: 918;
Num-X: 6 ; Num-Y: 8 ; Resolution: 5500 ; Rank: 33 ; Rank-X: 3 ; Rank-Y: 5 ; Rowstart: 3439; Rowend: 4127; Rows: 688; Colstart: 2751; Colend: 3669; Cols: 918;
Num-X: 6 ; Num-Y: 8 ; Resolution: 5500 ; Rank: 46 ; Rank-X: 4 ; Rank-Y: 7 ; Rowstart: 4813; Rowend: 5501; Rows: 688; Colstart: 3668; Colend: 4585; Cols: 917;
Num-X: 6 ; Num-Y: 8 ; Resolution: 5500 ; Rank: 19 ; Rank-X: 1 ; Rank-Y: 3 ; Rowstart: 2064; Rowend: 2753; Rows: 689; Colstart: 917; Colend: 1835; Cols: 918;
Num-X: 6 ; Num-Y: 8 ; Resolution: 5500 ; Rank: 4 ; Rank-X: 4 ; Rank-Y: 0 ; Rowstart: 0; Rowend: 689; Rows: 689; Colstart: 3668; Colend: 4585; Cols: 917;
Num-X: 6 ; Num-Y: 8 ; Resolution: 5500 ; Rank: 35 ; Rank-X: 5 ; Rank-Y: 5 ; Rowstart: 3439; Rowend: 4127; Rows: 688; Colstart: 4584; Colend: 5501; Cols: 917;
Num-X: 6 ; Num-Y: 8 ; Resolution: 5500 ; Rank: 38 ; Rank-X: 2 ; Rank-Y: 6 ; Rowstart: 4126; Rowend: 4814; Rows: 688; Colstart: 1834; Colend: 2752; Cols: 918;
Num-X: 6 ; Num-Y: 8 ; Resolution: 5500 ; Rank: 20 ; Rank-X: 2 ; Rank-Y: 3 ; Rowstart: 2064; Rowend: 2753; Rows: 689; Colstart: 1834; Colend: 2752; Cols: 918;
Num-X: 6 ; Num-Y: 8 ; Resolution: 5500 ; Rank: 7 ; Rank-X: 1 ; Rank-Y: 1 ; Rowstart: 688; Rowend: 1377; Rows: 689; Colstart: 917; Colend: 1835; Cols: 918;
Num-X: 6 ; Num-Y: 8 ; Resolution: 5500 ; Rank: 34 ; Rank-X: 4 ; Rank-Y: 5 ; Rowstart: 3439; Rowend: 4127; Rows: 688; Colstart: 3668; Colend: 4585; Cols: 917;
Num-X: 6 ; Num-Y: 8 ; Resolution: 5500 ; Rank: 41 ; Rank-X: 5 ; Rank-Y: 6 ; Rowstart: 4126; Rowend: 4814; Rows: 688; Colstart: 4584; Colend: 5501; Cols: 917;
Num-X: 6 ; Num-Y: 8 ; Resolution: 5500 ; Rank: 21 ; Rank-X: 3 ; Rank-Y: 3 ; Rowstart: 2064; Rowend: 2753; Rows: 689; Colstart: 2751; Colend: 3669; Cols: 918;
Num-X: 6 ; Num-Y: 8 ; Resolution: 5500 ; Rank: 5 ; Rank-X: 5 ; Rank-Y: 0 ; Rowstart: 0; Rowend: 689; Rows: 689; Colstart: 4584; Colend: 5501; Cols: 917;
Num-X: 6 ; Num-Y: 8 ; Resolution: 5500 ; Rank: 31 ; Rank-X: 1 ; Rank-Y: 5 ; Rowstart: 3439; Rowend: 4127; Rows: 688; Colstart: 917; Colend: 1835; Cols: 918;
Num-X: 6 ; Num-Y: 8 ; Resolution: 5500 ; Rank: 17 ; Rank-X: 5 ; Rank-Y: 2 ; Rowstart: 1376; Rowend: 2065; Rows: 689; Colstart: 4584; Colend: 5501; Cols: 917;
Num-X: 6 ; Num-Y: 8 ; Resolution: 5500 ; Rank: 27 ; Rank-X: 3 ; Rank-Y: 4 ; Rowstart: 2752; Rowend: 3440; Rows: 688; Colstart: 2751; Colend: 3669; Cols: 918;
Num-X: 6 ; Num-Y: 8 ; Resolution: 5500 ; Rank: 39 ; Rank-X: 3 ; Rank-Y: 6 ; Rowstart: 4126; Rowend: 4814; Rows: 688; Colstart: 2751; Colend: 3669; Cols: 918;
Num-X: 6 ; Num-Y: 8 ; Resolution: 5500 ; Rank: 22 ; Rank-X: 4 ; Rank-Y: 3 ; Rowstart: 2064; Rowend: 2753; Rows: 689; Colstart: 3668; Colend: 4585; Cols: 917;
Num-X: 6 ; Num-Y: 8 ; Resolution: 5500 ; Rank: 47 ; Rank-X: 5 ; Rank-Y: 7 ; Rowstart: 4813; Rowend: 5501; Rows: 688; Colstart: 4584; Colend: 5501; Cols: 917;
Num-X: 6 ; Num-Y: 8 ; Resolution: 5500 ; Rank: 45 ; Rank-X: 3 ; Rank-Y: 7 ; Rowstart: 4813; Rowend: 5501; Rows: 688; Colstart: 2751; Colend: 3669; Cols: 918;
Num-X: 6 ; Num-Y: 8 ; Resolution: 5500 ; Rank: 12 ; Rank-X: 0 ; Rank-Y: 2 ; Rowstart: 1376; Rowend: 2065; Rows: 689; Colstart: 0; Colend: 918; Cols: 918;
Num-X: 6 ; Num-Y: 8 ; Resolution: 5500 ; Rank: 14 ; Rank-X: 2 ; Rank-Y: 2 ; Rowstart: 1376; Rowend: 2065; Rows: 689; Colstart: 1834; Colend: 2752; Cols: 918;
Num-X: 6 ; Num-Y: 8 ; Resolution: 5500 ; Rank: 18 ; Rank-X: 0 ; Rank-Y: 3 ; Rowstart: 2064; Rowend: 2753; Rows: 689; Colstart: 0; Colend: 918; Cols: 918;
Num-X: 6 ; Num-Y: 8 ; Resolution: 5500 ; Rank: 23 ; Rank-X: 5 ; Rank-Y: 3 ; Rowstart: 2064; Rowend: 2753; Rows: 689; Colstart: 4584; Colend: 5501; Cols: 917;

Resolution: 5500
===================
Execution time: 0.011699
Residual: 2.580124

megaflops:  361998.0
  flop instructions (M):  4235.000

Num-X: 6 ; Num-Y: 8 ; Resolution: 6500 ; Rank: 11 ; Rank-X: 5 ; Rank-Y: 1 ; Rowstart: 813; Rowend: 1627; Rows: 814; Colstart: 5417; Colend: 6501; Cols: 1084;
Num-X: 6 ; Num-Y: 8 ; Resolution: 6500 ; Rank: 38 ; Rank-X: 2 ; Rank-Y: 6 ; Rowstart: 4876; Rowend: 5689; Rows: 813; Colstart: 2168; Colend: 3252; Cols: 1084;
Num-X: 6 ; Num-Y: 8 ; Resolution: 6500 ; Rank: 36 ; Rank-X: 0 ; Rank-Y: 6 ; Rowstart: 4876; Rowend: 5689; Rows: 813; Colstart: 0; Colend: 1085; Cols: 1085;
Num-X: 6 ; Num-Y: 8 ; Resolution: 6500 ; Rank: 8 ; Rank-X: 2 ; Rank-Y: 1 ; Rowstart: 813; Rowend: 1627; Rows: 814; Colstart: 2168; Colend: 3252; Cols: 1084;
Num-X: 6 ; Num-Y: 8 ; Resolution: 6500 ; Rank: 10 ; Rank-X: 4 ; Rank-Y: 1 ; Rowstart: 813; Rowend: 1627; Rows: 814; Colstart: 4334; Colend: 5418; Cols: 1084;
Num-X: 6 ; Num-Y: 8 ; Resolution: 6500 ; Rank: 26 ; Rank-X: 2 ; Rank-Y: 4 ; Rowstart: 3252; Rowend: 4065; Rows: 813; Colstart: 2168; Colend: 3252; Cols: 1084;
Num-X: 6 ; Num-Y: 8 ; Resolution: 6500 ; Rank: 1 ; Rank-X: 1 ; Rank-Y: 0 ; Rowstart: 0; Rowend: 814; Rows: 814; Colstart: 1084; Colend: 2169; Cols: 1085;
Num-X: 6 ; Num-Y: 8 ; Resolution: 6500 ; Rank: 34 ; Rank-X: 4 ; Rank-Y: 5 ; Rowstart: 4064; Rowend: 4877; Rows: 813; Colstart: 4334; Colend: 5418; Cols: 1084;
Num-X: 6 ; Num-Y: 8 ; Resolution: 6500 ; Rank: 40 ; Rank-X: 4 ; Rank-Y: 6 ; Rowstart: 4876; Rowend: 5689; Rows: 813; Colstart: 4334; Colend: 5418; Cols: 1084;
Num-X: 6 ; Num-Y: 8 ; Resolution: 6500 ; Rank: 3 ; Rank-X: 3 ; Rank-Y: 0 ; Rowstart: 0; Rowend: 814; Rows: 814; Colstart: 3251; Colend: 4335; Cols: 1084;
Num-X: 6 ; Num-Y: 8 ; Resolution: 6500 ; Rank: 25 ; Rank-X: 1 ; Rank-Y: 4 ; Rowstart: 3252; Rowend: 4065; Rows: 813; Colstart: 1084; Colend: 2169; Cols: 1085;
Num-X: 6 ; Num-Y: 8 ; Resolution: 6500 ; Rank: 4 ; Rank-X: 4 ; Rank-Y: 0 ; Rowstart: 0; Rowend: 814; Rows: 814; Colstart: 4334; Colend: 5418; Cols: 1084;
Num-X: 6 ; Num-Y: 8 ; Resolution: 6500 ; Rank: 14 ; Rank-X: 2 ; Rank-Y: 2 ; Rowstart: 1626; Rowend: 2440; Rows: 814; Colstart: 2168; Colend: 3252; Cols: 1084;
Num-X: 6 ; Num-Y: 8 ; Resolution: 6500 ; Rank: 7 ; Rank-X: 1 ; Rank-Y: 1 ; Rowstart: 813; Rowend: 1627; Rows: 814; Colstart: 1084; Colend: 2169; Cols: 1085;
Num-X: 6 ; Num-Y: 8 ; Resolution: 6500 ; Rank: 27 ; Rank-X: 3 ; Rank-Y: 4 ; Rowstart: 3252; Rowend: 4065; Rows: 813; Colstart: 3251; Colend: 4335; Cols: 1084;
Num-X: 6 ; Num-Y: 8 ; Resolution: 6500 ; Rank: 12 ; Rank-X: 0 ; Rank-Y: 2 ; Rowstart: 1626; Rowend: 2440; Rows: 814; Colstart: 0; Colend: 1085; Cols: 1085;
Num-X: 6 ; Num-Y: 8 ; Resolution: 6500 ; Rank: 28 ; Rank-X: 4 ; Rank-Y: 4 ; Rowstart: 3252; Rowend: 4065; Rows: 813; Colstart: 4334; Colend: 5418; Cols: 1084;
Num-X: 6 ; Num-Y: 8 ; Resolution: 6500 ; Rank: 43 ; Rank-X: 1 ; Rank-Y: 7 ; Rowstart: 5688; Rowend: 6501; Rows: 813; Colstart: 1084; Colend: 2169; Cols: 1085;
Num-X: 6 ; Num-Y: 8 ; Resolution: 6500 ; Rank: 15 ; Rank-X: 3 ; Rank-Y: 2 ; Rowstart: 1626; Rowend: 2440; Rows: 814; Colstart: 3251; Colend: 4335; Cols: 1084;
Num-X: 6 ; Num-Y: 8 ; Resolution: 6500 ; Rank: 2 ; Rank-X: 2 ; Rank-Y: 0 ; Rowstart: 0; Rowend: 814; Rows: 814; Colstart: 2168; Colend: 3252; Cols: 1084;
Num-X: 6 ; Num-Y: 8 ; Resolution: 6500 ; Rank: 31 ; Rank-X: 1 ; Rank-Y: 5 ; Rowstart: 4064; Rowend: 4877; Rows: 813; Colstart: 1084; Colend: 2169; Cols: 1085;
Num-X: 6 ; Num-Y: 8 ; Resolution: 6500 ; Rank: 41 ; Rank-X: 5 ; Rank-Y: 6 ; Rowstart: 4876; Rowend: 5689; Rows: 813; Colstart: 5417; Colend: 6501; Cols: 1084;
Num-X: 6 ; Num-Y: 8 ; Resolution: 6500 ; Rank: 16 ; Rank-X: 4 ; Rank-Y: 2 ; Rowstart: 1626; Rowend: 2440; Rows: 814; Colstart: 4334; Colend: 5418; Cols: 1084;
Num-X: 6 ; Num-Y: 8 ; Resolution: 6500 ; Rank: 32 ; Rank-X: 2 ; Rank-Y: 5 ; Rowstart: 4064; Rowend: 4877; Rows: 813; Colstart: 2168; Colend: 3252; Cols: 1084;
Num-X: 6 ; Num-Y: 8 ; Resolution: 6500 ; Rank: 44 ; Rank-X: 2 ; Rank-Y: 7 ; Rowstart: 5688; Rowend: 6501; Rows: 813; Colstart: 2168; Colend: 3252; Cols: 1084;
Num-X: 6 ; Num-Y: 8 ; Resolution: 6500 ; Rank: 17 ; Rank-X: 5 ; Rank-Y: 2 ; Rowstart: 1626; Rowend: 2440; Rows: 814; Colstart: 5417; Colend: 6501; Cols: 1084;
Num-X: 6 ; Num-Y: 8 ; Resolution: 6500 ; Rank: 5 ; Rank-X: 5 ; Rank-Y: 0 ; Rowstart: 0; Rowend: 814; Rows: 814; Colstart: 5417; Colend: 6501; Cols: 1084;
Num-X: 6 ; Num-Y: 8 ; Resolution: 6500 ; Rank: 35 ; Rank-X: 5 ; Rank-Y: 5 ; Rowstart: 4064; Rowend: 4877; Rows: 813; Colstart: 5417; Colend: 6501; Cols: 1084;
Num-X: 6 ; Num-Y: 8 ; Resolution: 6500 ; Rank: 46 ; Rank-X: 4 ; Rank-Y: 7 ; Rowstart: 5688; Rowend: 6501; Rows: 813; Colstart: 4334; Colend: 5418; Cols: 1084;
Num-X: 6 ; Num-Y: 8 ; Resolution: 6500 ; Rank: 19 ; Rank-X: 1 ; Rank-Y: 3 ; Rowstart: 2439; Rowend: 3253; Rows: 814; Colstart: 1084; Colend: 2169; Cols: 1085;
Num-X: 6 ; Num-Y: 8 ; Resolution: 6500 ; Rank: 9 ; Rank-X: 3 ; Rank-Y: 1 ; Rowstart: 813; Rowend: 1627; Rows: 814; Colstart: 3251; Colend: 4335; Cols: 1084;
Num-X: 6 ; Num-Y: 8 ; Resolution: 6500 ; Rank: 29 ; Rank-X: 5 ; Rank-Y: 4 ; Rowstart: 3252; Rowend: 4065; Rows: 813; Colstart: 5417; Colend: 6501; Cols: 1084;
Num-X: 6 ; Num-Y: 8 ; Resolution: 6500 ; Rank: 20 ; Rank-X: 2 ; Rank-Y: 3 ; Rowstart: 2439; Rowend: 3253; Rows: 814; Colstart: 2168; Colend: 3252; Cols: 1084;
Num-X: 6 ; Num-Y: 8 ; Resolution: 6500 ; Rank: 6 ; Rank-X: 0 ; Rank-Y: 1 ; Rowstart: 813; Rowend: 1627; Rows: 814; Colstart: 0; Colend: 1085; Cols: 1085;
Num-X: 6 ; Num-Y: 8 ; Resolution: 6500 ; Rank: 33 ; Rank-X: 3 ; Rank-Y: 5 ; Rowstart: 4064; Rowend: 4877; Rows: 813; Colstart: 3251; Colend: 4335; Cols: 1084;
Num-X: 6 ; Num-Y: 8 ; Resolution: 6500 ; Rank: 45 ; Rank-X: 3 ; Rank-Y: 7 ; Rowstart: 5688; Rowend: 6501; Rows: 813; Colstart: 3251; Colend: 4335; Cols: 1084;
Num-X: 6 ; Num-Y: 8 ; Resolution: 6500 ; Rank: 21 ; Rank-X: 3 ; Rank-Y: 3 ; Rowstart: 2439; Rowend: 3253; Rows: 814; Colstart: 3251; Colend: 4335; Cols: 1084;
Num-X: 6 ; Num-Y: 8 ; Resolution: 6500 ; Rank: 30 ; Rank-X: 0 ; Rank-Y: 5 ; Rowstart: 4064; Rowend: 4877; Rows: 813; Colstart: 0; Colend: 1085; Cols: 1085;
Num-X: 6 ; Num-Y: 8 ; Resolution: 6500 ; Rank: 39 ; Rank-X: 3 ; Rank-Y: 6 ; Rowstart: 4876; Rowend: 5689; Rows: 813; Colstart: 3251; Colend: 4335; Cols: 1084;
Num-X: 6 ; Num-Y: 8 ; Resolution: 6500 ; Rank: 13 ; Rank-X: 1 ; Rank-Y: 2 ; Rowstart: 1626; Rowend: 2440; Rows: 814; Colstart: 1084; Colend: 2169; Cols: 1085;
Num-X: 6 ; Num-Y: 8 ; Resolution: 6500 ; Rank: 24 ; Rank-X: 0 ; Rank-Y: 4 ; Rowstart: 3252; Rowend: 4065; Rows: 813; Colstart: 0; Colend: 1085; Cols: 1085;
Num-X: 6 ; Num-Y: 8 ; Resolution: 6500 ; Rank: 47 ; Rank-X: 5 ; Rank-Y: 7 ; Rowstart: 5688; Rowend: 6501; Rows: 813; Colstart: 5417; Colend: 6501; Cols: 1084;
Num-X: 6 ; Num-Y: 8 ; Resolution: 6500 ; Rank: 18 ; Rank-X: 0 ; Rank-Y: 3 ; Rowstart: 2439; Rowend: 3253; Rows: 814; Colstart: 0; Colend: 1085; Cols: 1085;
Num-X: 6 ; Num-Y: 8 ; Resolution: 6500 ; Rank: 0 ; Rank-X: 0 ; Rank-Y: 0 ; Rowstart: 0; Rowend: 814; Rows: 814; Colstart: 0; Colend: 1085; Cols: 1085;
Num-X: 6 ; Num-Y: 8 ; Resolution: 6500 ; Rank: 37 ; Rank-X: 1 ; Rank-Y: 6 ; Rowstart: 4876; Rowend: 5689; Rows: 813; Colstart: 1084; Colend: 2169; Cols: 1085;
Num-X: 6 ; Num-Y: 8 ; Resolution: 6500 ; Rank: 22 ; Rank-X: 4 ; Rank-Y: 3 ; Rowstart: 2439; Rowend: 3253; Rows: 814; Colstart: 4334; Colend: 5418; Cols: 1084;
Num-X: 6 ; Num-Y: 8 ; Resolution: 6500 ; Rank: 23 ; Rank-X: 5 ; Rank-Y: 3 ; Rowstart: 2439; Rowend: 3253; Rows: 814; Colstart: 5417; Colend: 6501; Cols: 1084;
Num-X: 6 ; Num-Y: 8 ; Resolution: 6500 ; Rank: 42 ; Rank-X: 0 ; Rank-Y: 7 ; Rowstart: 5688; Rowend: 6501; Rows: 813; Colstart: 0; Colend: 1085; Cols: 1085;

Resolution: 6500
===================
Execution time: 0.018927
Residual: 3.049154

megaflops:  312514.9
  flop instructions (M):  5915.000

Num-X: 6 ; Num-Y: 8 ; Resolution: 7500 ; Rank: 9 ; Rank-X: 3 ; Rank-Y: 1 ; Rowstart: 938; Rowend: 1877; Rows: 939; Colstart: 3750; Colend: 5001; Cols: 1251;
Num-X: 6 ; Num-Y: 8 ; Resolution: 7500 ; Rank: 0 ; Rank-X: 0 ; Rank-Y: 0 ; Rowstart: 0; Rowend: 939; Rows: 939; Colstart: 0; Colend: 1251; Cols: 1251;
Num-X: 6 ; Num-Y: 8 ; Resolution: 7500 ; Rank: 31 ; Rank-X: 1 ; Rank-Y: 5 ; Rowstart: 4689; Rowend: 5627; Rows: 938; Colstart: 1250; Colend: 2501; Cols: 1251;
Num-X: 6 ; Num-Y: 8 ; Resolution: 7500 ; Rank: 11 ; Rank-X: 5 ; Rank-Y: 1 ; Rowstart: 938; Rowend: 1877; Rows: 939; Colstart: 6250; Colend: 7501; Cols: 1251;
Num-X: 6 ; Num-Y: 8 ; Resolution: 7500 ; Rank: 25 ; Rank-X: 1 ; Rank-Y: 4 ; Rowstart: 3752; Rowend: 4690; Rows: 938; Colstart: 1250; Colend: 2501; Cols: 1251;
Num-X: 6 ; Num-Y: 8 ; Resolution: 7500 ; Rank: 24 ; Rank-X: 0 ; Rank-Y: 4 ; Rowstart: 3752; Rowend: 4690; Rows: 938; Colstart: 0; Colend: 1251; Cols: 1251;
Num-X: 6 ; Num-Y: 8 ; Resolution: 7500 ; Rank: 27 ; Rank-X: 3 ; Rank-Y: 4 ; Rowstart: 3752; Rowend: 4690; Rows: 938; Colstart: 3750; Colend: 5001; Cols: 1251;
Num-X: 6 ; Num-Y: 8 ; Resolution: 7500 ; Rank: 26 ; Rank-X: 2 ; Rank-Y: 4 ; Rowstart: 3752; Rowend: 4690; Rows: 938; Colstart: 2500; Colend: 3751; Cols: 1251;
Num-X: 6 ; Num-Y: 8 ; Resolution: 7500 ; Rank: 1 ; Rank-X: 1 ; Rank-Y: 0 ; Rowstart: 0; Rowend: 939; Rows: 939; Colstart: 1250; Colend: 2501; Cols: 1251;
Num-X: 6 ; Num-Y: 8 ; Resolution: 7500 ; Rank: 36 ; Rank-X: 0 ; Rank-Y: 6 ; Rowstart: 5626; Rowend: 6564; Rows: 938; Colstart: 0; Colend: 1251; Cols: 1251;
Num-X: 6 ; Num-Y: 8 ; Resolution: 7500 ; Rank: 10 ; Rank-X: 4 ; Rank-Y: 1 ; Rowstart: 938; Rowend: 1877; Rows: 939; Colstart: 5000; Colend: 6251; Cols: 1251;
Num-X: 6 ; Num-Y: 8 ; Resolution: 7500 ; Rank: 37 ; Rank-X: 1 ; Rank-Y: 6 ; Rowstart: 5626; Rowend: 6564; Rows: 938; Colstart: 1250; Colend: 2501; Cols: 1251;
Num-X: 6 ; Num-Y: 8 ; Resolution: 7500 ; Rank: 15 ; Rank-X: 3 ; Rank-Y: 2 ; Rowstart: 1876; Rowend: 2815; Rows: 939; Colstart: 3750; Colend: 5001; Cols: 1251;
Num-X: 6 ; Num-Y: 8 ; Resolution: 7500 ; Rank: 3 ; Rank-X: 3 ; Rank-Y: 0 ; Rowstart: 0; Rowend: 939; Rows: 939; Colstart: 3750; Colend: 5001; Cols: 1251;
Num-X: 6 ; Num-Y: 8 ; Resolution: 7500 ; Rank: 30 ; Rank-X: 0 ; Rank-Y: 5 ; Rowstart: 4689; Rowend: 5627; Rows: 938; Colstart: 0; Colend: 1251; Cols: 1251;
Num-X: 6 ; Num-Y: 8 ; Resolution: 7500 ; Rank: 38 ; Rank-X: 2 ; Rank-Y: 6 ; Rowstart: 5626; Rowend: 6564; Rows: 938; Colstart: 2500; Colend: 3751; Cols: 1251;
Num-X: 6 ; Num-Y: 8 ; Resolution: 7500 ; Rank: 21 ; Rank-X: 3 ; Rank-Y: 3 ; Rowstart: 2814; Rowend: 3753; Rows: 939; Colstart: 3750; Colend: 5001; Cols: 1251;
Num-X: 6 ; Num-Y: 8 ; Resolution: 7500 ; Rank: 7 ; Rank-X: 1 ; Rank-Y: 1 ; Rowstart: 938; Rowend: 1877; Rows: 939; Colstart: 1250; Colend: 2501; Cols: 1251;
Num-X: 6 ; Num-Y: 8 ; Resolution: 7500 ; Rank: 34 ; Rank-X: 4 ; Rank-Y: 5 ; Rowstart: 4689; Rowend: 5627; Rows: 938; Colstart: 5000; Colend: 6251; Cols: 1251;
Num-X: 6 ; Num-Y: 8 ; Resolution: 7500 ; Rank: 42 ; Rank-X: 0 ; Rank-Y: 7 ; Rowstart: 6563; Rowend: 7501; Rows: 938; Colstart: 0; Colend: 1251; Cols: 1251;
Num-X: 6 ; Num-Y: 8 ; Resolution: 7500 ; Rank: 17 ; Rank-X: 5 ; Rank-Y: 2 ; Rowstart: 1876; Rowend: 2815; Rows: 939; Colstart: 6250; Colend: 7501; Cols: 1251;
Num-X: 6 ; Num-Y: 8 ; Resolution: 7500 ; Rank: 8 ; Rank-X: 2 ; Rank-Y: 1 ; Rowstart: 938; Rowend: 1877; Rows: 939; Colstart: 2500; Colend: 3751; Cols: 1251;
Num-X: 6 ; Num-Y: 8 ; Resolution: 7500 ; Rank: 32 ; Rank-X: 2 ; Rank-Y: 5 ; Rowstart: 4689; Rowend: 5627; Rows: 938; Colstart: 2500; Colend: 3751; Cols: 1251;
Num-X: 6 ; Num-Y: 8 ; Resolution: 7500 ; Rank: 4 ; Rank-X: 4 ; Rank-Y: 0 ; Rowstart: 0; Rowend: 939; Rows: 939; Colstart: 5000; Colend: 6251; Cols: 1251;
Num-X: 6 ; Num-Y: 8 ; Resolution: 7500 ; Rank: 12 ; Rank-X: 0 ; Rank-Y: 2 ; Rowstart: 1876; Rowend: 2815; Rows: 939; Colstart: 0; Colend: 1251; Cols: 1251;
Num-X: 6 ; Num-Y: 8 ; Resolution: 7500 ; Rank: 2 ; Rank-X: 2 ; Rank-Y: 0 ; Rowstart: 0; Rowend: 939; Rows: 939; Colstart: 2500; Colend: 3751; Cols: 1251;
Num-X: 6 ; Num-Y: 8 ; Resolution: 7500 ; Rank: 5 ; Rank-X: 5 ; Rank-Y: 0 ; Rowstart: 0; Rowend: 939; Rows: 939; Colstart: 6250; Colend: 7501; Cols: 1251;
Num-X: 6 ; Num-Y: 8 ; Resolution: 7500 ; Rank: 6 ; Rank-X: 0 ; Rank-Y: 1 ; Rowstart: 938; Rowend: 1877; Rows: 939; Colstart: 0; Colend: 1251; Cols: 1251;
Num-X: 6 ; Num-Y: 8 ; Resolution: 7500 ; Rank: 43 ; Rank-X: 1 ; Rank-Y: 7 ; Rowstart: 6563; Rowend: 7501; Rows: 938; Colstart: 1250; Colend: 2501; Cols: 1251;
Num-X: 6 ; Num-Y: 8 ; Resolution: 7500 ; Rank: 13 ; Rank-X: 1 ; Rank-Y: 2 ; Rowstart: 1876; Rowend: 2815; Rows: 939; Colstart: 1250; Colend: 2501; Cols: 1251;
Num-X: 6 ; Num-Y: 8 ; Resolution: 7500 ; Rank: 46 ; Rank-X: 4 ; Rank-Y: 7 ; Rowstart: 6563; Rowend: 7501; Rows: 938; Colstart: 5000; Colend: 6251; Cols: 1251;
Num-X: 6 ; Num-Y: 8 ; Resolution: 7500 ; Rank: 20 ; Rank-X: 2 ; Rank-Y: 3 ; Rowstart: 2814; Rowend: 3753; Rows: 939; Colstart: 2500; Colend: 3751; Cols: 1251;
Num-X: 6 ; Num-Y: 8 ; Resolution: 7500 ; Rank: 40 ; Rank-X: 4 ; Rank-Y: 6 ; Rowstart: 5626; Rowend: 6564; Rows: 938; Colstart: 5000; Colend: 6251; Cols: 1251;
Num-X: 6 ; Num-Y: 8 ; Resolution: 7500 ; Rank: 22 ; Rank-X: 4 ; Rank-Y: 3 ; Rowstart: 2814; Rowend: 3753; Rows: 939; Colstart: 5000; Colend: 6251; Cols: 1251;
Num-X: 6 ; Num-Y: 8 ; Resolution: 7500 ; Rank: 33 ; Rank-X: 3 ; Rank-Y: 5 ; Rowstart: 4689; Rowend: 5627; Rows: 938; Colstart: 3750; Colend: 5001; Cols: 1251;
Num-X: 6 ; Num-Y: 8 ; Resolution: 7500 ; Rank: 44 ; Rank-X: 2 ; Rank-Y: 7 ; Rowstart: 6563; Rowend: 7501; Rows: 938; Colstart: 2500; Colend: 3751; Cols: 1251;
Num-X: 6 ; Num-Y: 8 ; Resolution: 7500 ; Rank: 14 ; Rank-X: 2 ; Rank-Y: 2 ; Rowstart: 1876; Rowend: 2815; Rows: 939; Colstart: 2500; Colend: 3751; Cols: 1251;
Num-X: 6 ; Num-Y: 8 ; Resolution: 7500 ; Rank: 28 ; Rank-X: 4 ; Rank-Y: 4 ; Rowstart: 3752; Rowend: 4690; Rows: 938; Colstart: 5000; Colend: 6251; Cols: 1251;
Num-X: 6 ; Num-Y: 8 ; Resolution: 7500 ; Rank: 45 ; Rank-X: 3 ; Rank-Y: 7 ; Rowstart: 6563; Rowend: 7501; Rows: 938; Colstart: 3750; Colend: 5001; Cols: 1251;
Num-X: 6 ; Num-Y: 8 ; Resolution: 7500 ; Rank: 18 ; Rank-X: 0 ; Rank-Y: 3 ; Rowstart: 2814; Rowend: 3753; Rows: 939; Colstart: 0; Colend: 1251; Cols: 1251;
Num-X: 6 ; Num-Y: 8 ; Resolution: 7500 ; Rank: 35 ; Rank-X: 5 ; Rank-Y: 5 ; Rowstart: 4689; Rowend: 5627; Rows: 938; Colstart: 6250; Colend: 7501; Cols: 1251;
Num-X: 6 ; Num-Y: 8 ; Resolution: 7500 ; Rank: 47 ; Rank-X: 5 ; Rank-Y: 7 ; Rowstart: 6563; Rowend: 7501; Rows: 938; Colstart: 6250; Colend: 7501; Cols: 1251;
Num-X: 6 ; Num-Y: 8 ; Resolution: 7500 ; Rank: 16 ; Rank-X: 4 ; Rank-Y: 2 ; Rowstart: 1876; Rowend: 2815; Rows: 939; Colstart: 5000; Colend: 6251; Cols: 1251;
Num-X: 6 ; Num-Y: 8 ; Resolution: 7500 ; Rank: 29 ; Rank-X: 5 ; Rank-Y: 4 ; Rowstart: 3752; Rowend: 4690; Rows: 938; Colstart: 6250; Colend: 7501; Cols: 1251;
Num-X: 6 ; Num-Y: 8 ; Resolution: 7500 ; Rank: 39 ; Rank-X: 3 ; Rank-Y: 6 ; Rowstart: 5626; Rowend: 6564; Rows: 938; Colstart: 3750; Colend: 5001; Cols: 1251;
Num-X: 6 ; Num-Y: 8 ; Resolution: 7500 ; Rank: 19 ; Rank-X: 1 ; Rank-Y: 3 ; Rowstart: 2814; Rowend: 3753; Rows: 939; Colstart: 1250; Colend: 2501; Cols: 1251;
Num-X: 6 ; Num-Y: 8 ; Resolution: 7500 ; Rank: 41 ; Rank-X: 5 ; Rank-Y: 6 ; Rowstart: 5626; Rowend: 6564; Rows: 938; Colstart: 6250; Colend: 7501; Cols: 1251;
Num-X: 6 ; Num-Y: 8 ; Resolution: 7500 ; Rank: 23 ; Rank-X: 5 ; Rank-Y: 3 ; Rowstart: 2814; Rowend: 3753; Rows: 939; Colstart: 6250; Colend: 7501; Cols: 1251;

Resolution: 7500
===================
Execution time: 0.028369
Residual: 3.518183

megaflops:  277592.2
  flop instructions (M):  7875.000

Num-X: 6 ; Num-Y: 8 ; Resolution: 8500 ; Rank: 7 ; Rank-X: 1 ; Rank-Y: 1 ; Rowstart: 1063; Rowend: 2127; Rows: 1064; Colstart: 1417; Colend: 2835; Cols: 1418;
Num-X: 6 ; Num-Y: 8 ; Resolution: 8500 ; Rank: 28 ; Rank-X: 4 ; Rank-Y: 4 ; Rowstart: 4252; Rowend: 5315; Rows: 1063; Colstart: 5668; Colend: 7085; Cols: 1417;
Num-X: 6 ; Num-Y: 8 ; Resolution: 8500 ; Rank: 9 ; Rank-X: 3 ; Rank-Y: 1 ; Rowstart: 1063; Rowend: 2127; Rows: 1064; Colstart: 4251; Colend: 5669; Cols: 1418;
Num-X: 6 ; Num-Y: 8 ; Resolution: 8500 ; Rank: 26 ; Rank-X: 2 ; Rank-Y: 4 ; Rowstart: 4252; Rowend: 5315; Rows: 1063; Colstart: 2834; Colend: 4252; Cols: 1418;
Num-X: 6 ; Num-Y: 8 ; Resolution: 8500 ; Rank: 4 ; Rank-X: 4 ; Rank-Y: 0 ; Rowstart: 0; Rowend: 1064; Rows: 1064; Colstart: 5668; Colend: 7085; Cols: 1417;
Num-X: 6 ; Num-Y: 8 ; Resolution: 8500 ; Rank: 29 ; Rank-X: 5 ; Rank-Y: 4 ; Rowstart: 4252; Rowend: 5315; Rows: 1063; Colstart: 7084; Colend: 8501; Cols: 1417;
Num-X: 6 ; Num-Y: 8 ; Resolution: 8500 ; Rank: 11 ; Rank-X: 5 ; Rank-Y: 1 ; Rowstart: 1063; Rowend: 2127; Rows: 1064; Colstart: 7084; Colend: 8501; Cols: 1417;
Num-X: 6 ; Num-Y: 8 ; Resolution: 8500 ; Rank: 35 ; Rank-X: 5 ; Rank-Y: 5 ; Rowstart: 5314; Rowend: 6377; Rows: 1063; Colstart: 7084; Colend: 8501; Cols: 1417;
Num-X: 6 ; Num-Y: 8 ; Resolution: 8500 ; Rank: 8 ; Rank-X: 2 ; Rank-Y: 1 ; Rowstart: 1063; Rowend: 2127; Rows: 1064; Colstart: 2834; Colend: 4252; Cols: 1418;
Num-X: 6 ; Num-Y: 8 ; Resolution: 8500 ; Rank: 31 ; Rank-X: 1 ; Rank-Y: 5 ; Rowstart: 5314; Rowend: 6377; Rows: 1063; Colstart: 1417; Colend: 2835; Cols: 1418;
Num-X: 6 ; Num-Y: 8 ; Resolution: 8500 ; Rank: 5 ; Rank-X: 5 ; Rank-Y: 0 ; Rowstart: 0; Rowend: 1064; Rows: 1064; Colstart: 7084; Colend: 8501; Cols: 1417;
Num-X: 6 ; Num-Y: 8 ; Resolution: 8500 ; Rank: 27 ; Rank-X: 3 ; Rank-Y: 4 ; Rowstart: 4252; Rowend: 5315; Rows: 1063; Colstart: 4251; Colend: 5669; Cols: 1418;
Num-X: 6 ; Num-Y: 8 ; Resolution: 8500 ; Rank: 10 ; Rank-X: 4 ; Rank-Y: 1 ; Rowstart: 1063; Rowend: 2127; Rows: 1064; Colstart: 5668; Colend: 7085; Cols: 1417;
Num-X: 6 ; Num-Y: 8 ; Resolution: 8500 ; Rank: 25 ; Rank-X: 1 ; Rank-Y: 4 ; Rowstart: 4252; Rowend: 5315; Rows: 1063; Colstart: 1417; Colend: 2835; Cols: 1418;
Num-X: 6 ; Num-Y: 8 ; Resolution: 8500 ; Rank: 45 ; Rank-X: 3 ; Rank-Y: 7 ; Rowstart: 7438; Rowend: 8501; Rows: 1063; Colstart: 4251; Colend: 5669; Cols: 1418;
Num-X: 6 ; Num-Y: 8 ; Resolution: 8500 ; Rank: 0 ; Rank-X: 0 ; Rank-Y: 0 ; Rowstart: 0; Rowend: 1064; Rows: 1064; Colstart: 0; Colend: 1418; Cols: 1418;
Num-X: 6 ; Num-Y: 8 ; Resolution: 8500 ; Rank: 32 ; Rank-X: 2 ; Rank-Y: 5 ; Rowstart: 5314; Rowend: 6377; Rows: 1063; Colstart: 2834; Colend: 4252; Cols: 1418;
Num-X: 6 ; Num-Y: 8 ; Resolution: 8500 ; Rank: 47 ; Rank-X: 5 ; Rank-Y: 7 ; Rowstart: 7438; Rowend: 8501; Rows: 1063; Colstart: 7084; Colend: 8501; Cols: 1417;
Num-X: 6 ; Num-Y: 8 ; Resolution: 8500 ; Rank: 1 ; Rank-X: 1 ; Rank-Y: 0 ; Rowstart: 0; Rowend: 1064; Rows: 1064; Colstart: 1417; Colend: 2835; Cols: 1418;
Num-X: 6 ; Num-Y: 8 ; Resolution: 8500 ; Rank: 24 ; Rank-X: 0 ; Rank-Y: 4 ; Rowstart: 4252; Rowend: 5315; Rows: 1063; Colstart: 0; Colend: 1418; Cols: 1418;
Num-X: 6 ; Num-Y: 8 ; Resolution: 8500 ; Rank: 37 ; Rank-X: 1 ; Rank-Y: 6 ; Rowstart: 6376; Rowend: 7439; Rows: 1063; Colstart: 1417; Colend: 2835; Cols: 1418;
Num-X: 6 ; Num-Y: 8 ; Resolution: 8500 ; Rank: 13 ; Rank-X: 1 ; Rank-Y: 2 ; Rowstart: 2126; Rowend: 3190; Rows: 1064; Colstart: 1417; Colend: 2835; Cols: 1418;
Num-X: 6 ; Num-Y: 8 ; Resolution: 8500 ; Rank: 2 ; Rank-X: 2 ; Rank-Y: 0 ; Rowstart: 0; Rowend: 1064; Rows: 1064; Colstart: 2834; Colend: 4252; Cols: 1418;
Num-X: 6 ; Num-Y: 8 ; Resolution: 8500 ; Rank: 30 ; Rank-X: 0 ; Rank-Y: 5 ; Rowstart: 5314; Rowend: 6377; Rows: 1063; Colstart: 0; Colend: 1418; Cols: 1418;
Num-X: 6 ; Num-Y: 8 ; Resolution: 8500 ; Rank: 38 ; Rank-X: 2 ; Rank-Y: 6 ; Rowstart: 6376; Rowend: 7439; Rows: 1063; Colstart: 2834; Colend: 4252; Cols: 1418;
Num-X: 6 ; Num-Y: 8 ; Resolution: 8500 ; Rank: 21 ; Rank-X: 3 ; Rank-Y: 3 ; Rowstart: 3189; Rowend: 4253; Rows: 1064; Colstart: 4251; Colend: 5669; Cols: 1418;
Num-X: 6 ; Num-Y: 8 ; Resolution: 8500 ; Rank: 3 ; Rank-X: 3 ; Rank-Y: 0 ; Rowstart: 0; Rowend: 1064; Rows: 1064; Colstart: 4251; Colend: 5669; Cols: 1418;
Num-X: 6 ; Num-Y: 8 ; Resolution: 8500 ; Rank: 34 ; Rank-X: 4 ; Rank-Y: 5 ; Rowstart: 5314; Rowend: 6377; Rows: 1063; Colstart: 5668; Colend: 7085; Cols: 1417;
Num-X: 6 ; Num-Y: 8 ; Resolution: 8500 ; Rank: 39 ; Rank-X: 3 ; Rank-Y: 6 ; Rowstart: 6376; Rowend: 7439; Rows: 1063; Colstart: 4251; Colend: 5669; Cols: 1418;
Num-X: 6 ; Num-Y: 8 ; Resolution: 8500 ; Rank: 12 ; Rank-X: 0 ; Rank-Y: 2 ; Rowstart: 2126; Rowend: 3190; Rows: 1064; Colstart: 0; Colend: 1418; Cols: 1418;
Num-X: 6 ; Num-Y: 8 ; Resolution: 8500 ; Rank: 6 ; Rank-X: 0 ; Rank-Y: 1 ; Rowstart: 1063; Rowend: 2127; Rows: 1064; Colstart: 0; Colend: 1418; Cols: 1418;
Num-X: 6 ; Num-Y: 8 ; Resolution: 8500 ; Rank: 40 ; Rank-X: 4 ; Rank-Y: 6 ; Rowstart: 6376; Rowend: 7439; Rows: 1063; Colstart: 5668; Colend: 7085; Cols: 1417;
Num-X: 6 ; Num-Y: 8 ; Resolution: 8500 ; Rank: 14 ; Rank-X: 2 ; Rank-Y: 2 ; Rowstart: 2126; Rowend: 3190; Rows: 1064; Colstart: 2834; Colend: 4252; Cols: 1418;
Num-X: 6 ; Num-Y: 8 ; Resolution: 8500 ; Rank: 33 ; Rank-X: 3 ; Rank-Y: 5 ; Rowstart: 5314; Rowend: 6377; Rows: 1063; Colstart: 4251; Colend: 5669; Cols: 1418;
Num-X: 6 ; Num-Y: 8 ; Resolution: 8500 ; Rank: 41 ; Rank-X: 5 ; Rank-Y: 6 ; Rowstart: 6376; Rowend: 7439; Rows: 1063; Colstart: 7084; Colend: 8501; Cols: 1417;
Num-X: 6 ; Num-Y: 8 ; Resolution: 8500 ; Rank: 19 ; Rank-X: 1 ; Rank-Y: 3 ; Rowstart: 3189; Rowend: 4253; Rows: 1064; Colstart: 1417; Colend: 2835; Cols: 1418;
Num-X: 6 ; Num-Y: 8 ; Resolution: 8500 ; Rank: 46 ; Rank-X: 4 ; Rank-Y: 7 ; Rowstart: 7438; Rowend: 8501; Rows: 1063; Colstart: 5668; Colend: 7085; Cols: 1417;
Num-X: 6 ; Num-Y: 8 ; Resolution: 8500 ; Rank: 20 ; Rank-X: 2 ; Rank-Y: 3 ; Rowstart: 3189; Rowend: 4253; Rows: 1064; Colstart: 2834; Colend: 4252; Cols: 1418;
Num-X: 6 ; Num-Y: 8 ; Resolution: 8500 ; Rank: 42 ; Rank-X: 0 ; Rank-Y: 7 ; Rowstart: 7438; Rowend: 8501; Rows: 1063; Colstart: 0; Colend: 1418; Cols: 1418;
Num-X: 6 ; Num-Y: 8 ; Resolution: 8500 ; Rank: 22 ; Rank-X: 4 ; Rank-Y: 3 ; Rowstart: 3189; Rowend: 4253; Rows: 1064; Colstart: 5668; Colend: 7085; Cols: 1417;
Num-X: 6 ; Num-Y: 8 ; Resolution: 8500 ; Rank: 43 ; Rank-X: 1 ; Rank-Y: 7 ; Rowstart: 7438; Rowend: 8501; Rows: 1063; Colstart: 1417; Colend: 2835; Cols: 1418;
Num-X: 6 ; Num-Y: 8 ; Resolution: 8500 ; Rank: 23 ; Rank-X: 5 ; Rank-Y: 3 ; Rowstart: 3189; Rowend: 4253; Rows: 1064; Colstart: 7084; Colend: 8501; Cols: 1417;
Num-X: 6 ; Num-Y: 8 ; Resolution: 8500 ; Rank: 44 ; Rank-X: 2 ; Rank-Y: 7 ; Rowstart: 7438; Rowend: 8501; Rows: 1063; Colstart: 2834; Colend: 4252; Cols: 1418;
Num-X: 6 ; Num-Y: 8 ; Resolution: 8500 ; Rank: 16 ; Rank-X: 4 ; Rank-Y: 2 ; Rowstart: 2126; Rowend: 3190; Rows: 1064; Colstart: 5668; Colend: 7085; Cols: 1417;
Num-X: 6 ; Num-Y: 8 ; Resolution: 8500 ; Rank: 18 ; Rank-X: 0 ; Rank-Y: 3 ; Rowstart: 3189; Rowend: 4253; Rows: 1064; Colstart: 0; Colend: 1418; Cols: 1418;
Num-X: 6 ; Num-Y: 8 ; Resolution: 8500 ; Rank: 15 ; Rank-X: 3 ; Rank-Y: 2 ; Rowstart: 2126; Rowend: 3190; Rows: 1064; Colstart: 4251; Colend: 5669; Cols: 1418;
Num-X: 6 ; Num-Y: 8 ; Resolution: 8500 ; Rank: 17 ; Rank-X: 5 ; Rank-Y: 2 ; Rowstart: 2126; Rowend: 3190; Rows: 1064; Colstart: 7084; Colend: 8501; Cols: 1417;
Num-X: 6 ; Num-Y: 8 ; Resolution: 8500 ; Rank: 36 ; Rank-X: 0 ; Rank-Y: 6 ; Rowstart: 6376; Rowend: 7439; Rows: 1063; Colstart: 0; Colend: 1418; Cols: 1418;

Resolution: 8500
===================
Execution time: 0.038186
Residual: 3.987213

megaflops:  264887.1
  flop instructions (M):  10115.000

Num-X: 6 ; Num-Y: 8 ; Resolution: 9500 ; Rank: 2 ; Rank-X: 2 ; Rank-Y: 0 ; Rowstart: 0; Rowend: 1189; Rows: 1189; Colstart: 3168; Colend: 4752; Cols: 1584;
Num-X: 6 ; Num-Y: 8 ; Resolution: 9500 ; Rank: 33 ; Rank-X: 3 ; Rank-Y: 5 ; Rowstart: 5939; Rowend: 7127; Rows: 1188; Colstart: 4751; Colend: 6335; Cols: 1584;
Num-X: 6 ; Num-Y: 8 ; Resolution: 9500 ; Rank: 8 ; Rank-X: 2 ; Rank-Y: 1 ; Rowstart: 1188; Rowend: 2377; Rows: 1189; Colstart: 3168; Colend: 4752; Cols: 1584;
Num-X: 6 ; Num-Y: 8 ; Resolution: 9500 ; Rank: 26 ; Rank-X: 2 ; Rank-Y: 4 ; Rowstart: 4752; Rowend: 5940; Rows: 1188; Colstart: 3168; Colend: 4752; Cols: 1584;
Num-X: 6 ; Num-Y: 8 ; Resolution: 9500 ; Rank: 5 ; Rank-X: 5 ; Rank-Y: 0 ; Rowstart: 0; Rowend: 1189; Rows: 1189; Colstart: 7917; Colend: 9501; Cols: 1584;
Num-X: 6 ; Num-Y: 8 ; Resolution: 9500 ; Rank: 28 ; Rank-X: 4 ; Rank-Y: 4 ; Rowstart: 4752; Rowend: 5940; Rows: 1188; Colstart: 6334; Colend: 7918; Cols: 1584;
Num-X: 6 ; Num-Y: 8 ; Resolution: 9500 ; Rank: 4 ; Rank-X: 4 ; Rank-Y: 0 ; Rowstart: 0; Rowend: 1189; Rows: 1189; Colstart: 6334; Colend: 7918; Cols: 1584;
Num-X: 6 ; Num-Y: 8 ; Resolution: 9500 ; Rank: 29 ; Rank-X: 5 ; Rank-Y: 4 ; Rowstart: 4752; Rowend: 5940; Rows: 1188; Colstart: 7917; Colend: 9501; Cols: 1584;
Num-X: 6 ; Num-Y: 8 ; Resolution: 9500 ; Rank: 9 ; Rank-X: 3 ; Rank-Y: 1 ; Rowstart: 1188; Rowend: 2377; Rows: 1189; Colstart: 4751; Colend: 6335; Cols: 1584;
Num-X: 6 ; Num-Y: 8 ; Resolution: 9500 ; Rank: 25 ; Rank-X: 1 ; Rank-Y: 4 ; Rowstart: 4752; Rowend: 5940; Rows: 1188; Colstart: 1584; Colend: 3169; Cols: 1585;
Num-X: 6 ; Num-Y: 8 ; Resolution: 9500 ; Rank: 11 ; Rank-X: 5 ; Rank-Y: 1 ; Rowstart: 1188; Rowend: 2377; Rows: 1189; Colstart: 7917; Colend: 9501; Cols: 1584;
Num-X: 6 ; Num-Y: 8 ; Resolution: 9500 ; Rank: 30 ; Rank-X: 0 ; Rank-Y: 5 ; Rowstart: 5939; Rowend: 7127; Rows: 1188; Colstart: 0; Colend: 1585; Cols: 1585;
Num-X: 6 ; Num-Y: 8 ; Resolution: 9500 ; Rank: 27 ; Rank-X: 3 ; Rank-Y: 4 ; Rowstart: 4752; Rowend: 5940; Rows: 1188; Colstart: 4751; Colend: 6335; Cols: 1584;
Num-X: 6 ; Num-Y: 8 ; Resolution: 9500 ; Rank: 44 ; Rank-X: 2 ; Rank-Y: 7 ; Rowstart: 8313; Rowend: 9501; Rows: 1188; Colstart: 3168; Colend: 4752; Cols: 1584;
Num-X: 6 ; Num-Y: 8 ; Resolution: 9500 ; Rank: 22 ; Rank-X: 4 ; Rank-Y: 3 ; Rowstart: 3564; Rowend: 4753; Rows: 1189; Colstart: 6334; Colend: 7918; Cols: 1584;
Num-X: 6 ; Num-Y: 8 ; Resolution: 9500 ; Rank: 24 ; Rank-X: 0 ; Rank-Y: 4 ; Rowstart: 4752; Rowend: 5940; Rows: 1188; Colstart: 0; Colend: 1585; Cols: 1585;
Num-X: 6 ; Num-Y: 8 ; Resolution: 9500 ; Rank: 45 ; Rank-X: 3 ; Rank-Y: 7 ; Rowstart: 8313; Rowend: 9501; Rows: 1188; Colstart: 4751; Colend: 6335; Cols: 1584;
Num-X: 6 ; Num-Y: 8 ; Resolution: 9500 ; Rank: 23 ; Rank-X: 5 ; Rank-Y: 3 ; Rowstart: 3564; Rowend: 4753; Rows: 1189; Colstart: 7917; Colend: 9501; Cols: 1584;
Num-X: 6 ; Num-Y: 8 ; Resolution: 9500 ; Rank: 46 ; Rank-X: 4 ; Rank-Y: 7 ; Rowstart: 8313; Rowend: 9501; Rows: 1188; Colstart: 6334; Colend: 7918; Cols: 1584;
Num-X: 6 ; Num-Y: 8 ; Resolution: 9500 ; Rank: 16 ; Rank-X: 4 ; Rank-Y: 2 ; Rowstart: 2376; Rowend: 3565; Rows: 1189; Colstart: 6334; Colend: 7918; Cols: 1584;
Num-X: 6 ; Num-Y: 8 ; Resolution: 9500 ; Rank: 47 ; Rank-X: 5 ; Rank-Y: 7 ; Rowstart: 8313; Rowend: 9501; Rows: 1188; Colstart: 7917; Colend: 9501; Cols: 1584;
Num-X: 6 ; Num-Y: 8 ; Resolution: 9500 ; Rank: 19 ; Rank-X: 1 ; Rank-Y: 3 ; Rowstart: 3564; Rowend: 4753; Rows: 1189; Colstart: 1584; Colend: 3169; Cols: 1585;
Num-X: 6 ; Num-Y: 8 ; Resolution: 9500 ; Rank: 37 ; Rank-X: 1 ; Rank-Y: 6 ; Rowstart: 7126; Rowend: 8314; Rows: 1188; Colstart: 1584; Colend: 3169; Cols: 1585;
Num-X: 6 ; Num-Y: 8 ; Resolution: 9500 ; Rank: 15 ; Rank-X: 3 ; Rank-Y: 2 ; Rowstart: 2376; Rowend: 3565; Rows: 1189; Colstart: 4751; Colend: 6335; Cols: 1584;
Num-X: 6 ; Num-Y: 8 ; Resolution: 9500 ; Rank: 38 ; Rank-X: 2 ; Rank-Y: 6 ; Rowstart: 7126; Rowend: 8314; Rows: 1188; Colstart: 3168; Colend: 4752; Cols: 1584;
Num-X: 6 ; Num-Y: 8 ; Resolution: 9500 ; Rank: 39 ; Rank-X: 3 ; Rank-Y: 6 ; Rowstart: 7126; Rowend: 8314; Rows: 1188; Colstart: 4751; Colend: 6335; Cols: 1584;
Num-X: 6 ; Num-Y: 8 ; Resolution: 9500 ; Rank: 31 ; Rank-X: 1 ; Rank-Y: 5 ; Rowstart: 5939; Rowend: 7127; Rows: 1188; Colstart: 1584; Colend: 3169; Cols: 1585;
Num-X: 6 ; Num-Y: 8 ; Resolution: 9500 ; Rank: 36 ; Rank-X: 0 ; Rank-Y: 6 ; Rowstart: 7126; Rowend: 8314; Rows: 1188; Colstart: 0; Colend: 1585; Cols: 1585;
Num-X: 6 ; Num-Y: 8 ; Resolution: 9500 ; Rank: 12 ; Rank-X: 0 ; Rank-Y: 2 ; Rowstart: 2376; Rowend: 3565; Rows: 1189; Colstart: 0; Colend: 1585; Cols: 1585;
Num-X: 6 ; Num-Y: 8 ; Resolution: 9500 ; Rank: 10 ; Rank-X: 4 ; Rank-Y: 1 ; Rowstart: 1188; Rowend: 2377; Rows: 1189; Colstart: 6334; Colend: 7918; Cols: 1584;
Num-X: 6 ; Num-Y: 8 ; Resolution: 9500 ; Rank: 32 ; Rank-X: 2 ; Rank-Y: 5 ; Rowstart: 5939; Rowend: 7127; Rows: 1188; Colstart: 3168; Colend: 4752; Cols: 1584;
Num-X: 6 ; Num-Y: 8 ; Resolution: 9500 ; Rank: 42 ; Rank-X: 0 ; Rank-Y: 7 ; Rowstart: 8313; Rowend: 9501; Rows: 1188; Colstart: 0; Colend: 1585; Cols: 1585;
Num-X: 6 ; Num-Y: 8 ; Resolution: 9500 ; Rank: 17 ; Rank-X: 5 ; Rank-Y: 2 ; Rowstart: 2376; Rowend: 3565; Rows: 1189; Colstart: 7917; Colend: 9501; Cols: 1584;
Num-X: 6 ; Num-Y: 8 ; Resolution: 9500 ; Rank: 1 ; Rank-X: 1 ; Rank-Y: 0 ; Rowstart: 0; Rowend: 1189; Rows: 1189; Colstart: 1584; Colend: 3169; Cols: 1585;
Num-X: 6 ; Num-Y: 8 ; Resolution: 9500 ; Rank: 34 ; Rank-X: 4 ; Rank-Y: 5 ; Rowstart: 5939; Rowend: 7127; Rows: 1188; Colstart: 6334; Colend: 7918; Cols: 1584;
Num-X: 6 ; Num-Y: 8 ; Resolution: 9500 ; Rank: 41 ; Rank-X: 5 ; Rank-Y: 6 ; Rowstart: 7126; Rowend: 8314; Rows: 1188; Colstart: 7917; Colend: 9501; Cols: 1584;
Num-X: 6 ; Num-Y: 8 ; Resolution: 9500 ; Rank: 21 ; Rank-X: 3 ; Rank-Y: 3 ; Rowstart: 3564; Rowend: 4753; Rows: 1189; Colstart: 4751; Colend: 6335; Cols: 1584;
Num-X: 6 ; Num-Y: 8 ; Resolution: 9500 ; Rank: 3 ; Rank-X: 3 ; Rank-Y: 0 ; Rowstart: 0; Rowend: 1189; Rows: 1189; Colstart: 4751; Colend: 6335; Cols: 1584;
Num-X: 6 ; Num-Y: 8 ; Resolution: 9500 ; Rank: 40 ; Rank-X: 4 ; Rank-Y: 6 ; Rowstart: 7126; Rowend: 8314; Rows: 1188; Colstart: 6334; Colend: 7918; Cols: 1584;
Num-X: 6 ; Num-Y: 8 ; Resolution: 9500 ; Rank: 35 ; Rank-X: 5 ; Rank-Y: 5 ; Rowstart: 5939; Rowend: 7127; Rows: 1188; Colstart: 7917; Colend: 9501; Cols: 1584;
Num-X: 6 ; Num-Y: 8 ; Resolution: 9500 ; Rank: 14 ; Rank-X: 2 ; Rank-Y: 2 ; Rowstart: 2376; Rowend: 3565; Rows: 1189; Colstart: 3168; Colend: 4752; Cols: 1584;
Num-X: 6 ; Num-Y: 8 ; Resolution: 9500 ; Rank: 6 ; Rank-X: 0 ; Rank-Y: 1 ; Rowstart: 1188; Rowend: 2377; Rows: 1189; Colstart: 0; Colend: 1585; Cols: 1585;
Num-X: 6 ; Num-Y: 8 ; Resolution: 9500 ; Rank: 7 ; Rank-X: 1 ; Rank-Y: 1 ; Rowstart: 1188; Rowend: 2377; Rows: 1189; Colstart: 1584; Colend: 3169; Cols: 1585;
Num-X: 6 ; Num-Y: 8 ; Resolution: 9500 ; Rank: 20 ; Rank-X: 2 ; Rank-Y: 3 ; Rowstart: 3564; Rowend: 4753; Rows: 1189; Colstart: 3168; Colend: 4752; Cols: 1584;
Num-X: 6 ; Num-Y: 8 ; Resolution: 9500 ; Rank: 43 ; Rank-X: 1 ; Rank-Y: 7 ; Rowstart: 8313; Rowend: 9501; Rows: 1188; Colstart: 1584; Colend: 3169; Cols: 1585;
Num-X: 6 ; Num-Y: 8 ; Resolution: 9500 ; Rank: 0 ; Rank-X: 0 ; Rank-Y: 0 ; Rowstart: 0; Rowend: 1189; Rows: 1189; Colstart: 0; Colend: 1585; Cols: 1585;
Num-X: 6 ; Num-Y: 8 ; Resolution: 9500 ; Rank: 18 ; Rank-X: 0 ; Rank-Y: 3 ; Rowstart: 3564; Rowend: 4753; Rows: 1189; Colstart: 0; Colend: 1585; Cols: 1585;
Num-X: 6 ; Num-Y: 8 ; Resolution: 9500 ; Rank: 13 ; Rank-X: 1 ; Rank-Y: 2 ; Rowstart: 2376; Rowend: 3565; Rows: 1189; Colstart: 1584; Colend: 3169; Cols: 1585;

Resolution: 9500
===================
Execution time: 0.048168
Residual: 4.456242

megaflops:  262311.4
  flop instructions (M):  12635.000

Num-X: 6 ; Num-Y: 8 ; Resolution: 10500 ; Rank: 4 ; Rank-X: 4 ; Rank-Y: 0 ; Rowstart: 0; Rowend: 1314; Rows: 1314; Colstart: 7000; Colend: 8751; Cols: 1751;
Num-X: 6 ; Num-Y: 8 ; Resolution: 10500 ; Rank: 30 ; Rank-X: 0 ; Rank-Y: 5 ; Rowstart: 6564; Rowend: 7877; Rows: 1313; Colstart: 0; Colend: 1751; Cols: 1751;
Num-X: 6 ; Num-Y: 8 ; Resolution: 10500 ; Rank: 25 ; Rank-X: 1 ; Rank-Y: 4 ; Rowstart: 5252; Rowend: 6565; Rows: 1313; Colstart: 1750; Colend: 3501; Cols: 1751;
Num-X: 6 ; Num-Y: 8 ; Resolution: 10500 ; Rank: 42 ; Rank-X: 0 ; Rank-Y: 7 ; Rowstart: 9188; Rowend: 10501; Rows: 1313; Colstart: 0; Colend: 1751; Cols: 1751;
Num-X: 6 ; Num-Y: 8 ; Resolution: 10500 ; Rank: 21 ; Rank-X: 3 ; Rank-Y: 3 ; Rowstart: 3939; Rowend: 5253; Rows: 1314; Colstart: 5250; Colend: 7001; Cols: 1751;
Num-X: 6 ; Num-Y: 8 ; Resolution: 10500 ; Rank: 24 ; Rank-X: 0 ; Rank-Y: 4 ; Rowstart: 5252; Rowend: 6565; Rows: 1313; Colstart: 0; Colend: 1751; Cols: 1751;
Num-X: 6 ; Num-Y: 8 ; Resolution: 10500 ; Rank: 43 ; Rank-X: 1 ; Rank-Y: 7 ; Rowstart: 9188; Rowend: 10501; Rows: 1313; Colstart: 1750; Colend: 3501; Cols: 1751;
Num-X: 6 ; Num-Y: 8 ; Resolution: 10500 ; Rank: 12 ; Rank-X: 0 ; Rank-Y: 2 ; Rowstart: 2626; Rowend: 3940; Rows: 1314; Colstart: 0; Colend: 1751; Cols: 1751;
Num-X: 6 ; Num-Y: 8 ; Resolution: 10500 ; Rank: 27 ; Rank-X: 3 ; Rank-Y: 4 ; Rowstart: 5252; Rowend: 6565; Rows: 1313; Colstart: 5250; Colend: 7001; Cols: 1751;
Num-X: 6 ; Num-Y: 8 ; Resolution: 10500 ; Rank: 34 ; Rank-X: 4 ; Rank-Y: 5 ; Rowstart: 6564; Rowend: 7877; Rows: 1313; Colstart: 7000; Colend: 8751; Cols: 1751;
Num-X: 6 ; Num-Y: 8 ; Resolution: 10500 ; Rank: 33 ; Rank-X: 3 ; Rank-Y: 5 ; Rowstart: 6564; Rowend: 7877; Rows: 1313; Colstart: 5250; Colend: 7001; Cols: 1751;
Num-X: 6 ; Num-Y: 8 ; Resolution: 10500 ; Rank: 37 ; Rank-X: 1 ; Rank-Y: 6 ; Rowstart: 7876; Rowend: 9189; Rows: 1313; Colstart: 1750; Colend: 3501; Cols: 1751;
Num-X: 6 ; Num-Y: 8 ; Resolution: 10500 ; Rank: 39 ; Rank-X: 3 ; Rank-Y: 6 ; Rowstart: 7876; Rowend: 9189; Rows: 1313; Colstart: 5250; Colend: 7001; Cols: 1751;
Num-X: 6 ; Num-Y: 8 ; Resolution: 10500 ; Rank: 1 ; Rank-X: 1 ; Rank-Y: 0 ; Rowstart: 0; Rowend: 1314; Rows: 1314; Colstart: 1750; Colend: 3501; Cols: 1751;
Num-X: 6 ; Num-Y: 8 ; Resolution: 10500 ; Rank: 38 ; Rank-X: 2 ; Rank-Y: 6 ; Rowstart: 7876; Rowend: 9189; Rows: 1313; Colstart: 3500; Colend: 5251; Cols: 1751;
Num-X: 6 ; Num-Y: 8 ; Resolution: 10500 ; Rank: 3 ; Rank-X: 3 ; Rank-Y: 0 ; Rowstart: 0; Rowend: 1314; Rows: 1314; Colstart: 5250; Colend: 7001; Cols: 1751;
Num-X: 6 ; Num-Y: 8 ; Resolution: 10500 ; Rank: 31 ; Rank-X: 1 ; Rank-Y: 5 ; Rowstart: 6564; Rowend: 7877; Rows: 1313; Colstart: 1750; Colend: 3501; Cols: 1751;
Num-X: 6 ; Num-Y: 8 ; Resolution: 10500 ; Rank: 41 ; Rank-X: 5 ; Rank-Y: 6 ; Rowstart: 7876; Rowend: 9189; Rows: 1313; Colstart: 8750; Colend: 10501; Cols: 1751;
Num-X: 6 ; Num-Y: 8 ; Resolution: 10500 ; Rank: 22 ; Rank-X: 4 ; Rank-Y: 3 ; Rowstart: 3939; Rowend: 5253; Rows: 1314; Colstart: 7000; Colend: 8751; Cols: 1751;
Num-X: 6 ; Num-Y: 8 ; Resolution: 10500 ; Rank: 9 ; Rank-X: 3 ; Rank-Y: 1 ; Rowstart: 1313; Rowend: 2627; Rows: 1314; Colstart: 5250; Colend: 7001; Cols: 1751;
Num-X: 6 ; Num-Y: 8 ; Resolution: 10500 ; Rank: 26 ; Rank-X: 2 ; Rank-Y: 4 ; Rowstart: 5252; Rowend: 6565; Rows: 1313; Colstart: 3500; Colend: 5251; Cols: 1751;
Num-X: 6 ; Num-Y: 8 ; Resolution: 10500 ; Rank: 45 ; Rank-X: 3 ; Rank-Y: 7 ; Rowstart: 9188; Rowend: 10501; Rows: 1313; Colstart: 5250; Colend: 7001; Cols: 1751;
Num-X: 6 ; Num-Y: 8 ; Resolution: 10500 ; Rank: 20 ; Rank-X: 2 ; Rank-Y: 3 ; Rowstart: 3939; Rowend: 5253; Rows: 1314; Colstart: 3500; Colend: 5251; Cols: 1751;
Num-X: 6 ; Num-Y: 8 ; Resolution: 10500 ; Rank: 11 ; Rank-X: 5 ; Rank-Y: 1 ; Rowstart: 1313; Rowend: 2627; Rows: 1314; Colstart: 8750; Colend: 10501; Cols: 1751;
Num-X: 6 ; Num-Y: 8 ; Resolution: 10500 ; Rank: 32 ; Rank-X: 2 ; Rank-Y: 5 ; Rowstart: 6564; Rowend: 7877; Rows: 1313; Colstart: 3500; Colend: 5251; Cols: 1751;
Num-X: 6 ; Num-Y: 8 ; Resolution: 10500 ; Rank: 46 ; Rank-X: 4 ; Rank-Y: 7 ; Rowstart: 9188; Rowend: 10501; Rows: 1313; Colstart: 7000; Colend: 8751; Cols: 1751;
Num-X: 6 ; Num-Y: 8 ; Resolution: 10500 ; Rank: 14 ; Rank-X: 2 ; Rank-Y: 2 ; Rowstart: 2626; Rowend: 3940; Rows: 1314; Colstart: 3500; Colend: 5251; Cols: 1751;
Num-X: 6 ; Num-Y: 8 ; Resolution: 10500 ; Rank: 5 ; Rank-X: 5 ; Rank-Y: 0 ; Rowstart: 0; Rowend: 1314; Rows: 1314; Colstart: 8750; Colend: 10501; Cols: 1751;
Num-X: 6 ; Num-Y: 8 ; Resolution: 10500 ; Rank: 28 ; Rank-X: 4 ; Rank-Y: 4 ; Rowstart: 5252; Rowend: 6565; Rows: 1313; Colstart: 7000; Colend: 8751; Cols: 1751;
Num-X: 6 ; Num-Y: 8 ; Resolution: 10500 ; Rank: 44 ; Rank-X: 2 ; Rank-Y: 7 ; Rowstart: 9188; Rowend: 10501; Rows: 1313; Colstart: 3500; Colend: 5251; Cols: 1751;
Num-X: 6 ; Num-Y: 8 ; Resolution: 10500 ; Rank: 18 ; Rank-X: 0 ; Rank-Y: 3 ; Rowstart: 3939; Rowend: 5253; Rows: 1314; Colstart: 0; Colend: 1751; Cols: 1751;
Num-X: 6 ; Num-Y: 8 ; Resolution: 10500 ; Rank: 10 ; Rank-X: 4 ; Rank-Y: 1 ; Rowstart: 1313; Rowend: 2627; Rows: 1314; Colstart: 7000; Colend: 8751; Cols: 1751;
Num-X: 6 ; Num-Y: 8 ; Resolution: 10500 ; Rank: 40 ; Rank-X: 4 ; Rank-Y: 6 ; Rowstart: 7876; Rowend: 9189; Rows: 1313; Colstart: 7000; Colend: 8751; Cols: 1751;
Num-X: 6 ; Num-Y: 8 ; Resolution: 10500 ; Rank: 8 ; Rank-X: 2 ; Rank-Y: 1 ; Rowstart: 1313; Rowend: 2627; Rows: 1314; Colstart: 3500; Colend: 5251; Cols: 1751;
Num-X: 6 ; Num-Y: 8 ; Resolution: 10500 ; Rank: 47 ; Rank-X: 5 ; Rank-Y: 7 ; Rowstart: 9188; Rowend: 10501; Rows: 1313; Colstart: 8750; Colend: 10501; Cols: 1751;
Num-X: 6 ; Num-Y: 8 ; Resolution: 10500 ; Rank: 23 ; Rank-X: 5 ; Rank-Y: 3 ; Rowstart: 3939; Rowend: 5253; Rows: 1314; Colstart: 8750; Colend: 10501; Cols: 1751;
Num-X: 6 ; Num-Y: 8 ; Resolution: 10500 ; Rank: 6 ; Rank-X: 0 ; Rank-Y: 1 ; Rowstart: 1313; Rowend: 2627; Rows: 1314; Colstart: 0; Colend: 1751; Cols: 1751;
Num-X: 6 ; Num-Y: 8 ; Resolution: 10500 ; Rank: 35 ; Rank-X: 5 ; Rank-Y: 5 ; Rowstart: 6564; Rowend: 7877; Rows: 1313; Colstart: 8750; Colend: 10501; Cols: 1751;
Num-X: 6 ; Num-Y: 8 ; Resolution: 10500 ; Rank: 29 ; Rank-X: 5 ; Rank-Y: 4 ; Rowstart: 5252; Rowend: 6565; Rows: 1313; Colstart: 8750; Colend: 10501; Cols: 1751;
Num-X: 6 ; Num-Y: 8 ; Resolution: 10500 ; Rank: 19 ; Rank-X: 1 ; Rank-Y: 3 ; Rowstart: 3939; Rowend: 5253; Rows: 1314; Colstart: 1750; Colend: 3501; Cols: 1751;
Num-X: 6 ; Num-Y: 8 ; Resolution: 10500 ; Rank: 16 ; Rank-X: 4 ; Rank-Y: 2 ; Rowstart: 2626; Rowend: 3940; Rows: 1314; Colstart: 7000; Colend: 8751; Cols: 1751;
Num-X: 6 ; Num-Y: 8 ; Resolution: 10500 ; Rank: 0 ; Rank-X: 0 ; Rank-Y: 0 ; Rowstart: 0; Rowend: 1314; Rows: 1314; Colstart: 0; Colend: 1751; Cols: 1751;
Num-X: 6 ; Num-Y: 8 ; Resolution: 10500 ; Rank: 7 ; Rank-X: 1 ; Rank-Y: 1 ; Rowstart: 1313; Rowend: 2627; Rows: 1314; Colstart: 1750; Colend: 3501; Cols: 1751;
Num-X: 6 ; Num-Y: 8 ; Resolution: 10500 ; Rank: 2 ; Rank-X: 2 ; Rank-Y: 0 ; Rowstart: 0; Rowend: 1314; Rows: 1314; Colstart: 3500; Colend: 5251; Cols: 1751;
Num-X: 6 ; Num-Y: 8 ; Resolution: 10500 ; Rank: 13 ; Rank-X: 1 ; Rank-Y: 2 ; Rowstart: 2626; Rowend: 3940; Rows: 1314; Colstart: 1750; Colend: 3501; Cols: 1751;
Num-X: 6 ; Num-Y: 8 ; Resolution: 10500 ; Rank: 15 ; Rank-X: 3 ; Rank-Y: 2 ; Rowstart: 2626; Rowend: 3940; Rows: 1314; Colstart: 5250; Colend: 7001; Cols: 1751;
Num-X: 6 ; Num-Y: 8 ; Resolution: 10500 ; Rank: 17 ; Rank-X: 5 ; Rank-Y: 2 ; Rowstart: 2626; Rowend: 3940; Rows: 1314; Colstart: 8750; Colend: 10501; Cols: 1751;
Num-X: 6 ; Num-Y: 8 ; Resolution: 10500 ; Rank: 36 ; Rank-X: 0 ; Rank-Y: 6 ; Rowstart: 7876; Rowend: 9189; Rows: 1313; Colstart: 0; Colend: 1751; Cols: 1751;

Resolution: 10500
===================
Execution time: 0.060538
Residual: 4.925272

megaflops:  254963.6
  flop instructions (M):  15435.000

Num-X: 6 ; Num-Y: 8 ; Resolution: 11500 ; Rank: 25 ; Rank-X: 1 ; Rank-Y: 4 ; Rowstart: 5752; Rowend: 7190; Rows: 1438; Colstart: 1917; Colend: 3835; Cols: 1918;
Num-X: 6 ; Num-Y: 8 ; Resolution: 11500 ; Rank: 2 ; Rank-X: 2 ; Rank-Y: 0 ; Rowstart: 0; Rowend: 1439; Rows: 1439; Colstart: 3834; Colend: 5752; Cols: 1918;
Num-X: 6 ; Num-Y: 8 ; Resolution: 11500 ; Rank: 24 ; Rank-X: 0 ; Rank-Y: 4 ; Rowstart: 5752; Rowend: 7190; Rows: 1438; Colstart: 0; Colend: 1918; Cols: 1918;
Num-X: 6 ; Num-Y: 8 ; Resolution: 11500 ; Rank: 10 ; Rank-X: 4 ; Rank-Y: 1 ; Rowstart: 1438; Rowend: 2877; Rows: 1439; Colstart: 7668; Colend: 9585; Cols: 1917;
Num-X: 6 ; Num-Y: 8 ; Resolution: 11500 ; Rank: 27 ; Rank-X: 3 ; Rank-Y: 4 ; Rowstart: 5752; Rowend: 7190; Rows: 1438; Colstart: 5751; Colend: 7669; Cols: 1918;
Num-X: 6 ; Num-Y: 8 ; Resolution: 11500 ; Rank: 1 ; Rank-X: 1 ; Rank-Y: 0 ; Rowstart: 0; Rowend: 1439; Rows: 1439; Colstart: 1917; Colend: 3835; Cols: 1918;
Num-X: 6 ; Num-Y: 8 ; Resolution: 11500 ; Rank: 31 ; Rank-X: 1 ; Rank-Y: 5 ; Rowstart: 7189; Rowend: 8627; Rows: 1438; Colstart: 1917; Colend: 3835; Cols: 1918;
Num-X: 6 ; Num-Y: 8 ; Resolution: 11500 ; Rank: 37 ; Rank-X: 1 ; Rank-Y: 6 ; Rowstart: 8626; Rowend: 10064; Rows: 1438; Colstart: 1917; Colend: 3835; Cols: 1918;
Num-X: 6 ; Num-Y: 8 ; Resolution: 11500 ; Rank: 5 ; Rank-X: 5 ; Rank-Y: 0 ; Rowstart: 0; Rowend: 1439; Rows: 1439; Colstart: 9584; Colend: 11501; Cols: 1917;
Num-X: 6 ; Num-Y: 8 ; Resolution: 11500 ; Rank: 35 ; Rank-X: 5 ; Rank-Y: 5 ; Rowstart: 7189; Rowend: 8627; Rows: 1438; Colstart: 9584; Colend: 11501; Cols: 1917;
Num-X: 6 ; Num-Y: 8 ; Resolution: 11500 ; Rank: 8 ; Rank-X: 2 ; Rank-Y: 1 ; Rowstart: 1438; Rowend: 2877; Rows: 1439; Colstart: 3834; Colend: 5752; Cols: 1918;
Num-X: 6 ; Num-Y: 8 ; Resolution: 11500 ; Rank: 3 ; Rank-X: 3 ; Rank-Y: 0 ; Rowstart: 0; Rowend: 1439; Rows: 1439; Colstart: 5751; Colend: 7669; Cols: 1918;
Num-X: 6 ; Num-Y: 8 ; Resolution: 11500 ; Rank: 32 ; Rank-X: 2 ; Rank-Y: 5 ; Rowstart: 7189; Rowend: 8627; Rows: 1438; Colstart: 3834; Colend: 5752; Cols: 1918;
Num-X: 6 ; Num-Y: 8 ; Resolution: 11500 ; Rank: 36 ; Rank-X: 0 ; Rank-Y: 6 ; Rowstart: 8626; Rowend: 10064; Rows: 1438; Colstart: 0; Colend: 1918; Cols: 1918;
Num-X: 6 ; Num-Y: 8 ; Resolution: 11500 ; Rank: 41 ; Rank-X: 5 ; Rank-Y: 6 ; Rowstart: 8626; Rowend: 10064; Rows: 1438; Colstart: 9584; Colend: 11501; Cols: 1917;
Num-X: 6 ; Num-Y: 8 ; Resolution: 11500 ; Rank: 44 ; Rank-X: 2 ; Rank-Y: 7 ; Rowstart: 10063; Rowend: 11501; Rows: 1438; Colstart: 3834; Colend: 5752; Cols: 1918;
Num-X: 6 ; Num-Y: 8 ; Resolution: 11500 ; Rank: 45 ; Rank-X: 3 ; Rank-Y: 7 ; Rowstart: 10063; Rowend: 11501; Rows: 1438; Colstart: 5751; Colend: 7669; Cols: 1918;
Num-X: 6 ; Num-Y: 8 ; Resolution: 11500 ; Rank: 46 ; Rank-X: 4 ; Rank-Y: 7 ; Rowstart: 10063; Rowend: 11501; Rows: 1438; Colstart: 7668; Colend: 9585; Cols: 1917;
Num-X: 6 ; Num-Y: 8 ; Resolution: 11500 ; Rank: 26 ; Rank-X: 2 ; Rank-Y: 4 ; Rowstart: 5752; Rowend: 7190; Rows: 1438; Colstart: 3834; Colend: 5752; Cols: 1918;
Num-X: 6 ; Num-Y: 8 ; Resolution: 11500 ; Rank: 22 ; Rank-X: 4 ; Rank-Y: 3 ; Rowstart: 4314; Rowend: 5753; Rows: 1439; Colstart: 7668; Colend: 9585; Cols: 1917;
Num-X: 6 ; Num-Y: 8 ; Resolution: 11500 ; Rank: 28 ; Rank-X: 4 ; Rank-Y: 4 ; Rowstart: 5752; Rowend: 7190; Rows: 1438; Colstart: 7668; Colend: 9585; Cols: 1917;
Num-X: 6 ; Num-Y: 8 ; Resolution: 11500 ; Rank: 39 ; Rank-X: 3 ; Rank-Y: 6 ; Rowstart: 8626; Rowend: 10064; Rows: 1438; Colstart: 5751; Colend: 7669; Cols: 1918;
Num-X: 6 ; Num-Y: 8 ; Resolution: 11500 ; Rank: 20 ; Rank-X: 2 ; Rank-Y: 3 ; Rowstart: 4314; Rowend: 5753; Rows: 1439; Colstart: 3834; Colend: 5752; Cols: 1918;
Num-X: 6 ; Num-Y: 8 ; Resolution: 11500 ; Rank: 29 ; Rank-X: 5 ; Rank-Y: 4 ; Rowstart: 5752; Rowend: 7190; Rows: 1438; Colstart: 9584; Colend: 11501; Cols: 1917;
Num-X: 6 ; Num-Y: 8 ; Resolution: 11500 ; Rank: 38 ; Rank-X: 2 ; Rank-Y: 6 ; Rowstart: 8626; Rowend: 10064; Rows: 1438; Colstart: 3834; Colend: 5752; Cols: 1918;
Num-X: 6 ; Num-Y: 8 ; Resolution: 11500 ; Rank: 14 ; Rank-X: 2 ; Rank-Y: 2 ; Rowstart: 2876; Rowend: 4315; Rows: 1439; Colstart: 3834; Colend: 5752; Cols: 1918;
Num-X: 6 ; Num-Y: 8 ; Resolution: 11500 ; Rank: 6 ; Rank-X: 0 ; Rank-Y: 1 ; Rowstart: 1438; Rowend: 2877; Rows: 1439; Colstart: 0; Colend: 1918; Cols: 1918;
Num-X: 6 ; Num-Y: 8 ; Resolution: 11500 ; Rank: 33 ; Rank-X: 3 ; Rank-Y: 5 ; Rowstart: 7189; Rowend: 8627; Rows: 1438; Colstart: 5751; Colend: 7669; Cols: 1918;
Num-X: 6 ; Num-Y: 8 ; Resolution: 11500 ; Rank: 18 ; Rank-X: 0 ; Rank-Y: 3 ; Rowstart: 4314; Rowend: 5753; Rows: 1439; Colstart: 0; Colend: 1918; Cols: 1918;
Num-X: 6 ; Num-Y: 8 ; Resolution: 11500 ; Rank: 9 ; Rank-X: 3 ; Rank-Y: 1 ; Rowstart: 1438; Rowend: 2877; Rows: 1439; Colstart: 5751; Colend: 7669; Cols: 1918;
Num-X: 6 ; Num-Y: 8 ; Resolution: 11500 ; Rank: 34 ; Rank-X: 4 ; Rank-Y: 5 ; Rowstart: 7189; Rowend: 8627; Rows: 1438; Colstart: 7668; Colend: 9585; Cols: 1917;
Num-X: 6 ; Num-Y: 8 ; Resolution: 11500 ; Rank: 15 ; Rank-X: 3 ; Rank-Y: 2 ; Rowstart: 2876; Rowend: 4315; Rows: 1439; Colstart: 5751; Colend: 7669; Cols: 1918;
Num-X: 6 ; Num-Y: 8 ; Resolution: 11500 ; Rank: 4 ; Rank-X: 4 ; Rank-Y: 0 ; Rowstart: 0; Rowend: 1439; Rows: 1439; Colstart: 7668; Colend: 9585; Cols: 1917;
Num-X: 6 ; Num-Y: 8 ; Resolution: 11500 ; Rank: 40 ; Rank-X: 4 ; Rank-Y: 6 ; Rowstart: 8626; Rowend: 10064; Rows: 1438; Colstart: 7668; Colend: 9585; Cols: 1917;
Num-X: 6 ; Num-Y: 8 ; Resolution: 11500 ; Rank: 17 ; Rank-X: 5 ; Rank-Y: 2 ; Rowstart: 2876; Rowend: 4315; Rows: 1439; Colstart: 9584; Colend: 11501; Cols: 1917;
Num-X: 6 ; Num-Y: 8 ; Resolution: 11500 ; Rank: 43 ; Rank-X: 1 ; Rank-Y: 7 ; Rowstart: 10063; Rowend: 11501; Rows: 1438; Colstart: 1917; Colend: 3835; Cols: 1918;
Num-X: 6 ; Num-Y: 8 ; Resolution: 11500 ; Rank: 19 ; Rank-X: 1 ; Rank-Y: 3 ; Rowstart: 4314; Rowend: 5753; Rows: 1439; Colstart: 1917; Colend: 3835; Cols: 1918;
Num-X: 6 ; Num-Y: 8 ; Resolution: 11500 ; Rank: 47 ; Rank-X: 5 ; Rank-Y: 7 ; Rowstart: 10063; Rowend: 11501; Rows: 1438; Colstart: 9584; Colend: 11501; Cols: 1917;
Num-X: 6 ; Num-Y: 8 ; Resolution: 11500 ; Rank: 23 ; Rank-X: 5 ; Rank-Y: 3 ; Rowstart: 4314; Rowend: 5753; Rows: 1439; Colstart: 9584; Colend: 11501; Cols: 1917;
Num-X: 6 ; Num-Y: 8 ; Resolution: 11500 ; Rank: 11 ; Rank-X: 5 ; Rank-Y: 1 ; Rowstart: 1438; Rowend: 2877; Rows: 1439; Colstart: 9584; Colend: 11501; Cols: 1917;
Num-X: 6 ; Num-Y: 8 ; Resolution: 11500 ; Rank: 0 ; Rank-X: 0 ; Rank-Y: 0 ; Rowstart: 0; Rowend: 1439; Rows: 1439; Colstart: 0; Colend: 1918; Cols: 1918;
Num-X: 6 ; Num-Y: 8 ; Resolution: 11500 ; Rank: 16 ; Rank-X: 4 ; Rank-Y: 2 ; Rowstart: 2876; Rowend: 4315; Rows: 1439; Colstart: 7668; Colend: 9585; Cols: 1917;
Num-X: 6 ; Num-Y: 8 ; Resolution: 11500 ; Rank: 7 ; Rank-X: 1 ; Rank-Y: 1 ; Rowstart: 1438; Rowend: 2877; Rows: 1439; Colstart: 1917; Colend: 3835; Cols: 1918;
Num-X: 6 ; Num-Y: 8 ; Resolution: 11500 ; Rank: 21 ; Rank-X: 3 ; Rank-Y: 3 ; Rowstart: 4314; Rowend: 5753; Rows: 1439; Colstart: 5751; Colend: 7669; Cols: 1918;
Num-X: 6 ; Num-Y: 8 ; Resolution: 11500 ; Rank: 13 ; Rank-X: 1 ; Rank-Y: 2 ; Rowstart: 2876; Rowend: 4315; Rows: 1439; Colstart: 1917; Colend: 3835; Cols: 1918;
Num-X: 6 ; Num-Y: 8 ; Resolution: 11500 ; Rank: 42 ; Rank-X: 0 ; Rank-Y: 7 ; Rowstart: 10063; Rowend: 11501; Rows: 1438; Colstart: 0; Colend: 1918; Cols: 1918;
Num-X: 6 ; Num-Y: 8 ; Resolution: 11500 ; Rank: 30 ; Rank-X: 0 ; Rank-Y: 5 ; Rowstart: 7189; Rowend: 8627; Rows: 1438; Colstart: 0; Colend: 1918; Cols: 1918;
Num-X: 6 ; Num-Y: 8 ; Resolution: 11500 ; Rank: 12 ; Rank-X: 0 ; Rank-Y: 2 ; Rowstart: 2876; Rowend: 4315; Rows: 1439; Colstart: 0; Colend: 1918; Cols: 1918;

Resolution: 11500
===================
Execution time: 0.073408
Residual: 5.394301

megaflops:  252220.0
  flop instructions (M):  18515.000

Num-X: 6 ; Num-Y: 8 ; Resolution: 12500 ; Rank: 2 ; Rank-X: 2 ; Rank-Y: 0 ; Rowstart: 0; Rowend: 1564; Rows: 1564; Colstart: 4168; Colend: 6252; Cols: 2084;
Num-X: 6 ; Num-Y: 8 ; Resolution: 12500 ; Rank: 25 ; Rank-X: 1 ; Rank-Y: 4 ; Rowstart: 6252; Rowend: 7815; Rows: 1563; Colstart: 2084; Colend: 4169; Cols: 2085;
Num-X: 6 ; Num-Y: 8 ; Resolution: 12500 ; Rank: 1 ; Rank-X: 1 ; Rank-Y: 0 ; Rowstart: 0; Rowend: 1564; Rows: 1564; Colstart: 2084; Colend: 4169; Cols: 2085;
Num-X: 6 ; Num-Y: 8 ; Resolution: 12500 ; Rank: 30 ; Rank-X: 0 ; Rank-Y: 5 ; Rowstart: 7814; Rowend: 9377; Rows: 1563; Colstart: 0; Colend: 2085; Cols: 2085;
Num-X: 6 ; Num-Y: 8 ; Resolution: 12500 ; Rank: 5 ; Rank-X: 5 ; Rank-Y: 0 ; Rowstart: 0; Rowend: 1564; Rows: 1564; Colstart: 10417; Colend: 12501; Cols: 2084;
Num-X: 6 ; Num-Y: 8 ; Resolution: 12500 ; Rank: 24 ; Rank-X: 0 ; Rank-Y: 4 ; Rowstart: 6252; Rowend: 7815; Rows: 1563; Colstart: 0; Colend: 2085; Cols: 2085;
Num-X: 6 ; Num-Y: 8 ; Resolution: 12500 ; Rank: 27 ; Rank-X: 3 ; Rank-Y: 4 ; Rowstart: 6252; Rowend: 7815; Rows: 1563; Colstart: 6251; Colend: 8335; Cols: 2084;
Num-X: 6 ; Num-Y: 8 ; Resolution: 12500 ; Rank: 34 ; Rank-X: 4 ; Rank-Y: 5 ; Rowstart: 7814; Rowend: 9377; Rows: 1563; Colstart: 8334; Colend: 10418; Cols: 2084;
Num-X: 6 ; Num-Y: 8 ; Resolution: 12500 ; Rank: 28 ; Rank-X: 4 ; Rank-Y: 4 ; Rowstart: 6252; Rowend: 7815; Rows: 1563; Colstart: 8334; Colend: 10418; Cols: 2084;
Num-X: 6 ; Num-Y: 8 ; Resolution: 12500 ; Rank: 3 ; Rank-X: 3 ; Rank-Y: 0 ; Rowstart: 0; Rowend: 1564; Rows: 1564; Colstart: 6251; Colend: 8335; Cols: 2084;
Num-X: 6 ; Num-Y: 8 ; Resolution: 12500 ; Rank: 26 ; Rank-X: 2 ; Rank-Y: 4 ; Rowstart: 6252; Rowend: 7815; Rows: 1563; Colstart: 4168; Colend: 6252; Cols: 2084;
Num-X: 6 ; Num-Y: 8 ; Resolution: 12500 ; Rank: 22 ; Rank-X: 4 ; Rank-Y: 3 ; Rowstart: 4689; Rowend: 6253; Rows: 1564; Colstart: 8334; Colend: 10418; Cols: 2084;
Num-X: 6 ; Num-Y: 8 ; Resolution: 12500 ; Rank: 33 ; Rank-X: 3 ; Rank-Y: 5 ; Rowstart: 7814; Rowend: 9377; Rows: 1563; Colstart: 6251; Colend: 8335; Cols: 2084;
Num-X: 6 ; Num-Y: 8 ; Resolution: 12500 ; Rank: 37 ; Rank-X: 1 ; Rank-Y: 6 ; Rowstart: 9376; Rowend: 10939; Rows: 1563; Colstart: 2084; Colend: 4169; Cols: 2085;
Num-X: 6 ; Num-Y: 8 ; Resolution: 12500 ; Rank: 38 ; Rank-X: 2 ; Rank-Y: 6 ; Rowstart: 9376; Rowend: 10939; Rows: 1563; Colstart: 4168; Colend: 6252; Cols: 2084;
Num-X: 6 ; Num-Y: 8 ; Resolution: 12500 ; Rank: 39 ; Rank-X: 3 ; Rank-Y: 6 ; Rowstart: 9376; Rowend: 10939; Rows: 1563; Colstart: 6251; Colend: 8335; Cols: 2084;
Num-X: 6 ; Num-Y: 8 ; Resolution: 12500 ; Rank: 23 ; Rank-X: 5 ; Rank-Y: 3 ; Rowstart: 4689; Rowend: 6253; Rows: 1564; Colstart: 10417; Colend: 12501; Cols: 2084;
Num-X: 6 ; Num-Y: 8 ; Resolution: 12500 ; Rank: 29 ; Rank-X: 5 ; Rank-Y: 4 ; Rowstart: 6252; Rowend: 7815; Rows: 1563; Colstart: 10417; Colend: 12501; Cols: 2084;
Num-X: 6 ; Num-Y: 8 ; Resolution: 12500 ; Rank: 46 ; Rank-X: 4 ; Rank-Y: 7 ; Rowstart: 10938; Rowend: 12501; Rows: 1563; Colstart: 8334; Colend: 10418; Cols: 2084;
Num-X: 6 ; Num-Y: 8 ; Resolution: 12500 ; Rank: 20 ; Rank-X: 2 ; Rank-Y: 3 ; Rowstart: 4689; Rowend: 6253; Rows: 1564; Colstart: 4168; Colend: 6252; Cols: 2084;
Num-X: 6 ; Num-Y: 8 ; Resolution: 12500 ; Rank: 40 ; Rank-X: 4 ; Rank-Y: 6 ; Rowstart: 9376; Rowend: 10939; Rows: 1563; Colstart: 8334; Colend: 10418; Cols: 2084;
Num-X: 6 ; Num-Y: 8 ; Resolution: 12500 ; Rank: 18 ; Rank-X: 0 ; Rank-Y: 3 ; Rowstart: 4689; Rowend: 6253; Rows: 1564; Colstart: 0; Colend: 2085; Cols: 2085;
Num-X: 6 ; Num-Y: 8 ; Resolution: 12500 ; Rank: 45 ; Rank-X: 3 ; Rank-Y: 7 ; Rowstart: 10938; Rowend: 12501; Rows: 1563; Colstart: 6251; Colend: 8335; Cols: 2084;
Num-X: 6 ; Num-Y: 8 ; Resolution: 12500 ; Rank: 41 ; Rank-X: 5 ; Rank-Y: 6 ; Rowstart: 9376; Rowend: 10939; Rows: 1563; Colstart: 10417; Colend: 12501; Cols: 2084;
Num-X: 6 ; Num-Y: 8 ; Resolution: 12500 ; Rank: 44 ; Rank-X: 2 ; Rank-Y: 7 ; Rowstart: 10938; Rowend: 12501; Rows: 1563; Colstart: 4168; Colend: 6252; Cols: 2084;
Num-X: 6 ; Num-Y: 8 ; Resolution: 12500 ; Rank: 42 ; Rank-X: 0 ; Rank-Y: 7 ; Rowstart: 10938; Rowend: 12501; Rows: 1563; Colstart: 0; Colend: 2085; Cols: 2085;
Num-X: 6 ; Num-Y: 8 ; Resolution: 12500 ; Rank: 31 ; Rank-X: 1 ; Rank-Y: 5 ; Rowstart: 7814; Rowend: 9377; Rows: 1563; Colstart: 2084; Colend: 4169; Cols: 2085;
Num-X: 6 ; Num-Y: 8 ; Resolution: 12500 ; Rank: 32 ; Rank-X: 2 ; Rank-Y: 5 ; Rowstart: 7814; Rowend: 9377; Rows: 1563; Colstart: 4168; Colend: 6252; Cols: 2084;
Num-X: 6 ; Num-Y: 8 ; Resolution: 12500 ; Rank: 35 ; Rank-X: 5 ; Rank-Y: 5 ; Rowstart: 7814; Rowend: 9377; Rows: 1563; Colstart: 10417; Colend: 12501; Cols: 2084;
Num-X: 6 ; Num-Y: 8 ; Resolution: 12500 ; Rank: 14 ; Rank-X: 2 ; Rank-Y: 2 ; Rowstart: 3126; Rowend: 4690; Rows: 1564; Colstart: 4168; Colend: 6252; Cols: 2084;
Num-X: 6 ; Num-Y: 8 ; Resolution: 12500 ; Rank: 15 ; Rank-X: 3 ; Rank-Y: 2 ; Rowstart: 3126; Rowend: 4690; Rows: 1564; Colstart: 6251; Colend: 8335; Cols: 2084;
Num-X: 6 ; Num-Y: 8 ; Resolution: 12500 ; Rank: 36 ; Rank-X: 0 ; Rank-Y: 6 ; Rowstart: 9376; Rowend: 10939; Rows: 1563; Colstart: 0; Colend: 2085; Cols: 2085;
Num-X: 6 ; Num-Y: 8 ; Resolution: 12500 ; Rank: 17 ; Rank-X: 5 ; Rank-Y: 2 ; Rowstart: 3126; Rowend: 4690; Rows: 1564; Colstart: 10417; Colend: 12501; Cols: 2084;
Num-X: 6 ; Num-Y: 8 ; Resolution: 12500 ; Rank: 19 ; Rank-X: 1 ; Rank-Y: 3 ; Rowstart: 4689; Rowend: 6253; Rows: 1564; Colstart: 2084; Colend: 4169; Cols: 2085;
Num-X: 6 ; Num-Y: 8 ; Resolution: 12500 ; Rank: 16 ; Rank-X: 4 ; Rank-Y: 2 ; Rowstart: 3126; Rowend: 4690; Rows: 1564; Colstart: 8334; Colend: 10418; Cols: 2084;
Num-X: 6 ; Num-Y: 8 ; Resolution: 12500 ; Rank: 21 ; Rank-X: 3 ; Rank-Y: 3 ; Rowstart: 4689; Rowend: 6253; Rows: 1564; Colstart: 6251; Colend: 8335; Cols: 2084;
Num-X: 6 ; Num-Y: 8 ; Resolution: 12500 ; Rank: 13 ; Rank-X: 1 ; Rank-Y: 2 ; Rowstart: 3126; Rowend: 4690; Rows: 1564; Colstart: 2084; Colend: 4169; Cols: 2085;
Num-X: 6 ; Num-Y: 8 ; Resolution: 12500 ; Rank: 43 ; Rank-X: 1 ; Rank-Y: 7 ; Rowstart: 10938; Rowend: 12501; Rows: 1563; Colstart: 2084; Colend: 4169; Cols: 2085;
Num-X: 6 ; Num-Y: 8 ; Resolution: 12500 ; Rank: 47 ; Rank-X: 5 ; Rank-Y: 7 ; Rowstart: 10938; Rowend: 12501; Rows: 1563; Colstart: 10417; Colend: 12501; Cols: 2084;
Num-X: 6 ; Num-Y: 8 ; Resolution: 12500 ; Rank: 12 ; Rank-X: 0 ; Rank-Y: 2 ; Rowstart: 3126; Rowend: 4690; Rows: 1564; Colstart: 0; Colend: 2085; Cols: 2085;
Num-X: 6 ; Num-Y: 8 ; Resolution: 12500 ; Rank: 0 ; Rank-X: 0 ; Rank-Y: 0 ; Rowstart: 0; Rowend: 1564; Rows: 1564; Colstart: 0; Colend: 2085; Cols: 2085;
Num-X: 6 ; Num-Y: 8 ; Resolution: 12500 ; Rank: 4 ; Rank-X: 4 ; Rank-Y: 0 ; Rowstart: 0; Rowend: 1564; Rows: 1564; Colstart: 8334; Colend: 10418; Cols: 2084;
Num-X: 6 ; Num-Y: 8 ; Resolution: 12500 ; Rank: 6 ; Rank-X: 0 ; Rank-Y: 1 ; Rowstart: 1563; Rowend: 3127; Rows: 1564; Colstart: 0; Colend: 2085; Cols: 2085;
Num-X: 6 ; Num-Y: 8 ; Resolution: 12500 ; Rank: 7 ; Rank-X: 1 ; Rank-Y: 1 ; Rowstart: 1563; Rowend: 3127; Rows: 1564; Colstart: 2084; Colend: 4169; Cols: 2085;
Num-X: 6 ; Num-Y: 8 ; Resolution: 12500 ; Rank: 8 ; Rank-X: 2 ; Rank-Y: 1 ; Rowstart: 1563; Rowend: 3127; Rows: 1564; Colstart: 4168; Colend: 6252; Cols: 2084;
Num-X: 6 ; Num-Y: 8 ; Resolution: 12500 ; Rank: 9 ; Rank-X: 3 ; Rank-Y: 1 ; Rowstart: 1563; Rowend: 3127; Rows: 1564; Colstart: 6251; Colend: 8335; Cols: 2084;
Num-X: 6 ; Num-Y: 8 ; Resolution: 12500 ; Rank: 10 ; Rank-X: 4 ; Rank-Y: 1 ; Rowstart: 1563; Rowend: 3127; Rows: 1564; Colstart: 8334; Colend: 10418; Cols: 2084;
Num-X: 6 ; Num-Y: 8 ; Resolution: 12500 ; Rank: 11 ; Rank-X: 5 ; Rank-Y: 1 ; Rowstart: 1563; Rowend: 3127; Rows: 1564; Colstart: 10417; Colend: 12501; Cols: 2084;

Resolution: 12500
===================
Execution time: 0.088545
Residual: 5.863330

megaflops:  247050.0
  flop instructions (M):  21875.000
