mpiexec -genv I_MPI_DEBUG=4 -genv OMP_NUM_THREADS=8 -genv I_MPI_PIN_DOMAIN=omp -n 24 ./heat test.dat 4 6
[0] MPI startup(): Intel(R) MPI Library, Version 2019 Update 8  Build 20200624 (id: 4f16ad915)
[0] MPI startup(): Copyright (C) 2003-2020 Intel Corporation.  All rights reserved.
[0] MPI startup(): library kind: release
[0] MPI startup(): libfabric version: 1.10.1-impi
[0] MPI startup(): libfabric provider: psm2

Executing each MPI process in 8 OMP threads.

Executing each MPI process in 8 OMP threads.
[0] MPI startup(): Rank    Pid      Node name     Pin cpu
[0] MPI startup(): 0       2378779  i01r01c02s09  {0,1,2,3,48,49,50,51}
[0] MPI startup(): 1       2378780  i01r01c02s09  {4,5,6,7,52,53,54,55}
[0] MPI startup(): 2       2378781  i01r01c02s09  {8,9,10,11,56,57,58,59}
[0] MPI startup(): 3       2378782  i01r01c02s09  {24,25,26,27,72,73,74,75}
[0] MPI startup(): 4       2378783  i01r01c02s09  {28,29,30,31,76,77,78,79}
[0] MPI startup(): 5       2378784  i01r01c02s09  {32,33,34,35,80,81,82,83}
[0] MPI startup(): 6       174949   i01r01c02s10  {0,1,2,3,48,49,50,51}
[0] MPI startup(): 7       174950   i01r01c02s10  {4,5,6,7,52,53,54,55}
[0] MPI startup(): 8       174951   i01r01c02s10  {8,9,10,11,56,57,58,59}
[0] MPI startup(): 9       174952   i01r01c02s10  {24,25,26,27,72,73,74,75}
[0] MPI startup(): 10      174953   i01r01c02s10  {28,29,30,31,76,77,78,79}
[0] MPI startup(): 11      174954   i01r01c02s10  {32,33,34,35,80,81,82,83}
[0] MPI startup(): 12      1977409  i01r01c02s11  {0,1,2,3,48,49,50,51}
[0] MPI startup(): 13      1977410  i01r01c02s11  {4,5,6,7,52,53,54,55}
[0] MPI startup(): 14      1977411  i01r01c02s11  {8,9,10,11,56,57,58,59}
[0] MPI startup(): 15      1977412  i01r01c02s11  {24,25,26,27,72,73,74,75}
[0] MPI startup(): 16      1977413  i01r01c02s11  {28,29,30,31,76,77,78,79}
[0] MPI startup(): 17      1977414  i01r01c02s11  {32,33,34,35,80,81,82,83}
[0] MPI startup(): 18      2452439  i01r01c02s12  {0,1,2,3,48,49,50,51}
[0] MPI startup(): 19      2452440  i01r01c02s12  {4,5,6,7,52,53,54,55}
[0] MPI startup(): 20      2452441  i01r01c02s12  {8,9,10,11,56,57,58,59}
[0] MPI startup(): 21      2452442  i01r01c02s12  {24,25,26,27,72,73,74,75}
[0] MPI startup(): 22      2452443  i01r01c02s12  {28,29,30,31,76,77,78,79}
[0] MPI startup(): 23      2452444  i01r01c02s12  {32,33,34,35,80,81,82,83}

4 processes distributed in X-direction
 6 ; processes distributed in Y-direction

Executing each MPI process in 8 OMP threads.
Resolutions       : (4500, 5500, ... 12500)
Iterations        : 20
Num. Heat sources : 2
   1: (0.00, 0.00) 1.00 1.00 
   2: (1.00, 1.00) 1.00 0.50 
rank= 0 coords= 0 0 neighbours(up,down,left,right)= -1 6 -1 1
rank= 1 coords= 0 1 neighbours(up,down,left,right)= -1 7 0 2
rank= 18 coords= 3 0 neighbours(up,down,left,right)= 12 -1 -1 19
rank= 12 coords= 2 0 neighbours(up,down,left,right)= 6 18 -1 13
rank= 6 coords= 1 0 neighbours(up,down,left,right)= 0 12 -1 7
rank= 2 coords= 0 2 neighbours(up,down,left,right)= -1 8 1 3
rank= 19 coords= 3 1 neighbours(up,down,left,right)= 13 -1 18 20
rank= 13 coords= 2 1 neighbours(up,down,left,right)= 7 19 12 14
rank= 7 coords= 1 1 neighbours(up,down,left,right)= 1 13 6 8
rank= 3 coords= 0 3 neighbours(up,down,left,right)= -1 9 2 4
rank= 20 coords= 3 2 neighbours(up,down,left,right)= 14 -1 19 21
rank= 14 coords= 2 2 neighbours(up,down,left,right)= 8 20 13 15
rank= 8 coords= 1 2 neighbours(up,down,left,right)= 2 14 7 9
rank= 4 coords= 0 4 neighbours(up,down,left,right)= -1 10 3 5
rank= 21 coords= 3 3 neighbours(up,down,left,right)= 15 -1 20 22
rank= 15 coords= 2 3 neighbours(up,down,left,right)= 9 21 14 16
rank= 9 coords= 1 3 neighbours(up,down,left,right)= 3 15 8 10
rank= 5 coords= 0 5 neighbours(up,down,left,right)= -1 11 4 -1
rank= 22 coords= 3 4 neighbours(up,down,left,right)= 16 -1 21 23
rank= 16 coords= 2 4 neighbours(up,down,left,right)= 10 22 15 17
rank= 10 coords= 1 4 neighbours(up,down,left,right)= 4 16 9 11
rank= 23 coords= 3 5 neighbours(up,down,left,right)= 17 -1 22 -1

Num-X: 6 ; Num-Y: 4 ; Resolution: 4500 ; Rank: 1 ; Rank-X: 1 ; Rank-Y: 0 ; Rowstart: 0; Rowend: 1126; Rows: 1126; Colstart: 750; Colend: 1501; Cols: 751;rank= 17 coords= 2 5 neighbours(up,down,left,right)= 11 23 16 -1
rank= 11 coords= 1 5 neighbours(up,down,left,right)= 5 17 10 -1

Num-X: 6 ; Num-Y: 4 ; Resolution: 4500 ; Rank: 2 ; Rank-X: 2 ; Rank-Y: 0 ; Rowstart: 0; Rowend: 1126; Rows: 1126; Colstart: 1500; Colend: 2251; Cols: 751;
Num-X: 6 ; Num-Y: 4 ; Resolution: 4500 ; Rank: 9 ; Rank-X: 3 ; Rank-Y: 1 ; Rowstart: 1125; Rowend: 2251; Rows: 1126; Colstart: 2250; Colend: 3001; Cols: 751;
Num-X: 6 ; Num-Y: 4 ; Resolution: 4500 ; Rank: 6 ; Rank-X: 0 ; Rank-Y: 1 ; Rowstart: 1125; Rowend: 2251; Rows: 1126; Colstart: 0; Colend: 751; Cols: 751;
Num-X: 6 ; Num-Y: 4 ; Resolution: 4500 ; Rank: 10 ; Rank-X: 4 ; Rank-Y: 1 ; Rowstart: 1125; Rowend: 2251; Rows: 1126; Colstart: 3000; Colend: 3751; Cols: 751;
Num-X: 6 ; Num-Y: 4 ; Resolution: 4500 ; Rank: 8 ; Rank-X: 2 ; Rank-Y: 1 ; Rowstart: 1125; Rowend: 2251; Rows: 1126; Colstart: 1500; Colend: 2251; Cols: 751;
Num-X: 6 ; Num-Y: 4 ; Resolution: 4500 ; Rank: 0 ; Rank-X: 0 ; Rank-Y: 0 ; Rowstart: 0; Rowend: 1126; Rows: 1126; Colstart: 0; Colend: 751; Cols: 751;
Num-X: 6 ; Num-Y: 4 ; Resolution: 4500 ; Rank: 7 ; Rank-X: 1 ; Rank-Y: 1 ; Rowstart: 1125; Rowend: 2251; Rows: 1126; Colstart: 750; Colend: 1501; Cols: 751;
Num-X: 6 ; Num-Y: 4 ; Resolution: 4500 ; Rank: 4 ; Rank-X: 4 ; Rank-Y: 0 ; Rowstart: 0; Rowend: 1126; Rows: 1126; Colstart: 3000; Colend: 3751; Cols: 751;
Num-X: 6 ; Num-Y: 4 ; Resolution: 4500 ; Rank: 11 ; Rank-X: 5 ; Rank-Y: 1 ; Rowstart: 1125; Rowend: 2251; Rows: 1126; Colstart: 3750; Colend: 4501; Cols: 751;
Num-X: 6 ; Num-Y: 4 ; Resolution: 4500 ; Rank: 20 ; Rank-X: 2 ; Rank-Y: 3 ; Rowstart: 3375; Rowend: 4501; Rows: 1126; Colstart: 1500; Colend: 2251; Cols: 751;
Num-X: 6 ; Num-Y: 4 ; Resolution: 4500 ; Rank: 19 ; Rank-X: 1 ; Rank-Y: 3 ; Rowstart: 3375; Rowend: 4501; Rows: 1126; Colstart: 750; Colend: 1501; Cols: 751;
Num-X: 6 ; Num-Y: 4 ; Resolution: 4500 ; Rank: 18 ; Rank-X: 0 ; Rank-Y: 3 ; Rowstart: 3375; Rowend: 4501; Rows: 1126; Colstart: 0; Colend: 751; Cols: 751;
Num-X: 6 ; Num-Y: 4 ; Resolution: 4500 ; Rank: 22 ; Rank-X: 4 ; Rank-Y: 3 ; Rowstart: 3375; Rowend: 4501; Rows: 1126; Colstart: 3000; Colend: 3751; Cols: 751;
Num-X: 6 ; Num-Y: 4 ; Resolution: 4500 ; Rank: 23 ; Rank-X: 5 ; Rank-Y: 3 ; Rowstart: 3375; Rowend: 4501; Rows: 1126; Colstart: 3750; Colend: 4501; Cols: 751;
Num-X: 6 ; Num-Y: 4 ; Resolution: 4500 ; Rank: 16 ; Rank-X: 4 ; Rank-Y: 2 ; Rowstart: 2250; Rowend: 3376; Rows: 1126; Colstart: 3000; Colend: 3751; Cols: 751;
Num-X: 6 ; Num-Y: 4 ; Resolution: 4500 ; Rank: 17 ; Rank-X: 5 ; Rank-Y: 2 ; Rowstart: 2250; Rowend: 3376; Rows: 1126; Colstart: 3750; Colend: 4501; Cols: 751;
Num-X: 6 ; Num-Y: 4 ; Resolution: 4500 ; Rank: 5 ; Rank-X: 5 ; Rank-Y: 0 ; Rowstart: 0; Rowend: 1126; Rows: 1126; Colstart: 3750; Colend: 4501; Cols: 751;
Num-X: 6 ; Num-Y: 4 ; Resolution: 4500 ; Rank: 21 ; Rank-X: 3 ; Rank-Y: 3 ; Rowstart: 3375; Rowend: 4501; Rows: 1126; Colstart: 2250; Colend: 3001; Cols: 751;
Num-X: 6 ; Num-Y: 4 ; Resolution: 4500 ; Rank: 3 ; Rank-X: 3 ; Rank-Y: 0 ; Rowstart: 0; Rowend: 1126; Rows: 1126; Colstart: 2250; Colend: 3001; Cols: 751;
Num-X: 6 ; Num-Y: 4 ; Resolution: 4500 ; Rank: 13 ; Rank-X: 1 ; Rank-Y: 2 ; Rowstart: 2250; Rowend: 3376; Rows: 1126; Colstart: 750; Colend: 1501; Cols: 751;
Num-X: 6 ; Num-Y: 4 ; Resolution: 4500 ; Rank: 14 ; Rank-X: 2 ; Rank-Y: 2 ; Rowstart: 2250; Rowend: 3376; Rows: 1126; Colstart: 1500; Colend: 2251; Cols: 751;
Num-X: 6 ; Num-Y: 4 ; Resolution: 4500 ; Rank: 12 ; Rank-X: 0 ; Rank-Y: 2 ; Rowstart: 2250; Rowend: 3376; Rows: 1126; Colstart: 0; Colend: 751; Cols: 751;
Num-X: 6 ; Num-Y: 4 ; Resolution: 4500 ; Rank: 15 ; Rank-X: 3 ; Rank-Y: 2 ; Rowstart: 2250; Rowend: 3376; Rows: 1126; Colstart: 2250; Colend: 3001; Cols: 751;

Resolution: 4500
===================
Execution time: 0.007377
Residual: 2.111093

megaflops:  384307.3
  flop instructions (M):  2835.000

Num-X: 6 ; Num-Y: 4 ; Resolution: 5500 ; Rank: 1 ; Rank-X: 1 ; Rank-Y: 0 ; Rowstart: 0; Rowend: 1376; Rows: 1376; Colstart: 917; Colend: 1835; Cols: 918;
Num-X: 6 ; Num-Y: 4 ; Resolution: 5500 ; Rank: 17 ; Rank-X: 5 ; Rank-Y: 2 ; Rowstart: 2750; Rowend: 4126; Rows: 1376; Colstart: 4584; Colend: 5501; Cols: 917;
Num-X: 6 ; Num-Y: 4 ; Resolution: 5500 ; Rank: 3 ; Rank-X: 3 ; Rank-Y: 0 ; Rowstart: 0; Rowend: 1376; Rows: 1376; Colstart: 2751; Colend: 3669; Cols: 918;
Num-X: 6 ; Num-Y: 4 ; Resolution: 5500 ; Rank: 19 ; Rank-X: 1 ; Rank-Y: 3 ; Rowstart: 4125; Rowend: 5501; Rows: 1376; Colstart: 917; Colend: 1835; Cols: 918;
Num-X: 6 ; Num-Y: 4 ; Resolution: 5500 ; Rank: 16 ; Rank-X: 4 ; Rank-Y: 2 ; Rowstart: 2750; Rowend: 4126; Rows: 1376; Colstart: 3668; Colend: 4585; Cols: 917;
Num-X: 6 ; Num-Y: 4 ; Resolution: 5500 ; Rank: 20 ; Rank-X: 2 ; Rank-Y: 3 ; Rowstart: 4125; Rowend: 5501; Rows: 1376; Colstart: 1834; Colend: 2752; Cols: 918;
Num-X: 6 ; Num-Y: 4 ; Resolution: 5500 ; Rank: 15 ; Rank-X: 3 ; Rank-Y: 2 ; Rowstart: 2750; Rowend: 4126; Rows: 1376; Colstart: 2751; Colend: 3669; Cols: 918;
Num-X: 6 ; Num-Y: 4 ; Resolution: 5500 ; Rank: 21 ; Rank-X: 3 ; Rank-Y: 3 ; Rowstart: 4125; Rowend: 5501; Rows: 1376; Colstart: 2751; Colend: 3669; Cols: 918;
Num-X: 6 ; Num-Y: 4 ; Resolution: 5500 ; Rank: 7 ; Rank-X: 1 ; Rank-Y: 1 ; Rowstart: 1375; Rowend: 2751; Rows: 1376; Colstart: 917; Colend: 1835; Cols: 918;
Num-X: 6 ; Num-Y: 4 ; Resolution: 5500 ; Rank: 18 ; Rank-X: 0 ; Rank-Y: 3 ; Rowstart: 4125; Rowend: 5501; Rows: 1376; Colstart: 0; Colend: 918; Cols: 918;
Num-X: 6 ; Num-Y: 4 ; Resolution: 5500 ; Rank: 12 ; Rank-X: 0 ; Rank-Y: 2 ; Rowstart: 2750; Rowend: 4126; Rows: 1376; Colstart: 0; Colend: 918; Cols: 918;
Num-X: 6 ; Num-Y: 4 ; Resolution: 5500 ; Rank: 8 ; Rank-X: 2 ; Rank-Y: 1 ; Rowstart: 1375; Rowend: 2751; Rows: 1376; Colstart: 1834; Colend: 2752; Cols: 918;
Num-X: 6 ; Num-Y: 4 ; Resolution: 5500 ; Rank: 4 ; Rank-X: 4 ; Rank-Y: 0 ; Rowstart: 0; Rowend: 1376; Rows: 1376; Colstart: 3668; Colend: 4585; Cols: 917;
Num-X: 6 ; Num-Y: 4 ; Resolution: 5500 ; Rank: 22 ; Rank-X: 4 ; Rank-Y: 3 ; Rowstart: 4125; Rowend: 5501; Rows: 1376; Colstart: 3668; Colend: 4585; Cols: 917;
Num-X: 6 ; Num-Y: 4 ; Resolution: 5500 ; Rank: 13 ; Rank-X: 1 ; Rank-Y: 2 ; Rowstart: 2750; Rowend: 4126; Rows: 1376; Colstart: 917; Colend: 1835; Cols: 918;
Num-X: 6 ; Num-Y: 4 ; Resolution: 5500 ; Rank: 6 ; Rank-X: 0 ; Rank-Y: 1 ; Rowstart: 1375; Rowend: 2751; Rows: 1376; Colstart: 0; Colend: 918; Cols: 918;
Num-X: 6 ; Num-Y: 4 ; Resolution: 5500 ; Rank: 23 ; Rank-X: 5 ; Rank-Y: 3 ; Rowstart: 4125; Rowend: 5501; Rows: 1376; Colstart: 4584; Colend: 5501; Cols: 917;
Num-X: 6 ; Num-Y: 4 ; Resolution: 5500 ; Rank: 14 ; Rank-X: 2 ; Rank-Y: 2 ; Rowstart: 2750; Rowend: 4126; Rows: 1376; Colstart: 1834; Colend: 2752; Cols: 918;
Num-X: 6 ; Num-Y: 4 ; Resolution: 5500 ; Rank: 9 ; Rank-X: 3 ; Rank-Y: 1 ; Rowstart: 1375; Rowend: 2751; Rows: 1376; Colstart: 2751; Colend: 3669; Cols: 918;
Num-X: 6 ; Num-Y: 4 ; Resolution: 5500 ; Rank: 10 ; Rank-X: 4 ; Rank-Y: 1 ; Rowstart: 1375; Rowend: 2751; Rows: 1376; Colstart: 3668; Colend: 4585; Cols: 917;
Num-X: 6 ; Num-Y: 4 ; Resolution: 5500 ; Rank: 11 ; Rank-X: 5 ; Rank-Y: 1 ; Rowstart: 1375; Rowend: 2751; Rows: 1376; Colstart: 4584; Colend: 5501; Cols: 917;
Num-X: 6 ; Num-Y: 4 ; Resolution: 5500 ; Rank: 5 ; Rank-X: 5 ; Rank-Y: 0 ; Rowstart: 0; Rowend: 1376; Rows: 1376; Colstart: 4584; Colend: 5501; Cols: 917;
Num-X: 6 ; Num-Y: 4 ; Resolution: 5500 ; Rank: 0 ; Rank-X: 0 ; Rank-Y: 0 ; Rowstart: 0; Rowend: 1376; Rows: 1376; Colstart: 0; Colend: 918; Cols: 918;
Num-X: 6 ; Num-Y: 4 ; Resolution: 5500 ; Rank: 2 ; Rank-X: 2 ; Rank-Y: 0 ; Rowstart: 0; Rowend: 1376; Rows: 1376; Colstart: 1834; Colend: 2752; Cols: 918;

Resolution: 5500
===================
Execution time: 0.011589
Residual: 2.580124

megaflops:  365431.2
  flop instructions (M):  4235.000

Num-X: 6 ; Num-Y: 4 ; Resolution: 6500 ; Rank: 2 ; Rank-X: 2 ; Rank-Y: 0 ; Rowstart: 0; Rowend: 1626; Rows: 1626; Colstart: 2168; Colend: 3252; Cols: 1084;
Num-X: 6 ; Num-Y: 4 ; Resolution: 6500 ; Rank: 14 ; Rank-X: 2 ; Rank-Y: 2 ; Rowstart: 3250; Rowend: 4876; Rows: 1626; Colstart: 2168; Colend: 3252; Cols: 1084;
Num-X: 6 ; Num-Y: 4 ; Resolution: 6500 ; Rank: 7 ; Rank-X: 1 ; Rank-Y: 1 ; Rowstart: 1625; Rowend: 3251; Rows: 1626; Colstart: 1084; Colend: 2169; Cols: 1085;
Num-X: 6 ; Num-Y: 4 ; Resolution: 6500 ; Rank: 4 ; Rank-X: 4 ; Rank-Y: 0 ; Rowstart: 0; Rowend: 1626; Rows: 1626; Colstart: 4334; Colend: 5418; Cols: 1084;
Num-X: 6 ; Num-Y: 4 ; Resolution: 6500 ; Rank: 23 ; Rank-X: 5 ; Rank-Y: 3 ; Rowstart: 4875; Rowend: 6501; Rows: 1626; Colstart: 5417; Colend: 6501; Cols: 1084;
Num-X: 6 ; Num-Y: 4 ; Resolution: 6500 ; Rank: 16 ; Rank-X: 4 ; Rank-Y: 2 ; Rowstart: 3250; Rowend: 4876; Rows: 1626; Colstart: 4334; Colend: 5418; Cols: 1084;
Num-X: 6 ; Num-Y: 4 ; Resolution: 6500 ; Rank: 8 ; Rank-X: 2 ; Rank-Y: 1 ; Rowstart: 1625; Rowend: 3251; Rows: 1626; Colstart: 2168; Colend: 3252; Cols: 1084;
Num-X: 6 ; Num-Y: 4 ; Resolution: 6500 ; Rank: 5 ; Rank-X: 5 ; Rank-Y: 0 ; Rowstart: 0; Rowend: 1626; Rows: 1626; Colstart: 5417; Colend: 6501; Cols: 1084;
Num-X: 6 ; Num-Y: 4 ; Resolution: 6500 ; Rank: 20 ; Rank-X: 2 ; Rank-Y: 3 ; Rowstart: 4875; Rowend: 6501; Rows: 1626; Colstart: 2168; Colend: 3252; Cols: 1084;
Num-X: 6 ; Num-Y: 4 ; Resolution: 6500 ; Rank: 10 ; Rank-X: 4 ; Rank-Y: 1 ; Rowstart: 1625; Rowend: 3251; Rows: 1626; Colstart: 4334; Colend: 5418; Cols: 1084;
Num-X: 6 ; Num-Y: 4 ; Resolution: 6500 ; Rank: 0 ; Rank-X: 0 ; Rank-Y: 0 ; Rowstart: 0; Rowend: 1626; Rows: 1626; Colstart: 0; Colend: 1085; Cols: 1085;
Num-X: 6 ; Num-Y: 4 ; Resolution: 6500 ; Rank: 19 ; Rank-X: 1 ; Rank-Y: 3 ; Rowstart: 4875; Rowend: 6501; Rows: 1626; Colstart: 1084; Colend: 2169; Cols: 1085;
Num-X: 6 ; Num-Y: 4 ; Resolution: 6500 ; Rank: 6 ; Rank-X: 0 ; Rank-Y: 1 ; Rowstart: 1625; Rowend: 3251; Rows: 1626; Colstart: 0; Colend: 1085; Cols: 1085;
Num-X: 6 ; Num-Y: 4 ; Resolution: 6500 ; Rank: 3 ; Rank-X: 3 ; Rank-Y: 0 ; Rowstart: 0; Rowend: 1626; Rows: 1626; Colstart: 3251; Colend: 4335; Cols: 1084;
Num-X: 6 ; Num-Y: 4 ; Resolution: 6500 ; Rank: 18 ; Rank-X: 0 ; Rank-Y: 3 ; Rowstart: 4875; Rowend: 6501; Rows: 1626; Colstart: 0; Colend: 1085; Cols: 1085;
Num-X: 6 ; Num-Y: 4 ; Resolution: 6500 ; Rank: 13 ; Rank-X: 1 ; Rank-Y: 2 ; Rowstart: 3250; Rowend: 4876; Rows: 1626; Colstart: 1084; Colend: 2169; Cols: 1085;
Num-X: 6 ; Num-Y: 4 ; Resolution: 6500 ; Rank: 22 ; Rank-X: 4 ; Rank-Y: 3 ; Rowstart: 4875; Rowend: 6501; Rows: 1626; Colstart: 4334; Colend: 5418; Cols: 1084;
Num-X: 6 ; Num-Y: 4 ; Resolution: 6500 ; Rank: 15 ; Rank-X: 3 ; Rank-Y: 2 ; Rowstart: 3250; Rowend: 4876; Rows: 1626; Colstart: 3251; Colend: 4335; Cols: 1084;
Num-X: 6 ; Num-Y: 4 ; Resolution: 6500 ; Rank: 12 ; Rank-X: 0 ; Rank-Y: 2 ; Rowstart: 3250; Rowend: 4876; Rows: 1626; Colstart: 0; Colend: 1085; Cols: 1085;
Num-X: 6 ; Num-Y: 4 ; Resolution: 6500 ; Rank: 9 ; Rank-X: 3 ; Rank-Y: 1 ; Rowstart: 1625; Rowend: 3251; Rows: 1626; Colstart: 3251; Colend: 4335; Cols: 1084;
Num-X: 6 ; Num-Y: 4 ; Resolution: 6500 ; Rank: 21 ; Rank-X: 3 ; Rank-Y: 3 ; Rowstart: 4875; Rowend: 6501; Rows: 1626; Colstart: 3251; Colend: 4335; Cols: 1084;
Num-X: 6 ; Num-Y: 4 ; Resolution: 6500 ; Rank: 17 ; Rank-X: 5 ; Rank-Y: 2 ; Rowstart: 3250; Rowend: 4876; Rows: 1626; Colstart: 5417; Colend: 6501; Cols: 1084;
Num-X: 6 ; Num-Y: 4 ; Resolution: 6500 ; Rank: 1 ; Rank-X: 1 ; Rank-Y: 0 ; Rowstart: 0; Rowend: 1626; Rows: 1626; Colstart: 1084; Colend: 2169; Cols: 1085;
Num-X: 6 ; Num-Y: 4 ; Resolution: 6500 ; Rank: 11 ; Rank-X: 5 ; Rank-Y: 1 ; Rowstart: 1625; Rowend: 3251; Rows: 1626; Colstart: 5417; Colend: 6501; Cols: 1084;

Resolution: 6500
===================
Execution time: 0.019671
Residual: 3.049154

megaflops:  300697.0
  flop instructions (M):  5915.000

Num-X: 6 ; Num-Y: 4 ; Resolution: 7500 ; Rank: 10 ; Rank-X: 4 ; Rank-Y: 1 ; Rowstart: 1875; Rowend: 3751; Rows: 1876; Colstart: 5000; Colend: 6251; Cols: 1251;
Num-X: 6 ; Num-Y: 4 ; Resolution: 7500 ; Rank: 23 ; Rank-X: 5 ; Rank-Y: 3 ; Rowstart: 5625; Rowend: 7501; Rows: 1876; Colstart: 6250; Colend: 7501; Cols: 1251;
Num-X: 6 ; Num-Y: 4 ; Resolution: 7500 ; Rank: 13 ; Rank-X: 1 ; Rank-Y: 2 ; Rowstart: 3750; Rowend: 5626; Rows: 1876; Colstart: 1250; Colend: 2501; Cols: 1251;
Num-X: 6 ; Num-Y: 4 ; Resolution: 7500 ; Rank: 7 ; Rank-X: 1 ; Rank-Y: 1 ; Rowstart: 1875; Rowend: 3751; Rows: 1876; Colstart: 1250; Colend: 2501; Cols: 1251;
Num-X: 6 ; Num-Y: 4 ; Resolution: 7500 ; Rank: 22 ; Rank-X: 4 ; Rank-Y: 3 ; Rowstart: 5625; Rowend: 7501; Rows: 1876; Colstart: 5000; Colend: 6251; Cols: 1251;
Num-X: 6 ; Num-Y: 4 ; Resolution: 7500 ; Rank: 15 ; Rank-X: 3 ; Rank-Y: 2 ; Rowstart: 3750; Rowend: 5626; Rows: 1876; Colstart: 3750; Colend: 5001; Cols: 1251;
Num-X: 6 ; Num-Y: 4 ; Resolution: 7500 ; Rank: 9 ; Rank-X: 3 ; Rank-Y: 1 ; Rowstart: 1875; Rowend: 3751; Rows: 1876; Colstart: 3750; Colend: 5001; Cols: 1251;
Num-X: 6 ; Num-Y: 4 ; Resolution: 7500 ; Rank: 21 ; Rank-X: 3 ; Rank-Y: 3 ; Rowstart: 5625; Rowend: 7501; Rows: 1876; Colstart: 3750; Colend: 5001; Cols: 1251;
Num-X: 6 ; Num-Y: 4 ; Resolution: 7500 ; Rank: 12 ; Rank-X: 0 ; Rank-Y: 2 ; Rowstart: 3750; Rowend: 5626; Rows: 1876; Colstart: 0; Colend: 1251; Cols: 1251;
Num-X: 6 ; Num-Y: 4 ; Resolution: 7500 ; Rank: 11 ; Rank-X: 5 ; Rank-Y: 1 ; Rowstart: 1875; Rowend: 3751; Rows: 1876; Colstart: 6250; Colend: 7501; Cols: 1251;
Num-X: 6 ; Num-Y: 4 ; Resolution: 7500 ; Rank: 19 ; Rank-X: 1 ; Rank-Y: 3 ; Rowstart: 5625; Rowend: 7501; Rows: 1876; Colstart: 1250; Colend: 2501; Cols: 1251;
Num-X: 6 ; Num-Y: 4 ; Resolution: 7500 ; Rank: 14 ; Rank-X: 2 ; Rank-Y: 2 ; Rowstart: 3750; Rowend: 5626; Rows: 1876; Colstart: 2500; Colend: 3751; Cols: 1251;
Num-X: 6 ; Num-Y: 4 ; Resolution: 7500 ; Rank: 16 ; Rank-X: 4 ; Rank-Y: 2 ; Rowstart: 3750; Rowend: 5626; Rows: 1876; Colstart: 5000; Colend: 6251; Cols: 1251;
Num-X: 6 ; Num-Y: 4 ; Resolution: 7500 ; Rank: 0 ; Rank-X: 0 ; Rank-Y: 0 ; Rowstart: 0; Rowend: 1876; Rows: 1876; Colstart: 0; Colend: 1251; Cols: 1251;
Num-X: 6 ; Num-Y: 4 ; Resolution: 7500 ; Rank: 2 ; Rank-X: 2 ; Rank-Y: 0 ; Rowstart: 0; Rowend: 1876; Rows: 1876; Colstart: 2500; Colend: 3751; Cols: 1251;
Num-X: 6 ; Num-Y: 4 ; Resolution: 7500 ; Rank: 20 ; Rank-X: 2 ; Rank-Y: 3 ; Rowstart: 5625; Rowend: 7501; Rows: 1876; Colstart: 2500; Colend: 3751; Cols: 1251;
Num-X: 6 ; Num-Y: 4 ; Resolution: 7500 ; Rank: 6 ; Rank-X: 0 ; Rank-Y: 1 ; Rowstart: 1875; Rowend: 3751; Rows: 1876; Colstart: 0; Colend: 1251; Cols: 1251;
Num-X: 6 ; Num-Y: 4 ; Resolution: 7500 ; Rank: 4 ; Rank-X: 4 ; Rank-Y: 0 ; Rowstart: 0; Rowend: 1876; Rows: 1876; Colstart: 5000; Colend: 6251; Cols: 1251;
Num-X: 6 ; Num-Y: 4 ; Resolution: 7500 ; Rank: 8 ; Rank-X: 2 ; Rank-Y: 1 ; Rowstart: 1875; Rowend: 3751; Rows: 1876; Colstart: 2500; Colend: 3751; Cols: 1251;
Num-X: 6 ; Num-Y: 4 ; Resolution: 7500 ; Rank: 5 ; Rank-X: 5 ; Rank-Y: 0 ; Rowstart: 0; Rowend: 1876; Rows: 1876; Colstart: 6250; Colend: 7501; Cols: 1251;
Num-X: 6 ; Num-Y: 4 ; Resolution: 7500 ; Rank: 18 ; Rank-X: 0 ; Rank-Y: 3 ; Rowstart: 5625; Rowend: 7501; Rows: 1876; Colstart: 0; Colend: 1251; Cols: 1251;
Num-X: 6 ; Num-Y: 4 ; Resolution: 7500 ; Rank: 1 ; Rank-X: 1 ; Rank-Y: 0 ; Rowstart: 0; Rowend: 1876; Rows: 1876; Colstart: 1250; Colend: 2501; Cols: 1251;
Num-X: 6 ; Num-Y: 4 ; Resolution: 7500 ; Rank: 3 ; Rank-X: 3 ; Rank-Y: 0 ; Rowstart: 0; Rowend: 1876; Rows: 1876; Colstart: 3750; Colend: 5001; Cols: 1251;
Num-X: 6 ; Num-Y: 4 ; Resolution: 7500 ; Rank: 17 ; Rank-X: 5 ; Rank-Y: 2 ; Rowstart: 3750; Rowend: 5626; Rows: 1876; Colstart: 6250; Colend: 7501; Cols: 1251;

Resolution: 7500
===================
Execution time: 0.028512
Residual: 3.518183

megaflops:  276199.5
  flop instructions (M):  7875.000

Num-X: 6 ; Num-Y: 4 ; Resolution: 8500 ; Rank: 0 ; Rank-X: 0 ; Rank-Y: 0 ; Rowstart: 0; Rowend: 2126; Rows: 2126; Colstart: 0; Colend: 1418; Cols: 1418;
Num-X: 6 ; Num-Y: 4 ; Resolution: 8500 ; Rank: 12 ; Rank-X: 0 ; Rank-Y: 2 ; Rowstart: 4250; Rowend: 6376; Rows: 2126; Colstart: 0; Colend: 1418; Cols: 1418;
Num-X: 6 ; Num-Y: 4 ; Resolution: 8500 ; Rank: 13 ; Rank-X: 1 ; Rank-Y: 2 ; Rowstart: 4250; Rowend: 6376; Rows: 2126; Colstart: 1417; Colend: 2835; Cols: 1418;
Num-X: 6 ; Num-Y: 4 ; Resolution: 8500 ; Rank: 10 ; Rank-X: 4 ; Rank-Y: 1 ; Rowstart: 2125; Rowend: 4251; Rows: 2126; Colstart: 5668; Colend: 7085; Cols: 1417;
Num-X: 6 ; Num-Y: 4 ; Resolution: 8500 ; Rank: 2 ; Rank-X: 2 ; Rank-Y: 0 ; Rowstart: 0; Rowend: 2126; Rows: 2126; Colstart: 2834; Colend: 4252; Cols: 1418;
Num-X: 6 ; Num-Y: 4 ; Resolution: 8500 ; Rank: 14 ; Rank-X: 2 ; Rank-Y: 2 ; Rowstart: 4250; Rowend: 6376; Rows: 2126; Colstart: 2834; Colend: 4252; Cols: 1418;
Num-X: 6 ; Num-Y: 4 ; Resolution: 8500 ; Rank: 9 ; Rank-X: 3 ; Rank-Y: 1 ; Rowstart: 2125; Rowend: 4251; Rows: 2126; Colstart: 4251; Colend: 5669; Cols: 1418;
Num-X: 6 ; Num-Y: 4 ; Resolution: 8500 ; Rank: 4 ; Rank-X: 4 ; Rank-Y: 0 ; Rowstart: 0; Rowend: 2126; Rows: 2126; Colstart: 5668; Colend: 7085; Cols: 1417;
Num-X: 6 ; Num-Y: 4 ; Resolution: 8500 ; Rank: 19 ; Rank-X: 1 ; Rank-Y: 3 ; Rowstart: 6375; Rowend: 8501; Rows: 2126; Colstart: 1417; Colend: 2835; Cols: 1418;
Num-X: 6 ; Num-Y: 4 ; Resolution: 8500 ; Rank: 15 ; Rank-X: 3 ; Rank-Y: 2 ; Rowstart: 4250; Rowend: 6376; Rows: 2126; Colstart: 4251; Colend: 5669; Cols: 1418;
Num-X: 6 ; Num-Y: 4 ; Resolution: 8500 ; Rank: 11 ; Rank-X: 5 ; Rank-Y: 1 ; Rowstart: 2125; Rowend: 4251; Rows: 2126; Colstart: 7084; Colend: 8501; Cols: 1417;
Num-X: 6 ; Num-Y: 4 ; Resolution: 8500 ; Rank: 5 ; Rank-X: 5 ; Rank-Y: 0 ; Rowstart: 0; Rowend: 2126; Rows: 2126; Colstart: 7084; Colend: 8501; Cols: 1417;
Num-X: 6 ; Num-Y: 4 ; Resolution: 8500 ; Rank: 22 ; Rank-X: 4 ; Rank-Y: 3 ; Rowstart: 6375; Rowend: 8501; Rows: 2126; Colstart: 5668; Colend: 7085; Cols: 1417;
Num-X: 6 ; Num-Y: 4 ; Resolution: 8500 ; Rank: 16 ; Rank-X: 4 ; Rank-Y: 2 ; Rowstart: 4250; Rowend: 6376; Rows: 2126; Colstart: 5668; Colend: 7085; Cols: 1417;
Num-X: 6 ; Num-Y: 4 ; Resolution: 8500 ; Rank: 8 ; Rank-X: 2 ; Rank-Y: 1 ; Rowstart: 2125; Rowend: 4251; Rows: 2126; Colstart: 2834; Colend: 4252; Cols: 1418;
Num-X: 6 ; Num-Y: 4 ; Resolution: 8500 ; Rank: 21 ; Rank-X: 3 ; Rank-Y: 3 ; Rowstart: 6375; Rowend: 8501; Rows: 2126; Colstart: 4251; Colend: 5669; Cols: 1418;
Num-X: 6 ; Num-Y: 4 ; Resolution: 8500 ; Rank: 6 ; Rank-X: 0 ; Rank-Y: 1 ; Rowstart: 2125; Rowend: 4251; Rows: 2126; Colstart: 0; Colend: 1418; Cols: 1418;
Num-X: 6 ; Num-Y: 4 ; Resolution: 8500 ; Rank: 23 ; Rank-X: 5 ; Rank-Y: 3 ; Rowstart: 6375; Rowend: 8501; Rows: 2126; Colstart: 7084; Colend: 8501; Cols: 1417;
Num-X: 6 ; Num-Y: 4 ; Resolution: 8500 ; Rank: 20 ; Rank-X: 2 ; Rank-Y: 3 ; Rowstart: 6375; Rowend: 8501; Rows: 2126; Colstart: 2834; Colend: 4252; Cols: 1418;
Num-X: 6 ; Num-Y: 4 ; Resolution: 8500 ; Rank: 17 ; Rank-X: 5 ; Rank-Y: 2 ; Rowstart: 4250; Rowend: 6376; Rows: 2126; Colstart: 7084; Colend: 8501; Cols: 1417;
Num-X: 6 ; Num-Y: 4 ; Resolution: 8500 ; Rank: 18 ; Rank-X: 0 ; Rank-Y: 3 ; Rowstart: 6375; Rowend: 8501; Rows: 2126; Colstart: 0; Colend: 1418; Cols: 1418;
Num-X: 6 ; Num-Y: 4 ; Resolution: 8500 ; Rank: 7 ; Rank-X: 1 ; Rank-Y: 1 ; Rowstart: 2125; Rowend: 4251; Rows: 2126; Colstart: 1417; Colend: 2835; Cols: 1418;
Num-X: 6 ; Num-Y: 4 ; Resolution: 8500 ; Rank: 1 ; Rank-X: 1 ; Rank-Y: 0 ; Rowstart: 0; Rowend: 2126; Rows: 2126; Colstart: 1417; Colend: 2835; Cols: 1418;
Num-X: 6 ; Num-Y: 4 ; Resolution: 8500 ; Rank: 3 ; Rank-X: 3 ; Rank-Y: 0 ; Rowstart: 0; Rowend: 2126; Rows: 2126; Colstart: 4251; Colend: 5669; Cols: 1418;

Resolution: 8500
===================
Execution time: 0.038943
Residual: 3.987213

megaflops:  259739.8
  flop instructions (M):  10115.000

Num-X: 6 ; Num-Y: 4 ; Resolution: 9500 ; Rank: 15 ; Rank-X: 3 ; Rank-Y: 2 ; Rowstart: 4750; Rowend: 7126; Rows: 2376; Colstart: 4751; Colend: 6335; Cols: 1584;
Num-X: 6 ; Num-Y: 4 ; Resolution: 9500 ; Rank: 13 ; Rank-X: 1 ; Rank-Y: 2 ; Rowstart: 4750; Rowend: 7126; Rows: 2376; Colstart: 1584; Colend: 3169; Cols: 1585;
Num-X: 6 ; Num-Y: 4 ; Resolution: 9500 ; Rank: 19 ; Rank-X: 1 ; Rank-Y: 3 ; Rowstart: 7125; Rowend: 9501; Rows: 2376; Colstart: 1584; Colend: 3169; Cols: 1585;
Num-X: 6 ; Num-Y: 4 ; Resolution: 9500 ; Rank: 12 ; Rank-X: 0 ; Rank-Y: 2 ; Rowstart: 4750; Rowend: 7126; Rows: 2376; Colstart: 0; Colend: 1585; Cols: 1585;
Num-X: 6 ; Num-Y: 4 ; Resolution: 9500 ; Rank: 9 ; Rank-X: 3 ; Rank-Y: 1 ; Rowstart: 2375; Rowend: 4751; Rows: 2376; Colstart: 4751; Colend: 6335; Cols: 1584;
Num-X: 6 ; Num-Y: 4 ; Resolution: 9500 ; Rank: 2 ; Rank-X: 2 ; Rank-Y: 0 ; Rowstart: 0; Rowend: 2376; Rows: 2376; Colstart: 3168; Colend: 4752; Cols: 1584;
Num-X: 6 ; Num-Y: 4 ; Resolution: 9500 ; Rank: 21 ; Rank-X: 3 ; Rank-Y: 3 ; Rowstart: 7125; Rowend: 9501; Rows: 2376; Colstart: 4751; Colend: 6335; Cols: 1584;
Num-X: 6 ; Num-Y: 4 ; Resolution: 9500 ; Rank: 16 ; Rank-X: 4 ; Rank-Y: 2 ; Rowstart: 4750; Rowend: 7126; Rows: 2376; Colstart: 6334; Colend: 7918; Cols: 1584;
Num-X: 6 ; Num-Y: 4 ; Resolution: 9500 ; Rank: 22 ; Rank-X: 4 ; Rank-Y: 3 ; Rowstart: 7125; Rowend: 9501; Rows: 2376; Colstart: 6334; Colend: 7918; Cols: 1584;
Num-X: 6 ; Num-Y: 4 ; Resolution: 9500 ; Rank: 11 ; Rank-X: 5 ; Rank-Y: 1 ; Rowstart: 2375; Rowend: 4751; Rows: 2376; Colstart: 7917; Colend: 9501; Cols: 1584;
Num-X: 6 ; Num-Y: 4 ; Resolution: 9500 ; Rank: 6 ; Rank-X: 0 ; Rank-Y: 1 ; Rowstart: 2375; Rowend: 4751; Rows: 2376; Colstart: 0; Colend: 1585; Cols: 1585;
Num-X: 6 ; Num-Y: 4 ; Resolution: 9500 ; Rank: 14 ; Rank-X: 2 ; Rank-Y: 2 ; Rowstart: 4750; Rowend: 7126; Rows: 2376; Colstart: 3168; Colend: 4752; Cols: 1584;
Num-X: 6 ; Num-Y: 4 ; Resolution: 9500 ; Rank: 8 ; Rank-X: 2 ; Rank-Y: 1 ; Rowstart: 2375; Rowend: 4751; Rows: 2376; Colstart: 3168; Colend: 4752; Cols: 1584;
Num-X: 6 ; Num-Y: 4 ; Resolution: 9500 ; Rank: 1 ; Rank-X: 1 ; Rank-Y: 0 ; Rowstart: 0; Rowend: 2376; Rows: 2376; Colstart: 1584; Colend: 3169; Cols: 1585;
Num-X: 6 ; Num-Y: 4 ; Resolution: 9500 ; Rank: 4 ; Rank-X: 4 ; Rank-Y: 0 ; Rowstart: 0; Rowend: 2376; Rows: 2376; Colstart: 6334; Colend: 7918; Cols: 1584;
Num-X: 6 ; Num-Y: 4 ; Resolution: 9500 ; Rank: 5 ; Rank-X: 5 ; Rank-Y: 0 ; Rowstart: 0; Rowend: 2376; Rows: 2376; Colstart: 7917; Colend: 9501; Cols: 1584;
Num-X: 6 ; Num-Y: 4 ; Resolution: 9500 ; Rank: 7 ; Rank-X: 1 ; Rank-Y: 1 ; Rowstart: 2375; Rowend: 4751; Rows: 2376; Colstart: 1584; Colend: 3169; Cols: 1585;
Num-X: 6 ; Num-Y: 4 ; Resolution: 9500 ; Rank: 3 ; Rank-X: 3 ; Rank-Y: 0 ; Rowstart: 0; Rowend: 2376; Rows: 2376; Colstart: 4751; Colend: 6335; Cols: 1584;
Num-X: 6 ; Num-Y: 4 ; Resolution: 9500 ; Rank: 10 ; Rank-X: 4 ; Rank-Y: 1 ; Rowstart: 2375; Rowend: 4751; Rows: 2376; Colstart: 6334; Colend: 7918; Cols: 1584;
Num-X: 6 ; Num-Y: 4 ; Resolution: 9500 ; Rank: 17 ; Rank-X: 5 ; Rank-Y: 2 ; Rowstart: 4750; Rowend: 7126; Rows: 2376; Colstart: 7917; Colend: 9501; Cols: 1584;
Num-X: 6 ; Num-Y: 4 ; Resolution: 9500 ; Rank: 0 ; Rank-X: 0 ; Rank-Y: 0 ; Rowstart: 0; Rowend: 2376; Rows: 2376; Colstart: 0; Colend: 1585; Cols: 1585;
Num-X: 6 ; Num-Y: 4 ; Resolution: 9500 ; Rank: 18 ; Rank-X: 0 ; Rank-Y: 3 ; Rowstart: 7125; Rowend: 9501; Rows: 2376; Colstart: 0; Colend: 1585; Cols: 1585;
Num-X: 6 ; Num-Y: 4 ; Resolution: 9500 ; Rank: 23 ; Rank-X: 5 ; Rank-Y: 3 ; Rowstart: 7125; Rowend: 9501; Rows: 2376; Colstart: 7917; Colend: 9501; Cols: 1584;
Num-X: 6 ; Num-Y: 4 ; Resolution: 9500 ; Rank: 20 ; Rank-X: 2 ; Rank-Y: 3 ; Rowstart: 7125; Rowend: 9501; Rows: 2376; Colstart: 3168; Colend: 4752; Cols: 1584;

Resolution: 9500
===================
Execution time: 0.049471
Residual: 4.456242

megaflops:  255402.7
  flop instructions (M):  12635.000

Num-X: 6 ; Num-Y: 4 ; Resolution: 10500 ; Rank: 0 ; Rank-X: 0 ; Rank-Y: 0 ; Rowstart: 0; Rowend: 2626; Rows: 2626; Colstart: 0; Colend: 1751; Cols: 1751;
Num-X: 6 ; Num-Y: 4 ; Resolution: 10500 ; Rank: 1 ; Rank-X: 1 ; Rank-Y: 0 ; Rowstart: 0; Rowend: 2626; Rows: 2626; Colstart: 1750; Colend: 3501; Cols: 1751;
Num-X: 6 ; Num-Y: 4 ; Resolution: 10500 ; Rank: 20 ; Rank-X: 2 ; Rank-Y: 3 ; Rowstart: 7875; Rowend: 10501; Rows: 2626; Colstart: 3500; Colend: 5251; Cols: 1751;
Num-X: 6 ; Num-Y: 4 ; Resolution: 10500 ; Rank: 15 ; Rank-X: 3 ; Rank-Y: 2 ; Rowstart: 5250; Rowend: 7876; Rows: 2626; Colstart: 5250; Colend: 7001; Cols: 1751;
Num-X: 6 ; Num-Y: 4 ; Resolution: 10500 ; Rank: 19 ; Rank-X: 1 ; Rank-Y: 3 ; Rowstart: 7875; Rowend: 10501; Rows: 2626; Colstart: 1750; Colend: 3501; Cols: 1751;
Num-X: 6 ; Num-Y: 4 ; Resolution: 10500 ; Rank: 17 ; Rank-X: 5 ; Rank-Y: 2 ; Rowstart: 5250; Rowend: 7876; Rows: 2626; Colstart: 8750; Colend: 10501; Cols: 1751;
Num-X: 6 ; Num-Y: 4 ; Resolution: 10500 ; Rank: 3 ; Rank-X: 3 ; Rank-Y: 0 ; Rowstart: 0; Rowend: 2626; Rows: 2626; Colstart: 5250; Colend: 7001; Cols: 1751;
Num-X: 6 ; Num-Y: 4 ; Resolution: 10500 ; Rank: 2 ; Rank-X: 2 ; Rank-Y: 0 ; Rowstart: 0; Rowend: 2626; Rows: 2626; Colstart: 3500; Colend: 5251; Cols: 1751;
Num-X: 6 ; Num-Y: 4 ; Resolution: 10500 ; Rank: 4 ; Rank-X: 4 ; Rank-Y: 0 ; Rowstart: 0; Rowend: 2626; Rows: 2626; Colstart: 7000; Colend: 8751; Cols: 1751;
Num-X: 6 ; Num-Y: 4 ; Resolution: 10500 ; Rank: 13 ; Rank-X: 1 ; Rank-Y: 2 ; Rowstart: 5250; Rowend: 7876; Rows: 2626; Colstart: 1750; Colend: 3501; Cols: 1751;
Num-X: 6 ; Num-Y: 4 ; Resolution: 10500 ; Rank: 5 ; Rank-X: 5 ; Rank-Y: 0 ; Rowstart: 0; Rowend: 2626; Rows: 2626; Colstart: 8750; Colend: 10501; Cols: 1751;
Num-X: 6 ; Num-Y: 4 ; Resolution: 10500 ; Rank: 22 ; Rank-X: 4 ; Rank-Y: 3 ; Rowstart: 7875; Rowend: 10501; Rows: 2626; Colstart: 7000; Colend: 8751; Cols: 1751;
Num-X: 6 ; Num-Y: 4 ; Resolution: 10500 ; Rank: 16 ; Rank-X: 4 ; Rank-Y: 2 ; Rowstart: 5250; Rowend: 7876; Rows: 2626; Colstart: 7000; Colend: 8751; Cols: 1751;
Num-X: 6 ; Num-Y: 4 ; Resolution: 10500 ; Rank: 8 ; Rank-X: 2 ; Rank-Y: 1 ; Rowstart: 2625; Rowend: 5251; Rows: 2626; Colstart: 3500; Colend: 5251; Cols: 1751;
Num-X: 6 ; Num-Y: 4 ; Resolution: 10500 ; Rank: 23 ; Rank-X: 5 ; Rank-Y: 3 ; Rowstart: 7875; Rowend: 10501; Rows: 2626; Colstart: 8750; Colend: 10501; Cols: 1751;
Num-X: 6 ; Num-Y: 4 ; Resolution: 10500 ; Rank: 12 ; Rank-X: 0 ; Rank-Y: 2 ; Rowstart: 5250; Rowend: 7876; Rows: 2626; Colstart: 0; Colend: 1751; Cols: 1751;
Num-X: 6 ; Num-Y: 4 ; Resolution: 10500 ; Rank: 10 ; Rank-X: 4 ; Rank-Y: 1 ; Rowstart: 2625; Rowend: 5251; Rows: 2626; Colstart: 7000; Colend: 8751; Cols: 1751;
Num-X: 6 ; Num-Y: 4 ; Resolution: 10500 ; Rank: 21 ; Rank-X: 3 ; Rank-Y: 3 ; Rowstart: 7875; Rowend: 10501; Rows: 2626; Colstart: 5250; Colend: 7001; Cols: 1751;
Num-X: 6 ; Num-Y: 4 ; Resolution: 10500 ; Rank: 14 ; Rank-X: 2 ; Rank-Y: 2 ; Rowstart: 5250; Rowend: 7876; Rows: 2626; Colstart: 3500; Colend: 5251; Cols: 1751;
Num-X: 6 ; Num-Y: 4 ; Resolution: 10500 ; Rank: 6 ; Rank-X: 0 ; Rank-Y: 1 ; Rowstart: 2625; Rowend: 5251; Rows: 2626; Colstart: 0; Colend: 1751; Cols: 1751;
Num-X: 6 ; Num-Y: 4 ; Resolution: 10500 ; Rank: 9 ; Rank-X: 3 ; Rank-Y: 1 ; Rowstart: 2625; Rowend: 5251; Rows: 2626; Colstart: 5250; Colend: 7001; Cols: 1751;
Num-X: 6 ; Num-Y: 4 ; Resolution: 10500 ; Rank: 7 ; Rank-X: 1 ; Rank-Y: 1 ; Rowstart: 2625; Rowend: 5251; Rows: 2626; Colstart: 1750; Colend: 3501; Cols: 1751;
Num-X: 6 ; Num-Y: 4 ; Resolution: 10500 ; Rank: 18 ; Rank-X: 0 ; Rank-Y: 3 ; Rowstart: 7875; Rowend: 10501; Rows: 2626; Colstart: 0; Colend: 1751; Cols: 1751;
Num-X: 6 ; Num-Y: 4 ; Resolution: 10500 ; Rank: 11 ; Rank-X: 5 ; Rank-Y: 1 ; Rowstart: 2625; Rowend: 5251; Rows: 2626; Colstart: 8750; Colend: 10501; Cols: 1751;

Resolution: 10500
===================
Execution time: 0.062717
Residual: 4.925272

megaflops:  246105.7
  flop instructions (M):  15435.000

Num-X: 6 ; Num-Y: 4 ; Resolution: 11500 ; Rank: 1 ; Rank-X: 1 ; Rank-Y: 0 ; Rowstart: 0; Rowend: 2876; Rows: 2876; Colstart: 1917; Colend: 3835; Cols: 1918;
Num-X: 6 ; Num-Y: 4 ; Resolution: 11500 ; Rank: 22 ; Rank-X: 4 ; Rank-Y: 3 ; Rowstart: 8625; Rowend: 11501; Rows: 2876; Colstart: 7668; Colend: 9585; Cols: 1917;
Num-X: 6 ; Num-Y: 4 ; Resolution: 11500 ; Rank: 17 ; Rank-X: 5 ; Rank-Y: 2 ; Rowstart: 5750; Rowend: 8626; Rows: 2876; Colstart: 9584; Colend: 11501; Cols: 1917;
Num-X: 6 ; Num-Y: 4 ; Resolution: 11500 ; Rank: 2 ; Rank-X: 2 ; Rank-Y: 0 ; Rowstart: 0; Rowend: 2876; Rows: 2876; Colstart: 3834; Colend: 5752; Cols: 1918;
Num-X: 6 ; Num-Y: 4 ; Resolution: 11500 ; Rank: 14 ; Rank-X: 2 ; Rank-Y: 2 ; Rowstart: 5750; Rowend: 8626; Rows: 2876; Colstart: 3834; Colend: 5752; Cols: 1918;
Num-X: 6 ; Num-Y: 4 ; Resolution: 11500 ; Rank: 0 ; Rank-X: 0 ; Rank-Y: 0 ; Rowstart: 0; Rowend: 2876; Rows: 2876; Colstart: 0; Colend: 1918; Cols: 1918;
Num-X: 6 ; Num-Y: 4 ; Resolution: 11500 ; Rank: 3 ; Rank-X: 3 ; Rank-Y: 0 ; Rowstart: 0; Rowend: 2876; Rows: 2876; Colstart: 5751; Colend: 7669; Cols: 1918;
Num-X: 6 ; Num-Y: 4 ; Resolution: 11500 ; Rank: 4 ; Rank-X: 4 ; Rank-Y: 0 ; Rowstart: 0; Rowend: 2876; Rows: 2876; Colstart: 7668; Colend: 9585; Cols: 1917;
Num-X: 6 ; Num-Y: 4 ; Resolution: 11500 ; Rank: 10 ; Rank-X: 4 ; Rank-Y: 1 ; Rowstart: 2875; Rowend: 5751; Rows: 2876; Colstart: 7668; Colend: 9585; Cols: 1917;
Num-X: 6 ; Num-Y: 4 ; Resolution: 11500 ; Rank: 5 ; Rank-X: 5 ; Rank-Y: 0 ; Rowstart: 0; Rowend: 2876; Rows: 2876; Colstart: 9584; Colend: 11501; Cols: 1917;
Num-X: 6 ; Num-Y: 4 ; Resolution: 11500 ; Rank: 16 ; Rank-X: 4 ; Rank-Y: 2 ; Rowstart: 5750; Rowend: 8626; Rows: 2876; Colstart: 7668; Colend: 9585; Cols: 1917;
Num-X: 6 ; Num-Y: 4 ; Resolution: 11500 ; Rank: 19 ; Rank-X: 1 ; Rank-Y: 3 ; Rowstart: 8625; Rowend: 11501; Rows: 2876; Colstart: 1917; Colend: 3835; Cols: 1918;
Num-X: 6 ; Num-Y: 4 ; Resolution: 11500 ; Rank: 23 ; Rank-X: 5 ; Rank-Y: 3 ; Rowstart: 8625; Rowend: 11501; Rows: 2876; Colstart: 9584; Colend: 11501; Cols: 1917;
Num-X: 6 ; Num-Y: 4 ; Resolution: 11500 ; Rank: 8 ; Rank-X: 2 ; Rank-Y: 1 ; Rowstart: 2875; Rowend: 5751; Rows: 2876; Colstart: 3834; Colend: 5752; Cols: 1918;
Num-X: 6 ; Num-Y: 4 ; Resolution: 11500 ; Rank: 21 ; Rank-X: 3 ; Rank-Y: 3 ; Rowstart: 8625; Rowend: 11501; Rows: 2876; Colstart: 5751; Colend: 7669; Cols: 1918;
Num-X: 6 ; Num-Y: 4 ; Resolution: 11500 ; Rank: 9 ; Rank-X: 3 ; Rank-Y: 1 ; Rowstart: 2875; Rowend: 5751; Rows: 2876; Colstart: 5751; Colend: 7669; Cols: 1918;
Num-X: 6 ; Num-Y: 4 ; Resolution: 11500 ; Rank: 15 ; Rank-X: 3 ; Rank-Y: 2 ; Rowstart: 5750; Rowend: 8626; Rows: 2876; Colstart: 5751; Colend: 7669; Cols: 1918;
Num-X: 6 ; Num-Y: 4 ; Resolution: 11500 ; Rank: 20 ; Rank-X: 2 ; Rank-Y: 3 ; Rowstart: 8625; Rowend: 11501; Rows: 2876; Colstart: 3834; Colend: 5752; Cols: 1918;
Num-X: 6 ; Num-Y: 4 ; Resolution: 11500 ; Rank: 7 ; Rank-X: 1 ; Rank-Y: 1 ; Rowstart: 2875; Rowend: 5751; Rows: 2876; Colstart: 1917; Colend: 3835; Cols: 1918;
Num-X: 6 ; Num-Y: 4 ; Resolution: 11500 ; Rank: 18 ; Rank-X: 0 ; Rank-Y: 3 ; Rowstart: 8625; Rowend: 11501; Rows: 2876; Colstart: 0; Colend: 1918; Cols: 1918;
Num-X: 6 ; Num-Y: 4 ; Resolution: 11500 ; Rank: 6 ; Rank-X: 0 ; Rank-Y: 1 ; Rowstart: 2875; Rowend: 5751; Rows: 2876; Colstart: 0; Colend: 1918; Cols: 1918;
Num-X: 6 ; Num-Y: 4 ; Resolution: 11500 ; Rank: 13 ; Rank-X: 1 ; Rank-Y: 2 ; Rowstart: 5750; Rowend: 8626; Rows: 2876; Colstart: 1917; Colend: 3835; Cols: 1918;
Num-X: 6 ; Num-Y: 4 ; Resolution: 11500 ; Rank: 11 ; Rank-X: 5 ; Rank-Y: 1 ; Rowstart: 2875; Rowend: 5751; Rows: 2876; Colstart: 9584; Colend: 11501; Cols: 1917;
Num-X: 6 ; Num-Y: 4 ; Resolution: 11500 ; Rank: 12 ; Rank-X: 0 ; Rank-Y: 2 ; Rowstart: 5750; Rowend: 8626; Rows: 2876; Colstart: 0; Colend: 1918; Cols: 1918;

Resolution: 11500
===================
Execution time: 0.075994
Residual: 5.394301

megaflops:  243637.6
  flop instructions (M):  18515.000

Num-X: 6 ; Num-Y: 4 ; Resolution: 12500 ; Rank: 15 ; Rank-X: 3 ; Rank-Y: 2 ; Rowstart: 6250; Rowend: 9376; Rows: 3126; Colstart: 6251; Colend: 8335; Cols: 2084;
Num-X: 6 ; Num-Y: 4 ; Resolution: 12500 ; Rank: 9 ; Rank-X: 3 ; Rank-Y: 1 ; Rowstart: 3125; Rowend: 6251; Rows: 3126; Colstart: 6251; Colend: 8335; Cols: 2084;
Num-X: 6 ; Num-Y: 4 ; Resolution: 12500 ; Rank: 10 ; Rank-X: 4 ; Rank-Y: 1 ; Rowstart: 3125; Rowend: 6251; Rows: 3126; Colstart: 8334; Colend: 10418; Cols: 2084;
Num-X: 6 ; Num-Y: 4 ; Resolution: 12500 ; Rank: 1 ; Rank-X: 1 ; Rank-Y: 0 ; Rowstart: 0; Rowend: 3126; Rows: 3126; Colstart: 2084; Colend: 4169; Cols: 2085;
Num-X: 6 ; Num-Y: 4 ; Resolution: 12500 ; Rank: 17 ; Rank-X: 5 ; Rank-Y: 2 ; Rowstart: 6250; Rowend: 9376; Rows: 3126; Colstart: 10417; Colend: 12501; Cols: 2084;
Num-X: 6 ; Num-Y: 4 ; Resolution: 12500 ; Rank: 2 ; Rank-X: 2 ; Rank-Y: 0 ; Rowstart: 0; Rowend: 3126; Rows: 3126; Colstart: 4168; Colend: 6252; Cols: 2084;
Num-X: 6 ; Num-Y: 4 ; Resolution: 12500 ; Rank: 21 ; Rank-X: 3 ; Rank-Y: 3 ; Rowstart: 9375; Rowend: 12501; Rows: 3126; Colstart: 6251; Colend: 8335; Cols: 2084;
Num-X: 6 ; Num-Y: 4 ; Resolution: 12500 ; Rank: 22 ; Rank-X: 4 ; Rank-Y: 3 ; Rowstart: 9375; Rowend: 12501; Rows: 3126; Colstart: 8334; Colend: 10418; Cols: 2084;
Num-X: 6 ; Num-Y: 4 ; Resolution: 12500 ; Rank: 23 ; Rank-X: 5 ; Rank-Y: 3 ; Rowstart: 9375; Rowend: 12501; Rows: 3126; Colstart: 10417; Colend: 12501; Cols: 2084;
Num-X: 6 ; Num-Y: 4 ; Resolution: 12500 ; Rank: 16 ; Rank-X: 4 ; Rank-Y: 2 ; Rowstart: 6250; Rowend: 9376; Rows: 3126; Colstart: 8334; Colend: 10418; Cols: 2084;
Num-X: 6 ; Num-Y: 4 ; Resolution: 12500 ; Rank: 7 ; Rank-X: 1 ; Rank-Y: 1 ; Rowstart: 3125; Rowend: 6251; Rows: 3126; Colstart: 2084; Colend: 4169; Cols: 2085;
Num-X: 6 ; Num-Y: 4 ; Resolution: 12500 ; Rank: 19 ; Rank-X: 1 ; Rank-Y: 3 ; Rowstart: 9375; Rowend: 12501; Rows: 3126; Colstart: 2084; Colend: 4169; Cols: 2085;
Num-X: 6 ; Num-Y: 4 ; Resolution: 12500 ; Rank: 0 ; Rank-X: 0 ; Rank-Y: 0 ; Rowstart: 0; Rowend: 3126; Rows: 3126; Colstart: 0; Colend: 2085; Cols: 2085;
Num-X: 6 ; Num-Y: 4 ; Resolution: 12500 ; Rank: 13 ; Rank-X: 1 ; Rank-Y: 2 ; Rowstart: 6250; Rowend: 9376; Rows: 3126; Colstart: 2084; Colend: 4169; Cols: 2085;
Num-X: 6 ; Num-Y: 4 ; Resolution: 12500 ; Rank: 3 ; Rank-X: 3 ; Rank-Y: 0 ; Rowstart: 0; Rowend: 3126; Rows: 3126; Colstart: 6251; Colend: 8335; Cols: 2084;
Num-X: 6 ; Num-Y: 4 ; Resolution: 12500 ; Rank: 14 ; Rank-X: 2 ; Rank-Y: 2 ; Rowstart: 6250; Rowend: 9376; Rows: 3126; Colstart: 4168; Colend: 6252; Cols: 2084;
Num-X: 6 ; Num-Y: 4 ; Resolution: 12500 ; Rank: 4 ; Rank-X: 4 ; Rank-Y: 0 ; Rowstart: 0; Rowend: 3126; Rows: 3126; Colstart: 8334; Colend: 10418; Cols: 2084;
Num-X: 6 ; Num-Y: 4 ; Resolution: 12500 ; Rank: 12 ; Rank-X: 0 ; Rank-Y: 2 ; Rowstart: 6250; Rowend: 9376; Rows: 3126; Colstart: 0; Colend: 2085; Cols: 2085;
Num-X: 6 ; Num-Y: 4 ; Resolution: 12500 ; Rank: 5 ; Rank-X: 5 ; Rank-Y: 0 ; Rowstart: 0; Rowend: 3126; Rows: 3126; Colstart: 10417; Colend: 12501; Cols: 2084;
Num-X: 6 ; Num-Y: 4 ; Resolution: 12500 ; Rank: 8 ; Rank-X: 2 ; Rank-Y: 1 ; Rowstart: 3125; Rowend: 6251; Rows: 3126; Colstart: 4168; Colend: 6252; Cols: 2084;
Num-X: 6 ; Num-Y: 4 ; Resolution: 12500 ; Rank: 20 ; Rank-X: 2 ; Rank-Y: 3 ; Rowstart: 9375; Rowend: 12501; Rows: 3126; Colstart: 4168; Colend: 6252; Cols: 2084;
Num-X: 6 ; Num-Y: 4 ; Resolution: 12500 ; Rank: 6 ; Rank-X: 0 ; Rank-Y: 1 ; Rowstart: 3125; Rowend: 6251; Rows: 3126; Colstart: 0; Colend: 2085; Cols: 2085;
Num-X: 6 ; Num-Y: 4 ; Resolution: 12500 ; Rank: 18 ; Rank-X: 0 ; Rank-Y: 3 ; Rowstart: 9375; Rowend: 12501; Rows: 3126; Colstart: 0; Colend: 2085; Cols: 2085;
Num-X: 6 ; Num-Y: 4 ; Resolution: 12500 ; Rank: 11 ; Rank-X: 5 ; Rank-Y: 1 ; Rowstart: 3125; Rowend: 6251; Rows: 3126; Colstart: 10417; Colend: 12501; Cols: 2084;

Resolution: 12500
===================
Execution time: 0.091134
Residual: 5.863330

megaflops:  240031.0
  flop instructions (M):  21875.000
