mpiexec -genv I_MPI_DEBUG=4 -genv OMP_NUM_THREADS=8 -genv I_MPI_PIN_DOMAIN=omp -n 24 ./heat test.dat 6 4
[0] MPI startup(): Intel(R) MPI Library, Version 2019 Update 8  Build 20200624 (id: 4f16ad915)
[0] MPI startup(): Copyright (C) 2003-2020 Intel Corporation.  All rights reserved.
[0] MPI startup(): library kind: release
[0] MPI startup(): libfabric version: 1.10.1-impi
[0] MPI startup(): libfabric provider: psm2

Executing each MPI process in 8 OMP threads.

Executing each MPI process in 8 OMP threads.

Executing each MPI process in 8 OMP threads.
[0] MPI startup(): Rank    Pid      Node name     Pin cpu
[0] MPI startup(): 0       2002870  i01r01c03s08  {0,1,2,3,48,49,50,51}
[0] MPI startup(): 1       2002871  i01r01c03s08  {4,5,6,7,52,53,54,55}
[0] MPI startup(): 2       2002872  i01r01c03s08  {8,9,10,11,56,57,58,59}
[0] MPI startup(): 3       2002873  i01r01c03s08  {24,25,26,27,72,73,74,75}
[0] MPI startup(): 4       2002874  i01r01c03s08  {28,29,30,31,76,77,78,79}
[0] MPI startup(): 5       2002875  i01r01c03s08  {32,33,34,35,80,81,82,83}
[0] MPI startup(): 6       1776559  i01r01c03s09  {0,1,2,3,48,49,50,51}
[0] MPI startup(): 7       1776560  i01r01c03s09  {4,5,6,7,52,53,54,55}
[0] MPI startup(): 8       1776561  i01r01c03s09  {8,9,10,11,56,57,58,59}
[0] MPI startup(): 9       1776562  i01r01c03s09  {24,25,26,27,72,73,74,75}
[0] MPI startup(): 10      1776563  i01r01c03s09  {28,29,30,31,76,77,78,79}
[0] MPI startup(): 11      1776564  i01r01c03s09  {32,33,34,35,80,81,82,83}
[0] MPI startup(): 12      2362247  i01r01c03s10  {0,1,2,3,48,49,50,51}
[0] MPI startup(): 13      2362248  i01r01c03s10  {4,5,6,7,52,53,54,55}
[0] MPI startup(): 14      2362249  i01r01c03s10  {8,9,10,11,56,57,58,59}
[0] MPI startup(): 15      2362250  i01r01c03s10  {24,25,26,27,72,73,74,75}
[0] MPI startup(): 16      2362251  i01r01c03s10  {28,29,30,31,76,77,78,79}
[0] MPI startup(): 17      2362252  i01r01c03s10  {32,33,34,35,80,81,82,83}
[0] MPI startup(): 18      2198005  i01r01c03s11  {0,1,2,3,48,49,50,51}
[0] MPI startup(): 19      2198006  i01r01c03s11  {4,5,6,7,52,53,54,55}
[0] MPI startup(): 20      2198007  i01r01c03s11  {8,9,10,11,56,57,58,59}
[0] MPI startup(): 21      2198008  i01r01c03s11  {24,25,26,27,72,73,74,75}
[0] MPI startup(): 22      2198009  i01r01c03s11  {28,29,30,31,76,77,78,79}
[0] MPI startup(): 23      2198010  i01r01c03s11  {32,33,34,35,80,81,82,83}

Executing each MPI process in 8 OMP threads.

Executing each MPI process in 8 OMP threads.

6 processes distributed in X-direction
 4 ; processes distributed in Y-direction
Resolutions       : (4500, 5500, ... 12500)
Iterations        : 20
Num. Heat sources : 2
   1: (0.00, 0.00) 1.00 1.00 
   2: (1.00, 1.00) 1.00 0.50 
rank= 0 coords= 0 0 neighbours(up,down,left,right)= -1 4 -1 1
rank= 1 coords= 0 1 neighbours(up,down,left,right)= -1 5 0 2
rank= 6 coords= 1 2 neighbours(up,down,left,right)= 2 10 5 7
rank= 18 coords= 4 2 neighbours(up,down,left,right)= 14 22 17 19
rank= 12 coords= 3 0 neighbours(up,down,left,right)= 8 16 -1 13
rank= 2 coords= 0 2 neighbours(up,down,left,right)= -1 6 1 3
rank= 7 coords= 1 3 neighbours(up,down,left,right)= 3 11 6 -1
rank= 19 coords= 4 3 neighbours(up,down,left,right)= 15 23 18 -1
rank= 13 coords= 3 1 neighbours(up,down,left,right)= 9 17 12 14
rank= 3 coords= 0 3 neighbours(up,down,left,right)= -1 7 2 -1
rank= 8 coords= 2 0 neighbours(up,down,left,right)= 4 12 -1 9
rank= 20 coords= 5 0 neighbours(up,down,left,right)= 16 -1 -1 21
rank= 14 coords= 3 2 neighbours(up,down,left,right)= 10 18 13 15
rank= 4 coords= 1 0 neighbours(up,down,left,right)= 0 8 -1 5
rank= 9 coords= 2 1 neighbours(up,down,left,right)= 5 13 8 10
rank= 21 coords= 5 1 neighbours(up,down,left,right)= 17 -1 20 22
rank= 15 coords= 3 3 neighbours(up,down,left,right)= 11 19 14 -1
rank= 5 coords= 1 1 neighbours(up,down,left,right)= 1 9 4 6
rank= 10 coords= 2 2 neighbours(up,down,left,right)= 6 14 9 11
rank= 22 coords= 5 2 neighbours(up,down,left,right)= 18 -1 21 23
rank= 16 coords= 4 0 neighbours(up,down,left,right)= 12 20 -1 17
rank= 11 coords= 2 3 neighbours(up,down,left,right)= 7 15 10 -1
rank= 23 coords= 5 3 neighbours(up,down,left,right)= 19 -1 22 -1
rank= 17 coords= 4 1 neighbours(up,down,left,right)= 13 21 16 18

Num-X: 4 ; Num-Y: 6 ; Resolution: 4500 ; Rank: 0 ; Rank-X: 0 ; Rank-Y: 0 ; Rowstart: 0; Rowend: 751; Rows: 751; Colstart: 0; Colend: 1126; Cols: 1126;
Num-X: 4 ; Num-Y: 6 ; Resolution: 4500 ; Rank: 1 ; Rank-X: 1 ; Rank-Y: 0 ; Rowstart: 0; Rowend: 751; Rows: 751; Colstart: 1125; Colend: 2251; Cols: 1126;
Num-X: 4 ; Num-Y: 6 ; Resolution: 4500 ; Rank: 17 ; Rank-X: 1 ; Rank-Y: 4 ; Rowstart: 3000; Rowend: 3751; Rows: 751; Colstart: 1125; Colend: 2251; Cols: 1126;
Num-X: 4 ; Num-Y: 6 ; Resolution: 4500 ; Rank: 2 ; Rank-X: 2 ; Rank-Y: 0 ; Rowstart: 0; Rowend: 751; Rows: 751; Colstart: 2250; Colend: 3376; Cols: 1126;
Num-X: 4 ; Num-Y: 6 ; Resolution: 4500 ; Rank: 5 ; Rank-X: 1 ; Rank-Y: 1 ; Rowstart: 750; Rowend: 1501; Rows: 751; Colstart: 1125; Colend: 2251; Cols: 1126;
Num-X: 4 ; Num-Y: 6 ; Resolution: 4500 ; Rank: 12 ; Rank-X: 0 ; Rank-Y: 3 ; Rowstart: 2250; Rowend: 3001; Rows: 751; Colstart: 0; Colend: 1126; Cols: 1126;
Num-X: 4 ; Num-Y: 6 ; Resolution: 4500 ; Rank: 3 ; Rank-X: 3 ; Rank-Y: 0 ; Rowstart: 0; Rowend: 751; Rows: 751; Colstart: 3375; Colend: 4501; Cols: 1126;
Num-X: 4 ; Num-Y: 6 ; Resolution: 4500 ; Rank: 13 ; Rank-X: 1 ; Rank-Y: 3 ; Rowstart: 2250; Rowend: 3001; Rows: 751; Colstart: 1125; Colend: 2251; Cols: 1126;
Num-X: 4 ; Num-Y: 6 ; Resolution: 4500 ; Rank: 4 ; Rank-X: 0 ; Rank-Y: 1 ; Rowstart: 750; Rowend: 1501; Rows: 751; Colstart: 0; Colend: 1126; Cols: 1126;
Num-X: 4 ; Num-Y: 6 ; Resolution: 4500 ; Rank: 15 ; Rank-X: 3 ; Rank-Y: 3 ; Rowstart: 2250; Rowend: 3001; Rows: 751; Colstart: 3375; Colend: 4501; Cols: 1126;
Num-X: 4 ; Num-Y: 6 ; Resolution: 4500 ; Rank: 14 ; Rank-X: 2 ; Rank-Y: 3 ; Rowstart: 2250; Rowend: 3001; Rows: 751; Colstart: 2250; Colend: 3376; Cols: 1126;
Num-X: 4 ; Num-Y: 6 ; Resolution: 4500 ; Rank: 16 ; Rank-X: 0 ; Rank-Y: 4 ; Rowstart: 3000; Rowend: 3751; Rows: 751; Colstart: 0; Colend: 1126; Cols: 1126;
Num-X: 4 ; Num-Y: 6 ; Resolution: 4500 ; Rank: 7 ; Rank-X: 3 ; Rank-Y: 1 ; Rowstart: 750; Rowend: 1501; Rows: 751; Colstart: 3375; Colend: 4501; Cols: 1126;
Num-X: 4 ; Num-Y: 6 ; Resolution: 4500 ; Rank: 6 ; Rank-X: 2 ; Rank-Y: 1 ; Rowstart: 750; Rowend: 1501; Rows: 751; Colstart: 2250; Colend: 3376; Cols: 1126;
Num-X: 4 ; Num-Y: 6 ; Resolution: 4500 ; Rank: 8 ; Rank-X: 0 ; Rank-Y: 2 ; Rowstart: 1500; Rowend: 2251; Rows: 751; Colstart: 0; Colend: 1126; Cols: 1126;
Num-X: 4 ; Num-Y: 6 ; Resolution: 4500 ; Rank: 9 ; Rank-X: 1 ; Rank-Y: 2 ; Rowstart: 1500; Rowend: 2251; Rows: 751; Colstart: 1125; Colend: 2251; Cols: 1126;
Num-X: 4 ; Num-Y: 6 ; Resolution: 4500 ; Rank: 10 ; Rank-X: 2 ; Rank-Y: 2 ; Rowstart: 1500; Rowend: 2251; Rows: 751; Colstart: 2250; Colend: 3376; Cols: 1126;
Num-X: 4 ; Num-Y: 6 ; Resolution: 4500 ; Rank: 11 ; Rank-X: 3 ; Rank-Y: 2 ; Rowstart: 1500; Rowend: 2251; Rows: 751; Colstart: 3375; Colend: 4501; Cols: 1126;
Num-X: 4 ; Num-Y: 6 ; Resolution: 4500 ; Rank: 21 ; Rank-X: 1 ; Rank-Y: 5 ; Rowstart: 3750; Rowend: 4501; Rows: 751; Colstart: 1125; Colend: 2251; Cols: 1126;
Num-X: 4 ; Num-Y: 6 ; Resolution: 4500 ; Rank: 22 ; Rank-X: 2 ; Rank-Y: 5 ; Rowstart: 3750; Rowend: 4501; Rows: 751; Colstart: 2250; Colend: 3376; Cols: 1126;
Num-X: 4 ; Num-Y: 6 ; Resolution: 4500 ; Rank: 20 ; Rank-X: 0 ; Rank-Y: 5 ; Rowstart: 3750; Rowend: 4501; Rows: 751; Colstart: 0; Colend: 1126; Cols: 1126;
Num-X: 4 ; Num-Y: 6 ; Resolution: 4500 ; Rank: 19 ; Rank-X: 3 ; Rank-Y: 4 ; Rowstart: 3000; Rowend: 3751; Rows: 751; Colstart: 3375; Colend: 4501; Cols: 1126;
Num-X: 4 ; Num-Y: 6 ; Resolution: 4500 ; Rank: 18 ; Rank-X: 2 ; Rank-Y: 4 ; Rowstart: 3000; Rowend: 3751; Rows: 751; Colstart: 2250; Colend: 3376; Cols: 1126;
Num-X: 4 ; Num-Y: 6 ; Resolution: 4500 ; Rank: 23 ; Rank-X: 3 ; Rank-Y: 5 ; Rowstart: 3750; Rowend: 4501; Rows: 751; Colstart: 3375; Colend: 4501; Cols: 1126;

Resolution: 4500
===================
Execution time: 0.009454
Residual: 2.111093

megaflops:  299880.3
  flop instructions (M):  2835.000

Num-X: 4 ; Num-Y: 6 ; Resolution: 5500 ; Rank: 1 ; Rank-X: 1 ; Rank-Y: 0 ; Rowstart: 0; Rowend: 918; Rows: 918; Colstart: 1375; Colend: 2751; Cols: 1376;
Num-X: 4 ; Num-Y: 6 ; Resolution: 5500 ; Rank: 7 ; Rank-X: 3 ; Rank-Y: 1 ; Rowstart: 917; Rowend: 1835; Rows: 918; Colstart: 4125; Colend: 5501; Cols: 1376;
Num-X: 4 ; Num-Y: 6 ; Resolution: 5500 ; Rank: 19 ; Rank-X: 3 ; Rank-Y: 4 ; Rowstart: 3668; Rowend: 4585; Rows: 917; Colstart: 4125; Colend: 5501; Cols: 1376;
Num-X: 4 ; Num-Y: 6 ; Resolution: 5500 ; Rank: 2 ; Rank-X: 2 ; Rank-Y: 0 ; Rowstart: 0; Rowend: 918; Rows: 918; Colstart: 2750; Colend: 4126; Cols: 1376;
Num-X: 4 ; Num-Y: 6 ; Resolution: 5500 ; Rank: 6 ; Rank-X: 2 ; Rank-Y: 1 ; Rowstart: 917; Rowend: 1835; Rows: 918; Colstart: 2750; Colend: 4126; Cols: 1376;
Num-X: 4 ; Num-Y: 6 ; Resolution: 5500 ; Rank: 21 ; Rank-X: 1 ; Rank-Y: 5 ; Rowstart: 4584; Rowend: 5501; Rows: 917; Colstart: 1375; Colend: 2751; Cols: 1376;
Num-X: 4 ; Num-Y: 6 ; Resolution: 5500 ; Rank: 17 ; Rank-X: 1 ; Rank-Y: 4 ; Rowstart: 3668; Rowend: 4585; Rows: 917; Colstart: 1375; Colend: 2751; Cols: 1376;
Num-X: 4 ; Num-Y: 6 ; Resolution: 5500 ; Rank: 3 ; Rank-X: 3 ; Rank-Y: 0 ; Rowstart: 0; Rowend: 918; Rows: 918; Colstart: 4125; Colend: 5501; Cols: 1376;
Num-X: 4 ; Num-Y: 6 ; Resolution: 5500 ; Rank: 10 ; Rank-X: 2 ; Rank-Y: 2 ; Rowstart: 1834; Rowend: 2752; Rows: 918; Colstart: 2750; Colend: 4126; Cols: 1376;
Num-X: 4 ; Num-Y: 6 ; Resolution: 5500 ; Rank: 22 ; Rank-X: 2 ; Rank-Y: 5 ; Rowstart: 4584; Rowend: 5501; Rows: 917; Colstart: 2750; Colend: 4126; Cols: 1376;
Num-X: 4 ; Num-Y: 6 ; Resolution: 5500 ; Rank: 13 ; Rank-X: 1 ; Rank-Y: 3 ; Rowstart: 2751; Rowend: 3669; Rows: 918; Colstart: 1375; Colend: 2751; Cols: 1376;
Num-X: 4 ; Num-Y: 6 ; Resolution: 5500 ; Rank: 4 ; Rank-X: 0 ; Rank-Y: 1 ; Rowstart: 917; Rowend: 1835; Rows: 918; Colstart: 0; Colend: 1376; Cols: 1376;
Num-X: 4 ; Num-Y: 6 ; Resolution: 5500 ; Rank: 8 ; Rank-X: 0 ; Rank-Y: 2 ; Rowstart: 1834; Rowend: 2752; Rows: 918; Colstart: 0; Colend: 1376; Cols: 1376;
Num-X: 4 ; Num-Y: 6 ; Resolution: 5500 ; Rank: 20 ; Rank-X: 0 ; Rank-Y: 5 ; Rowstart: 4584; Rowend: 5501; Rows: 917; Colstart: 0; Colend: 1376; Cols: 1376;
Num-X: 4 ; Num-Y: 6 ; Resolution: 5500 ; Rank: 5 ; Rank-X: 1 ; Rank-Y: 1 ; Rowstart: 917; Rowend: 1835; Rows: 918; Colstart: 1375; Colend: 2751; Cols: 1376;
Num-X: 4 ; Num-Y: 6 ; Resolution: 5500 ; Rank: 9 ; Rank-X: 1 ; Rank-Y: 2 ; Rowstart: 1834; Rowend: 2752; Rows: 918; Colstart: 1375; Colend: 2751; Cols: 1376;
Num-X: 4 ; Num-Y: 6 ; Resolution: 5500 ; Rank: 18 ; Rank-X: 2 ; Rank-Y: 4 ; Rowstart: 3668; Rowend: 4585; Rows: 917; Colstart: 2750; Colend: 4126; Cols: 1376;
Num-X: 4 ; Num-Y: 6 ; Resolution: 5500 ; Rank: 14 ; Rank-X: 2 ; Rank-Y: 3 ; Rowstart: 2751; Rowend: 3669; Rows: 918; Colstart: 2750; Colend: 4126; Cols: 1376;
Num-X: 4 ; Num-Y: 6 ; Resolution: 5500 ; Rank: 0 ; Rank-X: 0 ; Rank-Y: 0 ; Rowstart: 0; Rowend: 918; Rows: 918; Colstart: 0; Colend: 1376; Cols: 1376;
Num-X: 4 ; Num-Y: 6 ; Resolution: 5500 ; Rank: 11 ; Rank-X: 3 ; Rank-Y: 2 ; Rowstart: 1834; Rowend: 2752; Rows: 918; Colstart: 4125; Colend: 5501; Cols: 1376;
Num-X: 4 ; Num-Y: 6 ; Resolution: 5500 ; Rank: 23 ; Rank-X: 3 ; Rank-Y: 5 ; Rowstart: 4584; Rowend: 5501; Rows: 917; Colstart: 4125; Colend: 5501; Cols: 1376;
Num-X: 4 ; Num-Y: 6 ; Resolution: 5500 ; Rank: 12 ; Rank-X: 0 ; Rank-Y: 3 ; Rowstart: 2751; Rowend: 3669; Rows: 918; Colstart: 0; Colend: 1376; Cols: 1376;
Num-X: 4 ; Num-Y: 6 ; Resolution: 5500 ; Rank: 15 ; Rank-X: 3 ; Rank-Y: 3 ; Rowstart: 2751; Rowend: 3669; Rows: 918; Colstart: 4125; Colend: 5501; Cols: 1376;
Num-X: 4 ; Num-Y: 6 ; Resolution: 5500 ; Rank: 16 ; Rank-X: 0 ; Rank-Y: 4 ; Rowstart: 3668; Rowend: 4585; Rows: 917; Colstart: 0; Colend: 1376; Cols: 1376;

Resolution: 5500
===================
Execution time: 0.012012
Residual: 2.580124

megaflops:  352564.0
  flop instructions (M):  4235.000

Num-X: 4 ; Num-Y: 6 ; Resolution: 6500 ; Rank: 2 ; Rank-X: 2 ; Rank-Y: 0 ; Rowstart: 0; Rowend: 1085; Rows: 1085; Colstart: 3250; Colend: 4876; Cols: 1626;
Num-X: 4 ; Num-Y: 6 ; Resolution: 6500 ; Rank: 1 ; Rank-X: 1 ; Rank-Y: 0 ; Rowstart: 0; Rowend: 1085; Rows: 1085; Colstart: 1625; Colend: 3251; Cols: 1626;
Num-X: 4 ; Num-Y: 6 ; Resolution: 6500 ; Rank: 6 ; Rank-X: 2 ; Rank-Y: 1 ; Rowstart: 1084; Rowend: 2169; Rows: 1085; Colstart: 3250; Colend: 4876; Cols: 1626;
Num-X: 4 ; Num-Y: 6 ; Resolution: 6500 ; Rank: 8 ; Rank-X: 0 ; Rank-Y: 2 ; Rowstart: 2168; Rowend: 3252; Rows: 1084; Colstart: 0; Colend: 1626; Cols: 1626;
Num-X: 4 ; Num-Y: 6 ; Resolution: 6500 ; Rank: 9 ; Rank-X: 1 ; Rank-Y: 2 ; Rowstart: 2168; Rowend: 3252; Rows: 1084; Colstart: 1625; Colend: 3251; Cols: 1626;
Num-X: 4 ; Num-Y: 6 ; Resolution: 6500 ; Rank: 20 ; Rank-X: 0 ; Rank-Y: 5 ; Rowstart: 5417; Rowend: 6501; Rows: 1084; Colstart: 0; Colend: 1626; Cols: 1626;
Num-X: 4 ; Num-Y: 6 ; Resolution: 6500 ; Rank: 16 ; Rank-X: 0 ; Rank-Y: 4 ; Rowstart: 4334; Rowend: 5418; Rows: 1084; Colstart: 0; Colend: 1626; Cols: 1626;
Num-X: 4 ; Num-Y: 6 ; Resolution: 6500 ; Rank: 19 ; Rank-X: 3 ; Rank-Y: 4 ; Rowstart: 4334; Rowend: 5418; Rows: 1084; Colstart: 4875; Colend: 6501; Cols: 1626;
Num-X: 4 ; Num-Y: 6 ; Resolution: 6500 ; Rank: 13 ; Rank-X: 1 ; Rank-Y: 3 ; Rowstart: 3251; Rowend: 4335; Rows: 1084; Colstart: 1625; Colend: 3251; Cols: 1626;
Num-X: 4 ; Num-Y: 6 ; Resolution: 6500 ; Rank: 0 ; Rank-X: 0 ; Rank-Y: 0 ; Rowstart: 0; Rowend: 1085; Rows: 1085; Colstart: 0; Colend: 1626; Cols: 1626;
Num-X: 4 ; Num-Y: 6 ; Resolution: 6500 ; Rank: 15 ; Rank-X: 3 ; Rank-Y: 3 ; Rowstart: 3251; Rowend: 4335; Rows: 1084; Colstart: 4875; Colend: 6501; Cols: 1626;
Num-X: 4 ; Num-Y: 6 ; Resolution: 6500 ; Rank: 22 ; Rank-X: 2 ; Rank-Y: 5 ; Rowstart: 5417; Rowend: 6501; Rows: 1084; Colstart: 3250; Colend: 4876; Cols: 1626;
Num-X: 4 ; Num-Y: 6 ; Resolution: 6500 ; Rank: 12 ; Rank-X: 0 ; Rank-Y: 3 ; Rowstart: 3251; Rowend: 4335; Rows: 1084; Colstart: 0; Colend: 1626; Cols: 1626;
Num-X: 4 ; Num-Y: 6 ; Resolution: 6500 ; Rank: 21 ; Rank-X: 1 ; Rank-Y: 5 ; Rowstart: 5417; Rowend: 6501; Rows: 1084; Colstart: 1625; Colend: 3251; Cols: 1626;
Num-X: 4 ; Num-Y: 6 ; Resolution: 6500 ; Rank: 4 ; Rank-X: 0 ; Rank-Y: 1 ; Rowstart: 1084; Rowend: 2169; Rows: 1085; Colstart: 0; Colend: 1626; Cols: 1626;
Num-X: 4 ; Num-Y: 6 ; Resolution: 6500 ; Rank: 17 ; Rank-X: 1 ; Rank-Y: 4 ; Rowstart: 4334; Rowend: 5418; Rows: 1084; Colstart: 1625; Colend: 3251; Cols: 1626;
Num-X: 4 ; Num-Y: 6 ; Resolution: 6500 ; Rank: 7 ; Rank-X: 3 ; Rank-Y: 1 ; Rowstart: 1084; Rowend: 2169; Rows: 1085; Colstart: 4875; Colend: 6501; Cols: 1626;
Num-X: 4 ; Num-Y: 6 ; Resolution: 6500 ; Rank: 3 ; Rank-X: 3 ; Rank-Y: 0 ; Rowstart: 0; Rowend: 1085; Rows: 1085; Colstart: 4875; Colend: 6501; Cols: 1626;
Num-X: 4 ; Num-Y: 6 ; Resolution: 6500 ; Rank: 18 ; Rank-X: 2 ; Rank-Y: 4 ; Rowstart: 4334; Rowend: 5418; Rows: 1084; Colstart: 3250; Colend: 4876; Cols: 1626;
Num-X: 4 ; Num-Y: 6 ; Resolution: 6500 ; Rank: 5 ; Rank-X: 1 ; Rank-Y: 1 ; Rowstart: 1084; Rowend: 2169; Rows: 1085; Colstart: 1625; Colend: 3251; Cols: 1626;
Num-X: 4 ; Num-Y: 6 ; Resolution: 6500 ; Rank: 14 ; Rank-X: 2 ; Rank-Y: 3 ; Rowstart: 3251; Rowend: 4335; Rows: 1084; Colstart: 3250; Colend: 4876; Cols: 1626;
Num-X: 4 ; Num-Y: 6 ; Resolution: 6500 ; Rank: 23 ; Rank-X: 3 ; Rank-Y: 5 ; Rowstart: 5417; Rowend: 6501; Rows: 1084; Colstart: 4875; Colend: 6501; Cols: 1626;
Num-X: 4 ; Num-Y: 6 ; Resolution: 6500 ; Rank: 10 ; Rank-X: 2 ; Rank-Y: 2 ; Rowstart: 2168; Rowend: 3252; Rows: 1084; Colstart: 3250; Colend: 4876; Cols: 1626;
Num-X: 4 ; Num-Y: 6 ; Resolution: 6500 ; Rank: 11 ; Rank-X: 3 ; Rank-Y: 2 ; Rowstart: 2168; Rowend: 3252; Rows: 1084; Colstart: 4875; Colend: 6501; Cols: 1626;

Resolution: 6500
===================
Execution time: 0.019610
Residual: 3.049154

megaflops:  301632.9
  flop instructions (M):  5915.000

Num-X: 4 ; Num-Y: 6 ; Resolution: 7500 ; Rank: 2 ; Rank-X: 2 ; Rank-Y: 0 ; Rowstart: 0; Rowend: 1251; Rows: 1251; Colstart: 3750; Colend: 5626; Cols: 1876;
Num-X: 4 ; Num-Y: 6 ; Resolution: 7500 ; Rank: 9 ; Rank-X: 1 ; Rank-Y: 2 ; Rowstart: 2500; Rowend: 3751; Rows: 1251; Colstart: 1875; Colend: 3751; Cols: 1876;
Num-X: 4 ; Num-Y: 6 ; Resolution: 7500 ; Rank: 10 ; Rank-X: 2 ; Rank-Y: 2 ; Rowstart: 2500; Rowend: 3751; Rows: 1251; Colstart: 3750; Colend: 5626; Cols: 1876;
Num-X: 4 ; Num-Y: 6 ; Resolution: 7500 ; Rank: 16 ; Rank-X: 0 ; Rank-Y: 4 ; Rowstart: 5000; Rowend: 6251; Rows: 1251; Colstart: 0; Colend: 1876; Cols: 1876;
Num-X: 4 ; Num-Y: 6 ; Resolution: 7500 ; Rank: 11 ; Rank-X: 3 ; Rank-Y: 2 ; Rowstart: 2500; Rowend: 3751; Rows: 1251; Colstart: 5625; Colend: 7501; Cols: 1876;
Num-X: 4 ; Num-Y: 6 ; Resolution: 7500 ; Rank: 18 ; Rank-X: 2 ; Rank-Y: 4 ; Rowstart: 5000; Rowend: 6251; Rows: 1251; Colstart: 3750; Colend: 5626; Cols: 1876;
Num-X: 4 ; Num-Y: 6 ; Resolution: 7500 ; Rank: 4 ; Rank-X: 0 ; Rank-Y: 1 ; Rowstart: 1250; Rowend: 2501; Rows: 1251; Colstart: 0; Colend: 1876; Cols: 1876;
Num-X: 4 ; Num-Y: 6 ; Resolution: 7500 ; Rank: 14 ; Rank-X: 2 ; Rank-Y: 3 ; Rowstart: 3750; Rowend: 5001; Rows: 1251; Colstart: 3750; Colend: 5626; Cols: 1876;
Num-X: 4 ; Num-Y: 6 ; Resolution: 7500 ; Rank: 23 ; Rank-X: 3 ; Rank-Y: 5 ; Rowstart: 6250; Rowend: 7501; Rows: 1251; Colstart: 5625; Colend: 7501; Cols: 1876;
Num-X: 4 ; Num-Y: 6 ; Resolution: 7500 ; Rank: 5 ; Rank-X: 1 ; Rank-Y: 1 ; Rowstart: 1250; Rowend: 2501; Rows: 1251; Colstart: 1875; Colend: 3751; Cols: 1876;
Num-X: 4 ; Num-Y: 6 ; Resolution: 7500 ; Rank: 17 ; Rank-X: 1 ; Rank-Y: 4 ; Rowstart: 5000; Rowend: 6251; Rows: 1251; Colstart: 1875; Colend: 3751; Cols: 1876;
Num-X: 4 ; Num-Y: 6 ; Resolution: 7500 ; Rank: 1 ; Rank-X: 1 ; Rank-Y: 0 ; Rowstart: 0; Rowend: 1251; Rows: 1251; Colstart: 1875; Colend: 3751; Cols: 1876;
Num-X: 4 ; Num-Y: 6 ; Resolution: 7500 ; Rank: 6 ; Rank-X: 2 ; Rank-Y: 1 ; Rowstart: 1250; Rowend: 2501; Rows: 1251; Colstart: 3750; Colend: 5626; Cols: 1876;
Num-X: 4 ; Num-Y: 6 ; Resolution: 7500 ; Rank: 20 ; Rank-X: 0 ; Rank-Y: 5 ; Rowstart: 6250; Rowend: 7501; Rows: 1251; Colstart: 0; Colend: 1876; Cols: 1876;
Num-X: 4 ; Num-Y: 6 ; Resolution: 7500 ; Rank: 8 ; Rank-X: 0 ; Rank-Y: 2 ; Rowstart: 2500; Rowend: 3751; Rows: 1251; Colstart: 0; Colend: 1876; Cols: 1876;
Num-X: 4 ; Num-Y: 6 ; Resolution: 7500 ; Rank: 19 ; Rank-X: 3 ; Rank-Y: 4 ; Rowstart: 5000; Rowend: 6251; Rows: 1251; Colstart: 5625; Colend: 7501; Cols: 1876;
Num-X: 4 ; Num-Y: 6 ; Resolution: 7500 ; Rank: 22 ; Rank-X: 2 ; Rank-Y: 5 ; Rowstart: 6250; Rowend: 7501; Rows: 1251; Colstart: 3750; Colend: 5626; Cols: 1876;
Num-X: 4 ; Num-Y: 6 ; Resolution: 7500 ; Rank: 0 ; Rank-X: 0 ; Rank-Y: 0 ; Rowstart: 0; Rowend: 1251; Rows: 1251; Colstart: 0; Colend: 1876; Cols: 1876;
Num-X: 4 ; Num-Y: 6 ; Resolution: 7500 ; Rank: 15 ; Rank-X: 3 ; Rank-Y: 3 ; Rowstart: 3750; Rowend: 5001; Rows: 1251; Colstart: 5625; Colend: 7501; Cols: 1876;
Num-X: 4 ; Num-Y: 6 ; Resolution: 7500 ; Rank: 13 ; Rank-X: 1 ; Rank-Y: 3 ; Rowstart: 3750; Rowend: 5001; Rows: 1251; Colstart: 1875; Colend: 3751; Cols: 1876;
Num-X: 4 ; Num-Y: 6 ; Resolution: 7500 ; Rank: 12 ; Rank-X: 0 ; Rank-Y: 3 ; Rowstart: 3750; Rowend: 5001; Rows: 1251; Colstart: 0; Colend: 1876; Cols: 1876;
Num-X: 4 ; Num-Y: 6 ; Resolution: 7500 ; Rank: 7 ; Rank-X: 3 ; Rank-Y: 1 ; Rowstart: 1250; Rowend: 2501; Rows: 1251; Colstart: 5625; Colend: 7501; Cols: 1876;
Num-X: 4 ; Num-Y: 6 ; Resolution: 7500 ; Rank: 3 ; Rank-X: 3 ; Rank-Y: 0 ; Rowstart: 0; Rowend: 1251; Rows: 1251; Colstart: 5625; Colend: 7501; Cols: 1876;
Num-X: 4 ; Num-Y: 6 ; Resolution: 7500 ; Rank: 21 ; Rank-X: 1 ; Rank-Y: 5 ; Rowstart: 6250; Rowend: 7501; Rows: 1251; Colstart: 1875; Colend: 3751; Cols: 1876;

Resolution: 7500
===================
Execution time: 0.028610
Residual: 3.518183

megaflops:  275253.5
  flop instructions (M):  7875.000

Num-X: 4 ; Num-Y: 6 ; Resolution: 8500 ; Rank: 10 ; Rank-X: 2 ; Rank-Y: 2 ; Rowstart: 2834; Rowend: 4252; Rows: 1418; Colstart: 4250; Colend: 6376; Cols: 2126;
Num-X: 4 ; Num-Y: 6 ; Resolution: 8500 ; Rank: 18 ; Rank-X: 2 ; Rank-Y: 4 ; Rowstart: 5668; Rowend: 7085; Rows: 1417; Colstart: 4250; Colend: 6376; Cols: 2126;
Num-X: 4 ; Num-Y: 6 ; Resolution: 8500 ; Rank: 9 ; Rank-X: 1 ; Rank-Y: 2 ; Rowstart: 2834; Rowend: 4252; Rows: 1418; Colstart: 2125; Colend: 4251; Cols: 2126;
Num-X: 4 ; Num-Y: 6 ; Resolution: 8500 ; Rank: 23 ; Rank-X: 3 ; Rank-Y: 5 ; Rowstart: 7084; Rowend: 8501; Rows: 1417; Colstart: 6375; Colend: 8501; Cols: 2126;
Num-X: 4 ; Num-Y: 6 ; Resolution: 8500 ; Rank: 6 ; Rank-X: 2 ; Rank-Y: 1 ; Rowstart: 1417; Rowend: 2835; Rows: 1418; Colstart: 4250; Colend: 6376; Cols: 2126;
Num-X: 4 ; Num-Y: 6 ; Resolution: 8500 ; Rank: 11 ; Rank-X: 3 ; Rank-Y: 2 ; Rowstart: 2834; Rowend: 4252; Rows: 1418; Colstart: 6375; Colend: 8501; Cols: 2126;
Num-X: 4 ; Num-Y: 6 ; Resolution: 8500 ; Rank: 20 ; Rank-X: 0 ; Rank-Y: 5 ; Rowstart: 7084; Rowend: 8501; Rows: 1417; Colstart: 0; Colend: 2126; Cols: 2126;
Num-X: 4 ; Num-Y: 6 ; Resolution: 8500 ; Rank: 8 ; Rank-X: 0 ; Rank-Y: 2 ; Rowstart: 2834; Rowend: 4252; Rows: 1418; Colstart: 0; Colend: 2126; Cols: 2126;
Num-X: 4 ; Num-Y: 6 ; Resolution: 8500 ; Rank: 14 ; Rank-X: 2 ; Rank-Y: 3 ; Rowstart: 4251; Rowend: 5669; Rows: 1418; Colstart: 4250; Colend: 6376; Cols: 2126;
Num-X: 4 ; Num-Y: 6 ; Resolution: 8500 ; Rank: 13 ; Rank-X: 1 ; Rank-Y: 3 ; Rowstart: 4251; Rowend: 5669; Rows: 1418; Colstart: 2125; Colend: 4251; Cols: 2126;
Num-X: 4 ; Num-Y: 6 ; Resolution: 8500 ; Rank: 17 ; Rank-X: 1 ; Rank-Y: 4 ; Rowstart: 5668; Rowend: 7085; Rows: 1417; Colstart: 2125; Colend: 4251; Cols: 2126;
Num-X: 4 ; Num-Y: 6 ; Resolution: 8500 ; Rank: 16 ; Rank-X: 0 ; Rank-Y: 4 ; Rowstart: 5668; Rowend: 7085; Rows: 1417; Colstart: 0; Colend: 2126; Cols: 2126;
Num-X: 4 ; Num-Y: 6 ; Resolution: 8500 ; Rank: 21 ; Rank-X: 1 ; Rank-Y: 5 ; Rowstart: 7084; Rowend: 8501; Rows: 1417; Colstart: 2125; Colend: 4251; Cols: 2126;
Num-X: 4 ; Num-Y: 6 ; Resolution: 8500 ; Rank: 22 ; Rank-X: 2 ; Rank-Y: 5 ; Rowstart: 7084; Rowend: 8501; Rows: 1417; Colstart: 4250; Colend: 6376; Cols: 2126;
Num-X: 4 ; Num-Y: 6 ; Resolution: 8500 ; Rank: 19 ; Rank-X: 3 ; Rank-Y: 4 ; Rowstart: 5668; Rowend: 7085; Rows: 1417; Colstart: 6375; Colend: 8501; Cols: 2126;
Num-X: 4 ; Num-Y: 6 ; Resolution: 8500 ; Rank: 15 ; Rank-X: 3 ; Rank-Y: 3 ; Rowstart: 4251; Rowend: 5669; Rows: 1418; Colstart: 6375; Colend: 8501; Cols: 2126;
Num-X: 4 ; Num-Y: 6 ; Resolution: 8500 ; Rank: 12 ; Rank-X: 0 ; Rank-Y: 3 ; Rowstart: 4251; Rowend: 5669; Rows: 1418; Colstart: 0; Colend: 2126; Cols: 2126;
Num-X: 4 ; Num-Y: 6 ; Resolution: 8500 ; Rank: 7 ; Rank-X: 3 ; Rank-Y: 1 ; Rowstart: 1417; Rowend: 2835; Rows: 1418; Colstart: 6375; Colend: 8501; Cols: 2126;
Num-X: 4 ; Num-Y: 6 ; Resolution: 8500 ; Rank: 0 ; Rank-X: 0 ; Rank-Y: 0 ; Rowstart: 0; Rowend: 1418; Rows: 1418; Colstart: 0; Colend: 2126; Cols: 2126;
Num-X: 4 ; Num-Y: 6 ; Resolution: 8500 ; Rank: 1 ; Rank-X: 1 ; Rank-Y: 0 ; Rowstart: 0; Rowend: 1418; Rows: 1418; Colstart: 2125; Colend: 4251; Cols: 2126;
Num-X: 4 ; Num-Y: 6 ; Resolution: 8500 ; Rank: 2 ; Rank-X: 2 ; Rank-Y: 0 ; Rowstart: 0; Rowend: 1418; Rows: 1418; Colstart: 4250; Colend: 6376; Cols: 2126;
Num-X: 4 ; Num-Y: 6 ; Resolution: 8500 ; Rank: 3 ; Rank-X: 3 ; Rank-Y: 0 ; Rowstart: 0; Rowend: 1418; Rows: 1418; Colstart: 6375; Colend: 8501; Cols: 2126;
Num-X: 4 ; Num-Y: 6 ; Resolution: 8500 ; Rank: 4 ; Rank-X: 0 ; Rank-Y: 1 ; Rowstart: 1417; Rowend: 2835; Rows: 1418; Colstart: 0; Colend: 2126; Cols: 2126;
Num-X: 4 ; Num-Y: 6 ; Resolution: 8500 ; Rank: 5 ; Rank-X: 1 ; Rank-Y: 1 ; Rowstart: 1417; Rowend: 2835; Rows: 1418; Colstart: 2125; Colend: 4251; Cols: 2126;

Resolution: 8500
===================
Execution time: 0.038410
Residual: 3.987213

megaflops:  263341.6
  flop instructions (M):  10115.000

Num-X: 4 ; Num-Y: 6 ; Resolution: 9500 ; Rank: 5 ; Rank-X: 1 ; Rank-Y: 1 ; Rowstart: 1584; Rowend: 3169; Rows: 1585; Colstart: 2375; Colend: 4751; Cols: 2376;
Num-X: 4 ; Num-Y: 6 ; Resolution: 9500 ; Rank: 4 ; Rank-X: 0 ; Rank-Y: 1 ; Rowstart: 1584; Rowend: 3169; Rows: 1585; Colstart: 0; Colend: 2376; Cols: 2376;
Num-X: 4 ; Num-Y: 6 ; Resolution: 9500 ; Rank: 1 ; Rank-X: 1 ; Rank-Y: 0 ; Rowstart: 0; Rowend: 1585; Rows: 1585; Colstart: 2375; Colend: 4751; Cols: 2376;
Num-X: 4 ; Num-Y: 6 ; Resolution: 9500 ; Rank: 18 ; Rank-X: 2 ; Rank-Y: 4 ; Rowstart: 6334; Rowend: 7918; Rows: 1584; Colstart: 4750; Colend: 7126; Cols: 2376;
Num-X: 4 ; Num-Y: 6 ; Resolution: 9500 ; Rank: 23 ; Rank-X: 3 ; Rank-Y: 5 ; Rowstart: 7917; Rowend: 9501; Rows: 1584; Colstart: 7125; Colend: 9501; Cols: 2376;
Num-X: 4 ; Num-Y: 6 ; Resolution: 9500 ; Rank: 10 ; Rank-X: 2 ; Rank-Y: 2 ; Rowstart: 3168; Rowend: 4752; Rows: 1584; Colstart: 4750; Colend: 7126; Cols: 2376;
Num-X: 4 ; Num-Y: 6 ; Resolution: 9500 ; Rank: 17 ; Rank-X: 1 ; Rank-Y: 4 ; Rowstart: 6334; Rowend: 7918; Rows: 1584; Colstart: 2375; Colend: 4751; Cols: 2376;
Num-X: 4 ; Num-Y: 6 ; Resolution: 9500 ; Rank: 11 ; Rank-X: 3 ; Rank-Y: 2 ; Rowstart: 3168; Rowend: 4752; Rows: 1584; Colstart: 7125; Colend: 9501; Cols: 2376;
Num-X: 4 ; Num-Y: 6 ; Resolution: 9500 ; Rank: 14 ; Rank-X: 2 ; Rank-Y: 3 ; Rowstart: 4751; Rowend: 6335; Rows: 1584; Colstart: 4750; Colend: 7126; Cols: 2376;
Num-X: 4 ; Num-Y: 6 ; Resolution: 9500 ; Rank: 20 ; Rank-X: 0 ; Rank-Y: 5 ; Rowstart: 7917; Rowend: 9501; Rows: 1584; Colstart: 0; Colend: 2376; Cols: 2376;
Num-X: 4 ; Num-Y: 6 ; Resolution: 9500 ; Rank: 13 ; Rank-X: 1 ; Rank-Y: 3 ; Rowstart: 4751; Rowend: 6335; Rows: 1584; Colstart: 2375; Colend: 4751; Cols: 2376;
Num-X: 4 ; Num-Y: 6 ; Resolution: 9500 ; Rank: 15 ; Rank-X: 3 ; Rank-Y: 3 ; Rowstart: 4751; Rowend: 6335; Rows: 1584; Colstart: 7125; Colend: 9501; Cols: 2376;
Num-X: 4 ; Num-Y: 6 ; Resolution: 9500 ; Rank: 2 ; Rank-X: 2 ; Rank-Y: 0 ; Rowstart: 0; Rowend: 1585; Rows: 1585; Colstart: 4750; Colend: 7126; Cols: 2376;
Num-X: 4 ; Num-Y: 6 ; Resolution: 9500 ; Rank: 19 ; Rank-X: 3 ; Rank-Y: 4 ; Rowstart: 6334; Rowend: 7918; Rows: 1584; Colstart: 7125; Colend: 9501; Cols: 2376;
Num-X: 4 ; Num-Y: 6 ; Resolution: 9500 ; Rank: 7 ; Rank-X: 3 ; Rank-Y: 1 ; Rowstart: 1584; Rowend: 3169; Rows: 1585; Colstart: 7125; Colend: 9501; Cols: 2376;
Num-X: 4 ; Num-Y: 6 ; Resolution: 9500 ; Rank: 3 ; Rank-X: 3 ; Rank-Y: 0 ; Rowstart: 0; Rowend: 1585; Rows: 1585; Colstart: 7125; Colend: 9501; Cols: 2376;
Num-X: 4 ; Num-Y: 6 ; Resolution: 9500 ; Rank: 0 ; Rank-X: 0 ; Rank-Y: 0 ; Rowstart: 0; Rowend: 1585; Rows: 1585; Colstart: 0; Colend: 2376; Cols: 2376;
Num-X: 4 ; Num-Y: 6 ; Resolution: 9500 ; Rank: 6 ; Rank-X: 2 ; Rank-Y: 1 ; Rowstart: 1584; Rowend: 3169; Rows: 1585; Colstart: 4750; Colend: 7126; Cols: 2376;
Num-X: 4 ; Num-Y: 6 ; Resolution: 9500 ; Rank: 21 ; Rank-X: 1 ; Rank-Y: 5 ; Rowstart: 7917; Rowend: 9501; Rows: 1584; Colstart: 2375; Colend: 4751; Cols: 2376;
Num-X: 4 ; Num-Y: 6 ; Resolution: 9500 ; Rank: 16 ; Rank-X: 0 ; Rank-Y: 4 ; Rowstart: 6334; Rowend: 7918; Rows: 1584; Colstart: 0; Colend: 2376; Cols: 2376;
Num-X: 4 ; Num-Y: 6 ; Resolution: 9500 ; Rank: 22 ; Rank-X: 2 ; Rank-Y: 5 ; Rowstart: 7917; Rowend: 9501; Rows: 1584; Colstart: 4750; Colend: 7126; Cols: 2376;
Num-X: 4 ; Num-Y: 6 ; Resolution: 9500 ; Rank: 8 ; Rank-X: 0 ; Rank-Y: 2 ; Rowstart: 3168; Rowend: 4752; Rows: 1584; Colstart: 0; Colend: 2376; Cols: 2376;
Num-X: 4 ; Num-Y: 6 ; Resolution: 9500 ; Rank: 9 ; Rank-X: 1 ; Rank-Y: 2 ; Rowstart: 3168; Rowend: 4752; Rows: 1584; Colstart: 2375; Colend: 4751; Cols: 2376;
Num-X: 4 ; Num-Y: 6 ; Resolution: 9500 ; Rank: 12 ; Rank-X: 0 ; Rank-Y: 3 ; Rowstart: 4751; Rowend: 6335; Rows: 1584; Colstart: 0; Colend: 2376; Cols: 2376;

Resolution: 9500
===================
Execution time: 0.050016
Residual: 4.456242

megaflops:  252618.3
  flop instructions (M):  12635.000

Num-X: 4 ; Num-Y: 6 ; Resolution: 10500 ; Rank: 2 ; Rank-X: 2 ; Rank-Y: 0 ; Rowstart: 0; Rowend: 1751; Rows: 1751; Colstart: 5250; Colend: 7876; Cols: 2626;
Num-X: 4 ; Num-Y: 6 ; Resolution: 10500 ; Rank: 5 ; Rank-X: 1 ; Rank-Y: 1 ; Rowstart: 1750; Rowend: 3501; Rows: 1751; Colstart: 2625; Colend: 5251; Cols: 2626;
Num-X: 4 ; Num-Y: 6 ; Resolution: 10500 ; Rank: 4 ; Rank-X: 0 ; Rank-Y: 1 ; Rowstart: 1750; Rowend: 3501; Rows: 1751; Colstart: 0; Colend: 2626; Cols: 2626;
Num-X: 4 ; Num-Y: 6 ; Resolution: 10500 ; Rank: 3 ; Rank-X: 3 ; Rank-Y: 0 ; Rowstart: 0; Rowend: 1751; Rows: 1751; Colstart: 7875; Colend: 10501; Cols: 2626;
Num-X: 4 ; Num-Y: 6 ; Resolution: 10500 ; Rank: 6 ; Rank-X: 2 ; Rank-Y: 1 ; Rowstart: 1750; Rowend: 3501; Rows: 1751; Colstart: 5250; Colend: 7876; Cols: 2626;
Num-X: 4 ; Num-Y: 6 ; Resolution: 10500 ; Rank: 19 ; Rank-X: 3 ; Rank-Y: 4 ; Rowstart: 7000; Rowend: 8751; Rows: 1751; Colstart: 7875; Colend: 10501; Cols: 2626;
Num-X: 4 ; Num-Y: 6 ; Resolution: 10500 ; Rank: 1 ; Rank-X: 1 ; Rank-Y: 0 ; Rowstart: 0; Rowend: 1751; Rows: 1751; Colstart: 2625; Colend: 5251; Cols: 2626;
Num-X: 4 ; Num-Y: 6 ; Resolution: 10500 ; Rank: 9 ; Rank-X: 1 ; Rank-Y: 2 ; Rowstart: 3500; Rowend: 5251; Rows: 1751; Colstart: 2625; Colend: 5251; Cols: 2626;
Num-X: 4 ; Num-Y: 6 ; Resolution: 10500 ; Rank: 21 ; Rank-X: 1 ; Rank-Y: 5 ; Rowstart: 8750; Rowend: 10501; Rows: 1751; Colstart: 2625; Colend: 5251; Cols: 2626;
Num-X: 4 ; Num-Y: 6 ; Resolution: 10500 ; Rank: 12 ; Rank-X: 0 ; Rank-Y: 3 ; Rowstart: 5250; Rowend: 7001; Rows: 1751; Colstart: 0; Colend: 2626; Cols: 2626;
Num-X: 4 ; Num-Y: 6 ; Resolution: 10500 ; Rank: 8 ; Rank-X: 0 ; Rank-Y: 2 ; Rowstart: 3500; Rowend: 5251; Rows: 1751; Colstart: 0; Colend: 2626; Cols: 2626;
Num-X: 4 ; Num-Y: 6 ; Resolution: 10500 ; Rank: 22 ; Rank-X: 2 ; Rank-Y: 5 ; Rowstart: 8750; Rowend: 10501; Rows: 1751; Colstart: 5250; Colend: 7876; Cols: 2626;
Num-X: 4 ; Num-Y: 6 ; Resolution: 10500 ; Rank: 18 ; Rank-X: 2 ; Rank-Y: 4 ; Rowstart: 7000; Rowend: 8751; Rows: 1751; Colstart: 5250; Colend: 7876; Cols: 2626;
Num-X: 4 ; Num-Y: 6 ; Resolution: 10500 ; Rank: 7 ; Rank-X: 3 ; Rank-Y: 1 ; Rowstart: 1750; Rowend: 3501; Rows: 1751; Colstart: 7875; Colend: 10501; Cols: 2626;
Num-X: 4 ; Num-Y: 6 ; Resolution: 10500 ; Rank: 11 ; Rank-X: 3 ; Rank-Y: 2 ; Rowstart: 3500; Rowend: 5251; Rows: 1751; Colstart: 7875; Colend: 10501; Cols: 2626;
Num-X: 4 ; Num-Y: 6 ; Resolution: 10500 ; Rank: 10 ; Rank-X: 2 ; Rank-Y: 2 ; Rowstart: 3500; Rowend: 5251; Rows: 1751; Colstart: 5250; Colend: 7876; Cols: 2626;
Num-X: 4 ; Num-Y: 6 ; Resolution: 10500 ; Rank: 20 ; Rank-X: 0 ; Rank-Y: 5 ; Rowstart: 8750; Rowend: 10501; Rows: 1751; Colstart: 0; Colend: 2626; Cols: 2626;
Num-X: 4 ; Num-Y: 6 ; Resolution: 10500 ; Rank: 23 ; Rank-X: 3 ; Rank-Y: 5 ; Rowstart: 8750; Rowend: 10501; Rows: 1751; Colstart: 7875; Colend: 10501; Cols: 2626;
Num-X: 4 ; Num-Y: 6 ; Resolution: 10500 ; Rank: 14 ; Rank-X: 2 ; Rank-Y: 3 ; Rowstart: 5250; Rowend: 7001; Rows: 1751; Colstart: 5250; Colend: 7876; Cols: 2626;
Num-X: 4 ; Num-Y: 6 ; Resolution: 10500 ; Rank: 17 ; Rank-X: 1 ; Rank-Y: 4 ; Rowstart: 7000; Rowend: 8751; Rows: 1751; Colstart: 2625; Colend: 5251; Cols: 2626;
Num-X: 4 ; Num-Y: 6 ; Resolution: 10500 ; Rank: 16 ; Rank-X: 0 ; Rank-Y: 4 ; Rowstart: 7000; Rowend: 8751; Rows: 1751; Colstart: 0; Colend: 2626; Cols: 2626;
Num-X: 4 ; Num-Y: 6 ; Resolution: 10500 ; Rank: 0 ; Rank-X: 0 ; Rank-Y: 0 ; Rowstart: 0; Rowend: 1751; Rows: 1751; Colstart: 0; Colend: 2626; Cols: 2626;
Num-X: 4 ; Num-Y: 6 ; Resolution: 10500 ; Rank: 13 ; Rank-X: 1 ; Rank-Y: 3 ; Rowstart: 5250; Rowend: 7001; Rows: 1751; Colstart: 2625; Colend: 5251; Cols: 2626;
Num-X: 4 ; Num-Y: 6 ; Resolution: 10500 ; Rank: 15 ; Rank-X: 3 ; Rank-Y: 3 ; Rowstart: 5250; Rowend: 7001; Rows: 1751; Colstart: 7875; Colend: 10501; Cols: 2626;

Resolution: 10500
===================
Execution time: 0.061245
Residual: 4.925272

megaflops:  252020.7
  flop instructions (M):  15435.000

Num-X: 4 ; Num-Y: 6 ; Resolution: 11500 ; Rank: 2 ; Rank-X: 2 ; Rank-Y: 0 ; Rowstart: 0; Rowend: 1918; Rows: 1918; Colstart: 5750; Colend: 8626; Cols: 2876;
Num-X: 4 ; Num-Y: 6 ; Resolution: 11500 ; Rank: 6 ; Rank-X: 2 ; Rank-Y: 1 ; Rowstart: 1917; Rowend: 3835; Rows: 1918; Colstart: 5750; Colend: 8626; Cols: 2876;
Num-X: 4 ; Num-Y: 6 ; Resolution: 11500 ; Rank: 5 ; Rank-X: 1 ; Rank-Y: 1 ; Rowstart: 1917; Rowend: 3835; Rows: 1918; Colstart: 2875; Colend: 5751; Cols: 2876;
Num-X: 4 ; Num-Y: 6 ; Resolution: 11500 ; Rank: 9 ; Rank-X: 1 ; Rank-Y: 2 ; Rowstart: 3834; Rowend: 5752; Rows: 1918; Colstart: 2875; Colend: 5751; Cols: 2876;
Num-X: 4 ; Num-Y: 6 ; Resolution: 11500 ; Rank: 21 ; Rank-X: 1 ; Rank-Y: 5 ; Rowstart: 9584; Rowend: 11501; Rows: 1917; Colstart: 2875; Colend: 5751; Cols: 2876;
Num-X: 4 ; Num-Y: 6 ; Resolution: 11500 ; Rank: 8 ; Rank-X: 0 ; Rank-Y: 2 ; Rowstart: 3834; Rowend: 5752; Rows: 1918; Colstart: 0; Colend: 2876; Cols: 2876;
Num-X: 4 ; Num-Y: 6 ; Resolution: 11500 ; Rank: 11 ; Rank-X: 3 ; Rank-Y: 2 ; Rowstart: 3834; Rowend: 5752; Rows: 1918; Colstart: 8625; Colend: 11501; Cols: 2876;
Num-X: 4 ; Num-Y: 6 ; Resolution: 11500 ; Rank: 4 ; Rank-X: 0 ; Rank-Y: 1 ; Rowstart: 1917; Rowend: 3835; Rows: 1918; Colstart: 0; Colend: 2876; Cols: 2876;
Num-X: 4 ; Num-Y: 6 ; Resolution: 11500 ; Rank: 1 ; Rank-X: 1 ; Rank-Y: 0 ; Rowstart: 0; Rowend: 1918; Rows: 1918; Colstart: 2875; Colend: 5751; Cols: 2876;
Num-X: 4 ; Num-Y: 6 ; Resolution: 11500 ; Rank: 3 ; Rank-X: 3 ; Rank-Y: 0 ; Rowstart: 0; Rowend: 1918; Rows: 1918; Colstart: 8625; Colend: 11501; Cols: 2876;
Num-X: 4 ; Num-Y: 6 ; Resolution: 11500 ; Rank: 17 ; Rank-X: 1 ; Rank-Y: 4 ; Rowstart: 7668; Rowend: 9585; Rows: 1917; Colstart: 2875; Colend: 5751; Cols: 2876;
Num-X: 4 ; Num-Y: 6 ; Resolution: 11500 ; Rank: 13 ; Rank-X: 1 ; Rank-Y: 3 ; Rowstart: 5751; Rowend: 7669; Rows: 1918; Colstart: 2875; Colend: 5751; Cols: 2876;
Num-X: 4 ; Num-Y: 6 ; Resolution: 11500 ; Rank: 0 ; Rank-X: 0 ; Rank-Y: 0 ; Rowstart: 0; Rowend: 1918; Rows: 1918; Colstart: 0; Colend: 2876; Cols: 2876;
Num-X: 4 ; Num-Y: 6 ; Resolution: 11500 ; Rank: 7 ; Rank-X: 3 ; Rank-Y: 1 ; Rowstart: 1917; Rowend: 3835; Rows: 1918; Colstart: 8625; Colend: 11501; Cols: 2876;
Num-X: 4 ; Num-Y: 6 ; Resolution: 11500 ; Rank: 16 ; Rank-X: 0 ; Rank-Y: 4 ; Rowstart: 7668; Rowend: 9585; Rows: 1917; Colstart: 0; Colend: 2876; Cols: 2876;
Num-X: 4 ; Num-Y: 6 ; Resolution: 11500 ; Rank: 18 ; Rank-X: 2 ; Rank-Y: 4 ; Rowstart: 7668; Rowend: 9585; Rows: 1917; Colstart: 5750; Colend: 8626; Cols: 2876;
Num-X: 4 ; Num-Y: 6 ; Resolution: 11500 ; Rank: 20 ; Rank-X: 0 ; Rank-Y: 5 ; Rowstart: 9584; Rowend: 11501; Rows: 1917; Colstart: 0; Colend: 2876; Cols: 2876;
Num-X: 4 ; Num-Y: 6 ; Resolution: 11500 ; Rank: 15 ; Rank-X: 3 ; Rank-Y: 3 ; Rowstart: 5751; Rowend: 7669; Rows: 1918; Colstart: 8625; Colend: 11501; Cols: 2876;
Num-X: 4 ; Num-Y: 6 ; Resolution: 11500 ; Rank: 10 ; Rank-X: 2 ; Rank-Y: 2 ; Rowstart: 3834; Rowend: 5752; Rows: 1918; Colstart: 5750; Colend: 8626; Cols: 2876;
Num-X: 4 ; Num-Y: 6 ; Resolution: 11500 ; Rank: 22 ; Rank-X: 2 ; Rank-Y: 5 ; Rowstart: 9584; Rowend: 11501; Rows: 1917; Colstart: 5750; Colend: 8626; Cols: 2876;
Num-X: 4 ; Num-Y: 6 ; Resolution: 11500 ; Rank: 23 ; Rank-X: 3 ; Rank-Y: 5 ; Rowstart: 9584; Rowend: 11501; Rows: 1917; Colstart: 8625; Colend: 11501; Cols: 2876;
Num-X: 4 ; Num-Y: 6 ; Resolution: 11500 ; Rank: 19 ; Rank-X: 3 ; Rank-Y: 4 ; Rowstart: 7668; Rowend: 9585; Rows: 1917; Colstart: 8625; Colend: 11501; Cols: 2876;
Num-X: 4 ; Num-Y: 6 ; Resolution: 11500 ; Rank: 12 ; Rank-X: 0 ; Rank-Y: 3 ; Rowstart: 5751; Rowend: 7669; Rows: 1918; Colstart: 0; Colend: 2876; Cols: 2876;
Num-X: 4 ; Num-Y: 6 ; Resolution: 11500 ; Rank: 14 ; Rank-X: 2 ; Rank-Y: 3 ; Rowstart: 5751; Rowend: 7669; Rows: 1918; Colstart: 5750; Colend: 8626; Cols: 2876;

Resolution: 11500
===================
Execution time: 0.075016
Residual: 5.394301

megaflops:  246813.9
  flop instructions (M):  18515.000

Num-X: 4 ; Num-Y: 6 ; Resolution: 12500 ; Rank: 4 ; Rank-X: 0 ; Rank-Y: 1 ; Rowstart: 2084; Rowend: 4169; Rows: 2085; Colstart: 0; Colend: 3126; Cols: 3126;
Num-X: 4 ; Num-Y: 6 ; Resolution: 12500 ; Rank: 5 ; Rank-X: 1 ; Rank-Y: 1 ; Rowstart: 2084; Rowend: 4169; Rows: 2085; Colstart: 3125; Colend: 6251; Cols: 3126;
Num-X: 4 ; Num-Y: 6 ; Resolution: 12500 ; Rank: 11 ; Rank-X: 3 ; Rank-Y: 2 ; Rowstart: 4168; Rowend: 6252; Rows: 2084; Colstart: 9375; Colend: 12501; Cols: 3126;
Num-X: 4 ; Num-Y: 6 ; Resolution: 12500 ; Rank: 8 ; Rank-X: 0 ; Rank-Y: 2 ; Rowstart: 4168; Rowend: 6252; Rows: 2084; Colstart: 0; Colend: 3126; Cols: 3126;
Num-X: 4 ; Num-Y: 6 ; Resolution: 12500 ; Rank: 9 ; Rank-X: 1 ; Rank-Y: 2 ; Rowstart: 4168; Rowend: 6252; Rows: 2084; Colstart: 3125; Colend: 6251; Cols: 3126;
Num-X: 4 ; Num-Y: 6 ; Resolution: 12500 ; Rank: 3 ; Rank-X: 3 ; Rank-Y: 0 ; Rowstart: 0; Rowend: 2085; Rows: 2085; Colstart: 9375; Colend: 12501; Cols: 3126;
Num-X: 4 ; Num-Y: 6 ; Resolution: 12500 ; Rank: 21 ; Rank-X: 1 ; Rank-Y: 5 ; Rowstart: 10417; Rowend: 12501; Rows: 2084; Colstart: 3125; Colend: 6251; Cols: 3126;
Num-X: 4 ; Num-Y: 6 ; Resolution: 12500 ; Rank: 17 ; Rank-X: 1 ; Rank-Y: 4 ; Rowstart: 8334; Rowend: 10418; Rows: 2084; Colstart: 3125; Colend: 6251; Cols: 3126;
Num-X: 4 ; Num-Y: 6 ; Resolution: 12500 ; Rank: 16 ; Rank-X: 0 ; Rank-Y: 4 ; Rowstart: 8334; Rowend: 10418; Rows: 2084; Colstart: 0; Colend: 3126; Cols: 3126;
Num-X: 4 ; Num-Y: 6 ; Resolution: 12500 ; Rank: 6 ; Rank-X: 2 ; Rank-Y: 1 ; Rowstart: 2084; Rowend: 4169; Rows: 2085; Colstart: 6250; Colend: 9376; Cols: 3126;
Num-X: 4 ; Num-Y: 6 ; Resolution: 12500 ; Rank: 7 ; Rank-X: 3 ; Rank-Y: 1 ; Rowstart: 2084; Rowend: 4169; Rows: 2085; Colstart: 9375; Colend: 12501; Cols: 3126;
Num-X: 4 ; Num-Y: 6 ; Resolution: 12500 ; Rank: 2 ; Rank-X: 2 ; Rank-Y: 0 ; Rowstart: 0; Rowend: 2085; Rows: 2085; Colstart: 6250; Colend: 9376; Cols: 3126;
Num-X: 4 ; Num-Y: 6 ; Resolution: 12500 ; Rank: 1 ; Rank-X: 1 ; Rank-Y: 0 ; Rowstart: 0; Rowend: 2085; Rows: 2085; Colstart: 3125; Colend: 6251; Cols: 3126;
Num-X: 4 ; Num-Y: 6 ; Resolution: 12500 ; Rank: 10 ; Rank-X: 2 ; Rank-Y: 2 ; Rowstart: 4168; Rowend: 6252; Rows: 2084; Colstart: 6250; Colend: 9376; Cols: 3126;
Num-X: 4 ; Num-Y: 6 ; Resolution: 12500 ; Rank: 18 ; Rank-X: 2 ; Rank-Y: 4 ; Rowstart: 8334; Rowend: 10418; Rows: 2084; Colstart: 6250; Colend: 9376; Cols: 3126;
Num-X: 4 ; Num-Y: 6 ; Resolution: 12500 ; Rank: 23 ; Rank-X: 3 ; Rank-Y: 5 ; Rowstart: 10417; Rowend: 12501; Rows: 2084; Colstart: 9375; Colend: 12501; Cols: 3126;
Num-X: 4 ; Num-Y: 6 ; Resolution: 12500 ; Rank: 20 ; Rank-X: 0 ; Rank-Y: 5 ; Rowstart: 10417; Rowend: 12501; Rows: 2084; Colstart: 0; Colend: 3126; Cols: 3126;
Num-X: 4 ; Num-Y: 6 ; Resolution: 12500 ; Rank: 14 ; Rank-X: 2 ; Rank-Y: 3 ; Rowstart: 6251; Rowend: 8335; Rows: 2084; Colstart: 6250; Colend: 9376; Cols: 3126;
Num-X: 4 ; Num-Y: 6 ; Resolution: 12500 ; Rank: 13 ; Rank-X: 1 ; Rank-Y: 3 ; Rowstart: 6251; Rowend: 8335; Rows: 2084; Colstart: 3125; Colend: 6251; Cols: 3126;
Num-X: 4 ; Num-Y: 6 ; Resolution: 12500 ; Rank: 22 ; Rank-X: 2 ; Rank-Y: 5 ; Rowstart: 10417; Rowend: 12501; Rows: 2084; Colstart: 6250; Colend: 9376; Cols: 3126;
Num-X: 4 ; Num-Y: 6 ; Resolution: 12500 ; Rank: 0 ; Rank-X: 0 ; Rank-Y: 0 ; Rowstart: 0; Rowend: 2085; Rows: 2085; Colstart: 0; Colend: 3126; Cols: 3126;
Num-X: 4 ; Num-Y: 6 ; Resolution: 12500 ; Rank: 19 ; Rank-X: 3 ; Rank-Y: 4 ; Rowstart: 8334; Rowend: 10418; Rows: 2084; Colstart: 9375; Colend: 12501; Cols: 3126;
Num-X: 4 ; Num-Y: 6 ; Resolution: 12500 ; Rank: 15 ; Rank-X: 3 ; Rank-Y: 3 ; Rowstart: 6251; Rowend: 8335; Rows: 2084; Colstart: 9375; Colend: 12501; Cols: 3126;
Num-X: 4 ; Num-Y: 6 ; Resolution: 12500 ; Rank: 12 ; Rank-X: 0 ; Rank-Y: 3 ; Rowstart: 6251; Rowend: 8335; Rows: 2084; Colstart: 0; Colend: 3126; Cols: 3126;

Resolution: 12500
===================
Execution time: 0.089631
Residual: 5.863330

megaflops:  244056.6
  flop instructions (M):  21875.000
