mpiexec -genv I_MPI_DEBUG=4 -genv OMP_NUM_THREADS=4 -genv I_MPI_PIN_DOMAIN=omp -n 48 ./heat test.dat 6 8
[0] MPI startup(): Intel(R) MPI Library, Version 2019 Update 8  Build 20200624 (id: 4f16ad915)
[0] MPI startup(): Copyright (C) 2003-2020 Intel Corporation.  All rights reserved.
[0] MPI startup(): library kind: release
[0] MPI startup(): libfabric version: 1.10.1-impi
[0] MPI startup(): libfabric provider: psm2

Executing each MPI process in 4 OMP threads.

Executing each MPI process in 4 OMP threads.
[0] MPI startup(): Rank    Pid      Node name     Pin cpu
[0] MPI startup(): 0       3551483  i01r01c03s01  {0,1,48,49}
[0] MPI startup(): 1       3551484  i01r01c03s01  {2,3,50,51}
[0] MPI startup(): 2       3551485  i01r01c03s01  {4,5,52,53}
[0] MPI startup(): 3       3551486  i01r01c03s01  {6,7,54,55}
[0] MPI startup(): 4       3551487  i01r01c03s01  {8,9,56,57}
[0] MPI startup(): 5       3551488  i01r01c03s01  {10,11,58,59}
[0] MPI startup(): 6       3551489  i01r01c03s01  {24,25,72,73}
[0] MPI startup(): 7       3551490  i01r01c03s01  {26,27,74,75}
[0] MPI startup(): 8       3551491  i01r01c03s01  {28,29,76,77}
[0] MPI startup(): 9       3551492  i01r01c03s01  {30,31,78,79}
[0] MPI startup(): 10      3551493  i01r01c03s01  {32,33,80,81}
[0] MPI startup(): 11      3551494  i01r01c03s01  {34,35,82,83}
[0] MPI startup(): 12      1804039  i01r01c03s02  {0,1,48,49}
[0] MPI startup(): 13      1804040  i01r01c03s02  {2,3,50,51}
[0] MPI startup(): 14      1804041  i01r01c03s02  {4,5,52,53}
[0] MPI startup(): 15      1804042  i01r01c03s02  {6,7,54,55}
[0] MPI startup(): 16      1804043  i01r01c03s02  {8,9,56,57}
[0] MPI startup(): 17      1804044  i01r01c03s02  {10,11,58,59}
[0] MPI startup(): 18      1804045  i01r01c03s02  {24,25,72,73}
[0] MPI startup(): 19      1804046  i01r01c03s02  {26,27,74,75}
[0] MPI startup(): 20      1804047  i01r01c03s02  {28,29,76,77}
[0] MPI startup(): 21      1804048  i01r01c03s02  {30,31,78,79}
[0] MPI startup(): 22      1804049  i01r01c03s02  {32,33,80,81}
[0] MPI startup(): 23      1804050  i01r01c03s02  {34,35,82,83}
[0] MPI startup(): 24      1152609  i01r01c03s03  {0,1,48,49}
[0] MPI startup(): 25      1152610  i01r01c03s03  {2,3,50,51}
[0] MPI startup(): 26      1152611  i01r01c03s03  {4,5,52,53}
[0] MPI startup(): 27      1152612  i01r01c03s03  {6,7,54,55}
[0] MPI startup(): 28      1152613  i01r01c03s03  {8,9,56,57}
[0] MPI startup(): 29      1152614  i01r01c03s03  {10,11,58,59}
[0] MPI startup(): 30      1152615  i01r01c03s03  {24,25,72,73}
[0] MPI startup(): 31      1152616  i01r01c03s03  {26,27,74,75}
[0] MPI startup(): 32      1152617  i01r01c03s03  {28,29,76,77}
[0] MPI startup(): 33      1152618  i01r01c03s03  {30,31,78,79}
[0] MPI startup(): 34      1152619  i01r01c03s03  {32,33,80,81}
[0] MPI startup(): 35      1152620  i01r01c03s03  {34,35,82,83}
[0] MPI startup(): 36      2639028  i01r01c03s04  {0,1,48,49}
[0] MPI startup(): 37      2639029  i01r01c03s04  {2,3,50,51}
[0] MPI startup(): 38      2639030  i01r01c03s04  {4,5,52,53}
[0] MPI startup(): 39      2639031  i01r01c03s04  {6,7,54,55}
[0] MPI startup(): 40      2639032  i01r01c03s04  {8,9,56,57}
[0] MPI startup(): 41      2639033  i01r01c03s04  {10,11,58,59}
[0] MPI startup(): 42      2639034  i01r01c03s04  {24,25,72,73}
[0] MPI startup(): 43      2639035  i01r01c03s04  {26,27,74,75}
[0] MPI startup(): 44      2639036  i01r01c03s04  {28,29,76,77}
[0] MPI startup(): 45      2639037  i01r01c03s04  {30,31,78,79}
[0] MPI startup(): 46      2639038  i01r01c03s04  {32,33,80,81}
[0] MPI startup(): 47      2639039  i01r01c03s04  {34,35,82,83}

6 processes distributed in X-direction
 8 ; processes distributed in Y-direction
Resolutions       : (4500, 5500, ... 12500)
Iterations        : 20
Num. Heat sources : 2
   1: (0.00, 0.00) 1.00 1.00 
   2: (1.00, 1.00) 1.00 0.50 

Executing each MPI process in 4 OMP threads.

Executing each MPI process in 4 OMP threads.

Executing each MPI process in 4 OMP threads.

Executing each MPI process in 4 OMP threads.
rank= 0 coords= 0 0 neighbours(up,down,left,right)= -1 8 -1 1
rank= 12 coords= 1 4 neighbours(up,down,left,right)= 4 20 11 13
rank= 24 coords= 3 0 neighbours(up,down,left,right)= 16 32 -1 25
rank= 36 coords= 4 4 neighbours(up,down,left,right)= 28 44 35 37
rank= 1 coords= 0 1 neighbours(up,down,left,right)= -1 9 0 2
rank= 22 coords= 2 6 neighbours(up,down,left,right)= 14 30 21 23
rank= 25 coords= 3 1 neighbours(up,down,left,right)= 17 33 24 26
rank= 40 coords= 5 0 neighbours(up,down,left,right)= 32 -1 -1 41
rank= 2 coords= 0 2 neighbours(up,down,left,right)= -1 10 1 3
rank= 13 coords= 1 5 neighbours(up,down,left,right)= 5 21 12 14
rank= 26 coords= 3 2 neighbours(up,down,left,right)= 18 34 25 27
rank= 42 coords= 5 2 neighbours(up,down,left,right)= 34 -1 41 43
rank= 3 coords= 0 3 neighbours(up,down,left,right)= -1 11 2 4
rank= 14 coords= 1 6 neighbours(up,down,left,right)= 6 22 13 15
rank= 27 coords= 3 3 neighbours(up,down,left,right)= 19 35 26 28
rank= 47 coords= 5 7 neighbours(up,down,left,right)= 39 -1 46 -1
rank= 4 coords= 0 4 neighbours(up,down,left,right)= -1 12 3 5
rank= 15 coords= 1 7 neighbours(up,down,left,right)= 7 23 14 -1
rank= 28 coords= 3 4 neighbours(up,down,left,right)= 20 36 27 29
rank= 37 coords= 4 5 neighbours(up,down,left,right)= 29 45 36 38
rank= 5 coords= 0 5 neighbours(up,down,left,right)= -1 13 4 6
rank= 6 coords= 0 6 neighbours(up,down,left,right)= -1 14 5 7
rank= 7 coords= 0 7 neighbours(up,down,left,right)= -1 15 6 -1
rank= 29 coords= 3 5 neighbours(up,down,left,right)= 21 37 28 30
rank= 38 coords= 4 6 neighbours(up,down,left,right)= 30 46 37 39
rank= 8 coords= 1 0 neighbours(up,down,left,right)= 0 16 -1 9
rank= 30 coords= 3 6 neighbours(up,down,left,right)= 22 38 29 31
rank= 39 coords= 4 7 neighbours(up,down,left,right)= 31 47 38 -1
rank= 9 coords= 1 1 neighbours(up,down,left,right)= 1 17 8 10
rank= 16 coords= 2 0 neighbours(up,down,left,right)= 8 24 -1 17
rank= 31 coords= 3 7 neighbours(up,down,left,right)= 23 39 30 -1
rank= 41 coords= 5 1 neighbours(up,down,left,right)= 33 -1 40 42
rank= 10 coords= 1 2 neighbours(up,down,left,right)= 2 18 9 11
rank= 17 coords= 2 1 neighbours(up,down,left,right)= 9 25 16 18
rank= 32 coords= 4 0 neighbours(up,down,left,right)= 24 40 -1 33
rank= 43 coords= 5 3 neighbours(up,down,left,right)= 35 -1 42 44
rank= 11 coords= 1 3 neighbours(up,down,left,right)= 3 19 10 12
rank= 18 coords= 2 2 neighbours(up,down,left,right)= 10 26 17 19
rank= 33 coords= 4 1 neighbours(up,down,left,right)= 25 41 32 34
rank= 44 coords= 5 4 neighbours(up,down,left,right)= 36 -1 43 45
rank= 19 coords= 2 3 neighbours(up,down,left,right)= 11 27 18 20
rank= 34 coords= 4 2 neighbours(up,down,left,right)= 26 42 33 35
rank= 45 coords= 5 5 neighbours(up,down,left,right)= 37 -1 44 46
rank= 20 coords= 2 4 neighbours(up,down,left,right)= 12 28 19 21
rank= 35 coords= 4 3 neighbours(up,down,left,right)= 27 43 34 36
rank= 46 coords= 5 6 neighbours(up,down,left,right)= 38 -1 45 47
rank= 21 coords= 2 5 neighbours(up,down,left,right)= 13 29 20 22
rank= 23 coords= 2 7 neighbours(up,down,left,right)= 15 31 22 -1

Num-X: 8 ; Num-Y: 6 ; Resolution: 4500 ; Rank: 21 ; Rank-X: 5 ; Rank-Y: 2 ; Rowstart: 1500; Rowend: 2251; Rows: 751; Colstart: 2814; Colend: 3377; Cols: 563;
Num-X: 8 ; Num-Y: 6 ; Resolution: 4500 ; Rank: 39 ; Rank-X: 7 ; Rank-Y: 4 ; Rowstart: 3000; Rowend: 3751; Rows: 751; Colstart: 3938; Colend: 4501; Cols: 563;
Num-X: 8 ; Num-Y: 6 ; Resolution: 4500 ; Rank: 16 ; Rank-X: 0 ; Rank-Y: 2 ; Rowstart: 1500; Rowend: 2251; Rows: 751; Colstart: 0; Colend: 564; Cols: 564;
Num-X: 8 ; Num-Y: 6 ; Resolution: 4500 ; Rank: 8 ; Rank-X: 0 ; Rank-Y: 1 ; Rowstart: 750; Rowend: 1501; Rows: 751; Colstart: 0; Colend: 564; Cols: 564;
Num-X: 8 ; Num-Y: 6 ; Resolution: 4500 ; Rank: 11 ; Rank-X: 3 ; Rank-Y: 1 ; Rowstart: 750; Rowend: 1501; Rows: 751; Colstart: 1689; Colend: 2253; Cols: 564;
Num-X: 8 ; Num-Y: 6 ; Resolution: 4500 ; Rank: 4 ; Rank-X: 4 ; Rank-Y: 0 ; Rowstart: 0; Rowend: 751; Rows: 751; Colstart: 2252; Colend: 2815; Cols: 563;
Num-X: 8 ; Num-Y: 6 ; Resolution: 4500 ; Rank: 5 ; Rank-X: 5 ; Rank-Y: 0 ; Rowstart: 0; Rowend: 751; Rows: 751; Colstart: 2814; Colend: 3377; Cols: 563;
Num-X: 8 ; Num-Y: 6 ; Resolution: 4500 ; Rank: 23 ; Rank-X: 7 ; Rank-Y: 2 ; Rowstart: 1500; Rowend: 2251; Rows: 751; Colstart: 3938; Colend: 4501; Cols: 563;
Num-X: 8 ; Num-Y: 6 ; Resolution: 4500 ; Rank: 2 ; Rank-X: 2 ; Rank-Y: 0 ; Rowstart: 0; Rowend: 751; Rows: 751; Colstart: 1126; Colend: 1690; Cols: 564;
Num-X: 8 ; Num-Y: 6 ; Resolution: 4500 ; Rank: 36 ; Rank-X: 4 ; Rank-Y: 4 ; Rowstart: 3000; Rowend: 3751; Rows: 751; Colstart: 2252; Colend: 2815; Cols: 563;
Num-X: 8 ; Num-Y: 6 ; Resolution: 4500 ; Rank: 45 ; Rank-X: 5 ; Rank-Y: 5 ; Rowstart: 3750; Rowend: 4501; Rows: 751; Colstart: 2814; Colend: 3377; Cols: 563;
Num-X: 8 ; Num-Y: 6 ; Resolution: 4500 ; Rank: 46 ; Rank-X: 6 ; Rank-Y: 5 ; Rowstart: 3750; Rowend: 4501; Rows: 751; Colstart: 3376; Colend: 3939; Cols: 563;
Num-X: 8 ; Num-Y: 6 ; Resolution: 4500 ; Rank: 37 ; Rank-X: 5 ; Rank-Y: 4 ; Rowstart: 3000; Rowend: 3751; Rows: 751; Colstart: 2814; Colend: 3377; Cols: 563;
Num-X: 8 ; Num-Y: 6 ; Resolution: 4500 ; Rank: 38 ; Rank-X: 6 ; Rank-Y: 4 ; Rowstart: 3000; Rowend: 3751; Rows: 751; Colstart: 3376; Colend: 3939; Cols: 563;
Num-X: 8 ; Num-Y: 6 ; Resolution: 4500 ; Rank: 41 ; Rank-X: 1 ; Rank-Y: 5 ; Rowstart: 3750; Rowend: 4501; Rows: 751; Colstart: 563; Colend: 1127; Cols: 564;
Num-X: 8 ; Num-Y: 6 ; Resolution: 4500 ; Rank: 1 ; Rank-X: 1 ; Rank-Y: 0 ; Rowstart: 0; Rowend: 751; Rows: 751; Colstart: 563; Colend: 1127; Cols: 564;
Num-X: 8 ; Num-Y: 6 ; Resolution: 4500 ; Rank: 44 ; Rank-X: 4 ; Rank-Y: 5 ; Rowstart: 3750; Rowend: 4501; Rows: 751; Colstart: 2252; Colend: 2815; Cols: 563;
Num-X: 8 ; Num-Y: 6 ; Resolution: 4500 ; Rank: 0 ; Rank-X: 0 ; Rank-Y: 0 ; Rowstart: 0; Rowend: 751; Rows: 751; Colstart: 0; Colend: 564; Cols: 564;
Num-X: 8 ; Num-Y: 6 ; Resolution: 4500 ; Rank: 19 ; Rank-X: 3 ; Rank-Y: 2 ; Rowstart: 1500; Rowend: 2251; Rows: 751; Colstart: 1689; Colend: 2253; Cols: 564;
Num-X: 8 ; Num-Y: 6 ; Resolution: 4500 ; Rank: 40 ; Rank-X: 0 ; Rank-Y: 5 ; Rowstart: 3750; Rowend: 4501; Rows: 751; Colstart: 0; Colend: 564; Cols: 564;
Num-X: 8 ; Num-Y: 6 ; Resolution: 4500 ; Rank: 10 ; Rank-X: 2 ; Rank-Y: 1 ; Rowstart: 750; Rowend: 1501; Rows: 751; Colstart: 1126; Colend: 1690; Cols: 564;
Num-X: 8 ; Num-Y: 6 ; Resolution: 4500 ; Rank: 43 ; Rank-X: 3 ; Rank-Y: 5 ; Rowstart: 3750; Rowend: 4501; Rows: 751; Colstart: 1689; Colend: 2253; Cols: 564;
Num-X: 8 ; Num-Y: 6 ; Resolution: 4500 ; Rank: 3 ; Rank-X: 3 ; Rank-Y: 0 ; Rowstart: 0; Rowend: 751; Rows: 751; Colstart: 1689; Colend: 2253; Cols: 564;
Num-X: 8 ; Num-Y: 6 ; Resolution: 4500 ; Rank: 18 ; Rank-X: 2 ; Rank-Y: 2 ; Rowstart: 1500; Rowend: 2251; Rows: 751; Colstart: 1126; Colend: 1690; Cols: 564;
Num-X: 8 ; Num-Y: 6 ; Resolution: 4500 ; Rank: 6 ; Rank-X: 6 ; Rank-Y: 0 ; Rowstart: 0; Rowend: 751; Rows: 751; Colstart: 3376; Colend: 3939; Cols: 563;
Num-X: 8 ; Num-Y: 6 ; Resolution: 4500 ; Rank: 15 ; Rank-X: 7 ; Rank-Y: 1 ; Rowstart: 750; Rowend: 1501; Rows: 751; Colstart: 3938; Colend: 4501; Cols: 563;
Num-X: 8 ; Num-Y: 6 ; Resolution: 4500 ; Rank: 9 ; Rank-X: 1 ; Rank-Y: 1 ; Rowstart: 750; Rowend: 1501; Rows: 751; Colstart: 563; Colend: 1127; Cols: 564;
Num-X: 8 ; Num-Y: 6 ; Resolution: 4500 ; Rank: 42 ; Rank-X: 2 ; Rank-Y: 5 ; Rowstart: 3750; Rowend: 4501; Rows: 751; Colstart: 1126; Colend: 1690; Cols: 564;
Num-X: 8 ; Num-Y: 6 ; Resolution: 4500 ; Rank: 47 ; Rank-X: 7 ; Rank-Y: 5 ; Rowstart: 3750; Rowend: 4501; Rows: 751; Colstart: 3938; Colend: 4501; Cols: 563;
Num-X: 8 ; Num-Y: 6 ; Resolution: 4500 ; Rank: 13 ; Rank-X: 5 ; Rank-Y: 1 ; Rowstart: 750; Rowend: 1501; Rows: 751; Colstart: 2814; Colend: 3377; Cols: 563;
Num-X: 8 ; Num-Y: 6 ; Resolution: 4500 ; Rank: 12 ; Rank-X: 4 ; Rank-Y: 1 ; Rowstart: 750; Rowend: 1501; Rows: 751; Colstart: 2252; Colend: 2815; Cols: 563;
Num-X: 8 ; Num-Y: 6 ; Resolution: 4500 ; Rank: 7 ; Rank-X: 7 ; Rank-Y: 0 ; Rowstart: 0; Rowend: 751; Rows: 751; Colstart: 3938; Colend: 4501; Cols: 563;
Num-X: 8 ; Num-Y: 6 ; Resolution: 4500 ; Rank: 27 ; Rank-X: 3 ; Rank-Y: 3 ; Rowstart: 2250; Rowend: 3001; Rows: 751; Colstart: 1689; Colend: 2253; Cols: 564;
Num-X: 8 ; Num-Y: 6 ; Resolution: 4500 ; Rank: 31 ; Rank-X: 7 ; Rank-Y: 3 ; Rowstart: 2250; Rowend: 3001; Rows: 751; Colstart: 3938; Colend: 4501; Cols: 563;
Num-X: 8 ; Num-Y: 6 ; Resolution: 4500 ; Rank: 33 ; Rank-X: 1 ; Rank-Y: 4 ; Rowstart: 3000; Rowend: 3751; Rows: 751; Colstart: 563; Colend: 1127; Cols: 564;
Num-X: 8 ; Num-Y: 6 ; Resolution: 4500 ; Rank: 29 ; Rank-X: 5 ; Rank-Y: 3 ; Rowstart: 2250; Rowend: 3001; Rows: 751; Colstart: 2814; Colend: 3377; Cols: 563;
Num-X: 8 ; Num-Y: 6 ; Resolution: 4500 ; Rank: 30 ; Rank-X: 6 ; Rank-Y: 3 ; Rowstart: 2250; Rowend: 3001; Rows: 751; Colstart: 3376; Colend: 3939; Cols: 563;
Num-X: 8 ; Num-Y: 6 ; Resolution: 4500 ; Rank: 28 ; Rank-X: 4 ; Rank-Y: 3 ; Rowstart: 2250; Rowend: 3001; Rows: 751; Colstart: 2252; Colend: 2815; Cols: 563;
Num-X: 8 ; Num-Y: 6 ; Resolution: 4500 ; Rank: 35 ; Rank-X: 3 ; Rank-Y: 4 ; Rowstart: 3000; Rowend: 3751; Rows: 751; Colstart: 1689; Colend: 2253; Cols: 564;
Num-X: 8 ; Num-Y: 6 ; Resolution: 4500 ; Rank: 26 ; Rank-X: 2 ; Rank-Y: 3 ; Rowstart: 2250; Rowend: 3001; Rows: 751; Colstart: 1126; Colend: 1690; Cols: 564;
Num-X: 8 ; Num-Y: 6 ; Resolution: 4500 ; Rank: 24 ; Rank-X: 0 ; Rank-Y: 3 ; Rowstart: 2250; Rowend: 3001; Rows: 751; Colstart: 0; Colend: 564; Cols: 564;
Num-X: 8 ; Num-Y: 6 ; Resolution: 4500 ; Rank: 32 ; Rank-X: 0 ; Rank-Y: 4 ; Rowstart: 3000; Rowend: 3751; Rows: 751; Colstart: 0; Colend: 564; Cols: 564;
Num-X: 8 ; Num-Y: 6 ; Resolution: 4500 ; Rank: 25 ; Rank-X: 1 ; Rank-Y: 3 ; Rowstart: 2250; Rowend: 3001; Rows: 751; Colstart: 563; Colend: 1127; Cols: 564;
Num-X: 8 ; Num-Y: 6 ; Resolution: 4500 ; Rank: 34 ; Rank-X: 2 ; Rank-Y: 4 ; Rowstart: 3000; Rowend: 3751; Rows: 751; Colstart: 1126; Colend: 1690; Cols: 564;
Num-X: 8 ; Num-Y: 6 ; Resolution: 4500 ; Rank: 20 ; Rank-X: 4 ; Rank-Y: 2 ; Rowstart: 1500; Rowend: 2251; Rows: 751; Colstart: 2252; Colend: 2815; Cols: 563;
Num-X: 8 ; Num-Y: 6 ; Resolution: 4500 ; Rank: 22 ; Rank-X: 6 ; Rank-Y: 2 ; Rowstart: 1500; Rowend: 2251; Rows: 751; Colstart: 3376; Colend: 3939; Cols: 563;
Num-X: 8 ; Num-Y: 6 ; Resolution: 4500 ; Rank: 17 ; Rank-X: 1 ; Rank-Y: 2 ; Rowstart: 1500; Rowend: 2251; Rows: 751; Colstart: 563; Colend: 1127; Cols: 564;
Num-X: 8 ; Num-Y: 6 ; Resolution: 4500 ; Rank: 14 ; Rank-X: 6 ; Rank-Y: 1 ; Rowstart: 750; Rowend: 1501; Rows: 751; Colstart: 3376; Colend: 3939; Cols: 563;

Resolution: 4500
===================
Execution time: 0.007639
Residual: 2.111093

megaflops:  371125.2
  flop instructions (M):  2835.000

Num-X: 8 ; Num-Y: 6 ; Resolution: 5500 ; Rank: 4 ; Rank-X: 4 ; Rank-Y: 0 ; Rowstart: 0; Rowend: 918; Rows: 918; Colstart: 2752; Colend: 3440; Cols: 688;
Num-X: 8 ; Num-Y: 6 ; Resolution: 5500 ; Rank: 5 ; Rank-X: 5 ; Rank-Y: 0 ; Rowstart: 0; Rowend: 918; Rows: 918; Colstart: 3439; Colend: 4127; Cols: 688;
Num-X: 8 ; Num-Y: 6 ; Resolution: 5500 ; Rank: 6 ; Rank-X: 6 ; Rank-Y: 0 ; Rowstart: 0; Rowend: 918; Rows: 918; Colstart: 4126; Colend: 4814; Cols: 688;
Num-X: 8 ; Num-Y: 6 ; Resolution: 5500 ; Rank: 2 ; Rank-X: 2 ; Rank-Y: 0 ; Rowstart: 0; Rowend: 918; Rows: 918; Colstart: 1376; Colend: 2065; Cols: 689;
Num-X: 8 ; Num-Y: 6 ; Resolution: 5500 ; Rank: 1 ; Rank-X: 1 ; Rank-Y: 0 ; Rowstart: 0; Rowend: 918; Rows: 918; Colstart: 688; Colend: 1377; Cols: 689;
Num-X: 8 ; Num-Y: 6 ; Resolution: 5500 ; Rank: 10 ; Rank-X: 2 ; Rank-Y: 1 ; Rowstart: 917; Rowend: 1835; Rows: 918; Colstart: 1376; Colend: 2065; Cols: 689;
Num-X: 8 ; Num-Y: 6 ; Resolution: 5500 ; Rank: 16 ; Rank-X: 0 ; Rank-Y: 2 ; Rowstart: 1834; Rowend: 2752; Rows: 918; Colstart: 0; Colend: 689; Cols: 689;
Num-X: 8 ; Num-Y: 6 ; Resolution: 5500 ; Rank: 31 ; Rank-X: 7 ; Rank-Y: 3 ; Rowstart: 2751; Rowend: 3669; Rows: 918; Colstart: 4813; Colend: 5501; Cols: 688;
Num-X: 8 ; Num-Y: 6 ; Resolution: 5500 ; Rank: 11 ; Rank-X: 3 ; Rank-Y: 1 ; Rowstart: 917; Rowend: 1835; Rows: 918; Colstart: 2064; Colend: 2753; Cols: 689;
Num-X: 8 ; Num-Y: 6 ; Resolution: 5500 ; Rank: 22 ; Rank-X: 6 ; Rank-Y: 2 ; Rowstart: 1834; Rowend: 2752; Rows: 918; Colstart: 4126; Colend: 4814; Cols: 688;
Num-X: 8 ; Num-Y: 6 ; Resolution: 5500 ; Rank: 30 ; Rank-X: 6 ; Rank-Y: 3 ; Rowstart: 2751; Rowend: 3669; Rows: 918; Colstart: 4126; Colend: 4814; Cols: 688;
Num-X: 8 ; Num-Y: 6 ; Resolution: 5500 ; Rank: 46 ; Rank-X: 6 ; Rank-Y: 5 ; Rowstart: 4584; Rowend: 5501; Rows: 917; Colstart: 4126; Colend: 4814; Cols: 688;
Num-X: 8 ; Num-Y: 6 ; Resolution: 5500 ; Rank: 8 ; Rank-X: 0 ; Rank-Y: 1 ; Rowstart: 917; Rowend: 1835; Rows: 918; Colstart: 0; Colend: 689; Cols: 689;
Num-X: 8 ; Num-Y: 6 ; Resolution: 5500 ; Rank: 17 ; Rank-X: 1 ; Rank-Y: 2 ; Rowstart: 1834; Rowend: 2752; Rows: 918; Colstart: 688; Colend: 1377; Cols: 689;
Num-X: 8 ; Num-Y: 6 ; Resolution: 5500 ; Rank: 28 ; Rank-X: 4 ; Rank-Y: 3 ; Rowstart: 2751; Rowend: 3669; Rows: 918; Colstart: 2752; Colend: 3440; Cols: 688;
Num-X: 8 ; Num-Y: 6 ; Resolution: 5500 ; Rank: 36 ; Rank-X: 4 ; Rank-Y: 4 ; Rowstart: 3668; Rowend: 4585; Rows: 917; Colstart: 2752; Colend: 3440; Cols: 688;
Num-X: 8 ; Num-Y: 6 ; Resolution: 5500 ; Rank: 7 ; Rank-X: 7 ; Rank-Y: 0 ; Rowstart: 0; Rowend: 918; Rows: 918; Colstart: 4813; Colend: 5501; Cols: 688;
Num-X: 8 ; Num-Y: 6 ; Resolution: 5500 ; Rank: 19 ; Rank-X: 3 ; Rank-Y: 2 ; Rowstart: 1834; Rowend: 2752; Rows: 918; Colstart: 2064; Colend: 2753; Cols: 689;
Num-X: 8 ; Num-Y: 6 ; Resolution: 5500 ; Rank: 29 ; Rank-X: 5 ; Rank-Y: 3 ; Rowstart: 2751; Rowend: 3669; Rows: 918; Colstart: 3439; Colend: 4127; Cols: 688;
Num-X: 8 ; Num-Y: 6 ; Resolution: 5500 ; Rank: 38 ; Rank-X: 6 ; Rank-Y: 4 ; Rowstart: 3668; Rowend: 4585; Rows: 917; Colstart: 4126; Colend: 4814; Cols: 688;
Num-X: 8 ; Num-Y: 6 ; Resolution: 5500 ; Rank: 3 ; Rank-X: 3 ; Rank-Y: 0 ; Rowstart: 0; Rowend: 918; Rows: 918; Colstart: 2064; Colend: 2753; Cols: 689;
Num-X: 8 ; Num-Y: 6 ; Resolution: 5500 ; Rank: 14 ; Rank-X: 6 ; Rank-Y: 1 ; Rowstart: 917; Rowend: 1835; Rows: 918; Colstart: 4126; Colend: 4814; Cols: 688;
Num-X: 8 ; Num-Y: 6 ; Resolution: 5500 ; Rank: 33 ; Rank-X: 1 ; Rank-Y: 4 ; Rowstart: 3668; Rowend: 4585; Rows: 917; Colstart: 688; Colend: 1377; Cols: 689;
Num-X: 8 ; Num-Y: 6 ; Resolution: 5500 ; Rank: 42 ; Rank-X: 2 ; Rank-Y: 5 ; Rowstart: 4584; Rowend: 5501; Rows: 917; Colstart: 1376; Colend: 2065; Cols: 689;
Num-X: 8 ; Num-Y: 6 ; Resolution: 5500 ; Rank: 0 ; Rank-X: 0 ; Rank-Y: 0 ; Rowstart: 0; Rowend: 918; Rows: 918; Colstart: 0; Colend: 689; Cols: 689;
Num-X: 8 ; Num-Y: 6 ; Resolution: 5500 ; Rank: 21 ; Rank-X: 5 ; Rank-Y: 2 ; Rowstart: 1834; Rowend: 2752; Rows: 918; Colstart: 3439; Colend: 4127; Cols: 688;
Num-X: 8 ; Num-Y: 6 ; Resolution: 5500 ; Rank: 25 ; Rank-X: 1 ; Rank-Y: 3 ; Rowstart: 2751; Rowend: 3669; Rows: 918; Colstart: 688; Colend: 1377; Cols: 689;
Num-X: 8 ; Num-Y: 6 ; Resolution: 5500 ; Rank: 37 ; Rank-X: 5 ; Rank-Y: 4 ; Rowstart: 3668; Rowend: 4585; Rows: 917; Colstart: 3439; Colend: 4127; Cols: 688;
Num-X: 8 ; Num-Y: 6 ; Resolution: 5500 ; Rank: 9 ; Rank-X: 1 ; Rank-Y: 1 ; Rowstart: 917; Rowend: 1835; Rows: 918; Colstart: 688; Colend: 1377; Cols: 689;
Num-X: 8 ; Num-Y: 6 ; Resolution: 5500 ; Rank: 23 ; Rank-X: 7 ; Rank-Y: 2 ; Rowstart: 1834; Rowend: 2752; Rows: 918; Colstart: 4813; Colend: 5501; Cols: 688;
Num-X: 8 ; Num-Y: 6 ; Resolution: 5500 ; Rank: 32 ; Rank-X: 0 ; Rank-Y: 4 ; Rowstart: 3668; Rowend: 4585; Rows: 917; Colstart: 0; Colend: 689; Cols: 689;
Num-X: 8 ; Num-Y: 6 ; Resolution: 5500 ; Rank: 43 ; Rank-X: 3 ; Rank-Y: 5 ; Rowstart: 4584; Rowend: 5501; Rows: 917; Colstart: 2064; Colend: 2753; Cols: 689;
Num-X: 8 ; Num-Y: 6 ; Resolution: 5500 ; Rank: 13 ; Rank-X: 5 ; Rank-Y: 1 ; Rowstart: 917; Rowend: 1835; Rows: 918; Colstart: 3439; Colend: 4127; Cols: 688;
Num-X: 8 ; Num-Y: 6 ; Resolution: 5500 ; Rank: 35 ; Rank-X: 3 ; Rank-Y: 4 ; Rowstart: 3668; Rowend: 4585; Rows: 917; Colstart: 2064; Colend: 2753; Cols: 689;
Num-X: 8 ; Num-Y: 6 ; Resolution: 5500 ; Rank: 45 ; Rank-X: 5 ; Rank-Y: 5 ; Rowstart: 4584; Rowend: 5501; Rows: 917; Colstart: 3439; Colend: 4127; Cols: 688;
Num-X: 8 ; Num-Y: 6 ; Resolution: 5500 ; Rank: 20 ; Rank-X: 4 ; Rank-Y: 2 ; Rowstart: 1834; Rowend: 2752; Rows: 918; Colstart: 2752; Colend: 3440; Cols: 688;
Num-X: 8 ; Num-Y: 6 ; Resolution: 5500 ; Rank: 34 ; Rank-X: 2 ; Rank-Y: 4 ; Rowstart: 3668; Rowend: 4585; Rows: 917; Colstart: 1376; Colend: 2065; Cols: 689;
Num-X: 8 ; Num-Y: 6 ; Resolution: 5500 ; Rank: 39 ; Rank-X: 7 ; Rank-Y: 4 ; Rowstart: 3668; Rowend: 4585; Rows: 917; Colstart: 4813; Colend: 5501; Cols: 688;
Num-X: 8 ; Num-Y: 6 ; Resolution: 5500 ; Rank: 24 ; Rank-X: 0 ; Rank-Y: 3 ; Rowstart: 2751; Rowend: 3669; Rows: 918; Colstart: 0; Colend: 689; Cols: 689;
Num-X: 8 ; Num-Y: 6 ; Resolution: 5500 ; Rank: 40 ; Rank-X: 0 ; Rank-Y: 5 ; Rowstart: 4584; Rowend: 5501; Rows: 917; Colstart: 0; Colend: 689; Cols: 689;
Num-X: 8 ; Num-Y: 6 ; Resolution: 5500 ; Rank: 27 ; Rank-X: 3 ; Rank-Y: 3 ; Rowstart: 2751; Rowend: 3669; Rows: 918; Colstart: 2064; Colend: 2753; Cols: 689;
Num-X: 8 ; Num-Y: 6 ; Resolution: 5500 ; Rank: 41 ; Rank-X: 1 ; Rank-Y: 5 ; Rowstart: 4584; Rowend: 5501; Rows: 917; Colstart: 688; Colend: 1377; Cols: 689;
Num-X: 8 ; Num-Y: 6 ; Resolution: 5500 ; Rank: 26 ; Rank-X: 2 ; Rank-Y: 3 ; Rowstart: 2751; Rowend: 3669; Rows: 918; Colstart: 1376; Colend: 2065; Cols: 689;
Num-X: 8 ; Num-Y: 6 ; Resolution: 5500 ; Rank: 44 ; Rank-X: 4 ; Rank-Y: 5 ; Rowstart: 4584; Rowend: 5501; Rows: 917; Colstart: 2752; Colend: 3440; Cols: 688;
Num-X: 8 ; Num-Y: 6 ; Resolution: 5500 ; Rank: 15 ; Rank-X: 7 ; Rank-Y: 1 ; Rowstart: 917; Rowend: 1835; Rows: 918; Colstart: 4813; Colend: 5501; Cols: 688;
Num-X: 8 ; Num-Y: 6 ; Resolution: 5500 ; Rank: 18 ; Rank-X: 2 ; Rank-Y: 2 ; Rowstart: 1834; Rowend: 2752; Rows: 918; Colstart: 1376; Colend: 2065; Cols: 689;
Num-X: 8 ; Num-Y: 6 ; Resolution: 5500 ; Rank: 47 ; Rank-X: 7 ; Rank-Y: 5 ; Rowstart: 4584; Rowend: 5501; Rows: 917; Colstart: 4813; Colend: 5501; Cols: 688;
Num-X: 8 ; Num-Y: 6 ; Resolution: 5500 ; Rank: 12 ; Rank-X: 4 ; Rank-Y: 1 ; Rowstart: 917; Rowend: 1835; Rows: 918; Colstart: 2752; Colend: 3440; Cols: 688;

Resolution: 5500
===================
Execution time: 0.011263
Residual: 2.580124

megaflops:  376013.5
  flop instructions (M):  4235.000

Num-X: 8 ; Num-Y: 6 ; Resolution: 6500 ; Rank: 1 ; Rank-X: 1 ; Rank-Y: 0 ; Rowstart: 0; Rowend: 1085; Rows: 1085; Colstart: 813; Colend: 1627; Cols: 814;
Num-X: 8 ; Num-Y: 6 ; Resolution: 6500 ; Rank: 3 ; Rank-X: 3 ; Rank-Y: 0 ; Rowstart: 0; Rowend: 1085; Rows: 1085; Colstart: 2439; Colend: 3253; Cols: 814;
Num-X: 8 ; Num-Y: 6 ; Resolution: 6500 ; Rank: 20 ; Rank-X: 4 ; Rank-Y: 2 ; Rowstart: 2168; Rowend: 3252; Rows: 1084; Colstart: 3252; Colend: 4065; Cols: 813;
Num-X: 8 ; Num-Y: 6 ; Resolution: 6500 ; Rank: 8 ; Rank-X: 0 ; Rank-Y: 1 ; Rowstart: 1084; Rowend: 2169; Rows: 1085; Colstart: 0; Colend: 814; Cols: 814;
Num-X: 8 ; Num-Y: 6 ; Resolution: 6500 ; Rank: 23 ; Rank-X: 7 ; Rank-Y: 2 ; Rowstart: 2168; Rowend: 3252; Rows: 1084; Colstart: 5688; Colend: 6501; Cols: 813;
Num-X: 8 ; Num-Y: 6 ; Resolution: 6500 ; Rank: 9 ; Rank-X: 1 ; Rank-Y: 1 ; Rowstart: 1084; Rowend: 2169; Rows: 1085; Colstart: 813; Colend: 1627; Cols: 814;
Num-X: 8 ; Num-Y: 6 ; Resolution: 6500 ; Rank: 13 ; Rank-X: 5 ; Rank-Y: 1 ; Rowstart: 1084; Rowend: 2169; Rows: 1085; Colstart: 4064; Colend: 4877; Cols: 813;
Num-X: 8 ; Num-Y: 6 ; Resolution: 6500 ; Rank: 31 ; Rank-X: 7 ; Rank-Y: 3 ; Rowstart: 3251; Rowend: 4335; Rows: 1084; Colstart: 5688; Colend: 6501; Cols: 813;
Num-X: 8 ; Num-Y: 6 ; Resolution: 6500 ; Rank: 38 ; Rank-X: 6 ; Rank-Y: 4 ; Rowstart: 4334; Rowend: 5418; Rows: 1084; Colstart: 4876; Colend: 5689; Cols: 813;
Num-X: 8 ; Num-Y: 6 ; Resolution: 6500 ; Rank: 0 ; Rank-X: 0 ; Rank-Y: 0 ; Rowstart: 0; Rowend: 1085; Rows: 1085; Colstart: 0; Colend: 814; Cols: 814;
Num-X: 8 ; Num-Y: 6 ; Resolution: 6500 ; Rank: 32 ; Rank-X: 0 ; Rank-Y: 4 ; Rowstart: 4334; Rowend: 5418; Rows: 1084; Colstart: 0; Colend: 814; Cols: 814;
Num-X: 8 ; Num-Y: 6 ; Resolution: 6500 ; Rank: 45 ; Rank-X: 5 ; Rank-Y: 5 ; Rowstart: 5417; Rowend: 6501; Rows: 1084; Colstart: 4064; Colend: 4877; Cols: 813;
Num-X: 8 ; Num-Y: 6 ; Resolution: 6500 ; Rank: 4 ; Rank-X: 4 ; Rank-Y: 0 ; Rowstart: 0; Rowend: 1085; Rows: 1085; Colstart: 3252; Colend: 4065; Cols: 813;
Num-X: 8 ; Num-Y: 6 ; Resolution: 6500 ; Rank: 14 ; Rank-X: 6 ; Rank-Y: 1 ; Rowstart: 1084; Rowend: 2169; Rows: 1085; Colstart: 4876; Colend: 5689; Cols: 813;
Num-X: 8 ; Num-Y: 6 ; Resolution: 6500 ; Rank: 35 ; Rank-X: 3 ; Rank-Y: 4 ; Rowstart: 4334; Rowend: 5418; Rows: 1084; Colstart: 2439; Colend: 3253; Cols: 814;
Num-X: 8 ; Num-Y: 6 ; Resolution: 6500 ; Rank: 30 ; Rank-X: 6 ; Rank-Y: 3 ; Rowstart: 3251; Rowend: 4335; Rows: 1084; Colstart: 4876; Colend: 5689; Cols: 813;
Num-X: 8 ; Num-Y: 6 ; Resolution: 6500 ; Rank: 46 ; Rank-X: 6 ; Rank-Y: 5 ; Rowstart: 5417; Rowend: 6501; Rows: 1084; Colstart: 4876; Colend: 5689; Cols: 813;
Num-X: 8 ; Num-Y: 6 ; Resolution: 6500 ; Rank: 26 ; Rank-X: 2 ; Rank-Y: 3 ; Rowstart: 3251; Rowend: 4335; Rows: 1084; Colstart: 1626; Colend: 2440; Cols: 814;
Num-X: 8 ; Num-Y: 6 ; Resolution: 6500 ; Rank: 18 ; Rank-X: 2 ; Rank-Y: 2 ; Rowstart: 2168; Rowend: 3252; Rows: 1084; Colstart: 1626; Colend: 2440; Cols: 814;
Num-X: 8 ; Num-Y: 6 ; Resolution: 6500 ; Rank: 15 ; Rank-X: 7 ; Rank-Y: 1 ; Rowstart: 1084; Rowend: 2169; Rows: 1085; Colstart: 5688; Colend: 6501; Cols: 813;
Num-X: 8 ; Num-Y: 6 ; Resolution: 6500 ; Rank: 6 ; Rank-X: 6 ; Rank-Y: 0 ; Rowstart: 0; Rowend: 1085; Rows: 1085; Colstart: 4876; Colend: 5689; Cols: 813;
Num-X: 8 ; Num-Y: 6 ; Resolution: 6500 ; Rank: 19 ; Rank-X: 3 ; Rank-Y: 2 ; Rowstart: 2168; Rowend: 3252; Rows: 1084; Colstart: 2439; Colend: 3253; Cols: 814;
Num-X: 8 ; Num-Y: 6 ; Resolution: 6500 ; Rank: 27 ; Rank-X: 3 ; Rank-Y: 3 ; Rowstart: 3251; Rowend: 4335; Rows: 1084; Colstart: 2439; Colend: 3253; Cols: 814;
Num-X: 8 ; Num-Y: 6 ; Resolution: 6500 ; Rank: 41 ; Rank-X: 1 ; Rank-Y: 5 ; Rowstart: 5417; Rowend: 6501; Rows: 1084; Colstart: 813; Colend: 1627; Cols: 814;
Num-X: 8 ; Num-Y: 6 ; Resolution: 6500 ; Rank: 16 ; Rank-X: 0 ; Rank-Y: 2 ; Rowstart: 2168; Rowend: 3252; Rows: 1084; Colstart: 0; Colend: 814; Cols: 814;
Num-X: 8 ; Num-Y: 6 ; Resolution: 6500 ; Rank: 34 ; Rank-X: 2 ; Rank-Y: 4 ; Rowstart: 4334; Rowend: 5418; Rows: 1084; Colstart: 1626; Colend: 2440; Cols: 814;
Num-X: 8 ; Num-Y: 6 ; Resolution: 6500 ; Rank: 36 ; Rank-X: 4 ; Rank-Y: 4 ; Rowstart: 4334; Rowend: 5418; Rows: 1084; Colstart: 3252; Colend: 4065; Cols: 813;
Num-X: 8 ; Num-Y: 6 ; Resolution: 6500 ; Rank: 22 ; Rank-X: 6 ; Rank-Y: 2 ; Rowstart: 2168; Rowend: 3252; Rows: 1084; Colstart: 4876; Colend: 5689; Cols: 813;
Num-X: 8 ; Num-Y: 6 ; Resolution: 6500 ; Rank: 24 ; Rank-X: 0 ; Rank-Y: 3 ; Rowstart: 3251; Rowend: 4335; Rows: 1084; Colstart: 0; Colend: 814; Cols: 814;
Num-X: 8 ; Num-Y: 6 ; Resolution: 6500 ; Rank: 44 ; Rank-X: 4 ; Rank-Y: 5 ; Rowstart: 5417; Rowend: 6501; Rows: 1084; Colstart: 3252; Colend: 4065; Cols: 813;
Num-X: 8 ; Num-Y: 6 ; Resolution: 6500 ; Rank: 5 ; Rank-X: 5 ; Rank-Y: 0 ; Rowstart: 0; Rowend: 1085; Rows: 1085; Colstart: 4064; Colend: 4877; Cols: 813;
Num-X: 8 ; Num-Y: 6 ; Resolution: 6500 ; Rank: 12 ; Rank-X: 4 ; Rank-Y: 1 ; Rowstart: 1084; Rowend: 2169; Rows: 1085; Colstart: 3252; Colend: 4065; Cols: 813;
Num-X: 8 ; Num-Y: 6 ; Resolution: 6500 ; Rank: 25 ; Rank-X: 1 ; Rank-Y: 3 ; Rowstart: 3251; Rowend: 4335; Rows: 1084; Colstart: 813; Colend: 1627; Cols: 814;
Num-X: 8 ; Num-Y: 6 ; Resolution: 6500 ; Rank: 10 ; Rank-X: 2 ; Rank-Y: 1 ; Rowstart: 1084; Rowend: 2169; Rows: 1085; Colstart: 1626; Colend: 2440; Cols: 814;
Num-X: 8 ; Num-Y: 6 ; Resolution: 6500 ; Rank: 37 ; Rank-X: 5 ; Rank-Y: 4 ; Rowstart: 4334; Rowend: 5418; Rows: 1084; Colstart: 4064; Colend: 4877; Cols: 813;
Num-X: 8 ; Num-Y: 6 ; Resolution: 6500 ; Rank: 11 ; Rank-X: 3 ; Rank-Y: 1 ; Rowstart: 1084; Rowend: 2169; Rows: 1085; Colstart: 2439; Colend: 3253; Cols: 814;
Num-X: 8 ; Num-Y: 6 ; Resolution: 6500 ; Rank: 21 ; Rank-X: 5 ; Rank-Y: 2 ; Rowstart: 2168; Rowend: 3252; Rows: 1084; Colstart: 4064; Colend: 4877; Cols: 813;
Num-X: 8 ; Num-Y: 6 ; Resolution: 6500 ; Rank: 28 ; Rank-X: 4 ; Rank-Y: 3 ; Rowstart: 3251; Rowend: 4335; Rows: 1084; Colstart: 3252; Colend: 4065; Cols: 813;
Num-X: 8 ; Num-Y: 6 ; Resolution: 6500 ; Rank: 33 ; Rank-X: 1 ; Rank-Y: 4 ; Rowstart: 4334; Rowend: 5418; Rows: 1084; Colstart: 813; Colend: 1627; Cols: 814;
Num-X: 8 ; Num-Y: 6 ; Resolution: 6500 ; Rank: 42 ; Rank-X: 2 ; Rank-Y: 5 ; Rowstart: 5417; Rowend: 6501; Rows: 1084; Colstart: 1626; Colend: 2440; Cols: 814;
Num-X: 8 ; Num-Y: 6 ; Resolution: 6500 ; Rank: 43 ; Rank-X: 3 ; Rank-Y: 5 ; Rowstart: 5417; Rowend: 6501; Rows: 1084; Colstart: 2439; Colend: 3253; Cols: 814;
Num-X: 8 ; Num-Y: 6 ; Resolution: 6500 ; Rank: 2 ; Rank-X: 2 ; Rank-Y: 0 ; Rowstart: 0; Rowend: 1085; Rows: 1085; Colstart: 1626; Colend: 2440; Cols: 814;
Num-X: 8 ; Num-Y: 6 ; Resolution: 6500 ; Rank: 47 ; Rank-X: 7 ; Rank-Y: 5 ; Rowstart: 5417; Rowend: 6501; Rows: 1084; Colstart: 5688; Colend: 6501; Cols: 813;
Num-X: 8 ; Num-Y: 6 ; Resolution: 6500 ; Rank: 7 ; Rank-X: 7 ; Rank-Y: 0 ; Rowstart: 0; Rowend: 1085; Rows: 1085; Colstart: 5688; Colend: 6501; Cols: 813;
Num-X: 8 ; Num-Y: 6 ; Resolution: 6500 ; Rank: 29 ; Rank-X: 5 ; Rank-Y: 3 ; Rowstart: 3251; Rowend: 4335; Rows: 1084; Colstart: 4064; Colend: 4877; Cols: 813;
Num-X: 8 ; Num-Y: 6 ; Resolution: 6500 ; Rank: 17 ; Rank-X: 1 ; Rank-Y: 2 ; Rowstart: 2168; Rowend: 3252; Rows: 1084; Colstart: 813; Colend: 1627; Cols: 814;
Num-X: 8 ; Num-Y: 6 ; Resolution: 6500 ; Rank: 39 ; Rank-X: 7 ; Rank-Y: 4 ; Rowstart: 4334; Rowend: 5418; Rows: 1084; Colstart: 5688; Colend: 6501; Cols: 813;
Num-X: 8 ; Num-Y: 6 ; Resolution: 6500 ; Rank: 40 ; Rank-X: 0 ; Rank-Y: 5 ; Rowstart: 5417; Rowend: 6501; Rows: 1084; Colstart: 0; Colend: 814; Cols: 814;

Resolution: 6500
===================
Execution time: 0.019370
Residual: 3.049154

megaflops:  305367.9
  flop instructions (M):  5915.000

Num-X: 8 ; Num-Y: 6 ; Resolution: 7500 ; Rank: 2 ; Rank-X: 2 ; Rank-Y: 0 ; Rowstart: 0; Rowend: 1251; Rows: 1251; Colstart: 1876; Colend: 2815; Cols: 939;
Num-X: 8 ; Num-Y: 6 ; Resolution: 7500 ; Rank: 10 ; Rank-X: 2 ; Rank-Y: 1 ; Rowstart: 1250; Rowend: 2501; Rows: 1251; Colstart: 1876; Colend: 2815; Cols: 939;
Num-X: 8 ; Num-Y: 6 ; Resolution: 7500 ; Rank: 5 ; Rank-X: 5 ; Rank-Y: 0 ; Rowstart: 0; Rowend: 1251; Rows: 1251; Colstart: 4689; Colend: 5627; Cols: 938;
Num-X: 8 ; Num-Y: 6 ; Resolution: 7500 ; Rank: 7 ; Rank-X: 7 ; Rank-Y: 0 ; Rowstart: 0; Rowend: 1251; Rows: 1251; Colstart: 6563; Colend: 7501; Cols: 938;
Num-X: 8 ; Num-Y: 6 ; Resolution: 7500 ; Rank: 8 ; Rank-X: 0 ; Rank-Y: 1 ; Rowstart: 1250; Rowend: 2501; Rows: 1251; Colstart: 0; Colend: 939; Cols: 939;
Num-X: 8 ; Num-Y: 6 ; Resolution: 7500 ; Rank: 1 ; Rank-X: 1 ; Rank-Y: 0 ; Rowstart: 0; Rowend: 1251; Rows: 1251; Colstart: 938; Colend: 1877; Cols: 939;
Num-X: 8 ; Num-Y: 6 ; Resolution: 7500 ; Rank: 38 ; Rank-X: 6 ; Rank-Y: 4 ; Rowstart: 5000; Rowend: 6251; Rows: 1251; Colstart: 5626; Colend: 6564; Cols: 938;
Num-X: 8 ; Num-Y: 6 ; Resolution: 7500 ; Rank: 19 ; Rank-X: 3 ; Rank-Y: 2 ; Rowstart: 2500; Rowend: 3751; Rows: 1251; Colstart: 2814; Colend: 3753; Cols: 939;
Num-X: 8 ; Num-Y: 6 ; Resolution: 7500 ; Rank: 46 ; Rank-X: 6 ; Rank-Y: 5 ; Rowstart: 6250; Rowend: 7501; Rows: 1251; Colstart: 5626; Colend: 6564; Cols: 938;
Num-X: 8 ; Num-Y: 6 ; Resolution: 7500 ; Rank: 9 ; Rank-X: 1 ; Rank-Y: 1 ; Rowstart: 1250; Rowend: 2501; Rows: 1251; Colstart: 938; Colend: 1877; Cols: 939;
Num-X: 8 ; Num-Y: 6 ; Resolution: 7500 ; Rank: 21 ; Rank-X: 5 ; Rank-Y: 2 ; Rowstart: 2500; Rowend: 3751; Rows: 1251; Colstart: 4689; Colend: 5627; Cols: 938;
Num-X: 8 ; Num-Y: 6 ; Resolution: 7500 ; Rank: 30 ; Rank-X: 6 ; Rank-Y: 3 ; Rowstart: 3750; Rowend: 5001; Rows: 1251; Colstart: 5626; Colend: 6564; Cols: 938;
Num-X: 8 ; Num-Y: 6 ; Resolution: 7500 ; Rank: 36 ; Rank-X: 4 ; Rank-Y: 4 ; Rowstart: 5000; Rowend: 6251; Rows: 1251; Colstart: 3752; Colend: 4690; Cols: 938;
Num-X: 8 ; Num-Y: 6 ; Resolution: 7500 ; Rank: 3 ; Rank-X: 3 ; Rank-Y: 0 ; Rowstart: 0; Rowend: 1251; Rows: 1251; Colstart: 2814; Colend: 3753; Cols: 939;
Num-X: 8 ; Num-Y: 6 ; Resolution: 7500 ; Rank: 14 ; Rank-X: 6 ; Rank-Y: 1 ; Rowstart: 1250; Rowend: 2501; Rows: 1251; Colstart: 5626; Colend: 6564; Cols: 938;
Num-X: 8 ; Num-Y: 6 ; Resolution: 7500 ; Rank: 31 ; Rank-X: 7 ; Rank-Y: 3 ; Rowstart: 3750; Rowend: 5001; Rows: 1251; Colstart: 6563; Colend: 7501; Cols: 938;
Num-X: 8 ; Num-Y: 6 ; Resolution: 7500 ; Rank: 40 ; Rank-X: 0 ; Rank-Y: 5 ; Rowstart: 6250; Rowend: 7501; Rows: 1251; Colstart: 0; Colend: 939; Cols: 939;
Num-X: 8 ; Num-Y: 6 ; Resolution: 7500 ; Rank: 15 ; Rank-X: 7 ; Rank-Y: 1 ; Rowstart: 1250; Rowend: 2501; Rows: 1251; Colstart: 6563; Colend: 7501; Cols: 938;
Num-X: 8 ; Num-Y: 6 ; Resolution: 7500 ; Rank: 32 ; Rank-X: 0 ; Rank-Y: 4 ; Rowstart: 5000; Rowend: 6251; Rows: 1251; Colstart: 0; Colend: 939; Cols: 939;
Num-X: 8 ; Num-Y: 6 ; Resolution: 7500 ; Rank: 42 ; Rank-X: 2 ; Rank-Y: 5 ; Rowstart: 6250; Rowend: 7501; Rows: 1251; Colstart: 1876; Colend: 2815; Cols: 939;
Num-X: 8 ; Num-Y: 6 ; Resolution: 7500 ; Rank: 17 ; Rank-X: 1 ; Rank-Y: 2 ; Rowstart: 2500; Rowend: 3751; Rows: 1251; Colstart: 938; Colend: 1877; Cols: 939;
Num-X: 8 ; Num-Y: 6 ; Resolution: 7500 ; Rank: 28 ; Rank-X: 4 ; Rank-Y: 3 ; Rowstart: 3750; Rowend: 5001; Rows: 1251; Colstart: 3752; Colend: 4690; Cols: 938;
Num-X: 8 ; Num-Y: 6 ; Resolution: 7500 ; Rank: 43 ; Rank-X: 3 ; Rank-Y: 5 ; Rowstart: 6250; Rowend: 7501; Rows: 1251; Colstart: 2814; Colend: 3753; Cols: 939;
Num-X: 8 ; Num-Y: 6 ; Resolution: 7500 ; Rank: 6 ; Rank-X: 6 ; Rank-Y: 0 ; Rowstart: 0; Rowend: 1251; Rows: 1251; Colstart: 5626; Colend: 6564; Cols: 938;
Num-X: 8 ; Num-Y: 6 ; Resolution: 7500 ; Rank: 20 ; Rank-X: 4 ; Rank-Y: 2 ; Rowstart: 2500; Rowend: 3751; Rows: 1251; Colstart: 3752; Colend: 4690; Cols: 938;
Num-X: 8 ; Num-Y: 6 ; Resolution: 7500 ; Rank: 44 ; Rank-X: 4 ; Rank-Y: 5 ; Rowstart: 6250; Rowend: 7501; Rows: 1251; Colstart: 3752; Colend: 4690; Cols: 938;
Num-X: 8 ; Num-Y: 6 ; Resolution: 7500 ; Rank: 11 ; Rank-X: 3 ; Rank-Y: 1 ; Rowstart: 1250; Rowend: 2501; Rows: 1251; Colstart: 2814; Colend: 3753; Cols: 939;
Num-X: 8 ; Num-Y: 6 ; Resolution: 7500 ; Rank: 22 ; Rank-X: 6 ; Rank-Y: 2 ; Rowstart: 2500; Rowend: 3751; Rows: 1251; Colstart: 5626; Colend: 6564; Cols: 938;
Num-X: 8 ; Num-Y: 6 ; Resolution: 7500 ; Rank: 39 ; Rank-X: 7 ; Rank-Y: 4 ; Rowstart: 5000; Rowend: 6251; Rows: 1251; Colstart: 6563; Colend: 7501; Cols: 938;
Num-X: 8 ; Num-Y: 6 ; Resolution: 7500 ; Rank: 4 ; Rank-X: 4 ; Rank-Y: 0 ; Rowstart: 0; Rowend: 1251; Rows: 1251; Colstart: 3752; Colend: 4690; Cols: 938;
Num-X: 8 ; Num-Y: 6 ; Resolution: 7500 ; Rank: 13 ; Rank-X: 5 ; Rank-Y: 1 ; Rowstart: 1250; Rowend: 2501; Rows: 1251; Colstart: 4689; Colend: 5627; Cols: 938;
Num-X: 8 ; Num-Y: 6 ; Resolution: 7500 ; Rank: 45 ; Rank-X: 5 ; Rank-Y: 5 ; Rowstart: 6250; Rowend: 7501; Rows: 1251; Colstart: 4689; Colend: 5627; Cols: 938;
Num-X: 8 ; Num-Y: 6 ; Resolution: 7500 ; Rank: 0 ; Rank-X: 0 ; Rank-Y: 0 ; Rowstart: 0; Rowend: 1251; Rows: 1251; Colstart: 0; Colend: 939; Cols: 939;
Num-X: 8 ; Num-Y: 6 ; Resolution: 7500 ; Rank: 23 ; Rank-X: 7 ; Rank-Y: 2 ; Rowstart: 2500; Rowend: 3751; Rows: 1251; Colstart: 6563; Colend: 7501; Cols: 938;
Num-X: 8 ; Num-Y: 6 ; Resolution: 7500 ; Rank: 29 ; Rank-X: 5 ; Rank-Y: 3 ; Rowstart: 3750; Rowend: 5001; Rows: 1251; Colstart: 4689; Colend: 5627; Cols: 938;
Num-X: 8 ; Num-Y: 6 ; Resolution: 7500 ; Rank: 41 ; Rank-X: 1 ; Rank-Y: 5 ; Rowstart: 6250; Rowend: 7501; Rows: 1251; Colstart: 938; Colend: 1877; Cols: 939;
Num-X: 8 ; Num-Y: 6 ; Resolution: 7500 ; Rank: 18 ; Rank-X: 2 ; Rank-Y: 2 ; Rowstart: 2500; Rowend: 3751; Rows: 1251; Colstart: 1876; Colend: 2815; Cols: 939;
Num-X: 8 ; Num-Y: 6 ; Resolution: 7500 ; Rank: 35 ; Rank-X: 3 ; Rank-Y: 4 ; Rowstart: 5000; Rowend: 6251; Rows: 1251; Colstart: 2814; Colend: 3753; Cols: 939;
Num-X: 8 ; Num-Y: 6 ; Resolution: 7500 ; Rank: 24 ; Rank-X: 0 ; Rank-Y: 3 ; Rowstart: 3750; Rowend: 5001; Rows: 1251; Colstart: 0; Colend: 939; Cols: 939;
Num-X: 8 ; Num-Y: 6 ; Resolution: 7500 ; Rank: 37 ; Rank-X: 5 ; Rank-Y: 4 ; Rowstart: 5000; Rowend: 6251; Rows: 1251; Colstart: 4689; Colend: 5627; Cols: 938;
Num-X: 8 ; Num-Y: 6 ; Resolution: 7500 ; Rank: 25 ; Rank-X: 1 ; Rank-Y: 3 ; Rowstart: 3750; Rowend: 5001; Rows: 1251; Colstart: 938; Colend: 1877; Cols: 939;
Num-X: 8 ; Num-Y: 6 ; Resolution: 7500 ; Rank: 34 ; Rank-X: 2 ; Rank-Y: 4 ; Rowstart: 5000; Rowend: 6251; Rows: 1251; Colstart: 1876; Colend: 2815; Cols: 939;
Num-X: 8 ; Num-Y: 6 ; Resolution: 7500 ; Rank: 26 ; Rank-X: 2 ; Rank-Y: 3 ; Rowstart: 3750; Rowend: 5001; Rows: 1251; Colstart: 1876; Colend: 2815; Cols: 939;
Num-X: 8 ; Num-Y: 6 ; Resolution: 7500 ; Rank: 27 ; Rank-X: 3 ; Rank-Y: 3 ; Rowstart: 3750; Rowend: 5001; Rows: 1251; Colstart: 2814; Colend: 3753; Cols: 939;
Num-X: 8 ; Num-Y: 6 ; Resolution: 7500 ; Rank: 12 ; Rank-X: 4 ; Rank-Y: 1 ; Rowstart: 1250; Rowend: 2501; Rows: 1251; Colstart: 3752; Colend: 4690; Cols: 938;
Num-X: 8 ; Num-Y: 6 ; Resolution: 7500 ; Rank: 47 ; Rank-X: 7 ; Rank-Y: 5 ; Rowstart: 6250; Rowend: 7501; Rows: 1251; Colstart: 6563; Colend: 7501; Cols: 938;
Num-X: 8 ; Num-Y: 6 ; Resolution: 7500 ; Rank: 16 ; Rank-X: 0 ; Rank-Y: 2 ; Rowstart: 2500; Rowend: 3751; Rows: 1251; Colstart: 0; Colend: 939; Cols: 939;
Num-X: 8 ; Num-Y: 6 ; Resolution: 7500 ; Rank: 33 ; Rank-X: 1 ; Rank-Y: 4 ; Rowstart: 5000; Rowend: 6251; Rows: 1251; Colstart: 938; Colend: 1877; Cols: 939;

Resolution: 7500
===================
Execution time: 0.028883
Residual: 3.518183

megaflops:  272651.9
  flop instructions (M):  7875.000

Num-X: 8 ; Num-Y: 6 ; Resolution: 8500 ; Rank: 12 ; Rank-X: 4 ; Rank-Y: 1 ; Rowstart: 1417; Rowend: 2835; Rows: 1418; Colstart: 4252; Colend: 5315; Cols: 1063;
Num-X: 8 ; Num-Y: 6 ; Resolution: 8500 ; Rank: 13 ; Rank-X: 5 ; Rank-Y: 1 ; Rowstart: 1417; Rowend: 2835; Rows: 1418; Colstart: 5314; Colend: 6377; Cols: 1063;
Num-X: 8 ; Num-Y: 6 ; Resolution: 8500 ; Rank: 19 ; Rank-X: 3 ; Rank-Y: 2 ; Rowstart: 2834; Rowend: 4252; Rows: 1418; Colstart: 3189; Colend: 4253; Cols: 1064;
Num-X: 8 ; Num-Y: 6 ; Resolution: 8500 ; Rank: 20 ; Rank-X: 4 ; Rank-Y: 2 ; Rowstart: 2834; Rowend: 4252; Rows: 1418; Colstart: 4252; Colend: 5315; Cols: 1063;
Num-X: 8 ; Num-Y: 6 ; Resolution: 8500 ; Rank: 22 ; Rank-X: 6 ; Rank-Y: 2 ; Rowstart: 2834; Rowend: 4252; Rows: 1418; Colstart: 6376; Colend: 7439; Cols: 1063;
Num-X: 8 ; Num-Y: 6 ; Resolution: 8500 ; Rank: 21 ; Rank-X: 5 ; Rank-Y: 2 ; Rowstart: 2834; Rowend: 4252; Rows: 1418; Colstart: 5314; Colend: 6377; Cols: 1063;
Num-X: 8 ; Num-Y: 6 ; Resolution: 8500 ; Rank: 17 ; Rank-X: 1 ; Rank-Y: 2 ; Rowstart: 2834; Rowend: 4252; Rows: 1418; Colstart: 1063; Colend: 2127; Cols: 1064;
Num-X: 8 ; Num-Y: 6 ; Resolution: 8500 ; Rank: 1 ; Rank-X: 1 ; Rank-Y: 0 ; Rowstart: 0; Rowend: 1418; Rows: 1418; Colstart: 1063; Colend: 2127; Cols: 1064;
Num-X: 8 ; Num-Y: 6 ; Resolution: 8500 ; Rank: 18 ; Rank-X: 2 ; Rank-Y: 2 ; Rowstart: 2834; Rowend: 4252; Rows: 1418; Colstart: 2126; Colend: 3190; Cols: 1064;
Num-X: 8 ; Num-Y: 6 ; Resolution: 8500 ; Rank: 2 ; Rank-X: 2 ; Rank-Y: 0 ; Rowstart: 0; Rowend: 1418; Rows: 1418; Colstart: 2126; Colend: 3190; Cols: 1064;
Num-X: 8 ; Num-Y: 6 ; Resolution: 8500 ; Rank: 23 ; Rank-X: 7 ; Rank-Y: 2 ; Rowstart: 2834; Rowend: 4252; Rows: 1418; Colstart: 7438; Colend: 8501; Cols: 1063;
Num-X: 8 ; Num-Y: 6 ; Resolution: 8500 ; Rank: 3 ; Rank-X: 3 ; Rank-Y: 0 ; Rowstart: 0; Rowend: 1418; Rows: 1418; Colstart: 3189; Colend: 4253; Cols: 1064;
Num-X: 8 ; Num-Y: 6 ; Resolution: 8500 ; Rank: 14 ; Rank-X: 6 ; Rank-Y: 1 ; Rowstart: 1417; Rowend: 2835; Rows: 1418; Colstart: 6376; Colend: 7439; Cols: 1063;
Num-X: 8 ; Num-Y: 6 ; Resolution: 8500 ; Rank: 5 ; Rank-X: 5 ; Rank-Y: 0 ; Rowstart: 0; Rowend: 1418; Rows: 1418; Colstart: 5314; Colend: 6377; Cols: 1063;
Num-X: 8 ; Num-Y: 6 ; Resolution: 8500 ; Rank: 15 ; Rank-X: 7 ; Rank-Y: 1 ; Rowstart: 1417; Rowend: 2835; Rows: 1418; Colstart: 7438; Colend: 8501; Cols: 1063;
Num-X: 8 ; Num-Y: 6 ; Resolution: 8500 ; Rank: 6 ; Rank-X: 6 ; Rank-Y: 0 ; Rowstart: 0; Rowend: 1418; Rows: 1418; Colstart: 6376; Colend: 7439; Cols: 1063;
Num-X: 8 ; Num-Y: 6 ; Resolution: 8500 ; Rank: 10 ; Rank-X: 2 ; Rank-Y: 1 ; Rowstart: 1417; Rowend: 2835; Rows: 1418; Colstart: 2126; Colend: 3190; Cols: 1064;
Num-X: 8 ; Num-Y: 6 ; Resolution: 8500 ; Rank: 4 ; Rank-X: 4 ; Rank-Y: 0 ; Rowstart: 0; Rowend: 1418; Rows: 1418; Colstart: 4252; Colend: 5315; Cols: 1063;
Num-X: 8 ; Num-Y: 6 ; Resolution: 8500 ; Rank: 7 ; Rank-X: 7 ; Rank-Y: 0 ; Rowstart: 0; Rowend: 1418; Rows: 1418; Colstart: 7438; Colend: 8501; Cols: 1063;
Num-X: 8 ; Num-Y: 6 ; Resolution: 8500 ; Rank: 8 ; Rank-X: 0 ; Rank-Y: 1 ; Rowstart: 1417; Rowend: 2835; Rows: 1418; Colstart: 0; Colend: 1064; Cols: 1064;
Num-X: 8 ; Num-Y: 6 ; Resolution: 8500 ; Rank: 36 ; Rank-X: 4 ; Rank-Y: 4 ; Rowstart: 5668; Rowend: 7085; Rows: 1417; Colstart: 4252; Colend: 5315; Cols: 1063;
Num-X: 8 ; Num-Y: 6 ; Resolution: 8500 ; Rank: 9 ; Rank-X: 1 ; Rank-Y: 1 ; Rowstart: 1417; Rowend: 2835; Rows: 1418; Colstart: 1063; Colend: 2127; Cols: 1064;
Num-X: 8 ; Num-Y: 6 ; Resolution: 8500 ; Rank: 16 ; Rank-X: 0 ; Rank-Y: 2 ; Rowstart: 2834; Rowend: 4252; Rows: 1418; Colstart: 0; Colend: 1064; Cols: 1064;
Num-X: 8 ; Num-Y: 6 ; Resolution: 8500 ; Rank: 35 ; Rank-X: 3 ; Rank-Y: 4 ; Rowstart: 5668; Rowend: 7085; Rows: 1417; Colstart: 3189; Colend: 4253; Cols: 1064;
Num-X: 8 ; Num-Y: 6 ; Resolution: 8500 ; Rank: 43 ; Rank-X: 3 ; Rank-Y: 5 ; Rowstart: 7084; Rowend: 8501; Rows: 1417; Colstart: 3189; Colend: 4253; Cols: 1064;
Num-X: 8 ; Num-Y: 6 ; Resolution: 8500 ; Rank: 11 ; Rank-X: 3 ; Rank-Y: 1 ; Rowstart: 1417; Rowend: 2835; Rows: 1418; Colstart: 3189; Colend: 4253; Cols: 1064;
Num-X: 8 ; Num-Y: 6 ; Resolution: 8500 ; Rank: 24 ; Rank-X: 0 ; Rank-Y: 3 ; Rowstart: 4251; Rowend: 5669; Rows: 1418; Colstart: 0; Colend: 1064; Cols: 1064;
Num-X: 8 ; Num-Y: 6 ; Resolution: 8500 ; Rank: 45 ; Rank-X: 5 ; Rank-Y: 5 ; Rowstart: 7084; Rowend: 8501; Rows: 1417; Colstart: 5314; Colend: 6377; Cols: 1063;
Num-X: 8 ; Num-Y: 6 ; Resolution: 8500 ; Rank: 25 ; Rank-X: 1 ; Rank-Y: 3 ; Rowstart: 4251; Rowend: 5669; Rows: 1418; Colstart: 1063; Colend: 2127; Cols: 1064;
Num-X: 8 ; Num-Y: 6 ; Resolution: 8500 ; Rank: 39 ; Rank-X: 7 ; Rank-Y: 4 ; Rowstart: 5668; Rowend: 7085; Rows: 1417; Colstart: 7438; Colend: 8501; Cols: 1063;
Num-X: 8 ; Num-Y: 6 ; Resolution: 8500 ; Rank: 28 ; Rank-X: 4 ; Rank-Y: 3 ; Rowstart: 4251; Rowend: 5669; Rows: 1418; Colstart: 4252; Colend: 5315; Cols: 1063;
Num-X: 8 ; Num-Y: 6 ; Resolution: 8500 ; Rank: 40 ; Rank-X: 0 ; Rank-Y: 5 ; Rowstart: 7084; Rowend: 8501; Rows: 1417; Colstart: 0; Colend: 1064; Cols: 1064;
Num-X: 8 ; Num-Y: 6 ; Resolution: 8500 ; Rank: 0 ; Rank-X: 0 ; Rank-Y: 0 ; Rowstart: 0; Rowend: 1418; Rows: 1418; Colstart: 0; Colend: 1064; Cols: 1064;
Num-X: 8 ; Num-Y: 6 ; Resolution: 8500 ; Rank: 29 ; Rank-X: 5 ; Rank-Y: 3 ; Rowstart: 4251; Rowend: 5669; Rows: 1418; Colstart: 5314; Colend: 6377; Cols: 1063;
Num-X: 8 ; Num-Y: 6 ; Resolution: 8500 ; Rank: 41 ; Rank-X: 1 ; Rank-Y: 5 ; Rowstart: 7084; Rowend: 8501; Rows: 1417; Colstart: 1063; Colend: 2127; Cols: 1064;
Num-X: 8 ; Num-Y: 6 ; Resolution: 8500 ; Rank: 34 ; Rank-X: 2 ; Rank-Y: 4 ; Rowstart: 5668; Rowend: 7085; Rows: 1417; Colstart: 2126; Colend: 3190; Cols: 1064;
Num-X: 8 ; Num-Y: 6 ; Resolution: 8500 ; Rank: 44 ; Rank-X: 4 ; Rank-Y: 5 ; Rowstart: 7084; Rowend: 8501; Rows: 1417; Colstart: 4252; Colend: 5315; Cols: 1063;
Num-X: 8 ; Num-Y: 6 ; Resolution: 8500 ; Rank: 33 ; Rank-X: 1 ; Rank-Y: 4 ; Rowstart: 5668; Rowend: 7085; Rows: 1417; Colstart: 1063; Colend: 2127; Cols: 1064;
Num-X: 8 ; Num-Y: 6 ; Resolution: 8500 ; Rank: 46 ; Rank-X: 6 ; Rank-Y: 5 ; Rowstart: 7084; Rowend: 8501; Rows: 1417; Colstart: 6376; Colend: 7439; Cols: 1063;
Num-X: 8 ; Num-Y: 6 ; Resolution: 8500 ; Rank: 26 ; Rank-X: 2 ; Rank-Y: 3 ; Rowstart: 4251; Rowend: 5669; Rows: 1418; Colstart: 2126; Colend: 3190; Cols: 1064;
Num-X: 8 ; Num-Y: 6 ; Resolution: 8500 ; Rank: 47 ; Rank-X: 7 ; Rank-Y: 5 ; Rowstart: 7084; Rowend: 8501; Rows: 1417; Colstart: 7438; Colend: 8501; Cols: 1063;
Num-X: 8 ; Num-Y: 6 ; Resolution: 8500 ; Rank: 42 ; Rank-X: 2 ; Rank-Y: 5 ; Rowstart: 7084; Rowend: 8501; Rows: 1417; Colstart: 2126; Colend: 3190; Cols: 1064;
Num-X: 8 ; Num-Y: 6 ; Resolution: 8500 ; Rank: 37 ; Rank-X: 5 ; Rank-Y: 4 ; Rowstart: 5668; Rowend: 7085; Rows: 1417; Colstart: 5314; Colend: 6377; Cols: 1063;
Num-X: 8 ; Num-Y: 6 ; Resolution: 8500 ; Rank: 27 ; Rank-X: 3 ; Rank-Y: 3 ; Rowstart: 4251; Rowend: 5669; Rows: 1418; Colstart: 3189; Colend: 4253; Cols: 1064;
Num-X: 8 ; Num-Y: 6 ; Resolution: 8500 ; Rank: 38 ; Rank-X: 6 ; Rank-Y: 4 ; Rowstart: 5668; Rowend: 7085; Rows: 1417; Colstart: 6376; Colend: 7439; Cols: 1063;
Num-X: 8 ; Num-Y: 6 ; Resolution: 8500 ; Rank: 30 ; Rank-X: 6 ; Rank-Y: 3 ; Rowstart: 4251; Rowend: 5669; Rows: 1418; Colstart: 6376; Colend: 7439; Cols: 1063;
Num-X: 8 ; Num-Y: 6 ; Resolution: 8500 ; Rank: 31 ; Rank-X: 7 ; Rank-Y: 3 ; Rowstart: 4251; Rowend: 5669; Rows: 1418; Colstart: 7438; Colend: 8501; Cols: 1063;
Num-X: 8 ; Num-Y: 6 ; Resolution: 8500 ; Rank: 32 ; Rank-X: 0 ; Rank-Y: 4 ; Rowstart: 5668; Rowend: 7085; Rows: 1417; Colstart: 0; Colend: 1064; Cols: 1064;

Resolution: 8500
===================
Execution time: 0.037849
Residual: 3.987213

megaflops:  267246.5
  flop instructions (M):  10115.000

Num-X: 8 ; Num-Y: 6 ; Resolution: 9500 ; Rank: 4 ; Rank-X: 4 ; Rank-Y: 0 ; Rowstart: 0; Rowend: 1585; Rows: 1585; Colstart: 4752; Colend: 5940; Cols: 1188;
Num-X: 8 ; Num-Y: 6 ; Resolution: 9500 ; Rank: 12 ; Rank-X: 4 ; Rank-Y: 1 ; Rowstart: 1584; Rowend: 3169; Rows: 1585; Colstart: 4752; Colend: 5940; Cols: 1188;
Num-X: 8 ; Num-Y: 6 ; Resolution: 9500 ; Rank: 8 ; Rank-X: 0 ; Rank-Y: 1 ; Rowstart: 1584; Rowend: 3169; Rows: 1585; Colstart: 0; Colend: 1189; Cols: 1189;
Num-X: 8 ; Num-Y: 6 ; Resolution: 9500 ; Rank: 18 ; Rank-X: 2 ; Rank-Y: 2 ; Rowstart: 3168; Rowend: 4752; Rows: 1584; Colstart: 2376; Colend: 3565; Cols: 1189;
Num-X: 8 ; Num-Y: 6 ; Resolution: 9500 ; Rank: 20 ; Rank-X: 4 ; Rank-Y: 2 ; Rowstart: 3168; Rowend: 4752; Rows: 1584; Colstart: 4752; Colend: 5940; Cols: 1188;
Num-X: 8 ; Num-Y: 6 ; Resolution: 9500 ; Rank: 21 ; Rank-X: 5 ; Rank-Y: 2 ; Rowstart: 3168; Rowend: 4752; Rows: 1584; Colstart: 5939; Colend: 7127; Cols: 1188;
Num-X: 8 ; Num-Y: 6 ; Resolution: 9500 ; Rank: 24 ; Rank-X: 0 ; Rank-Y: 3 ; Rowstart: 4751; Rowend: 6335; Rows: 1584; Colstart: 0; Colend: 1189; Cols: 1189;
Num-X: 8 ; Num-Y: 6 ; Resolution: 9500 ; Rank: 14 ; Rank-X: 6 ; Rank-Y: 1 ; Rowstart: 1584; Rowend: 3169; Rows: 1585; Colstart: 7126; Colend: 8314; Cols: 1188;
Num-X: 8 ; Num-Y: 6 ; Resolution: 9500 ; Rank: 29 ; Rank-X: 5 ; Rank-Y: 3 ; Rowstart: 4751; Rowend: 6335; Rows: 1584; Colstart: 5939; Colend: 7127; Cols: 1188;
Num-X: 8 ; Num-Y: 6 ; Resolution: 9500 ; Rank: 22 ; Rank-X: 6 ; Rank-Y: 2 ; Rowstart: 3168; Rowend: 4752; Rows: 1584; Colstart: 7126; Colend: 8314; Cols: 1188;
Num-X: 8 ; Num-Y: 6 ; Resolution: 9500 ; Rank: 34 ; Rank-X: 2 ; Rank-Y: 4 ; Rowstart: 6334; Rowend: 7918; Rows: 1584; Colstart: 2376; Colend: 3565; Cols: 1189;
Num-X: 8 ; Num-Y: 6 ; Resolution: 9500 ; Rank: 16 ; Rank-X: 0 ; Rank-Y: 2 ; Rowstart: 3168; Rowend: 4752; Rows: 1584; Colstart: 0; Colend: 1189; Cols: 1189;
Num-X: 8 ; Num-Y: 6 ; Resolution: 9500 ; Rank: 19 ; Rank-X: 3 ; Rank-Y: 2 ; Rowstart: 3168; Rowend: 4752; Rows: 1584; Colstart: 3564; Colend: 4753; Cols: 1189;
Num-X: 8 ; Num-Y: 6 ; Resolution: 9500 ; Rank: 17 ; Rank-X: 1 ; Rank-Y: 2 ; Rowstart: 3168; Rowend: 4752; Rows: 1584; Colstart: 1188; Colend: 2377; Cols: 1189;
Num-X: 8 ; Num-Y: 6 ; Resolution: 9500 ; Rank: 28 ; Rank-X: 4 ; Rank-Y: 3 ; Rowstart: 4751; Rowend: 6335; Rows: 1584; Colstart: 4752; Colend: 5940; Cols: 1188;
Num-X: 8 ; Num-Y: 6 ; Resolution: 9500 ; Rank: 10 ; Rank-X: 2 ; Rank-Y: 1 ; Rowstart: 1584; Rowend: 3169; Rows: 1585; Colstart: 2376; Colend: 3565; Cols: 1189;
Num-X: 8 ; Num-Y: 6 ; Resolution: 9500 ; Rank: 15 ; Rank-X: 7 ; Rank-Y: 1 ; Rowstart: 1584; Rowend: 3169; Rows: 1585; Colstart: 8313; Colend: 9501; Cols: 1188;
Num-X: 8 ; Num-Y: 6 ; Resolution: 9500 ; Rank: 45 ; Rank-X: 5 ; Rank-Y: 5 ; Rowstart: 7917; Rowend: 9501; Rows: 1584; Colstart: 5939; Colend: 7127; Cols: 1188;
Num-X: 8 ; Num-Y: 6 ; Resolution: 9500 ; Rank: 6 ; Rank-X: 6 ; Rank-Y: 0 ; Rowstart: 0; Rowend: 1585; Rows: 1585; Colstart: 7126; Colend: 8314; Cols: 1188;
Num-X: 8 ; Num-Y: 6 ; Resolution: 9500 ; Rank: 23 ; Rank-X: 7 ; Rank-Y: 2 ; Rowstart: 3168; Rowend: 4752; Rows: 1584; Colstart: 8313; Colend: 9501; Cols: 1188;
Num-X: 8 ; Num-Y: 6 ; Resolution: 9500 ; Rank: 35 ; Rank-X: 3 ; Rank-Y: 4 ; Rowstart: 6334; Rowend: 7918; Rows: 1584; Colstart: 3564; Colend: 4753; Cols: 1189;
Num-X: 8 ; Num-Y: 6 ; Resolution: 9500 ; Rank: 37 ; Rank-X: 5 ; Rank-Y: 4 ; Rowstart: 6334; Rowend: 7918; Rows: 1584; Colstart: 5939; Colend: 7127; Cols: 1188;
Num-X: 8 ; Num-Y: 6 ; Resolution: 9500 ; Rank: 7 ; Rank-X: 7 ; Rank-Y: 0 ; Rowstart: 0; Rowend: 1585; Rows: 1585; Colstart: 8313; Colend: 9501; Cols: 1188;
Num-X: 8 ; Num-Y: 6 ; Resolution: 9500 ; Rank: 30 ; Rank-X: 6 ; Rank-Y: 3 ; Rowstart: 4751; Rowend: 6335; Rows: 1584; Colstart: 7126; Colend: 8314; Cols: 1188;
Num-X: 8 ; Num-Y: 6 ; Resolution: 9500 ; Rank: 43 ; Rank-X: 3 ; Rank-Y: 5 ; Rowstart: 7917; Rowend: 9501; Rows: 1584; Colstart: 3564; Colend: 4753; Cols: 1189;
Num-X: 8 ; Num-Y: 6 ; Resolution: 9500 ; Rank: 5 ; Rank-X: 5 ; Rank-Y: 0 ; Rowstart: 0; Rowend: 1585; Rows: 1585; Colstart: 5939; Colend: 7127; Cols: 1188;
Num-X: 8 ; Num-Y: 6 ; Resolution: 9500 ; Rank: 32 ; Rank-X: 0 ; Rank-Y: 4 ; Rowstart: 6334; Rowend: 7918; Rows: 1584; Colstart: 0; Colend: 1189; Cols: 1189;
Num-X: 8 ; Num-Y: 6 ; Resolution: 9500 ; Rank: 46 ; Rank-X: 6 ; Rank-Y: 5 ; Rowstart: 7917; Rowend: 9501; Rows: 1584; Colstart: 7126; Colend: 8314; Cols: 1188;
Num-X: 8 ; Num-Y: 6 ; Resolution: 9500 ; Rank: 13 ; Rank-X: 5 ; Rank-Y: 1 ; Rowstart: 1584; Rowend: 3169; Rows: 1585; Colstart: 5939; Colend: 7127; Cols: 1188;
Num-X: 8 ; Num-Y: 6 ; Resolution: 9500 ; Rank: 36 ; Rank-X: 4 ; Rank-Y: 4 ; Rowstart: 6334; Rowend: 7918; Rows: 1584; Colstart: 4752; Colend: 5940; Cols: 1188;
Num-X: 8 ; Num-Y: 6 ; Resolution: 9500 ; Rank: 31 ; Rank-X: 7 ; Rank-Y: 3 ; Rowstart: 4751; Rowend: 6335; Rows: 1584; Colstart: 8313; Colend: 9501; Cols: 1188;
Num-X: 8 ; Num-Y: 6 ; Resolution: 9500 ; Rank: 38 ; Rank-X: 6 ; Rank-Y: 4 ; Rowstart: 6334; Rowend: 7918; Rows: 1584; Colstart: 7126; Colend: 8314; Cols: 1188;
Num-X: 8 ; Num-Y: 6 ; Resolution: 9500 ; Rank: 42 ; Rank-X: 2 ; Rank-Y: 5 ; Rowstart: 7917; Rowend: 9501; Rows: 1584; Colstart: 2376; Colend: 3565; Cols: 1189;
Num-X: 8 ; Num-Y: 6 ; Resolution: 9500 ; Rank: 40 ; Rank-X: 0 ; Rank-Y: 5 ; Rowstart: 7917; Rowend: 9501; Rows: 1584; Colstart: 0; Colend: 1189; Cols: 1189;
Num-X: 8 ; Num-Y: 6 ; Resolution: 9500 ; Rank: 44 ; Rank-X: 4 ; Rank-Y: 5 ; Rowstart: 7917; Rowend: 9501; Rows: 1584; Colstart: 4752; Colend: 5940; Cols: 1188;
Num-X: 8 ; Num-Y: 6 ; Resolution: 9500 ; Rank: 39 ; Rank-X: 7 ; Rank-Y: 4 ; Rowstart: 6334; Rowend: 7918; Rows: 1584; Colstart: 8313; Colend: 9501; Cols: 1188;
Num-X: 8 ; Num-Y: 6 ; Resolution: 9500 ; Rank: 47 ; Rank-X: 7 ; Rank-Y: 5 ; Rowstart: 7917; Rowend: 9501; Rows: 1584; Colstart: 8313; Colend: 9501; Cols: 1188;
Num-X: 8 ; Num-Y: 6 ; Resolution: 9500 ; Rank: 0 ; Rank-X: 0 ; Rank-Y: 0 ; Rowstart: 0; Rowend: 1585; Rows: 1585; Colstart: 0; Colend: 1189; Cols: 1189;
Num-X: 8 ; Num-Y: 6 ; Resolution: 9500 ; Rank: 9 ; Rank-X: 1 ; Rank-Y: 1 ; Rowstart: 1584; Rowend: 3169; Rows: 1585; Colstart: 1188; Colend: 2377; Cols: 1189;
Num-X: 8 ; Num-Y: 6 ; Resolution: 9500 ; Rank: 27 ; Rank-X: 3 ; Rank-Y: 3 ; Rowstart: 4751; Rowend: 6335; Rows: 1584; Colstart: 3564; Colend: 4753; Cols: 1189;
Num-X: 8 ; Num-Y: 6 ; Resolution: 9500 ; Rank: 11 ; Rank-X: 3 ; Rank-Y: 1 ; Rowstart: 1584; Rowend: 3169; Rows: 1585; Colstart: 3564; Colend: 4753; Cols: 1189;
Num-X: 8 ; Num-Y: 6 ; Resolution: 9500 ; Rank: 26 ; Rank-X: 2 ; Rank-Y: 3 ; Rowstart: 4751; Rowend: 6335; Rows: 1584; Colstart: 2376; Colend: 3565; Cols: 1189;
Num-X: 8 ; Num-Y: 6 ; Resolution: 9500 ; Rank: 3 ; Rank-X: 3 ; Rank-Y: 0 ; Rowstart: 0; Rowend: 1585; Rows: 1585; Colstart: 3564; Colend: 4753; Cols: 1189;
Num-X: 8 ; Num-Y: 6 ; Resolution: 9500 ; Rank: 1 ; Rank-X: 1 ; Rank-Y: 0 ; Rowstart: 0; Rowend: 1585; Rows: 1585; Colstart: 1188; Colend: 2377; Cols: 1189;
Num-X: 8 ; Num-Y: 6 ; Resolution: 9500 ; Rank: 41 ; Rank-X: 1 ; Rank-Y: 5 ; Rowstart: 7917; Rowend: 9501; Rows: 1584; Colstart: 1188; Colend: 2377; Cols: 1189;
Num-X: 8 ; Num-Y: 6 ; Resolution: 9500 ; Rank: 2 ; Rank-X: 2 ; Rank-Y: 0 ; Rowstart: 0; Rowend: 1585; Rows: 1585; Colstart: 2376; Colend: 3565; Cols: 1189;
Num-X: 8 ; Num-Y: 6 ; Resolution: 9500 ; Rank: 25 ; Rank-X: 1 ; Rank-Y: 3 ; Rowstart: 4751; Rowend: 6335; Rows: 1584; Colstart: 1188; Colend: 2377; Cols: 1189;
Num-X: 8 ; Num-Y: 6 ; Resolution: 9500 ; Rank: 33 ; Rank-X: 1 ; Rank-Y: 4 ; Rowstart: 6334; Rowend: 7918; Rows: 1584; Colstart: 1188; Colend: 2377; Cols: 1189;

Resolution: 9500
===================
Execution time: 0.049062
Residual: 4.456242

megaflops:  257531.2
  flop instructions (M):  12635.000

Num-X: 8 ; Num-Y: 6 ; Resolution: 10500 ; Rank: 19 ; Rank-X: 3 ; Rank-Y: 2 ; Rowstart: 3500; Rowend: 5251; Rows: 1751; Colstart: 3939; Colend: 5253; Cols: 1314;
Num-X: 8 ; Num-Y: 6 ; Resolution: 10500 ; Rank: 6 ; Rank-X: 6 ; Rank-Y: 0 ; Rowstart: 0; Rowend: 1751; Rows: 1751; Colstart: 7876; Colend: 9189; Cols: 1313;
Num-X: 8 ; Num-Y: 6 ; Resolution: 10500 ; Rank: 14 ; Rank-X: 6 ; Rank-Y: 1 ; Rowstart: 1750; Rowend: 3501; Rows: 1751; Colstart: 7876; Colend: 9189; Cols: 1313;
Num-X: 8 ; Num-Y: 6 ; Resolution: 10500 ; Rank: 10 ; Rank-X: 2 ; Rank-Y: 1 ; Rowstart: 1750; Rowend: 3501; Rows: 1751; Colstart: 2626; Colend: 3940; Cols: 1314;
Num-X: 8 ; Num-Y: 6 ; Resolution: 10500 ; Rank: 17 ; Rank-X: 1 ; Rank-Y: 2 ; Rowstart: 3500; Rowend: 5251; Rows: 1751; Colstart: 1313; Colend: 2627; Cols: 1314;
Num-X: 8 ; Num-Y: 6 ; Resolution: 10500 ; Rank: 7 ; Rank-X: 7 ; Rank-Y: 0 ; Rowstart: 0; Rowend: 1751; Rows: 1751; Colstart: 9188; Colend: 10501; Cols: 1313;
Num-X: 8 ; Num-Y: 6 ; Resolution: 10500 ; Rank: 22 ; Rank-X: 6 ; Rank-Y: 2 ; Rowstart: 3500; Rowend: 5251; Rows: 1751; Colstart: 7876; Colend: 9189; Cols: 1313;
Num-X: 8 ; Num-Y: 6 ; Resolution: 10500 ; Rank: 23 ; Rank-X: 7 ; Rank-Y: 2 ; Rowstart: 3500; Rowend: 5251; Rows: 1751; Colstart: 9188; Colend: 10501; Cols: 1313;
Num-X: 8 ; Num-Y: 6 ; Resolution: 10500 ; Rank: 35 ; Rank-X: 3 ; Rank-Y: 4 ; Rowstart: 7000; Rowend: 8751; Rows: 1751; Colstart: 3939; Colend: 5253; Cols: 1314;
Num-X: 8 ; Num-Y: 6 ; Resolution: 10500 ; Rank: 15 ; Rank-X: 7 ; Rank-Y: 1 ; Rowstart: 1750; Rowend: 3501; Rows: 1751; Colstart: 9188; Colend: 10501; Cols: 1313;
Num-X: 8 ; Num-Y: 6 ; Resolution: 10500 ; Rank: 28 ; Rank-X: 4 ; Rank-Y: 3 ; Rowstart: 5250; Rowend: 7001; Rows: 1751; Colstart: 5252; Colend: 6565; Cols: 1313;
Num-X: 8 ; Num-Y: 6 ; Resolution: 10500 ; Rank: 21 ; Rank-X: 5 ; Rank-Y: 2 ; Rowstart: 3500; Rowend: 5251; Rows: 1751; Colstart: 6564; Colend: 7877; Cols: 1313;
Num-X: 8 ; Num-Y: 6 ; Resolution: 10500 ; Rank: 12 ; Rank-X: 4 ; Rank-Y: 1 ; Rowstart: 1750; Rowend: 3501; Rows: 1751; Colstart: 5252; Colend: 6565; Cols: 1313;
Num-X: 8 ; Num-Y: 6 ; Resolution: 10500 ; Rank: 20 ; Rank-X: 4 ; Rank-Y: 2 ; Rowstart: 3500; Rowend: 5251; Rows: 1751; Colstart: 5252; Colend: 6565; Cols: 1313;
Num-X: 8 ; Num-Y: 6 ; Resolution: 10500 ; Rank: 34 ; Rank-X: 2 ; Rank-Y: 4 ; Rowstart: 7000; Rowend: 8751; Rows: 1751; Colstart: 2626; Colend: 3940; Cols: 1314;
Num-X: 8 ; Num-Y: 6 ; Resolution: 10500 ; Rank: 36 ; Rank-X: 4 ; Rank-Y: 4 ; Rowstart: 7000; Rowend: 8751; Rows: 1751; Colstart: 5252; Colend: 6565; Cols: 1313;
Num-X: 8 ; Num-Y: 6 ; Resolution: 10500 ; Rank: 26 ; Rank-X: 2 ; Rank-Y: 3 ; Rowstart: 5250; Rowend: 7001; Rows: 1751; Colstart: 2626; Colend: 3940; Cols: 1314;
Num-X: 8 ; Num-Y: 6 ; Resolution: 10500 ; Rank: 40 ; Rank-X: 0 ; Rank-Y: 5 ; Rowstart: 8750; Rowend: 10501; Rows: 1751; Colstart: 0; Colend: 1314; Cols: 1314;
Num-X: 8 ; Num-Y: 6 ; Resolution: 10500 ; Rank: 16 ; Rank-X: 0 ; Rank-Y: 2 ; Rowstart: 3500; Rowend: 5251; Rows: 1751; Colstart: 0; Colend: 1314; Cols: 1314;
Num-X: 8 ; Num-Y: 6 ; Resolution: 10500 ; Rank: 43 ; Rank-X: 3 ; Rank-Y: 5 ; Rowstart: 8750; Rowend: 10501; Rows: 1751; Colstart: 3939; Colend: 5253; Cols: 1314;
Num-X: 8 ; Num-Y: 6 ; Resolution: 10500 ; Rank: 13 ; Rank-X: 5 ; Rank-Y: 1 ; Rowstart: 1750; Rowend: 3501; Rows: 1751; Colstart: 6564; Colend: 7877; Cols: 1313;
Num-X: 8 ; Num-Y: 6 ; Resolution: 10500 ; Rank: 46 ; Rank-X: 6 ; Rank-Y: 5 ; Rowstart: 8750; Rowend: 10501; Rows: 1751; Colstart: 7876; Colend: 9189; Cols: 1313;
Num-X: 8 ; Num-Y: 6 ; Resolution: 10500 ; Rank: 42 ; Rank-X: 2 ; Rank-Y: 5 ; Rowstart: 8750; Rowend: 10501; Rows: 1751; Colstart: 2626; Colend: 3940; Cols: 1314;
Num-X: 8 ; Num-Y: 6 ; Resolution: 10500 ; Rank: 44 ; Rank-X: 4 ; Rank-Y: 5 ; Rowstart: 8750; Rowend: 10501; Rows: 1751; Colstart: 5252; Colend: 6565; Cols: 1313;
Num-X: 8 ; Num-Y: 6 ; Resolution: 10500 ; Rank: 47 ; Rank-X: 7 ; Rank-Y: 5 ; Rowstart: 8750; Rowend: 10501; Rows: 1751; Colstart: 9188; Colend: 10501; Cols: 1313;
Num-X: 8 ; Num-Y: 6 ; Resolution: 10500 ; Rank: 27 ; Rank-X: 3 ; Rank-Y: 3 ; Rowstart: 5250; Rowend: 7001; Rows: 1751; Colstart: 3939; Colend: 5253; Cols: 1314;
Num-X: 8 ; Num-Y: 6 ; Resolution: 10500 ; Rank: 29 ; Rank-X: 5 ; Rank-Y: 3 ; Rowstart: 5250; Rowend: 7001; Rows: 1751; Colstart: 6564; Colend: 7877; Cols: 1313;
Num-X: 8 ; Num-Y: 6 ; Resolution: 10500 ; Rank: 37 ; Rank-X: 5 ; Rank-Y: 4 ; Rowstart: 7000; Rowend: 8751; Rows: 1751; Colstart: 6564; Colend: 7877; Cols: 1313;
Num-X: 8 ; Num-Y: 6 ; Resolution: 10500 ; Rank: 24 ; Rank-X: 0 ; Rank-Y: 3 ; Rowstart: 5250; Rowend: 7001; Rows: 1751; Colstart: 0; Colend: 1314; Cols: 1314;
Num-X: 8 ; Num-Y: 6 ; Resolution: 10500 ; Rank: 39 ; Rank-X: 7 ; Rank-Y: 4 ; Rowstart: 7000; Rowend: 8751; Rows: 1751; Colstart: 9188; Colend: 10501; Cols: 1313;
Num-X: 8 ; Num-Y: 6 ; Resolution: 10500 ; Rank: 33 ; Rank-X: 1 ; Rank-Y: 4 ; Rowstart: 7000; Rowend: 8751; Rows: 1751; Colstart: 1313; Colend: 2627; Cols: 1314;
Num-X: 8 ; Num-Y: 6 ; Resolution: 10500 ; Rank: 41 ; Rank-X: 1 ; Rank-Y: 5 ; Rowstart: 8750; Rowend: 10501; Rows: 1751; Colstart: 1313; Colend: 2627; Cols: 1314;
Num-X: 8 ; Num-Y: 6 ; Resolution: 10500 ; Rank: 25 ; Rank-X: 1 ; Rank-Y: 3 ; Rowstart: 5250; Rowend: 7001; Rows: 1751; Colstart: 1313; Colend: 2627; Cols: 1314;
Num-X: 8 ; Num-Y: 6 ; Resolution: 10500 ; Rank: 18 ; Rank-X: 2 ; Rank-Y: 2 ; Rowstart: 3500; Rowend: 5251; Rows: 1751; Colstart: 2626; Colend: 3940; Cols: 1314;
Num-X: 8 ; Num-Y: 6 ; Resolution: 10500 ; Rank: 30 ; Rank-X: 6 ; Rank-Y: 3 ; Rowstart: 5250; Rowend: 7001; Rows: 1751; Colstart: 7876; Colend: 9189; Cols: 1313;
Num-X: 8 ; Num-Y: 6 ; Resolution: 10500 ; Rank: 45 ; Rank-X: 5 ; Rank-Y: 5 ; Rowstart: 8750; Rowend: 10501; Rows: 1751; Colstart: 6564; Colend: 7877; Cols: 1313;
Num-X: 8 ; Num-Y: 6 ; Resolution: 10500 ; Rank: 31 ; Rank-X: 7 ; Rank-Y: 3 ; Rowstart: 5250; Rowend: 7001; Rows: 1751; Colstart: 9188; Colend: 10501; Cols: 1313;
Num-X: 8 ; Num-Y: 6 ; Resolution: 10500 ; Rank: 32 ; Rank-X: 0 ; Rank-Y: 4 ; Rowstart: 7000; Rowend: 8751; Rows: 1751; Colstart: 0; Colend: 1314; Cols: 1314;
Num-X: 8 ; Num-Y: 6 ; Resolution: 10500 ; Rank: 38 ; Rank-X: 6 ; Rank-Y: 4 ; Rowstart: 7000; Rowend: 8751; Rows: 1751; Colstart: 7876; Colend: 9189; Cols: 1313;
Num-X: 8 ; Num-Y: 6 ; Resolution: 10500 ; Rank: 0 ; Rank-X: 0 ; Rank-Y: 0 ; Rowstart: 0; Rowend: 1751; Rows: 1751; Colstart: 0; Colend: 1314; Cols: 1314;
Num-X: 8 ; Num-Y: 6 ; Resolution: 10500 ; Rank: 1 ; Rank-X: 1 ; Rank-Y: 0 ; Rowstart: 0; Rowend: 1751; Rows: 1751; Colstart: 1313; Colend: 2627; Cols: 1314;
Num-X: 8 ; Num-Y: 6 ; Resolution: 10500 ; Rank: 2 ; Rank-X: 2 ; Rank-Y: 0 ; Rowstart: 0; Rowend: 1751; Rows: 1751; Colstart: 2626; Colend: 3940; Cols: 1314;
Num-X: 8 ; Num-Y: 6 ; Resolution: 10500 ; Rank: 3 ; Rank-X: 3 ; Rank-Y: 0 ; Rowstart: 0; Rowend: 1751; Rows: 1751; Colstart: 3939; Colend: 5253; Cols: 1314;
Num-X: 8 ; Num-Y: 6 ; Resolution: 10500 ; Rank: 4 ; Rank-X: 4 ; Rank-Y: 0 ; Rowstart: 0; Rowend: 1751; Rows: 1751; Colstart: 5252; Colend: 6565; Cols: 1313;
Num-X: 8 ; Num-Y: 6 ; Resolution: 10500 ; Rank: 5 ; Rank-X: 5 ; Rank-Y: 0 ; Rowstart: 0; Rowend: 1751; Rows: 1751; Colstart: 6564; Colend: 7877; Cols: 1313;
Num-X: 8 ; Num-Y: 6 ; Resolution: 10500 ; Rank: 8 ; Rank-X: 0 ; Rank-Y: 1 ; Rowstart: 1750; Rowend: 3501; Rows: 1751; Colstart: 0; Colend: 1314; Cols: 1314;
Num-X: 8 ; Num-Y: 6 ; Resolution: 10500 ; Rank: 9 ; Rank-X: 1 ; Rank-Y: 1 ; Rowstart: 1750; Rowend: 3501; Rows: 1751; Colstart: 1313; Colend: 2627; Cols: 1314;
Num-X: 8 ; Num-Y: 6 ; Resolution: 10500 ; Rank: 11 ; Rank-X: 3 ; Rank-Y: 1 ; Rowstart: 1750; Rowend: 3501; Rows: 1751; Colstart: 3939; Colend: 5253; Cols: 1314;

Resolution: 10500
===================
Execution time: 0.061588
Residual: 4.925272

megaflops:  250617.8
  flop instructions (M):  15435.000

Num-X: 8 ; Num-Y: 6 ; Resolution: 11500 ; Rank: 4 ; Rank-X: 4 ; Rank-Y: 0 ; Rowstart: 0; Rowend: 1918; Rows: 1918; Colstart: 5752; Colend: 7190; Cols: 1438;
Num-X: 8 ; Num-Y: 6 ; Resolution: 11500 ; Rank: 5 ; Rank-X: 5 ; Rank-Y: 0 ; Rowstart: 0; Rowend: 1918; Rows: 1918; Colstart: 7189; Colend: 8627; Cols: 1438;
Num-X: 8 ; Num-Y: 6 ; Resolution: 11500 ; Rank: 9 ; Rank-X: 1 ; Rank-Y: 1 ; Rowstart: 1917; Rowend: 3835; Rows: 1918; Colstart: 1438; Colend: 2877; Cols: 1439;
Num-X: 8 ; Num-Y: 6 ; Resolution: 11500 ; Rank: 8 ; Rank-X: 0 ; Rank-Y: 1 ; Rowstart: 1917; Rowend: 3835; Rows: 1918; Colstart: 0; Colend: 1439; Cols: 1439;
Num-X: 8 ; Num-Y: 6 ; Resolution: 11500 ; Rank: 11 ; Rank-X: 3 ; Rank-Y: 1 ; Rowstart: 1917; Rowend: 3835; Rows: 1918; Colstart: 4314; Colend: 5753; Cols: 1439;
Num-X: 8 ; Num-Y: 6 ; Resolution: 11500 ; Rank: 13 ; Rank-X: 5 ; Rank-Y: 1 ; Rowstart: 1917; Rowend: 3835; Rows: 1918; Colstart: 7189; Colend: 8627; Cols: 1438;
Num-X: 8 ; Num-Y: 6 ; Resolution: 11500 ; Rank: 18 ; Rank-X: 2 ; Rank-Y: 2 ; Rowstart: 3834; Rowend: 5752; Rows: 1918; Colstart: 2876; Colend: 4315; Cols: 1439;
Num-X: 8 ; Num-Y: 6 ; Resolution: 11500 ; Rank: 25 ; Rank-X: 1 ; Rank-Y: 3 ; Rowstart: 5751; Rowend: 7669; Rows: 1918; Colstart: 1438; Colend: 2877; Cols: 1439;
Num-X: 8 ; Num-Y: 6 ; Resolution: 11500 ; Rank: 21 ; Rank-X: 5 ; Rank-Y: 2 ; Rowstart: 3834; Rowend: 5752; Rows: 1918; Colstart: 7189; Colend: 8627; Cols: 1438;
Num-X: 8 ; Num-Y: 6 ; Resolution: 11500 ; Rank: 34 ; Rank-X: 2 ; Rank-Y: 4 ; Rowstart: 7668; Rowend: 9585; Rows: 1917; Colstart: 2876; Colend: 4315; Cols: 1439;
Num-X: 8 ; Num-Y: 6 ; Resolution: 11500 ; Rank: 0 ; Rank-X: 0 ; Rank-Y: 0 ; Rowstart: 0; Rowend: 1918; Rows: 1918; Colstart: 0; Colend: 1439; Cols: 1439;
Num-X: 8 ; Num-Y: 6 ; Resolution: 11500 ; Rank: 12 ; Rank-X: 4 ; Rank-Y: 1 ; Rowstart: 1917; Rowend: 3835; Rows: 1918; Colstart: 5752; Colend: 7190; Cols: 1438;
Num-X: 8 ; Num-Y: 6 ; Resolution: 11500 ; Rank: 28 ; Rank-X: 4 ; Rank-Y: 3 ; Rowstart: 5751; Rowend: 7669; Rows: 1918; Colstart: 5752; Colend: 7190; Cols: 1438;
Num-X: 8 ; Num-Y: 6 ; Resolution: 11500 ; Rank: 38 ; Rank-X: 6 ; Rank-Y: 4 ; Rowstart: 7668; Rowend: 9585; Rows: 1917; Colstart: 8626; Colend: 10064; Cols: 1438;
Num-X: 8 ; Num-Y: 6 ; Resolution: 11500 ; Rank: 1 ; Rank-X: 1 ; Rank-Y: 0 ; Rowstart: 0; Rowend: 1918; Rows: 1918; Colstart: 1438; Colend: 2877; Cols: 1439;
Num-X: 8 ; Num-Y: 6 ; Resolution: 11500 ; Rank: 22 ; Rank-X: 6 ; Rank-Y: 2 ; Rowstart: 3834; Rowend: 5752; Rows: 1918; Colstart: 8626; Colend: 10064; Cols: 1438;
Num-X: 8 ; Num-Y: 6 ; Resolution: 11500 ; Rank: 30 ; Rank-X: 6 ; Rank-Y: 3 ; Rowstart: 5751; Rowend: 7669; Rows: 1918; Colstart: 8626; Colend: 10064; Cols: 1438;
Num-X: 8 ; Num-Y: 6 ; Resolution: 11500 ; Rank: 36 ; Rank-X: 4 ; Rank-Y: 4 ; Rowstart: 7668; Rowend: 9585; Rows: 1917; Colstart: 5752; Colend: 7190; Cols: 1438;
Num-X: 8 ; Num-Y: 6 ; Resolution: 11500 ; Rank: 10 ; Rank-X: 2 ; Rank-Y: 1 ; Rowstart: 1917; Rowend: 3835; Rows: 1918; Colstart: 2876; Colend: 4315; Cols: 1439;
Num-X: 8 ; Num-Y: 6 ; Resolution: 11500 ; Rank: 15 ; Rank-X: 7 ; Rank-Y: 1 ; Rowstart: 1917; Rowend: 3835; Rows: 1918; Colstart: 10063; Colend: 11501; Cols: 1438;
Num-X: 8 ; Num-Y: 6 ; Resolution: 11500 ; Rank: 31 ; Rank-X: 7 ; Rank-Y: 3 ; Rowstart: 5751; Rowend: 7669; Rows: 1918; Colstart: 10063; Colend: 11501; Cols: 1438;
Num-X: 8 ; Num-Y: 6 ; Resolution: 11500 ; Rank: 45 ; Rank-X: 5 ; Rank-Y: 5 ; Rowstart: 9584; Rowend: 11501; Rows: 1917; Colstart: 7189; Colend: 8627; Cols: 1438;
Num-X: 8 ; Num-Y: 6 ; Resolution: 11500 ; Rank: 2 ; Rank-X: 2 ; Rank-Y: 0 ; Rowstart: 0; Rowend: 1918; Rows: 1918; Colstart: 2876; Colend: 4315; Cols: 1439;
Num-X: 8 ; Num-Y: 6 ; Resolution: 11500 ; Rank: 23 ; Rank-X: 7 ; Rank-Y: 2 ; Rowstart: 3834; Rowend: 5752; Rows: 1918; Colstart: 10063; Colend: 11501; Cols: 1438;
Num-X: 8 ; Num-Y: 6 ; Resolution: 11500 ; Rank: 26 ; Rank-X: 2 ; Rank-Y: 3 ; Rowstart: 5751; Rowend: 7669; Rows: 1918; Colstart: 2876; Colend: 4315; Cols: 1439;
Num-X: 8 ; Num-Y: 6 ; Resolution: 11500 ; Rank: 46 ; Rank-X: 6 ; Rank-Y: 5 ; Rowstart: 9584; Rowend: 11501; Rows: 1917; Colstart: 8626; Colend: 10064; Cols: 1438;
Num-X: 8 ; Num-Y: 6 ; Resolution: 11500 ; Rank: 3 ; Rank-X: 3 ; Rank-Y: 0 ; Rowstart: 0; Rowend: 1918; Rows: 1918; Colstart: 4314; Colend: 5753; Cols: 1439;
Num-X: 8 ; Num-Y: 6 ; Resolution: 11500 ; Rank: 20 ; Rank-X: 4 ; Rank-Y: 2 ; Rowstart: 3834; Rowend: 5752; Rows: 1918; Colstart: 5752; Colend: 7190; Cols: 1438;
Num-X: 8 ; Num-Y: 6 ; Resolution: 11500 ; Rank: 27 ; Rank-X: 3 ; Rank-Y: 3 ; Rowstart: 5751; Rowend: 7669; Rows: 1918; Colstart: 4314; Colend: 5753; Cols: 1439;
Num-X: 8 ; Num-Y: 6 ; Resolution: 11500 ; Rank: 44 ; Rank-X: 4 ; Rank-Y: 5 ; Rowstart: 9584; Rowend: 11501; Rows: 1917; Colstart: 5752; Colend: 7190; Cols: 1438;
Num-X: 8 ; Num-Y: 6 ; Resolution: 11500 ; Rank: 6 ; Rank-X: 6 ; Rank-Y: 0 ; Rowstart: 0; Rowend: 1918; Rows: 1918; Colstart: 8626; Colend: 10064; Cols: 1438;
Num-X: 8 ; Num-Y: 6 ; Resolution: 11500 ; Rank: 19 ; Rank-X: 3 ; Rank-Y: 2 ; Rowstart: 3834; Rowend: 5752; Rows: 1918; Colstart: 4314; Colend: 5753; Cols: 1439;
Num-X: 8 ; Num-Y: 6 ; Resolution: 11500 ; Rank: 24 ; Rank-X: 0 ; Rank-Y: 3 ; Rowstart: 5751; Rowend: 7669; Rows: 1918; Colstart: 0; Colend: 1439; Cols: 1439;
Num-X: 8 ; Num-Y: 6 ; Resolution: 11500 ; Rank: 47 ; Rank-X: 7 ; Rank-Y: 5 ; Rowstart: 9584; Rowend: 11501; Rows: 1917; Colstart: 10063; Colend: 11501; Cols: 1438;
Num-X: 8 ; Num-Y: 6 ; Resolution: 11500 ; Rank: 7 ; Rank-X: 7 ; Rank-Y: 0 ; Rowstart: 0; Rowend: 1918; Rows: 1918; Colstart: 10063; Colend: 11501; Cols: 1438;
Num-X: 8 ; Num-Y: 6 ; Resolution: 11500 ; Rank: 32 ; Rank-X: 0 ; Rank-Y: 4 ; Rowstart: 7668; Rowend: 9585; Rows: 1917; Colstart: 0; Colend: 1439; Cols: 1439;
Num-X: 8 ; Num-Y: 6 ; Resolution: 11500 ; Rank: 41 ; Rank-X: 1 ; Rank-Y: 5 ; Rowstart: 9584; Rowend: 11501; Rows: 1917; Colstart: 1438; Colend: 2877; Cols: 1439;
Num-X: 8 ; Num-Y: 6 ; Resolution: 11500 ; Rank: 17 ; Rank-X: 1 ; Rank-Y: 2 ; Rowstart: 3834; Rowend: 5752; Rows: 1918; Colstart: 1438; Colend: 2877; Cols: 1439;
Num-X: 8 ; Num-Y: 6 ; Resolution: 11500 ; Rank: 39 ; Rank-X: 7 ; Rank-Y: 4 ; Rowstart: 7668; Rowend: 9585; Rows: 1917; Colstart: 10063; Colend: 11501; Cols: 1438;
Num-X: 8 ; Num-Y: 6 ; Resolution: 11500 ; Rank: 29 ; Rank-X: 5 ; Rank-Y: 3 ; Rowstart: 5751; Rowend: 7669; Rows: 1918; Colstart: 7189; Colend: 8627; Cols: 1438;
Num-X: 8 ; Num-Y: 6 ; Resolution: 11500 ; Rank: 33 ; Rank-X: 1 ; Rank-Y: 4 ; Rowstart: 7668; Rowend: 9585; Rows: 1917; Colstart: 1438; Colend: 2877; Cols: 1439;
Num-X: 8 ; Num-Y: 6 ; Resolution: 11500 ; Rank: 35 ; Rank-X: 3 ; Rank-Y: 4 ; Rowstart: 7668; Rowend: 9585; Rows: 1917; Colstart: 4314; Colend: 5753; Cols: 1439;
Num-X: 8 ; Num-Y: 6 ; Resolution: 11500 ; Rank: 16 ; Rank-X: 0 ; Rank-Y: 2 ; Rowstart: 3834; Rowend: 5752; Rows: 1918; Colstart: 0; Colend: 1439; Cols: 1439;
Num-X: 8 ; Num-Y: 6 ; Resolution: 11500 ; Rank: 14 ; Rank-X: 6 ; Rank-Y: 1 ; Rowstart: 1917; Rowend: 3835; Rows: 1918; Colstart: 8626; Colend: 10064; Cols: 1438;
Num-X: 8 ; Num-Y: 6 ; Resolution: 11500 ; Rank: 43 ; Rank-X: 3 ; Rank-Y: 5 ; Rowstart: 9584; Rowend: 11501; Rows: 1917; Colstart: 4314; Colend: 5753; Cols: 1439;
Num-X: 8 ; Num-Y: 6 ; Resolution: 11500 ; Rank: 37 ; Rank-X: 5 ; Rank-Y: 4 ; Rowstart: 7668; Rowend: 9585; Rows: 1917; Colstart: 7189; Colend: 8627; Cols: 1438;
Num-X: 8 ; Num-Y: 6 ; Resolution: 11500 ; Rank: 42 ; Rank-X: 2 ; Rank-Y: 5 ; Rowstart: 9584; Rowend: 11501; Rows: 1917; Colstart: 2876; Colend: 4315; Cols: 1439;
Num-X: 8 ; Num-Y: 6 ; Resolution: 11500 ; Rank: 40 ; Rank-X: 0 ; Rank-Y: 5 ; Rowstart: 9584; Rowend: 11501; Rows: 1917; Colstart: 0; Colend: 1439; Cols: 1439;

Resolution: 11500
===================
Execution time: 0.074943
Residual: 5.394301

megaflops:  247054.2
  flop instructions (M):  18515.000

Num-X: 8 ; Num-Y: 6 ; Resolution: 12500 ; Rank: 4 ; Rank-X: 4 ; Rank-Y: 0 ; Rowstart: 0; Rowend: 2085; Rows: 2085; Colstart: 6252; Colend: 7815; Cols: 1563;
Num-X: 8 ; Num-Y: 6 ; Resolution: 12500 ; Rank: 14 ; Rank-X: 6 ; Rank-Y: 1 ; Rowstart: 2084; Rowend: 4169; Rows: 2085; Colstart: 9376; Colend: 10939; Cols: 1563;
Num-X: 8 ; Num-Y: 6 ; Resolution: 12500 ; Rank: 18 ; Rank-X: 2 ; Rank-Y: 2 ; Rowstart: 4168; Rowend: 6252; Rows: 2084; Colstart: 3126; Colend: 4690; Cols: 1564;
Num-X: 8 ; Num-Y: 6 ; Resolution: 12500 ; Rank: 0 ; Rank-X: 0 ; Rank-Y: 0 ; Rowstart: 0; Rowend: 2085; Rows: 2085; Colstart: 0; Colend: 1564; Cols: 1564;
Num-X: 8 ; Num-Y: 6 ; Resolution: 12500 ; Rank: 22 ; Rank-X: 6 ; Rank-Y: 2 ; Rowstart: 4168; Rowend: 6252; Rows: 2084; Colstart: 9376; Colend: 10939; Cols: 1563;
Num-X: 8 ; Num-Y: 6 ; Resolution: 12500 ; Rank: 6 ; Rank-X: 6 ; Rank-Y: 0 ; Rowstart: 0; Rowend: 2085; Rows: 2085; Colstart: 9376; Colend: 10939; Cols: 1563;
Num-X: 8 ; Num-Y: 6 ; Resolution: 12500 ; Rank: 12 ; Rank-X: 4 ; Rank-Y: 1 ; Rowstart: 2084; Rowend: 4169; Rows: 2085; Colstart: 6252; Colend: 7815; Cols: 1563;
Num-X: 8 ; Num-Y: 6 ; Resolution: 12500 ; Rank: 7 ; Rank-X: 7 ; Rank-Y: 0 ; Rowstart: 0; Rowend: 2085; Rows: 2085; Colstart: 10938; Colend: 12501; Cols: 1563;
Num-X: 8 ; Num-Y: 6 ; Resolution: 12500 ; Rank: 23 ; Rank-X: 7 ; Rank-Y: 2 ; Rowstart: 4168; Rowend: 6252; Rows: 2084; Colstart: 10938; Colend: 12501; Cols: 1563;
Num-X: 8 ; Num-Y: 6 ; Resolution: 12500 ; Rank: 9 ; Rank-X: 1 ; Rank-Y: 1 ; Rowstart: 2084; Rowend: 4169; Rows: 2085; Colstart: 1563; Colend: 3127; Cols: 1564;
Num-X: 8 ; Num-Y: 6 ; Resolution: 12500 ; Rank: 8 ; Rank-X: 0 ; Rank-Y: 1 ; Rowstart: 2084; Rowend: 4169; Rows: 2085; Colstart: 0; Colend: 1564; Cols: 1564;
Num-X: 8 ; Num-Y: 6 ; Resolution: 12500 ; Rank: 38 ; Rank-X: 6 ; Rank-Y: 4 ; Rowstart: 8334; Rowend: 10418; Rows: 2084; Colstart: 9376; Colend: 10939; Cols: 1563;
Num-X: 8 ; Num-Y: 6 ; Resolution: 12500 ; Rank: 11 ; Rank-X: 3 ; Rank-Y: 1 ; Rowstart: 2084; Rowend: 4169; Rows: 2085; Colstart: 4689; Colend: 6253; Cols: 1564;
Num-X: 8 ; Num-Y: 6 ; Resolution: 12500 ; Rank: 28 ; Rank-X: 4 ; Rank-Y: 3 ; Rowstart: 6251; Rowend: 8335; Rows: 2084; Colstart: 6252; Colend: 7815; Cols: 1563;
Num-X: 8 ; Num-Y: 6 ; Resolution: 12500 ; Rank: 43 ; Rank-X: 3 ; Rank-Y: 5 ; Rowstart: 10417; Rowend: 12501; Rows: 2084; Colstart: 4689; Colend: 6253; Cols: 1564;
Num-X: 8 ; Num-Y: 6 ; Resolution: 12500 ; Rank: 15 ; Rank-X: 7 ; Rank-Y: 1 ; Rowstart: 2084; Rowend: 4169; Rows: 2085; Colstart: 10938; Colend: 12501; Cols: 1563;
Num-X: 8 ; Num-Y: 6 ; Resolution: 12500 ; Rank: 34 ; Rank-X: 2 ; Rank-Y: 4 ; Rowstart: 8334; Rowend: 10418; Rows: 2084; Colstart: 3126; Colend: 4690; Cols: 1564;
Num-X: 8 ; Num-Y: 6 ; Resolution: 12500 ; Rank: 36 ; Rank-X: 4 ; Rank-Y: 4 ; Rowstart: 8334; Rowend: 10418; Rows: 2084; Colstart: 6252; Colend: 7815; Cols: 1563;
Num-X: 8 ; Num-Y: 6 ; Resolution: 12500 ; Rank: 30 ; Rank-X: 6 ; Rank-Y: 3 ; Rowstart: 6251; Rowend: 8335; Rows: 2084; Colstart: 9376; Colend: 10939; Cols: 1563;
Num-X: 8 ; Num-Y: 6 ; Resolution: 12500 ; Rank: 40 ; Rank-X: 0 ; Rank-Y: 5 ; Rowstart: 10417; Rowend: 12501; Rows: 2084; Colstart: 0; Colend: 1564; Cols: 1564;
Num-X: 8 ; Num-Y: 6 ; Resolution: 12500 ; Rank: 20 ; Rank-X: 4 ; Rank-Y: 2 ; Rowstart: 4168; Rowend: 6252; Rows: 2084; Colstart: 6252; Colend: 7815; Cols: 1563;
Num-X: 8 ; Num-Y: 6 ; Resolution: 12500 ; Rank: 24 ; Rank-X: 0 ; Rank-Y: 3 ; Rowstart: 6251; Rowend: 8335; Rows: 2084; Colstart: 0; Colend: 1564; Cols: 1564;
Num-X: 8 ; Num-Y: 6 ; Resolution: 12500 ; Rank: 46 ; Rank-X: 6 ; Rank-Y: 5 ; Rowstart: 10417; Rowend: 12501; Rows: 2084; Colstart: 9376; Colend: 10939; Cols: 1563;
Num-X: 8 ; Num-Y: 6 ; Resolution: 12500 ; Rank: 1 ; Rank-X: 1 ; Rank-Y: 0 ; Rowstart: 0; Rowend: 2085; Rows: 2085; Colstart: 1563; Colend: 3127; Cols: 1564;
Num-X: 8 ; Num-Y: 6 ; Resolution: 12500 ; Rank: 42 ; Rank-X: 2 ; Rank-Y: 5 ; Rowstart: 10417; Rowend: 12501; Rows: 2084; Colstart: 3126; Colend: 4690; Cols: 1564;
Num-X: 8 ; Num-Y: 6 ; Resolution: 12500 ; Rank: 3 ; Rank-X: 3 ; Rank-Y: 0 ; Rowstart: 0; Rowend: 2085; Rows: 2085; Colstart: 4689; Colend: 6253; Cols: 1564;
Num-X: 8 ; Num-Y: 6 ; Resolution: 12500 ; Rank: 44 ; Rank-X: 4 ; Rank-Y: 5 ; Rowstart: 10417; Rowend: 12501; Rows: 2084; Colstart: 6252; Colend: 7815; Cols: 1563;
Num-X: 8 ; Num-Y: 6 ; Resolution: 12500 ; Rank: 5 ; Rank-X: 5 ; Rank-Y: 0 ; Rowstart: 0; Rowend: 2085; Rows: 2085; Colstart: 7814; Colend: 9377; Cols: 1563;
Num-X: 8 ; Num-Y: 6 ; Resolution: 12500 ; Rank: 47 ; Rank-X: 7 ; Rank-Y: 5 ; Rowstart: 10417; Rowend: 12501; Rows: 2084; Colstart: 10938; Colend: 12501; Cols: 1563;
Num-X: 8 ; Num-Y: 6 ; Resolution: 12500 ; Rank: 10 ; Rank-X: 2 ; Rank-Y: 1 ; Rowstart: 2084; Rowend: 4169; Rows: 2085; Colstart: 3126; Colend: 4690; Cols: 1564;
Num-X: 8 ; Num-Y: 6 ; Resolution: 12500 ; Rank: 2 ; Rank-X: 2 ; Rank-Y: 0 ; Rowstart: 0; Rowend: 2085; Rows: 2085; Colstart: 3126; Colend: 4690; Cols: 1564;
Num-X: 8 ; Num-Y: 6 ; Resolution: 12500 ; Rank: 31 ; Rank-X: 7 ; Rank-Y: 3 ; Rowstart: 6251; Rowend: 8335; Rows: 2084; Colstart: 10938; Colend: 12501; Cols: 1563;
Num-X: 8 ; Num-Y: 6 ; Resolution: 12500 ; Rank: 16 ; Rank-X: 0 ; Rank-Y: 2 ; Rowstart: 4168; Rowend: 6252; Rows: 2084; Colstart: 0; Colend: 1564; Cols: 1564;
Num-X: 8 ; Num-Y: 6 ; Resolution: 12500 ; Rank: 19 ; Rank-X: 3 ; Rank-Y: 2 ; Rowstart: 4168; Rowend: 6252; Rows: 2084; Colstart: 4689; Colend: 6253; Cols: 1564;
Num-X: 8 ; Num-Y: 6 ; Resolution: 12500 ; Rank: 26 ; Rank-X: 2 ; Rank-Y: 3 ; Rowstart: 6251; Rowend: 8335; Rows: 2084; Colstart: 3126; Colend: 4690; Cols: 1564;
Num-X: 8 ; Num-Y: 6 ; Resolution: 12500 ; Rank: 27 ; Rank-X: 3 ; Rank-Y: 3 ; Rowstart: 6251; Rowend: 8335; Rows: 2084; Colstart: 4689; Colend: 6253; Cols: 1564;
Num-X: 8 ; Num-Y: 6 ; Resolution: 12500 ; Rank: 29 ; Rank-X: 5 ; Rank-Y: 3 ; Rowstart: 6251; Rowend: 8335; Rows: 2084; Colstart: 7814; Colend: 9377; Cols: 1563;
Num-X: 8 ; Num-Y: 6 ; Resolution: 12500 ; Rank: 17 ; Rank-X: 1 ; Rank-Y: 2 ; Rowstart: 4168; Rowend: 6252; Rows: 2084; Colstart: 1563; Colend: 3127; Cols: 1564;
Num-X: 8 ; Num-Y: 6 ; Resolution: 12500 ; Rank: 39 ; Rank-X: 7 ; Rank-Y: 4 ; Rowstart: 8334; Rowend: 10418; Rows: 2084; Colstart: 10938; Colend: 12501; Cols: 1563;
Num-X: 8 ; Num-Y: 6 ; Resolution: 12500 ; Rank: 13 ; Rank-X: 5 ; Rank-Y: 1 ; Rowstart: 2084; Rowend: 4169; Rows: 2085; Colstart: 7814; Colend: 9377; Cols: 1563;
Num-X: 8 ; Num-Y: 6 ; Resolution: 12500 ; Rank: 21 ; Rank-X: 5 ; Rank-Y: 2 ; Rowstart: 4168; Rowend: 6252; Rows: 2084; Colstart: 7814; Colend: 9377; Cols: 1563;
Num-X: 8 ; Num-Y: 6 ; Resolution: 12500 ; Rank: 37 ; Rank-X: 5 ; Rank-Y: 4 ; Rowstart: 8334; Rowend: 10418; Rows: 2084; Colstart: 7814; Colend: 9377; Cols: 1563;
Num-X: 8 ; Num-Y: 6 ; Resolution: 12500 ; Rank: 41 ; Rank-X: 1 ; Rank-Y: 5 ; Rowstart: 10417; Rowend: 12501; Rows: 2084; Colstart: 1563; Colend: 3127; Cols: 1564;
Num-X: 8 ; Num-Y: 6 ; Resolution: 12500 ; Rank: 32 ; Rank-X: 0 ; Rank-Y: 4 ; Rowstart: 8334; Rowend: 10418; Rows: 2084; Colstart: 0; Colend: 1564; Cols: 1564;
Num-X: 8 ; Num-Y: 6 ; Resolution: 12500 ; Rank: 33 ; Rank-X: 1 ; Rank-Y: 4 ; Rowstart: 8334; Rowend: 10418; Rows: 2084; Colstart: 1563; Colend: 3127; Cols: 1564;
Num-X: 8 ; Num-Y: 6 ; Resolution: 12500 ; Rank: 25 ; Rank-X: 1 ; Rank-Y: 3 ; Rowstart: 6251; Rowend: 8335; Rows: 2084; Colstart: 1563; Colend: 3127; Cols: 1564;
Num-X: 8 ; Num-Y: 6 ; Resolution: 12500 ; Rank: 35 ; Rank-X: 3 ; Rank-Y: 4 ; Rowstart: 8334; Rowend: 10418; Rows: 2084; Colstart: 4689; Colend: 6253; Cols: 1564;
Num-X: 8 ; Num-Y: 6 ; Resolution: 12500 ; Rank: 45 ; Rank-X: 5 ; Rank-Y: 5 ; Rowstart: 10417; Rowend: 12501; Rows: 2084; Colstart: 7814; Colend: 9377; Cols: 1563;

Resolution: 12500
===================
Execution time: 0.089430
Residual: 5.863330

megaflops:  244605.1
  flop instructions (M):  21875.000
