Plugin perfevent: Sensors stopped
PAPI-HL Info: PAPI has been initiated!
PAPI-HL Info: Using the following events:
  PAPI_L2_TCM
  PAPI_L2_TCA
  PAPI_L3_TCM
  PAPI_L3_TCA
  200; 0.252; 69.959, 0.000
 1200; 0.539; 1174.856, 0.000
 2200; 3.327; 640.073, 0.000
 3200; 7.246; 621.794, 0.000
 4200; 12.461; 622.858, 0.000
 5200; 20.164; 590.055, 0.000
 6200; 33.603; 503.336, 0.000
PAPI-HL Info: Print results...


PAPI-HL Output:
{
  "cpu in mhz":"2701",
  "threads":[
    {
      "id":"1311961",
      "regions":[
        {
          "200":{
            "region_count":"1",
            "cycles":"22686098",
            "PAPI_L2_TCM":"11464",
            "PAPI_L2_TCA":"1389135",
            "PAPI_L3_TCM":"2131",
            "PAPI_L3_TCA":"11464"
          }
        },
        {
          "1200":{
            "region_count":"1",
            "cycles":"1452674140",
            "PAPI_L2_TCM":"36286074",
            "PAPI_L2_TCA":"245171919",
            "PAPI_L3_TCM":"938842",
            "PAPI_L3_TCA":"36286074"
          }
        },
        {
          "2200":{
            "region_count":"1",
            "cycles":"8962075614",
            "PAPI_L2_TCM":"131584011",
            "PAPI_L2_TCA":"823708752",
            "PAPI_L3_TCM":"90120767",
            "PAPI_L3_TCA":"131584011"
          }
        },
        {
          "3200":{
            "region_count":"1",
            "cycles":"19518491532",
            "PAPI_L2_TCM":"261009122",
            "PAPI_L2_TCA":"1743219691",
            "PAPI_L3_TCM":"210864683",
            "PAPI_L3_TCA":"261009122"
          }
        },
        {
          "4200":{
            "region_count":"1",
            "cycles":"33566250436",
            "PAPI_L2_TCM":"466853640",
            "PAPI_L2_TCA":"2999931963",
            "PAPI_L3_TCM":"409759329",
            "PAPI_L3_TCA":"466853640"
          }
        },
        {
          "5200":{
            "region_count":"1",
            "cycles":"54313464298",
            "PAPI_L2_TCM":"919317964",
            "PAPI_L2_TCA":"4601173964",
            "PAPI_L3_TCM":"681111814",
            "PAPI_L3_TCA":"919317964"
          }
        },
        {
          "6200":{
            "region_count":"1",
            "cycles":"90514627142",
            "PAPI_L2_TCM":"2013201964",
            "PAPI_L2_TCA":"6539063495",
            "PAPI_L3_TCM":"1017407778",
            "PAPI_L3_TCA":"2013201964"
          }
        }
      ]
    }
  ]
}

