Plugin perfevent: Sensors stopped
PAPI-HL Info: PAPI has been initiated!
PAPI-HL Info: Using the following events:
  PAPI_L2_TCM
  PAPI_L2_TCA
  PAPI_L3_TCM
  PAPI_L3_TCA
  200; 0.214; 82.235
 1200; 0.511; 1240.155
 2200; 3.151; 675.885
 3200; 6.914; 651.687
 4200; 11.986; 647.535
 5200; 18.754; 634.418
 6200; 27.185; 622.171
PAPI-HL Info: Print results...


PAPI-HL Output:
{
  "cpu in mhz":"2701",
  "threads":[
    {
      "id":"770223",
      "regions":[
        {
          "200":{
            "region_count":"1",
            "cycles":"21284144",
            "PAPI_L2_TCM":"55342",
            "PAPI_L2_TCA":"1384436",
            "PAPI_L3_TCM":"2767",
            "PAPI_L3_TCA":"55342"
          }
        },
        {
          "1200":{
            "region_count":"1",
            "cycles":"1376173248",
            "PAPI_L2_TCM":"36259711",
            "PAPI_L2_TCA":"245096387",
            "PAPI_L3_TCM":"1109768",
            "PAPI_L3_TCA":"36259711"
          }
        },
        {
          "2200":{
            "region_count":"1",
            "cycles":"8487171366",
            "PAPI_L2_TCM":"131495679",
            "PAPI_L2_TCA":"823507817",
            "PAPI_L3_TCM":"89011790",
            "PAPI_L3_TCA":"131495679"
          }
        },
        {
          "3200":{
            "region_count":"1",
            "cycles":"18623078696",
            "PAPI_L2_TCM":"260983859",
            "PAPI_L2_TCA":"1743136510",
            "PAPI_L3_TCM":"210453543",
            "PAPI_L3_TCA":"260983859"
          }
        },
        {
          "4200":{
            "region_count":"1",
            "cycles":"32286865890",
            "PAPI_L2_TCM":"467019364",
            "PAPI_L2_TCA":"2999803923",
            "PAPI_L3_TCM":"409384269",
            "PAPI_L3_TCA":"467019364"
          }
        },
        {
          "5200":{
            "region_count":"1",
            "cycles":"50515184392",
            "PAPI_L2_TCM":"918729557",
            "PAPI_L2_TCA":"4601070730",
            "PAPI_L3_TCM":"680186852",
            "PAPI_L3_TCA":"918729557"
          }
        },
        {
          "6200":{
            "region_count":"1",
            "cycles":"73225884264",
            "PAPI_L2_TCM":"1946581820",
            "PAPI_L2_TCA":"6539252117",
            "PAPI_L3_TCM":"1015392232",
            "PAPI_L3_TCA":"1946581820"
          }
        }
      ]
    }
  ]
}

                                                                                                                 1,1           Top
