mpiexec -genv I_MPI_DEBUG=4 -genv OMP_NUM_THREADS=6 -genv KMP_AFFINITY=verbose,scatter -genv I_MPI_PIN_DOMAIN=omp -n 32 ./heat test.dat 4 8
[0] MPI startup(): Intel(R) MPI Library, Version 2019 Update 8  Build 20200624 (id: 4f16ad915)
[0] MPI startup(): Copyright (C) 2003-2020 Intel Corporation.  All rights reserved.
[0] MPI startup(): library kind: release
[0] MPI startup(): libfabric version: 1.10.1-impi
[0] MPI startup(): libfabric provider: psm2
OMP: Info #154: KMP_AFFINITY: Initial OS proc set respected: 30-32,78-80
OMP: Info #213: KMP_AFFINITY: decoding x2APIC ids.
OMP: Info #276: KMP_AFFINITY: Affinity capable, using global cpuid leaf 11 info
OMP: Info #156: KMP_AFFINITY: 6 available OS procs
OMP: Info #157: KMP_AFFINITY: Uniform topology
OMP: Info #191: KMP_AFFINITY: 1 socket x 3 cores/socket x 2 threads/core (3 total cores)
OMP: Info #215: KMP_AFFINITY: OS proc to physical thread map:
OMP: Info #171: KMP_AFFINITY: OS proc 30 maps to socket 1 core 8 thread 0 
OMP: Info #171: KMP_AFFINITY: OS proc 78 maps to socket 1 core 8 thread 1 
OMP: Info #171: KMP_AFFINITY: OS proc 31 maps to socket 1 core 9 thread 0 
OMP: Info #171: KMP_AFFINITY: OS proc 79 maps to socket 1 core 9 thread 1 
OMP: Info #171: KMP_AFFINITY: OS proc 32 maps to socket 1 core 10 thread 0 
OMP: Info #171: KMP_AFFINITY: OS proc 80 maps to socket 1 core 10 thread 1 
OMP: Info #144: KMP_AFFINITY: Threads may migrate across 1 innermost levels of machine
OMP: Info #251: KMP_AFFINITY: pid 822808 tid 822808 thread 0 bound to OS proc set 30,78

Executing each MPI process in 6 OMP threads.
[0] MPI startup(): Rank    Pid      Node name     Pin cpu
[0] MPI startup(): 0       822802   i01r01c06s07  {0,1,2,48,49,50}
[0] MPI startup(): 1       822803   i01r01c06s07  {3,4,5,51,52,53}
[0] MPI startup(): 2       822804   i01r01c06s07  {6,7,8,54,55,56}
[0] MPI startup(): 3       822805   i01r01c06s07  {9,10,11,57,58,59}
[0] MPI startup(): 4       822806   i01r01c06s07  {24,25,26,72,73,74}
[0] MPI startup(): 5       822807   i01r01c06s07  {27,28,29,75,76,77}
[0] MPI startup(): 6       822808   i01r01c06s07  {30,31,32,78,79,80}
[0] MPI startup(): 7       822809   i01r01c06s07  {33,34,35,81,82,83}
[0] MPI startup(): 8       2136384  i01r01c06s08  {0,1,2,48,49,50}
[0] MPI startup(): 9       2136385  i01r01c06s08  {3,4,5,51,52,53}
[0] MPI startup(): 10      2136386  i01r01c06s08  {6,7,8,54,55,56}
[0] MPI startup(): 11      2136387  i01r01c06s08  {9,10,11,57,58,59}
[0] MPI startup(): 12      2136388  i01r01c06s08  {24,25,26,72,73,74}
[0] MPI startup(): 13      2136389  i01r01c06s08  {27,28,29,75,76,77}
[0] MPI startup(): 14      2136390  i01r01c06s08  {30,31,32,78,79,80}
[0] MPI startup(): 15      2136391  i01r01c06s08  {33,34,35,81,82,83}
[0] MPI startup(): 16      2437427  i01r01c06s09  {0,1,2,48,49,50}
[0] MPI startup(): 17      2437428  i01r01c06s09  {3,4,5,51,52,53}
[0] MPI startup(): 18      2437429  i01r01c06s09  {6,7,8,54,55,56}
[0] MPI startup(): 19      2437430  i01r01c06s09  {9,10,11,57,58,59}
[0] MPI startup(): 20      2437431  i01r01c06s09  {24,25,26,72,73,74}
[0] MPI startup(): 21      2437432  i01r01c06s09  {27,28,29,75,76,77}
[0] MPI startup(): 22      2437433  i01r01c06s09  {30,31,32,78,79,80}
[0] MPI startup(): 23      2437434  i01r01c06s09  {33,34,35,81,82,83}
[0] MPI startup(): 24      3850706  i01r01c06s10  {0,1,2,48,49,50}
[0] MPI startup(): 25      3850707  i01r01c06s10  {3,4,5,51,52,53}
[0] MPI startup(): 26      3850708  i01r01c06s10  {6,7,8,54,55,56}
[0] MPI startup(): 27      3850709  i01r01c06s10  {9,10,11,57,58,59}
[0] MPI startup(): 28      3850710  i01r01c06s10  {24,25,26,72,73,74}
[0] MPI startup(): 29      3850711  i01r01c06s10  {27,28,29,75,76,77}
[0] MPI startup(): 30      3850712  i01r01c06s10  {30,31,32,78,79,80}
[0] MPI startup(): 31      3850713  i01r01c06s10  {33,34,35,81,82,83}

4 processes distributed in X-direction
 8 ; processes distributed in Y-direction
Resolutions       : (6500, 8500, ... 12500)
Iterations        : 20
Num. Heat sources : 2
OMP: Info #154: KMP_AFFINITY: Initial OS proc set respected: 6-8,54-56
OMP: Info #213: KMP_AFFINITY: decoding x2APIC ids.
   1: (0.00, 0.00) 1.00 1.00 
   2: (1.00, 1.00) 1.00 0.50 
OMP: Info #154: KMP_AFFINITY: Initial OS proc set respected: 3-5,51-53
OMP: Info #213: KMP_AFFINITY: decoding x2APIC ids.
OMP: Info #276: KMP_AFFINITY: Affinity capable, using global cpuid leaf 11 info
OMP: Info #156: KMP_AFFINITY: 6 available OS procs
OMP: Info #157: KMP_AFFINITY: Uniform topology
OMP: Info #154: KMP_AFFINITY: Initial OS proc set respected: 9-11,57-59
OMP: Info #213: KMP_AFFINITY: decoding x2APIC ids.
OMP: Info #191: KMP_AFFINITY: 1 socket x 3 cores/socket x 2 threads/core (3 total cores)
OMP: Info #215: KMP_AFFINITY: OS proc to physical thread map:
OMP: Info #171: KMP_AFFINITY: OS proc 6 maps to socket 0 core 8 thread 0 
OMP: Info #171: KMP_AFFINITY: OS proc 54 maps to socket 0 core 8 thread 1 
OMP: Info #171: KMP_AFFINITY: OS proc 7 maps to socket 0 core 9 thread 0 
OMP: Info #171: KMP_AFFINITY: OS proc 55 maps to socket 0 core 9 thread 1 
OMP: Info #154: KMP_AFFINITY: Initial OS proc set respected: 33-35,81-83
OMP: Info #213: KMP_AFFINITY: decoding x2APIC ids.
OMP: Info #171: KMP_AFFINITY: OS proc 8 maps to socket 0 core 10 thread 0 
OMP: Info #171: KMP_AFFINITY: OS proc 56 maps to socket 0 core 10 thread 1 
OMP: Info #276: KMP_AFFINITY: Affinity capable, using global cpuid leaf 11 info
OMP: Info #156: KMP_AFFINITY: 6 available OS procs
OMP: Info #157: KMP_AFFINITY: Uniform topology
OMP: Info #144: KMP_AFFINITY: Threads may migrate across 1 innermost levels of machine
OMP: Info #191: KMP_AFFINITY: 1 socket x 3 cores/socket x 2 threads/core (3 total cores)
OMP: Info #215: KMP_AFFINITY: OS proc to physical thread map:
OMP: Info #171: KMP_AFFINITY: OS proc 9 maps to socket 0 core 11 thread 0 
OMP: Info #171: KMP_AFFINITY: OS proc 57 maps to socket 0 core 11 thread 1 
OMP: Info #171: KMP_AFFINITY: OS proc 10 maps to socket 0 core 12 thread 0 
OMP: Info #251: KMP_AFFINITY: pid 2136386 tid 2136386 thread 0 bound to OS proc set 6,54
OMP: Info #171: KMP_AFFINITY: OS proc 58 maps to socket 0 core 12 thread 1 
OMP: Info #171: KMP_AFFINITY: OS proc 11 maps to socket 0 core 13 thread 0 
OMP: Info #171: KMP_AFFINITY: OS proc 59 maps to socket 0 core 13 thread 1 

Executing each MPI process in 6 OMP threads.
OMP: Info #276: KMP_AFFINITY: Affinity capable, using global cpuid leaf 11 info
OMP: Info #156: KMP_AFFINITY: 6 available OS procs
OMP: Info #157: KMP_AFFINITY: Uniform topology
OMP: Info #191: KMP_AFFINITY: 1 socket x 3 cores/socket x 2 threads/core (3 total cores)
OMP: Info #215: KMP_AFFINITY: OS proc to physical thread map:
OMP: Info #171: KMP_AFFINITY: OS proc 33 maps to socket 1 core 11 thread 0 
OMP: Info #171: KMP_AFFINITY: OS proc 81 maps to socket 1 core 11 thread 1 
OMP: Info #171: KMP_AFFINITY: OS proc 34 maps to socket 1 core 12 thread 0 
OMP: Info #276: KMP_AFFINITY: Affinity capable, using global cpuid leaf 11 info
OMP: Info #156: KMP_AFFINITY: 6 available OS procs
OMP: Info #157: KMP_AFFINITY: Uniform topology
OMP: Info #191: KMP_AFFINITY: 1 socket x 3 cores/socket x 2 threads/core (3 total cores)
OMP: Info #144: KMP_AFFINITY: Threads may migrate across 1 innermost levels of machine
OMP: Info #251: KMP_AFFINITY: pid 2437430 tid 2437430 thread 0 bound to OS proc set 9,57
OMP: Info #171: KMP_AFFINITY: OS proc 82 maps to socket 1 core 12 thread 1 
OMP: Info #171: KMP_AFFINITY: OS proc 35 maps to socket 1 core 13 thread 0 
OMP: Info #171: KMP_AFFINITY: OS proc 83 maps to socket 1 core 13 thread 1 
OMP: Info #144: KMP_AFFINITY: Threads may migrate across 1 innermost levels of machine
OMP: Info #251: KMP_AFFINITY: pid 2437434 tid 2437434 thread 0 bound to OS proc set 33,81
OMP: Info #215: KMP_AFFINITY: OS proc to physical thread map:
OMP: Info #171: KMP_AFFINITY: OS proc 3 maps to socket 0 core 3 thread 0 
OMP: Info #171: KMP_AFFINITY: OS proc 51 maps to socket 0 core 3 thread 1 
OMP: Info #171: KMP_AFFINITY: OS proc 4 maps to socket 0 core 4 thread 0 
OMP: Info #171: KMP_AFFINITY: OS proc 52 maps to socket 0 core 4 thread 1 
OMP: Info #171: KMP_AFFINITY: OS proc 5 maps to socket 0 core 5 thread 0 
OMP: Info #171: KMP_AFFINITY: OS proc 53 maps to socket 0 core 5 thread 1 
OMP: Info #144: KMP_AFFINITY: Threads may migrate across 1 innermost levels of machine

Executing each MPI process in 6 OMP threads.

Executing each MPI process in 6 OMP threads.

Executing each MPI process in 6 OMP threads.
OMP: Info #251: KMP_AFFINITY: pid 2437428 tid 2437428 thread 0 bound to OS proc set 3,51
rank= 0 coords= 0 0 neighbours(up,down,left,right)= -1 8 -1 1
rank= 1 coords= 0 1 neighbours(up,down,left,right)= -1 9 0 2
rank= 2 coords= 0 2 neighbours(up,down,left,right)= -1 10 1 3
rank= 3 coords= 0 3 neighbours(up,down,left,right)= -1 11 2 4
rank= 4 coords= 0 4 neighbours(up,down,left,right)= -1 12 3 5
rank= 8 coords= 1 0 neighbours(up,down,left,right)= 0 16 -1 9
rank= 5 coords= 0 5 neighbours(up,down,left,right)= -1 13 4 6
rank= 24 coords= 3 0 neighbours(up,down,left,right)= 16 -1 -1 25
rank= 9 coords= 1 1 neighbours(up,down,left,right)= 1 17 8 10
rank= 6 coords= 0 6 neighbours(up,down,left,right)= -1 14 5 7
rank= 16 coords= 2 0 neighbours(up,down,left,right)= 8 24 -1 17
rank= 25 coords= 3 1 neighbours(up,down,left,right)= 17 -1 24 26
rank= 10 coords= 1 2 neighbours(up,down,left,right)= 2 18 9 11
rank= 7 coords= 0 7 neighbours(up,down,left,right)= -1 15 6 -1
rank= 17 coords= 2 1 neighbours(up,down,left,right)= 9 25 16 18
rank= 26 coords= 3 2 neighbours(up,down,left,right)= 18 -1 25 27
rank= 11 coords= 1 3 neighbours(up,down,left,right)= 3 19 10 12
rank= 18 coords= 2 2 neighbours(up,down,left,right)= 10 26 17 19
rank= 27 coords= 3 3 neighbours(up,down,left,right)= 19 -1 26 28
rank= 12 coords= 1 4 neighbours(up,down,left,right)= 4 20 11 13
rank= 19 coords= 2 3 neighbours(up,down,left,right)= 11 27 18 20
rank= 28 coords= 3 4 neighbours(up,down,left,right)= 20 -1 27 29
rank= 13 coords= 1 5 neighbours(up,down,left,right)= 5 21 12 14
rank= 20 coords= 2 4 neighbours(up,down,left,right)= 12 28 19 21
rank= 14 coords= 1 6 neighbours(up,down,left,right)= 6 22 13 15
rank= 21 coords= 2 5 neighbours(up,down,left,right)= 13 29 20 22
rank= 15 coords= 1 7 neighbours(up,down,left,right)= 7 23 14 -1
OMP: Info #251: KMP_AFFINITY: pid 822808 tid 822850 thread 1 bound to OS proc set 31,79
rank= 22 coords= 2 6 neighbours(up,down,left,right)= 14 30 21 23
OMP: Info #251: KMP_AFFINITY: pid 2136386 tid 2136432 thread 1 bound to OS proc set 7,55
rank= 23 coords= 2 7 neighbours(up,down,left,right)= 15 31 22 -1
OMP: Info #251: KMP_AFFINITY: pid 2136386 tid 2136433 thread 2 bound to OS proc set 8,56
OMP: Info #251: KMP_AFFINITY: pid 822808 tid 822852 thread 3 bound to OS proc set 30,78
OMP: Info #251: KMP_AFFINITY: pid 2437434 tid 2437477 thread 1 bound to OS proc set 34,82
OMP: Info #251: KMP_AFFINITY: pid 2136386 tid 2136434 thread 3 bound to OS proc set 6,54
OMP: Info #251: KMP_AFFINITY: pid 2437428 tid 2437475 thread 1 bound to OS proc set 4,52
rank= 29 coords= 3 5 neighbours(up,down,left,right)= 21 -1 28 30
OMP: Info #251: KMP_AFFINITY: pid 2437430 tid 2437476 thread 1 bound to OS proc set 10,58
rank= 30 coords= 3 6 neighbours(up,down,left,right)= 22 -1 29 31
OMP: Info #251: KMP_AFFINITY: pid 822808 tid 822851 thread 2 bound to OS proc set 32,80
rank= 31 coords= 3 7 neighbours(up,down,left,right)= 23 -1 30 -1
OMP: Info #251: KMP_AFFINITY: pid 822808 tid 822853 thread 4 bound to OS proc set 31,79
OMP: Info #251: KMP_AFFINITY: pid 2437434 tid 2437480 thread 2 bound to OS proc set 35,83
OMP: Info #251: KMP_AFFINITY: pid 2437428 tid 2437478 thread 2 bound to OS proc set 5,53
OMP: Info #251: KMP_AFFINITY: pid 822808 tid 822854 thread 5 bound to OS proc set 32,80
OMP: Info #251: KMP_AFFINITY: pid 2437430 tid 2437479 thread 2 bound to OS proc set 11,59
OMP: Info #251: KMP_AFFINITY: pid 2437428 tid 2437481 thread 3 bound to OS proc set 3,51
OMP: Info #251: KMP_AFFINITY: pid 2437430 tid 2437482 thread 3 bound to OS proc set 9,57
OMP: Info #251: KMP_AFFINITY: pid 2437428 tid 2437483 thread 4 bound to OS proc set 4,52
OMP: Info #251: KMP_AFFINITY: pid 2437430 tid 2437484 thread 4 bound to OS proc set 10,58
OMP: Info #251: KMP_AFFINITY: pid 2437428 tid 2437485 thread 5 bound to OS proc set 5,53
OMP: Info #251: KMP_AFFINITY: pid 2136386 tid 2136435 thread 4 bound to OS proc set 7,55
OMP: Info #251: KMP_AFFINITY: pid 2136386 tid 2136436 thread 5 bound to OS proc set 8,56
OMP: Info #251: KMP_AFFINITY: pid 2437434 tid 2437486 thread 3 bound to OS proc set 33,81
OMP: Info #251: KMP_AFFINITY: pid 2437434 tid 2437487 thread 4 bound to OS proc set 34,82
OMP: Info #251: KMP_AFFINITY: pid 2437434 tid 2437488 thread 5 bound to OS proc set 35,83
OMP: Info #251: KMP_AFFINITY: pid 2437430 tid 2437489 thread 5 bound to OS proc set 11,59
OMP: Info #154: KMP_AFFINITY: Initial OS proc set respected: 0-2,48-50
OMP: Info #213: KMP_AFFINITY: decoding x2APIC ids.
OMP: Info #154: KMP_AFFINITY: Initial OS proc set respected: 9-11,57-59
OMP: Info #213: KMP_AFFINITY: decoding x2APIC ids.
OMP: Info #154: KMP_AFFINITY: Initial OS proc set respected: 27-29,75-77
OMP: Info #213: KMP_AFFINITY: decoding x2APIC ids.
OMP: Info #154: KMP_AFFINITY: Initial OS proc set respected: 24-26,72-74
OMP: Info #213: KMP_AFFINITY: decoding x2APIC ids.
OMP: Info #154: KMP_AFFINITY: Initial OS proc set respected: 30-32,78-80
OMP: Info #213: KMP_AFFINITY: decoding x2APIC ids.
OMP: Info #154: KMP_AFFINITY: Initial OS proc set respected: 0-2,48-50
OMP: Info #213: KMP_AFFINITY: decoding x2APIC ids.
OMP: Info #154: KMP_AFFINITY: Initial OS proc set respected: 0-2,48-50
OMP: Info #213: KMP_AFFINITY: decoding x2APIC ids.
OMP: Info #276: KMP_AFFINITY: Affinity capable, using global cpuid leaf 11 info
OMP: Info #156: KMP_AFFINITY: 6 available OS procs
OMP: Info #157: KMP_AFFINITY: Uniform topology
OMP: Info #191: KMP_AFFINITY: 1 socket x 3 cores/socket x 2 threads/core (3 total cores)
OMP: Info #215: KMP_AFFINITY: OS proc to physical thread map:
OMP: Info #171: KMP_AFFINITY: OS proc 0 maps to socket 0 core 0 thread 0 
OMP: Info #171: KMP_AFFINITY: OS proc 48 maps to socket 0 core 0 thread 1 
OMP: Info #171: KMP_AFFINITY: OS proc 1 maps to socket 0 core 1 thread 0 
OMP: Info #171: KMP_AFFINITY: OS proc 49 maps to socket 0 core 1 thread 1 
OMP: Info #171: KMP_AFFINITY: OS proc 2 maps to socket 0 core 2 thread 0 
OMP: Info #171: KMP_AFFINITY: OS proc 50 maps to socket 0 core 2 thread 1 
OMP: Info #144: KMP_AFFINITY: Threads may migrate across 1 innermost levels of machine
OMP: Info #154: KMP_AFFINITY: Initial OS proc set respected: 9-11,57-59
OMP: Info #213: KMP_AFFINITY: decoding x2APIC ids.
OMP: Info #276: KMP_AFFINITY: Affinity capable, using global cpuid leaf 11 info
OMP: Info #156: KMP_AFFINITY: 6 available OS procs
OMP: Info #157: KMP_AFFINITY: Uniform topology
OMP: Info #276: KMP_AFFINITY: Affinity capable, using global cpuid leaf 11 info
OMP: Info #156: KMP_AFFINITY: 6 available OS procs
OMP: Info #157: KMP_AFFINITY: Uniform topology
OMP: Info #191: KMP_AFFINITY: 1 socket x 3 cores/socket x 2 threads/core (3 total cores)
OMP: Info #215: KMP_AFFINITY: OS proc to physical thread map:
OMP: Info #171: KMP_AFFINITY: OS proc 9 maps to socket 0 core 11 thread 0 
OMP: Info #171: KMP_AFFINITY: OS proc 57 maps to socket 0 core 11 thread 1 
OMP: Info #171: KMP_AFFINITY: OS proc 10 maps to socket 0 core 12 thread 0 
OMP: Info #171: KMP_AFFINITY: OS proc 58 maps to socket 0 core 12 thread 1 
OMP: Info #171: KMP_AFFINITY: OS proc 11 maps to socket 0 core 13 thread 0 
OMP: Info #171: KMP_AFFINITY: OS proc 59 maps to socket 0 core 13 thread 1 
OMP: Info #144: KMP_AFFINITY: Threads may migrate across 1 innermost levels of machine
OMP: Info #154: KMP_AFFINITY: Initial OS proc set respected: 3-5,51-53
OMP: Info #213: KMP_AFFINITY: decoding x2APIC ids.
OMP: Info #191: KMP_AFFINITY: 1 socket x 3 cores/socket x 2 threads/core (3 total cores)
OMP: Info #215: KMP_AFFINITY: OS proc to physical thread map:
OMP: Info #171: KMP_AFFINITY: OS proc 27 maps to socket 1 core 3 thread 0 
OMP: Info #171: KMP_AFFINITY: OS proc 75 maps to socket 1 core 3 thread 1 
OMP: Info #171: KMP_AFFINITY: OS proc 28 maps to socket 1 core 4 thread 0 
OMP: Info #171: KMP_AFFINITY: OS proc 76 maps to socket 1 core 4 thread 1 
OMP: Info #154: KMP_AFFINITY: Initial OS proc set respected: 27-29,75-77
OMP: Info #213: KMP_AFFINITY: decoding x2APIC ids.
OMP: Info #154: KMP_AFFINITY: Initial OS proc set respected: 27-29,75-77
OMP: Info #213: KMP_AFFINITY: decoding x2APIC ids.
OMP: Info #171: KMP_AFFINITY: OS proc 29 maps to socket 1 core 5 thread 0 
OMP: Info #171: KMP_AFFINITY: OS proc 77 maps to socket 1 core 5 thread 1 
OMP: Info #154: KMP_AFFINITY: Initial OS proc set respected: 30-32,78-80
OMP: Info #213: KMP_AFFINITY: decoding x2APIC ids.
OMP: Info #154: KMP_AFFINITY: Initial OS proc set respected: 33-35,81-83
OMP: Info #213: KMP_AFFINITY: decoding x2APIC ids.
OMP: Info #144: KMP_AFFINITY: Threads may migrate across 1 innermost levels of machine
OMP: Info #251: KMP_AFFINITY: pid 2136384 tid 2136384 thread 0 bound to OS proc set 0,48
OMP: Info #154: KMP_AFFINITY: Initial OS proc set respected: 24-26,72-74
OMP: Info #213: KMP_AFFINITY: decoding x2APIC ids.
OMP: Info #276: KMP_AFFINITY: Affinity capable, using global cpuid leaf 11 info
OMP: Info #156: KMP_AFFINITY: 6 available OS procs
OMP: Info #157: KMP_AFFINITY: Uniform topology
OMP: Info #191: KMP_AFFINITY: 1 socket x 3 cores/socket x 2 threads/core (3 total cores)
OMP: Info #215: KMP_AFFINITY: OS proc to physical thread map:
OMP: Info #171: KMP_AFFINITY: OS proc 0 maps to socket 0 core 0 thread 0 
OMP: Info #171: KMP_AFFINITY: OS proc 48 maps to socket 0 core 0 thread 1 
OMP: Info #171: KMP_AFFINITY: OS proc 1 maps to socket 0 core 1 thread 0 
OMP: Info #171: KMP_AFFINITY: OS proc 49 maps to socket 0 core 1 thread 1 
OMP: Info #154: KMP_AFFINITY: Initial OS proc set respected: 3-5,51-53
OMP: Info #213: KMP_AFFINITY: decoding x2APIC ids.
OMP: Info #154: KMP_AFFINITY: Initial OS proc set respected: 6-8,54-56
OMP: Info #213: KMP_AFFINITY: decoding x2APIC ids.
OMP: Info #251: KMP_AFFINITY: pid 2136387 tid 2136387 thread 0 bound to OS proc set 9,57
OMP: Info #251: KMP_AFFINITY: pid 2437432 tid 2437432 thread 0 bound to OS proc set 27,75
OMP: Info #154: KMP_AFFINITY: Initial OS proc set respected: 24-26,72-74
OMP: Info #213: KMP_AFFINITY: decoding x2APIC ids.
OMP: Info #276: KMP_AFFINITY: Affinity capable, using global cpuid leaf 11 info
OMP: Info #156: KMP_AFFINITY: 6 available OS procs
OMP: Info #157: KMP_AFFINITY: Uniform topology
OMP: Info #191: KMP_AFFINITY: 1 socket x 3 cores/socket x 2 threads/core (3 total cores)
OMP: Info #215: KMP_AFFINITY: OS proc to physical thread map:
OMP: Info #171: KMP_AFFINITY: OS proc 30 maps to socket 1 core 8 thread 0 
OMP: Info #171: KMP_AFFINITY: OS proc 78 maps to socket 1 core 8 thread 1 
OMP: Info #171: KMP_AFFINITY: OS proc 31 maps to socket 1 core 9 thread 0 
OMP: Info #171: KMP_AFFINITY: OS proc 79 maps to socket 1 core 9 thread 1 
OMP: Info #171: KMP_AFFINITY: OS proc 32 maps to socket 1 core 10 thread 0 
OMP: Info #171: KMP_AFFINITY: OS proc 80 maps to socket 1 core 10 thread 1 
OMP: Info #154: KMP_AFFINITY: Initial OS proc set respected: 33-35,81-83
OMP: Info #213: KMP_AFFINITY: decoding x2APIC ids.
OMP: Info #171: KMP_AFFINITY: OS proc 2 maps to socket 0 core 2 thread 0 
OMP: Info #171: KMP_AFFINITY: OS proc 50 maps to socket 0 core 2 thread 1 
OMP: Info #144: KMP_AFFINITY: Threads may migrate across 1 innermost levels of machine
OMP: Info #251: KMP_AFFINITY: pid 2437427 tid 2437427 thread 0 bound to OS proc set 0,48
OMP: Info #251: KMP_AFFINITY: pid 2136384 tid 2136437 thread 1 bound to OS proc set 1,49
OMP: Info #276: KMP_AFFINITY: Affinity capable, using global cpuid leaf 11 info
OMP: Info #156: KMP_AFFINITY: 6 available OS procs
OMP: Info #157: KMP_AFFINITY: Uniform topology
OMP: Info #191: KMP_AFFINITY: 1 socket x 3 cores/socket x 2 threads/core (3 total cores)
OMP: Info #215: KMP_AFFINITY: OS proc to physical thread map:
OMP: Info #171: KMP_AFFINITY: OS proc 24 maps to socket 1 core 0 thread 0 
OMP: Info #171: KMP_AFFINITY: OS proc 72 maps to socket 1 core 0 thread 1 
OMP: Info #171: KMP_AFFINITY: OS proc 25 maps to socket 1 core 1 thread 0 
OMP: Info #171: KMP_AFFINITY: OS proc 73 maps to socket 1 core 1 thread 1 
OMP: Info #171: KMP_AFFINITY: OS proc 26 maps to socket 1 core 2 thread 0 
OMP: Info #171: KMP_AFFINITY: OS proc 74 maps to socket 1 core 2 thread 1 
OMP: Info #144: KMP_AFFINITY: Threads may migrate across 1 innermost levels of machine
OMP: Info #251: KMP_AFFINITY: pid 2437431 tid 2437431 thread 0 bound to OS proc set 24,72
OMP: Info #251: KMP_AFFINITY: pid 2136387 tid 2136438 thread 1 bound to OS proc set 10,58
OMP: Info #154: KMP_AFFINITY: Initial OS proc set respected: 6-8,54-56
OMP: Info #213: KMP_AFFINITY: decoding x2APIC ids.
OMP: Info #144: KMP_AFFINITY: Threads may migrate across 1 innermost levels of machine
OMP: Info #251: KMP_AFFINITY: pid 2437433 tid 2437433 thread 0 bound to OS proc set 30,78
OMP: Info #276: KMP_AFFINITY: Affinity capable, using global cpuid leaf 11 info
OMP: Info #156: KMP_AFFINITY: 6 available OS procs
OMP: Info #157: KMP_AFFINITY: Uniform topology
OMP: Info #276: KMP_AFFINITY: Affinity capable, using global cpuid leaf 11 info
OMP: Info #156: KMP_AFFINITY: 6 available OS procs
OMP: Info #157: KMP_AFFINITY: Uniform topology
OMP: Info #191: KMP_AFFINITY: 1 socket x 3 cores/socket x 2 threads/core (3 total cores)
OMP: Info #215: KMP_AFFINITY: OS proc to physical thread map:
OMP: Info #171: KMP_AFFINITY: OS proc 9 maps to socket 0 core 11 thread 0 
OMP: Info #171: KMP_AFFINITY: OS proc 57 maps to socket 0 core 11 thread 1 
OMP: Info #171: KMP_AFFINITY: OS proc 10 maps to socket 0 core 12 thread 0 
OMP: Info #171: KMP_AFFINITY: OS proc 58 maps to socket 0 core 12 thread 1 
OMP: Info #171: KMP_AFFINITY: OS proc 11 maps to socket 0 core 13 thread 0 
OMP: Info #171: KMP_AFFINITY: OS proc 59 maps to socket 0 core 13 thread 1 
OMP: Info #144: KMP_AFFINITY: Threads may migrate across 1 innermost levels of machine
OMP: Info #251: KMP_AFFINITY: pid 2437432 tid 2437490 thread 1 bound to OS proc set 28,76
OMP: Info #276: KMP_AFFINITY: Affinity capable, using global cpuid leaf 11 info
OMP: Info #156: KMP_AFFINITY: 6 available OS procs
OMP: Info #157: KMP_AFFINITY: Uniform topology
OMP: Info #191: KMP_AFFINITY: 1 socket x 3 cores/socket x 2 threads/core (3 total cores)
OMP: Info #215: KMP_AFFINITY: OS proc to physical thread map:
OMP: Info #171: KMP_AFFINITY: OS proc 33 maps to socket 1 core 11 thread 0 
OMP: Info #171: KMP_AFFINITY: OS proc 81 maps to socket 1 core 11 thread 1 
OMP: Info #171: KMP_AFFINITY: OS proc 34 maps to socket 1 core 12 thread 0 
OMP: Info #171: KMP_AFFINITY: OS proc 82 maps to socket 1 core 12 thread 1 
OMP: Info #251: KMP_AFFINITY: pid 2437427 tid 2437494 thread 1 bound to OS proc set 1,49
OMP: Info #251: KMP_AFFINITY: pid 2136384 tid 2136439 thread 2 bound to OS proc set 2,50
OMP: Info #276: KMP_AFFINITY: Affinity capable, using global cpuid leaf 11 info
OMP: Info #156: KMP_AFFINITY: 6 available OS procs
OMP: Info #157: KMP_AFFINITY: Uniform topology
OMP: Info #191: KMP_AFFINITY: 1 socket x 3 cores/socket x 2 threads/core (3 total cores)
OMP: Info #215: KMP_AFFINITY: OS proc to physical thread map:
OMP: Info #171: KMP_AFFINITY: OS proc 0 maps to socket 0 core 0 thread 0 
OMP: Info #171: KMP_AFFINITY: OS proc 48 maps to socket 0 core 0 thread 1 
OMP: Info #171: KMP_AFFINITY: OS proc 1 maps to socket 0 core 1 thread 0 
OMP: Info #171: KMP_AFFINITY: OS proc 49 maps to socket 0 core 1 thread 1 
OMP: Info #171: KMP_AFFINITY: OS proc 2 maps to socket 0 core 2 thread 0 
OMP: Info #171: KMP_AFFINITY: OS proc 50 maps to socket 0 core 2 thread 1 
OMP: Info #251: KMP_AFFINITY: pid 2437431 tid 2437493 thread 1 bound to OS proc set 25,73
OMP: Info #276: KMP_AFFINITY: Affinity capable, using global cpuid leaf 11 info
OMP: Info #156: KMP_AFFINITY: 6 available OS procs
OMP: Info #157: KMP_AFFINITY: Uniform topology
OMP: Info #191: KMP_AFFINITY: 1 socket x 3 cores/socket x 2 threads/core (3 total cores)
OMP: Info #215: KMP_AFFINITY: OS proc to physical thread map:
OMP: Info #171: KMP_AFFINITY: OS proc 3 maps to socket 0 core 3 thread 0 
OMP: Info #171: KMP_AFFINITY: OS proc 51 maps to socket 0 core 3 thread 1 
OMP: Info #171: KMP_AFFINITY: OS proc 4 maps to socket 0 core 4 thread 0 
OMP: Info #171: KMP_AFFINITY: OS proc 52 maps to socket 0 core 4 thread 1 
OMP: Info #171: KMP_AFFINITY: OS proc 5 maps to socket 0 core 5 thread 0 
OMP: Info #171: KMP_AFFINITY: OS proc 53 maps to socket 0 core 5 thread 1 
OMP: Info #276: KMP_AFFINITY: Affinity capable, using global cpuid leaf 11 info
OMP: Info #156: KMP_AFFINITY: 6 available OS procs
OMP: Info #157: KMP_AFFINITY: Uniform topology
OMP: Info #191: KMP_AFFINITY: 1 socket x 3 cores/socket x 2 threads/core (3 total cores)
OMP: Info #215: KMP_AFFINITY: OS proc to physical thread map:
OMP: Info #171: KMP_AFFINITY: OS proc 6 maps to socket 0 core 8 thread 0 
OMP: Info #171: KMP_AFFINITY: OS proc 54 maps to socket 0 core 8 thread 1 
OMP: Info #171: KMP_AFFINITY: OS proc 7 maps to socket 0 core 9 thread 0 
OMP: Info #171: KMP_AFFINITY: OS proc 55 maps to socket 0 core 9 thread 1 
OMP: Info #171: KMP_AFFINITY: OS proc 8 maps to socket 0 core 10 thread 0 
OMP: Info #171: KMP_AFFINITY: OS proc 56 maps to socket 0 core 10 thread 1 
OMP: Info #144: KMP_AFFINITY: Threads may migrate across 1 innermost levels of machine
OMP: Info #251: KMP_AFFINITY: pid 2437433 tid 2437491 thread 1 bound to OS proc set 31,79
OMP: Info #251: KMP_AFFINITY: pid 2136387 tid 2136440 thread 2 bound to OS proc set 11,59
OMP: Info #251: KMP_AFFINITY: pid 822805 tid 822805 thread 0 bound to OS proc set 9,57
OMP: Info #251: KMP_AFFINITY: pid 822805 tid 822855 thread 1 bound to OS proc set 10,58
OMP: Info #251: KMP_AFFINITY: pid 2437432 tid 2437492 thread 2 bound to OS proc set 29,77
OMP: Info #276: KMP_AFFINITY: Affinity capable, using global cpuid leaf 11 info
OMP: Info #156: KMP_AFFINITY: 6 available OS procs
OMP: Info #157: KMP_AFFINITY: Uniform topology
OMP: Info #191: KMP_AFFINITY: 1 socket x 3 cores/socket x 2 threads/core (3 total cores)
OMP: Info #215: KMP_AFFINITY: OS proc to physical thread map:
OMP: Info #171: KMP_AFFINITY: OS proc 24 maps to socket 1 core 0 thread 0 
OMP: Info #171: KMP_AFFINITY: OS proc 72 maps to socket 1 core 0 thread 1 
OMP: Info #171: KMP_AFFINITY: OS proc 25 maps to socket 1 core 1 thread 0 
OMP: Info #171: KMP_AFFINITY: OS proc 73 maps to socket 1 core 1 thread 1 
OMP: Info #171: KMP_AFFINITY: OS proc 26 maps to socket 1 core 2 thread 0 
OMP: Info #171: KMP_AFFINITY: OS proc 74 maps to socket 1 core 2 thread 1 
OMP: Info #144: KMP_AFFINITY: Threads may migrate across 1 innermost levels of machine
OMP: Info #251: KMP_AFFINITY: pid 2136388 tid 2136388 thread 0 bound to OS proc set 24,72
OMP: Info #276: KMP_AFFINITY: Affinity capable, using global cpuid leaf 11 info
OMP: Info #156: KMP_AFFINITY: 6 available OS procs
OMP: Info #157: KMP_AFFINITY: Uniform topology
OMP: Info #191: KMP_AFFINITY: 1 socket x 3 cores/socket x 2 threads/core (3 total cores)
OMP: Info #215: KMP_AFFINITY: OS proc to physical thread map:
OMP: Info #171: KMP_AFFINITY: OS proc 27 maps to socket 1 core 3 thread 0 
OMP: Info #171: KMP_AFFINITY: OS proc 75 maps to socket 1 core 3 thread 1 
OMP: Info #171: KMP_AFFINITY: OS proc 28 maps to socket 1 core 4 thread 0 
OMP: Info #171: KMP_AFFINITY: OS proc 76 maps to socket 1 core 4 thread 1 
OMP: Info #171: KMP_AFFINITY: OS proc 29 maps to socket 1 core 5 thread 0 
OMP: Info #171: KMP_AFFINITY: OS proc 77 maps to socket 1 core 5 thread 1 
OMP: Info #144: KMP_AFFINITY: Threads may migrate across 1 innermost levels of machine
OMP: Info #251: KMP_AFFINITY: pid 822807 tid 822807 thread 0 bound to OS proc set 27,75
OMP: Info #276: KMP_AFFINITY: Affinity capable, using global cpuid leaf 11 info
OMP: Info #156: KMP_AFFINITY: 6 available OS procs
OMP: Info #157: KMP_AFFINITY: Uniform topology
OMP: Info #191: KMP_AFFINITY: 1 socket x 3 cores/socket x 2 threads/core (3 total cores)
OMP: Info #191: KMP_AFFINITY: 1 socket x 3 cores/socket x 2 threads/core (3 total cores)
OMP: Info #215: KMP_AFFINITY: OS proc to physical thread map:
OMP: Info #171: KMP_AFFINITY: OS proc 27 maps to socket 1 core 3 thread 0 
OMP: Info #171: KMP_AFFINITY: OS proc 75 maps to socket 1 core 3 thread 1 
OMP: Info #171: KMP_AFFINITY: OS proc 28 maps to socket 1 core 4 thread 0 
OMP: Info #171: KMP_AFFINITY: OS proc 76 maps to socket 1 core 4 thread 1 
OMP: Info #171: KMP_AFFINITY: OS proc 29 maps to socket 1 core 5 thread 0 
OMP: Info #171: KMP_AFFINITY: OS proc 77 maps to socket 1 core 5 thread 1 
OMP: Info #144: KMP_AFFINITY: Threads may migrate across 1 innermost levels of machine
OMP: Info #251: KMP_AFFINITY: pid 2136389 tid 2136389 thread 0 bound to OS proc set 27,75
OMP: Info #144: KMP_AFFINITY: Threads may migrate across 1 innermost levels of machine
OMP: Info #251: KMP_AFFINITY: pid 822802 tid 822802 thread 0 bound to OS proc set 0,48
OMP: Info #215: KMP_AFFINITY: OS proc to physical thread map:
OMP: Info #171: KMP_AFFINITY: OS proc 6 maps to socket 0 core 8 thread 0 
OMP: Info #171: KMP_AFFINITY: OS proc 54 maps to socket 0 core 8 thread 1 
OMP: Info #171: KMP_AFFINITY: OS proc 7 maps to socket 0 core 9 thread 0 
OMP: Info #171: KMP_AFFINITY: OS proc 55 maps to socket 0 core 9 thread 1 
OMP: Info #171: KMP_AFFINITY: OS proc 8 maps to socket 0 core 10 thread 0 
OMP: Info #171: KMP_AFFINITY: OS proc 35 maps to socket 1 core 13 thread 0 
OMP: Info #171: KMP_AFFINITY: OS proc 83 maps to socket 1 core 13 thread 1 
OMP: Info #144: KMP_AFFINITY: Threads may migrate across 1 innermost levels of machine
OMP: Info #251: KMP_AFFINITY: pid 2136391 tid 2136391 thread 0 bound to OS proc set 33,81
OMP: Info #276: KMP_AFFINITY: Affinity capable, using global cpuid leaf 11 info
OMP: Info #156: KMP_AFFINITY: 6 available OS procs
OMP: Info #157: KMP_AFFINITY: Uniform topology
OMP: Info #191: KMP_AFFINITY: 1 socket x 3 cores/socket x 2 threads/core (3 total cores)
OMP: Info #215: KMP_AFFINITY: OS proc to physical thread map:
OMP: Info #171: KMP_AFFINITY: OS proc 3 maps to socket 0 core 3 thread 0 
OMP: Info #171: KMP_AFFINITY: OS proc 51 maps to socket 0 core 3 thread 1 
OMP: Info #171: KMP_AFFINITY: OS proc 4 maps to socket 0 core 4 thread 0 
OMP: Info #171: KMP_AFFINITY: OS proc 52 maps to socket 0 core 4 thread 1 
OMP: Info #171: KMP_AFFINITY: OS proc 5 maps to socket 0 core 5 thread 0 
OMP: Info #171: KMP_AFFINITY: OS proc 53 maps to socket 0 core 5 thread 1 
OMP: Info #144: KMP_AFFINITY: Threads may migrate across 1 innermost levels of machine
OMP: Info #251: KMP_AFFINITY: pid 822803 tid 822803 thread 0 bound to OS proc set 3,51
OMP: Info #251: KMP_AFFINITY: pid 2437431 tid 2437497 thread 2 bound to OS proc set 26,74
OMP: Info #144: KMP_AFFINITY: Threads may migrate across 1 innermost levels of machine
OMP: Info #251: KMP_AFFINITY: pid 2136385 tid 2136385 thread 0 bound to OS proc set 3,51
OMP: Info #251: KMP_AFFINITY: pid 822804 tid 822804 thread 0 bound to OS proc set 6,54
OMP: Info #251: KMP_AFFINITY: pid 2437427 tid 2437495 thread 2 bound to OS proc set 2,50
OMP: Info #251: KMP_AFFINITY: pid 2136384 tid 2136441 thread 3 bound to OS proc set 0,48
OMP: Info #276: KMP_AFFINITY: Affinity capable, using global cpuid leaf 11 info
OMP: Info #156: KMP_AFFINITY: 6 available OS procs
OMP: Info #157: KMP_AFFINITY: Uniform topology
OMP: Info #191: KMP_AFFINITY: 1 socket x 3 cores/socket x 2 threads/core (3 total cores)
OMP: Info #215: KMP_AFFINITY: OS proc to physical thread map:
OMP: Info #171: KMP_AFFINITY: OS proc 24 maps to socket 1 core 0 thread 0 
OMP: Info #171: KMP_AFFINITY: OS proc 72 maps to socket 1 core 0 thread 1 
OMP: Info #171: KMP_AFFINITY: OS proc 25 maps to socket 1 core 1 thread 0 
OMP: Info #171: KMP_AFFINITY: OS proc 73 maps to socket 1 core 1 thread 1 
OMP: Info #171: KMP_AFFINITY: OS proc 26 maps to socket 1 core 2 thread 0 
OMP: Info #171: KMP_AFFINITY: OS proc 74 maps to socket 1 core 2 thread 1 
OMP: Info #144: KMP_AFFINITY: Threads may migrate across 1 innermost levels of machine
OMP: Info #251: KMP_AFFINITY: pid 822806 tid 822806 thread 0 bound to OS proc set 24,72
OMP: Info #171: KMP_AFFINITY: OS proc 56 maps to socket 0 core 10 thread 1 
OMP: Info #144: KMP_AFFINITY: Threads may migrate across 1 innermost levels of machine
OMP: Info #251: KMP_AFFINITY: pid 2136387 tid 2136442 thread 3 bound to OS proc set 9,57
OMP: Info #276: KMP_AFFINITY: Affinity capable, using global cpuid leaf 11 info
OMP: Info #156: KMP_AFFINITY: 6 available OS procs
OMP: Info #157: KMP_AFFINITY: Uniform topology
OMP: Info #191: KMP_AFFINITY: 1 socket x 3 cores/socket x 2 threads/core (3 total cores)
OMP: Info #215: KMP_AFFINITY: OS proc to physical thread map:
OMP: Info #171: KMP_AFFINITY: OS proc 33 maps to socket 1 core 11 thread 0 
OMP: Info #171: KMP_AFFINITY: OS proc 81 maps to socket 1 core 11 thread 1 
OMP: Info #171: KMP_AFFINITY: OS proc 34 maps to socket 1 core 12 thread 0 
OMP: Info #171: KMP_AFFINITY: OS proc 82 maps to socket 1 core 12 thread 1 
OMP: Info #171: KMP_AFFINITY: OS proc 35 maps to socket 1 core 13 thread 0 
OMP: Info #171: KMP_AFFINITY: OS proc 83 maps to socket 1 core 13 thread 1 
OMP: Info #144: KMP_AFFINITY: Threads may migrate across 1 innermost levels of machine
OMP: Info #251: KMP_AFFINITY: pid 822809 tid 822809 thread 0 bound to OS proc set 33,81
OMP: Info #251: KMP_AFFINITY: pid 2437429 tid 2437429 thread 0 bound to OS proc set 6,54
OMP: Info #251: KMP_AFFINITY: pid 2136385 tid 2136447 thread 1 bound to OS proc set 4,52
OMP: Info #251: KMP_AFFINITY: pid 822804 tid 822859 thread 1 bound to OS proc set 7,55
OMP: Info #251: KMP_AFFINITY: pid 2437432 tid 2437498 thread 3 bound to OS proc set 27,75
OMP: Info #251: KMP_AFFINITY: pid 2136387 tid 2136448 thread 4 bound to OS proc set 10,58
OMP: Info #251: KMP_AFFINITY: pid 822807 tid 822857 thread 1 bound to OS proc set 28,76
OMP: Info #251: KMP_AFFINITY: pid 2437427 tid 2437499 thread 3 bound to OS proc set 0,48
OMP: Info #251: KMP_AFFINITY: pid 2136388 tid 2136444 thread 1 bound to OS proc set 25,73
OMP: Info #251: KMP_AFFINITY: pid 822802 tid 822858 thread 1 bound to OS proc set 1,49
OMP: Info #251: KMP_AFFINITY: pid 822802 tid 822861 thread 2 bound to OS proc set 2,50
OMP: Info #251: KMP_AFFINITY: pid 2437431 tid 2437500 thread 3 bound to OS proc set 24,72
OMP: Info #251: KMP_AFFINITY: pid 2136389 tid 2136443 thread 1 bound to OS proc set 28,76
OMP: Info #251: KMP_AFFINITY: pid 822803 tid 822864 thread 1 bound to OS proc set 4,52
OMP: Info #251: KMP_AFFINITY: pid 2437432 tid 2437501 thread 4 bound to OS proc set 28,76
OMP: Info #251: KMP_AFFINITY: pid 2136391 tid 2136445 thread 1 bound to OS proc set 34,82
OMP: Info #251: KMP_AFFINITY: pid 822806 tid 822862 thread 1 bound to OS proc set 25,73
OMP: Info #251: KMP_AFFINITY: pid 2437427 tid 2437502 thread 4 bound to OS proc set 1,49
OMP: Info #251: KMP_AFFINITY: pid 2136384 tid 2136446 thread 4 bound to OS proc set 1,49
OMP: Info #251: KMP_AFFINITY: pid 822809 tid 822860 thread 1 bound to OS proc set 34,82
OMP: Info #251: KMP_AFFINITY: pid 2437427 tid 2437505 thread 5 bound to OS proc set 2,50
OMP: Info #154: KMP_AFFINITY: Initial OS proc set respected: 0-2,48-50
OMP: Info #213: KMP_AFFINITY: decoding x2APIC ids.
OMP: Info #251: KMP_AFFINITY: pid 2136385 tid 2136449 thread 2 bound to OS proc set 5,53
OMP: Info #251: KMP_AFFINITY: pid 822805 tid 822856 thread 2 bound to OS proc set 11,59
OMP: Info #251: KMP_AFFINITY: pid 2437431 tid 2437503 thread 4 bound to OS proc set 25,73
OMP: Info #154: KMP_AFFINITY: Initial OS proc set respected: 3-5,51-53
OMP: Info #213: KMP_AFFINITY: decoding x2APIC ids.
OMP: Info #251: KMP_AFFINITY: pid 2136387 tid 2136453 thread 5 bound to OS proc set 11,59
OMP: Info #251: KMP_AFFINITY: pid 822807 tid 822863 thread 2 bound to OS proc set 29,77
OMP: Info #251: KMP_AFFINITY: pid 2437429 tid 2437504 thread 1 bound to OS proc set 7,55
OMP: Info #154: KMP_AFFINITY: Initial OS proc set respected: 6-8,54-56
OMP: Info #213: KMP_AFFINITY: decoding x2APIC ids.
OMP: Info #251: KMP_AFFINITY: pid 2136388 tid 2136452 thread 2 bound to OS proc set 26,74
OMP: Info #251: KMP_AFFINITY: pid 822802 tid 822867 thread 3 bound to OS proc set 0,48
OMP: Info #251: KMP_AFFINITY: pid 2437431 tid 2437506 thread 5 bound to OS proc set 26,74
OMP: Info #154: KMP_AFFINITY: Initial OS proc set respected: 9-11,57-59
OMP: Info #213: KMP_AFFINITY: decoding x2APIC ids.
OMP: Info #251: KMP_AFFINITY: pid 2136389 tid 2136450 thread 2 bound to OS proc set 29,77
OMP: Info #251: KMP_AFFINITY: pid 822804 tid 822866 thread 2 bound to OS proc set 8,56
OMP: Info #251: KMP_AFFINITY: pid 2437429 tid 2437507 thread 2 bound to OS proc set 8,56
OMP: Info #154: KMP_AFFINITY: Initial OS proc set respected: 24-26,72-74
OMP: Info #213: KMP_AFFINITY: decoding x2APIC ids.
OMP: Info #276: KMP_AFFINITY: Affinity capable, using global cpuid leaf 11 info
OMP: Info #156: KMP_AFFINITY: 6 available OS procs
OMP: Info #157: KMP_AFFINITY: Uniform topology
OMP: Info #191: KMP_AFFINITY: 1 socket x 3 cores/socket x 2 threads/core (3 total cores)
OMP: Info #215: KMP_AFFINITY: OS proc to physical thread map:
OMP: Info #171: KMP_AFFINITY: OS proc 30 maps to socket 1 core 8 thread 0 
OMP: Info #171: KMP_AFFINITY: OS proc 78 maps to socket 1 core 8 thread 1 
OMP: Info #171: KMP_AFFINITY: OS proc 31 maps to socket 1 core 9 thread 0 
OMP: Info #171: KMP_AFFINITY: OS proc 79 maps to socket 1 core 9 thread 1 
OMP: Info #171: KMP_AFFINITY: OS proc 32 maps to socket 1 core 10 thread 0 
OMP: Info #171: KMP_AFFINITY: OS proc 80 maps to socket 1 core 10 thread 1 
OMP: Info #144: KMP_AFFINITY: Threads may migrate across 1 innermost levels of machine
OMP: Info #251: KMP_AFFINITY: pid 2136390 tid 2136390 thread 0 bound to OS proc set 30,78
OMP: Info #251: KMP_AFFINITY: pid 822809 tid 822868 thread 2 bound to OS proc set 35,83
OMP: Info #251: KMP_AFFINITY: pid 2437429 tid 2437508 thread 3 bound to OS proc set 6,54
OMP: Info #154: KMP_AFFINITY: Initial OS proc set respected: 27-29,75-77
OMP: Info #213: KMP_AFFINITY: decoding x2APIC ids.
OMP: Info #251: KMP_AFFINITY: pid 2136384 tid 2136455 thread 5 bound to OS proc set 2,50
OMP: Info #251: KMP_AFFINITY: pid 822805 tid 822865 thread 3 bound to OS proc set 9,57
OMP: Info #251: KMP_AFFINITY: pid 2437429 tid 2437509 thread 4 bound to OS proc set 7,55
OMP: Info #154: KMP_AFFINITY: Initial OS proc set respected: 30-32,78-80
OMP: Info #213: KMP_AFFINITY: decoding x2APIC ids.
OMP: Info #251: KMP_AFFINITY: pid 2136385 tid 2136454 thread 3 bound to OS proc set 3,51
OMP: Info #251: KMP_AFFINITY: pid 2136385 tid 2136458 thread 4 bound to OS proc set 4,52
OMP: Info #251: KMP_AFFINITY: pid 822806 tid 822870 thread 2 bound to OS proc set 26,74
OMP: Info #251: KMP_AFFINITY: pid 2437433 tid 2437496 thread 2 bound to OS proc set 32,80
OMP: Info #154: KMP_AFFINITY: Initial OS proc set respected: 33-35,81-83
OMP: Info #213: KMP_AFFINITY: decoding x2APIC ids.
OMP: Info #251: KMP_AFFINITY: pid 2136389 tid 2136456 thread 3 bound to OS proc set 27,75
OMP: Info #251: KMP_AFFINITY: pid 822802 tid 822873 thread 4 bound to OS proc set 1,49
OMP: Info #251: KMP_AFFINITY: pid 2437433 tid 2437511 thread 3 bound to OS proc set 30,78
OMP: Info #276: KMP_AFFINITY: Affinity capable, using global cpuid leaf 11 info
OMP: Info #156: KMP_AFFINITY: 6 available OS procs
OMP: Info #157: KMP_AFFINITY: Uniform topology
OMP: Info #251: KMP_AFFINITY: pid 2136391 tid 2136451 thread 2 bound to OS proc set 35,83
OMP: Info #251: KMP_AFFINITY: pid 2136391 tid 2136459 thread 3 bound to OS proc set 33,81
OMP: Info #251: KMP_AFFINITY: pid 822803 tid 822869 thread 2 bound to OS proc set 5,53
OMP: Info #251: KMP_AFFINITY: pid 2437429 tid 2437510 thread 5 bound to OS proc set 8,56
OMP: Info #276: KMP_AFFINITY: Affinity capable, using global cpuid leaf 11 info
OMP: Info #156: KMP_AFFINITY: 6 available OS procs
OMP: Info #157: KMP_AFFINITY: Uniform topology
OMP: Info #191: KMP_AFFINITY: 1 socket x 3 cores/socket x 2 threads/core (3 total cores)
OMP: Info #215: KMP_AFFINITY: OS proc to physical thread map:
OMP: Info #171: KMP_AFFINITY: OS proc 0 maps to socket 0 core 0 thread 0 
OMP: Info #251: KMP_AFFINITY: pid 2136385 tid 2136462 thread 5 bound to OS proc set 5,53
OMP: Info #251: KMP_AFFINITY: pid 822807 tid 822871 thread 3 bound to OS proc set 27,75
OMP: Info #251: KMP_AFFINITY: pid 2437432 tid 2437513 thread 5 bound to OS proc set 29,77
OMP: Info #276: KMP_AFFINITY: Affinity capable, using global cpuid leaf 11 info
OMP: Info #156: KMP_AFFINITY: 6 available OS procs
OMP: Info #157: KMP_AFFINITY: Uniform topology
OMP: Info #191: KMP_AFFINITY: 1 socket x 3 cores/socket x 2 threads/core (3 total cores)
OMP: Info #215: KMP_AFFINITY: OS proc to physical thread map:
OMP: Info #171: KMP_AFFINITY: OS proc 6 maps to socket 0 core 8 thread 0 
OMP: Info #171: KMP_AFFINITY: OS proc 54 maps to socket 0 core 8 thread 1 
OMP: Info #171: KMP_AFFINITY: OS proc 7 maps to socket 0 core 9 thread 0 
OMP: Info #171: KMP_AFFINITY: OS proc 55 maps to socket 0 core 9 thread 1 
OMP: Info #171: KMP_AFFINITY: OS proc 8 maps to socket 0 core 10 thread 0 
OMP: Info #171: KMP_AFFINITY: OS proc 56 maps to socket 0 core 10 thread 1 
OMP: Info #251: KMP_AFFINITY: pid 2136388 tid 2136457 thread 3 bound to OS proc set 24,72
OMP: Info #251: KMP_AFFINITY: pid 822805 tid 822872 thread 4 bound to OS proc set 10,58
OMP: Info #251: KMP_AFFINITY: pid 2437433 tid 2437514 thread 5 bound to OS proc set 32,80
OMP: Info #276: KMP_AFFINITY: Affinity capable, using global cpuid leaf 11 info
OMP: Info #156: KMP_AFFINITY: 6 available OS procs
OMP: Info #157: KMP_AFFINITY: Uniform topology
OMP: Info #191: KMP_AFFINITY: 1 socket x 3 cores/socket x 2 threads/core (3 total cores)
OMP: Info #215: KMP_AFFINITY: OS proc to physical thread map:
OMP: Info #171: KMP_AFFINITY: OS proc 24 maps to socket 1 core 0 thread 0 
OMP: Info #171: KMP_AFFINITY: OS proc 72 maps to socket 1 core 0 thread 1 
OMP: Info #171: KMP_AFFINITY: OS proc 25 maps to socket 1 core 1 thread 0 
OMP: Info #171: KMP_AFFINITY: OS proc 73 maps to socket 1 core 1 thread 1 
OMP: Info #171: KMP_AFFINITY: OS proc 26 maps to socket 1 core 2 thread 0 
OMP: Info #171: KMP_AFFINITY: OS proc 74 maps to socket 1 core 2 thread 1 
OMP: Info #251: KMP_AFFINITY: pid 2136389 tid 2136461 thread 4 bound to OS proc set 28,76
OMP: Info #251: KMP_AFFINITY: pid 822809 tid 822875 thread 3 bound to OS proc set 33,81
OMP: Info #251: KMP_AFFINITY: pid 2437433 tid 2437512 thread 4 bound to OS proc set 31,79
OMP: Info #276: KMP_AFFINITY: Affinity capable, using global cpuid leaf 11 info
OMP: Info #156: KMP_AFFINITY: 6 available OS procs
OMP: Info #157: KMP_AFFINITY: Uniform topology
OMP: Info #191: KMP_AFFINITY: 1 socket x 3 cores/socket x 2 threads/core (3 total cores)
OMP: Info #215: KMP_AFFINITY: OS proc to physical thread map:
OMP: Info #171: KMP_AFFINITY: OS proc 27 maps to socket 1 core 3 thread 0 
OMP: Info #171: KMP_AFFINITY: OS proc 75 maps to socket 1 core 3 thread 1 
OMP: Info #171: KMP_AFFINITY: OS proc 28 maps to socket 1 core 4 thread 0 
OMP: Info #171: KMP_AFFINITY: OS proc 76 maps to socket 1 core 4 thread 1 
OMP: Info #171: KMP_AFFINITY: OS proc 29 maps to socket 1 core 5 thread 0 
OMP: Info #171: KMP_AFFINITY: OS proc 77 maps to socket 1 core 5 thread 1 
OMP: Info #251: KMP_AFFINITY: pid 2136390 tid 2136460 thread 1 bound to OS proc set 31,79
OMP: Info #251: KMP_AFFINITY: pid 822806 tid 822876 thread 3 bound to OS proc set 24,72
OMP: Info #191: KMP_AFFINITY: 1 socket x 3 cores/socket x 2 threads/core (3 total cores)
OMP: Info #215: KMP_AFFINITY: OS proc to physical thread map:
OMP: Info #171: KMP_AFFINITY: OS proc 30 maps to socket 1 core 8 thread 0 
OMP: Info #171: KMP_AFFINITY: OS proc 78 maps to socket 1 core 8 thread 1 
OMP: Info #171: KMP_AFFINITY: OS proc 31 maps to socket 1 core 9 thread 0 
OMP: Info #171: KMP_AFFINITY: OS proc 79 maps to socket 1 core 9 thread 1 
OMP: Info #171: KMP_AFFINITY: OS proc 32 maps to socket 1 core 10 thread 0 
OMP: Info #171: KMP_AFFINITY: OS proc 80 maps to socket 1 core 10 thread 1 
OMP: Info #144: KMP_AFFINITY: Threads may migrate across 1 innermost levels of machine
OMP: Info #251: KMP_AFFINITY: pid 3850712 tid 3850712 thread 0 bound to OS proc set 30,78
OMP: Info #251: KMP_AFFINITY: pid 2136391 tid 2136463 thread 4 bound to OS proc set 34,82
OMP: Info #251: KMP_AFFINITY: pid 822802 tid 822877 thread 5 bound to OS proc set 2,50
OMP: Info #276: KMP_AFFINITY: Affinity capable, using global cpuid leaf 11 info
OMP: Info #156: KMP_AFFINITY: 6 available OS procs
OMP: Info #157: KMP_AFFINITY: Uniform topology
OMP: Info #191: KMP_AFFINITY: 1 socket x 3 cores/socket x 2 threads/core (3 total cores)
OMP: Info #215: KMP_AFFINITY: OS proc to physical thread map:
OMP: Info #171: KMP_AFFINITY: OS proc 33 maps to socket 1 core 11 thread 0 
OMP: Info #171: KMP_AFFINITY: OS proc 81 maps to socket 1 core 11 thread 1 
OMP: Info #171: KMP_AFFINITY: OS proc 34 maps to socket 1 core 12 thread 0 
OMP: Info #171: KMP_AFFINITY: OS proc 82 maps to socket 1 core 12 thread 1 
OMP: Info #171: KMP_AFFINITY: OS proc 35 maps to socket 1 core 13 thread 0 
OMP: Info #171: KMP_AFFINITY: OS proc 83 maps to socket 1 core 13 thread 1 
OMP: Info #144: KMP_AFFINITY: Threads may migrate across 1 innermost levels of machine
OMP: Info #251: KMP_AFFINITY: pid 3850713 tid 3850713 thread 0 bound to OS proc set 33,81
OMP: Info #251: KMP_AFFINITY: pid 2136388 tid 2136464 thread 4 bound to OS proc set 25,73
OMP: Info #251: KMP_AFFINITY: pid 822803 tid 822879 thread 3 bound to OS proc set 3,51
OMP: Info #171: KMP_AFFINITY: OS proc 48 maps to socket 0 core 0 thread 1 
OMP: Info #171: KMP_AFFINITY: OS proc 1 maps to socket 0 core 1 thread 0 
OMP: Info #171: KMP_AFFINITY: OS proc 49 maps to socket 0 core 1 thread 1 
OMP: Info #171: KMP_AFFINITY: OS proc 2 maps to socket 0 core 2 thread 0 
OMP: Info #171: KMP_AFFINITY: OS proc 50 maps to socket 0 core 2 thread 1 
OMP: Info #144: KMP_AFFINITY: Threads may migrate across 1 innermost levels of machine
OMP: Info #251: KMP_AFFINITY: pid 3850706 tid 3850706 thread 0 bound to OS proc set 0,48
OMP: Info #251: KMP_AFFINITY: pid 2136389 tid 2136466 thread 5 bound to OS proc set 29,77
OMP: Info #251: KMP_AFFINITY: pid 822805 tid 822880 thread 5 bound to OS proc set 11,59
OMP: Info #276: KMP_AFFINITY: Affinity capable, using global cpuid leaf 11 info
OMP: Info #156: KMP_AFFINITY: 6 available OS procs
OMP: Info #157: KMP_AFFINITY: Uniform topology
OMP: Info #191: KMP_AFFINITY: 1 socket x 3 cores/socket x 2 threads/core (3 total cores)
OMP: Info #215: KMP_AFFINITY: OS proc to physical thread map:
OMP: Info #171: KMP_AFFINITY: OS proc 3 maps to socket 0 core 3 thread 0 
OMP: Info #171: KMP_AFFINITY: OS proc 51 maps to socket 0 core 3 thread 1 
OMP: Info #171: KMP_AFFINITY: OS proc 4 maps to socket 0 core 4 thread 0 
OMP: Info #171: KMP_AFFINITY: OS proc 52 maps to socket 0 core 4 thread 1 
OMP: Info #171: KMP_AFFINITY: OS proc 5 maps to socket 0 core 5 thread 0 
OMP: Info #171: KMP_AFFINITY: OS proc 53 maps to socket 0 core 5 thread 1 
OMP: Info #144: KMP_AFFINITY: Threads may migrate across 1 innermost levels of machine
OMP: Info #251: KMP_AFFINITY: pid 3850707 tid 3850707 thread 0 bound to OS proc set 3,51
OMP: Info #251: KMP_AFFINITY: pid 2136388 tid 2136468 thread 5 bound to OS proc set 26,74
OMP: Info #251: KMP_AFFINITY: pid 822809 tid 822881 thread 4 bound to OS proc set 34,82
OMP: Info #144: KMP_AFFINITY: Threads may migrate across 1 innermost levels of machine
OMP: Info #251: KMP_AFFINITY: pid 3850708 tid 3850708 thread 0 bound to OS proc set 6,54
OMP: Info #251: KMP_AFFINITY: pid 2136391 tid 2136467 thread 5 bound to OS proc set 35,83
OMP: Info #251: KMP_AFFINITY: pid 822803 tid 822883 thread 4 bound to OS proc set 4,52
OMP: Info #276: KMP_AFFINITY: Affinity capable, using global cpuid leaf 11 info
OMP: Info #156: KMP_AFFINITY: 6 available OS procs
OMP: Info #157: KMP_AFFINITY: Uniform topology
OMP: Info #191: KMP_AFFINITY: 1 socket x 3 cores/socket x 2 threads/core (3 total cores)
OMP: Info #215: KMP_AFFINITY: OS proc to physical thread map:
OMP: Info #171: KMP_AFFINITY: OS proc 9 maps to socket 0 core 11 thread 0 
OMP: Info #171: KMP_AFFINITY: OS proc 57 maps to socket 0 core 11 thread 1 
OMP: Info #171: KMP_AFFINITY: OS proc 10 maps to socket 0 core 12 thread 0 
OMP: Info #171: KMP_AFFINITY: OS proc 58 maps to socket 0 core 12 thread 1 
OMP: Info #171: KMP_AFFINITY: OS proc 11 maps to socket 0 core 13 thread 0 
OMP: Info #171: KMP_AFFINITY: OS proc 59 maps to socket 0 core 13 thread 1 
OMP: Info #144: KMP_AFFINITY: Threads may migrate across 1 innermost levels of machine
OMP: Info #251: KMP_AFFINITY: pid 3850709 tid 3850709 thread 0 bound to OS proc set 9,57
OMP: Info #251: KMP_AFFINITY: pid 822807 tid 822878 thread 4 bound to OS proc set 28,76
OMP: Info #144: KMP_AFFINITY: Threads may migrate across 1 innermost levels of machine
OMP: Info #251: KMP_AFFINITY: pid 3850710 tid 3850710 thread 0 bound to OS proc set 24,72
OMP: Info #251: KMP_AFFINITY: pid 822806 tid 822882 thread 4 bound to OS proc set 25,73
OMP: Info #144: KMP_AFFINITY: Threads may migrate across 1 innermost levels of machine
OMP: Info #251: KMP_AFFINITY: pid 3850711 tid 3850711 thread 0 bound to OS proc set 27,75
OMP: Info #251: KMP_AFFINITY: pid 822803 tid 822885 thread 5 bound to OS proc set 5,53
OMP: Info #251: KMP_AFFINITY: pid 3850712 tid 3850754 thread 1 bound to OS proc set 31,79
OMP: Info #251: KMP_AFFINITY: pid 822806 tid 822886 thread 5 bound to OS proc set 26,74
OMP: Info #251: KMP_AFFINITY: pid 3850713 tid 3850755 thread 1 bound to OS proc set 34,82
OMP: Info #251: KMP_AFFINITY: pid 822807 tid 822884 thread 5 bound to OS proc set 29,77
OMP: Info #251: KMP_AFFINITY: pid 3850706 tid 3850759 thread 1 bound to OS proc set 1,49
OMP: Info #251: KMP_AFFINITY: pid 822809 tid 822887 thread 5 bound to OS proc set 35,83
OMP: Info #251: KMP_AFFINITY: pid 3850709 tid 3850757 thread 1 bound to OS proc set 10,58
OMP: Info #251: KMP_AFFINITY: pid 822804 tid 822874 thread 3 bound to OS proc set 6,54
OMP: Info #251: KMP_AFFINITY: pid 822804 tid 822888 thread 4 bound to OS proc set 7,55
OMP: Info #251: KMP_AFFINITY: pid 3850710 tid 3850756 thread 1 bound to OS proc set 25,73
OMP: Info #251: KMP_AFFINITY: pid 3850707 tid 3850760 thread 1 bound to OS proc set 4,52
OMP: Info #251: KMP_AFFINITY: pid 3850711 tid 3850758 thread 1 bound to OS proc set 28,76
OMP: Info #251: KMP_AFFINITY: pid 3850711 tid 3850767 thread 2 bound to OS proc set 29,77
OMP: Info #251: KMP_AFFINITY: pid 3850712 tid 3850762 thread 2 bound to OS proc set 32,80
OMP: Info #251: KMP_AFFINITY: pid 3850709 tid 3850763 thread 2 bound to OS proc set 11,59
OMP: Info #251: KMP_AFFINITY: pid 3850713 tid 3850761 thread 2 bound to OS proc set 35,83
OMP: Info #251: KMP_AFFINITY: pid 3850706 tid 3850765 thread 2 bound to OS proc set 2,50
OMP: Info #251: KMP_AFFINITY: pid 3850708 tid 3850769 thread 1 bound to OS proc set 7,55
OMP: Info #251: KMP_AFFINITY: pid 3850710 tid 3850764 thread 2 bound to OS proc set 26,74
OMP: Info #251: KMP_AFFINITY: pid 3850707 tid 3850766 thread 2 bound to OS proc set 5,53
OMP: Info #251: KMP_AFFINITY: pid 2136390 tid 2136465 thread 2 bound to OS proc set 32,80
OMP: Info #251: KMP_AFFINITY: pid 2136390 tid 2136469 thread 3 bound to OS proc set 30,78
OMP: Info #251: KMP_AFFINITY: pid 3850711 tid 3850768 thread 3 bound to OS proc set 27,75
OMP: Info #251: KMP_AFFINITY: pid 3850707 tid 3850771 thread 3 bound to OS proc set 3,51
OMP: Info #251: KMP_AFFINITY: pid 3850709 tid 3850774 thread 3 bound to OS proc set 9,57
OMP: Info #251: KMP_AFFINITY: pid 3850712 tid 3850770 thread 3 bound to OS proc set 30,78
OMP: Info #251: KMP_AFFINITY: pid 3850713 tid 3850772 thread 3 bound to OS proc set 33,81
OMP: Info #251: KMP_AFFINITY: pid 3850708 tid 3850779 thread 2 bound to OS proc set 8,56
OMP: Info #251: KMP_AFFINITY: pid 3850709 tid 3850778 thread 4 bound to OS proc set 10,58
OMP: Info #251: KMP_AFFINITY: pid 3850711 tid 3850775 thread 4 bound to OS proc set 28,76
OMP: Info #251: KMP_AFFINITY: pid 3850711 tid 3850781 thread 5 bound to OS proc set 29,77
OMP: Info #251: KMP_AFFINITY: pid 3850710 tid 3850773 thread 3 bound to OS proc set 24,72
OMP: Info #251: KMP_AFFINITY: pid 3850712 tid 3850777 thread 4 bound to OS proc set 31,79
OMP: Info #251: KMP_AFFINITY: pid 3850713 tid 3850780 thread 4 bound to OS proc set 34,82
OMP: Info #251: KMP_AFFINITY: pid 3850707 tid 3850776 thread 4 bound to OS proc set 4,52
OMP: Info #251: KMP_AFFINITY: pid 3850709 tid 3850782 thread 5 bound to OS proc set 11,59
OMP: Info #251: KMP_AFFINITY: pid 2136390 tid 2136470 thread 4 bound to OS proc set 31,79
OMP: Info #251: KMP_AFFINITY: pid 3850707 tid 3850786 thread 5 bound to OS proc set 5,53
OMP: Info #251: KMP_AFFINITY: pid 3850710 tid 3850783 thread 4 bound to OS proc set 25,73
OMP: Info #251: KMP_AFFINITY: pid 3850712 tid 3850785 thread 5 bound to OS proc set 32,80
OMP: Info #251: KMP_AFFINITY: pid 3850713 tid 3850784 thread 5 bound to OS proc set 35,83
OMP: Info #251: KMP_AFFINITY: pid 2136390 tid 2136471 thread 5 bound to OS proc set 32,80
OMP: Info #251: KMP_AFFINITY: pid 3850706 tid 3850787 thread 3 bound to OS proc set 0,48
OMP: Info #251: KMP_AFFINITY: pid 3850706 tid 3850788 thread 4 bound to OS proc set 1,49
OMP: Info #251: KMP_AFFINITY: pid 822804 tid 822889 thread 5 bound to OS proc set 8,56
OMP: Info #251: KMP_AFFINITY: pid 3850706 tid 3850789 thread 5 bound to OS proc set 2,50
OMP: Info #251: KMP_AFFINITY: pid 3850710 tid 3850790 thread 5 bound to OS proc set 26,74
OMP: Info #251: KMP_AFFINITY: pid 3850708 tid 3850791 thread 3 bound to OS proc set 6,54
OMP: Info #251: KMP_AFFINITY: pid 3850708 tid 3850792 thread 4 bound to OS proc set 7,55
OMP: Info #251: KMP_AFFINITY: pid 3850708 tid 3850793 thread 5 bound to OS proc set 8,56

Num-X: 8 ; Num-Y: 4 ; Resolution: 6500 ; Rank: 17 ; Rank-X: 1 ; Rank-Y: 2 ; Rowstart: 3250; Rowend: 4876; Rows: 1626; Colstart: 813; Colend: 1627; Cols: 814;
Num-X: 8 ; Num-Y: 4 ; Resolution: 6500 ; Rank: 23 ; Rank-X: 7 ; Rank-Y: 2 ; Rowstart: 3250; Rowend: 4876; Rows: 1626; Colstart: 5691; Colend: 6501; Cols: 810;
Num-X: 8 ; Num-Y: 4 ; Resolution: 6500 ; Rank: 6 ; Rank-X: 6 ; Rank-Y: 0 ; Rowstart: 0; Rowend: 1626; Rows: 1626; Colstart: 4878; Colend: 5692; Cols: 814;
Num-X: 8 ; Num-Y: 4 ; Resolution: 6500 ; Rank: 19 ; Rank-X: 3 ; Rank-Y: 2 ; Rowstart: 3250; Rowend: 4876; Rows: 1626; Colstart: 2439; Colend: 3253; Cols: 814;
Num-X: 8 ; Num-Y: 4 ; Resolution: 6500 ; Rank: 20 ; Rank-X: 4 ; Rank-Y: 2 ; Rowstart: 3250; Rowend: 4876; Rows: 1626; Colstart: 3252; Colend: 4066; Cols: 814;
Num-X: 8 ; Num-Y: 4 ; Resolution: 6500 ; Rank: 10 ; Rank-X: 2 ; Rank-Y: 1 ; Rowstart: 1625; Rowend: 3251; Rows: 1626; Colstart: 1626; Colend: 2440; Cols: 814;
Num-X: 8 ; Num-Y: 4 ; Resolution: 6500 ; Rank: 11 ; Rank-X: 3 ; Rank-Y: 1 ; Rowstart: 1625; Rowend: 3251; Rows: 1626; Colstart: 2439; Colend: 3253; Cols: 814;
Num-X: 8 ; Num-Y: 4 ; Resolution: 6500 ; Rank: 18 ; Rank-X: 2 ; Rank-Y: 2 ; Rowstart: 3250; Rowend: 4876; Rows: 1626; Colstart: 1626; Colend: 2440; Cols: 814;
Num-X: 8 ; Num-Y: 4 ; Resolution: 6500 ; Rank: 16 ; Rank-X: 0 ; Rank-Y: 2 ; Rowstart: 3250; Rowend: 4876; Rows: 1626; Colstart: 0; Colend: 814; Cols: 814;
Num-X: 8 ; Num-Y: 4 ; Resolution: 6500 ; Rank: 21 ; Rank-X: 5 ; Rank-Y: 2 ; Rowstart: 3250; Rowend: 4876; Rows: 1626; Colstart: 4065; Colend: 4879; Cols: 814;
Num-X: 8 ; Num-Y: 4 ; Resolution: 6500 ; Rank: 4 ; Rank-X: 4 ; Rank-Y: 0 ; Rowstart: 0; Rowend: 1626; Rows: 1626; Colstart: 3252; Colend: 4066; Cols: 814;
Num-X: 8 ; Num-Y: 4 ; Resolution: 6500 ; Rank: 22 ; Rank-X: 6 ; Rank-Y: 2 ; Rowstart: 3250; Rowend: 4876; Rows: 1626; Colstart: 4878; Colend: 5692; Cols: 814;
Num-X: 8 ; Num-Y: 4 ; Resolution: 6500 ; Rank: 1 ; Rank-X: 1 ; Rank-Y: 0 ; Rowstart: 0; Rowend: 1626; Rows: 1626; Colstart: 813; Colend: 1627; Cols: 814;
Num-X: 8 ; Num-Y: 4 ; Resolution: 6500 ; Rank: 7 ; Rank-X: 7 ; Rank-Y: 0 ; Rowstart: 0; Rowend: 1626; Rows: 1626; Colstart: 5691; Colend: 6501; Cols: 810;
Num-X: 8 ; Num-Y: 4 ; Resolution: 6500 ; Rank: 3 ; Rank-X: 3 ; Rank-Y: 0 ; Rowstart: 0; Rowend: 1626; Rows: 1626; Colstart: 2439; Colend: 3253; Cols: 814;
Num-X: 8 ; Num-Y: 4 ; Resolution: 6500 ; Rank: 27 ; Rank-X: 3 ; Rank-Y: 3 ; Rowstart: 4875; Rowend: 6501; Rows: 1626; Colstart: 2439; Colend: 3253; Cols: 814;
Num-X: 8 ; Num-Y: 4 ; Resolution: 6500 ; Rank: 5 ; Rank-X: 5 ; Rank-Y: 0 ; Rowstart: 0; Rowend: 1626; Rows: 1626; Colstart: 4065; Colend: 4879; Cols: 814;
Num-X: 8 ; Num-Y: 4 ; Resolution: 6500 ; Rank: 2 ; Rank-X: 2 ; Rank-Y: 0 ; Rowstart: 0; Rowend: 1626; Rows: 1626; Colstart: 1626; Colend: 2440; Cols: 814;
Num-X: 8 ; Num-Y: 4 ; Resolution: 6500 ; Rank: 0 ; Rank-X: 0 ; Rank-Y: 0 ; Rowstart: 0; Rowend: 1626; Rows: 1626; Colstart: 0; Colend: 814; Cols: 814;
Num-X: 8 ; Num-Y: 4 ; Resolution: 6500 ; Rank: 29 ; Rank-X: 5 ; Rank-Y: 3 ; Rowstart: 4875; Rowend: 6501; Rows: 1626; Colstart: 4065; Colend: 4879; Cols: 814;
Num-X: 8 ; Num-Y: 4 ; Resolution: 6500 ; Rank: 30 ; Rank-X: 6 ; Rank-Y: 3 ; Rowstart: 4875; Rowend: 6501; Rows: 1626; Colstart: 4878; Colend: 5692; Cols: 814;
Num-X: 8 ; Num-Y: 4 ; Resolution: 6500 ; Rank: 31 ; Rank-X: 7 ; Rank-Y: 3 ; Rowstart: 4875; Rowend: 6501; Rows: 1626; Colstart: 5691; Colend: 6501; Cols: 810;
Num-X: 8 ; Num-Y: 4 ; Resolution: 6500 ; Rank: 25 ; Rank-X: 1 ; Rank-Y: 3 ; Rowstart: 4875; Rowend: 6501; Rows: 1626; Colstart: 813; Colend: 1627; Cols: 814;
Num-X: 8 ; Num-Y: 4 ; Resolution: 6500 ; Rank: 24 ; Rank-X: 0 ; Rank-Y: 3 ; Rowstart: 4875; Rowend: 6501; Rows: 1626; Colstart: 0; Colend: 814; Cols: 814;
Num-X: 8 ; Num-Y: 4 ; Resolution: 6500 ; Rank: 28 ; Rank-X: 4 ; Rank-Y: 3 ; Rowstart: 4875; Rowend: 6501; Rows: 1626; Colstart: 3252; Colend: 4066; Cols: 814;
Num-X: 8 ; Num-Y: 4 ; Resolution: 6500 ; Rank: 26 ; Rank-X: 2 ; Rank-Y: 3 ; Rowstart: 4875; Rowend: 6501; Rows: 1626; Colstart: 1626; Colend: 2440; Cols: 814;
Num-X: 8 ; Num-Y: 4 ; Resolution: 6500 ; Rank: 8 ; Rank-X: 0 ; Rank-Y: 1 ; Rowstart: 1625; Rowend: 3251; Rows: 1626; Colstart: 0; Colend: 814; Cols: 814;
Num-X: 8 ; Num-Y: 4 ; Resolution: 6500 ; Rank: 9 ; Rank-X: 1 ; Rank-Y: 1 ; Rowstart: 1625; Rowend: 3251; Rows: 1626; Colstart: 813; Colend: 1627; Cols: 814;
Num-X: 8 ; Num-Y: 4 ; Resolution: 6500 ; Rank: 12 ; Rank-X: 4 ; Rank-Y: 1 ; Rowstart: 1625; Rowend: 3251; Rows: 1626; Colstart: 3252; Colend: 4066; Cols: 814;
Num-X: 8 ; Num-Y: 4 ; Resolution: 6500 ; Rank: 13 ; Rank-X: 5 ; Rank-Y: 1 ; Rowstart: 1625; Rowend: 3251; Rows: 1626; Colstart: 4065; Colend: 4879; Cols: 814;
Num-X: 8 ; Num-Y: 4 ; Resolution: 6500 ; Rank: 14 ; Rank-X: 6 ; Rank-Y: 1 ; Rowstart: 1625; Rowend: 3251; Rows: 1626; Colstart: 4878; Colend: 5692; Cols: 814;
Num-X: 8 ; Num-Y: 4 ; Resolution: 6500 ; Rank: 15 ; Rank-X: 7 ; Rank-Y: 1 ; Rowstart: 1625; Rowend: 3251; Rows: 1626; Colstart: 5691; Colend: 6501; Cols: 810;

Resolution: 6500
===================
Execution time: 0.020250
Residual: 3.049154

megaflops:  292097.6
  flop instructions (M):  5915.000

Num-X: 8 ; Num-Y: 4 ; Resolution: 8500 ; Rank: 0 ; Rank-X: 0 ; Rank-Y: 0 ; Rowstart: 0; Rowend: 2126; Rows: 2126; Colstart: 0; Colend: 1064; Cols: 1064;
Num-X: 8 ; Num-Y: 4 ; Resolution: 8500 ; Rank: 16 ; Rank-X: 0 ; Rank-Y: 2 ; Rowstart: 4250; Rowend: 6376; Rows: 2126; Colstart: 0; Colend: 1064; Cols: 1064;
Num-X: 8 ; Num-Y: 4 ; Resolution: 8500 ; Rank: 4 ; Rank-X: 4 ; Rank-Y: 0 ; Rowstart: 0; Rowend: 2126; Rows: 2126; Colstart: 4252; Colend: 5316; Cols: 1064;
Num-X: 8 ; Num-Y: 4 ; Resolution: 8500 ; Rank: 17 ; Rank-X: 1 ; Rank-Y: 2 ; Rowstart: 4250; Rowend: 6376; Rows: 2126; Colstart: 1063; Colend: 2127; Cols: 1064;
Num-X: 8 ; Num-Y: 4 ; Resolution: 8500 ; Rank: 27 ; Rank-X: 3 ; Rank-Y: 3 ; Rowstart: 6375; Rowend: 8501; Rows: 2126; Colstart: 3189; Colend: 4253; Cols: 1064;
Num-X: 8 ; Num-Y: 4 ; Resolution: 8500 ; Rank: 9 ; Rank-X: 1 ; Rank-Y: 1 ; Rowstart: 2125; Rowend: 4251; Rows: 2126; Colstart: 1063; Colend: 2127; Cols: 1064;
Num-X: 8 ; Num-Y: 4 ; Resolution: 8500 ; Rank: 1 ; Rank-X: 1 ; Rank-Y: 0 ; Rowstart: 0; Rowend: 2126; Rows: 2126; Colstart: 1063; Colend: 2127; Cols: 1064;
Num-X: 8 ; Num-Y: 4 ; Resolution: 8500 ; Rank: 20 ; Rank-X: 4 ; Rank-Y: 2 ; Rowstart: 4250; Rowend: 6376; Rows: 2126; Colstart: 4252; Colend: 5316; Cols: 1064;
Num-X: 8 ; Num-Y: 4 ; Resolution: 8500 ; Rank: 30 ; Rank-X: 6 ; Rank-Y: 3 ; Rowstart: 6375; Rowend: 8501; Rows: 2126; Colstart: 6378; Colend: 7442; Cols: 1064;
Num-X: 8 ; Num-Y: 4 ; Resolution: 8500 ; Rank: 11 ; Rank-X: 3 ; Rank-Y: 1 ; Rowstart: 2125; Rowend: 4251; Rows: 2126; Colstart: 3189; Colend: 4253; Cols: 1064;
Num-X: 8 ; Num-Y: 4 ; Resolution: 8500 ; Rank: 3 ; Rank-X: 3 ; Rank-Y: 0 ; Rowstart: 0; Rowend: 2126; Rows: 2126; Colstart: 3189; Colend: 4253; Cols: 1064;
Num-X: 8 ; Num-Y: 4 ; Resolution: 8500 ; Rank: 18 ; Rank-X: 2 ; Rank-Y: 2 ; Rowstart: 4250; Rowend: 6376; Rows: 2126; Colstart: 2126; Colend: 3190; Cols: 1064;
Num-X: 8 ; Num-Y: 4 ; Resolution: 8500 ; Rank: 31 ; Rank-X: 7 ; Rank-Y: 3 ; Rowstart: 6375; Rowend: 8501; Rows: 2126; Colstart: 7441; Colend: 8501; Cols: 1060;
Num-X: 8 ; Num-Y: 4 ; Resolution: 8500 ; Rank: 8 ; Rank-X: 0 ; Rank-Y: 1 ; Rowstart: 2125; Rowend: 4251; Rows: 2126; Colstart: 0; Colend: 1064; Cols: 1064;
Num-X: 8 ; Num-Y: 4 ; Resolution: 8500 ; Rank: 5 ; Rank-X: 5 ; Rank-Y: 0 ; Rowstart: 0; Rowend: 2126; Rows: 2126; Colstart: 5315; Colend: 6379; Cols: 1064;
Num-X: 8 ; Num-Y: 4 ; Resolution: 8500 ; Rank: 25 ; Rank-X: 1 ; Rank-Y: 3 ; Rowstart: 6375; Rowend: 8501; Rows: 2126; Colstart: 1063; Colend: 2127; Cols: 1064;
Num-X: 8 ; Num-Y: 4 ; Resolution: 8500 ; Rank: 13 ; Rank-X: 5 ; Rank-Y: 1 ; Rowstart: 2125; Rowend: 4251; Rows: 2126; Colstart: 5315; Colend: 6379; Cols: 1064;
Num-X: 8 ; Num-Y: 4 ; Resolution: 8500 ; Rank: 29 ; Rank-X: 5 ; Rank-Y: 3 ; Rowstart: 6375; Rowend: 8501; Rows: 2126; Colstart: 5315; Colend: 6379; Cols: 1064;
Num-X: 8 ; Num-Y: 4 ; Resolution: 8500 ; Rank: 14 ; Rank-X: 6 ; Rank-Y: 1 ; Rowstart: 2125; Rowend: 4251; Rows: 2126; Colstart: 6378; Colend: 7442; Cols: 1064;
Num-X: 8 ; Num-Y: 4 ; Resolution: 8500 ; Rank: 15 ; Rank-X: 7 ; Rank-Y: 1 ; Rowstart: 2125; Rowend: 4251; Rows: 2126; Colstart: 7441; Colend: 8501; Cols: 1060;
Num-X: 8 ; Num-Y: 4 ; Resolution: 8500 ; Rank: 6 ; Rank-X: 6 ; Rank-Y: 0 ; Rowstart: 0; Rowend: 2126; Rows: 2126; Colstart: 6378; Colend: 7442; Cols: 1064;
Num-X: 8 ; Num-Y: 4 ; Resolution: 8500 ; Rank: 12 ; Rank-X: 4 ; Rank-Y: 1 ; Rowstart: 2125; Rowend: 4251; Rows: 2126; Colstart: 4252; Colend: 5316; Cols: 1064;
Num-X: 8 ; Num-Y: 4 ; Resolution: 8500 ; Rank: 28 ; Rank-X: 4 ; Rank-Y: 3 ; Rowstart: 6375; Rowend: 8501; Rows: 2126; Colstart: 4252; Colend: 5316; Cols: 1064;
Num-X: 8 ; Num-Y: 4 ; Resolution: 8500 ; Rank: 22 ; Rank-X: 6 ; Rank-Y: 2 ; Rowstart: 4250; Rowend: 6376; Rows: 2126; Colstart: 6378; Colend: 7442; Cols: 1064;
Num-X: 8 ; Num-Y: 4 ; Resolution: 8500 ; Rank: 10 ; Rank-X: 2 ; Rank-Y: 1 ; Rowstart: 2125; Rowend: 4251; Rows: 2126; Colstart: 2126; Colend: 3190; Cols: 1064;
Num-X: 8 ; Num-Y: 4 ; Resolution: 8500 ; Rank: 2 ; Rank-X: 2 ; Rank-Y: 0 ; Rowstart: 0; Rowend: 2126; Rows: 2126; Colstart: 2126; Colend: 3190; Cols: 1064;
Num-X: 8 ; Num-Y: 4 ; Resolution: 8500 ; Rank: 26 ; Rank-X: 2 ; Rank-Y: 3 ; Rowstart: 6375; Rowend: 8501; Rows: 2126; Colstart: 2126; Colend: 3190; Cols: 1064;
Num-X: 8 ; Num-Y: 4 ; Resolution: 8500 ; Rank: 21 ; Rank-X: 5 ; Rank-Y: 2 ; Rowstart: 4250; Rowend: 6376; Rows: 2126; Colstart: 5315; Colend: 6379; Cols: 1064;
Num-X: 8 ; Num-Y: 4 ; Resolution: 8500 ; Rank: 19 ; Rank-X: 3 ; Rank-Y: 2 ; Rowstart: 4250; Rowend: 6376; Rows: 2126; Colstart: 3189; Colend: 4253; Cols: 1064;
Num-X: 8 ; Num-Y: 4 ; Resolution: 8500 ; Rank: 24 ; Rank-X: 0 ; Rank-Y: 3 ; Rowstart: 6375; Rowend: 8501; Rows: 2126; Colstart: 0; Colend: 1064; Cols: 1064;
Num-X: 8 ; Num-Y: 4 ; Resolution: 8500 ; Rank: 23 ; Rank-X: 7 ; Rank-Y: 2 ; Rowstart: 4250; Rowend: 6376; Rows: 2126; Colstart: 7441; Colend: 8501; Cols: 1060;
Num-X: 8 ; Num-Y: 4 ; Resolution: 8500 ; Rank: 7 ; Rank-X: 7 ; Rank-Y: 0 ; Rowstart: 0; Rowend: 2126; Rows: 2126; Colstart: 7441; Colend: 8501; Cols: 1060;

Resolution: 8500
===================
Execution time: 0.038735
Residual: 3.987213

megaflops:  261132.3
  flop instructions (M):  10115.000

Num-X: 8 ; Num-Y: 4 ; Resolution: 10500 ; Rank: 12 ; Rank-X: 4 ; Rank-Y: 1 ; Rowstart: 2625; Rowend: 5251; Rows: 2626; Colstart: 5252; Colend: 6566; Cols: 1314;
Num-X: 8 ; Num-Y: 4 ; Resolution: 10500 ; Rank: 5 ; Rank-X: 5 ; Rank-Y: 0 ; Rowstart: 0; Rowend: 2626; Rows: 2626; Colstart: 6565; Colend: 7879; Cols: 1314;
Num-X: 8 ; Num-Y: 4 ; Resolution: 10500 ; Rank: 27 ; Rank-X: 3 ; Rank-Y: 3 ; Rowstart: 7875; Rowend: 10501; Rows: 2626; Colstart: 3939; Colend: 5253; Cols: 1314;
Num-X: 8 ; Num-Y: 4 ; Resolution: 10500 ; Rank: 13 ; Rank-X: 5 ; Rank-Y: 1 ; Rowstart: 2625; Rowend: 5251; Rows: 2626; Colstart: 6565; Colend: 7879; Cols: 1314;
Num-X: 8 ; Num-Y: 4 ; Resolution: 10500 ; Rank: 31 ; Rank-X: 7 ; Rank-Y: 3 ; Rowstart: 7875; Rowend: 10501; Rows: 2626; Colstart: 9191; Colend: 10501; Cols: 1310;
Num-X: 8 ; Num-Y: 4 ; Resolution: 10500 ; Rank: 29 ; Rank-X: 5 ; Rank-Y: 3 ; Rowstart: 7875; Rowend: 10501; Rows: 2626; Colstart: 6565; Colend: 7879; Cols: 1314;
Num-X: 8 ; Num-Y: 4 ; Resolution: 10500 ; Rank: 10 ; Rank-X: 2 ; Rank-Y: 1 ; Rowstart: 2625; Rowend: 5251; Rows: 2626; Colstart: 2626; Colend: 3940; Cols: 1314;
Num-X: 8 ; Num-Y: 4 ; Resolution: 10500 ; Rank: 0 ; Rank-X: 0 ; Rank-Y: 0 ; Rowstart: 0; Rowend: 2626; Rows: 2626; Colstart: 0; Colend: 1314; Cols: 1314;
Num-X: 8 ; Num-Y: 4 ; Resolution: 10500 ; Rank: 26 ; Rank-X: 2 ; Rank-Y: 3 ; Rowstart: 7875; Rowend: 10501; Rows: 2626; Colstart: 2626; Colend: 3940; Cols: 1314;
Num-X: 8 ; Num-Y: 4 ; Resolution: 10500 ; Rank: 11 ; Rank-X: 3 ; Rank-Y: 1 ; Rowstart: 2625; Rowend: 5251; Rows: 2626; Colstart: 3939; Colend: 5253; Cols: 1314;
Num-X: 8 ; Num-Y: 4 ; Resolution: 10500 ; Rank: 6 ; Rank-X: 6 ; Rank-Y: 0 ; Rowstart: 0; Rowend: 2626; Rows: 2626; Colstart: 7878; Colend: 9192; Cols: 1314;
Num-X: 8 ; Num-Y: 4 ; Resolution: 10500 ; Rank: 28 ; Rank-X: 4 ; Rank-Y: 3 ; Rowstart: 7875; Rowend: 10501; Rows: 2626; Colstart: 5252; Colend: 6566; Cols: 1314;
Num-X: 8 ; Num-Y: 4 ; Resolution: 10500 ; Rank: 9 ; Rank-X: 1 ; Rank-Y: 1 ; Rowstart: 2625; Rowend: 5251; Rows: 2626; Colstart: 1313; Colend: 2627; Cols: 1314;
Num-X: 8 ; Num-Y: 4 ; Resolution: 10500 ; Rank: 19 ; Rank-X: 3 ; Rank-Y: 2 ; Rowstart: 5250; Rowend: 7876; Rows: 2626; Colstart: 3939; Colend: 5253; Cols: 1314;
Num-X: 8 ; Num-Y: 4 ; Resolution: 10500 ; Rank: 24 ; Rank-X: 0 ; Rank-Y: 3 ; Rowstart: 7875; Rowend: 10501; Rows: 2626; Colstart: 0; Colend: 1314; Cols: 1314;
Num-X: 8 ; Num-Y: 4 ; Resolution: 10500 ; Rank: 4 ; Rank-X: 4 ; Rank-Y: 0 ; Rowstart: 0; Rowend: 2626; Rows: 2626; Colstart: 5252; Colend: 6566; Cols: 1314;
Num-X: 8 ; Num-Y: 4 ; Resolution: 10500 ; Rank: 21 ; Rank-X: 5 ; Rank-Y: 2 ; Rowstart: 5250; Rowend: 7876; Rows: 2626; Colstart: 6565; Colend: 7879; Cols: 1314;
Num-X: 8 ; Num-Y: 4 ; Resolution: 10500 ; Rank: 25 ; Rank-X: 1 ; Rank-Y: 3 ; Rowstart: 7875; Rowend: 10501; Rows: 2626; Colstart: 1313; Colend: 2627; Cols: 1314;
Num-X: 8 ; Num-Y: 4 ; Resolution: 10500 ; Rank: 16 ; Rank-X: 0 ; Rank-Y: 2 ; Rowstart: 5250; Rowend: 7876; Rows: 2626; Colstart: 0; Colend: 1314; Cols: 1314;
Num-X: 8 ; Num-Y: 4 ; Resolution: 10500 ; Rank: 23 ; Rank-X: 7 ; Rank-Y: 2 ; Rowstart: 5250; Rowend: 7876; Rows: 2626; Colstart: 9191; Colend: 10501; Cols: 1310;
Num-X: 8 ; Num-Y: 4 ; Resolution: 10500 ; Rank: 22 ; Rank-X: 6 ; Rank-Y: 2 ; Rowstart: 5250; Rowend: 7876; Rows: 2626; Colstart: 7878; Colend: 9192; Cols: 1314;
Num-X: 8 ; Num-Y: 4 ; Resolution: 10500 ; Rank: 7 ; Rank-X: 7 ; Rank-Y: 0 ; Rowstart: 0; Rowend: 2626; Rows: 2626; Colstart: 9191; Colend: 10501; Cols: 1310;
Num-X: 8 ; Num-Y: 4 ; Resolution: 10500 ; Rank: 1 ; Rank-X: 1 ; Rank-Y: 0 ; Rowstart: 0; Rowend: 2626; Rows: 2626; Colstart: 1313; Colend: 2627; Cols: 1314;
Num-X: 8 ; Num-Y: 4 ; Resolution: 10500 ; Rank: 3 ; Rank-X: 3 ; Rank-Y: 0 ; Rowstart: 0; Rowend: 2626; Rows: 2626; Colstart: 3939; Colend: 5253; Cols: 1314;
Num-X: 8 ; Num-Y: 4 ; Resolution: 10500 ; Rank: 20 ; Rank-X: 4 ; Rank-Y: 2 ; Rowstart: 5250; Rowend: 7876; Rows: 2626; Colstart: 5252; Colend: 6566; Cols: 1314;
Num-X: 8 ; Num-Y: 4 ; Resolution: 10500 ; Rank: 17 ; Rank-X: 1 ; Rank-Y: 2 ; Rowstart: 5250; Rowend: 7876; Rows: 2626; Colstart: 1313; Colend: 2627; Cols: 1314;
Num-X: 8 ; Num-Y: 4 ; Resolution: 10500 ; Rank: 30 ; Rank-X: 6 ; Rank-Y: 3 ; Rowstart: 7875; Rowend: 10501; Rows: 2626; Colstart: 7878; Colend: 9192; Cols: 1314;
Num-X: 8 ; Num-Y: 4 ; Resolution: 10500 ; Rank: 18 ; Rank-X: 2 ; Rank-Y: 2 ; Rowstart: 5250; Rowend: 7876; Rows: 2626; Colstart: 2626; Colend: 3940; Cols: 1314;
Num-X: 8 ; Num-Y: 4 ; Resolution: 10500 ; Rank: 8 ; Rank-X: 0 ; Rank-Y: 1 ; Rowstart: 2625; Rowend: 5251; Rows: 2626; Colstart: 0; Colend: 1314; Cols: 1314;
Num-X: 8 ; Num-Y: 4 ; Resolution: 10500 ; Rank: 2 ; Rank-X: 2 ; Rank-Y: 0 ; Rowstart: 0; Rowend: 2626; Rows: 2626; Colstart: 2626; Colend: 3940; Cols: 1314;
Num-X: 8 ; Num-Y: 4 ; Resolution: 10500 ; Rank: 14 ; Rank-X: 6 ; Rank-Y: 1 ; Rowstart: 2625; Rowend: 5251; Rows: 2626; Colstart: 7878; Colend: 9192; Cols: 1314;
Num-X: 8 ; Num-Y: 4 ; Resolution: 10500 ; Rank: 15 ; Rank-X: 7 ; Rank-Y: 1 ; Rowstart: 2625; Rowend: 5251; Rows: 2626; Colstart: 9191; Colend: 10501; Cols: 1310;

Resolution: 10500
===================
Execution time: 0.062312
Residual: 4.925272

megaflops:  247705.5
  flop instructions (M):  15435.000

Num-X: 8 ; Num-Y: 4 ; Resolution: 12500 ; Rank: 4 ; Rank-X: 4 ; Rank-Y: 0 ; Rowstart: 0; Rowend: 3126; Rows: 3126; Colstart: 6252; Colend: 7816; Cols: 1564;
Num-X: 8 ; Num-Y: 4 ; Resolution: 12500 ; Rank: 28 ; Rank-X: 4 ; Rank-Y: 3 ; Rowstart: 9375; Rowend: 12501; Rows: 3126; Colstart: 6252; Colend: 7816; Cols: 1564;
Num-X: 8 ; Num-Y: 4 ; Resolution: 12500 ; Rank: 6 ; Rank-X: 6 ; Rank-Y: 0 ; Rowstart: 0; Rowend: 3126; Rows: 3126; Colstart: 9378; Colend: 10942; Cols: 1564;
Num-X: 8 ; Num-Y: 4 ; Resolution: 12500 ; Rank: 21 ; Rank-X: 5 ; Rank-Y: 2 ; Rowstart: 6250; Rowend: 9376; Rows: 3126; Colstart: 7815; Colend: 9379; Cols: 1564;
Num-X: 8 ; Num-Y: 4 ; Resolution: 12500 ; Rank: 26 ; Rank-X: 2 ; Rank-Y: 3 ; Rowstart: 9375; Rowend: 12501; Rows: 3126; Colstart: 3126; Colend: 4690; Cols: 1564;
Num-X: 8 ; Num-Y: 4 ; Resolution: 12500 ; Rank: 22 ; Rank-X: 6 ; Rank-Y: 2 ; Rowstart: 6250; Rowend: 9376; Rows: 3126; Colstart: 9378; Colend: 10942; Cols: 1564;
Num-X: 8 ; Num-Y: 4 ; Resolution: 12500 ; Rank: 31 ; Rank-X: 7 ; Rank-Y: 3 ; Rowstart: 9375; Rowend: 12501; Rows: 3126; Colstart: 10941; Colend: 12501; Cols: 1560;
Num-X: 8 ; Num-Y: 4 ; Resolution: 12500 ; Rank: 23 ; Rank-X: 7 ; Rank-Y: 2 ; Rowstart: 6250; Rowend: 9376; Rows: 3126; Colstart: 10941; Colend: 12501; Cols: 1560;
Num-X: 8 ; Num-Y: 4 ; Resolution: 12500 ; Rank: 7 ; Rank-X: 7 ; Rank-Y: 0 ; Rowstart: 0; Rowend: 3126; Rows: 3126; Colstart: 10941; Colend: 12501; Cols: 1560;
Num-X: 8 ; Num-Y: 4 ; Resolution: 12500 ; Rank: 24 ; Rank-X: 0 ; Rank-Y: 3 ; Rowstart: 9375; Rowend: 12501; Rows: 3126; Colstart: 0; Colend: 1564; Cols: 1564;
Num-X: 8 ; Num-Y: 4 ; Resolution: 12500 ; Rank: 9 ; Rank-X: 1 ; Rank-Y: 1 ; Rowstart: 3125; Rowend: 6251; Rows: 3126; Colstart: 1563; Colend: 3127; Cols: 1564;
Num-X: 8 ; Num-Y: 4 ; Resolution: 12500 ; Rank: 5 ; Rank-X: 5 ; Rank-Y: 0 ; Rowstart: 0; Rowend: 3126; Rows: 3126; Colstart: 7815; Colend: 9379; Cols: 1564;
Num-X: 8 ; Num-Y: 4 ; Resolution: 12500 ; Rank: 27 ; Rank-X: 3 ; Rank-Y: 3 ; Rowstart: 9375; Rowend: 12501; Rows: 3126; Colstart: 4689; Colend: 6253; Cols: 1564;
Num-X: 8 ; Num-Y: 4 ; Resolution: 12500 ; Rank: 12 ; Rank-X: 4 ; Rank-Y: 1 ; Rowstart: 3125; Rowend: 6251; Rows: 3126; Colstart: 6252; Colend: 7816; Cols: 1564;
Num-X: 8 ; Num-Y: 4 ; Resolution: 12500 ; Rank: 18 ; Rank-X: 2 ; Rank-Y: 2 ; Rowstart: 6250; Rowend: 9376; Rows: 3126; Colstart: 3126; Colend: 4690; Cols: 1564;
Num-X: 8 ; Num-Y: 4 ; Resolution: 12500 ; Rank: 25 ; Rank-X: 1 ; Rank-Y: 3 ; Rowstart: 9375; Rowend: 12501; Rows: 3126; Colstart: 1563; Colend: 3127; Cols: 1564;
Num-X: 8 ; Num-Y: 4 ; Resolution: 12500 ; Rank: 17 ; Rank-X: 1 ; Rank-Y: 2 ; Rowstart: 6250; Rowend: 9376; Rows: 3126; Colstart: 1563; Colend: 3127; Cols: 1564;
Num-X: 8 ; Num-Y: 4 ; Resolution: 12500 ; Rank: 30 ; Rank-X: 6 ; Rank-Y: 3 ; Rowstart: 9375; Rowend: 12501; Rows: 3126; Colstart: 9378; Colend: 10942; Cols: 1564;
Num-X: 8 ; Num-Y: 4 ; Resolution: 12500 ; Rank: 20 ; Rank-X: 4 ; Rank-Y: 2 ; Rowstart: 6250; Rowend: 9376; Rows: 3126; Colstart: 6252; Colend: 7816; Cols: 1564;
Num-X: 8 ; Num-Y: 4 ; Resolution: 12500 ; Rank: 1 ; Rank-X: 1 ; Rank-Y: 0 ; Rowstart: 0; Rowend: 3126; Rows: 3126; Colstart: 1563; Colend: 3127; Cols: 1564;
Num-X: 8 ; Num-Y: 4 ; Resolution: 12500 ; Rank: 11 ; Rank-X: 3 ; Rank-Y: 1 ; Rowstart: 3125; Rowend: 6251; Rows: 3126; Colstart: 4689; Colend: 6253; Cols: 1564;
Num-X: 8 ; Num-Y: 4 ; Resolution: 12500 ; Rank: 2 ; Rank-X: 2 ; Rank-Y: 0 ; Rowstart: 0; Rowend: 3126; Rows: 3126; Colstart: 3126; Colend: 4690; Cols: 1564;
Num-X: 8 ; Num-Y: 4 ; Resolution: 12500 ; Rank: 13 ; Rank-X: 5 ; Rank-Y: 1 ; Rowstart: 3125; Rowend: 6251; Rows: 3126; Colstart: 7815; Colend: 9379; Cols: 1564;
Num-X: 8 ; Num-Y: 4 ; Resolution: 12500 ; Rank: 29 ; Rank-X: 5 ; Rank-Y: 3 ; Rowstart: 9375; Rowend: 12501; Rows: 3126; Colstart: 7815; Colend: 9379; Cols: 1564;
Num-X: 8 ; Num-Y: 4 ; Resolution: 12500 ; Rank: 14 ; Rank-X: 6 ; Rank-Y: 1 ; Rowstart: 3125; Rowend: 6251; Rows: 3126; Colstart: 9378; Colend: 10942; Cols: 1564;
Num-X: 8 ; Num-Y: 4 ; Resolution: 12500 ; Rank: 3 ; Rank-X: 3 ; Rank-Y: 0 ; Rowstart: 0; Rowend: 3126; Rows: 3126; Colstart: 4689; Colend: 6253; Cols: 1564;
Num-X: 8 ; Num-Y: 4 ; Resolution: 12500 ; Rank: 8 ; Rank-X: 0 ; Rank-Y: 1 ; Rowstart: 3125; Rowend: 6251; Rows: 3126; Colstart: 0; Colend: 1564; Cols: 1564;
Num-X: 8 ; Num-Y: 4 ; Resolution: 12500 ; Rank: 19 ; Rank-X: 3 ; Rank-Y: 2 ; Rowstart: 6250; Rowend: 9376; Rows: 3126; Colstart: 4689; Colend: 6253; Cols: 1564;
Num-X: 8 ; Num-Y: 4 ; Resolution: 12500 ; Rank: 15 ; Rank-X: 7 ; Rank-Y: 1 ; Rowstart: 3125; Rowend: 6251; Rows: 3126; Colstart: 10941; Colend: 12501; Cols: 1560;
Num-X: 8 ; Num-Y: 4 ; Resolution: 12500 ; Rank: 16 ; Rank-X: 0 ; Rank-Y: 2 ; Rowstart: 6250; Rowend: 9376; Rows: 3126; Colstart: 0; Colend: 1564; Cols: 1564;
Num-X: 8 ; Num-Y: 4 ; Resolution: 12500 ; Rank: 10 ; Rank-X: 2 ; Rank-Y: 1 ; Rowstart: 3125; Rowend: 6251; Rows: 3126; Colstart: 3126; Colend: 4690; Cols: 1564;
Num-X: 8 ; Num-Y: 4 ; Resolution: 12500 ; Rank: 0 ; Rank-X: 0 ; Rank-Y: 0 ; Rowstart: 0; Rowend: 3126; Rows: 3126; Colstart: 0; Colend: 1564; Cols: 1564;

Resolution: 12500
===================
Execution time: 0.088581
Residual: 5.863330

megaflops:  246948.9
  flop instructions (M):  21875.000
