mpiexec -genv I_MPI_DEBUG=4 -genv OMP_NUM_THREADS=8 -genv KMP_AFFINITY=verbose,scatter -genv I_MPI_PIN_DOMAIN=omp -n 24 ./heat test.dat 6 4
[0] MPI startup(): Intel(R) MPI Library, Version 2019 Update 8  Build 20200624 (id: 4f16ad915)
[0] MPI startup(): Copyright (C) 2003-2020 Intel Corporation.  All rights reserved.
[0] MPI startup(): library kind: release
[0] MPI startup(): libfabric version: 1.10.1-impi
[0] MPI startup(): libfabric provider: psm2
OMP: Info #154: KMP_AFFINITY: Initial OS proc set respected: 32-35,80-83
OMP: Info #213: KMP_AFFINITY: decoding x2APIC ids.
OMP: Info #276: KMP_AFFINITY: Affinity capable, using global cpuid leaf 11 info
OMP: Info #156: KMP_AFFINITY: 8 available OS procs
OMP: Info #157: KMP_AFFINITY: Uniform topology
OMP: Info #191: KMP_AFFINITY: 1 socket x 4 cores/socket x 2 threads/core (4 total cores)
OMP: Info #215: KMP_AFFINITY: OS proc to physical thread map:
OMP: Info #171: KMP_AFFINITY: OS proc 32 maps to socket 1 core 10 thread 0 
OMP: Info #171: KMP_AFFINITY: OS proc 80 maps to socket 1 core 10 thread 1 
OMP: Info #171: KMP_AFFINITY: OS proc 33 maps to socket 1 core 11 thread 0 
OMP: Info #171: KMP_AFFINITY: OS proc 81 maps to socket 1 core 11 thread 1 
OMP: Info #171: KMP_AFFINITY: OS proc 34 maps to socket 1 core 12 thread 0 
OMP: Info #171: KMP_AFFINITY: OS proc 82 maps to socket 1 core 12 thread 1 
OMP: Info #171: KMP_AFFINITY: OS proc 35 maps to socket 1 core 13 thread 0 
OMP: Info #171: KMP_AFFINITY: OS proc 83 maps to socket 1 core 13 thread 1 
OMP: Info #144: KMP_AFFINITY: Threads may migrate across 1 innermost levels of machine
OMP: Info #251: KMP_AFFINITY: pid 3000324 tid 3000324 thread 0 bound to OS proc set 32,80

Executing each MPI process in 8 OMP threads.
OMP: Info #154: KMP_AFFINITY: Initial OS proc set respected: 28-31,76-79
OMP: Info #213: KMP_AFFINITY: decoding x2APIC ids.
OMP: Info #154: KMP_AFFINITY: Initial OS proc set respected: 32-35,80-83
OMP: Info #213: KMP_AFFINITY: decoding x2APIC ids.
OMP: Info #276: KMP_AFFINITY: Affinity capable, using global cpuid leaf 11 info
OMP: Info #156: KMP_AFFINITY: 8 available OS procs
OMP: Info #157: KMP_AFFINITY: Uniform topology
OMP: Info #276: KMP_AFFINITY: Affinity capable, using global cpuid leaf 11 info
OMP: Info #156: KMP_AFFINITY: 8 available OS procs
OMP: Info #157: KMP_AFFINITY: Uniform topology
OMP: Info #191: KMP_AFFINITY: 1 socket x 4 cores/socket x 2 threads/core (4 total cores)
OMP: Info #215: KMP_AFFINITY: OS proc to physical thread map:
OMP: Info #171: KMP_AFFINITY: OS proc 32 maps to socket 1 core 10 thread 0 
OMP: Info #191: KMP_AFFINITY: 1 socket x 4 cores/socket x 2 threads/core (4 total cores)
OMP: Info #215: KMP_AFFINITY: OS proc to physical thread map:
OMP: Info #171: KMP_AFFINITY: OS proc 28 maps to socket 1 core 4 thread 0 
OMP: Info #171: KMP_AFFINITY: OS proc 76 maps to socket 1 core 4 thread 1 
OMP: Info #171: KMP_AFFINITY: OS proc 29 maps to socket 1 core 5 thread 0 
OMP: Info #171: KMP_AFFINITY: OS proc 77 maps to socket 1 core 5 thread 1 
OMP: Info #171: KMP_AFFINITY: OS proc 30 maps to socket 1 core 8 thread 0 
OMP: Info #171: KMP_AFFINITY: OS proc 78 maps to socket 1 core 8 thread 1 
OMP: Info #171: KMP_AFFINITY: OS proc 31 maps to socket 1 core 9 thread 0 
OMP: Info #171: KMP_AFFINITY: OS proc 79 maps to socket 1 core 9 thread 1 
OMP: Info #171: KMP_AFFINITY: OS proc 80 maps to socket 1 core 10 thread 1 
OMP: Info #171: KMP_AFFINITY: OS proc 33 maps to socket 1 core 11 thread 0 
OMP: Info #171: KMP_AFFINITY: OS proc 81 maps to socket 1 core 11 thread 1 
OMP: Info #171: KMP_AFFINITY: OS proc 34 maps to socket 1 core 12 thread 0 
OMP: Info #171: KMP_AFFINITY: OS proc 82 maps to socket 1 core 12 thread 1 
OMP: Info #171: KMP_AFFINITY: OS proc 35 maps to socket 1 core 13 thread 0 
OMP: Info #171: KMP_AFFINITY: OS proc 83 maps to socket 1 core 13 thread 1 
OMP: Info #144: KMP_AFFINITY: Threads may migrate across 1 innermost levels of machine
OMP: Info #144: KMP_AFFINITY: Threads may migrate across 1 innermost levels of machine
OMP: Info #251: KMP_AFFINITY: pid 2436367 tid 2436367 thread 0 bound to OS proc set 28,76
OMP: Info #251: KMP_AFFINITY: pid 2436368 tid 2436368 thread 0 bound to OS proc set 32,80

Executing each MPI process in 8 OMP threads.

Executing each MPI process in 8 OMP threads.
[0] MPI startup(): Rank    Pid      Node name     Pin cpu
[0] MPI startup(): 0       3000319  i01r01c06s06  {0,1,2,3,48,49,50,51}
[0] MPI startup(): 1       3000320  i01r01c06s06  {4,5,6,7,52,53,54,55}
[0] MPI startup(): 2       3000321  i01r01c06s06  {8,9,10,11,56,57,58,59}
[0] MPI startup(): 3       3000322  i01r01c06s06  {24,25,26,27,72,73,74,75}
[0] MPI startup(): 4       3000323  i01r01c06s06  {28,29,30,31,76,77,78,79}
[0] MPI startup(): 5       3000324  i01r01c06s06  {32,33,34,35,80,81,82,83}
[0] MPI startup(): 6       820733   i01r01c06s07  {0,1,2,3,48,49,50,51}
[0] MPI startup(): 7       820734   i01r01c06s07  {4,5,6,7,52,53,54,55}
[0] MPI startup(): 8       820735   i01r01c06s07  {8,9,10,11,56,57,58,59}
[0] MPI startup(): 9       820736   i01r01c06s07  {24,25,26,27,72,73,74,75}
[0] MPI startup(): 10      820737   i01r01c06s07  {28,29,30,31,76,77,78,79}
[0] MPI startup(): 11      820738   i01r01c06s07  {32,33,34,35,80,81,82,83}
[0] MPI startup(): 12      2134369  i01r01c06s08  {0,1,2,3,48,49,50,51}
[0] MPI startup(): 13      2134370  i01r01c06s08  {4,5,6,7,52,53,54,55}
[0] MPI startup(): 14      2134371  i01r01c06s08  {8,9,10,11,56,57,58,59}
[0] MPI startup(): 15      2134372  i01r01c06s08  {24,25,26,27,72,73,74,75}
[0] MPI startup(): 16      2134373  i01r01c06s08  {28,29,30,31,76,77,78,79}
[0] MPI startup(): 17      2134374  i01r01c06s08  {32,33,34,35,80,81,82,83}
[0] MPI startup(): 18      2436363  i01r01c06s09  {0,1,2,3,48,49,50,51}
[0] MPI startup(): 19      2436364  i01r01c06s09  {4,5,6,7,52,53,54,55}
[0] MPI startup(): 20      2436365  i01r01c06s09  {8,9,10,11,56,57,58,59}
[0] MPI startup(): 21      2436366  i01r01c06s09  {24,25,26,27,72,73,74,75}
[0] MPI startup(): 22      2436367  i01r01c06s09  {28,29,30,31,76,77,78,79}
[0] MPI startup(): 23      2436368  i01r01c06s09  {32,33,34,35,80,81,82,83}

6 processes distributed in X-direction
 4 ; processes distributed in Y-direction
Resolutions       : (6500, 8500, ... 12500)
Iterations        : 20
Num. Heat sources : 2
   1: (0.00, 0.00) 1.00 1.00 
   2: (1.00, 1.00) 1.00 0.50 
rank= 0 coords= 0 0 neighbours(up,down,left,right)= -1 4 -1 1
rank= 1 coords= 0 1 neighbours(up,down,left,right)= -1 5 0 2
rank= 2 coords= 0 2 neighbours(up,down,left,right)= -1 6 1 3
rank= 3 coords= 0 3 neighbours(up,down,left,right)= -1 7 2 -1
rank= 4 coords= 1 0 neighbours(up,down,left,right)= 0 8 -1 5
rank= 5 coords= 1 1 neighbours(up,down,left,right)= 1 9 4 6
rank= 12 coords= 3 0 neighbours(up,down,left,right)= 8 16 -1 13
rank= 13 coords= 3 1 neighbours(up,down,left,right)= 9 17 12 14
rank= 6 coords= 1 2 neighbours(up,down,left,right)= 2 10 5 7
rank= 18 coords= 4 2 neighbours(up,down,left,right)= 14 22 17 19
rank= 14 coords= 3 2 neighbours(up,down,left,right)= 10 18 13 15
rank= 7 coords= 1 3 neighbours(up,down,left,right)= 3 11 6 -1
rank= 19 coords= 4 3 neighbours(up,down,left,right)= 15 23 18 -1
rank= 15 coords= 3 3 neighbours(up,down,left,right)= 11 19 14 -1
rank= 8 coords= 2 0 neighbours(up,down,left,right)= 4 12 -1 9
rank= 20 coords= 5 0 neighbours(up,down,left,right)= 16 -1 -1 21
rank= 16 coords= 4 0 neighbours(up,down,left,right)= 12 20 -1 17
rank= 9 coords= 2 1 neighbours(up,down,left,right)= 5 13 8 10
rank= 21 coords= 5 1 neighbours(up,down,left,right)= 17 -1 20 22
rank= 17 coords= 4 1 neighbours(up,down,left,right)= 13 21 16 18
rank= 10 coords= 2 2 neighbours(up,down,left,right)= 6 14 9 11
rank= 22 coords= 5 2 neighbours(up,down,left,right)= 18 -1 21 23
OMP: Info #251: KMP_AFFINITY: pid 3000324 tid 3000355 thread 1 bound to OS proc set 33,81
OMP: Info #251: KMP_AFFINITY: pid 3000324 tid 3000356 thread 2 bound to OS proc set 34,82
OMP: Info #251: KMP_AFFINITY: pid 3000324 tid 3000357 thread 3 bound to OS proc set 35,83
rank= 11 coords= 2 3 neighbours(up,down,left,right)= 7 15 10 -1
OMP: Info #251: KMP_AFFINITY: pid 3000324 tid 3000358 thread 4 bound to OS proc set 32,80
rank= 23 coords= 5 3 neighbours(up,down,left,right)= 19 -1 22 -1
OMP: Info #251: KMP_AFFINITY: pid 2436368 tid 2436399 thread 1 bound to OS proc set 33,81
OMP: Info #251: KMP_AFFINITY: pid 2436368 tid 2436401 thread 2 bound to OS proc set 34,82
OMP: Info #251: KMP_AFFINITY: pid 2436367 tid 2436400 thread 1 bound to OS proc set 29,77
OMP: Info #251: KMP_AFFINITY: pid 2436367 tid 2436402 thread 2 bound to OS proc set 30,78
OMP: Info #251: KMP_AFFINITY: pid 2436368 tid 2436404 thread 3 bound to OS proc set 35,83
OMP: Info #251: KMP_AFFINITY: pid 3000324 tid 3000359 thread 5 bound to OS proc set 33,81
OMP: Info #251: KMP_AFFINITY: pid 2436367 tid 2436403 thread 3 bound to OS proc set 31,79
OMP: Info #251: KMP_AFFINITY: pid 3000324 tid 3000360 thread 6 bound to OS proc set 34,82
OMP: Info #251: KMP_AFFINITY: pid 2436367 tid 2436406 thread 4 bound to OS proc set 28,76
OMP: Info #251: KMP_AFFINITY: pid 2436368 tid 2436405 thread 4 bound to OS proc set 32,80
OMP: Info #251: KMP_AFFINITY: pid 2436368 tid 2436407 thread 5 bound to OS proc set 33,81
OMP: Info #251: KMP_AFFINITY: pid 2436368 tid 2436408 thread 6 bound to OS proc set 34,82
OMP: Info #251: KMP_AFFINITY: pid 2436368 tid 2436409 thread 7 bound to OS proc set 35,83
OMP: Info #251: KMP_AFFINITY: pid 3000324 tid 3000361 thread 7 bound to OS proc set 35,83
OMP: Info #154: KMP_AFFINITY: Initial OS proc set respected: 28-31,76-79
OMP: Info #213: KMP_AFFINITY: decoding x2APIC ids.
OMP: Info #251: KMP_AFFINITY: pid 2436367 tid 2436410 thread 5 bound to OS proc set 29,77
OMP: Info #154: KMP_AFFINITY: Initial OS proc set respected: 24-27,72-75
OMP: Info #213: KMP_AFFINITY: decoding x2APIC ids.
OMP: Info #251: KMP_AFFINITY: pid 2436367 tid 2436411 thread 6 bound to OS proc set 30,78
OMP: Info #251: KMP_AFFINITY: pid 2436367 tid 2436412 thread 7 bound to OS proc set 31,79
OMP: Info #154: KMP_AFFINITY: Initial OS proc set respected: 0-3,48-51
OMP: Info #213: KMP_AFFINITY: decoding x2APIC ids.
OMP: Info #154: KMP_AFFINITY: Initial OS proc set respected: 4-7,52-55
OMP: Info #213: KMP_AFFINITY: decoding x2APIC ids.
OMP: Info #154: KMP_AFFINITY: Initial OS proc set respected: 8-11,56-59
OMP: Info #213: KMP_AFFINITY: decoding x2APIC ids.
OMP: Info #276: KMP_AFFINITY: Affinity capable, using global cpuid leaf 11 info
OMP: Info #156: KMP_AFFINITY: 8 available OS procs
OMP: Info #157: KMP_AFFINITY: Uniform topology
OMP: Info #191: KMP_AFFINITY: 1 socket x 4 cores/socket x 2 threads/core (4 total cores)
OMP: Info #215: KMP_AFFINITY: OS proc to physical thread map:
OMP: Info #154: KMP_AFFINITY: Initial OS proc set respected: 0-3,48-51
OMP: Info #213: KMP_AFFINITY: decoding x2APIC ids.
OMP: Info #171: KMP_AFFINITY: OS proc 28 maps to socket 1 core 4 thread 0 
OMP: Info #171: KMP_AFFINITY: OS proc 76 maps to socket 1 core 4 thread 1 
OMP: Info #171: KMP_AFFINITY: OS proc 29 maps to socket 1 core 5 thread 0 
OMP: Info #171: KMP_AFFINITY: OS proc 77 maps to socket 1 core 5 thread 1 
OMP: Info #171: KMP_AFFINITY: OS proc 30 maps to socket 1 core 8 thread 0 
OMP: Info #171: KMP_AFFINITY: OS proc 78 maps to socket 1 core 8 thread 1 
OMP: Info #171: KMP_AFFINITY: OS proc 31 maps to socket 1 core 9 thread 0 
OMP: Info #171: KMP_AFFINITY: OS proc 79 maps to socket 1 core 9 thread 1 
OMP: Info #144: KMP_AFFINITY: Threads may migrate across 1 innermost levels of machine
OMP: Info #276: KMP_AFFINITY: Affinity capable, using global cpuid leaf 11 info
OMP: Info #156: KMP_AFFINITY: 8 available OS procs
OMP: Info #157: KMP_AFFINITY: Uniform topology
OMP: Info #191: KMP_AFFINITY: 1 socket x 4 cores/socket x 2 threads/core (4 total cores)
OMP: Info #251: KMP_AFFINITY: pid 3000323 tid 3000323 thread 0 bound to OS proc set 28,76
OMP: Info #154: KMP_AFFINITY: Initial OS proc set respected: 24-27,72-75
OMP: Info #213: KMP_AFFINITY: decoding x2APIC ids.
OMP: Info #215: KMP_AFFINITY: OS proc to physical thread map:
OMP: Info #171: KMP_AFFINITY: OS proc 24 maps to socket 1 core 0 thread 0 
OMP: Info #171: KMP_AFFINITY: OS proc 72 maps to socket 1 core 0 thread 1 
OMP: Info #171: KMP_AFFINITY: OS proc 25 maps to socket 1 core 1 thread 0 
OMP: Info #171: KMP_AFFINITY: OS proc 73 maps to socket 1 core 1 thread 1 
OMP: Info #171: KMP_AFFINITY: OS proc 26 maps to socket 1 core 2 thread 0 
OMP: Info #171: KMP_AFFINITY: OS proc 74 maps to socket 1 core 2 thread 1 
OMP: Info #171: KMP_AFFINITY: OS proc 27 maps to socket 1 core 3 thread 0 
OMP: Info #171: KMP_AFFINITY: OS proc 75 maps to socket 1 core 3 thread 1 
OMP: Info #154: KMP_AFFINITY: Initial OS proc set respected: 4-7,52-55
OMP: Info #213: KMP_AFFINITY: decoding x2APIC ids.
OMP: Info #276: KMP_AFFINITY: Affinity capable, using global cpuid leaf 11 info
OMP: Info #156: KMP_AFFINITY: 8 available OS procs
OMP: Info #157: KMP_AFFINITY: Uniform topology
OMP: Info #191: KMP_AFFINITY: 1 socket x 4 cores/socket x 2 threads/core (4 total cores)
OMP: Info #215: KMP_AFFINITY: OS proc to physical thread map:
OMP: Info #171: KMP_AFFINITY: OS proc 4 maps to socket 0 core 4 thread 0 
OMP: Info #154: KMP_AFFINITY: Initial OS proc set respected: 8-11,56-59
OMP: Info #213: KMP_AFFINITY: decoding x2APIC ids.
OMP: Info #144: KMP_AFFINITY: Threads may migrate across 1 innermost levels of machine
OMP: Info #251: KMP_AFFINITY: pid 3000322 tid 3000322 thread 0 bound to OS proc set 24,72
OMP: Info #171: KMP_AFFINITY: OS proc 52 maps to socket 0 core 4 thread 1 
OMP: Info #171: KMP_AFFINITY: OS proc 5 maps to socket 0 core 5 thread 0 
OMP: Info #171: KMP_AFFINITY: OS proc 53 maps to socket 0 core 5 thread 1 
OMP: Info #171: KMP_AFFINITY: OS proc 6 maps to socket 0 core 8 thread 0 
OMP: Info #171: KMP_AFFINITY: OS proc 54 maps to socket 0 core 8 thread 1 
OMP: Info #171: KMP_AFFINITY: OS proc 7 maps to socket 0 core 9 thread 0 
OMP: Info #171: KMP_AFFINITY: OS proc 55 maps to socket 0 core 9 thread 1 
OMP: Info #276: KMP_AFFINITY: Affinity capable, using global cpuid leaf 11 info
OMP: Info #156: KMP_AFFINITY: 8 available OS procs
OMP: Info #157: KMP_AFFINITY: Uniform topology
OMP: Info #191: KMP_AFFINITY: 1 socket x 4 cores/socket x 2 threads/core (4 total cores)
OMP: Info #215: KMP_AFFINITY: OS proc to physical thread map:
OMP: Info #171: KMP_AFFINITY: OS proc 0 maps to socket 0 core 0 thread 0 
OMP: Info #171: KMP_AFFINITY: OS proc 48 maps to socket 0 core 0 thread 1 
OMP: Info #171: KMP_AFFINITY: OS proc 1 maps to socket 0 core 1 thread 0 
OMP: Info #171: KMP_AFFINITY: OS proc 49 maps to socket 0 core 1 thread 1 
OMP: Info #144: KMP_AFFINITY: Threads may migrate across 1 innermost levels of machine
OMP: Info #251: KMP_AFFINITY: pid 3000320 tid 3000320 thread 0 bound to OS proc set 4,52
OMP: Info #171: KMP_AFFINITY: OS proc 2 maps to socket 0 core 2 thread 0 
OMP: Info #171: KMP_AFFINITY: OS proc 50 maps to socket 0 core 2 thread 1 
OMP: Info #171: KMP_AFFINITY: OS proc 3 maps to socket 0 core 3 thread 0 
OMP: Info #171: KMP_AFFINITY: OS proc 51 maps to socket 0 core 3 thread 1 
OMP: Info #276: KMP_AFFINITY: Affinity capable, using global cpuid leaf 11 info
OMP: Info #156: KMP_AFFINITY: 8 available OS procs
OMP: Info #157: KMP_AFFINITY: Uniform topology
OMP: Info #191: KMP_AFFINITY: 1 socket x 4 cores/socket x 2 threads/core (4 total cores)
OMP: Info #215: KMP_AFFINITY: OS proc to physical thread map:
OMP: Info #276: KMP_AFFINITY: Affinity capable, using global cpuid leaf 11 info
OMP: Info #156: KMP_AFFINITY: 8 available OS procs
OMP: Info #157: KMP_AFFINITY: Uniform topology
OMP: Info #191: KMP_AFFINITY: 1 socket x 4 cores/socket x 2 threads/core (4 total cores)
OMP: Info #215: KMP_AFFINITY: OS proc to physical thread map:
OMP: Info #251: KMP_AFFINITY: pid 3000323 tid 3000362 thread 1 bound to OS proc set 29,77
OMP: Info #171: KMP_AFFINITY: OS proc 0 maps to socket 0 core 0 thread 0 
OMP: Info #171: KMP_AFFINITY: OS proc 48 maps to socket 0 core 0 thread 1 
OMP: Info #171: KMP_AFFINITY: OS proc 1 maps to socket 0 core 1 thread 0 
OMP: Info #171: KMP_AFFINITY: OS proc 49 maps to socket 0 core 1 thread 1 
OMP: Info #171: KMP_AFFINITY: OS proc 2 maps to socket 0 core 2 thread 0 
OMP: Info #171: KMP_AFFINITY: OS proc 50 maps to socket 0 core 2 thread 1 
OMP: Info #171: KMP_AFFINITY: OS proc 3 maps to socket 0 core 3 thread 0 
OMP: Info #171: KMP_AFFINITY: OS proc 51 maps to socket 0 core 3 thread 1 
OMP: Info #144: KMP_AFFINITY: Threads may migrate across 1 innermost levels of machine
OMP: Info #251: KMP_AFFINITY: pid 3000319 tid 3000319 thread 0 bound to OS proc set 0,48
OMP: Info #144: KMP_AFFINITY: Threads may migrate across 1 innermost levels of machine
OMP: Info #171: KMP_AFFINITY: OS proc 8 maps to socket 0 core 10 thread 0 
OMP: Info #171: KMP_AFFINITY: OS proc 56 maps to socket 0 core 10 thread 1 
OMP: Info #171: KMP_AFFINITY: OS proc 9 maps to socket 0 core 11 thread 0 
OMP: Info #171: KMP_AFFINITY: OS proc 57 maps to socket 0 core 11 thread 1 
OMP: Info #171: KMP_AFFINITY: OS proc 10 maps to socket 0 core 12 thread 0 
OMP: Info #171: KMP_AFFINITY: OS proc 58 maps to socket 0 core 12 thread 1 
OMP: Info #171: KMP_AFFINITY: OS proc 11 maps to socket 0 core 13 thread 0 
OMP: Info #171: KMP_AFFINITY: OS proc 59 maps to socket 0 core 13 thread 1 
OMP: Info #251: KMP_AFFINITY: pid 2436363 tid 2436363 thread 0 bound to OS proc set 0,48
OMP: Info #144: KMP_AFFINITY: Threads may migrate across 1 innermost levels of machine
OMP: Info #251: KMP_AFFINITY: pid 3000322 tid 3000364 thread 1 bound to OS proc set 25,73
OMP: Info #251: KMP_AFFINITY: pid 3000321 tid 3000321 thread 0 bound to OS proc set 8,56
OMP: Info #251: KMP_AFFINITY: pid 3000323 tid 3000363 thread 2 bound to OS proc set 30,78
OMP: Info #251: KMP_AFFINITY: pid 3000320 tid 3000366 thread 1 bound to OS proc set 5,53
OMP: Info #251: KMP_AFFINITY: pid 3000322 tid 3000365 thread 2 bound to OS proc set 26,74
OMP: Info #251: KMP_AFFINITY: pid 3000319 tid 3000367 thread 1 bound to OS proc set 1,49
OMP: Info #251: KMP_AFFINITY: pid 3000323 tid 3000368 thread 3 bound to OS proc set 31,79
OMP: Info #276: KMP_AFFINITY: Affinity capable, using global cpuid leaf 11 info
OMP: Info #156: KMP_AFFINITY: 8 available OS procs
OMP: Info #157: KMP_AFFINITY: Uniform topology
OMP: Info #191: KMP_AFFINITY: 1 socket x 4 cores/socket x 2 threads/core (4 total cores)
OMP: Info #215: KMP_AFFINITY: OS proc to physical thread map:
OMP: Info #171: KMP_AFFINITY: OS proc 4 maps to socket 0 core 4 thread 0 
OMP: Info #171: KMP_AFFINITY: OS proc 52 maps to socket 0 core 4 thread 1 
OMP: Info #276: KMP_AFFINITY: Affinity capable, using global cpuid leaf 11 info
OMP: Info #156: KMP_AFFINITY: 8 available OS procs
OMP: Info #157: KMP_AFFINITY: Uniform topology
OMP: Info #191: KMP_AFFINITY: 1 socket x 4 cores/socket x 2 threads/core (4 total cores)
OMP: Info #215: KMP_AFFINITY: OS proc to physical thread map:
OMP: Info #171: KMP_AFFINITY: OS proc 8 maps to socket 0 core 10 thread 0 
OMP: Info #251: KMP_AFFINITY: pid 3000321 tid 3000371 thread 1 bound to OS proc set 9,57
OMP: Info #276: KMP_AFFINITY: Affinity capable, using global cpuid leaf 11 info
OMP: Info #156: KMP_AFFINITY: 8 available OS procs
OMP: Info #157: KMP_AFFINITY: Uniform topology
OMP: Info #191: KMP_AFFINITY: 1 socket x 4 cores/socket x 2 threads/core (4 total cores)
OMP: Info #215: KMP_AFFINITY: OS proc to physical thread map:
OMP: Info #171: KMP_AFFINITY: OS proc 24 maps to socket 1 core 0 thread 0 
OMP: Info #171: KMP_AFFINITY: OS proc 72 maps to socket 1 core 0 thread 1 
OMP: Info #171: KMP_AFFINITY: OS proc 25 maps to socket 1 core 1 thread 0 
OMP: Info #171: KMP_AFFINITY: OS proc 73 maps to socket 1 core 1 thread 1 
OMP: Info #171: KMP_AFFINITY: OS proc 26 maps to socket 1 core 2 thread 0 
OMP: Info #171: KMP_AFFINITY: OS proc 74 maps to socket 1 core 2 thread 1 
OMP: Info #171: KMP_AFFINITY: OS proc 27 maps to socket 1 core 3 thread 0 
OMP: Info #251: KMP_AFFINITY: pid 3000319 tid 3000372 thread 2 bound to OS proc set 2,50
OMP: Info #171: KMP_AFFINITY: OS proc 5 maps to socket 0 core 5 thread 0 
OMP: Info #171: KMP_AFFINITY: OS proc 53 maps to socket 0 core 5 thread 1 
OMP: Info #171: KMP_AFFINITY: OS proc 6 maps to socket 0 core 8 thread 0 
OMP: Info #171: KMP_AFFINITY: OS proc 54 maps to socket 0 core 8 thread 1 
OMP: Info #171: KMP_AFFINITY: OS proc 7 maps to socket 0 core 9 thread 0 
OMP: Info #171: KMP_AFFINITY: OS proc 55 maps to socket 0 core 9 thread 1 
OMP: Info #144: KMP_AFFINITY: Threads may migrate across 1 innermost levels of machine
OMP: Info #251: KMP_AFFINITY: pid 3000320 tid 3000370 thread 2 bound to OS proc set 6,54
OMP: Info #171: KMP_AFFINITY: OS proc 56 maps to socket 0 core 10 thread 1 
OMP: Info #171: KMP_AFFINITY: OS proc 9 maps to socket 0 core 11 thread 0 
OMP: Info #171: KMP_AFFINITY: OS proc 57 maps to socket 0 core 11 thread 1 
OMP: Info #171: KMP_AFFINITY: OS proc 10 maps to socket 0 core 12 thread 0 
OMP: Info #171: KMP_AFFINITY: OS proc 58 maps to socket 0 core 12 thread 1 
OMP: Info #171: KMP_AFFINITY: OS proc 11 maps to socket 0 core 13 thread 0 
OMP: Info #171: KMP_AFFINITY: OS proc 59 maps to socket 0 core 13 thread 1 
OMP: Info #144: KMP_AFFINITY: Threads may migrate across 1 innermost levels of machine
OMP: Info #251: KMP_AFFINITY: pid 3000322 tid 3000369 thread 3 bound to OS proc set 27,75
OMP: Info #171: KMP_AFFINITY: OS proc 75 maps to socket 1 core 3 thread 1 
OMP: Info #144: KMP_AFFINITY: Threads may migrate across 1 innermost levels of machine
OMP: Info #251: KMP_AFFINITY: pid 2436366 tid 2436366 thread 0 bound to OS proc set 24,72
OMP: Info #251: KMP_AFFINITY: pid 3000323 tid 3000373 thread 4 bound to OS proc set 28,76
OMP: Info #251: KMP_AFFINITY: pid 2436363 tid 2436413 thread 1 bound to OS proc set 1,49
OMP: Info #251: KMP_AFFINITY: pid 3000320 tid 3000376 thread 3 bound to OS proc set 7,55
OMP: Info #251: KMP_AFFINITY: pid 2436364 tid 2436364 thread 0 bound to OS proc set 4,52
OMP: Info #251: KMP_AFFINITY: pid 3000322 tid 3000375 thread 4 bound to OS proc set 24,72
OMP: Info #251: KMP_AFFINITY: pid 2436365 tid 2436365 thread 0 bound to OS proc set 8,56
OMP: Info #251: KMP_AFFINITY: pid 3000323 tid 3000378 thread 5 bound to OS proc set 29,77
OMP: Info #154: KMP_AFFINITY: Initial OS proc set respected: 0-3,48-51
OMP: Info #213: KMP_AFFINITY: decoding x2APIC ids.
OMP: Info #251: KMP_AFFINITY: pid 2436363 tid 2436414 thread 2 bound to OS proc set 2,50
OMP: Info #251: KMP_AFFINITY: pid 3000319 tid 3000377 thread 3 bound to OS proc set 3,51
OMP: Info #154: KMP_AFFINITY: Initial OS proc set respected: 4-7,52-55
OMP: Info #213: KMP_AFFINITY: decoding x2APIC ids.
OMP: Info #251: KMP_AFFINITY: pid 2436364 tid 2436415 thread 1 bound to OS proc set 5,53
OMP: Info #251: KMP_AFFINITY: pid 3000320 tid 3000379 thread 4 bound to OS proc set 4,52
OMP: Info #154: KMP_AFFINITY: Initial OS proc set respected: 8-11,56-59
OMP: Info #213: KMP_AFFINITY: decoding x2APIC ids.
OMP: Info #251: KMP_AFFINITY: pid 2436365 tid 2436416 thread 1 bound to OS proc set 9,57
OMP: Info #251: KMP_AFFINITY: pid 3000322 tid 3000380 thread 5 bound to OS proc set 25,73
OMP: Info #154: KMP_AFFINITY: Initial OS proc set respected: 28-31,76-79
OMP: Info #213: KMP_AFFINITY: decoding x2APIC ids.
OMP: Info #251: KMP_AFFINITY: pid 2436366 tid 2436417 thread 1 bound to OS proc set 25,73
OMP: Info #251: KMP_AFFINITY: pid 3000323 tid 3000381 thread 6 bound to OS proc set 30,78
OMP: Info #154: KMP_AFFINITY: Initial OS proc set respected: 0-3,48-51
OMP: Info #213: KMP_AFFINITY: decoding x2APIC ids.
OMP: Info #251: KMP_AFFINITY: pid 2436364 tid 2436418 thread 2 bound to OS proc set 6,54
OMP: Info #251: KMP_AFFINITY: pid 3000319 tid 3000382 thread 4 bound to OS proc set 0,48
OMP: Info #276: KMP_AFFINITY: Affinity capable, using global cpuid leaf 11 info
OMP: Info #156: KMP_AFFINITY: 8 available OS procs
OMP: Info #157: KMP_AFFINITY: Uniform topology
OMP: Info #154: KMP_AFFINITY: Initial OS proc set respected: 4-7,52-55
OMP: Info #213: KMP_AFFINITY: decoding x2APIC ids.
OMP: Info #251: KMP_AFFINITY: pid 2436364 tid 2436421 thread 3 bound to OS proc set 7,55
OMP: Info #251: KMP_AFFINITY: pid 3000320 tid 3000383 thread 5 bound to OS proc set 5,53
OMP: Info #191: KMP_AFFINITY: 1 socket x 4 cores/socket x 2 threads/core (4 total cores)
OMP: Info #215: KMP_AFFINITY: OS proc to physical thread map:
OMP: Info #171: KMP_AFFINITY: OS proc 28 maps to socket 1 core 4 thread 0 
OMP: Info #171: KMP_AFFINITY: OS proc 76 maps to socket 1 core 4 thread 1 
OMP: Info #171: KMP_AFFINITY: OS proc 29 maps to socket 1 core 5 thread 0 
OMP: Info #171: KMP_AFFINITY: OS proc 77 maps to socket 1 core 5 thread 1 
OMP: Info #154: KMP_AFFINITY: Initial OS proc set respected: 8-11,56-59
OMP: Info #213: KMP_AFFINITY: decoding x2APIC ids.
OMP: Info #251: KMP_AFFINITY: pid 2436364 tid 2436422 thread 4 bound to OS proc set 4,52
OMP: Info #251: KMP_AFFINITY: pid 3000322 tid 3000384 thread 6 bound to OS proc set 26,74
OMP: Info #171: KMP_AFFINITY: OS proc 30 maps to socket 1 core 8 thread 0 
OMP: Info #171: KMP_AFFINITY: OS proc 78 maps to socket 1 core 8 thread 1 
OMP: Info #171: KMP_AFFINITY: OS proc 31 maps to socket 1 core 9 thread 0 
OMP: Info #171: KMP_AFFINITY: OS proc 79 maps to socket 1 core 9 thread 1 
OMP: Info #154: KMP_AFFINITY: Initial OS proc set respected: 24-27,72-75
OMP: Info #213: KMP_AFFINITY: decoding x2APIC ids.
OMP: Info #251: KMP_AFFINITY: pid 2436364 tid 2436423 thread 5 bound to OS proc set 5,53
OMP: Info #251: KMP_AFFINITY: pid 3000319 tid 3000386 thread 5 bound to OS proc set 1,49
OMP: Info #144: KMP_AFFINITY: Threads may migrate across 1 innermost levels of machine
OMP: Info #154: KMP_AFFINITY: Initial OS proc set respected: 28-31,76-79
OMP: Info #213: KMP_AFFINITY: decoding x2APIC ids.
OMP: Info #251: KMP_AFFINITY: pid 2436364 tid 2436424 thread 6 bound to OS proc set 6,54
OMP: Info #251: KMP_AFFINITY: pid 3000320 tid 3000387 thread 6 bound to OS proc set 6,54
OMP: Info #276: KMP_AFFINITY: Affinity capable, using global cpuid leaf 11 info
OMP: Info #156: KMP_AFFINITY: 8 available OS procs
OMP: Info #157: KMP_AFFINITY: Uniform topology
OMP: Info #191: KMP_AFFINITY: 1 socket x 4 cores/socket x 2 threads/core (4 total cores)
OMP: Info #154: KMP_AFFINITY: Initial OS proc set respected: 32-35,80-83
OMP: Info #213: KMP_AFFINITY: decoding x2APIC ids.
OMP: Info #251: KMP_AFFINITY: pid 2436364 tid 2436425 thread 7 bound to OS proc set 7,55
OMP: Info #251: KMP_AFFINITY: pid 3000322 tid 3000385 thread 7 bound to OS proc set 27,75
OMP: Info #276: KMP_AFFINITY: Affinity capable, using global cpuid leaf 11 info
OMP: Info #156: KMP_AFFINITY: 8 available OS procs
OMP: Info #157: KMP_AFFINITY: Uniform topology
OMP: Info #191: KMP_AFFINITY: 1 socket x 4 cores/socket x 2 threads/core (4 total cores)
OMP: Info #215: KMP_AFFINITY: OS proc to physical thread map:
OMP: Info #171: KMP_AFFINITY: OS proc 4 maps to socket 0 core 4 thread 0 
OMP: Info #171: KMP_AFFINITY: OS proc 52 maps to socket 0 core 4 thread 1 
OMP: Info #171: KMP_AFFINITY: OS proc 5 maps to socket 0 core 5 thread 0 
OMP: Info #171: KMP_AFFINITY: OS proc 53 maps to socket 0 core 5 thread 1 
OMP: Info #171: KMP_AFFINITY: OS proc 6 maps to socket 0 core 8 thread 0 
OMP: Info #171: KMP_AFFINITY: OS proc 54 maps to socket 0 core 8 thread 1 
OMP: Info #171: KMP_AFFINITY: OS proc 7 maps to socket 0 core 9 thread 0 
OMP: Info #276: KMP_AFFINITY: Affinity capable, using global cpuid leaf 11 info
OMP: Info #156: KMP_AFFINITY: 8 available OS procs
OMP: Info #157: KMP_AFFINITY: Uniform topology
OMP: Info #251: KMP_AFFINITY: pid 3000320 tid 3000388 thread 7 bound to OS proc set 7,55
OMP: Info #276: KMP_AFFINITY: Affinity capable, using global cpuid leaf 11 info
OMP: Info #156: KMP_AFFINITY: 8 available OS procs
OMP: Info #157: KMP_AFFINITY: Uniform topology
OMP: Info #191: KMP_AFFINITY: 1 socket x 4 cores/socket x 2 threads/core (4 total cores)
OMP: Info #215: KMP_AFFINITY: OS proc to physical thread map:
OMP: Info #171: KMP_AFFINITY: OS proc 8 maps to socket 0 core 10 thread 0 
OMP: Info #171: KMP_AFFINITY: OS proc 56 maps to socket 0 core 10 thread 1 
OMP: Info #171: KMP_AFFINITY: OS proc 9 maps to socket 0 core 11 thread 0 
OMP: Info #171: KMP_AFFINITY: OS proc 57 maps to socket 0 core 11 thread 1 
OMP: Info #171: KMP_AFFINITY: OS proc 10 maps to socket 0 core 12 thread 0 
OMP: Info #171: KMP_AFFINITY: OS proc 58 maps to socket 0 core 12 thread 1 
OMP: Info #171: KMP_AFFINITY: OS proc 11 maps to socket 0 core 13 thread 0 
OMP: Info #171: KMP_AFFINITY: OS proc 59 maps to socket 0 core 13 thread 1 
OMP: Info #191: KMP_AFFINITY: 1 socket x 4 cores/socket x 2 threads/core (4 total cores)
OMP: Info #215: KMP_AFFINITY: OS proc to physical thread map:
OMP: Info #171: KMP_AFFINITY: OS proc 28 maps to socket 1 core 4 thread 0 
OMP: Info #171: KMP_AFFINITY: OS proc 76 maps to socket 1 core 4 thread 1 
OMP: Info #171: KMP_AFFINITY: OS proc 29 maps to socket 1 core 5 thread 0 
OMP: Info #171: KMP_AFFINITY: OS proc 77 maps to socket 1 core 5 thread 1 
OMP: Info #171: KMP_AFFINITY: OS proc 30 maps to socket 1 core 8 thread 0 
OMP: Info #251: KMP_AFFINITY: pid 3000319 tid 3000389 thread 6 bound to OS proc set 2,50
OMP: Info #251: KMP_AFFINITY: pid 2134373 tid 2134373 thread 0 bound to OS proc set 28,76
OMP: Info #171: KMP_AFFINITY: OS proc 78 maps to socket 1 core 8 thread 1 
OMP: Info #171: KMP_AFFINITY: OS proc 31 maps to socket 1 core 9 thread 0 
OMP: Info #171: KMP_AFFINITY: OS proc 79 maps to socket 1 core 9 thread 1 
OMP: Info #251: KMP_AFFINITY: pid 2436363 tid 2436427 thread 4 bound to OS proc set 0,48
OMP: Info #251: KMP_AFFINITY: pid 3000319 tid 3000390 thread 7 bound to OS proc set 3,51
OMP: Info #215: KMP_AFFINITY: OS proc to physical thread map:
OMP: Info #171: KMP_AFFINITY: OS proc 0 maps to socket 0 core 0 thread 0 
OMP: Info #171: KMP_AFFINITY: OS proc 48 maps to socket 0 core 0 thread 1 
OMP: Info #171: KMP_AFFINITY: OS proc 1 maps to socket 0 core 1 thread 0 
OMP: Info #171: KMP_AFFINITY: OS proc 49 maps to socket 0 core 1 thread 1 
OMP: Info #171: KMP_AFFINITY: OS proc 2 maps to socket 0 core 2 thread 0 
OMP: Info #171: KMP_AFFINITY: OS proc 50 maps to socket 0 core 2 thread 1 
OMP: Info #171: KMP_AFFINITY: OS proc 3 maps to socket 0 core 3 thread 0 
OMP: Info #171: KMP_AFFINITY: OS proc 51 maps to socket 0 core 3 thread 1 
OMP: Info #144: KMP_AFFINITY: Threads may migrate across 1 innermost levels of machine
OMP: Info #251: KMP_AFFINITY: pid 2134369 tid 2134369 thread 0 bound to OS proc set 0,48
OMP: Info #276: KMP_AFFINITY: Affinity capable, using global cpuid leaf 11 info
OMP: Info #156: KMP_AFFINITY: 8 available OS procs
OMP: Info #251: KMP_AFFINITY: pid 2436365 tid 2436419 thread 2 bound to OS proc set 10,58
OMP: Info #251: KMP_AFFINITY: pid 3000321 tid 3000374 thread 2 bound to OS proc set 10,58
OMP: Info #171: KMP_AFFINITY: OS proc 55 maps to socket 0 core 9 thread 1 
OMP: Info #144: KMP_AFFINITY: Threads may migrate across 1 innermost levels of machine
OMP: Info #251: KMP_AFFINITY: pid 2134370 tid 2134370 thread 0 bound to OS proc set 4,52
OMP: Info #276: KMP_AFFINITY: Affinity capable, using global cpuid leaf 11 info
OMP: Info #156: KMP_AFFINITY: 8 available OS procs
OMP: Info #157: KMP_AFFINITY: Uniform topology
OMP: Info #191: KMP_AFFINITY: 1 socket x 4 cores/socket x 2 threads/core (4 total cores)
OMP: Info #215: KMP_AFFINITY: OS proc to physical thread map:
OMP: Info #171: KMP_AFFINITY: OS proc 8 maps to socket 0 core 10 thread 0 
OMP: Info #171: KMP_AFFINITY: OS proc 56 maps to socket 0 core 10 thread 1 
OMP: Info #251: KMP_AFFINITY: pid 2436363 tid 2436426 thread 3 bound to OS proc set 3,51
OMP: Info #251: KMP_AFFINITY: pid 3000321 tid 3000391 thread 3 bound to OS proc set 11,59
OMP: Info #144: KMP_AFFINITY: Threads may migrate across 1 innermost levels of machine
OMP: Info #251: KMP_AFFINITY: pid 2134371 tid 2134371 thread 0 bound to OS proc set 8,56
OMP: Info #144: KMP_AFFINITY: Threads may migrate across 1 innermost levels of machine
OMP: Info #251: KMP_AFFINITY: pid 820737 tid 820737 thread 0 bound to OS proc set 28,76
OMP: Info #251: KMP_AFFINITY: pid 2436365 tid 2436429 thread 3 bound to OS proc set 11,59
OMP: Info #251: KMP_AFFINITY: pid 3000321 tid 3000393 thread 4 bound to OS proc set 8,56
OMP: Info #251: KMP_AFFINITY: pid 2134373 tid 2134405 thread 1 bound to OS proc set 29,77
OMP: Info #276: KMP_AFFINITY: Affinity capable, using global cpuid leaf 11 info
OMP: Info #156: KMP_AFFINITY: 8 available OS procs
OMP: Info #157: KMP_AFFINITY: Uniform topology
OMP: Info #191: KMP_AFFINITY: 1 socket x 4 cores/socket x 2 threads/core (4 total cores)
OMP: Info #215: KMP_AFFINITY: OS proc to physical thread map:
OMP: Info #171: KMP_AFFINITY: OS proc 32 maps to socket 1 core 10 thread 0 
OMP: Info #171: KMP_AFFINITY: OS proc 80 maps to socket 1 core 10 thread 1 
OMP: Info #171: KMP_AFFINITY: OS proc 33 maps to socket 1 core 11 thread 0 
OMP: Info #171: KMP_AFFINITY: OS proc 81 maps to socket 1 core 11 thread 1 
OMP: Info #171: KMP_AFFINITY: OS proc 34 maps to socket 1 core 12 thread 0 
OMP: Info #171: KMP_AFFINITY: OS proc 82 maps to socket 1 core 12 thread 1 
OMP: Info #171: KMP_AFFINITY: OS proc 35 maps to socket 1 core 13 thread 0 
OMP: Info #171: KMP_AFFINITY: OS proc 83 maps to socket 1 core 13 thread 1 
OMP: Info #251: KMP_AFFINITY: pid 2436366 tid 2436420 thread 2 bound to OS proc set 26,74
OMP: Info #251: KMP_AFFINITY: pid 3000323 tid 3000392 thread 7 bound to OS proc set 31,79
OMP: Info #251: KMP_AFFINITY: pid 2134371 tid 2134407 thread 1 bound to OS proc set 9,57
OMP: Info #157: KMP_AFFINITY: Uniform topology
OMP: Info #191: KMP_AFFINITY: 1 socket x 4 cores/socket x 2 threads/core (4 total cores)
OMP: Info #215: KMP_AFFINITY: OS proc to physical thread map:
OMP: Info #171: KMP_AFFINITY: OS proc 0 maps to socket 0 core 0 thread 0 
OMP: Info #171: KMP_AFFINITY: OS proc 48 maps to socket 0 core 0 thread 1 
OMP: Info #171: KMP_AFFINITY: OS proc 1 maps to socket 0 core 1 thread 0 
OMP: Info #171: KMP_AFFINITY: OS proc 49 maps to socket 0 core 1 thread 1 
OMP: Info #171: KMP_AFFINITY: OS proc 2 maps to socket 0 core 2 thread 0 
OMP: Info #171: KMP_AFFINITY: OS proc 50 maps to socket 0 core 2 thread 1 
OMP: Info #171: KMP_AFFINITY: OS proc 3 maps to socket 0 core 3 thread 0 
OMP: Info #171: KMP_AFFINITY: OS proc 51 maps to socket 0 core 3 thread 1 
OMP: Info #144: KMP_AFFINITY: Threads may migrate across 1 innermost levels of machine
OMP: Info #251: KMP_AFFINITY: pid 2436363 tid 2436428 thread 5 bound to OS proc set 1,49
OMP: Info #251: KMP_AFFINITY: pid 3000321 tid 3000394 thread 5 bound to OS proc set 9,57
OMP: Info #251: KMP_AFFINITY: pid 2134373 tid 2134406 thread 2 bound to OS proc set 30,78
OMP: Info #276: KMP_AFFINITY: Affinity capable, using global cpuid leaf 11 info
OMP: Info #156: KMP_AFFINITY: 8 available OS procs
OMP: Info #157: KMP_AFFINITY: Uniform topology
OMP: Info #191: KMP_AFFINITY: 1 socket x 4 cores/socket x 2 threads/core (4 total cores)
OMP: Info #215: KMP_AFFINITY: OS proc to physical thread map:
OMP: Info #171: KMP_AFFINITY: OS proc 4 maps to socket 0 core 4 thread 0 
OMP: Info #171: KMP_AFFINITY: OS proc 52 maps to socket 0 core 4 thread 1 
OMP: Info #171: KMP_AFFINITY: OS proc 5 maps to socket 0 core 5 thread 0 
OMP: Info #171: KMP_AFFINITY: OS proc 53 maps to socket 0 core 5 thread 1 
OMP: Info #171: KMP_AFFINITY: OS proc 6 maps to socket 0 core 8 thread 0 
OMP: Info #171: KMP_AFFINITY: OS proc 54 maps to socket 0 core 8 thread 1 
OMP: Info #171: KMP_AFFINITY: OS proc 7 maps to socket 0 core 9 thread 0 
OMP: Info #171: KMP_AFFINITY: OS proc 55 maps to socket 0 core 9 thread 1 
OMP: Info #144: KMP_AFFINITY: Threads may migrate across 1 innermost levels of machine
OMP: Info #251: KMP_AFFINITY: pid 820734 tid 820734 thread 0 bound to OS proc set 4,52
OMP: Info #251: KMP_AFFINITY: pid 2436365 tid 2436431 thread 4 bound to OS proc set 8,56
OMP: Info #251: KMP_AFFINITY: pid 3000321 tid 3000395 thread 6 bound to OS proc set 10,58
OMP: Info #251: KMP_AFFINITY: pid 2134369 tid 2134409 thread 1 bound to OS proc set 1,49
OMP: Info #171: KMP_AFFINITY: OS proc 9 maps to socket 0 core 11 thread 0 
OMP: Info #171: KMP_AFFINITY: OS proc 57 maps to socket 0 core 11 thread 1 
OMP: Info #171: KMP_AFFINITY: OS proc 10 maps to socket 0 core 12 thread 0 
OMP: Info #171: KMP_AFFINITY: OS proc 58 maps to socket 0 core 12 thread 1 
OMP: Info #171: KMP_AFFINITY: OS proc 11 maps to socket 0 core 13 thread 0 
OMP: Info #171: KMP_AFFINITY: OS proc 59 maps to socket 0 core 13 thread 1 
OMP: Info #144: KMP_AFFINITY: Threads may migrate across 1 innermost levels of machine
OMP: Info #251: KMP_AFFINITY: pid 820735 tid 820735 thread 0 bound to OS proc set 8,56
OMP: Info #251: KMP_AFFINITY: pid 2436366 tid 2436430 thread 3 bound to OS proc set 27,75
OMP: Info #251: KMP_AFFINITY: pid 3000321 tid 3000396 thread 7 bound to OS proc set 11,59
OMP: Info #251: KMP_AFFINITY: pid 2134370 tid 2134408 thread 1 bound to OS proc set 5,53
OMP: Info #276: KMP_AFFINITY: Affinity capable, using global cpuid leaf 11 info
OMP: Info #156: KMP_AFFINITY: 8 available OS procs
OMP: Info #157: KMP_AFFINITY: Uniform topology
OMP: Info #191: KMP_AFFINITY: 1 socket x 4 cores/socket x 2 threads/core (4 total cores)
OMP: Info #215: KMP_AFFINITY: OS proc to physical thread map:
OMP: Info #171: KMP_AFFINITY: OS proc 24 maps to socket 1 core 0 thread 0 
OMP: Info #171: KMP_AFFINITY: OS proc 72 maps to socket 1 core 0 thread 1 
OMP: Info #171: KMP_AFFINITY: OS proc 25 maps to socket 1 core 1 thread 0 
OMP: Info #171: KMP_AFFINITY: OS proc 73 maps to socket 1 core 1 thread 1 
OMP: Info #171: KMP_AFFINITY: OS proc 26 maps to socket 1 core 2 thread 0 
OMP: Info #171: KMP_AFFINITY: OS proc 74 maps to socket 1 core 2 thread 1 
OMP: Info #171: KMP_AFFINITY: OS proc 27 maps to socket 1 core 3 thread 0 
OMP: Info #171: KMP_AFFINITY: OS proc 75 maps to socket 1 core 3 thread 1 
OMP: Info #144: KMP_AFFINITY: Threads may migrate across 1 innermost levels of machine
OMP: Info #251: KMP_AFFINITY: pid 820736 tid 820736 thread 0 bound to OS proc set 24,72
OMP: Info #251: KMP_AFFINITY: pid 2436363 tid 2436432 thread 6 bound to OS proc set 2,50
OMP: Info #251: KMP_AFFINITY: pid 2134369 tid 2134412 thread 2 bound to OS proc set 2,50
OMP: Info #144: KMP_AFFINITY: Threads may migrate across 1 innermost levels of machine
OMP: Info #251: KMP_AFFINITY: pid 820738 tid 820738 thread 0 bound to OS proc set 32,80
OMP: Info #251: KMP_AFFINITY: pid 2436365 tid 2436434 thread 5 bound to OS proc set 9,57
OMP: Info #251: KMP_AFFINITY: pid 2134370 tid 2134410 thread 2 bound to OS proc set 6,54
OMP: Info #251: KMP_AFFINITY: pid 2134370 tid 2134415 thread 3 bound to OS proc set 7,55
OMP: Info #251: KMP_AFFINITY: pid 820733 tid 820733 thread 0 bound to OS proc set 0,48
OMP: Info #251: KMP_AFFINITY: pid 2436363 tid 2436435 thread 7 bound to OS proc set 3,51
OMP: Info #251: KMP_AFFINITY: pid 2134371 tid 2134411 thread 2 bound to OS proc set 10,58
OMP: Info #251: KMP_AFFINITY: pid 820734 tid 820770 thread 1 bound to OS proc set 5,53
OMP: Info #251: KMP_AFFINITY: pid 2436366 tid 2436433 thread 4 bound to OS proc set 24,72
OMP: Info #251: KMP_AFFINITY: pid 2134373 tid 2134413 thread 3 bound to OS proc set 31,79
OMP: Info #251: KMP_AFFINITY: pid 2134373 tid 2134417 thread 4 bound to OS proc set 28,76
OMP: Info #251: KMP_AFFINITY: pid 820735 tid 820769 thread 1 bound to OS proc set 9,57
OMP: Info #251: KMP_AFFINITY: pid 2436365 tid 2436436 thread 6 bound to OS proc set 10,58
OMP: Info #251: KMP_AFFINITY: pid 2134369 tid 2134416 thread 3 bound to OS proc set 3,51
OMP: Info #251: KMP_AFFINITY: pid 820736 tid 820771 thread 1 bound to OS proc set 25,73
OMP: Info #251: KMP_AFFINITY: pid 2436365 tid 2436437 thread 7 bound to OS proc set 11,59
OMP: Info #251: KMP_AFFINITY: pid 2134371 tid 2134414 thread 3 bound to OS proc set 11,59
OMP: Info #251: KMP_AFFINITY: pid 820733 tid 820777 thread 1 bound to OS proc set 1,49
OMP: Info #251: KMP_AFFINITY: pid 2436366 tid 2436438 thread 5 bound to OS proc set 25,73
OMP: Info #251: KMP_AFFINITY: pid 2134370 tid 2134418 thread 4 bound to OS proc set 4,52
OMP: Info #251: KMP_AFFINITY: pid 820734 tid 820780 thread 3 bound to OS proc set 7,55
OMP: Info #251: KMP_AFFINITY: pid 820734 tid 820784 thread 4 bound to OS proc set 4,52
OMP: Info #251: KMP_AFFINITY: pid 2436366 tid 2436440 thread 7 bound to OS proc set 27,75
OMP: Info #251: KMP_AFFINITY: pid 2436366 tid 2436439 thread 6 bound to OS proc set 26,74
OMP: Info #251: KMP_AFFINITY: pid 2134369 tid 2134420 thread 4 bound to OS proc set 0,48
OMP: Info #251: KMP_AFFINITY: pid 820735 tid 820774 thread 2 bound to OS proc set 10,58
OMP: Info #251: KMP_AFFINITY: pid 2134370 tid 2134421 thread 5 bound to OS proc set 5,53
OMP: Info #251: KMP_AFFINITY: pid 820736 tid 820775 thread 2 bound to OS proc set 26,74
OMP: Info #251: KMP_AFFINITY: pid 820736 tid 820789 thread 4 bound to OS proc set 24,72
OMP: Info #251: KMP_AFFINITY: pid 820736 tid 820783 thread 3 bound to OS proc set 27,75
OMP: Info #251: KMP_AFFINITY: pid 2134371 tid 2134419 thread 4 bound to OS proc set 8,56
OMP: Info #251: KMP_AFFINITY: pid 820737 tid 820773 thread 1 bound to OS proc set 29,77
OMP: Info #251: KMP_AFFINITY: pid 820737 tid 820779 thread 2 bound to OS proc set 30,78
OMP: Info #251: KMP_AFFINITY: pid 2134369 tid 2134422 thread 5 bound to OS proc set 1,49
OMP: Info #251: KMP_AFFINITY: pid 820738 tid 820776 thread 1 bound to OS proc set 33,81
OMP: Info #251: KMP_AFFINITY: pid 820738 tid 820778 thread 2 bound to OS proc set 34,82
OMP: Info #251: KMP_AFFINITY: pid 2134370 tid 2134423 thread 6 bound to OS proc set 6,54
OMP: Info #251: KMP_AFFINITY: pid 820734 tid 820772 thread 2 bound to OS proc set 6,54
OMP: Info #251: KMP_AFFINITY: pid 2134371 tid 2134424 thread 5 bound to OS proc set 9,57
OMP: Info #251: KMP_AFFINITY: pid 820735 tid 820781 thread 3 bound to OS proc set 11,59
OMP: Info #251: KMP_AFFINITY: pid 820735 tid 820787 thread 4 bound to OS proc set 8,56
OMP: Info #251: KMP_AFFINITY: pid 2134370 tid 2134427 thread 7 bound to OS proc set 7,55
OMP: Info #251: KMP_AFFINITY: pid 820733 tid 820782 thread 2 bound to OS proc set 2,50
OMP: Info #251: KMP_AFFINITY: pid 820733 tid 820791 thread 4 bound to OS proc set 0,48
OMP: Info #251: KMP_AFFINITY: pid 2134371 tid 2134426 thread 6 bound to OS proc set 10,58
OMP: Info #251: KMP_AFFINITY: pid 820733 tid 820785 thread 3 bound to OS proc set 3,51
OMP: Info #251: KMP_AFFINITY: pid 2134369 tid 2134425 thread 6 bound to OS proc set 2,50
OMP: Info #251: KMP_AFFINITY: pid 820735 tid 820794 thread 5 bound to OS proc set 9,57
OMP: Info #251: KMP_AFFINITY: pid 2134369 tid 2134428 thread 7 bound to OS proc set 3,51
OMP: Info #251: KMP_AFFINITY: pid 820737 tid 820788 thread 3 bound to OS proc set 31,79
OMP: Info #154: KMP_AFFINITY: Initial OS proc set respected: 24-27,72-75
OMP: Info #213: KMP_AFFINITY: decoding x2APIC ids.
OMP: Info #251: KMP_AFFINITY: pid 820737 tid 820792 thread 4 bound to OS proc set 28,76
OMP: Info #154: KMP_AFFINITY: Initial OS proc set respected: 32-35,80-83
OMP: Info #213: KMP_AFFINITY: decoding x2APIC ids.
OMP: Info #251: KMP_AFFINITY: pid 820738 tid 820790 thread 4 bound to OS proc set 32,80
OMP: Info #251: KMP_AFFINITY: pid 820738 tid 820786 thread 3 bound to OS proc set 35,83
OMP: Info #251: KMP_AFFINITY: pid 2134373 tid 2134429 thread 5 bound to OS proc set 29,77
OMP: Info #251: KMP_AFFINITY: pid 820734 tid 820793 thread 5 bound to OS proc set 5,53
OMP: Info #251: KMP_AFFINITY: pid 820734 tid 820796 thread 6 bound to OS proc set 6,54
OMP: Info #251: KMP_AFFINITY: pid 2134373 tid 2134431 thread 7 bound to OS proc set 31,79
OMP: Info #251: KMP_AFFINITY: pid 820733 tid 820795 thread 5 bound to OS proc set 1,49
OMP: Info #251: KMP_AFFINITY: pid 2134373 tid 2134430 thread 6 bound to OS proc set 30,78
OMP: Info #251: KMP_AFFINITY: pid 820737 tid 820797 thread 5 bound to OS proc set 29,77
OMP: Info #276: KMP_AFFINITY: Affinity capable, using global cpuid leaf 11 info
OMP: Info #156: KMP_AFFINITY: 8 available OS procs
OMP: Info #251: KMP_AFFINITY: pid 820738 tid 820798 thread 5 bound to OS proc set 33,81
OMP: Info #276: KMP_AFFINITY: Affinity capable, using global cpuid leaf 11 info
OMP: Info #156: KMP_AFFINITY: 8 available OS procs
OMP: Info #157: KMP_AFFINITY: Uniform topology
OMP: Info #251: KMP_AFFINITY: pid 820734 tid 820801 thread 7 bound to OS proc set 7,55
OMP: Info #157: KMP_AFFINITY: Uniform topology
OMP: Info #191: KMP_AFFINITY: 1 socket x 4 cores/socket x 2 threads/core (4 total cores)
OMP: Info #215: KMP_AFFINITY: OS proc to physical thread map:
OMP: Info #171: KMP_AFFINITY: OS proc 32 maps to socket 1 core 10 thread 0 
OMP: Info #171: KMP_AFFINITY: OS proc 80 maps to socket 1 core 10 thread 1 
OMP: Info #171: KMP_AFFINITY: OS proc 33 maps to socket 1 core 11 thread 0 
OMP: Info #171: KMP_AFFINITY: OS proc 81 maps to socket 1 core 11 thread 1 
OMP: Info #171: KMP_AFFINITY: OS proc 34 maps to socket 1 core 12 thread 0 
OMP: Info #171: KMP_AFFINITY: OS proc 82 maps to socket 1 core 12 thread 1 
OMP: Info #171: KMP_AFFINITY: OS proc 35 maps to socket 1 core 13 thread 0 
OMP: Info #251: KMP_AFFINITY: pid 820735 tid 820799 thread 6 bound to OS proc set 10,58
OMP: Info #191: KMP_AFFINITY: 1 socket x 4 cores/socket x 2 threads/core (4 total cores)
OMP: Info #215: KMP_AFFINITY: OS proc to physical thread map:
OMP: Info #171: KMP_AFFINITY: OS proc 24 maps to socket 1 core 0 thread 0 
OMP: Info #171: KMP_AFFINITY: OS proc 72 maps to socket 1 core 0 thread 1 
OMP: Info #171: KMP_AFFINITY: OS proc 25 maps to socket 1 core 1 thread 0 
OMP: Info #171: KMP_AFFINITY: OS proc 73 maps to socket 1 core 1 thread 1 
OMP: Info #171: KMP_AFFINITY: OS proc 26 maps to socket 1 core 2 thread 0 
OMP: Info #171: KMP_AFFINITY: OS proc 74 maps to socket 1 core 2 thread 1 
OMP: Info #171: KMP_AFFINITY: OS proc 27 maps to socket 1 core 3 thread 0 
OMP: Info #251: KMP_AFFINITY: pid 820733 tid 820800 thread 6 bound to OS proc set 2,50
OMP: Info #251: KMP_AFFINITY: pid 820733 tid 820803 thread 7 bound to OS proc set 3,51
OMP: Info #171: KMP_AFFINITY: OS proc 83 maps to socket 1 core 13 thread 1 
OMP: Info #144: KMP_AFFINITY: Threads may migrate across 1 innermost levels of machine
OMP: Info #251: KMP_AFFINITY: pid 820735 tid 820804 thread 7 bound to OS proc set 11,59
OMP: Info #251: KMP_AFFINITY: pid 2134371 tid 2134432 thread 7 bound to OS proc set 11,59
OMP: Info #251: KMP_AFFINITY: pid 820737 tid 820802 thread 6 bound to OS proc set 30,78
OMP: Info #171: KMP_AFFINITY: OS proc 75 maps to socket 1 core 3 thread 1 
OMP: Info #144: KMP_AFFINITY: Threads may migrate across 1 innermost levels of machine
OMP: Info #251: KMP_AFFINITY: pid 2134372 tid 2134372 thread 0 bound to OS proc set 24,72
OMP: Info #251: KMP_AFFINITY: pid 820738 tid 820805 thread 6 bound to OS proc set 34,82
OMP: Info #251: KMP_AFFINITY: pid 2134374 tid 2134374 thread 0 bound to OS proc set 32,80
OMP: Info #251: KMP_AFFINITY: pid 820737 tid 820806 thread 7 bound to OS proc set 31,79
OMP: Info #251: KMP_AFFINITY: pid 2134372 tid 2134434 thread 1 bound to OS proc set 25,73
OMP: Info #251: KMP_AFFINITY: pid 820738 tid 820807 thread 7 bound to OS proc set 35,83
OMP: Info #251: KMP_AFFINITY: pid 2134374 tid 2134433 thread 1 bound to OS proc set 33,81
OMP: Info #251: KMP_AFFINITY: pid 820736 tid 820808 thread 5 bound to OS proc set 25,73
OMP: Info #251: KMP_AFFINITY: pid 2134374 tid 2134435 thread 2 bound to OS proc set 34,82
OMP: Info #251: KMP_AFFINITY: pid 820736 tid 820810 thread 7 bound to OS proc set 27,75
OMP: Info #251: KMP_AFFINITY: pid 2134372 tid 2134436 thread 2 bound to OS proc set 26,74
OMP: Info #251: KMP_AFFINITY: pid 2134374 tid 2134438 thread 3 bound to OS proc set 35,83
OMP: Info #251: KMP_AFFINITY: pid 2134372 tid 2134437 thread 3 bound to OS proc set 27,75
OMP: Info #251: KMP_AFFINITY: pid 2134374 tid 2134441 thread 5 bound to OS proc set 33,81
OMP: Info #251: KMP_AFFINITY: pid 2134374 tid 2134439 thread 4 bound to OS proc set 32,80

Num-X: 4 ; Num-Y: 6 ; Resolution: 6500 ; Rank: 5 ; Rank-X: 1 ; Rank-Y: 1 ; Rowstart: 1084; Rowend: 2169; Rows: 1085; Colstart: 1625; Colend: 3251; Cols: 1626;OMP: Info #251: KMP_AFFINITY: pid 2134374 tid 2134442 thread 6 bound to OS proc set 34,82
OMP: Info #251: KMP_AFFINITY: pid 2134372 tid 2134440 thread 4 bound to OS proc set 24,72
OMP: Info #251: KMP_AFFINITY: pid 2134372 tid 2134443 thread 5 bound to OS proc set 25,73
OMP: Info #251: KMP_AFFINITY: pid 2134372 tid 2134445 thread 6 bound to OS proc set 26,74
OMP: Info #251: KMP_AFFINITY: pid 820736 tid 820809 thread 6 bound to OS proc set 26,74
OMP: Info #251: KMP_AFFINITY: pid 2134374 tid 2134444 thread 7 bound to OS proc set 35,83
OMP: Info #251: KMP_AFFINITY: pid 2134372 tid 2134446 thread 7 bound to OS proc set 27,75

Num-X: 4 ; Num-Y: 6 ; Resolution: 6500 ; Rank: 23 ; Rank-X: 3 ; Rank-Y: 5 ; Rowstart: 5420; Rowend: 6501; Rows: 1081; Colstart: 4875; Colend: 6501; Cols: 1626;
Num-X: 4 ; Num-Y: 6 ; Resolution: 6500 ; Rank: 22 ; Rank-X: 2 ; Rank-Y: 5 ; Rowstart: 5420; Rowend: 6501; Rows: 1081; Colstart: 3250; Colend: 4876; Cols: 1626;
Num-X: 4 ; Num-Y: 6 ; Resolution: 6500 ; Rank: 4 ; Rank-X: 0 ; Rank-Y: 1 ; Rowstart: 1084; Rowend: 2169; Rows: 1085; Colstart: 0; Colend: 1626; Cols: 1626;
Num-X: 4 ; Num-Y: 6 ; Resolution: 6500 ; Rank: 12 ; Rank-X: 0 ; Rank-Y: 3 ; Rowstart: 3252; Rowend: 4337; Rows: 1085; Colstart: 0; Colend: 1626; Cols: 1626;
Num-X: 4 ; Num-Y: 6 ; Resolution: 6500 ; Rank: 3 ; Rank-X: 3 ; Rank-Y: 0 ; Rowstart: 0; Rowend: 1085; Rows: 1085; Colstart: 4875; Colend: 6501; Cols: 1626;
Num-X: 4 ; Num-Y: 6 ; Resolution: 6500 ; Rank: 19 ; Rank-X: 3 ; Rank-Y: 4 ; Rowstart: 4336; Rowend: 5421; Rows: 1085; Colstart: 4875; Colend: 6501; Cols: 1626;
Num-X: 4 ; Num-Y: 6 ; Resolution: 6500 ; Rank: 18 ; Rank-X: 2 ; Rank-Y: 4 ; Rowstart: 4336; Rowend: 5421; Rows: 1085; Colstart: 3250; Colend: 4876; Cols: 1626;
Num-X: 4 ; Num-Y: 6 ; Resolution: 6500 ; Rank: 0 ; Rank-X: 0 ; Rank-Y: 0 ; Rowstart: 0; Rowend: 1085; Rows: 1085; Colstart: 0; Colend: 1626; Cols: 1626;
Num-X: 4 ; Num-Y: 6 ; Resolution: 6500 ; Rank: 1 ; Rank-X: 1 ; Rank-Y: 0 ; Rowstart: 0; Rowend: 1085; Rows: 1085; Colstart: 1625; Colend: 3251; Cols: 1626;
Num-X: 4 ; Num-Y: 6 ; Resolution: 6500 ; Rank: 13 ; Rank-X: 1 ; Rank-Y: 3 ; Rowstart: 3252; Rowend: 4337; Rows: 1085; Colstart: 1625; Colend: 3251; Cols: 1626;
Num-X: 4 ; Num-Y: 6 ; Resolution: 6500 ; Rank: 14 ; Rank-X: 2 ; Rank-Y: 3 ; Rowstart: 3252; Rowend: 4337; Rows: 1085; Colstart: 3250; Colend: 4876; Cols: 1626;
Num-X: 4 ; Num-Y: 6 ; Resolution: 6500 ; Rank: 16 ; Rank-X: 0 ; Rank-Y: 4 ; Rowstart: 4336; Rowend: 5421; Rows: 1085; Colstart: 0; Colend: 1626; Cols: 1626;
Num-X: 4 ; Num-Y: 6 ; Resolution: 6500 ; Rank: 2 ; Rank-X: 2 ; Rank-Y: 0 ; Rowstart: 0; Rowend: 1085; Rows: 1085; Colstart: 3250; Colend: 4876; Cols: 1626;
Num-X: 4 ; Num-Y: 6 ; Resolution: 6500 ; Rank: 21 ; Rank-X: 1 ; Rank-Y: 5 ; Rowstart: 5420; Rowend: 6501; Rows: 1081; Colstart: 1625; Colend: 3251; Cols: 1626;
Num-X: 4 ; Num-Y: 6 ; Resolution: 6500 ; Rank: 7 ; Rank-X: 3 ; Rank-Y: 1 ; Rowstart: 1084; Rowend: 2169; Rows: 1085; Colstart: 4875; Colend: 6501; Cols: 1626;
Num-X: 4 ; Num-Y: 6 ; Resolution: 6500 ; Rank: 8 ; Rank-X: 0 ; Rank-Y: 2 ; Rowstart: 2168; Rowend: 3253; Rows: 1085; Colstart: 0; Colend: 1626; Cols: 1626;
Num-X: 4 ; Num-Y: 6 ; Resolution: 6500 ; Rank: 6 ; Rank-X: 2 ; Rank-Y: 1 ; Rowstart: 1084; Rowend: 2169; Rows: 1085; Colstart: 3250; Colend: 4876; Cols: 1626;
Num-X: 4 ; Num-Y: 6 ; Resolution: 6500 ; Rank: 20 ; Rank-X: 0 ; Rank-Y: 5 ; Rowstart: 5420; Rowend: 6501; Rows: 1081; Colstart: 0; Colend: 1626; Cols: 1626;
Num-X: 4 ; Num-Y: 6 ; Resolution: 6500 ; Rank: 17 ; Rank-X: 1 ; Rank-Y: 4 ; Rowstart: 4336; Rowend: 5421; Rows: 1085; Colstart: 1625; Colend: 3251; Cols: 1626;
Num-X: 4 ; Num-Y: 6 ; Resolution: 6500 ; Rank: 10 ; Rank-X: 2 ; Rank-Y: 2 ; Rowstart: 2168; Rowend: 3253; Rows: 1085; Colstart: 3250; Colend: 4876; Cols: 1626;
Num-X: 4 ; Num-Y: 6 ; Resolution: 6500 ; Rank: 11 ; Rank-X: 3 ; Rank-Y: 2 ; Rowstart: 2168; Rowend: 3253; Rows: 1085; Colstart: 4875; Colend: 6501; Cols: 1626;
Num-X: 4 ; Num-Y: 6 ; Resolution: 6500 ; Rank: 15 ; Rank-X: 3 ; Rank-Y: 3 ; Rowstart: 3252; Rowend: 4337; Rows: 1085; Colstart: 4875; Colend: 6501; Cols: 1626;
Num-X: 4 ; Num-Y: 6 ; Resolution: 6500 ; Rank: 9 ; Rank-X: 1 ; Rank-Y: 2 ; Rowstart: 2168; Rowend: 3253; Rows: 1085; Colstart: 1625; Colend: 3251; Cols: 1626;

Resolution: 6500
===================
Execution time: 0.020808
Residual: 3.049154

megaflops:  284265.9
  flop instructions (M):  5915.000

Num-X: 4 ; Num-Y: 6 ; Resolution: 8500 ; Rank: 1 ; Rank-X: 1 ; Rank-Y: 0 ; Rowstart: 0; Rowend: 1418; Rows: 1418; Colstart: 2125; Colend: 4251; Cols: 2126;
Num-X: 4 ; Num-Y: 6 ; Resolution: 8500 ; Rank: 10 ; Rank-X: 2 ; Rank-Y: 2 ; Rowstart: 2834; Rowend: 4252; Rows: 1418; Colstart: 4250; Colend: 6376; Cols: 2126;
Num-X: 4 ; Num-Y: 6 ; Resolution: 8500 ; Rank: 19 ; Rank-X: 3 ; Rank-Y: 4 ; Rowstart: 5668; Rowend: 7086; Rows: 1418; Colstart: 6375; Colend: 8501; Cols: 2126;
Num-X: 4 ; Num-Y: 6 ; Resolution: 8500 ; Rank: 0 ; Rank-X: 0 ; Rank-Y: 0 ; Rowstart: 0; Rowend: 1418; Rows: 1418; Colstart: 0; Colend: 2126; Cols: 2126;
Num-X: 4 ; Num-Y: 6 ; Resolution: 8500 ; Rank: 13 ; Rank-X: 1 ; Rank-Y: 3 ; Rowstart: 4251; Rowend: 5669; Rows: 1418; Colstart: 2125; Colend: 4251; Cols: 2126;
Num-X: 4 ; Num-Y: 6 ; Resolution: 8500 ; Rank: 7 ; Rank-X: 3 ; Rank-Y: 1 ; Rowstart: 1417; Rowend: 2835; Rows: 1418; Colstart: 6375; Colend: 8501; Cols: 2126;
Num-X: 4 ; Num-Y: 6 ; Resolution: 8500 ; Rank: 12 ; Rank-X: 0 ; Rank-Y: 3 ; Rowstart: 4251; Rowend: 5669; Rows: 1418; Colstart: 0; Colend: 2126; Cols: 2126;
Num-X: 4 ; Num-Y: 6 ; Resolution: 8500 ; Rank: 8 ; Rank-X: 0 ; Rank-Y: 2 ; Rowstart: 2834; Rowend: 4252; Rows: 1418; Colstart: 0; Colend: 2126; Cols: 2126;
Num-X: 4 ; Num-Y: 6 ; Resolution: 8500 ; Rank: 9 ; Rank-X: 1 ; Rank-Y: 2 ; Rowstart: 2834; Rowend: 4252; Rows: 1418; Colstart: 2125; Colend: 4251; Cols: 2126;
Num-X: 4 ; Num-Y: 6 ; Resolution: 8500 ; Rank: 6 ; Rank-X: 2 ; Rank-Y: 1 ; Rowstart: 1417; Rowend: 2835; Rows: 1418; Colstart: 4250; Colend: 6376; Cols: 2126;
Num-X: 4 ; Num-Y: 6 ; Resolution: 8500 ; Rank: 11 ; Rank-X: 3 ; Rank-Y: 2 ; Rowstart: 2834; Rowend: 4252; Rows: 1418; Colstart: 6375; Colend: 8501; Cols: 2126;
Num-X: 4 ; Num-Y: 6 ; Resolution: 8500 ; Rank: 15 ; Rank-X: 3 ; Rank-Y: 3 ; Rowstart: 4251; Rowend: 5669; Rows: 1418; Colstart: 6375; Colend: 8501; Cols: 2126;
Num-X: 4 ; Num-Y: 6 ; Resolution: 8500 ; Rank: 16 ; Rank-X: 0 ; Rank-Y: 4 ; Rowstart: 5668; Rowend: 7086; Rows: 1418; Colstart: 0; Colend: 2126; Cols: 2126;
Num-X: 4 ; Num-Y: 6 ; Resolution: 8500 ; Rank: 17 ; Rank-X: 1 ; Rank-Y: 4 ; Rowstart: 5668; Rowend: 7086; Rows: 1418; Colstart: 2125; Colend: 4251; Cols: 2126;
Num-X: 4 ; Num-Y: 6 ; Resolution: 8500 ; Rank: 18 ; Rank-X: 2 ; Rank-Y: 4 ; Rowstart: 5668; Rowend: 7086; Rows: 1418; Colstart: 4250; Colend: 6376; Cols: 2126;
Num-X: 4 ; Num-Y: 6 ; Resolution: 8500 ; Rank: 20 ; Rank-X: 0 ; Rank-Y: 5 ; Rowstart: 7085; Rowend: 8501; Rows: 1416; Colstart: 0; Colend: 2126; Cols: 2126;
Num-X: 4 ; Num-Y: 6 ; Resolution: 8500 ; Rank: 23 ; Rank-X: 3 ; Rank-Y: 5 ; Rowstart: 7085; Rowend: 8501; Rows: 1416; Colstart: 6375; Colend: 8501; Cols: 2126;
Num-X: 4 ; Num-Y: 6 ; Resolution: 8500 ; Rank: 14 ; Rank-X: 2 ; Rank-Y: 3 ; Rowstart: 4251; Rowend: 5669; Rows: 1418; Colstart: 4250; Colend: 6376; Cols: 2126;
Num-X: 4 ; Num-Y: 6 ; Resolution: 8500 ; Rank: 21 ; Rank-X: 1 ; Rank-Y: 5 ; Rowstart: 7085; Rowend: 8501; Rows: 1416; Colstart: 2125; Colend: 4251; Cols: 2126;
Num-X: 4 ; Num-Y: 6 ; Resolution: 8500 ; Rank: 22 ; Rank-X: 2 ; Rank-Y: 5 ; Rowstart: 7085; Rowend: 8501; Rows: 1416; Colstart: 4250; Colend: 6376; Cols: 2126;
Num-X: 4 ; Num-Y: 6 ; Resolution: 8500 ; Rank: 2 ; Rank-X: 2 ; Rank-Y: 0 ; Rowstart: 0; Rowend: 1418; Rows: 1418; Colstart: 4250; Colend: 6376; Cols: 2126;
Num-X: 4 ; Num-Y: 6 ; Resolution: 8500 ; Rank: 3 ; Rank-X: 3 ; Rank-Y: 0 ; Rowstart: 0; Rowend: 1418; Rows: 1418; Colstart: 6375; Colend: 8501; Cols: 2126;
Num-X: 4 ; Num-Y: 6 ; Resolution: 8500 ; Rank: 4 ; Rank-X: 0 ; Rank-Y: 1 ; Rowstart: 1417; Rowend: 2835; Rows: 1418; Colstart: 0; Colend: 2126; Cols: 2126;
Num-X: 4 ; Num-Y: 6 ; Resolution: 8500 ; Rank: 5 ; Rank-X: 1 ; Rank-Y: 1 ; Rowstart: 1417; Rowend: 2835; Rows: 1418; Colstart: 2125; Colend: 4251; Cols: 2126;

Resolution: 8500
===================
Execution time: 0.038490
Residual: 3.987213

megaflops:  262795.1
  flop instructions (M):  10115.000

Num-X: 4 ; Num-Y: 6 ; Resolution: 10500 ; Rank: 21 ; Rank-X: 1 ; Rank-Y: 5 ; Rowstart: 8750; Rowend: 10501; Rows: 1751; Colstart: 2625; Colend: 5251; Cols: 2626;
Num-X: 4 ; Num-Y: 6 ; Resolution: 10500 ; Rank: 23 ; Rank-X: 3 ; Rank-Y: 5 ; Rowstart: 8750; Rowend: 10501; Rows: 1751; Colstart: 7875; Colend: 10501; Cols: 2626;
Num-X: 4 ; Num-Y: 6 ; Resolution: 10500 ; Rank: 17 ; Rank-X: 1 ; Rank-Y: 4 ; Rowstart: 7000; Rowend: 8751; Rows: 1751; Colstart: 2625; Colend: 5251; Cols: 2626;
Num-X: 4 ; Num-Y: 6 ; Resolution: 10500 ; Rank: 18 ; Rank-X: 2 ; Rank-Y: 4 ; Rowstart: 7000; Rowend: 8751; Rows: 1751; Colstart: 5250; Colend: 7876; Cols: 2626;
Num-X: 4 ; Num-Y: 6 ; Resolution: 10500 ; Rank: 15 ; Rank-X: 3 ; Rank-Y: 3 ; Rowstart: 5250; Rowend: 7001; Rows: 1751; Colstart: 7875; Colend: 10501; Cols: 2626;
Num-X: 4 ; Num-Y: 6 ; Resolution: 10500 ; Rank: 6 ; Rank-X: 2 ; Rank-Y: 1 ; Rowstart: 1750; Rowend: 3501; Rows: 1751; Colstart: 5250; Colend: 7876; Cols: 2626;
Num-X: 4 ; Num-Y: 6 ; Resolution: 10500 ; Rank: 20 ; Rank-X: 0 ; Rank-Y: 5 ; Rowstart: 8750; Rowend: 10501; Rows: 1751; Colstart: 0; Colend: 2626; Cols: 2626;
Num-X: 4 ; Num-Y: 6 ; Resolution: 10500 ; Rank: 16 ; Rank-X: 0 ; Rank-Y: 4 ; Rowstart: 7000; Rowend: 8751; Rows: 1751; Colstart: 0; Colend: 2626; Cols: 2626;
Num-X: 4 ; Num-Y: 6 ; Resolution: 10500 ; Rank: 9 ; Rank-X: 1 ; Rank-Y: 2 ; Rowstart: 3500; Rowend: 5251; Rows: 1751; Colstart: 2625; Colend: 5251; Cols: 2626;
Num-X: 4 ; Num-Y: 6 ; Resolution: 10500 ; Rank: 14 ; Rank-X: 2 ; Rank-Y: 3 ; Rowstart: 5250; Rowend: 7001; Rows: 1751; Colstart: 5250; Colend: 7876; Cols: 2626;
Num-X: 4 ; Num-Y: 6 ; Resolution: 10500 ; Rank: 11 ; Rank-X: 3 ; Rank-Y: 2 ; Rowstart: 3500; Rowend: 5251; Rows: 1751; Colstart: 7875; Colend: 10501; Cols: 2626;
Num-X: 4 ; Num-Y: 6 ; Resolution: 10500 ; Rank: 22 ; Rank-X: 2 ; Rank-Y: 5 ; Rowstart: 8750; Rowend: 10501; Rows: 1751; Colstart: 5250; Colend: 7876; Cols: 2626;
Num-X: 4 ; Num-Y: 6 ; Resolution: 10500 ; Rank: 5 ; Rank-X: 1 ; Rank-Y: 1 ; Rowstart: 1750; Rowend: 3501; Rows: 1751; Colstart: 2625; Colend: 5251; Cols: 2626;
Num-X: 4 ; Num-Y: 6 ; Resolution: 10500 ; Rank: 4 ; Rank-X: 0 ; Rank-Y: 1 ; Rowstart: 1750; Rowend: 3501; Rows: 1751; Colstart: 0; Colend: 2626; Cols: 2626;
Num-X: 4 ; Num-Y: 6 ; Resolution: 10500 ; Rank: 12 ; Rank-X: 0 ; Rank-Y: 3 ; Rowstart: 5250; Rowend: 7001; Rows: 1751; Colstart: 0; Colend: 2626; Cols: 2626;
Num-X: 4 ; Num-Y: 6 ; Resolution: 10500 ; Rank: 10 ; Rank-X: 2 ; Rank-Y: 2 ; Rowstart: 3500; Rowend: 5251; Rows: 1751; Colstart: 5250; Colend: 7876; Cols: 2626;
Num-X: 4 ; Num-Y: 6 ; Resolution: 10500 ; Rank: 2 ; Rank-X: 2 ; Rank-Y: 0 ; Rowstart: 0; Rowend: 1751; Rows: 1751; Colstart: 5250; Colend: 7876; Cols: 2626;
Num-X: 4 ; Num-Y: 6 ; Resolution: 10500 ; Rank: 13 ; Rank-X: 1 ; Rank-Y: 3 ; Rowstart: 5250; Rowend: 7001; Rows: 1751; Colstart: 2625; Colend: 5251; Cols: 2626;
Num-X: 4 ; Num-Y: 6 ; Resolution: 10500 ; Rank: 1 ; Rank-X: 1 ; Rank-Y: 0 ; Rowstart: 0; Rowend: 1751; Rows: 1751; Colstart: 2625; Colend: 5251; Cols: 2626;
Num-X: 4 ; Num-Y: 6 ; Resolution: 10500 ; Rank: 19 ; Rank-X: 3 ; Rank-Y: 4 ; Rowstart: 7000; Rowend: 8751; Rows: 1751; Colstart: 7875; Colend: 10501; Cols: 2626;
Num-X: 4 ; Num-Y: 6 ; Resolution: 10500 ; Rank: 3 ; Rank-X: 3 ; Rank-Y: 0 ; Rowstart: 0; Rowend: 1751; Rows: 1751; Colstart: 7875; Colend: 10501; Cols: 2626;
Num-X: 4 ; Num-Y: 6 ; Resolution: 10500 ; Rank: 7 ; Rank-X: 3 ; Rank-Y: 1 ; Rowstart: 1750; Rowend: 3501; Rows: 1751; Colstart: 7875; Colend: 10501; Cols: 2626;
Num-X: 4 ; Num-Y: 6 ; Resolution: 10500 ; Rank: 0 ; Rank-X: 0 ; Rank-Y: 0 ; Rowstart: 0; Rowend: 1751; Rows: 1751; Colstart: 0; Colend: 2626; Cols: 2626;
Num-X: 4 ; Num-Y: 6 ; Resolution: 10500 ; Rank: 8 ; Rank-X: 0 ; Rank-Y: 2 ; Rowstart: 3500; Rowend: 5251; Rows: 1751; Colstart: 0; Colend: 2626; Cols: 2626;

Resolution: 10500
===================
Execution time: 0.060853
Residual: 4.925272

megaflops:  253644.0
  flop instructions (M):  15435.000

Num-X: 4 ; Num-Y: 6 ; Resolution: 12500 ; Rank: 2 ; Rank-X: 2 ; Rank-Y: 0 ; Rowstart: 0; Rowend: 2085; Rows: 2085; Colstart: 6250; Colend: 9376; Cols: 3126;
Num-X: 4 ; Num-Y: 6 ; Resolution: 12500 ; Rank: 23 ; Rank-X: 3 ; Rank-Y: 5 ; Rowstart: 10420; Rowend: 12501; Rows: 2081; Colstart: 9375; Colend: 12501; Cols: 3126;
Num-X: 4 ; Num-Y: 6 ; Resolution: 12500 ; Rank: 21 ; Rank-X: 1 ; Rank-Y: 5 ; Rowstart: 10420; Rowend: 12501; Rows: 2081; Colstart: 3125; Colend: 6251; Cols: 3126;
Num-X: 4 ; Num-Y: 6 ; Resolution: 12500 ; Rank: 3 ; Rank-X: 3 ; Rank-Y: 0 ; Rowstart: 0; Rowend: 2085; Rows: 2085; Colstart: 9375; Colend: 12501; Cols: 3126;
Num-X: 4 ; Num-Y: 6 ; Resolution: 12500 ; Rank: 5 ; Rank-X: 1 ; Rank-Y: 1 ; Rowstart: 2084; Rowend: 4169; Rows: 2085; Colstart: 3125; Colend: 6251; Cols: 3126;
Num-X: 4 ; Num-Y: 6 ; Resolution: 12500 ; Rank: 18 ; Rank-X: 2 ; Rank-Y: 4 ; Rowstart: 8336; Rowend: 10421; Rows: 2085; Colstart: 6250; Colend: 9376; Cols: 3126;
Num-X: 4 ; Num-Y: 6 ; Resolution: 12500 ; Rank: 4 ; Rank-X: 0 ; Rank-Y: 1 ; Rowstart: 2084; Rowend: 4169; Rows: 2085; Colstart: 0; Colend: 3126; Cols: 3126;
Num-X: 4 ; Num-Y: 6 ; Resolution: 12500 ; Rank: 14 ; Rank-X: 2 ; Rank-Y: 3 ; Rowstart: 6252; Rowend: 8337; Rows: 2085; Colstart: 6250; Colend: 9376; Cols: 3126;
Num-X: 4 ; Num-Y: 6 ; Resolution: 12500 ; Rank: 9 ; Rank-X: 1 ; Rank-Y: 2 ; Rowstart: 4168; Rowend: 6253; Rows: 2085; Colstart: 3125; Colend: 6251; Cols: 3126;
Num-X: 4 ; Num-Y: 6 ; Resolution: 12500 ; Rank: 22 ; Rank-X: 2 ; Rank-Y: 5 ; Rowstart: 10420; Rowend: 12501; Rows: 2081; Colstart: 6250; Colend: 9376; Cols: 3126;
Num-X: 4 ; Num-Y: 6 ; Resolution: 12500 ; Rank: 16 ; Rank-X: 0 ; Rank-Y: 4 ; Rowstart: 8336; Rowend: 10421; Rows: 2085; Colstart: 0; Colend: 3126; Cols: 3126;
Num-X: 4 ; Num-Y: 6 ; Resolution: 12500 ; Rank: 10 ; Rank-X: 2 ; Rank-Y: 2 ; Rowstart: 4168; Rowend: 6253; Rows: 2085; Colstart: 6250; Colend: 9376; Cols: 3126;
Num-X: 4 ; Num-Y: 6 ; Resolution: 12500 ; Rank: 17 ; Rank-X: 1 ; Rank-Y: 4 ; Rowstart: 8336; Rowend: 10421; Rows: 2085; Colstart: 3125; Colend: 6251; Cols: 3126;
Num-X: 4 ; Num-Y: 6 ; Resolution: 12500 ; Rank: 6 ; Rank-X: 2 ; Rank-Y: 1 ; Rowstart: 2084; Rowend: 4169; Rows: 2085; Colstart: 6250; Colend: 9376; Cols: 3126;
Num-X: 4 ; Num-Y: 6 ; Resolution: 12500 ; Rank: 12 ; Rank-X: 0 ; Rank-Y: 3 ; Rowstart: 6252; Rowend: 8337; Rows: 2085; Colstart: 0; Colend: 3126; Cols: 3126;
Num-X: 4 ; Num-Y: 6 ; Resolution: 12500 ; Rank: 11 ; Rank-X: 3 ; Rank-Y: 2 ; Rowstart: 4168; Rowend: 6253; Rows: 2085; Colstart: 9375; Colend: 12501; Cols: 3126;
Num-X: 4 ; Num-Y: 6 ; Resolution: 12500 ; Rank: 15 ; Rank-X: 3 ; Rank-Y: 3 ; Rowstart: 6252; Rowend: 8337; Rows: 2085; Colstart: 9375; Colend: 12501; Cols: 3126;
Num-X: 4 ; Num-Y: 6 ; Resolution: 12500 ; Rank: 20 ; Rank-X: 0 ; Rank-Y: 5 ; Rowstart: 10420; Rowend: 12501; Rows: 2081; Colstart: 0; Colend: 3126; Cols: 3126;
Num-X: 4 ; Num-Y: 6 ; Resolution: 12500 ; Rank: 1 ; Rank-X: 1 ; Rank-Y: 0 ; Rowstart: 0; Rowend: 2085; Rows: 2085; Colstart: 3125; Colend: 6251; Cols: 3126;
Num-X: 4 ; Num-Y: 6 ; Resolution: 12500 ; Rank: 7 ; Rank-X: 3 ; Rank-Y: 1 ; Rowstart: 2084; Rowend: 4169; Rows: 2085; Colstart: 9375; Colend: 12501; Cols: 3126;
Num-X: 4 ; Num-Y: 6 ; Resolution: 12500 ; Rank: 8 ; Rank-X: 0 ; Rank-Y: 2 ; Rowstart: 4168; Rowend: 6253; Rows: 2085; Colstart: 0; Colend: 3126; Cols: 3126;
Num-X: 4 ; Num-Y: 6 ; Resolution: 12500 ; Rank: 0 ; Rank-X: 0 ; Rank-Y: 0 ; Rowstart: 0; Rowend: 2085; Rows: 2085; Colstart: 0; Colend: 3126; Cols: 3126;
Num-X: 4 ; Num-Y: 6 ; Resolution: 12500 ; Rank: 19 ; Rank-X: 3 ; Rank-Y: 4 ; Rowstart: 8336; Rowend: 10421; Rows: 2085; Colstart: 9375; Colend: 12501; Cols: 3126;
Num-X: 4 ; Num-Y: 6 ; Resolution: 12500 ; Rank: 13 ; Rank-X: 1 ; Rank-Y: 3 ; Rowstart: 6252; Rowend: 8337; Rows: 2085; Colstart: 3125; Colend: 6251; Cols: 3126;

Resolution: 12500
===================
Execution time: 0.087874
Residual: 5.863330

megaflops:  248936.2
  flop instructions (M):  21875.000
