mpiexec -genv I_MPI_DEBUG=4 -genv OMP_NUM_THREADS=12 -genv KMP_AFFINITY=verbose,scatter -genv I_MPI_PIN_DOMAIN=omp -n 16 ./heat test.dat 4 4
[0] MPI startup(): Intel(R) MPI Library, Version 2019 Update 8  Build 20200624 (id: 4f16ad915)
[0] MPI startup(): Copyright (C) 2003-2020 Intel Corporation.  All rights reserved.
[0] MPI startup(): library kind: release
[0] MPI startup(): libfabric version: 1.10.1-impi
[0] MPI startup(): libfabric provider: psm2
OMP: Info #154: KMP_AFFINITY: Initial OS proc set respected: 30-35,78-83
OMP: Info #213: KMP_AFFINITY: decoding x2APIC ids.
OMP: Info #276: KMP_AFFINITY: Affinity capable, using global cpuid leaf 11 info
OMP: Info #156: KMP_AFFINITY: 12 available OS procs
OMP: Info #157: KMP_AFFINITY: Uniform topology
OMP: Info #191: KMP_AFFINITY: 1 socket x 6 cores/socket x 2 threads/core (6 total cores)
OMP: Info #215: KMP_AFFINITY: OS proc to physical thread map:
OMP: Info #171: KMP_AFFINITY: OS proc 30 maps to socket 1 core 8 thread 0 
OMP: Info #171: KMP_AFFINITY: OS proc 78 maps to socket 1 core 8 thread 1 
OMP: Info #171: KMP_AFFINITY: OS proc 31 maps to socket 1 core 9 thread 0 
OMP: Info #171: KMP_AFFINITY: OS proc 79 maps to socket 1 core 9 thread 1 
OMP: Info #171: KMP_AFFINITY: OS proc 32 maps to socket 1 core 10 thread 0 
OMP: Info #171: KMP_AFFINITY: OS proc 80 maps to socket 1 core 10 thread 1 
OMP: Info #171: KMP_AFFINITY: OS proc 33 maps to socket 1 core 11 thread 0 
OMP: Info #171: KMP_AFFINITY: OS proc 81 maps to socket 1 core 11 thread 1 
OMP: Info #171: KMP_AFFINITY: OS proc 34 maps to socket 1 core 12 thread 0 
OMP: Info #171: KMP_AFFINITY: OS proc 82 maps to socket 1 core 12 thread 1 
OMP: Info #171: KMP_AFFINITY: OS proc 35 maps to socket 1 core 13 thread 0 
OMP: Info #171: KMP_AFFINITY: OS proc 83 maps to socket 1 core 13 thread 1 
OMP: Info #144: KMP_AFFINITY: Threads may migrate across 1 innermost levels of machine
OMP: Info #251: KMP_AFFINITY: pid 2997740 tid 2997740 thread 0 bound to OS proc set 30,78

Executing each MPI process in 12 OMP threads.
[0] MPI startup(): Rank    Pid      Node name     Pin cpu
[0] MPI startup(): 0       2997737  i01r01c06s06  {0,1,2,3,4,5,48,49,50,51,52,53}
[0] MPI startup(): 1       2997738  i01r01c06s06  {6,7,8,9,10,11,54,55,56,57,58,59}
[0] MPI startup(): 2       2997739  i01r01c06s06  {24,25,26,27,28,29,72,73,74,75,76,77}
[0] MPI startup(): 3       2997740  i01r01c06s06  {30,31,32,33,34,35,78,79,80,81,82,83}
[0] MPI startup(): 4       818508   i01r01c06s07  {0,1,2,3,4,5,48,49,50,51,52,53}
[0] MPI startup(): 5       818509   i01r01c06s07  {6,7,8,9,10,11,54,55,56,57,58,59}
[0] MPI startup(): 6       818510   i01r01c06s07  {24,25,26,27,28,29,72,73,74,75,76,77}
[0] MPI startup(): 7       818511   i01r01c06s07  {30,31,32,33,34,35,78,79,80,81,82,83}
[0] MPI startup(): 8       2132026  i01r01c06s08  {0,1,2,3,4,5,48,49,50,51,52,53}
[0] MPI startup(): 9       2132027  i01r01c06s08  {6,7,8,9,10,11,54,55,56,57,58,59}
[0] MPI startup(): 10      2132028  i01r01c06s08  {24,25,26,27,28,29,72,73,74,75,76,77}
[0] MPI startup(): 11      2132029  i01r01c06s08  {30,31,32,33,34,35,78,79,80,81,82,83}
[0] MPI startup(): 12      2434528  i01r01c06s09  {0,1,2,3,4,5,48,49,50,51,52,53}
[0] MPI startup(): 13      2434529  i01r01c06s09  {6,7,8,9,10,11,54,55,56,57,58,59}
[0] MPI startup(): 14      2434530  i01r01c06s09  {24,25,26,27,28,29,72,73,74,75,76,77}
[0] MPI startup(): 15      2434531  i01r01c06s09  {30,31,32,33,34,35,78,79,80,81,82,83}

4 processes distributed in X-direction
 4 ; processes distributed in Y-direction
Resolutions       : (6500, 8500, ... 12500)
Iterations        : 20
Num. Heat sources : 2
   1: (0.00, 0.00) 1.00 1.00 
   2: (1.00, 1.00) 1.00 0.50 
rank= 0 coords= 0 0 neighbours(up,down,left,right)= -1 4 -1 1
rank= 8 coords= 2 0 neighbours(up,down,left,right)= 4 12 -1 9
rank= 4 coords= 1 0 neighbours(up,down,left,right)= 0 8 -1 5
rank= 1 coords= 0 1 neighbours(up,down,left,right)= -1 5 0 2
rank= 9 coords= 2 1 neighbours(up,down,left,right)= 5 13 8 10
rank= 12 coords= 3 0 neighbours(up,down,left,right)= 8 -1 -1 13
rank= 5 coords= 1 1 neighbours(up,down,left,right)= 1 9 4 6
rank= 2 coords= 0 2 neighbours(up,down,left,right)= -1 6 1 3
rank= 10 coords= 2 2 neighbours(up,down,left,right)= 6 14 9 11
rank= 13 coords= 3 1 neighbours(up,down,left,right)= 9 -1 12 14
rank= 6 coords= 1 2 neighbours(up,down,left,right)= 2 10 5 7
rank= 3 coords= 0 3 neighbours(up,down,left,right)= -1 7 2 -1
rank= 11 coords= 2 3 neighbours(up,down,left,right)= 7 15 10 -1
rank= 14 coords= 3 2 neighbours(up,down,left,right)= 10 -1 13 15
rank= 7 coords= 1 3 neighbours(up,down,left,right)= 3 11 6 -1
OMP: Info #251: KMP_AFFINITY: pid 2997740 tid 2997761 thread 1 bound to OS proc set 31,79
rank= 15 coords= 3 3 neighbours(up,down,left,right)= 11 -1 14 -1
OMP: Info #251: KMP_AFFINITY: pid 2997740 tid 2997762 thread 2 bound to OS proc set 32,80
OMP: Info #251: KMP_AFFINITY: pid 2997740 tid 2997763 thread 3 bound to OS proc set 33,81
OMP: Info #251: KMP_AFFINITY: pid 2997740 tid 2997764 thread 4 bound to OS proc set 34,82
OMP: Info #251: KMP_AFFINITY: pid 2997740 tid 2997765 thread 5 bound to OS proc set 35,83
OMP: Info #251: KMP_AFFINITY: pid 2997740 tid 2997767 thread 7 bound to OS proc set 31,79
OMP: Info #251: KMP_AFFINITY: pid 2997740 tid 2997766 thread 6 bound to OS proc set 30,78
OMP: Info #154: KMP_AFFINITY: Initial OS proc set respected: 24-29,72-77
OMP: Info #213: KMP_AFFINITY: decoding x2APIC ids.
OMP: Info #154: KMP_AFFINITY: Initial OS proc set respected: 0-5,48-53
OMP: Info #213: KMP_AFFINITY: decoding x2APIC ids.
OMP: Info #154: KMP_AFFINITY: Initial OS proc set respected: 6-11,54-59
OMP: Info #213: KMP_AFFINITY: decoding x2APIC ids.
OMP: Info #251: KMP_AFFINITY: pid 2997740 tid 2997768 thread 8 bound to OS proc set 32,80
OMP: Info #276: KMP_AFFINITY: Affinity capable, using global cpuid leaf 11 info
OMP: Info #156: KMP_AFFINITY: 12 available OS procs
OMP: Info #157: KMP_AFFINITY: Uniform topology
OMP: Info #191: KMP_AFFINITY: 1 socket x 6 cores/socket x 2 threads/core (6 total cores)
OMP: Info #215: KMP_AFFINITY: OS proc to physical thread map:
OMP: Info #171: KMP_AFFINITY: OS proc 24 maps to socket 1 core 0 thread 0 
OMP: Info #171: KMP_AFFINITY: OS proc 72 maps to socket 1 core 0 thread 1 
OMP: Info #171: KMP_AFFINITY: OS proc 25 maps to socket 1 core 1 thread 0 
OMP: Info #171: KMP_AFFINITY: OS proc 73 maps to socket 1 core 1 thread 1 
OMP: Info #171: KMP_AFFINITY: OS proc 26 maps to socket 1 core 2 thread 0 
OMP: Info #171: KMP_AFFINITY: OS proc 74 maps to socket 1 core 2 thread 1 
OMP: Info #171: KMP_AFFINITY: OS proc 27 maps to socket 1 core 3 thread 0 
OMP: Info #171: KMP_AFFINITY: OS proc 75 maps to socket 1 core 3 thread 1 
OMP: Info #171: KMP_AFFINITY: OS proc 28 maps to socket 1 core 4 thread 0 
OMP: Info #171: KMP_AFFINITY: OS proc 76 maps to socket 1 core 4 thread 1 
OMP: Info #251: KMP_AFFINITY: pid 2997740 tid 2997769 thread 9 bound to OS proc set 33,81
OMP: Info #251: KMP_AFFINITY: pid 2997740 tid 2997770 thread 10 bound to OS proc set 34,82
OMP: Info #171: KMP_AFFINITY: OS proc 29 maps to socket 1 core 5 thread 0 
OMP: Info #171: KMP_AFFINITY: OS proc 77 maps to socket 1 core 5 thread 1 
OMP: Info #144: KMP_AFFINITY: Threads may migrate across 1 innermost levels of machine
OMP: Info #251: KMP_AFFINITY: pid 2997739 tid 2997739 thread 0 bound to OS proc set 24,72
OMP: Info #251: KMP_AFFINITY: pid 2997740 tid 2997771 thread 11 bound to OS proc set 35,83
OMP: Info #251: KMP_AFFINITY: pid 2997739 tid 2997772 thread 1 bound to OS proc set 25,73
OMP: Info #276: KMP_AFFINITY: Affinity capable, using global cpuid leaf 11 info
OMP: Info #156: KMP_AFFINITY: 12 available OS procs
OMP: Info #157: KMP_AFFINITY: Uniform topology
OMP: Info #191: KMP_AFFINITY: 1 socket x 6 cores/socket x 2 threads/core (6 total cores)
OMP: Info #276: KMP_AFFINITY: Affinity capable, using global cpuid leaf 11 info
OMP: Info #156: KMP_AFFINITY: 12 available OS procs
OMP: Info #157: KMP_AFFINITY: Uniform topology
OMP: Info #191: KMP_AFFINITY: 1 socket x 6 cores/socket x 2 threads/core (6 total cores)
OMP: Info #215: KMP_AFFINITY: OS proc to physical thread map:
OMP: Info #171: KMP_AFFINITY: OS proc 6 maps to socket 0 core 8 thread 0 
OMP: Info #171: KMP_AFFINITY: OS proc 54 maps to socket 0 core 8 thread 1 
OMP: Info #171: KMP_AFFINITY: OS proc 7 maps to socket 0 core 9 thread 0 
OMP: Info #171: KMP_AFFINITY: OS proc 55 maps to socket 0 core 9 thread 1 
OMP: Info #171: KMP_AFFINITY: OS proc 8 maps to socket 0 core 10 thread 0 
OMP: Info #171: KMP_AFFINITY: OS proc 56 maps to socket 0 core 10 thread 1 
OMP: Info #171: KMP_AFFINITY: OS proc 9 maps to socket 0 core 11 thread 0 
OMP: Info #171: KMP_AFFINITY: OS proc 57 maps to socket 0 core 11 thread 1 
OMP: Info #171: KMP_AFFINITY: OS proc 10 maps to socket 0 core 12 thread 0 
OMP: Info #171: KMP_AFFINITY: OS proc 58 maps to socket 0 core 12 thread 1 
OMP: Info #171: KMP_AFFINITY: OS proc 11 maps to socket 0 core 13 thread 0 
OMP: Info #171: KMP_AFFINITY: OS proc 59 maps to socket 0 core 13 thread 1 
OMP: Info #144: KMP_AFFINITY: Threads may migrate across 1 innermost levels of machine
OMP: Info #251: KMP_AFFINITY: pid 2997739 tid 2997773 thread 2 bound to OS proc set 26,74
OMP: Info #215: KMP_AFFINITY: OS proc to physical thread map:
OMP: Info #171: KMP_AFFINITY: OS proc 0 maps to socket 0 core 0 thread 0 
OMP: Info #171: KMP_AFFINITY: OS proc 48 maps to socket 0 core 0 thread 1 
OMP: Info #171: KMP_AFFINITY: OS proc 1 maps to socket 0 core 1 thread 0 
OMP: Info #171: KMP_AFFINITY: OS proc 49 maps to socket 0 core 1 thread 1 
OMP: Info #171: KMP_AFFINITY: OS proc 2 maps to socket 0 core 2 thread 0 
OMP: Info #171: KMP_AFFINITY: OS proc 50 maps to socket 0 core 2 thread 1 
OMP: Info #171: KMP_AFFINITY: OS proc 3 maps to socket 0 core 3 thread 0 
OMP: Info #171: KMP_AFFINITY: OS proc 51 maps to socket 0 core 3 thread 1 
OMP: Info #171: KMP_AFFINITY: OS proc 4 maps to socket 0 core 4 thread 0 
OMP: Info #171: KMP_AFFINITY: OS proc 52 maps to socket 0 core 4 thread 1 
OMP: Info #171: KMP_AFFINITY: OS proc 5 maps to socket 0 core 5 thread 0 
OMP: Info #171: KMP_AFFINITY: OS proc 53 maps to socket 0 core 5 thread 1 
OMP: Info #144: KMP_AFFINITY: Threads may migrate across 1 innermost levels of machine
OMP: Info #251: KMP_AFFINITY: pid 2997738 tid 2997738 thread 0 bound to OS proc set 6,54
OMP: Info #251: KMP_AFFINITY: pid 2997739 tid 2997774 thread 3 bound to OS proc set 27,75
OMP: Info #251: KMP_AFFINITY: pid 2997737 tid 2997737 thread 0 bound to OS proc set 0,48
OMP: Info #251: KMP_AFFINITY: pid 2997739 tid 2997775 thread 4 bound to OS proc set 28,76
OMP: Info #251: KMP_AFFINITY: pid 2997738 tid 2997776 thread 1 bound to OS proc set 7,55
OMP: Info #154: KMP_AFFINITY: Initial OS proc set respected: 0-5,48-53
OMP: Info #213: KMP_AFFINITY: decoding x2APIC ids.
OMP: Info #251: KMP_AFFINITY: pid 2997737 tid 2997777 thread 1 bound to OS proc set 1,49
OMP: Info #154: KMP_AFFINITY: Initial OS proc set respected: 6-11,54-59
OMP: Info #213: KMP_AFFINITY: decoding x2APIC ids.
OMP: Info #154: KMP_AFFINITY: Initial OS proc set respected: 0-5,48-53
OMP: Info #213: KMP_AFFINITY: decoding x2APIC ids.
OMP: Info #251: KMP_AFFINITY: pid 2997739 tid 2997778 thread 5 bound to OS proc set 29,77
OMP: Info #154: KMP_AFFINITY: Initial OS proc set respected: 24-29,72-77
OMP: Info #213: KMP_AFFINITY: decoding x2APIC ids.
OMP: Info #154: KMP_AFFINITY: Initial OS proc set respected: 6-11,54-59
OMP: Info #213: KMP_AFFINITY: decoding x2APIC ids.
OMP: Info #251: KMP_AFFINITY: pid 2997738 tid 2997779 thread 2 bound to OS proc set 8,56
OMP: Info #154: KMP_AFFINITY: Initial OS proc set respected: 30-35,78-83
OMP: Info #213: KMP_AFFINITY: decoding x2APIC ids.
OMP: Info #154: KMP_AFFINITY: Initial OS proc set respected: 24-29,72-77
OMP: Info #213: KMP_AFFINITY: decoding x2APIC ids.
OMP: Info #251: KMP_AFFINITY: pid 2997739 tid 2997781 thread 6 bound to OS proc set 24,72
OMP: Info #154: KMP_AFFINITY: Initial OS proc set respected: 30-35,78-83
OMP: Info #213: KMP_AFFINITY: decoding x2APIC ids.
OMP: Info #251: KMP_AFFINITY: pid 2997737 tid 2997780 thread 2 bound to OS proc set 2,50
OMP: Info #251: KMP_AFFINITY: pid 2997737 tid 2997784 thread 3 bound to OS proc set 3,51
OMP: Info #251: KMP_AFFINITY: pid 2997738 tid 2997782 thread 3 bound to OS proc set 9,57
OMP: Info #251: KMP_AFFINITY: pid 2997739 tid 2997783 thread 7 bound to OS proc set 25,73
OMP: Info #154: KMP_AFFINITY: Initial OS proc set respected: 0-5,48-53
OMP: Info #213: KMP_AFFINITY: decoding x2APIC ids.
OMP: Info #251: KMP_AFFINITY: pid 2997738 tid 2997785 thread 4 bound to OS proc set 10,58
OMP: Info #154: KMP_AFFINITY: Initial OS proc set respected: 6-11,54-59
OMP: Info #213: KMP_AFFINITY: decoding x2APIC ids.
OMP: Info #154: KMP_AFFINITY: Initial OS proc set respected: 24-29,72-77
OMP: Info #213: KMP_AFFINITY: decoding x2APIC ids.
OMP: Info #154: KMP_AFFINITY: Initial OS proc set respected: 30-35,78-83
OMP: Info #213: KMP_AFFINITY: decoding x2APIC ids.
OMP: Info #251: KMP_AFFINITY: pid 2997738 tid 2997787 thread 5 bound to OS proc set 11,59
OMP: Info #251: KMP_AFFINITY: pid 2997737 tid 2997786 thread 4 bound to OS proc set 4,52
OMP: Info #276: KMP_AFFINITY: Affinity capable, using global cpuid leaf 11 info
OMP: Info #156: KMP_AFFINITY: 12 available OS procs
OMP: Info #157: KMP_AFFINITY: Uniform topology
OMP: Info #191: KMP_AFFINITY: 1 socket x 6 cores/socket x 2 threads/core (6 total cores)
OMP: Info #251: KMP_AFFINITY: pid 2997738 tid 2997789 thread 6 bound to OS proc set 6,54
OMP: Info #215: KMP_AFFINITY: OS proc to physical thread map:
OMP: Info #171: KMP_AFFINITY: OS proc 0 maps to socket 0 core 0 thread 0 
OMP: Info #171: KMP_AFFINITY: OS proc 48 maps to socket 0 core 0 thread 1 
OMP: Info #171: KMP_AFFINITY: OS proc 1 maps to socket 0 core 1 thread 0 
OMP: Info #171: KMP_AFFINITY: OS proc 49 maps to socket 0 core 1 thread 1 
OMP: Info #171: KMP_AFFINITY: OS proc 2 maps to socket 0 core 2 thread 0 
OMP: Info #171: KMP_AFFINITY: OS proc 50 maps to socket 0 core 2 thread 1 
OMP: Info #171: KMP_AFFINITY: OS proc 3 maps to socket 0 core 3 thread 0 
OMP: Info #171: KMP_AFFINITY: OS proc 51 maps to socket 0 core 3 thread 1 
OMP: Info #276: KMP_AFFINITY: Affinity capable, using global cpuid leaf 11 info
OMP: Info #156: KMP_AFFINITY: 12 available OS procs
OMP: Info #157: KMP_AFFINITY: Uniform topology
OMP: Info #251: KMP_AFFINITY: pid 2997737 tid 2997788 thread 5 bound to OS proc set 5,53
OMP: Info #276: KMP_AFFINITY: Affinity capable, using global cpuid leaf 11 info
OMP: Info #156: KMP_AFFINITY: 12 available OS procs
OMP: Info #157: KMP_AFFINITY: Uniform topology
OMP: Info #191: KMP_AFFINITY: 1 socket x 6 cores/socket x 2 threads/core (6 total cores)
OMP: Info #215: KMP_AFFINITY: OS proc to physical thread map:
OMP: Info #171: KMP_AFFINITY: OS proc 6 maps to socket 0 core 8 thread 0 
OMP: Info #171: KMP_AFFINITY: OS proc 54 maps to socket 0 core 8 thread 1 
OMP: Info #171: KMP_AFFINITY: OS proc 7 maps to socket 0 core 9 thread 0 
OMP: Info #171: KMP_AFFINITY: OS proc 55 maps to socket 0 core 9 thread 1 
OMP: Info #171: KMP_AFFINITY: OS proc 8 maps to socket 0 core 10 thread 0 
OMP: Info #171: KMP_AFFINITY: OS proc 56 maps to socket 0 core 10 thread 1 
OMP: Info #171: KMP_AFFINITY: OS proc 9 maps to socket 0 core 11 thread 0 
OMP: Info #171: KMP_AFFINITY: OS proc 57 maps to socket 0 core 11 thread 1 
OMP: Info #171: KMP_AFFINITY: OS proc 10 maps to socket 0 core 12 thread 0 
OMP: Info #171: KMP_AFFINITY: OS proc 58 maps to socket 0 core 12 thread 1 
OMP: Info #276: KMP_AFFINITY: Affinity capable, using global cpuid leaf 11 info
OMP: Info #156: KMP_AFFINITY: 12 available OS procs
OMP: Info #157: KMP_AFFINITY: Uniform topology
OMP: Info #191: KMP_AFFINITY: 1 socket x 6 cores/socket x 2 threads/core (6 total cores)
OMP: Info #215: KMP_AFFINITY: OS proc to physical thread map:
OMP: Info #171: KMP_AFFINITY: OS proc 30 maps to socket 1 core 8 thread 0 
OMP: Info #171: KMP_AFFINITY: OS proc 78 maps to socket 1 core 8 thread 1 
OMP: Info #251: KMP_AFFINITY: pid 2997738 tid 2997790 thread 7 bound to OS proc set 7,55
OMP: Info #276: KMP_AFFINITY: Affinity capable, using global cpuid leaf 11 info
OMP: Info #156: KMP_AFFINITY: 12 available OS procs
OMP: Info #157: KMP_AFFINITY: Uniform topology
OMP: Info #191: KMP_AFFINITY: 1 socket x 6 cores/socket x 2 threads/core (6 total cores)
OMP: Info #215: KMP_AFFINITY: OS proc to physical thread map:
OMP: Info #171: KMP_AFFINITY: OS proc 30 maps to socket 1 core 8 thread 0 
OMP: Info #171: KMP_AFFINITY: OS proc 78 maps to socket 1 core 8 thread 1 
OMP: Info #171: KMP_AFFINITY: OS proc 31 maps to socket 1 core 9 thread 0 
OMP: Info #171: KMP_AFFINITY: OS proc 79 maps to socket 1 core 9 thread 1 
OMP: Info #171: KMP_AFFINITY: OS proc 32 maps to socket 1 core 10 thread 0 
OMP: Info #171: KMP_AFFINITY: OS proc 80 maps to socket 1 core 10 thread 1 
OMP: Info #171: KMP_AFFINITY: OS proc 33 maps to socket 1 core 11 thread 0 
OMP: Info #171: KMP_AFFINITY: OS proc 81 maps to socket 1 core 11 thread 1 
OMP: Info #171: KMP_AFFINITY: OS proc 34 maps to socket 1 core 12 thread 0 
OMP: Info #171: KMP_AFFINITY: OS proc 82 maps to socket 1 core 12 thread 1 
OMP: Info #171: KMP_AFFINITY: OS proc 35 maps to socket 1 core 13 thread 0 
OMP: Info #171: KMP_AFFINITY: OS proc 83 maps to socket 1 core 13 thread 1 
OMP: Info #191: KMP_AFFINITY: 1 socket x 6 cores/socket x 2 threads/core (6 total cores)
OMP: Info #215: KMP_AFFINITY: OS proc to physical thread map:
OMP: Info #171: KMP_AFFINITY: OS proc 24 maps to socket 1 core 0 thread 0 
OMP: Info #171: KMP_AFFINITY: OS proc 72 maps to socket 1 core 0 thread 1 
OMP: Info #171: KMP_AFFINITY: OS proc 25 maps to socket 1 core 1 thread 0 
OMP: Info #171: KMP_AFFINITY: OS proc 73 maps to socket 1 core 1 thread 1 
OMP: Info #171: KMP_AFFINITY: OS proc 26 maps to socket 1 core 2 thread 0 
OMP: Info #171: KMP_AFFINITY: OS proc 74 maps to socket 1 core 2 thread 1 
OMP: Info #171: KMP_AFFINITY: OS proc 27 maps to socket 1 core 3 thread 0 
OMP: Info #171: KMP_AFFINITY: OS proc 75 maps to socket 1 core 3 thread 1 
OMP: Info #171: KMP_AFFINITY: OS proc 28 maps to socket 1 core 4 thread 0 
OMP: Info #171: KMP_AFFINITY: OS proc 76 maps to socket 1 core 4 thread 1 
OMP: Info #171: KMP_AFFINITY: OS proc 4 maps to socket 0 core 4 thread 0 
OMP: Info #171: KMP_AFFINITY: OS proc 52 maps to socket 0 core 4 thread 1 
OMP: Info #171: KMP_AFFINITY: OS proc 5 maps to socket 0 core 5 thread 0 
OMP: Info #171: KMP_AFFINITY: OS proc 53 maps to socket 0 core 5 thread 1 
OMP: Info #144: KMP_AFFINITY: Threads may migrate across 1 innermost levels of machine
OMP: Info #171: KMP_AFFINITY: OS proc 31 maps to socket 1 core 9 thread 0 
OMP: Info #171: KMP_AFFINITY: OS proc 79 maps to socket 1 core 9 thread 1 
OMP: Info #171: KMP_AFFINITY: OS proc 32 maps to socket 1 core 10 thread 0 
OMP: Info #171: KMP_AFFINITY: OS proc 80 maps to socket 1 core 10 thread 1 
OMP: Info #171: KMP_AFFINITY: OS proc 33 maps to socket 1 core 11 thread 0 
OMP: Info #171: KMP_AFFINITY: OS proc 81 maps to socket 1 core 11 thread 1 
OMP: Info #171: KMP_AFFINITY: OS proc 34 maps to socket 1 core 12 thread 0 
OMP: Info #171: KMP_AFFINITY: OS proc 82 maps to socket 1 core 12 thread 1 
OMP: Info #171: KMP_AFFINITY: OS proc 35 maps to socket 1 core 13 thread 0 
OMP: Info #171: KMP_AFFINITY: OS proc 83 maps to socket 1 core 13 thread 1 
OMP: Info #251: KMP_AFFINITY: pid 2997737 tid 2997791 thread 6 bound to OS proc set 0,48
OMP: Info #171: KMP_AFFINITY: OS proc 11 maps to socket 0 core 13 thread 0 
OMP: Info #171: KMP_AFFINITY: OS proc 59 maps to socket 0 core 13 thread 1 
OMP: Info #144: KMP_AFFINITY: Threads may migrate across 1 innermost levels of machine
OMP: Info #276: KMP_AFFINITY: Affinity capable, using global cpuid leaf 11 info
OMP: Info #156: KMP_AFFINITY: 12 available OS procs
OMP: Info #157: KMP_AFFINITY: Uniform topology
OMP: Info #191: KMP_AFFINITY: 1 socket x 6 cores/socket x 2 threads/core (6 total cores)
OMP: Info #276: KMP_AFFINITY: Affinity capable, using global cpuid leaf 11 info
OMP: Info #156: KMP_AFFINITY: 12 available OS procs
OMP: Info #157: KMP_AFFINITY: Uniform topology
OMP: Info #191: KMP_AFFINITY: 1 socket x 6 cores/socket x 2 threads/core (6 total cores)
OMP: Info #215: KMP_AFFINITY: OS proc to physical thread map:
OMP: Info #171: KMP_AFFINITY: OS proc 24 maps to socket 1 core 0 thread 0 
OMP: Info #171: KMP_AFFINITY: OS proc 72 maps to socket 1 core 0 thread 1 
OMP: Info #171: KMP_AFFINITY: OS proc 25 maps to socket 1 core 1 thread 0 
OMP: Info #171: KMP_AFFINITY: OS proc 73 maps to socket 1 core 1 thread 1 
OMP: Info #171: KMP_AFFINITY: OS proc 26 maps to socket 1 core 2 thread 0 
OMP: Info #171: KMP_AFFINITY: OS proc 74 maps to socket 1 core 2 thread 1 
OMP: Info #171: KMP_AFFINITY: OS proc 27 maps to socket 1 core 3 thread 0 
OMP: Info #171: KMP_AFFINITY: OS proc 75 maps to socket 1 core 3 thread 1 
OMP: Info #171: KMP_AFFINITY: OS proc 28 maps to socket 1 core 4 thread 0 
OMP: Info #171: KMP_AFFINITY: OS proc 76 maps to socket 1 core 4 thread 1 
OMP: Info #171: KMP_AFFINITY: OS proc 29 maps to socket 1 core 5 thread 0 
OMP: Info #171: KMP_AFFINITY: OS proc 77 maps to socket 1 core 5 thread 1 
OMP: Info #171: KMP_AFFINITY: OS proc 29 maps to socket 1 core 5 thread 0 
OMP: Info #171: KMP_AFFINITY: OS proc 77 maps to socket 1 core 5 thread 1 
OMP: Info #144: KMP_AFFINITY: Threads may migrate across 1 innermost levels of machine
OMP: Info #144: KMP_AFFINITY: Threads may migrate across 1 innermost levels of machine
OMP: Info #215: KMP_AFFINITY: OS proc to physical thread map:
OMP: Info #171: KMP_AFFINITY: OS proc 0 maps to socket 0 core 0 thread 0 
OMP: Info #171: KMP_AFFINITY: OS proc 48 maps to socket 0 core 0 thread 1 
OMP: Info #171: KMP_AFFINITY: OS proc 1 maps to socket 0 core 1 thread 0 
OMP: Info #171: KMP_AFFINITY: OS proc 49 maps to socket 0 core 1 thread 1 
OMP: Info #171: KMP_AFFINITY: OS proc 2 maps to socket 0 core 2 thread 0 
OMP: Info #171: KMP_AFFINITY: OS proc 50 maps to socket 0 core 2 thread 1 
OMP: Info #171: KMP_AFFINITY: OS proc 3 maps to socket 0 core 3 thread 0 
OMP: Info #171: KMP_AFFINITY: OS proc 51 maps to socket 0 core 3 thread 1 
OMP: Info #171: KMP_AFFINITY: OS proc 4 maps to socket 0 core 4 thread 0 
OMP: Info #171: KMP_AFFINITY: OS proc 52 maps to socket 0 core 4 thread 1 
OMP: Info #276: KMP_AFFINITY: Affinity capable, using global cpuid leaf 11 info
OMP: Info #156: KMP_AFFINITY: 12 available OS procs
OMP: Info #157: KMP_AFFINITY: Uniform topology
OMP: Info #251: KMP_AFFINITY: pid 2132026 tid 2132026 thread 0 bound to OS proc set 0,48
OMP: Info #144: KMP_AFFINITY: Threads may migrate across 1 innermost levels of machine
OMP: Info #191: KMP_AFFINITY: 1 socket x 6 cores/socket x 2 threads/core (6 total cores)
OMP: Info #215: KMP_AFFINITY: OS proc to physical thread map:
OMP: Info #171: KMP_AFFINITY: OS proc 24 maps to socket 1 core 0 thread 0 
OMP: Info #171: KMP_AFFINITY: OS proc 72 maps to socket 1 core 0 thread 1 
OMP: Info #171: KMP_AFFINITY: OS proc 25 maps to socket 1 core 1 thread 0 
OMP: Info #171: KMP_AFFINITY: OS proc 73 maps to socket 1 core 1 thread 1 
OMP: Info #251: KMP_AFFINITY: pid 2997737 tid 2997792 thread 7 bound to OS proc set 1,49
OMP: Info #251: KMP_AFFINITY: pid 2132027 tid 2132027 thread 0 bound to OS proc set 6,54
OMP: Info #171: KMP_AFFINITY: OS proc 5 maps to socket 0 core 5 thread 0 
OMP: Info #171: KMP_AFFINITY: OS proc 53 maps to socket 0 core 5 thread 1 
OMP: Info #144: KMP_AFFINITY: Threads may migrate across 1 innermost levels of machine
OMP: Info #171: KMP_AFFINITY: OS proc 26 maps to socket 1 core 2 thread 0 
OMP: Info #171: KMP_AFFINITY: OS proc 74 maps to socket 1 core 2 thread 1 
OMP: Info #171: KMP_AFFINITY: OS proc 27 maps to socket 1 core 3 thread 0 
OMP: Info #171: KMP_AFFINITY: OS proc 75 maps to socket 1 core 3 thread 1 
OMP: Info #171: KMP_AFFINITY: OS proc 28 maps to socket 1 core 4 thread 0 
OMP: Info #171: KMP_AFFINITY: OS proc 76 maps to socket 1 core 4 thread 1 
OMP: Info #251: KMP_AFFINITY: pid 2997737 tid 2997793 thread 8 bound to OS proc set 2,50
OMP: Info #144: KMP_AFFINITY: Threads may migrate across 1 innermost levels of machine
OMP: Info #251: KMP_AFFINITY: pid 2132028 tid 2132028 thread 0 bound to OS proc set 24,72
OMP: Info #276: KMP_AFFINITY: Affinity capable, using global cpuid leaf 11 info
OMP: Info #156: KMP_AFFINITY: 12 available OS procs
OMP: Info #157: KMP_AFFINITY: Uniform topology
OMP: Info #191: KMP_AFFINITY: 1 socket x 6 cores/socket x 2 threads/core (6 total cores)
OMP: Info #215: KMP_AFFINITY: OS proc to physical thread map:
OMP: Info #171: KMP_AFFINITY: OS proc 29 maps to socket 1 core 5 thread 0 
OMP: Info #171: KMP_AFFINITY: OS proc 77 maps to socket 1 core 5 thread 1 
OMP: Info #251: KMP_AFFINITY: pid 2132029 tid 2132029 thread 0 bound to OS proc set 30,78
OMP: Info #251: KMP_AFFINITY: pid 2434530 tid 2434530 thread 0 bound to OS proc set 24,72
OMP: Info #276: KMP_AFFINITY: Affinity capable, using global cpuid leaf 11 info
OMP: Info #156: KMP_AFFINITY: 12 available OS procs
OMP: Info #251: KMP_AFFINITY: pid 2132027 tid 2132052 thread 1 bound to OS proc set 7,55
OMP: Info #251: KMP_AFFINITY: pid 2434531 tid 2434531 thread 0 bound to OS proc set 30,78
OMP: Info #144: KMP_AFFINITY: Threads may migrate across 1 innermost levels of machine
OMP: Info #251: KMP_AFFINITY: pid 2997739 tid 2997794 thread 8 bound to OS proc set 26,74
OMP: Info #251: KMP_AFFINITY: pid 2132028 tid 2132051 thread 1 bound to OS proc set 25,73
OMP: Info #251: KMP_AFFINITY: pid 2434528 tid 2434528 thread 0 bound to OS proc set 0,48
OMP: Info #276: KMP_AFFINITY: Affinity capable, using global cpuid leaf 11 info
OMP: Info #156: KMP_AFFINITY: 12 available OS procs
OMP: Info #157: KMP_AFFINITY: Uniform topology
OMP: Info #191: KMP_AFFINITY: 1 socket x 6 cores/socket x 2 threads/core (6 total cores)
OMP: Info #215: KMP_AFFINITY: OS proc to physical thread map:
OMP: Info #171: KMP_AFFINITY: OS proc 30 maps to socket 1 core 8 thread 0 
OMP: Info #171: KMP_AFFINITY: OS proc 78 maps to socket 1 core 8 thread 1 
OMP: Info #171: KMP_AFFINITY: OS proc 31 maps to socket 1 core 9 thread 0 
OMP: Info #171: KMP_AFFINITY: OS proc 79 maps to socket 1 core 9 thread 1 
OMP: Info #171: KMP_AFFINITY: OS proc 32 maps to socket 1 core 10 thread 0 
OMP: Info #171: KMP_AFFINITY: OS proc 80 maps to socket 1 core 10 thread 1 
OMP: Info #171: KMP_AFFINITY: OS proc 33 maps to socket 1 core 11 thread 0 
OMP: Info #171: KMP_AFFINITY: OS proc 81 maps to socket 1 core 11 thread 1 
OMP: Info #171: KMP_AFFINITY: OS proc 34 maps to socket 1 core 12 thread 0 
OMP: Info #171: KMP_AFFINITY: OS proc 82 maps to socket 1 core 12 thread 1 
OMP: Info #171: KMP_AFFINITY: OS proc 35 maps to socket 1 core 13 thread 0 
OMP: Info #171: KMP_AFFINITY: OS proc 83 maps to socket 1 core 13 thread 1 
OMP: Info #251: KMP_AFFINITY: pid 2997737 tid 2997796 thread 9 bound to OS proc set 3,51
OMP: Info #251: KMP_AFFINITY: pid 2132029 tid 2132050 thread 1 bound to OS proc set 31,79
OMP: Info #171: KMP_AFFINITY: OS proc 6 maps to socket 0 core 8 thread 0 
OMP: Info #171: KMP_AFFINITY: OS proc 54 maps to socket 0 core 8 thread 1 
OMP: Info #171: KMP_AFFINITY: OS proc 7 maps to socket 0 core 9 thread 0 
OMP: Info #171: KMP_AFFINITY: OS proc 55 maps to socket 0 core 9 thread 1 
OMP: Info #171: KMP_AFFINITY: OS proc 8 maps to socket 0 core 10 thread 0 
OMP: Info #171: KMP_AFFINITY: OS proc 56 maps to socket 0 core 10 thread 1 
OMP: Info #171: KMP_AFFINITY: OS proc 9 maps to socket 0 core 11 thread 0 
OMP: Info #171: KMP_AFFINITY: OS proc 57 maps to socket 0 core 11 thread 1 
OMP: Info #171: KMP_AFFINITY: OS proc 10 maps to socket 0 core 12 thread 0 
OMP: Info #171: KMP_AFFINITY: OS proc 58 maps to socket 0 core 12 thread 1 
OMP: Info #171: KMP_AFFINITY: OS proc 11 maps to socket 0 core 13 thread 0 
OMP: Info #171: KMP_AFFINITY: OS proc 59 maps to socket 0 core 13 thread 1 
OMP: Info #144: KMP_AFFINITY: Threads may migrate across 1 innermost levels of machine
OMP: Info #276: KMP_AFFINITY: Affinity capable, using global cpuid leaf 11 info
OMP: Info #156: KMP_AFFINITY: 12 available OS procs
OMP: Info #157: KMP_AFFINITY: Uniform topology
OMP: Info #191: KMP_AFFINITY: 1 socket x 6 cores/socket x 2 threads/core (6 total cores)
OMP: Info #215: KMP_AFFINITY: OS proc to physical thread map:
OMP: Info #171: KMP_AFFINITY: OS proc 0 maps to socket 0 core 0 thread 0 
OMP: Info #171: KMP_AFFINITY: OS proc 48 maps to socket 0 core 0 thread 1 
OMP: Info #171: KMP_AFFINITY: OS proc 1 maps to socket 0 core 1 thread 0 
OMP: Info #171: KMP_AFFINITY: OS proc 49 maps to socket 0 core 1 thread 1 
OMP: Info #171: KMP_AFFINITY: OS proc 2 maps to socket 0 core 2 thread 0 
OMP: Info #171: KMP_AFFINITY: OS proc 50 maps to socket 0 core 2 thread 1 
OMP: Info #171: KMP_AFFINITY: OS proc 3 maps to socket 0 core 3 thread 0 
OMP: Info #171: KMP_AFFINITY: OS proc 51 maps to socket 0 core 3 thread 1 
OMP: Info #171: KMP_AFFINITY: OS proc 4 maps to socket 0 core 4 thread 0 
OMP: Info #171: KMP_AFFINITY: OS proc 52 maps to socket 0 core 4 thread 1 
OMP: Info #171: KMP_AFFINITY: OS proc 5 maps to socket 0 core 5 thread 0 
OMP: Info #171: KMP_AFFINITY: OS proc 53 maps to socket 0 core 5 thread 1 
OMP: Info #251: KMP_AFFINITY: pid 2997737 tid 2997797 thread 10 bound to OS proc set 4,52
OMP: Info #251: KMP_AFFINITY: pid 2434529 tid 2434529 thread 0 bound to OS proc set 6,54
OMP: Info #157: KMP_AFFINITY: Uniform topology
OMP: Info #191: KMP_AFFINITY: 1 socket x 6 cores/socket x 2 threads/core (6 total cores)
OMP: Info #215: KMP_AFFINITY: OS proc to physical thread map:
OMP: Info #171: KMP_AFFINITY: OS proc 6 maps to socket 0 core 8 thread 0 
OMP: Info #171: KMP_AFFINITY: OS proc 54 maps to socket 0 core 8 thread 1 
OMP: Info #171: KMP_AFFINITY: OS proc 7 maps to socket 0 core 9 thread 0 
OMP: Info #171: KMP_AFFINITY: OS proc 55 maps to socket 0 core 9 thread 1 
OMP: Info #171: KMP_AFFINITY: OS proc 8 maps to socket 0 core 10 thread 0 
OMP: Info #171: KMP_AFFINITY: OS proc 56 maps to socket 0 core 10 thread 1 
OMP: Info #171: KMP_AFFINITY: OS proc 9 maps to socket 0 core 11 thread 0 
OMP: Info #171: KMP_AFFINITY: OS proc 57 maps to socket 0 core 11 thread 1 
OMP: Info #171: KMP_AFFINITY: OS proc 10 maps to socket 0 core 12 thread 0 
OMP: Info #171: KMP_AFFINITY: OS proc 58 maps to socket 0 core 12 thread 1 
OMP: Info #171: KMP_AFFINITY: OS proc 11 maps to socket 0 core 13 thread 0 
OMP: Info #171: KMP_AFFINITY: OS proc 59 maps to socket 0 core 13 thread 1 
OMP: Info #251: KMP_AFFINITY: pid 2997739 tid 2997795 thread 9 bound to OS proc set 27,75
OMP: Info #251: KMP_AFFINITY: pid 2434530 tid 2434552 thread 1 bound to OS proc set 25,73
OMP: Info #251: KMP_AFFINITY: pid 818510 tid 818510 thread 0 bound to OS proc set 24,72
OMP: Info #251: KMP_AFFINITY: pid 2132026 tid 2132055 thread 1 bound to OS proc set 1,49
OMP: Info #251: KMP_AFFINITY: pid 2434531 tid 2434553 thread 1 bound to OS proc set 31,79
OMP: Info #144: KMP_AFFINITY: Threads may migrate across 1 innermost levels of machine
OMP: Info #251: KMP_AFFINITY: pid 818511 tid 818511 thread 0 bound to OS proc set 30,78
OMP: Info #251: KMP_AFFINITY: pid 2132027 tid 2132056 thread 2 bound to OS proc set 8,56
OMP: Info #251: KMP_AFFINITY: pid 2434528 tid 2434554 thread 1 bound to OS proc set 1,49
OMP: Info #144: KMP_AFFINITY: Threads may migrate across 1 innermost levels of machine
OMP: Info #251: KMP_AFFINITY: pid 818508 tid 818508 thread 0 bound to OS proc set 0,48
OMP: Info #251: KMP_AFFINITY: pid 2132028 tid 2132053 thread 2 bound to OS proc set 26,74
OMP: Info #251: KMP_AFFINITY: pid 2434531 tid 2434556 thread 2 bound to OS proc set 32,80
OMP: Info #144: KMP_AFFINITY: Threads may migrate across 1 innermost levels of machine
OMP: Info #251: KMP_AFFINITY: pid 818509 tid 818509 thread 0 bound to OS proc set 6,54
OMP: Info #251: KMP_AFFINITY: pid 2132029 tid 2132054 thread 2 bound to OS proc set 32,80
OMP: Info #251: KMP_AFFINITY: pid 2434528 tid 2434557 thread 2 bound to OS proc set 2,50
OMP: Info #251: KMP_AFFINITY: pid 818510 tid 818532 thread 1 bound to OS proc set 25,73
OMP: Info #251: KMP_AFFINITY: pid 2132026 tid 2132057 thread 2 bound to OS proc set 2,50
OMP: Info #251: KMP_AFFINITY: pid 2434529 tid 2434558 thread 1 bound to OS proc set 7,55
OMP: Info #251: KMP_AFFINITY: pid 818511 tid 818533 thread 1 bound to OS proc set 31,79
OMP: Info #251: KMP_AFFINITY: pid 2132028 tid 2132060 thread 3 bound to OS proc set 27,75
OMP: Info #251: KMP_AFFINITY: pid 2434530 tid 2434555 thread 2 bound to OS proc set 26,74
OMP: Info #251: KMP_AFFINITY: pid 818508 tid 818534 thread 1 bound to OS proc set 1,49
OMP: Info #251: KMP_AFFINITY: pid 2997739 tid 2997798 thread 10 bound to OS proc set 28,76
OMP: Info #251: KMP_AFFINITY: pid 2132027 tid 2132058 thread 3 bound to OS proc set 9,57
OMP: Info #251: KMP_AFFINITY: pid 2434530 tid 2434561 thread 3 bound to OS proc set 27,75
OMP: Info #251: KMP_AFFINITY: pid 818509 tid 818535 thread 1 bound to OS proc set 7,55
OMP: Info #251: KMP_AFFINITY: pid 2132028 tid 2132063 thread 4 bound to OS proc set 28,76
OMP: Info #251: KMP_AFFINITY: pid 2132029 tid 2132062 thread 4 bound to OS proc set 34,82
OMP: Info #251: KMP_AFFINITY: pid 2132029 tid 2132059 thread 3 bound to OS proc set 33,81
OMP: Info #251: KMP_AFFINITY: pid 2132027 tid 2132064 thread 4 bound to OS proc set 10,58
OMP: Info #251: KMP_AFFINITY: pid 2434531 tid 2434559 thread 3 bound to OS proc set 33,81
OMP: Info #251: KMP_AFFINITY: pid 2132026 tid 2132061 thread 3 bound to OS proc set 3,51
OMP: Info #251: KMP_AFFINITY: pid 2434528 tid 2434560 thread 3 bound to OS proc set 3,51
OMP: Info #251: KMP_AFFINITY: pid 2132028 tid 2132066 thread 5 bound to OS proc set 29,77
OMP: Info #251: KMP_AFFINITY: pid 2434529 tid 2434563 thread 2 bound to OS proc set 8,56
OMP: Info #251: KMP_AFFINITY: pid 2997738 tid 2997800 thread 8 bound to OS proc set 8,56
OMP: Info #251: KMP_AFFINITY: pid 2132029 tid 2132065 thread 5 bound to OS proc set 35,83
OMP: Info #251: KMP_AFFINITY: pid 2434531 tid 2434562 thread 4 bound to OS proc set 34,82
OMP: Info #251: KMP_AFFINITY: pid 2132027 tid 2132067 thread 5 bound to OS proc set 11,59
OMP: Info #251: KMP_AFFINITY: pid 2434528 tid 2434564 thread 4 bound to OS proc set 4,52
OMP: Info #251: KMP_AFFINITY: pid 2132029 tid 2132068 thread 6 bound to OS proc set 30,78
OMP: Info #251: KMP_AFFINITY: pid 2434531 tid 2434565 thread 5 bound to OS proc set 35,83
OMP: Info #251: KMP_AFFINITY: pid 2434528 tid 2434566 thread 5 bound to OS proc set 5,53
OMP: Info #251: KMP_AFFINITY: pid 2997738 tid 2997801 thread 9 bound to OS proc set 9,57
OMP: Info #251: KMP_AFFINITY: pid 2434531 tid 2434567 thread 6 bound to OS proc set 30,78
OMP: Info #251: KMP_AFFINITY: pid 2132029 tid 2132070 thread 7 bound to OS proc set 31,79
OMP: Info #251: KMP_AFFINITY: pid 2434531 tid 2434568 thread 7 bound to OS proc set 31,79
OMP: Info #251: KMP_AFFINITY: pid 2132027 tid 2132071 thread 6 bound to OS proc set 6,54
OMP: Info #251: KMP_AFFINITY: pid 2434528 tid 2434569 thread 6 bound to OS proc set 0,48
OMP: Info #251: KMP_AFFINITY: pid 2434531 tid 2434570 thread 8 bound to OS proc set 32,80
OMP: Info #251: KMP_AFFINITY: pid 2434531 tid 2434571 thread 9 bound to OS proc set 33,81
OMP: Info #251: KMP_AFFINITY: pid 2132027 tid 2132072 thread 7 bound to OS proc set 7,55
OMP: Info #251: KMP_AFFINITY: pid 818509 tid 818538 thread 2 bound to OS proc set 8,56
OMP: Info #251: KMP_AFFINITY: pid 2997738 tid 2997802 thread 10 bound to OS proc set 10,58
OMP: Info #251: KMP_AFFINITY: pid 2132027 tid 2132073 thread 8 bound to OS proc set 8,56
OMP: Info #251: KMP_AFFINITY: pid 2434530 tid 2434572 thread 4 bound to OS proc set 28,76
OMP: Info #251: KMP_AFFINITY: pid 818508 tid 818539 thread 2 bound to OS proc set 2,50
OMP: Info #251: KMP_AFFINITY: pid 2997738 tid 2997803 thread 11 bound to OS proc set 11,59
OMP: Info #251: KMP_AFFINITY: pid 2132027 tid 2132074 thread 9 bound to OS proc set 9,57
OMP: Info #251: KMP_AFFINITY: pid 818510 tid 818537 thread 2 bound to OS proc set 26,74
OMP: Info #251: KMP_AFFINITY: pid 2434530 tid 2434573 thread 5 bound to OS proc set 29,77
OMP: Info #251: KMP_AFFINITY: pid 818511 tid 818536 thread 2 bound to OS proc set 32,80
OMP: Info #251: KMP_AFFINITY: pid 2434530 tid 2434574 thread 6 bound to OS proc set 24,72
OMP: Info #251: KMP_AFFINITY: pid 818509 tid 818540 thread 3 bound to OS proc set 9,57
OMP: Info #251: KMP_AFFINITY: pid 818508 tid 818541 thread 3 bound to OS proc set 3,51
OMP: Info #251: KMP_AFFINITY: pid 818511 tid 818543 thread 4 bound to OS proc set 34,82
OMP: Info #251: KMP_AFFINITY: pid 818509 tid 818544 thread 4 bound to OS proc set 10,58
OMP: Info #251: KMP_AFFINITY: pid 818511 tid 818542 thread 3 bound to OS proc set 33,81
OMP: Info #251: KMP_AFFINITY: pid 2434530 tid 2434576 thread 7 bound to OS proc set 25,73
OMP: Info #251: KMP_AFFINITY: pid 2997737 tid 2997804 thread 11 bound to OS proc set 5,53
OMP: Info #251: KMP_AFFINITY: pid 818509 tid 818546 thread 5 bound to OS proc set 11,59
OMP: Info #251: KMP_AFFINITY: pid 2434529 tid 2434575 thread 3 bound to OS proc set 9,57
OMP: Info #251: KMP_AFFINITY: pid 818511 tid 818545 thread 5 bound to OS proc set 35,83
OMP: Info #251: KMP_AFFINITY: pid 2434528 tid 2434578 thread 7 bound to OS proc set 1,49
OMP: Info #251: KMP_AFFINITY: pid 2434530 tid 2434577 thread 8 bound to OS proc set 26,74
OMP: Info #251: KMP_AFFINITY: pid 818511 tid 818548 thread 6 bound to OS proc set 30,78
OMP: Info #251: KMP_AFFINITY: pid 2132028 tid 2132075 thread 6 bound to OS proc set 24,72
OMP: Info #251: KMP_AFFINITY: pid 2132028 tid 2132077 thread 7 bound to OS proc set 25,73
OMP: Info #251: KMP_AFFINITY: pid 2434529 tid 2434579 thread 4 bound to OS proc set 10,58
OMP: Info #251: KMP_AFFINITY: pid 2434531 tid 2434582 thread 10 bound to OS proc set 34,82
OMP: Info #251: KMP_AFFINITY: pid 2132026 tid 2132069 thread 4 bound to OS proc set 4,52
OMP: Info #251: KMP_AFFINITY: pid 818511 tid 818549 thread 7 bound to OS proc set 31,79
OMP: Info #251: KMP_AFFINITY: pid 2132026 tid 2132076 thread 5 bound to OS proc set 5,53
OMP: Info #251: KMP_AFFINITY: pid 2434528 tid 2434580 thread 8 bound to OS proc set 2,50
OMP: Info #251: KMP_AFFINITY: pid 2434530 tid 2434583 thread 9 bound to OS proc set 27,75
OMP: Info #251: KMP_AFFINITY: pid 818511 tid 818550 thread 8 bound to OS proc set 32,80
OMP: Info #251: KMP_AFFINITY: pid 2434529 tid 2434581 thread 5 bound to OS proc set 11,59
OMP: Info #251: KMP_AFFINITY: pid 2434531 tid 2434584 thread 11 bound to OS proc set 35,83
OMP: Info #251: KMP_AFFINITY: pid 2132028 tid 2132078 thread 8 bound to OS proc set 26,74
OMP: Info #251: KMP_AFFINITY: pid 2434530 tid 2434586 thread 10 bound to OS proc set 28,76
OMP: Info #251: KMP_AFFINITY: pid 2132029 tid 2132079 thread 8 bound to OS proc set 32,80
OMP: Info #251: KMP_AFFINITY: pid 2434528 tid 2434585 thread 9 bound to OS proc set 3,51
OMP: Info #251: KMP_AFFINITY: pid 2132026 tid 2132080 thread 6 bound to OS proc set 0,48
OMP: Info #251: KMP_AFFINITY: pid 2434529 tid 2434587 thread 6 bound to OS proc set 6,54
OMP: Info #251: KMP_AFFINITY: pid 818510 tid 818552 thread 3 bound to OS proc set 27,75
OMP: Info #251: KMP_AFFINITY: pid 818511 tid 818551 thread 9 bound to OS proc set 33,81
OMP: Info #251: KMP_AFFINITY: pid 2132026 tid 2132083 thread 7 bound to OS proc set 1,49
OMP: Info #251: KMP_AFFINITY: pid 2434528 tid 2434588 thread 10 bound to OS proc set 4,52
OMP: Info #251: KMP_AFFINITY: pid 2132027 tid 2132084 thread 10 bound to OS proc set 10,58
OMP: Info #251: KMP_AFFINITY: pid 2132028 tid 2132081 thread 9 bound to OS proc set 27,75
OMP: Info #251: KMP_AFFINITY: pid 818508 tid 818554 thread 4 bound to OS proc set 4,52
OMP: Info #251: KMP_AFFINITY: pid 2132029 tid 2132082 thread 9 bound to OS proc set 33,81
OMP: Info #251: KMP_AFFINITY: pid 2132026 tid 2132085 thread 8 bound to OS proc set 2,50
OMP: Info #251: KMP_AFFINITY: pid 2434529 tid 2434589 thread 7 bound to OS proc set 7,55
OMP: Info #251: KMP_AFFINITY: pid 818510 tid 818553 thread 4 bound to OS proc set 28,76
OMP: Info #251: KMP_AFFINITY: pid 818510 tid 818555 thread 5 bound to OS proc set 29,77
OMP: Info #251: KMP_AFFINITY: pid 2132028 tid 2132086 thread 10 bound to OS proc set 28,76
OMP: Info #251: KMP_AFFINITY: pid 2434528 tid 2434590 thread 11 bound to OS proc set 5,53
OMP: Info #251: KMP_AFFINITY: pid 2132026 tid 2132088 thread 9 bound to OS proc set 3,51
OMP: Info #251: KMP_AFFINITY: pid 2434529 tid 2434591 thread 8 bound to OS proc set 8,56
OMP: Info #251: KMP_AFFINITY: pid 2132029 tid 2132087 thread 10 bound to OS proc set 34,82
OMP: Info #251: KMP_AFFINITY: pid 818510 tid 818558 thread 6 bound to OS proc set 24,72
OMP: Info #251: KMP_AFFINITY: pid 2132027 tid 2132090 thread 11 bound to OS proc set 11,59
OMP: Info #251: KMP_AFFINITY: pid 818508 tid 818557 thread 6 bound to OS proc set 0,48
OMP: Info #251: KMP_AFFINITY: pid 2132026 tid 2132091 thread 10 bound to OS proc set 4,52
OMP: Info #251: KMP_AFFINITY: pid 2132028 tid 2132089 thread 11 bound to OS proc set 29,77
OMP: Info #251: KMP_AFFINITY: pid 2132029 tid 2132092 thread 11 bound to OS proc set 35,83
OMP: Info #251: KMP_AFFINITY: pid 818510 tid 818559 thread 7 bound to OS proc set 25,73
OMP: Info #251: KMP_AFFINITY: pid 2132026 tid 2132093 thread 11 bound to OS proc set 5,53
OMP: Info #251: KMP_AFFINITY: pid 818508 tid 818556 thread 5 bound to OS proc set 5,53
OMP: Info #251: KMP_AFFINITY: pid 818508 tid 818560 thread 7 bound to OS proc set 1,49
OMP: Info #251: KMP_AFFINITY: pid 2434529 tid 2434592 thread 9 bound to OS proc set 9,57
OMP: Info #251: KMP_AFFINITY: pid 818510 tid 818561 thread 8 bound to OS proc set 26,74
OMP: Info #251: KMP_AFFINITY: pid 818508 tid 818562 thread 8 bound to OS proc set 2,50
OMP: Info #251: KMP_AFFINITY: pid 2434530 tid 2434593 thread 11 bound to OS proc set 29,77
OMP: Info #251: KMP_AFFINITY: pid 818510 tid 818564 thread 9 bound to OS proc set 27,75
OMP: Info #251: KMP_AFFINITY: pid 818509 tid 818563 thread 7 bound to OS proc set 7,55
OMP: Info #251: KMP_AFFINITY: pid 818509 tid 818547 thread 6 bound to OS proc set 6,54
OMP: Info #251: KMP_AFFINITY: pid 818508 tid 818565 thread 9 bound to OS proc set 3,51
OMP: Info #251: KMP_AFFINITY: pid 818511 tid 818568 thread 11 bound to OS proc set 35,83
OMP: Info #251: KMP_AFFINITY: pid 818508 tid 818569 thread 10 bound to OS proc set 4,52
OMP: Info #251: KMP_AFFINITY: pid 818511 tid 818566 thread 10 bound to OS proc set 34,82
OMP: Info #251: KMP_AFFINITY: pid 818509 tid 818567 thread 8 bound to OS proc set 8,56
OMP: Info #251: KMP_AFFINITY: pid 818509 tid 818571 thread 10 bound to OS proc set 10,58
OMP: Info #251: KMP_AFFINITY: pid 818509 tid 818570 thread 9 bound to OS proc set 9,57
OMP: Info #251: KMP_AFFINITY: pid 818509 tid 818572 thread 11 bound to OS proc set 11,59
OMP: Info #251: KMP_AFFINITY: pid 2997739 tid 2997799 thread 11 bound to OS proc set 29,77
OMP: Info #251: KMP_AFFINITY: pid 2434529 tid 2434594 thread 10 bound to OS proc set 10,58
OMP: Info #251: KMP_AFFINITY: pid 2434529 tid 2434595 thread 11 bound to OS proc set 11,59
OMP: Info #251: KMP_AFFINITY: pid 818510 tid 818573 thread 10 bound to OS proc set 28,76
OMP: Info #251: KMP_AFFINITY: pid 818508 tid 818575 thread 11 bound to OS proc set 5,53
OMP: Info #251: KMP_AFFINITY: pid 818510 tid 818574 thread 11 bound to OS proc set 29,77

Num-X: 4 ; Num-Y: 4 ; Resolution: 6500 ; Rank: 3 ; Rank-X: 3 ; Rank-Y: 0 ; Rowstart: 0; Rowend: 1626; Rows: 1626; Colstart: 4875; Colend: 6501; Cols: 1626;
Num-X: 4 ; Num-Y: 4 ; Resolution: 6500 ; Rank: 2 ; Rank-X: 2 ; Rank-Y: 0 ; Rowstart: 0; Rowend: 1626; Rows: 1626; Colstart: 3250; Colend: 4876; Cols: 1626;
Num-X: 4 ; Num-Y: 4 ; Resolution: 6500 ; Rank: 1 ; Rank-X: 1 ; Rank-Y: 0 ; Rowstart: 0; Rowend: 1626; Rows: 1626; Colstart: 1625; Colend: 3251; Cols: 1626;
Num-X: 4 ; Num-Y: 4 ; Resolution: 6500 ; Rank: 0 ; Rank-X: 0 ; Rank-Y: 0 ; Rowstart: 0; Rowend: 1626; Rows: 1626; Colstart: 0; Colend: 1626; Cols: 1626;
Num-X: 4 ; Num-Y: 4 ; Resolution: 6500 ; Rank: 12 ; Rank-X: 0 ; Rank-Y: 3 ; Rowstart: 4875; Rowend: 6501; Rows: 1626; Colstart: 0; Colend: 1626; Cols: 1626;
Num-X: 4 ; Num-Y: 4 ; Resolution: 6500 ; Rank: 8 ; Rank-X: 0 ; Rank-Y: 2 ; Rowstart: 3250; Rowend: 4876; Rows: 1626; Colstart: 0; Colend: 1626; Cols: 1626;
Num-X: 4 ; Num-Y: 4 ; Resolution: 6500 ; Rank: 9 ; Rank-X: 1 ; Rank-Y: 2 ; Rowstart: 3250; Rowend: 4876; Rows: 1626; Colstart: 1625; Colend: 3251; Cols: 1626;
Num-X: 4 ; Num-Y: 4 ; Resolution: 6500 ; Rank: 14 ; Rank-X: 2 ; Rank-Y: 3 ; Rowstart: 4875; Rowend: 6501; Rows: 1626; Colstart: 3250; Colend: 4876; Cols: 1626;
Num-X: 4 ; Num-Y: 4 ; Resolution: 6500 ; Rank: 13 ; Rank-X: 1 ; Rank-Y: 3 ; Rowstart: 4875; Rowend: 6501; Rows: 1626; Colstart: 1625; Colend: 3251; Cols: 1626;
Num-X: 4 ; Num-Y: 4 ; Resolution: 6500 ; Rank: 10 ; Rank-X: 2 ; Rank-Y: 2 ; Rowstart: 3250; Rowend: 4876; Rows: 1626; Colstart: 3250; Colend: 4876; Cols: 1626;
Num-X: 4 ; Num-Y: 4 ; Resolution: 6500 ; Rank: 11 ; Rank-X: 3 ; Rank-Y: 2 ; Rowstart: 3250; Rowend: 4876; Rows: 1626; Colstart: 4875; Colend: 6501; Cols: 1626;
Num-X: 4 ; Num-Y: 4 ; Resolution: 6500 ; Rank: 6 ; Rank-X: 2 ; Rank-Y: 1 ; Rowstart: 1625; Rowend: 3251; Rows: 1626; Colstart: 3250; Colend: 4876; Cols: 1626;
Num-X: 4 ; Num-Y: 4 ; Resolution: 6500 ; Rank: 5 ; Rank-X: 1 ; Rank-Y: 1 ; Rowstart: 1625; Rowend: 3251; Rows: 1626; Colstart: 1625; Colend: 3251; Cols: 1626;
Num-X: 4 ; Num-Y: 4 ; Resolution: 6500 ; Rank: 15 ; Rank-X: 3 ; Rank-Y: 3 ; Rowstart: 4875; Rowend: 6501; Rows: 1626; Colstart: 4875; Colend: 6501; Cols: 1626;
Num-X: 4 ; Num-Y: 4 ; Resolution: 6500 ; Rank: 7 ; Rank-X: 3 ; Rank-Y: 1 ; Rowstart: 1625; Rowend: 3251; Rows: 1626; Colstart: 4875; Colend: 6501; Cols: 1626;
Num-X: 4 ; Num-Y: 4 ; Resolution: 6500 ; Rank: 4 ; Rank-X: 0 ; Rank-Y: 1 ; Rowstart: 1625; Rowend: 3251; Rows: 1626; Colstart: 0; Colend: 1626; Cols: 1626;

Resolution: 6500
===================
Execution time: 0.021587
Residual: 3.049154

megaflops:  274005.8
  flop instructions (M):  5915.000

Num-X: 4 ; Num-Y: 4 ; Resolution: 8500 ; Rank: 10 ; Rank-X: 2 ; Rank-Y: 2 ; Rowstart: 4250; Rowend: 6376; Rows: 2126; Colstart: 4250; Colend: 6376; Cols: 2126;
Num-X: 4 ; Num-Y: 4 ; Resolution: 8500 ; Rank: 1 ; Rank-X: 1 ; Rank-Y: 0 ; Rowstart: 0; Rowend: 2126; Rows: 2126; Colstart: 2125; Colend: 4251; Cols: 2126;
Num-X: 4 ; Num-Y: 4 ; Resolution: 8500 ; Rank: 11 ; Rank-X: 3 ; Rank-Y: 2 ; Rowstart: 4250; Rowend: 6376; Rows: 2126; Colstart: 6375; Colend: 8501; Cols: 2126;
Num-X: 4 ; Num-Y: 4 ; Resolution: 8500 ; Rank: 2 ; Rank-X: 2 ; Rank-Y: 0 ; Rowstart: 0; Rowend: 2126; Rows: 2126; Colstart: 4250; Colend: 6376; Cols: 2126;
Num-X: 4 ; Num-Y: 4 ; Resolution: 8500 ; Rank: 8 ; Rank-X: 0 ; Rank-Y: 2 ; Rowstart: 4250; Rowend: 6376; Rows: 2126; Colstart: 0; Colend: 2126; Cols: 2126;
Num-X: 4 ; Num-Y: 4 ; Resolution: 8500 ; Rank: 3 ; Rank-X: 3 ; Rank-Y: 0 ; Rowstart: 0; Rowend: 2126; Rows: 2126; Colstart: 6375; Colend: 8501; Cols: 2126;
Num-X: 4 ; Num-Y: 4 ; Resolution: 8500 ; Rank: 4 ; Rank-X: 0 ; Rank-Y: 1 ; Rowstart: 2125; Rowend: 4251; Rows: 2126; Colstart: 0; Colend: 2126; Cols: 2126;
Num-X: 4 ; Num-Y: 4 ; Resolution: 8500 ; Rank: 12 ; Rank-X: 0 ; Rank-Y: 3 ; Rowstart: 6375; Rowend: 8501; Rows: 2126; Colstart: 0; Colend: 2126; Cols: 2126;
Num-X: 4 ; Num-Y: 4 ; Resolution: 8500 ; Rank: 9 ; Rank-X: 1 ; Rank-Y: 2 ; Rowstart: 4250; Rowend: 6376; Rows: 2126; Colstart: 2125; Colend: 4251; Cols: 2126;
Num-X: 4 ; Num-Y: 4 ; Resolution: 8500 ; Rank: 13 ; Rank-X: 1 ; Rank-Y: 3 ; Rowstart: 6375; Rowend: 8501; Rows: 2126; Colstart: 2125; Colend: 4251; Cols: 2126;
Num-X: 4 ; Num-Y: 4 ; Resolution: 8500 ; Rank: 6 ; Rank-X: 2 ; Rank-Y: 1 ; Rowstart: 2125; Rowend: 4251; Rows: 2126; Colstart: 4250; Colend: 6376; Cols: 2126;
Num-X: 4 ; Num-Y: 4 ; Resolution: 8500 ; Rank: 7 ; Rank-X: 3 ; Rank-Y: 1 ; Rowstart: 2125; Rowend: 4251; Rows: 2126; Colstart: 6375; Colend: 8501; Cols: 2126;
Num-X: 4 ; Num-Y: 4 ; Resolution: 8500 ; Rank: 5 ; Rank-X: 1 ; Rank-Y: 1 ; Rowstart: 2125; Rowend: 4251; Rows: 2126; Colstart: 2125; Colend: 4251; Cols: 2126;
Num-X: 4 ; Num-Y: 4 ; Resolution: 8500 ; Rank: 0 ; Rank-X: 0 ; Rank-Y: 0 ; Rowstart: 0; Rowend: 2126; Rows: 2126; Colstart: 0; Colend: 2126; Cols: 2126;
Num-X: 4 ; Num-Y: 4 ; Resolution: 8500 ; Rank: 14 ; Rank-X: 2 ; Rank-Y: 3 ; Rowstart: 6375; Rowend: 8501; Rows: 2126; Colstart: 4250; Colend: 6376; Cols: 2126;
Num-X: 4 ; Num-Y: 4 ; Resolution: 8500 ; Rank: 15 ; Rank-X: 3 ; Rank-Y: 3 ; Rowstart: 6375; Rowend: 8501; Rows: 2126; Colstart: 6375; Colend: 8501; Cols: 2126;

Resolution: 8500
===================
Execution time: 0.038617
Residual: 3.987213

megaflops:  261932.0
  flop instructions (M):  10115.000

Num-X: 4 ; Num-Y: 4 ; Resolution: 10500 ; Rank: 2 ; Rank-X: 2 ; Rank-Y: 0 ; Rowstart: 0; Rowend: 2626; Rows: 2626; Colstart: 5250; Colend: 7876; Cols: 2626;
Num-X: 4 ; Num-Y: 4 ; Resolution: 10500 ; Rank: 1 ; Rank-X: 1 ; Rank-Y: 0 ; Rowstart: 0; Rowend: 2626; Rows: 2626; Colstart: 2625; Colend: 5251; Cols: 2626;
Num-X: 4 ; Num-Y: 4 ; Resolution: 10500 ; Rank: 9 ; Rank-X: 1 ; Rank-Y: 2 ; Rowstart: 5250; Rowend: 7876; Rows: 2626; Colstart: 2625; Colend: 5251; Cols: 2626;
Num-X: 4 ; Num-Y: 4 ; Resolution: 10500 ; Rank: 14 ; Rank-X: 2 ; Rank-Y: 3 ; Rowstart: 7875; Rowend: 10501; Rows: 2626; Colstart: 5250; Colend: 7876; Cols: 2626;
Num-X: 4 ; Num-Y: 4 ; Resolution: 10500 ; Rank: 6 ; Rank-X: 2 ; Rank-Y: 1 ; Rowstart: 2625; Rowend: 5251; Rows: 2626; Colstart: 5250; Colend: 7876; Cols: 2626;
Num-X: 4 ; Num-Y: 4 ; Resolution: 10500 ; Rank: 0 ; Rank-X: 0 ; Rank-Y: 0 ; Rowstart: 0; Rowend: 2626; Rows: 2626; Colstart: 0; Colend: 2626; Cols: 2626;
Num-X: 4 ; Num-Y: 4 ; Resolution: 10500 ; Rank: 10 ; Rank-X: 2 ; Rank-Y: 2 ; Rowstart: 5250; Rowend: 7876; Rows: 2626; Colstart: 5250; Colend: 7876; Cols: 2626;
Num-X: 4 ; Num-Y: 4 ; Resolution: 10500 ; Rank: 13 ; Rank-X: 1 ; Rank-Y: 3 ; Rowstart: 7875; Rowend: 10501; Rows: 2626; Colstart: 2625; Colend: 5251; Cols: 2626;
Num-X: 4 ; Num-Y: 4 ; Resolution: 10500 ; Rank: 4 ; Rank-X: 0 ; Rank-Y: 1 ; Rowstart: 2625; Rowend: 5251; Rows: 2626; Colstart: 0; Colend: 2626; Cols: 2626;
Num-X: 4 ; Num-Y: 4 ; Resolution: 10500 ; Rank: 3 ; Rank-X: 3 ; Rank-Y: 0 ; Rowstart: 0; Rowend: 2626; Rows: 2626; Colstart: 7875; Colend: 10501; Cols: 2626;
Num-X: 4 ; Num-Y: 4 ; Resolution: 10500 ; Rank: 11 ; Rank-X: 3 ; Rank-Y: 2 ; Rowstart: 5250; Rowend: 7876; Rows: 2626; Colstart: 7875; Colend: 10501; Cols: 2626;
Num-X: 4 ; Num-Y: 4 ; Resolution: 10500 ; Rank: 15 ; Rank-X: 3 ; Rank-Y: 3 ; Rowstart: 7875; Rowend: 10501; Rows: 2626; Colstart: 7875; Colend: 10501; Cols: 2626;
Num-X: 4 ; Num-Y: 4 ; Resolution: 10500 ; Rank: 5 ; Rank-X: 1 ; Rank-Y: 1 ; Rowstart: 2625; Rowend: 5251; Rows: 2626; Colstart: 2625; Colend: 5251; Cols: 2626;
Num-X: 4 ; Num-Y: 4 ; Resolution: 10500 ; Rank: 8 ; Rank-X: 0 ; Rank-Y: 2 ; Rowstart: 5250; Rowend: 7876; Rows: 2626; Colstart: 0; Colend: 2626; Cols: 2626;
Num-X: 4 ; Num-Y: 4 ; Resolution: 10500 ; Rank: 7 ; Rank-X: 3 ; Rank-Y: 1 ; Rowstart: 2625; Rowend: 5251; Rows: 2626; Colstart: 7875; Colend: 10501; Cols: 2626;
Num-X: 4 ; Num-Y: 4 ; Resolution: 10500 ; Rank: 12 ; Rank-X: 0 ; Rank-Y: 3 ; Rowstart: 7875; Rowend: 10501; Rows: 2626; Colstart: 0; Colend: 2626; Cols: 2626;

Resolution: 10500
===================
Execution time: 0.062348
Residual: 4.925272

megaflops:  247561.6
  flop instructions (M):  15435.000

Num-X: 4 ; Num-Y: 4 ; Resolution: 12500 ; Rank: 9 ; Rank-X: 1 ; Rank-Y: 2 ; Rowstart: 6250; Rowend: 9376; Rows: 3126; Colstart: 3125; Colend: 6251; Cols: 3126;
Num-X: 4 ; Num-Y: 4 ; Resolution: 12500 ; Rank: 14 ; Rank-X: 2 ; Rank-Y: 3 ; Rowstart: 9375; Rowend: 12501; Rows: 3126; Colstart: 6250; Colend: 9376; Cols: 3126;
Num-X: 4 ; Num-Y: 4 ; Resolution: 12500 ; Rank: 4 ; Rank-X: 0 ; Rank-Y: 1 ; Rowstart: 3125; Rowend: 6251; Rows: 3126; Colstart: 0; Colend: 3126; Cols: 3126;
Num-X: 4 ; Num-Y: 4 ; Resolution: 12500 ; Rank: 15 ; Rank-X: 3 ; Rank-Y: 3 ; Rowstart: 9375; Rowend: 12501; Rows: 3126; Colstart: 9375; Colend: 12501; Cols: 3126;
Num-X: 4 ; Num-Y: 4 ; Resolution: 12500 ; Rank: 5 ; Rank-X: 1 ; Rank-Y: 1 ; Rowstart: 3125; Rowend: 6251; Rows: 3126; Colstart: 3125; Colend: 6251; Cols: 3126;
Num-X: 4 ; Num-Y: 4 ; Resolution: 12500 ; Rank: 6 ; Rank-X: 2 ; Rank-Y: 1 ; Rowstart: 3125; Rowend: 6251; Rows: 3126; Colstart: 6250; Colend: 9376; Cols: 3126;
Num-X: 4 ; Num-Y: 4 ; Resolution: 12500 ; Rank: 0 ; Rank-X: 0 ; Rank-Y: 0 ; Rowstart: 0; Rowend: 3126; Rows: 3126; Colstart: 0; Colend: 3126; Cols: 3126;
Num-X: 4 ; Num-Y: 4 ; Resolution: 12500 ; Rank: 13 ; Rank-X: 1 ; Rank-Y: 3 ; Rowstart: 9375; Rowend: 12501; Rows: 3126; Colstart: 3125; Colend: 6251; Cols: 3126;
Num-X: 4 ; Num-Y: 4 ; Resolution: 12500 ; Rank: 7 ; Rank-X: 3 ; Rank-Y: 1 ; Rowstart: 3125; Rowend: 6251; Rows: 3126; Colstart: 9375; Colend: 12501; Cols: 3126;
Num-X: 4 ; Num-Y: 4 ; Resolution: 12500 ; Rank: 11 ; Rank-X: 3 ; Rank-Y: 2 ; Rowstart: 6250; Rowend: 9376; Rows: 3126; Colstart: 9375; Colend: 12501; Cols: 3126;
Num-X: 4 ; Num-Y: 4 ; Resolution: 12500 ; Rank: 3 ; Rank-X: 3 ; Rank-Y: 0 ; Rowstart: 0; Rowend: 3126; Rows: 3126; Colstart: 9375; Colend: 12501; Cols: 3126;
Num-X: 4 ; Num-Y: 4 ; Resolution: 12500 ; Rank: 12 ; Rank-X: 0 ; Rank-Y: 3 ; Rowstart: 9375; Rowend: 12501; Rows: 3126; Colstart: 0; Colend: 3126; Cols: 3126;
Num-X: 4 ; Num-Y: 4 ; Resolution: 12500 ; Rank: 2 ; Rank-X: 2 ; Rank-Y: 0 ; Rowstart: 0; Rowend: 3126; Rows: 3126; Colstart: 6250; Colend: 9376; Cols: 3126;
Num-X: 4 ; Num-Y: 4 ; Resolution: 12500 ; Rank: 10 ; Rank-X: 2 ; Rank-Y: 2 ; Rowstart: 6250; Rowend: 9376; Rows: 3126; Colstart: 6250; Colend: 9376; Cols: 3126;
Num-X: 4 ; Num-Y: 4 ; Resolution: 12500 ; Rank: 1 ; Rank-X: 1 ; Rank-Y: 0 ; Rowstart: 0; Rowend: 3126; Rows: 3126; Colstart: 3125; Colend: 6251; Cols: 3126;
Num-X: 4 ; Num-Y: 4 ; Resolution: 12500 ; Rank: 8 ; Rank-X: 0 ; Rank-Y: 2 ; Rowstart: 6250; Rowend: 9376; Rows: 3126; Colstart: 0; Colend: 3126; Cols: 3126;

Resolution: 12500
===================
Execution time: 0.090781
Residual: 5.863330

megaflops:  240964.6
  flop instructions (M):  21875.000
