mpiexec -genv I_MPI_DEBUG=4 -genv OMP_NUM_THREADS=4 -genv KMP_AFFINITY=verbose,scatter -genv I_MPI_PIN_DOMAIN=omp -n 48 ./heat test.dat 8 6
[0] MPI startup(): Intel(R) MPI Library, Version 2019 Update 8  Build 20200624 (id: 4f16ad915)
[0] MPI startup(): Copyright (C) 2003-2020 Intel Corporation.  All rights reserved.
[0] MPI startup(): library kind: release
[0] MPI startup(): libfabric version: 1.10.1-impi
[0] MPI startup(): libfabric provider: psm2
OMP: Info #154: KMP_AFFINITY: Initial OS proc set respected: 2,3,50,51
OMP: Info #213: KMP_AFFINITY: decoding x2APIC ids.
OMP: Info #154: KMP_AFFINITY: Initial OS proc set respected: 8,9,56,57
OMP: Info #213: KMP_AFFINITY: decoding x2APIC ids.
OMP: Info #154: KMP_AFFINITY: Initial OS proc set respected: 24,25,72,73
OMP: Info #213: KMP_AFFINITY: decoding x2APIC ids.
OMP: Info #154: KMP_AFFINITY: Initial OS proc set respected: 34,35,82,83
OMP: Info #213: KMP_AFFINITY: decoding x2APIC ids.
OMP: Info #276: KMP_AFFINITY: Affinity capable, using global cpuid leaf 11 info
OMP: Info #156: KMP_AFFINITY: 4 available OS procs
OMP: Info #157: KMP_AFFINITY: Uniform topology
OMP: Info #191: KMP_AFFINITY: 1 socket x 2 cores/socket x 2 threads/core (2 total cores)
OMP: Info #215: KMP_AFFINITY: OS proc to physical thread map:
OMP: Info #171: KMP_AFFINITY: OS proc 2 maps to socket 0 core 2 thread 0 
OMP: Info #171: KMP_AFFINITY: OS proc 50 maps to socket 0 core 2 thread 1 
OMP: Info #171: KMP_AFFINITY: OS proc 3 maps to socket 0 core 3 thread 0 
OMP: Info #171: KMP_AFFINITY: OS proc 51 maps to socket 0 core 3 thread 1 
OMP: Info #276: KMP_AFFINITY: Affinity capable, using global cpuid leaf 11 info
OMP: Info #156: KMP_AFFINITY: 4 available OS procs
OMP: Info #157: KMP_AFFINITY: Uniform topology
OMP: Info #191: KMP_AFFINITY: 1 socket x 2 cores/socket x 2 threads/core (2 total cores)
OMP: Info #215: KMP_AFFINITY: OS proc to physical thread map:
OMP: Info #171: KMP_AFFINITY: OS proc 8 maps to socket 0 core 10 thread 0 
OMP: Info #171: KMP_AFFINITY: OS proc 56 maps to socket 0 core 10 thread 1 
OMP: Info #171: KMP_AFFINITY: OS proc 9 maps to socket 0 core 11 thread 0 
OMP: Info #171: KMP_AFFINITY: OS proc 57 maps to socket 0 core 11 thread 1 
OMP: Info #276: KMP_AFFINITY: Affinity capable, using global cpuid leaf 11 info
OMP: Info #156: KMP_AFFINITY: 4 available OS procs
OMP: Info #157: KMP_AFFINITY: Uniform topology
OMP: Info #191: KMP_AFFINITY: 1 socket x 2 cores/socket x 2 threads/core (2 total cores)
OMP: Info #215: KMP_AFFINITY: OS proc to physical thread map:
OMP: Info #171: KMP_AFFINITY: OS proc 34 maps to socket 1 core 12 thread 0 
OMP: Info #171: KMP_AFFINITY: OS proc 82 maps to socket 1 core 12 thread 1 
OMP: Info #144: KMP_AFFINITY: Threads may migrate across 1 innermost levels of machine
OMP: Info #144: KMP_AFFINITY: Threads may migrate across 1 innermost levels of machine
OMP: Info #276: KMP_AFFINITY: Affinity capable, using global cpuid leaf 11 info
OMP: Info #156: KMP_AFFINITY: 4 available OS procs
OMP: Info #171: KMP_AFFINITY: OS proc 35 maps to socket 1 core 13 thread 0 
OMP: Info #171: KMP_AFFINITY: OS proc 83 maps to socket 1 core 13 thread 1 
OMP: Info #144: KMP_AFFINITY: Threads may migrate across 1 innermost levels of machine
OMP: Info #251: KMP_AFFINITY: pid 3003519 tid 3003519 thread 0 bound to OS proc set 2,50
OMP: Info #251: KMP_AFFINITY: pid 3003522 tid 3003522 thread 0 bound to OS proc set 8,56
OMP: Info #157: KMP_AFFINITY: Uniform topology
OMP: Info #191: KMP_AFFINITY: 1 socket x 2 cores/socket x 2 threads/core (2 total cores)
OMP: Info #215: KMP_AFFINITY: OS proc to physical thread map:
OMP: Info #171: KMP_AFFINITY: OS proc 24 maps to socket 1 core 0 thread 0 
OMP: Info #171: KMP_AFFINITY: OS proc 72 maps to socket 1 core 0 thread 1 
OMP: Info #171: KMP_AFFINITY: OS proc 25 maps to socket 1 core 1 thread 0 
OMP: Info #171: KMP_AFFINITY: OS proc 73 maps to socket 1 core 1 thread 1 

Executing each MPI process in 4 OMP threads.

Executing each MPI process in 4 OMP threads.
OMP: Info #251: KMP_AFFINITY: pid 3003529 tid 3003529 thread 0 bound to OS proc set 34,82
OMP: Info #154: KMP_AFFINITY: Initial OS proc set respected: 2,3,50,51
OMP: Info #213: KMP_AFFINITY: decoding x2APIC ids.
OMP: Info #144: KMP_AFFINITY: Threads may migrate across 1 innermost levels of machine
OMP: Info #251: KMP_AFFINITY: pid 3003524 tid 3003524 thread 0 bound to OS proc set 24,72
OMP: Info #154: KMP_AFFINITY: Initial OS proc set respected: 24,25,72,73
OMP: Info #213: KMP_AFFINITY: decoding x2APIC ids.

Executing each MPI process in 4 OMP threads.
OMP: Info #154: KMP_AFFINITY: Initial OS proc set respected: 32,33,80,81
OMP: Info #213: KMP_AFFINITY: decoding x2APIC ids.

Executing each MPI process in 4 OMP threads.
OMP: Info #276: KMP_AFFINITY: Affinity capable, using global cpuid leaf 11 info
OMP: Info #156: KMP_AFFINITY: 4 available OS procs
OMP: Info #157: KMP_AFFINITY: Uniform topology
OMP: Info #276: KMP_AFFINITY: Affinity capable, using global cpuid leaf 11 info
OMP: Info #156: KMP_AFFINITY: 4 available OS procs
OMP: Info #157: KMP_AFFINITY: Uniform topology
OMP: Info #191: KMP_AFFINITY: 1 socket x 2 cores/socket x 2 threads/core (2 total cores)
OMP: Info #215: KMP_AFFINITY: OS proc to physical thread map:
OMP: Info #171: KMP_AFFINITY: OS proc 24 maps to socket 1 core 0 thread 0 
OMP: Info #171: KMP_AFFINITY: OS proc 72 maps to socket 1 core 0 thread 1 
OMP: Info #171: KMP_AFFINITY: OS proc 25 maps to socket 1 core 1 thread 0 
OMP: Info #171: KMP_AFFINITY: OS proc 73 maps to socket 1 core 1 thread 1 
OMP: Info #191: KMP_AFFINITY: 1 socket x 2 cores/socket x 2 threads/core (2 total cores)
OMP: Info #215: KMP_AFFINITY: OS proc to physical thread map:
OMP: Info #171: KMP_AFFINITY: OS proc 32 maps to socket 1 core 10 thread 0 
OMP: Info #171: KMP_AFFINITY: OS proc 80 maps to socket 1 core 10 thread 1 
OMP: Info #171: KMP_AFFINITY: OS proc 33 maps to socket 1 core 11 thread 0 
OMP: Info #171: KMP_AFFINITY: OS proc 81 maps to socket 1 core 11 thread 1 
OMP: Info #144: KMP_AFFINITY: Threads may migrate across 1 innermost levels of machine
OMP: Info #276: KMP_AFFINITY: Affinity capable, using global cpuid leaf 11 info
OMP: Info #156: KMP_AFFINITY: 4 available OS procs
OMP: Info #157: KMP_AFFINITY: Uniform topology
OMP: Info #191: KMP_AFFINITY: 1 socket x 2 cores/socket x 2 threads/core (2 total cores)
OMP: Info #215: KMP_AFFINITY: OS proc to physical thread map:
OMP: Info #171: KMP_AFFINITY: OS proc 2 maps to socket 0 core 2 thread 0 
OMP: Info #171: KMP_AFFINITY: OS proc 50 maps to socket 0 core 2 thread 1 
OMP: Info #171: KMP_AFFINITY: OS proc 3 maps to socket 0 core 3 thread 0 
OMP: Info #171: KMP_AFFINITY: OS proc 51 maps to socket 0 core 3 thread 1 
OMP: Info #144: KMP_AFFINITY: Threads may migrate across 1 innermost levels of machine
OMP: Info #144: KMP_AFFINITY: Threads may migrate across 1 innermost levels of machine
OMP: Info #251: KMP_AFFINITY: pid 2137964 tid 2137964 thread 0 bound to OS proc set 24,72
OMP: Info #251: KMP_AFFINITY: pid 2137968 tid 2137968 thread 0 bound to OS proc set 32,80

Executing each MPI process in 4 OMP threads.
OMP: Info #251: KMP_AFFINITY: pid 2137959 tid 2137959 thread 0 bound to OS proc set 2,50

Executing each MPI process in 4 OMP threads.

Executing each MPI process in 4 OMP threads.
OMP: Info #154: KMP_AFFINITY: Initial OS proc set respected: 6,7,54,55
OMP: Info #213: KMP_AFFINITY: decoding x2APIC ids.
OMP: Info #154: KMP_AFFINITY: Initial OS proc set respected: 10,11,58,59
OMP: Info #213: KMP_AFFINITY: decoding x2APIC ids.
OMP: Info #276: KMP_AFFINITY: Affinity capable, using global cpuid leaf 11 info
OMP: Info #156: KMP_AFFINITY: 4 available OS procs
OMP: Info #157: KMP_AFFINITY: Uniform topology
OMP: Info #191: KMP_AFFINITY: 1 socket x 2 cores/socket x 2 threads/core (2 total cores)
OMP: Info #276: KMP_AFFINITY: Affinity capable, using global cpuid leaf 11 info
OMP: Info #156: KMP_AFFINITY: 4 available OS procs
OMP: Info #157: KMP_AFFINITY: Uniform topology
OMP: Info #191: KMP_AFFINITY: 1 socket x 2 cores/socket x 2 threads/core (2 total cores)
OMP: Info #215: KMP_AFFINITY: OS proc to physical thread map:
OMP: Info #171: KMP_AFFINITY: OS proc 10 maps to socket 0 core 12 thread 0 
OMP: Info #215: KMP_AFFINITY: OS proc to physical thread map:
OMP: Info #171: KMP_AFFINITY: OS proc 6 maps to socket 0 core 8 thread 0 
OMP: Info #171: KMP_AFFINITY: OS proc 54 maps to socket 0 core 8 thread 1 
OMP: Info #171: KMP_AFFINITY: OS proc 7 maps to socket 0 core 9 thread 0 
OMP: Info #171: KMP_AFFINITY: OS proc 55 maps to socket 0 core 9 thread 1 
OMP: Info #171: KMP_AFFINITY: OS proc 58 maps to socket 0 core 12 thread 1 
OMP: Info #171: KMP_AFFINITY: OS proc 11 maps to socket 0 core 13 thread 0 
OMP: Info #171: KMP_AFFINITY: OS proc 59 maps to socket 0 core 13 thread 1 
OMP: Info #144: KMP_AFFINITY: Threads may migrate across 1 innermost levels of machine
OMP: Info #144: KMP_AFFINITY: Threads may migrate across 1 innermost levels of machine
OMP: Info #251: KMP_AFFINITY: pid 824477 tid 824477 thread 0 bound to OS proc set 6,54
OMP: Info #251: KMP_AFFINITY: pid 824479 tid 824479 thread 0 bound to OS proc set 10,58

Executing each MPI process in 4 OMP threads.

Executing each MPI process in 4 OMP threads.
[0] MPI startup(): Rank    Pid      Node name     Pin cpu
[0] MPI startup(): 0       3003518  i01r01c06s06  {0,1,48,49}
[0] MPI startup(): 1       3003519  i01r01c06s06  {2,3,50,51}
[0] MPI startup(): 2       3003520  i01r01c06s06  {4,5,52,53}
[0] MPI startup(): 3       3003521  i01r01c06s06  {6,7,54,55}
[0] MPI startup(): 4       3003522  i01r01c06s06  {8,9,56,57}
[0] MPI startup(): 5       3003523  i01r01c06s06  {10,11,58,59}
[0] MPI startup(): 6       3003524  i01r01c06s06  {24,25,72,73}
[0] MPI startup(): 7       3003525  i01r01c06s06  {26,27,74,75}
[0] MPI startup(): 8       3003526  i01r01c06s06  {28,29,76,77}
[0] MPI startup(): 9       3003527  i01r01c06s06  {30,31,78,79}
[0] MPI startup(): 10      3003528  i01r01c06s06  {32,33,80,81}
[0] MPI startup(): 11      3003529  i01r01c06s06  {34,35,82,83}
[0] MPI startup(): 12      824474   i01r01c06s07  {0,1,48,49}
[0] MPI startup(): 13      824475   i01r01c06s07  {2,3,50,51}
[0] MPI startup(): 14      824476   i01r01c06s07  {4,5,52,53}
[0] MPI startup(): 15      824477   i01r01c06s07  {6,7,54,55}
[0] MPI startup(): 16      824478   i01r01c06s07  {8,9,56,57}
[0] MPI startup(): 17      824479   i01r01c06s07  {10,11,58,59}
[0] MPI startup(): 18      824480   i01r01c06s07  {24,25,72,73}
[0] MPI startup(): 19      824481   i01r01c06s07  {26,27,74,75}
[0] MPI startup(): 20      824482   i01r01c06s07  {28,29,76,77}
[0] MPI startup(): 21      824483   i01r01c06s07  {30,31,78,79}
[0] MPI startup(): 22      824484   i01r01c06s07  {32,33,80,81}
[0] MPI startup(): 23      824485   i01r01c06s07  {34,35,82,83}
[0] MPI startup(): 24      2137958  i01r01c06s08  {0,1,48,49}
[0] MPI startup(): 25      2137959  i01r01c06s08  {2,3,50,51}
[0] MPI startup(): 26      2137960  i01r01c06s08  {4,5,52,53}
[0] MPI startup(): 27      2137961  i01r01c06s08  {6,7,54,55}
[0] MPI startup(): 28      2137962  i01r01c06s08  {8,9,56,57}
[0] MPI startup(): 29      2137963  i01r01c06s08  {10,11,58,59}
[0] MPI startup(): 30      2137964  i01r01c06s08  {24,25,72,73}
[0] MPI startup(): 31      2137965  i01r01c06s08  {26,27,74,75}
[0] MPI startup(): 32      2137966  i01r01c06s08  {28,29,76,77}
[0] MPI startup(): 33      2137967  i01r01c06s08  {30,31,78,79}
[0] MPI startup(): 34      2137968  i01r01c06s08  {32,33,80,81}
[0] MPI startup(): 35      2137969  i01r01c06s08  {34,35,82,83}
[0] MPI startup(): 36      2438839  i01r01c06s09  {0,1,48,49}
[0] MPI startup(): 37      2438840  i01r01c06s09  {2,3,50,51}
[0] MPI startup(): 38      2438841  i01r01c06s09  {4,5,52,53}
[0] MPI startup(): 39      2438842  i01r01c06s09  {6,7,54,55}
[0] MPI startup(): 40      2438843  i01r01c06s09  {8,9,56,57}
[0] MPI startup(): 41      2438844  i01r01c06s09  {10,11,58,59}
[0] MPI startup(): 42      2438845  i01r01c06s09  {24,25,72,73}
[0] MPI startup(): 43      2438846  i01r01c06s09  {26,27,74,75}
[0] MPI startup(): 44      2438847  i01r01c06s09  {28,29,76,77}
[0] MPI startup(): 45      2438848  i01r01c06s09  {30,31,78,79}
[0] MPI startup(): 46      2438849  i01r01c06s09  {32,33,80,81}
[0] MPI startup(): 47      2438850  i01r01c06s09  {34,35,82,83}
OMP: Info #154: KMP_AFFINITY: Initial OS proc set respected: 0,1,48,49
OMP: Info #213: KMP_AFFINITY: decoding x2APIC ids.
OMP: Info #276: KMP_AFFINITY: Affinity capable, using global cpuid leaf 11 info
OMP: Info #156: KMP_AFFINITY: 4 available OS procs
OMP: Info #157: KMP_AFFINITY: Uniform topology
OMP: Info #191: KMP_AFFINITY: 1 socket x 2 cores/socket x 2 threads/core (2 total cores)
OMP: Info #215: KMP_AFFINITY: OS proc to physical thread map:
OMP: Info #171: KMP_AFFINITY: OS proc 0 maps to socket 0 core 0 thread 0 
OMP: Info #171: KMP_AFFINITY: OS proc 48 maps to socket 0 core 0 thread 1 
OMP: Info #171: KMP_AFFINITY: OS proc 1 maps to socket 0 core 1 thread 0 
OMP: Info #171: KMP_AFFINITY: OS proc 49 maps to socket 0 core 1 thread 1 
OMP: Info #144: KMP_AFFINITY: Threads may migrate across 1 innermost levels of machine
OMP: Info #251: KMP_AFFINITY: pid 2438839 tid 2438839 thread 0 bound to OS proc set 0,48

Executing each MPI process in 4 OMP threads.
OMP: Info #154: KMP_AFFINITY: Initial OS proc set respected: 0,1,48,49
OMP: Info #213: KMP_AFFINITY: decoding x2APIC ids.
OMP: Info #276: KMP_AFFINITY: Affinity capable, using global cpuid leaf 11 info
OMP: Info #156: KMP_AFFINITY: 4 available OS procs
OMP: Info #157: KMP_AFFINITY: Uniform topology
OMP: Info #191: KMP_AFFINITY: 1 socket x 2 cores/socket x 2 threads/core (2 total cores)
OMP: Info #215: KMP_AFFINITY: OS proc to physical thread map:
OMP: Info #171: KMP_AFFINITY: OS proc 0 maps to socket 0 core 0 thread 0 
OMP: Info #171: KMP_AFFINITY: OS proc 48 maps to socket 0 core 0 thread 1 
OMP: Info #171: KMP_AFFINITY: OS proc 1 maps to socket 0 core 1 thread 0 
OMP: Info #171: KMP_AFFINITY: OS proc 49 maps to socket 0 core 1 thread 1 
OMP: Info #144: KMP_AFFINITY: Threads may migrate across 1 innermost levels of machine
OMP: Info #251: KMP_AFFINITY: pid 3003518 tid 3003518 thread 0 bound to OS proc set 0,48

Executing each MPI process in 4 OMP threads.

8 processes distributed in X-direction
 6 ; processes distributed in Y-direction
Resolutions       : (6500, 8500, ... 12500)
Iterations        : 20
Num. Heat sources : 2
   1: (0.00, 0.00) 1.00 1.00 
   2: (1.00, 1.00) 1.00 0.50 
rank= 0 coords= 0 0 neighbours(up,down,left,right)= -1 6 -1 1
rank= 1 coords= 0 1 neighbours(up,down,left,right)= -1 7 0 2
rank= 2 coords= 0 2 neighbours(up,down,left,right)= -1 8 1 3
rank= 3 coords= 0 3 neighbours(up,down,left,right)= -1 9 2 4
rank= 36 coords= 6 0 neighbours(up,down,left,right)= 30 42 -1 37
rank= 4 coords= 0 4 neighbours(up,down,left,right)= -1 10 3 5
rank= 45 coords= 7 3 neighbours(up,down,left,right)= 39 -1 44 46
rank= 5 coords= 0 5 neighbours(up,down,left,right)= -1 11 4 -1
rank= 24 coords= 4 0 neighbours(up,down,left,right)= 18 30 -1 25
rank= 37 coords= 6 1 neighbours(up,down,left,right)= 31 43 36 38
rank= 6 coords= 1 0 neighbours(up,down,left,right)= 0 12 -1 7
rank= 25 coords= 4 1 neighbours(up,down,left,right)= 19 31 24 26
rank= 12 coords= 2 0 neighbours(up,down,left,right)= 6 18 -1 13
rank= 38 coords= 6 2 neighbours(up,down,left,right)= 32 44 37 39
rank= 7 coords= 1 1 neighbours(up,down,left,right)= 1 13 6 8
rank= 26 coords= 4 2 neighbours(up,down,left,right)= 20 32 25 27
rank= 13 coords= 2 1 neighbours(up,down,left,right)= 7 19 12 14
rank= 39 coords= 6 3 neighbours(up,down,left,right)= 33 45 38 40
rank= 8 coords= 1 2 neighbours(up,down,left,right)= 2 14 7 9
rank= 27 coords= 4 3 neighbours(up,down,left,right)= 21 33 26 28
rank= 14 coords= 2 2 neighbours(up,down,left,right)= 8 20 13 15
rank= 40 coords= 6 4 neighbours(up,down,left,right)= 34 46 39 41
rank= 9 coords= 1 3 neighbours(up,down,left,right)= 3 15 8 10
rank= 28 coords= 4 4 neighbours(up,down,left,right)= 22 34 27 29
rank= 15 coords= 2 3 neighbours(up,down,left,right)= 9 21 14 16
rank= 41 coords= 6 5 neighbours(up,down,left,right)= 35 47 40 -1
rank= 10 coords= 1 4 neighbours(up,down,left,right)= 4 16 9 11
rank= 29 coords= 4 5 neighbours(up,down,left,right)= 23 35 28 -1
rank= 17 coords= 2 5 neighbours(up,down,left,right)= 11 23 16 -1
rank= 42 coords= 7 0 neighbours(up,down,left,right)= 36 -1 -1 43
rank= 11 coords= 1 5 neighbours(up,down,left,right)= 5 17 10 -1
rank= 30 coords= 5 0 neighbours(up,down,left,right)= 24 36 -1 31
rank= 19 coords= 3 1 neighbours(up,down,left,right)= 13 25 18 20
OMP: Info #251: KMP_AFFINITY: pid 3003518 tid 3003594 thread 2 bound to OS proc set 0,48
rank= 31 coords= 5 1 neighbours(up,down,left,right)= 25 37 30 32
rank= 20 coords= 3 2 neighbours(up,down,left,right)= 14 26 19 21
rank= 43 coords= 7 1 neighbours(up,down,left,right)= 37 -1 42 44
OMP: Info #251: KMP_AFFINITY: pid 3003522 tid 3003595 thread 2 bound to OS proc set 8,56
OMP: Info #251: KMP_AFFINITY: pid 3003522 tid 3003593 thread 1 bound to OS proc set 9,57
rank= 32 coords= 5 2 neighbours(up,down,left,right)= 26 38 31 33
rank= 21 coords= 3 3 neighbours(up,down,left,right)= 15 27 20 22
rank= 44 coords= 7 2 neighbours(up,down,left,right)= 38 -1 43 45
OMP: Info #251: KMP_AFFINITY: pid 3003529 tid 3003591 thread 1 bound to OS proc set 35,83
rank= 33 coords= 5 3 neighbours(up,down,left,right)= 27 39 32 34
rank= 22 coords= 3 4 neighbours(up,down,left,right)= 16 28 21 23
rank= 46 coords= 7 4 neighbours(up,down,left,right)= 40 -1 45 47
OMP: Info #251: KMP_AFFINITY: pid 3003518 tid 3003590 thread 1 bound to OS proc set 1,49
rank= 34 coords= 5 4 neighbours(up,down,left,right)= 28 40 33 35
rank= 23 coords= 3 5 neighbours(up,down,left,right)= 17 29 22 -1
rank= 47 coords= 7 5 neighbours(up,down,left,right)= 41 -1 46 -1
OMP: Info #251: KMP_AFFINITY: pid 3003524 tid 3003596 thread 2 bound to OS proc set 24,72
OMP: Info #251: KMP_AFFINITY: pid 3003524 tid 3003592 thread 1 bound to OS proc set 25,73
rank= 35 coords= 5 5 neighbours(up,down,left,right)= 29 41 34 -1
rank= 16 coords= 2 4 neighbours(up,down,left,right)= 10 22 15 17
OMP: Info #251: KMP_AFFINITY: pid 2438839 tid 2438912 thread 2 bound to OS proc set 0,48
OMP: Info #251: KMP_AFFINITY: pid 3003519 tid 3003603 thread 2 bound to OS proc set 2,50
OMP: Info #251: KMP_AFFINITY: pid 3003519 tid 3003598 thread 1 bound to OS proc set 3,51
OMP: Info #251: KMP_AFFINITY: pid 2137964 tid 2138031 thread 1 bound to OS proc set 25,73
rank= 18 coords= 3 0 neighbours(up,down,left,right)= 12 24 -1 19
OMP: Info #251: KMP_AFFINITY: pid 2438839 tid 2438911 thread 1 bound to OS proc set 1,49
OMP: Info #251: KMP_AFFINITY: pid 3003529 tid 3003597 thread 2 bound to OS proc set 34,82
OMP: Info #251: KMP_AFFINITY: pid 3003529 tid 3003602 thread 3 bound to OS proc set 35,83
OMP: Info #251: KMP_AFFINITY: pid 2137968 tid 2138030 thread 1 bound to OS proc set 33,81
OMP: Info #251: KMP_AFFINITY: pid 2137968 tid 2138034 thread 2 bound to OS proc set 32,80
OMP: Info #251: KMP_AFFINITY: pid 2438839 tid 2438913 thread 3 bound to OS proc set 1,49
OMP: Info #251: KMP_AFFINITY: pid 3003518 tid 3003601 thread 3 bound to OS proc set 1,49
OMP: Info #251: KMP_AFFINITY: pid 2137959 tid 2138032 thread 1 bound to OS proc set 3,51
OMP: Info #251: KMP_AFFINITY: pid 2137959 tid 2138033 thread 2 bound to OS proc set 2,50
OMP: Info #251: KMP_AFFINITY: pid 3003519 tid 3003604 thread 3 bound to OS proc set 3,51
OMP: Info #251: KMP_AFFINITY: pid 2137964 tid 2138035 thread 2 bound to OS proc set 24,72
OMP: Info #251: KMP_AFFINITY: pid 3003522 tid 3003600 thread 3 bound to OS proc set 9,57
OMP: Info #251: KMP_AFFINITY: pid 2137964 tid 2138037 thread 3 bound to OS proc set 25,73
OMP: Info #251: KMP_AFFINITY: pid 3003524 tid 3003599 thread 3 bound to OS proc set 25,73
OMP: Info #251: KMP_AFFINITY: pid 2137959 tid 2138038 thread 3 bound to OS proc set 3,51
OMP: Info #251: KMP_AFFINITY: pid 2137968 tid 2138036 thread 3 bound to OS proc set 33,81
OMP: Info #251: KMP_AFFINITY: pid 824477 tid 824549 thread 2 bound to OS proc set 6,54
OMP: Info #251: KMP_AFFINITY: pid 824479 tid 824548 thread 2 bound to OS proc set 10,58
OMP: Info #251: KMP_AFFINITY: pid 824479 tid 824547 thread 1 bound to OS proc set 11,59
OMP: Info #251: KMP_AFFINITY: pid 824477 tid 824546 thread 1 bound to OS proc set 7,55
OMP: Info #251: KMP_AFFINITY: pid 824477 tid 824550 thread 3 bound to OS proc set 7,55
OMP: Info #251: KMP_AFFINITY: pid 824479 tid 824551 thread 3 bound to OS proc set 11,59
OMP: Info #154: KMP_AFFINITY: Initial OS proc set respected: 34,35,82,83
OMP: Info #213: KMP_AFFINITY: decoding x2APIC ids.
OMP: Info #154: KMP_AFFINITY: Initial OS proc set respected: 4,5,52,53
OMP: Info #213: KMP_AFFINITY: decoding x2APIC ids.
OMP: Info #154: KMP_AFFINITY: Initial OS proc set respected: 4,5,52,53
OMP: Info #213: KMP_AFFINITY: decoding x2APIC ids.
OMP: Info #154: KMP_AFFINITY: Initial OS proc set respected: 10,11,58,59
OMP: Info #213: KMP_AFFINITY: decoding x2APIC ids.
OMP: Info #154: KMP_AFFINITY: Initial OS proc set respected: 4,5,52,53
OMP: Info #213: KMP_AFFINITY: decoding x2APIC ids.
OMP: Info #154: KMP_AFFINITY: Initial OS proc set respected: 2,3,50,51
OMP: Info #213: KMP_AFFINITY: decoding x2APIC ids.
OMP: Info #154: KMP_AFFINITY: Initial OS proc set respected: 28,29,76,77
OMP: Info #213: KMP_AFFINITY: decoding x2APIC ids.
OMP: Info #154: KMP_AFFINITY: Initial OS proc set respected: 28,29,76,77
OMP: Info #213: KMP_AFFINITY: decoding x2APIC ids.
OMP: Info #154: KMP_AFFINITY: Initial OS proc set respected: 0,1,48,49
OMP: Info #213: KMP_AFFINITY: decoding x2APIC ids.
OMP: Info #154: KMP_AFFINITY: Initial OS proc set respected: 8,9,56,57
OMP: Info #213: KMP_AFFINITY: decoding x2APIC ids.
OMP: Info #154: KMP_AFFINITY: Initial OS proc set respected: 30,31,78,79
OMP: Info #213: KMP_AFFINITY: decoding x2APIC ids.
OMP: Info #276: KMP_AFFINITY: Affinity capable, using global cpuid leaf 11 info
OMP: Info #154: KMP_AFFINITY: Initial OS proc set respected: 26,27,74,75
OMP: Info #213: KMP_AFFINITY: decoding x2APIC ids.
OMP: Info #154: KMP_AFFINITY: Initial OS proc set respected: 2,3,50,51
OMP: Info #213: KMP_AFFINITY: decoding x2APIC ids.
OMP: Info #154: KMP_AFFINITY: Initial OS proc set respected: 4,5,52,53
OMP: Info #213: KMP_AFFINITY: decoding x2APIC ids.
OMP: Info #154: KMP_AFFINITY: Initial OS proc set respected: 32,33,80,81
OMP: Info #213: KMP_AFFINITY: decoding x2APIC ids.
OMP: Info #276: KMP_AFFINITY: Affinity capable, using global cpuid leaf 11 info
OMP: Info #156: KMP_AFFINITY: 4 available OS procs
OMP: Info #157: KMP_AFFINITY: Uniform topology
OMP: Info #191: KMP_AFFINITY: 1 socket x 2 cores/socket x 2 threads/core (2 total cores)
OMP: Info #215: KMP_AFFINITY: OS proc to physical thread map:
OMP: Info #171: KMP_AFFINITY: OS proc 28 maps to socket 1 core 4 thread 0 
OMP: Info #171: KMP_AFFINITY: OS proc 76 maps to socket 1 core 4 thread 1 
OMP: Info #171: KMP_AFFINITY: OS proc 29 maps to socket 1 core 5 thread 0 
OMP: Info #171: KMP_AFFINITY: OS proc 77 maps to socket 1 core 5 thread 1 
OMP: Info #276: KMP_AFFINITY: Affinity capable, using global cpuid leaf 11 info
OMP: Info #156: KMP_AFFINITY: 4 available OS procs
OMP: Info #157: KMP_AFFINITY: Uniform topology
OMP: Info #191: KMP_AFFINITY: 1 socket x 2 cores/socket x 2 threads/core (2 total cores)
OMP: Info #215: KMP_AFFINITY: OS proc to physical thread map:
OMP: Info #171: KMP_AFFINITY: OS proc 4 maps to socket 0 core 4 thread 0 
OMP: Info #171: KMP_AFFINITY: OS proc 52 maps to socket 0 core 4 thread 1 
OMP: Info #171: KMP_AFFINITY: OS proc 5 maps to socket 0 core 5 thread 0 
OMP: Info #171: KMP_AFFINITY: OS proc 53 maps to socket 0 core 5 thread 1 
OMP: Info #144: KMP_AFFINITY: Threads may migrate across 1 innermost levels of machine
OMP: Info #276: KMP_AFFINITY: Affinity capable, using global cpuid leaf 11 info
OMP: Info #156: KMP_AFFINITY: 4 available OS procs
OMP: Info #157: KMP_AFFINITY: Uniform topology
OMP: Info #154: KMP_AFFINITY: Initial OS proc set respected: 6,7,54,55
OMP: Info #213: KMP_AFFINITY: decoding x2APIC ids.
OMP: Info #154: KMP_AFFINITY: Initial OS proc set respected: 30,31,78,79
OMP: Info #213: KMP_AFFINITY: decoding x2APIC ids.
OMP: Info #154: KMP_AFFINITY: Initial OS proc set respected: 30,31,78,79
OMP: Info #213: KMP_AFFINITY: decoding x2APIC ids.
OMP: Info #191: KMP_AFFINITY: 1 socket x 2 cores/socket x 2 threads/core (2 total cores)
OMP: Info #215: KMP_AFFINITY: OS proc to physical thread map:
OMP: Info #171: KMP_AFFINITY: OS proc 2 maps to socket 0 core 2 thread 0 
OMP: Info #171: KMP_AFFINITY: OS proc 50 maps to socket 0 core 2 thread 1 
OMP: Info #171: KMP_AFFINITY: OS proc 3 maps to socket 0 core 3 thread 0 
OMP: Info #154: KMP_AFFINITY: Initial OS proc set respected: 10,11,58,59
OMP: Info #213: KMP_AFFINITY: decoding x2APIC ids.
OMP: Info #276: KMP_AFFINITY: Affinity capable, using global cpuid leaf 11 info
OMP: Info #156: KMP_AFFINITY: 4 available OS procs
OMP: Info #157: KMP_AFFINITY: Uniform topology
OMP: Info #191: KMP_AFFINITY: 1 socket x 2 cores/socket x 2 threads/core (2 total cores)
OMP: Info #215: KMP_AFFINITY: OS proc to physical thread map:
OMP: Info #171: KMP_AFFINITY: OS proc 34 maps to socket 1 core 12 thread 0 
OMP: Info #171: KMP_AFFINITY: OS proc 82 maps to socket 1 core 12 thread 1 
OMP: Info #171: KMP_AFFINITY: OS proc 35 maps to socket 1 core 13 thread 0 
OMP: Info #171: KMP_AFFINITY: OS proc 83 maps to socket 1 core 13 thread 1 
OMP: Info #144: KMP_AFFINITY: Threads may migrate across 1 innermost levels of machine
OMP: Info #251: KMP_AFFINITY: pid 2137969 tid 2137969 thread 0 bound to OS proc set 34,82
OMP: Info #154: KMP_AFFINITY: Initial OS proc set respected: 32,33,80,81
OMP: Info #213: KMP_AFFINITY: decoding x2APIC ids.
OMP: Info #171: KMP_AFFINITY: OS proc 51 maps to socket 0 core 3 thread 1 
OMP: Info #154: KMP_AFFINITY: Initial OS proc set respected: 26,27,74,75
OMP: Info #213: KMP_AFFINITY: decoding x2APIC ids.
OMP: Info #276: KMP_AFFINITY: Affinity capable, using global cpuid leaf 11 info
OMP: Info #156: KMP_AFFINITY: 4 available OS procs
OMP: Info #157: KMP_AFFINITY: Uniform topology
OMP: Info #191: KMP_AFFINITY: 1 socket x 2 cores/socket x 2 threads/core (2 total cores)
OMP: Info #154: KMP_AFFINITY: Initial OS proc set respected: 34,35,82,83
OMP: Info #213: KMP_AFFINITY: decoding x2APIC ids.
OMP: Info #276: KMP_AFFINITY: Affinity capable, using global cpuid leaf 11 info
OMP: Info #156: KMP_AFFINITY: 4 available OS procs
OMP: Info #157: KMP_AFFINITY: Uniform topology
OMP: Info #191: KMP_AFFINITY: 1 socket x 2 cores/socket x 2 threads/core (2 total cores)
OMP: Info #215: KMP_AFFINITY: OS proc to physical thread map:
OMP: Info #144: KMP_AFFINITY: Threads may migrate across 1 innermost levels of machine
OMP: Info #156: KMP_AFFINITY: 4 available OS procs
OMP: Info #157: KMP_AFFINITY: Uniform topology
OMP: Info #191: KMP_AFFINITY: 1 socket x 2 cores/socket x 2 threads/core (2 total cores)
OMP: Info #215: KMP_AFFINITY: OS proc to physical thread map:
OMP: Info #171: KMP_AFFINITY: OS proc 30 maps to socket 1 core 8 thread 0 
OMP: Info #171: KMP_AFFINITY: OS proc 78 maps to socket 1 core 8 thread 1 
OMP: Info #171: KMP_AFFINITY: OS proc 31 maps to socket 1 core 9 thread 0 
OMP: Info #171: KMP_AFFINITY: OS proc 79 maps to socket 1 core 9 thread 1 
OMP: Info #144: KMP_AFFINITY: Threads may migrate across 1 innermost levels of machine
OMP: Info #251: KMP_AFFINITY: pid 3003527 tid 3003527 thread 0 bound to OS proc set 30,78
OMP: Info #144: KMP_AFFINITY: Threads may migrate across 1 innermost levels of machine
OMP: Info #251: KMP_AFFINITY: pid 2137966 tid 2137966 thread 0 bound to OS proc set 28,76
OMP: Info #276: KMP_AFFINITY: Affinity capable, using global cpuid leaf 11 info
OMP: Info #156: KMP_AFFINITY: 4 available OS procs
OMP: Info #157: KMP_AFFINITY: Uniform topology
OMP: Info #191: KMP_AFFINITY: 1 socket x 2 cores/socket x 2 threads/core (2 total cores)
OMP: Info #215: KMP_AFFINITY: OS proc to physical thread map:
OMP: Info #171: KMP_AFFINITY: OS proc 0 maps to socket 0 core 0 thread 0 
OMP: Info #171: KMP_AFFINITY: OS proc 48 maps to socket 0 core 0 thread 1 
OMP: Info #171: KMP_AFFINITY: OS proc 1 maps to socket 0 core 1 thread 0 
OMP: Info #171: KMP_AFFINITY: OS proc 49 maps to socket 0 core 1 thread 1 
OMP: Info #144: KMP_AFFINITY: Threads may migrate across 1 innermost levels of machine
OMP: Info #251: KMP_AFFINITY: pid 824474 tid 824474 thread 0 bound to OS proc set 0,48
OMP: Info #276: KMP_AFFINITY: Affinity capable, using global cpuid leaf 11 info
OMP: Info #156: KMP_AFFINITY: 4 available OS procs
OMP: Info #157: KMP_AFFINITY: Uniform topology
OMP: Info #191: KMP_AFFINITY: 1 socket x 2 cores/socket x 2 threads/core (2 total cores)
OMP: Info #215: KMP_AFFINITY: OS proc to physical thread map:
OMP: Info #171: KMP_AFFINITY: OS proc 8 maps to socket 0 core 10 thread 0 
OMP: Info #171: KMP_AFFINITY: OS proc 56 maps to socket 0 core 10 thread 1 
OMP: Info #171: KMP_AFFINITY: OS proc 9 maps to socket 0 core 11 thread 0 
OMP: Info #171: KMP_AFFINITY: OS proc 57 maps to socket 0 core 11 thread 1 
OMP: Info #276: KMP_AFFINITY: Affinity capable, using global cpuid leaf 11 info
OMP: Info #156: KMP_AFFINITY: 4 available OS procs
OMP: Info #157: KMP_AFFINITY: Uniform topology
OMP: Info #191: KMP_AFFINITY: 1 socket x 2 cores/socket x 2 threads/core (2 total cores)
OMP: Info #215: KMP_AFFINITY: OS proc to physical thread map:
OMP: Info #171: KMP_AFFINITY: OS proc 4 maps to socket 0 core 4 thread 0 
OMP: Info #171: KMP_AFFINITY: OS proc 52 maps to socket 0 core 4 thread 1 
OMP: Info #171: KMP_AFFINITY: OS proc 5 maps to socket 0 core 5 thread 0 
OMP: Info #171: KMP_AFFINITY: OS proc 53 maps to socket 0 core 5 thread 1 
OMP: Info #144: KMP_AFFINITY: Threads may migrate across 1 innermost levels of machine
OMP: Info #215: KMP_AFFINITY: OS proc to physical thread map:
OMP: Info #171: KMP_AFFINITY: OS proc 4 maps to socket 0 core 4 thread 0 
OMP: Info #171: KMP_AFFINITY: OS proc 52 maps to socket 0 core 4 thread 1 
OMP: Info #171: KMP_AFFINITY: OS proc 5 maps to socket 0 core 5 thread 0 
OMP: Info #171: KMP_AFFINITY: OS proc 53 maps to socket 0 core 5 thread 1 
OMP: Info #144: KMP_AFFINITY: Threads may migrate across 1 innermost levels of machine
OMP: Info #276: KMP_AFFINITY: Affinity capable, using global cpuid leaf 11 info
OMP: Info #156: KMP_AFFINITY: 4 available OS procs
OMP: Info #157: KMP_AFFINITY: Uniform topology
OMP: Info #191: KMP_AFFINITY: 1 socket x 2 cores/socket x 2 threads/core (2 total cores)
OMP: Info #215: KMP_AFFINITY: OS proc to physical thread map:
OMP: Info #171: KMP_AFFINITY: OS proc 2 maps to socket 0 core 2 thread 0 
OMP: Info #171: KMP_AFFINITY: OS proc 50 maps to socket 0 core 2 thread 1 
OMP: Info #171: KMP_AFFINITY: OS proc 3 maps to socket 0 core 3 thread 0 
OMP: Info #171: KMP_AFFINITY: OS proc 51 maps to socket 0 core 3 thread 1 
OMP: Info #144: KMP_AFFINITY: Threads may migrate across 1 innermost levels of machine
OMP: Info #251: KMP_AFFINITY: pid 824475 tid 824475 thread 0 bound to OS proc set 2,50
OMP: Info #251: KMP_AFFINITY: pid 2438840 tid 2438840 thread 0 bound to OS proc set 2,50
OMP: Info #276: KMP_AFFINITY: Affinity capable, using global cpuid leaf 11 info
OMP: Info #156: KMP_AFFINITY: 4 available OS procs
OMP: Info #157: KMP_AFFINITY: Uniform topology
OMP: Info #191: KMP_AFFINITY: 1 socket x 2 cores/socket x 2 threads/core (2 total cores)
OMP: Info #215: KMP_AFFINITY: OS proc to physical thread map:
OMP: Info #171: KMP_AFFINITY: OS proc 28 maps to socket 1 core 4 thread 0 
OMP: Info #171: KMP_AFFINITY: OS proc 76 maps to socket 1 core 4 thread 1 
OMP: Info #171: KMP_AFFINITY: OS proc 29 maps to socket 1 core 5 thread 0 
OMP: Info #171: KMP_AFFINITY: OS proc 77 maps to socket 1 core 5 thread 1 
OMP: Info #144: KMP_AFFINITY: Threads may migrate across 1 innermost levels of machine
OMP: Info #276: KMP_AFFINITY: Affinity capable, using global cpuid leaf 11 info
OMP: Info #156: KMP_AFFINITY: 4 available OS procs
OMP: Info #157: KMP_AFFINITY: Uniform topology
OMP: Info #191: KMP_AFFINITY: 1 socket x 2 cores/socket x 2 threads/core (2 total cores)
OMP: Info #215: KMP_AFFINITY: OS proc to physical thread map:
OMP: Info #171: KMP_AFFINITY: OS proc 10 maps to socket 0 core 12 thread 0 
OMP: Info #171: KMP_AFFINITY: OS proc 58 maps to socket 0 core 12 thread 1 
OMP: Info #171: KMP_AFFINITY: OS proc 11 maps to socket 0 core 13 thread 0 
OMP: Info #171: KMP_AFFINITY: OS proc 59 maps to socket 0 core 13 thread 1 
OMP: Info #144: KMP_AFFINITY: Threads may migrate across 1 innermost levels of machine
OMP: Info #251: KMP_AFFINITY: pid 824476 tid 824476 thread 0 bound to OS proc set 4,52
OMP: Info #251: KMP_AFFINITY: pid 824476 tid 824552 thread 1 bound to OS proc set 5,53
OMP: Info #276: KMP_AFFINITY: Affinity capable, using global cpuid leaf 11 info
OMP: Info #156: KMP_AFFINITY: 4 available OS procs
OMP: Info #157: KMP_AFFINITY: Uniform topology
OMP: Info #191: KMP_AFFINITY: 1 socket x 2 cores/socket x 2 threads/core (2 total cores)
OMP: Info #215: KMP_AFFINITY: OS proc to physical thread map:
OMP: Info #171: KMP_AFFINITY: OS proc 4 maps to socket 0 core 4 thread 0 
OMP: Info #171: KMP_AFFINITY: OS proc 52 maps to socket 0 core 4 thread 1 
OMP: Info #171: KMP_AFFINITY: OS proc 5 maps to socket 0 core 5 thread 0 
OMP: Info #171: KMP_AFFINITY: OS proc 53 maps to socket 0 core 5 thread 1 
OMP: Info #276: KMP_AFFINITY: Affinity capable, using global cpuid leaf 11 info
OMP: Info #156: KMP_AFFINITY: 4 available OS procs
OMP: Info #157: KMP_AFFINITY: Uniform topology
OMP: Info #191: KMP_AFFINITY: 1 socket x 2 cores/socket x 2 threads/core (2 total cores)
OMP: Info #215: KMP_AFFINITY: OS proc to physical thread map:
OMP: Info #171: KMP_AFFINITY: OS proc 32 maps to socket 1 core 10 thread 0 
OMP: Info #171: KMP_AFFINITY: OS proc 80 maps to socket 1 core 10 thread 1 
OMP: Info #171: KMP_AFFINITY: OS proc 33 maps to socket 1 core 11 thread 0 
OMP: Info #171: KMP_AFFINITY: OS proc 81 maps to socket 1 core 11 thread 1 
OMP: Info #276: KMP_AFFINITY: Affinity capable, using global cpuid leaf 11 info
OMP: Info #156: KMP_AFFINITY: 4 available OS procs
OMP: Info #157: KMP_AFFINITY: Uniform topology
OMP: Info #191: KMP_AFFINITY: 1 socket x 2 cores/socket x 2 threads/core (2 total cores)
OMP: Info #215: KMP_AFFINITY: OS proc to physical thread map:
OMP: Info #171: KMP_AFFINITY: OS proc 26 maps to socket 1 core 2 thread 0 
OMP: Info #171: KMP_AFFINITY: OS proc 74 maps to socket 1 core 2 thread 1 
OMP: Info #171: KMP_AFFINITY: OS proc 27 maps to socket 1 core 3 thread 0 
OMP: Info #171: KMP_AFFINITY: OS proc 75 maps to socket 1 core 3 thread 1 
OMP: Info #154: KMP_AFFINITY: Initial OS proc set respected: 8,9,56,57
OMP: Info #213: KMP_AFFINITY: decoding x2APIC ids.
OMP: Info #276: KMP_AFFINITY: Affinity capable, using global cpuid leaf 11 info
OMP: Info #154: KMP_AFFINITY: Initial OS proc set respected: 32,33,80,81
OMP: Info #213: KMP_AFFINITY: decoding x2APIC ids.
OMP: Info #251: KMP_AFFINITY: pid 3003520 tid 3003520 thread 0 bound to OS proc set 4,52
OMP: Info #154: KMP_AFFINITY: Initial OS proc set respected: 0,1,48,49
OMP: Info #213: KMP_AFFINITY: decoding x2APIC ids.
OMP: Info #154: KMP_AFFINITY: Initial OS proc set respected: 24,25,72,73
OMP: Info #213: KMP_AFFINITY: decoding x2APIC ids.
OMP: Info #144: KMP_AFFINITY: Threads may migrate across 1 innermost levels of machine
OMP: Info #251: KMP_AFFINITY: pid 3003526 tid 3003526 thread 0 bound to OS proc set 28,76
OMP: Info #251: KMP_AFFINITY: pid 2137960 tid 2137960 thread 0 bound to OS proc set 4,52
OMP: Info #154: KMP_AFFINITY: Initial OS proc set respected: 26,27,74,75
OMP: Info #213: KMP_AFFINITY: decoding x2APIC ids.
OMP: Info #276: KMP_AFFINITY: Affinity capable, using global cpuid leaf 11 info
OMP: Info #156: KMP_AFFINITY: 4 available OS procs
OMP: Info #157: KMP_AFFINITY: Uniform topology
OMP: Info #191: KMP_AFFINITY: 1 socket x 2 cores/socket x 2 threads/core (2 total cores)
OMP: Info #215: KMP_AFFINITY: OS proc to physical thread map:
OMP: Info #171: KMP_AFFINITY: OS proc 26 maps to socket 1 core 2 thread 0 
OMP: Info #171: KMP_AFFINITY: OS proc 74 maps to socket 1 core 2 thread 1 
OMP: Info #171: KMP_AFFINITY: OS proc 27 maps to socket 1 core 3 thread 0 
OMP: Info #171: KMP_AFFINITY: OS proc 75 maps to socket 1 core 3 thread 1 
OMP: Info #144: KMP_AFFINITY: Threads may migrate across 1 innermost levels of machine
OMP: Info #251: KMP_AFFINITY: pid 2438843 tid 2438843 thread 0 bound to OS proc set 8,56
OMP: Info #144: KMP_AFFINITY: Threads may migrate across 1 innermost levels of machine
OMP: Info #251: KMP_AFFINITY: pid 3003528 tid 3003528 thread 0 bound to OS proc set 32,80
OMP: Info #251: KMP_AFFINITY: pid 2137963 tid 2137963 thread 0 bound to OS proc set 10,58
OMP: Info #154: KMP_AFFINITY: Initial OS proc set respected: 28,29,76,77
OMP: Info #213: KMP_AFFINITY: decoding x2APIC ids.
OMP: Info #276: KMP_AFFINITY: Affinity capable, using global cpuid leaf 11 info
OMP: Info #156: KMP_AFFINITY: 4 available OS procs
OMP: Info #157: KMP_AFFINITY: Uniform topology
OMP: Info #191: KMP_AFFINITY: 1 socket x 2 cores/socket x 2 threads/core (2 total cores)
OMP: Info #215: KMP_AFFINITY: OS proc to physical thread map:
OMP: Info #171: KMP_AFFINITY: OS proc 28 maps to socket 1 core 4 thread 0 
OMP: Info #171: KMP_AFFINITY: OS proc 76 maps to socket 1 core 4 thread 1 
OMP: Info #171: KMP_AFFINITY: OS proc 29 maps to socket 1 core 5 thread 0 
OMP: Info #171: KMP_AFFINITY: OS proc 77 maps to socket 1 core 5 thread 1 
OMP: Info #144: KMP_AFFINITY: Threads may migrate across 1 innermost levels of machine
OMP: Info #154: KMP_AFFINITY: Initial OS proc set respected: 24,25,72,73
OMP: Info #213: KMP_AFFINITY: decoding x2APIC ids.
OMP: Info #276: KMP_AFFINITY: Affinity capable, using global cpuid leaf 11 info
OMP: Info #156: KMP_AFFINITY: 4 available OS procs
OMP: Info #157: KMP_AFFINITY: Uniform topology
OMP: Info #191: KMP_AFFINITY: 1 socket x 2 cores/socket x 2 threads/core (2 total cores)
OMP: Info #215: KMP_AFFINITY: OS proc to physical thread map:
OMP: Info #171: KMP_AFFINITY: OS proc 10 maps to socket 0 core 12 thread 0 
OMP: Info #171: KMP_AFFINITY: OS proc 58 maps to socket 0 core 12 thread 1 
OMP: Info #171: KMP_AFFINITY: OS proc 11 maps to socket 0 core 13 thread 0 
OMP: Info #171: KMP_AFFINITY: OS proc 59 maps to socket 0 core 13 thread 1 
OMP: Info #144: KMP_AFFINITY: Threads may migrate across 1 innermost levels of machine
OMP: Info #251: KMP_AFFINITY: pid 2137965 tid 2137965 thread 0 bound to OS proc set 26,74
OMP: Info #171: KMP_AFFINITY: OS proc 34 maps to socket 1 core 12 thread 0 
OMP: Info #171: KMP_AFFINITY: OS proc 82 maps to socket 1 core 12 thread 1 
OMP: Info #171: KMP_AFFINITY: OS proc 35 maps to socket 1 core 13 thread 0 
OMP: Info #171: KMP_AFFINITY: OS proc 83 maps to socket 1 core 13 thread 1 
OMP: Info #144: KMP_AFFINITY: Threads may migrate across 1 innermost levels of machine
OMP: Info #251: KMP_AFFINITY: pid 824485 tid 824485 thread 0 bound to OS proc set 34,82
OMP: Info #154: KMP_AFFINITY: Initial OS proc set respected: 26,27,74,75
OMP: Info #213: KMP_AFFINITY: decoding x2APIC ids.
OMP: Info #276: KMP_AFFINITY: Affinity capable, using global cpuid leaf 11 info
OMP: Info #156: KMP_AFFINITY: 4 available OS procs
OMP: Info #157: KMP_AFFINITY: Uniform topology
OMP: Info #191: KMP_AFFINITY: 1 socket x 2 cores/socket x 2 threads/core (2 total cores)
OMP: Info #215: KMP_AFFINITY: OS proc to physical thread map:
OMP: Info #171: KMP_AFFINITY: OS proc 26 maps to socket 1 core 2 thread 0 
OMP: Info #171: KMP_AFFINITY: OS proc 74 maps to socket 1 core 2 thread 1 
OMP: Info #171: KMP_AFFINITY: OS proc 27 maps to socket 1 core 3 thread 0 
OMP: Info #171: KMP_AFFINITY: OS proc 75 maps to socket 1 core 3 thread 1 
OMP: Info #144: KMP_AFFINITY: Threads may migrate across 1 innermost levels of machine
OMP: Info #276: KMP_AFFINITY: Affinity capable, using global cpuid leaf 11 info
OMP: Info #156: KMP_AFFINITY: 4 available OS procs
OMP: Info #157: KMP_AFFINITY: Uniform topology
OMP: Info #191: KMP_AFFINITY: 1 socket x 2 cores/socket x 2 threads/core (2 total cores)
OMP: Info #215: KMP_AFFINITY: OS proc to physical thread map:
OMP: Info #171: KMP_AFFINITY: OS proc 30 maps to socket 1 core 8 thread 0 
OMP: Info #171: KMP_AFFINITY: OS proc 78 maps to socket 1 core 8 thread 1 
OMP: Info #171: KMP_AFFINITY: OS proc 31 maps to socket 1 core 9 thread 0 
OMP: Info #171: KMP_AFFINITY: OS proc 79 maps to socket 1 core 9 thread 1 
OMP: Info #144: KMP_AFFINITY: Threads may migrate across 1 innermost levels of machine
OMP: Info #251: KMP_AFFINITY: pid 2137967 tid 2137967 thread 0 bound to OS proc set 30,78
OMP: Info #251: KMP_AFFINITY: pid 824474 tid 824554 thread 1 bound to OS proc set 1,49
OMP: Info #154: KMP_AFFINITY: Initial OS proc set respected: 28,29,76,77
OMP: Info #213: KMP_AFFINITY: decoding x2APIC ids.
OMP: Info #276: KMP_AFFINITY: Affinity capable, using global cpuid leaf 11 info
OMP: Info #156: KMP_AFFINITY: 4 available OS procs
OMP: Info #157: KMP_AFFINITY: Uniform topology
OMP: Info #191: KMP_AFFINITY: 1 socket x 2 cores/socket x 2 threads/core (2 total cores)
OMP: Info #215: KMP_AFFINITY: OS proc to physical thread map:
OMP: Info #171: KMP_AFFINITY: OS proc 6 maps to socket 0 core 8 thread 0 
OMP: Info #171: KMP_AFFINITY: OS proc 54 maps to socket 0 core 8 thread 1 
OMP: Info #171: KMP_AFFINITY: OS proc 7 maps to socket 0 core 9 thread 0 
OMP: Info #171: KMP_AFFINITY: OS proc 55 maps to socket 0 core 9 thread 1 
OMP: Info #251: KMP_AFFINITY: pid 2137966 tid 2138039 thread 1 bound to OS proc set 29,77
OMP: Info #251: KMP_AFFINITY: pid 824475 tid 824556 thread 1 bound to OS proc set 3,51
OMP: Info #154: KMP_AFFINITY: Initial OS proc set respected: 30,31,78,79
OMP: Info #213: KMP_AFFINITY: decoding x2APIC ids.
OMP: Info #144: KMP_AFFINITY: Threads may migrate across 1 innermost levels of machine
OMP: Info #251: KMP_AFFINITY: pid 2137969 tid 2138040 thread 1 bound to OS proc set 35,83
OMP: Info #156: KMP_AFFINITY: 4 available OS procs
OMP: Info #157: KMP_AFFINITY: Uniform topology
OMP: Info #191: KMP_AFFINITY: 1 socket x 2 cores/socket x 2 threads/core (2 total cores)
OMP: Info #215: KMP_AFFINITY: OS proc to physical thread map:
OMP: Info #171: KMP_AFFINITY: OS proc 8 maps to socket 0 core 10 thread 0 
OMP: Info #171: KMP_AFFINITY: OS proc 56 maps to socket 0 core 10 thread 1 
OMP: Info #171: KMP_AFFINITY: OS proc 9 maps to socket 0 core 11 thread 0 
OMP: Info #171: KMP_AFFINITY: OS proc 57 maps to socket 0 core 11 thread 1 
OMP: Info #144: KMP_AFFINITY: Threads may migrate across 1 innermost levels of machine
OMP: Info #251: KMP_AFFINITY: pid 824478 tid 824478 thread 0 bound to OS proc set 8,56
OMP: Info #251: KMP_AFFINITY: pid 2438840 tid 2438914 thread 1 bound to OS proc set 3,51
OMP: Info #144: KMP_AFFINITY: Threads may migrate across 1 innermost levels of machine
OMP: Info #276: KMP_AFFINITY: Affinity capable, using global cpuid leaf 11 info
OMP: Info #156: KMP_AFFINITY: 4 available OS procs
OMP: Info #276: KMP_AFFINITY: Affinity capable, using global cpuid leaf 11 info
OMP: Info #156: KMP_AFFINITY: 4 available OS procs
OMP: Info #157: KMP_AFFINITY: Uniform topology
OMP: Info #191: KMP_AFFINITY: 1 socket x 2 cores/socket x 2 threads/core (2 total cores)
OMP: Info #215: KMP_AFFINITY: OS proc to physical thread map:
OMP: Info #171: KMP_AFFINITY: OS proc 24 maps to socket 1 core 0 thread 0 
OMP: Info #171: KMP_AFFINITY: OS proc 72 maps to socket 1 core 0 thread 1 
OMP: Info #171: KMP_AFFINITY: OS proc 25 maps to socket 1 core 1 thread 0 
OMP: Info #171: KMP_AFFINITY: OS proc 73 maps to socket 1 core 1 thread 1 
OMP: Info #144: KMP_AFFINITY: Threads may migrate across 1 innermost levels of machine
OMP: Info #251: KMP_AFFINITY: pid 2438841 tid 2438841 thread 0 bound to OS proc set 4,52
OMP: Info #251: KMP_AFFINITY: pid 3003523 tid 3003523 thread 0 bound to OS proc set 10,58
OMP: Info #251: KMP_AFFINITY: pid 2137960 tid 2138042 thread 1 bound to OS proc set 5,53
OMP: Info #144: KMP_AFFINITY: Threads may migrate across 1 innermost levels of machine
OMP: Info #251: KMP_AFFINITY: pid 824481 tid 824481 thread 0 bound to OS proc set 26,74
OMP: Info #251: KMP_AFFINITY: pid 2438843 tid 2438915 thread 1 bound to OS proc set 9,57
OMP: Info #251: KMP_AFFINITY: pid 3003525 tid 3003525 thread 0 bound to OS proc set 26,74
OMP: Info #251: KMP_AFFINITY: pid 2137963 tid 2138044 thread 1 bound to OS proc set 11,59
OMP: Info #251: KMP_AFFINITY: pid 824482 tid 824482 thread 0 bound to OS proc set 28,76
OMP: Info #251: KMP_AFFINITY: pid 2438841 tid 2438917 thread 1 bound to OS proc set 5,53
OMP: Info #251: KMP_AFFINITY: pid 3003527 tid 3003605 thread 1 bound to OS proc set 31,79
OMP: Info #157: KMP_AFFINITY: Uniform topology
OMP: Info #191: KMP_AFFINITY: 1 socket x 2 cores/socket x 2 threads/core (2 total cores)
OMP: Info #215: KMP_AFFINITY: OS proc to physical thread map:
OMP: Info #171: KMP_AFFINITY: OS proc 0 maps to socket 0 core 0 thread 0 
OMP: Info #171: KMP_AFFINITY: OS proc 48 maps to socket 0 core 0 thread 1 
OMP: Info #171: KMP_AFFINITY: OS proc 1 maps to socket 0 core 1 thread 0 
OMP: Info #171: KMP_AFFINITY: OS proc 49 maps to socket 0 core 1 thread 1 
OMP: Info #144: KMP_AFFINITY: Threads may migrate across 1 innermost levels of machine
OMP: Info #276: KMP_AFFINITY: Affinity capable, using global cpuid leaf 11 info
OMP: Info #156: KMP_AFFINITY: 4 available OS procs
OMP: Info #157: KMP_AFFINITY: Uniform topology
OMP: Info #191: KMP_AFFINITY: 1 socket x 2 cores/socket x 2 threads/core (2 total cores)
OMP: Info #215: KMP_AFFINITY: OS proc to physical thread map:
OMP: Info #171: KMP_AFFINITY: OS proc 30 maps to socket 1 core 8 thread 0 
OMP: Info #171: KMP_AFFINITY: OS proc 78 maps to socket 1 core 8 thread 1 
OMP: Info #171: KMP_AFFINITY: OS proc 31 maps to socket 1 core 9 thread 0 
OMP: Info #171: KMP_AFFINITY: OS proc 79 maps to socket 1 core 9 thread 1 
OMP: Info #144: KMP_AFFINITY: Threads may migrate across 1 innermost levels of machine
OMP: Info #251: KMP_AFFINITY: pid 824483 tid 824483 thread 0 bound to OS proc set 30,78
OMP: Info #276: KMP_AFFINITY: Affinity capable, using global cpuid leaf 11 info
OMP: Info #156: KMP_AFFINITY: 4 available OS procs
OMP: Info #157: KMP_AFFINITY: Uniform topology
OMP: Info #191: KMP_AFFINITY: 1 socket x 2 cores/socket x 2 threads/core (2 total cores)
OMP: Info #215: KMP_AFFINITY: OS proc to physical thread map:
OMP: Info #171: KMP_AFFINITY: OS proc 24 maps to socket 1 core 0 thread 0 
OMP: Info #171: KMP_AFFINITY: OS proc 72 maps to socket 1 core 0 thread 1 
OMP: Info #171: KMP_AFFINITY: OS proc 25 maps to socket 1 core 1 thread 0 
OMP: Info #171: KMP_AFFINITY: OS proc 73 maps to socket 1 core 1 thread 1 
OMP: Info #251: KMP_AFFINITY: pid 3003520 tid 3003607 thread 1 bound to OS proc set 5,53
OMP: Info #251: KMP_AFFINITY: pid 2137965 tid 2138047 thread 1 bound to OS proc set 27,75
OMP: Info #276: KMP_AFFINITY: Affinity capable, using global cpuid leaf 11 info
OMP: Info #156: KMP_AFFINITY: 4 available OS procs
OMP: Info #157: KMP_AFFINITY: Uniform topology
OMP: Info #191: KMP_AFFINITY: 1 socket x 2 cores/socket x 2 threads/core (2 total cores)
OMP: Info #215: KMP_AFFINITY: OS proc to physical thread map:
OMP: Info #171: KMP_AFFINITY: OS proc 32 maps to socket 1 core 10 thread 0 
OMP: Info #171: KMP_AFFINITY: OS proc 80 maps to socket 1 core 10 thread 1 
OMP: Info #171: KMP_AFFINITY: OS proc 33 maps to socket 1 core 11 thread 0 
OMP: Info #171: KMP_AFFINITY: OS proc 81 maps to socket 1 core 11 thread 1 
OMP: Info #144: KMP_AFFINITY: Threads may migrate across 1 innermost levels of machine
OMP: Info #251: KMP_AFFINITY: pid 824484 tid 824484 thread 0 bound to OS proc set 32,80
OMP: Info #276: KMP_AFFINITY: Affinity capable, using global cpuid leaf 11 info
OMP: Info #156: KMP_AFFINITY: 4 available OS procs
OMP: Info #157: KMP_AFFINITY: Uniform topology
OMP: Info #191: KMP_AFFINITY: 1 socket x 2 cores/socket x 2 threads/core (2 total cores)
OMP: Info #215: KMP_AFFINITY: OS proc to physical thread map:
OMP: Info #171: KMP_AFFINITY: OS proc 26 maps to socket 1 core 2 thread 0 
OMP: Info #171: KMP_AFFINITY: OS proc 74 maps to socket 1 core 2 thread 1 
OMP: Info #171: KMP_AFFINITY: OS proc 27 maps to socket 1 core 3 thread 0 
OMP: Info #171: KMP_AFFINITY: OS proc 75 maps to socket 1 core 3 thread 1 
OMP: Info #144: KMP_AFFINITY: Threads may migrate across 1 innermost levels of machine
OMP: Info #251: KMP_AFFINITY: pid 3003521 tid 3003521 thread 0 bound to OS proc set 6,54
OMP: Info #251: KMP_AFFINITY: pid 2137966 tid 2138041 thread 2 bound to OS proc set 28,76
OMP: Info #251: KMP_AFFINITY: pid 824476 tid 824553 thread 2 bound to OS proc set 4,52
OMP: Info #276: KMP_AFFINITY: Affinity capable, using global cpuid leaf 11 info
OMP: Info #156: KMP_AFFINITY: 4 available OS procs
OMP: Info #157: KMP_AFFINITY: Uniform topology
OMP: Info #191: KMP_AFFINITY: 1 socket x 2 cores/socket x 2 threads/core (2 total cores)
OMP: Info #215: KMP_AFFINITY: OS proc to physical thread map:
OMP: Info #171: KMP_AFFINITY: OS proc 28 maps to socket 1 core 4 thread 0 
OMP: Info #171: KMP_AFFINITY: OS proc 76 maps to socket 1 core 4 thread 1 
OMP: Info #171: KMP_AFFINITY: OS proc 29 maps to socket 1 core 5 thread 0 
OMP: Info #171: KMP_AFFINITY: OS proc 77 maps to socket 1 core 5 thread 1 
OMP: Info #144: KMP_AFFINITY: Threads may migrate across 1 innermost levels of machine
OMP: Info #251: KMP_AFFINITY: pid 3003526 tid 3003606 thread 1 bound to OS proc set 29,77
OMP: Info #251: KMP_AFFINITY: pid 2137969 tid 2138043 thread 2 bound to OS proc set 34,82
OMP: Info #251: KMP_AFFINITY: pid 824480 tid 824480 thread 0 bound to OS proc set 24,72
OMP: Info #276: KMP_AFFINITY: Affinity capable, using global cpuid leaf 11 info
OMP: Info #156: KMP_AFFINITY: 4 available OS procs
OMP: Info #157: KMP_AFFINITY: Uniform topology
OMP: Info #191: KMP_AFFINITY: 1 socket x 2 cores/socket x 2 threads/core (2 total cores)
OMP: Info #215: KMP_AFFINITY: OS proc to physical thread map:
OMP: Info #171: KMP_AFFINITY: OS proc 32 maps to socket 1 core 10 thread 0 
OMP: Info #171: KMP_AFFINITY: OS proc 80 maps to socket 1 core 10 thread 1 
OMP: Info #171: KMP_AFFINITY: OS proc 33 maps to socket 1 core 11 thread 0 
OMP: Info #171: KMP_AFFINITY: OS proc 81 maps to socket 1 core 11 thread 1 
OMP: Info #144: KMP_AFFINITY: Threads may migrate across 1 innermost levels of machine
OMP: Info #251: KMP_AFFINITY: pid 2438849 tid 2438849 thread 0 bound to OS proc set 32,80
OMP: Info #251: KMP_AFFINITY: pid 3003528 tid 3003608 thread 1 bound to OS proc set 33,81
OMP: Info #251: KMP_AFFINITY: pid 2137958 tid 2137958 thread 0 bound to OS proc set 0,48
OMP: Info #251: KMP_AFFINITY: pid 824485 tid 824557 thread 1 bound to OS proc set 35,83
OMP: Info #144: KMP_AFFINITY: Threads may migrate across 1 innermost levels of machine
OMP: Info #251: KMP_AFFINITY: pid 2438845 tid 2438845 thread 0 bound to OS proc set 24,72
OMP: Info #251: KMP_AFFINITY: pid 3003521 tid 3003615 thread 1 bound to OS proc set 7,55
OMP: Info #251: KMP_AFFINITY: pid 2137967 tid 2138048 thread 1 bound to OS proc set 31,79
OMP: Info #251: KMP_AFFINITY: pid 824476 tid 824565 thread 3 bound to OS proc set 5,53
OMP: Info #251: KMP_AFFINITY: pid 2438846 tid 2438846 thread 0 bound to OS proc set 26,74
OMP: Info #251: KMP_AFFINITY: pid 3003523 tid 3003613 thread 1 bound to OS proc set 11,59
OMP: Info #251: KMP_AFFINITY: pid 2137960 tid 2138045 thread 2 bound to OS proc set 4,52
OMP: Info #251: KMP_AFFINITY: pid 824478 tid 824564 thread 1 bound to OS proc set 9,57
OMP: Info #251: KMP_AFFINITY: pid 2438847 tid 2438847 thread 0 bound to OS proc set 28,76
OMP: Info #251: KMP_AFFINITY: pid 3003525 tid 3003611 thread 1 bound to OS proc set 27,75
OMP: Info #251: KMP_AFFINITY: pid 2137966 tid 2138050 thread 3 bound to OS proc set 29,77
OMP: Info #251: KMP_AFFINITY: pid 824481 tid 824561 thread 1 bound to OS proc set 27,75
OMP: Info #276: KMP_AFFINITY: Affinity capable, using global cpuid leaf 11 info
OMP: Info #156: KMP_AFFINITY: 4 available OS procs
OMP: Info #157: KMP_AFFINITY: Uniform topology
OMP: Info #191: KMP_AFFINITY: 1 socket x 2 cores/socket x 2 threads/core (2 total cores)
OMP: Info #215: KMP_AFFINITY: OS proc to physical thread map:
OMP: Info #171: KMP_AFFINITY: OS proc 30 maps to socket 1 core 8 thread 0 
OMP: Info #171: KMP_AFFINITY: OS proc 78 maps to socket 1 core 8 thread 1 
OMP: Info #171: KMP_AFFINITY: OS proc 31 maps to socket 1 core 9 thread 0 
OMP: Info #171: KMP_AFFINITY: OS proc 79 maps to socket 1 core 9 thread 1 
OMP: Info #144: KMP_AFFINITY: Threads may migrate across 1 innermost levels of machine
OMP: Info #251: KMP_AFFINITY: pid 2438848 tid 2438848 thread 0 bound to OS proc set 30,78
OMP: Info #251: KMP_AFFINITY: pid 3003526 tid 3003612 thread 2 bound to OS proc set 28,76
OMP: Info #251: KMP_AFFINITY: pid 2137969 tid 2138051 thread 3 bound to OS proc set 35,83
OMP: Info #251: KMP_AFFINITY: pid 824482 tid 824562 thread 1 bound to OS proc set 29,77
OMP: Info #251: KMP_AFFINITY: pid 2438840 tid 2438916 thread 2 bound to OS proc set 2,50
OMP: Info #251: KMP_AFFINITY: pid 2438840 tid 2438920 thread 3 bound to OS proc set 3,51
OMP: Info #251: KMP_AFFINITY: pid 3003527 tid 3003609 thread 2 bound to OS proc set 30,78
OMP: Info #251: KMP_AFFINITY: pid 3003527 tid 3003618 thread 3 bound to OS proc set 31,79
OMP: Info #251: KMP_AFFINITY: pid 2137958 tid 2138054 thread 1 bound to OS proc set 1,49
OMP: Info #251: KMP_AFFINITY: pid 824483 tid 824559 thread 1 bound to OS proc set 31,79
OMP: Info #251: KMP_AFFINITY: pid 2438843 tid 2438918 thread 2 bound to OS proc set 8,56
OMP: Info #251: KMP_AFFINITY: pid 2438843 tid 2438922 thread 3 bound to OS proc set 9,57
OMP: Info #251: KMP_AFFINITY: pid 3003520 tid 3003610 thread 2 bound to OS proc set 4,52
OMP: Info #251: KMP_AFFINITY: pid 2137963 tid 2138046 thread 2 bound to OS proc set 10,58
OMP: Info #251: KMP_AFFINITY: pid 824484 tid 824563 thread 1 bound to OS proc set 33,81
OMP: Info #251: KMP_AFFINITY: pid 824484 tid 824569 thread 2 bound to OS proc set 32,80
OMP: Info #251: KMP_AFFINITY: pid 2438841 tid 2438919 thread 2 bound to OS proc set 4,52
OMP: Info #251: KMP_AFFINITY: pid 3003521 tid 3003619 thread 2 bound to OS proc set 6,54
OMP: Info #251: KMP_AFFINITY: pid 2137965 tid 2138049 thread 2 bound to OS proc set 26,74
OMP: Info #251: KMP_AFFINITY: pid 824474 tid 824555 thread 2 bound to OS proc set 0,48
OMP: Info #251: KMP_AFFINITY: pid 824474 tid 824567 thread 3 bound to OS proc set 1,49
OMP: Info #251: KMP_AFFINITY: pid 2438841 tid 2438927 thread 3 bound to OS proc set 5,53
OMP: Info #251: KMP_AFFINITY: pid 3003528 tid 3003614 thread 2 bound to OS proc set 32,80
OMP: Info #251: KMP_AFFINITY: pid 3003528 tid 3003620 thread 3 bound to OS proc set 33,81
OMP: Info #251: KMP_AFFINITY: pid 2137960 tid 2138053 thread 3 bound to OS proc set 5,53
OMP: Info #251: KMP_AFFINITY: pid 824475 tid 824558 thread 2 bound to OS proc set 2,50
OMP: Info #251: KMP_AFFINITY: pid 824475 tid 824575 thread 3 bound to OS proc set 3,51
OMP: Info #154: KMP_AFFINITY: Initial OS proc set respected: 6,7,54,55
OMP: Info #213: KMP_AFFINITY: decoding x2APIC ids.
OMP: Info #251: KMP_AFFINITY: pid 3003523 tid 3003616 thread 2 bound to OS proc set 10,58
OMP: Info #251: KMP_AFFINITY: pid 2137963 tid 2138055 thread 3 bound to OS proc set 11,59
OMP: Info #251: KMP_AFFINITY: pid 824480 tid 824568 thread 1 bound to OS proc set 25,73
OMP: Info #251: KMP_AFFINITY: pid 2438845 tid 2438924 thread 1 bound to OS proc set 25,73
OMP: Info #251: KMP_AFFINITY: pid 2438845 tid 2438930 thread 2 bound to OS proc set 24,72
OMP: Info #251: KMP_AFFINITY: pid 3003520 tid 3003621 thread 3 bound to OS proc set 5,53
OMP: Info #251: KMP_AFFINITY: pid 2137965 tid 2138056 thread 3 bound to OS proc set 27,75
OMP: Info #251: KMP_AFFINITY: pid 824482 tid 824570 thread 2 bound to OS proc set 28,76
OMP: Info #251: KMP_AFFINITY: pid 2438846 tid 2438925 thread 1 bound to OS proc set 27,75
OMP: Info #251: KMP_AFFINITY: pid 3003523 tid 3003622 thread 3 bound to OS proc set 11,59
OMP: Info #251: KMP_AFFINITY: pid 2137967 tid 2138052 thread 2 bound to OS proc set 30,78
OMP: Info #251: KMP_AFFINITY: pid 2137967 tid 2138058 thread 3 bound to OS proc set 31,79
OMP: Info #251: KMP_AFFINITY: pid 824483 tid 824572 thread 2 bound to OS proc set 30,78
OMP: Info #251: KMP_AFFINITY: pid 2438847 tid 2438923 thread 1 bound to OS proc set 29,77
OMP: Info #251: KMP_AFFINITY: pid 2438847 tid 2438929 thread 2 bound to OS proc set 28,76
OMP: Info #251: KMP_AFFINITY: pid 2438847 tid 2438934 thread 3 bound to OS proc set 29,77
OMP: Info #251: KMP_AFFINITY: pid 3003521 tid 3003623 thread 3 bound to OS proc set 7,55
OMP: Info #251: KMP_AFFINITY: pid 2137958 tid 2138057 thread 2 bound to OS proc set 0,48
OMP: Info #251: KMP_AFFINITY: pid 824485 tid 824560 thread 2 bound to OS proc set 34,82
OMP: Info #251: KMP_AFFINITY: pid 824485 tid 824573 thread 3 bound to OS proc set 35,83
OMP: Info #251: KMP_AFFINITY: pid 2438848 tid 2438926 thread 1 bound to OS proc set 31,79
OMP: Info #251: KMP_AFFINITY: pid 2438848 tid 2438932 thread 2 bound to OS proc set 30,78
OMP: Info #251: KMP_AFFINITY: pid 3003526 tid 3003624 thread 3 bound to OS proc set 29,77
OMP: Info #251: KMP_AFFINITY: pid 2137958 tid 2138059 thread 3 bound to OS proc set 1,49
OMP: Info #251: KMP_AFFINITY: pid 824478 tid 824566 thread 2 bound to OS proc set 8,56
OMP: Info #251: KMP_AFFINITY: pid 824478 tid 824578 thread 3 bound to OS proc set 9,57
OMP: Info #251: KMP_AFFINITY: pid 2438849 tid 2438921 thread 1 bound to OS proc set 33,81
OMP: Info #251: KMP_AFFINITY: pid 2438849 tid 2438928 thread 2 bound to OS proc set 32,80
OMP: Info #251: KMP_AFFINITY: pid 2438849 tid 2438933 thread 3 bound to OS proc set 33,81
OMP: Info #251: KMP_AFFINITY: pid 3003525 tid 3003617 thread 2 bound to OS proc set 26,74
OMP: Info #251: KMP_AFFINITY: pid 824480 tid 824574 thread 2 bound to OS proc set 24,72
OMP: Info #251: KMP_AFFINITY: pid 824480 tid 824579 thread 3 bound to OS proc set 25,73
OMP: Info #276: KMP_AFFINITY: Affinity capable, using global cpuid leaf 11 info
OMP: Info #156: KMP_AFFINITY: 4 available OS procs
OMP: Info #157: KMP_AFFINITY: Uniform topology
OMP: Info #191: KMP_AFFINITY: 1 socket x 2 cores/socket x 2 threads/core (2 total cores)
OMP: Info #215: KMP_AFFINITY: OS proc to physical thread map:
OMP: Info #171: KMP_AFFINITY: OS proc 6 maps to socket 0 core 8 thread 0 
OMP: Info #171: KMP_AFFINITY: OS proc 54 maps to socket 0 core 8 thread 1 
OMP: Info #171: KMP_AFFINITY: OS proc 7 maps to socket 0 core 9 thread 0 
OMP: Info #171: KMP_AFFINITY: OS proc 55 maps to socket 0 core 9 thread 1 
OMP: Info #144: KMP_AFFINITY: Threads may migrate across 1 innermost levels of machine
OMP: Info #251: KMP_AFFINITY: pid 3003525 tid 3003625 thread 3 bound to OS proc set 27,75
OMP: Info #251: KMP_AFFINITY: pid 824482 tid 824576 thread 3 bound to OS proc set 29,77
OMP: Info #251: KMP_AFFINITY: pid 2438845 tid 2438936 thread 3 bound to OS proc set 25,73
OMP: Info #251: KMP_AFFINITY: pid 824484 tid 824577 thread 3 bound to OS proc set 33,81
OMP: Info #251: KMP_AFFINITY: pid 2438848 tid 2438935 thread 3 bound to OS proc set 31,79
OMP: Info #251: KMP_AFFINITY: pid 824481 tid 824571 thread 2 bound to OS proc set 26,74
OMP: Info #251: KMP_AFFINITY: pid 824481 tid 824580 thread 3 bound to OS proc set 27,75
OMP: Info #251: KMP_AFFINITY: pid 2438842 tid 2438842 thread 0 bound to OS proc set 6,54
OMP: Info #251: KMP_AFFINITY: pid 824483 tid 824581 thread 3 bound to OS proc set 31,79
OMP: Info #251: KMP_AFFINITY: pid 2438842 tid 2438937 thread 1 bound to OS proc set 7,55
OMP: Info #251: KMP_AFFINITY: pid 2438842 tid 2438938 thread 2 bound to OS proc set 6,54
OMP: Info #251: KMP_AFFINITY: pid 2438842 tid 2438939 thread 3 bound to OS proc set 7,55
OMP: Info #251: KMP_AFFINITY: pid 2438846 tid 2438931 thread 2 bound to OS proc set 26,74
OMP: Info #251: KMP_AFFINITY: pid 2438846 tid 2438940 thread 3 bound to OS proc set 27,75
OMP: Info #154: KMP_AFFINITY: Initial OS proc set respected: 8,9,56,57
OMP: Info #213: KMP_AFFINITY: decoding x2APIC ids.
OMP: Info #154: KMP_AFFINITY: Initial OS proc set respected: 6,7,54,55
OMP: Info #213: KMP_AFFINITY: decoding x2APIC ids.
OMP: Info #276: KMP_AFFINITY: Affinity capable, using global cpuid leaf 11 info
OMP: Info #156: KMP_AFFINITY: 4 available OS procs
OMP: Info #157: KMP_AFFINITY: Uniform topology
OMP: Info #276: KMP_AFFINITY: Affinity capable, using global cpuid leaf 11 info
OMP: Info #156: KMP_AFFINITY: 4 available OS procs
OMP: Info #157: KMP_AFFINITY: Uniform topology
OMP: Info #191: KMP_AFFINITY: 1 socket x 2 cores/socket x 2 threads/core (2 total cores)
OMP: Info #215: KMP_AFFINITY: OS proc to physical thread map:
OMP: Info #191: KMP_AFFINITY: 1 socket x 2 cores/socket x 2 threads/core (2 total cores)
OMP: Info #215: KMP_AFFINITY: OS proc to physical thread map:
OMP: Info #171: KMP_AFFINITY: OS proc 8 maps to socket 0 core 10 thread 0 
OMP: Info #171: KMP_AFFINITY: OS proc 56 maps to socket 0 core 10 thread 1 
OMP: Info #171: KMP_AFFINITY: OS proc 9 maps to socket 0 core 11 thread 0 
OMP: Info #171: KMP_AFFINITY: OS proc 57 maps to socket 0 core 11 thread 1 
OMP: Info #171: KMP_AFFINITY: OS proc 6 maps to socket 0 core 8 thread 0 
OMP: Info #171: KMP_AFFINITY: OS proc 54 maps to socket 0 core 8 thread 1 
OMP: Info #171: KMP_AFFINITY: OS proc 7 maps to socket 0 core 9 thread 0 
OMP: Info #171: KMP_AFFINITY: OS proc 55 maps to socket 0 core 9 thread 1 
OMP: Info #144: KMP_AFFINITY: Threads may migrate across 1 innermost levels of machine
OMP: Info #144: KMP_AFFINITY: Threads may migrate across 1 innermost levels of machine
OMP: Info #251: KMP_AFFINITY: pid 2137961 tid 2137961 thread 0 bound to OS proc set 6,54
OMP: Info #251: KMP_AFFINITY: pid 2137962 tid 2137962 thread 0 bound to OS proc set 8,56
OMP: Info #251: KMP_AFFINITY: pid 2137962 tid 2138060 thread 1 bound to OS proc set 9,57

Num-X: 6 ; Num-Y: 8 ; Resolution: 6500 ; Rank: 0 ; Rank-X: 0 ; Rank-Y: 0 ; Rowstart: 0; Rowend: 814; Rows: 814; Colstart: 0; Colend: 1085; Cols: 1085;
Num-X: 6 ; Num-Y: 8 ; Resolution: 6500 ; Rank: 1 ; Rank-X: 1 ; Rank-Y: 0 ; Rowstart: 0; Rowend: 814; Rows: 814; Colstart: 1084; Colend: 2169; Cols: 1085;OMP: Info #251: KMP_AFFINITY: pid 2137961 tid 2138061 thread 1 bound to OS proc set 7,55

Num-X: 6 ; Num-Y: 8 ; Resolution: 6500 ; Rank: 11 ; Rank-X: 5 ; Rank-Y: 1 ; Rowstart: 813; Rowend: 1627; Rows: 814; Colstart: 5420; Colend: 6501; Cols: 1081;OMP: Info #251: KMP_AFFINITY: pid 2137962 tid 2138062 thread 2 bound to OS proc set 8,56
OMP: Info #251: KMP_AFFINITY: pid 2137961 tid 2138063 thread 2 bound to OS proc set 6,54

Num-X: 6 ; Num-Y: 8 ; Resolution: 6500 ; Rank: 30 ; Rank-X: 0 ; Rank-Y: 5 ; Rowstart: 4065; Rowend: 4879; Rows: 814; Colstart: 0; Colend: 1085; Cols: 1085;OMP: Info #251: KMP_AFFINITY: pid 2137961 tid 2138065 thread 3 bound to OS proc set 7,55
OMP: Info #251: KMP_AFFINITY: pid 2137962 tid 2138064 thread 3 bound to OS proc set 9,57

Num-X: 6 ; Num-Y: 8 ; Resolution: 6500 ; Rank: 4 ; Rank-X: 4 ; Rank-Y: 0 ; Rowstart: 0; Rowend: 814; Rows: 814; Colstart: 4336; Colend: 5421; Cols: 1085;
Num-X: 6 ; Num-Y: 8 ; Resolution: 6500 ; Rank: 25 ; Rank-X: 1 ; Rank-Y: 4 ; Rowstart: 3252; Rowend: 4066; Rows: 814; Colstart: 1084; Colend: 2169; Cols: 1085;
Num-X: 6 ; Num-Y: 8 ; Resolution: 6500 ; Rank: 6 ; Rank-X: 0 ; Rank-Y: 1 ; Rowstart: 813; Rowend: 1627; Rows: 814; Colstart: 0; Colend: 1085; Cols: 1085;
Num-X: 6 ; Num-Y: 8 ; Resolution: 6500 ; Rank: 34 ; Rank-X: 4 ; Rank-Y: 5 ; Rowstart: 4065; Rowend: 4879; Rows: 814; Colstart: 4336; Colend: 5421; Cols: 1085;
Num-X: 6 ; Num-Y: 8 ; Resolution: 6500 ; Rank: 36 ; Rank-X: 0 ; Rank-Y: 6 ; Rowstart: 4878; Rowend: 5692; Rows: 814; Colstart: 0; Colend: 1085; Cols: 1085;
Num-X: 6 ; Num-Y: 8 ; Resolution: 6500 ; Rank: 15 ; Rank-X: 3 ; Rank-Y: 2 ; Rowstart: 1626; Rowend: 2440; Rows: 814; Colstart: 3252; Colend: 4337; Cols: 1085;
Num-X: 6 ; Num-Y: 8 ; Resolution: 6500 ; Rank: 17 ; Rank-X: 5 ; Rank-Y: 2 ; Rowstart: 1626; Rowend: 2440; Rows: 814; Colstart: 5420; Colend: 6501; Cols: 1081;
Num-X: 6 ; Num-Y: 8 ; Resolution: 6500 ; Rank: 9 ; Rank-X: 3 ; Rank-Y: 1 ; Rowstart: 813; Rowend: 1627; Rows: 814; Colstart: 3252; Colend: 4337; Cols: 1085;
Num-X: 6 ; Num-Y: 8 ; Resolution: 6500 ; Rank: 10 ; Rank-X: 4 ; Rank-Y: 1 ; Rowstart: 813; Rowend: 1627; Rows: 814; Colstart: 4336; Colend: 5421; Cols: 1085;
Num-X: 6 ; Num-Y: 8 ; Resolution: 6500 ; Rank: 16 ; Rank-X: 4 ; Rank-Y: 2 ; Rowstart: 1626; Rowend: 2440; Rows: 814; Colstart: 4336; Colend: 5421; Cols: 1085;
Num-X: 6 ; Num-Y: 8 ; Resolution: 6500 ; Rank: 2 ; Rank-X: 2 ; Rank-Y: 0 ; Rowstart: 0; Rowend: 814; Rows: 814; Colstart: 2168; Colend: 3253; Cols: 1085;
Num-X: 6 ; Num-Y: 8 ; Resolution: 6500 ; Rank: 35 ; Rank-X: 5 ; Rank-Y: 5 ; Rowstart: 4065; Rowend: 4879; Rows: 814; Colstart: 5420; Colend: 6501; Cols: 1081;
Num-X: 6 ; Num-Y: 8 ; Resolution: 6500 ; Rank: 31 ; Rank-X: 1 ; Rank-Y: 5 ; Rowstart: 4065; Rowend: 4879; Rows: 814; Colstart: 1084; Colend: 2169; Cols: 1085;
Num-X: 6 ; Num-Y: 8 ; Resolution: 6500 ; Rank: 40 ; Rank-X: 4 ; Rank-Y: 6 ; Rowstart: 4878; Rowend: 5692; Rows: 814; Colstart: 4336; Colend: 5421; Cols: 1085;
Num-X: 6 ; Num-Y: 8 ; Resolution: 6500 ; Rank: 3 ; Rank-X: 3 ; Rank-Y: 0 ; Rowstart: 0; Rowend: 814; Rows: 814; Colstart: 3252; Colend: 4337; Cols: 1085;
Num-X: 6 ; Num-Y: 8 ; Resolution: 6500 ; Rank: 45 ; Rank-X: 3 ; Rank-Y: 7 ; Rowstart: 5691; Rowend: 6501; Rows: 810; Colstart: 3252; Colend: 4337; Cols: 1085;
Num-X: 6 ; Num-Y: 8 ; Resolution: 6500 ; Rank: 24 ; Rank-X: 0 ; Rank-Y: 4 ; Rowstart: 3252; Rowend: 4066; Rows: 814; Colstart: 0; Colend: 1085; Cols: 1085;
Num-X: 6 ; Num-Y: 8 ; Resolution: 6500 ; Rank: 38 ; Rank-X: 2 ; Rank-Y: 6 ; Rowstart: 4878; Rowend: 5692; Rows: 814; Colstart: 2168; Colend: 3253; Cols: 1085;
Num-X: 6 ; Num-Y: 8 ; Resolution: 6500 ; Rank: 32 ; Rank-X: 2 ; Rank-Y: 5 ; Rowstart: 4065; Rowend: 4879; Rows: 814; Colstart: 2168; Colend: 3253; Cols: 1085;
Num-X: 6 ; Num-Y: 8 ; Resolution: 6500 ; Rank: 26 ; Rank-X: 2 ; Rank-Y: 4 ; Rowstart: 3252; Rowend: 4066; Rows: 814; Colstart: 2168; Colend: 3253; Cols: 1085;
Num-X: 6 ; Num-Y: 8 ; Resolution: 6500 ; Rank: 13 ; Rank-X: 1 ; Rank-Y: 2 ; Rowstart: 1626; Rowend: 2440; Rows: 814; Colstart: 1084; Colend: 2169; Cols: 1085;
Num-X: 6 ; Num-Y: 8 ; Resolution: 6500 ; Rank: 8 ; Rank-X: 2 ; Rank-Y: 1 ; Rowstart: 813; Rowend: 1627; Rows: 814; Colstart: 2168; Colend: 3253; Cols: 1085;
Num-X: 6 ; Num-Y: 8 ; Resolution: 6500 ; Rank: 29 ; Rank-X: 5 ; Rank-Y: 4 ; Rowstart: 3252; Rowend: 4066; Rows: 814; Colstart: 5420; Colend: 6501; Cols: 1081;
Num-X: 6 ; Num-Y: 8 ; Resolution: 6500 ; Rank: 18 ; Rank-X: 0 ; Rank-Y: 3 ; Rowstart: 2439; Rowend: 3253; Rows: 814; Colstart: 0; Colend: 1085; Cols: 1085;
Num-X: 6 ; Num-Y: 8 ; Resolution: 6500 ; Rank: 39 ; Rank-X: 3 ; Rank-Y: 6 ; Rowstart: 4878; Rowend: 5692; Rows: 814; Colstart: 3252; Colend: 4337; Cols: 1085;
Num-X: 6 ; Num-Y: 8 ; Resolution: 6500 ; Rank: 22 ; Rank-X: 4 ; Rank-Y: 3 ; Rowstart: 2439; Rowend: 3253; Rows: 814; Colstart: 4336; Colend: 5421; Cols: 1085;
Num-X: 6 ; Num-Y: 8 ; Resolution: 6500 ; Rank: 20 ; Rank-X: 2 ; Rank-Y: 3 ; Rowstart: 2439; Rowend: 3253; Rows: 814; Colstart: 2168; Colend: 3253; Cols: 1085;
Num-X: 6 ; Num-Y: 8 ; Resolution: 6500 ; Rank: 37 ; Rank-X: 1 ; Rank-Y: 6 ; Rowstart: 4878; Rowend: 5692; Rows: 814; Colstart: 1084; Colend: 2169; Cols: 1085;
Num-X: 6 ; Num-Y: 8 ; Resolution: 6500 ; Rank: 5 ; Rank-X: 5 ; Rank-Y: 0 ; Rowstart: 0; Rowend: 814; Rows: 814; Colstart: 5420; Colend: 6501; Cols: 1081;OMP: Info #154: KMP_AFFINITY: Initial OS proc set respected: 34,35,82,83
OMP: Info #213: KMP_AFFINITY: decoding x2APIC ids.

Num-X: 6 ; Num-Y: 8 ; Resolution: 6500 ; Rank: 23 ; Rank-X: 5 ; Rank-Y: 3 ; Rowstart: 2439; Rowend: 3253; Rows: 814; Colstart: 5420; Colend: 6501; Cols: 1081;OMP: Info #154: KMP_AFFINITY: Initial OS proc set respected: 10,11,58,59
OMP: Info #213: KMP_AFFINITY: decoding x2APIC ids.

Num-X: 6 ; Num-Y: 8 ; Resolution: 6500 ; Rank: 43 ; Rank-X: 1 ; Rank-Y: 7 ; Rowstart: 5691; Rowend: 6501; Rows: 810; Colstart: 1084; Colend: 2169; Cols: 1085;
Num-X: 6 ; Num-Y: 8 ; Resolution: 6500 ; Rank: 44 ; Rank-X: 2 ; Rank-Y: 7 ; Rowstart: 5691; Rowend: 6501; Rows: 810; Colstart: 2168; Colend: 3253; Cols: 1085;
Num-X: 6 ; Num-Y: 8 ; Resolution: 6500 ; Rank: 46 ; Rank-X: 4 ; Rank-Y: 7 ; Rowstart: 5691; Rowend: 6501; Rows: 810; Colstart: 4336; Colend: 5421; Cols: 1085;
Num-X: 6 ; Num-Y: 8 ; Resolution: 6500 ; Rank: 7 ; Rank-X: 1 ; Rank-Y: 1 ; Rowstart: 813; Rowend: 1627; Rows: 814; Colstart: 1084; Colend: 2169; Cols: 1085;
Num-X: 6 ; Num-Y: 8 ; Resolution: 6500 ; Rank: 14 ; Rank-X: 2 ; Rank-Y: 2 ; Rowstart: 1626; Rowend: 2440; Rows: 814; Colstart: 2168; Colend: 3253; Cols: 1085;OMP: Info #276: KMP_AFFINITY: Affinity capable, using global cpuid leaf 11 info
OMP: Info #156: KMP_AFFINITY: 4 available OS procs
OMP: Info #157: KMP_AFFINITY: Uniform topology

Num-X: 6 ; Num-Y: 8 ; Resolution: 6500 ; Rank: 33 ; Rank-X: 3 ; Rank-Y: 5 ; Rowstart: 4065; Rowend: 4879; Rows: 814; Colstart: 3252; Colend: 4337; Cols: 1085;
Num-X: 6 ; Num-Y: 8 ; Resolution: 6500 ; Rank: 12 ; Rank-X: 0 ; Rank-Y: 2 ; Rowstart: 1626; Rowend: 2440; Rows: 814; Colstart: 0; Colend: 1085; Cols: 1085;OMP: Info #191: KMP_AFFINITY: 1 socket x 2 cores/socket x 2 threads/core (2 total cores)
OMP: Info #215: KMP_AFFINITY: OS proc to physical thread map:
OMP: Info #171: KMP_AFFINITY: OS proc 10 maps to socket 0 core 12 thread 0 
OMP: Info #171: KMP_AFFINITY: OS proc 58 maps to socket 0 core 12 thread 1 
OMP: Info #171: KMP_AFFINITY: OS proc 11 maps to socket 0 core 13 thread 0 
OMP: Info #171: KMP_AFFINITY: OS proc 59 maps to socket 0 core 13 thread 1 
OMP: Info #276: KMP_AFFINITY: Affinity capable, using global cpuid leaf 11 info
OMP: Info #156: KMP_AFFINITY: 4 available OS procs
OMP: Info #157: KMP_AFFINITY: Uniform topology
OMP: Info #191: KMP_AFFINITY: 1 socket x 2 cores/socket x 2 threads/core (2 total cores)
OMP: Info #215: KMP_AFFINITY: OS proc to physical thread map:
OMP: Info #171: KMP_AFFINITY: OS proc 34 maps to socket 1 core 12 thread 0 
OMP: Info #171: KMP_AFFINITY: OS proc 82 maps to socket 1 core 12 thread 1 
OMP: Info #171: KMP_AFFINITY: OS proc 35 maps to socket 1 core 13 thread 0 
OMP: Info #171: KMP_AFFINITY: OS proc 83 maps to socket 1 core 13 thread 1 
OMP: Info #144: KMP_AFFINITY: Threads may migrate across 1 innermost levels of machine
OMP: Info #144: KMP_AFFINITY: Threads may migrate across 1 innermost levels of machine
OMP: Info #251: KMP_AFFINITY: pid 2438844 tid 2438844 thread 0 bound to OS proc set 10,58

Num-X: 6 ; Num-Y: 8 ; Resolution: 6500 ; Rank: 42 ; Rank-X: 0 ; Rank-Y: 7 ; Rowstart: 5691; Rowend: 6501; Rows: 810; Colstart: 0; Colend: 1085; Cols: 1085;OMP: Info #251: KMP_AFFINITY: pid 2438850 tid 2438850 thread 0 bound to OS proc set 34,82
OMP: Info #251: KMP_AFFINITY: pid 2438844 tid 2438941 thread 1 bound to OS proc set 11,59
OMP: Info #251: KMP_AFFINITY: pid 2438850 tid 2438942 thread 1 bound to OS proc set 35,83
OMP: Info #251: KMP_AFFINITY: pid 2438844 tid 2438943 thread 2 bound to OS proc set 10,58
OMP: Info #251: KMP_AFFINITY: pid 2438844 tid 2438945 thread 3 bound to OS proc set 11,59

Num-X: 6 ; Num-Y: 8 ; Resolution: 6500 ; Rank: 19 ; Rank-X: 1 ; Rank-Y: 3 ; Rowstart: 2439; Rowend: 3253; Rows: 814; Colstart: 1084; Colend: 2169; Cols: 1085;
Num-X: 6 ; Num-Y: 8 ; Resolution: 6500 ; Rank: 21 ; Rank-X: 3 ; Rank-Y: 3 ; Rowstart: 2439; Rowend: 3253; Rows: 814; Colstart: 3252; Colend: 4337; Cols: 1085;OMP: Info #251: KMP_AFFINITY: pid 2438850 tid 2438944 thread 2 bound to OS proc set 34,82
OMP: Info #251: KMP_AFFINITY: pid 2438850 tid 2438946 thread 3 bound to OS proc set 35,83

Num-X: 6 ; Num-Y: 8 ; Resolution: 6500 ; Rank: 27 ; Rank-X: 3 ; Rank-Y: 4 ; Rowstart: 3252; Rowend: 4066; Rows: 814; Colstart: 3252; Colend: 4337; Cols: 1085;
Num-X: 6 ; Num-Y: 8 ; Resolution: 6500 ; Rank: 28 ; Rank-X: 4 ; Rank-Y: 4 ; Rowstart: 3252; Rowend: 4066; Rows: 814; Colstart: 4336; Colend: 5421; Cols: 1085;
Num-X: 6 ; Num-Y: 8 ; Resolution: 6500 ; Rank: 41 ; Rank-X: 5 ; Rank-Y: 6 ; Rowstart: 4878; Rowend: 5692; Rows: 814; Colstart: 5420; Colend: 6501; Cols: 1081;
Num-X: 6 ; Num-Y: 8 ; Resolution: 6500 ; Rank: 47 ; Rank-X: 5 ; Rank-Y: 7 ; Rowstart: 5691; Rowend: 6501; Rows: 810; Colstart: 5420; Colend: 6501; Cols: 1081;

Resolution: 6500
===================
Execution time: 0.023728
Residual: 3.049154

megaflops:  249284.7
  flop instructions (M):  5915.000

Num-X: 6 ; Num-Y: 8 ; Resolution: 8500 ; Rank: 6 ; Rank-X: 0 ; Rank-Y: 1 ; Rowstart: 1063; Rowend: 2127; Rows: 1064; Colstart: 0; Colend: 1418; Cols: 1418;
Num-X: 6 ; Num-Y: 8 ; Resolution: 8500 ; Rank: 9 ; Rank-X: 3 ; Rank-Y: 1 ; Rowstart: 1063; Rowend: 2127; Rows: 1064; Colstart: 4251; Colend: 5669; Cols: 1418;
Num-X: 6 ; Num-Y: 8 ; Resolution: 8500 ; Rank: 27 ; Rank-X: 3 ; Rank-Y: 4 ; Rowstart: 4252; Rowend: 5316; Rows: 1064; Colstart: 4251; Colend: 5669; Cols: 1418;
Num-X: 6 ; Num-Y: 8 ; Resolution: 8500 ; Rank: 36 ; Rank-X: 0 ; Rank-Y: 6 ; Rowstart: 6378; Rowend: 7442; Rows: 1064; Colstart: 0; Colend: 1418; Cols: 1418;
Num-X: 6 ; Num-Y: 8 ; Resolution: 8500 ; Rank: 10 ; Rank-X: 4 ; Rank-Y: 1 ; Rowstart: 1063; Rowend: 2127; Rows: 1064; Colstart: 5668; Colend: 7086; Cols: 1418;
Num-X: 6 ; Num-Y: 8 ; Resolution: 8500 ; Rank: 32 ; Rank-X: 2 ; Rank-Y: 5 ; Rowstart: 5315; Rowend: 6379; Rows: 1064; Colstart: 2834; Colend: 4252; Cols: 1418;
Num-X: 6 ; Num-Y: 8 ; Resolution: 8500 ; Rank: 13 ; Rank-X: 1 ; Rank-Y: 2 ; Rowstart: 2126; Rowend: 3190; Rows: 1064; Colstart: 1417; Colend: 2835; Cols: 1418;
Num-X: 6 ; Num-Y: 8 ; Resolution: 8500 ; Rank: 40 ; Rank-X: 4 ; Rank-Y: 6 ; Rowstart: 6378; Rowend: 7442; Rows: 1064; Colstart: 5668; Colend: 7086; Cols: 1418;
Num-X: 6 ; Num-Y: 8 ; Resolution: 8500 ; Rank: 2 ; Rank-X: 2 ; Rank-Y: 0 ; Rowstart: 0; Rowend: 1064; Rows: 1064; Colstart: 2834; Colend: 4252; Cols: 1418;
Num-X: 6 ; Num-Y: 8 ; Resolution: 8500 ; Rank: 34 ; Rank-X: 4 ; Rank-Y: 5 ; Rowstart: 5315; Rowend: 6379; Rows: 1064; Colstart: 5668; Colend: 7086; Cols: 1418;
Num-X: 6 ; Num-Y: 8 ; Resolution: 8500 ; Rank: 17 ; Rank-X: 5 ; Rank-Y: 2 ; Rowstart: 2126; Rowend: 3190; Rows: 1064; Colstart: 7085; Colend: 8501; Cols: 1416;
Num-X: 6 ; Num-Y: 8 ; Resolution: 8500 ; Rank: 44 ; Rank-X: 2 ; Rank-Y: 7 ; Rowstart: 7441; Rowend: 8501; Rows: 1060; Colstart: 2834; Colend: 4252; Cols: 1418;
Num-X: 6 ; Num-Y: 8 ; Resolution: 8500 ; Rank: 3 ; Rank-X: 3 ; Rank-Y: 0 ; Rowstart: 0; Rowend: 1064; Rows: 1064; Colstart: 4251; Colend: 5669; Cols: 1418;
Num-X: 6 ; Num-Y: 8 ; Resolution: 8500 ; Rank: 25 ; Rank-X: 1 ; Rank-Y: 4 ; Rowstart: 4252; Rowend: 5316; Rows: 1064; Colstart: 1417; Colend: 2835; Cols: 1418;
Num-X: 6 ; Num-Y: 8 ; Resolution: 8500 ; Rank: 12 ; Rank-X: 0 ; Rank-Y: 2 ; Rowstart: 2126; Rowend: 3190; Rows: 1064; Colstart: 0; Colend: 1418; Cols: 1418;
Num-X: 6 ; Num-Y: 8 ; Resolution: 8500 ; Rank: 45 ; Rank-X: 3 ; Rank-Y: 7 ; Rowstart: 7441; Rowend: 8501; Rows: 1060; Colstart: 4251; Colend: 5669; Cols: 1418;
Num-X: 6 ; Num-Y: 8 ; Resolution: 8500 ; Rank: 4 ; Rank-X: 4 ; Rank-Y: 0 ; Rowstart: 0; Rowend: 1064; Rows: 1064; Colstart: 5668; Colend: 7086; Cols: 1418;
Num-X: 6 ; Num-Y: 8 ; Resolution: 8500 ; Rank: 28 ; Rank-X: 4 ; Rank-Y: 4 ; Rowstart: 4252; Rowend: 5316; Rows: 1064; Colstart: 5668; Colend: 7086; Cols: 1418;
Num-X: 6 ; Num-Y: 8 ; Resolution: 8500 ; Rank: 14 ; Rank-X: 2 ; Rank-Y: 2 ; Rowstart: 2126; Rowend: 3190; Rows: 1064; Colstart: 2834; Colend: 4252; Cols: 1418;
Num-X: 6 ; Num-Y: 8 ; Resolution: 8500 ; Rank: 37 ; Rank-X: 1 ; Rank-Y: 6 ; Rowstart: 6378; Rowend: 7442; Rows: 1064; Colstart: 1417; Colend: 2835; Cols: 1418;
Num-X: 6 ; Num-Y: 8 ; Resolution: 8500 ; Rank: 11 ; Rank-X: 5 ; Rank-Y: 1 ; Rowstart: 1063; Rowend: 2127; Rows: 1064; Colstart: 7085; Colend: 8501; Cols: 1416;
Num-X: 6 ; Num-Y: 8 ; Resolution: 8500 ; Rank: 30 ; Rank-X: 0 ; Rank-Y: 5 ; Rowstart: 5315; Rowend: 6379; Rows: 1064; Colstart: 0; Colend: 1418; Cols: 1418;
Num-X: 6 ; Num-Y: 8 ; Resolution: 8500 ; Rank: 15 ; Rank-X: 3 ; Rank-Y: 2 ; Rowstart: 2126; Rowend: 3190; Rows: 1064; Colstart: 4251; Colend: 5669; Cols: 1418;
Num-X: 6 ; Num-Y: 8 ; Resolution: 8500 ; Rank: 46 ; Rank-X: 4 ; Rank-Y: 7 ; Rowstart: 7441; Rowend: 8501; Rows: 1060; Colstart: 5668; Colend: 7086; Cols: 1418;
Num-X: 6 ; Num-Y: 8 ; Resolution: 8500 ; Rank: 1 ; Rank-X: 1 ; Rank-Y: 0 ; Rowstart: 0; Rowend: 1064; Rows: 1064; Colstart: 1417; Colend: 2835; Cols: 1418;
Num-X: 6 ; Num-Y: 8 ; Resolution: 8500 ; Rank: 33 ; Rank-X: 3 ; Rank-Y: 5 ; Rowstart: 5315; Rowend: 6379; Rows: 1064; Colstart: 4251; Colend: 5669; Cols: 1418;
Num-X: 6 ; Num-Y: 8 ; Resolution: 8500 ; Rank: 16 ; Rank-X: 4 ; Rank-Y: 2 ; Rowstart: 2126; Rowend: 3190; Rows: 1064; Colstart: 5668; Colend: 7086; Cols: 1418;
Num-X: 6 ; Num-Y: 8 ; Resolution: 8500 ; Rank: 38 ; Rank-X: 2 ; Rank-Y: 6 ; Rowstart: 6378; Rowend: 7442; Rows: 1064; Colstart: 2834; Colend: 4252; Cols: 1418;
Num-X: 6 ; Num-Y: 8 ; Resolution: 8500 ; Rank: 5 ; Rank-X: 5 ; Rank-Y: 0 ; Rowstart: 0; Rowend: 1064; Rows: 1064; Colstart: 7085; Colend: 8501; Cols: 1416;
Num-X: 6 ; Num-Y: 8 ; Resolution: 8500 ; Rank: 31 ; Rank-X: 1 ; Rank-Y: 5 ; Rowstart: 5315; Rowend: 6379; Rows: 1064; Colstart: 1417; Colend: 2835; Cols: 1418;
Num-X: 6 ; Num-Y: 8 ; Resolution: 8500 ; Rank: 23 ; Rank-X: 5 ; Rank-Y: 3 ; Rowstart: 3189; Rowend: 4253; Rows: 1064; Colstart: 7085; Colend: 8501; Cols: 1416;
Num-X: 6 ; Num-Y: 8 ; Resolution: 8500 ; Rank: 41 ; Rank-X: 5 ; Rank-Y: 6 ; Rowstart: 6378; Rowend: 7442; Rows: 1064; Colstart: 7085; Colend: 8501; Cols: 1416;
Num-X: 6 ; Num-Y: 8 ; Resolution: 8500 ; Rank: 7 ; Rank-X: 1 ; Rank-Y: 1 ; Rowstart: 1063; Rowend: 2127; Rows: 1064; Colstart: 1417; Colend: 2835; Cols: 1418;
Num-X: 6 ; Num-Y: 8 ; Resolution: 8500 ; Rank: 35 ; Rank-X: 5 ; Rank-Y: 5 ; Rowstart: 5315; Rowend: 6379; Rows: 1064; Colstart: 7085; Colend: 8501; Cols: 1416;
Num-X: 6 ; Num-Y: 8 ; Resolution: 8500 ; Rank: 19 ; Rank-X: 1 ; Rank-Y: 3 ; Rowstart: 3189; Rowend: 4253; Rows: 1064; Colstart: 1417; Colend: 2835; Cols: 1418;
Num-X: 6 ; Num-Y: 8 ; Resolution: 8500 ; Rank: 39 ; Rank-X: 3 ; Rank-Y: 6 ; Rowstart: 6378; Rowend: 7442; Rows: 1064; Colstart: 4251; Colend: 5669; Cols: 1418;
Num-X: 6 ; Num-Y: 8 ; Resolution: 8500 ; Rank: 8 ; Rank-X: 2 ; Rank-Y: 1 ; Rowstart: 1063; Rowend: 2127; Rows: 1064; Colstart: 2834; Colend: 4252; Cols: 1418;
Num-X: 6 ; Num-Y: 8 ; Resolution: 8500 ; Rank: 26 ; Rank-X: 2 ; Rank-Y: 4 ; Rowstart: 4252; Rowend: 5316; Rows: 1064; Colstart: 2834; Colend: 4252; Cols: 1418;
Num-X: 6 ; Num-Y: 8 ; Resolution: 8500 ; Rank: 22 ; Rank-X: 4 ; Rank-Y: 3 ; Rowstart: 3189; Rowend: 4253; Rows: 1064; Colstart: 5668; Colend: 7086; Cols: 1418;
Num-X: 6 ; Num-Y: 8 ; Resolution: 8500 ; Rank: 42 ; Rank-X: 0 ; Rank-Y: 7 ; Rowstart: 7441; Rowend: 8501; Rows: 1060; Colstart: 0; Colend: 1418; Cols: 1418;
Num-X: 6 ; Num-Y: 8 ; Resolution: 8500 ; Rank: 29 ; Rank-X: 5 ; Rank-Y: 4 ; Rowstart: 4252; Rowend: 5316; Rows: 1064; Colstart: 7085; Colend: 8501; Cols: 1416;
Num-X: 6 ; Num-Y: 8 ; Resolution: 8500 ; Rank: 20 ; Rank-X: 2 ; Rank-Y: 3 ; Rowstart: 3189; Rowend: 4253; Rows: 1064; Colstart: 2834; Colend: 4252; Cols: 1418;
Num-X: 6 ; Num-Y: 8 ; Resolution: 8500 ; Rank: 43 ; Rank-X: 1 ; Rank-Y: 7 ; Rowstart: 7441; Rowend: 8501; Rows: 1060; Colstart: 1417; Colend: 2835; Cols: 1418;
Num-X: 6 ; Num-Y: 8 ; Resolution: 8500 ; Rank: 18 ; Rank-X: 0 ; Rank-Y: 3 ; Rowstart: 3189; Rowend: 4253; Rows: 1064; Colstart: 0; Colend: 1418; Cols: 1418;
Num-X: 6 ; Num-Y: 8 ; Resolution: 8500 ; Rank: 47 ; Rank-X: 5 ; Rank-Y: 7 ; Rowstart: 7441; Rowend: 8501; Rows: 1060; Colstart: 7085; Colend: 8501; Cols: 1416;
Num-X: 6 ; Num-Y: 8 ; Resolution: 8500 ; Rank: 24 ; Rank-X: 0 ; Rank-Y: 4 ; Rowstart: 4252; Rowend: 5316; Rows: 1064; Colstart: 0; Colend: 1418; Cols: 1418;
Num-X: 6 ; Num-Y: 8 ; Resolution: 8500 ; Rank: 0 ; Rank-X: 0 ; Rank-Y: 0 ; Rowstart: 0; Rowend: 1064; Rows: 1064; Colstart: 0; Colend: 1418; Cols: 1418;
Num-X: 6 ; Num-Y: 8 ; Resolution: 8500 ; Rank: 21 ; Rank-X: 3 ; Rank-Y: 3 ; Rowstart: 3189; Rowend: 4253; Rows: 1064; Colstart: 4251; Colend: 5669; Cols: 1418;

Resolution: 8500
===================
Execution time: 0.036947
Residual: 3.987213

megaflops:  273770.4
  flop instructions (M):  10115.000

Num-X: 6 ; Num-Y: 8 ; Resolution: 10500 ; Rank: 20 ; Rank-X: 2 ; Rank-Y: 3 ; Rowstart: 3939; Rowend: 5253; Rows: 1314; Colstart: 3500; Colend: 5251; Cols: 1751;
Num-X: 6 ; Num-Y: 8 ; Resolution: 10500 ; Rank: 37 ; Rank-X: 1 ; Rank-Y: 6 ; Rowstart: 7878; Rowend: 9192; Rows: 1314; Colstart: 1750; Colend: 3501; Cols: 1751;
Num-X: 6 ; Num-Y: 8 ; Resolution: 10500 ; Rank: 32 ; Rank-X: 2 ; Rank-Y: 5 ; Rowstart: 6565; Rowend: 7879; Rows: 1314; Colstart: 3500; Colend: 5251; Cols: 1751;
Num-X: 6 ; Num-Y: 8 ; Resolution: 10500 ; Rank: 23 ; Rank-X: 5 ; Rank-Y: 3 ; Rowstart: 3939; Rowend: 5253; Rows: 1314; Colstart: 8750; Colend: 10501; Cols: 1751;
Num-X: 6 ; Num-Y: 8 ; Resolution: 10500 ; Rank: 41 ; Rank-X: 5 ; Rank-Y: 6 ; Rowstart: 7878; Rowend: 9192; Rows: 1314; Colstart: 8750; Colend: 10501; Cols: 1751;
Num-X: 6 ; Num-Y: 8 ; Resolution: 10500 ; Rank: 33 ; Rank-X: 3 ; Rank-Y: 5 ; Rowstart: 6565; Rowend: 7879; Rows: 1314; Colstart: 5250; Colend: 7001; Cols: 1751;
Num-X: 6 ; Num-Y: 8 ; Resolution: 10500 ; Rank: 35 ; Rank-X: 5 ; Rank-Y: 5 ; Rowstart: 6565; Rowend: 7879; Rows: 1314; Colstart: 8750; Colend: 10501; Cols: 1751;
Num-X: 6 ; Num-Y: 8 ; Resolution: 10500 ; Rank: 21 ; Rank-X: 3 ; Rank-Y: 3 ; Rowstart: 3939; Rowend: 5253; Rows: 1314; Colstart: 5250; Colend: 7001; Cols: 1751;
Num-X: 6 ; Num-Y: 8 ; Resolution: 10500 ; Rank: 1 ; Rank-X: 1 ; Rank-Y: 0 ; Rowstart: 0; Rowend: 1314; Rows: 1314; Colstart: 1750; Colend: 3501; Cols: 1751;
Num-X: 6 ; Num-Y: 8 ; Resolution: 10500 ; Rank: 29 ; Rank-X: 5 ; Rank-Y: 4 ; Rowstart: 5252; Rowend: 6566; Rows: 1314; Colstart: 8750; Colend: 10501; Cols: 1751;
Num-X: 6 ; Num-Y: 8 ; Resolution: 10500 ; Rank: 2 ; Rank-X: 2 ; Rank-Y: 0 ; Rowstart: 0; Rowend: 1314; Rows: 1314; Colstart: 3500; Colend: 5251; Cols: 1751;
Num-X: 6 ; Num-Y: 8 ; Resolution: 10500 ; Rank: 34 ; Rank-X: 4 ; Rank-Y: 5 ; Rowstart: 6565; Rowend: 7879; Rows: 1314; Colstart: 7000; Colend: 8751; Cols: 1751;
Num-X: 6 ; Num-Y: 8 ; Resolution: 10500 ; Rank: 38 ; Rank-X: 2 ; Rank-Y: 6 ; Rowstart: 7878; Rowend: 9192; Rows: 1314; Colstart: 3500; Colend: 5251; Cols: 1751;
Num-X: 6 ; Num-Y: 8 ; Resolution: 10500 ; Rank: 11 ; Rank-X: 5 ; Rank-Y: 1 ; Rowstart: 1313; Rowend: 2627; Rows: 1314; Colstart: 8750; Colend: 10501; Cols: 1751;
Num-X: 6 ; Num-Y: 8 ; Resolution: 10500 ; Rank: 45 ; Rank-X: 3 ; Rank-Y: 7 ; Rowstart: 9191; Rowend: 10501; Rows: 1310; Colstart: 5250; Colend: 7001; Cols: 1751;
Num-X: 6 ; Num-Y: 8 ; Resolution: 10500 ; Rank: 4 ; Rank-X: 4 ; Rank-Y: 0 ; Rowstart: 0; Rowend: 1314; Rows: 1314; Colstart: 7000; Colend: 8751; Cols: 1751;
Num-X: 6 ; Num-Y: 8 ; Resolution: 10500 ; Rank: 36 ; Rank-X: 0 ; Rank-Y: 6 ; Rowstart: 7878; Rowend: 9192; Rows: 1314; Colstart: 0; Colend: 1751; Cols: 1751;
Num-X: 6 ; Num-Y: 8 ; Resolution: 10500 ; Rank: 5 ; Rank-X: 5 ; Rank-Y: 0 ; Rowstart: 0; Rowend: 1314; Rows: 1314; Colstart: 8750; Colend: 10501; Cols: 1751;
Num-X: 6 ; Num-Y: 8 ; Resolution: 10500 ; Rank: 39 ; Rank-X: 3 ; Rank-Y: 6 ; Rowstart: 7878; Rowend: 9192; Rows: 1314; Colstart: 5250; Colend: 7001; Cols: 1751;
Num-X: 6 ; Num-Y: 8 ; Resolution: 10500 ; Rank: 9 ; Rank-X: 3 ; Rank-Y: 1 ; Rowstart: 1313; Rowend: 2627; Rows: 1314; Colstart: 5250; Colend: 7001; Cols: 1751;
Num-X: 6 ; Num-Y: 8 ; Resolution: 10500 ; Rank: 28 ; Rank-X: 4 ; Rank-Y: 4 ; Rowstart: 5252; Rowend: 6566; Rows: 1314; Colstart: 7000; Colend: 8751; Cols: 1751;
Num-X: 6 ; Num-Y: 8 ; Resolution: 10500 ; Rank: 42 ; Rank-X: 0 ; Rank-Y: 7 ; Rowstart: 9191; Rowend: 10501; Rows: 1310; Colstart: 0; Colend: 1751; Cols: 1751;
Num-X: 6 ; Num-Y: 8 ; Resolution: 10500 ; Rank: 26 ; Rank-X: 2 ; Rank-Y: 4 ; Rowstart: 5252; Rowend: 6566; Rows: 1314; Colstart: 3500; Colend: 5251; Cols: 1751;
Num-X: 6 ; Num-Y: 8 ; Resolution: 10500 ; Rank: 46 ; Rank-X: 4 ; Rank-Y: 7 ; Rowstart: 9191; Rowend: 10501; Rows: 1310; Colstart: 7000; Colend: 8751; Cols: 1751;
Num-X: 6 ; Num-Y: 8 ; Resolution: 10500 ; Rank: 0 ; Rank-X: 0 ; Rank-Y: 0 ; Rowstart: 0; Rowend: 1314; Rows: 1314; Colstart: 0; Colend: 1751; Cols: 1751;
Num-X: 6 ; Num-Y: 8 ; Resolution: 10500 ; Rank: 31 ; Rank-X: 1 ; Rank-Y: 5 ; Rowstart: 6565; Rowend: 7879; Rows: 1314; Colstart: 1750; Colend: 3501; Cols: 1751;
Num-X: 6 ; Num-Y: 8 ; Resolution: 10500 ; Rank: 47 ; Rank-X: 5 ; Rank-Y: 7 ; Rowstart: 9191; Rowend: 10501; Rows: 1310; Colstart: 8750; Colend: 10501; Cols: 1751;
Num-X: 6 ; Num-Y: 8 ; Resolution: 10500 ; Rank: 8 ; Rank-X: 2 ; Rank-Y: 1 ; Rowstart: 1313; Rowend: 2627; Rows: 1314; Colstart: 3500; Colend: 5251; Cols: 1751;
Num-X: 6 ; Num-Y: 8 ; Resolution: 10500 ; Rank: 13 ; Rank-X: 1 ; Rank-Y: 2 ; Rowstart: 2626; Rowend: 3940; Rows: 1314; Colstart: 1750; Colend: 3501; Cols: 1751;
Num-X: 6 ; Num-Y: 8 ; Resolution: 10500 ; Rank: 43 ; Rank-X: 1 ; Rank-Y: 7 ; Rowstart: 9191; Rowend: 10501; Rows: 1310; Colstart: 1750; Colend: 3501; Cols: 1751;
Num-X: 6 ; Num-Y: 8 ; Resolution: 10500 ; Rank: 18 ; Rank-X: 0 ; Rank-Y: 3 ; Rowstart: 3939; Rowend: 5253; Rows: 1314; Colstart: 0; Colend: 1751; Cols: 1751;
Num-X: 6 ; Num-Y: 8 ; Resolution: 10500 ; Rank: 44 ; Rank-X: 2 ; Rank-Y: 7 ; Rowstart: 9191; Rowend: 10501; Rows: 1310; Colstart: 3500; Colend: 5251; Cols: 1751;
Num-X: 6 ; Num-Y: 8 ; Resolution: 10500 ; Rank: 24 ; Rank-X: 0 ; Rank-Y: 4 ; Rowstart: 5252; Rowend: 6566; Rows: 1314; Colstart: 0; Colend: 1751; Cols: 1751;
Num-X: 6 ; Num-Y: 8 ; Resolution: 10500 ; Rank: 12 ; Rank-X: 0 ; Rank-Y: 2 ; Rowstart: 2626; Rowend: 3940; Rows: 1314; Colstart: 0; Colend: 1751; Cols: 1751;
Num-X: 6 ; Num-Y: 8 ; Resolution: 10500 ; Rank: 40 ; Rank-X: 4 ; Rank-Y: 6 ; Rowstart: 7878; Rowend: 9192; Rows: 1314; Colstart: 7000; Colend: 8751; Cols: 1751;
Num-X: 6 ; Num-Y: 8 ; Resolution: 10500 ; Rank: 15 ; Rank-X: 3 ; Rank-Y: 2 ; Rowstart: 2626; Rowend: 3940; Rows: 1314; Colstart: 5250; Colend: 7001; Cols: 1751;
Num-X: 6 ; Num-Y: 8 ; Resolution: 10500 ; Rank: 14 ; Rank-X: 2 ; Rank-Y: 2 ; Rowstart: 2626; Rowend: 3940; Rows: 1314; Colstart: 3500; Colend: 5251; Cols: 1751;
Num-X: 6 ; Num-Y: 8 ; Resolution: 10500 ; Rank: 16 ; Rank-X: 4 ; Rank-Y: 2 ; Rowstart: 2626; Rowend: 3940; Rows: 1314; Colstart: 7000; Colend: 8751; Cols: 1751;
Num-X: 6 ; Num-Y: 8 ; Resolution: 10500 ; Rank: 7 ; Rank-X: 1 ; Rank-Y: 1 ; Rowstart: 1313; Rowend: 2627; Rows: 1314; Colstart: 1750; Colend: 3501; Cols: 1751;
Num-X: 6 ; Num-Y: 8 ; Resolution: 10500 ; Rank: 10 ; Rank-X: 4 ; Rank-Y: 1 ; Rowstart: 1313; Rowend: 2627; Rows: 1314; Colstart: 7000; Colend: 8751; Cols: 1751;
Num-X: 6 ; Num-Y: 8 ; Resolution: 10500 ; Rank: 27 ; Rank-X: 3 ; Rank-Y: 4 ; Rowstart: 5252; Rowend: 6566; Rows: 1314; Colstart: 5250; Colend: 7001; Cols: 1751;
Num-X: 6 ; Num-Y: 8 ; Resolution: 10500 ; Rank: 30 ; Rank-X: 0 ; Rank-Y: 5 ; Rowstart: 6565; Rowend: 7879; Rows: 1314; Colstart: 0; Colend: 1751; Cols: 1751;
Num-X: 6 ; Num-Y: 8 ; Resolution: 10500 ; Rank: 25 ; Rank-X: 1 ; Rank-Y: 4 ; Rowstart: 5252; Rowend: 6566; Rows: 1314; Colstart: 1750; Colend: 3501; Cols: 1751;
Num-X: 6 ; Num-Y: 8 ; Resolution: 10500 ; Rank: 3 ; Rank-X: 3 ; Rank-Y: 0 ; Rowstart: 0; Rowend: 1314; Rows: 1314; Colstart: 5250; Colend: 7001; Cols: 1751;
Num-X: 6 ; Num-Y: 8 ; Resolution: 10500 ; Rank: 6 ; Rank-X: 0 ; Rank-Y: 1 ; Rowstart: 1313; Rowend: 2627; Rows: 1314; Colstart: 0; Colend: 1751; Cols: 1751;
Num-X: 6 ; Num-Y: 8 ; Resolution: 10500 ; Rank: 22 ; Rank-X: 4 ; Rank-Y: 3 ; Rowstart: 3939; Rowend: 5253; Rows: 1314; Colstart: 7000; Colend: 8751; Cols: 1751;
Num-X: 6 ; Num-Y: 8 ; Resolution: 10500 ; Rank: 17 ; Rank-X: 5 ; Rank-Y: 2 ; Rowstart: 2626; Rowend: 3940; Rows: 1314; Colstart: 8750; Colend: 10501; Cols: 1751;
Num-X: 6 ; Num-Y: 8 ; Resolution: 10500 ; Rank: 19 ; Rank-X: 1 ; Rank-Y: 3 ; Rowstart: 3939; Rowend: 5253; Rows: 1314; Colstart: 1750; Colend: 3501; Cols: 1751;

Resolution: 10500
===================
Execution time: 0.061607
Residual: 4.925272

megaflops:  250539.2
  flop instructions (M):  15435.000

Num-X: 6 ; Num-Y: 8 ; Resolution: 12500 ; Rank: 43 ; Rank-X: 1 ; Rank-Y: 7 ; Rowstart: 10941; Rowend: 12501; Rows: 1560; Colstart: 2084; Colend: 4169; Cols: 2085;
Num-X: 6 ; Num-Y: 8 ; Resolution: 12500 ; Rank: 44 ; Rank-X: 2 ; Rank-Y: 7 ; Rowstart: 10941; Rowend: 12501; Rows: 1560; Colstart: 4168; Colend: 6253; Cols: 2085;
Num-X: 6 ; Num-Y: 8 ; Resolution: 12500 ; Rank: 37 ; Rank-X: 1 ; Rank-Y: 6 ; Rowstart: 9378; Rowend: 10942; Rows: 1564; Colstart: 2084; Colend: 4169; Cols: 2085;
Num-X: 6 ; Num-Y: 8 ; Resolution: 12500 ; Rank: 46 ; Rank-X: 4 ; Rank-Y: 7 ; Rowstart: 10941; Rowend: 12501; Rows: 1560; Colstart: 8336; Colend: 10421; Cols: 2085;
Num-X: 6 ; Num-Y: 8 ; Resolution: 12500 ; Rank: 39 ; Rank-X: 3 ; Rank-Y: 6 ; Rowstart: 9378; Rowend: 10942; Rows: 1564; Colstart: 6252; Colend: 8337; Cols: 2085;
Num-X: 6 ; Num-Y: 8 ; Resolution: 12500 ; Rank: 38 ; Rank-X: 2 ; Rank-Y: 6 ; Rowstart: 9378; Rowend: 10942; Rows: 1564; Colstart: 4168; Colend: 6253; Cols: 2085;
Num-X: 6 ; Num-Y: 8 ; Resolution: 12500 ; Rank: 47 ; Rank-X: 5 ; Rank-Y: 7 ; Rowstart: 10941; Rowend: 12501; Rows: 1560; Colstart: 10420; Colend: 12501; Cols: 2081;
Num-X: 6 ; Num-Y: 8 ; Resolution: 12500 ; Rank: 12 ; Rank-X: 0 ; Rank-Y: 2 ; Rowstart: 3126; Rowend: 4690; Rows: 1564; Colstart: 0; Colend: 2085; Cols: 2085;
Num-X: 6 ; Num-Y: 8 ; Resolution: 12500 ; Rank: 19 ; Rank-X: 1 ; Rank-Y: 3 ; Rowstart: 4689; Rowend: 6253; Rows: 1564; Colstart: 2084; Colend: 4169; Cols: 2085;
Num-X: 6 ; Num-Y: 8 ; Resolution: 12500 ; Rank: 36 ; Rank-X: 0 ; Rank-Y: 6 ; Rowstart: 9378; Rowend: 10942; Rows: 1564; Colstart: 0; Colend: 2085; Cols: 2085;
Num-X: 6 ; Num-Y: 8 ; Resolution: 12500 ; Rank: 21 ; Rank-X: 3 ; Rank-Y: 3 ; Rowstart: 4689; Rowend: 6253; Rows: 1564; Colstart: 6252; Colend: 8337; Cols: 2085;
Num-X: 6 ; Num-Y: 8 ; Resolution: 12500 ; Rank: 16 ; Rank-X: 4 ; Rank-Y: 2 ; Rowstart: 3126; Rowend: 4690; Rows: 1564; Colstart: 8336; Colend: 10421; Cols: 2085;
Num-X: 6 ; Num-Y: 8 ; Resolution: 12500 ; Rank: 45 ; Rank-X: 3 ; Rank-Y: 7 ; Rowstart: 10941; Rowend: 12501; Rows: 1560; Colstart: 6252; Colend: 8337; Cols: 2085;
Num-X: 6 ; Num-Y: 8 ; Resolution: 12500 ; Rank: 33 ; Rank-X: 3 ; Rank-Y: 5 ; Rowstart: 7815; Rowend: 9379; Rows: 1564; Colstart: 6252; Colend: 8337; Cols: 2085;
Num-X: 6 ; Num-Y: 8 ; Resolution: 12500 ; Rank: 34 ; Rank-X: 4 ; Rank-Y: 5 ; Rowstart: 7815; Rowend: 9379; Rows: 1564; Colstart: 8336; Colend: 10421; Cols: 2085;
Num-X: 6 ; Num-Y: 8 ; Resolution: 12500 ; Rank: 42 ; Rank-X: 0 ; Rank-Y: 7 ; Rowstart: 10941; Rowend: 12501; Rows: 1560; Colstart: 0; Colend: 2085; Cols: 2085;
Num-X: 6 ; Num-Y: 8 ; Resolution: 12500 ; Rank: 24 ; Rank-X: 0 ; Rank-Y: 4 ; Rowstart: 6252; Rowend: 7816; Rows: 1564; Colstart: 0; Colend: 2085; Cols: 2085;
Num-X: 6 ; Num-Y: 8 ; Resolution: 12500 ; Rank: 41 ; Rank-X: 5 ; Rank-Y: 6 ; Rowstart: 9378; Rowend: 10942; Rows: 1564; Colstart: 10420; Colend: 12501; Cols: 2081;
Num-X: 6 ; Num-Y: 8 ; Resolution: 12500 ; Rank: 31 ; Rank-X: 1 ; Rank-Y: 5 ; Rowstart: 7815; Rowend: 9379; Rows: 1564; Colstart: 2084; Colend: 4169; Cols: 2085;
Num-X: 6 ; Num-Y: 8 ; Resolution: 12500 ; Rank: 13 ; Rank-X: 1 ; Rank-Y: 2 ; Rowstart: 3126; Rowend: 4690; Rows: 1564; Colstart: 2084; Colend: 4169; Cols: 2085;
Num-X: 6 ; Num-Y: 8 ; Resolution: 12500 ; Rank: 40 ; Rank-X: 4 ; Rank-Y: 6 ; Rowstart: 9378; Rowend: 10942; Rows: 1564; Colstart: 8336; Colend: 10421; Cols: 2085;
Num-X: 6 ; Num-Y: 8 ; Resolution: 12500 ; Rank: 22 ; Rank-X: 4 ; Rank-Y: 3 ; Rowstart: 4689; Rowend: 6253; Rows: 1564; Colstart: 8336; Colend: 10421; Cols: 2085;
Num-X: 6 ; Num-Y: 8 ; Resolution: 12500 ; Rank: 14 ; Rank-X: 2 ; Rank-Y: 2 ; Rowstart: 3126; Rowend: 4690; Rows: 1564; Colstart: 4168; Colend: 6253; Cols: 2085;
Num-X: 6 ; Num-Y: 8 ; Resolution: 12500 ; Rank: 15 ; Rank-X: 3 ; Rank-Y: 2 ; Rowstart: 3126; Rowend: 4690; Rows: 1564; Colstart: 6252; Colend: 8337; Cols: 2085;
Num-X: 6 ; Num-Y: 8 ; Resolution: 12500 ; Rank: 18 ; Rank-X: 0 ; Rank-Y: 3 ; Rowstart: 4689; Rowend: 6253; Rows: 1564; Colstart: 0; Colend: 2085; Cols: 2085;
Num-X: 6 ; Num-Y: 8 ; Resolution: 12500 ; Rank: 26 ; Rank-X: 2 ; Rank-Y: 4 ; Rowstart: 6252; Rowend: 7816; Rows: 1564; Colstart: 4168; Colend: 6253; Cols: 2085;
Num-X: 6 ; Num-Y: 8 ; Resolution: 12500 ; Rank: 28 ; Rank-X: 4 ; Rank-Y: 4 ; Rowstart: 6252; Rowend: 7816; Rows: 1564; Colstart: 8336; Colend: 10421; Cols: 2085;
Num-X: 6 ; Num-Y: 8 ; Resolution: 12500 ; Rank: 35 ; Rank-X: 5 ; Rank-Y: 5 ; Rowstart: 7815; Rowend: 9379; Rows: 1564; Colstart: 10420; Colend: 12501; Cols: 2081;
Num-X: 6 ; Num-Y: 8 ; Resolution: 12500 ; Rank: 23 ; Rank-X: 5 ; Rank-Y: 3 ; Rowstart: 4689; Rowend: 6253; Rows: 1564; Colstart: 10420; Colend: 12501; Cols: 2081;
Num-X: 6 ; Num-Y: 8 ; Resolution: 12500 ; Rank: 32 ; Rank-X: 2 ; Rank-Y: 5 ; Rowstart: 7815; Rowend: 9379; Rows: 1564; Colstart: 4168; Colend: 6253; Cols: 2085;
Num-X: 6 ; Num-Y: 8 ; Resolution: 12500 ; Rank: 30 ; Rank-X: 0 ; Rank-Y: 5 ; Rowstart: 7815; Rowend: 9379; Rows: 1564; Colstart: 0; Colend: 2085; Cols: 2085;
Num-X: 6 ; Num-Y: 8 ; Resolution: 12500 ; Rank: 20 ; Rank-X: 2 ; Rank-Y: 3 ; Rowstart: 4689; Rowend: 6253; Rows: 1564; Colstart: 4168; Colend: 6253; Cols: 2085;
Num-X: 6 ; Num-Y: 8 ; Resolution: 12500 ; Rank: 25 ; Rank-X: 1 ; Rank-Y: 4 ; Rowstart: 6252; Rowend: 7816; Rows: 1564; Colstart: 2084; Colend: 4169; Cols: 2085;
Num-X: 6 ; Num-Y: 8 ; Resolution: 12500 ; Rank: 27 ; Rank-X: 3 ; Rank-Y: 4 ; Rowstart: 6252; Rowend: 7816; Rows: 1564; Colstart: 6252; Colend: 8337; Cols: 2085;
Num-X: 6 ; Num-Y: 8 ; Resolution: 12500 ; Rank: 17 ; Rank-X: 5 ; Rank-Y: 2 ; Rowstart: 3126; Rowend: 4690; Rows: 1564; Colstart: 10420; Colend: 12501; Cols: 2081;
Num-X: 6 ; Num-Y: 8 ; Resolution: 12500 ; Rank: 0 ; Rank-X: 0 ; Rank-Y: 0 ; Rowstart: 0; Rowend: 1564; Rows: 1564; Colstart: 0; Colend: 2085; Cols: 2085;
Num-X: 6 ; Num-Y: 8 ; Resolution: 12500 ; Rank: 1 ; Rank-X: 1 ; Rank-Y: 0 ; Rowstart: 0; Rowend: 1564; Rows: 1564; Colstart: 2084; Colend: 4169; Cols: 2085;
Num-X: 6 ; Num-Y: 8 ; Resolution: 12500 ; Rank: 4 ; Rank-X: 4 ; Rank-Y: 0 ; Rowstart: 0; Rowend: 1564; Rows: 1564; Colstart: 8336; Colend: 10421; Cols: 2085;
Num-X: 6 ; Num-Y: 8 ; Resolution: 12500 ; Rank: 6 ; Rank-X: 0 ; Rank-Y: 1 ; Rowstart: 1563; Rowend: 3127; Rows: 1564; Colstart: 0; Colend: 2085; Cols: 2085;
Num-X: 6 ; Num-Y: 8 ; Resolution: 12500 ; Rank: 7 ; Rank-X: 1 ; Rank-Y: 1 ; Rowstart: 1563; Rowend: 3127; Rows: 1564; Colstart: 2084; Colend: 4169; Cols: 2085;
Num-X: 6 ; Num-Y: 8 ; Resolution: 12500 ; Rank: 8 ; Rank-X: 2 ; Rank-Y: 1 ; Rowstart: 1563; Rowend: 3127; Rows: 1564; Colstart: 4168; Colend: 6253; Cols: 2085;
Num-X: 6 ; Num-Y: 8 ; Resolution: 12500 ; Rank: 29 ; Rank-X: 5 ; Rank-Y: 4 ; Rowstart: 6252; Rowend: 7816; Rows: 1564; Colstart: 10420; Colend: 12501; Cols: 2081;
Num-X: 6 ; Num-Y: 8 ; Resolution: 12500 ; Rank: 9 ; Rank-X: 3 ; Rank-Y: 1 ; Rowstart: 1563; Rowend: 3127; Rows: 1564; Colstart: 6252; Colend: 8337; Cols: 2085;
Num-X: 6 ; Num-Y: 8 ; Resolution: 12500 ; Rank: 10 ; Rank-X: 4 ; Rank-Y: 1 ; Rowstart: 1563; Rowend: 3127; Rows: 1564; Colstart: 8336; Colend: 10421; Cols: 2085;
Num-X: 6 ; Num-Y: 8 ; Resolution: 12500 ; Rank: 11 ; Rank-X: 5 ; Rank-Y: 1 ; Rowstart: 1563; Rowend: 3127; Rows: 1564; Colstart: 10420; Colend: 12501; Cols: 2081;
Num-X: 6 ; Num-Y: 8 ; Resolution: 12500 ; Rank: 2 ; Rank-X: 2 ; Rank-Y: 0 ; Rowstart: 0; Rowend: 1564; Rows: 1564; Colstart: 4168; Colend: 6253; Cols: 2085;
Num-X: 6 ; Num-Y: 8 ; Resolution: 12500 ; Rank: 3 ; Rank-X: 3 ; Rank-Y: 0 ; Rowstart: 0; Rowend: 1564; Rows: 1564; Colstart: 6252; Colend: 8337; Cols: 2085;
Num-X: 6 ; Num-Y: 8 ; Resolution: 12500 ; Rank: 5 ; Rank-X: 5 ; Rank-Y: 0 ; Rowstart: 0; Rowend: 1564; Rows: 1564; Colstart: 10420; Colend: 12501; Cols: 2081;

Resolution: 12500
===================
Execution time: 0.089734
Residual: 5.863330

megaflops:  243775.8
  flop instructions (M):  21875.000
