mpiexec -genv I_MPI_DEBUG=4 -genv OMP_NUM_THREADS=4 -genv KMP_AFFINITY=verbose,scatter -genv I_MPI_PIN_DOMAIN=omp -n 48 ./heat test.dat 16 3
[0] MPI startup(): Intel(R) MPI Library, Version 2019 Update 8  Build 20200624 (id: 4f16ad915)
[0] MPI startup(): Copyright (C) 2003-2020 Intel Corporation.  All rights reserved.
[0] MPI startup(): library kind: release
[0] MPI startup(): libfabric version: 1.10.1-impi
[0] MPI startup(): libfabric provider: psm2
OMP: Info #154: KMP_AFFINITY: Initial OS proc set respected: 0,1,48,49
OMP: Info #213: KMP_AFFINITY: decoding x2APIC ids.
OMP: Info #154: KMP_AFFINITY: Initial OS proc set respected: 8,9,56,57
OMP: Info #213: KMP_AFFINITY: decoding x2APIC ids.
OMP: Info #154: KMP_AFFINITY: Initial OS proc set respected: 32,33,80,81
OMP: Info #213: KMP_AFFINITY: decoding x2APIC ids.
OMP: Info #276: KMP_AFFINITY: Affinity capable, using global cpuid leaf 11 info
OMP: Info #156: KMP_AFFINITY: 4 available OS procs
OMP: Info #157: KMP_AFFINITY: Uniform topology
OMP: Info #191: KMP_AFFINITY: 1 socket x 2 cores/socket x 2 threads/core (2 total cores)
OMP: Info #215: KMP_AFFINITY: OS proc to physical thread map:
OMP: Info #171: KMP_AFFINITY: OS proc 0 maps to socket 0 core 0 thread 0 
OMP: Info #171: KMP_AFFINITY: OS proc 48 maps to socket 0 core 0 thread 1 
OMP: Info #171: KMP_AFFINITY: OS proc 1 maps to socket 0 core 1 thread 0 
OMP: Info #171: KMP_AFFINITY: OS proc 49 maps to socket 0 core 1 thread 1 
OMP: Info #276: KMP_AFFINITY: Affinity capable, using global cpuid leaf 11 info
OMP: Info #156: KMP_AFFINITY: 4 available OS procs
OMP: Info #157: KMP_AFFINITY: Uniform topology
OMP: Info #191: KMP_AFFINITY: 1 socket x 2 cores/socket x 2 threads/core (2 total cores)
OMP: Info #215: KMP_AFFINITY: OS proc to physical thread map:
OMP: Info #171: KMP_AFFINITY: OS proc 8 maps to socket 0 core 10 thread 0 
OMP: Info #171: KMP_AFFINITY: OS proc 56 maps to socket 0 core 10 thread 1 
OMP: Info #171: KMP_AFFINITY: OS proc 9 maps to socket 0 core 11 thread 0 
OMP: Info #171: KMP_AFFINITY: OS proc 57 maps to socket 0 core 11 thread 1 
OMP: Info #276: KMP_AFFINITY: Affinity capable, using global cpuid leaf 11 info
OMP: Info #156: KMP_AFFINITY: 4 available OS procs
OMP: Info #157: KMP_AFFINITY: Uniform topology
OMP: Info #191: KMP_AFFINITY: 1 socket x 2 cores/socket x 2 threads/core (2 total cores)
OMP: Info #215: KMP_AFFINITY: OS proc to physical thread map:
OMP: Info #171: KMP_AFFINITY: OS proc 32 maps to socket 1 core 10 thread 0 
OMP: Info #171: KMP_AFFINITY: OS proc 80 maps to socket 1 core 10 thread 1 
OMP: Info #171: KMP_AFFINITY: OS proc 33 maps to socket 1 core 11 thread 0 
OMP: Info #171: KMP_AFFINITY: OS proc 81 maps to socket 1 core 11 thread 1 
OMP: Info #144: KMP_AFFINITY: Threads may migrate across 1 innermost levels of machine
OMP: Info #251: KMP_AFFINITY: pid 2438537 tid 2438537 thread 0 bound to OS proc set 0,48
OMP: Info #144: KMP_AFFINITY: Threads may migrate across 1 innermost levels of machine
OMP: Info #251: KMP_AFFINITY: pid 2438547 tid 2438547 thread 0 bound to OS proc set 32,80

Executing each MPI process in 4 OMP threads.
OMP: Info #144: KMP_AFFINITY: Threads may migrate across 1 innermost levels of machine
OMP: Info #154: KMP_AFFINITY: Initial OS proc set respected: 32,33,80,81
OMP: Info #213: KMP_AFFINITY: decoding x2APIC ids.

Executing each MPI process in 4 OMP threads.

Executing each MPI process in 4 OMP threads.
OMP: Info #251: KMP_AFFINITY: pid 2438541 tid 2438541 thread 0 bound to OS proc set 8,56
OMP: Info #154: KMP_AFFINITY: Initial OS proc set respected: 2,3,50,51
OMP: Info #213: KMP_AFFINITY: decoding x2APIC ids.
OMP: Info #276: KMP_AFFINITY: Affinity capable, using global cpuid leaf 11 info
OMP: Info #156: KMP_AFFINITY: 4 available OS procs
OMP: Info #157: KMP_AFFINITY: Uniform topology
OMP: Info #191: KMP_AFFINITY: 1 socket x 2 cores/socket x 2 threads/core (2 total cores)
OMP: Info #215: KMP_AFFINITY: OS proc to physical thread map:
OMP: Info #171: KMP_AFFINITY: OS proc 32 maps to socket 1 core 10 thread 0 
OMP: Info #171: KMP_AFFINITY: OS proc 80 maps to socket 1 core 10 thread 1 
OMP: Info #171: KMP_AFFINITY: OS proc 33 maps to socket 1 core 11 thread 0 
OMP: Info #171: KMP_AFFINITY: OS proc 81 maps to socket 1 core 11 thread 1 
OMP: Info #144: KMP_AFFINITY: Threads may migrate across 1 innermost levels of machine
OMP: Info #251: KMP_AFFINITY: pid 3003184 tid 3003184 thread 0 bound to OS proc set 32,80
OMP: Info #276: KMP_AFFINITY: Affinity capable, using global cpuid leaf 11 info
OMP: Info #156: KMP_AFFINITY: 4 available OS procs
OMP: Info #157: KMP_AFFINITY: Uniform topology

Executing each MPI process in 4 OMP threads.
OMP: Info #191: KMP_AFFINITY: 1 socket x 2 cores/socket x 2 threads/core (2 total cores)
OMP: Info #215: KMP_AFFINITY: OS proc to physical thread map:
OMP: Info #171: KMP_AFFINITY: OS proc 2 maps to socket 0 core 2 thread 0 
OMP: Info #171: KMP_AFFINITY: OS proc 50 maps to socket 0 core 2 thread 1 
OMP: Info #171: KMP_AFFINITY: OS proc 3 maps to socket 0 core 3 thread 0 
OMP: Info #171: KMP_AFFINITY: OS proc 51 maps to socket 0 core 3 thread 1 
OMP: Info #144: KMP_AFFINITY: Threads may migrate across 1 innermost levels of machine
OMP: Info #251: KMP_AFFINITY: pid 3003175 tid 3003175 thread 0 bound to OS proc set 2,50

Executing each MPI process in 4 OMP threads.
[0] MPI startup(): Rank    Pid      Node name     Pin cpu
[0] MPI startup(): 0       3003174  i01r01c06s06  {0,1,48,49}
[0] MPI startup(): 1       3003175  i01r01c06s06  {2,3,50,51}
[0] MPI startup(): 2       3003176  i01r01c06s06  {4,5,52,53}
[0] MPI startup(): 3       3003177  i01r01c06s06  {6,7,54,55}
[0] MPI startup(): 4       3003178  i01r01c06s06  {8,9,56,57}
[0] MPI startup(): 5       3003179  i01r01c06s06  {10,11,58,59}
[0] MPI startup(): 6       3003180  i01r01c06s06  {24,25,72,73}
[0] MPI startup(): 7       3003181  i01r01c06s06  {26,27,74,75}
[0] MPI startup(): 8       3003182  i01r01c06s06  {28,29,76,77}
[0] MPI startup(): 9       3003183  i01r01c06s06  {30,31,78,79}
[0] MPI startup(): 10      3003184  i01r01c06s06  {32,33,80,81}
[0] MPI startup(): 11      3003185  i01r01c06s06  {34,35,82,83}
[0] MPI startup(): 12      824178   i01r01c06s07  {0,1,48,49}
[0] MPI startup(): 13      824179   i01r01c06s07  {2,3,50,51}
[0] MPI startup(): 14      824180   i01r01c06s07  {4,5,52,53}
[0] MPI startup(): 15      824181   i01r01c06s07  {6,7,54,55}
[0] MPI startup(): 16      824182   i01r01c06s07  {8,9,56,57}
[0] MPI startup(): 17      824183   i01r01c06s07  {10,11,58,59}
[0] MPI startup(): 18      824184   i01r01c06s07  {24,25,72,73}
[0] MPI startup(): 19      824185   i01r01c06s07  {26,27,74,75}
[0] MPI startup(): 20      824186   i01r01c06s07  {28,29,76,77}
[0] MPI startup(): 21      824187   i01r01c06s07  {30,31,78,79}
[0] MPI startup(): 22      824188   i01r01c06s07  {32,33,80,81}
[0] MPI startup(): 23      824189   i01r01c06s07  {34,35,82,83}
[0] MPI startup(): 24      2137659  i01r01c06s08  {0,1,48,49}
[0] MPI startup(): 25      2137660  i01r01c06s08  {2,3,50,51}
[0] MPI startup(): 26      2137661  i01r01c06s08  {4,5,52,53}
[0] MPI startup(): 27      2137662  i01r01c06s08  {6,7,54,55}
[0] MPI startup(): 28      2137663  i01r01c06s08  {8,9,56,57}
[0] MPI startup(): 29      2137664  i01r01c06s08  {10,11,58,59}
[0] MPI startup(): 30      2137665  i01r01c06s08  {24,25,72,73}
[0] MPI startup(): 31      2137666  i01r01c06s08  {26,27,74,75}
[0] MPI startup(): 32      2137667  i01r01c06s08  {28,29,76,77}
[0] MPI startup(): 33      2137668  i01r01c06s08  {30,31,78,79}
[0] MPI startup(): 34      2137669  i01r01c06s08  {32,33,80,81}
[0] MPI startup(): 35      2137670  i01r01c06s08  {34,35,82,83}
[0] MPI startup(): 36      2438537  i01r01c06s09  {0,1,48,49}
[0] MPI startup(): 37      2438538  i01r01c06s09  {2,3,50,51}
[0] MPI startup(): 38      2438539  i01r01c06s09  {4,5,52,53}
[0] MPI startup(): 39      2438540  i01r01c06s09  {6,7,54,55}
[0] MPI startup(): 40      2438541  i01r01c06s09  {8,9,56,57}
[0] MPI startup(): 41      2438542  i01r01c06s09  {10,11,58,59}
[0] MPI startup(): 42      2438543  i01r01c06s09  {24,25,72,73}
[0] MPI startup(): 43      2438544  i01r01c06s09  {26,27,74,75}
[0] MPI startup(): 44      2438545  i01r01c06s09  {28,29,76,77}
[0] MPI startup(): 45      2438546  i01r01c06s09  {30,31,78,79}
[0] MPI startup(): 46      2438547  i01r01c06s09  {32,33,80,81}
[0] MPI startup(): 47      2438548  i01r01c06s09  {34,35,82,83}

16 processes distributed in X-direction
 3 ; processes distributed in Y-direction
OMP: Info #154: KMP_AFFINITY: Initial OS proc set respected: 0,1,48,49
OMP: Info #213: KMP_AFFINITY: decoding x2APIC ids.
OMP: Info #276: KMP_AFFINITY: Affinity capable, using global cpuid leaf 11 info
OMP: Info #156: KMP_AFFINITY: 4 available OS procs
OMP: Info #157: KMP_AFFINITY: Uniform topology
OMP: Info #154: KMP_AFFINITY: Initial OS proc set respected: 6,7,54,55
OMP: Info #213: KMP_AFFINITY: decoding x2APIC ids.
OMP: Info #191: KMP_AFFINITY: 1 socket x 2 cores/socket x 2 threads/core (2 total cores)
OMP: Info #215: KMP_AFFINITY: OS proc to physical thread map:
OMP: Info #171: KMP_AFFINITY: OS proc 0 maps to socket 0 core 0 thread 0 
OMP: Info #171: KMP_AFFINITY: OS proc 48 maps to socket 0 core 0 thread 1 
OMP: Info #171: KMP_AFFINITY: OS proc 1 maps to socket 0 core 1 thread 0 
OMP: Info #171: KMP_AFFINITY: OS proc 49 maps to socket 0 core 1 thread 1 
OMP: Info #154: KMP_AFFINITY: Initial OS proc set respected: 34,35,82,83
OMP: Info #213: KMP_AFFINITY: decoding x2APIC ids.
OMP: Info #144: KMP_AFFINITY: Threads may migrate across 1 innermost levels of machine
OMP: Info #251: KMP_AFFINITY: pid 824178 tid 824178 thread 0 bound to OS proc set 0,48
OMP: Info #276: KMP_AFFINITY: Affinity capable, using global cpuid leaf 11 info
OMP: Info #156: KMP_AFFINITY: 4 available OS procs
OMP: Info #157: KMP_AFFINITY: Uniform topology

Executing each MPI process in 4 OMP threads.
OMP: Info #191: KMP_AFFINITY: 1 socket x 2 cores/socket x 2 threads/core (2 total cores)
OMP: Info #215: KMP_AFFINITY: OS proc to physical thread map:
OMP: Info #171: KMP_AFFINITY: OS proc 6 maps to socket 0 core 8 thread 0 
OMP: Info #171: KMP_AFFINITY: OS proc 54 maps to socket 0 core 8 thread 1 
OMP: Info #171: KMP_AFFINITY: OS proc 7 maps to socket 0 core 9 thread 0 
OMP: Info #171: KMP_AFFINITY: OS proc 55 maps to socket 0 core 9 thread 1 
OMP: Info #276: KMP_AFFINITY: Affinity capable, using global cpuid leaf 11 info
OMP: Info #156: KMP_AFFINITY: 4 available OS procs
OMP: Info #157: KMP_AFFINITY: Uniform topology
OMP: Info #191: KMP_AFFINITY: 1 socket x 2 cores/socket x 2 threads/core (2 total cores)
OMP: Info #215: KMP_AFFINITY: OS proc to physical thread map:
OMP: Info #144: KMP_AFFINITY: Threads may migrate across 1 innermost levels of machine
OMP: Info #171: KMP_AFFINITY: OS proc 34 maps to socket 1 core 12 thread 0 
OMP: Info #171: KMP_AFFINITY: OS proc 82 maps to socket 1 core 12 thread 1 
OMP: Info #171: KMP_AFFINITY: OS proc 35 maps to socket 1 core 13 thread 0 
OMP: Info #171: KMP_AFFINITY: OS proc 83 maps to socket 1 core 13 thread 1 
OMP: Info #144: KMP_AFFINITY: Threads may migrate across 1 innermost levels of machine
OMP: Info #251: KMP_AFFINITY: pid 2137662 tid 2137662 thread 0 bound to OS proc set 6,54
OMP: Info #251: KMP_AFFINITY: pid 2137670 tid 2137670 thread 0 bound to OS proc set 34,82

Executing each MPI process in 4 OMP threads.

Executing each MPI process in 4 OMP threads.
Resolutions       : (6500, 8500, ... 12500)
Iterations        : 20
Num. Heat sources : 2
   1: (0.00, 0.00) 1.00 1.00 
   2: (1.00, 1.00) 1.00 0.50 
rank= 0 coords= 0 0 neighbours(up,down,left,right)= -1 3 -1 1
rank= 24 coords= 8 0 neighbours(up,down,left,right)= 21 27 -1 25
rank= 12 coords= 4 0 neighbours(up,down,left,right)= 9 15 -1 13
rank= 1 coords= 0 1 neighbours(up,down,left,right)= -1 4 0 2
rank= 36 coords= 12 0 neighbours(up,down,left,right)= 33 39 -1 37
rank= 25 coords= 8 1 neighbours(up,down,left,right)= 22 28 24 26
rank= 22 coords= 7 1 neighbours(up,down,left,right)= 19 25 21 23
rank= 2 coords= 0 2 neighbours(up,down,left,right)= -1 5 1 -1
rank= 37 coords= 12 1 neighbours(up,down,left,right)= 34 40 36 38
rank= 34 coords= 11 1 neighbours(up,down,left,right)= 31 37 33 35
rank= 23 coords= 7 2 neighbours(up,down,left,right)= 20 26 22 -1
rank= 4 coords= 1 1 neighbours(up,down,left,right)= 1 7 3 5
rank= 38 coords= 12 2 neighbours(up,down,left,right)= 35 41 37 -1
rank= 26 coords= 8 2 neighbours(up,down,left,right)= 23 29 25 -1
rank= 13 coords= 4 1 neighbours(up,down,left,right)= 10 16 12 14
rank= 6 coords= 2 0 neighbours(up,down,left,right)= 3 9 -1 7
rank= 39 coords= 13 0 neighbours(up,down,left,right)= 36 42 -1 40
rank= 27 coords= 9 0 neighbours(up,down,left,right)= 24 30 -1 28
rank= 14 coords= 4 2 neighbours(up,down,left,right)= 11 17 13 -1
rank= 8 coords= 2 2 neighbours(up,down,left,right)= 5 11 7 -1
rank= 40 coords= 13 1 neighbours(up,down,left,right)= 37 43 39 41
rank= 9 coords= 3 0 neighbours(up,down,left,right)= 6 12 -1 10
rank= 28 coords= 9 1 neighbours(up,down,left,right)= 25 31 27 29
rank= 15 coords= 5 0 neighbours(up,down,left,right)= 12 18 -1 16
rank= 10 coords= 3 1 neighbours(up,down,left,right)= 7 13 9 11
rank= 29 coords= 9 2 neighbours(up,down,left,right)= 26 32 28 -1
rank= 16 coords= 5 1 neighbours(up,down,left,right)= 13 19 15 17
rank= 11 coords= 3 2 neighbours(up,down,left,right)= 8 14 10 -1
rank= 30 coords= 10 0 neighbours(up,down,left,right)= 27 33 -1 31
rank= 17 coords= 5 2 neighbours(up,down,left,right)= 14 20 16 -1
rank= 3 coords= 1 0 neighbours(up,down,left,right)= 0 6 -1 4
rank= 41 coords= 13 2 neighbours(up,down,left,right)= 38 44 40 -1
rank= 31 coords= 10 1 neighbours(up,down,left,right)= 28 34 30 32
rank= 18 coords= 6 0 neighbours(up,down,left,right)= 15 21 -1 19
rank= 5 coords= 1 2 neighbours(up,down,left,right)= 2 8 4 -1
rank= 42 coords= 14 0 neighbours(up,down,left,right)= 39 45 -1 43
rank= 32 coords= 10 2 neighbours(up,down,left,right)= 29 35 31 -1
rank= 19 coords= 6 1 neighbours(up,down,left,right)= 16 22 18 20
rank= 7 coords= 2 1 neighbours(up,down,left,right)= 4 10 6 8
rank= 43 coords= 14 1 neighbours(up,down,left,right)= 40 46 42 44
rank= 33 coords= 11 0 neighbours(up,down,left,right)= 30 36 -1 34
rank= 20 coords= 6 2 neighbours(up,down,left,right)= 17 23 19 -1
OMP: Info #251: KMP_AFFINITY: pid 3003175 tid 3003247 thread 1 bound to OS proc set 3,51
rank= 44 coords= 14 2 neighbours(up,down,left,right)= 41 47 43 -1
rank= 35 coords= 11 2 neighbours(up,down,left,right)= 32 38 34 -1
rank= 21 coords= 7 0 neighbours(up,down,left,right)= 18 24 -1 22
OMP: Info #251: KMP_AFFINITY: pid 3003184 tid 3003246 thread 1 bound to OS proc set 33,81
OMP: Info #251: KMP_AFFINITY: pid 3003184 tid 3003248 thread 2 bound to OS proc set 32,80
rank= 45 coords= 15 0 neighbours(up,down,left,right)= 42 -1 -1 46
OMP: Info #251: KMP_AFFINITY: pid 2137662 tid 2137732 thread 1 bound to OS proc set 7,55
OMP: Info #251: KMP_AFFINITY: pid 3003175 tid 3003249 thread 2 bound to OS proc set 2,50
rank= 46 coords= 15 1 neighbours(up,down,left,right)= 43 -1 45 47
OMP: Info #251: KMP_AFFINITY: pid 2137670 tid 2137731 thread 1 bound to OS proc set 35,83
OMP: Info #251: KMP_AFFINITY: pid 3003175 tid 3003251 thread 3 bound to OS proc set 3,51
rank= 47 coords= 15 2 neighbours(up,down,left,right)= 44 -1 46 -1
OMP: Info #251: KMP_AFFINITY: pid 2137670 tid 2137734 thread 2 bound to OS proc set 34,82
OMP: Info #251: KMP_AFFINITY: pid 3003184 tid 3003250 thread 3 bound to OS proc set 33,81
OMP: Info #251: KMP_AFFINITY: pid 2438537 tid 2438612 thread 2 bound to OS proc set 0,48
OMP: Info #251: KMP_AFFINITY: pid 2137670 tid 2137735 thread 3 bound to OS proc set 35,83
OMP: Info #251: KMP_AFFINITY: pid 2438541 tid 2438609 thread 1 bound to OS proc set 9,57
OMP: Info #251: KMP_AFFINITY: pid 2438547 tid 2438611 thread 1 bound to OS proc set 33,81
OMP: Info #251: KMP_AFFINITY: pid 2438537 tid 2438610 thread 1 bound to OS proc set 1,49
OMP: Info #251: KMP_AFFINITY: pid 2438537 tid 2438614 thread 3 bound to OS proc set 1,49
OMP: Info #251: KMP_AFFINITY: pid 2438541 tid 2438613 thread 2 bound to OS proc set 8,56
OMP: Info #251: KMP_AFFINITY: pid 2438547 tid 2438615 thread 2 bound to OS proc set 32,80
OMP: Info #251: KMP_AFFINITY: pid 2438541 tid 2438617 thread 3 bound to OS proc set 9,57
OMP: Info #251: KMP_AFFINITY: pid 2438547 tid 2438616 thread 3 bound to OS proc set 33,81
OMP: Info #251: KMP_AFFINITY: pid 824178 tid 824251 thread 2 bound to OS proc set 0,48
OMP: Info #251: KMP_AFFINITY: pid 2137662 tid 2137733 thread 2 bound to OS proc set 6,54
OMP: Info #251: KMP_AFFINITY: pid 2137662 tid 2137736 thread 3 bound to OS proc set 7,55
OMP: Info #154: KMP_AFFINITY: Initial OS proc set respected: 4,5,52,53
OMP: Info #213: KMP_AFFINITY: decoding x2APIC ids.
OMP: Info #154: KMP_AFFINITY: Initial OS proc set respected: 10,11,58,59
OMP: Info #213: KMP_AFFINITY: decoding x2APIC ids.
OMP: Info #154: KMP_AFFINITY: Initial OS proc set respected: 0,1,48,49
OMP: Info #213: KMP_AFFINITY: decoding x2APIC ids.
OMP: Info #154: KMP_AFFINITY: Initial OS proc set respected: 8,9,56,57
OMP: Info #213: KMP_AFFINITY: decoding x2APIC ids.
OMP: Info #154: KMP_AFFINITY: Initial OS proc set respected: 6,7,54,55
OMP: Info #213: KMP_AFFINITY: decoding x2APIC ids.
OMP: Info #276: KMP_AFFINITY: Affinity capable, using global cpuid leaf 11 info
OMP: Info #156: KMP_AFFINITY: 4 available OS procs
OMP: Info #157: KMP_AFFINITY: Uniform topology
OMP: Info #154: KMP_AFFINITY: Initial OS proc set respected: 30,31,78,79
OMP: Info #213: KMP_AFFINITY: decoding x2APIC ids.
OMP: Info #154: KMP_AFFINITY: Initial OS proc set respected: 2,3,50,51
OMP: Info #213: KMP_AFFINITY: decoding x2APIC ids.
OMP: Info #154: KMP_AFFINITY: Initial OS proc set respected: 10,11,58,59
OMP: Info #213: KMP_AFFINITY: decoding x2APIC ids.
OMP: Info #154: KMP_AFFINITY: Initial OS proc set respected: 24,25,72,73
OMP: Info #213: KMP_AFFINITY: decoding x2APIC ids.
OMP: Info #154: KMP_AFFINITY: Initial OS proc set respected: 4,5,52,53
OMP: Info #213: KMP_AFFINITY: decoding x2APIC ids.
OMP: Info #276: KMP_AFFINITY: Affinity capable, using global cpuid leaf 11 info
OMP: Info #156: KMP_AFFINITY: 4 available OS procs
OMP: Info #157: KMP_AFFINITY: Uniform topology
OMP: Info #276: KMP_AFFINITY: Affinity capable, using global cpuid leaf 11 info
OMP: Info #156: KMP_AFFINITY: 4 available OS procs
OMP: Info #154: KMP_AFFINITY: Initial OS proc set respected: 30,31,78,79
OMP: Info #213: KMP_AFFINITY: decoding x2APIC ids.
OMP: Info #191: KMP_AFFINITY: 1 socket x 2 cores/socket x 2 threads/core (2 total cores)
OMP: Info #215: KMP_AFFINITY: OS proc to physical thread map:
OMP: Info #171: KMP_AFFINITY: OS proc 10 maps to socket 0 core 12 thread 0 
OMP: Info #171: KMP_AFFINITY: OS proc 58 maps to socket 0 core 12 thread 1 
OMP: Info #171: KMP_AFFINITY: OS proc 11 maps to socket 0 core 13 thread 0 
OMP: Info #171: KMP_AFFINITY: OS proc 59 maps to socket 0 core 13 thread 1 
OMP: Info #144: KMP_AFFINITY: Threads may migrate across 1 innermost levels of machine
OMP: Info #191: KMP_AFFINITY: 1 socket x 2 cores/socket x 2 threads/core (2 total cores)
OMP: Info #215: KMP_AFFINITY: OS proc to physical thread map:
OMP: Info #171: KMP_AFFINITY: OS proc 0 maps to socket 0 core 0 thread 0 
OMP: Info #171: KMP_AFFINITY: OS proc 48 maps to socket 0 core 0 thread 1 
OMP: Info #171: KMP_AFFINITY: OS proc 1 maps to socket 0 core 1 thread 0 
OMP: Info #157: KMP_AFFINITY: Uniform topology
OMP: Info #191: KMP_AFFINITY: 1 socket x 2 cores/socket x 2 threads/core (2 total cores)
OMP: Info #215: KMP_AFFINITY: OS proc to physical thread map:
OMP: Info #171: KMP_AFFINITY: OS proc 4 maps to socket 0 core 4 thread 0 
OMP: Info #171: KMP_AFFINITY: OS proc 52 maps to socket 0 core 4 thread 1 
OMP: Info #171: KMP_AFFINITY: OS proc 5 maps to socket 0 core 5 thread 0 
OMP: Info #154: KMP_AFFINITY: Initial OS proc set respected: 34,35,82,83
OMP: Info #213: KMP_AFFINITY: decoding x2APIC ids.
OMP: Info #276: KMP_AFFINITY: Affinity capable, using global cpuid leaf 11 info
OMP: Info #156: KMP_AFFINITY: 4 available OS procs
OMP: Info #157: KMP_AFFINITY: Uniform topology
OMP: Info #191: KMP_AFFINITY: 1 socket x 2 cores/socket x 2 threads/core (2 total cores)
OMP: Info #215: KMP_AFFINITY: OS proc to physical thread map:
OMP: Info #171: KMP_AFFINITY: OS proc 6 maps to socket 0 core 8 thread 0 
OMP: Info #171: KMP_AFFINITY: OS proc 54 maps to socket 0 core 8 thread 1 
OMP: Info #171: KMP_AFFINITY: OS proc 7 maps to socket 0 core 9 thread 0 
OMP: Info #171: KMP_AFFINITY: OS proc 55 maps to socket 0 core 9 thread 1 
OMP: Info #154: KMP_AFFINITY: Initial OS proc set respected: 10,11,58,59
OMP: Info #213: KMP_AFFINITY: decoding x2APIC ids.
OMP: Info #171: KMP_AFFINITY: OS proc 53 maps to socket 0 core 5 thread 1 
OMP: Info #154: KMP_AFFINITY: Initial OS proc set respected: 26,27,74,75
OMP: Info #213: KMP_AFFINITY: decoding x2APIC ids.
OMP: Info #251: KMP_AFFINITY: pid 2438542 tid 2438542 thread 0 bound to OS proc set 10,58
OMP: Info #171: KMP_AFFINITY: OS proc 49 maps to socket 0 core 1 thread 1 
OMP: Info #144: KMP_AFFINITY: Threads may migrate across 1 innermost levels of machine
OMP: Info #144: KMP_AFFINITY: Threads may migrate across 1 innermost levels of machine
OMP: Info #154: KMP_AFFINITY: Initial OS proc set respected: 28,29,76,77
OMP: Info #213: KMP_AFFINITY: decoding x2APIC ids.
OMP: Info #144: KMP_AFFINITY: Threads may migrate across 1 innermost levels of machine
OMP: Info #251: KMP_AFFINITY: pid 2438540 tid 2438540 thread 0 bound to OS proc set 6,54
OMP: Info #154: KMP_AFFINITY: Initial OS proc set respected: 4,5,52,53
OMP: Info #213: KMP_AFFINITY: decoding x2APIC ids.
OMP: Info #251: KMP_AFFINITY: pid 824180 tid 824180 thread 0 bound to OS proc set 4,52
OMP: Info #154: KMP_AFFINITY: Initial OS proc set respected: 4,5,52,53
OMP: Info #213: KMP_AFFINITY: decoding x2APIC ids.
OMP: Info #276: KMP_AFFINITY: Affinity capable, using global cpuid leaf 11 info
OMP: Info #156: KMP_AFFINITY: 4 available OS procs
OMP: Info #157: KMP_AFFINITY: Uniform topology
OMP: Info #191: KMP_AFFINITY: 1 socket x 2 cores/socket x 2 threads/core (2 total cores)
OMP: Info #215: KMP_AFFINITY: OS proc to physical thread map:
OMP: Info #171: KMP_AFFINITY: OS proc 30 maps to socket 1 core 8 thread 0 
OMP: Info #171: KMP_AFFINITY: OS proc 78 maps to socket 1 core 8 thread 1 
OMP: Info #171: KMP_AFFINITY: OS proc 31 maps to socket 1 core 9 thread 0 
OMP: Info #276: KMP_AFFINITY: Affinity capable, using global cpuid leaf 11 info
OMP: Info #156: KMP_AFFINITY: 4 available OS procs
OMP: Info #157: KMP_AFFINITY: Uniform topology
OMP: Info #191: KMP_AFFINITY: 1 socket x 2 cores/socket x 2 threads/core (2 total cores)
OMP: Info #215: KMP_AFFINITY: OS proc to physical thread map:
OMP: Info #171: KMP_AFFINITY: OS proc 8 maps to socket 0 core 10 thread 0 
OMP: Info #171: KMP_AFFINITY: OS proc 56 maps to socket 0 core 10 thread 1 
OMP: Info #171: KMP_AFFINITY: OS proc 9 maps to socket 0 core 11 thread 0 
OMP: Info #171: KMP_AFFINITY: OS proc 57 maps to socket 0 core 11 thread 1 
OMP: Info #144: KMP_AFFINITY: Threads may migrate across 1 innermost levels of machine
OMP: Info #276: KMP_AFFINITY: Affinity capable, using global cpuid leaf 11 info
OMP: Info #156: KMP_AFFINITY: 4 available OS procs
OMP: Info #157: KMP_AFFINITY: Uniform topology
OMP: Info #154: KMP_AFFINITY: Initial OS proc set respected: 10,11,58,59
OMP: Info #213: KMP_AFFINITY: decoding x2APIC ids.
OMP: Info #154: KMP_AFFINITY: Initial OS proc set respected: 2,3,50,51
OMP: Info #213: KMP_AFFINITY: decoding x2APIC ids.
OMP: Info #154: KMP_AFFINITY: Initial OS proc set respected: 30,31,78,79
OMP: Info #213: KMP_AFFINITY: decoding x2APIC ids.
OMP: Info #191: KMP_AFFINITY: 1 socket x 2 cores/socket x 2 threads/core (2 total cores)
OMP: Info #215: KMP_AFFINITY: OS proc to physical thread map:
OMP: Info #171: KMP_AFFINITY: OS proc 10 maps to socket 0 core 12 thread 0 
OMP: Info #171: KMP_AFFINITY: OS proc 58 maps to socket 0 core 12 thread 1 
OMP: Info #171: KMP_AFFINITY: OS proc 11 maps to socket 0 core 13 thread 0 
OMP: Info #171: KMP_AFFINITY: OS proc 59 maps to socket 0 core 13 thread 1 
OMP: Info #276: KMP_AFFINITY: Affinity capable, using global cpuid leaf 11 info
OMP: Info #156: KMP_AFFINITY: 4 available OS procs
OMP: Info #157: KMP_AFFINITY: Uniform topology
OMP: Info #191: KMP_AFFINITY: 1 socket x 2 cores/socket x 2 threads/core (2 total cores)
OMP: Info #215: KMP_AFFINITY: OS proc to physical thread map:
OMP: Info #171: KMP_AFFINITY: OS proc 30 maps to socket 1 core 8 thread 0 
OMP: Info #171: KMP_AFFINITY: OS proc 78 maps to socket 1 core 8 thread 1 
OMP: Info #171: KMP_AFFINITY: OS proc 31 maps to socket 1 core 9 thread 0 
OMP: Info #171: KMP_AFFINITY: OS proc 79 maps to socket 1 core 9 thread 1 
OMP: Info #154: KMP_AFFINITY: Initial OS proc set respected: 26,27,74,75
OMP: Info #213: KMP_AFFINITY: decoding x2APIC ids.
OMP: Info #251: KMP_AFFINITY: pid 2137659 tid 2137659 thread 0 bound to OS proc set 0,48
OMP: Info #154: KMP_AFFINITY: Initial OS proc set respected: 26,27,74,75
OMP: Info #213: KMP_AFFINITY: decoding x2APIC ids.
OMP: Info #154: KMP_AFFINITY: Initial OS proc set respected: 0,1,48,49
OMP: Info #213: KMP_AFFINITY: decoding x2APIC ids.
OMP: Info #154: KMP_AFFINITY: Initial OS proc set respected: 28,29,76,77
OMP: Info #213: KMP_AFFINITY: decoding x2APIC ids.
OMP: Info #276: KMP_AFFINITY: Affinity capable, using global cpuid leaf 11 info
OMP: Info #156: KMP_AFFINITY: 4 available OS procs
OMP: Info #157: KMP_AFFINITY: Uniform topology
OMP: Info #191: KMP_AFFINITY: 1 socket x 2 cores/socket x 2 threads/core (2 total cores)
OMP: Info #215: KMP_AFFINITY: OS proc to physical thread map:
OMP: Info #171: KMP_AFFINITY: OS proc 2 maps to socket 0 core 2 thread 0 
OMP: Info #171: KMP_AFFINITY: OS proc 50 maps to socket 0 core 2 thread 1 
OMP: Info #171: KMP_AFFINITY: OS proc 3 maps to socket 0 core 3 thread 0 
OMP: Info #171: KMP_AFFINITY: OS proc 51 maps to socket 0 core 3 thread 1 
OMP: Info #154: KMP_AFFINITY: Initial OS proc set respected: 28,29,76,77
OMP: Info #213: KMP_AFFINITY: decoding x2APIC ids.
OMP: Info #276: KMP_AFFINITY: Affinity capable, using global cpuid leaf 11 info
OMP: Info #156: KMP_AFFINITY: 4 available OS procs
OMP: Info #157: KMP_AFFINITY: Uniform topology
OMP: Info #191: KMP_AFFINITY: 1 socket x 2 cores/socket x 2 threads/core (2 total cores)
OMP: Info #215: KMP_AFFINITY: OS proc to physical thread map:
OMP: Info #171: KMP_AFFINITY: OS proc 24 maps to socket 1 core 0 thread 0 
OMP: Info #171: KMP_AFFINITY: OS proc 72 maps to socket 1 core 0 thread 1 
OMP: Info #171: KMP_AFFINITY: OS proc 25 maps to socket 1 core 1 thread 0 
OMP: Info #171: KMP_AFFINITY: OS proc 73 maps to socket 1 core 1 thread 1 
OMP: Info #171: KMP_AFFINITY: OS proc 79 maps to socket 1 core 9 thread 1 
OMP: Info #144: KMP_AFFINITY: Threads may migrate across 1 innermost levels of machine
OMP: Info #251: KMP_AFFINITY: pid 2438546 tid 2438546 thread 0 bound to OS proc set 30,78
OMP: Info #251: KMP_AFFINITY: pid 2137663 tid 2137663 thread 0 bound to OS proc set 8,56
OMP: Info #154: KMP_AFFINITY: Initial OS proc set respected: 34,35,82,83
OMP: Info #213: KMP_AFFINITY: decoding x2APIC ids.
OMP: Info #144: KMP_AFFINITY: Threads may migrate across 1 innermost levels of machine
OMP: Info #154: KMP_AFFINITY: Initial OS proc set respected: 34,35,82,83
OMP: Info #213: KMP_AFFINITY: decoding x2APIC ids.
OMP: Info #154: KMP_AFFINITY: Initial OS proc set respected: 24,25,72,73
OMP: Info #213: KMP_AFFINITY: decoding x2APIC ids.
OMP: Info #251: KMP_AFFINITY: pid 824180 tid 824253 thread 1 bound to OS proc set 5,53
OMP: Info #276: KMP_AFFINITY: Affinity capable, using global cpuid leaf 11 info
OMP: Info #156: KMP_AFFINITY: 4 available OS procs
OMP: Info #157: KMP_AFFINITY: Uniform topology
OMP: Info #191: KMP_AFFINITY: 1 socket x 2 cores/socket x 2 threads/core (2 total cores)
OMP: Info #215: KMP_AFFINITY: OS proc to physical thread map:
OMP: Info #171: KMP_AFFINITY: OS proc 26 maps to socket 1 core 2 thread 0 
OMP: Info #171: KMP_AFFINITY: OS proc 74 maps to socket 1 core 2 thread 1 
OMP: Info #171: KMP_AFFINITY: OS proc 27 maps to socket 1 core 3 thread 0 
OMP: Info #171: KMP_AFFINITY: OS proc 75 maps to socket 1 core 3 thread 1 
OMP: Info #276: KMP_AFFINITY: Affinity capable, using global cpuid leaf 11 info
OMP: Info #156: KMP_AFFINITY: 4 available OS procs
OMP: Info #157: KMP_AFFINITY: Uniform topology
OMP: Info #191: KMP_AFFINITY: 1 socket x 2 cores/socket x 2 threads/core (2 total cores)
OMP: Info #215: KMP_AFFINITY: OS proc to physical thread map:
OMP: Info #171: KMP_AFFINITY: OS proc 4 maps to socket 0 core 4 thread 0 
OMP: Info #171: KMP_AFFINITY: OS proc 52 maps to socket 0 core 4 thread 1 
OMP: Info #171: KMP_AFFINITY: OS proc 5 maps to socket 0 core 5 thread 0 
OMP: Info #171: KMP_AFFINITY: OS proc 53 maps to socket 0 core 5 thread 1 
OMP: Info #144: KMP_AFFINITY: Threads may migrate across 1 innermost levels of machine
OMP: Info #154: KMP_AFFINITY: Initial OS proc set respected: 26,27,74,75
OMP: Info #213: KMP_AFFINITY: decoding x2APIC ids.
OMP: Info #144: KMP_AFFINITY: Threads may migrate across 1 innermost levels of machine
OMP: Info #251: KMP_AFFINITY: pid 824183 tid 824183 thread 0 bound to OS proc set 10,58
OMP: Info #144: KMP_AFFINITY: Threads may migrate across 1 innermost levels of machine
OMP: Info #251: KMP_AFFINITY: pid 3003183 tid 3003183 thread 0 bound to OS proc set 30,78
OMP: Info #251: KMP_AFFINITY: pid 2438542 tid 2438618 thread 1 bound to OS proc set 11,59
OMP: Info #154: KMP_AFFINITY: Initial OS proc set respected: 28,29,76,77
OMP: Info #213: KMP_AFFINITY: decoding x2APIC ids.
OMP: Info #154: KMP_AFFINITY: Initial OS proc set respected: 24,25,72,73
OMP: Info #213: KMP_AFFINITY: decoding x2APIC ids.
OMP: Info #251: KMP_AFFINITY: pid 3003180 tid 3003180 thread 0 bound to OS proc set 24,72
OMP: Info #154: KMP_AFFINITY: Initial OS proc set respected: 24,25,72,73
OMP: Info #213: KMP_AFFINITY: decoding x2APIC ids.
OMP: Info #154: KMP_AFFINITY: Initial OS proc set respected: 32,33,80,81
OMP: Info #213: KMP_AFFINITY: decoding x2APIC ids.
OMP: Info #154: KMP_AFFINITY: Initial OS proc set respected: 30,31,78,79
OMP: Info #213: KMP_AFFINITY: decoding x2APIC ids.
OMP: Info #144: KMP_AFFINITY: Threads may migrate across 1 innermost levels of machine
OMP: Info #276: KMP_AFFINITY: Affinity capable, using global cpuid leaf 11 info
OMP: Info #156: KMP_AFFINITY: 4 available OS procs
OMP: Info #157: KMP_AFFINITY: Uniform topology
OMP: Info #191: KMP_AFFINITY: 1 socket x 2 cores/socket x 2 threads/core (2 total cores)
OMP: Info #251: KMP_AFFINITY: pid 2137659 tid 2137737 thread 1 bound to OS proc set 1,49
OMP: Info #154: KMP_AFFINITY: Initial OS proc set respected: 32,33,80,81
OMP: Info #213: KMP_AFFINITY: decoding x2APIC ids.
OMP: Info #276: KMP_AFFINITY: Affinity capable, using global cpuid leaf 11 info
OMP: Info #156: KMP_AFFINITY: 4 available OS procs
OMP: Info #157: KMP_AFFINITY: Uniform topology
OMP: Info #191: KMP_AFFINITY: 1 socket x 2 cores/socket x 2 threads/core (2 total cores)
OMP: Info #215: KMP_AFFINITY: OS proc to physical thread map:
OMP: Info #171: KMP_AFFINITY: OS proc 28 maps to socket 1 core 4 thread 0 
OMP: Info #171: KMP_AFFINITY: OS proc 76 maps to socket 1 core 4 thread 1 
OMP: Info #171: KMP_AFFINITY: OS proc 29 maps to socket 1 core 5 thread 0 
OMP: Info #171: KMP_AFFINITY: OS proc 77 maps to socket 1 core 5 thread 1 
OMP: Info #251: KMP_AFFINITY: pid 2438539 tid 2438539 thread 0 bound to OS proc set 4,52
OMP: Info #144: KMP_AFFINITY: Threads may migrate across 1 innermost levels of machine
OMP: Info #251: KMP_AFFINITY: pid 2137660 tid 2137660 thread 0 bound to OS proc set 2,50
OMP: Info #154: KMP_AFFINITY: Initial OS proc set respected: 2,3,50,51
OMP: Info #213: KMP_AFFINITY: decoding x2APIC ids.
OMP: Info #276: KMP_AFFINITY: Affinity capable, using global cpuid leaf 11 info
OMP: Info #156: KMP_AFFINITY: 4 available OS procs
OMP: Info #157: KMP_AFFINITY: Uniform topology
OMP: Info #191: KMP_AFFINITY: 1 socket x 2 cores/socket x 2 threads/core (2 total cores)
OMP: Info #215: KMP_AFFINITY: OS proc to physical thread map:
OMP: Info #171: KMP_AFFINITY: OS proc 4 maps to socket 0 core 4 thread 0 
OMP: Info #171: KMP_AFFINITY: OS proc 52 maps to socket 0 core 4 thread 1 
OMP: Info #171: KMP_AFFINITY: OS proc 5 maps to socket 0 core 5 thread 0 
OMP: Info #276: KMP_AFFINITY: Affinity capable, using global cpuid leaf 11 info
OMP: Info #156: KMP_AFFINITY: 4 available OS procs
OMP: Info #157: KMP_AFFINITY: Uniform topology
OMP: Info #191: KMP_AFFINITY: 1 socket x 2 cores/socket x 2 threads/core (2 total cores)
OMP: Info #215: KMP_AFFINITY: OS proc to physical thread map:
OMP: Info #171: KMP_AFFINITY: OS proc 28 maps to socket 1 core 4 thread 0 
OMP: Info #171: KMP_AFFINITY: OS proc 76 maps to socket 1 core 4 thread 1 
OMP: Info #171: KMP_AFFINITY: OS proc 29 maps to socket 1 core 5 thread 0 
OMP: Info #171: KMP_AFFINITY: OS proc 77 maps to socket 1 core 5 thread 1 
OMP: Info #144: KMP_AFFINITY: Threads may migrate across 1 innermost levels of machine
OMP: Info #276: KMP_AFFINITY: Affinity capable, using global cpuid leaf 11 info
OMP: Info #156: KMP_AFFINITY: 4 available OS procs
OMP: Info #157: KMP_AFFINITY: Uniform topology
OMP: Info #191: KMP_AFFINITY: 1 socket x 2 cores/socket x 2 threads/core (2 total cores)
OMP: Info #215: KMP_AFFINITY: OS proc to physical thread map:
OMP: Info #171: KMP_AFFINITY: OS proc 4 maps to socket 0 core 4 thread 0 
OMP: Info #171: KMP_AFFINITY: OS proc 52 maps to socket 0 core 4 thread 1 
OMP: Info #171: KMP_AFFINITY: OS proc 5 maps to socket 0 core 5 thread 0 
OMP: Info #171: KMP_AFFINITY: OS proc 53 maps to socket 0 core 5 thread 1 
OMP: Info #144: KMP_AFFINITY: Threads may migrate across 1 innermost levels of machine
OMP: Info #154: KMP_AFFINITY: Initial OS proc set respected: 6,7,54,55
OMP: Info #213: KMP_AFFINITY: decoding x2APIC ids.
OMP: Info #251: KMP_AFFINITY: pid 3003181 tid 3003181 thread 0 bound to OS proc set 26,74
OMP: Info #276: KMP_AFFINITY: Affinity capable, using global cpuid leaf 11 info
OMP: Info #156: KMP_AFFINITY: 4 available OS procs
OMP: Info #157: KMP_AFFINITY: Uniform topology
OMP: Info #191: KMP_AFFINITY: 1 socket x 2 cores/socket x 2 threads/core (2 total cores)
OMP: Info #215: KMP_AFFINITY: OS proc to physical thread map:
OMP: Info #171: KMP_AFFINITY: OS proc 34 maps to socket 1 core 12 thread 0 
OMP: Info #171: KMP_AFFINITY: OS proc 82 maps to socket 1 core 12 thread 1 
OMP: Info #171: KMP_AFFINITY: OS proc 35 maps to socket 1 core 13 thread 0 
OMP: Info #171: KMP_AFFINITY: OS proc 83 maps to socket 1 core 13 thread 1 
OMP: Info #251: KMP_AFFINITY: pid 2137663 tid 2137738 thread 1 bound to OS proc set 9,57
OMP: Info #154: KMP_AFFINITY: Initial OS proc set respected: 8,9,56,57
OMP: Info #213: KMP_AFFINITY: decoding x2APIC ids.
OMP: Info #144: KMP_AFFINITY: Threads may migrate across 1 innermost levels of machine
OMP: Info #251: KMP_AFFINITY: pid 3003182 tid 3003182 thread 0 bound to OS proc set 28,76
OMP: Info #215: KMP_AFFINITY: OS proc to physical thread map:
OMP: Info #171: KMP_AFFINITY: OS proc 2 maps to socket 0 core 2 thread 0 
OMP: Info #171: KMP_AFFINITY: OS proc 50 maps to socket 0 core 2 thread 1 
OMP: Info #171: KMP_AFFINITY: OS proc 3 maps to socket 0 core 3 thread 0 
OMP: Info #171: KMP_AFFINITY: OS proc 51 maps to socket 0 core 3 thread 1 
OMP: Info #144: KMP_AFFINITY: Threads may migrate across 1 innermost levels of machine
OMP: Info #276: KMP_AFFINITY: Affinity capable, using global cpuid leaf 11 info
OMP: Info #156: KMP_AFFINITY: 4 available OS procs
OMP: Info #157: KMP_AFFINITY: Uniform topology
OMP: Info #191: KMP_AFFINITY: 1 socket x 2 cores/socket x 2 threads/core (2 total cores)
OMP: Info #215: KMP_AFFINITY: OS proc to physical thread map:
OMP: Info #171: KMP_AFFINITY: OS proc 10 maps to socket 0 core 12 thread 0 
OMP: Info #171: KMP_AFFINITY: OS proc 58 maps to socket 0 core 12 thread 1 
OMP: Info #171: KMP_AFFINITY: OS proc 11 maps to socket 0 core 13 thread 0 
OMP: Info #171: KMP_AFFINITY: OS proc 59 maps to socket 0 core 13 thread 1 
OMP: Info #144: KMP_AFFINITY: Threads may migrate across 1 innermost levels of machine
OMP: Info #251: KMP_AFFINITY: pid 2137664 tid 2137664 thread 0 bound to OS proc set 10,58
OMP: Info #276: KMP_AFFINITY: Affinity capable, using global cpuid leaf 11 info
OMP: Info #156: KMP_AFFINITY: 4 available OS procs
OMP: Info #157: KMP_AFFINITY: Uniform topology
OMP: Info #191: KMP_AFFINITY: 1 socket x 2 cores/socket x 2 threads/core (2 total cores)
OMP: Info #215: KMP_AFFINITY: OS proc to physical thread map:
OMP: Info #171: KMP_AFFINITY: OS proc 34 maps to socket 1 core 12 thread 0 
OMP: Info #171: KMP_AFFINITY: OS proc 82 maps to socket 1 core 12 thread 1 
OMP: Info #171: KMP_AFFINITY: OS proc 35 maps to socket 1 core 13 thread 0 
OMP: Info #171: KMP_AFFINITY: OS proc 83 maps to socket 1 core 13 thread 1 
OMP: Info #171: KMP_AFFINITY: OS proc 53 maps to socket 0 core 5 thread 1 
OMP: Info #144: KMP_AFFINITY: Threads may migrate across 1 innermost levels of machine
OMP: Info #251: KMP_AFFINITY: pid 2438545 tid 2438545 thread 0 bound to OS proc set 28,76
OMP: Info #276: KMP_AFFINITY: Affinity capable, using global cpuid leaf 11 info
OMP: Info #156: KMP_AFFINITY: 4 available OS procs
OMP: Info #157: KMP_AFFINITY: Uniform topology
OMP: Info #191: KMP_AFFINITY: 1 socket x 2 cores/socket x 2 threads/core (2 total cores)
OMP: Info #215: KMP_AFFINITY: OS proc to physical thread map:
OMP: Info #171: KMP_AFFINITY: OS proc 30 maps to socket 1 core 8 thread 0 
OMP: Info #171: KMP_AFFINITY: OS proc 78 maps to socket 1 core 8 thread 1 
OMP: Info #171: KMP_AFFINITY: OS proc 31 maps to socket 1 core 9 thread 0 
OMP: Info #171: KMP_AFFINITY: OS proc 79 maps to socket 1 core 9 thread 1 
OMP: Info #144: KMP_AFFINITY: Threads may migrate across 1 innermost levels of machine
OMP: Info #251: KMP_AFFINITY: pid 2137668 tid 2137668 thread 0 bound to OS proc set 30,78
OMP: Info #251: KMP_AFFINITY: pid 824183 tid 824255 thread 1 bound to OS proc set 11,59
OMP: Info #276: KMP_AFFINITY: Affinity capable, using global cpuid leaf 11 info
OMP: Info #156: KMP_AFFINITY: 4 available OS procs
OMP: Info #157: KMP_AFFINITY: Uniform topology
OMP: Info #191: KMP_AFFINITY: 1 socket x 2 cores/socket x 2 threads/core (2 total cores)
OMP: Info #215: KMP_AFFINITY: OS proc to physical thread map:
OMP: Info #171: KMP_AFFINITY: OS proc 10 maps to socket 0 core 12 thread 0 
OMP: Info #171: KMP_AFFINITY: OS proc 58 maps to socket 0 core 12 thread 1 
OMP: Info #171: KMP_AFFINITY: OS proc 11 maps to socket 0 core 13 thread 0 
OMP: Info #171: KMP_AFFINITY: OS proc 59 maps to socket 0 core 13 thread 1 
OMP: Info #251: KMP_AFFINITY: pid 2438546 tid 2438620 thread 1 bound to OS proc set 31,79
OMP: Info #251: KMP_AFFINITY: pid 2137660 tid 2137741 thread 1 bound to OS proc set 3,51
OMP: Info #276: KMP_AFFINITY: Affinity capable, using global cpuid leaf 11 info
OMP: Info #156: KMP_AFFINITY: 4 available OS procs
OMP: Info #157: KMP_AFFINITY: Uniform topology
OMP: Info #191: KMP_AFFINITY: 1 socket x 2 cores/socket x 2 threads/core (2 total cores)
OMP: Info #215: KMP_AFFINITY: OS proc to physical thread map:
OMP: Info #171: KMP_AFFINITY: OS proc 26 maps to socket 1 core 2 thread 0 
OMP: Info #171: KMP_AFFINITY: OS proc 74 maps to socket 1 core 2 thread 1 
OMP: Info #171: KMP_AFFINITY: OS proc 27 maps to socket 1 core 3 thread 0 
OMP: Info #171: KMP_AFFINITY: OS proc 75 maps to socket 1 core 3 thread 1 
OMP: Info #144: KMP_AFFINITY: Threads may migrate across 1 innermost levels of machine
OMP: Info #251: KMP_AFFINITY: pid 3003176 tid 3003176 thread 0 bound to OS proc set 4,52
OMP: Info #144: KMP_AFFINITY: Threads may migrate across 1 innermost levels of machine
OMP: Info #251: KMP_AFFINITY: pid 2438548 tid 2438548 thread 0 bound to OS proc set 34,82
OMP: Info #251: KMP_AFFINITY: pid 2137661 tid 2137661 thread 0 bound to OS proc set 4,52
OMP: Info #276: KMP_AFFINITY: Affinity capable, using global cpuid leaf 11 info
OMP: Info #156: KMP_AFFINITY: 4 available OS procs
OMP: Info #157: KMP_AFFINITY: Uniform topology
OMP: Info #191: KMP_AFFINITY: 1 socket x 2 cores/socket x 2 threads/core (2 total cores)
OMP: Info #215: KMP_AFFINITY: OS proc to physical thread map:
OMP: Info #171: KMP_AFFINITY: OS proc 28 maps to socket 1 core 4 thread 0 
OMP: Info #171: KMP_AFFINITY: OS proc 76 maps to socket 1 core 4 thread 1 
OMP: Info #171: KMP_AFFINITY: OS proc 29 maps to socket 1 core 5 thread 0 
OMP: Info #171: KMP_AFFINITY: OS proc 77 maps to socket 1 core 5 thread 1 
OMP: Info #144: KMP_AFFINITY: Threads may migrate across 1 innermost levels of machine
OMP: Info #251: KMP_AFFINITY: pid 824186 tid 824186 thread 0 bound to OS proc set 28,76
OMP: Info #144: KMP_AFFINITY: Threads may migrate across 1 innermost levels of machine
OMP: Info #251: KMP_AFFINITY: pid 2438538 tid 2438538 thread 0 bound to OS proc set 2,50
OMP: Info #276: KMP_AFFINITY: Affinity capable, using global cpuid leaf 11 info
OMP: Info #156: KMP_AFFINITY: 4 available OS procs
OMP: Info #157: KMP_AFFINITY: Uniform topology
OMP: Info #191: KMP_AFFINITY: 1 socket x 2 cores/socket x 2 threads/core (2 total cores)
OMP: Info #215: KMP_AFFINITY: OS proc to physical thread map:
OMP: Info #171: KMP_AFFINITY: OS proc 24 maps to socket 1 core 0 thread 0 
OMP: Info #171: KMP_AFFINITY: OS proc 72 maps to socket 1 core 0 thread 1 
OMP: Info #171: KMP_AFFINITY: OS proc 25 maps to socket 1 core 1 thread 0 
OMP: Info #171: KMP_AFFINITY: OS proc 73 maps to socket 1 core 1 thread 1 
OMP: Info #144: KMP_AFFINITY: Threads may migrate across 1 innermost levels of machine
OMP: Info #251: KMP_AFFINITY: pid 2137665 tid 2137665 thread 0 bound to OS proc set 24,72
OMP: Info #276: KMP_AFFINITY: Affinity capable, using global cpuid leaf 11 info
OMP: Info #156: KMP_AFFINITY: 4 available OS procs
OMP: Info #157: KMP_AFFINITY: Uniform topology
OMP: Info #191: KMP_AFFINITY: 1 socket x 2 cores/socket x 2 threads/core (2 total cores)
OMP: Info #215: KMP_AFFINITY: OS proc to physical thread map:
OMP: Info #171: KMP_AFFINITY: OS proc 30 maps to socket 1 core 8 thread 0 
OMP: Info #171: KMP_AFFINITY: OS proc 78 maps to socket 1 core 8 thread 1 
OMP: Info #171: KMP_AFFINITY: OS proc 31 maps to socket 1 core 9 thread 0 
OMP: Info #171: KMP_AFFINITY: OS proc 79 maps to socket 1 core 9 thread 1 
OMP: Info #144: KMP_AFFINITY: Threads may migrate across 1 innermost levels of machine
OMP: Info #251: KMP_AFFINITY: pid 3003183 tid 3003252 thread 1 bound to OS proc set 31,79
OMP: Info #251: KMP_AFFINITY: pid 2438539 tid 2438621 thread 1 bound to OS proc set 5,53
OMP: Info #276: KMP_AFFINITY: Affinity capable, using global cpuid leaf 11 info
OMP: Info #156: KMP_AFFINITY: 4 available OS procs
OMP: Info #157: KMP_AFFINITY: Uniform topology
OMP: Info #191: KMP_AFFINITY: 1 socket x 2 cores/socket x 2 threads/core (2 total cores)
OMP: Info #215: KMP_AFFINITY: OS proc to physical thread map:
OMP: Info #171: KMP_AFFINITY: OS proc 26 maps to socket 1 core 2 thread 0 
OMP: Info #171: KMP_AFFINITY: OS proc 74 maps to socket 1 core 2 thread 1 
OMP: Info #171: KMP_AFFINITY: OS proc 27 maps to socket 1 core 3 thread 0 
OMP: Info #171: KMP_AFFINITY: OS proc 75 maps to socket 1 core 3 thread 1 
OMP: Info #144: KMP_AFFINITY: Threads may migrate across 1 innermost levels of machine
OMP: Info #251: KMP_AFFINITY: pid 2137666 tid 2137666 thread 0 bound to OS proc set 26,74
OMP: Info #276: KMP_AFFINITY: Affinity capable, using global cpuid leaf 11 info
OMP: Info #156: KMP_AFFINITY: 4 available OS procs
OMP: Info #157: KMP_AFFINITY: Uniform topology
OMP: Info #191: KMP_AFFINITY: 1 socket x 2 cores/socket x 2 threads/core (2 total cores)
OMP: Info #215: KMP_AFFINITY: OS proc to physical thread map:
OMP: Info #171: KMP_AFFINITY: OS proc 32 maps to socket 1 core 10 thread 0 
OMP: Info #171: KMP_AFFINITY: OS proc 80 maps to socket 1 core 10 thread 1 
OMP: Info #171: KMP_AFFINITY: OS proc 33 maps to socket 1 core 11 thread 0 
OMP: Info #171: KMP_AFFINITY: OS proc 81 maps to socket 1 core 11 thread 1 
OMP: Info #144: KMP_AFFINITY: Threads may migrate across 1 innermost levels of machine
OMP: Info #251: KMP_AFFINITY: pid 824188 tid 824188 thread 0 bound to OS proc set 32,80
OMP: Info #276: KMP_AFFINITY: Affinity capable, using global cpuid leaf 11 info
OMP: Info #156: KMP_AFFINITY: 4 available OS procs
OMP: Info #157: KMP_AFFINITY: Uniform topology
OMP: Info #191: KMP_AFFINITY: 1 socket x 2 cores/socket x 2 threads/core (2 total cores)
OMP: Info #215: KMP_AFFINITY: OS proc to physical thread map:
OMP: Info #171: KMP_AFFINITY: OS proc 0 maps to socket 0 core 0 thread 0 
OMP: Info #251: KMP_AFFINITY: pid 2438540 tid 2438622 thread 1 bound to OS proc set 7,55
OMP: Info #276: KMP_AFFINITY: Affinity capable, using global cpuid leaf 11 info
OMP: Info #156: KMP_AFFINITY: 4 available OS procs
OMP: Info #157: KMP_AFFINITY: Uniform topology
OMP: Info #191: KMP_AFFINITY: 1 socket x 2 cores/socket x 2 threads/core (2 total cores)
OMP: Info #215: KMP_AFFINITY: OS proc to physical thread map:
OMP: Info #171: KMP_AFFINITY: OS proc 28 maps to socket 1 core 4 thread 0 
OMP: Info #171: KMP_AFFINITY: OS proc 76 maps to socket 1 core 4 thread 1 
OMP: Info #171: KMP_AFFINITY: OS proc 29 maps to socket 1 core 5 thread 0 
OMP: Info #171: KMP_AFFINITY: OS proc 77 maps to socket 1 core 5 thread 1 
OMP: Info #144: KMP_AFFINITY: Threads may migrate across 1 innermost levels of machine
OMP: Info #251: KMP_AFFINITY: pid 2137667 tid 2137667 thread 0 bound to OS proc set 28,76
OMP: Info #251: KMP_AFFINITY: pid 824178 tid 824250 thread 1 bound to OS proc set 1,49
OMP: Info #251: KMP_AFFINITY: pid 824178 tid 824252 thread 3 bound to OS proc set 1,49
OMP: Info #251: KMP_AFFINITY: pid 3003179 tid 3003179 thread 0 bound to OS proc set 10,58
OMP: Info #276: KMP_AFFINITY: Affinity capable, using global cpuid leaf 11 info
OMP: Info #156: KMP_AFFINITY: 4 available OS procs
OMP: Info #157: KMP_AFFINITY: Uniform topology
OMP: Info #191: KMP_AFFINITY: 1 socket x 2 cores/socket x 2 threads/core (2 total cores)
OMP: Info #215: KMP_AFFINITY: OS proc to physical thread map:
OMP: Info #171: KMP_AFFINITY: OS proc 24 maps to socket 1 core 0 thread 0 
OMP: Info #171: KMP_AFFINITY: OS proc 72 maps to socket 1 core 0 thread 1 
OMP: Info #171: KMP_AFFINITY: OS proc 25 maps to socket 1 core 1 thread 0 
OMP: Info #171: KMP_AFFINITY: OS proc 73 maps to socket 1 core 1 thread 1 
OMP: Info #144: KMP_AFFINITY: Threads may migrate across 1 innermost levels of machine
OMP: Info #251: KMP_AFFINITY: pid 2438543 tid 2438543 thread 0 bound to OS proc set 24,72
OMP: Info #276: KMP_AFFINITY: Affinity capable, using global cpuid leaf 11 info
OMP: Info #156: KMP_AFFINITY: 4 available OS procs
OMP: Info #157: KMP_AFFINITY: Uniform topology
OMP: Info #191: KMP_AFFINITY: 1 socket x 2 cores/socket x 2 threads/core (2 total cores)
OMP: Info #215: KMP_AFFINITY: OS proc to physical thread map:
OMP: Info #171: KMP_AFFINITY: OS proc 32 maps to socket 1 core 10 thread 0 
OMP: Info #171: KMP_AFFINITY: OS proc 80 maps to socket 1 core 10 thread 1 
OMP: Info #171: KMP_AFFINITY: OS proc 33 maps to socket 1 core 11 thread 0 
OMP: Info #171: KMP_AFFINITY: OS proc 81 maps to socket 1 core 11 thread 1 
OMP: Info #144: KMP_AFFINITY: Threads may migrate across 1 innermost levels of machine
OMP: Info #251: KMP_AFFINITY: pid 2137669 tid 2137669 thread 0 bound to OS proc set 32,80
OMP: Info #276: KMP_AFFINITY: Affinity capable, using global cpuid leaf 11 info
OMP: Info #156: KMP_AFFINITY: 4 available OS procs
OMP: Info #157: KMP_AFFINITY: Uniform topology
OMP: Info #191: KMP_AFFINITY: 1 socket x 2 cores/socket x 2 threads/core (2 total cores)
OMP: Info #215: KMP_AFFINITY: OS proc to physical thread map:
OMP: Info #171: KMP_AFFINITY: OS proc 2 maps to socket 0 core 2 thread 0 
OMP: Info #171: KMP_AFFINITY: OS proc 50 maps to socket 0 core 2 thread 1 
OMP: Info #171: KMP_AFFINITY: OS proc 3 maps to socket 0 core 3 thread 0 
OMP: Info #171: KMP_AFFINITY: OS proc 51 maps to socket 0 core 3 thread 1 
OMP: Info #144: KMP_AFFINITY: Threads may migrate across 1 innermost levels of machine
OMP: Info #251: KMP_AFFINITY: pid 3003180 tid 3003253 thread 1 bound to OS proc set 25,73
OMP: Info #276: KMP_AFFINITY: Affinity capable, using global cpuid leaf 11 info
OMP: Info #156: KMP_AFFINITY: 4 available OS procs
OMP: Info #157: KMP_AFFINITY: Uniform topology
OMP: Info #191: KMP_AFFINITY: 1 socket x 2 cores/socket x 2 threads/core (2 total cores)
OMP: Info #215: KMP_AFFINITY: OS proc to physical thread map:
OMP: Info #171: KMP_AFFINITY: OS proc 26 maps to socket 1 core 2 thread 0 
OMP: Info #171: KMP_AFFINITY: OS proc 74 maps to socket 1 core 2 thread 1 
OMP: Info #171: KMP_AFFINITY: OS proc 27 maps to socket 1 core 3 thread 0 
OMP: Info #171: KMP_AFFINITY: OS proc 75 maps to socket 1 core 3 thread 1 
OMP: Info #144: KMP_AFFINITY: Threads may migrate across 1 innermost levels of machine
OMP: Info #251: KMP_AFFINITY: pid 2438544 tid 2438544 thread 0 bound to OS proc set 26,74
OMP: Info #251: KMP_AFFINITY: pid 2137659 tid 2137739 thread 2 bound to OS proc set 0,48
OMP: Info #251: KMP_AFFINITY: pid 2137659 tid 2137745 thread 3 bound to OS proc set 1,49
OMP: Info #276: KMP_AFFINITY: Affinity capable, using global cpuid leaf 11 info
OMP: Info #156: KMP_AFFINITY: 4 available OS procs
OMP: Info #157: KMP_AFFINITY: Uniform topology
OMP: Info #191: KMP_AFFINITY: 1 socket x 2 cores/socket x 2 threads/core (2 total cores)
OMP: Info #215: KMP_AFFINITY: OS proc to physical thread map:
OMP: Info #171: KMP_AFFINITY: OS proc 6 maps to socket 0 core 8 thread 0 
OMP: Info #171: KMP_AFFINITY: OS proc 54 maps to socket 0 core 8 thread 1 
OMP: Info #171: KMP_AFFINITY: OS proc 7 maps to socket 0 core 9 thread 0 
OMP: Info #171: KMP_AFFINITY: OS proc 55 maps to socket 0 core 9 thread 1 
OMP: Info #171: KMP_AFFINITY: OS proc 48 maps to socket 0 core 0 thread 1 
OMP: Info #171: KMP_AFFINITY: OS proc 1 maps to socket 0 core 1 thread 0 
OMP: Info #171: KMP_AFFINITY: OS proc 49 maps to socket 0 core 1 thread 1 
OMP: Info #144: KMP_AFFINITY: Threads may migrate across 1 innermost levels of machine
OMP: Info #251: KMP_AFFINITY: pid 2438538 tid 2438627 thread 1 bound to OS proc set 3,51
OMP: Info #251: KMP_AFFINITY: pid 2137660 tid 2137742 thread 2 bound to OS proc set 2,50
OMP: Info #276: KMP_AFFINITY: Affinity capable, using global cpuid leaf 11 info
OMP: Info #156: KMP_AFFINITY: 4 available OS procs
OMP: Info #157: KMP_AFFINITY: Uniform topology
OMP: Info #191: KMP_AFFINITY: 1 socket x 2 cores/socket x 2 threads/core (2 total cores)
OMP: Info #215: KMP_AFFINITY: OS proc to physical thread map:
OMP: Info #171: KMP_AFFINITY: OS proc 8 maps to socket 0 core 10 thread 0 
OMP: Info #171: KMP_AFFINITY: OS proc 56 maps to socket 0 core 10 thread 1 
OMP: Info #171: KMP_AFFINITY: OS proc 9 maps to socket 0 core 11 thread 0 
OMP: Info #171: KMP_AFFINITY: OS proc 57 maps to socket 0 core 11 thread 1 
OMP: Info #144: KMP_AFFINITY: Threads may migrate across 1 innermost levels of machine
OMP: Info #251: KMP_AFFINITY: pid 824182 tid 824182 thread 0 bound to OS proc set 8,56
OMP: Info #251: KMP_AFFINITY: pid 3003181 tid 3003254 thread 1 bound to OS proc set 27,75
OMP: Info #251: KMP_AFFINITY: pid 2438542 tid 2438619 thread 2 bound to OS proc set 10,58
OMP: Info #251: KMP_AFFINITY: pid 2137661 tid 2137747 thread 1 bound to OS proc set 5,53
OMP: Info #276: KMP_AFFINITY: Affinity capable, using global cpuid leaf 11 info
OMP: Info #156: KMP_AFFINITY: 4 available OS procs
OMP: Info #157: KMP_AFFINITY: Uniform topology
OMP: Info #191: KMP_AFFINITY: 1 socket x 2 cores/socket x 2 threads/core (2 total cores)
OMP: Info #215: KMP_AFFINITY: OS proc to physical thread map:
OMP: Info #171: KMP_AFFINITY: OS proc 24 maps to socket 1 core 0 thread 0 
OMP: Info #171: KMP_AFFINITY: OS proc 72 maps to socket 1 core 0 thread 1 
OMP: Info #171: KMP_AFFINITY: OS proc 25 maps to socket 1 core 1 thread 0 
OMP: Info #171: KMP_AFFINITY: OS proc 73 maps to socket 1 core 1 thread 1 
OMP: Info #144: KMP_AFFINITY: Threads may migrate across 1 innermost levels of machine
OMP: Info #251: KMP_AFFINITY: pid 824184 tid 824184 thread 0 bound to OS proc set 24,72
OMP: Info #251: KMP_AFFINITY: pid 3003174 tid 3003174 thread 0 bound to OS proc set 0,48
OMP: Info #251: KMP_AFFINITY: pid 2438545 tid 2438625 thread 1 bound to OS proc set 29,77
OMP: Info #251: KMP_AFFINITY: pid 2137663 tid 2137740 thread 2 bound to OS proc set 8,56
OMP: Info #251: KMP_AFFINITY: pid 824185 tid 824185 thread 0 bound to OS proc set 26,74
OMP: Info #251: KMP_AFFINITY: pid 3003182 tid 3003255 thread 1 bound to OS proc set 29,77
OMP: Info #251: KMP_AFFINITY: pid 2438546 tid 2438623 thread 2 bound to OS proc set 30,78
OMP: Info #251: KMP_AFFINITY: pid 2137664 tid 2137743 thread 1 bound to OS proc set 11,59
OMP: Info #251: KMP_AFFINITY: pid 824187 tid 824187 thread 0 bound to OS proc set 30,78
OMP: Info #251: KMP_AFFINITY: pid 3003176 tid 3003259 thread 1 bound to OS proc set 5,53
OMP: Info #251: KMP_AFFINITY: pid 2438539 tid 2438624 thread 2 bound to OS proc set 4,52
OMP: Info #251: KMP_AFFINITY: pid 2137668 tid 2137744 thread 1 bound to OS proc set 31,79
OMP: Info #144: KMP_AFFINITY: Threads may migrate across 1 innermost levels of machine
OMP: Info #251: KMP_AFFINITY: pid 824189 tid 824189 thread 0 bound to OS proc set 34,82
OMP: Info #251: KMP_AFFINITY: pid 3003179 tid 3003261 thread 1 bound to OS proc set 11,59
OMP: Info #251: KMP_AFFINITY: pid 2438546 tid 2438629 thread 3 bound to OS proc set 31,79
OMP: Info #251: KMP_AFFINITY: pid 2137661 tid 2137749 thread 2 bound to OS proc set 4,52
OMP: Info #251: KMP_AFFINITY: pid 824179 tid 824179 thread 0 bound to OS proc set 2,50
OMP: Info #251: KMP_AFFINITY: pid 3003183 tid 3003256 thread 2 bound to OS proc set 30,78
OMP: Info #251: KMP_AFFINITY: pid 2438548 tid 2438626 thread 1 bound to OS proc set 35,83
OMP: Info #251: KMP_AFFINITY: pid 2137664 tid 2137748 thread 2 bound to OS proc set 10,58
OMP: Info #144: KMP_AFFINITY: Threads may migrate across 1 innermost levels of machine
OMP: Info #251: KMP_AFFINITY: pid 824181 tid 824181 thread 0 bound to OS proc set 6,54
OMP: Info #251: KMP_AFFINITY: pid 3003180 tid 3003257 thread 2 bound to OS proc set 24,72
OMP: Info #251: KMP_AFFINITY: pid 2438545 tid 2438628 thread 2 bound to OS proc set 28,76
OMP: Info #251: KMP_AFFINITY: pid 2137665 tid 2137753 thread 1 bound to OS proc set 25,73
OMP: Info #251: KMP_AFFINITY: pid 824183 tid 824256 thread 2 bound to OS proc set 10,58
OMP: Info #251: KMP_AFFINITY: pid 3003181 tid 3003258 thread 2 bound to OS proc set 26,74
OMP: Info #251: KMP_AFFINITY: pid 2438539 tid 2438634 thread 3 bound to OS proc set 5,53
OMP: Info #251: KMP_AFFINITY: pid 2137667 tid 2137751 thread 1 bound to OS proc set 29,77
OMP: Info #251: KMP_AFFINITY: pid 824186 tid 824257 thread 1 bound to OS proc set 29,77
OMP: Info #251: KMP_AFFINITY: pid 3003174 tid 3003266 thread 1 bound to OS proc set 1,49
OMP: Info #251: KMP_AFFINITY: pid 2438543 tid 2438633 thread 1 bound to OS proc set 25,73
OMP: Info #251: KMP_AFFINITY: pid 2137668 tid 2137750 thread 2 bound to OS proc set 30,78
OMP: Info #251: KMP_AFFINITY: pid 2137668 tid 2137760 thread 3 bound to OS proc set 31,79
OMP: Info #251: KMP_AFFINITY: pid 824187 tid 824259 thread 1 bound to OS proc set 31,79
OMP: Info #251: KMP_AFFINITY: pid 3003181 tid 3003265 thread 3 bound to OS proc set 27,75
OMP: Info #251: KMP_AFFINITY: pid 2438538 tid 2438630 thread 2 bound to OS proc set 2,50
OMP: Info #251: KMP_AFFINITY: pid 2137669 tid 2137752 thread 1 bound to OS proc set 33,81
OMP: Info #251: KMP_AFFINITY: pid 824189 tid 824258 thread 1 bound to OS proc set 35,83
OMP: Info #251: KMP_AFFINITY: pid 3003182 tid 3003260 thread 2 bound to OS proc set 28,76
OMP: Info #251: KMP_AFFINITY: pid 2438544 tid 2438631 thread 1 bound to OS proc set 27,75
OMP: Info #251: KMP_AFFINITY: pid 2137660 tid 2137755 thread 3 bound to OS proc set 3,51
OMP: Info #251: KMP_AFFINITY: pid 824179 tid 824266 thread 1 bound to OS proc set 3,51
OMP: Info #251: KMP_AFFINITY: pid 3003176 tid 3003262 thread 2 bound to OS proc set 4,52
OMP: Info #251: KMP_AFFINITY: pid 2438548 tid 2438632 thread 2 bound to OS proc set 34,82
OMP: Info #251: KMP_AFFINITY: pid 2137664 tid 2137758 thread 3 bound to OS proc set 11,59
OMP: Info #251: KMP_AFFINITY: pid 824182 tid 824262 thread 1 bound to OS proc set 9,57
OMP: Info #251: KMP_AFFINITY: pid 3003180 tid 3003267 thread 3 bound to OS proc set 25,73
OMP: Info #251: KMP_AFFINITY: pid 2438540 tid 2438636 thread 2 bound to OS proc set 6,54
OMP: Info #251: KMP_AFFINITY: pid 2137666 tid 2137754 thread 1 bound to OS proc set 27,75
OMP: Info #251: KMP_AFFINITY: pid 824184 tid 824263 thread 1 bound to OS proc set 25,73
OMP: Info #251: KMP_AFFINITY: pid 3003183 tid 3003264 thread 3 bound to OS proc set 31,79
OMP: Info #251: KMP_AFFINITY: pid 2438545 tid 2438635 thread 3 bound to OS proc set 29,77
OMP: Info #251: KMP_AFFINITY: pid 2137667 tid 2137756 thread 2 bound to OS proc set 28,76
OMP: Info #251: KMP_AFFINITY: pid 824188 tid 824260 thread 1 bound to OS proc set 33,81
OMP: Info #251: KMP_AFFINITY: pid 3003179 tid 3003263 thread 2 bound to OS proc set 10,58
OMP: Info #251: KMP_AFFINITY: pid 2438538 tid 2438638 thread 3 bound to OS proc set 3,51
OMP: Info #251: KMP_AFFINITY: pid 2137665 tid 2137757 thread 2 bound to OS proc set 24,72
OMP: Info #251: KMP_AFFINITY: pid 824186 tid 824261 thread 2 bound to OS proc set 28,76
OMP: Info #251: KMP_AFFINITY: pid 3003182 tid 3003268 thread 3 bound to OS proc set 29,77
OMP: Info #251: KMP_AFFINITY: pid 2438548 tid 2438640 thread 3 bound to OS proc set 35,83
OMP: Info #251: KMP_AFFINITY: pid 2137666 tid 2137761 thread 2 bound to OS proc set 26,74
OMP: Info #251: KMP_AFFINITY: pid 824188 tid 824267 thread 2 bound to OS proc set 32,80
OMP: Info #251: KMP_AFFINITY: pid 3003174 tid 3003269 thread 2 bound to OS proc set 0,48
OMP: Info #251: KMP_AFFINITY: pid 2438543 tid 2438637 thread 2 bound to OS proc set 24,72
OMP: Info #251: KMP_AFFINITY: pid 2137667 tid 2137762 thread 3 bound to OS proc set 29,77
OMP: Info #251: KMP_AFFINITY: pid 824186 tid 824271 thread 3 bound to OS proc set 29,77
OMP: Info #251: KMP_AFFINITY: pid 3003176 tid 3003270 thread 3 bound to OS proc set 5,53
OMP: Info #251: KMP_AFFINITY: pid 2438544 tid 2438639 thread 2 bound to OS proc set 26,74
OMP: Info #251: KMP_AFFINITY: pid 2137669 tid 2137759 thread 2 bound to OS proc set 32,80
OMP: Info #251: KMP_AFFINITY: pid 824179 tid 824269 thread 2 bound to OS proc set 2,50
OMP: Info #276: KMP_AFFINITY: Affinity capable, using global cpuid leaf 11 info
OMP: Info #156: KMP_AFFINITY: 4 available OS procs
OMP: Info #157: KMP_AFFINITY: Uniform topology
OMP: Info #191: KMP_AFFINITY: 1 socket x 2 cores/socket x 2 threads/core (2 total cores)
OMP: Info #215: KMP_AFFINITY: OS proc to physical thread map:
OMP: Info #171: KMP_AFFINITY: OS proc 34 maps to socket 1 core 12 thread 0 
OMP: Info #171: KMP_AFFINITY: OS proc 82 maps to socket 1 core 12 thread 1 
OMP: Info #171: KMP_AFFINITY: OS proc 35 maps to socket 1 core 13 thread 0 
OMP: Info #171: KMP_AFFINITY: OS proc 83 maps to socket 1 core 13 thread 1 
OMP: Info #144: KMP_AFFINITY: Threads may migrate across 1 innermost levels of machine
OMP: Info #251: KMP_AFFINITY: pid 3003185 tid 3003185 thread 0 bound to OS proc set 34,82
OMP: Info #251: KMP_AFFINITY: pid 2438543 tid 2438641 thread 3 bound to OS proc set 25,73
OMP: Info #251: KMP_AFFINITY: pid 2137665 tid 2137764 thread 3 bound to OS proc set 25,73
OMP: Info #251: KMP_AFFINITY: pid 824184 tid 824270 thread 2 bound to OS proc set 24,72
OMP: Info #251: KMP_AFFINITY: pid 3003185 tid 3003271 thread 1 bound to OS proc set 35,83
OMP: Info #251: KMP_AFFINITY: pid 2438544 tid 2438642 thread 3 bound to OS proc set 27,75
OMP: Info #251: KMP_AFFINITY: pid 2137666 tid 2137763 thread 3 bound to OS proc set 27,75
OMP: Info #251: KMP_AFFINITY: pid 824188 tid 824272 thread 3 bound to OS proc set 33,81
OMP: Info #251: KMP_AFFINITY: pid 3003185 tid 3003272 thread 2 bound to OS proc set 34,82
OMP: Info #251: KMP_AFFINITY: pid 2438542 tid 2438643 thread 3 bound to OS proc set 11,59
OMP: Info #251: KMP_AFFINITY: pid 2137663 tid 2137746 thread 3 bound to OS proc set 9,57
OMP: Info #251: KMP_AFFINITY: pid 824179 tid 824275 thread 3 bound to OS proc set 3,51
OMP: Info #154: KMP_AFFINITY: Initial OS proc set respected: 6,7,54,55
OMP: Info #213: KMP_AFFINITY: decoding x2APIC ids.
OMP: Info #251: KMP_AFFINITY: pid 2438540 tid 2438644 thread 3 bound to OS proc set 7,55
OMP: Info #251: KMP_AFFINITY: pid 2137669 tid 2137765 thread 3 bound to OS proc set 33,81
OMP: Info #251: KMP_AFFINITY: pid 824181 tid 824274 thread 1 bound to OS proc set 7,55
OMP: Info #154: KMP_AFFINITY: Initial OS proc set respected: 8,9,56,57
OMP: Info #213: KMP_AFFINITY: decoding x2APIC ids.
OMP: Info #251: KMP_AFFINITY: pid 2137661 tid 2137766 thread 3 bound to OS proc set 5,53
OMP: Info #251: KMP_AFFINITY: pid 824184 tid 824273 thread 3 bound to OS proc set 25,73
OMP: Info #251: KMP_AFFINITY: pid 3003185 tid 3003273 thread 3 bound to OS proc set 35,83

Num-X: 3 ; Num-Y: 16 ; Resolution: 6500 ; Rank: 36 ; Rank-X: 0 ; Rank-Y: 12 ; Rowstart: 4884; Rowend: 5292; Rows: 408; Colstart: 0; Colend: 2168; Cols: 2168;OMP: Info #251: KMP_AFFINITY: pid 824180 tid 824254 thread 2 bound to OS proc set 4,52
OMP: Info #251: KMP_AFFINITY: pid 824180 tid 824277 thread 3 bound to OS proc set 5,53
OMP: Info #276: KMP_AFFINITY: Affinity capable, using global cpuid leaf 11 info
OMP: Info #156: KMP_AFFINITY: 4 available OS procs
OMP: Info #157: KMP_AFFINITY: Uniform topology
OMP: Info #191: KMP_AFFINITY: 1 socket x 2 cores/socket x 2 threads/core (2 total cores)
OMP: Info #215: KMP_AFFINITY: OS proc to physical thread map:
OMP: Info #171: KMP_AFFINITY: OS proc 6 maps to socket 0 core 8 thread 0 
OMP: Info #171: KMP_AFFINITY: OS proc 54 maps to socket 0 core 8 thread 1 
OMP: Info #171: KMP_AFFINITY: OS proc 7 maps to socket 0 core 9 thread 0 
OMP: Info #171: KMP_AFFINITY: OS proc 55 maps to socket 0 core 9 thread 1 
OMP: Info #144: KMP_AFFINITY: Threads may migrate across 1 innermost levels of machine
OMP: Info #251: KMP_AFFINITY: pid 3003177 tid 3003177 thread 0 bound to OS proc set 6,54
OMP: Info #251: KMP_AFFINITY: pid 824181 tid 824276 thread 2 bound to OS proc set 6,54
OMP: Info #276: KMP_AFFINITY: Affinity capable, using global cpuid leaf 11 info
OMP: Info #156: KMP_AFFINITY: 4 available OS procs
OMP: Info #157: KMP_AFFINITY: Uniform topology
OMP: Info #191: KMP_AFFINITY: 1 socket x 2 cores/socket x 2 threads/core (2 total cores)
OMP: Info #215: KMP_AFFINITY: OS proc to physical thread map:
OMP: Info #171: KMP_AFFINITY: OS proc 8 maps to socket 0 core 10 thread 0 
OMP: Info #171: KMP_AFFINITY: OS proc 56 maps to socket 0 core 10 thread 1 
OMP: Info #171: KMP_AFFINITY: OS proc 9 maps to socket 0 core 11 thread 0 
OMP: Info #171: KMP_AFFINITY: OS proc 57 maps to socket 0 core 11 thread 1 
OMP: Info #144: KMP_AFFINITY: Threads may migrate across 1 innermost levels of machine
OMP: Info #251: KMP_AFFINITY: pid 3003178 tid 3003178 thread 0 bound to OS proc set 8,56
OMP: Info #251: KMP_AFFINITY: pid 824181 tid 824279 thread 3 bound to OS proc set 7,55
OMP: Info #251: KMP_AFFINITY: pid 3003177 tid 3003275 thread 1 bound to OS proc set 7,55
OMP: Info #251: KMP_AFFINITY: pid 824183 tid 824280 thread 3 bound to OS proc set 11,59
OMP: Info #251: KMP_AFFINITY: pid 3003174 tid 3003277 thread 3 bound to OS proc set 1,49
OMP: Info #251: KMP_AFFINITY: pid 824185 tid 824278 thread 1 bound to OS proc set 27,75
OMP: Info #251: KMP_AFFINITY: pid 824185 tid 824281 thread 2 bound to OS proc set 26,74
OMP: Info #251: KMP_AFFINITY: pid 3003178 tid 3003276 thread 1 bound to OS proc set 9,57
OMP: Info #251: KMP_AFFINITY: pid 824189 tid 824264 thread 2 bound to OS proc set 34,82
OMP: Info #251: KMP_AFFINITY: pid 3003177 tid 3003278 thread 2 bound to OS proc set 6,54
OMP: Info #251: KMP_AFFINITY: pid 3003177 tid 3003280 thread 3 bound to OS proc set 7,55
OMP: Info #251: KMP_AFFINITY: pid 824187 tid 824265 thread 2 bound to OS proc set 30,78
OMP: Info #251: KMP_AFFINITY: pid 3003178 tid 3003279 thread 2 bound to OS proc set 8,56
OMP: Info #251: KMP_AFFINITY: pid 824189 tid 824283 thread 3 bound to OS proc set 35,83
OMP: Info #251: KMP_AFFINITY: pid 3003179 tid 3003274 thread 3 bound to OS proc set 11,59
OMP: Info #251: KMP_AFFINITY: pid 824182 tid 824268 thread 2 bound to OS proc set 8,56
OMP: Info #251: KMP_AFFINITY: pid 824182 tid 824285 thread 3 bound to OS proc set 9,57
OMP: Info #251: KMP_AFFINITY: pid 3003178 tid 3003281 thread 3 bound to OS proc set 9,57
OMP: Info #251: KMP_AFFINITY: pid 824185 tid 824282 thread 3 bound to OS proc set 27,75
OMP: Info #251: KMP_AFFINITY: pid 824187 tid 824284 thread 3 bound to OS proc set 31,79

Num-X: 3 ; Num-Y: 16 ; Resolution: 6500 ; Rank: 10 ; Rank-X: 1 ; Rank-Y: 3 ; Rowstart: 1221; Rowend: 1629; Rows: 408; Colstart: 2167; Colend: 4335; Cols: 2168;
Num-X: 3 ; Num-Y: 16 ; Resolution: 6500 ; Rank: 1 ; Rank-X: 1 ; Rank-Y: 0 ; Rowstart: 0; Rowend: 408; Rows: 408; Colstart: 2167; Colend: 4335; Cols: 2168;
Num-X: 3 ; Num-Y: 16 ; Resolution: 6500 ; Rank: 40 ; Rank-X: 1 ; Rank-Y: 13 ; Rowstart: 5291; Rowend: 5699; Rows: 408; Colstart: 2167; Colend: 4335; Cols: 2168;
Num-X: 3 ; Num-Y: 16 ; Resolution: 6500 ; Rank: 46 ; Rank-X: 1 ; Rank-Y: 15 ; Rowstart: 6105; Rowend: 6501; Rows: 396; Colstart: 2167; Colend: 4335; Cols: 2168;
Num-X: 3 ; Num-Y: 16 ; Resolution: 6500 ; Rank: 35 ; Rank-X: 2 ; Rank-Y: 11 ; Rowstart: 4477; Rowend: 4885; Rows: 408; Colstart: 4334; Colend: 6501; Cols: 2167;
Num-X: 3 ; Num-Y: 16 ; Resolution: 6500 ; Rank: 37 ; Rank-X: 1 ; Rank-Y: 12 ; Rowstart: 4884; Rowend: 5292; Rows: 408; Colstart: 2167; Colend: 4335; Cols: 2168;
Num-X: 3 ; Num-Y: 16 ; Resolution: 6500 ; Rank: 43 ; Rank-X: 1 ; Rank-Y: 14 ; Rowstart: 5698; Rowend: 6106; Rows: 408; Colstart: 2167; Colend: 4335; Cols: 2168;
Num-X: 3 ; Num-Y: 16 ; Resolution: 6500 ; Rank: 27 ; Rank-X: 0 ; Rank-Y: 9 ; Rowstart: 3663; Rowend: 4071; Rows: 408; Colstart: 0; Colend: 2168; Cols: 2168;
Num-X: 3 ; Num-Y: 16 ; Resolution: 6500 ; Rank: 34 ; Rank-X: 1 ; Rank-Y: 11 ; Rowstart: 4477; Rowend: 4885; Rows: 408; Colstart: 2167; Colend: 4335; Cols: 2168;
Num-X: 3 ; Num-Y: 16 ; Resolution: 6500 ; Rank: 38 ; Rank-X: 2 ; Rank-Y: 12 ; Rowstart: 4884; Rowend: 5292; Rows: 408; Colstart: 4334; Colend: 6501; Cols: 2167;
Num-X: 3 ; Num-Y: 16 ; Resolution: 6500 ; Rank: 44 ; Rank-X: 2 ; Rank-Y: 14 ; Rowstart: 5698; Rowend: 6106; Rows: 408; Colstart: 4334; Colend: 6501; Cols: 2167;
Num-X: 3 ; Num-Y: 16 ; Resolution: 6500 ; Rank: 7 ; Rank-X: 1 ; Rank-Y: 2 ; Rowstart: 814; Rowend: 1222; Rows: 408; Colstart: 2167; Colend: 4335; Cols: 2168;
Num-X: 3 ; Num-Y: 16 ; Resolution: 6500 ; Rank: 31 ; Rank-X: 1 ; Rank-Y: 10 ; Rowstart: 4070; Rowend: 4478; Rows: 408; Colstart: 2167; Colend: 4335; Cols: 2168;
Num-X: 3 ; Num-Y: 16 ; Resolution: 6500 ; Rank: 33 ; Rank-X: 0 ; Rank-Y: 11 ; Rowstart: 4477; Rowend: 4885; Rows: 408; Colstart: 0; Colend: 2168; Cols: 2168;
Num-X: 3 ; Num-Y: 16 ; Resolution: 6500 ; Rank: 25 ; Rank-X: 1 ; Rank-Y: 8 ; Rowstart: 3256; Rowend: 3664; Rows: 408; Colstart: 2167; Colend: 4335; Cols: 2168;
Num-X: 3 ; Num-Y: 16 ; Resolution: 6500 ; Rank: 30 ; Rank-X: 0 ; Rank-Y: 10 ; Rowstart: 4070; Rowend: 4478; Rows: 408; Colstart: 0; Colend: 2168; Cols: 2168;
Num-X: 3 ; Num-Y: 16 ; Resolution: 6500 ; Rank: 26 ; Rank-X: 2 ; Rank-Y: 8 ; Rowstart: 3256; Rowend: 3664; Rows: 408; Colstart: 4334; Colend: 6501; Cols: 2167;
Num-X: 3 ; Num-Y: 16 ; Resolution: 6500 ; Rank: 22 ; Rank-X: 1 ; Rank-Y: 7 ; Rowstart: 2849; Rowend: 3257; Rows: 408; Colstart: 2167; Colend: 4335; Cols: 2168;
Num-X: 3 ; Num-Y: 16 ; Resolution: 6500 ; Rank: 6 ; Rank-X: 0 ; Rank-Y: 2 ; Rowstart: 814; Rowend: 1222; Rows: 408; Colstart: 0; Colend: 2168; Cols: 2168;
Num-X: 3 ; Num-Y: 16 ; Resolution: 6500 ; Rank: 32 ; Rank-X: 2 ; Rank-Y: 10 ; Rowstart: 4070; Rowend: 4478; Rows: 408; Colstart: 4334; Colend: 6501; Cols: 2167;
Num-X: 3 ; Num-Y: 16 ; Resolution: 6500 ; Rank: 9 ; Rank-X: 0 ; Rank-Y: 3 ; Rowstart: 1221; Rowend: 1629; Rows: 408; Colstart: 0; Colend: 2168; Cols: 2168;
Num-X: 3 ; Num-Y: 16 ; Resolution: 6500 ; Rank: 12 ; Rank-X: 0 ; Rank-Y: 4 ; Rowstart: 1628; Rowend: 2036; Rows: 408; Colstart: 0; Colend: 2168; Cols: 2168;
Num-X: 3 ; Num-Y: 16 ; Resolution: 6500 ; Rank: 8 ; Rank-X: 2 ; Rank-Y: 2 ; Rowstart: 814; Rowend: 1222; Rows: 408; Colstart: 4334; Colend: 6501; Cols: 2167;
Num-X: 3 ; Num-Y: 16 ; Resolution: 6500 ; Rank: 41 ; Rank-X: 2 ; Rank-Y: 13 ; Rowstart: 5291; Rowend: 5699; Rows: 408; Colstart: 4334; Colend: 6501; Cols: 2167;
Num-X: 3 ; Num-Y: 16 ; Resolution: 6500 ; Rank: 24 ; Rank-X: 0 ; Rank-Y: 8 ; Rowstart: 3256; Rowend: 3664; Rows: 408; Colstart: 0; Colend: 2168; Cols: 2168;
Num-X: 3 ; Num-Y: 16 ; Resolution: 6500 ; Rank: 13 ; Rank-X: 1 ; Rank-Y: 4 ; Rowstart: 1628; Rowend: 2036; Rows: 408; Colstart: 2167; Colend: 4335; Cols: 2168;
Num-X: 3 ; Num-Y: 16 ; Resolution: 6500 ; Rank: 2 ; Rank-X: 2 ; Rank-Y: 0 ; Rowstart: 0; Rowend: 408; Rows: 408; Colstart: 4334; Colend: 6501; Cols: 2167;
Num-X: 3 ; Num-Y: 16 ; Resolution: 6500 ; Rank: 45 ; Rank-X: 0 ; Rank-Y: 15 ; Rowstart: 6105; Rowend: 6501; Rows: 396; Colstart: 0; Colend: 2168; Cols: 2168;
Num-X: 3 ; Num-Y: 16 ; Resolution: 6500 ; Rank: 28 ; Rank-X: 1 ; Rank-Y: 9 ; Rowstart: 3663; Rowend: 4071; Rows: 408; Colstart: 2167; Colend: 4335; Cols: 2168;
Num-X: 3 ; Num-Y: 16 ; Resolution: 6500 ; Rank: 20 ; Rank-X: 2 ; Rank-Y: 6 ; Rowstart: 2442; Rowend: 2850; Rows: 408; Colstart: 4334; Colend: 6501; Cols: 2167;
Num-X: 3 ; Num-Y: 16 ; Resolution: 6500 ; Rank: 47 ; Rank-X: 2 ; Rank-Y: 15 ; Rowstart: 6105; Rowend: 6501; Rows: 396; Colstart: 4334; Colend: 6501; Cols: 2167;
Num-X: 3 ; Num-Y: 16 ; Resolution: 6500 ; Rank: 15 ; Rank-X: 0 ; Rank-Y: 5 ; Rowstart: 2035; Rowend: 2443; Rows: 408; Colstart: 0; Colend: 2168; Cols: 2168;
Num-X: 3 ; Num-Y: 16 ; Resolution: 6500 ; Rank: 42 ; Rank-X: 0 ; Rank-Y: 14 ; Rowstart: 5698; Rowend: 6106; Rows: 408; Colstart: 0; Colend: 2168; Cols: 2168;
Num-X: 3 ; Num-Y: 16 ; Resolution: 6500 ; Rank: 17 ; Rank-X: 2 ; Rank-Y: 5 ; Rowstart: 2035; Rowend: 2443; Rows: 408; Colstart: 4334; Colend: 6501; Cols: 2167;
Num-X: 3 ; Num-Y: 16 ; Resolution: 6500 ; Rank: 18 ; Rank-X: 0 ; Rank-Y: 6 ; Rowstart: 2442; Rowend: 2850; Rows: 408; Colstart: 0; Colend: 2168; Cols: 2168;
Num-X: 3 ; Num-Y: 16 ; Resolution: 6500 ; Rank: 29 ; Rank-X: 2 ; Rank-Y: 9 ; Rowstart: 3663; Rowend: 4071; Rows: 408; Colstart: 4334; Colend: 6501; Cols: 2167;
Num-X: 3 ; Num-Y: 16 ; Resolution: 6500 ; Rank: 23 ; Rank-X: 2 ; Rank-Y: 7 ; Rowstart: 2849; Rowend: 3257; Rows: 408; Colstart: 4334; Colend: 6501; Cols: 2167;
Num-X: 3 ; Num-Y: 16 ; Resolution: 6500 ; Rank: 5 ; Rank-X: 2 ; Rank-Y: 1 ; Rowstart: 407; Rowend: 815; Rows: 408; Colstart: 4334; Colend: 6501; Cols: 2167;
Num-X: 3 ; Num-Y: 16 ; Resolution: 6500 ; Rank: 11 ; Rank-X: 2 ; Rank-Y: 3 ; Rowstart: 1221; Rowend: 1629; Rows: 408; Colstart: 4334; Colend: 6501; Cols: 2167;
Num-X: 3 ; Num-Y: 16 ; Resolution: 6500 ; Rank: 19 ; Rank-X: 1 ; Rank-Y: 6 ; Rowstart: 2442; Rowend: 2850; Rows: 408; Colstart: 2167; Colend: 4335; Cols: 2168;
Num-X: 3 ; Num-Y: 16 ; Resolution: 6500 ; Rank: 14 ; Rank-X: 2 ; Rank-Y: 4 ; Rowstart: 1628; Rowend: 2036; Rows: 408; Colstart: 4334; Colend: 6501; Cols: 2167;
Num-X: 3 ; Num-Y: 16 ; Resolution: 6500 ; Rank: 3 ; Rank-X: 0 ; Rank-Y: 1 ; Rowstart: 407; Rowend: 815; Rows: 408; Colstart: 0; Colend: 2168; Cols: 2168;
Num-X: 3 ; Num-Y: 16 ; Resolution: 6500 ; Rank: 0 ; Rank-X: 0 ; Rank-Y: 0 ; Rowstart: 0; Rowend: 408; Rows: 408; Colstart: 0; Colend: 2168; Cols: 2168;
Num-X: 3 ; Num-Y: 16 ; Resolution: 6500 ; Rank: 4 ; Rank-X: 1 ; Rank-Y: 1 ; Rowstart: 407; Rowend: 815; Rows: 408; Colstart: 2167; Colend: 4335; Cols: 2168;
Num-X: 3 ; Num-Y: 16 ; Resolution: 6500 ; Rank: 16 ; Rank-X: 1 ; Rank-Y: 5 ; Rowstart: 2035; Rowend: 2443; Rows: 408; Colstart: 2167; Colend: 4335; Cols: 2168;
Num-X: 3 ; Num-Y: 16 ; Resolution: 6500 ; Rank: 21 ; Rank-X: 0 ; Rank-Y: 7 ; Rowstart: 2849; Rowend: 3257; Rows: 408; Colstart: 0; Colend: 2168; Cols: 2168;
Num-X: 3 ; Num-Y: 16 ; Resolution: 6500 ; Rank: 39 ; Rank-X: 0 ; Rank-Y: 13 ; Rowstart: 5291; Rowend: 5699; Rows: 408; Colstart: 0; Colend: 2168; Cols: 2168;

Resolution: 6500
===================
Execution time: 0.018567
Residual: 3.049154

megaflops:  318574.5
  flop instructions (M):  5915.000

Num-X: 3 ; Num-Y: 16 ; Resolution: 8500 ; Rank: 2 ; Rank-X: 2 ; Rank-Y: 0 ; Rowstart: 0; Rowend: 533; Rows: 533; Colstart: 5668; Colend: 8501; Cols: 2833;
Num-X: 3 ; Num-Y: 16 ; Resolution: 8500 ; Rank: 1 ; Rank-X: 1 ; Rank-Y: 0 ; Rowstart: 0; Rowend: 533; Rows: 533; Colstart: 2834; Colend: 5669; Cols: 2835;
Num-X: 3 ; Num-Y: 16 ; Resolution: 8500 ; Rank: 3 ; Rank-X: 0 ; Rank-Y: 1 ; Rowstart: 532; Rowend: 1065; Rows: 533; Colstart: 0; Colend: 2835; Cols: 2835;
Num-X: 3 ; Num-Y: 16 ; Resolution: 8500 ; Rank: 4 ; Rank-X: 1 ; Rank-Y: 1 ; Rowstart: 532; Rowend: 1065; Rows: 533; Colstart: 2834; Colend: 5669; Cols: 2835;
Num-X: 3 ; Num-Y: 16 ; Resolution: 8500 ; Rank: 8 ; Rank-X: 2 ; Rank-Y: 2 ; Rowstart: 1064; Rowend: 1597; Rows: 533; Colstart: 5668; Colend: 8501; Cols: 2833;
Num-X: 3 ; Num-Y: 16 ; Resolution: 8500 ; Rank: 10 ; Rank-X: 1 ; Rank-Y: 3 ; Rowstart: 1596; Rowend: 2129; Rows: 533; Colstart: 2834; Colend: 5669; Cols: 2835;
Num-X: 3 ; Num-Y: 16 ; Resolution: 8500 ; Rank: 7 ; Rank-X: 1 ; Rank-Y: 2 ; Rowstart: 1064; Rowend: 1597; Rows: 533; Colstart: 2834; Colend: 5669; Cols: 2835;
Num-X: 3 ; Num-Y: 16 ; Resolution: 8500 ; Rank: 13 ; Rank-X: 1 ; Rank-Y: 4 ; Rowstart: 2128; Rowend: 2661; Rows: 533; Colstart: 2834; Colend: 5669; Cols: 2835;
Num-X: 3 ; Num-Y: 16 ; Resolution: 8500 ; Rank: 28 ; Rank-X: 1 ; Rank-Y: 9 ; Rowstart: 4788; Rowend: 5321; Rows: 533; Colstart: 2834; Colend: 5669; Cols: 2835;
Num-X: 3 ; Num-Y: 16 ; Resolution: 8500 ; Rank: 15 ; Rank-X: 0 ; Rank-Y: 5 ; Rowstart: 2660; Rowend: 3193; Rows: 533; Colstart: 0; Colend: 2835; Cols: 2835;
Num-X: 3 ; Num-Y: 16 ; Resolution: 8500 ; Rank: 25 ; Rank-X: 1 ; Rank-Y: 8 ; Rowstart: 4256; Rowend: 4789; Rows: 533; Colstart: 2834; Colend: 5669; Cols: 2835;
Num-X: 3 ; Num-Y: 16 ; Resolution: 8500 ; Rank: 14 ; Rank-X: 2 ; Rank-Y: 4 ; Rowstart: 2128; Rowend: 2661; Rows: 533; Colstart: 5668; Colend: 8501; Cols: 2833;
Num-X: 3 ; Num-Y: 16 ; Resolution: 8500 ; Rank: 35 ; Rank-X: 2 ; Rank-Y: 11 ; Rowstart: 5852; Rowend: 6385; Rows: 533; Colstart: 5668; Colend: 8501; Cols: 2833;
Num-X: 3 ; Num-Y: 16 ; Resolution: 8500 ; Rank: 21 ; Rank-X: 0 ; Rank-Y: 7 ; Rowstart: 3724; Rowend: 4257; Rows: 533; Colstart: 0; Colend: 2835; Cols: 2835;
Num-X: 3 ; Num-Y: 16 ; Resolution: 8500 ; Rank: 6 ; Rank-X: 0 ; Rank-Y: 2 ; Rowstart: 1064; Rowend: 1597; Rows: 533; Colstart: 0; Colend: 2835; Cols: 2835;
Num-X: 3 ; Num-Y: 16 ; Resolution: 8500 ; Rank: 22 ; Rank-X: 1 ; Rank-Y: 7 ; Rowstart: 3724; Rowend: 4257; Rows: 533; Colstart: 2834; Colend: 5669; Cols: 2835;
Num-X: 3 ; Num-Y: 16 ; Resolution: 8500 ; Rank: 9 ; Rank-X: 0 ; Rank-Y: 3 ; Rowstart: 1596; Rowend: 2129; Rows: 533; Colstart: 0; Colend: 2835; Cols: 2835;
Num-X: 3 ; Num-Y: 16 ; Resolution: 8500 ; Rank: 16 ; Rank-X: 1 ; Rank-Y: 5 ; Rowstart: 2660; Rowend: 3193; Rows: 533; Colstart: 2834; Colend: 5669; Cols: 2835;
Num-X: 3 ; Num-Y: 16 ; Resolution: 8500 ; Rank: 11 ; Rank-X: 2 ; Rank-Y: 3 ; Rowstart: 1596; Rowend: 2129; Rows: 533; Colstart: 5668; Colend: 8501; Cols: 2833;
Num-X: 3 ; Num-Y: 16 ; Resolution: 8500 ; Rank: 24 ; Rank-X: 0 ; Rank-Y: 8 ; Rowstart: 4256; Rowend: 4789; Rows: 533; Colstart: 0; Colend: 2835; Cols: 2835;
Num-X: 3 ; Num-Y: 16 ; Resolution: 8500 ; Rank: 40 ; Rank-X: 1 ; Rank-Y: 13 ; Rowstart: 6916; Rowend: 7449; Rows: 533; Colstart: 2834; Colend: 5669; Cols: 2835;
Num-X: 3 ; Num-Y: 16 ; Resolution: 8500 ; Rank: 29 ; Rank-X: 2 ; Rank-Y: 9 ; Rowstart: 4788; Rowend: 5321; Rows: 533; Colstart: 5668; Colend: 8501; Cols: 2833;
Num-X: 3 ; Num-Y: 16 ; Resolution: 8500 ; Rank: 46 ; Rank-X: 1 ; Rank-Y: 15 ; Rowstart: 7980; Rowend: 8501; Rows: 521; Colstart: 2834; Colend: 5669; Cols: 2835;
Num-X: 3 ; Num-Y: 16 ; Resolution: 8500 ; Rank: 27 ; Rank-X: 0 ; Rank-Y: 9 ; Rowstart: 4788; Rowend: 5321; Rows: 533; Colstart: 0; Colend: 2835; Cols: 2835;
Num-X: 3 ; Num-Y: 16 ; Resolution: 8500 ; Rank: 37 ; Rank-X: 1 ; Rank-Y: 12 ; Rowstart: 6384; Rowend: 6917; Rows: 533; Colstart: 2834; Colend: 5669; Cols: 2835;
Num-X: 3 ; Num-Y: 16 ; Resolution: 8500 ; Rank: 38 ; Rank-X: 2 ; Rank-Y: 12 ; Rowstart: 6384; Rowend: 6917; Rows: 533; Colstart: 5668; Colend: 8501; Cols: 2833;
Num-X: 3 ; Num-Y: 16 ; Resolution: 8500 ; Rank: 42 ; Rank-X: 0 ; Rank-Y: 14 ; Rowstart: 7448; Rowend: 7981; Rows: 533; Colstart: 0; Colend: 2835; Cols: 2835;
Num-X: 3 ; Num-Y: 16 ; Resolution: 8500 ; Rank: 43 ; Rank-X: 1 ; Rank-Y: 14 ; Rowstart: 7448; Rowend: 7981; Rows: 533; Colstart: 2834; Colend: 5669; Cols: 2835;
Num-X: 3 ; Num-Y: 16 ; Resolution: 8500 ; Rank: 45 ; Rank-X: 0 ; Rank-Y: 15 ; Rowstart: 7980; Rowend: 8501; Rows: 521; Colstart: 0; Colend: 2835; Cols: 2835;
Num-X: 3 ; Num-Y: 16 ; Resolution: 8500 ; Rank: 47 ; Rank-X: 2 ; Rank-Y: 15 ; Rowstart: 7980; Rowend: 8501; Rows: 521; Colstart: 5668; Colend: 8501; Cols: 2833;
Num-X: 3 ; Num-Y: 16 ; Resolution: 8500 ; Rank: 33 ; Rank-X: 0 ; Rank-Y: 11 ; Rowstart: 5852; Rowend: 6385; Rows: 533; Colstart: 0; Colend: 2835; Cols: 2835;
Num-X: 3 ; Num-Y: 16 ; Resolution: 8500 ; Rank: 44 ; Rank-X: 2 ; Rank-Y: 14 ; Rowstart: 7448; Rowend: 7981; Rows: 533; Colstart: 5668; Colend: 8501; Cols: 2833;
Num-X: 3 ; Num-Y: 16 ; Resolution: 8500 ; Rank: 30 ; Rank-X: 0 ; Rank-Y: 10 ; Rowstart: 5320; Rowend: 5853; Rows: 533; Colstart: 0; Colend: 2835; Cols: 2835;
Num-X: 3 ; Num-Y: 16 ; Resolution: 8500 ; Rank: 32 ; Rank-X: 2 ; Rank-Y: 10 ; Rowstart: 5320; Rowend: 5853; Rows: 533; Colstart: 5668; Colend: 8501; Cols: 2833;
Num-X: 3 ; Num-Y: 16 ; Resolution: 8500 ; Rank: 5 ; Rank-X: 2 ; Rank-Y: 1 ; Rowstart: 532; Rowend: 1065; Rows: 533; Colstart: 5668; Colend: 8501; Cols: 2833;
Num-X: 3 ; Num-Y: 16 ; Resolution: 8500 ; Rank: 31 ; Rank-X: 1 ; Rank-Y: 10 ; Rowstart: 5320; Rowend: 5853; Rows: 533; Colstart: 2834; Colend: 5669; Cols: 2835;
Num-X: 3 ; Num-Y: 16 ; Resolution: 8500 ; Rank: 17 ; Rank-X: 2 ; Rank-Y: 5 ; Rowstart: 2660; Rowend: 3193; Rows: 533; Colstart: 5668; Colend: 8501; Cols: 2833;
Num-X: 3 ; Num-Y: 16 ; Resolution: 8500 ; Rank: 18 ; Rank-X: 0 ; Rank-Y: 6 ; Rowstart: 3192; Rowend: 3725; Rows: 533; Colstart: 0; Colend: 2835; Cols: 2835;
Num-X: 3 ; Num-Y: 16 ; Resolution: 8500 ; Rank: 36 ; Rank-X: 0 ; Rank-Y: 12 ; Rowstart: 6384; Rowend: 6917; Rows: 533; Colstart: 0; Colend: 2835; Cols: 2835;
Num-X: 3 ; Num-Y: 16 ; Resolution: 8500 ; Rank: 23 ; Rank-X: 2 ; Rank-Y: 7 ; Rowstart: 3724; Rowend: 4257; Rows: 533; Colstart: 5668; Colend: 8501; Cols: 2833;
Num-X: 3 ; Num-Y: 16 ; Resolution: 8500 ; Rank: 0 ; Rank-X: 0 ; Rank-Y: 0 ; Rowstart: 0; Rowend: 533; Rows: 533; Colstart: 0; Colend: 2835; Cols: 2835;
Num-X: 3 ; Num-Y: 16 ; Resolution: 8500 ; Rank: 26 ; Rank-X: 2 ; Rank-Y: 8 ; Rowstart: 4256; Rowend: 4789; Rows: 533; Colstart: 5668; Colend: 8501; Cols: 2833;
Num-X: 3 ; Num-Y: 16 ; Resolution: 8500 ; Rank: 12 ; Rank-X: 0 ; Rank-Y: 4 ; Rowstart: 2128; Rowend: 2661; Rows: 533; Colstart: 0; Colend: 2835; Cols: 2835;
Num-X: 3 ; Num-Y: 16 ; Resolution: 8500 ; Rank: 19 ; Rank-X: 1 ; Rank-Y: 6 ; Rowstart: 3192; Rowend: 3725; Rows: 533; Colstart: 2834; Colend: 5669; Cols: 2835;
Num-X: 3 ; Num-Y: 16 ; Resolution: 8500 ; Rank: 20 ; Rank-X: 2 ; Rank-Y: 6 ; Rowstart: 3192; Rowend: 3725; Rows: 533; Colstart: 5668; Colend: 8501; Cols: 2833;
Num-X: 3 ; Num-Y: 16 ; Resolution: 8500 ; Rank: 34 ; Rank-X: 1 ; Rank-Y: 11 ; Rowstart: 5852; Rowend: 6385; Rows: 533; Colstart: 2834; Colend: 5669; Cols: 2835;
Num-X: 3 ; Num-Y: 16 ; Resolution: 8500 ; Rank: 41 ; Rank-X: 2 ; Rank-Y: 13 ; Rowstart: 6916; Rowend: 7449; Rows: 533; Colstart: 5668; Colend: 8501; Cols: 2833;
Num-X: 3 ; Num-Y: 16 ; Resolution: 8500 ; Rank: 39 ; Rank-X: 0 ; Rank-Y: 13 ; Rowstart: 6916; Rowend: 7449; Rows: 533; Colstart: 0; Colend: 2835; Cols: 2835;

Resolution: 8500
===================
Execution time: 0.036389
Residual: 3.987213

megaflops:  277969.6
  flop instructions (M):  10115.000

Num-X: 3 ; Num-Y: 16 ; Resolution: 10500 ; Rank: 3 ; Rank-X: 0 ; Rank-Y: 1 ; Rowstart: 657; Rowend: 1315; Rows: 658; Colstart: 0; Colend: 3501; Cols: 3501;
Num-X: 3 ; Num-Y: 16 ; Resolution: 10500 ; Rank: 4 ; Rank-X: 1 ; Rank-Y: 1 ; Rowstart: 657; Rowend: 1315; Rows: 658; Colstart: 3500; Colend: 7001; Cols: 3501;
Num-X: 3 ; Num-Y: 16 ; Resolution: 10500 ; Rank: 22 ; Rank-X: 1 ; Rank-Y: 7 ; Rowstart: 4599; Rowend: 5257; Rows: 658; Colstart: 3500; Colend: 7001; Cols: 3501;
Num-X: 3 ; Num-Y: 16 ; Resolution: 10500 ; Rank: 9 ; Rank-X: 0 ; Rank-Y: 3 ; Rowstart: 1971; Rowend: 2629; Rows: 658; Colstart: 0; Colend: 3501; Cols: 3501;
Num-X: 3 ; Num-Y: 16 ; Resolution: 10500 ; Rank: 18 ; Rank-X: 0 ; Rank-Y: 6 ; Rowstart: 3942; Rowend: 4600; Rows: 658; Colstart: 0; Colend: 3501; Cols: 3501;
Num-X: 3 ; Num-Y: 16 ; Resolution: 10500 ; Rank: 1 ; Rank-X: 1 ; Rank-Y: 0 ; Rowstart: 0; Rowend: 658; Rows: 658; Colstart: 3500; Colend: 7001; Cols: 3501;
Num-X: 3 ; Num-Y: 16 ; Resolution: 10500 ; Rank: 20 ; Rank-X: 2 ; Rank-Y: 6 ; Rowstart: 3942; Rowend: 4600; Rows: 658; Colstart: 7000; Colend: 10501; Cols: 3501;
Num-X: 3 ; Num-Y: 16 ; Resolution: 10500 ; Rank: 36 ; Rank-X: 0 ; Rank-Y: 12 ; Rowstart: 7884; Rowend: 8542; Rows: 658; Colstart: 0; Colend: 3501; Cols: 3501;
Num-X: 3 ; Num-Y: 16 ; Resolution: 10500 ; Rank: 8 ; Rank-X: 2 ; Rank-Y: 2 ; Rowstart: 1314; Rowend: 1972; Rows: 658; Colstart: 7000; Colend: 10501; Cols: 3501;
Num-X: 3 ; Num-Y: 16 ; Resolution: 10500 ; Rank: 11 ; Rank-X: 2 ; Rank-Y: 3 ; Rowstart: 1971; Rowend: 2629; Rows: 658; Colstart: 7000; Colend: 10501; Cols: 3501;
Num-X: 3 ; Num-Y: 16 ; Resolution: 10500 ; Rank: 37 ; Rank-X: 1 ; Rank-Y: 12 ; Rowstart: 7884; Rowend: 8542; Rows: 658; Colstart: 3500; Colend: 7001; Cols: 3501;
Num-X: 3 ; Num-Y: 16 ; Resolution: 10500 ; Rank: 6 ; Rank-X: 0 ; Rank-Y: 2 ; Rowstart: 1314; Rowend: 1972; Rows: 658; Colstart: 0; Colend: 3501; Cols: 3501;
Num-X: 3 ; Num-Y: 16 ; Resolution: 10500 ; Rank: 24 ; Rank-X: 0 ; Rank-Y: 8 ; Rowstart: 5256; Rowend: 5914; Rows: 658; Colstart: 0; Colend: 3501; Cols: 3501;
Num-X: 3 ; Num-Y: 16 ; Resolution: 10500 ; Rank: 12 ; Rank-X: 0 ; Rank-Y: 4 ; Rowstart: 2628; Rowend: 3286; Rows: 658; Colstart: 0; Colend: 3501; Cols: 3501;
Num-X: 3 ; Num-Y: 16 ; Resolution: 10500 ; Rank: 5 ; Rank-X: 2 ; Rank-Y: 1 ; Rowstart: 657; Rowend: 1315; Rows: 658; Colstart: 7000; Colend: 10501; Cols: 3501;
Num-X: 3 ; Num-Y: 16 ; Resolution: 10500 ; Rank: 29 ; Rank-X: 2 ; Rank-Y: 9 ; Rowstart: 5913; Rowend: 6571; Rows: 658; Colstart: 7000; Colend: 10501; Cols: 3501;
Num-X: 3 ; Num-Y: 16 ; Resolution: 10500 ; Rank: 7 ; Rank-X: 1 ; Rank-Y: 2 ; Rowstart: 1314; Rowend: 1972; Rows: 658; Colstart: 3500; Colend: 7001; Cols: 3501;
Num-X: 3 ; Num-Y: 16 ; Resolution: 10500 ; Rank: 25 ; Rank-X: 1 ; Rank-Y: 8 ; Rowstart: 5256; Rowend: 5914; Rows: 658; Colstart: 3500; Colend: 7001; Cols: 3501;
Num-X: 3 ; Num-Y: 16 ; Resolution: 10500 ; Rank: 17 ; Rank-X: 2 ; Rank-Y: 5 ; Rowstart: 3285; Rowend: 3943; Rows: 658; Colstart: 7000; Colend: 10501; Cols: 3501;
Num-X: 3 ; Num-Y: 16 ; Resolution: 10500 ; Rank: 10 ; Rank-X: 1 ; Rank-Y: 3 ; Rowstart: 1971; Rowend: 2629; Rows: 658; Colstart: 3500; Colend: 7001; Cols: 3501;
Num-X: 3 ; Num-Y: 16 ; Resolution: 10500 ; Rank: 39 ; Rank-X: 0 ; Rank-Y: 13 ; Rowstart: 8541; Rowend: 9199; Rows: 658; Colstart: 0; Colend: 3501; Cols: 3501;
Num-X: 3 ; Num-Y: 16 ; Resolution: 10500 ; Rank: 35 ; Rank-X: 2 ; Rank-Y: 11 ; Rowstart: 7227; Rowend: 7885; Rows: 658; Colstart: 7000; Colend: 10501; Cols: 3501;
Num-X: 3 ; Num-Y: 16 ; Resolution: 10500 ; Rank: 21 ; Rank-X: 0 ; Rank-Y: 7 ; Rowstart: 4599; Rowend: 5257; Rows: 658; Colstart: 0; Colend: 3501; Cols: 3501;
Num-X: 3 ; Num-Y: 16 ; Resolution: 10500 ; Rank: 2 ; Rank-X: 2 ; Rank-Y: 0 ; Rowstart: 0; Rowend: 658; Rows: 658; Colstart: 7000; Colend: 10501; Cols: 3501;
Num-X: 3 ; Num-Y: 16 ; Resolution: 10500 ; Rank: 43 ; Rank-X: 1 ; Rank-Y: 14 ; Rowstart: 9198; Rowend: 9856; Rows: 658; Colstart: 3500; Colend: 7001; Cols: 3501;
Num-X: 3 ; Num-Y: 16 ; Resolution: 10500 ; Rank: 28 ; Rank-X: 1 ; Rank-Y: 9 ; Rowstart: 5913; Rowend: 6571; Rows: 658; Colstart: 3500; Colend: 7001; Cols: 3501;
Num-X: 3 ; Num-Y: 16 ; Resolution: 10500 ; Rank: 23 ; Rank-X: 2 ; Rank-Y: 7 ; Rowstart: 4599; Rowend: 5257; Rows: 658; Colstart: 7000; Colend: 10501; Cols: 3501;
Num-X: 3 ; Num-Y: 16 ; Resolution: 10500 ; Rank: 0 ; Rank-X: 0 ; Rank-Y: 0 ; Rowstart: 0; Rowend: 658; Rows: 658; Colstart: 0; Colend: 3501; Cols: 3501;
Num-X: 3 ; Num-Y: 16 ; Resolution: 10500 ; Rank: 46 ; Rank-X: 1 ; Rank-Y: 15 ; Rowstart: 9855; Rowend: 10501; Rows: 646; Colstart: 3500; Colend: 7001; Cols: 3501;
Num-X: 3 ; Num-Y: 16 ; Resolution: 10500 ; Rank: 34 ; Rank-X: 1 ; Rank-Y: 11 ; Rowstart: 7227; Rowend: 7885; Rows: 658; Colstart: 3500; Colend: 7001; Cols: 3501;
Num-X: 3 ; Num-Y: 16 ; Resolution: 10500 ; Rank: 40 ; Rank-X: 1 ; Rank-Y: 13 ; Rowstart: 8541; Rowend: 9199; Rows: 658; Colstart: 3500; Colend: 7001; Cols: 3501;
Num-X: 3 ; Num-Y: 16 ; Resolution: 10500 ; Rank: 19 ; Rank-X: 1 ; Rank-Y: 6 ; Rowstart: 3942; Rowend: 4600; Rows: 658; Colstart: 3500; Colend: 7001; Cols: 3501;
Num-X: 3 ; Num-Y: 16 ; Resolution: 10500 ; Rank: 41 ; Rank-X: 2 ; Rank-Y: 13 ; Rowstart: 8541; Rowend: 9199; Rows: 658; Colstart: 7000; Colend: 10501; Cols: 3501;
Num-X: 3 ; Num-Y: 16 ; Resolution: 10500 ; Rank: 13 ; Rank-X: 1 ; Rank-Y: 4 ; Rowstart: 2628; Rowend: 3286; Rows: 658; Colstart: 3500; Colend: 7001; Cols: 3501;
Num-X: 3 ; Num-Y: 16 ; Resolution: 10500 ; Rank: 15 ; Rank-X: 0 ; Rank-Y: 5 ; Rowstart: 3285; Rowend: 3943; Rows: 658; Colstart: 0; Colend: 3501; Cols: 3501;
Num-X: 3 ; Num-Y: 16 ; Resolution: 10500 ; Rank: 45 ; Rank-X: 0 ; Rank-Y: 15 ; Rowstart: 9855; Rowend: 10501; Rows: 646; Colstart: 0; Colend: 3501; Cols: 3501;
Num-X: 3 ; Num-Y: 16 ; Resolution: 10500 ; Rank: 47 ; Rank-X: 2 ; Rank-Y: 15 ; Rowstart: 9855; Rowend: 10501; Rows: 646; Colstart: 7000; Colend: 10501; Cols: 3501;
Num-X: 3 ; Num-Y: 16 ; Resolution: 10500 ; Rank: 26 ; Rank-X: 2 ; Rank-Y: 8 ; Rowstart: 5256; Rowend: 5914; Rows: 658; Colstart: 7000; Colend: 10501; Cols: 3501;
Num-X: 3 ; Num-Y: 16 ; Resolution: 10500 ; Rank: 14 ; Rank-X: 2 ; Rank-Y: 4 ; Rowstart: 2628; Rowend: 3286; Rows: 658; Colstart: 7000; Colend: 10501; Cols: 3501;
Num-X: 3 ; Num-Y: 16 ; Resolution: 10500 ; Rank: 38 ; Rank-X: 2 ; Rank-Y: 12 ; Rowstart: 7884; Rowend: 8542; Rows: 658; Colstart: 7000; Colend: 10501; Cols: 3501;
Num-X: 3 ; Num-Y: 16 ; Resolution: 10500 ; Rank: 31 ; Rank-X: 1 ; Rank-Y: 10 ; Rowstart: 6570; Rowend: 7228; Rows: 658; Colstart: 3500; Colend: 7001; Cols: 3501;
Num-X: 3 ; Num-Y: 16 ; Resolution: 10500 ; Rank: 33 ; Rank-X: 0 ; Rank-Y: 11 ; Rowstart: 7227; Rowend: 7885; Rows: 658; Colstart: 0; Colend: 3501; Cols: 3501;
Num-X: 3 ; Num-Y: 16 ; Resolution: 10500 ; Rank: 16 ; Rank-X: 1 ; Rank-Y: 5 ; Rowstart: 3285; Rowend: 3943; Rows: 658; Colstart: 3500; Colend: 7001; Cols: 3501;
Num-X: 3 ; Num-Y: 16 ; Resolution: 10500 ; Rank: 30 ; Rank-X: 0 ; Rank-Y: 10 ; Rowstart: 6570; Rowend: 7228; Rows: 658; Colstart: 0; Colend: 3501; Cols: 3501;
Num-X: 3 ; Num-Y: 16 ; Resolution: 10500 ; Rank: 32 ; Rank-X: 2 ; Rank-Y: 10 ; Rowstart: 6570; Rowend: 7228; Rows: 658; Colstart: 7000; Colend: 10501; Cols: 3501;
Num-X: 3 ; Num-Y: 16 ; Resolution: 10500 ; Rank: 42 ; Rank-X: 0 ; Rank-Y: 14 ; Rowstart: 9198; Rowend: 9856; Rows: 658; Colstart: 0; Colend: 3501; Cols: 3501;
Num-X: 3 ; Num-Y: 16 ; Resolution: 10500 ; Rank: 44 ; Rank-X: 2 ; Rank-Y: 14 ; Rowstart: 9198; Rowend: 9856; Rows: 658; Colstart: 7000; Colend: 10501; Cols: 3501;
Num-X: 3 ; Num-Y: 16 ; Resolution: 10500 ; Rank: 27 ; Rank-X: 0 ; Rank-Y: 9 ; Rowstart: 5913; Rowend: 6571; Rows: 658; Colstart: 0; Colend: 3501; Cols: 3501;

Resolution: 10500
===================
Execution time: 0.060326
Residual: 4.925272

megaflops:  255860.4
  flop instructions (M):  15435.000

Num-X: 3 ; Num-Y: 16 ; Resolution: 12500 ; Rank: 45 ; Rank-X: 0 ; Rank-Y: 15 ; Rowstart: 11730; Rowend: 12501; Rows: 771; Colstart: 0; Colend: 4168; Cols: 4168;
Num-X: 3 ; Num-Y: 16 ; Resolution: 12500 ; Rank: 47 ; Rank-X: 2 ; Rank-Y: 15 ; Rowstart: 11730; Rowend: 12501; Rows: 771; Colstart: 8334; Colend: 12501; Cols: 4167;
Num-X: 3 ; Num-Y: 16 ; Resolution: 12500 ; Rank: 43 ; Rank-X: 1 ; Rank-Y: 14 ; Rowstart: 10948; Rowend: 11731; Rows: 783; Colstart: 4167; Colend: 8335; Cols: 4168;
Num-X: 3 ; Num-Y: 16 ; Resolution: 12500 ; Rank: 40 ; Rank-X: 1 ; Rank-Y: 13 ; Rowstart: 10166; Rowend: 10949; Rows: 783; Colstart: 4167; Colend: 8335; Cols: 4168;
Num-X: 3 ; Num-Y: 16 ; Resolution: 12500 ; Rank: 23 ; Rank-X: 2 ; Rank-Y: 7 ; Rowstart: 5474; Rowend: 6257; Rows: 783; Colstart: 8334; Colend: 12501; Cols: 4167;
Num-X: 3 ; Num-Y: 16 ; Resolution: 12500 ; Rank: 5 ; Rank-X: 2 ; Rank-Y: 1 ; Rowstart: 782; Rowend: 1565; Rows: 783; Colstart: 8334; Colend: 12501; Cols: 4167;
Num-X: 3 ; Num-Y: 16 ; Resolution: 12500 ; Rank: 8 ; Rank-X: 2 ; Rank-Y: 2 ; Rowstart: 1564; Rowend: 2347; Rows: 783; Colstart: 8334; Colend: 12501; Cols: 4167;
Num-X: 3 ; Num-Y: 16 ; Resolution: 12500 ; Rank: 11 ; Rank-X: 2 ; Rank-Y: 3 ; Rowstart: 2346; Rowend: 3129; Rows: 783; Colstart: 8334; Colend: 12501; Cols: 4167;
Num-X: 3 ; Num-Y: 16 ; Resolution: 12500 ; Rank: 3 ; Rank-X: 0 ; Rank-Y: 1 ; Rowstart: 782; Rowend: 1565; Rows: 783; Colstart: 0; Colend: 4168; Cols: 4168;
Num-X: 3 ; Num-Y: 16 ; Resolution: 12500 ; Rank: 39 ; Rank-X: 0 ; Rank-Y: 13 ; Rowstart: 10166; Rowend: 10949; Rows: 783; Colstart: 0; Colend: 4168; Cols: 4168;
Num-X: 3 ; Num-Y: 16 ; Resolution: 12500 ; Rank: 1 ; Rank-X: 1 ; Rank-Y: 0 ; Rowstart: 0; Rowend: 783; Rows: 783; Colstart: 4167; Colend: 8335; Cols: 4168;
Num-X: 3 ; Num-Y: 16 ; Resolution: 12500 ; Rank: 12 ; Rank-X: 0 ; Rank-Y: 4 ; Rowstart: 3128; Rowend: 3911; Rows: 783; Colstart: 0; Colend: 4168; Cols: 4168;
Num-X: 3 ; Num-Y: 16 ; Resolution: 12500 ; Rank: 41 ; Rank-X: 2 ; Rank-Y: 13 ; Rowstart: 10166; Rowend: 10949; Rows: 783; Colstart: 8334; Colend: 12501; Cols: 4167;
Num-X: 3 ; Num-Y: 16 ; Resolution: 12500 ; Rank: 4 ; Rank-X: 1 ; Rank-Y: 1 ; Rowstart: 782; Rowend: 1565; Rows: 783; Colstart: 4167; Colend: 8335; Cols: 4168;
Num-X: 3 ; Num-Y: 16 ; Resolution: 12500 ; Rank: 14 ; Rank-X: 2 ; Rank-Y: 4 ; Rowstart: 3128; Rowend: 3911; Rows: 783; Colstart: 8334; Colend: 12501; Cols: 4167;
Num-X: 3 ; Num-Y: 16 ; Resolution: 12500 ; Rank: 26 ; Rank-X: 2 ; Rank-Y: 8 ; Rowstart: 6256; Rowend: 7039; Rows: 783; Colstart: 8334; Colend: 12501; Cols: 4167;
Num-X: 3 ; Num-Y: 16 ; Resolution: 12500 ; Rank: 17 ; Rank-X: 2 ; Rank-Y: 5 ; Rowstart: 3910; Rowend: 4693; Rows: 783; Colstart: 8334; Colend: 12501; Cols: 4167;
Num-X: 3 ; Num-Y: 16 ; Resolution: 12500 ; Rank: 46 ; Rank-X: 1 ; Rank-Y: 15 ; Rowstart: 11730; Rowend: 12501; Rows: 771; Colstart: 4167; Colend: 8335; Cols: 4168;
Num-X: 3 ; Num-Y: 16 ; Resolution: 12500 ; Rank: 34 ; Rank-X: 1 ; Rank-Y: 11 ; Rowstart: 8602; Rowend: 9385; Rows: 783; Colstart: 4167; Colend: 8335; Cols: 4168;
Num-X: 3 ; Num-Y: 16 ; Resolution: 12500 ; Rank: 19 ; Rank-X: 1 ; Rank-Y: 6 ; Rowstart: 4692; Rowend: 5475; Rows: 783; Colstart: 4167; Colend: 8335; Cols: 4168;
Num-X: 3 ; Num-Y: 16 ; Resolution: 12500 ; Rank: 28 ; Rank-X: 1 ; Rank-Y: 9 ; Rowstart: 7038; Rowend: 7821; Rows: 783; Colstart: 4167; Colend: 8335; Cols: 4168;
Num-X: 3 ; Num-Y: 16 ; Resolution: 12500 ; Rank: 42 ; Rank-X: 0 ; Rank-Y: 14 ; Rowstart: 10948; Rowend: 11731; Rows: 783; Colstart: 0; Colend: 4168; Cols: 4168;
Num-X: 3 ; Num-Y: 16 ; Resolution: 12500 ; Rank: 25 ; Rank-X: 1 ; Rank-Y: 8 ; Rowstart: 6256; Rowend: 7039; Rows: 783; Colstart: 4167; Colend: 8335; Cols: 4168;
Num-X: 3 ; Num-Y: 16 ; Resolution: 12500 ; Rank: 29 ; Rank-X: 2 ; Rank-Y: 9 ; Rowstart: 7038; Rowend: 7821; Rows: 783; Colstart: 8334; Colend: 12501; Cols: 4167;
Num-X: 3 ; Num-Y: 16 ; Resolution: 12500 ; Rank: 36 ; Rank-X: 0 ; Rank-Y: 12 ; Rowstart: 9384; Rowend: 10167; Rows: 783; Colstart: 0; Colend: 4168; Cols: 4168;
Num-X: 3 ; Num-Y: 16 ; Resolution: 12500 ; Rank: 35 ; Rank-X: 2 ; Rank-Y: 11 ; Rowstart: 8602; Rowend: 9385; Rows: 783; Colstart: 8334; Colend: 12501; Cols: 4167;
Num-X: 3 ; Num-Y: 16 ; Resolution: 12500 ; Rank: 44 ; Rank-X: 2 ; Rank-Y: 14 ; Rowstart: 10948; Rowend: 11731; Rows: 783; Colstart: 8334; Colend: 12501; Cols: 4167;
Num-X: 3 ; Num-Y: 16 ; Resolution: 12500 ; Rank: 37 ; Rank-X: 1 ; Rank-Y: 12 ; Rowstart: 9384; Rowend: 10167; Rows: 783; Colstart: 4167; Colend: 8335; Cols: 4168;
Num-X: 3 ; Num-Y: 16 ; Resolution: 12500 ; Rank: 22 ; Rank-X: 1 ; Rank-Y: 7 ; Rowstart: 5474; Rowend: 6257; Rows: 783; Colstart: 4167; Colend: 8335; Cols: 4168;
Num-X: 3 ; Num-Y: 16 ; Resolution: 12500 ; Rank: 31 ; Rank-X: 1 ; Rank-Y: 10 ; Rowstart: 7820; Rowend: 8603; Rows: 783; Colstart: 4167; Colend: 8335; Cols: 4168;
Num-X: 3 ; Num-Y: 16 ; Resolution: 12500 ; Rank: 27 ; Rank-X: 0 ; Rank-Y: 9 ; Rowstart: 7038; Rowend: 7821; Rows: 783; Colstart: 0; Colend: 4168; Cols: 4168;
Num-X: 3 ; Num-Y: 16 ; Resolution: 12500 ; Rank: 16 ; Rank-X: 1 ; Rank-Y: 5 ; Rowstart: 3910; Rowend: 4693; Rows: 783; Colstart: 4167; Colend: 8335; Cols: 4168;
Num-X: 3 ; Num-Y: 16 ; Resolution: 12500 ; Rank: 33 ; Rank-X: 0 ; Rank-Y: 11 ; Rowstart: 8602; Rowend: 9385; Rows: 783; Colstart: 0; Colend: 4168; Cols: 4168;
Num-X: 3 ; Num-Y: 16 ; Resolution: 12500 ; Rank: 20 ; Rank-X: 2 ; Rank-Y: 6 ; Rowstart: 4692; Rowend: 5475; Rows: 783; Colstart: 8334; Colend: 12501; Cols: 4167;
Num-X: 3 ; Num-Y: 16 ; Resolution: 12500 ; Rank: 32 ; Rank-X: 2 ; Rank-Y: 10 ; Rowstart: 7820; Rowend: 8603; Rows: 783; Colstart: 8334; Colend: 12501; Cols: 4167;
Num-X: 3 ; Num-Y: 16 ; Resolution: 12500 ; Rank: 30 ; Rank-X: 0 ; Rank-Y: 10 ; Rowstart: 7820; Rowend: 8603; Rows: 783; Colstart: 0; Colend: 4168; Cols: 4168;
Num-X: 3 ; Num-Y: 16 ; Resolution: 12500 ; Rank: 18 ; Rank-X: 0 ; Rank-Y: 6 ; Rowstart: 4692; Rowend: 5475; Rows: 783; Colstart: 0; Colend: 4168; Cols: 4168;
Num-X: 3 ; Num-Y: 16 ; Resolution: 12500 ; Rank: 38 ; Rank-X: 2 ; Rank-Y: 12 ; Rowstart: 9384; Rowend: 10167; Rows: 783; Colstart: 8334; Colend: 12501; Cols: 4167;
Num-X: 3 ; Num-Y: 16 ; Resolution: 12500 ; Rank: 13 ; Rank-X: 1 ; Rank-Y: 4 ; Rowstart: 3128; Rowend: 3911; Rows: 783; Colstart: 4167; Colend: 8335; Cols: 4168;
Num-X: 3 ; Num-Y: 16 ; Resolution: 12500 ; Rank: 15 ; Rank-X: 0 ; Rank-Y: 5 ; Rowstart: 3910; Rowend: 4693; Rows: 783; Colstart: 0; Colend: 4168; Cols: 4168;
Num-X: 3 ; Num-Y: 16 ; Resolution: 12500 ; Rank: 21 ; Rank-X: 0 ; Rank-Y: 7 ; Rowstart: 5474; Rowend: 6257; Rows: 783; Colstart: 0; Colend: 4168; Cols: 4168;
Num-X: 3 ; Num-Y: 16 ; Resolution: 12500 ; Rank: 24 ; Rank-X: 0 ; Rank-Y: 8 ; Rowstart: 6256; Rowend: 7039; Rows: 783; Colstart: 0; Colend: 4168; Cols: 4168;
Num-X: 3 ; Num-Y: 16 ; Resolution: 12500 ; Rank: 0 ; Rank-X: 0 ; Rank-Y: 0 ; Rowstart: 0; Rowend: 783; Rows: 783; Colstart: 0; Colend: 4168; Cols: 4168;
Num-X: 3 ; Num-Y: 16 ; Resolution: 12500 ; Rank: 2 ; Rank-X: 2 ; Rank-Y: 0 ; Rowstart: 0; Rowend: 783; Rows: 783; Colstart: 8334; Colend: 12501; Cols: 4167;
Num-X: 3 ; Num-Y: 16 ; Resolution: 12500 ; Rank: 6 ; Rank-X: 0 ; Rank-Y: 2 ; Rowstart: 1564; Rowend: 2347; Rows: 783; Colstart: 0; Colend: 4168; Cols: 4168;
Num-X: 3 ; Num-Y: 16 ; Resolution: 12500 ; Rank: 7 ; Rank-X: 1 ; Rank-Y: 2 ; Rowstart: 1564; Rowend: 2347; Rows: 783; Colstart: 4167; Colend: 8335; Cols: 4168;
Num-X: 3 ; Num-Y: 16 ; Resolution: 12500 ; Rank: 9 ; Rank-X: 0 ; Rank-Y: 3 ; Rowstart: 2346; Rowend: 3129; Rows: 783; Colstart: 0; Colend: 4168; Cols: 4168;
Num-X: 3 ; Num-Y: 16 ; Resolution: 12500 ; Rank: 10 ; Rank-X: 1 ; Rank-Y: 3 ; Rowstart: 2346; Rowend: 3129; Rows: 783; Colstart: 4167; Colend: 8335; Cols: 4168;

Resolution: 12500
===================
Execution time: 0.086959
Residual: 5.863330

megaflops:  251555.7
  flop instructions (M):  21875.000

===================================================================================
=   BAD TERMINATION OF ONE OF YOUR APPLICATION PROCESSES
=   RANK 36 PID 2438537 RUNNING AT i01r01c06s09
=   KILLED BY SIGNAL: 9 (Killed)
===================================================================================

===================================================================================
=   BAD TERMINATION OF ONE OF YOUR APPLICATION PROCESSES
=   RANK 37 PID 2438538 RUNNING AT i01r01c06s09
=   KILLED BY SIGNAL: 9 (Killed)
===================================================================================

===================================================================================
=   BAD TERMINATION OF ONE OF YOUR APPLICATION PROCESSES
=   RANK 38 PID 2438539 RUNNING AT i01r01c06s09
=   KILLED BY SIGNAL: 9 (Killed)
===================================================================================

===================================================================================
=   BAD TERMINATION OF ONE OF YOUR APPLICATION PROCESSES
=   RANK 39 PID 2438540 RUNNING AT i01r01c06s09
=   KILLED BY SIGNAL: 9 (Killed)
===================================================================================

===================================================================================
=   BAD TERMINATION OF ONE OF YOUR APPLICATION PROCESSES
=   RANK 40 PID 2438541 RUNNING AT i01r01c06s09
=   KILLED BY SIGNAL: 9 (Killed)
===================================================================================

===================================================================================
=   BAD TERMINATION OF ONE OF YOUR APPLICATION PROCESSES
=   RANK 41 PID 2438542 RUNNING AT i01r01c06s09
=   KILLED BY SIGNAL: 9 (Killed)
===================================================================================

===================================================================================
=   BAD TERMINATION OF ONE OF YOUR APPLICATION PROCESSES
=   RANK 42 PID 2438543 RUNNING AT i01r01c06s09
=   KILLED BY SIGNAL: 9 (Killed)
===================================================================================

===================================================================================
=   BAD TERMINATION OF ONE OF YOUR APPLICATION PROCESSES
=   RANK 43 PID 2438544 RUNNING AT i01r01c06s09
=   KILLED BY SIGNAL: 9 (Killed)
===================================================================================

===================================================================================
=   BAD TERMINATION OF ONE OF YOUR APPLICATION PROCESSES
=   RANK 44 PID 2438545 RUNNING AT i01r01c06s09
=   KILLED BY SIGNAL: 9 (Killed)
===================================================================================

===================================================================================
=   BAD TERMINATION OF ONE OF YOUR APPLICATION PROCESSES
=   RANK 45 PID 2438546 RUNNING AT i01r01c06s09
=   KILLED BY SIGNAL: 11 (Segmentation fault)
===================================================================================

===================================================================================
=   BAD TERMINATION OF ONE OF YOUR APPLICATION PROCESSES
=   RANK 46 PID 2438547 RUNNING AT i01r01c06s09
=   KILLED BY SIGNAL: 11 (Segmentation fault)
===================================================================================

===================================================================================
=   BAD TERMINATION OF ONE OF YOUR APPLICATION PROCESSES
=   RANK 47 PID 2438548 RUNNING AT i01r01c06s09
=   KILLED BY SIGNAL: 11 (Segmentation fault)
===================================================================================
