mpiexec -genv I_MPI_DEBUG=4 -genv OMP_NUM_THREADS=6 -genv KMP_AFFINITY=verbose,scatter -genv I_MPI_PIN_DOMAIN=omp -n 32 ./heat test.dat 8 4
[0] MPI startup(): Intel(R) MPI Library, Version 2019 Update 8  Build 20200624 (id: 4f16ad915)
[0] MPI startup(): Copyright (C) 2003-2020 Intel Corporation.  All rights reserved.
[0] MPI startup(): library kind: release
[0] MPI startup(): libfabric version: 1.10.1-impi
[0] MPI startup(): libfabric provider: psm2
OMP: Info #154: KMP_AFFINITY: Initial OS proc set respected: 3-5,51-53
OMP: Info #213: KMP_AFFINITY: decoding x2APIC ids.
OMP: Info #276: KMP_AFFINITY: Affinity capable, using global cpuid leaf 11 info
OMP: Info #156: KMP_AFFINITY: 6 available OS procs
OMP: Info #157: KMP_AFFINITY: Uniform topology
OMP: Info #191: KMP_AFFINITY: 1 socket x 3 cores/socket x 2 threads/core (3 total cores)
OMP: Info #215: KMP_AFFINITY: OS proc to physical thread map:
OMP: Info #171: KMP_AFFINITY: OS proc 3 maps to socket 0 core 3 thread 0 
OMP: Info #171: KMP_AFFINITY: OS proc 51 maps to socket 0 core 3 thread 1 
OMP: Info #171: KMP_AFFINITY: OS proc 4 maps to socket 0 core 4 thread 0 
OMP: Info #171: KMP_AFFINITY: OS proc 52 maps to socket 0 core 4 thread 1 
OMP: Info #154: KMP_AFFINITY: Initial OS proc set respected: 0-2,48-50
OMP: Info #213: KMP_AFFINITY: decoding x2APIC ids.
OMP: Info #171: KMP_AFFINITY: OS proc 5 maps to socket 0 core 5 thread 0 
OMP: Info #171: KMP_AFFINITY: OS proc 53 maps to socket 0 core 5 thread 1 
OMP: Info #144: KMP_AFFINITY: Threads may migrate across 1 innermost levels of machine
OMP: Info #251: KMP_AFFINITY: pid 3002284 tid 3002284 thread 0 bound to OS proc set 3,51

Executing each MPI process in 6 OMP threads.
OMP: Info #276: KMP_AFFINITY: Affinity capable, using global cpuid leaf 11 info
OMP: Info #156: KMP_AFFINITY: 6 available OS procs
OMP: Info #157: KMP_AFFINITY: Uniform topology
OMP: Info #191: KMP_AFFINITY: 1 socket x 3 cores/socket x 2 threads/core (3 total cores)
OMP: Info #215: KMP_AFFINITY: OS proc to physical thread map:
OMP: Info #171: KMP_AFFINITY: OS proc 0 maps to socket 0 core 0 thread 0 
OMP: Info #171: KMP_AFFINITY: OS proc 48 maps to socket 0 core 0 thread 1 
OMP: Info #171: KMP_AFFINITY: OS proc 1 maps to socket 0 core 1 thread 0 
OMP: Info #171: KMP_AFFINITY: OS proc 49 maps to socket 0 core 1 thread 1 
OMP: Info #171: KMP_AFFINITY: OS proc 2 maps to socket 0 core 2 thread 0 
OMP: Info #171: KMP_AFFINITY: OS proc 50 maps to socket 0 core 2 thread 1 
OMP: Info #144: KMP_AFFINITY: Threads may migrate across 1 innermost levels of machine
OMP: Info #251: KMP_AFFINITY: pid 3002283 tid 3002283 thread 0 bound to OS proc set 0,48

Executing each MPI process in 6 OMP threads.
OMP: Info #154: KMP_AFFINITY: Initial OS proc set respected: 27-29,75-77
OMP: Info #213: KMP_AFFINITY: decoding x2APIC ids.
OMP: Info #276: KMP_AFFINITY: Affinity capable, using global cpuid leaf 11 info
OMP: Info #156: KMP_AFFINITY: 6 available OS procs
OMP: Info #157: KMP_AFFINITY: Uniform topology
OMP: Info #191: KMP_AFFINITY: 1 socket x 3 cores/socket x 2 threads/core (3 total cores)
OMP: Info #215: KMP_AFFINITY: OS proc to physical thread map:
OMP: Info #171: KMP_AFFINITY: OS proc 27 maps to socket 1 core 3 thread 0 
OMP: Info #171: KMP_AFFINITY: OS proc 75 maps to socket 1 core 3 thread 1 
OMP: Info #171: KMP_AFFINITY: OS proc 28 maps to socket 1 core 4 thread 0 
OMP: Info #171: KMP_AFFINITY: OS proc 76 maps to socket 1 core 4 thread 1 
OMP: Info #171: KMP_AFFINITY: OS proc 29 maps to socket 1 core 5 thread 0 
OMP: Info #171: KMP_AFFINITY: OS proc 77 maps to socket 1 core 5 thread 1 
OMP: Info #144: KMP_AFFINITY: Threads may migrate across 1 innermost levels of machine
OMP: Info #251: KMP_AFFINITY: pid 2136140 tid 2136140 thread 0 bound to OS proc set 27,75

Executing each MPI process in 6 OMP threads.
[0] MPI startup(): Rank    Pid      Node name     Pin cpu
[0] MPI startup(): 0       3930120  i01r01c06s05  {0,1,2,48,49,50}
[0] MPI startup(): 1       3930121  i01r01c06s05  {3,4,5,51,52,53}
[0] MPI startup(): 2       3930122  i01r01c06s05  {6,7,8,54,55,56}
[0] MPI startup(): 3       3930123  i01r01c06s05  {9,10,11,57,58,59}
[0] MPI startup(): 4       3930124  i01r01c06s05  {24,25,26,72,73,74}
[0] MPI startup(): 5       3930125  i01r01c06s05  {27,28,29,75,76,77}
[0] MPI startup(): 6       3930126  i01r01c06s05  {30,31,32,78,79,80}
[0] MPI startup(): 7       3930127  i01r01c06s05  {33,34,35,81,82,83}
OMP: Info #154: KMP_AFFINITY: Initial OS proc set respected: 9-11,57-59
OMP: Info #213: KMP_AFFINITY: decoding x2APIC ids.
[0] MPI startup(): 8       3002283  i01r01c06s06  {0,1,2,48,49,50}
[0] MPI startup(): 9       3002284  i01r01c06s06  {3,4,5,51,52,53}
OMP: Info #276: KMP_AFFINITY: Affinity capable, using global cpuid leaf 11 info
OMP: Info #156: KMP_AFFINITY: 6 available OS procs
OMP: Info #157: KMP_AFFINITY: Uniform topology
OMP: Info #191: KMP_AFFINITY: 1 socket x 3 cores/socket x 2 threads/core (3 total cores)
OMP: Info #215: KMP_AFFINITY: OS proc to physical thread map:
OMP: Info #171: KMP_AFFINITY: OS proc 9 maps to socket 0 core 11 thread 0 
OMP: Info #171: KMP_AFFINITY: OS proc 57 maps to socket 0 core 11 thread 1 
OMP: Info #171: KMP_AFFINITY: OS proc 10 maps to socket 0 core 12 thread 0 
OMP: Info #171: KMP_AFFINITY: OS proc 58 maps to socket 0 core 12 thread 1 
OMP: Info #171: KMP_AFFINITY: OS proc 11 maps to socket 0 core 13 thread 0 
OMP: Info #171: KMP_AFFINITY: OS proc 59 maps to socket 0 core 13 thread 1 
[0] MPI startup(): 10      3002285  i01r01c06s06  {6,7,8,54,55,56}
[0] MPI startup(): 11      3002286  i01r01c06s06  {9,10,11,57,58,59}
OMP: Info #154: KMP_AFFINITY: Initial OS proc set respected: 24-26,72-74
OMP: Info #213: KMP_AFFINITY: decoding x2APIC ids.
[0] MPI startup(): 12      3002287  i01r01c06s06  {24,25,26,72,73,74}
[0] MPI startup(): 13      3002288  i01r01c06s06  {27,28,29,75,76,77}
OMP: Info #144: KMP_AFFINITY: Threads may migrate across 1 innermost levels of machine
OMP: Info #251: KMP_AFFINITY: pid 822493 tid 822493 thread 0 bound to OS proc set 9,57
[0] MPI startup(): 14      3002289  i01r01c06s06  {30,31,32,78,79,80}
[0] MPI startup(): 15      3002290  i01r01c06s06  {33,34,35,81,82,83}

Executing each MPI process in 6 OMP threads.
[0] MPI startup(): 16      822490   i01r01c06s07  {0,1,2,48,49,50}
[0] MPI startup(): 17      822491   i01r01c06s07  {3,4,5,51,52,53}
[0] OMP: Info #276: KMP_AFFINITY: Affinity capable, using global cpuid leaf 11 info
OMP: Info #156: KMP_AFFINITY: 6 available OS procs
OMP: Info #157: KMP_AFFINITY: Uniform topology
MPI startup(): 18      822492   i01r01c06s07  {6,7,8,54,55,56}
[0] MPI startup(): 19      822493   i01r01c06s07  {9,10,11,57,58,59}
[0] OMP: Info #191: KMP_AFFINITY: 1 socket x 3 cores/socket x 2 threads/core (3 total cores)
OMP: Info #215: KMP_AFFINITY: OS proc to physical thread map:
OMP: Info #171: KMP_AFFINITY: OS proc 24 maps to socket 1 core 0 thread 0 
OMP: Info #171: KMP_AFFINITY: OS proc 72 maps to socket 1 core 0 thread 1 
OMP: Info #171: KMP_AFFINITY: OS proc 25 maps to socket 1 core 1 thread 0 
OMP: Info #171: KMP_AFFINITY: OS proc 73 maps to socket 1 core 1 thread 1 
MPI startup(): 20      822494   i01r01c06s07  {24,25,26,72,73,74}
[0] MPI startup(): 21      822495   i01r01c06s07  {27,28,29,75,76,77}
[0] OMP: Info #171: KMP_AFFINITY: OS proc 26 maps to socket 1 core 2 thread 0 
OMP: Info #171: KMP_AFFINITY: OS proc 74 maps to socket 1 core 2 thread 1 
MPI startup(): 22      822496   i01r01c06s07  {30,31,32,78,79,80}
[0] MPI startup(): 23      822497   i01r01c06s07  {33,34,35,81,82,83}
OMP: Info #144: KMP_AFFINITY: Threads may migrate across 1 innermost levels of machine
[0] MPI startup(): 24      2136135  i01r01c06s08  {0,1,2,48,49,50}
[0] MPI startup(): 25      2136136  i01r01c06s08  {3,4,5,51,52,53}
[0] MPI startup(): OMP: Info #251: KMP_AFFINITY: pid 822494 tid 822494 thread 0 bound to OS proc set 24,72
26      2136137  i01r01c06s08  {6,7,8,54,55,56}
[0] MPI startup(): 27      2136138  i01r01c06s08  {9,10,11,57,58,59}
[0] MPI startup(): 
Executing each MPI process in 6 OMP threads.
28      2136139  i01r01c06s08  {24,25,26,72,73,74}
[0] MPI startup(): 29      2136140  i01r01c06s08  {27,28,29,75,76,77}
[0] MPI startup(): 30      2136141  i01r01c06s08  {30,31,32,78,79,80}
[0] MPI startup(): 31      2136142  i01r01c06s08  {33,34,35,81,82,83}
OMP: Info #154: KMP_AFFINITY: Initial OS proc set respected: 3-5,51-53
OMP: Info #213: KMP_AFFINITY: decoding x2APIC ids.
OMP: Info #154: KMP_AFFINITY: Initial OS proc set respected: 33-35,81-83
OMP: Info #213: KMP_AFFINITY: decoding x2APIC ids.

8 processes distributed in X-direction
 4 ; processes distributed in Y-direction
OMP: Info #276: KMP_AFFINITY: Affinity capable, using global cpuid leaf 11 info
OMP: Info #156: KMP_AFFINITY: 6 available OS procs
OMP: Info #157: KMP_AFFINITY: Uniform topology
OMP: Info #191: KMP_AFFINITY: 1 socket x 3 cores/socket x 2 threads/core (3 total cores)
OMP: Info #215: KMP_AFFINITY: OS proc to physical thread map:
OMP: Info #171: KMP_AFFINITY: OS proc 3 maps to socket 0 core 3 thread 0 
OMP: Info #171: KMP_AFFINITY: OS proc 51 maps to socket 0 core 3 thread 1 
OMP: Info #171: KMP_AFFINITY: OS proc 4 maps to socket 0 core 4 thread 0 
OMP: Info #171: KMP_AFFINITY: OS proc 52 maps to socket 0 core 4 thread 1 
OMP: Info #171: KMP_AFFINITY: OS proc 5 maps to socket 0 core 5 thread 0 
OMP: Info #171: KMP_AFFINITY: OS proc 53 maps to socket 0 core 5 thread 1 
OMP: Info #144: KMP_AFFINITY: Threads may migrate across 1 innermost levels of machine
OMP: Info #276: KMP_AFFINITY: Affinity capable, using global cpuid leaf 11 info
OMP: Info #156: KMP_AFFINITY: 6 available OS procs
OMP: Info #157: KMP_AFFINITY: Uniform topology
OMP: Info #191: KMP_AFFINITY: 1 socket x 3 cores/socket x 2 threads/core (3 total cores)
OMP: Info #215: KMP_AFFINITY: OS proc to physical thread map:
OMP: Info #171: KMP_AFFINITY: OS proc 33 maps to socket 1 core 11 thread 0 
OMP: Info #171: KMP_AFFINITY: OS proc 81 maps to socket 1 core 11 thread 1 
OMP: Info #171: KMP_AFFINITY: OS proc 34 maps to socket 1 core 12 thread 0 
OMP: Info #171: KMP_AFFINITY: OS proc 82 maps to socket 1 core 12 thread 1 
OMP: Info #171: KMP_AFFINITY: OS proc 35 maps to socket 1 core 13 thread 0 
OMP: Info #171: KMP_AFFINITY: OS proc 83 maps to socket 1 core 13 thread 1 
OMP: Info #144: KMP_AFFINITY: Threads may migrate across 1 innermost levels of machine
OMP: Info #251: KMP_AFFINITY: pid 3930127 tid 3930127 thread 0 bound to OS proc set 33,81

Executing each MPI process in 6 OMP threads.
OMP: Info #251: KMP_AFFINITY: pid 3930121 tid 3930121 thread 0 bound to OS proc set 3,51

Executing each MPI process in 6 OMP threads.
Resolutions       : (6500, 8500, ... 12500)
Iterations        : 20
Num. Heat sources : 2
   1: (0.00, 0.00) 1.00 1.00 
   2: (1.00, 1.00) 1.00 0.50 
rank= 0 coords= 0 0 neighbours(up,down,left,right)= -1 4 -1 1
rank= 8 coords= 2 0 neighbours(up,down,left,right)= 4 12 -1 9
rank= 24 coords= 6 0 neighbours(up,down,left,right)= 20 28 -1 25
rank= 16 coords= 4 0 neighbours(up,down,left,right)= 12 20 -1 17
rank= 1 coords= 0 1 neighbours(up,down,left,right)= -1 5 0 2
rank= 9 coords= 2 1 neighbours(up,down,left,right)= 5 13 8 10
rank= 25 coords= 6 1 neighbours(up,down,left,right)= 21 29 24 26
rank= 17 coords= 4 1 neighbours(up,down,left,right)= 13 21 16 18
rank= 2 coords= 0 2 neighbours(up,down,left,right)= -1 6 1 3
rank= 10 coords= 2 2 neighbours(up,down,left,right)= 6 14 9 11
rank= 26 coords= 6 2 neighbours(up,down,left,right)= 22 30 25 27
rank= 18 coords= 4 2 neighbours(up,down,left,right)= 14 22 17 19
rank= 3 coords= 0 3 neighbours(up,down,left,right)= -1 7 2 -1
rank= 11 coords= 2 3 neighbours(up,down,left,right)= 7 15 10 -1
rank= 27 coords= 6 3 neighbours(up,down,left,right)= 23 31 26 -1
rank= 19 coords= 4 3 neighbours(up,down,left,right)= 15 23 18 -1
rank= 4 coords= 1 0 neighbours(up,down,left,right)= 0 8 -1 5
rank= 12 coords= 3 0 neighbours(up,down,left,right)= 8 16 -1 13
rank= 28 coords= 7 0 neighbours(up,down,left,right)= 24 -1 -1 29
rank= 20 coords= 5 0 neighbours(up,down,left,right)= 16 24 -1 21
rank= 5 coords= 1 1 neighbours(up,down,left,right)= 1 9 4 6
rank= 13 coords= 3 1 neighbours(up,down,left,right)= 9 17 12 14
rank= 29 coords= 7 1 neighbours(up,down,left,right)= 25 -1 28 30
rank= 21 coords= 5 1 neighbours(up,down,left,right)= 17 25 20 22
rank= 6 coords= 1 2 neighbours(up,down,left,right)= 2 10 5 7
rank= 14 coords= 3 2 neighbours(up,down,left,right)= 10 18 13 15
rank= 30 coords= 7 2 neighbours(up,down,left,right)= 26 -1 29 31
rank= 22 coords= 5 2 neighbours(up,down,left,right)= 18 26 21 23
rank= 7 coords= 1 3 neighbours(up,down,left,right)= 3 11 6 -1
rank= 15 coords= 3 3 neighbours(up,down,left,right)= 11 19 14 -1
rank= 31 coords= 7 3 neighbours(up,down,left,right)= 27 -1 30 -1
rank= 23 coords= 5 3 neighbours(up,down,left,right)= 19 27 22 -1
OMP: Info #251: KMP_AFFINITY: pid 3930121 tid 3930168 thread 1 bound to OS proc set 4,52
OMP: Info #251: KMP_AFFINITY: pid 3002284 tid 3002331 thread 1 bound to OS proc set 4,52
OMP: Info #251: KMP_AFFINITY: pid 822493 tid 822539 thread 1 bound to OS proc set 10,58
OMP: Info #251: KMP_AFFINITY: pid 3930127 tid 3930169 thread 1 bound to OS proc set 34,82
OMP: Info #251: KMP_AFFINITY: pid 822494 tid 822538 thread 1 bound to OS proc set 25,73
OMP: Info #251: KMP_AFFINITY: pid 3930121 tid 3930170 thread 2 bound to OS proc set 5,53
OMP: Info #251: KMP_AFFINITY: pid 2136140 tid 2136183 thread 1 bound to OS proc set 28,76
OMP: Info #251: KMP_AFFINITY: pid 2136140 tid 2136184 thread 2 bound to OS proc set 29,77
OMP: Info #251: KMP_AFFINITY: pid 3930127 tid 3930171 thread 2 bound to OS proc set 35,83
OMP: Info #251: KMP_AFFINITY: pid 2136140 tid 2136185 thread 3 bound to OS proc set 27,75
OMP: Info #251: KMP_AFFINITY: pid 3930121 tid 3930172 thread 3 bound to OS proc set 3,51
OMP: Info #251: KMP_AFFINITY: pid 3002283 tid 3002332 thread 1 bound to OS proc set 1,49
OMP: Info #251: KMP_AFFINITY: pid 2136140 tid 2136186 thread 4 bound to OS proc set 28,76
OMP: Info #251: KMP_AFFINITY: pid 3930121 tid 3930174 thread 4 bound to OS proc set 4,52
OMP: Info #251: KMP_AFFINITY: pid 3002284 tid 3002335 thread 3 bound to OS proc set 3,51
OMP: Info #251: KMP_AFFINITY: pid 3930127 tid 3930173 thread 3 bound to OS proc set 33,81
OMP: Info #251: KMP_AFFINITY: pid 3002284 tid 3002333 thread 2 bound to OS proc set 5,53
OMP: Info #251: KMP_AFFINITY: pid 3930127 tid 3930176 thread 4 bound to OS proc set 34,82
OMP: Info #251: KMP_AFFINITY: pid 3002283 tid 3002334 thread 2 bound to OS proc set 2,50
OMP: Info #251: KMP_AFFINITY: pid 2136140 tid 2136187 thread 5 bound to OS proc set 29,77
OMP: Info #251: KMP_AFFINITY: pid 3930121 tid 3930175 thread 5 bound to OS proc set 5,53
OMP: Info #251: KMP_AFFINITY: pid 3002284 tid 3002336 thread 4 bound to OS proc set 4,52
OMP: Info #251: KMP_AFFINITY: pid 3930127 tid 3930177 thread 5 bound to OS proc set 35,83
OMP: Info #251: KMP_AFFINITY: pid 3002283 tid 3002337 thread 3 bound to OS proc set 0,48
OMP: Info #251: KMP_AFFINITY: pid 3002284 tid 3002338 thread 5 bound to OS proc set 5,53
OMP: Info #251: KMP_AFFINITY: pid 3002283 tid 3002339 thread 4 bound to OS proc set 1,49
OMP: Info #251: KMP_AFFINITY: pid 822494 tid 822541 thread 2 bound to OS proc set 26,74
OMP: Info #251: KMP_AFFINITY: pid 822493 tid 822540 thread 2 bound to OS proc set 11,59
OMP: Info #251: KMP_AFFINITY: pid 822494 tid 822543 thread 3 bound to OS proc set 24,72
OMP: Info #251: KMP_AFFINITY: pid 822493 tid 822542 thread 3 bound to OS proc set 9,57
OMP: Info #251: KMP_AFFINITY: pid 822494 tid 822545 thread 4 bound to OS proc set 25,73
OMP: Info #251: KMP_AFFINITY: pid 3002283 tid 3002340 thread 5 bound to OS proc set 2,50
OMP: Info #251: KMP_AFFINITY: pid 822493 tid 822544 thread 4 bound to OS proc set 10,58
OMP: Info #251: KMP_AFFINITY: pid 822493 tid 822546 thread 5 bound to OS proc set 11,59
OMP: Info #154: KMP_AFFINITY: Initial OS proc set respected: 33-35,81-83
OMP: Info #213: KMP_AFFINITY: decoding x2APIC ids.
OMP: Info #154: KMP_AFFINITY: Initial OS proc set respected: 9-11,57-59
OMP: Info #213: KMP_AFFINITY: decoding x2APIC ids.
OMP: Info #154: KMP_AFFINITY: Initial OS proc set respected: 27-29,75-77
OMP: Info #213: KMP_AFFINITY: decoding x2APIC ids.
OMP: Info #154: KMP_AFFINITY: Initial OS proc set respected: 30-32,78-80
OMP: Info #213: KMP_AFFINITY: decoding x2APIC ids.
OMP: Info #251: KMP_AFFINITY: pid 822494 tid 822547 thread 5 bound to OS proc set 26,74
OMP: Info #154: KMP_AFFINITY: Initial OS proc set respected: 6-8,54-56
OMP: Info #213: KMP_AFFINITY: decoding x2APIC ids.
OMP: Info #154: KMP_AFFINITY: Initial OS proc set respected: 0-2,48-50
OMP: Info #213: KMP_AFFINITY: decoding x2APIC ids.
OMP: Info #154: KMP_AFFINITY: Initial OS proc set respected: 9-11,57-59
OMP: Info #213: KMP_AFFINITY: decoding x2APIC ids.
OMP: Info #154: KMP_AFFINITY: Initial OS proc set respected: 3-5,51-53
OMP: Info #213: KMP_AFFINITY: decoding x2APIC ids.
OMP: Info #154: KMP_AFFINITY: Initial OS proc set respected: 24-26,72-74
OMP: Info #213: KMP_AFFINITY: decoding x2APIC ids.
OMP: Info #276: KMP_AFFINITY: Affinity capable, using global cpuid leaf 11 info
OMP: Info #156: KMP_AFFINITY: 6 available OS procs
OMP: Info #157: KMP_AFFINITY: Uniform topology
OMP: Info #191: KMP_AFFINITY: 1 socket x 3 cores/socket x 2 threads/core (3 total cores)
OMP: Info #215: KMP_AFFINITY: OS proc to physical thread map:
OMP: Info #171: KMP_AFFINITY: OS proc 33 maps to socket 1 core 11 thread 0 
OMP: Info #171: KMP_AFFINITY: OS proc 81 maps to socket 1 core 11 thread 1 
OMP: Info #171: KMP_AFFINITY: OS proc 34 maps to socket 1 core 12 thread 0 
OMP: Info #171: KMP_AFFINITY: OS proc 82 maps to socket 1 core 12 thread 1 
OMP: Info #171: KMP_AFFINITY: OS proc 35 maps to socket 1 core 13 thread 0 
OMP: Info #171: KMP_AFFINITY: OS proc 83 maps to socket 1 core 13 thread 1 
OMP: Info #154: KMP_AFFINITY: Initial OS proc set respected: 27-29,75-77
OMP: Info #213: KMP_AFFINITY: decoding x2APIC ids.
OMP: Info #276: KMP_AFFINITY: Affinity capable, using global cpuid leaf 11 info
OMP: Info #156: KMP_AFFINITY: 6 available OS procs
OMP: Info #157: KMP_AFFINITY: Uniform topology
OMP: Info #191: KMP_AFFINITY: 1 socket x 3 cores/socket x 2 threads/core (3 total cores)
OMP: Info #215: KMP_AFFINITY: OS proc to physical thread map:
OMP: Info #171: KMP_AFFINITY: OS proc 27 maps to socket 1 core 3 thread 0 
OMP: Info #171: KMP_AFFINITY: OS proc 75 maps to socket 1 core 3 thread 1 
OMP: Info #171: KMP_AFFINITY: OS proc 28 maps to socket 1 core 4 thread 0 
OMP: Info #171: KMP_AFFINITY: OS proc 76 maps to socket 1 core 4 thread 1 
OMP: Info #171: KMP_AFFINITY: OS proc 29 maps to socket 1 core 5 thread 0 
OMP: Info #171: KMP_AFFINITY: OS proc 77 maps to socket 1 core 5 thread 1 
OMP: Info #154: KMP_AFFINITY: Initial OS proc set respected: 30-32,78-80
OMP: Info #213: KMP_AFFINITY: decoding x2APIC ids.
OMP: Info #276: KMP_AFFINITY: Affinity capable, using global cpuid leaf 11 info
OMP: Info #156: KMP_AFFINITY: 6 available OS procs
OMP: Info #157: KMP_AFFINITY: Uniform topology
OMP: Info #191: KMP_AFFINITY: 1 socket x 3 cores/socket x 2 threads/core (3 total cores)
OMP: Info #215: KMP_AFFINITY: OS proc to physical thread map:
OMP: Info #171: KMP_AFFINITY: OS proc 9 maps to socket 0 core 11 thread 0 
OMP: Info #171: KMP_AFFINITY: OS proc 57 maps to socket 0 core 11 thread 1 
OMP: Info #171: KMP_AFFINITY: OS proc 10 maps to socket 0 core 12 thread 0 
OMP: Info #171: KMP_AFFINITY: OS proc 58 maps to socket 0 core 12 thread 1 
OMP: Info #171: KMP_AFFINITY: OS proc 11 maps to socket 0 core 13 thread 0 
OMP: Info #171: KMP_AFFINITY: OS proc 59 maps to socket 0 core 13 thread 1 
OMP: Info #144: KMP_AFFINITY: Threads may migrate across 1 innermost levels of machine
OMP: Info #144: KMP_AFFINITY: Threads may migrate across 1 innermost levels of machine
OMP: Info #251: KMP_AFFINITY: pid 822497 tid 822497 thread 0 bound to OS proc set 33,81
OMP: Info #154: KMP_AFFINITY: Initial OS proc set respected: 0-2,48-50
OMP: Info #213: KMP_AFFINITY: decoding x2APIC ids.
OMP: Info #154: KMP_AFFINITY: Initial OS proc set respected: 24-26,72-74
OMP: Info #213: KMP_AFFINITY: decoding x2APIC ids.
OMP: Info #144: KMP_AFFINITY: Threads may migrate across 1 innermost levels of machine
OMP: Info #251: KMP_AFFINITY: pid 822495 tid 822495 thread 0 bound to OS proc set 27,75
OMP: Info #154: KMP_AFFINITY: Initial OS proc set respected: 27-29,75-77
OMP: Info #213: KMP_AFFINITY: decoding x2APIC ids.
OMP: Info #154: KMP_AFFINITY: Initial OS proc set respected: 24-26,72-74
OMP: Info #213: KMP_AFFINITY: decoding x2APIC ids.
OMP: Info #276: KMP_AFFINITY: Affinity capable, using global cpuid leaf 11 info
OMP: Info #156: KMP_AFFINITY: 6 available OS procs
OMP: Info #154: KMP_AFFINITY: Initial OS proc set respected: 30-32,78-80
OMP: Info #213: KMP_AFFINITY: decoding x2APIC ids.
OMP: Info #154: KMP_AFFINITY: Initial OS proc set respected: 33-35,81-83
OMP: Info #213: KMP_AFFINITY: decoding x2APIC ids.
OMP: Info #157: KMP_AFFINITY: Uniform topology
OMP: Info #191: KMP_AFFINITY: 1 socket x 3 cores/socket x 2 threads/core (3 total cores)
OMP: Info #215: KMP_AFFINITY: OS proc to physical thread map:
OMP: Info #171: KMP_AFFINITY: OS proc 30 maps to socket 1 core 8 thread 0 
OMP: Info #171: KMP_AFFINITY: OS proc 78 maps to socket 1 core 8 thread 1 
OMP: Info #154: KMP_AFFINITY: Initial OS proc set respected: 33-35,81-83
OMP: Info #213: KMP_AFFINITY: decoding x2APIC ids.
OMP: Info #154: KMP_AFFINITY: Initial OS proc set respected: 0-2,48-50
OMP: Info #213: KMP_AFFINITY: decoding x2APIC ids.
OMP: Info #171: KMP_AFFINITY: OS proc 31 maps to socket 1 core 9 thread 0 
OMP: Info #171: KMP_AFFINITY: OS proc 79 maps to socket 1 core 9 thread 1 
OMP: Info #171: KMP_AFFINITY: OS proc 32 maps to socket 1 core 10 thread 0 
OMP: Info #171: KMP_AFFINITY: OS proc 80 maps to socket 1 core 10 thread 1 
OMP: Info #154: KMP_AFFINITY: Initial OS proc set respected: 6-8,54-56
OMP: Info #154: KMP_AFFINITY: Initial OS proc set respected: 3-5,51-53
OMP: Info #213: KMP_AFFINITY: decoding x2APIC ids.
OMP: Info #144: KMP_AFFINITY: Threads may migrate across 1 innermost levels of machine
OMP: Info #251: KMP_AFFINITY: pid 3002286 tid 3002286 thread 0 bound to OS proc set 9,57
OMP: Info #154: KMP_AFFINITY: Initial OS proc set respected: 6-8,54-56
OMP: Info #213: KMP_AFFINITY: decoding x2APIC ids.
OMP: Info #276: KMP_AFFINITY: Affinity capable, using global cpuid leaf 11 info
OMP: Info #156: KMP_AFFINITY: 6 available OS procs
OMP: Info #157: KMP_AFFINITY: Uniform topology
OMP: Info #191: KMP_AFFINITY: 1 socket x 3 cores/socket x 2 threads/core (3 total cores)
OMP: Info #215: KMP_AFFINITY: OS proc to physical thread map:
OMP: Info #171: KMP_AFFINITY: OS proc 0 maps to socket 0 core 0 thread 0 
OMP: Info #213: KMP_AFFINITY: decoding x2APIC ids.
OMP: Info #154: KMP_AFFINITY: Initial OS proc set respected: 9-11,57-59
OMP: Info #213: KMP_AFFINITY: decoding x2APIC ids.
OMP: Info #251: KMP_AFFINITY: pid 822496 tid 822496 thread 0 bound to OS proc set 30,78
OMP: Info #251: KMP_AFFINITY: pid 3002286 tid 3002341 thread 1 bound to OS proc set 10,58
OMP: Info #154: KMP_AFFINITY: Initial OS proc set respected: 30-32,78-80
OMP: Info #213: KMP_AFFINITY: decoding x2APIC ids.
OMP: Info #171: KMP_AFFINITY: OS proc 48 maps to socket 0 core 0 thread 1 
OMP: Info #171: KMP_AFFINITY: OS proc 1 maps to socket 0 core 1 thread 0 
OMP: Info #171: KMP_AFFINITY: OS proc 49 maps to socket 0 core 1 thread 1 
OMP: Info #171: KMP_AFFINITY: OS proc 2 maps to socket 0 core 2 thread 0 
OMP: Info #171: KMP_AFFINITY: OS proc 50 maps to socket 0 core 2 thread 1 
OMP: Info #144: KMP_AFFINITY: Threads may migrate across 1 innermost levels of machine
OMP: Info #276: KMP_AFFINITY: Affinity capable, using global cpuid leaf 11 info
OMP: Info #156: KMP_AFFINITY: 6 available OS procs
OMP: Info #157: KMP_AFFINITY: Uniform topology
OMP: Info #191: KMP_AFFINITY: 1 socket x 3 cores/socket x 2 threads/core (3 total cores)
OMP: Info #215: KMP_AFFINITY: OS proc to physical thread map:
OMP: Info #171: KMP_AFFINITY: OS proc 30 maps to socket 1 core 8 thread 0 
OMP: Info #171: KMP_AFFINITY: OS proc 78 maps to socket 1 core 8 thread 1 
OMP: Info #171: KMP_AFFINITY: OS proc 31 maps to socket 1 core 9 thread 0 
OMP: Info #171: KMP_AFFINITY: OS proc 79 maps to socket 1 core 9 thread 1 
OMP: Info #171: KMP_AFFINITY: OS proc 32 maps to socket 1 core 10 thread 0 
OMP: Info #171: KMP_AFFINITY: OS proc 80 maps to socket 1 core 10 thread 1 
OMP: Info #276: KMP_AFFINITY: Affinity capable, using global cpuid leaf 11 info
OMP: Info #156: KMP_AFFINITY: 6 available OS procs
OMP: Info #157: KMP_AFFINITY: Uniform topology
OMP: Info #154: KMP_AFFINITY: Initial OS proc set respected: 6-8,54-56
OMP: Info #213: KMP_AFFINITY: decoding x2APIC ids.
OMP: Info #276: KMP_AFFINITY: Affinity capable, using global cpuid leaf 11 info
OMP: Info #156: KMP_AFFINITY: 6 available OS procs
OMP: Info #157: KMP_AFFINITY: Uniform topology
OMP: Info #191: KMP_AFFINITY: 1 socket x 3 cores/socket x 2 threads/core (3 total cores)
OMP: Info #215: KMP_AFFINITY: OS proc to physical thread map:
OMP: Info #171: KMP_AFFINITY: OS proc 0 maps to socket 0 core 0 thread 0 
OMP: Info #171: KMP_AFFINITY: OS proc 48 maps to socket 0 core 0 thread 1 
OMP: Info #171: KMP_AFFINITY: OS proc 1 maps to socket 0 core 1 thread 0 
OMP: Info #171: KMP_AFFINITY: OS proc 49 maps to socket 0 core 1 thread 1 
OMP: Info #171: KMP_AFFINITY: OS proc 2 maps to socket 0 core 2 thread 0 
OMP: Info #171: KMP_AFFINITY: OS proc 50 maps to socket 0 core 2 thread 1 
OMP: Info #144: KMP_AFFINITY: Threads may migrate across 1 innermost levels of machine
OMP: Info #251: KMP_AFFINITY: pid 3930120 tid 3930120 thread 0 bound to OS proc set 0,48
OMP: Info #276: KMP_AFFINITY: Affinity capable, using global cpuid leaf 11 info
OMP: Info #156: KMP_AFFINITY: 6 available OS procs
OMP: Info #157: KMP_AFFINITY: Uniform topology
OMP: Info #191: KMP_AFFINITY: 1 socket x 3 cores/socket x 2 threads/core (3 total cores)
OMP: Info #215: KMP_AFFINITY: OS proc to physical thread map:
OMP: Info #171: KMP_AFFINITY: OS proc 33 maps to socket 1 core 11 thread 0 
OMP: Info #171: KMP_AFFINITY: OS proc 81 maps to socket 1 core 11 thread 1 
OMP: Info #171: KMP_AFFINITY: OS proc 34 maps to socket 1 core 12 thread 0 
OMP: Info #171: KMP_AFFINITY: OS proc 82 maps to socket 1 core 12 thread 1 
OMP: Info #171: KMP_AFFINITY: OS proc 35 maps to socket 1 core 13 thread 0 
OMP: Info #171: KMP_AFFINITY: OS proc 83 maps to socket 1 core 13 thread 1 
OMP: Info #144: KMP_AFFINITY: Threads may migrate across 1 innermost levels of machine
OMP: Info #276: KMP_AFFINITY: Affinity capable, using global cpuid leaf 11 info
OMP: Info #156: KMP_AFFINITY: 6 available OS procs
OMP: Info #157: KMP_AFFINITY: Uniform topology
OMP: Info #191: KMP_AFFINITY: 1 socket x 3 cores/socket x 2 threads/core (3 total cores)
OMP: Info #215: KMP_AFFINITY: OS proc to physical thread map:
OMP: Info #171: KMP_AFFINITY: OS proc 24 maps to socket 1 core 0 thread 0 
OMP: Info #171: KMP_AFFINITY: OS proc 72 maps to socket 1 core 0 thread 1 
OMP: Info #171: KMP_AFFINITY: OS proc 25 maps to socket 1 core 1 thread 0 
OMP: Info #251: KMP_AFFINITY: pid 822495 tid 822549 thread 1 bound to OS proc set 28,76
OMP: Info #251: KMP_AFFINITY: pid 822495 tid 822551 thread 2 bound to OS proc set 29,77
OMP: Info #276: KMP_AFFINITY: Affinity capable, using global cpuid leaf 11 info
OMP: Info #156: KMP_AFFINITY: 6 available OS procs
OMP: Info #157: KMP_AFFINITY: Uniform topology
OMP: Info #191: KMP_AFFINITY: 1 socket x 3 cores/socket x 2 threads/core (3 total cores)
OMP: Info #215: KMP_AFFINITY: OS proc to physical thread map:
OMP: Info #171: KMP_AFFINITY: OS proc 6 maps to socket 0 core 8 thread 0 
OMP: Info #171: KMP_AFFINITY: OS proc 54 maps to socket 0 core 8 thread 1 
OMP: Info #171: KMP_AFFINITY: OS proc 7 maps to socket 0 core 9 thread 0 
OMP: Info #171: KMP_AFFINITY: OS proc 55 maps to socket 0 core 9 thread 1 
OMP: Info #171: KMP_AFFINITY: OS proc 8 maps to socket 0 core 10 thread 0 
OMP: Info #171: KMP_AFFINITY: OS proc 56 maps to socket 0 core 10 thread 1 
OMP: Info #144: KMP_AFFINITY: Threads may migrate across 1 innermost levels of machine
OMP: Info #251: KMP_AFFINITY: pid 3930122 tid 3930122 thread 0 bound to OS proc set 6,54
OMP: Info #251: KMP_AFFINITY: pid 3002286 tid 3002342 thread 2 bound to OS proc set 11,59
OMP: Info #276: KMP_AFFINITY: Affinity capable, using global cpuid leaf 11 info
OMP: Info #156: KMP_AFFINITY: 6 available OS procs
OMP: Info #157: KMP_AFFINITY: Uniform topology
OMP: Info #191: KMP_AFFINITY: 1 socket x 3 cores/socket x 2 threads/core (3 total cores)
OMP: Info #215: KMP_AFFINITY: OS proc to physical thread map:
OMP: Info #171: KMP_AFFINITY: OS proc 33 maps to socket 1 core 11 thread 0 
OMP: Info #171: KMP_AFFINITY: OS proc 81 maps to socket 1 core 11 thread 1 
OMP: Info #171: KMP_AFFINITY: OS proc 34 maps to socket 1 core 12 thread 0 
OMP: Info #171: KMP_AFFINITY: OS proc 82 maps to socket 1 core 12 thread 1 
OMP: Info #171: KMP_AFFINITY: OS proc 35 maps to socket 1 core 13 thread 0 
OMP: Info #171: KMP_AFFINITY: OS proc 83 maps to socket 1 core 13 thread 1 
OMP: Info #251: KMP_AFFINITY: pid 822497 tid 822548 thread 1 bound to OS proc set 34,82
OMP: Info #276: KMP_AFFINITY: Affinity capable, using global cpuid leaf 11 info
OMP: Info #156: KMP_AFFINITY: 6 available OS procs
OMP: Info #157: KMP_AFFINITY: Uniform topology
OMP: Info #191: KMP_AFFINITY: 1 socket x 3 cores/socket x 2 threads/core (3 total cores)
OMP: Info #215: KMP_AFFINITY: OS proc to physical thread map:
OMP: Info #171: KMP_AFFINITY: OS proc 9 maps to socket 0 core 11 thread 0 
OMP: Info #171: KMP_AFFINITY: OS proc 57 maps to socket 0 core 11 thread 1 
OMP: Info #171: KMP_AFFINITY: OS proc 10 maps to socket 0 core 12 thread 0 
OMP: Info #171: KMP_AFFINITY: OS proc 58 maps to socket 0 core 12 thread 1 
OMP: Info #171: KMP_AFFINITY: OS proc 11 maps to socket 0 core 13 thread 0 
OMP: Info #171: KMP_AFFINITY: OS proc 59 maps to socket 0 core 13 thread 1 
OMP: Info #144: KMP_AFFINITY: Threads may migrate across 1 innermost levels of machine
OMP: Info #251: KMP_AFFINITY: pid 3930123 tid 3930123 thread 0 bound to OS proc set 9,57
OMP: Info #276: KMP_AFFINITY: Affinity capable, using global cpuid leaf 11 info
OMP: Info #156: KMP_AFFINITY: 6 available OS procs
OMP: Info #157: KMP_AFFINITY: Uniform topology
OMP: Info #191: KMP_AFFINITY: 1 socket x 3 cores/socket x 2 threads/core (3 total cores)
OMP: Info #215: KMP_AFFINITY: OS proc to physical thread map:
OMP: Info #171: KMP_AFFINITY: OS proc 24 maps to socket 1 core 0 thread 0 
OMP: Info #171: KMP_AFFINITY: OS proc 72 maps to socket 1 core 0 thread 1 
OMP: Info #171: KMP_AFFINITY: OS proc 25 maps to socket 1 core 1 thread 0 
OMP: Info #171: KMP_AFFINITY: OS proc 73 maps to socket 1 core 1 thread 1 
OMP: Info #171: KMP_AFFINITY: OS proc 26 maps to socket 1 core 2 thread 0 
OMP: Info #171: KMP_AFFINITY: OS proc 74 maps to socket 1 core 2 thread 1 
OMP: Info #144: KMP_AFFINITY: Threads may migrate across 1 innermost levels of machine
OMP: Info #251: KMP_AFFINITY: pid 3002287 tid 3002287 thread 0 bound to OS proc set 24,72
OMP: Info #191: KMP_AFFINITY: 1 socket x 3 cores/socket x 2 threads/core (3 total cores)
OMP: Info #215: KMP_AFFINITY: OS proc to physical thread map:
OMP: Info #171: KMP_AFFINITY: OS proc 0 maps to socket 0 core 0 thread 0 
OMP: Info #171: KMP_AFFINITY: OS proc 48 maps to socket 0 core 0 thread 1 
OMP: Info #171: KMP_AFFINITY: OS proc 1 maps to socket 0 core 1 thread 0 
OMP: Info #171: KMP_AFFINITY: OS proc 49 maps to socket 0 core 1 thread 1 
OMP: Info #171: KMP_AFFINITY: OS proc 2 maps to socket 0 core 2 thread 0 
OMP: Info #171: KMP_AFFINITY: OS proc 50 maps to socket 0 core 2 thread 1 
OMP: Info #144: KMP_AFFINITY: Threads may migrate across 1 innermost levels of machine
OMP: Info #251: KMP_AFFINITY: pid 822490 tid 822490 thread 0 bound to OS proc set 0,48
OMP: Info #276: KMP_AFFINITY: Affinity capable, using global cpuid leaf 11 info
OMP: Info #156: KMP_AFFINITY: 6 available OS procs
OMP: Info #157: KMP_AFFINITY: Uniform topology
OMP: Info #191: KMP_AFFINITY: 1 socket x 3 cores/socket x 2 threads/core (3 total cores)
OMP: Info #215: KMP_AFFINITY: OS proc to physical thread map:
OMP: Info #171: KMP_AFFINITY: OS proc 24 maps to socket 1 core 0 thread 0 
OMP: Info #171: KMP_AFFINITY: OS proc 72 maps to socket 1 core 0 thread 1 
OMP: Info #171: KMP_AFFINITY: OS proc 25 maps to socket 1 core 1 thread 0 
OMP: Info #171: KMP_AFFINITY: OS proc 73 maps to socket 1 core 1 thread 1 
OMP: Info #171: KMP_AFFINITY: OS proc 26 maps to socket 1 core 2 thread 0 
OMP: Info #171: KMP_AFFINITY: OS proc 74 maps to socket 1 core 2 thread 1 
OMP: Info #144: KMP_AFFINITY: Threads may migrate across 1 innermost levels of machine
OMP: Info #251: KMP_AFFINITY: pid 3930124 tid 3930124 thread 0 bound to OS proc set 24,72
OMP: Info #276: KMP_AFFINITY: Affinity capable, using global cpuid leaf 11 info
OMP: Info #156: KMP_AFFINITY: 6 available OS procs
OMP: Info #157: KMP_AFFINITY: Uniform topology
OMP: Info #191: KMP_AFFINITY: 1 socket x 3 cores/socket x 2 threads/core (3 total cores)
OMP: Info #215: KMP_AFFINITY: OS proc to physical thread map:
OMP: Info #171: KMP_AFFINITY: OS proc 27 maps to socket 1 core 3 thread 0 
OMP: Info #171: KMP_AFFINITY: OS proc 75 maps to socket 1 core 3 thread 1 
OMP: Info #171: KMP_AFFINITY: OS proc 28 maps to socket 1 core 4 thread 0 
OMP: Info #171: KMP_AFFINITY: OS proc 76 maps to socket 1 core 4 thread 1 
OMP: Info #171: KMP_AFFINITY: OS proc 29 maps to socket 1 core 5 thread 0 
OMP: Info #171: KMP_AFFINITY: OS proc 77 maps to socket 1 core 5 thread 1 
OMP: Info #144: KMP_AFFINITY: Threads may migrate across 1 innermost levels of machine
OMP: Info #251: KMP_AFFINITY: pid 3002288 tid 3002288 thread 0 bound to OS proc set 27,75
OMP: Info #171: KMP_AFFINITY: OS proc 73 maps to socket 1 core 1 thread 1 
OMP: Info #171: KMP_AFFINITY: OS proc 26 maps to socket 1 core 2 thread 0 
OMP: Info #171: KMP_AFFINITY: OS proc 74 maps to socket 1 core 2 thread 1 
OMP: Info #144: KMP_AFFINITY: Threads may migrate across 1 innermost levels of machine
OMP: Info #251: KMP_AFFINITY: pid 2136139 tid 2136139 thread 0 bound to OS proc set 24,72
OMP: Info #276: KMP_AFFINITY: Affinity capable, using global cpuid leaf 11 info
OMP: Info #156: KMP_AFFINITY: 6 available OS procs
OMP: Info #157: KMP_AFFINITY: Uniform topology
OMP: Info #191: KMP_AFFINITY: 1 socket x 3 cores/socket x 2 threads/core (3 total cores)
OMP: Info #215: KMP_AFFINITY: OS proc to physical thread map:
OMP: Info #171: KMP_AFFINITY: OS proc 3 maps to socket 0 core 3 thread 0 
OMP: Info #171: KMP_AFFINITY: OS proc 51 maps to socket 0 core 3 thread 1 
OMP: Info #171: KMP_AFFINITY: OS proc 4 maps to socket 0 core 4 thread 0 
OMP: Info #171: KMP_AFFINITY: OS proc 52 maps to socket 0 core 4 thread 1 
OMP: Info #171: KMP_AFFINITY: OS proc 5 maps to socket 0 core 5 thread 0 
OMP: Info #171: KMP_AFFINITY: OS proc 53 maps to socket 0 core 5 thread 1 
OMP: Info #276: KMP_AFFINITY: Affinity capable, using global cpuid leaf 11 info
OMP: Info #156: KMP_AFFINITY: 6 available OS procs
OMP: Info #157: KMP_AFFINITY: Uniform topology
OMP: Info #191: KMP_AFFINITY: 1 socket x 3 cores/socket x 2 threads/core (3 total cores)
OMP: Info #215: KMP_AFFINITY: OS proc to physical thread map:
OMP: Info #171: KMP_AFFINITY: OS proc 27 maps to socket 1 core 3 thread 0 
OMP: Info #171: KMP_AFFINITY: OS proc 75 maps to socket 1 core 3 thread 1 
OMP: Info #171: KMP_AFFINITY: OS proc 28 maps to socket 1 core 4 thread 0 
OMP: Info #171: KMP_AFFINITY: OS proc 76 maps to socket 1 core 4 thread 1 
OMP: Info #171: KMP_AFFINITY: OS proc 29 maps to socket 1 core 5 thread 0 
OMP: Info #171: KMP_AFFINITY: OS proc 77 maps to socket 1 core 5 thread 1 
OMP: Info #144: KMP_AFFINITY: Threads may migrate across 1 innermost levels of machine
OMP: Info #251: KMP_AFFINITY: pid 3930125 tid 3930125 thread 0 bound to OS proc set 27,75
OMP: Info #144: KMP_AFFINITY: Threads may migrate across 1 innermost levels of machine
OMP: Info #251: KMP_AFFINITY: pid 3002289 tid 3002289 thread 0 bound to OS proc set 30,78
OMP: Info #144: KMP_AFFINITY: Threads may migrate across 1 innermost levels of machine
OMP: Info #251: KMP_AFFINITY: pid 2136142 tid 2136142 thread 0 bound to OS proc set 33,81
OMP: Info #144: KMP_AFFINITY: Threads may migrate across 1 innermost levels of machine
OMP: Info #276: KMP_AFFINITY: Affinity capable, using global cpuid leaf 11 info
OMP: Info #156: KMP_AFFINITY: 6 available OS procs
OMP: Info #157: KMP_AFFINITY: Uniform topology
OMP: Info #191: KMP_AFFINITY: 1 socket x 3 cores/socket x 2 threads/core (3 total cores)
OMP: Info #215: KMP_AFFINITY: OS proc to physical thread map:
OMP: Info #171: KMP_AFFINITY: OS proc 30 maps to socket 1 core 8 thread 0 
OMP: Info #171: KMP_AFFINITY: OS proc 78 maps to socket 1 core 8 thread 1 
OMP: Info #171: KMP_AFFINITY: OS proc 31 maps to socket 1 core 9 thread 0 
OMP: Info #171: KMP_AFFINITY: OS proc 79 maps to socket 1 core 9 thread 1 
OMP: Info #171: KMP_AFFINITY: OS proc 32 maps to socket 1 core 10 thread 0 
OMP: Info #171: KMP_AFFINITY: OS proc 80 maps to socket 1 core 10 thread 1 
OMP: Info #144: KMP_AFFINITY: Threads may migrate across 1 innermost levels of machine
OMP: Info #251: KMP_AFFINITY: pid 3930126 tid 3930126 thread 0 bound to OS proc set 30,78
OMP: Info #251: KMP_AFFINITY: pid 3002286 tid 3002343 thread 3 bound to OS proc set 9,57
OMP: Info #251: KMP_AFFINITY: pid 2136135 tid 2136135 thread 0 bound to OS proc set 0,48
OMP: Info #251: KMP_AFFINITY: pid 822496 tid 822553 thread 1 bound to OS proc set 31,79
OMP: Info #251: KMP_AFFINITY: pid 3930120 tid 3930181 thread 1 bound to OS proc set 1,49
OMP: Info #251: KMP_AFFINITY: pid 3002290 tid 3002290 thread 0 bound to OS proc set 33,81
OMP: Info #276: KMP_AFFINITY: Affinity capable, using global cpuid leaf 11 info
OMP: Info #156: KMP_AFFINITY: 6 available OS procs
OMP: Info #157: KMP_AFFINITY: Uniform topology
OMP: Info #191: KMP_AFFINITY: 1 socket x 3 cores/socket x 2 threads/core (3 total cores)
OMP: Info #215: KMP_AFFINITY: OS proc to physical thread map:
OMP: Info #171: KMP_AFFINITY: OS proc 3 maps to socket 0 core 3 thread 0 
OMP: Info #171: KMP_AFFINITY: OS proc 51 maps to socket 0 core 3 thread 1 
OMP: Info #171: KMP_AFFINITY: OS proc 4 maps to socket 0 core 4 thread 0 
OMP: Info #251: KMP_AFFINITY: pid 822495 tid 822552 thread 3 bound to OS proc set 27,75
OMP: Info #251: KMP_AFFINITY: pid 3930122 tid 3930182 thread 1 bound to OS proc set 7,55
OMP: Info #251: KMP_AFFINITY: pid 3002287 tid 3002344 thread 1 bound to OS proc set 25,73
OMP: Info #276: KMP_AFFINITY: Affinity capable, using global cpuid leaf 11 info
OMP: Info #156: KMP_AFFINITY: 6 available OS procs
OMP: Info #157: KMP_AFFINITY: Uniform topology
OMP: Info #191: KMP_AFFINITY: 1 socket x 3 cores/socket x 2 threads/core (3 total cores)
OMP: Info #215: KMP_AFFINITY: OS proc to physical thread map:
OMP: Info #171: KMP_AFFINITY: OS proc 9 maps to socket 0 core 11 thread 0 
OMP: Info #171: KMP_AFFINITY: OS proc 57 maps to socket 0 core 11 thread 1 
OMP: Info #171: KMP_AFFINITY: OS proc 10 maps to socket 0 core 12 thread 0 
OMP: Info #171: KMP_AFFINITY: OS proc 58 maps to socket 0 core 12 thread 1 
OMP: Info #171: KMP_AFFINITY: OS proc 11 maps to socket 0 core 13 thread 0 
OMP: Info #171: KMP_AFFINITY: OS proc 59 maps to socket 0 core 13 thread 1 
OMP: Info #144: KMP_AFFINITY: Threads may migrate across 1 innermost levels of machine
OMP: Info #251: KMP_AFFINITY: pid 2136138 tid 2136138 thread 0 bound to OS proc set 9,57
OMP: Info #251: KMP_AFFINITY: pid 822497 tid 822550 thread 2 bound to OS proc set 35,83
OMP: Info #251: KMP_AFFINITY: pid 3930123 tid 3930183 thread 1 bound to OS proc set 10,58
OMP: Info #276: KMP_AFFINITY: Affinity capable, using global cpuid leaf 11 info
OMP: Info #156: KMP_AFFINITY: 6 available OS procs
OMP: Info #157: KMP_AFFINITY: Uniform topology
OMP: Info #276: KMP_AFFINITY: Affinity capable, using global cpuid leaf 11 info
OMP: Info #156: KMP_AFFINITY: 6 available OS procs
OMP: Info #157: KMP_AFFINITY: Uniform topology
OMP: Info #191: KMP_AFFINITY: 1 socket x 3 cores/socket x 2 threads/core (3 total cores)
OMP: Info #215: KMP_AFFINITY: OS proc to physical thread map:
OMP: Info #171: KMP_AFFINITY: OS proc 30 maps to socket 1 core 8 thread 0 
OMP: Info #171: KMP_AFFINITY: OS proc 78 maps to socket 1 core 8 thread 1 
OMP: Info #171: KMP_AFFINITY: OS proc 31 maps to socket 1 core 9 thread 0 
OMP: Info #171: KMP_AFFINITY: OS proc 79 maps to socket 1 core 9 thread 1 
OMP: Info #171: KMP_AFFINITY: OS proc 32 maps to socket 1 core 10 thread 0 
OMP: Info #171: KMP_AFFINITY: OS proc 80 maps to socket 1 core 10 thread 1 
OMP: Info #144: KMP_AFFINITY: Threads may migrate across 1 innermost levels of machine
OMP: Info #251: KMP_AFFINITY: pid 2136141 tid 2136141 thread 0 bound to OS proc set 30,78
OMP: Info #251: KMP_AFFINITY: pid 822491 tid 822491 thread 0 bound to OS proc set 3,51
OMP: Info #251: KMP_AFFINITY: pid 3930124 tid 3930180 thread 1 bound to OS proc set 25,73
OMP: Info #251: KMP_AFFINITY: pid 3002286 tid 3002347 thread 4 bound to OS proc set 10,58
OMP: Info #171: KMP_AFFINITY: OS proc 52 maps to socket 0 core 4 thread 1 
OMP: Info #171: KMP_AFFINITY: OS proc 5 maps to socket 0 core 5 thread 0 
OMP: Info #171: KMP_AFFINITY: OS proc 53 maps to socket 0 core 5 thread 1 
OMP: Info #144: KMP_AFFINITY: Threads may migrate across 1 innermost levels of machine
OMP: Info #251: KMP_AFFINITY: pid 822490 tid 822556 thread 1 bound to OS proc set 1,49
OMP: Info #251: KMP_AFFINITY: pid 3930125 tid 3930178 thread 1 bound to OS proc set 28,76
OMP: Info #251: KMP_AFFINITY: pid 3002288 tid 3002348 thread 1 bound to OS proc set 28,76
OMP: Info #276: KMP_AFFINITY: Affinity capable, using global cpuid leaf 11 info
OMP: Info #156: KMP_AFFINITY: 6 available OS procs
OMP: Info #157: KMP_AFFINITY: Uniform topology
OMP: Info #191: KMP_AFFINITY: 1 socket x 3 cores/socket x 2 threads/core (3 total cores)
OMP: Info #215: KMP_AFFINITY: OS proc to physical thread map:
OMP: Info #171: KMP_AFFINITY: OS proc 6 maps to socket 0 core 8 thread 0 
OMP: Info #171: KMP_AFFINITY: OS proc 54 maps to socket 0 core 8 thread 1 
OMP: Info #171: KMP_AFFINITY: OS proc 7 maps to socket 0 core 9 thread 0 
OMP: Info #171: KMP_AFFINITY: OS proc 55 maps to socket 0 core 9 thread 1 
OMP: Info #171: KMP_AFFINITY: OS proc 8 maps to socket 0 core 10 thread 0 
OMP: Info #171: KMP_AFFINITY: OS proc 56 maps to socket 0 core 10 thread 1 
OMP: Info #144: KMP_AFFINITY: Threads may migrate across 1 innermost levels of machine
OMP: Info #251: KMP_AFFINITY: pid 822495 tid 822557 thread 4 bound to OS proc set 28,76
OMP: Info #251: KMP_AFFINITY: pid 3930122 tid 3930189 thread 2 bound to OS proc set 8,56
OMP: Info #251: KMP_AFFINITY: pid 3002289 tid 3002346 thread 1 bound to OS proc set 31,79
OMP: Info #251: KMP_AFFINITY: pid 2136135 tid 2136190 thread 1 bound to OS proc set 1,49
OMP: Info #251: KMP_AFFINITY: pid 822497 tid 822554 thread 3 bound to OS proc set 33,81
OMP: Info #251: KMP_AFFINITY: pid 3930126 tid 3930179 thread 1 bound to OS proc set 31,79
OMP: Info #191: KMP_AFFINITY: 1 socket x 3 cores/socket x 2 threads/core (3 total cores)
OMP: Info #215: KMP_AFFINITY: OS proc to physical thread map:
OMP: Info #171: KMP_AFFINITY: OS proc 6 maps to socket 0 core 8 thread 0 
OMP: Info #171: KMP_AFFINITY: OS proc 54 maps to socket 0 core 8 thread 1 
OMP: Info #171: KMP_AFFINITY: OS proc 7 maps to socket 0 core 9 thread 0 
OMP: Info #171: KMP_AFFINITY: OS proc 55 maps to socket 0 core 9 thread 1 
OMP: Info #171: KMP_AFFINITY: OS proc 8 maps to socket 0 core 10 thread 0 
OMP: Info #171: KMP_AFFINITY: OS proc 56 maps to socket 0 core 10 thread 1 
OMP: Info #144: KMP_AFFINITY: Threads may migrate across 1 innermost levels of machine
OMP: Info #251: KMP_AFFINITY: pid 2136136 tid 2136136 thread 0 bound to OS proc set 3,51
OMP: Info #251: KMP_AFFINITY: pid 822491 tid 822559 thread 1 bound to OS proc set 4,52
OMP: Info #251: KMP_AFFINITY: pid 3930120 tid 3930184 thread 2 bound to OS proc set 2,50
OMP: Info #251: KMP_AFFINITY: pid 3002290 tid 3002345 thread 1 bound to OS proc set 34,82
OMP: Info #251: KMP_AFFINITY: pid 2136137 tid 2136137 thread 0 bound to OS proc set 6,54
OMP: Info #251: KMP_AFFINITY: pid 822495 tid 822561 thread 5 bound to OS proc set 29,77
OMP: Info #251: KMP_AFFINITY: pid 3930124 tid 3930188 thread 2 bound to OS proc set 26,74
OMP: Info #251: KMP_AFFINITY: pid 3002285 tid 3002285 thread 0 bound to OS proc set 6,54
OMP: Info #251: KMP_AFFINITY: pid 2136139 tid 2136189 thread 1 bound to OS proc set 25,73
OMP: Info #276: KMP_AFFINITY: Affinity capable, using global cpuid leaf 11 info
OMP: Info #156: KMP_AFFINITY: 6 available OS procs
OMP: Info #157: KMP_AFFINITY: Uniform topology
OMP: Info #191: KMP_AFFINITY: 1 socket x 3 cores/socket x 2 threads/core (3 total cores)
OMP: Info #251: KMP_AFFINITY: pid 3930123 tid 3930187 thread 2 bound to OS proc set 11,59
OMP: Info #251: KMP_AFFINITY: pid 3002286 tid 3002351 thread 5 bound to OS proc set 11,59
OMP: Info #251: KMP_AFFINITY: pid 2136142 tid 2136188 thread 1 bound to OS proc set 34,82
OMP: Info #251: KMP_AFFINITY: pid 822496 tid 822562 thread 3 bound to OS proc set 30,78
OMP: Info #251: KMP_AFFINITY: pid 822496 tid 822555 thread 2 bound to OS proc set 32,80
OMP: Info #251: KMP_AFFINITY: pid 3930125 tid 3930186 thread 2 bound to OS proc set 29,77
OMP: Info #251: KMP_AFFINITY: pid 3002288 tid 3002352 thread 2 bound to OS proc set 29,77
OMP: Info #251: KMP_AFFINITY: pid 2136136 tid 2136195 thread 1 bound to OS proc set 4,52
OMP: Info #251: KMP_AFFINITY: pid 822497 tid 822560 thread 4 bound to OS proc set 34,82
OMP: Info #251: KMP_AFFINITY: pid 3930126 tid 3930190 thread 3 bound to OS proc set 30,78
OMP: Info #251: KMP_AFFINITY: pid 3002290 tid 3002353 thread 2 bound to OS proc set 35,83
OMP: Info #251: KMP_AFFINITY: pid 2136138 tid 2136192 thread 1 bound to OS proc set 10,58
OMP: Info #215: KMP_AFFINITY: OS proc to physical thread map:
OMP: Info #171: KMP_AFFINITY: OS proc 6 maps to socket 0 core 8 thread 0 
OMP: Info #171: KMP_AFFINITY: OS proc 54 maps to socket 0 core 8 thread 1 
OMP: Info #171: KMP_AFFINITY: OS proc 7 maps to socket 0 core 9 thread 0 
OMP: Info #171: KMP_AFFINITY: OS proc 55 maps to socket 0 core 9 thread 1 
OMP: Info #171: KMP_AFFINITY: OS proc 8 maps to socket 0 core 10 thread 0 
OMP: Info #171: KMP_AFFINITY: OS proc 56 maps to socket 0 core 10 thread 1 
OMP: Info #144: KMP_AFFINITY: Threads may migrate across 1 innermost levels of machine
OMP: Info #251: KMP_AFFINITY: pid 822492 tid 822492 thread 0 bound to OS proc set 6,54
OMP: Info #251: KMP_AFFINITY: pid 3930126 tid 3930185 thread 2 bound to OS proc set 32,80
OMP: Info #251: KMP_AFFINITY: pid 3002287 tid 3002349 thread 2 bound to OS proc set 26,74
OMP: Info #251: KMP_AFFINITY: pid 3002287 tid 3002354 thread 3 bound to OS proc set 24,72
OMP: Info #251: KMP_AFFINITY: pid 2136141 tid 2136194 thread 1 bound to OS proc set 31,79
OMP: Info #251: KMP_AFFINITY: pid 822497 tid 822564 thread 5 bound to OS proc set 35,83
OMP: Info #251: KMP_AFFINITY: pid 3930124 tid 3930194 thread 3 bound to OS proc set 24,72
OMP: Info #251: KMP_AFFINITY: pid 3002289 tid 3002350 thread 2 bound to OS proc set 32,80
OMP: Info #251: KMP_AFFINITY: pid 2136135 tid 2136191 thread 2 bound to OS proc set 2,50
OMP: Info #251: KMP_AFFINITY: pid 822490 tid 822558 thread 2 bound to OS proc set 2,50
OMP: Info #251: KMP_AFFINITY: pid 822490 tid 822565 thread 3 bound to OS proc set 0,48
OMP: Info #251: KMP_AFFINITY: pid 3930123 tid 3930192 thread 3 bound to OS proc set 9,57
OMP: Info #251: KMP_AFFINITY: pid 3002289 tid 3002355 thread 3 bound to OS proc set 30,78
OMP: Info #251: KMP_AFFINITY: pid 2136138 tid 2136197 thread 2 bound to OS proc set 11,59
OMP: Info #251: KMP_AFFINITY: pid 822492 tid 822567 thread 1 bound to OS proc set 7,55
OMP: Info #251: KMP_AFFINITY: pid 3930120 tid 3930193 thread 3 bound to OS proc set 0,48
OMP: Info #251: KMP_AFFINITY: pid 3002285 tid 3002358 thread 1 bound to OS proc set 7,55
OMP: Info #251: KMP_AFFINITY: pid 2136139 tid 2136196 thread 2 bound to OS proc set 26,74
OMP: Info #251: KMP_AFFINITY: pid 822490 tid 822566 thread 4 bound to OS proc set 1,49
OMP: Info #251: KMP_AFFINITY: pid 3930122 tid 3930195 thread 3 bound to OS proc set 6,54
OMP: Info #251: KMP_AFFINITY: pid 3002287 tid 3002359 thread 4 bound to OS proc set 25,73
OMP: Info #251: KMP_AFFINITY: pid 2136136 tid 2136200 thread 2 bound to OS proc set 5,53
OMP: Info #251: KMP_AFFINITY: pid 822492 tid 822568 thread 2 bound to OS proc set 8,56
OMP: Info #251: KMP_AFFINITY: pid 3930125 tid 3930191 thread 3 bound to OS proc set 27,75
OMP: Info #251: KMP_AFFINITY: pid 3002288 tid 3002356 thread 3 bound to OS proc set 27,75
OMP: Info #251: KMP_AFFINITY: pid 2136139 tid 2136198 thread 3 bound to OS proc set 24,72
OMP: Info #251: KMP_AFFINITY: pid 822490 tid 822569 thread 5 bound to OS proc set 2,50
OMP: Info #251: KMP_AFFINITY: pid 3930125 tid 3930198 thread 4 bound to OS proc set 28,76
OMP: Info #251: KMP_AFFINITY: pid 3002287 tid 3002360 thread 5 bound to OS proc set 26,74
OMP: Info #251: KMP_AFFINITY: pid 2136141 tid 2136199 thread 2 bound to OS proc set 32,80
OMP: Info #251: KMP_AFFINITY: pid 822491 tid 822563 thread 2 bound to OS proc set 5,53
OMP: Info #251: KMP_AFFINITY: pid 3930126 tid 3930196 thread 4 bound to OS proc set 31,79
OMP: Info #251: KMP_AFFINITY: pid 3002290 tid 3002357 thread 3 bound to OS proc set 33,81
OMP: Info #251: KMP_AFFINITY: pid 2136135 tid 2136201 thread 3 bound to OS proc set 0,48
OMP: Info #251: KMP_AFFINITY: pid 2136135 tid 2136206 thread 4 bound to OS proc set 1,49
OMP: Info #251: KMP_AFFINITY: pid 822492 tid 822570 thread 3 bound to OS proc set 6,54
OMP: Info #251: KMP_AFFINITY: pid 3930122 tid 3930201 thread 4 bound to OS proc set 7,55
OMP: Info #251: KMP_AFFINITY: pid 3002289 tid 3002361 thread 4 bound to OS proc set 31,79
OMP: Info #251: KMP_AFFINITY: pid 2136137 tid 2136202 thread 1 bound to OS proc set 7,55
OMP: Info #251: KMP_AFFINITY: pid 822491 tid 822571 thread 3 bound to OS proc set 3,51
OMP: Info #251: KMP_AFFINITY: pid 3930123 tid 3930200 thread 4 bound to OS proc set 10,58
OMP: Info #251: KMP_AFFINITY: pid 3002288 tid 3002362 thread 4 bound to OS proc set 28,76
OMP: Info #251: KMP_AFFINITY: pid 2136139 tid 2136204 thread 4 bound to OS proc set 25,73
OMP: Info #251: KMP_AFFINITY: pid 822492 tid 822572 thread 4 bound to OS proc set 7,55
OMP: Info #251: KMP_AFFINITY: pid 3930124 tid 3930197 thread 4 bound to OS proc set 25,73
OMP: Info #251: KMP_AFFINITY: pid 3002285 tid 3002364 thread 2 bound to OS proc set 8,56
OMP: Info #251: KMP_AFFINITY: pid 2136141 tid 2136205 thread 3 bound to OS proc set 30,78
OMP: Info #251: KMP_AFFINITY: pid 2136141 tid 2136209 thread 4 bound to OS proc set 31,79
OMP: Info #251: KMP_AFFINITY: pid 822492 tid 822574 thread 5 bound to OS proc set 8,56
OMP: Info #251: KMP_AFFINITY: pid 3930120 tid 3930199 thread 4 bound to OS proc set 1,49
OMP: Info #251: KMP_AFFINITY: pid 3002290 tid 3002363 thread 4 bound to OS proc set 34,82
OMP: Info #251: KMP_AFFINITY: pid 2136136 tid 2136203 thread 3 bound to OS proc set 3,51
OMP: Info #251: KMP_AFFINITY: pid 822491 tid 822573 thread 4 bound to OS proc set 4,52
OMP: Info #251: KMP_AFFINITY: pid 3930126 tid 3930204 thread 5 bound to OS proc set 32,80
OMP: Info #251: KMP_AFFINITY: pid 3002290 tid 3002366 thread 5 bound to OS proc set 35,83
OMP: Info #251: KMP_AFFINITY: pid 2136137 tid 2136208 thread 2 bound to OS proc set 8,56
OMP: Info #251: KMP_AFFINITY: pid 822496 tid 822576 thread 5 bound to OS proc set 32,80
OMP: Info #251: KMP_AFFINITY: pid 3930125 tid 3930202 thread 5 bound to OS proc set 29,77
OMP: Info #251: KMP_AFFINITY: pid 3002288 tid 3002365 thread 5 bound to OS proc set 29,77
OMP: Info #251: KMP_AFFINITY: pid 2136139 tid 2136207 thread 5 bound to OS proc set 26,74
OMP: Info #251: KMP_AFFINITY: pid 3930122 tid 3930207 thread 5 bound to OS proc set 8,56
OMP: Info #251: KMP_AFFINITY: pid 3002285 tid 3002367 thread 3 bound to OS proc set 6,54
OMP: Info #251: KMP_AFFINITY: pid 2136136 tid 2136210 thread 4 bound to OS proc set 4,52
OMP: Info #251: KMP_AFFINITY: pid 3930124 tid 3930205 thread 5 bound to OS proc set 26,74
OMP: Info #251: KMP_AFFINITY: pid 3002285 tid 3002368 thread 4 bound to OS proc set 7,55
OMP: Info #251: KMP_AFFINITY: pid 2136142 tid 2136193 thread 2 bound to OS proc set 35,83
OMP: Info #251: KMP_AFFINITY: pid 3930120 tid 3930206 thread 5 bound to OS proc set 2,50
OMP: Info #251: KMP_AFFINITY: pid 3002285 tid 3002369 thread 5 bound to OS proc set 8,56
OMP: Info #251: KMP_AFFINITY: pid 2136136 tid 2136212 thread 5 bound to OS proc set 5,53
OMP: Info #251: KMP_AFFINITY: pid 822496 tid 822575 thread 4 bound to OS proc set 31,79
OMP: Info #251: KMP_AFFINITY: pid 2136141 tid 2136211 thread 5 bound to OS proc set 32,80
OMP: Info #251: KMP_AFFINITY: pid 822491 tid 822577 thread 5 bound to OS proc set 5,53
OMP: Info #251: KMP_AFFINITY: pid 2136137 tid 2136214 thread 3 bound to OS proc set 6,54
OMP: Info #251: KMP_AFFINITY: pid 2136142 tid 2136213 thread 3 bound to OS proc set 33,81
OMP: Info #251: KMP_AFFINITY: pid 2136142 tid 2136215 thread 4 bound to OS proc set 34,82
OMP: Info #251: KMP_AFFINITY: pid 2136142 tid 2136216 thread 5 bound to OS proc set 35,83
OMP: Info #251: KMP_AFFINITY: pid 2136138 tid 2136218 thread 4 bound to OS proc set 10,58
OMP: Info #251: KMP_AFFINITY: pid 2136138 tid 2136217 thread 3 bound to OS proc set 9,57
OMP: Info #251: KMP_AFFINITY: pid 2136135 tid 2136220 thread 5 bound to OS proc set 2,50
OMP: Info #251: KMP_AFFINITY: pid 3002289 tid 3002370 thread 5 bound to OS proc set 32,80
OMP: Info #251: KMP_AFFINITY: pid 2136138 tid 2136219 thread 5 bound to OS proc set 11,59
OMP: Info #251: KMP_AFFINITY: pid 2136137 tid 2136221 thread 4 bound to OS proc set 7,55
OMP: Info #251: KMP_AFFINITY: pid 2136137 tid 2136222 thread 5 bound to OS proc set 8,56
OMP: Info #251: KMP_AFFINITY: pid 3930123 tid 3930203 thread 5 bound to OS proc set 11,59

Num-X: 4 ; Num-Y: 8 ; Resolution: 6500 ; Rank: 19 ; Rank-X: 3 ; Rank-Y: 4 ; Rowstart: 3252; Rowend: 4066; Rows: 814; Colstart: 4875; Colend: 6501; Cols: 1626;
Num-X: 4 ; Num-Y: 8 ; Resolution: 6500 ; Rank: 29 ; Rank-X: 1 ; Rank-Y: 7 ; Rowstart: 5691; Rowend: 6501; Rows: 810; Colstart: 1625; Colend: 3251; Cols: 1626;
Num-X: 4 ; Num-Y: 8 ; Resolution: 6500 ; Rank: 1 ; Rank-X: 1 ; Rank-Y: 0 ; Rowstart: 0; Rowend: 814; Rows: 814; Colstart: 1625; Colend: 3251; Cols: 1626;
Num-X: 4 ; Num-Y: 8 ; Resolution: 6500 ; Rank: 7 ; Rank-X: 3 ; Rank-Y: 1 ; Rowstart: 813; Rowend: 1627; Rows: 814; Colstart: 4875; Colend: 6501; Cols: 1626;
Num-X: 4 ; Num-Y: 8 ; Resolution: 6500 ; Rank: 20 ; Rank-X: 0 ; Rank-Y: 5 ; Rowstart: 4065; Rowend: 4879; Rows: 814; Colstart: 0; Colend: 1626; Cols: 1626;
Num-X: 4 ; Num-Y: 8 ; Resolution: 6500 ; Rank: 9 ; Rank-X: 1 ; Rank-Y: 2 ; Rowstart: 1626; Rowend: 2440; Rows: 814; Colstart: 1625; Colend: 3251; Cols: 1626;
Num-X: 4 ; Num-Y: 8 ; Resolution: 6500 ; Rank: 8 ; Rank-X: 0 ; Rank-Y: 2 ; Rowstart: 1626; Rowend: 2440; Rows: 814; Colstart: 0; Colend: 1626; Cols: 1626;
Num-X: 4 ; Num-Y: 8 ; Resolution: 6500 ; Rank: 6 ; Rank-X: 2 ; Rank-Y: 1 ; Rowstart: 813; Rowend: 1627; Rows: 814; Colstart: 3250; Colend: 4876; Cols: 1626;
Num-X: 4 ; Num-Y: 8 ; Resolution: 6500 ; Rank: 0 ; Rank-X: 0 ; Rank-Y: 0 ; Rowstart: 0; Rowend: 814; Rows: 814; Colstart: 0; Colend: 1626; Cols: 1626;
Num-X: 4 ; Num-Y: 8 ; Resolution: 6500 ; Rank: 2 ; Rank-X: 2 ; Rank-Y: 0 ; Rowstart: 0; Rowend: 814; Rows: 814; Colstart: 3250; Colend: 4876; Cols: 1626;
Num-X: 4 ; Num-Y: 8 ; Resolution: 6500 ; Rank: 11 ; Rank-X: 3 ; Rank-Y: 2 ; Rowstart: 1626; Rowend: 2440; Rows: 814; Colstart: 4875; Colend: 6501; Cols: 1626;
Num-X: 4 ; Num-Y: 8 ; Resolution: 6500 ; Rank: 12 ; Rank-X: 0 ; Rank-Y: 3 ; Rowstart: 2439; Rowend: 3253; Rows: 814; Colstart: 0; Colend: 1626; Cols: 1626;
Num-X: 4 ; Num-Y: 8 ; Resolution: 6500 ; Rank: 21 ; Rank-X: 1 ; Rank-Y: 5 ; Rowstart: 4065; Rowend: 4879; Rows: 814; Colstart: 1625; Colend: 3251; Cols: 1626;
Num-X: 4 ; Num-Y: 8 ; Resolution: 6500 ; Rank: 4 ; Rank-X: 0 ; Rank-Y: 1 ; Rowstart: 813; Rowend: 1627; Rows: 814; Colstart: 0; Colend: 1626; Cols: 1626;
Num-X: 4 ; Num-Y: 8 ; Resolution: 6500 ; Rank: 5 ; Rank-X: 1 ; Rank-Y: 1 ; Rowstart: 813; Rowend: 1627; Rows: 814; Colstart: 1625; Colend: 3251; Cols: 1626;
Num-X: 4 ; Num-Y: 8 ; Resolution: 6500 ; Rank: 24 ; Rank-X: 0 ; Rank-Y: 6 ; Rowstart: 4878; Rowend: 5692; Rows: 814; Colstart: 0; Colend: 1626; Cols: 1626;
Num-X: 4 ; Num-Y: 8 ; Resolution: 6500 ; Rank: 27 ; Rank-X: 3 ; Rank-Y: 6 ; Rowstart: 4878; Rowend: 5692; Rows: 814; Colstart: 4875; Colend: 6501; Cols: 1626;
Num-X: 4 ; Num-Y: 8 ; Resolution: 6500 ; Rank: 30 ; Rank-X: 2 ; Rank-Y: 7 ; Rowstart: 5691; Rowend: 6501; Rows: 810; Colstart: 3250; Colend: 4876; Cols: 1626;
Num-X: 4 ; Num-Y: 8 ; Resolution: 6500 ; Rank: 31 ; Rank-X: 3 ; Rank-Y: 7 ; Rowstart: 5691; Rowend: 6501; Rows: 810; Colstart: 4875; Colend: 6501; Cols: 1626;
Num-X: 4 ; Num-Y: 8 ; Resolution: 6500 ; Rank: 16 ; Rank-X: 0 ; Rank-Y: 4 ; Rowstart: 3252; Rowend: 4066; Rows: 814; Colstart: 0; Colend: 1626; Cols: 1626;
Num-X: 4 ; Num-Y: 8 ; Resolution: 6500 ; Rank: 13 ; Rank-X: 1 ; Rank-Y: 3 ; Rowstart: 2439; Rowend: 3253; Rows: 814; Colstart: 1625; Colend: 3251; Cols: 1626;
Num-X: 4 ; Num-Y: 8 ; Resolution: 6500 ; Rank: 14 ; Rank-X: 2 ; Rank-Y: 3 ; Rowstart: 2439; Rowend: 3253; Rows: 814; Colstart: 3250; Colend: 4876; Cols: 1626;
Num-X: 4 ; Num-Y: 8 ; Resolution: 6500 ; Rank: 22 ; Rank-X: 2 ; Rank-Y: 5 ; Rowstart: 4065; Rowend: 4879; Rows: 814; Colstart: 3250; Colend: 4876; Cols: 1626;
Num-X: 4 ; Num-Y: 8 ; Resolution: 6500 ; Rank: 15 ; Rank-X: 3 ; Rank-Y: 3 ; Rowstart: 2439; Rowend: 3253; Rows: 814; Colstart: 4875; Colend: 6501; Cols: 1626;
Num-X: 4 ; Num-Y: 8 ; Resolution: 6500 ; Rank: 10 ; Rank-X: 2 ; Rank-Y: 2 ; Rowstart: 1626; Rowend: 2440; Rows: 814; Colstart: 3250; Colend: 4876; Cols: 1626;
Num-X: 4 ; Num-Y: 8 ; Resolution: 6500 ; Rank: 28 ; Rank-X: 0 ; Rank-Y: 7 ; Rowstart: 5691; Rowend: 6501; Rows: 810; Colstart: 0; Colend: 1626; Cols: 1626;
Num-X: 4 ; Num-Y: 8 ; Resolution: 6500 ; Rank: 23 ; Rank-X: 3 ; Rank-Y: 5 ; Rowstart: 4065; Rowend: 4879; Rows: 814; Colstart: 4875; Colend: 6501; Cols: 1626;
Num-X: 4 ; Num-Y: 8 ; Resolution: 6500 ; Rank: 3 ; Rank-X: 3 ; Rank-Y: 0 ; Rowstart: 0; Rowend: 814; Rows: 814; Colstart: 4875; Colend: 6501; Cols: 1626;
Num-X: 4 ; Num-Y: 8 ; Resolution: 6500 ; Rank: 17 ; Rank-X: 1 ; Rank-Y: 4 ; Rowstart: 3252; Rowend: 4066; Rows: 814; Colstart: 1625; Colend: 3251; Cols: 1626;
Num-X: 4 ; Num-Y: 8 ; Resolution: 6500 ; Rank: 25 ; Rank-X: 1 ; Rank-Y: 6 ; Rowstart: 4878; Rowend: 5692; Rows: 814; Colstart: 1625; Colend: 3251; Cols: 1626;
Num-X: 4 ; Num-Y: 8 ; Resolution: 6500 ; Rank: 18 ; Rank-X: 2 ; Rank-Y: 4 ; Rowstart: 3252; Rowend: 4066; Rows: 814; Colstart: 3250; Colend: 4876; Cols: 1626;
Num-X: 4 ; Num-Y: 8 ; Resolution: 6500 ; Rank: 26 ; Rank-X: 2 ; Rank-Y: 6 ; Rowstart: 4878; Rowend: 5692; Rows: 814; Colstart: 3250; Colend: 4876; Cols: 1626;

Resolution: 6500
===================
Execution time: 0.020093
Residual: 3.049154

megaflops:  294381.7
  flop instructions (M):  5915.000

Num-X: 4 ; Num-Y: 8 ; Resolution: 8500 ; Rank: 5 ; Rank-X: 1 ; Rank-Y: 1 ; Rowstart: 1063; Rowend: 2127; Rows: 1064; Colstart: 2125; Colend: 4251; Cols: 2126;
Num-X: 4 ; Num-Y: 8 ; Resolution: 8500 ; Rank: 7 ; Rank-X: 3 ; Rank-Y: 1 ; Rowstart: 1063; Rowend: 2127; Rows: 1064; Colstart: 6375; Colend: 8501; Cols: 2126;
Num-X: 4 ; Num-Y: 8 ; Resolution: 8500 ; Rank: 1 ; Rank-X: 1 ; Rank-Y: 0 ; Rowstart: 0; Rowend: 1064; Rows: 1064; Colstart: 2125; Colend: 4251; Cols: 2126;
Num-X: 4 ; Num-Y: 8 ; Resolution: 8500 ; Rank: 18 ; Rank-X: 2 ; Rank-Y: 4 ; Rowstart: 4252; Rowend: 5316; Rows: 1064; Colstart: 4250; Colend: 6376; Cols: 2126;
Num-X: 4 ; Num-Y: 8 ; Resolution: 8500 ; Rank: 10 ; Rank-X: 2 ; Rank-Y: 2 ; Rowstart: 2126; Rowend: 3190; Rows: 1064; Colstart: 4250; Colend: 6376; Cols: 2126;
Num-X: 4 ; Num-Y: 8 ; Resolution: 8500 ; Rank: 28 ; Rank-X: 0 ; Rank-Y: 7 ; Rowstart: 7441; Rowend: 8501; Rows: 1060; Colstart: 0; Colend: 2126; Cols: 2126;
Num-X: 4 ; Num-Y: 8 ; Resolution: 8500 ; Rank: 2 ; Rank-X: 2 ; Rank-Y: 0 ; Rowstart: 0; Rowend: 1064; Rows: 1064; Colstart: 4250; Colend: 6376; Cols: 2126;
Num-X: 4 ; Num-Y: 8 ; Resolution: 8500 ; Rank: 13 ; Rank-X: 1 ; Rank-Y: 3 ; Rowstart: 3189; Rowend: 4253; Rows: 1064; Colstart: 2125; Colend: 4251; Cols: 2126;
Num-X: 4 ; Num-Y: 8 ; Resolution: 8500 ; Rank: 25 ; Rank-X: 1 ; Rank-Y: 6 ; Rowstart: 6378; Rowend: 7442; Rows: 1064; Colstart: 2125; Colend: 4251; Cols: 2126;
Num-X: 4 ; Num-Y: 8 ; Resolution: 8500 ; Rank: 19 ; Rank-X: 3 ; Rank-Y: 4 ; Rowstart: 4252; Rowend: 5316; Rows: 1064; Colstart: 6375; Colend: 8501; Cols: 2126;
Num-X: 4 ; Num-Y: 8 ; Resolution: 8500 ; Rank: 9 ; Rank-X: 1 ; Rank-Y: 2 ; Rowstart: 2126; Rowend: 3190; Rows: 1064; Colstart: 2125; Colend: 4251; Cols: 2126;
Num-X: 4 ; Num-Y: 8 ; Resolution: 8500 ; Rank: 29 ; Rank-X: 1 ; Rank-Y: 7 ; Rowstart: 7441; Rowend: 8501; Rows: 1060; Colstart: 2125; Colend: 4251; Cols: 2126;
Num-X: 4 ; Num-Y: 8 ; Resolution: 8500 ; Rank: 21 ; Rank-X: 1 ; Rank-Y: 5 ; Rowstart: 5315; Rowend: 6379; Rows: 1064; Colstart: 2125; Colend: 4251; Cols: 2126;
Num-X: 4 ; Num-Y: 8 ; Resolution: 8500 ; Rank: 11 ; Rank-X: 3 ; Rank-Y: 2 ; Rowstart: 2126; Rowend: 3190; Rows: 1064; Colstart: 6375; Colend: 8501; Cols: 2126;
Num-X: 4 ; Num-Y: 8 ; Resolution: 8500 ; Rank: 30 ; Rank-X: 2 ; Rank-Y: 7 ; Rowstart: 7441; Rowend: 8501; Rows: 1060; Colstart: 4250; Colend: 6376; Cols: 2126;
Num-X: 4 ; Num-Y: 8 ; Resolution: 8500 ; Rank: 12 ; Rank-X: 0 ; Rank-Y: 3 ; Rowstart: 3189; Rowend: 4253; Rows: 1064; Colstart: 0; Colend: 2126; Cols: 2126;
Num-X: 4 ; Num-Y: 8 ; Resolution: 8500 ; Rank: 6 ; Rank-X: 2 ; Rank-Y: 1 ; Rowstart: 1063; Rowend: 2127; Rows: 1064; Colstart: 4250; Colend: 6376; Cols: 2126;
Num-X: 4 ; Num-Y: 8 ; Resolution: 8500 ; Rank: 31 ; Rank-X: 3 ; Rank-Y: 7 ; Rowstart: 7441; Rowend: 8501; Rows: 1060; Colstart: 6375; Colend: 8501; Cols: 2126;
Num-X: 4 ; Num-Y: 8 ; Resolution: 8500 ; Rank: 3 ; Rank-X: 3 ; Rank-Y: 0 ; Rowstart: 0; Rowend: 1064; Rows: 1064; Colstart: 6375; Colend: 8501; Cols: 2126;
Num-X: 4 ; Num-Y: 8 ; Resolution: 8500 ; Rank: 0 ; Rank-X: 0 ; Rank-Y: 0 ; Rowstart: 0; Rowend: 1064; Rows: 1064; Colstart: 0; Colend: 2126; Cols: 2126;
Num-X: 4 ; Num-Y: 8 ; Resolution: 8500 ; Rank: 23 ; Rank-X: 3 ; Rank-Y: 5 ; Rowstart: 5315; Rowend: 6379; Rows: 1064; Colstart: 6375; Colend: 8501; Cols: 2126;
Num-X: 4 ; Num-Y: 8 ; Resolution: 8500 ; Rank: 4 ; Rank-X: 0 ; Rank-Y: 1 ; Rowstart: 1063; Rowend: 2127; Rows: 1064; Colstart: 0; Colend: 2126; Cols: 2126;
Num-X: 4 ; Num-Y: 8 ; Resolution: 8500 ; Rank: 16 ; Rank-X: 0 ; Rank-Y: 4 ; Rowstart: 4252; Rowend: 5316; Rows: 1064; Colstart: 0; Colend: 2126; Cols: 2126;
Num-X: 4 ; Num-Y: 8 ; Resolution: 8500 ; Rank: 17 ; Rank-X: 1 ; Rank-Y: 4 ; Rowstart: 4252; Rowend: 5316; Rows: 1064; Colstart: 2125; Colend: 4251; Cols: 2126;
Num-X: 4 ; Num-Y: 8 ; Resolution: 8500 ; Rank: 14 ; Rank-X: 2 ; Rank-Y: 3 ; Rowstart: 3189; Rowend: 4253; Rows: 1064; Colstart: 4250; Colend: 6376; Cols: 2126;
Num-X: 4 ; Num-Y: 8 ; Resolution: 8500 ; Rank: 15 ; Rank-X: 3 ; Rank-Y: 3 ; Rowstart: 3189; Rowend: 4253; Rows: 1064; Colstart: 6375; Colend: 8501; Cols: 2126;
Num-X: 4 ; Num-Y: 8 ; Resolution: 8500 ; Rank: 8 ; Rank-X: 0 ; Rank-Y: 2 ; Rowstart: 2126; Rowend: 3190; Rows: 1064; Colstart: 0; Colend: 2126; Cols: 2126;
Num-X: 4 ; Num-Y: 8 ; Resolution: 8500 ; Rank: 26 ; Rank-X: 2 ; Rank-Y: 6 ; Rowstart: 6378; Rowend: 7442; Rows: 1064; Colstart: 4250; Colend: 6376; Cols: 2126;
Num-X: 4 ; Num-Y: 8 ; Resolution: 8500 ; Rank: 24 ; Rank-X: 0 ; Rank-Y: 6 ; Rowstart: 6378; Rowend: 7442; Rows: 1064; Colstart: 0; Colend: 2126; Cols: 2126;
Num-X: 4 ; Num-Y: 8 ; Resolution: 8500 ; Rank: 27 ; Rank-X: 3 ; Rank-Y: 6 ; Rowstart: 6378; Rowend: 7442; Rows: 1064; Colstart: 6375; Colend: 8501; Cols: 2126;
Num-X: 4 ; Num-Y: 8 ; Resolution: 8500 ; Rank: 22 ; Rank-X: 2 ; Rank-Y: 5 ; Rowstart: 5315; Rowend: 6379; Rows: 1064; Colstart: 4250; Colend: 6376; Cols: 2126;
Num-X: 4 ; Num-Y: 8 ; Resolution: 8500 ; Rank: 20 ; Rank-X: 0 ; Rank-Y: 5 ; Rowstart: 5315; Rowend: 6379; Rows: 1064; Colstart: 0; Colend: 2126; Cols: 2126;

Resolution: 8500
===================
Execution time: 0.037760
Residual: 3.987213

megaflops:  267875.9
  flop instructions (M):  10115.000

Num-X: 4 ; Num-Y: 8 ; Resolution: 10500 ; Rank: 29 ; Rank-X: 1 ; Rank-Y: 7 ; Rowstart: 9191; Rowend: 10501; Rows: 1310; Colstart: 2625; Colend: 5251; Cols: 2626;
Num-X: 4 ; Num-Y: 8 ; Resolution: 10500 ; Rank: 28 ; Rank-X: 0 ; Rank-Y: 7 ; Rowstart: 9191; Rowend: 10501; Rows: 1310; Colstart: 0; Colend: 2626; Cols: 2626;
Num-X: 4 ; Num-Y: 8 ; Resolution: 10500 ; Rank: 9 ; Rank-X: 1 ; Rank-Y: 2 ; Rowstart: 2626; Rowend: 3940; Rows: 1314; Colstart: 2625; Colend: 5251; Cols: 2626;
Num-X: 4 ; Num-Y: 8 ; Resolution: 10500 ; Rank: 2 ; Rank-X: 2 ; Rank-Y: 0 ; Rowstart: 0; Rowend: 1314; Rows: 1314; Colstart: 5250; Colend: 7876; Cols: 2626;
Num-X: 4 ; Num-Y: 8 ; Resolution: 10500 ; Rank: 1 ; Rank-X: 1 ; Rank-Y: 0 ; Rowstart: 0; Rowend: 1314; Rows: 1314; Colstart: 2625; Colend: 5251; Cols: 2626;
Num-X: 4 ; Num-Y: 8 ; Resolution: 10500 ; Rank: 19 ; Rank-X: 3 ; Rank-Y: 4 ; Rowstart: 5252; Rowend: 6566; Rows: 1314; Colstart: 7875; Colend: 10501; Cols: 2626;
Num-X: 4 ; Num-Y: 8 ; Resolution: 10500 ; Rank: 18 ; Rank-X: 2 ; Rank-Y: 4 ; Rowstart: 5252; Rowend: 6566; Rows: 1314; Colstart: 5250; Colend: 7876; Cols: 2626;
Num-X: 4 ; Num-Y: 8 ; Resolution: 10500 ; Rank: 12 ; Rank-X: 0 ; Rank-Y: 3 ; Rowstart: 3939; Rowend: 5253; Rows: 1314; Colstart: 0; Colend: 2626; Cols: 2626;
Num-X: 4 ; Num-Y: 8 ; Resolution: 10500 ; Rank: 14 ; Rank-X: 2 ; Rank-Y: 3 ; Rowstart: 3939; Rowend: 5253; Rows: 1314; Colstart: 5250; Colend: 7876; Cols: 2626;
Num-X: 4 ; Num-Y: 8 ; Resolution: 10500 ; Rank: 16 ; Rank-X: 0 ; Rank-Y: 4 ; Rowstart: 5252; Rowend: 6566; Rows: 1314; Colstart: 0; Colend: 2626; Cols: 2626;
Num-X: 4 ; Num-Y: 8 ; Resolution: 10500 ; Rank: 8 ; Rank-X: 0 ; Rank-Y: 2 ; Rowstart: 2626; Rowend: 3940; Rows: 1314; Colstart: 0; Colend: 2626; Cols: 2626;
Num-X: 4 ; Num-Y: 8 ; Resolution: 10500 ; Rank: 26 ; Rank-X: 2 ; Rank-Y: 6 ; Rowstart: 7878; Rowend: 9192; Rows: 1314; Colstart: 5250; Colend: 7876; Cols: 2626;
Num-X: 4 ; Num-Y: 8 ; Resolution: 10500 ; Rank: 7 ; Rank-X: 3 ; Rank-Y: 1 ; Rowstart: 1313; Rowend: 2627; Rows: 1314; Colstart: 7875; Colend: 10501; Cols: 2626;
Num-X: 4 ; Num-Y: 8 ; Resolution: 10500 ; Rank: 5 ; Rank-X: 1 ; Rank-Y: 1 ; Rowstart: 1313; Rowend: 2627; Rows: 1314; Colstart: 2625; Colend: 5251; Cols: 2626;
Num-X: 4 ; Num-Y: 8 ; Resolution: 10500 ; Rank: 11 ; Rank-X: 3 ; Rank-Y: 2 ; Rowstart: 2626; Rowend: 3940; Rows: 1314; Colstart: 7875; Colend: 10501; Cols: 2626;
Num-X: 4 ; Num-Y: 8 ; Resolution: 10500 ; Rank: 27 ; Rank-X: 3 ; Rank-Y: 6 ; Rowstart: 7878; Rowend: 9192; Rows: 1314; Colstart: 7875; Colend: 10501; Cols: 2626;
Num-X: 4 ; Num-Y: 8 ; Resolution: 10500 ; Rank: 6 ; Rank-X: 2 ; Rank-Y: 1 ; Rowstart: 1313; Rowend: 2627; Rows: 1314; Colstart: 5250; Colend: 7876; Cols: 2626;
Num-X: 4 ; Num-Y: 8 ; Resolution: 10500 ; Rank: 15 ; Rank-X: 3 ; Rank-Y: 3 ; Rowstart: 3939; Rowend: 5253; Rows: 1314; Colstart: 7875; Colend: 10501; Cols: 2626;
Num-X: 4 ; Num-Y: 8 ; Resolution: 10500 ; Rank: 24 ; Rank-X: 0 ; Rank-Y: 6 ; Rowstart: 7878; Rowend: 9192; Rows: 1314; Colstart: 0; Colend: 2626; Cols: 2626;
Num-X: 4 ; Num-Y: 8 ; Resolution: 10500 ; Rank: 4 ; Rank-X: 0 ; Rank-Y: 1 ; Rowstart: 1313; Rowend: 2627; Rows: 1314; Colstart: 0; Colend: 2626; Cols: 2626;
Num-X: 4 ; Num-Y: 8 ; Resolution: 10500 ; Rank: 22 ; Rank-X: 2 ; Rank-Y: 5 ; Rowstart: 6565; Rowend: 7879; Rows: 1314; Colstart: 5250; Colend: 7876; Cols: 2626;
Num-X: 4 ; Num-Y: 8 ; Resolution: 10500 ; Rank: 20 ; Rank-X: 0 ; Rank-Y: 5 ; Rowstart: 6565; Rowend: 7879; Rows: 1314; Colstart: 0; Colend: 2626; Cols: 2626;
Num-X: 4 ; Num-Y: 8 ; Resolution: 10500 ; Rank: 10 ; Rank-X: 2 ; Rank-Y: 2 ; Rowstart: 2626; Rowend: 3940; Rows: 1314; Colstart: 5250; Colend: 7876; Cols: 2626;
Num-X: 4 ; Num-Y: 8 ; Resolution: 10500 ; Rank: 13 ; Rank-X: 1 ; Rank-Y: 3 ; Rowstart: 3939; Rowend: 5253; Rows: 1314; Colstart: 2625; Colend: 5251; Cols: 2626;
Num-X: 4 ; Num-Y: 8 ; Resolution: 10500 ; Rank: 3 ; Rank-X: 3 ; Rank-Y: 0 ; Rowstart: 0; Rowend: 1314; Rows: 1314; Colstart: 7875; Colend: 10501; Cols: 2626;
Num-X: 4 ; Num-Y: 8 ; Resolution: 10500 ; Rank: 25 ; Rank-X: 1 ; Rank-Y: 6 ; Rowstart: 7878; Rowend: 9192; Rows: 1314; Colstart: 2625; Colend: 5251; Cols: 2626;
Num-X: 4 ; Num-Y: 8 ; Resolution: 10500 ; Rank: 30 ; Rank-X: 2 ; Rank-Y: 7 ; Rowstart: 9191; Rowend: 10501; Rows: 1310; Colstart: 5250; Colend: 7876; Cols: 2626;
Num-X: 4 ; Num-Y: 8 ; Resolution: 10500 ; Rank: 21 ; Rank-X: 1 ; Rank-Y: 5 ; Rowstart: 6565; Rowend: 7879; Rows: 1314; Colstart: 2625; Colend: 5251; Cols: 2626;
Num-X: 4 ; Num-Y: 8 ; Resolution: 10500 ; Rank: 23 ; Rank-X: 3 ; Rank-Y: 5 ; Rowstart: 6565; Rowend: 7879; Rows: 1314; Colstart: 7875; Colend: 10501; Cols: 2626;
Num-X: 4 ; Num-Y: 8 ; Resolution: 10500 ; Rank: 0 ; Rank-X: 0 ; Rank-Y: 0 ; Rowstart: 0; Rowend: 1314; Rows: 1314; Colstart: 0; Colend: 2626; Cols: 2626;
Num-X: 4 ; Num-Y: 8 ; Resolution: 10500 ; Rank: 31 ; Rank-X: 3 ; Rank-Y: 7 ; Rowstart: 9191; Rowend: 10501; Rows: 1310; Colstart: 7875; Colend: 10501; Cols: 2626;
Num-X: 4 ; Num-Y: 8 ; Resolution: 10500 ; Rank: 17 ; Rank-X: 1 ; Rank-Y: 4 ; Rowstart: 5252; Rowend: 6566; Rows: 1314; Colstart: 2625; Colend: 5251; Cols: 2626;

Resolution: 10500
===================
Execution time: 0.060665
Residual: 4.925272

megaflops:  254429.5
  flop instructions (M):  15435.000

Num-X: 4 ; Num-Y: 8 ; Resolution: 12500 ; Rank: 5 ; Rank-X: 1 ; Rank-Y: 1 ; Rowstart: 1563; Rowend: 3127; Rows: 1564; Colstart: 3125; Colend: 6251; Cols: 3126;
Num-X: 4 ; Num-Y: 8 ; Resolution: 12500 ; Rank: 28 ; Rank-X: 0 ; Rank-Y: 7 ; Rowstart: 10941; Rowend: 12501; Rows: 1560; Colstart: 0; Colend: 3126; Cols: 3126;
Num-X: 4 ; Num-Y: 8 ; Resolution: 12500 ; Rank: 29 ; Rank-X: 1 ; Rank-Y: 7 ; Rowstart: 10941; Rowend: 12501; Rows: 1560; Colstart: 3125; Colend: 6251; Cols: 3126;
Num-X: 4 ; Num-Y: 8 ; Resolution: 12500 ; Rank: 22 ; Rank-X: 2 ; Rank-Y: 5 ; Rowstart: 7815; Rowend: 9379; Rows: 1564; Colstart: 6250; Colend: 9376; Cols: 3126;
Num-X: 4 ; Num-Y: 8 ; Resolution: 12500 ; Rank: 20 ; Rank-X: 0 ; Rank-Y: 5 ; Rowstart: 7815; Rowend: 9379; Rows: 1564; Colstart: 0; Colend: 3126; Cols: 3126;
Num-X: 4 ; Num-Y: 8 ; Resolution: 12500 ; Rank: 2 ; Rank-X: 2 ; Rank-Y: 0 ; Rowstart: 0; Rowend: 1564; Rows: 1564; Colstart: 6250; Colend: 9376; Cols: 3126;
Num-X: 4 ; Num-Y: 8 ; Resolution: 12500 ; Rank: 3 ; Rank-X: 3 ; Rank-Y: 0 ; Rowstart: 0; Rowend: 1564; Rows: 1564; Colstart: 9375; Colend: 12501; Cols: 3126;
Num-X: 4 ; Num-Y: 8 ; Resolution: 12500 ; Rank: 1 ; Rank-X: 1 ; Rank-Y: 0 ; Rowstart: 0; Rowend: 1564; Rows: 1564; Colstart: 3125; Colend: 6251; Cols: 3126;
Num-X: 4 ; Num-Y: 8 ; Resolution: 12500 ; Rank: 0 ; Rank-X: 0 ; Rank-Y: 0 ; Rowstart: 0; Rowend: 1564; Rows: 1564; Colstart: 0; Colend: 3126; Cols: 3126;
Num-X: 4 ; Num-Y: 8 ; Resolution: 12500 ; Rank: 21 ; Rank-X: 1 ; Rank-Y: 5 ; Rowstart: 7815; Rowend: 9379; Rows: 1564; Colstart: 3125; Colend: 6251; Cols: 3126;
Num-X: 4 ; Num-Y: 8 ; Resolution: 12500 ; Rank: 25 ; Rank-X: 1 ; Rank-Y: 6 ; Rowstart: 9378; Rowend: 10942; Rows: 1564; Colstart: 3125; Colend: 6251; Cols: 3126;
Num-X: 4 ; Num-Y: 8 ; Resolution: 12500 ; Rank: 17 ; Rank-X: 1 ; Rank-Y: 4 ; Rowstart: 6252; Rowend: 7816; Rows: 1564; Colstart: 3125; Colend: 6251; Cols: 3126;
Num-X: 4 ; Num-Y: 8 ; Resolution: 12500 ; Rank: 7 ; Rank-X: 3 ; Rank-Y: 1 ; Rowstart: 1563; Rowend: 3127; Rows: 1564; Colstart: 9375; Colend: 12501; Cols: 3126;
Num-X: 4 ; Num-Y: 8 ; Resolution: 12500 ; Rank: 10 ; Rank-X: 2 ; Rank-Y: 2 ; Rowstart: 3126; Rowend: 4690; Rows: 1564; Colstart: 6250; Colend: 9376; Cols: 3126;
Num-X: 4 ; Num-Y: 8 ; Resolution: 12500 ; Rank: 27 ; Rank-X: 3 ; Rank-Y: 6 ; Rowstart: 9378; Rowend: 10942; Rows: 1564; Colstart: 9375; Colend: 12501; Cols: 3126;
Num-X: 4 ; Num-Y: 8 ; Resolution: 12500 ; Rank: 19 ; Rank-X: 3 ; Rank-Y: 4 ; Rowstart: 6252; Rowend: 7816; Rows: 1564; Colstart: 9375; Colend: 12501; Cols: 3126;
Num-X: 4 ; Num-Y: 8 ; Resolution: 12500 ; Rank: 4 ; Rank-X: 0 ; Rank-Y: 1 ; Rowstart: 1563; Rowend: 3127; Rows: 1564; Colstart: 0; Colend: 3126; Cols: 3126;
Num-X: 4 ; Num-Y: 8 ; Resolution: 12500 ; Rank: 13 ; Rank-X: 1 ; Rank-Y: 3 ; Rowstart: 4689; Rowend: 6253; Rows: 1564; Colstart: 3125; Colend: 6251; Cols: 3126;
Num-X: 4 ; Num-Y: 8 ; Resolution: 12500 ; Rank: 30 ; Rank-X: 2 ; Rank-Y: 7 ; Rowstart: 10941; Rowend: 12501; Rows: 1560; Colstart: 6250; Colend: 9376; Cols: 3126;
Num-X: 4 ; Num-Y: 8 ; Resolution: 12500 ; Rank: 23 ; Rank-X: 3 ; Rank-Y: 5 ; Rowstart: 7815; Rowend: 9379; Rows: 1564; Colstart: 9375; Colend: 12501; Cols: 3126;
Num-X: 4 ; Num-Y: 8 ; Resolution: 12500 ; Rank: 9 ; Rank-X: 1 ; Rank-Y: 2 ; Rowstart: 3126; Rowend: 4690; Rows: 1564; Colstart: 3125; Colend: 6251; Cols: 3126;
Num-X: 4 ; Num-Y: 8 ; Resolution: 12500 ; Rank: 31 ; Rank-X: 3 ; Rank-Y: 7 ; Rowstart: 10941; Rowend: 12501; Rows: 1560; Colstart: 9375; Colend: 12501; Cols: 3126;
Num-X: 4 ; Num-Y: 8 ; Resolution: 12500 ; Rank: 6 ; Rank-X: 2 ; Rank-Y: 1 ; Rowstart: 1563; Rowend: 3127; Rows: 1564; Colstart: 6250; Colend: 9376; Cols: 3126;
Num-X: 4 ; Num-Y: 8 ; Resolution: 12500 ; Rank: 26 ; Rank-X: 2 ; Rank-Y: 6 ; Rowstart: 9378; Rowend: 10942; Rows: 1564; Colstart: 6250; Colend: 9376; Cols: 3126;
Num-X: 4 ; Num-Y: 8 ; Resolution: 12500 ; Rank: 12 ; Rank-X: 0 ; Rank-Y: 3 ; Rowstart: 4689; Rowend: 6253; Rows: 1564; Colstart: 0; Colend: 3126; Cols: 3126;
Num-X: 4 ; Num-Y: 8 ; Resolution: 12500 ; Rank: 14 ; Rank-X: 2 ; Rank-Y: 3 ; Rowstart: 4689; Rowend: 6253; Rows: 1564; Colstart: 6250; Colend: 9376; Cols: 3126;
Num-X: 4 ; Num-Y: 8 ; Resolution: 12500 ; Rank: 16 ; Rank-X: 0 ; Rank-Y: 4 ; Rowstart: 6252; Rowend: 7816; Rows: 1564; Colstart: 0; Colend: 3126; Cols: 3126;
Num-X: 4 ; Num-Y: 8 ; Resolution: 12500 ; Rank: 18 ; Rank-X: 2 ; Rank-Y: 4 ; Rowstart: 6252; Rowend: 7816; Rows: 1564; Colstart: 6250; Colend: 9376; Cols: 3126;
Num-X: 4 ; Num-Y: 8 ; Resolution: 12500 ; Rank: 24 ; Rank-X: 0 ; Rank-Y: 6 ; Rowstart: 9378; Rowend: 10942; Rows: 1564; Colstart: 0; Colend: 3126; Cols: 3126;
Num-X: 4 ; Num-Y: 8 ; Resolution: 12500 ; Rank: 8 ; Rank-X: 0 ; Rank-Y: 2 ; Rowstart: 3126; Rowend: 4690; Rows: 1564; Colstart: 0; Colend: 3126; Cols: 3126;
Num-X: 4 ; Num-Y: 8 ; Resolution: 12500 ; Rank: 11 ; Rank-X: 3 ; Rank-Y: 2 ; Rowstart: 3126; Rowend: 4690; Rows: 1564; Colstart: 9375; Colend: 12501; Cols: 3126;
Num-X: 4 ; Num-Y: 8 ; Resolution: 12500 ; Rank: 15 ; Rank-X: 3 ; Rank-Y: 3 ; Rowstart: 4689; Rowend: 6253; Rows: 1564; Colstart: 9375; Colend: 12501; Cols: 3126;

Resolution: 12500
===================
Execution time: 0.088749
Residual: 5.863330

megaflops:  246481.2
  flop instructions (M):  21875.000
