mpiexec -genv I_MPI_DEBUG=4 -genv OMP_NUM_THREADS=6 -genv KMP_AFFINITY=verbose,scatter -genv I_MPI_PIN_DOMAIN=omp -n 32 ./heat test.dat 16 2
[0] MPI startup(): Intel(R) MPI Library, Version 2019 Update 8  Build 20200624 (id: 4f16ad915)
[0] MPI startup(): Copyright (C) 2003-2020 Intel Corporation.  All rights reserved.
[0] MPI startup(): library kind: release
[0] MPI startup(): libfabric version: 1.10.1-impi
[0] MPI startup(): libfabric provider: psm2
OMP: Info #154: KMP_AFFINITY: Initial OS proc set respected: 24-26,72-74
OMP: Info #213: KMP_AFFINITY: decoding x2APIC ids.
OMP: Info #276: KMP_AFFINITY: Affinity capable, using global cpuid leaf 11 info
OMP: Info #156: KMP_AFFINITY: 6 available OS procs
OMP: Info #157: KMP_AFFINITY: Uniform topology
OMP: Info #191: KMP_AFFINITY: 1 socket x 3 cores/socket x 2 threads/core (3 total cores)
OMP: Info #215: KMP_AFFINITY: OS proc to physical thread map:
OMP: Info #171: KMP_AFFINITY: OS proc 24 maps to socket 1 core 0 thread 0 
OMP: Info #171: KMP_AFFINITY: OS proc 72 maps to socket 1 core 0 thread 1 
OMP: Info #171: KMP_AFFINITY: OS proc 25 maps to socket 1 core 1 thread 0 
OMP: Info #171: KMP_AFFINITY: OS proc 73 maps to socket 1 core 1 thread 1 
OMP: Info #171: KMP_AFFINITY: OS proc 26 maps to socket 1 core 2 thread 0 
OMP: Info #171: KMP_AFFINITY: OS proc 74 maps to socket 1 core 2 thread 1 
OMP: Info #144: KMP_AFFINITY: Threads may migrate across 1 innermost levels of machine
OMP: Info #251: KMP_AFFINITY: pid 3929642 tid 3929642 thread 0 bound to OS proc set 24,72

Executing each MPI process in 6 OMP threads.
[0] MPI startup(): Rank    Pid      Node name     Pin cpu
[0] MPI startup(): 0       3929638  i01r01c06s05  {0,1,2,48,49,50}
[0] MPI startup(): 1       3929639  i01r01c06s05  {3,4,5,51,52,53}
[0] MPI startup(): 2       3929640  i01r01c06s05  {6,7,8,54,55,56}
[0] MPI startup(): 3       3929641  i01r01c06s05  {9,10,11,57,58,59}
[0] MPI startup(): 4       3929642  i01r01c06s05  {24,25,26,72,73,74}
[0] MPI startup(): 5       3929643  i01r01c06s05  {27,28,29,75,76,77}
[0] MPI startup(): 6       3929644  i01r01c06s05  {30,31,32,78,79,80}
[0] MPI startup(): 7       3929645  i01r01c06s05  {33,34,35,81,82,83}
[0] MPI startup(): 8       3001844  i01r01c06s06  {0,1,2,48,49,50}
[0] MPI startup(): 9       3001845  i01r01c06s06  {3,4,5,51,52,53}
[0] MPI startup(): 10      3001846  i01r01c06s06  {6,7,8,54,55,56}
[0] MPI startup(): 11      3001847  i01r01c06s06  {9,10,11,57,58,59}
[0] MPI startup(): 12      3001848  i01r01c06s06  {24,25,26,72,73,74}
[0] MPI startup(): 13      3001849  i01r01c06s06  {27,28,29,75,76,77}
[0] MPI startup(): 14      3001850  i01r01c06s06  {30,31,32,78,79,80}
[0] MPI startup(): 15      3001851  i01r01c06s06  {33,34,35,81,82,83}
[0] MPI startup(): 16      822047   i01r01c06s07  {0,1,2,48,49,50}
[0] MPI startup(): 17      822048   i01r01c06s07  {3,4,5,51,52,53}
[0] MPI startup(): 18      822049   i01r01c06s07  {6,7,8,54,55,56}
[0] MPI startup(): 19      822050   i01r01c06s07  {9,10,11,57,58,59}
[0] MPI startup(): 20      822051   i01r01c06s07  {24,25,26,72,73,74}
[0] MPI startup(): 21      822052   i01r01c06s07  {27,28,29,75,76,77}
[0] MPI startup(): 22      822053   i01r01c06s07  {30,31,32,78,79,80}
[0] MPI startup(): 23      822054   i01r01c06s07  {33,34,35,81,82,83}
[0] MPI startup(): 24      2135687  i01r01c06s08  {0,1,2,48,49,50}
[0] MPI startup(): 25      2135688  i01r01c06s08  {3,4,5,51,52,53}
[0] MPI startup(): 26      2135689  i01r01c06s08  {6,7,8,54,55,56}
[0] MPI startup(): 27      2135690  i01r01c06s08  {9,10,11,57,58,59}
[0] MPI startup(): 28      2135691  i01r01c06s08  {24,25,26,72,73,74}
[0] MPI startup(): 29      2135692  i01r01c06s08  {27,28,29,75,76,77}
[0] MPI startup(): 30      2135693  i01r01c06s08  {30,31,32,78,79,80}
[0] MPI startup(): 31      2135694  i01r01c06s08  {33,34,35,81,82,83}

16 processes distributed in X-direction
 2 ; processes distributed in Y-direction
Resolutions       : (6500, 8500, ... 12500)
Iterations        : 20
Num. Heat sources : 2
   1: (0.00, 0.00) 1.00 1.00 
   2: (1.00, 1.00) 1.00 0.50 
OMP: Info #154: KMP_AFFINITY: Initial OS proc set respected: 24-26,72-74
OMP: Info #213: KMP_AFFINITY: decoding x2APIC ids.
OMP: Info #276: KMP_AFFINITY: Affinity capable, using global cpuid leaf 11 info
OMP: Info #156: KMP_AFFINITY: 6 available OS procs
OMP: Info #157: KMP_AFFINITY: Uniform topology
OMP: Info #191: KMP_AFFINITY: 1 socket x 3 cores/socket x 2 threads/core (3 total cores)
OMP: Info #215: KMP_AFFINITY: OS proc to physical thread map:
OMP: Info #171: KMP_AFFINITY: OS proc 24 maps to socket 1 core 0 thread 0 
OMP: Info #171: KMP_AFFINITY: OS proc 72 maps to socket 1 core 0 thread 1 
OMP: Info #171: KMP_AFFINITY: OS proc 25 maps to socket 1 core 1 thread 0 
OMP: Info #171: KMP_AFFINITY: OS proc 73 maps to socket 1 core 1 thread 1 
OMP: Info #171: KMP_AFFINITY: OS proc 26 maps to socket 1 core 2 thread 0 
OMP: Info #171: KMP_AFFINITY: OS proc 74 maps to socket 1 core 2 thread 1 
OMP: Info #144: KMP_AFFINITY: Threads may migrate across 1 innermost levels of machine
OMP: Info #251: KMP_AFFINITY: pid 822051 tid 822051 thread 0 bound to OS proc set 24,72

Executing each MPI process in 6 OMP threads.
rank= 0 coords= 0 0 neighbours(up,down,left,right)= -1 2 -1 1
rank= 4 coords= 2 0 neighbours(up,down,left,right)= 2 6 -1 5
rank= 16 coords= 8 0 neighbours(up,down,left,right)= 14 18 -1 17
rank= 1 coords= 0 1 neighbours(up,down,left,right)= -1 3 0 -1
rank= 24 coords= 12 0 neighbours(up,down,left,right)= 22 26 -1 25
rank= 10 coords= 5 0 neighbours(up,down,left,right)= 8 12 -1 11
rank= 17 coords= 8 1 neighbours(up,down,left,right)= 15 19 16 -1
rank= 2 coords= 1 0 neighbours(up,down,left,right)= 0 4 -1 3
rank= 25 coords= 12 1 neighbours(up,down,left,right)= 23 27 24 -1
rank= 14 coords= 7 0 neighbours(up,down,left,right)= 12 16 -1 15
rank= 18 coords= 9 0 neighbours(up,down,left,right)= 16 20 -1 19
rank= 3 coords= 1 1 neighbours(up,down,left,right)= 1 5 2 -1
rank= 26 coords= 13 0 neighbours(up,down,left,right)= 24 28 -1 27
rank= 8 coords= 4 0 neighbours(up,down,left,right)= 6 10 -1 9
rank= 21 coords= 10 1 neighbours(up,down,left,right)= 19 23 20 -1
rank= 5 coords= 2 1 neighbours(up,down,left,right)= 3 7 4 -1
rank= 28 coords= 14 0 neighbours(up,down,left,right)= 26 30 -1 29
rank= 9 coords= 4 1 neighbours(up,down,left,right)= 7 11 8 -1
rank= 23 coords= 11 1 neighbours(up,down,left,right)= 21 25 22 -1
rank= 6 coords= 3 0 neighbours(up,down,left,right)= 4 8 -1 7
rank= 29 coords= 14 1 neighbours(up,down,left,right)= 27 31 28 -1
rank= 11 coords= 5 1 neighbours(up,down,left,right)= 9 13 10 -1
rank= 19 coords= 9 1 neighbours(up,down,left,right)= 17 21 18 -1
rank= 7 coords= 3 1 neighbours(up,down,left,right)= 5 9 6 -1
rank= 20 coords= 10 0 neighbours(up,down,left,right)= 18 22 -1 21
OMP: Info #251: KMP_AFFINITY: pid 3929642 tid 3929686 thread 1 bound to OS proc set 25,73
rank= 22 coords= 11 0 neighbours(up,down,left,right)= 20 24 -1 23
OMP: Info #251: KMP_AFFINITY: pid 3929642 tid 3929687 thread 2 bound to OS proc set 26,74
rank= 30 coords= 15 0 neighbours(up,down,left,right)= 28 -1 -1 31
OMP: Info #251: KMP_AFFINITY: pid 822051 tid 822095 thread 1 bound to OS proc set 25,73
OMP: Info #251: KMP_AFFINITY: pid 3929642 tid 3929688 thread 3 bound to OS proc set 24,72
rank= 31 coords= 15 1 neighbours(up,down,left,right)= 29 -1 30 -1
rank= 12 coords= 6 0 neighbours(up,down,left,right)= 10 14 -1 13
OMP: Info #251: KMP_AFFINITY: pid 3929642 tid 3929689 thread 4 bound to OS proc set 25,73
rank= 27 coords= 13 1 neighbours(up,down,left,right)= 25 29 26 -1
rank= 13 coords= 6 1 neighbours(up,down,left,right)= 11 15 12 -1
OMP: Info #251: KMP_AFFINITY: pid 3929642 tid 3929690 thread 5 bound to OS proc set 26,74
rank= 15 coords= 7 1 neighbours(up,down,left,right)= 13 17 14 -1
OMP: Info #251: KMP_AFFINITY: pid 822051 tid 822096 thread 2 bound to OS proc set 26,74
OMP: Info #251: KMP_AFFINITY: pid 822051 tid 822097 thread 3 bound to OS proc set 24,72
OMP: Info #251: KMP_AFFINITY: pid 822051 tid 822098 thread 4 bound to OS proc set 25,73
OMP: Info #251: KMP_AFFINITY: pid 822051 tid 822099 thread 5 bound to OS proc set 26,74
OMP: Info #154: KMP_AFFINITY: Initial OS proc set respected: 33-35,81-83
OMP: Info #213: KMP_AFFINITY: decoding x2APIC ids.
OMP: Info #154: KMP_AFFINITY: Initial OS proc set respected: 3-5,51-53
OMP: Info #213: KMP_AFFINITY: decoding x2APIC ids.
OMP: Info #154: KMP_AFFINITY: Initial OS proc set respected: 9-11,57-59
OMP: Info #213: KMP_AFFINITY: decoding x2APIC ids.
OMP: Info #154: KMP_AFFINITY: Initial OS proc set respected: 0-2,48-50
OMP: Info #213: KMP_AFFINITY: decoding x2APIC ids.
OMP: Info #154: KMP_AFFINITY: Initial OS proc set respected: 30-32,78-80
OMP: Info #213: KMP_AFFINITY: decoding x2APIC ids.
OMP: Info #154: KMP_AFFINITY: Initial OS proc set respected: 6-8,54-56
OMP: Info #213: KMP_AFFINITY: decoding x2APIC ids.
OMP: Info #154: KMP_AFFINITY: Initial OS proc set respected: 0-2,48-50
OMP: Info #213: KMP_AFFINITY: decoding x2APIC ids.
OMP: Info #154: KMP_AFFINITY: Initial OS proc set respected: 3-5,51-53
OMP: Info #213: KMP_AFFINITY: decoding x2APIC ids.
OMP: Info #154: KMP_AFFINITY: Initial OS proc set respected: 9-11,57-59
OMP: Info #213: KMP_AFFINITY: decoding x2APIC ids.
OMP: Info #154: KMP_AFFINITY: Initial OS proc set respected: 27-29,75-77
OMP: Info #213: KMP_AFFINITY: decoding x2APIC ids.
OMP: Info #276: KMP_AFFINITY: Affinity capable, using global cpuid leaf 11 info
OMP: Info #156: KMP_AFFINITY: 6 available OS procs
OMP: Info #157: KMP_AFFINITY: Uniform topology
OMP: Info #191: KMP_AFFINITY: 1 socket x 3 cores/socket x 2 threads/core (3 total cores)
OMP: Info #215: KMP_AFFINITY: OS proc to physical thread map:
OMP: Info #171: KMP_AFFINITY: OS proc 33 maps to socket 1 core 11 thread 0 
OMP: Info #171: KMP_AFFINITY: OS proc 81 maps to socket 1 core 11 thread 1 
OMP: Info #171: KMP_AFFINITY: OS proc 34 maps to socket 1 core 12 thread 0 
OMP: Info #171: KMP_AFFINITY: OS proc 82 maps to socket 1 core 12 thread 1 
OMP: Info #171: KMP_AFFINITY: OS proc 35 maps to socket 1 core 13 thread 0 
OMP: Info #171: KMP_AFFINITY: OS proc 83 maps to socket 1 core 13 thread 1 
OMP: Info #144: KMP_AFFINITY: Threads may migrate across 1 innermost levels of machine
OMP: Info #251: KMP_AFFINITY: pid 822054 tid 822054 thread 0 bound to OS proc set 33,81
OMP: Info #154: KMP_AFFINITY: Initial OS proc set respected: 6-8,54-56
OMP: Info #213: KMP_AFFINITY: decoding x2APIC ids.
OMP: Info #276: KMP_AFFINITY: Affinity capable, using global cpuid leaf 11 info
OMP: Info #156: KMP_AFFINITY: 6 available OS procs
OMP: Info #157: KMP_AFFINITY: Uniform topology
OMP: Info #191: KMP_AFFINITY: 1 socket x 3 cores/socket x 2 threads/core (3 total cores)
OMP: Info #215: KMP_AFFINITY: OS proc to physical thread map:
OMP: Info #171: KMP_AFFINITY: OS proc 0 maps to socket 0 core 0 thread 0 
OMP: Info #171: KMP_AFFINITY: OS proc 48 maps to socket 0 core 0 thread 1 
OMP: Info #171: KMP_AFFINITY: OS proc 1 maps to socket 0 core 1 thread 0 
OMP: Info #171: KMP_AFFINITY: OS proc 49 maps to socket 0 core 1 thread 1 
OMP: Info #171: KMP_AFFINITY: OS proc 2 maps to socket 0 core 2 thread 0 
OMP: Info #276: KMP_AFFINITY: Affinity capable, using global cpuid leaf 11 info
OMP: Info #156: KMP_AFFINITY: 6 available OS procs
OMP: Info #157: KMP_AFFINITY: Uniform topology
OMP: Info #191: KMP_AFFINITY: 1 socket x 3 cores/socket x 2 threads/core (3 total cores)
OMP: Info #215: KMP_AFFINITY: OS proc to physical thread map:
OMP: Info #171: KMP_AFFINITY: OS proc 30 maps to socket 1 core 8 thread 0 
OMP: Info #171: KMP_AFFINITY: OS proc 78 maps to socket 1 core 8 thread 1 
OMP: Info #171: KMP_AFFINITY: OS proc 31 maps to socket 1 core 9 thread 0 
OMP: Info #276: KMP_AFFINITY: Affinity capable, using global cpuid leaf 11 info
OMP: Info #156: KMP_AFFINITY: 6 available OS procs
OMP: Info #157: KMP_AFFINITY: Uniform topology
OMP: Info #191: KMP_AFFINITY: 1 socket x 3 cores/socket x 2 threads/core (3 total cores)
OMP: Info #215: KMP_AFFINITY: OS proc to physical thread map:
OMP: Info #171: KMP_AFFINITY: OS proc 0 maps to socket 0 core 0 thread 0 
OMP: Info #171: KMP_AFFINITY: OS proc 48 maps to socket 0 core 0 thread 1 
OMP: Info #171: KMP_AFFINITY: OS proc 1 maps to socket 0 core 1 thread 0 
OMP: Info #171: KMP_AFFINITY: OS proc 49 maps to socket 0 core 1 thread 1 
OMP: Info #171: KMP_AFFINITY: OS proc 2 maps to socket 0 core 2 thread 0 
OMP: Info #171: KMP_AFFINITY: OS proc 50 maps to socket 0 core 2 thread 1 
OMP: Info #171: KMP_AFFINITY: OS proc 50 maps to socket 0 core 2 thread 1 
OMP: Info #144: KMP_AFFINITY: Threads may migrate across 1 innermost levels of machine
OMP: Info #276: KMP_AFFINITY: Affinity capable, using global cpuid leaf 11 info
OMP: Info #156: KMP_AFFINITY: 6 available OS procs
OMP: Info #157: KMP_AFFINITY: Uniform topology
OMP: Info #191: KMP_AFFINITY: 1 socket x 3 cores/socket x 2 threads/core (3 total cores)
OMP: Info #215: KMP_AFFINITY: OS proc to physical thread map:
OMP: Info #171: KMP_AFFINITY: OS proc 9 maps to socket 0 core 11 thread 0 
OMP: Info #171: KMP_AFFINITY: OS proc 57 maps to socket 0 core 11 thread 1 
OMP: Info #171: KMP_AFFINITY: OS proc 10 maps to socket 0 core 12 thread 0 
OMP: Info #171: KMP_AFFINITY: OS proc 58 maps to socket 0 core 12 thread 1 
OMP: Info #171: KMP_AFFINITY: OS proc 11 maps to socket 0 core 13 thread 0 
OMP: Info #171: KMP_AFFINITY: OS proc 59 maps to socket 0 core 13 thread 1 
OMP: Info #144: KMP_AFFINITY: Threads may migrate across 1 innermost levels of machine
OMP: Info #276: KMP_AFFINITY: Affinity capable, using global cpuid leaf 11 info
OMP: Info #156: KMP_AFFINITY: 6 available OS procs
OMP: Info #157: KMP_AFFINITY: Uniform topology
OMP: Info #191: KMP_AFFINITY: 1 socket x 3 cores/socket x 2 threads/core (3 total cores)
OMP: Info #215: KMP_AFFINITY: OS proc to physical thread map:
OMP: Info #171: KMP_AFFINITY: OS proc 27 maps to socket 1 core 3 thread 0 
OMP: Info #171: KMP_AFFINITY: OS proc 75 maps to socket 1 core 3 thread 1 
OMP: Info #171: KMP_AFFINITY: OS proc 28 maps to socket 1 core 4 thread 0 
OMP: Info #171: KMP_AFFINITY: OS proc 76 maps to socket 1 core 4 thread 1 
OMP: Info #171: KMP_AFFINITY: OS proc 29 maps to socket 1 core 5 thread 0 
OMP: Info #171: KMP_AFFINITY: OS proc 77 maps to socket 1 core 5 thread 1 
OMP: Info #154: KMP_AFFINITY: Initial OS proc set respected: 33-35,81-83
OMP: Info #213: KMP_AFFINITY: decoding x2APIC ids.
OMP: Info #171: KMP_AFFINITY: OS proc 79 maps to socket 1 core 9 thread 1 
OMP: Info #171: KMP_AFFINITY: OS proc 32 maps to socket 1 core 10 thread 0 
OMP: Info #171: KMP_AFFINITY: OS proc 80 maps to socket 1 core 10 thread 1 
OMP: Info #144: KMP_AFFINITY: Threads may migrate across 1 innermost levels of machine
OMP: Info #251: KMP_AFFINITY: pid 822053 tid 822053 thread 0 bound to OS proc set 30,78
OMP: Info #144: KMP_AFFINITY: Threads may migrate across 1 innermost levels of machine
OMP: Info #251: KMP_AFFINITY: pid 3929638 tid 3929638 thread 0 bound to OS proc set 0,48
OMP: Info #251: KMP_AFFINITY: pid 822054 tid 822100 thread 1 bound to OS proc set 34,82
OMP: Info #276: KMP_AFFINITY: Affinity capable, using global cpuid leaf 11 info
OMP: Info #156: KMP_AFFINITY: 6 available OS procs
OMP: Info #157: KMP_AFFINITY: Uniform topology
OMP: Info #191: KMP_AFFINITY: 1 socket x 3 cores/socket x 2 threads/core (3 total cores)
OMP: Info #215: KMP_AFFINITY: OS proc to physical thread map:
OMP: Info #171: KMP_AFFINITY: OS proc 3 maps to socket 0 core 3 thread 0 
OMP: Info #171: KMP_AFFINITY: OS proc 51 maps to socket 0 core 3 thread 1 
OMP: Info #171: KMP_AFFINITY: OS proc 4 maps to socket 0 core 4 thread 0 
OMP: Info #171: KMP_AFFINITY: OS proc 52 maps to socket 0 core 4 thread 1 
OMP: Info #171: KMP_AFFINITY: OS proc 5 maps to socket 0 core 5 thread 0 
OMP: Info #171: KMP_AFFINITY: OS proc 53 maps to socket 0 core 5 thread 1 
OMP: Info #251: KMP_AFFINITY: pid 822047 tid 822047 thread 0 bound to OS proc set 0,48
OMP: Info #276: KMP_AFFINITY: Affinity capable, using global cpuid leaf 11 info
OMP: Info #156: KMP_AFFINITY: 6 available OS procs
OMP: Info #157: KMP_AFFINITY: Uniform topology
OMP: Info #191: KMP_AFFINITY: 1 socket x 3 cores/socket x 2 threads/core (3 total cores)
OMP: Info #215: KMP_AFFINITY: OS proc to physical thread map:
OMP: Info #171: KMP_AFFINITY: OS proc 6 maps to socket 0 core 8 thread 0 
OMP: Info #171: KMP_AFFINITY: OS proc 54 maps to socket 0 core 8 thread 1 
OMP: Info #171: KMP_AFFINITY: OS proc 7 maps to socket 0 core 9 thread 0 
OMP: Info #171: KMP_AFFINITY: OS proc 55 maps to socket 0 core 9 thread 1 
OMP: Info #171: KMP_AFFINITY: OS proc 8 maps to socket 0 core 10 thread 0 
OMP: Info #171: KMP_AFFINITY: OS proc 56 maps to socket 0 core 10 thread 1 
OMP: Info #144: KMP_AFFINITY: Threads may migrate across 1 innermost levels of machine
OMP: Info #251: KMP_AFFINITY: pid 3929640 tid 3929640 thread 0 bound to OS proc set 6,54
OMP: Info #276: KMP_AFFINITY: Affinity capable, using global cpuid leaf 11 info
OMP: Info #156: KMP_AFFINITY: 6 available OS procs
OMP: Info #157: KMP_AFFINITY: Uniform topology
OMP: Info #191: KMP_AFFINITY: 1 socket x 3 cores/socket x 2 threads/core (3 total cores)
OMP: Info #215: KMP_AFFINITY: OS proc to physical thread map:
OMP: Info #171: KMP_AFFINITY: OS proc 3 maps to socket 0 core 3 thread 0 
OMP: Info #171: KMP_AFFINITY: OS proc 51 maps to socket 0 core 3 thread 1 
OMP: Info #171: KMP_AFFINITY: OS proc 4 maps to socket 0 core 4 thread 0 
OMP: Info #171: KMP_AFFINITY: OS proc 52 maps to socket 0 core 4 thread 1 
OMP: Info #171: KMP_AFFINITY: OS proc 5 maps to socket 0 core 5 thread 0 
OMP: Info #171: KMP_AFFINITY: OS proc 53 maps to socket 0 core 5 thread 1 
OMP: Info #144: KMP_AFFINITY: Threads may migrate across 1 innermost levels of machine
OMP: Info #251: KMP_AFFINITY: pid 3929641 tid 3929641 thread 0 bound to OS proc set 9,57
OMP: Info #276: KMP_AFFINITY: Affinity capable, using global cpuid leaf 11 info
OMP: Info #156: KMP_AFFINITY: 6 available OS procs
OMP: Info #157: KMP_AFFINITY: Uniform topology
OMP: Info #191: KMP_AFFINITY: 1 socket x 3 cores/socket x 2 threads/core (3 total cores)
OMP: Info #215: KMP_AFFINITY: OS proc to physical thread map:
OMP: Info #171: KMP_AFFINITY: OS proc 9 maps to socket 0 core 11 thread 0 
OMP: Info #171: KMP_AFFINITY: OS proc 57 maps to socket 0 core 11 thread 1 
OMP: Info #171: KMP_AFFINITY: OS proc 10 maps to socket 0 core 12 thread 0 
OMP: Info #171: KMP_AFFINITY: OS proc 58 maps to socket 0 core 12 thread 1 
OMP: Info #171: KMP_AFFINITY: OS proc 11 maps to socket 0 core 13 thread 0 
OMP: Info #171: KMP_AFFINITY: OS proc 59 maps to socket 0 core 13 thread 1 
OMP: Info #144: KMP_AFFINITY: Threads may migrate across 1 innermost levels of machine
OMP: Info #251: KMP_AFFINITY: pid 822050 tid 822050 thread 0 bound to OS proc set 9,57
OMP: Info #144: KMP_AFFINITY: Threads may migrate across 1 innermost levels of machine
OMP: Info #251: KMP_AFFINITY: pid 3929639 tid 3929639 thread 0 bound to OS proc set 3,51
OMP: Info #144: KMP_AFFINITY: Threads may migrate across 1 innermost levels of machine
OMP: Info #251: KMP_AFFINITY: pid 822052 tid 822052 thread 0 bound to OS proc set 27,75
OMP: Info #251: KMP_AFFINITY: pid 822054 tid 822101 thread 2 bound to OS proc set 35,83
OMP: Info #251: KMP_AFFINITY: pid 822048 tid 822048 thread 0 bound to OS proc set 3,51
OMP: Info #251: KMP_AFFINITY: pid 3929641 tid 3929691 thread 1 bound to OS proc set 10,58
OMP: Info #251: KMP_AFFINITY: pid 822047 tid 822103 thread 1 bound to OS proc set 1,49
OMP: Info #251: KMP_AFFINITY: pid 822053 tid 822104 thread 1 bound to OS proc set 31,79
OMP: Info #251: KMP_AFFINITY: pid 3929639 tid 3929693 thread 1 bound to OS proc set 4,52
OMP: Info #276: KMP_AFFINITY: Affinity capable, using global cpuid leaf 11 info
OMP: Info #156: KMP_AFFINITY: 6 available OS procs
OMP: Info #157: KMP_AFFINITY: Uniform topology
OMP: Info #191: KMP_AFFINITY: 1 socket x 3 cores/socket x 2 threads/core (3 total cores)
OMP: Info #215: KMP_AFFINITY: OS proc to physical thread map:
OMP: Info #251: KMP_AFFINITY: pid 3929640 tid 3929692 thread 1 bound to OS proc set 7,55
OMP: Info #251: KMP_AFFINITY: pid 822050 tid 822107 thread 1 bound to OS proc set 10,58
OMP: Info #251: KMP_AFFINITY: pid 3929641 tid 3929694 thread 2 bound to OS proc set 11,59
OMP: Info #251: KMP_AFFINITY: pid 822048 tid 822108 thread 1 bound to OS proc set 4,52
OMP: Info #276: KMP_AFFINITY: Affinity capable, using global cpuid leaf 11 info
OMP: Info #156: KMP_AFFINITY: 6 available OS procs
OMP: Info #157: KMP_AFFINITY: Uniform topology
OMP: Info #191: KMP_AFFINITY: 1 socket x 3 cores/socket x 2 threads/core (3 total cores)
OMP: Info #215: KMP_AFFINITY: OS proc to physical thread map:
OMP: Info #171: KMP_AFFINITY: OS proc 33 maps to socket 1 core 11 thread 0 
OMP: Info #171: KMP_AFFINITY: OS proc 81 maps to socket 1 core 11 thread 1 
OMP: Info #171: KMP_AFFINITY: OS proc 34 maps to socket 1 core 12 thread 0 
OMP: Info #171: KMP_AFFINITY: OS proc 82 maps to socket 1 core 12 thread 1 
OMP: Info #171: KMP_AFFINITY: OS proc 35 maps to socket 1 core 13 thread 0 
OMP: Info #171: KMP_AFFINITY: OS proc 83 maps to socket 1 core 13 thread 1 
OMP: Info #171: KMP_AFFINITY: OS proc 6 maps to socket 0 core 8 thread 0 
OMP: Info #171: KMP_AFFINITY: OS proc 54 maps to socket 0 core 8 thread 1 
OMP: Info #171: KMP_AFFINITY: OS proc 7 maps to socket 0 core 9 thread 0 
OMP: Info #171: KMP_AFFINITY: OS proc 55 maps to socket 0 core 9 thread 1 
OMP: Info #171: KMP_AFFINITY: OS proc 8 maps to socket 0 core 10 thread 0 
OMP: Info #171: KMP_AFFINITY: OS proc 56 maps to socket 0 core 10 thread 1 
OMP: Info #144: KMP_AFFINITY: Threads may migrate across 1 innermost levels of machine
OMP: Info #144: KMP_AFFINITY: Threads may migrate across 1 innermost levels of machine
OMP: Info #251: KMP_AFFINITY: pid 822052 tid 822105 thread 1 bound to OS proc set 28,76
OMP: Info #251: KMP_AFFINITY: pid 3929639 tid 3929696 thread 2 bound to OS proc set 5,53
OMP: Info #251: KMP_AFFINITY: pid 822054 tid 822102 thread 3 bound to OS proc set 33,81
OMP: Info #251: KMP_AFFINITY: pid 3929645 tid 3929645 thread 0 bound to OS proc set 33,81
OMP: Info #251: KMP_AFFINITY: pid 822047 tid 822106 thread 2 bound to OS proc set 2,50
OMP: Info #251: KMP_AFFINITY: pid 3929640 tid 3929695 thread 2 bound to OS proc set 8,56
OMP: Info #251: KMP_AFFINITY: pid 822049 tid 822049 thread 0 bound to OS proc set 6,54
OMP: Info #251: KMP_AFFINITY: pid 822054 tid 822112 thread 4 bound to OS proc set 34,82
OMP: Info #251: KMP_AFFINITY: pid 822048 tid 822111 thread 2 bound to OS proc set 5,53
OMP: Info #251: KMP_AFFINITY: pid 822050 tid 822110 thread 2 bound to OS proc set 11,59
OMP: Info #251: KMP_AFFINITY: pid 822053 tid 822109 thread 2 bound to OS proc set 32,80
OMP: Info #251: KMP_AFFINITY: pid 822052 tid 822114 thread 2 bound to OS proc set 29,77
OMP: Info #251: KMP_AFFINITY: pid 822054 tid 822117 thread 5 bound to OS proc set 35,83
OMP: Info #251: KMP_AFFINITY: pid 3929639 tid 3929697 thread 3 bound to OS proc set 3,51
OMP: Info #251: KMP_AFFINITY: pid 822048 tid 822115 thread 3 bound to OS proc set 3,51
OMP: Info #251: KMP_AFFINITY: pid 3929640 tid 3929698 thread 3 bound to OS proc set 6,54
OMP: Info #251: KMP_AFFINITY: pid 822053 tid 822116 thread 3 bound to OS proc set 30,78
OMP: Info #251: KMP_AFFINITY: pid 3929640 tid 3929700 thread 4 bound to OS proc set 7,55
OMP: Info #251: KMP_AFFINITY: pid 822052 tid 822119 thread 3 bound to OS proc set 27,75
OMP: Info #251: KMP_AFFINITY: pid 3929645 tid 3929699 thread 1 bound to OS proc set 34,82
OMP: Info #251: KMP_AFFINITY: pid 822048 tid 822120 thread 4 bound to OS proc set 4,52
OMP: Info #251: KMP_AFFINITY: pid 822050 tid 822118 thread 3 bound to OS proc set 9,57
OMP: Info #251: KMP_AFFINITY: pid 822053 tid 822121 thread 4 bound to OS proc set 31,79
OMP: Info #251: KMP_AFFINITY: pid 3929639 tid 3929701 thread 4 bound to OS proc set 4,52
OMP: Info #251: KMP_AFFINITY: pid 822049 tid 822122 thread 1 bound to OS proc set 7,55
OMP: Info #251: KMP_AFFINITY: pid 822050 tid 822123 thread 4 bound to OS proc set 10,58
OMP: Info #251: KMP_AFFINITY: pid 822052 tid 822124 thread 4 bound to OS proc set 28,76
OMP: Info #251: KMP_AFFINITY: pid 822048 tid 822125 thread 5 bound to OS proc set 5,53
OMP: Info #251: KMP_AFFINITY: pid 822049 tid 822129 thread 2 bound to OS proc set 8,56
OMP: Info #251: KMP_AFFINITY: pid 822050 tid 822127 thread 5 bound to OS proc set 11,59
OMP: Info #154: KMP_AFFINITY: Initial OS proc set respected: 0-2,48-50
OMP: Info #213: KMP_AFFINITY: decoding x2APIC ids.
OMP: Info #251: KMP_AFFINITY: pid 822052 tid 822128 thread 5 bound to OS proc set 29,77
OMP: Info #154: KMP_AFFINITY: Initial OS proc set respected: 3-5,51-53
OMP: Info #213: KMP_AFFINITY: decoding x2APIC ids.
OMP: Info #251: KMP_AFFINITY: pid 3929645 tid 3929702 thread 2 bound to OS proc set 35,83
OMP: Info #154: KMP_AFFINITY: Initial OS proc set respected: 6-8,54-56
OMP: Info #213: KMP_AFFINITY: decoding x2APIC ids.
OMP: Info #154: KMP_AFFINITY: Initial OS proc set respected: 0-2,48-50
OMP: Info #213: KMP_AFFINITY: decoding x2APIC ids.
OMP: Info #251: KMP_AFFINITY: pid 3929638 tid 3929704 thread 1 bound to OS proc set 1,49
OMP: Info #154: KMP_AFFINITY: Initial OS proc set respected: 9-11,57-59
OMP: Info #213: KMP_AFFINITY: decoding x2APIC ids.
OMP: Info #154: KMP_AFFINITY: Initial OS proc set respected: 3-5,51-53
OMP: Info #213: KMP_AFFINITY: decoding x2APIC ids.
OMP: Info #251: KMP_AFFINITY: pid 3929645 tid 3929703 thread 3 bound to OS proc set 33,81
OMP: Info #154: KMP_AFFINITY: Initial OS proc set respected: 24-26,72-74
OMP: Info #213: KMP_AFFINITY: decoding x2APIC ids.
OMP: Info #154: KMP_AFFINITY: Initial OS proc set respected: 6-8,54-56
OMP: Info #213: KMP_AFFINITY: decoding x2APIC ids.
OMP: Info #251: KMP_AFFINITY: pid 822053 tid 822126 thread 5 bound to OS proc set 32,80
OMP: Info #154: KMP_AFFINITY: Initial OS proc set respected: 27-29,75-77
OMP: Info #213: KMP_AFFINITY: decoding x2APIC ids.
OMP: Info #154: KMP_AFFINITY: Initial OS proc set respected: 9-11,57-59
OMP: Info #213: KMP_AFFINITY: decoding x2APIC ids.
OMP: Info #251: KMP_AFFINITY: pid 822049 tid 822130 thread 3 bound to OS proc set 6,54
OMP: Info #251: KMP_AFFINITY: pid 3929645 tid 3929706 thread 4 bound to OS proc set 34,82
OMP: Info #154: KMP_AFFINITY: Initial OS proc set respected: 30-32,78-80
OMP: Info #213: KMP_AFFINITY: decoding x2APIC ids.
OMP: Info #154: KMP_AFFINITY: Initial OS proc set respected: 24-26,72-74
OMP: Info #213: KMP_AFFINITY: decoding x2APIC ids.
OMP: Info #251: KMP_AFFINITY: pid 822049 tid 822131 thread 4 bound to OS proc set 7,55
OMP: Info #154: KMP_AFFINITY: Initial OS proc set respected: 33-35,81-83
OMP: Info #213: KMP_AFFINITY: decoding x2APIC ids.
OMP: Info #154: KMP_AFFINITY: Initial OS proc set respected: 27-29,75-77
OMP: Info #213: KMP_AFFINITY: decoding x2APIC ids.
OMP: Info #276: KMP_AFFINITY: Affinity capable, using global cpuid leaf 11 info
OMP: Info #156: KMP_AFFINITY: 6 available OS procs
OMP: Info #154: KMP_AFFINITY: Initial OS proc set respected: 30-32,78-80
OMP: Info #213: KMP_AFFINITY: decoding x2APIC ids.
OMP: Info #251: KMP_AFFINITY: pid 822049 tid 822132 thread 5 bound to OS proc set 8,56
OMP: Info #251: KMP_AFFINITY: pid 3929638 tid 3929705 thread 2 bound to OS proc set 2,50
OMP: Info #276: KMP_AFFINITY: Affinity capable, using global cpuid leaf 11 info
OMP: Info #156: KMP_AFFINITY: 6 available OS procs
OMP: Info #157: KMP_AFFINITY: Uniform topology
OMP: Info #191: KMP_AFFINITY: 1 socket x 3 cores/socket x 2 threads/core (3 total cores)
OMP: Info #215: KMP_AFFINITY: OS proc to physical thread map:
OMP: Info #171: KMP_AFFINITY: OS proc 30 maps to socket 1 core 8 thread 0 
OMP: Info #171: KMP_AFFINITY: OS proc 78 maps to socket 1 core 8 thread 1 
OMP: Info #171: KMP_AFFINITY: OS proc 31 maps to socket 1 core 9 thread 0 
OMP: Info #154: KMP_AFFINITY: Initial OS proc set respected: 33-35,81-83
OMP: Info #213: KMP_AFFINITY: decoding x2APIC ids.
OMP: Info #251: KMP_AFFINITY: pid 3929641 tid 3929707 thread 3 bound to OS proc set 9,57
OMP: Info #276: KMP_AFFINITY: Affinity capable, using global cpuid leaf 11 info
OMP: Info #156: KMP_AFFINITY: 6 available OS procs
OMP: Info #157: KMP_AFFINITY: Uniform topology
OMP: Info #276: KMP_AFFINITY: Affinity capable, using global cpuid leaf 11 info
OMP: Info #156: KMP_AFFINITY: 6 available OS procs
OMP: Info #157: KMP_AFFINITY: Uniform topology
OMP: Info #157: KMP_AFFINITY: Uniform topology
OMP: Info #191: KMP_AFFINITY: 1 socket x 3 cores/socket x 2 threads/core (3 total cores)
OMP: Info #215: KMP_AFFINITY: OS proc to physical thread map:
OMP: Info #171: KMP_AFFINITY: OS proc 6 maps to socket 0 core 8 thread 0 
OMP: Info #171: KMP_AFFINITY: OS proc 54 maps to socket 0 core 8 thread 1 
OMP: Info #171: KMP_AFFINITY: OS proc 7 maps to socket 0 core 9 thread 0 
OMP: Info #171: KMP_AFFINITY: OS proc 55 maps to socket 0 core 9 thread 1 
OMP: Info #171: KMP_AFFINITY: OS proc 8 maps to socket 0 core 10 thread 0 
OMP: Info #171: KMP_AFFINITY: OS proc 56 maps to socket 0 core 10 thread 1 
OMP: Info #144: KMP_AFFINITY: Threads may migrate across 1 innermost levels of machine
OMP: Info #191: KMP_AFFINITY: 1 socket x 3 cores/socket x 2 threads/core (3 total cores)
OMP: Info #215: KMP_AFFINITY: OS proc to physical thread map:
OMP: Info #171: KMP_AFFINITY: OS proc 0 maps to socket 0 core 0 thread 0 
OMP: Info #171: KMP_AFFINITY: OS proc 48 maps to socket 0 core 0 thread 1 
OMP: Info #171: KMP_AFFINITY: OS proc 1 maps to socket 0 core 1 thread 0 
OMP: Info #251: KMP_AFFINITY: pid 3929638 tid 3929708 thread 3 bound to OS proc set 0,48
OMP: Info #276: KMP_AFFINITY: Affinity capable, using global cpuid leaf 11 info
OMP: Info #156: KMP_AFFINITY: 6 available OS procs
OMP: Info #157: KMP_AFFINITY: Uniform topology
OMP: Info #191: KMP_AFFINITY: 1 socket x 3 cores/socket x 2 threads/core (3 total cores)
OMP: Info #215: KMP_AFFINITY: OS proc to physical thread map:
OMP: Info #171: KMP_AFFINITY: OS proc 24 maps to socket 1 core 0 thread 0 
OMP: Info #171: KMP_AFFINITY: OS proc 72 maps to socket 1 core 0 thread 1 
OMP: Info #171: KMP_AFFINITY: OS proc 25 maps to socket 1 core 1 thread 0 
OMP: Info #171: KMP_AFFINITY: OS proc 73 maps to socket 1 core 1 thread 1 
OMP: Info #171: KMP_AFFINITY: OS proc 26 maps to socket 1 core 2 thread 0 
OMP: Info #171: KMP_AFFINITY: OS proc 74 maps to socket 1 core 2 thread 1 
OMP: Info #144: KMP_AFFINITY: Threads may migrate across 1 innermost levels of machine
OMP: Info #276: KMP_AFFINITY: Affinity capable, using global cpuid leaf 11 info
OMP: Info #156: KMP_AFFINITY: 6 available OS procs
OMP: Info #157: KMP_AFFINITY: Uniform topology
OMP: Info #191: KMP_AFFINITY: 1 socket x 3 cores/socket x 2 threads/core (3 total cores)
OMP: Info #215: KMP_AFFINITY: OS proc to physical thread map:
OMP: Info #171: KMP_AFFINITY: OS proc 3 maps to socket 0 core 3 thread 0 
OMP: Info #171: KMP_AFFINITY: OS proc 51 maps to socket 0 core 3 thread 1 
OMP: Info #171: KMP_AFFINITY: OS proc 4 maps to socket 0 core 4 thread 0 
OMP: Info #251: KMP_AFFINITY: pid 3929638 tid 3929710 thread 4 bound to OS proc set 1,49
OMP: Info #276: KMP_AFFINITY: Affinity capable, using global cpuid leaf 11 info
OMP: Info #156: KMP_AFFINITY: 6 available OS procs
OMP: Info #157: KMP_AFFINITY: Uniform topology
OMP: Info #191: KMP_AFFINITY: 1 socket x 3 cores/socket x 2 threads/core (3 total cores)
OMP: Info #215: KMP_AFFINITY: OS proc to physical thread map:
OMP: Info #171: KMP_AFFINITY: OS proc 27 maps to socket 1 core 3 thread 0 
OMP: Info #171: KMP_AFFINITY: OS proc 75 maps to socket 1 core 3 thread 1 
OMP: Info #171: KMP_AFFINITY: OS proc 28 maps to socket 1 core 4 thread 0 
OMP: Info #171: KMP_AFFINITY: OS proc 76 maps to socket 1 core 4 thread 1 
OMP: Info #171: KMP_AFFINITY: OS proc 29 maps to socket 1 core 5 thread 0 
OMP: Info #171: KMP_AFFINITY: OS proc 77 maps to socket 1 core 5 thread 1 
OMP: Info #144: KMP_AFFINITY: Threads may migrate across 1 innermost levels of machine
OMP: Info #276: KMP_AFFINITY: Affinity capable, using global cpuid leaf 11 info
OMP: Info #156: KMP_AFFINITY: 6 available OS procs
OMP: Info #157: KMP_AFFINITY: Uniform topology
OMP: Info #191: KMP_AFFINITY: 1 socket x 3 cores/socket x 2 threads/core (3 total cores)
OMP: Info #215: KMP_AFFINITY: OS proc to physical thread map:
OMP: Info #171: KMP_AFFINITY: OS proc 27 maps to socket 1 core 3 thread 0 
OMP: Info #171: KMP_AFFINITY: OS proc 75 maps to socket 1 core 3 thread 1 
OMP: Info #171: KMP_AFFINITY: OS proc 28 maps to socket 1 core 4 thread 0 
OMP: Info #171: KMP_AFFINITY: OS proc 76 maps to socket 1 core 4 thread 1 
OMP: Info #171: KMP_AFFINITY: OS proc 29 maps to socket 1 core 5 thread 0 
OMP: Info #171: KMP_AFFINITY: OS proc 77 maps to socket 1 core 5 thread 1 
OMP: Info #251: KMP_AFFINITY: pid 822047 tid 822113 thread 3 bound to OS proc set 0,48
OMP: Info #251: KMP_AFFINITY: pid 822047 tid 822133 thread 4 bound to OS proc set 1,49
OMP: Info #251: KMP_AFFINITY: pid 3929641 tid 3929709 thread 4 bound to OS proc set 10,58
OMP: Info #171: KMP_AFFINITY: OS proc 79 maps to socket 1 core 9 thread 1 
OMP: Info #171: KMP_AFFINITY: OS proc 32 maps to socket 1 core 10 thread 0 
OMP: Info #171: KMP_AFFINITY: OS proc 80 maps to socket 1 core 10 thread 1 
OMP: Info #144: KMP_AFFINITY: Threads may migrate across 1 innermost levels of machine
OMP: Info #276: KMP_AFFINITY: Affinity capable, using global cpuid leaf 11 info
OMP: Info #156: KMP_AFFINITY: 6 available OS procs
OMP: Info #157: KMP_AFFINITY: Uniform topology
OMP: Info #191: KMP_AFFINITY: 1 socket x 3 cores/socket x 2 threads/core (3 total cores)
OMP: Info #215: KMP_AFFINITY: OS proc to physical thread map:
OMP: Info #171: KMP_AFFINITY: OS proc 30 maps to socket 1 core 8 thread 0 
OMP: Info #171: KMP_AFFINITY: OS proc 78 maps to socket 1 core 8 thread 1 
OMP: Info #171: KMP_AFFINITY: OS proc 31 maps to socket 1 core 9 thread 0 
OMP: Info #171: KMP_AFFINITY: OS proc 79 maps to socket 1 core 9 thread 1 
OMP: Info #171: KMP_AFFINITY: OS proc 32 maps to socket 1 core 10 thread 0 
OMP: Info #171: KMP_AFFINITY: OS proc 80 maps to socket 1 core 10 thread 1 
OMP: Info #251: KMP_AFFINITY: pid 3929638 tid 3929711 thread 5 bound to OS proc set 2,50
OMP: Info #276: KMP_AFFINITY: Affinity capable, using global cpuid leaf 11 info
OMP: Info #156: KMP_AFFINITY: 6 available OS procs
OMP: Info #157: KMP_AFFINITY: Uniform topology
OMP: Info #191: KMP_AFFINITY: 1 socket x 3 cores/socket x 2 threads/core (3 total cores)
OMP: Info #215: KMP_AFFINITY: OS proc to physical thread map:
OMP: Info #171: KMP_AFFINITY: OS proc 33 maps to socket 1 core 11 thread 0 
OMP: Info #171: KMP_AFFINITY: OS proc 81 maps to socket 1 core 11 thread 1 
OMP: Info #171: KMP_AFFINITY: OS proc 34 maps to socket 1 core 12 thread 0 
OMP: Info #171: KMP_AFFINITY: OS proc 82 maps to socket 1 core 12 thread 1 
OMP: Info #171: KMP_AFFINITY: OS proc 35 maps to socket 1 core 13 thread 0 
OMP: Info #171: KMP_AFFINITY: OS proc 83 maps to socket 1 core 13 thread 1 
OMP: Info #144: KMP_AFFINITY: Threads may migrate across 1 innermost levels of machine
OMP: Info #251: KMP_AFFINITY: pid 2135694 tid 2135694 thread 0 bound to OS proc set 33,81
OMP: Info #171: KMP_AFFINITY: OS proc 49 maps to socket 0 core 1 thread 1 
OMP: Info #171: KMP_AFFINITY: OS proc 2 maps to socket 0 core 2 thread 0 
OMP: Info #171: KMP_AFFINITY: OS proc 50 maps to socket 0 core 2 thread 1 
OMP: Info #251: KMP_AFFINITY: pid 822047 tid 822134 thread 5 bound to OS proc set 2,50
OMP: Info #251: KMP_AFFINITY: pid 3929641 tid 3929712 thread 5 bound to OS proc set 11,59
OMP: Info #191: KMP_AFFINITY: 1 socket x 3 cores/socket x 2 threads/core (3 total cores)
OMP: Info #215: KMP_AFFINITY: OS proc to physical thread map:
OMP: Info #171: KMP_AFFINITY: OS proc 0 maps to socket 0 core 0 thread 0 
OMP: Info #171: KMP_AFFINITY: OS proc 48 maps to socket 0 core 0 thread 1 
OMP: Info #171: KMP_AFFINITY: OS proc 1 maps to socket 0 core 1 thread 0 
OMP: Info #171: KMP_AFFINITY: OS proc 49 maps to socket 0 core 1 thread 1 
OMP: Info #171: KMP_AFFINITY: OS proc 2 maps to socket 0 core 2 thread 0 
OMP: Info #171: KMP_AFFINITY: OS proc 50 maps to socket 0 core 2 thread 1 
OMP: Info #144: KMP_AFFINITY: Threads may migrate across 1 innermost levels of machine
OMP: Info #251: KMP_AFFINITY: pid 2135687 tid 2135687 thread 0 bound to OS proc set 0,48
OMP: Info #171: KMP_AFFINITY: OS proc 52 maps to socket 0 core 4 thread 1 
OMP: Info #171: KMP_AFFINITY: OS proc 5 maps to socket 0 core 5 thread 0 
OMP: Info #171: KMP_AFFINITY: OS proc 53 maps to socket 0 core 5 thread 1 
OMP: Info #251: KMP_AFFINITY: pid 3929639 tid 3929713 thread 5 bound to OS proc set 5,53
OMP: Info #276: KMP_AFFINITY: Affinity capable, using global cpuid leaf 11 info
OMP: Info #156: KMP_AFFINITY: 6 available OS procs
OMP: Info #157: KMP_AFFINITY: Uniform topology
OMP: Info #191: KMP_AFFINITY: 1 socket x 3 cores/socket x 2 threads/core (3 total cores)
OMP: Info #215: KMP_AFFINITY: OS proc to physical thread map:
OMP: Info #171: KMP_AFFINITY: OS proc 3 maps to socket 0 core 3 thread 0 
OMP: Info #171: KMP_AFFINITY: OS proc 51 maps to socket 0 core 3 thread 1 
OMP: Info #171: KMP_AFFINITY: OS proc 4 maps to socket 0 core 4 thread 0 
OMP: Info #171: KMP_AFFINITY: OS proc 52 maps to socket 0 core 4 thread 1 
OMP: Info #171: KMP_AFFINITY: OS proc 5 maps to socket 0 core 5 thread 0 
OMP: Info #171: KMP_AFFINITY: OS proc 53 maps to socket 0 core 5 thread 1 
OMP: Info #144: KMP_AFFINITY: Threads may migrate across 1 innermost levels of machine
OMP: Info #251: KMP_AFFINITY: pid 2135688 tid 2135688 thread 0 bound to OS proc set 3,51
OMP: Info #276: KMP_AFFINITY: Affinity capable, using global cpuid leaf 11 info
OMP: Info #156: KMP_AFFINITY: 6 available OS procs
OMP: Info #157: KMP_AFFINITY: Uniform topology
OMP: Info #191: KMP_AFFINITY: 1 socket x 3 cores/socket x 2 threads/core (3 total cores)
OMP: Info #215: KMP_AFFINITY: OS proc to physical thread map:
OMP: Info #171: KMP_AFFINITY: OS proc 6 maps to socket 0 core 8 thread 0 
OMP: Info #171: KMP_AFFINITY: OS proc 54 maps to socket 0 core 8 thread 1 
OMP: Info #171: KMP_AFFINITY: OS proc 7 maps to socket 0 core 9 thread 0 
OMP: Info #171: KMP_AFFINITY: OS proc 55 maps to socket 0 core 9 thread 1 
OMP: Info #171: KMP_AFFINITY: OS proc 8 maps to socket 0 core 10 thread 0 
OMP: Info #171: KMP_AFFINITY: OS proc 56 maps to socket 0 core 10 thread 1 
OMP: Info #144: KMP_AFFINITY: Threads may migrate across 1 innermost levels of machine
OMP: Info #251: KMP_AFFINITY: pid 3929645 tid 3929715 thread 5 bound to OS proc set 35,83
OMP: Info #251: KMP_AFFINITY: pid 2135689 tid 2135689 thread 0 bound to OS proc set 6,54
OMP: Info #276: KMP_AFFINITY: Affinity capable, using global cpuid leaf 11 info
OMP: Info #156: KMP_AFFINITY: 6 available OS procs
OMP: Info #157: KMP_AFFINITY: Uniform topology
OMP: Info #191: KMP_AFFINITY: 1 socket x 3 cores/socket x 2 threads/core (3 total cores)
OMP: Info #215: KMP_AFFINITY: OS proc to physical thread map:
OMP: Info #171: KMP_AFFINITY: OS proc 9 maps to socket 0 core 11 thread 0 
OMP: Info #171: KMP_AFFINITY: OS proc 57 maps to socket 0 core 11 thread 1 
OMP: Info #171: KMP_AFFINITY: OS proc 10 maps to socket 0 core 12 thread 0 
OMP: Info #171: KMP_AFFINITY: OS proc 58 maps to socket 0 core 12 thread 1 
OMP: Info #171: KMP_AFFINITY: OS proc 11 maps to socket 0 core 13 thread 0 
OMP: Info #171: KMP_AFFINITY: OS proc 59 maps to socket 0 core 13 thread 1 
OMP: Info #144: KMP_AFFINITY: Threads may migrate across 1 innermost levels of machine
OMP: Info #251: KMP_AFFINITY: pid 3929640 tid 3929714 thread 5 bound to OS proc set 8,56
OMP: Info #276: KMP_AFFINITY: Affinity capable, using global cpuid leaf 11 info
OMP: Info #156: KMP_AFFINITY: 6 available OS procs
OMP: Info #157: KMP_AFFINITY: Uniform topology
OMP: Info #191: KMP_AFFINITY: 1 socket x 3 cores/socket x 2 threads/core (3 total cores)
OMP: Info #215: KMP_AFFINITY: OS proc to physical thread map:
OMP: Info #171: KMP_AFFINITY: OS proc 9 maps to socket 0 core 11 thread 0 
OMP: Info #171: KMP_AFFINITY: OS proc 57 maps to socket 0 core 11 thread 1 
OMP: Info #171: KMP_AFFINITY: OS proc 10 maps to socket 0 core 12 thread 0 
OMP: Info #171: KMP_AFFINITY: OS proc 58 maps to socket 0 core 12 thread 1 
OMP: Info #171: KMP_AFFINITY: OS proc 11 maps to socket 0 core 13 thread 0 
OMP: Info #171: KMP_AFFINITY: OS proc 59 maps to socket 0 core 13 thread 1 
OMP: Info #144: KMP_AFFINITY: Threads may migrate across 1 innermost levels of machine
OMP: Info #251: KMP_AFFINITY: pid 2135690 tid 2135690 thread 0 bound to OS proc set 9,57
OMP: Info #276: KMP_AFFINITY: Affinity capable, using global cpuid leaf 11 info
OMP: Info #156: KMP_AFFINITY: 6 available OS procs
OMP: Info #157: KMP_AFFINITY: Uniform topology
OMP: Info #191: KMP_AFFINITY: 1 socket x 3 cores/socket x 2 threads/core (3 total cores)
OMP: Info #215: KMP_AFFINITY: OS proc to physical thread map:
OMP: Info #171: KMP_AFFINITY: OS proc 24 maps to socket 1 core 0 thread 0 
OMP: Info #171: KMP_AFFINITY: OS proc 72 maps to socket 1 core 0 thread 1 
OMP: Info #171: KMP_AFFINITY: OS proc 25 maps to socket 1 core 1 thread 0 
OMP: Info #171: KMP_AFFINITY: OS proc 73 maps to socket 1 core 1 thread 1 
OMP: Info #171: KMP_AFFINITY: OS proc 26 maps to socket 1 core 2 thread 0 
OMP: Info #171: KMP_AFFINITY: OS proc 74 maps to socket 1 core 2 thread 1 
OMP: Info #251: KMP_AFFINITY: pid 2135691 tid 2135691 thread 0 bound to OS proc set 24,72
OMP: Info #276: KMP_AFFINITY: Affinity capable, using global cpuid leaf 11 info
OMP: Info #156: KMP_AFFINITY: 6 available OS procs
OMP: Info #157: KMP_AFFINITY: Uniform topology
OMP: Info #191: KMP_AFFINITY: 1 socket x 3 cores/socket x 2 threads/core (3 total cores)
OMP: Info #215: KMP_AFFINITY: OS proc to physical thread map:
OMP: Info #171: KMP_AFFINITY: OS proc 33 maps to socket 1 core 11 thread 0 
OMP: Info #171: KMP_AFFINITY: OS proc 81 maps to socket 1 core 11 thread 1 
OMP: Info #171: KMP_AFFINITY: OS proc 34 maps to socket 1 core 12 thread 0 
OMP: Info #171: KMP_AFFINITY: OS proc 82 maps to socket 1 core 12 thread 1 
OMP: Info #171: KMP_AFFINITY: OS proc 35 maps to socket 1 core 13 thread 0 
OMP: Info #171: KMP_AFFINITY: OS proc 83 maps to socket 1 core 13 thread 1 
OMP: Info #144: KMP_AFFINITY: Threads may migrate across 1 innermost levels of machine
OMP: Info #251: KMP_AFFINITY: pid 2135692 tid 2135692 thread 0 bound to OS proc set 27,75
OMP: Info #144: KMP_AFFINITY: Threads may migrate across 1 innermost levels of machine
OMP: Info #251: KMP_AFFINITY: pid 3001844 tid 3001844 thread 0 bound to OS proc set 0,48
OMP: Info #251: KMP_AFFINITY: pid 2135693 tid 2135693 thread 0 bound to OS proc set 30,78
OMP: Info #144: KMP_AFFINITY: Threads may migrate across 1 innermost levels of machine
OMP: Info #251: KMP_AFFINITY: pid 3001845 tid 3001845 thread 0 bound to OS proc set 3,51
OMP: Info #251: KMP_AFFINITY: pid 2135688 tid 2135736 thread 1 bound to OS proc set 4,52
OMP: Info #251: KMP_AFFINITY: pid 3001846 tid 3001846 thread 0 bound to OS proc set 6,54
OMP: Info #251: KMP_AFFINITY: pid 2135690 tid 2135737 thread 1 bound to OS proc set 10,58
OMP: Info #251: KMP_AFFINITY: pid 3001847 tid 3001847 thread 0 bound to OS proc set 9,57
OMP: Info #251: KMP_AFFINITY: pid 2135692 tid 2135738 thread 1 bound to OS proc set 28,76
OMP: Info #144: KMP_AFFINITY: Threads may migrate across 1 innermost levels of machine
OMP: Info #251: KMP_AFFINITY: pid 3001848 tid 3001848 thread 0 bound to OS proc set 24,72
OMP: Info #251: KMP_AFFINITY: pid 2135689 tid 2135739 thread 1 bound to OS proc set 7,55
OMP: Info #144: KMP_AFFINITY: Threads may migrate across 1 innermost levels of machine
OMP: Info #251: KMP_AFFINITY: pid 3001849 tid 3001849 thread 0 bound to OS proc set 27,75
OMP: Info #251: KMP_AFFINITY: pid 2135687 tid 2135743 thread 1 bound to OS proc set 1,49
OMP: Info #144: KMP_AFFINITY: Threads may migrate across 1 innermost levels of machine
OMP: Info #251: KMP_AFFINITY: pid 3001850 tid 3001850 thread 0 bound to OS proc set 30,78
OMP: Info #251: KMP_AFFINITY: pid 2135688 tid 2135745 thread 2 bound to OS proc set 5,53
OMP: Info #251: KMP_AFFINITY: pid 3001851 tid 3001851 thread 0 bound to OS proc set 33,81
OMP: Info #251: KMP_AFFINITY: pid 2135690 tid 2135746 thread 2 bound to OS proc set 11,59
OMP: Info #251: KMP_AFFINITY: pid 3001844 tid 3001893 thread 1 bound to OS proc set 1,49
OMP: Info #251: KMP_AFFINITY: pid 2135691 tid 2135744 thread 1 bound to OS proc set 25,73
OMP: Info #251: KMP_AFFINITY: pid 3001847 tid 3001892 thread 1 bound to OS proc set 10,58
OMP: Info #251: KMP_AFFINITY: pid 2135692 tid 2135742 thread 2 bound to OS proc set 29,77
OMP: Info #251: KMP_AFFINITY: pid 3001848 tid 3001895 thread 1 bound to OS proc set 25,73
OMP: Info #251: KMP_AFFINITY: pid 2135689 tid 2135747 thread 2 bound to OS proc set 8,56
OMP: Info #251: KMP_AFFINITY: pid 3001851 tid 3001894 thread 1 bound to OS proc set 34,82
OMP: Info #251: KMP_AFFINITY: pid 2135693 tid 2135741 thread 1 bound to OS proc set 31,79
OMP: Info #251: KMP_AFFINITY: pid 2135693 tid 2135749 thread 2 bound to OS proc set 32,80
OMP: Info #251: KMP_AFFINITY: pid 3001846 tid 3001896 thread 1 bound to OS proc set 7,55
OMP: Info #251: KMP_AFFINITY: pid 2135694 tid 2135740 thread 1 bound to OS proc set 34,82
OMP: Info #251: KMP_AFFINITY: pid 2135694 tid 2135750 thread 2 bound to OS proc set 35,83
OMP: Info #251: KMP_AFFINITY: pid 3001845 tid 3001899 thread 1 bound to OS proc set 4,52
OMP: Info #251: KMP_AFFINITY: pid 2135687 tid 2135748 thread 2 bound to OS proc set 2,50
OMP: Info #251: KMP_AFFINITY: pid 3001848 tid 3001902 thread 2 bound to OS proc set 26,74
OMP: Info #251: KMP_AFFINITY: pid 2135688 tid 2135751 thread 3 bound to OS proc set 3,51
OMP: Info #251: KMP_AFFINITY: pid 3001850 tid 3001898 thread 1 bound to OS proc set 31,79
OMP: Info #251: KMP_AFFINITY: pid 2135689 tid 2135757 thread 3 bound to OS proc set 6,54
OMP: Info #251: KMP_AFFINITY: pid 3001844 tid 3001900 thread 2 bound to OS proc set 2,50
OMP: Info #251: KMP_AFFINITY: pid 2135690 tid 2135752 thread 3 bound to OS proc set 9,57
OMP: Info #251: KMP_AFFINITY: pid 3001846 tid 3001904 thread 2 bound to OS proc set 8,56
OMP: Info #251: KMP_AFFINITY: pid 2135691 tid 2135754 thread 2 bound to OS proc set 26,74
OMP: Info #251: KMP_AFFINITY: pid 3001847 tid 3001897 thread 2 bound to OS proc set 11,59
OMP: Info #251: KMP_AFFINITY: pid 2135688 tid 2135758 thread 4 bound to OS proc set 4,52
OMP: Info #251: KMP_AFFINITY: pid 3001849 tid 3001903 thread 1 bound to OS proc set 28,76
OMP: Info #251: KMP_AFFINITY: pid 2135689 tid 2135762 thread 4 bound to OS proc set 7,55
OMP: Info #251: KMP_AFFINITY: pid 3001851 tid 3001901 thread 2 bound to OS proc set 35,83

Num-X: 2 ; Num-Y: 16 ; Resolution: 6500 ; Rank: 4 ; Rank-X: 0 ; Rank-Y: 2 ; Rowstart: 814; Rowend: 1222; Rows: 408; Colstart: 0; Colend: 3251; Cols: 3251;OMP: Info #251: KMP_AFFINITY: pid 2135693 tid 2135753 thread 3 bound to OS proc set 30,78
OMP: Info #251: KMP_AFFINITY: pid 3001845 tid 3001905 thread 2 bound to OS proc set 5,53
OMP: Info #154: KMP_AFFINITY: Initial OS proc set respected: 27-29,75-77
OMP: Info #213: KMP_AFFINITY: decoding x2APIC ids.
OMP: Info #251: KMP_AFFINITY: pid 2135687 tid 2135756 thread 3 bound to OS proc set 0,48
OMP: Info #251: KMP_AFFINITY: pid 3001846 tid 3001911 thread 3 bound to OS proc set 6,54
OMP: Info #154: KMP_AFFINITY: Initial OS proc set respected: 30-32,78-80
OMP: Info #213: KMP_AFFINITY: decoding x2APIC ids.
OMP: Info #251: KMP_AFFINITY: pid 2135690 tid 2135759 thread 4 bound to OS proc set 10,58
OMP: Info #251: KMP_AFFINITY: pid 3001848 tid 3001908 thread 3 bound to OS proc set 24,72
OMP: Info #276: KMP_AFFINITY: Affinity capable, using global cpuid leaf 11 info
OMP: Info #156: KMP_AFFINITY: 6 available OS procs
OMP: Info #157: KMP_AFFINITY: Uniform topology
OMP: Info #251: KMP_AFFINITY: pid 2135687 tid 2135761 thread 4 bound to OS proc set 1,49
OMP: Info #251: KMP_AFFINITY: pid 3001850 tid 3001912 thread 3 bound to OS proc set 30,78
OMP: Info #251: KMP_AFFINITY: pid 3001850 tid 3001906 thread 2 bound to OS proc set 32,80
OMP: Info #191: KMP_AFFINITY: 1 socket x 3 cores/socket x 2 threads/core (3 total cores)
OMP: Info #215: KMP_AFFINITY: OS proc to physical thread map:
OMP: Info #171: KMP_AFFINITY: OS proc 27 maps to socket 1 core 3 thread 0 
OMP: Info #171: KMP_AFFINITY: OS proc 75 maps to socket 1 core 3 thread 1 
OMP: Info #171: KMP_AFFINITY: OS proc 28 maps to socket 1 core 4 thread 0 
OMP: Info #171: KMP_AFFINITY: OS proc 76 maps to socket 1 core 4 thread 1 
OMP: Info #251: KMP_AFFINITY: pid 2135694 tid 2135755 thread 3 bound to OS proc set 33,81
OMP: Info #251: KMP_AFFINITY: pid 3001851 tid 3001909 thread 3 bound to OS proc set 33,81
OMP: Info #171: KMP_AFFINITY: OS proc 29 maps to socket 1 core 5 thread 0 
OMP: Info #171: KMP_AFFINITY: OS proc 77 maps to socket 1 core 5 thread 1 
OMP: Info #144: KMP_AFFINITY: Threads may migrate across 1 innermost levels of machine
OMP: Info #251: KMP_AFFINITY: pid 2135690 tid 2135764 thread 5 bound to OS proc set 11,59
OMP: Info #251: KMP_AFFINITY: pid 3001848 tid 3001915 thread 4 bound to OS proc set 25,73
OMP: Info #251: KMP_AFFINITY: pid 3929643 tid 3929643 thread 0 bound to OS proc set 27,75
OMP: Info #251: KMP_AFFINITY: pid 2135689 tid 2135767 thread 5 bound to OS proc set 8,56
OMP: Info #251: KMP_AFFINITY: pid 3001849 tid 3001913 thread 3 bound to OS proc set 27,75
OMP: Info #276: KMP_AFFINITY: Affinity capable, using global cpuid leaf 11 info
OMP: Info #156: KMP_AFFINITY: 6 available OS procs
OMP: Info #157: KMP_AFFINITY: Uniform topology
OMP: Info #191: KMP_AFFINITY: 1 socket x 3 cores/socket x 2 threads/core (3 total cores)
OMP: Info #215: KMP_AFFINITY: OS proc to physical thread map:
OMP: Info #251: KMP_AFFINITY: pid 2135691 tid 2135760 thread 3 bound to OS proc set 24,72
OMP: Info #251: KMP_AFFINITY: pid 3001850 tid 3001916 thread 4 bound to OS proc set 31,79
OMP: Info #171: KMP_AFFINITY: OS proc 30 maps to socket 1 core 8 thread 0 
OMP: Info #171: KMP_AFFINITY: OS proc 78 maps to socket 1 core 8 thread 1 
OMP: Info #171: KMP_AFFINITY: OS proc 31 maps to socket 1 core 9 thread 0 
OMP: Info #171: KMP_AFFINITY: OS proc 79 maps to socket 1 core 9 thread 1 
OMP: Info #171: KMP_AFFINITY: OS proc 32 maps to socket 1 core 10 thread 0 
OMP: Info #171: KMP_AFFINITY: OS proc 80 maps to socket 1 core 10 thread 1 
OMP: Info #251: KMP_AFFINITY: pid 2135693 tid 2135763 thread 4 bound to OS proc set 31,79
OMP: Info #251: KMP_AFFINITY: pid 3001845 tid 3001914 thread 3 bound to OS proc set 3,51

Num-X: 2 ; Num-Y: 16 ; Resolution: 6500 ; Rank: 20 ; Rank-X: 0 ; Rank-Y: 10 ; Rowstart: 4070; Rowend: 4478; Rows: 408; Colstart: 0; Colend: 3251; Cols: 3251;OMP: Info #144: KMP_AFFINITY: Threads may migrate across 1 innermost levels of machine
OMP: Info #251: KMP_AFFINITY: pid 2135694 tid 2135766 thread 4 bound to OS proc set 34,82
OMP: Info #251: KMP_AFFINITY: pid 3001849 tid 3001907 thread 2 bound to OS proc set 29,77
OMP: Info #251: KMP_AFFINITY: pid 3929644 tid 3929644 thread 0 bound to OS proc set 30,78
OMP: Info #251: KMP_AFFINITY: pid 2135687 tid 2135765 thread 5 bound to OS proc set 2,50
OMP: Info #251: KMP_AFFINITY: pid 3001850 tid 3001920 thread 5 bound to OS proc set 32,80
OMP: Info #251: KMP_AFFINITY: pid 3929643 tid 3929716 thread 1 bound to OS proc set 28,76
OMP: Info #251: KMP_AFFINITY: pid 2135691 tid 2135768 thread 4 bound to OS proc set 25,73
OMP: Info #251: KMP_AFFINITY: pid 3001846 tid 3001919 thread 4 bound to OS proc set 7,55
OMP: Info #251: KMP_AFFINITY: pid 3929643 tid 3929717 thread 2 bound to OS proc set 29,77
OMP: Info #251: KMP_AFFINITY: pid 2135694 tid 2135769 thread 5 bound to OS proc set 35,83
OMP: Info #251: KMP_AFFINITY: pid 3001848 tid 3001918 thread 5 bound to OS proc set 26,74
OMP: Info #251: KMP_AFFINITY: pid 3929644 tid 3929718 thread 1 bound to OS proc set 31,79
OMP: Info #251: KMP_AFFINITY: pid 2135692 tid 2135770 thread 3 bound to OS proc set 27,75
OMP: Info #251: KMP_AFFINITY: pid 3001849 tid 3001917 thread 4 bound to OS proc set 28,76
OMP: Info #251: KMP_AFFINITY: pid 3929644 tid 3929720 thread 2 bound to OS proc set 32,80
OMP: Info #251: KMP_AFFINITY: pid 2135692 tid 2135771 thread 4 bound to OS proc set 28,76
OMP: Info #251: KMP_AFFINITY: pid 3001845 tid 3001921 thread 4 bound to OS proc set 4,52
OMP: Info #251: KMP_AFFINITY: pid 3929644 tid 3929721 thread 3 bound to OS proc set 30,78
OMP: Info #251: KMP_AFFINITY: pid 2135692 tid 2135772 thread 5 bound to OS proc set 29,77
OMP: Info #251: KMP_AFFINITY: pid 3001846 tid 3001923 thread 5 bound to OS proc set 8,56
OMP: Info #251: KMP_AFFINITY: pid 3929644 tid 3929722 thread 4 bound to OS proc set 31,79
OMP: Info #251: KMP_AFFINITY: pid 2135688 tid 2135773 thread 5 bound to OS proc set 5,53
OMP: Info #251: KMP_AFFINITY: pid 3001845 tid 3001924 thread 5 bound to OS proc set 5,53
OMP: Info #251: KMP_AFFINITY: pid 3929644 tid 3929723 thread 5 bound to OS proc set 32,80
OMP: Info #251: KMP_AFFINITY: pid 2135693 tid 2135774 thread 5 bound to OS proc set 32,80
OMP: Info #251: KMP_AFFINITY: pid 3001849 tid 3001922 thread 5 bound to OS proc set 29,77
OMP: Info #251: KMP_AFFINITY: pid 3929643 tid 3929719 thread 3 bound to OS proc set 27,75
OMP: Info #251: KMP_AFFINITY: pid 2135691 tid 2135775 thread 5 bound to OS proc set 26,74
OMP: Info #251: KMP_AFFINITY: pid 3001847 tid 3001926 thread 4 bound to OS proc set 10,58
OMP: Info #251: KMP_AFFINITY: pid 3001847 tid 3001925 thread 3 bound to OS proc set 9,57
OMP: Info #251: KMP_AFFINITY: pid 3929643 tid 3929724 thread 4 bound to OS proc set 28,76
OMP: Info #251: KMP_AFFINITY: pid 3001844 tid 3001910 thread 3 bound to OS proc set 0,48
OMP: Info #251: KMP_AFFINITY: pid 3929643 tid 3929725 thread 5 bound to OS proc set 29,77
OMP: Info #251: KMP_AFFINITY: pid 3001844 tid 3001927 thread 4 bound to OS proc set 1,49
OMP: Info #251: KMP_AFFINITY: pid 3001851 tid 3001929 thread 4 bound to OS proc set 34,82
OMP: Info #251: KMP_AFFINITY: pid 3001847 tid 3001928 thread 5 bound to OS proc set 11,59
OMP: Info #251: KMP_AFFINITY: pid 3001844 tid 3001930 thread 5 bound to OS proc set 2,50
OMP: Info #251: KMP_AFFINITY: pid 3001851 tid 3001931 thread 5 bound to OS proc set 35,83

Num-X: 2 ; Num-Y: 16 ; Resolution: 6500 ; Rank: 19 ; Rank-X: 1 ; Rank-Y: 9 ; Rowstart: 3663; Rowend: 4071; Rows: 408; Colstart: 3250; Colend: 6501; Cols: 3251;
Num-X: 2 ; Num-Y: 16 ; Resolution: 6500 ; Rank: 21 ; Rank-X: 1 ; Rank-Y: 10 ; Rowstart: 4070; Rowend: 4478; Rows: 408; Colstart: 3250; Colend: 6501; Cols: 3251;
Num-X: 2 ; Num-Y: 16 ; Resolution: 6500 ; Rank: 16 ; Rank-X: 0 ; Rank-Y: 8 ; Rowstart: 3256; Rowend: 3664; Rows: 408; Colstart: 0; Colend: 3251; Cols: 3251;
Num-X: 2 ; Num-Y: 16 ; Resolution: 6500 ; Rank: 17 ; Rank-X: 1 ; Rank-Y: 8 ; Rowstart: 3256; Rowend: 3664; Rows: 408; Colstart: 3250; Colend: 6501; Cols: 3251;
Num-X: 2 ; Num-Y: 16 ; Resolution: 6500 ; Rank: 23 ; Rank-X: 1 ; Rank-Y: 11 ; Rowstart: 4477; Rowend: 4885; Rows: 408; Colstart: 3250; Colend: 6501; Cols: 3251;
Num-X: 2 ; Num-Y: 16 ; Resolution: 6500 ; Rank: 22 ; Rank-X: 0 ; Rank-Y: 11 ; Rowstart: 4477; Rowend: 4885; Rows: 408; Colstart: 0; Colend: 3251; Cols: 3251;
Num-X: 2 ; Num-Y: 16 ; Resolution: 6500 ; Rank: 2 ; Rank-X: 0 ; Rank-Y: 1 ; Rowstart: 407; Rowend: 815; Rows: 408; Colstart: 0; Colend: 3251; Cols: 3251;
Num-X: 2 ; Num-Y: 16 ; Resolution: 6500 ; Rank: 7 ; Rank-X: 1 ; Rank-Y: 3 ; Rowstart: 1221; Rowend: 1629; Rows: 408; Colstart: 3250; Colend: 6501; Cols: 3251;
Num-X: 2 ; Num-Y: 16 ; Resolution: 6500 ; Rank: 1 ; Rank-X: 1 ; Rank-Y: 0 ; Rowstart: 0; Rowend: 408; Rows: 408; Colstart: 3250; Colend: 6501; Cols: 3251;
Num-X: 2 ; Num-Y: 16 ; Resolution: 6500 ; Rank: 3 ; Rank-X: 1 ; Rank-Y: 1 ; Rowstart: 407; Rowend: 815; Rows: 408; Colstart: 3250; Colend: 6501; Cols: 3251;
Num-X: 2 ; Num-Y: 16 ; Resolution: 6500 ; Rank: 18 ; Rank-X: 0 ; Rank-Y: 9 ; Rowstart: 3663; Rowend: 4071; Rows: 408; Colstart: 0; Colend: 3251; Cols: 3251;
Num-X: 2 ; Num-Y: 16 ; Resolution: 6500 ; Rank: 27 ; Rank-X: 1 ; Rank-Y: 13 ; Rowstart: 5291; Rowend: 5699; Rows: 408; Colstart: 3250; Colend: 6501; Cols: 3251;
Num-X: 2 ; Num-Y: 16 ; Resolution: 6500 ; Rank: 31 ; Rank-X: 1 ; Rank-Y: 15 ; Rowstart: 6105; Rowend: 6501; Rows: 396; Colstart: 3250; Colend: 6501; Cols: 3251;
Num-X: 2 ; Num-Y: 16 ; Resolution: 6500 ; Rank: 26 ; Rank-X: 0 ; Rank-Y: 13 ; Rowstart: 5291; Rowend: 5699; Rows: 408; Colstart: 0; Colend: 3251; Cols: 3251;
Num-X: 2 ; Num-Y: 16 ; Resolution: 6500 ; Rank: 10 ; Rank-X: 0 ; Rank-Y: 5 ; Rowstart: 2035; Rowend: 2443; Rows: 408; Colstart: 0; Colend: 3251; Cols: 3251;
Num-X: 2 ; Num-Y: 16 ; Resolution: 6500 ; Rank: 12 ; Rank-X: 0 ; Rank-Y: 6 ; Rowstart: 2442; Rowend: 2850; Rows: 408; Colstart: 0; Colend: 3251; Cols: 3251;
Num-X: 2 ; Num-Y: 16 ; Resolution: 6500 ; Rank: 24 ; Rank-X: 0 ; Rank-Y: 12 ; Rowstart: 4884; Rowend: 5292; Rows: 408; Colstart: 0; Colend: 3251; Cols: 3251;
Num-X: 2 ; Num-Y: 16 ; Resolution: 6500 ; Rank: 28 ; Rank-X: 0 ; Rank-Y: 14 ; Rowstart: 5698; Rowend: 6106; Rows: 408; Colstart: 0; Colend: 3251; Cols: 3251;
Num-X: 2 ; Num-Y: 16 ; Resolution: 6500 ; Rank: 0 ; Rank-X: 0 ; Rank-Y: 0 ; Rowstart: 0; Rowend: 408; Rows: 408; Colstart: 0; Colend: 3251; Cols: 3251;
Num-X: 2 ; Num-Y: 16 ; Resolution: 6500 ; Rank: 8 ; Rank-X: 0 ; Rank-Y: 4 ; Rowstart: 1628; Rowend: 2036; Rows: 408; Colstart: 0; Colend: 3251; Cols: 3251;
Num-X: 2 ; Num-Y: 16 ; Resolution: 6500 ; Rank: 14 ; Rank-X: 0 ; Rank-Y: 7 ; Rowstart: 2849; Rowend: 3257; Rows: 408; Colstart: 0; Colend: 3251; Cols: 3251;
Num-X: 2 ; Num-Y: 16 ; Resolution: 6500 ; Rank: 5 ; Rank-X: 1 ; Rank-Y: 2 ; Rowstart: 814; Rowend: 1222; Rows: 408; Colstart: 3250; Colend: 6501; Cols: 3251;
Num-X: 2 ; Num-Y: 16 ; Resolution: 6500 ; Rank: 29 ; Rank-X: 1 ; Rank-Y: 14 ; Rowstart: 5698; Rowend: 6106; Rows: 408; Colstart: 3250; Colend: 6501; Cols: 3251;
Num-X: 2 ; Num-Y: 16 ; Resolution: 6500 ; Rank: 6 ; Rank-X: 0 ; Rank-Y: 3 ; Rowstart: 1221; Rowend: 1629; Rows: 408; Colstart: 0; Colend: 3251; Cols: 3251;
Num-X: 2 ; Num-Y: 16 ; Resolution: 6500 ; Rank: 25 ; Rank-X: 1 ; Rank-Y: 12 ; Rowstart: 4884; Rowend: 5292; Rows: 408; Colstart: 3250; Colend: 6501; Cols: 3251;
Num-X: 2 ; Num-Y: 16 ; Resolution: 6500 ; Rank: 30 ; Rank-X: 0 ; Rank-Y: 15 ; Rowstart: 6105; Rowend: 6501; Rows: 396; Colstart: 0; Colend: 3251; Cols: 3251;
Num-X: 2 ; Num-Y: 16 ; Resolution: 6500 ; Rank: 13 ; Rank-X: 1 ; Rank-Y: 6 ; Rowstart: 2442; Rowend: 2850; Rows: 408; Colstart: 3250; Colend: 6501; Cols: 3251;
Num-X: 2 ; Num-Y: 16 ; Resolution: 6500 ; Rank: 9 ; Rank-X: 1 ; Rank-Y: 4 ; Rowstart: 1628; Rowend: 2036; Rows: 408; Colstart: 3250; Colend: 6501; Cols: 3251;
Num-X: 2 ; Num-Y: 16 ; Resolution: 6500 ; Rank: 11 ; Rank-X: 1 ; Rank-Y: 5 ; Rowstart: 2035; Rowend: 2443; Rows: 408; Colstart: 3250; Colend: 6501; Cols: 3251;
Num-X: 2 ; Num-Y: 16 ; Resolution: 6500 ; Rank: 15 ; Rank-X: 1 ; Rank-Y: 7 ; Rowstart: 2849; Rowend: 3257; Rows: 408; Colstart: 3250; Colend: 6501; Cols: 3251;

Resolution: 6500
===================
Execution time: 0.020204
Residual: 3.049154

megaflops:  292762.8
  flop instructions (M):  5915.000

Num-X: 2 ; Num-Y: 16 ; Resolution: 8500 ; Rank: 4 ; Rank-X: 0 ; Rank-Y: 2 ; Rowstart: 1064; Rowend: 1597; Rows: 533; Colstart: 0; Colend: 4251; Cols: 4251;
Num-X: 2 ; Num-Y: 16 ; Resolution: 8500 ; Rank: 14 ; Rank-X: 0 ; Rank-Y: 7 ; Rowstart: 3724; Rowend: 4257; Rows: 533; Colstart: 0; Colend: 4251; Cols: 4251;
Num-X: 2 ; Num-Y: 16 ; Resolution: 8500 ; Rank: 21 ; Rank-X: 1 ; Rank-Y: 10 ; Rowstart: 5320; Rowend: 5853; Rows: 533; Colstart: 4250; Colend: 8501; Cols: 4251;
Num-X: 2 ; Num-Y: 16 ; Resolution: 8500 ; Rank: 23 ; Rank-X: 1 ; Rank-Y: 11 ; Rowstart: 5852; Rowend: 6385; Rows: 533; Colstart: 4250; Colend: 8501; Cols: 4251;
Num-X: 2 ; Num-Y: 16 ; Resolution: 8500 ; Rank: 9 ; Rank-X: 1 ; Rank-Y: 4 ; Rowstart: 2128; Rowend: 2661; Rows: 533; Colstart: 4250; Colend: 8501; Cols: 4251;
Num-X: 2 ; Num-Y: 16 ; Resolution: 8500 ; Rank: 10 ; Rank-X: 0 ; Rank-Y: 5 ; Rowstart: 2660; Rowend: 3193; Rows: 533; Colstart: 0; Colend: 4251; Cols: 4251;
Num-X: 2 ; Num-Y: 16 ; Resolution: 8500 ; Rank: 5 ; Rank-X: 1 ; Rank-Y: 2 ; Rowstart: 1064; Rowend: 1597; Rows: 533; Colstart: 4250; Colend: 8501; Cols: 4251;
Num-X: 2 ; Num-Y: 16 ; Resolution: 8500 ; Rank: 3 ; Rank-X: 1 ; Rank-Y: 1 ; Rowstart: 532; Rowend: 1065; Rows: 533; Colstart: 4250; Colend: 8501; Cols: 4251;
Num-X: 2 ; Num-Y: 16 ; Resolution: 8500 ; Rank: 26 ; Rank-X: 0 ; Rank-Y: 13 ; Rowstart: 6916; Rowend: 7449; Rows: 533; Colstart: 0; Colend: 4251; Cols: 4251;
Num-X: 2 ; Num-Y: 16 ; Resolution: 8500 ; Rank: 19 ; Rank-X: 1 ; Rank-Y: 9 ; Rowstart: 4788; Rowend: 5321; Rows: 533; Colstart: 4250; Colend: 8501; Cols: 4251;
Num-X: 2 ; Num-Y: 16 ; Resolution: 8500 ; Rank: 18 ; Rank-X: 0 ; Rank-Y: 9 ; Rowstart: 4788; Rowend: 5321; Rows: 533; Colstart: 0; Colend: 4251; Cols: 4251;
Num-X: 2 ; Num-Y: 16 ; Resolution: 8500 ; Rank: 27 ; Rank-X: 1 ; Rank-Y: 13 ; Rowstart: 6916; Rowend: 7449; Rows: 533; Colstart: 4250; Colend: 8501; Cols: 4251;
Num-X: 2 ; Num-Y: 16 ; Resolution: 8500 ; Rank: 20 ; Rank-X: 0 ; Rank-Y: 10 ; Rowstart: 5320; Rowend: 5853; Rows: 533; Colstart: 0; Colend: 4251; Cols: 4251;
Num-X: 2 ; Num-Y: 16 ; Resolution: 8500 ; Rank: 31 ; Rank-X: 1 ; Rank-Y: 15 ; Rowstart: 7980; Rowend: 8501; Rows: 521; Colstart: 4250; Colend: 8501; Cols: 4251;
Num-X: 2 ; Num-Y: 16 ; Resolution: 8500 ; Rank: 22 ; Rank-X: 0 ; Rank-Y: 11 ; Rowstart: 5852; Rowend: 6385; Rows: 533; Colstart: 0; Colend: 4251; Cols: 4251;
Num-X: 2 ; Num-Y: 16 ; Resolution: 8500 ; Rank: 24 ; Rank-X: 0 ; Rank-Y: 12 ; Rowstart: 6384; Rowend: 6917; Rows: 533; Colstart: 0; Colend: 4251; Cols: 4251;
Num-X: 2 ; Num-Y: 16 ; Resolution: 8500 ; Rank: 13 ; Rank-X: 1 ; Rank-Y: 6 ; Rowstart: 3192; Rowend: 3725; Rows: 533; Colstart: 4250; Colend: 8501; Cols: 4251;
Num-X: 2 ; Num-Y: 16 ; Resolution: 8500 ; Rank: 17 ; Rank-X: 1 ; Rank-Y: 8 ; Rowstart: 4256; Rowend: 4789; Rows: 533; Colstart: 4250; Colend: 8501; Cols: 4251;
Num-X: 2 ; Num-Y: 16 ; Resolution: 8500 ; Rank: 15 ; Rank-X: 1 ; Rank-Y: 7 ; Rowstart: 3724; Rowend: 4257; Rows: 533; Colstart: 4250; Colend: 8501; Cols: 4251;
Num-X: 2 ; Num-Y: 16 ; Resolution: 8500 ; Rank: 1 ; Rank-X: 1 ; Rank-Y: 0 ; Rowstart: 0; Rowend: 533; Rows: 533; Colstart: 4250; Colend: 8501; Cols: 4251;
Num-X: 2 ; Num-Y: 16 ; Resolution: 8500 ; Rank: 7 ; Rank-X: 1 ; Rank-Y: 3 ; Rowstart: 1596; Rowend: 2129; Rows: 533; Colstart: 4250; Colend: 8501; Cols: 4251;
Num-X: 2 ; Num-Y: 16 ; Resolution: 8500 ; Rank: 2 ; Rank-X: 0 ; Rank-Y: 1 ; Rowstart: 532; Rowend: 1065; Rows: 533; Colstart: 0; Colend: 4251; Cols: 4251;
Num-X: 2 ; Num-Y: 16 ; Resolution: 8500 ; Rank: 8 ; Rank-X: 0 ; Rank-Y: 4 ; Rowstart: 2128; Rowend: 2661; Rows: 533; Colstart: 0; Colend: 4251; Cols: 4251;
Num-X: 2 ; Num-Y: 16 ; Resolution: 8500 ; Rank: 16 ; Rank-X: 0 ; Rank-Y: 8 ; Rowstart: 4256; Rowend: 4789; Rows: 533; Colstart: 0; Colend: 4251; Cols: 4251;
Num-X: 2 ; Num-Y: 16 ; Resolution: 8500 ; Rank: 6 ; Rank-X: 0 ; Rank-Y: 3 ; Rowstart: 1596; Rowend: 2129; Rows: 533; Colstart: 0; Colend: 4251; Cols: 4251;
Num-X: 2 ; Num-Y: 16 ; Resolution: 8500 ; Rank: 11 ; Rank-X: 1 ; Rank-Y: 5 ; Rowstart: 2660; Rowend: 3193; Rows: 533; Colstart: 4250; Colend: 8501; Cols: 4251;
Num-X: 2 ; Num-Y: 16 ; Resolution: 8500 ; Rank: 12 ; Rank-X: 0 ; Rank-Y: 6 ; Rowstart: 3192; Rowend: 3725; Rows: 533; Colstart: 0; Colend: 4251; Cols: 4251;
Num-X: 2 ; Num-Y: 16 ; Resolution: 8500 ; Rank: 30 ; Rank-X: 0 ; Rank-Y: 15 ; Rowstart: 7980; Rowend: 8501; Rows: 521; Colstart: 0; Colend: 4251; Cols: 4251;
Num-X: 2 ; Num-Y: 16 ; Resolution: 8500 ; Rank: 0 ; Rank-X: 0 ; Rank-Y: 0 ; Rowstart: 0; Rowend: 533; Rows: 533; Colstart: 0; Colend: 4251; Cols: 4251;
Num-X: 2 ; Num-Y: 16 ; Resolution: 8500 ; Rank: 29 ; Rank-X: 1 ; Rank-Y: 14 ; Rowstart: 7448; Rowend: 7981; Rows: 533; Colstart: 4250; Colend: 8501; Cols: 4251;
Num-X: 2 ; Num-Y: 16 ; Resolution: 8500 ; Rank: 25 ; Rank-X: 1 ; Rank-Y: 12 ; Rowstart: 6384; Rowend: 6917; Rows: 533; Colstart: 4250; Colend: 8501; Cols: 4251;
Num-X: 2 ; Num-Y: 16 ; Resolution: 8500 ; Rank: 28 ; Rank-X: 0 ; Rank-Y: 14 ; Rowstart: 7448; Rowend: 7981; Rows: 533; Colstart: 0; Colend: 4251; Cols: 4251;

Resolution: 8500
===================
Execution time: 0.036535
Residual: 3.987213

megaflops:  276857.6
  flop instructions (M):  10115.000

Num-X: 2 ; Num-Y: 16 ; Resolution: 10500 ; Rank: 2 ; Rank-X: 0 ; Rank-Y: 1 ; Rowstart: 657; Rowend: 1315; Rows: 658; Colstart: 0; Colend: 5251; Cols: 5251;
Num-X: 2 ; Num-Y: 16 ; Resolution: 10500 ; Rank: 3 ; Rank-X: 1 ; Rank-Y: 1 ; Rowstart: 657; Rowend: 1315; Rows: 658; Colstart: 5250; Colend: 10501; Cols: 5251;
Num-X: 2 ; Num-Y: 16 ; Resolution: 10500 ; Rank: 6 ; Rank-X: 0 ; Rank-Y: 3 ; Rowstart: 1971; Rowend: 2629; Rows: 658; Colstart: 0; Colend: 5251; Cols: 5251;
Num-X: 2 ; Num-Y: 16 ; Resolution: 10500 ; Rank: 1 ; Rank-X: 1 ; Rank-Y: 0 ; Rowstart: 0; Rowend: 658; Rows: 658; Colstart: 5250; Colend: 10501; Cols: 5251;
Num-X: 2 ; Num-Y: 16 ; Resolution: 10500 ; Rank: 7 ; Rank-X: 1 ; Rank-Y: 3 ; Rowstart: 1971; Rowend: 2629; Rows: 658; Colstart: 5250; Colend: 10501; Cols: 5251;
Num-X: 2 ; Num-Y: 16 ; Resolution: 10500 ; Rank: 24 ; Rank-X: 0 ; Rank-Y: 12 ; Rowstart: 7884; Rowend: 8542; Rows: 658; Colstart: 0; Colend: 5251; Cols: 5251;
Num-X: 2 ; Num-Y: 16 ; Resolution: 10500 ; Rank: 30 ; Rank-X: 0 ; Rank-Y: 15 ; Rowstart: 9855; Rowend: 10501; Rows: 646; Colstart: 0; Colend: 5251; Cols: 5251;
Num-X: 2 ; Num-Y: 16 ; Resolution: 10500 ; Rank: 10 ; Rank-X: 0 ; Rank-Y: 5 ; Rowstart: 3285; Rowend: 3943; Rows: 658; Colstart: 0; Colend: 5251; Cols: 5251;
Num-X: 2 ; Num-Y: 16 ; Resolution: 10500 ; Rank: 31 ; Rank-X: 1 ; Rank-Y: 15 ; Rowstart: 9855; Rowend: 10501; Rows: 646; Colstart: 5250; Colend: 10501; Cols: 5251;
Num-X: 2 ; Num-Y: 16 ; Resolution: 10500 ; Rank: 9 ; Rank-X: 1 ; Rank-Y: 4 ; Rowstart: 2628; Rowend: 3286; Rows: 658; Colstart: 5250; Colend: 10501; Cols: 5251;
Num-X: 2 ; Num-Y: 16 ; Resolution: 10500 ; Rank: 0 ; Rank-X: 0 ; Rank-Y: 0 ; Rowstart: 0; Rowend: 658; Rows: 658; Colstart: 0; Colend: 5251; Cols: 5251;
Num-X: 2 ; Num-Y: 16 ; Resolution: 10500 ; Rank: 14 ; Rank-X: 0 ; Rank-Y: 7 ; Rowstart: 4599; Rowend: 5257; Rows: 658; Colstart: 0; Colend: 5251; Cols: 5251;
Num-X: 2 ; Num-Y: 16 ; Resolution: 10500 ; Rank: 4 ; Rank-X: 0 ; Rank-Y: 2 ; Rowstart: 1314; Rowend: 1972; Rows: 658; Colstart: 0; Colend: 5251; Cols: 5251;
Num-X: 2 ; Num-Y: 16 ; Resolution: 10500 ; Rank: 11 ; Rank-X: 1 ; Rank-Y: 5 ; Rowstart: 3285; Rowend: 3943; Rows: 658; Colstart: 5250; Colend: 10501; Cols: 5251;
Num-X: 2 ; Num-Y: 16 ; Resolution: 10500 ; Rank: 12 ; Rank-X: 0 ; Rank-Y: 6 ; Rowstart: 3942; Rowend: 4600; Rows: 658; Colstart: 0; Colend: 5251; Cols: 5251;
Num-X: 2 ; Num-Y: 16 ; Resolution: 10500 ; Rank: 8 ; Rank-X: 0 ; Rank-Y: 4 ; Rowstart: 2628; Rowend: 3286; Rows: 658; Colstart: 0; Colend: 5251; Cols: 5251;
Num-X: 2 ; Num-Y: 16 ; Resolution: 10500 ; Rank: 28 ; Rank-X: 0 ; Rank-Y: 14 ; Rowstart: 9198; Rowend: 9856; Rows: 658; Colstart: 0; Colend: 5251; Cols: 5251;
Num-X: 2 ; Num-Y: 16 ; Resolution: 10500 ; Rank: 15 ; Rank-X: 1 ; Rank-Y: 7 ; Rowstart: 4599; Rowend: 5257; Rows: 658; Colstart: 5250; Colend: 10501; Cols: 5251;
Num-X: 2 ; Num-Y: 16 ; Resolution: 10500 ; Rank: 13 ; Rank-X: 1 ; Rank-Y: 6 ; Rowstart: 3942; Rowend: 4600; Rows: 658; Colstart: 5250; Colend: 10501; Cols: 5251;
Num-X: 2 ; Num-Y: 16 ; Resolution: 10500 ; Rank: 21 ; Rank-X: 1 ; Rank-Y: 10 ; Rowstart: 6570; Rowend: 7228; Rows: 658; Colstart: 5250; Colend: 10501; Cols: 5251;
Num-X: 2 ; Num-Y: 16 ; Resolution: 10500 ; Rank: 16 ; Rank-X: 0 ; Rank-Y: 8 ; Rowstart: 5256; Rowend: 5914; Rows: 658; Colstart: 0; Colend: 5251; Cols: 5251;
Num-X: 2 ; Num-Y: 16 ; Resolution: 10500 ; Rank: 29 ; Rank-X: 1 ; Rank-Y: 14 ; Rowstart: 9198; Rowend: 9856; Rows: 658; Colstart: 5250; Colend: 10501; Cols: 5251;
Num-X: 2 ; Num-Y: 16 ; Resolution: 10500 ; Rank: 23 ; Rank-X: 1 ; Rank-Y: 11 ; Rowstart: 7227; Rowend: 7885; Rows: 658; Colstart: 5250; Colend: 10501; Cols: 5251;
Num-X: 2 ; Num-Y: 16 ; Resolution: 10500 ; Rank: 25 ; Rank-X: 1 ; Rank-Y: 12 ; Rowstart: 7884; Rowend: 8542; Rows: 658; Colstart: 5250; Colend: 10501; Cols: 5251;
Num-X: 2 ; Num-Y: 16 ; Resolution: 10500 ; Rank: 20 ; Rank-X: 0 ; Rank-Y: 10 ; Rowstart: 6570; Rowend: 7228; Rows: 658; Colstart: 0; Colend: 5251; Cols: 5251;
Num-X: 2 ; Num-Y: 16 ; Resolution: 10500 ; Rank: 18 ; Rank-X: 0 ; Rank-Y: 9 ; Rowstart: 5913; Rowend: 6571; Rows: 658; Colstart: 0; Colend: 5251; Cols: 5251;
Num-X: 2 ; Num-Y: 16 ; Resolution: 10500 ; Rank: 26 ; Rank-X: 0 ; Rank-Y: 13 ; Rowstart: 8541; Rowend: 9199; Rows: 658; Colstart: 0; Colend: 5251; Cols: 5251;
Num-X: 2 ; Num-Y: 16 ; Resolution: 10500 ; Rank: 19 ; Rank-X: 1 ; Rank-Y: 9 ; Rowstart: 5913; Rowend: 6571; Rows: 658; Colstart: 5250; Colend: 10501; Cols: 5251;
Num-X: 2 ; Num-Y: 16 ; Resolution: 10500 ; Rank: 22 ; Rank-X: 0 ; Rank-Y: 11 ; Rowstart: 7227; Rowend: 7885; Rows: 658; Colstart: 0; Colend: 5251; Cols: 5251;
Num-X: 2 ; Num-Y: 16 ; Resolution: 10500 ; Rank: 27 ; Rank-X: 1 ; Rank-Y: 13 ; Rowstart: 8541; Rowend: 9199; Rows: 658; Colstart: 5250; Colend: 10501; Cols: 5251;
Num-X: 2 ; Num-Y: 16 ; Resolution: 10500 ; Rank: 17 ; Rank-X: 1 ; Rank-Y: 8 ; Rowstart: 5256; Rowend: 5914; Rows: 658; Colstart: 5250; Colend: 10501; Cols: 5251;
Num-X: 2 ; Num-Y: 16 ; Resolution: 10500 ; Rank: 5 ; Rank-X: 1 ; Rank-Y: 2 ; Rowstart: 1314; Rowend: 1972; Rows: 658; Colstart: 5250; Colend: 10501; Cols: 5251;

Resolution: 10500
===================
Execution time: 0.059759
Residual: 4.925272

megaflops:  258287.9
  flop instructions (M):  15435.000

Num-X: 2 ; Num-Y: 16 ; Resolution: 12500 ; Rank: 2 ; Rank-X: 0 ; Rank-Y: 1 ; Rowstart: 782; Rowend: 1565; Rows: 783; Colstart: 0; Colend: 6251; Cols: 6251;
Num-X: 2 ; Num-Y: 16 ; Resolution: 12500 ; Rank: 1 ; Rank-X: 1 ; Rank-Y: 0 ; Rowstart: 0; Rowend: 783; Rows: 783; Colstart: 6250; Colend: 12501; Cols: 6251;
Num-X: 2 ; Num-Y: 16 ; Resolution: 12500 ; Rank: 7 ; Rank-X: 1 ; Rank-Y: 3 ; Rowstart: 2346; Rowend: 3129; Rows: 783; Colstart: 6250; Colend: 12501; Cols: 6251;
Num-X: 2 ; Num-Y: 16 ; Resolution: 12500 ; Rank: 29 ; Rank-X: 1 ; Rank-Y: 14 ; Rowstart: 10948; Rowend: 11731; Rows: 783; Colstart: 6250; Colend: 12501; Cols: 6251;
Num-X: 2 ; Num-Y: 16 ; Resolution: 12500 ; Rank: 31 ; Rank-X: 1 ; Rank-Y: 15 ; Rowstart: 11730; Rowend: 12501; Rows: 771; Colstart: 6250; Colend: 12501; Cols: 6251;
Num-X: 2 ; Num-Y: 16 ; Resolution: 12500 ; Rank: 25 ; Rank-X: 1 ; Rank-Y: 12 ; Rowstart: 9384; Rowend: 10167; Rows: 783; Colstart: 6250; Colend: 12501; Cols: 6251;
Num-X: 2 ; Num-Y: 16 ; Resolution: 12500 ; Rank: 30 ; Rank-X: 0 ; Rank-Y: 15 ; Rowstart: 11730; Rowend: 12501; Rows: 771; Colstart: 0; Colend: 6251; Cols: 6251;
Num-X: 2 ; Num-Y: 16 ; Resolution: 12500 ; Rank: 23 ; Rank-X: 1 ; Rank-Y: 11 ; Rowstart: 8602; Rowend: 9385; Rows: 783; Colstart: 6250; Colend: 12501; Cols: 6251;
Num-X: 2 ; Num-Y: 16 ; Resolution: 12500 ; Rank: 13 ; Rank-X: 1 ; Rank-Y: 6 ; Rowstart: 4692; Rowend: 5475; Rows: 783; Colstart: 6250; Colend: 12501; Cols: 6251;
Num-X: 2 ; Num-Y: 16 ; Resolution: 12500 ; Rank: 26 ; Rank-X: 0 ; Rank-Y: 13 ; Rowstart: 10166; Rowend: 10949; Rows: 783; Colstart: 0; Colend: 6251; Cols: 6251;
Num-X: 2 ; Num-Y: 16 ; Resolution: 12500 ; Rank: 22 ; Rank-X: 0 ; Rank-Y: 11 ; Rowstart: 8602; Rowend: 9385; Rows: 783; Colstart: 0; Colend: 6251; Cols: 6251;
Num-X: 2 ; Num-Y: 16 ; Resolution: 12500 ; Rank: 27 ; Rank-X: 1 ; Rank-Y: 13 ; Rowstart: 10166; Rowend: 10949; Rows: 783; Colstart: 6250; Colend: 12501; Cols: 6251;
Num-X: 2 ; Num-Y: 16 ; Resolution: 12500 ; Rank: 8 ; Rank-X: 0 ; Rank-Y: 4 ; Rowstart: 3128; Rowend: 3911; Rows: 783; Colstart: 0; Colend: 6251; Cols: 6251;
Num-X: 2 ; Num-Y: 16 ; Resolution: 12500 ; Rank: 11 ; Rank-X: 1 ; Rank-Y: 5 ; Rowstart: 3910; Rowend: 4693; Rows: 783; Colstart: 6250; Colend: 12501; Cols: 6251;
Num-X: 2 ; Num-Y: 16 ; Resolution: 12500 ; Rank: 24 ; Rank-X: 0 ; Rank-Y: 12 ; Rowstart: 9384; Rowend: 10167; Rows: 783; Colstart: 0; Colend: 6251; Cols: 6251;
Num-X: 2 ; Num-Y: 16 ; Resolution: 12500 ; Rank: 14 ; Rank-X: 0 ; Rank-Y: 7 ; Rowstart: 5474; Rowend: 6257; Rows: 783; Colstart: 0; Colend: 6251; Cols: 6251;
Num-X: 2 ; Num-Y: 16 ; Resolution: 12500 ; Rank: 16 ; Rank-X: 0 ; Rank-Y: 8 ; Rowstart: 6256; Rowend: 7039; Rows: 783; Colstart: 0; Colend: 6251; Cols: 6251;
Num-X: 2 ; Num-Y: 16 ; Resolution: 12500 ; Rank: 20 ; Rank-X: 0 ; Rank-Y: 10 ; Rowstart: 7820; Rowend: 8603; Rows: 783; Colstart: 0; Colend: 6251; Cols: 6251;
Num-X: 2 ; Num-Y: 16 ; Resolution: 12500 ; Rank: 21 ; Rank-X: 1 ; Rank-Y: 10 ; Rowstart: 7820; Rowend: 8603; Rows: 783; Colstart: 6250; Colend: 12501; Cols: 6251;
Num-X: 2 ; Num-Y: 16 ; Resolution: 12500 ; Rank: 10 ; Rank-X: 0 ; Rank-Y: 5 ; Rowstart: 3910; Rowend: 4693; Rows: 783; Colstart: 0; Colend: 6251; Cols: 6251;
Num-X: 2 ; Num-Y: 16 ; Resolution: 12500 ; Rank: 9 ; Rank-X: 1 ; Rank-Y: 4 ; Rowstart: 3128; Rowend: 3911; Rows: 783; Colstart: 6250; Colend: 12501; Cols: 6251;
Num-X: 2 ; Num-Y: 16 ; Resolution: 12500 ; Rank: 28 ; Rank-X: 0 ; Rank-Y: 14 ; Rowstart: 10948; Rowend: 11731; Rows: 783; Colstart: 0; Colend: 6251; Cols: 6251;
Num-X: 2 ; Num-Y: 16 ; Resolution: 12500 ; Rank: 0 ; Rank-X: 0 ; Rank-Y: 0 ; Rowstart: 0; Rowend: 783; Rows: 783; Colstart: 0; Colend: 6251; Cols: 6251;
Num-X: 2 ; Num-Y: 16 ; Resolution: 12500 ; Rank: 3 ; Rank-X: 1 ; Rank-Y: 1 ; Rowstart: 782; Rowend: 1565; Rows: 783; Colstart: 6250; Colend: 12501; Cols: 6251;
Num-X: 2 ; Num-Y: 16 ; Resolution: 12500 ; Rank: 15 ; Rank-X: 1 ; Rank-Y: 7 ; Rowstart: 5474; Rowend: 6257; Rows: 783; Colstart: 6250; Colend: 12501; Cols: 6251;
Num-X: 2 ; Num-Y: 16 ; Resolution: 12500 ; Rank: 18 ; Rank-X: 0 ; Rank-Y: 9 ; Rowstart: 7038; Rowend: 7821; Rows: 783; Colstart: 0; Colend: 6251; Cols: 6251;
Num-X: 2 ; Num-Y: 16 ; Resolution: 12500 ; Rank: 4 ; Rank-X: 0 ; Rank-Y: 2 ; Rowstart: 1564; Rowend: 2347; Rows: 783; Colstart: 0; Colend: 6251; Cols: 6251;
Num-X: 2 ; Num-Y: 16 ; Resolution: 12500 ; Rank: 5 ; Rank-X: 1 ; Rank-Y: 2 ; Rowstart: 1564; Rowend: 2347; Rows: 783; Colstart: 6250; Colend: 12501; Cols: 6251;
Num-X: 2 ; Num-Y: 16 ; Resolution: 12500 ; Rank: 6 ; Rank-X: 0 ; Rank-Y: 3 ; Rowstart: 2346; Rowend: 3129; Rows: 783; Colstart: 0; Colend: 6251; Cols: 6251;
Num-X: 2 ; Num-Y: 16 ; Resolution: 12500 ; Rank: 19 ; Rank-X: 1 ; Rank-Y: 9 ; Rowstart: 7038; Rowend: 7821; Rows: 783; Colstart: 6250; Colend: 12501; Cols: 6251;
Num-X: 2 ; Num-Y: 16 ; Resolution: 12500 ; Rank: 17 ; Rank-X: 1 ; Rank-Y: 8 ; Rowstart: 6256; Rowend: 7039; Rows: 783; Colstart: 6250; Colend: 12501; Cols: 6251;
Num-X: 2 ; Num-Y: 16 ; Resolution: 12500 ; Rank: 12 ; Rank-X: 0 ; Rank-Y: 6 ; Rowstart: 4692; Rowend: 5475; Rows: 783; Colstart: 0; Colend: 6251; Cols: 6251;

Resolution: 12500
===================
Execution time: 0.086780
Residual: 5.863330

megaflops:  252074.0
  flop instructions (M):  21875.000

===================================================================================
=   BAD TERMINATION OF ONE OF YOUR APPLICATION PROCESSES
=   RANK 24 PID 2135687 RUNNING AT i01r01c06s08
=   KILLED BY SIGNAL: 9 (Killed)
===================================================================================

===================================================================================
=   BAD TERMINATION OF ONE OF YOUR APPLICATION PROCESSES
=   RANK 25 PID 2135688 RUNNING AT i01r01c06s08
=   KILLED BY SIGNAL: 9 (Killed)
===================================================================================

===================================================================================
=   BAD TERMINATION OF ONE OF YOUR APPLICATION PROCESSES
=   RANK 26 PID 2135689 RUNNING AT i01r01c06s08
=   KILLED BY SIGNAL: 9 (Killed)
===================================================================================

===================================================================================
=   BAD TERMINATION OF ONE OF YOUR APPLICATION PROCESSES
=   RANK 27 PID 2135690 RUNNING AT i01r01c06s08
=   KILLED BY SIGNAL: 9 (Killed)
===================================================================================

===================================================================================
=   BAD TERMINATION OF ONE OF YOUR APPLICATION PROCESSES
=   RANK 28 PID 2135691 RUNNING AT i01r01c06s08
=   KILLED BY SIGNAL: 9 (Killed)
===================================================================================

===================================================================================
=   BAD TERMINATION OF ONE OF YOUR APPLICATION PROCESSES
=   RANK 29 PID 2135692 RUNNING AT i01r01c06s08
=   KILLED BY SIGNAL: 9 (Killed)
===================================================================================

===================================================================================
=   BAD TERMINATION OF ONE OF YOUR APPLICATION PROCESSES
=   RANK 30 PID 2135693 RUNNING AT i01r01c06s08
=   KILLED BY SIGNAL: 11 (Segmentation fault)
===================================================================================

===================================================================================
=   BAD TERMINATION OF ONE OF YOUR APPLICATION PROCESSES
=   RANK 31 PID 2135694 RUNNING AT i01r01c06s08
=   KILLED BY SIGNAL: 11 (Segmentation fault)
===================================================================================
