mpiexec -genv I_MPI_DEBUG=4 -genv OMP_NUM_THREADS=4 -genv KMP_AFFINITY=verbose,scatter -genv I_MPI_PIN_DOMAIN=omp -n 48 ./heat test.dat 6 8
[0] MPI startup(): Intel(R) MPI Library, Version 2019 Update 8  Build 20200624 (id: 4f16ad915)
[0] MPI startup(): Copyright (C) 2003-2020 Intel Corporation.  All rights reserved.
[0] MPI startup(): library kind: release
[0] MPI startup(): libfabric version: 1.10.1-impi
[0] MPI startup(): libfabric provider: psm2
OMP: Info #154: KMP_AFFINITY: Initial OS proc set respected: 0,1,48,49
OMP: Info #213: KMP_AFFINITY: decoding x2APIC ids.
OMP: Info #154: KMP_AFFINITY: Initial OS proc set respected: 2,3,50,51
OMP: Info #213: KMP_AFFINITY: decoding x2APIC ids.
OMP: Info #154: KMP_AFFINITY: Initial OS proc set respected: 30,31,78,79
OMP: Info #213: KMP_AFFINITY: decoding x2APIC ids.
OMP: Info #154: KMP_AFFINITY: Initial OS proc set respected: 4,5,52,53
OMP: Info #213: KMP_AFFINITY: decoding x2APIC ids.
OMP: Info #276: KMP_AFFINITY: Affinity capable, using global cpuid leaf 11 info
OMP: Info #156: KMP_AFFINITY: 4 available OS procs
OMP: Info #157: KMP_AFFINITY: Uniform topology
OMP: Info #154: KMP_AFFINITY: Initial OS proc set respected: 10,11,58,59
OMP: Info #213: KMP_AFFINITY: decoding x2APIC ids.
OMP: Info #276: KMP_AFFINITY: Affinity capable, using global cpuid leaf 11 info
OMP: Info #156: KMP_AFFINITY: 4 available OS procs
OMP: Info #157: KMP_AFFINITY: Uniform topology
OMP: Info #191: KMP_AFFINITY: 1 socket x 2 cores/socket x 2 threads/core (2 total cores)
OMP: Info #215: KMP_AFFINITY: OS proc to physical thread map:
OMP: Info #171: KMP_AFFINITY: OS proc 0 maps to socket 0 core 0 thread 0 
OMP: Info #276: KMP_AFFINITY: Affinity capable, using global cpuid leaf 11 info
OMP: Info #156: KMP_AFFINITY: 4 available OS procs
OMP: Info #157: KMP_AFFINITY: Uniform topology
OMP: Info #191: KMP_AFFINITY: 1 socket x 2 cores/socket x 2 threads/core (2 total cores)
OMP: Info #191: KMP_AFFINITY: 1 socket x 2 cores/socket x 2 threads/core (2 total cores)
OMP: Info #215: KMP_AFFINITY: OS proc to physical thread map:
OMP: Info #171: KMP_AFFINITY: OS proc 30 maps to socket 1 core 8 thread 0 
OMP: Info #171: KMP_AFFINITY: OS proc 78 maps to socket 1 core 8 thread 1 
OMP: Info #171: KMP_AFFINITY: OS proc 31 maps to socket 1 core 9 thread 0 
OMP: Info #171: KMP_AFFINITY: OS proc 79 maps to socket 1 core 9 thread 1 
OMP: Info #215: KMP_AFFINITY: OS proc to physical thread map:
OMP: Info #171: KMP_AFFINITY: OS proc 4 maps to socket 0 core 4 thread 0 
OMP: Info #171: KMP_AFFINITY: OS proc 52 maps to socket 0 core 4 thread 1 
OMP: Info #171: KMP_AFFINITY: OS proc 5 maps to socket 0 core 5 thread 0 
OMP: Info #171: KMP_AFFINITY: OS proc 53 maps to socket 0 core 5 thread 1 
OMP: Info #171: KMP_AFFINITY: OS proc 48 maps to socket 0 core 0 thread 1 
OMP: Info #171: KMP_AFFINITY: OS proc 1 maps to socket 0 core 1 thread 0 
OMP: Info #171: KMP_AFFINITY: OS proc 49 maps to socket 0 core 1 thread 1 
OMP: Info #144: KMP_AFFINITY: Threads may migrate across 1 innermost levels of machine
OMP: Info #144: KMP_AFFINITY: Threads may migrate across 1 innermost levels of machine
OMP: Info #144: KMP_AFFINITY: Threads may migrate across 1 innermost levels of machine
OMP: Info #251: KMP_AFFINITY: pid 825107 tid 825107 thread 0 bound to OS proc set 30,78
OMP: Info #276: KMP_AFFINITY: Affinity capable, using global cpuid leaf 11 info
OMP: Info #156: KMP_AFFINITY: 4 available OS procs
OMP: Info #157: KMP_AFFINITY: Uniform topology
OMP: Info #191: KMP_AFFINITY: 1 socket x 2 cores/socket x 2 threads/core (2 total cores)
OMP: Info #215: KMP_AFFINITY: OS proc to physical thread map:
OMP: Info #251: KMP_AFFINITY: pid 825098 tid 825098 thread 0 bound to OS proc set 0,48
OMP: Info #251: KMP_AFFINITY: pid 3004236 tid 3004236 thread 0 bound to OS proc set 4,52

Executing each MPI process in 4 OMP threads.
OMP: Info #171: KMP_AFFINITY: OS proc 10 maps to socket 0 core 12 thread 0 
OMP: Info #171: KMP_AFFINITY: OS proc 58 maps to socket 0 core 12 thread 1 
OMP: Info #171: KMP_AFFINITY: OS proc 11 maps to socket 0 core 13 thread 0 
OMP: Info #171: KMP_AFFINITY: OS proc 59 maps to socket 0 core 13 thread 1 

Executing each MPI process in 4 OMP threads.

Executing each MPI process in 4 OMP threads.
OMP: Info #144: KMP_AFFINITY: Threads may migrate across 1 innermost levels of machine
OMP: Info #276: KMP_AFFINITY: Affinity capable, using global cpuid leaf 11 info
OMP: Info #156: KMP_AFFINITY: 4 available OS procs
OMP: Info #157: KMP_AFFINITY: Uniform topology
OMP: Info #191: KMP_AFFINITY: 1 socket x 2 cores/socket x 2 threads/core (2 total cores)
OMP: Info #215: KMP_AFFINITY: OS proc to physical thread map:
OMP: Info #171: KMP_AFFINITY: OS proc 2 maps to socket 0 core 2 thread 0 
OMP: Info #171: KMP_AFFINITY: OS proc 50 maps to socket 0 core 2 thread 1 
OMP: Info #171: KMP_AFFINITY: OS proc 3 maps to socket 0 core 3 thread 0 
OMP: Info #171: KMP_AFFINITY: OS proc 51 maps to socket 0 core 3 thread 1 
OMP: Info #251: KMP_AFFINITY: pid 3004239 tid 3004239 thread 0 bound to OS proc set 10,58
OMP: Info #144: KMP_AFFINITY: Threads may migrate across 1 innermost levels of machine

Executing each MPI process in 4 OMP threads.
OMP: Info #251: KMP_AFFINITY: pid 3004235 tid 3004235 thread 0 bound to OS proc set 2,50

Executing each MPI process in 4 OMP threads.
[0] MPI startup(): Rank    Pid      Node name     Pin cpu
[0] MPI startup(): 0       3004234  i01r01c06s06  {0,1,48,49}
[0] MPI startup(): 1       3004235  i01r01c06s06  {2,3,50,51}
[0] MPI startup(): 2       3004236  i01r01c06s06  {4,5,52,53}
[0] MPI startup(): 3       3004237  i01r01c06s06  {6,7,54,55}
[0] MPI startup(): 4       3004238  i01r01c06s06  {8,9,56,57}
[0] MPI startup(): 5       3004239  i01r01c06s06  {10,11,58,59}
[0] MPI startup(): 6       3004240  i01r01c06s06  {24,25,72,73}
[0] MPI startup(): 7       3004241  i01r01c06s06  {26,27,74,75}
[0] MPI startup(): 8       3004242  i01r01c06s06  {28,29,76,77}
[0] MPI startup(): 9       3004243  i01r01c06s06  {30,31,78,79}
[0] MPI startup(): 10      3004244  i01r01c06s06  {32,33,80,81}
[0] MPI startup(): 11      3004245  i01r01c06s06  {34,35,82,83}
[0] MPI startup(): 12      825098   i01r01c06s07  {0,1,48,49}
[0] MPI startup(): 13      825099   i01r01c06s07  {2,3,50,51}
[0] MPI startup(): 14      825100   i01r01c06s07  {4,5,52,53}
[0] MPI startup(): 15      825101   i01r01c06s07  {6,7,54,55}
[0] MPI startup(): 16      825102   i01r01c06s07  {8,9,56,57}
[0] MPI startup(): 17      825103   i01r01c06s07  {10,11,58,59}
[0] MPI startup(): 18      825104   i01r01c06s07  {24,25,72,73}
[0] MPI startup(): 19      825105   i01r01c06s07  {26,27,74,75}
[0] MPI startup(): 20      825106   i01r01c06s07  {28,29,76,77}
[0] MPI startup(): 21      825107   i01r01c06s07  {30,31,78,79}
[0] MPI startup(): 22      825108   i01r01c06s07  {32,33,80,81}
[0] MPI startup(): 23      825109   i01r01c06s07  {34,35,82,83}
[0] MPI startup(): 24      2138421  i01r01c06s08  {0,1,48,49}
[0] MPI startup(): 25      2138422  i01r01c06s08  {2,3,50,51}
[0] MPI startup(): 26      2138423  i01r01c06s08  {4,5,52,53}
[0] MPI startup(): 27      2138424  i01r01c06s08  {6,7,54,55}
[0] MPI startup(): 28      2138425  i01r01c06s08  {8,9,56,57}
[0] MPI startup(): 29      2138426  i01r01c06s08  {10,11,58,59}
[0] MPI startup(): 30      2138427  i01r01c06s08  {24,25,72,73}
[0] MPI startup(): 31      2138428  i01r01c06s08  {26,27,74,75}
[0] MPI startup(): 32      2138429  i01r01c06s08  {28,29,76,77}
[0] MPI startup(): 33      2138430  i01r01c06s08  {30,31,78,79}
[0] MPI startup(): 34      2138431  i01r01c06s08  {32,33,80,81}
[0] MPI startup(): 35      2138432  i01r01c06s08  {34,35,82,83}
[0] MPI startup(): 36      2439305  i01r01c06s09  {0,1,48,49}
[0] MPI startup(): 37      2439306  i01r01c06s09  {2,3,50,51}
[0] MPI startup(): 38      2439307  i01r01c06s09  {4,5,52,53}
[0] MPI startup(): 39      2439308  i01r01c06s09  {6,7,54,55}
[0] MPI startup(): 40      2439309  i01r01c06s09  {8,9,56,57}
[0] MPI startup(): 41      2439310  i01r01c06s09  {10,11,58,59}
[0] MPI startup(): 42      2439311  i01r01c06s09  {24,25,72,73}
[0] MPI startup(): 43      2439312  i01r01c06s09  {26,27,74,75}
[0] MPI startup(): 44      2439313  i01r01c06s09  {28,29,76,77}
[0] MPI startup(): 45      2439314  i01r01c06s09  {30,31,78,79}
[0] MPI startup(): 46      2439315  i01r01c06s09  {32,33,80,81}
[0] MPI startup(): 47      2439316  i01r01c06s09  {34,35,82,83}
OMP: Info #154: KMP_AFFINITY: Initial OS proc set respected: 8,9,56,57
OMP: Info #213: KMP_AFFINITY: decoding x2APIC ids.
OMP: Info #154: KMP_AFFINITY: Initial OS proc set respected: 10,11,58,59
OMP: Info #213: KMP_AFFINITY: decoding x2APIC ids.
OMP: Info #154: KMP_AFFINITY: Initial OS proc set respected: 32,33,80,81
OMP: Info #213: KMP_AFFINITY: decoding x2APIC ids.
OMP: Info #154: KMP_AFFINITY: Initial OS proc set respected: 30,31,78,79
OMP: Info #213: KMP_AFFINITY: decoding x2APIC ids.
OMP: Info #276: KMP_AFFINITY: Affinity capable, using global cpuid leaf 11 info
OMP: Info #156: KMP_AFFINITY: 4 available OS procs
OMP: Info #157: KMP_AFFINITY: Uniform topology
OMP: Info #191: KMP_AFFINITY: 1 socket x 2 cores/socket x 2 threads/core (2 total cores)
OMP: Info #215: KMP_AFFINITY: OS proc to physical thread map:
OMP: Info #171: KMP_AFFINITY: OS proc 8 maps to socket 0 core 10 thread 0 
OMP: Info #171: KMP_AFFINITY: OS proc 56 maps to socket 0 core 10 thread 1 
OMP: Info #171: KMP_AFFINITY: OS proc 9 maps to socket 0 core 11 thread 0 
OMP: Info #171: KMP_AFFINITY: OS proc 57 maps to socket 0 core 11 thread 1 
OMP: Info #276: KMP_AFFINITY: Affinity capable, using global cpuid leaf 11 info
OMP: Info #156: KMP_AFFINITY: 4 available OS procs
OMP: Info #157: KMP_AFFINITY: Uniform topology
OMP: Info #191: KMP_AFFINITY: 1 socket x 2 cores/socket x 2 threads/core (2 total cores)
OMP: Info #215: KMP_AFFINITY: OS proc to physical thread map:
OMP: Info #171: KMP_AFFINITY: OS proc 10 maps to socket 0 core 12 thread 0 
OMP: Info #171: KMP_AFFINITY: OS proc 58 maps to socket 0 core 12 thread 1 
OMP: Info #171: KMP_AFFINITY: OS proc 11 maps to socket 0 core 13 thread 0 
OMP: Info #171: KMP_AFFINITY: OS proc 59 maps to socket 0 core 13 thread 1 
OMP: Info #144: KMP_AFFINITY: Threads may migrate across 1 innermost levels of machine
OMP: Info #251: KMP_AFFINITY: pid 2439310 tid 2439310 thread 0 bound to OS proc set 10,58

6 processes distributed in X-direction
 8 ; processes distributed in Y-direction
OMP: Info #276: KMP_AFFINITY: Affinity capable, using global cpuid leaf 11 info
OMP: Info #156: KMP_AFFINITY: 4 available OS procs
OMP: Info #157: KMP_AFFINITY: Uniform topology
OMP: Info #191: KMP_AFFINITY: 1 socket x 2 cores/socket x 2 threads/core (2 total cores)
OMP: Info #215: KMP_AFFINITY: OS proc to physical thread map:
OMP: Info #171: KMP_AFFINITY: OS proc 30 maps to socket 1 core 8 thread 0 
OMP: Info #171: KMP_AFFINITY: OS proc 78 maps to socket 1 core 8 thread 1 
OMP: Info #171: KMP_AFFINITY: OS proc 31 maps to socket 1 core 9 thread 0 
OMP: Info #171: KMP_AFFINITY: OS proc 79 maps to socket 1 core 9 thread 1 
OMP: Info #144: KMP_AFFINITY: Threads may migrate across 1 innermost levels of machine
OMP: Info #251: KMP_AFFINITY: pid 2439314 tid 2439314 thread 0 bound to OS proc set 30,78
OMP: Info #154: KMP_AFFINITY: Initial OS proc set respected: 8,9,56,57
OMP: Info #213: KMP_AFFINITY: decoding x2APIC ids.
OMP: Info #276: KMP_AFFINITY: Affinity capable, using global cpuid leaf 11 info
OMP: Info #156: KMP_AFFINITY: 4 available OS procs
OMP: Info #157: KMP_AFFINITY: Uniform topology
OMP: Info #191: KMP_AFFINITY: 1 socket x 2 cores/socket x 2 threads/core (2 total cores)
OMP: Info #215: KMP_AFFINITY: OS proc to physical thread map:
OMP: Info #171: KMP_AFFINITY: OS proc 32 maps to socket 1 core 10 thread 0 
OMP: Info #171: KMP_AFFINITY: OS proc 80 maps to socket 1 core 10 thread 1 
OMP: Info #171: KMP_AFFINITY: OS proc 33 maps to socket 1 core 11 thread 0 
OMP: Info #171: KMP_AFFINITY: OS proc 81 maps to socket 1 core 11 thread 1 
OMP: Info #144: KMP_AFFINITY: Threads may migrate across 1 innermost levels of machine
OMP: Info #251: KMP_AFFINITY: pid 2439315 tid 2439315 thread 0 bound to OS proc set 32,80
OMP: Info #154: KMP_AFFINITY: Initial OS proc set respected: 26,27,74,75
OMP: Info #213: KMP_AFFINITY: decoding x2APIC ids.

Executing each MPI process in 4 OMP threads.
OMP: Info #144: KMP_AFFINITY: Threads may migrate across 1 innermost levels of machine
OMP: Info #251: KMP_AFFINITY: pid 2439309 tid 2439309 thread 0 bound to OS proc set 8,56

Executing each MPI process in 4 OMP threads.
OMP: Info #276: KMP_AFFINITY: Affinity capable, using global cpuid leaf 11 info
OMP: Info #156: KMP_AFFINITY: 4 available OS procs
OMP: Info #157: KMP_AFFINITY: Uniform topology

Executing each MPI process in 4 OMP threads.
OMP: Info #276: KMP_AFFINITY: Affinity capable, using global cpuid leaf 11 info
OMP: Info #156: KMP_AFFINITY: 4 available OS procs
OMP: Info #157: KMP_AFFINITY: Uniform topology

Executing each MPI process in 4 OMP threads.
OMP: Info #191: KMP_AFFINITY: 1 socket x 2 cores/socket x 2 threads/core (2 total cores)
OMP: Info #215: KMP_AFFINITY: OS proc to physical thread map:
OMP: Info #171: KMP_AFFINITY: OS proc 8 maps to socket 0 core 10 thread 0 
OMP: Info #171: KMP_AFFINITY: OS proc 56 maps to socket 0 core 10 thread 1 
OMP: Info #171: KMP_AFFINITY: OS proc 9 maps to socket 0 core 11 thread 0 
OMP: Info #171: KMP_AFFINITY: OS proc 57 maps to socket 0 core 11 thread 1 
OMP: Info #191: KMP_AFFINITY: 1 socket x 2 cores/socket x 2 threads/core (2 total cores)
OMP: Info #215: KMP_AFFINITY: OS proc to physical thread map:
OMP: Info #171: KMP_AFFINITY: OS proc 26 maps to socket 1 core 2 thread 0 
OMP: Info #171: KMP_AFFINITY: OS proc 74 maps to socket 1 core 2 thread 1 
OMP: Info #171: KMP_AFFINITY: OS proc 27 maps to socket 1 core 3 thread 0 
OMP: Info #171: KMP_AFFINITY: OS proc 75 maps to socket 1 core 3 thread 1 
OMP: Info #144: KMP_AFFINITY: Threads may migrate across 1 innermost levels of machine
OMP: Info #144: KMP_AFFINITY: Threads may migrate across 1 innermost levels of machine
OMP: Info #251: KMP_AFFINITY: pid 825102 tid 825102 thread 0 bound to OS proc set 8,56
OMP: Info #251: KMP_AFFINITY: pid 2138428 tid 2138428 thread 0 bound to OS proc set 26,74

Executing each MPI process in 4 OMP threads.

Executing each MPI process in 4 OMP threads.
Resolutions       : (6500, 8500, ... 12500)
Iterations        : 20
Num. Heat sources : 2
   1: (0.00, 0.00) 1.00 1.00 
   2: (1.00, 1.00) 1.00 0.50 
rank= 0 coords= 0 0 neighbours(up,down,left,right)= -1 8 -1 1
rank= 36 coords= 4 4 neighbours(up,down,left,right)= 28 44 35 37
rank= 12 coords= 1 4 neighbours(up,down,left,right)= 4 20 11 13
rank= 24 coords= 3 0 neighbours(up,down,left,right)= 16 32 -1 25
rank= 1 coords= 0 1 neighbours(up,down,left,right)= -1 9 0 2
rank= 40 coords= 5 0 neighbours(up,down,left,right)= 32 -1 -1 41
rank= 13 coords= 1 5 neighbours(up,down,left,right)= 5 21 12 14
rank= 26 coords= 3 2 neighbours(up,down,left,right)= 18 34 25 27
rank= 2 coords= 0 2 neighbours(up,down,left,right)= -1 10 1 3
rank= 44 coords= 5 4 neighbours(up,down,left,right)= 36 -1 43 45
rank= 14 coords= 1 6 neighbours(up,down,left,right)= 6 22 13 15
rank= 28 coords= 3 4 neighbours(up,down,left,right)= 20 36 27 29
rank= 3 coords= 0 3 neighbours(up,down,left,right)= -1 11 2 4
rank= 45 coords= 5 5 neighbours(up,down,left,right)= 37 -1 44 46
rank= 15 coords= 1 7 neighbours(up,down,left,right)= 7 23 14 -1
rank= 32 coords= 4 0 neighbours(up,down,left,right)= 24 40 -1 33
rank= 4 coords= 0 4 neighbours(up,down,left,right)= -1 12 3 5
rank= 46 coords= 5 6 neighbours(up,down,left,right)= 38 -1 45 47
rank= 16 coords= 2 0 neighbours(up,down,left,right)= 8 24 -1 17
rank= 34 coords= 4 2 neighbours(up,down,left,right)= 26 42 33 35
rank= 5 coords= 0 5 neighbours(up,down,left,right)= -1 13 4 6
rank= 47 coords= 5 7 neighbours(up,down,left,right)= 39 -1 46 -1
rank= 17 coords= 2 1 neighbours(up,down,left,right)= 9 25 16 18
rank= 25 coords= 3 1 neighbours(up,down,left,right)= 17 33 24 26
rank= 6 coords= 0 6 neighbours(up,down,left,right)= -1 14 5 7
rank= 18 coords= 2 2 neighbours(up,down,left,right)= 10 26 17 19
rank= 27 coords= 3 3 neighbours(up,down,left,right)= 19 35 26 28
rank= 7 coords= 0 7 neighbours(up,down,left,right)= -1 15 6 -1
rank= 37 coords= 4 5 neighbours(up,down,left,right)= 29 45 36 38
rank= 19 coords= 2 3 neighbours(up,down,left,right)= 11 27 18 20
rank= 29 coords= 3 5 neighbours(up,down,left,right)= 21 37 28 30
rank= 8 coords= 1 0 neighbours(up,down,left,right)= 0 16 -1 9
rank= 38 coords= 4 6 neighbours(up,down,left,right)= 30 46 37 39
rank= 20 coords= 2 4 neighbours(up,down,left,right)= 12 28 19 21
rank= 30 coords= 3 6 neighbours(up,down,left,right)= 22 38 29 31
rank= 9 coords= 1 1 neighbours(up,down,left,right)= 1 17 8 10
rank= 39 coords= 4 7 neighbours(up,down,left,right)= 31 47 38 -1
rank= 21 coords= 2 5 neighbours(up,down,left,right)= 13 29 20 22
rank= 31 coords= 3 7 neighbours(up,down,left,right)= 23 39 30 -1
rank= 10 coords= 1 2 neighbours(up,down,left,right)= 2 18 9 11
rank= 41 coords= 5 1 neighbours(up,down,left,right)= 33 -1 40 42
rank= 22 coords= 2 6 neighbours(up,down,left,right)= 14 30 21 23
rank= 33 coords= 4 1 neighbours(up,down,left,right)= 25 41 32 34
rank= 11 coords= 1 3 neighbours(up,down,left,right)= 3 19 10 12
rank= 42 coords= 5 2 neighbours(up,down,left,right)= 34 -1 41 43
rank= 23 coords= 2 7 neighbours(up,down,left,right)= 15 31 22 -1
rank= 35 coords= 4 3 neighbours(up,down,left,right)= 27 43 34 36
OMP: Info #251: KMP_AFFINITY: pid 3004239 tid 3004310 thread 2 bound to OS proc set 10,58
rank= 43 coords= 5 3 neighbours(up,down,left,right)= 35 -1 42 44
OMP: Info #251: KMP_AFFINITY: pid 825102 tid 825173 thread 2 bound to OS proc set 8,56
OMP: Info #251: KMP_AFFINITY: pid 2138428 tid 2138493 thread 1 bound to OS proc set 27,75
OMP: Info #251: KMP_AFFINITY: pid 3004235 tid 3004311 thread 2 bound to OS proc set 2,50
OMP: Info #251: KMP_AFFINITY: pid 2439309 tid 2439377 thread 1 bound to OS proc set 9,57
OMP: Info #251: KMP_AFFINITY: pid 825098 tid 825174 thread 2 bound to OS proc set 0,48
OMP: Info #251: KMP_AFFINITY: pid 825098 tid 825172 thread 1 bound to OS proc set 1,49
OMP: Info #251: KMP_AFFINITY: pid 3004236 tid 3004306 thread 1 bound to OS proc set 5,53
OMP: Info #251: KMP_AFFINITY: pid 2439315 tid 2439379 thread 1 bound to OS proc set 33,81
OMP: Info #251: KMP_AFFINITY: pid 825102 tid 825170 thread 1 bound to OS proc set 9,57
OMP: Info #251: KMP_AFFINITY: pid 3004239 tid 3004307 thread 1 bound to OS proc set 11,59
OMP: Info #251: KMP_AFFINITY: pid 2439310 tid 2439380 thread 1 bound to OS proc set 11,59
OMP: Info #251: KMP_AFFINITY: pid 825107 tid 825171 thread 1 bound to OS proc set 31,79
OMP: Info #251: KMP_AFFINITY: pid 825107 tid 825175 thread 2 bound to OS proc set 30,78
OMP: Info #251: KMP_AFFINITY: pid 3004236 tid 3004309 thread 2 bound to OS proc set 4,52
OMP: Info #251: KMP_AFFINITY: pid 2439314 tid 2439378 thread 1 bound to OS proc set 31,79
OMP: Info #251: KMP_AFFINITY: pid 825098 tid 825178 thread 3 bound to OS proc set 1,49
OMP: Info #251: KMP_AFFINITY: pid 3004235 tid 3004308 thread 1 bound to OS proc set 3,51
OMP: Info #251: KMP_AFFINITY: pid 2439309 tid 2439381 thread 2 bound to OS proc set 8,56
OMP: Info #251: KMP_AFFINITY: pid 825102 tid 825176 thread 3 bound to OS proc set 9,57
OMP: Info #251: KMP_AFFINITY: pid 2138428 tid 2138494 thread 2 bound to OS proc set 26,74
OMP: Info #251: KMP_AFFINITY: pid 3004239 tid 3004312 thread 3 bound to OS proc set 11,59
OMP: Info #251: KMP_AFFINITY: pid 2439314 tid 2439383 thread 2 bound to OS proc set 30,78
OMP: Info #251: KMP_AFFINITY: pid 825107 tid 825177 thread 3 bound to OS proc set 31,79
OMP: Info #251: KMP_AFFINITY: pid 2138428 tid 2138495 thread 3 bound to OS proc set 27,75
OMP: Info #251: KMP_AFFINITY: pid 3004236 tid 3004313 thread 3 bound to OS proc set 5,53
OMP: Info #251: KMP_AFFINITY: pid 2439315 tid 2439382 thread 2 bound to OS proc set 32,80
OMP: Info #251: KMP_AFFINITY: pid 3004235 tid 3004314 thread 3 bound to OS proc set 3,51
OMP: Info #251: KMP_AFFINITY: pid 2439310 tid 2439384 thread 2 bound to OS proc set 10,58
OMP: Info #251: KMP_AFFINITY: pid 2439309 tid 2439385 thread 3 bound to OS proc set 9,57
OMP: Info #251: KMP_AFFINITY: pid 2439310 tid 2439387 thread 3 bound to OS proc set 11,59
OMP: Info #251: KMP_AFFINITY: pid 2439314 tid 2439388 thread 3 bound to OS proc set 31,79
OMP: Info #251: KMP_AFFINITY: pid 2439315 tid 2439386 thread 3 bound to OS proc set 33,81
OMP: Info #154: KMP_AFFINITY: Initial OS proc set respected: 0,1,48,49
OMP: Info #213: KMP_AFFINITY: decoding x2APIC ids.
OMP: Info #154: KMP_AFFINITY: Initial OS proc set respected: 26,27,74,75
OMP: Info #213: KMP_AFFINITY: decoding x2APIC ids.
OMP: Info #154: KMP_AFFINITY: Initial OS proc set respected: 4,5,52,53
OMP: Info #213: KMP_AFFINITY: decoding x2APIC ids.
OMP: Info #154: KMP_AFFINITY: Initial OS proc set respected: 34,35,82,83
OMP: Info #213: KMP_AFFINITY: decoding x2APIC ids.
OMP: Info #154: KMP_AFFINITY: Initial OS proc set respected: 0,1,48,49
OMP: Info #213: KMP_AFFINITY: decoding x2APIC ids.
OMP: Info #154: KMP_AFFINITY: Initial OS proc set respected: 4,5,52,53
OMP: Info #213: KMP_AFFINITY: decoding x2APIC ids.
OMP: Info #154: KMP_AFFINITY: Initial OS proc set respected: 8,9,56,57
OMP: Info #213: KMP_AFFINITY: decoding x2APIC ids.
OMP: Info #276: KMP_AFFINITY: Affinity capable, using global cpuid leaf 11 info
OMP: Info #156: KMP_AFFINITY: 4 available OS procs
OMP: Info #157: KMP_AFFINITY: Uniform topology
OMP: Info #154: KMP_AFFINITY: Initial OS proc set respected: 2,3,50,51
OMP: Info #213: KMP_AFFINITY: decoding x2APIC ids.
OMP: Info #154: KMP_AFFINITY: Initial OS proc set respected: 2,3,50,51
OMP: Info #213: KMP_AFFINITY: decoding x2APIC ids.
OMP: Info #154: KMP_AFFINITY: Initial OS proc set respected: 28,29,76,77
OMP: Info #213: KMP_AFFINITY: decoding x2APIC ids.
OMP: Info #154: KMP_AFFINITY: Initial OS proc set respected: 32,33,80,81
OMP: Info #213: KMP_AFFINITY: decoding x2APIC ids.
OMP: Info #154: KMP_AFFINITY: Initial OS proc set respected: 32,33,80,81
OMP: Info #213: KMP_AFFINITY: decoding x2APIC ids.
OMP: Info #191: KMP_AFFINITY: 1 socket x 2 cores/socket x 2 threads/core (2 total cores)
OMP: Info #215: KMP_AFFINITY: OS proc to physical thread map:
OMP: Info #171: KMP_AFFINITY: OS proc 0 maps to socket 0 core 0 thread 0 
OMP: Info #171: KMP_AFFINITY: OS proc 48 maps to socket 0 core 0 thread 1 
OMP: Info #171: KMP_AFFINITY: OS proc 1 maps to socket 0 core 1 thread 0 
OMP: Info #171: KMP_AFFINITY: OS proc 49 maps to socket 0 core 1 thread 1 
OMP: Info #144: KMP_AFFINITY: Threads may migrate across 1 innermost levels of machine
OMP: Info #154: KMP_AFFINITY: Initial OS proc set respected: 34,35,82,83
OMP: Info #213: KMP_AFFINITY: decoding x2APIC ids.
OMP: Info #154: KMP_AFFINITY: Initial OS proc set respected: 30,31,78,79
OMP: Info #213: KMP_AFFINITY: decoding x2APIC ids.
OMP: Info #154: KMP_AFFINITY: Initial OS proc set respected: 4,5,52,53
OMP: Info #213: KMP_AFFINITY: decoding x2APIC ids.
OMP: Info #276: KMP_AFFINITY: Affinity capable, using global cpuid leaf 11 info
OMP: Info #156: KMP_AFFINITY: 4 available OS procs
OMP: Info #157: KMP_AFFINITY: Uniform topology
OMP: Info #191: KMP_AFFINITY: 1 socket x 2 cores/socket x 2 threads/core (2 total cores)
OMP: Info #215: KMP_AFFINITY: OS proc to physical thread map:
OMP: Info #171: KMP_AFFINITY: OS proc 4 maps to socket 0 core 4 thread 0 
OMP: Info #171: KMP_AFFINITY: OS proc 52 maps to socket 0 core 4 thread 1 
OMP: Info #171: KMP_AFFINITY: OS proc 5 maps to socket 0 core 5 thread 0 
OMP: Info #171: KMP_AFFINITY: OS proc 53 maps to socket 0 core 5 thread 1 
OMP: Info #144: KMP_AFFINITY: Threads may migrate across 1 innermost levels of machine
OMP: Info #276: KMP_AFFINITY: Affinity capable, using global cpuid leaf 11 info
OMP: Info #156: KMP_AFFINITY: 4 available OS procs
OMP: Info #157: KMP_AFFINITY: Uniform topology
OMP: Info #191: KMP_AFFINITY: 1 socket x 2 cores/socket x 2 threads/core (2 total cores)
OMP: Info #215: KMP_AFFINITY: OS proc to physical thread map:
OMP: Info #171: KMP_AFFINITY: OS proc 4 maps to socket 0 core 4 thread 0 
OMP: Info #154: KMP_AFFINITY: Initial OS proc set respected: 6,7,54,55
OMP: Info #213: KMP_AFFINITY: decoding x2APIC ids.
OMP: Info #154: KMP_AFFINITY: Initial OS proc set respected: 6,7,54,55
OMP: Info #213: KMP_AFFINITY: decoding x2APIC ids.
OMP: Info #154: KMP_AFFINITY: Initial OS proc set respected: 24,25,72,73
OMP: Info #213: KMP_AFFINITY: decoding x2APIC ids.
OMP: Info #154: KMP_AFFINITY: Initial OS proc set respected: 0,1,48,49
OMP: Info #213: KMP_AFFINITY: decoding x2APIC ids.
OMP: Info #276: KMP_AFFINITY: Affinity capable, using global cpuid leaf 11 info
OMP: Info #156: KMP_AFFINITY: 4 available OS procs
OMP: Info #157: KMP_AFFINITY: Uniform topology
OMP: Info #191: KMP_AFFINITY: 1 socket x 2 cores/socket x 2 threads/core (2 total cores)
OMP: Info #215: KMP_AFFINITY: OS proc to physical thread map:
OMP: Info #171: KMP_AFFINITY: OS proc 26 maps to socket 1 core 2 thread 0 
OMP: Info #171: KMP_AFFINITY: OS proc 74 maps to socket 1 core 2 thread 1 
OMP: Info #171: KMP_AFFINITY: OS proc 27 maps to socket 1 core 3 thread 0 
OMP: Info #171: KMP_AFFINITY: OS proc 75 maps to socket 1 core 3 thread 1 
OMP: Info #144: KMP_AFFINITY: Threads may migrate across 1 innermost levels of machine
OMP: Info #251: KMP_AFFINITY: pid 2439312 tid 2439312 thread 0 bound to OS proc set 26,74
OMP: Info #154: KMP_AFFINITY: Initial OS proc set respected: 10,11,58,59
OMP: Info #213: KMP_AFFINITY: decoding x2APIC ids.
OMP: Info #154: KMP_AFFINITY: Initial OS proc set respected: 34,35,82,83
OMP: Info #213: KMP_AFFINITY: decoding x2APIC ids.
OMP: Info #154: KMP_AFFINITY: Initial OS proc set respected: 8,9,56,57
OMP: Info #213: KMP_AFFINITY: decoding x2APIC ids.
OMP: Info #251: KMP_AFFINITY: pid 2439305 tid 2439305 thread 0 bound to OS proc set 0,48
OMP: Info #154: KMP_AFFINITY: Initial OS proc set respected: 24,25,72,73
OMP: Info #213: KMP_AFFINITY: decoding x2APIC ids.
OMP: Info #276: KMP_AFFINITY: Affinity capable, using global cpuid leaf 11 info
OMP: Info #156: KMP_AFFINITY: 4 available OS procs
OMP: Info #157: KMP_AFFINITY: Uniform topology
OMP: Info #191: KMP_AFFINITY: 1 socket x 2 cores/socket x 2 threads/core (2 total cores)
OMP: Info #215: KMP_AFFINITY: OS proc to physical thread map:
OMP: Info #171: KMP_AFFINITY: OS proc 0 maps to socket 0 core 0 thread 0 
OMP: Info #171: KMP_AFFINITY: OS proc 48 maps to socket 0 core 0 thread 1 
OMP: Info #171: KMP_AFFINITY: OS proc 1 maps to socket 0 core 1 thread 0 
OMP: Info #154: KMP_AFFINITY: Initial OS proc set respected: 26,27,74,75
OMP: Info #213: KMP_AFFINITY: decoding x2APIC ids.
OMP: Info #276: KMP_AFFINITY: Affinity capable, using global cpuid leaf 11 info
OMP: Info #156: KMP_AFFINITY: 4 available OS procs
OMP: Info #157: KMP_AFFINITY: Uniform topology
OMP: Info #191: KMP_AFFINITY: 1 socket x 2 cores/socket x 2 threads/core (2 total cores)
OMP: Info #215: KMP_AFFINITY: OS proc to physical thread map:
OMP: Info #171: KMP_AFFINITY: OS proc 26 maps to socket 1 core 2 thread 0 
OMP: Info #171: KMP_AFFINITY: OS proc 74 maps to socket 1 core 2 thread 1 
OMP: Info #154: KMP_AFFINITY: Initial OS proc set respected: 2,3,50,51
OMP: Info #213: KMP_AFFINITY: decoding x2APIC ids.
OMP: Info #154: KMP_AFFINITY: Initial OS proc set respected: 26,27,74,75
OMP: Info #213: KMP_AFFINITY: decoding x2APIC ids.
OMP: Info #171: KMP_AFFINITY: OS proc 52 maps to socket 0 core 4 thread 1 
OMP: Info #171: KMP_AFFINITY: OS proc 5 maps to socket 0 core 5 thread 0 
OMP: Info #171: KMP_AFFINITY: OS proc 53 maps to socket 0 core 5 thread 1 
OMP: Info #144: KMP_AFFINITY: Threads may migrate across 1 innermost levels of machine
OMP: Info #251: KMP_AFFINITY: pid 2138423 tid 2138423 thread 0 bound to OS proc set 4,52
OMP: Info #154: KMP_AFFINITY: Initial OS proc set respected: 28,29,76,77
OMP: Info #213: KMP_AFFINITY: decoding x2APIC ids.
OMP: Info #154: KMP_AFFINITY: Initial OS proc set respected: 24,25,72,73
OMP: Info #213: KMP_AFFINITY: decoding x2APIC ids.
OMP: Info #154: KMP_AFFINITY: Initial OS proc set respected: 28,29,76,77
OMP: Info #213: KMP_AFFINITY: decoding x2APIC ids.
OMP: Info #276: KMP_AFFINITY: Affinity capable, using global cpuid leaf 11 info
OMP: Info #156: KMP_AFFINITY: 4 available OS procs
OMP: Info #157: KMP_AFFINITY: Uniform topology
OMP: Info #191: KMP_AFFINITY: 1 socket x 2 cores/socket x 2 threads/core (2 total cores)
OMP: Info #215: KMP_AFFINITY: OS proc to physical thread map:
OMP: Info #171: KMP_AFFINITY: OS proc 28 maps to socket 1 core 4 thread 0 
OMP: Info #171: KMP_AFFINITY: OS proc 76 maps to socket 1 core 4 thread 1 
OMP: Info #171: KMP_AFFINITY: OS proc 29 maps to socket 1 core 5 thread 0 
OMP: Info #171: KMP_AFFINITY: OS proc 77 maps to socket 1 core 5 thread 1 
OMP: Info #144: KMP_AFFINITY: Threads may migrate across 1 innermost levels of machine
OMP: Info #154: KMP_AFFINITY: Initial OS proc set respected: 10,11,58,59
OMP: Info #213: KMP_AFFINITY: decoding x2APIC ids.
OMP: Info #154: KMP_AFFINITY: Initial OS proc set respected: 34,35,82,83
OMP: Info #213: KMP_AFFINITY: decoding x2APIC ids.
OMP: Info #276: KMP_AFFINITY: Affinity capable, using global cpuid leaf 11 info
OMP: Info #156: KMP_AFFINITY: 4 available OS procs
OMP: Info #157: KMP_AFFINITY: Uniform topology
OMP: Info #191: KMP_AFFINITY: 1 socket x 2 cores/socket x 2 threads/core (2 total cores)
OMP: Info #215: KMP_AFFINITY: OS proc to physical thread map:
OMP: Info #171: KMP_AFFINITY: OS proc 34 maps to socket 1 core 12 thread 0 
OMP: Info #171: KMP_AFFINITY: OS proc 82 maps to socket 1 core 12 thread 1 
OMP: Info #171: KMP_AFFINITY: OS proc 35 maps to socket 1 core 13 thread 0 
OMP: Info #171: KMP_AFFINITY: OS proc 83 maps to socket 1 core 13 thread 1 
OMP: Info #144: KMP_AFFINITY: Threads may migrate across 1 innermost levels of machine
OMP: Info #251: KMP_AFFINITY: pid 2439316 tid 2439316 thread 0 bound to OS proc set 34,82
OMP: Info #276: KMP_AFFINITY: Affinity capable, using global cpuid leaf 11 info
OMP: Info #156: KMP_AFFINITY: 4 available OS procs
OMP: Info #157: KMP_AFFINITY: Uniform topology
OMP: Info #191: KMP_AFFINITY: 1 socket x 2 cores/socket x 2 threads/core (2 total cores)
OMP: Info #215: KMP_AFFINITY: OS proc to physical thread map:
OMP: Info #171: KMP_AFFINITY: OS proc 2 maps to socket 0 core 2 thread 0 
OMP: Info #171: KMP_AFFINITY: OS proc 50 maps to socket 0 core 2 thread 1 
OMP: Info #171: KMP_AFFINITY: OS proc 3 maps to socket 0 core 3 thread 0 
OMP: Info #171: KMP_AFFINITY: OS proc 51 maps to socket 0 core 3 thread 1 
OMP: Info #144: KMP_AFFINITY: Threads may migrate across 1 innermost levels of machine
OMP: Info #154: KMP_AFFINITY: Initial OS proc set respected: 28,29,76,77
OMP: Info #213: KMP_AFFINITY: decoding x2APIC ids.
OMP: Info #276: KMP_AFFINITY: Affinity capable, using global cpuid leaf 11 info
OMP: Info #156: KMP_AFFINITY: 4 available OS procs
OMP: Info #157: KMP_AFFINITY: Uniform topology
OMP: Info #191: KMP_AFFINITY: 1 socket x 2 cores/socket x 2 threads/core (2 total cores)
OMP: Info #215: KMP_AFFINITY: OS proc to physical thread map:
OMP: Info #171: KMP_AFFINITY: OS proc 0 maps to socket 0 core 0 thread 0 
OMP: Info #171: KMP_AFFINITY: OS proc 48 maps to socket 0 core 0 thread 1 
OMP: Info #171: KMP_AFFINITY: OS proc 1 maps to socket 0 core 1 thread 0 
OMP: Info #171: KMP_AFFINITY: OS proc 49 maps to socket 0 core 1 thread 1 
OMP: Info #276: KMP_AFFINITY: Affinity capable, using global cpuid leaf 11 info
OMP: Info #156: KMP_AFFINITY: 4 available OS procs
OMP: Info #157: KMP_AFFINITY: Uniform topology
OMP: Info #191: KMP_AFFINITY: 1 socket x 2 cores/socket x 2 threads/core (2 total cores)
OMP: Info #215: KMP_AFFINITY: OS proc to physical thread map:
OMP: Info #171: KMP_AFFINITY: OS proc 28 maps to socket 1 core 4 thread 0 
OMP: Info #171: KMP_AFFINITY: OS proc 76 maps to socket 1 core 4 thread 1 
OMP: Info #171: KMP_AFFINITY: OS proc 29 maps to socket 1 core 5 thread 0 
OMP: Info #251: KMP_AFFINITY: pid 825100 tid 825100 thread 0 bound to OS proc set 4,52
OMP: Info #276: KMP_AFFINITY: Affinity capable, using global cpuid leaf 11 info
OMP: Info #156: KMP_AFFINITY: 4 available OS procs
OMP: Info #157: KMP_AFFINITY: Uniform topology
OMP: Info #191: KMP_AFFINITY: 1 socket x 2 cores/socket x 2 threads/core (2 total cores)
OMP: Info #215: KMP_AFFINITY: OS proc to physical thread map:
OMP: Info #171: KMP_AFFINITY: OS proc 32 maps to socket 1 core 10 thread 0 
OMP: Info #171: KMP_AFFINITY: OS proc 80 maps to socket 1 core 10 thread 1 
OMP: Info #171: KMP_AFFINITY: OS proc 33 maps to socket 1 core 11 thread 0 
OMP: Info #171: KMP_AFFINITY: OS proc 81 maps to socket 1 core 11 thread 1 
OMP: Info #144: KMP_AFFINITY: Threads may migrate across 1 innermost levels of machine
OMP: Info #251: KMP_AFFINITY: pid 2138431 tid 2138431 thread 0 bound to OS proc set 32,80
OMP: Info #154: KMP_AFFINITY: Initial OS proc set respected: 6,7,54,55
OMP: Info #213: KMP_AFFINITY: decoding x2APIC ids.
OMP: Info #251: KMP_AFFINITY: pid 2439305 tid 2439389 thread 1 bound to OS proc set 1,49
OMP: Info #276: KMP_AFFINITY: Affinity capable, using global cpuid leaf 11 info
OMP: Info #156: KMP_AFFINITY: 4 available OS procs
OMP: Info #157: KMP_AFFINITY: Uniform topology
OMP: Info #191: KMP_AFFINITY: 1 socket x 2 cores/socket x 2 threads/core (2 total cores)
OMP: Info #215: KMP_AFFINITY: OS proc to physical thread map:
OMP: Info #171: KMP_AFFINITY: OS proc 10 maps to socket 0 core 12 thread 0 
OMP: Info #171: KMP_AFFINITY: OS proc 58 maps to socket 0 core 12 thread 1 
OMP: Info #171: KMP_AFFINITY: OS proc 11 maps to socket 0 core 13 thread 0 
OMP: Info #171: KMP_AFFINITY: OS proc 59 maps to socket 0 core 13 thread 1 
OMP: Info #171: KMP_AFFINITY: OS proc 49 maps to socket 0 core 1 thread 1 
OMP: Info #144: KMP_AFFINITY: Threads may migrate across 1 innermost levels of machine
OMP: Info #251: KMP_AFFINITY: pid 2138421 tid 2138421 thread 0 bound to OS proc set 0,48
OMP: Info #276: KMP_AFFINITY: Affinity capable, using global cpuid leaf 11 info
OMP: Info #156: KMP_AFFINITY: 4 available OS procs
OMP: Info #157: KMP_AFFINITY: Uniform topology
OMP: Info #191: KMP_AFFINITY: 1 socket x 2 cores/socket x 2 threads/core (2 total cores)
OMP: Info #215: KMP_AFFINITY: OS proc to physical thread map:
OMP: Info #171: KMP_AFFINITY: OS proc 8 maps to socket 0 core 10 thread 0 
OMP: Info #171: KMP_AFFINITY: OS proc 56 maps to socket 0 core 10 thread 1 
OMP: Info #171: KMP_AFFINITY: OS proc 9 maps to socket 0 core 11 thread 0 
OMP: Info #171: KMP_AFFINITY: OS proc 57 maps to socket 0 core 11 thread 1 
OMP: Info #144: KMP_AFFINITY: Threads may migrate across 1 innermost levels of machine
OMP: Info #276: KMP_AFFINITY: Affinity capable, using global cpuid leaf 11 info
OMP: Info #156: KMP_AFFINITY: 4 available OS procs
OMP: Info #157: KMP_AFFINITY: Uniform topology
OMP: Info #191: KMP_AFFINITY: 1 socket x 2 cores/socket x 2 threads/core (2 total cores)
OMP: Info #215: KMP_AFFINITY: OS proc to physical thread map:
OMP: Info #171: KMP_AFFINITY: OS proc 4 maps to socket 0 core 4 thread 0 
OMP: Info #171: KMP_AFFINITY: OS proc 52 maps to socket 0 core 4 thread 1 
OMP: Info #171: KMP_AFFINITY: OS proc 5 maps to socket 0 core 5 thread 0 
OMP: Info #171: KMP_AFFINITY: OS proc 53 maps to socket 0 core 5 thread 1 
OMP: Info #144: KMP_AFFINITY: Threads may migrate across 1 innermost levels of machine
OMP: Info #251: KMP_AFFINITY: pid 825106 tid 825106 thread 0 bound to OS proc set 28,76
OMP: Info #276: KMP_AFFINITY: Affinity capable, using global cpuid leaf 11 info
OMP: Info #156: KMP_AFFINITY: 4 available OS procs
OMP: Info #157: KMP_AFFINITY: Uniform topology
OMP: Info #191: KMP_AFFINITY: 1 socket x 2 cores/socket x 2 threads/core (2 total cores)
OMP: Info #215: KMP_AFFINITY: OS proc to physical thread map:
OMP: Info #171: KMP_AFFINITY: OS proc 2 maps to socket 0 core 2 thread 0 
OMP: Info #171: KMP_AFFINITY: OS proc 50 maps to socket 0 core 2 thread 1 
OMP: Info #171: KMP_AFFINITY: OS proc 3 maps to socket 0 core 3 thread 0 
OMP: Info #171: KMP_AFFINITY: OS proc 51 maps to socket 0 core 3 thread 1 
OMP: Info #144: KMP_AFFINITY: Threads may migrate across 1 innermost levels of machine
OMP: Info #154: KMP_AFFINITY: Initial OS proc set respected: 24,25,72,73
OMP: Info #213: KMP_AFFINITY: decoding x2APIC ids.
OMP: Info #171: KMP_AFFINITY: OS proc 77 maps to socket 1 core 5 thread 1 
OMP: Info #144: KMP_AFFINITY: Threads may migrate across 1 innermost levels of machine
OMP: Info #251: KMP_AFFINITY: pid 2439313 tid 2439313 thread 0 bound to OS proc set 28,76
OMP: Info #276: KMP_AFFINITY: Affinity capable, using global cpuid leaf 11 info
OMP: Info #156: KMP_AFFINITY: 4 available OS procs
OMP: Info #157: KMP_AFFINITY: Uniform topology
OMP: Info #191: KMP_AFFINITY: 1 socket x 2 cores/socket x 2 threads/core (2 total cores)
OMP: Info #215: KMP_AFFINITY: OS proc to physical thread map:
OMP: Info #171: KMP_AFFINITY: OS proc 32 maps to socket 1 core 10 thread 0 
OMP: Info #171: KMP_AFFINITY: OS proc 80 maps to socket 1 core 10 thread 1 
OMP: Info #171: KMP_AFFINITY: OS proc 33 maps to socket 1 core 11 thread 0 
OMP: Info #171: KMP_AFFINITY: OS proc 81 maps to socket 1 core 11 thread 1 
OMP: Info #144: KMP_AFFINITY: Threads may migrate across 1 innermost levels of machine
OMP: Info #251: KMP_AFFINITY: pid 825108 tid 825108 thread 0 bound to OS proc set 32,80
OMP: Info #276: KMP_AFFINITY: Affinity capable, using global cpuid leaf 11 info
OMP: Info #156: KMP_AFFINITY: 4 available OS procs
OMP: Info #157: KMP_AFFINITY: Uniform topology
OMP: Info #191: KMP_AFFINITY: 1 socket x 2 cores/socket x 2 threads/core (2 total cores)
OMP: Info #215: KMP_AFFINITY: OS proc to physical thread map:
OMP: Info #171: KMP_AFFINITY: OS proc 8 maps to socket 0 core 10 thread 0 
OMP: Info #171: KMP_AFFINITY: OS proc 56 maps to socket 0 core 10 thread 1 
OMP: Info #171: KMP_AFFINITY: OS proc 9 maps to socket 0 core 11 thread 0 
OMP: Info #171: KMP_AFFINITY: OS proc 57 maps to socket 0 core 11 thread 1 
OMP: Info #144: KMP_AFFINITY: Threads may migrate across 1 innermost levels of machine
OMP: Info #251: KMP_AFFINITY: pid 2138425 tid 2138425 thread 0 bound to OS proc set 8,56
OMP: Info #171: KMP_AFFINITY: OS proc 27 maps to socket 1 core 3 thread 0 
OMP: Info #171: KMP_AFFINITY: OS proc 75 maps to socket 1 core 3 thread 1 
OMP: Info #144: KMP_AFFINITY: Threads may migrate across 1 innermost levels of machine
OMP: Info #251: KMP_AFFINITY: pid 3004241 tid 3004241 thread 0 bound to OS proc set 26,74
OMP: Info #276: KMP_AFFINITY: Affinity capable, using global cpuid leaf 11 info
OMP: Info #156: KMP_AFFINITY: 4 available OS procs
OMP: Info #157: KMP_AFFINITY: Uniform topology
OMP: Info #191: KMP_AFFINITY: 1 socket x 2 cores/socket x 2 threads/core (2 total cores)
OMP: Info #215: KMP_AFFINITY: OS proc to physical thread map:
OMP: Info #171: KMP_AFFINITY: OS proc 2 maps to socket 0 core 2 thread 0 
OMP: Info #171: KMP_AFFINITY: OS proc 50 maps to socket 0 core 2 thread 1 
OMP: Info #171: KMP_AFFINITY: OS proc 3 maps to socket 0 core 3 thread 0 
OMP: Info #171: KMP_AFFINITY: OS proc 51 maps to socket 0 core 3 thread 1 
OMP: Info #144: KMP_AFFINITY: Threads may migrate across 1 innermost levels of machine
OMP: Info #276: KMP_AFFINITY: Affinity capable, using global cpuid leaf 11 info
OMP: Info #156: KMP_AFFINITY: 4 available OS procs
OMP: Info #157: KMP_AFFINITY: Uniform topology
OMP: Info #191: KMP_AFFINITY: 1 socket x 2 cores/socket x 2 threads/core (2 total cores)
OMP: Info #215: KMP_AFFINITY: OS proc to physical thread map:
OMP: Info #171: KMP_AFFINITY: OS proc 34 maps to socket 1 core 12 thread 0 
OMP: Info #171: KMP_AFFINITY: OS proc 82 maps to socket 1 core 12 thread 1 
OMP: Info #171: KMP_AFFINITY: OS proc 35 maps to socket 1 core 13 thread 0 
OMP: Info #171: KMP_AFFINITY: OS proc 83 maps to socket 1 core 13 thread 1 
OMP: Info #144: KMP_AFFINITY: Threads may migrate across 1 innermost levels of machine
OMP: Info #251: KMP_AFFINITY: pid 825109 tid 825109 thread 0 bound to OS proc set 34,82
OMP: Info #276: KMP_AFFINITY: Affinity capable, using global cpuid leaf 11 info
OMP: Info #156: KMP_AFFINITY: 4 available OS procs
OMP: Info #157: KMP_AFFINITY: Uniform topology
OMP: Info #191: KMP_AFFINITY: 1 socket x 2 cores/socket x 2 threads/core (2 total cores)
OMP: Info #215: KMP_AFFINITY: OS proc to physical thread map:
OMP: Info #171: KMP_AFFINITY: OS proc 30 maps to socket 1 core 8 thread 0 
OMP: Info #171: KMP_AFFINITY: OS proc 78 maps to socket 1 core 8 thread 1 
OMP: Info #171: KMP_AFFINITY: OS proc 31 maps to socket 1 core 9 thread 0 
OMP: Info #171: KMP_AFFINITY: OS proc 79 maps to socket 1 core 9 thread 1 
OMP: Info #144: KMP_AFFINITY: Threads may migrate across 1 innermost levels of machine
OMP: Info #154: KMP_AFFINITY: Initial OS proc set respected: 30,31,78,79
OMP: Info #213: KMP_AFFINITY: decoding x2APIC ids.
OMP: Info #251: KMP_AFFINITY: pid 2439307 tid 2439307 thread 0 bound to OS proc set 4,52
OMP: Info #251: KMP_AFFINITY: pid 825099 tid 825099 thread 0 bound to OS proc set 2,50
OMP: Info #251: KMP_AFFINITY: pid 2138422 tid 2138422 thread 0 bound to OS proc set 2,50
OMP: Info #154: KMP_AFFINITY: Initial OS proc set respected: 32,33,80,81
OMP: Info #213: KMP_AFFINITY: decoding x2APIC ids.
OMP: Info #276: KMP_AFFINITY: Affinity capable, using global cpuid leaf 11 info
OMP: Info #156: KMP_AFFINITY: 4 available OS procs
OMP: Info #157: KMP_AFFINITY: Uniform topology
OMP: Info #191: KMP_AFFINITY: 1 socket x 2 cores/socket x 2 threads/core (2 total cores)
OMP: Info #215: KMP_AFFINITY: OS proc to physical thread map:
OMP: Info #171: KMP_AFFINITY: OS proc 6 maps to socket 0 core 8 thread 0 
OMP: Info #171: KMP_AFFINITY: OS proc 54 maps to socket 0 core 8 thread 1 
OMP: Info #171: KMP_AFFINITY: OS proc 7 maps to socket 0 core 9 thread 0 
OMP: Info #171: KMP_AFFINITY: OS proc 55 maps to socket 0 core 9 thread 1 
OMP: Info #144: KMP_AFFINITY: Threads may migrate across 1 innermost levels of machine
OMP: Info #251: KMP_AFFINITY: pid 2439308 tid 2439308 thread 0 bound to OS proc set 6,54
OMP: Info #251: KMP_AFFINITY: pid 825100 tid 825179 thread 1 bound to OS proc set 5,53
OMP: Info #251: KMP_AFFINITY: pid 2138423 tid 2138496 thread 1 bound to OS proc set 5,53
OMP: Info #276: KMP_AFFINITY: Affinity capable, using global cpuid leaf 11 info
OMP: Info #156: KMP_AFFINITY: 4 available OS procs
OMP: Info #157: KMP_AFFINITY: Uniform topology
OMP: Info #191: KMP_AFFINITY: 1 socket x 2 cores/socket x 2 threads/core (2 total cores)
OMP: Info #215: KMP_AFFINITY: OS proc to physical thread map:
OMP: Info #171: KMP_AFFINITY: OS proc 34 maps to socket 1 core 12 thread 0 
OMP: Info #171: KMP_AFFINITY: OS proc 82 maps to socket 1 core 12 thread 1 
OMP: Info #171: KMP_AFFINITY: OS proc 35 maps to socket 1 core 13 thread 0 
OMP: Info #171: KMP_AFFINITY: OS proc 83 maps to socket 1 core 13 thread 1 
OMP: Info #144: KMP_AFFINITY: Threads may migrate across 1 innermost levels of machine
OMP: Info #251: KMP_AFFINITY: pid 3004245 tid 3004245 thread 0 bound to OS proc set 34,82
OMP: Info #276: KMP_AFFINITY: Affinity capable, using global cpuid leaf 11 info
OMP: Info #156: KMP_AFFINITY: 4 available OS procs
OMP: Info #157: KMP_AFFINITY: Uniform topology
OMP: Info #191: KMP_AFFINITY: 1 socket x 2 cores/socket x 2 threads/core (2 total cores)
OMP: Info #215: KMP_AFFINITY: OS proc to physical thread map:
OMP: Info #171: KMP_AFFINITY: OS proc 24 maps to socket 1 core 0 thread 0 
OMP: Info #171: KMP_AFFINITY: OS proc 72 maps to socket 1 core 0 thread 1 
OMP: Info #171: KMP_AFFINITY: OS proc 25 maps to socket 1 core 1 thread 0 
OMP: Info #171: KMP_AFFINITY: OS proc 73 maps to socket 1 core 1 thread 1 
OMP: Info #144: KMP_AFFINITY: Threads may migrate across 1 innermost levels of machine
OMP: Info #251: KMP_AFFINITY: pid 2439311 tid 2439311 thread 0 bound to OS proc set 24,72
OMP: Info #276: KMP_AFFINITY: Affinity capable, using global cpuid leaf 11 info
OMP: Info #156: KMP_AFFINITY: 4 available OS procs
OMP: Info #157: KMP_AFFINITY: Uniform topology
OMP: Info #191: KMP_AFFINITY: 1 socket x 2 cores/socket x 2 threads/core (2 total cores)
OMP: Info #215: KMP_AFFINITY: OS proc to physical thread map:
OMP: Info #171: KMP_AFFINITY: OS proc 6 maps to socket 0 core 8 thread 0 
OMP: Info #171: KMP_AFFINITY: OS proc 54 maps to socket 0 core 8 thread 1 
OMP: Info #171: KMP_AFFINITY: OS proc 7 maps to socket 0 core 9 thread 0 
OMP: Info #171: KMP_AFFINITY: OS proc 55 maps to socket 0 core 9 thread 1 
OMP: Info #144: KMP_AFFINITY: Threads may migrate across 1 innermost levels of machine
OMP: Info #251: KMP_AFFINITY: pid 825101 tid 825101 thread 0 bound to OS proc set 6,54
OMP: Info #276: KMP_AFFINITY: Affinity capable, using global cpuid leaf 11 info
OMP: Info #156: KMP_AFFINITY: 4 available OS procs
OMP: Info #157: KMP_AFFINITY: Uniform topology
OMP: Info #191: KMP_AFFINITY: 1 socket x 2 cores/socket x 2 threads/core (2 total cores)
OMP: Info #215: KMP_AFFINITY: OS proc to physical thread map:
OMP: Info #171: KMP_AFFINITY: OS proc 24 maps to socket 1 core 0 thread 0 
OMP: Info #171: KMP_AFFINITY: OS proc 72 maps to socket 1 core 0 thread 1 
OMP: Info #171: KMP_AFFINITY: OS proc 25 maps to socket 1 core 1 thread 0 
OMP: Info #171: KMP_AFFINITY: OS proc 73 maps to socket 1 core 1 thread 1 
OMP: Info #144: KMP_AFFINITY: Threads may migrate across 1 innermost levels of machine
OMP: Info #251: KMP_AFFINITY: pid 2138427 tid 2138427 thread 0 bound to OS proc set 24,72
OMP: Info #144: KMP_AFFINITY: Threads may migrate across 1 innermost levels of machine
OMP: Info #251: KMP_AFFINITY: pid 3004234 tid 3004234 thread 0 bound to OS proc set 0,48
OMP: Info #251: KMP_AFFINITY: pid 2439312 tid 2439390 thread 1 bound to OS proc set 27,75
OMP: Info #144: KMP_AFFINITY: Threads may migrate across 1 innermost levels of machine
OMP: Info #251: KMP_AFFINITY: pid 825103 tid 825103 thread 0 bound to OS proc set 10,58
OMP: Info #251: KMP_AFFINITY: pid 2138430 tid 2138430 thread 0 bound to OS proc set 30,78
OMP: Info #276: KMP_AFFINITY: Affinity capable, using global cpuid leaf 11 info
OMP: Info #156: KMP_AFFINITY: 4 available OS procs
OMP: Info #157: KMP_AFFINITY: Uniform topology
OMP: Info #191: KMP_AFFINITY: 1 socket x 2 cores/socket x 2 threads/core (2 total cores)
OMP: Info #215: KMP_AFFINITY: OS proc to physical thread map:
OMP: Info #171: KMP_AFFINITY: OS proc 6 maps to socket 0 core 8 thread 0 
OMP: Info #171: KMP_AFFINITY: OS proc 54 maps to socket 0 core 8 thread 1 
OMP: Info #171: KMP_AFFINITY: OS proc 7 maps to socket 0 core 9 thread 0 
OMP: Info #171: KMP_AFFINITY: OS proc 55 maps to socket 0 core 9 thread 1 
OMP: Info #144: KMP_AFFINITY: Threads may migrate across 1 innermost levels of machine
OMP: Info #251: KMP_AFFINITY: pid 3004237 tid 3004237 thread 0 bound to OS proc set 6,54
OMP: Info #251: KMP_AFFINITY: pid 2439305 tid 2439392 thread 2 bound to OS proc set 0,48
OMP: Info #276: KMP_AFFINITY: Affinity capable, using global cpuid leaf 11 info
OMP: Info #156: KMP_AFFINITY: 4 available OS procs
OMP: Info #157: KMP_AFFINITY: Uniform topology
OMP: Info #191: KMP_AFFINITY: 1 socket x 2 cores/socket x 2 threads/core (2 total cores)
OMP: Info #215: KMP_AFFINITY: OS proc to physical thread map:
OMP: Info #171: KMP_AFFINITY: OS proc 24 maps to socket 1 core 0 thread 0 
OMP: Info #171: KMP_AFFINITY: OS proc 72 maps to socket 1 core 0 thread 1 
OMP: Info #171: KMP_AFFINITY: OS proc 25 maps to socket 1 core 1 thread 0 
OMP: Info #171: KMP_AFFINITY: OS proc 73 maps to socket 1 core 1 thread 1 
OMP: Info #144: KMP_AFFINITY: Threads may migrate across 1 innermost levels of machine
OMP: Info #251: KMP_AFFINITY: pid 825104 tid 825104 thread 0 bound to OS proc set 24,72
OMP: Info #276: KMP_AFFINITY: Affinity capable, using global cpuid leaf 11 info
OMP: Info #156: KMP_AFFINITY: 4 available OS procs
OMP: Info #157: KMP_AFFINITY: Uniform topology
OMP: Info #191: KMP_AFFINITY: 1 socket x 2 cores/socket x 2 threads/core (2 total cores)
OMP: Info #215: KMP_AFFINITY: OS proc to physical thread map:
OMP: Info #171: KMP_AFFINITY: OS proc 34 maps to socket 1 core 12 thread 0 
OMP: Info #171: KMP_AFFINITY: OS proc 82 maps to socket 1 core 12 thread 1 
OMP: Info #171: KMP_AFFINITY: OS proc 35 maps to socket 1 core 13 thread 0 
OMP: Info #171: KMP_AFFINITY: OS proc 83 maps to socket 1 core 13 thread 1 
OMP: Info #144: KMP_AFFINITY: Threads may migrate across 1 innermost levels of machine
OMP: Info #251: KMP_AFFINITY: pid 2138432 tid 2138432 thread 0 bound to OS proc set 34,82
OMP: Info #251: KMP_AFFINITY: pid 3004238 tid 3004238 thread 0 bound to OS proc set 8,56
OMP: Info #251: KMP_AFFINITY: pid 2439306 tid 2439306 thread 0 bound to OS proc set 2,50
OMP: Info #276: KMP_AFFINITY: Affinity capable, using global cpuid leaf 11 info
OMP: Info #156: KMP_AFFINITY: 4 available OS procs
OMP: Info #157: KMP_AFFINITY: Uniform topology
OMP: Info #191: KMP_AFFINITY: 1 socket x 2 cores/socket x 2 threads/core (2 total cores)
OMP: Info #215: KMP_AFFINITY: OS proc to physical thread map:
OMP: Info #171: KMP_AFFINITY: OS proc 26 maps to socket 1 core 2 thread 0 
OMP: Info #171: KMP_AFFINITY: OS proc 74 maps to socket 1 core 2 thread 1 
OMP: Info #171: KMP_AFFINITY: OS proc 27 maps to socket 1 core 3 thread 0 
OMP: Info #171: KMP_AFFINITY: OS proc 75 maps to socket 1 core 3 thread 1 
OMP: Info #144: KMP_AFFINITY: Threads may migrate across 1 innermost levels of machine
OMP: Info #251: KMP_AFFINITY: pid 825105 tid 825105 thread 0 bound to OS proc set 26,74
OMP: Info #251: KMP_AFFINITY: pid 2138421 tid 2138497 thread 1 bound to OS proc set 1,49
OMP: Info #276: KMP_AFFINITY: Affinity capable, using global cpuid leaf 11 info
OMP: Info #156: KMP_AFFINITY: 4 available OS procs
OMP: Info #157: KMP_AFFINITY: Uniform topology
OMP: Info #191: KMP_AFFINITY: 1 socket x 2 cores/socket x 2 threads/core (2 total cores)
OMP: Info #215: KMP_AFFINITY: OS proc to physical thread map:
OMP: Info #171: KMP_AFFINITY: OS proc 24 maps to socket 1 core 0 thread 0 
OMP: Info #171: KMP_AFFINITY: OS proc 72 maps to socket 1 core 0 thread 1 
OMP: Info #171: KMP_AFFINITY: OS proc 25 maps to socket 1 core 1 thread 0 
OMP: Info #171: KMP_AFFINITY: OS proc 73 maps to socket 1 core 1 thread 1 
OMP: Info #144: KMP_AFFINITY: Threads may migrate across 1 innermost levels of machine
OMP: Info #251: KMP_AFFINITY: pid 3004240 tid 3004240 thread 0 bound to OS proc set 24,72
OMP: Info #251: KMP_AFFINITY: pid 2439316 tid 2439391 thread 1 bound to OS proc set 35,83
OMP: Info #251: KMP_AFFINITY: pid 825099 tid 825184 thread 1 bound to OS proc set 3,51
OMP: Info #251: KMP_AFFINITY: pid 2138423 tid 2138499 thread 2 bound to OS proc set 4,52
OMP: Info #251: KMP_AFFINITY: pid 3004241 tid 3004315 thread 1 bound to OS proc set 27,75
OMP: Info #251: KMP_AFFINITY: pid 2439307 tid 2439396 thread 1 bound to OS proc set 5,53
OMP: Info #251: KMP_AFFINITY: pid 825106 tid 825182 thread 1 bound to OS proc set 29,77
OMP: Info #251: KMP_AFFINITY: pid 2138425 tid 2138500 thread 1 bound to OS proc set 9,57
OMP: Info #276: KMP_AFFINITY: Affinity capable, using global cpuid leaf 11 info
OMP: Info #156: KMP_AFFINITY: 4 available OS procs
OMP: Info #157: KMP_AFFINITY: Uniform topology
OMP: Info #191: KMP_AFFINITY: 1 socket x 2 cores/socket x 2 threads/core (2 total cores)
OMP: Info #215: KMP_AFFINITY: OS proc to physical thread map:
OMP: Info #171: KMP_AFFINITY: OS proc 30 maps to socket 1 core 8 thread 0 
OMP: Info #171: KMP_AFFINITY: OS proc 78 maps to socket 1 core 8 thread 1 
OMP: Info #171: KMP_AFFINITY: OS proc 31 maps to socket 1 core 9 thread 0 
OMP: Info #171: KMP_AFFINITY: OS proc 79 maps to socket 1 core 9 thread 1 
OMP: Info #144: KMP_AFFINITY: Threads may migrate across 1 innermost levels of machine
OMP: Info #251: KMP_AFFINITY: pid 2439313 tid 2439395 thread 1 bound to OS proc set 29,77
OMP: Info #251: KMP_AFFINITY: pid 825108 tid 825183 thread 1 bound to OS proc set 33,81
OMP: Info #276: KMP_AFFINITY: Affinity capable, using global cpuid leaf 11 info
OMP: Info #156: KMP_AFFINITY: 4 available OS procs
OMP: Info #157: KMP_AFFINITY: Uniform topology
OMP: Info #191: KMP_AFFINITY: 1 socket x 2 cores/socket x 2 threads/core (2 total cores)
OMP: Info #215: KMP_AFFINITY: OS proc to physical thread map:
OMP: Info #171: KMP_AFFINITY: OS proc 10 maps to socket 0 core 12 thread 0 
OMP: Info #171: KMP_AFFINITY: OS proc 58 maps to socket 0 core 12 thread 1 
OMP: Info #171: KMP_AFFINITY: OS proc 11 maps to socket 0 core 13 thread 0 
OMP: Info #171: KMP_AFFINITY: OS proc 59 maps to socket 0 core 13 thread 1 
OMP: Info #144: KMP_AFFINITY: Threads may migrate across 1 innermost levels of machine
OMP: Info #251: KMP_AFFINITY: pid 2138426 tid 2138426 thread 0 bound to OS proc set 10,58
OMP: Info #276: KMP_AFFINITY: Affinity capable, using global cpuid leaf 11 info
OMP: Info #156: KMP_AFFINITY: 4 available OS procs
OMP: Info #157: KMP_AFFINITY: Uniform topology
OMP: Info #191: KMP_AFFINITY: 1 socket x 2 cores/socket x 2 threads/core (2 total cores)
OMP: Info #215: KMP_AFFINITY: OS proc to physical thread map:
OMP: Info #171: KMP_AFFINITY: OS proc 32 maps to socket 1 core 10 thread 0 
OMP: Info #171: KMP_AFFINITY: OS proc 80 maps to socket 1 core 10 thread 1 
OMP: Info #171: KMP_AFFINITY: OS proc 33 maps to socket 1 core 11 thread 0 
OMP: Info #171: KMP_AFFINITY: OS proc 81 maps to socket 1 core 11 thread 1 
OMP: Info #144: KMP_AFFINITY: Threads may migrate across 1 innermost levels of machine
OMP: Info #251: KMP_AFFINITY: pid 3004244 tid 3004244 thread 0 bound to OS proc set 32,80
OMP: Info #251: KMP_AFFINITY: pid 2439316 tid 2439394 thread 2 bound to OS proc set 34,82
OMP: Info #251: KMP_AFFINITY: pid 825109 tid 825181 thread 1 bound to OS proc set 35,83
OMP: Info #276: KMP_AFFINITY: Affinity capable, using global cpuid leaf 11 info
OMP: Info #156: KMP_AFFINITY: 4 available OS procs
OMP: Info #157: KMP_AFFINITY: Uniform topology
OMP: Info #191: KMP_AFFINITY: 1 socket x 2 cores/socket x 2 threads/core (2 total cores)
OMP: Info #215: KMP_AFFINITY: OS proc to physical thread map:
OMP: Info #171: KMP_AFFINITY: OS proc 28 maps to socket 1 core 4 thread 0 
OMP: Info #171: KMP_AFFINITY: OS proc 76 maps to socket 1 core 4 thread 1 
OMP: Info #171: KMP_AFFINITY: OS proc 29 maps to socket 1 core 5 thread 0 
OMP: Info #171: KMP_AFFINITY: OS proc 77 maps to socket 1 core 5 thread 1 
OMP: Info #144: KMP_AFFINITY: Threads may migrate across 1 innermost levels of machine
OMP: Info #251: KMP_AFFINITY: pid 2138429 tid 2138429 thread 0 bound to OS proc set 28,76
OMP: Info #251: KMP_AFFINITY: pid 3004234 tid 3004316 thread 1 bound to OS proc set 1,49
OMP: Info #251: KMP_AFFINITY: pid 2439305 tid 2439397 thread 3 bound to OS proc set 1,49
OMP: Info #251: KMP_AFFINITY: pid 825100 tid 825180 thread 2 bound to OS proc set 4,52
OMP: Info #251: KMP_AFFINITY: pid 2138431 tid 2138498 thread 1 bound to OS proc set 33,81
OMP: Info #251: KMP_AFFINITY: pid 3004238 tid 3004317 thread 1 bound to OS proc set 9,57
OMP: Info #251: KMP_AFFINITY: pid 2439306 tid 2439399 thread 1 bound to OS proc set 3,51
OMP: Info #251: KMP_AFFINITY: pid 825103 tid 825185 thread 1 bound to OS proc set 11,59
OMP: Info #251: KMP_AFFINITY: pid 2138422 tid 2138502 thread 1 bound to OS proc set 3,51
OMP: Info #251: KMP_AFFINITY: pid 3004243 tid 3004243 thread 0 bound to OS proc set 30,78
OMP: Info #251: KMP_AFFINITY: pid 2439311 tid 2439398 thread 1 bound to OS proc set 25,73
OMP: Info #251: KMP_AFFINITY: pid 825105 tid 825190 thread 1 bound to OS proc set 27,75
OMP: Info #154: KMP_AFFINITY: Initial OS proc set respected: 6,7,54,55
OMP: Info #213: KMP_AFFINITY: decoding x2APIC ids.
OMP: Info #251: KMP_AFFINITY: pid 3004245 tid 3004318 thread 1 bound to OS proc set 35,83
OMP: Info #251: KMP_AFFINITY: pid 2439312 tid 2439393 thread 2 bound to OS proc set 26,74
OMP: Info #251: KMP_AFFINITY: pid 825099 tid 825189 thread 2 bound to OS proc set 2,50
OMP: Info #251: KMP_AFFINITY: pid 2138425 tid 2138504 thread 2 bound to OS proc set 8,56
OMP: Info #251: KMP_AFFINITY: pid 3004241 tid 3004319 thread 2 bound to OS proc set 26,74
OMP: Info #251: KMP_AFFINITY: pid 2439312 tid 2439405 thread 3 bound to OS proc set 27,75
OMP: Info #251: KMP_AFFINITY: pid 825104 tid 825191 thread 1 bound to OS proc set 25,73
OMP: Info #251: KMP_AFFINITY: pid 2138430 tid 2138503 thread 1 bound to OS proc set 31,79
OMP: Info #251: KMP_AFFINITY: pid 3004240 tid 3004323 thread 1 bound to OS proc set 25,73
OMP: Info #251: KMP_AFFINITY: pid 2439316 tid 2439402 thread 3 bound to OS proc set 35,83
OMP: Info #251: KMP_AFFINITY: pid 825106 tid 825187 thread 2 bound to OS proc set 28,76
OMP: Info #251: KMP_AFFINITY: pid 2138432 tid 2138507 thread 1 bound to OS proc set 35,83
OMP: Info #251: KMP_AFFINITY: pid 3004237 tid 3004324 thread 1 bound to OS proc set 7,55
OMP: Info #251: KMP_AFFINITY: pid 2439313 tid 2439400 thread 2 bound to OS proc set 28,76
OMP: Info #251: KMP_AFFINITY: pid 825108 tid 825188 thread 2 bound to OS proc set 32,80
OMP: Info #251: KMP_AFFINITY: pid 825108 tid 825194 thread 3 bound to OS proc set 33,81
OMP: Info #251: KMP_AFFINITY: pid 2138421 tid 2138501 thread 2 bound to OS proc set 0,48
OMP: Info #251: KMP_AFFINITY: pid 3004243 tid 3004326 thread 1 bound to OS proc set 31,79
OMP: Info #251: KMP_AFFINITY: pid 2439306 tid 2439403 thread 2 bound to OS proc set 2,50
OMP: Info #251: KMP_AFFINITY: pid 825109 tid 825186 thread 2 bound to OS proc set 34,82
OMP: Info #251: KMP_AFFINITY: pid 825109 tid 825196 thread 3 bound to OS proc set 35,83
OMP: Info #251: KMP_AFFINITY: pid 2138423 tid 2138513 thread 3 bound to OS proc set 5,53
OMP: Info #251: KMP_AFFINITY: pid 3004244 tid 3004325 thread 1 bound to OS proc set 33,81
OMP: Info #251: KMP_AFFINITY: pid 2439307 tid 2439401 thread 2 bound to OS proc set 4,52
OMP: Info #251: KMP_AFFINITY: pid 825103 tid 825192 thread 2 bound to OS proc set 10,58
OMP: Info #251: KMP_AFFINITY: pid 825103 tid 825198 thread 3 bound to OS proc set 11,59
OMP: Info #251: KMP_AFFINITY: pid 2138426 tid 2138510 thread 1 bound to OS proc set 11,59
OMP: Info #251: KMP_AFFINITY: pid 3004234 tid 3004320 thread 2 bound to OS proc set 0,48
OMP: Info #251: KMP_AFFINITY: pid 2439311 tid 2439404 thread 2 bound to OS proc set 24,72
OMP: Info #251: KMP_AFFINITY: pid 825106 tid 825197 thread 3 bound to OS proc set 29,77
OMP: Info #251: KMP_AFFINITY: pid 2138427 tid 2138508 thread 1 bound to OS proc set 25,73
OMP: Info #251: KMP_AFFINITY: pid 2138427 tid 2138515 thread 2 bound to OS proc set 24,72
OMP: Info #251: KMP_AFFINITY: pid 3004238 tid 3004321 thread 2 bound to OS proc set 8,56
OMP: Info #251: KMP_AFFINITY: pid 2439311 tid 2439406 thread 3 bound to OS proc set 25,73
OMP: Info #251: KMP_AFFINITY: pid 825104 tid 825195 thread 2 bound to OS proc set 24,72
OMP: Info #251: KMP_AFFINITY: pid 2138429 tid 2138511 thread 1 bound to OS proc set 29,77
OMP: Info #276: KMP_AFFINITY: Affinity capable, using global cpuid leaf 11 info
OMP: Info #156: KMP_AFFINITY: 4 available OS procs
OMP: Info #157: KMP_AFFINITY: Uniform topology
OMP: Info #191: KMP_AFFINITY: 1 socket x 2 cores/socket x 2 threads/core (2 total cores)
OMP: Info #215: KMP_AFFINITY: OS proc to physical thread map:
OMP: Info #171: KMP_AFFINITY: OS proc 28 maps to socket 1 core 4 thread 0 
OMP: Info #171: KMP_AFFINITY: OS proc 76 maps to socket 1 core 4 thread 1 
OMP: Info #171: KMP_AFFINITY: OS proc 29 maps to socket 1 core 5 thread 0 
OMP: Info #171: KMP_AFFINITY: OS proc 77 maps to socket 1 core 5 thread 1 
OMP: Info #144: KMP_AFFINITY: Threads may migrate across 1 innermost levels of machine
OMP: Info #251: KMP_AFFINITY: pid 2439307 tid 2439408 thread 3 bound to OS proc set 5,53
OMP: Info #251: KMP_AFFINITY: pid 825105 tid 825193 thread 2 bound to OS proc set 26,74
OMP: Info #251: KMP_AFFINITY: pid 2138431 tid 2138505 thread 2 bound to OS proc set 32,80
OMP: Info #251: KMP_AFFINITY: pid 2138431 tid 2138516 thread 3 bound to OS proc set 33,81
OMP: Info #251: KMP_AFFINITY: pid 3004245 tid 3004322 thread 2 bound to OS proc set 34,82
OMP: Info #251: KMP_AFFINITY: pid 3004245 tid 3004331 thread 3 bound to OS proc set 35,83
OMP: Info #251: KMP_AFFINITY: pid 2439308 tid 2439407 thread 1 bound to OS proc set 7,55
OMP: Info #251: KMP_AFFINITY: pid 825105 tid 825200 thread 3 bound to OS proc set 27,75
OMP: Info #251: KMP_AFFINITY: pid 2138421 tid 2138517 thread 3 bound to OS proc set 1,49
OMP: Info #251: KMP_AFFINITY: pid 3004237 tid 3004330 thread 2 bound to OS proc set 6,54
OMP: Info #251: KMP_AFFINITY: pid 2439306 tid 2439409 thread 3 bound to OS proc set 3,51
OMP: Info #251: KMP_AFFINITY: pid 825104 tid 825199 thread 3 bound to OS proc set 25,73
OMP: Info #251: KMP_AFFINITY: pid 2138422 tid 2138506 thread 2 bound to OS proc set 2,50
OMP: Info #251: KMP_AFFINITY: pid 3004240 tid 3004327 thread 2 bound to OS proc set 24,72
OMP: Info #251: KMP_AFFINITY: pid 2439308 tid 2439410 thread 2 bound to OS proc set 6,54
OMP: Info #251: KMP_AFFINITY: pid 825101 tid 825201 thread 1 bound to OS proc set 7,55
OMP: Info #251: KMP_AFFINITY: pid 2138425 tid 2138519 thread 3 bound to OS proc set 9,57
OMP: Info #251: KMP_AFFINITY: pid 3004241 tid 3004334 thread 3 bound to OS proc set 27,75
OMP: Info #251: KMP_AFFINITY: pid 2439313 tid 2439412 thread 3 bound to OS proc set 29,77
OMP: Info #251: KMP_AFFINITY: pid 825101 tid 825202 thread 2 bound to OS proc set 6,54
OMP: Info #251: KMP_AFFINITY: pid 2138430 tid 2138509 thread 2 bound to OS proc set 30,78
OMP: Info #251: KMP_AFFINITY: pid 2138430 tid 2138521 thread 3 bound to OS proc set 31,79
OMP: Info #251: KMP_AFFINITY: pid 3004242 tid 3004242 thread 0 bound to OS proc set 28,76
OMP: Info #251: KMP_AFFINITY: pid 825100 tid 825203 thread 3 bound to OS proc set 5,53
OMP: Info #251: KMP_AFFINITY: pid 2138422 tid 2138520 thread 3 bound to OS proc set 3,51
OMP: Info #251: KMP_AFFINITY: pid 3004243 tid 3004328 thread 2 bound to OS proc set 30,78
OMP: Info #251: KMP_AFFINITY: pid 3004243 tid 3004335 thread 3 bound to OS proc set 31,79
OMP: Info #251: KMP_AFFINITY: pid 825099 tid 825204 thread 3 bound to OS proc set 3,51
OMP: Info #276: KMP_AFFINITY: Affinity capable, using global cpuid leaf 11 info
OMP: Info #156: KMP_AFFINITY: 4 available OS procs
OMP: Info #157: KMP_AFFINITY: Uniform topology
OMP: Info #191: KMP_AFFINITY: 1 socket x 2 cores/socket x 2 threads/core (2 total cores)
OMP: Info #215: KMP_AFFINITY: OS proc to physical thread map:
OMP: Info #171: KMP_AFFINITY: OS proc 6 maps to socket 0 core 8 thread 0 
OMP: Info #171: KMP_AFFINITY: OS proc 54 maps to socket 0 core 8 thread 1 
OMP: Info #171: KMP_AFFINITY: OS proc 7 maps to socket 0 core 9 thread 0 
OMP: Info #171: KMP_AFFINITY: OS proc 55 maps to socket 0 core 9 thread 1 
OMP: Info #144: KMP_AFFINITY: Threads may migrate across 1 innermost levels of machine
OMP: Info #251: KMP_AFFINITY: pid 2138424 tid 2138424 thread 0 bound to OS proc set 6,54
OMP: Info #251: KMP_AFFINITY: pid 3004234 tid 3004333 thread 3 bound to OS proc set 1,49

Num-X: 8 ; Num-Y: 6 ; Resolution: 6500 ; Rank: 12 ; Rank-X: 4 ; Rank-Y: 1 ; Rowstart: 1084; Rowend: 2169; Rows: 1085; Colstart: 3252; Colend: 4066; Cols: 814;OMP: Info #251: KMP_AFFINITY: pid 2138426 tid 2138514 thread 2 bound to OS proc set 10,58
OMP: Info #251: KMP_AFFINITY: pid 2138426 tid 2138523 thread 3 bound to OS proc set 11,59
OMP: Info #251: KMP_AFFINITY: pid 3004237 tid 3004336 thread 3 bound to OS proc set 7,55
OMP: Info #251: KMP_AFFINITY: pid 2138427 tid 2138522 thread 3 bound to OS proc set 25,73
OMP: Info #251: KMP_AFFINITY: pid 3004238 tid 3004332 thread 3 bound to OS proc set 9,57
OMP: Info #251: KMP_AFFINITY: pid 2138429 tid 2138518 thread 2 bound to OS proc set 28,76
OMP: Info #251: KMP_AFFINITY: pid 3004244 tid 3004329 thread 2 bound to OS proc set 32,80
OMP: Info #251: KMP_AFFINITY: pid 3004244 tid 3004337 thread 3 bound to OS proc set 33,81
OMP: Info #251: KMP_AFFINITY: pid 825101 tid 825205 thread 3 bound to OS proc set 7,55
OMP: Info #251: KMP_AFFINITY: pid 2138424 tid 2138524 thread 1 bound to OS proc set 7,55
OMP: Info #251: KMP_AFFINITY: pid 3004240 tid 3004339 thread 3 bound to OS proc set 25,73
OMP: Info #251: KMP_AFFINITY: pid 2138424 tid 2138525 thread 2 bound to OS proc set 6,54
OMP: Info #251: KMP_AFFINITY: pid 3004242 tid 3004338 thread 1 bound to OS proc set 29,77
OMP: Info #251: KMP_AFFINITY: pid 2138424 tid 2138526 thread 3 bound to OS proc set 7,55
OMP: Info #251: KMP_AFFINITY: pid 3004242 tid 3004340 thread 2 bound to OS proc set 28,76
OMP: Info #251: KMP_AFFINITY: pid 3004242 tid 3004341 thread 3 bound to OS proc set 29,77
OMP: Info #251: KMP_AFFINITY: pid 2138432 tid 2138512 thread 2 bound to OS proc set 34,82
OMP: Info #251: KMP_AFFINITY: pid 2138432 tid 2138527 thread 3 bound to OS proc set 35,83
OMP: Info #251: KMP_AFFINITY: pid 2138429 tid 2138528 thread 3 bound to OS proc set 29,77
OMP: Info #251: KMP_AFFINITY: pid 2439308 tid 2439411 thread 3 bound to OS proc set 7,55

Num-X: 8 ; Num-Y: 6 ; Resolution: 6500 ; Rank: 21 ; Rank-X: 5 ; Rank-Y: 2 ; Rowstart: 2168; Rowend: 3253; Rows: 1085; Colstart: 4065; Colend: 4879; Cols: 814;
Num-X: 8 ; Num-Y: 6 ; Resolution: 6500 ; Rank: 16 ; Rank-X: 0 ; Rank-Y: 2 ; Rowstart: 2168; Rowend: 3253; Rows: 1085; Colstart: 0; Colend: 814; Cols: 814;
Num-X: 8 ; Num-Y: 6 ; Resolution: 6500 ; Rank: 1 ; Rank-X: 1 ; Rank-Y: 0 ; Rowstart: 0; Rowend: 1085; Rows: 1085; Colstart: 813; Colend: 1627; Cols: 814;
Num-X: 8 ; Num-Y: 6 ; Resolution: 6500 ; Rank: 5 ; Rank-X: 5 ; Rank-Y: 0 ; Rowstart: 0; Rowend: 1085; Rows: 1085; Colstart: 4065; Colend: 4879; Cols: 814;
Num-X: 8 ; Num-Y: 6 ; Resolution: 6500 ; Rank: 31 ; Rank-X: 7 ; Rank-Y: 3 ; Rowstart: 3252; Rowend: 4337; Rows: 1085; Colstart: 5691; Colend: 6501; Cols: 810;
Num-X: 8 ; Num-Y: 6 ; Resolution: 6500 ; Rank: 40 ; Rank-X: 0 ; Rank-Y: 5 ; Rowstart: 5420; Rowend: 6501; Rows: 1081; Colstart: 0; Colend: 814; Cols: 814;
Num-X: 8 ; Num-Y: 6 ; Resolution: 6500 ; Rank: 2 ; Rank-X: 2 ; Rank-Y: 0 ; Rowstart: 0; Rowend: 1085; Rows: 1085; Colstart: 1626; Colend: 2440; Cols: 814;
Num-X: 8 ; Num-Y: 6 ; Resolution: 6500 ; Rank: 41 ; Rank-X: 1 ; Rank-Y: 5 ; Rowstart: 5420; Rowend: 6501; Rows: 1081; Colstart: 813; Colend: 1627; Cols: 814;
Num-X: 8 ; Num-Y: 6 ; Resolution: 6500 ; Rank: 4 ; Rank-X: 4 ; Rank-Y: 0 ; Rowstart: 0; Rowend: 1085; Rows: 1085; Colstart: 3252; Colend: 4066; Cols: 814;
Num-X: 8 ; Num-Y: 6 ; Resolution: 6500 ; Rank: 46 ; Rank-X: 6 ; Rank-Y: 5 ; Rowstart: 5420; Rowend: 6501; Rows: 1081; Colstart: 4878; Colend: 5692; Cols: 814;
Num-X: 8 ; Num-Y: 6 ; Resolution: 6500 ; Rank: 45 ; Rank-X: 5 ; Rank-Y: 5 ; Rowstart: 5420; Rowend: 6501; Rows: 1081; Colstart: 4065; Colend: 4879; Cols: 814;
Num-X: 8 ; Num-Y: 6 ; Resolution: 6500 ; Rank: 47 ; Rank-X: 7 ; Rank-Y: 5 ; Rowstart: 5420; Rowend: 6501; Rows: 1081; Colstart: 5691; Colend: 6501; Cols: 810;
Num-X: 8 ; Num-Y: 6 ; Resolution: 6500 ; Rank: 43 ; Rank-X: 3 ; Rank-Y: 5 ; Rowstart: 5420; Rowend: 6501; Rows: 1081; Colstart: 2439; Colend: 3253; Cols: 814;
Num-X: 8 ; Num-Y: 6 ; Resolution: 6500 ; Rank: 20 ; Rank-X: 4 ; Rank-Y: 2 ; Rowstart: 2168; Rowend: 3253; Rows: 1085; Colstart: 3252; Colend: 4066; Cols: 814;
Num-X: 8 ; Num-Y: 6 ; Resolution: 6500 ; Rank: 7 ; Rank-X: 7 ; Rank-Y: 0 ; Rowstart: 0; Rowend: 1085; Rows: 1085; Colstart: 5691; Colend: 6501; Cols: 810;
Num-X: 8 ; Num-Y: 6 ; Resolution: 6500 ; Rank: 36 ; Rank-X: 4 ; Rank-Y: 4 ; Rowstart: 4336; Rowend: 5421; Rows: 1085; Colstart: 3252; Colend: 4066; Cols: 814;
Num-X: 8 ; Num-Y: 6 ; Resolution: 6500 ; Rank: 23 ; Rank-X: 7 ; Rank-Y: 2 ; Rowstart: 2168; Rowend: 3253; Rows: 1085; Colstart: 5691; Colend: 6501; Cols: 810;
Num-X: 8 ; Num-Y: 6 ; Resolution: 6500 ; Rank: 28 ; Rank-X: 4 ; Rank-Y: 3 ; Rowstart: 3252; Rowend: 4337; Rows: 1085; Colstart: 3252; Colend: 4066; Cols: 814;
Num-X: 8 ; Num-Y: 6 ; Resolution: 6500 ; Rank: 11 ; Rank-X: 3 ; Rank-Y: 1 ; Rowstart: 1084; Rowend: 2169; Rows: 1085; Colstart: 2439; Colend: 3253; Cols: 814;
Num-X: 8 ; Num-Y: 6 ; Resolution: 6500 ; Rank: 38 ; Rank-X: 6 ; Rank-Y: 4 ; Rowstart: 4336; Rowend: 5421; Rows: 1085; Colstart: 4878; Colend: 5692; Cols: 814;
Num-X: 8 ; Num-Y: 6 ; Resolution: 6500 ; Rank: 29 ; Rank-X: 5 ; Rank-Y: 3 ; Rowstart: 3252; Rowend: 4337; Rows: 1085; Colstart: 4065; Colend: 4879; Cols: 814;
Num-X: 8 ; Num-Y: 6 ; Resolution: 6500 ; Rank: 0 ; Rank-X: 0 ; Rank-Y: 0 ; Rowstart: 0; Rowend: 1085; Rows: 1085; Colstart: 0; Colend: 814; Cols: 814;
Num-X: 8 ; Num-Y: 6 ; Resolution: 6500 ; Rank: 13 ; Rank-X: 5 ; Rank-Y: 1 ; Rowstart: 1084; Rowend: 2169; Rows: 1085; Colstart: 4065; Colend: 4879; Cols: 814;
Num-X: 8 ; Num-Y: 6 ; Resolution: 6500 ; Rank: 30 ; Rank-X: 6 ; Rank-Y: 3 ; Rowstart: 3252; Rowend: 4337; Rows: 1085; Colstart: 4878; Colend: 5692; Cols: 814;
Num-X: 8 ; Num-Y: 6 ; Resolution: 6500 ; Rank: 24 ; Rank-X: 0 ; Rank-Y: 3 ; Rowstart: 3252; Rowend: 4337; Rows: 1085; Colstart: 0; Colend: 814; Cols: 814;
Num-X: 8 ; Num-Y: 6 ; Resolution: 6500 ; Rank: 26 ; Rank-X: 2 ; Rank-Y: 3 ; Rowstart: 3252; Rowend: 4337; Rows: 1085; Colstart: 1626; Colend: 2440; Cols: 814;
Num-X: 8 ; Num-Y: 6 ; Resolution: 6500 ; Rank: 22 ; Rank-X: 6 ; Rank-Y: 2 ; Rowstart: 2168; Rowend: 3253; Rows: 1085; Colstart: 4878; Colend: 5692; Cols: 814;
Num-X: 8 ; Num-Y: 6 ; Resolution: 6500 ; Rank: 18 ; Rank-X: 2 ; Rank-Y: 2 ; Rowstart: 2168; Rowend: 3253; Rows: 1085; Colstart: 1626; Colend: 2440; Cols: 814;
Num-X: 8 ; Num-Y: 6 ; Resolution: 6500 ; Rank: 3 ; Rank-X: 3 ; Rank-Y: 0 ; Rowstart: 0; Rowend: 1085; Rows: 1085; Colstart: 2439; Colend: 3253; Cols: 814;
Num-X: 8 ; Num-Y: 6 ; Resolution: 6500 ; Rank: 44 ; Rank-X: 4 ; Rank-Y: 5 ; Rowstart: 5420; Rowend: 6501; Rows: 1081; Colstart: 3252; Colend: 4066; Cols: 814;
Num-X: 8 ; Num-Y: 6 ; Resolution: 6500 ; Rank: 10 ; Rank-X: 2 ; Rank-Y: 1 ; Rowstart: 1084; Rowend: 2169; Rows: 1085; Colstart: 1626; Colend: 2440; Cols: 814;
Num-X: 8 ; Num-Y: 6 ; Resolution: 6500 ; Rank: 33 ; Rank-X: 1 ; Rank-Y: 4 ; Rowstart: 4336; Rowend: 5421; Rows: 1085; Colstart: 813; Colend: 1627; Cols: 814;
Num-X: 8 ; Num-Y: 6 ; Resolution: 6500 ; Rank: 42 ; Rank-X: 2 ; Rank-Y: 5 ; Rowstart: 5420; Rowend: 6501; Rows: 1081; Colstart: 1626; Colend: 2440; Cols: 814;
Num-X: 8 ; Num-Y: 6 ; Resolution: 6500 ; Rank: 35 ; Rank-X: 3 ; Rank-Y: 4 ; Rowstart: 4336; Rowend: 5421; Rows: 1085; Colstart: 2439; Colend: 3253; Cols: 814;
Num-X: 8 ; Num-Y: 6 ; Resolution: 6500 ; Rank: 14 ; Rank-X: 6 ; Rank-Y: 1 ; Rowstart: 1084; Rowend: 2169; Rows: 1085; Colstart: 4878; Colend: 5692; Cols: 814;
Num-X: 8 ; Num-Y: 6 ; Resolution: 6500 ; Rank: 37 ; Rank-X: 5 ; Rank-Y: 4 ; Rowstart: 4336; Rowend: 5421; Rows: 1085; Colstart: 4065; Colend: 4879; Cols: 814;
Num-X: 8 ; Num-Y: 6 ; Resolution: 6500 ; Rank: 9 ; Rank-X: 1 ; Rank-Y: 1 ; Rowstart: 1084; Rowend: 2169; Rows: 1085; Colstart: 813; Colend: 1627; Cols: 814;
Num-X: 8 ; Num-Y: 6 ; Resolution: 6500 ; Rank: 17 ; Rank-X: 1 ; Rank-Y: 2 ; Rowstart: 2168; Rowend: 3253; Rows: 1085; Colstart: 813; Colend: 1627; Cols: 814;
Num-X: 8 ; Num-Y: 6 ; Resolution: 6500 ; Rank: 34 ; Rank-X: 2 ; Rank-Y: 4 ; Rowstart: 4336; Rowend: 5421; Rows: 1085; Colstart: 1626; Colend: 2440; Cols: 814;
Num-X: 8 ; Num-Y: 6 ; Resolution: 6500 ; Rank: 19 ; Rank-X: 3 ; Rank-Y: 2 ; Rowstart: 2168; Rowend: 3253; Rows: 1085; Colstart: 2439; Colend: 3253; Cols: 814;
Num-X: 8 ; Num-Y: 6 ; Resolution: 6500 ; Rank: 32 ; Rank-X: 0 ; Rank-Y: 4 ; Rowstart: 4336; Rowend: 5421; Rows: 1085; Colstart: 0; Colend: 814; Cols: 814;
Num-X: 8 ; Num-Y: 6 ; Resolution: 6500 ; Rank: 6 ; Rank-X: 6 ; Rank-Y: 0 ; Rowstart: 0; Rowend: 1085; Rows: 1085; Colstart: 4878; Colend: 5692; Cols: 814;
Num-X: 8 ; Num-Y: 6 ; Resolution: 6500 ; Rank: 25 ; Rank-X: 1 ; Rank-Y: 3 ; Rowstart: 3252; Rowend: 4337; Rows: 1085; Colstart: 813; Colend: 1627; Cols: 814;
Num-X: 8 ; Num-Y: 6 ; Resolution: 6500 ; Rank: 27 ; Rank-X: 3 ; Rank-Y: 3 ; Rowstart: 3252; Rowend: 4337; Rows: 1085; Colstart: 2439; Colend: 3253; Cols: 814;
Num-X: 8 ; Num-Y: 6 ; Resolution: 6500 ; Rank: 8 ; Rank-X: 0 ; Rank-Y: 1 ; Rowstart: 1084; Rowend: 2169; Rows: 1085; Colstart: 0; Colend: 814; Cols: 814;
Num-X: 8 ; Num-Y: 6 ; Resolution: 6500 ; Rank: 15 ; Rank-X: 7 ; Rank-Y: 1 ; Rowstart: 1084; Rowend: 2169; Rows: 1085; Colstart: 5691; Colend: 6501; Cols: 810;
Num-X: 8 ; Num-Y: 6 ; Resolution: 6500 ; Rank: 39 ; Rank-X: 7 ; Rank-Y: 4 ; Rowstart: 4336; Rowend: 5421; Rows: 1085; Colstart: 5691; Colend: 6501; Cols: 810;

Resolution: 6500
===================
Execution time: 0.019390
Residual: 3.049154

megaflops:  305052.5
  flop instructions (M):  5915.000

Num-X: 8 ; Num-Y: 6 ; Resolution: 8500 ; Rank: 7 ; Rank-X: 7 ; Rank-Y: 0 ; Rowstart: 0; Rowend: 1418; Rows: 1418; Colstart: 7441; Colend: 8501; Cols: 1060;
Num-X: 8 ; Num-Y: 6 ; Resolution: 8500 ; Rank: 11 ; Rank-X: 3 ; Rank-Y: 1 ; Rowstart: 1417; Rowend: 2835; Rows: 1418; Colstart: 3189; Colend: 4253; Cols: 1064;
Num-X: 8 ; Num-Y: 6 ; Resolution: 8500 ; Rank: 38 ; Rank-X: 6 ; Rank-Y: 4 ; Rowstart: 5668; Rowend: 7086; Rows: 1418; Colstart: 6378; Colend: 7442; Cols: 1064;
Num-X: 8 ; Num-Y: 6 ; Resolution: 8500 ; Rank: 1 ; Rank-X: 1 ; Rank-Y: 0 ; Rowstart: 0; Rowend: 1418; Rows: 1418; Colstart: 1063; Colend: 2127; Cols: 1064;
Num-X: 8 ; Num-Y: 6 ; Resolution: 8500 ; Rank: 43 ; Rank-X: 3 ; Rank-Y: 5 ; Rowstart: 7085; Rowend: 8501; Rows: 1416; Colstart: 3189; Colend: 4253; Cols: 1064;
Num-X: 8 ; Num-Y: 6 ; Resolution: 8500 ; Rank: 12 ; Rank-X: 4 ; Rank-Y: 1 ; Rowstart: 1417; Rowend: 2835; Rows: 1418; Colstart: 4252; Colend: 5316; Cols: 1064;
Num-X: 8 ; Num-Y: 6 ; Resolution: 8500 ; Rank: 2 ; Rank-X: 2 ; Rank-Y: 0 ; Rowstart: 0; Rowend: 1418; Rows: 1418; Colstart: 2126; Colend: 3190; Cols: 1064;
Num-X: 8 ; Num-Y: 6 ; Resolution: 8500 ; Rank: 40 ; Rank-X: 0 ; Rank-Y: 5 ; Rowstart: 7085; Rowend: 8501; Rows: 1416; Colstart: 0; Colend: 1064; Cols: 1064;
Num-X: 8 ; Num-Y: 6 ; Resolution: 8500 ; Rank: 17 ; Rank-X: 1 ; Rank-Y: 2 ; Rowstart: 2834; Rowend: 4252; Rows: 1418; Colstart: 1063; Colend: 2127; Cols: 1064;
Num-X: 8 ; Num-Y: 6 ; Resolution: 8500 ; Rank: 29 ; Rank-X: 5 ; Rank-Y: 3 ; Rowstart: 4251; Rowend: 5669; Rows: 1418; Colstart: 5315; Colend: 6379; Cols: 1064;
Num-X: 8 ; Num-Y: 6 ; Resolution: 8500 ; Rank: 3 ; Rank-X: 3 ; Rank-Y: 0 ; Rowstart: 0; Rowend: 1418; Rows: 1418; Colstart: 3189; Colend: 4253; Cols: 1064;
Num-X: 8 ; Num-Y: 6 ; Resolution: 8500 ; Rank: 36 ; Rank-X: 4 ; Rank-Y: 4 ; Rowstart: 5668; Rowend: 7086; Rows: 1418; Colstart: 4252; Colend: 5316; Cols: 1064;
Num-X: 8 ; Num-Y: 6 ; Resolution: 8500 ; Rank: 21 ; Rank-X: 5 ; Rank-Y: 2 ; Rowstart: 2834; Rowend: 4252; Rows: 1418; Colstart: 5315; Colend: 6379; Cols: 1064;
Num-X: 8 ; Num-Y: 6 ; Resolution: 8500 ; Rank: 30 ; Rank-X: 6 ; Rank-Y: 3 ; Rowstart: 4251; Rowend: 5669; Rows: 1418; Colstart: 6378; Colend: 7442; Cols: 1064;
Num-X: 8 ; Num-Y: 6 ; Resolution: 8500 ; Rank: 4 ; Rank-X: 4 ; Rank-Y: 0 ; Rowstart: 0; Rowend: 1418; Rows: 1418; Colstart: 4252; Colend: 5316; Cols: 1064;
Num-X: 8 ; Num-Y: 6 ; Resolution: 8500 ; Rank: 39 ; Rank-X: 7 ; Rank-Y: 4 ; Rowstart: 5668; Rowend: 7086; Rows: 1418; Colstart: 7441; Colend: 8501; Cols: 1060;
Num-X: 8 ; Num-Y: 6 ; Resolution: 8500 ; Rank: 22 ; Rank-X: 6 ; Rank-Y: 2 ; Rowstart: 2834; Rowend: 4252; Rows: 1418; Colstart: 6378; Colend: 7442; Cols: 1064;
Num-X: 8 ; Num-Y: 6 ; Resolution: 8500 ; Rank: 31 ; Rank-X: 7 ; Rank-Y: 3 ; Rowstart: 4251; Rowend: 5669; Rows: 1418; Colstart: 7441; Colend: 8501; Cols: 1060;
Num-X: 8 ; Num-Y: 6 ; Resolution: 8500 ; Rank: 9 ; Rank-X: 1 ; Rank-Y: 1 ; Rowstart: 1417; Rowend: 2835; Rows: 1418; Colstart: 1063; Colend: 2127; Cols: 1064;
Num-X: 8 ; Num-Y: 6 ; Resolution: 8500 ; Rank: 19 ; Rank-X: 3 ; Rank-Y: 2 ; Rowstart: 2834; Rowend: 4252; Rows: 1418; Colstart: 3189; Colend: 4253; Cols: 1064;
Num-X: 8 ; Num-Y: 6 ; Resolution: 8500 ; Rank: 28 ; Rank-X: 4 ; Rank-Y: 3 ; Rowstart: 4251; Rowend: 5669; Rows: 1418; Colstart: 4252; Colend: 5316; Cols: 1064;
Num-X: 8 ; Num-Y: 6 ; Resolution: 8500 ; Rank: 10 ; Rank-X: 2 ; Rank-Y: 1 ; Rowstart: 1417; Rowend: 2835; Rows: 1418; Colstart: 2126; Colend: 3190; Cols: 1064;
Num-X: 8 ; Num-Y: 6 ; Resolution: 8500 ; Rank: 20 ; Rank-X: 4 ; Rank-Y: 2 ; Rowstart: 2834; Rowend: 4252; Rows: 1418; Colstart: 4252; Colend: 5316; Cols: 1064;
Num-X: 8 ; Num-Y: 6 ; Resolution: 8500 ; Rank: 33 ; Rank-X: 1 ; Rank-Y: 4 ; Rowstart: 5668; Rowend: 7086; Rows: 1418; Colstart: 1063; Colend: 2127; Cols: 1064;
Num-X: 8 ; Num-Y: 6 ; Resolution: 8500 ; Rank: 5 ; Rank-X: 5 ; Rank-Y: 0 ; Rowstart: 0; Rowend: 1418; Rows: 1418; Colstart: 5315; Colend: 6379; Cols: 1064;
Num-X: 8 ; Num-Y: 6 ; Resolution: 8500 ; Rank: 23 ; Rank-X: 7 ; Rank-Y: 2 ; Rowstart: 2834; Rowend: 4252; Rows: 1418; Colstart: 7441; Colend: 8501; Cols: 1060;
Num-X: 8 ; Num-Y: 6 ; Resolution: 8500 ; Rank: 26 ; Rank-X: 2 ; Rank-Y: 3 ; Rowstart: 4251; Rowend: 5669; Rows: 1418; Colstart: 2126; Colend: 3190; Cols: 1064;
Num-X: 8 ; Num-Y: 6 ; Resolution: 8500 ; Rank: 8 ; Rank-X: 0 ; Rank-Y: 1 ; Rowstart: 1417; Rowend: 2835; Rows: 1418; Colstart: 0; Colend: 1064; Cols: 1064;
Num-X: 8 ; Num-Y: 6 ; Resolution: 8500 ; Rank: 16 ; Rank-X: 0 ; Rank-Y: 2 ; Rowstart: 2834; Rowend: 4252; Rows: 1418; Colstart: 0; Colend: 1064; Cols: 1064;
Num-X: 8 ; Num-Y: 6 ; Resolution: 8500 ; Rank: 27 ; Rank-X: 3 ; Rank-Y: 3 ; Rowstart: 4251; Rowend: 5669; Rows: 1418; Colstart: 3189; Colend: 4253; Cols: 1064;
Num-X: 8 ; Num-Y: 6 ; Resolution: 8500 ; Rank: 6 ; Rank-X: 6 ; Rank-Y: 0 ; Rowstart: 0; Rowend: 1418; Rows: 1418; Colstart: 6378; Colend: 7442; Cols: 1064;
Num-X: 8 ; Num-Y: 6 ; Resolution: 8500 ; Rank: 24 ; Rank-X: 0 ; Rank-Y: 3 ; Rowstart: 4251; Rowend: 5669; Rows: 1418; Colstart: 0; Colend: 1064; Cols: 1064;
Num-X: 8 ; Num-Y: 6 ; Resolution: 8500 ; Rank: 0 ; Rank-X: 0 ; Rank-Y: 0 ; Rowstart: 0; Rowend: 1418; Rows: 1418; Colstart: 0; Colend: 1064; Cols: 1064;
Num-X: 8 ; Num-Y: 6 ; Resolution: 8500 ; Rank: 37 ; Rank-X: 5 ; Rank-Y: 4 ; Rowstart: 5668; Rowend: 7086; Rows: 1418; Colstart: 5315; Colend: 6379; Cols: 1064;
Num-X: 8 ; Num-Y: 6 ; Resolution: 8500 ; Rank: 18 ; Rank-X: 2 ; Rank-Y: 2 ; Rowstart: 2834; Rowend: 4252; Rows: 1418; Colstart: 2126; Colend: 3190; Cols: 1064;
Num-X: 8 ; Num-Y: 6 ; Resolution: 8500 ; Rank: 34 ; Rank-X: 2 ; Rank-Y: 4 ; Rowstart: 5668; Rowend: 7086; Rows: 1418; Colstart: 2126; Colend: 3190; Cols: 1064;
Num-X: 8 ; Num-Y: 6 ; Resolution: 8500 ; Rank: 42 ; Rank-X: 2 ; Rank-Y: 5 ; Rowstart: 7085; Rowend: 8501; Rows: 1416; Colstart: 2126; Colend: 3190; Cols: 1064;
Num-X: 8 ; Num-Y: 6 ; Resolution: 8500 ; Rank: 25 ; Rank-X: 1 ; Rank-Y: 3 ; Rowstart: 4251; Rowend: 5669; Rows: 1418; Colstart: 1063; Colend: 2127; Cols: 1064;
Num-X: 8 ; Num-Y: 6 ; Resolution: 8500 ; Rank: 47 ; Rank-X: 7 ; Rank-Y: 5 ; Rowstart: 7085; Rowend: 8501; Rows: 1416; Colstart: 7441; Colend: 8501; Cols: 1060;
Num-X: 8 ; Num-Y: 6 ; Resolution: 8500 ; Rank: 35 ; Rank-X: 3 ; Rank-Y: 4 ; Rowstart: 5668; Rowend: 7086; Rows: 1418; Colstart: 3189; Colend: 4253; Cols: 1064;
Num-X: 8 ; Num-Y: 6 ; Resolution: 8500 ; Rank: 45 ; Rank-X: 5 ; Rank-Y: 5 ; Rowstart: 7085; Rowend: 8501; Rows: 1416; Colstart: 5315; Colend: 6379; Cols: 1064;
Num-X: 8 ; Num-Y: 6 ; Resolution: 8500 ; Rank: 41 ; Rank-X: 1 ; Rank-Y: 5 ; Rowstart: 7085; Rowend: 8501; Rows: 1416; Colstart: 1063; Colend: 2127; Cols: 1064;
Num-X: 8 ; Num-Y: 6 ; Resolution: 8500 ; Rank: 44 ; Rank-X: 4 ; Rank-Y: 5 ; Rowstart: 7085; Rowend: 8501; Rows: 1416; Colstart: 4252; Colend: 5316; Cols: 1064;
Num-X: 8 ; Num-Y: 6 ; Resolution: 8500 ; Rank: 46 ; Rank-X: 6 ; Rank-Y: 5 ; Rowstart: 7085; Rowend: 8501; Rows: 1416; Colstart: 6378; Colend: 7442; Cols: 1064;
Num-X: 8 ; Num-Y: 6 ; Resolution: 8500 ; Rank: 13 ; Rank-X: 5 ; Rank-Y: 1 ; Rowstart: 1417; Rowend: 2835; Rows: 1418; Colstart: 5315; Colend: 6379; Cols: 1064;
Num-X: 8 ; Num-Y: 6 ; Resolution: 8500 ; Rank: 14 ; Rank-X: 6 ; Rank-Y: 1 ; Rowstart: 1417; Rowend: 2835; Rows: 1418; Colstart: 6378; Colend: 7442; Cols: 1064;
Num-X: 8 ; Num-Y: 6 ; Resolution: 8500 ; Rank: 15 ; Rank-X: 7 ; Rank-Y: 1 ; Rowstart: 1417; Rowend: 2835; Rows: 1418; Colstart: 7441; Colend: 8501; Cols: 1060;
Num-X: 8 ; Num-Y: 6 ; Resolution: 8500 ; Rank: 32 ; Rank-X: 0 ; Rank-Y: 4 ; Rowstart: 5668; Rowend: 7086; Rows: 1418; Colstart: 0; Colend: 1064; Cols: 1064;

Resolution: 8500
===================
Execution time: 0.037621
Residual: 3.987213

megaflops:  268865.6
  flop instructions (M):  10115.000

Num-X: 8 ; Num-Y: 6 ; Resolution: 10500 ; Rank: 4 ; Rank-X: 4 ; Rank-Y: 0 ; Rowstart: 0; Rowend: 1751; Rows: 1751; Colstart: 5252; Colend: 6566; Cols: 1314;
Num-X: 8 ; Num-Y: 6 ; Resolution: 10500 ; Rank: 10 ; Rank-X: 2 ; Rank-Y: 1 ; Rowstart: 1750; Rowend: 3501; Rows: 1751; Colstart: 2626; Colend: 3940; Cols: 1314;
Num-X: 8 ; Num-Y: 6 ; Resolution: 10500 ; Rank: 18 ; Rank-X: 2 ; Rank-Y: 2 ; Rowstart: 3500; Rowend: 5251; Rows: 1751; Colstart: 2626; Colend: 3940; Cols: 1314;
Num-X: 8 ; Num-Y: 6 ; Resolution: 10500 ; Rank: 26 ; Rank-X: 2 ; Rank-Y: 3 ; Rowstart: 5250; Rowend: 7001; Rows: 1751; Colstart: 2626; Colend: 3940; Cols: 1314;
Num-X: 8 ; Num-Y: 6 ; Resolution: 10500 ; Rank: 6 ; Rank-X: 6 ; Rank-Y: 0 ; Rowstart: 0; Rowend: 1751; Rows: 1751; Colstart: 7878; Colend: 9192; Cols: 1314;
Num-X: 8 ; Num-Y: 6 ; Resolution: 10500 ; Rank: 23 ; Rank-X: 7 ; Rank-Y: 2 ; Rowstart: 3500; Rowend: 5251; Rows: 1751; Colstart: 9191; Colend: 10501; Cols: 1310;
Num-X: 8 ; Num-Y: 6 ; Resolution: 10500 ; Rank: 28 ; Rank-X: 4 ; Rank-Y: 3 ; Rowstart: 5250; Rowend: 7001; Rows: 1751; Colstart: 5252; Colend: 6566; Cols: 1314;
Num-X: 8 ; Num-Y: 6 ; Resolution: 10500 ; Rank: 9 ; Rank-X: 1 ; Rank-Y: 1 ; Rowstart: 1750; Rowend: 3501; Rows: 1751; Colstart: 1313; Colend: 2627; Cols: 1314;
Num-X: 8 ; Num-Y: 6 ; Resolution: 10500 ; Rank: 36 ; Rank-X: 4 ; Rank-Y: 4 ; Rowstart: 7000; Rowend: 8751; Rows: 1751; Colstart: 5252; Colend: 6566; Cols: 1314;
Num-X: 8 ; Num-Y: 6 ; Resolution: 10500 ; Rank: 33 ; Rank-X: 1 ; Rank-Y: 4 ; Rowstart: 7000; Rowend: 8751; Rows: 1751; Colstart: 1313; Colend: 2627; Cols: 1314;
Num-X: 8 ; Num-Y: 6 ; Resolution: 10500 ; Rank: 0 ; Rank-X: 0 ; Rank-Y: 0 ; Rowstart: 0; Rowend: 1751; Rows: 1751; Colstart: 0; Colend: 1314; Cols: 1314;
Num-X: 8 ; Num-Y: 6 ; Resolution: 10500 ; Rank: 39 ; Rank-X: 7 ; Rank-Y: 4 ; Rowstart: 7000; Rowend: 8751; Rows: 1751; Colstart: 9191; Colend: 10501; Cols: 1310;
Num-X: 8 ; Num-Y: 6 ; Resolution: 10500 ; Rank: 34 ; Rank-X: 2 ; Rank-Y: 4 ; Rowstart: 7000; Rowend: 8751; Rows: 1751; Colstart: 2626; Colend: 3940; Cols: 1314;
Num-X: 8 ; Num-Y: 6 ; Resolution: 10500 ; Rank: 2 ; Rank-X: 2 ; Rank-Y: 0 ; Rowstart: 0; Rowend: 1751; Rows: 1751; Colstart: 2626; Colend: 3940; Cols: 1314;
Num-X: 8 ; Num-Y: 6 ; Resolution: 10500 ; Rank: 47 ; Rank-X: 7 ; Rank-Y: 5 ; Rowstart: 8750; Rowend: 10501; Rows: 1751; Colstart: 9191; Colend: 10501; Cols: 1310;
Num-X: 8 ; Num-Y: 6 ; Resolution: 10500 ; Rank: 37 ; Rank-X: 5 ; Rank-Y: 4 ; Rowstart: 7000; Rowend: 8751; Rows: 1751; Colstart: 6565; Colend: 7879; Cols: 1314;
Num-X: 8 ; Num-Y: 6 ; Resolution: 10500 ; Rank: 12 ; Rank-X: 4 ; Rank-Y: 1 ; Rowstart: 1750; Rowend: 3501; Rows: 1751; Colstart: 5252; Colend: 6566; Cols: 1314;
Num-X: 8 ; Num-Y: 6 ; Resolution: 10500 ; Rank: 42 ; Rank-X: 2 ; Rank-Y: 5 ; Rowstart: 8750; Rowend: 10501; Rows: 1751; Colstart: 2626; Colend: 3940; Cols: 1314;
Num-X: 8 ; Num-Y: 6 ; Resolution: 10500 ; Rank: 17 ; Rank-X: 1 ; Rank-Y: 2 ; Rowstart: 3500; Rowend: 5251; Rows: 1751; Colstart: 1313; Colend: 2627; Cols: 1314;
Num-X: 8 ; Num-Y: 6 ; Resolution: 10500 ; Rank: 38 ; Rank-X: 6 ; Rank-Y: 4 ; Rowstart: 7000; Rowend: 8751; Rows: 1751; Colstart: 7878; Colend: 9192; Cols: 1314;
Num-X: 8 ; Num-Y: 6 ; Resolution: 10500 ; Rank: 19 ; Rank-X: 3 ; Rank-Y: 2 ; Rowstart: 3500; Rowend: 5251; Rows: 1751; Colstart: 3939; Colend: 5253; Cols: 1314;
Num-X: 8 ; Num-Y: 6 ; Resolution: 10500 ; Rank: 25 ; Rank-X: 1 ; Rank-Y: 3 ; Rowstart: 5250; Rowend: 7001; Rows: 1751; Colstart: 1313; Colend: 2627; Cols: 1314;
Num-X: 8 ; Num-Y: 6 ; Resolution: 10500 ; Rank: 20 ; Rank-X: 4 ; Rank-Y: 2 ; Rowstart: 3500; Rowend: 5251; Rows: 1751; Colstart: 5252; Colend: 6566; Cols: 1314;
Num-X: 8 ; Num-Y: 6 ; Resolution: 10500 ; Rank: 30 ; Rank-X: 6 ; Rank-Y: 3 ; Rowstart: 5250; Rowend: 7001; Rows: 1751; Colstart: 7878; Colend: 9192; Cols: 1314;
Num-X: 8 ; Num-Y: 6 ; Resolution: 10500 ; Rank: 22 ; Rank-X: 6 ; Rank-Y: 2 ; Rowstart: 3500; Rowend: 5251; Rows: 1751; Colstart: 7878; Colend: 9192; Cols: 1314;
Num-X: 8 ; Num-Y: 6 ; Resolution: 10500 ; Rank: 35 ; Rank-X: 3 ; Rank-Y: 4 ; Rowstart: 7000; Rowend: 8751; Rows: 1751; Colstart: 3939; Colend: 5253; Cols: 1314;
Num-X: 8 ; Num-Y: 6 ; Resolution: 10500 ; Rank: 13 ; Rank-X: 5 ; Rank-Y: 1 ; Rowstart: 1750; Rowend: 3501; Rows: 1751; Colstart: 6565; Colend: 7879; Cols: 1314;
Num-X: 8 ; Num-Y: 6 ; Resolution: 10500 ; Rank: 27 ; Rank-X: 3 ; Rank-Y: 3 ; Rowstart: 5250; Rowend: 7001; Rows: 1751; Colstart: 3939; Colend: 5253; Cols: 1314;
Num-X: 8 ; Num-Y: 6 ; Resolution: 10500 ; Rank: 14 ; Rank-X: 6 ; Rank-Y: 1 ; Rowstart: 1750; Rowend: 3501; Rows: 1751; Colstart: 7878; Colend: 9192; Cols: 1314;
Num-X: 8 ; Num-Y: 6 ; Resolution: 10500 ; Rank: 31 ; Rank-X: 7 ; Rank-Y: 3 ; Rowstart: 5250; Rowend: 7001; Rows: 1751; Colstart: 9191; Colend: 10501; Cols: 1310;
Num-X: 8 ; Num-Y: 6 ; Resolution: 10500 ; Rank: 41 ; Rank-X: 1 ; Rank-Y: 5 ; Rowstart: 8750; Rowend: 10501; Rows: 1751; Colstart: 1313; Colend: 2627; Cols: 1314;
Num-X: 8 ; Num-Y: 6 ; Resolution: 10500 ; Rank: 32 ; Rank-X: 0 ; Rank-Y: 4 ; Rowstart: 7000; Rowend: 8751; Rows: 1751; Colstart: 0; Colend: 1314; Cols: 1314;
Num-X: 8 ; Num-Y: 6 ; Resolution: 10500 ; Rank: 44 ; Rank-X: 4 ; Rank-Y: 5 ; Rowstart: 8750; Rowend: 10501; Rows: 1751; Colstart: 5252; Colend: 6566; Cols: 1314;
Num-X: 8 ; Num-Y: 6 ; Resolution: 10500 ; Rank: 45 ; Rank-X: 5 ; Rank-Y: 5 ; Rowstart: 8750; Rowend: 10501; Rows: 1751; Colstart: 6565; Colend: 7879; Cols: 1314;
Num-X: 8 ; Num-Y: 6 ; Resolution: 10500 ; Rank: 15 ; Rank-X: 7 ; Rank-Y: 1 ; Rowstart: 1750; Rowend: 3501; Rows: 1751; Colstart: 9191; Colend: 10501; Cols: 1310;
Num-X: 8 ; Num-Y: 6 ; Resolution: 10500 ; Rank: 46 ; Rank-X: 6 ; Rank-Y: 5 ; Rowstart: 8750; Rowend: 10501; Rows: 1751; Colstart: 7878; Colend: 9192; Cols: 1314;
Num-X: 8 ; Num-Y: 6 ; Resolution: 10500 ; Rank: 24 ; Rank-X: 0 ; Rank-Y: 3 ; Rowstart: 5250; Rowend: 7001; Rows: 1751; Colstart: 0; Colend: 1314; Cols: 1314;
Num-X: 8 ; Num-Y: 6 ; Resolution: 10500 ; Rank: 29 ; Rank-X: 5 ; Rank-Y: 3 ; Rowstart: 5250; Rowend: 7001; Rows: 1751; Colstart: 6565; Colend: 7879; Cols: 1314;
Num-X: 8 ; Num-Y: 6 ; Resolution: 10500 ; Rank: 21 ; Rank-X: 5 ; Rank-Y: 2 ; Rowstart: 3500; Rowend: 5251; Rows: 1751; Colstart: 6565; Colend: 7879; Cols: 1314;
Num-X: 8 ; Num-Y: 6 ; Resolution: 10500 ; Rank: 43 ; Rank-X: 3 ; Rank-Y: 5 ; Rowstart: 8750; Rowend: 10501; Rows: 1751; Colstart: 3939; Colend: 5253; Cols: 1314;
Num-X: 8 ; Num-Y: 6 ; Resolution: 10500 ; Rank: 40 ; Rank-X: 0 ; Rank-Y: 5 ; Rowstart: 8750; Rowend: 10501; Rows: 1751; Colstart: 0; Colend: 1314; Cols: 1314;
Num-X: 8 ; Num-Y: 6 ; Resolution: 10500 ; Rank: 16 ; Rank-X: 0 ; Rank-Y: 2 ; Rowstart: 3500; Rowend: 5251; Rows: 1751; Colstart: 0; Colend: 1314; Cols: 1314;
Num-X: 8 ; Num-Y: 6 ; Resolution: 10500 ; Rank: 1 ; Rank-X: 1 ; Rank-Y: 0 ; Rowstart: 0; Rowend: 1751; Rows: 1751; Colstart: 1313; Colend: 2627; Cols: 1314;
Num-X: 8 ; Num-Y: 6 ; Resolution: 10500 ; Rank: 3 ; Rank-X: 3 ; Rank-Y: 0 ; Rowstart: 0; Rowend: 1751; Rows: 1751; Colstart: 3939; Colend: 5253; Cols: 1314;
Num-X: 8 ; Num-Y: 6 ; Resolution: 10500 ; Rank: 5 ; Rank-X: 5 ; Rank-Y: 0 ; Rowstart: 0; Rowend: 1751; Rows: 1751; Colstart: 6565; Colend: 7879; Cols: 1314;
Num-X: 8 ; Num-Y: 6 ; Resolution: 10500 ; Rank: 7 ; Rank-X: 7 ; Rank-Y: 0 ; Rowstart: 0; Rowend: 1751; Rows: 1751; Colstart: 9191; Colend: 10501; Cols: 1310;
Num-X: 8 ; Num-Y: 6 ; Resolution: 10500 ; Rank: 8 ; Rank-X: 0 ; Rank-Y: 1 ; Rowstart: 1750; Rowend: 3501; Rows: 1751; Colstart: 0; Colend: 1314; Cols: 1314;
Num-X: 8 ; Num-Y: 6 ; Resolution: 10500 ; Rank: 11 ; Rank-X: 3 ; Rank-Y: 1 ; Rowstart: 1750; Rowend: 3501; Rows: 1751; Colstart: 3939; Colend: 5253; Cols: 1314;

Resolution: 10500
===================
Execution time: 0.061196
Residual: 4.925272

megaflops:  252222.0
  flop instructions (M):  15435.000

Num-X: 8 ; Num-Y: 6 ; Resolution: 12500 ; Rank: 44 ; Rank-X: 4 ; Rank-Y: 5 ; Rowstart: 10420; Rowend: 12501; Rows: 2081; Colstart: 6252; Colend: 7816; Cols: 1564;
Num-X: 8 ; Num-Y: 6 ; Resolution: 12500 ; Rank: 22 ; Rank-X: 6 ; Rank-Y: 2 ; Rowstart: 4168; Rowend: 6253; Rows: 2085; Colstart: 9378; Colend: 10942; Cols: 1564;
Num-X: 8 ; Num-Y: 6 ; Resolution: 12500 ; Rank: 45 ; Rank-X: 5 ; Rank-Y: 5 ; Rowstart: 10420; Rowend: 12501; Rows: 2081; Colstart: 7815; Colend: 9379; Cols: 1564;
Num-X: 8 ; Num-Y: 6 ; Resolution: 12500 ; Rank: 19 ; Rank-X: 3 ; Rank-Y: 2 ; Rowstart: 4168; Rowend: 6253; Rows: 2085; Colstart: 4689; Colend: 6253; Cols: 1564;
Num-X: 8 ; Num-Y: 6 ; Resolution: 12500 ; Rank: 3 ; Rank-X: 3 ; Rank-Y: 0 ; Rowstart: 0; Rowend: 2085; Rows: 2085; Colstart: 4689; Colend: 6253; Cols: 1564;
Num-X: 8 ; Num-Y: 6 ; Resolution: 12500 ; Rank: 46 ; Rank-X: 6 ; Rank-Y: 5 ; Rowstart: 10420; Rowend: 12501; Rows: 2081; Colstart: 9378; Colend: 10942; Cols: 1564;
Num-X: 8 ; Num-Y: 6 ; Resolution: 12500 ; Rank: 20 ; Rank-X: 4 ; Rank-Y: 2 ; Rowstart: 4168; Rowend: 6253; Rows: 2085; Colstart: 6252; Colend: 7816; Cols: 1564;
Num-X: 8 ; Num-Y: 6 ; Resolution: 12500 ; Rank: 8 ; Rank-X: 0 ; Rank-Y: 1 ; Rowstart: 2084; Rowend: 4169; Rows: 2085; Colstart: 0; Colend: 1564; Cols: 1564;
Num-X: 8 ; Num-Y: 6 ; Resolution: 12500 ; Rank: 41 ; Rank-X: 1 ; Rank-Y: 5 ; Rowstart: 10420; Rowend: 12501; Rows: 2081; Colstart: 1563; Colend: 3127; Cols: 1564;
Num-X: 8 ; Num-Y: 6 ; Resolution: 12500 ; Rank: 23 ; Rank-X: 7 ; Rank-Y: 2 ; Rowstart: 4168; Rowend: 6253; Rows: 2085; Colstart: 10941; Colend: 12501; Cols: 1560;
Num-X: 8 ; Num-Y: 6 ; Resolution: 12500 ; Rank: 29 ; Rank-X: 5 ; Rank-Y: 3 ; Rowstart: 6252; Rowend: 8337; Rows: 2085; Colstart: 7815; Colend: 9379; Cols: 1564;
Num-X: 8 ; Num-Y: 6 ; Resolution: 12500 ; Rank: 2 ; Rank-X: 2 ; Rank-Y: 0 ; Rowstart: 0; Rowend: 2085; Rows: 2085; Colstart: 3126; Colend: 4690; Cols: 1564;
Num-X: 8 ; Num-Y: 6 ; Resolution: 12500 ; Rank: 37 ; Rank-X: 5 ; Rank-Y: 4 ; Rowstart: 8336; Rowend: 10421; Rows: 2085; Colstart: 7815; Colend: 9379; Cols: 1564;
Num-X: 8 ; Num-Y: 6 ; Resolution: 12500 ; Rank: 13 ; Rank-X: 5 ; Rank-Y: 1 ; Rowstart: 2084; Rowend: 4169; Rows: 2085; Colstart: 7815; Colend: 9379; Cols: 1564;
Num-X: 8 ; Num-Y: 6 ; Resolution: 12500 ; Rank: 32 ; Rank-X: 0 ; Rank-Y: 4 ; Rowstart: 8336; Rowend: 10421; Rows: 2085; Colstart: 0; Colend: 1564; Cols: 1564;
Num-X: 8 ; Num-Y: 6 ; Resolution: 12500 ; Rank: 5 ; Rank-X: 5 ; Rank-Y: 0 ; Rowstart: 0; Rowend: 2085; Rows: 2085; Colstart: 7815; Colend: 9379; Cols: 1564;
Num-X: 8 ; Num-Y: 6 ; Resolution: 12500 ; Rank: 47 ; Rank-X: 7 ; Rank-Y: 5 ; Rowstart: 10420; Rowend: 12501; Rows: 2081; Colstart: 10941; Colend: 12501; Cols: 1560;
Num-X: 8 ; Num-Y: 6 ; Resolution: 12500 ; Rank: 14 ; Rank-X: 6 ; Rank-Y: 1 ; Rowstart: 2084; Rowend: 4169; Rows: 2085; Colstart: 9378; Colend: 10942; Cols: 1564;
Num-X: 8 ; Num-Y: 6 ; Resolution: 12500 ; Rank: 30 ; Rank-X: 6 ; Rank-Y: 3 ; Rowstart: 6252; Rowend: 8337; Rows: 2085; Colstart: 9378; Colend: 10942; Cols: 1564;
Num-X: 8 ; Num-Y: 6 ; Resolution: 12500 ; Rank: 38 ; Rank-X: 6 ; Rank-Y: 4 ; Rowstart: 8336; Rowend: 10421; Rows: 2085; Colstart: 9378; Colend: 10942; Cols: 1564;
Num-X: 8 ; Num-Y: 6 ; Resolution: 12500 ; Rank: 12 ; Rank-X: 4 ; Rank-Y: 1 ; Rowstart: 2084; Rowend: 4169; Rows: 2085; Colstart: 6252; Colend: 7816; Cols: 1564;
Num-X: 8 ; Num-Y: 6 ; Resolution: 12500 ; Rank: 34 ; Rank-X: 2 ; Rank-Y: 4 ; Rowstart: 8336; Rowend: 10421; Rows: 2085; Colstart: 3126; Colend: 4690; Cols: 1564;
Num-X: 8 ; Num-Y: 6 ; Resolution: 12500 ; Rank: 39 ; Rank-X: 7 ; Rank-Y: 4 ; Rowstart: 8336; Rowend: 10421; Rows: 2085; Colstart: 10941; Colend: 12501; Cols: 1560;
Num-X: 8 ; Num-Y: 6 ; Resolution: 12500 ; Rank: 16 ; Rank-X: 0 ; Rank-Y: 2 ; Rowstart: 4168; Rowend: 6253; Rows: 2085; Colstart: 0; Colend: 1564; Cols: 1564;
Num-X: 8 ; Num-Y: 6 ; Resolution: 12500 ; Rank: 35 ; Rank-X: 3 ; Rank-Y: 4 ; Rowstart: 8336; Rowend: 10421; Rows: 2085; Colstart: 4689; Colend: 6253; Cols: 1564;
Num-X: 8 ; Num-Y: 6 ; Resolution: 12500 ; Rank: 42 ; Rank-X: 2 ; Rank-Y: 5 ; Rowstart: 10420; Rowend: 12501; Rows: 2081; Colstart: 3126; Colend: 4690; Cols: 1564;
Num-X: 8 ; Num-Y: 6 ; Resolution: 12500 ; Rank: 17 ; Rank-X: 1 ; Rank-Y: 2 ; Rowstart: 4168; Rowend: 6253; Rows: 2085; Colstart: 1563; Colend: 3127; Cols: 1564;
Num-X: 8 ; Num-Y: 6 ; Resolution: 12500 ; Rank: 28 ; Rank-X: 4 ; Rank-Y: 3 ; Rowstart: 6252; Rowend: 8337; Rows: 2085; Colstart: 6252; Colend: 7816; Cols: 1564;
Num-X: 8 ; Num-Y: 6 ; Resolution: 12500 ; Rank: 1 ; Rank-X: 1 ; Rank-Y: 0 ; Rowstart: 0; Rowend: 2085; Rows: 2085; Colstart: 1563; Colend: 3127; Cols: 1564;
Num-X: 8 ; Num-Y: 6 ; Resolution: 12500 ; Rank: 21 ; Rank-X: 5 ; Rank-Y: 2 ; Rowstart: 4168; Rowend: 6253; Rows: 2085; Colstart: 7815; Colend: 9379; Cols: 1564;
Num-X: 8 ; Num-Y: 6 ; Resolution: 12500 ; Rank: 33 ; Rank-X: 1 ; Rank-Y: 4 ; Rowstart: 8336; Rowend: 10421; Rows: 2085; Colstart: 1563; Colend: 3127; Cols: 1564;
Num-X: 8 ; Num-Y: 6 ; Resolution: 12500 ; Rank: 4 ; Rank-X: 4 ; Rank-Y: 0 ; Rowstart: 0; Rowend: 2085; Rows: 2085; Colstart: 6252; Colend: 7816; Cols: 1564;
Num-X: 8 ; Num-Y: 6 ; Resolution: 12500 ; Rank: 43 ; Rank-X: 3 ; Rank-Y: 5 ; Rowstart: 10420; Rowend: 12501; Rows: 2081; Colstart: 4689; Colend: 6253; Cols: 1564;
Num-X: 8 ; Num-Y: 6 ; Resolution: 12500 ; Rank: 15 ; Rank-X: 7 ; Rank-Y: 1 ; Rowstart: 2084; Rowend: 4169; Rows: 2085; Colstart: 10941; Colend: 12501; Cols: 1560;
Num-X: 8 ; Num-Y: 6 ; Resolution: 12500 ; Rank: 26 ; Rank-X: 2 ; Rank-Y: 3 ; Rowstart: 6252; Rowend: 8337; Rows: 2085; Colstart: 3126; Colend: 4690; Cols: 1564;
Num-X: 8 ; Num-Y: 6 ; Resolution: 12500 ; Rank: 36 ; Rank-X: 4 ; Rank-Y: 4 ; Rowstart: 8336; Rowend: 10421; Rows: 2085; Colstart: 6252; Colend: 7816; Cols: 1564;
Num-X: 8 ; Num-Y: 6 ; Resolution: 12500 ; Rank: 18 ; Rank-X: 2 ; Rank-Y: 2 ; Rowstart: 4168; Rowend: 6253; Rows: 2085; Colstart: 3126; Colend: 4690; Cols: 1564;
Num-X: 8 ; Num-Y: 6 ; Resolution: 12500 ; Rank: 31 ; Rank-X: 7 ; Rank-Y: 3 ; Rowstart: 6252; Rowend: 8337; Rows: 2085; Colstart: 10941; Colend: 12501; Cols: 1560;
Num-X: 8 ; Num-Y: 6 ; Resolution: 12500 ; Rank: 27 ; Rank-X: 3 ; Rank-Y: 3 ; Rowstart: 6252; Rowend: 8337; Rows: 2085; Colstart: 4689; Colend: 6253; Cols: 1564;
Num-X: 8 ; Num-Y: 6 ; Resolution: 12500 ; Rank: 24 ; Rank-X: 0 ; Rank-Y: 3 ; Rowstart: 6252; Rowend: 8337; Rows: 2085; Colstart: 0; Colend: 1564; Cols: 1564;
Num-X: 8 ; Num-Y: 6 ; Resolution: 12500 ; Rank: 40 ; Rank-X: 0 ; Rank-Y: 5 ; Rowstart: 10420; Rowend: 12501; Rows: 2081; Colstart: 0; Colend: 1564; Cols: 1564;
Num-X: 8 ; Num-Y: 6 ; Resolution: 12500 ; Rank: 25 ; Rank-X: 1 ; Rank-Y: 3 ; Rowstart: 6252; Rowend: 8337; Rows: 2085; Colstart: 1563; Colend: 3127; Cols: 1564;
Num-X: 8 ; Num-Y: 6 ; Resolution: 12500 ; Rank: 7 ; Rank-X: 7 ; Rank-Y: 0 ; Rowstart: 0; Rowend: 2085; Rows: 2085; Colstart: 10941; Colend: 12501; Cols: 1560;
Num-X: 8 ; Num-Y: 6 ; Resolution: 12500 ; Rank: 10 ; Rank-X: 2 ; Rank-Y: 1 ; Rowstart: 2084; Rowend: 4169; Rows: 2085; Colstart: 3126; Colend: 4690; Cols: 1564;
Num-X: 8 ; Num-Y: 6 ; Resolution: 12500 ; Rank: 0 ; Rank-X: 0 ; Rank-Y: 0 ; Rowstart: 0; Rowend: 2085; Rows: 2085; Colstart: 0; Colend: 1564; Cols: 1564;
Num-X: 8 ; Num-Y: 6 ; Resolution: 12500 ; Rank: 11 ; Rank-X: 3 ; Rank-Y: 1 ; Rowstart: 2084; Rowend: 4169; Rows: 2085; Colstart: 4689; Colend: 6253; Cols: 1564;
Num-X: 8 ; Num-Y: 6 ; Resolution: 12500 ; Rank: 6 ; Rank-X: 6 ; Rank-Y: 0 ; Rowstart: 0; Rowend: 2085; Rows: 2085; Colstart: 9378; Colend: 10942; Cols: 1564;
Num-X: 8 ; Num-Y: 6 ; Resolution: 12500 ; Rank: 9 ; Rank-X: 1 ; Rank-Y: 1 ; Rowstart: 2084; Rowend: 4169; Rows: 2085; Colstart: 1563; Colend: 3127; Cols: 1564;

Resolution: 12500
===================
Execution time: 0.089045
Residual: 5.863330

megaflops:  245662.2
  flop instructions (M):  21875.000
