mpiexec -genv I_MPI_DEBUG=4 -env I_MPI_PIN_DOMAIN=core -n 4
[0] MPI startup(): Intel(R) MPI Library, Version 2019 Update 8  Build 20200624 (id: 4f16ad915)
[0] MPI startup(): Copyright (C) 2003-2020 Intel Corporation.  All rights reserved.
[0] MPI startup(): library kind: release
[0] MPI startup(): libfabric version: 1.10.1-impi
[0] MPI startup(): libfabric provider: psm2
[0] MPI startup(): Rank    Pid      Node name     Pin cpu
[0] MPI startup(): 0       3910642  i01r06c04s04  {0,48}
[0] MPI startup(): 1       3910643  i01r06c04s04  {1,49}
[0] MPI startup(): 2       3910644  i01r06c04s04  {24,72}
[0] MPI startup(): 3       3910645  i01r06c04s04  {25,73}
 1 processes distributed in X-direction
 4 processes distributed in Y-direction
Resolutions       : (200, 1200, ... 200)
Iterations        : 20
Num. Heat sources : 2
   1: (0.00, 0.00) 1.00 1.00 
   2: (1.00, 1.00) 1.00 0.50 
rank= 0 coords= 0 0 neighbours(up,down,left,right)= -1 -1 3 1
rank= 1 coords= 0 1 neighbours(up,down,left,right)= -1 -1 0 2
rank= 2 coords= 0 2 neighbours(up,down,left,right)= -1 -1 1 3
rank= 3 coords= 0 3 neighbours(up,down,left,right)= -1 -1 2 0


Resolution: 200
===================
Execution time: 0.000374
Residual: 0.094075

megaflops:  14970.1
  flop instructions (M):  5.600


Resolution: 200
===================
Execution time: 0.000381
Residual: 0.094075

megaflops:  14698.4
  flop instructions (M):  5.600


Resolution: 200
===================
Execution time: 0.000360
Residual: 0.094075

megaflops:  15555.0
  flop instructions (M):  5.600


Resolution: 200
===================
Execution time: 0.000360
Residual: 0.094075

megaflops:  15555.0
  flop instructions (M):  5.600
