mpiexec -genv I_MPI_DEBUG=4 -genv OMP_NUM_THREADS=6 -genv I_MPI_PIN_DOMAIN=omp -n 8 ./heat test.dat 1 8
[0] MPI startup(): Intel(R) MPI Library, Version 2019 Update 8  Build 20200624 (id: 4f16ad915)
[0] MPI startup(): Copyright (C) 2003-2020 Intel Corporation.  All rights reserved.
[0] MPI startup(): library kind: release
[0] MPI startup(): libfabric version: 1.10.1-impi
[0] MPI startup(): libfabric provider: psm2
[0] MPI startup(): Rank    Pid      Node name     Pin cpu
[0] MPI startup(): 0       2442944  i01r01c02s09  {0,1,2,48,49,50}
[0] MPI startup(): 1       2442945  i01r01c02s09  {3,4,5,51,52,53}
[0] MPI startup(): 2       2442946  i01r01c02s09  {6,7,8,54,55,56}
[0] MPI startup(): 3       2442947  i01r01c02s09  {9,10,11,57,58,59}
[0] MPI startup(): 4       2442948  i01r01c02s09  {24,25,26,72,73,74}
[0] MPI startup(): 5       2442949  i01r01c02s09  {27,28,29,75,76,77}
[0] MPI startup(): 6       2442950  i01r01c02s09  {30,31,32,78,79,80}
[0] MPI startup(): 7       2442951  i01r01c02s09  {33,34,35,81,82,83}

1 processes distributed in X-direction
 8 ; processes distributed in Y-direction
Resolutions       : (6500, 8500, ... 12500)
Iterations        : 20
Num. Heat sources : 2
   1: (0.00, 0.00) 1.00 1.00 
   2: (1.00, 1.00) 1.00 0.50 
rank= 0 coords= 0 0 neighbours(up,down,left,right)= -1 -1 -1 1
rank= 4 coords= 0 4 neighbours(up,down,left,right)= -1 -1 3 5
rank= 5 coords= 0 5 neighbours(up,down,left,right)= -1 -1 4 6
rank= 7 coords= 0 7 neighbours(up,down,left,right)= -1 -1 6 -1
rank= 1 coords= 0 1 neighbours(up,down,left,right)= -1 -1 0 2
rank= 2 coords= 0 2 neighbours(up,down,left,right)= -1 -1 1 3
rank= 3 coords= 0 3 neighbours(up,down,left,right)= -1 -1 2 4
rank= 6 coords= 0 6 neighbours(up,down,left,right)= -1 -1 5 7

Num-X: 8 ; Num-Y: 1 ; Resolution: 6500 ; Rank: 1 ; Rank-X: 1 ; Rank-Y: 0 ; Rowstart: 0; Rowend: 6501; Rows: 6501; Colstart: 813; Colend: 1627; Cols: 814;
Num-X: 8 ; Num-Y: 1 ; Resolution: 6500 ; Rank: 4 ; Rank-X: 4 ; Rank-Y: 0 ; Rowstart: 0; Rowend: 6501; Rows: 6501; Colstart: 3252; Colend: 4065; Cols: 813;
Num-X: 8 ; Num-Y: 1 ; Resolution: 6500 ; Rank: 2 ; Rank-X: 2 ; Rank-Y: 0 ; Rowstart: 0; Rowend: 6501; Rows: 6501; Colstart: 1626; Colend: 2440; Cols: 814;
Num-X: 8 ; Num-Y: 1 ; Resolution: 6500 ; Rank: 0 ; Rank-X: 0 ; Rank-Y: 0 ; Rowstart: 0; Rowend: 6501; Rows: 6501; Colstart: 0; Colend: 814; Cols: 814;
Num-X: 8 ; Num-Y: 1 ; Resolution: 6500 ; Rank: 5 ; Rank-X: 5 ; Rank-Y: 0 ; Rowstart: 0; Rowend: 6501; Rows: 6501; Colstart: 4064; Colend: 4877; Cols: 813;
Num-X: 8 ; Num-Y: 1 ; Resolution: 6500 ; Rank: 6 ; Rank-X: 6 ; Rank-Y: 0 ; Rowstart: 0; Rowend: 6501; Rows: 6501; Colstart: 4876; Colend: 5689; Cols: 813;
Num-X: 8 ; Num-Y: 1 ; Resolution: 6500 ; Rank: 3 ; Rank-X: 3 ; Rank-Y: 0 ; Rowstart: 0; Rowend: 6501; Rows: 6501; Colstart: 2439; Colend: 3253; Cols: 814;
Num-X: 8 ; Num-Y: 1 ; Resolution: 6500 ; Rank: 7 ; Rank-X: 7 ; Rank-Y: 0 ; Rowstart: 0; Rowend: 6501; Rows: 6501; Colstart: 5688; Colend: 6501; Cols: 813;

Resolution: 6500
===================
Execution time: 0.096641
Residual: 3.049154

megaflops:  61206.0
  flop instructions (M):  5915.000

Num-X: 8 ; Num-Y: 1 ; Resolution: 8500 ; Rank: 2 ; Rank-X: 2 ; Rank-Y: 0 ; Rowstart: 0; Rowend: 8501; Rows: 8501; Colstart: 2126; Colend: 3190; Cols: 1064;
Num-X: 8 ; Num-Y: 1 ; Resolution: 8500 ; Rank: 1 ; Rank-X: 1 ; Rank-Y: 0 ; Rowstart: 0; Rowend: 8501; Rows: 8501; Colstart: 1063; Colend: 2127; Cols: 1064;
Num-X: 8 ; Num-Y: 1 ; Resolution: 8500 ; Rank: 3 ; Rank-X: 3 ; Rank-Y: 0 ; Rowstart: 0; Rowend: 8501; Rows: 8501; Colstart: 3189; Colend: 4253; Cols: 1064;
Num-X: 8 ; Num-Y: 1 ; Resolution: 8500 ; Rank: 4 ; Rank-X: 4 ; Rank-Y: 0 ; Rowstart: 0; Rowend: 8501; Rows: 8501; Colstart: 4252; Colend: 5315; Cols: 1063;
Num-X: 8 ; Num-Y: 1 ; Resolution: 8500 ; Rank: 5 ; Rank-X: 5 ; Rank-Y: 0 ; Rowstart: 0; Rowend: 8501; Rows: 8501; Colstart: 5314; Colend: 6377; Cols: 1063;
Num-X: 8 ; Num-Y: 1 ; Resolution: 8500 ; Rank: 6 ; Rank-X: 6 ; Rank-Y: 0 ; Rowstart: 0; Rowend: 8501; Rows: 8501; Colstart: 6376; Colend: 7439; Cols: 1063;
Num-X: 8 ; Num-Y: 1 ; Resolution: 8500 ; Rank: 0 ; Rank-X: 0 ; Rank-Y: 0 ; Rowstart: 0; Rowend: 8501; Rows: 8501; Colstart: 0; Colend: 1064; Cols: 1064;
Num-X: 8 ; Num-Y: 1 ; Resolution: 8500 ; Rank: 7 ; Rank-X: 7 ; Rank-Y: 0 ; Rowstart: 0; Rowend: 8501; Rows: 8501; Colstart: 7438; Colend: 8501; Cols: 1063;

Resolution: 8500
===================
Execution time: 0.168264
Residual: 3.987213

megaflops:  60113.8
  flop instructions (M):  10115.000

Num-X: 8 ; Num-Y: 1 ; Resolution: 10500 ; Rank: 2 ; Rank-X: 2 ; Rank-Y: 0 ; Rowstart: 0; Rowend: 10501; Rows: 10501; Colstart: 2626; Colend: 3940; Cols: 1314;
Num-X: 8 ; Num-Y: 1 ; Resolution: 10500 ; Rank: 3 ; Rank-X: 3 ; Rank-Y: 0 ; Rowstart: 0; Rowend: 10501; Rows: 10501; Colstart: 3939; Colend: 5253; Cols: 1314;
Num-X: 8 ; Num-Y: 1 ; Resolution: 10500 ; Rank: 1 ; Rank-X: 1 ; Rank-Y: 0 ; Rowstart: 0; Rowend: 10501; Rows: 10501; Colstart: 1313; Colend: 2627; Cols: 1314;
Num-X: 8 ; Num-Y: 1 ; Resolution: 10500 ; Rank: 4 ; Rank-X: 4 ; Rank-Y: 0 ; Rowstart: 0; Rowend: 10501; Rows: 10501; Colstart: 5252; Colend: 6565; Cols: 1313;
Num-X: 8 ; Num-Y: 1 ; Resolution: 10500 ; Rank: 6 ; Rank-X: 6 ; Rank-Y: 0 ; Rowstart: 0; Rowend: 10501; Rows: 10501; Colstart: 7876; Colend: 9189; Cols: 1313;
Num-X: 8 ; Num-Y: 1 ; Resolution: 10500 ; Rank: 0 ; Rank-X: 0 ; Rank-Y: 0 ; Rowstart: 0; Rowend: 10501; Rows: 10501; Colstart: 0; Colend: 1314; Cols: 1314;
Num-X: 8 ; Num-Y: 1 ; Resolution: 10500 ; Rank: 5 ; Rank-X: 5 ; Rank-Y: 0 ; Rowstart: 0; Rowend: 10501; Rows: 10501; Colstart: 6564; Colend: 7877; Cols: 1313;
Num-X: 8 ; Num-Y: 1 ; Resolution: 10500 ; Rank: 7 ; Rank-X: 7 ; Rank-Y: 0 ; Rowstart: 0; Rowend: 10501; Rows: 10501; Colstart: 9188; Colend: 10501; Cols: 1313;

Resolution: 10500
===================
Execution time: 0.258596
Residual: 4.925272

megaflops:  59687.7
  flop instructions (M):  15435.000

Num-X: 8 ; Num-Y: 1 ; Resolution: 12500 ; Rank: 6 ; Rank-X: 6 ; Rank-Y: 0 ; Rowstart: 0; Rowend: 12501; Rows: 12501; Colstart: 9376; Colend: 10939; Cols: 1563;
Num-X: 8 ; Num-Y: 1 ; Resolution: 12500 ; Rank: 4 ; Rank-X: 4 ; Rank-Y: 0 ; Rowstart: 0; Rowend: 12501; Rows: 12501; Colstart: 6252; Colend: 7815; Cols: 1563;
Num-X: 8 ; Num-Y: 1 ; Resolution: 12500 ; Rank: 2 ; Rank-X: 2 ; Rank-Y: 0 ; Rowstart: 0; Rowend: 12501; Rows: 12501; Colstart: 3126; Colend: 4690; Cols: 1564;
Num-X: 8 ; Num-Y: 1 ; Resolution: 12500 ; Rank: 7 ; Rank-X: 7 ; Rank-Y: 0 ; Rowstart: 0; Rowend: 12501; Rows: 12501; Colstart: 10938; Colend: 12501; Cols: 1563;
Num-X: 8 ; Num-Y: 1 ; Resolution: 12500 ; Rank: 5 ; Rank-X: 5 ; Rank-Y: 0 ; Rowstart: 0; Rowend: 12501; Rows: 12501; Colstart: 7814; Colend: 9377; Cols: 1563;
Num-X: 8 ; Num-Y: 1 ; Resolution: 12500 ; Rank: 1 ; Rank-X: 1 ; Rank-Y: 0 ; Rowstart: 0; Rowend: 12501; Rows: 12501; Colstart: 1563; Colend: 3127; Cols: 1564;
Num-X: 8 ; Num-Y: 1 ; Resolution: 12500 ; Rank: 3 ; Rank-X: 3 ; Rank-Y: 0 ; Rowstart: 0; Rowend: 12501; Rows: 12501; Colstart: 4689; Colend: 6253; Cols: 1564;
Num-X: 8 ; Num-Y: 1 ; Resolution: 12500 ; Rank: 0 ; Rank-X: 0 ; Rank-Y: 0 ; Rowstart: 0; Rowend: 12501; Rows: 12501; Colstart: 0; Colend: 1564; Cols: 1564;

Resolution: 12500
===================
Execution time: 0.367881
Residual: 5.863330

megaflops:  59462.2
  flop instructions (M):  21875.000
