mpiexec -genv I_MPI_DEBUG=4 -genv OMP_NUM_THREADS=16 -genv KMP_AFFINITY=verbose,scatter -genv I_MPI_PIN_DOMAIN=omp -n 3 ./heat test.dat 1 3
[0] MPI startup(): Intel(R) MPI Library, Version 2019 Update 8  Build 20200624 (id: 4f16ad915)
[0] MPI startup(): Copyright (C) 2003-2020 Intel Corporation.  All rights reserved.
[0] MPI startup(): library kind: release
[0] MPI startup(): libfabric version: 1.10.1-impi
[0] MPI startup(): libfabric provider: psm2
[0] MPI startup(): Rank    Pid      Node name     Pin cpu
[0] MPI startup(): 0       291206   i03r06c03s06  {0,1,2,3,4,5,6,7,48,49,50,51,52,53,54,55}
[0] MPI startup(): 1       291207   i03r06c03s06  {8,9,10,11,12,13,14,15,56,57,58,59,60,61,62,63}
[0] MPI startup(): 2       291208   i03r06c03s06  {24,25,26,27,28,29,30,31,72,73,74,75,76,77,78,79}
OMP: Info #154: KMP_AFFINITY: Initial OS proc set respected: 8-15,56-63
OMP: Info #213: KMP_AFFINITY: decoding x2APIC ids.
OMP: Info #154: KMP_AFFINITY: Initial OS proc set respected: 0-7,48-55
OMP: Info #213: KMP_AFFINITY: decoding x2APIC ids.
OMP: Info #276: KMP_AFFINITY: Affinity capable, using global cpuid leaf 11 info
OMP: Info #156: KMP_AFFINITY: 16 available OS procs
OMP: Info #157: KMP_AFFINITY: Uniform topology
OMP: Info #191: KMP_AFFINITY: 1 socket x 8 cores/socket x 2 threads/core (8 total cores)
OMP: Info #215: KMP_AFFINITY: OS proc to physical thread map:
OMP: Info #171: KMP_AFFINITY: OS proc 8 maps to socket 0 core 10 thread 0 
OMP: Info #171: KMP_AFFINITY: OS proc 56 maps to socket 0 core 10 thread 1 
OMP: Info #171: KMP_AFFINITY: OS proc 9 maps to socket 0 core 11 thread 0 
OMP: Info #171: KMP_AFFINITY: OS proc 57 maps to socket 0 core 11 thread 1 
OMP: Info #171: KMP_AFFINITY: OS proc 10 maps to socket 0 core 12 thread 0 
OMP: Info #171: KMP_AFFINITY: OS proc 58 maps to socket 0 core 12 thread 1 
OMP: Info #171: KMP_AFFINITY: OS proc 11 maps to socket 0 core 13 thread 0 
OMP: Info #171: KMP_AFFINITY: OS proc 59 maps to socket 0 core 13 thread 1 
OMP: Info #171: KMP_AFFINITY: OS proc 12 maps to socket 0 core 16 thread 0 
OMP: Info #171: KMP_AFFINITY: OS proc 60 maps to socket 0 core 16 thread 1 
OMP: Info #171: KMP_AFFINITY: OS proc 13 maps to socket 0 core 17 thread 0 
OMP: Info #171: KMP_AFFINITY: OS proc 61 maps to socket 0 core 17 thread 1 
OMP: Info #171: KMP_AFFINITY: OS proc 14 maps to socket 0 core 18 thread 0 
OMP: Info #171: KMP_AFFINITY: OS proc 62 maps to socket 0 core 18 thread 1 
OMP: Info #171: KMP_AFFINITY: OS proc 15 maps to socket 0 core 19 thread 0 
OMP: Info #171: KMP_AFFINITY: OS proc 63 maps to socket 0 core 19 thread 1 
OMP: Info #144: KMP_AFFINITY: Threads may migrate across 1 innermost levels of machine
OMP: Info #251: KMP_AFFINITY: pid 291207 tid 291207 thread 0 bound to OS proc set 8,56

Executing each MPI process in 16 OMP threads.
OMP: Info #276: KMP_AFFINITY: Affinity capable, using global cpuid leaf 11 info
OMP: Info #156: KMP_AFFINITY: 16 available OS procs
OMP: Info #157: KMP_AFFINITY: Uniform topology
OMP: Info #191: KMP_AFFINITY: 1 socket x 8 cores/socket x 2 threads/core (8 total cores)
OMP: Info #215: KMP_AFFINITY: OS proc to physical thread map:
OMP: Info #171: KMP_AFFINITY: OS proc 0 maps to socket 0 core 0 thread 0 
OMP: Info #171: KMP_AFFINITY: OS proc 48 maps to socket 0 core 0 thread 1 
OMP: Info #171: KMP_AFFINITY: OS proc 1 maps to socket 0 core 1 thread 0 
OMP: Info #171: KMP_AFFINITY: OS proc 49 maps to socket 0 core 1 thread 1 
OMP: Info #171: KMP_AFFINITY: OS proc 2 maps to socket 0 core 2 thread 0 
OMP: Info #171: KMP_AFFINITY: OS proc 50 maps to socket 0 core 2 thread 1 
OMP: Info #171: KMP_AFFINITY: OS proc 3 maps to socket 0 core 3 thread 0 
OMP: Info #171: KMP_AFFINITY: OS proc 51 maps to socket 0 core 3 thread 1 
OMP: Info #171: KMP_AFFINITY: OS proc 4 maps to socket 0 core 4 thread 0 
OMP: Info #171: KMP_AFFINITY: OS proc 52 maps to socket 0 core 4 thread 1 
OMP: Info #171: KMP_AFFINITY: OS proc 5 maps to socket 0 core 5 thread 0 
OMP: Info #171: KMP_AFFINITY: OS proc 53 maps to socket 0 core 5 thread 1 
OMP: Info #171: KMP_AFFINITY: OS proc 6 maps to socket 0 core 8 thread 0 
OMP: Info #171: KMP_AFFINITY: OS proc 54 maps to socket 0 core 8 thread 1 
OMP: Info #171: KMP_AFFINITY: OS proc 7 maps to socket 0 core 9 thread 0 
OMP: Info #171: KMP_AFFINITY: OS proc 55 maps to socket 0 core 9 thread 1 
OMP: Info #144: KMP_AFFINITY: Threads may migrate across 1 innermost levels of machine
OMP: Info #251: KMP_AFFINITY: pid 291206 tid 291206 thread 0 bound to OS proc set 0,48

Executing each MPI process in 16 OMP threads.

1 processes distributed in X-direction
 3 ; processes distributed in Y-direction
Resolutions       : (6500, 8500, ... 12500)
Iterations        : 20
Num. Heat sources : 2
   1: (0.00, 0.00) 1.00 1.00 
   2: (1.00, 1.00) 1.00 0.50 
rank= 0 coords= 0 0 neighbours(up,down,left,right)= -1 -1 -1 1
rank= 1 coords= 0 1 neighbours(up,down,left,right)= -1 -1 0 2
rank= 2 coords= 0 2 neighbours(up,down,left,right)= -1 -1 1 -1
OMP: Info #251: KMP_AFFINITY: pid 291207 tid 291224 thread 1 bound to OS proc set 9,57
OMP: Info #251: KMP_AFFINITY: pid 291206 tid 291225 thread 1 bound to OS proc set 1,49
OMP: Info #251: KMP_AFFINITY: pid 291206 tid 291227 thread 2 bound to OS proc set 2,50
OMP: Info #251: KMP_AFFINITY: pid 291207 tid 291226 thread 2 bound to OS proc set 10,58
OMP: Info #251: KMP_AFFINITY: pid 291206 tid 291228 thread 3 bound to OS proc set 3,51
OMP: Info #251: KMP_AFFINITY: pid 291207 tid 291230 thread 3 bound to OS proc set 11,59
OMP: Info #251: KMP_AFFINITY: pid 291207 tid 291231 thread 4 bound to OS proc set 12,60
OMP: Info #251: KMP_AFFINITY: pid 291206 tid 291229 thread 4 bound to OS proc set 4,52
OMP: Info #251: KMP_AFFINITY: pid 291207 tid 291232 thread 5 bound to OS proc set 13,61
OMP: Info #251: KMP_AFFINITY: pid 291207 tid 291234 thread 6 bound to OS proc set 14,62
OMP: Info #154: KMP_AFFINITY: Initial OS proc set respected: 24-31,72-79
OMP: Info #213: KMP_AFFINITY: decoding x2APIC ids.
OMP: Info #251: KMP_AFFINITY: pid 291206 tid 291233 thread 5 bound to OS proc set 5,53
OMP: Info #251: KMP_AFFINITY: pid 291206 tid 291235 thread 6 bound to OS proc set 6,54
OMP: Info #251: KMP_AFFINITY: pid 291207 tid 291236 thread 7 bound to OS proc set 15,63
OMP: Info #251: KMP_AFFINITY: pid 291206 tid 291237 thread 7 bound to OS proc set 7,55
OMP: Info #251: KMP_AFFINITY: pid 291207 tid 291238 thread 8 bound to OS proc set 8,56
OMP: Info #251: KMP_AFFINITY: pid 291207 tid 291239 thread 9 bound to OS proc set 9,57
OMP: Info #251: KMP_AFFINITY: pid 291206 tid 291240 thread 8 bound to OS proc set 0,48
OMP: Info #251: KMP_AFFINITY: pid 291206 tid 291241 thread 9 bound to OS proc set 1,49
OMP: Info #251: KMP_AFFINITY: pid 291206 tid 291242 thread 10 bound to OS proc set 2,50
OMP: Info #251: KMP_AFFINITY: pid 291206 tid 291243 thread 11 bound to OS proc set 3,51
OMP: Info #276: KMP_AFFINITY: Affinity capable, using global cpuid leaf 11 info
OMP: Info #156: KMP_AFFINITY: 16 available OS procs
OMP: Info #157: KMP_AFFINITY: Uniform topology
OMP: Info #191: KMP_AFFINITY: 1 socket x 8 cores/socket x 2 threads/core (8 total cores)
OMP: Info #215: KMP_AFFINITY: OS proc to physical thread map:
OMP: Info #171: KMP_AFFINITY: OS proc 24 maps to socket 1 core 0 thread 0 
OMP: Info #171: KMP_AFFINITY: OS proc 72 maps to socket 1 core 0 thread 1 
OMP: Info #171: KMP_AFFINITY: OS proc 25 maps to socket 1 core 1 thread 0 
OMP: Info #171: KMP_AFFINITY: OS proc 73 maps to socket 1 core 1 thread 1 
OMP: Info #171: KMP_AFFINITY: OS proc 26 maps to socket 1 core 2 thread 0 
OMP: Info #171: KMP_AFFINITY: OS proc 74 maps to socket 1 core 2 thread 1 
OMP: Info #171: KMP_AFFINITY: OS proc 27 maps to socket 1 core 3 thread 0 
OMP: Info #171: KMP_AFFINITY: OS proc 75 maps to socket 1 core 3 thread 1 
OMP: Info #171: KMP_AFFINITY: OS proc 28 maps to socket 1 core 4 thread 0 
OMP: Info #171: KMP_AFFINITY: OS proc 76 maps to socket 1 core 4 thread 1 
OMP: Info #171: KMP_AFFINITY: OS proc 29 maps to socket 1 core 5 thread 0 
OMP: Info #171: KMP_AFFINITY: OS proc 77 maps to socket 1 core 5 thread 1 
OMP: Info #171: KMP_AFFINITY: OS proc 30 maps to socket 1 core 8 thread 0 
OMP: Info #171: KMP_AFFINITY: OS proc 78 maps to socket 1 core 8 thread 1 
OMP: Info #171: KMP_AFFINITY: OS proc 31 maps to socket 1 core 9 thread 0 
OMP: Info #171: KMP_AFFINITY: OS proc 79 maps to socket 1 core 9 thread 1 
OMP: Info #144: KMP_AFFINITY: Threads may migrate across 1 innermost levels of machine
OMP: Info #251: KMP_AFFINITY: pid 291208 tid 291208 thread 0 bound to OS proc set 24,72
OMP: Info #251: KMP_AFFINITY: pid 291207 tid 291244 thread 10 bound to OS proc set 10,58
OMP: Info #251: KMP_AFFINITY: pid 291208 tid 291246 thread 1 bound to OS proc set 25,73
OMP: Info #251: KMP_AFFINITY: pid 291207 tid 291245 thread 11 bound to OS proc set 11,59
OMP: Info #251: KMP_AFFINITY: pid 291208 tid 291249 thread 2 bound to OS proc set 26,74
OMP: Info #251: KMP_AFFINITY: pid 291207 tid 291248 thread 13 bound to OS proc set 13,61
OMP: Info #251: KMP_AFFINITY: pid 291207 tid 291247 thread 12 bound to OS proc set 12,60
OMP: Info #251: KMP_AFFINITY: pid 291206 tid 291253 thread 12 bound to OS proc set 4,52
OMP: Info #251: KMP_AFFINITY: pid 291208 tid 291250 thread 3 bound to OS proc set 27,75
OMP: Info #251: KMP_AFFINITY: pid 291206 tid 291255 thread 13 bound to OS proc set 5,53
OMP: Info #251: KMP_AFFINITY: pid 291207 tid 291251 thread 14 bound to OS proc set 14,62
OMP: Info #251: KMP_AFFINITY: pid 291206 tid 291256 thread 14 bound to OS proc set 6,54
OMP: Info #251: KMP_AFFINITY: pid 291206 tid 291257 thread 15 bound to OS proc set 7,55
OMP: Info #251: KMP_AFFINITY: pid 291208 tid 291252 thread 4 bound to OS proc set 28,76
OMP: Info #251: KMP_AFFINITY: pid 291208 tid 291258 thread 5 bound to OS proc set 29,77
OMP: Info #251: KMP_AFFINITY: pid 291208 tid 291259 thread 6 bound to OS proc set 30,78
OMP: Info #251: KMP_AFFINITY: pid 291208 tid 291260 thread 7 bound to OS proc set 31,79
OMP: Info #251: KMP_AFFINITY: pid 291208 tid 291261 thread 8 bound to OS proc set 24,72
OMP: Info #251: KMP_AFFINITY: pid 291208 tid 291262 thread 9 bound to OS proc set 25,73
OMP: Info #251: KMP_AFFINITY: pid 291208 tid 291263 thread 10 bound to OS proc set 26,74
OMP: Info #251: KMP_AFFINITY: pid 291208 tid 291264 thread 11 bound to OS proc set 27,75
OMP: Info #251: KMP_AFFINITY: pid 291208 tid 291265 thread 12 bound to OS proc set 28,76
OMP: Info #251: KMP_AFFINITY: pid 291208 tid 291266 thread 13 bound to OS proc set 29,77
OMP: Info #251: KMP_AFFINITY: pid 291208 tid 291267 thread 14 bound to OS proc set 30,78
OMP: Info #251: KMP_AFFINITY: pid 291207 tid 291254 thread 15 bound to OS proc set 15,63
OMP: Info #251: KMP_AFFINITY: pid 291208 tid 291268 thread 15 bound to OS proc set 31,79

Num-X: 3 ; Num-Y: 1 ; Resolution: 6500 ; Rank: 2 ; Rank-X: 2 ; Rank-Y: 0 ; Rowstart: 0; Rowend: 6501; Rows: 6501; Colstart: 4334; Colend: 6501; Cols: 2167;
Num-X: 3 ; Num-Y: 1 ; Resolution: 6500 ; Rank: 1 ; Rank-X: 1 ; Rank-Y: 0 ; Rowstart: 0; Rowend: 6501; Rows: 6501; Colstart: 2167; Colend: 4335; Cols: 2168;
Num-X: 3 ; Num-Y: 1 ; Resolution: 6500 ; Rank: 0 ; Rank-X: 0 ; Rank-Y: 0 ; Rowstart: 0; Rowend: 6501; Rows: 6501; Colstart: 0; Colend: 2168; Cols: 2168;

Resolution: 6500
===================
Execution time: 0.121438
Residual: 3.046748

megaflops:  48708.0
  flop instructions (M):  5915.000

Num-X: 3 ; Num-Y: 1 ; Resolution: 8500 ; Rank: 2 ; Rank-X: 2 ; Rank-Y: 0 ; Rowstart: 0; Rowend: 8501; Rows: 8501; Colstart: 5668; Colend: 8501; Cols: 2833;
Num-X: 3 ; Num-Y: 1 ; Resolution: 8500 ; Rank: 1 ; Rank-X: 1 ; Rank-Y: 0 ; Rowstart: 0; Rowend: 8501; Rows: 8501; Colstart: 2834; Colend: 5669; Cols: 2835;
Num-X: 3 ; Num-Y: 1 ; Resolution: 8500 ; Rank: 0 ; Rank-X: 0 ; Rank-Y: 0 ; Rowstart: 0; Rowend: 8501; Rows: 8501; Colstart: 0; Colend: 2835; Cols: 2835;

Resolution: 8500
===================
Execution time: 0.214152
Residual: 3.984807

megaflops:  47232.8
  flop instructions (M):  10115.000

Num-X: 3 ; Num-Y: 1 ; Resolution: 10500 ; Rank: 2 ; Rank-X: 2 ; Rank-Y: 0 ; Rowstart: 0; Rowend: 10501; Rows: 10501; Colstart: 7000; Colend: 10501; Cols: 3501;
Num-X: 3 ; Num-Y: 1 ; Resolution: 10500 ; Rank: 1 ; Rank-X: 1 ; Rank-Y: 0 ; Rowstart: 0; Rowend: 10501; Rows: 10501; Colstart: 3500; Colend: 7001; Cols: 3501;
Num-X: 3 ; Num-Y: 1 ; Resolution: 10500 ; Rank: 0 ; Rank-X: 0 ; Rank-Y: 0 ; Rowstart: 0; Rowend: 10501; Rows: 10501; Colstart: 0; Colend: 3501; Cols: 3501;

Resolution: 10500
===================
Execution time: 0.331165
Residual: 4.922866

megaflops:  46608.2
  flop instructions (M):  15435.000

Num-X: 3 ; Num-Y: 1 ; Resolution: 12500 ; Rank: 2 ; Rank-X: 2 ; Rank-Y: 0 ; Rowstart: 0; Rowend: 12501; Rows: 12501; Colstart: 8334; Colend: 12501; Cols: 4167;
Num-X: 3 ; Num-Y: 1 ; Resolution: 12500 ; Rank: 1 ; Rank-X: 1 ; Rank-Y: 0 ; Rowstart: 0; Rowend: 12501; Rows: 12501; Colstart: 4167; Colend: 8335; Cols: 4168;
Num-X: 3 ; Num-Y: 1 ; Resolution: 12500 ; Rank: 0 ; Rank-X: 0 ; Rank-Y: 0 ; Rowstart: 0; Rowend: 12501; Rows: 12501; Colstart: 0; Colend: 4168; Cols: 4168;

Resolution: 12500
===================
Execution time: 0.469169
Residual: 5.860924

megaflops:  46625.0
  flop instructions (M):  21875.000
