mpiexec -genv I_MPI_DEBUG=4 -genv OMP_NUM_THREADS=6 -genv KMP_AFFINITY=verbose,scatter -genv I_MPI_PIN_DOMAIN=omp -n 8 ./heat test.dat 8 1
[0] MPI startup(): Intel(R) MPI Library, Version 2019 Update 8  Build 20200624 (id: 4f16ad915)
[0] MPI startup(): Copyright (C) 2003-2020 Intel Corporation.  All rights reserved.
[0] MPI startup(): library kind: release
[0] MPI startup(): libfabric version: 1.10.1-impi
[0] MPI startup(): libfabric provider: psm2
[0] MPI startup(): Rank    Pid      Node name     Pin cpu
[0] MPI startup(): 0       1579328  i01r01c05s08  {0,1,2,48,49,50}
[0] MPI startup(): 1       1579329  i01r01c05s08  {3,4,5,51,52,53}
[0] MPI startup(): 2       1579330  i01r01c05s08  {6,7,8,54,55,56}
[0] MPI startup(): 3       1579331  i01r01c05s08  {9,10,11,57,58,59}
[0] MPI startup(): 4       1579332  i01r01c05s08  {24,25,26,72,73,74}
[0] MPI startup(): 5       1579333  i01r01c05s08  {27,28,29,75,76,77}
[0] MPI startup(): 6       1579334  i01r01c05s08  {30,31,32,78,79,80}
[0] MPI startup(): 7       1579335  i01r01c05s08  {33,34,35,81,82,83}

8 processes distributed in X-direction
 1 ; processes distributed in Y-direction
Resolutions       : (6500, 8500, ... 12500)
Iterations        : 20
Num. Heat sources : 2
   1: (0.00, 0.00) 1.00 1.00 
   2: (1.00, 1.00) 1.00 0.50 
OMP: Info #154: KMP_AFFINITY: Initial OS proc set respected: 3-5,51-53
OMP: Info #213: KMP_AFFINITY: decoding x2APIC ids.
OMP: Info #154: KMP_AFFINITY: Initial OS proc set respected: 24-26,72-74
OMP: Info #213: KMP_AFFINITY: decoding x2APIC ids.
OMP: Info #276: KMP_AFFINITY: Affinity capable, using global cpuid leaf 11 info
OMP: Info #156: KMP_AFFINITY: 6 available OS procs
OMP: Info #157: KMP_AFFINITY: Uniform topology
OMP: Info #191: KMP_AFFINITY: 1 socket x 3 cores/socket x 2 threads/core (3 total cores)
OMP: Info #215: KMP_AFFINITY: OS proc to physical thread map:
OMP: Info #171: KMP_AFFINITY: OS proc 3 maps to socket 0 core 3 thread 0 
OMP: Info #171: KMP_AFFINITY: OS proc 51 maps to socket 0 core 3 thread 1 
OMP: Info #171: KMP_AFFINITY: OS proc 4 maps to socket 0 core 4 thread 0 
OMP: Info #171: KMP_AFFINITY: OS proc 52 maps to socket 0 core 4 thread 1 
OMP: Info #171: KMP_AFFINITY: OS proc 5 maps to socket 0 core 5 thread 0 
OMP: Info #171: KMP_AFFINITY: OS proc 53 maps to socket 0 core 5 thread 1 
OMP: Info #144: KMP_AFFINITY: Threads may migrate across 1 innermost levels of machine
OMP: Info #276: KMP_AFFINITY: Affinity capable, using global cpuid leaf 11 info
OMP: Info #156: KMP_AFFINITY: 6 available OS procs
OMP: Info #157: KMP_AFFINITY: Uniform topology
OMP: Info #191: KMP_AFFINITY: 1 socket x 3 cores/socket x 2 threads/core (3 total cores)
OMP: Info #215: KMP_AFFINITY: OS proc to physical thread map:
OMP: Info #171: KMP_AFFINITY: OS proc 24 maps to socket 1 core 0 thread 0 
OMP: Info #171: KMP_AFFINITY: OS proc 72 maps to socket 1 core 0 thread 1 
OMP: Info #171: KMP_AFFINITY: OS proc 25 maps to socket 1 core 1 thread 0 
OMP: Info #171: KMP_AFFINITY: OS proc 73 maps to socket 1 core 1 thread 1 
OMP: Info #171: KMP_AFFINITY: OS proc 26 maps to socket 1 core 2 thread 0 
OMP: Info #171: KMP_AFFINITY: OS proc 74 maps to socket 1 core 2 thread 1 
OMP: Info #144: KMP_AFFINITY: Threads may migrate across 1 innermost levels of machine
OMP: Info #251: KMP_AFFINITY: pid 1579332 tid 1579332 thread 0 bound to OS proc set 24,72

Executing each MPI process in 6 OMP threads.
OMP: Info #251: KMP_AFFINITY: pid 1579329 tid 1579329 thread 0 bound to OS proc set 3,51

Executing each MPI process in 6 OMP threads.
rank= 0 coords= 0 0 neighbours(up,down,left,right)= -1 1 -1 -1
rank= 1 coords= 1 0 neighbours(up,down,left,right)= 0 2 -1 -1
rank= 2 coords= 2 0 neighbours(up,down,left,right)= 1 3 -1 -1
rank= 3 coords= 3 0 neighbours(up,down,left,right)= 2 4 -1 -1
rank= 4 coords= 4 0 neighbours(up,down,left,right)= 3 5 -1 -1
rank= 5 coords= 5 0 neighbours(up,down,left,right)= 4 6 -1 -1
rank= 6 coords= 6 0 neighbours(up,down,left,right)= 5 7 -1 -1
rank= 7 coords= 7 0 neighbours(up,down,left,right)= 6 -1 -1 -1
OMP: Info #251: KMP_AFFINITY: pid 1579332 tid 1579376 thread 1 bound to OS proc set 25,73
OMP: Info #251: KMP_AFFINITY: pid 1579332 tid 1579377 thread 2 bound to OS proc set 26,74
OMP: Info #251: KMP_AFFINITY: pid 1579329 tid 1579379 thread 2 bound to OS proc set 5,53
OMP: Info #251: KMP_AFFINITY: pid 1579332 tid 1579380 thread 3 bound to OS proc set 24,72
OMP: Info #251: KMP_AFFINITY: pid 1579329 tid 1579378 thread 1 bound to OS proc set 4,52
OMP: Info #251: KMP_AFFINITY: pid 1579329 tid 1579381 thread 3 bound to OS proc set 3,51
OMP: Info #251: KMP_AFFINITY: pid 1579329 tid 1579382 thread 4 bound to OS proc set 4,52
OMP: Info #251: KMP_AFFINITY: pid 1579329 tid 1579383 thread 5 bound to OS proc set 5,53
OMP: Info #251: KMP_AFFINITY: pid 1579332 tid 1579384 thread 4 bound to OS proc set 25,73
OMP: Info #251: KMP_AFFINITY: pid 1579332 tid 1579385 thread 5 bound to OS proc set 26,74
OMP: Info #154: KMP_AFFINITY: Initial OS proc set respected: 6-8,54-56
OMP: Info #213: KMP_AFFINITY: decoding x2APIC ids.
OMP: Info #154: KMP_AFFINITY: Initial OS proc set respected: 9-11,57-59
OMP: Info #213: KMP_AFFINITY: decoding x2APIC ids.
OMP: Info #154: KMP_AFFINITY: Initial OS proc set respected: 0-2,48-50
OMP: Info #213: KMP_AFFINITY: decoding x2APIC ids.
OMP: Info #154: KMP_AFFINITY: Initial OS proc set respected: 33-35,81-83
OMP: Info #213: KMP_AFFINITY: decoding x2APIC ids.
OMP: Info #154: KMP_AFFINITY: Initial OS proc set respected: 27-29,75-77
OMP: Info #213: KMP_AFFINITY: decoding x2APIC ids.
OMP: Info #154: KMP_AFFINITY: Initial OS proc set respected: 30-32,78-80
OMP: Info #213: KMP_AFFINITY: decoding x2APIC ids.
OMP: Info #276: KMP_AFFINITY: Affinity capable, using global cpuid leaf 11 info
OMP: Info #156: KMP_AFFINITY: 6 available OS procs
OMP: Info #157: KMP_AFFINITY: Uniform topology
OMP: Info #191: KMP_AFFINITY: 1 socket x 3 cores/socket x 2 threads/core (3 total cores)
OMP: Info #215: KMP_AFFINITY: OS proc to physical thread map:
OMP: Info #171: KMP_AFFINITY: OS proc 6 maps to socket 0 core 8 thread 0 
OMP: Info #171: KMP_AFFINITY: OS proc 54 maps to socket 0 core 8 thread 1 
OMP: Info #171: KMP_AFFINITY: OS proc 7 maps to socket 0 core 9 thread 0 
OMP: Info #171: KMP_AFFINITY: OS proc 55 maps to socket 0 core 9 thread 1 
OMP: Info #171: KMP_AFFINITY: OS proc 8 maps to socket 0 core 10 thread 0 
OMP: Info #171: KMP_AFFINITY: OS proc 56 maps to socket 0 core 10 thread 1 
OMP: Info #276: KMP_AFFINITY: Affinity capable, using global cpuid leaf 11 info
OMP: Info #156: KMP_AFFINITY: 6 available OS procs
OMP: Info #144: KMP_AFFINITY: Threads may migrate across 1 innermost levels of machine
OMP: Info #157: KMP_AFFINITY: Uniform topology
OMP: Info #191: KMP_AFFINITY: 1 socket x 3 cores/socket x 2 threads/core (3 total cores)
OMP: Info #215: KMP_AFFINITY: OS proc to physical thread map:
OMP: Info #276: KMP_AFFINITY: Affinity capable, using global cpuid leaf 11 info
OMP: Info #156: KMP_AFFINITY: 6 available OS procs
OMP: Info #157: KMP_AFFINITY: Uniform topology
OMP: Info #191: KMP_AFFINITY: 1 socket x 3 cores/socket x 2 threads/core (3 total cores)
OMP: Info #171: KMP_AFFINITY: OS proc 9 maps to socket 0 core 11 thread 0 
OMP: Info #171: KMP_AFFINITY: OS proc 57 maps to socket 0 core 11 thread 1 
OMP: Info #171: KMP_AFFINITY: OS proc 10 maps to socket 0 core 12 thread 0 
OMP: Info #171: KMP_AFFINITY: OS proc 58 maps to socket 0 core 12 thread 1 
OMP: Info #215: KMP_AFFINITY: OS proc to physical thread map:
OMP: Info #171: KMP_AFFINITY: OS proc 33 maps to socket 1 core 11 thread 0 
OMP: Info #171: KMP_AFFINITY: OS proc 81 maps to socket 1 core 11 thread 1 
OMP: Info #171: KMP_AFFINITY: OS proc 34 maps to socket 1 core 12 thread 0 
OMP: Info #251: KMP_AFFINITY: pid 1579330 tid 1579330 thread 0 bound to OS proc set 6,54
OMP: Info #171: KMP_AFFINITY: OS proc 11 maps to socket 0 core 13 thread 0 
OMP: Info #171: KMP_AFFINITY: OS proc 59 maps to socket 0 core 13 thread 1 
OMP: Info #171: KMP_AFFINITY: OS proc 82 maps to socket 1 core 12 thread 1 
OMP: Info #171: KMP_AFFINITY: OS proc 35 maps to socket 1 core 13 thread 0 
OMP: Info #171: KMP_AFFINITY: OS proc 83 maps to socket 1 core 13 thread 1 
OMP: Info #144: KMP_AFFINITY: Threads may migrate across 1 innermost levels of machine
OMP: Info #144: KMP_AFFINITY: Threads may migrate across 1 innermost levels of machine
OMP: Info #276: KMP_AFFINITY: Affinity capable, using global cpuid leaf 11 info
OMP: Info #156: KMP_AFFINITY: 6 available OS procs
OMP: Info #276: KMP_AFFINITY: Affinity capable, using global cpuid leaf 11 info
OMP: Info #251: KMP_AFFINITY: pid 1579331 tid 1579331 thread 0 bound to OS proc set 9,57
OMP: Info #157: KMP_AFFINITY: Uniform topology
OMP: Info #191: KMP_AFFINITY: 1 socket x 3 cores/socket x 2 threads/core (3 total cores)
OMP: Info #215: KMP_AFFINITY: OS proc to physical thread map:
OMP: Info #171: KMP_AFFINITY: OS proc 27 maps to socket 1 core 3 thread 0 
OMP: Info #156: KMP_AFFINITY: 6 available OS procs
OMP: Info #157: KMP_AFFINITY: Uniform topology
OMP: Info #191: KMP_AFFINITY: 1 socket x 3 cores/socket x 2 threads/core (3 total cores)
OMP: Info #215: KMP_AFFINITY: OS proc to physical thread map:
OMP: Info #171: KMP_AFFINITY: OS proc 75 maps to socket 1 core 3 thread 1 
OMP: Info #171: KMP_AFFINITY: OS proc 28 maps to socket 1 core 4 thread 0 
OMP: Info #171: KMP_AFFINITY: OS proc 76 maps to socket 1 core 4 thread 1 
OMP: Info #251: KMP_AFFINITY: pid 1579335 tid 1579335 thread 0 bound to OS proc set 33,81
OMP: Info #171: KMP_AFFINITY: OS proc 0 maps to socket 0 core 0 thread 0 
OMP: Info #171: KMP_AFFINITY: OS proc 48 maps to socket 0 core 0 thread 1 
OMP: Info #171: KMP_AFFINITY: OS proc 1 maps to socket 0 core 1 thread 0 
OMP: Info #171: KMP_AFFINITY: OS proc 49 maps to socket 0 core 1 thread 1 
OMP: Info #171: KMP_AFFINITY: OS proc 2 maps to socket 0 core 2 thread 0 
OMP: Info #171: KMP_AFFINITY: OS proc 50 maps to socket 0 core 2 thread 1 
OMP: Info #171: KMP_AFFINITY: OS proc 29 maps to socket 1 core 5 thread 0 
OMP: Info #171: KMP_AFFINITY: OS proc 77 maps to socket 1 core 5 thread 1 
OMP: Info #276: KMP_AFFINITY: Affinity capable, using global cpuid leaf 11 info
OMP: Info #156: KMP_AFFINITY: 6 available OS procs
OMP: Info #157: KMP_AFFINITY: Uniform topology
OMP: Info #191: KMP_AFFINITY: 1 socket x 3 cores/socket x 2 threads/core (3 total cores)
OMP: Info #144: KMP_AFFINITY: Threads may migrate across 1 innermost levels of machine
OMP: Info #144: KMP_AFFINITY: Threads may migrate across 1 innermost levels of machine
OMP: Info #215: KMP_AFFINITY: OS proc to physical thread map:
OMP: Info #171: KMP_AFFINITY: OS proc 30 maps to socket 1 core 8 thread 0 
OMP: Info #171: KMP_AFFINITY: OS proc 78 maps to socket 1 core 8 thread 1 
OMP: Info #171: KMP_AFFINITY: OS proc 31 maps to socket 1 core 9 thread 0 
OMP: Info #251: KMP_AFFINITY: pid 1579330 tid 1579386 thread 1 bound to OS proc set 7,55
OMP: Info #171: KMP_AFFINITY: OS proc 79 maps to socket 1 core 9 thread 1 
OMP: Info #171: KMP_AFFINITY: OS proc 32 maps to socket 1 core 10 thread 0 
OMP: Info #171: KMP_AFFINITY: OS proc 80 maps to socket 1 core 10 thread 1 
OMP: Info #251: KMP_AFFINITY: pid 1579333 tid 1579333 thread 0 bound to OS proc set 27,75
OMP: Info #251: KMP_AFFINITY: pid 1579328 tid 1579328 thread 0 bound to OS proc set 0,48
OMP: Info #144: KMP_AFFINITY: Threads may migrate across 1 innermost levels of machine
OMP: Info #251: KMP_AFFINITY: pid 1579331 tid 1579389 thread 1 bound to OS proc set 10,58
OMP: Info #251: KMP_AFFINITY: pid 1579334 tid 1579334 thread 0 bound to OS proc set 30,78
OMP: Info #251: KMP_AFFINITY: pid 1579335 tid 1579388 thread 1 bound to OS proc set 34,82
OMP: Info #251: KMP_AFFINITY: pid 1579330 tid 1579387 thread 2 bound to OS proc set 8,56
OMP: Info #251: KMP_AFFINITY: pid 1579328 tid 1579393 thread 1 bound to OS proc set 1,49
OMP: Info #251: KMP_AFFINITY: pid 1579333 tid 1579392 thread 1 bound to OS proc set 28,76
OMP: Info #251: KMP_AFFINITY: pid 1579331 tid 1579391 thread 2 bound to OS proc set 11,59
OMP: Info #251: KMP_AFFINITY: pid 1579328 tid 1579396 thread 2 bound to OS proc set 2,50
OMP: Info #251: KMP_AFFINITY: pid 1579330 tid 1579390 thread 3 bound to OS proc set 6,54
OMP: Info #251: KMP_AFFINITY: pid 1579334 tid 1579395 thread 1 bound to OS proc set 31,79
OMP: Info #251: KMP_AFFINITY: pid 1579335 tid 1579394 thread 2 bound to OS proc set 35,83
OMP: Info #251: KMP_AFFINITY: pid 1579330 tid 1579400 thread 4 bound to OS proc set 7,55
OMP: Info #251: KMP_AFFINITY: pid 1579331 tid 1579398 thread 3 bound to OS proc set 9,57
OMP: Info #251: KMP_AFFINITY: pid 1579335 tid 1579399 thread 3 bound to OS proc set 33,81
OMP: Info #251: KMP_AFFINITY: pid 1579333 tid 1579397 thread 2 bound to OS proc set 29,77
OMP: Info #251: KMP_AFFINITY: pid 1579333 tid 1579402 thread 3 bound to OS proc set 27,75
OMP: Info #251: KMP_AFFINITY: pid 1579334 tid 1579401 thread 2 bound to OS proc set 32,80
OMP: Info #251: KMP_AFFINITY: pid 1579335 tid 1579405 thread 4 bound to OS proc set 34,82
OMP: Info #251: KMP_AFFINITY: pid 1579333 tid 1579407 thread 4 bound to OS proc set 28,76
OMP: Info #251: KMP_AFFINITY: pid 1579335 tid 1579408 thread 5 bound to OS proc set 35,83
OMP: Info #251: KMP_AFFINITY: pid 1579334 tid 1579409 thread 4 bound to OS proc set 31,79
OMP: Info #251: KMP_AFFINITY: pid 1579334 tid 1579406 thread 3 bound to OS proc set 30,78
OMP: Info #251: KMP_AFFINITY: pid 1579334 tid 1579410 thread 5 bound to OS proc set 32,80
OMP: Info #251: KMP_AFFINITY: pid 1579328 tid 1579411 thread 3 bound to OS proc set 0,48
OMP: Info #251: KMP_AFFINITY: pid 1579331 tid 1579403 thread 4 bound to OS proc set 10,58
OMP: Info #251: KMP_AFFINITY: pid 1579328 tid 1579412 thread 4 bound to OS proc set 1,49
OMP: Info #251: KMP_AFFINITY: pid 1579331 tid 1579413 thread 5 bound to OS proc set 11,59
OMP: Info #251: KMP_AFFINITY: pid 1579328 tid 1579414 thread 5 bound to OS proc set 2,50
OMP: Info #251: KMP_AFFINITY: pid 1579333 tid 1579415 thread 5 bound to OS proc set 29,77
OMP: Info #251: KMP_AFFINITY: pid 1579330 tid 1579404 thread 5 bound to OS proc set 8,56

Num-X: 1 ; Num-Y: 8 ; Resolution: 6500 ; Rank: 1 ; Rank-X: 0 ; Rank-Y: 1 ; Rowstart: 813; Rowend: 1627; Rows: 814; Colstart: 0; Colend: 6501; Cols: 6501;
Num-X: 1 ; Num-Y: 8 ; Resolution: 6500 ; Rank: 7 ; Rank-X: 0 ; Rank-Y: 7 ; Rowstart: 5691; Rowend: 6501; Rows: 810; Colstart: 0; Colend: 6501; Cols: 6501;
Num-X: 1 ; Num-Y: 8 ; Resolution: 6500 ; Rank: 3 ; Rank-X: 0 ; Rank-Y: 3 ; Rowstart: 2439; Rowend: 3253; Rows: 814; Colstart: 0; Colend: 6501; Cols: 6501;
Num-X: 1 ; Num-Y: 8 ; Resolution: 6500 ; Rank: 4 ; Rank-X: 0 ; Rank-Y: 4 ; Rowstart: 3252; Rowend: 4066; Rows: 814; Colstart: 0; Colend: 6501; Cols: 6501;
Num-X: 1 ; Num-Y: 8 ; Resolution: 6500 ; Rank: 2 ; Rank-X: 0 ; Rank-Y: 2 ; Rowstart: 1626; Rowend: 2440; Rows: 814; Colstart: 0; Colend: 6501; Cols: 6501;
Num-X: 1 ; Num-Y: 8 ; Resolution: 6500 ; Rank: 5 ; Rank-X: 0 ; Rank-Y: 5 ; Rowstart: 4065; Rowend: 4879; Rows: 814; Colstart: 0; Colend: 6501; Cols: 6501;
Num-X: 1 ; Num-Y: 8 ; Resolution: 6500 ; Rank: 6 ; Rank-X: 0 ; Rank-Y: 6 ; Rowstart: 4878; Rowend: 5692; Rows: 814; Colstart: 0; Colend: 6501; Cols: 6501;
Num-X: 1 ; Num-Y: 8 ; Resolution: 6500 ; Rank: 0 ; Rank-X: 0 ; Rank-Y: 0 ; Rowstart: 0; Rowend: 814; Rows: 814; Colstart: 0; Colend: 6501; Cols: 6501;

Resolution: 6500
===================
Execution time: 0.089416
Residual: 2.736927

megaflops:  66151.5
  flop instructions (M):  5915.000

Num-X: 1 ; Num-Y: 8 ; Resolution: 8500 ; Rank: 2 ; Rank-X: 0 ; Rank-Y: 2 ; Rowstart: 2126; Rowend: 3190; Rows: 1064; Colstart: 0; Colend: 8501; Cols: 8501;
Num-X: 1 ; Num-Y: 8 ; Resolution: 8500 ; Rank: 0 ; Rank-X: 0 ; Rank-Y: 0 ; Rowstart: 0; Rowend: 1064; Rows: 1064; Colstart: 0; Colend: 8501; Cols: 8501;
Num-X: 1 ; Num-Y: 8 ; Resolution: 8500 ; Rank: 1 ; Rank-X: 0 ; Rank-Y: 1 ; Rowstart: 1063; Rowend: 2127; Rows: 1064; Colstart: 0; Colend: 8501; Cols: 8501;
Num-X: 1 ; Num-Y: 8 ; Resolution: 8500 ; Rank: 3 ; Rank-X: 0 ; Rank-Y: 3 ; Rowstart: 3189; Rowend: 4253; Rows: 1064; Colstart: 0; Colend: 8501; Cols: 8501;
Num-X: 1 ; Num-Y: 8 ; Resolution: 8500 ; Rank: 4 ; Rank-X: 0 ; Rank-Y: 4 ; Rowstart: 4252; Rowend: 5316; Rows: 1064; Colstart: 0; Colend: 8501; Cols: 8501;
Num-X: 1 ; Num-Y: 8 ; Resolution: 8500 ; Rank: 6 ; Rank-X: 0 ; Rank-Y: 6 ; Rowstart: 6378; Rowend: 7442; Rows: 1064; Colstart: 0; Colend: 8501; Cols: 8501;
Num-X: 1 ; Num-Y: 8 ; Resolution: 8500 ; Rank: 5 ; Rank-X: 0 ; Rank-Y: 5 ; Rowstart: 5315; Rowend: 6379; Rows: 1064; Colstart: 0; Colend: 8501; Cols: 8501;
Num-X: 1 ; Num-Y: 8 ; Resolution: 8500 ; Rank: 7 ; Rank-X: 0 ; Rank-Y: 7 ; Rowstart: 7441; Rowend: 8501; Rows: 1060; Colstart: 0; Colend: 8501; Cols: 8501;

Resolution: 8500
===================
Execution time: 0.161226
Residual: 3.581423

megaflops:  62738.0
  flop instructions (M):  10115.000

Num-X: 1 ; Num-Y: 8 ; Resolution: 10500 ; Rank: 2 ; Rank-X: 0 ; Rank-Y: 2 ; Rowstart: 2626; Rowend: 3940; Rows: 1314; Colstart: 0; Colend: 10501; Cols: 10501;
Num-X: 1 ; Num-Y: 8 ; Resolution: 10500 ; Rank: 7 ; Rank-X: 0 ; Rank-Y: 7 ; Rowstart: 9191; Rowend: 10501; Rows: 1310; Colstart: 0; Colend: 10501; Cols: 10501;
Num-X: 1 ; Num-Y: 8 ; Resolution: 10500 ; Rank: 1 ; Rank-X: 0 ; Rank-Y: 1 ; Rowstart: 1313; Rowend: 2627; Rows: 1314; Colstart: 0; Colend: 10501; Cols: 10501;
Num-X: 1 ; Num-Y: 8 ; Resolution: 10500 ; Rank: 0 ; Rank-X: 0 ; Rank-Y: 0 ; Rowstart: 0; Rowend: 1314; Rows: 1314; Colstart: 0; Colend: 10501; Cols: 10501;
Num-X: 1 ; Num-Y: 8 ; Resolution: 10500 ; Rank: 3 ; Rank-X: 0 ; Rank-Y: 3 ; Rowstart: 3939; Rowend: 5253; Rows: 1314; Colstart: 0; Colend: 10501; Cols: 10501;
Num-X: 1 ; Num-Y: 8 ; Resolution: 10500 ; Rank: 6 ; Rank-X: 0 ; Rank-Y: 6 ; Rowstart: 7878; Rowend: 9192; Rows: 1314; Colstart: 0; Colend: 10501; Cols: 10501;
Num-X: 1 ; Num-Y: 8 ; Resolution: 10500 ; Rank: 4 ; Rank-X: 0 ; Rank-Y: 4 ; Rowstart: 5252; Rowend: 6566; Rows: 1314; Colstart: 0; Colend: 10501; Cols: 10501;
Num-X: 1 ; Num-Y: 8 ; Resolution: 10500 ; Rank: 5 ; Rank-X: 0 ; Rank-Y: 5 ; Rowstart: 6565; Rowend: 7879; Rows: 1314; Colstart: 0; Colend: 10501; Cols: 10501;

Resolution: 10500
===================
Execution time: 0.252671
Residual: 4.425918

megaflops:  61087.3
  flop instructions (M):  15435.000

Num-X: 1 ; Num-Y: 8 ; Resolution: 12500 ; Rank: 7 ; Rank-X: 0 ; Rank-Y: 7 ; Rowstart: 10941; Rowend: 12501; Rows: 1560; Colstart: 0; Colend: 12501; Cols: 12501;
Num-X: 1 ; Num-Y: 8 ; Resolution: 12500 ; Rank: 4 ; Rank-X: 0 ; Rank-Y: 4 ; Rowstart: 6252; Rowend: 7816; Rows: 1564; Colstart: 0; Colend: 12501; Cols: 12501;
Num-X: 1 ; Num-Y: 8 ; Resolution: 12500 ; Rank: 6 ; Rank-X: 0 ; Rank-Y: 6 ; Rowstart: 9378; Rowend: 10942; Rows: 1564; Colstart: 0; Colend: 12501; Cols: 12501;
Num-X: 1 ; Num-Y: 8 ; Resolution: 12500 ; Rank: 5 ; Rank-X: 0 ; Rank-Y: 5 ; Rowstart: 7815; Rowend: 9379; Rows: 1564; Colstart: 0; Colend: 12501; Cols: 12501;
Num-X: 1 ; Num-Y: 8 ; Resolution: 12500 ; Rank: 2 ; Rank-X: 0 ; Rank-Y: 2 ; Rowstart: 3126; Rowend: 4690; Rows: 1564; Colstart: 0; Colend: 12501; Cols: 12501;
Num-X: 1 ; Num-Y: 8 ; Resolution: 12500 ; Rank: 1 ; Rank-X: 0 ; Rank-Y: 1 ; Rowstart: 1563; Rowend: 3127; Rows: 1564; Colstart: 0; Colend: 12501; Cols: 12501;
Num-X: 1 ; Num-Y: 8 ; Resolution: 12500 ; Rank: 3 ; Rank-X: 0 ; Rank-Y: 3 ; Rowstart: 4689; Rowend: 6253; Rows: 1564; Colstart: 0; Colend: 12501; Cols: 12501;
Num-X: 1 ; Num-Y: 8 ; Resolution: 12500 ; Rank: 0 ; Rank-X: 0 ; Rank-Y: 0 ; Rowstart: 0; Rowend: 1564; Rows: 1564; Colstart: 0; Colend: 12501; Cols: 12501;

Resolution: 12500
===================
Execution time: 0.367862
Residual: 5.270414

megaflops:  59465.2
  flop instructions (M):  21875.000
