mpiexec -genv I_MPI_DEBUG=4 -genv OMP_NUM_THREADS=48 -genv KMP_AFFINITY=verbose,scatter -genv I_MPI_PIN_DOMAIN=omp -n 1 ./heat test.dat 1 1
[0] MPI startup(): Intel(R) MPI Library, Version 2019 Update 8  Build 20200624 (id: 4f16ad915)
[0] MPI startup(): Copyright (C) 2003-2020 Intel Corporation.  All rights reserved.
[0] MPI startup(): library kind: release
[0] MPI startup(): libfabric version: 1.10.1-impi
[0] MPI startup(): libfabric provider: psm2
[0] MPI startup(): Rank    Pid      Node name     Pin cpu
[0] MPI startup(): 0       2062060  i01r01c06s02  {0,1,2,3,4,5,6,7,8,9,10,11,12,13,14,15,16,17,18,19,20,21,22,23,48,49,50,51,52,53,
                                    54,55,56,57,58,59,60,61,62,63,64,65,66,67,68,69,70,71}

1 processes distributed in X-direction
 1 ; processes distributed in Y-direction
Resolutions       : (6500, 8500, ... 12500)
Iterations        : 20
Num. Heat sources : 2
   1: (0.00, 0.00) 1.00 1.00 
   2: (1.00, 1.00) 1.00 0.50 
rank= 0 coords= 0 0 neighbours(up,down,left,right)= -1 -1 -1 -1
OMP: Info #154: KMP_AFFINITY: Initial OS proc set respected: 0-23,48-71
OMP: Info #213: KMP_AFFINITY: decoding x2APIC ids.
OMP: Info #276: KMP_AFFINITY: Affinity capable, using global cpuid leaf 11 info
OMP: Info #156: KMP_AFFINITY: 48 available OS procs
OMP: Info #157: KMP_AFFINITY: Uniform topology
OMP: Info #191: KMP_AFFINITY: 1 socket x 24 cores/socket x 2 threads/core (24 total cores)
OMP: Info #215: KMP_AFFINITY: OS proc to physical thread map:
OMP: Info #171: KMP_AFFINITY: OS proc 0 maps to socket 0 core 0 thread 0 
OMP: Info #171: KMP_AFFINITY: OS proc 48 maps to socket 0 core 0 thread 1 
OMP: Info #171: KMP_AFFINITY: OS proc 1 maps to socket 0 core 1 thread 0 
OMP: Info #171: KMP_AFFINITY: OS proc 49 maps to socket 0 core 1 thread 1 
OMP: Info #171: KMP_AFFINITY: OS proc 2 maps to socket 0 core 2 thread 0 
OMP: Info #171: KMP_AFFINITY: OS proc 50 maps to socket 0 core 2 thread 1 
OMP: Info #171: KMP_AFFINITY: OS proc 3 maps to socket 0 core 3 thread 0 
OMP: Info #171: KMP_AFFINITY: OS proc 51 maps to socket 0 core 3 thread 1 
OMP: Info #171: KMP_AFFINITY: OS proc 4 maps to socket 0 core 4 thread 0 
OMP: Info #171: KMP_AFFINITY: OS proc 52 maps to socket 0 core 4 thread 1 
OMP: Info #171: KMP_AFFINITY: OS proc 5 maps to socket 0 core 5 thread 0 
OMP: Info #171: KMP_AFFINITY: OS proc 53 maps to socket 0 core 5 thread 1 
OMP: Info #171: KMP_AFFINITY: OS proc 6 maps to socket 0 core 8 thread 0 
OMP: Info #171: KMP_AFFINITY: OS proc 54 maps to socket 0 core 8 thread 1 
OMP: Info #171: KMP_AFFINITY: OS proc 7 maps to socket 0 core 9 thread 0 
OMP: Info #171: KMP_AFFINITY: OS proc 55 maps to socket 0 core 9 thread 1 
OMP: Info #171: KMP_AFFINITY: OS proc 8 maps to socket 0 core 10 thread 0 
OMP: Info #171: KMP_AFFINITY: OS proc 56 maps to socket 0 core 10 thread 1 
OMP: Info #171: KMP_AFFINITY: OS proc 9 maps to socket 0 core 11 thread 0 
OMP: Info #171: KMP_AFFINITY: OS proc 57 maps to socket 0 core 11 thread 1 
OMP: Info #171: KMP_AFFINITY: OS proc 10 maps to socket 0 core 12 thread 0 
OMP: Info #171: KMP_AFFINITY: OS proc 58 maps to socket 0 core 12 thread 1 
OMP: Info #171: KMP_AFFINITY: OS proc 11 maps to socket 0 core 13 thread 0 
OMP: Info #171: KMP_AFFINITY: OS proc 59 maps to socket 0 core 13 thread 1 
OMP: Info #171: KMP_AFFINITY: OS proc 12 maps to socket 0 core 16 thread 0 
OMP: Info #171: KMP_AFFINITY: OS proc 60 maps to socket 0 core 16 thread 1 
OMP: Info #171: KMP_AFFINITY: OS proc 13 maps to socket 0 core 17 thread 0 
OMP: Info #171: KMP_AFFINITY: OS proc 61 maps to socket 0 core 17 thread 1 
OMP: Info #171: KMP_AFFINITY: OS proc 14 maps to socket 0 core 18 thread 0 
OMP: Info #171: KMP_AFFINITY: OS proc 62 maps to socket 0 core 18 thread 1 
OMP: Info #171: KMP_AFFINITY: OS proc 15 maps to socket 0 core 19 thread 0 
OMP: Info #171: KMP_AFFINITY: OS proc 63 maps to socket 0 core 19 thread 1 
OMP: Info #171: KMP_AFFINITY: OS proc 16 maps to socket 0 core 20 thread 0 
OMP: Info #171: KMP_AFFINITY: OS proc 64 maps to socket 0 core 20 thread 1 
OMP: Info #171: KMP_AFFINITY: OS proc 17 maps to socket 0 core 21 thread 0 
OMP: Info #171: KMP_AFFINITY: OS proc 65 maps to socket 0 core 21 thread 1 
OMP: Info #171: KMP_AFFINITY: OS proc 18 maps to socket 0 core 24 thread 0 
OMP: Info #171: KMP_AFFINITY: OS proc 66 maps to socket 0 core 24 thread 1 
OMP: Info #171: KMP_AFFINITY: OS proc 19 maps to socket 0 core 25 thread 0 
OMP: Info #171: KMP_AFFINITY: OS proc 67 maps to socket 0 core 25 thread 1 
OMP: Info #171: KMP_AFFINITY: OS proc 20 maps to socket 0 core 26 thread 0 
OMP: Info #171: KMP_AFFINITY: OS proc 68 maps to socket 0 core 26 thread 1 
OMP: Info #171: KMP_AFFINITY: OS proc 21 maps to socket 0 core 27 thread 0 
OMP: Info #171: KMP_AFFINITY: OS proc 69 maps to socket 0 core 27 thread 1 
OMP: Info #171: KMP_AFFINITY: OS proc 22 maps to socket 0 core 28 thread 0 
OMP: Info #171: KMP_AFFINITY: OS proc 70 maps to socket 0 core 28 thread 1 
OMP: Info #171: KMP_AFFINITY: OS proc 23 maps to socket 0 core 29 thread 0 
OMP: Info #171: KMP_AFFINITY: OS proc 71 maps to socket 0 core 29 thread 1 
OMP: Info #144: KMP_AFFINITY: Threads may migrate across 1 innermost levels of machine
OMP: Info #251: KMP_AFFINITY: pid 2062060 tid 2062060 thread 0 bound to OS proc set 0,48
OMP: Info #251: KMP_AFFINITY: pid 2062060 tid 2062066 thread 1 bound to OS proc set 1,49
OMP: Info #251: KMP_AFFINITY: pid 2062060 tid 2062067 thread 2 bound to OS proc set 2,50
OMP: Info #251: KMP_AFFINITY: pid 2062060 tid 2062068 thread 3 bound to OS proc set 3,51
OMP: Info #251: KMP_AFFINITY: pid 2062060 tid 2062069 thread 4 bound to OS proc set 4,52
OMP: Info #251: KMP_AFFINITY: pid 2062060 tid 2062070 thread 5 bound to OS proc set 5,53
OMP: Info #251: KMP_AFFINITY: pid 2062060 tid 2062071 thread 6 bound to OS proc set 6,54
OMP: Info #251: KMP_AFFINITY: pid 2062060 tid 2062073 thread 8 bound to OS proc set 8,56
OMP: Info #251: KMP_AFFINITY: pid 2062060 tid 2062072 thread 7 bound to OS proc set 7,55
OMP: Info #251: KMP_AFFINITY: pid 2062060 tid 2062074 thread 9 bound to OS proc set 9,57
OMP: Info #251: KMP_AFFINITY: pid 2062060 tid 2062075 thread 10 bound to OS proc set 10,58
OMP: Info #251: KMP_AFFINITY: pid 2062060 tid 2062076 thread 11 bound to OS proc set 11,59
OMP: Info #251: KMP_AFFINITY: pid 2062060 tid 2062077 thread 12 bound to OS proc set 12,60
OMP: Info #251: KMP_AFFINITY: pid 2062060 tid 2062078 thread 13 bound to OS proc set 13,61
OMP: Info #251: KMP_AFFINITY: pid 2062060 tid 2062079 thread 14 bound to OS proc set 14,62
OMP: Info #251: KMP_AFFINITY: pid 2062060 tid 2062080 thread 15 bound to OS proc set 15,63
OMP: Info #251: KMP_AFFINITY: pid 2062060 tid 2062081 thread 16 bound to OS proc set 16,64
OMP: Info #251: KMP_AFFINITY: pid 2062060 tid 2062082 thread 17 bound to OS proc set 17,65
OMP: Info #251: KMP_AFFINITY: pid 2062060 tid 2062084 thread 19 bound to OS proc set 19,67
OMP: Info #251: KMP_AFFINITY: pid 2062060 tid 2062083 thread 18 bound to OS proc set 18,66
OMP: Info #251: KMP_AFFINITY: pid 2062060 tid 2062085 thread 20 bound to OS proc set 20,68
OMP: Info #251: KMP_AFFINITY: pid 2062060 tid 2062086 thread 21 bound to OS proc set 21,69
OMP: Info #251: KMP_AFFINITY: pid 2062060 tid 2062087 thread 22 bound to OS proc set 22,70
OMP: Info #251: KMP_AFFINITY: pid 2062060 tid 2062088 thread 23 bound to OS proc set 23,71
OMP: Info #251: KMP_AFFINITY: pid 2062060 tid 2062089 thread 24 bound to OS proc set 0,48
OMP: Info #251: KMP_AFFINITY: pid 2062060 tid 2062090 thread 25 bound to OS proc set 1,49
OMP: Info #251: KMP_AFFINITY: pid 2062060 tid 2062091 thread 26 bound to OS proc set 2,50
OMP: Info #251: KMP_AFFINITY: pid 2062060 tid 2062092 thread 27 bound to OS proc set 3,51
OMP: Info #251: KMP_AFFINITY: pid 2062060 tid 2062093 thread 28 bound to OS proc set 4,52
OMP: Info #251: KMP_AFFINITY: pid 2062060 tid 2062094 thread 29 bound to OS proc set 5,53
OMP: Info #251: KMP_AFFINITY: pid 2062060 tid 2062095 thread 30 bound to OS proc set 6,54
OMP: Info #251: KMP_AFFINITY: pid 2062060 tid 2062096 thread 31 bound to OS proc set 7,55
OMP: Info #251: KMP_AFFINITY: pid 2062060 tid 2062097 thread 32 bound to OS proc set 8,56
OMP: Info #251: KMP_AFFINITY: pid 2062060 tid 2062098 thread 33 bound to OS proc set 9,57
OMP: Info #251: KMP_AFFINITY: pid 2062060 tid 2062099 thread 34 bound to OS proc set 10,58
OMP: Info #251: KMP_AFFINITY: pid 2062060 tid 2062100 thread 35 bound to OS proc set 11,59
OMP: Info #251: KMP_AFFINITY: pid 2062060 tid 2062101 thread 36 bound to OS proc set 12,60
OMP: Info #251: KMP_AFFINITY: pid 2062060 tid 2062102 thread 37 bound to OS proc set 13,61
OMP: Info #251: KMP_AFFINITY: pid 2062060 tid 2062104 thread 39 bound to OS proc set 15,63
OMP: Info #251: KMP_AFFINITY: pid 2062060 tid 2062103 thread 38 bound to OS proc set 14,62
OMP: Info #251: KMP_AFFINITY: pid 2062060 tid 2062105 thread 40 bound to OS proc set 16,64
OMP: Info #251: KMP_AFFINITY: pid 2062060 tid 2062107 thread 42 bound to OS proc set 18,66
OMP: Info #251: KMP_AFFINITY: pid 2062060 tid 2062106 thread 41 bound to OS proc set 17,65
OMP: Info #251: KMP_AFFINITY: pid 2062060 tid 2062108 thread 43 bound to OS proc set 19,67
OMP: Info #251: KMP_AFFINITY: pid 2062060 tid 2062109 thread 44 bound to OS proc set 20,68
OMP: Info #251: KMP_AFFINITY: pid 2062060 tid 2062111 thread 46 bound to OS proc set 22,70
OMP: Info #251: KMP_AFFINITY: pid 2062060 tid 2062110 thread 45 bound to OS proc set 21,69
OMP: Info #251: KMP_AFFINITY: pid 2062060 tid 2062112 thread 47 bound to OS proc set 23,71

Num-X: 1 ; Num-Y: 1 ; Resolution: 6500 ; Rank: 0 ; Rank-X: 0 ; Rank-Y: 0 ; Rowstart: 0; Rowend: 6501; Rows: 6501; Colstart: 0; Colend: 6501; Cols: 6501;

Resolution: 6500
===================
Execution time: 0.195062
Residual: 3.049154

megaflops:  30323.7
  flop instructions (M):  5915.000

Num-X: 1 ; Num-Y: 1 ; Resolution: 8500 ; Rank: 0 ; Rank-X: 0 ; Rank-Y: 0 ; Rowstart: 0; Rowend: 8501; Rows: 8501; Colstart: 0; Colend: 8501; Cols: 8501;

Resolution: 8500
===================
Execution time: 0.334089
Residual: 3.987213

megaflops:  30276.4
  flop instructions (M):  10115.000

Num-X: 1 ; Num-Y: 1 ; Resolution: 10500 ; Rank: 0 ; Rank-X: 0 ; Rank-Y: 0 ; Rowstart: 0; Rowend: 10501; Rows: 10501; Colstart: 0; Colend: 10501; Cols: 10501;

Resolution: 10500
===================
Execution time: 0.514465
Residual: 4.925272

megaflops:  30002.0
  flop instructions (M):  15435.000

Num-X: 1 ; Num-Y: 1 ; Resolution: 12500 ; Rank: 0 ; Rank-X: 0 ; Rank-Y: 0 ; Rowstart: 0; Rowend: 12501; Rows: 12501; Colstart: 0; Colend: 12501; Cols: 12501;

Resolution: 12500
===================
Execution time: 0.726195
Residual: 5.863330

megaflops:  30122.8
  flop instructions (M):  21875.000
