OMP_NUM_THREADS=48 KMP_AFFINITY=verbose,granularity=fine,scatter ./heat test.dat 1 1
MPI startup(): PMI server not found. Please set I_MPI_PMI_LIBRARY variable if it is not a singleton case.

1 processes distributed in X-direction
 1 ; processes distributed in Y-direction
Resolutions       : (6500, 8500, ... 12500)
Iterations        : 20
Num. Heat sources : 2
   1: (0.00, 0.00) 1.00 1.00 
   2: (1.00, 1.00) 1.00 0.50 
rank= 0 coords= 0 0 neighbours(up,down,left,right)= -1 -1 -1 -1
OMP: Info #154: KMP_AFFINITY: Initial OS proc set respected: 0-95
OMP: Info #213: KMP_AFFINITY: decoding x2APIC ids.
OMP: Info #276: KMP_AFFINITY: Affinity capable, using global cpuid leaf 11 info
OMP: Info #156: KMP_AFFINITY: 96 available OS procs
OMP: Info #157: KMP_AFFINITY: Uniform topology
OMP: Info #191: KMP_AFFINITY: 2 sockets x 24 cores/socket x 2 threads/core (48 total cores)
OMP: Info #215: KMP_AFFINITY: OS proc to physical thread map:
OMP: Info #171: KMP_AFFINITY: OS proc 0 maps to socket 0 core 0 thread 0 
OMP: Info #171: KMP_AFFINITY: OS proc 48 maps to socket 0 core 0 thread 1 
OMP: Info #171: KMP_AFFINITY: OS proc 1 maps to socket 0 core 1 thread 0 
OMP: Info #171: KMP_AFFINITY: OS proc 49 maps to socket 0 core 1 thread 1 
OMP: Info #171: KMP_AFFINITY: OS proc 2 maps to socket 0 core 2 thread 0 
OMP: Info #171: KMP_AFFINITY: OS proc 50 maps to socket 0 core 2 thread 1 
OMP: Info #171: KMP_AFFINITY: OS proc 3 maps to socket 0 core 3 thread 0 
OMP: Info #171: KMP_AFFINITY: OS proc 51 maps to socket 0 core 3 thread 1 
OMP: Info #171: KMP_AFFINITY: OS proc 4 maps to socket 0 core 4 thread 0 
OMP: Info #171: KMP_AFFINITY: OS proc 52 maps to socket 0 core 4 thread 1 
OMP: Info #171: KMP_AFFINITY: OS proc 5 maps to socket 0 core 5 thread 0 
OMP: Info #171: KMP_AFFINITY: OS proc 53 maps to socket 0 core 5 thread 1 
OMP: Info #171: KMP_AFFINITY: OS proc 6 maps to socket 0 core 8 thread 0 
OMP: Info #171: KMP_AFFINITY: OS proc 54 maps to socket 0 core 8 thread 1 
OMP: Info #171: KMP_AFFINITY: OS proc 7 maps to socket 0 core 9 thread 0 
OMP: Info #171: KMP_AFFINITY: OS proc 55 maps to socket 0 core 9 thread 1 
OMP: Info #171: KMP_AFFINITY: OS proc 8 maps to socket 0 core 10 thread 0 
OMP: Info #171: KMP_AFFINITY: OS proc 56 maps to socket 0 core 10 thread 1 
OMP: Info #171: KMP_AFFINITY: OS proc 9 maps to socket 0 core 11 thread 0 
OMP: Info #171: KMP_AFFINITY: OS proc 57 maps to socket 0 core 11 thread 1 
OMP: Info #171: KMP_AFFINITY: OS proc 10 maps to socket 0 core 12 thread 0 
OMP: Info #171: KMP_AFFINITY: OS proc 58 maps to socket 0 core 12 thread 1 
OMP: Info #171: KMP_AFFINITY: OS proc 11 maps to socket 0 core 13 thread 0 
OMP: Info #171: KMP_AFFINITY: OS proc 59 maps to socket 0 core 13 thread 1 
OMP: Info #171: KMP_AFFINITY: OS proc 12 maps to socket 0 core 16 thread 0 
OMP: Info #171: KMP_AFFINITY: OS proc 60 maps to socket 0 core 16 thread 1 
OMP: Info #171: KMP_AFFINITY: OS proc 13 maps to socket 0 core 17 thread 0 
OMP: Info #171: KMP_AFFINITY: OS proc 61 maps to socket 0 core 17 thread 1 
OMP: Info #171: KMP_AFFINITY: OS proc 14 maps to socket 0 core 18 thread 0 
OMP: Info #171: KMP_AFFINITY: OS proc 62 maps to socket 0 core 18 thread 1 
OMP: Info #171: KMP_AFFINITY: OS proc 15 maps to socket 0 core 19 thread 0 
OMP: Info #171: KMP_AFFINITY: OS proc 63 maps to socket 0 core 19 thread 1 
OMP: Info #171: KMP_AFFINITY: OS proc 16 maps to socket 0 core 20 thread 0 
OMP: Info #171: KMP_AFFINITY: OS proc 64 maps to socket 0 core 20 thread 1 
OMP: Info #171: KMP_AFFINITY: OS proc 17 maps to socket 0 core 21 thread 0 
OMP: Info #171: KMP_AFFINITY: OS proc 65 maps to socket 0 core 21 thread 1 
OMP: Info #171: KMP_AFFINITY: OS proc 18 maps to socket 0 core 24 thread 0 
OMP: Info #171: KMP_AFFINITY: OS proc 66 maps to socket 0 core 24 thread 1 
OMP: Info #171: KMP_AFFINITY: OS proc 19 maps to socket 0 core 25 thread 0 
OMP: Info #171: KMP_AFFINITY: OS proc 67 maps to socket 0 core 25 thread 1 
OMP: Info #171: KMP_AFFINITY: OS proc 20 maps to socket 0 core 26 thread 0 
OMP: Info #171: KMP_AFFINITY: OS proc 68 maps to socket 0 core 26 thread 1 
OMP: Info #171: KMP_AFFINITY: OS proc 21 maps to socket 0 core 27 thread 0 
OMP: Info #171: KMP_AFFINITY: OS proc 69 maps to socket 0 core 27 thread 1 
OMP: Info #171: KMP_AFFINITY: OS proc 22 maps to socket 0 core 28 thread 0 
OMP: Info #171: KMP_AFFINITY: OS proc 70 maps to socket 0 core 28 thread 1 
OMP: Info #171: KMP_AFFINITY: OS proc 23 maps to socket 0 core 29 thread 0 
OMP: Info #171: KMP_AFFINITY: OS proc 71 maps to socket 0 core 29 thread 1 
OMP: Info #171: KMP_AFFINITY: OS proc 24 maps to socket 1 core 0 thread 0 
OMP: Info #171: KMP_AFFINITY: OS proc 72 maps to socket 1 core 0 thread 1 
OMP: Info #171: KMP_AFFINITY: OS proc 25 maps to socket 1 core 1 thread 0 
OMP: Info #171: KMP_AFFINITY: OS proc 73 maps to socket 1 core 1 thread 1 
OMP: Info #171: KMP_AFFINITY: OS proc 26 maps to socket 1 core 2 thread 0 
OMP: Info #171: KMP_AFFINITY: OS proc 74 maps to socket 1 core 2 thread 1 
OMP: Info #171: KMP_AFFINITY: OS proc 27 maps to socket 1 core 3 thread 0 
OMP: Info #171: KMP_AFFINITY: OS proc 75 maps to socket 1 core 3 thread 1 
OMP: Info #171: KMP_AFFINITY: OS proc 28 maps to socket 1 core 4 thread 0 
OMP: Info #171: KMP_AFFINITY: OS proc 76 maps to socket 1 core 4 thread 1 
OMP: Info #171: KMP_AFFINITY: OS proc 29 maps to socket 1 core 5 thread 0 
OMP: Info #171: KMP_AFFINITY: OS proc 77 maps to socket 1 core 5 thread 1 
OMP: Info #171: KMP_AFFINITY: OS proc 30 maps to socket 1 core 8 thread 0 
OMP: Info #171: KMP_AFFINITY: OS proc 78 maps to socket 1 core 8 thread 1 
OMP: Info #171: KMP_AFFINITY: OS proc 31 maps to socket 1 core 9 thread 0 
OMP: Info #171: KMP_AFFINITY: OS proc 79 maps to socket 1 core 9 thread 1 
OMP: Info #171: KMP_AFFINITY: OS proc 32 maps to socket 1 core 10 thread 0 
OMP: Info #171: KMP_AFFINITY: OS proc 80 maps to socket 1 core 10 thread 1 
OMP: Info #171: KMP_AFFINITY: OS proc 33 maps to socket 1 core 11 thread 0 
OMP: Info #171: KMP_AFFINITY: OS proc 81 maps to socket 1 core 11 thread 1 
OMP: Info #171: KMP_AFFINITY: OS proc 34 maps to socket 1 core 12 thread 0 
OMP: Info #171: KMP_AFFINITY: OS proc 82 maps to socket 1 core 12 thread 1 
OMP: Info #171: KMP_AFFINITY: OS proc 35 maps to socket 1 core 13 thread 0 
OMP: Info #171: KMP_AFFINITY: OS proc 83 maps to socket 1 core 13 thread 1 
OMP: Info #171: KMP_AFFINITY: OS proc 36 maps to socket 1 core 16 thread 0 
OMP: Info #171: KMP_AFFINITY: OS proc 84 maps to socket 1 core 16 thread 1 
OMP: Info #171: KMP_AFFINITY: OS proc 37 maps to socket 1 core 17 thread 0 
OMP: Info #171: KMP_AFFINITY: OS proc 85 maps to socket 1 core 17 thread 1 
OMP: Info #171: KMP_AFFINITY: OS proc 38 maps to socket 1 core 18 thread 0 
OMP: Info #171: KMP_AFFINITY: OS proc 86 maps to socket 1 core 18 thread 1 
OMP: Info #171: KMP_AFFINITY: OS proc 39 maps to socket 1 core 19 thread 0 
OMP: Info #171: KMP_AFFINITY: OS proc 87 maps to socket 1 core 19 thread 1 
OMP: Info #171: KMP_AFFINITY: OS proc 40 maps to socket 1 core 20 thread 0 
OMP: Info #171: KMP_AFFINITY: OS proc 88 maps to socket 1 core 20 thread 1 
OMP: Info #171: KMP_AFFINITY: OS proc 41 maps to socket 1 core 21 thread 0 
OMP: Info #171: KMP_AFFINITY: OS proc 89 maps to socket 1 core 21 thread 1 
OMP: Info #171: KMP_AFFINITY: OS proc 42 maps to socket 1 core 24 thread 0 
OMP: Info #171: KMP_AFFINITY: OS proc 90 maps to socket 1 core 24 thread 1 
OMP: Info #171: KMP_AFFINITY: OS proc 43 maps to socket 1 core 25 thread 0 
OMP: Info #171: KMP_AFFINITY: OS proc 91 maps to socket 1 core 25 thread 1 
OMP: Info #171: KMP_AFFINITY: OS proc 44 maps to socket 1 core 26 thread 0 
OMP: Info #171: KMP_AFFINITY: OS proc 92 maps to socket 1 core 26 thread 1 
OMP: Info #171: KMP_AFFINITY: OS proc 45 maps to socket 1 core 27 thread 0 
OMP: Info #171: KMP_AFFINITY: OS proc 93 maps to socket 1 core 27 thread 1 
OMP: Info #171: KMP_AFFINITY: OS proc 46 maps to socket 1 core 28 thread 0 
OMP: Info #171: KMP_AFFINITY: OS proc 94 maps to socket 1 core 28 thread 1 
OMP: Info #171: KMP_AFFINITY: OS proc 47 maps to socket 1 core 29 thread 0 
OMP: Info #171: KMP_AFFINITY: OS proc 95 maps to socket 1 core 29 thread 1 
OMP: Info #251: KMP_AFFINITY: pid 4008312 tid 4008312 thread 0 bound to OS proc set 0
OMP: Info #251: KMP_AFFINITY: pid 4008312 tid 4008319 thread 1 bound to OS proc set 24
OMP: Info #251: KMP_AFFINITY: pid 4008312 tid 4008320 thread 2 bound to OS proc set 1
OMP: Info #251: KMP_AFFINITY: pid 4008312 tid 4008321 thread 3 bound to OS proc set 25
OMP: Info #251: KMP_AFFINITY: pid 4008312 tid 4008322 thread 4 bound to OS proc set 2
OMP: Info #251: KMP_AFFINITY: pid 4008312 tid 4008323 thread 5 bound to OS proc set 26
OMP: Info #251: KMP_AFFINITY: pid 4008312 tid 4008324 thread 6 bound to OS proc set 3
OMP: Info #251: KMP_AFFINITY: pid 4008312 tid 4008325 thread 7 bound to OS proc set 27
OMP: Info #251: KMP_AFFINITY: pid 4008312 tid 4008326 thread 8 bound to OS proc set 4
OMP: Info #251: KMP_AFFINITY: pid 4008312 tid 4008327 thread 9 bound to OS proc set 28
OMP: Info #251: KMP_AFFINITY: pid 4008312 tid 4008328 thread 10 bound to OS proc set 5
OMP: Info #251: KMP_AFFINITY: pid 4008312 tid 4008329 thread 11 bound to OS proc set 29
OMP: Info #251: KMP_AFFINITY: pid 4008312 tid 4008330 thread 12 bound to OS proc set 6
OMP: Info #251: KMP_AFFINITY: pid 4008312 tid 4008331 thread 13 bound to OS proc set 30
OMP: Info #251: KMP_AFFINITY: pid 4008312 tid 4008333 thread 15 bound to OS proc set 31
OMP: Info #251: KMP_AFFINITY: pid 4008312 tid 4008332 thread 14 bound to OS proc set 7
OMP: Info #251: KMP_AFFINITY: pid 4008312 tid 4008334 thread 16 bound to OS proc set 8
OMP: Info #251: KMP_AFFINITY: pid 4008312 tid 4008335 thread 17 bound to OS proc set 32
OMP: Info #251: KMP_AFFINITY: pid 4008312 tid 4008336 thread 18 bound to OS proc set 9
OMP: Info #251: KMP_AFFINITY: pid 4008312 tid 4008337 thread 19 bound to OS proc set 33
OMP: Info #251: KMP_AFFINITY: pid 4008312 tid 4008338 thread 20 bound to OS proc set 10
OMP: Info #251: KMP_AFFINITY: pid 4008312 tid 4008339 thread 21 bound to OS proc set 34
OMP: Info #251: KMP_AFFINITY: pid 4008312 tid 4008341 thread 23 bound to OS proc set 35
OMP: Info #251: KMP_AFFINITY: pid 4008312 tid 4008340 thread 22 bound to OS proc set 11
OMP: Info #251: KMP_AFFINITY: pid 4008312 tid 4008342 thread 24 bound to OS proc set 12
OMP: Info #251: KMP_AFFINITY: pid 4008312 tid 4008343 thread 25 bound to OS proc set 36
OMP: Info #251: KMP_AFFINITY: pid 4008312 tid 4008344 thread 26 bound to OS proc set 13
OMP: Info #251: KMP_AFFINITY: pid 4008312 tid 4008346 thread 28 bound to OS proc set 14
OMP: Info #251: KMP_AFFINITY: pid 4008312 tid 4008345 thread 27 bound to OS proc set 37
OMP: Info #251: KMP_AFFINITY: pid 4008312 tid 4008348 thread 30 bound to OS proc set 15
OMP: Info #251: KMP_AFFINITY: pid 4008312 tid 4008347 thread 29 bound to OS proc set 38
OMP: Info #251: KMP_AFFINITY: pid 4008312 tid 4008349 thread 31 bound to OS proc set 39
OMP: Info #251: KMP_AFFINITY: pid 4008312 tid 4008351 thread 33 bound to OS proc set 40
OMP: Info #251: KMP_AFFINITY: pid 4008312 tid 4008350 thread 32 bound to OS proc set 16
OMP: Info #251: KMP_AFFINITY: pid 4008312 tid 4008352 thread 34 bound to OS proc set 17
OMP: Info #251: KMP_AFFINITY: pid 4008312 tid 4008353 thread 35 bound to OS proc set 41
OMP: Info #251: KMP_AFFINITY: pid 4008312 tid 4008354 thread 36 bound to OS proc set 18
OMP: Info #251: KMP_AFFINITY: pid 4008312 tid 4008355 thread 37 bound to OS proc set 42
OMP: Info #251: KMP_AFFINITY: pid 4008312 tid 4008356 thread 38 bound to OS proc set 19
OMP: Info #251: KMP_AFFINITY: pid 4008312 tid 4008358 thread 40 bound to OS proc set 20
OMP: Info #251: KMP_AFFINITY: pid 4008312 tid 4008357 thread 39 bound to OS proc set 43
OMP: Info #251: KMP_AFFINITY: pid 4008312 tid 4008359 thread 41 bound to OS proc set 44
OMP: Info #251: KMP_AFFINITY: pid 4008312 tid 4008361 thread 43 bound to OS proc set 45
OMP: Info #251: KMP_AFFINITY: pid 4008312 tid 4008360 thread 42 bound to OS proc set 21
OMP: Info #251: KMP_AFFINITY: pid 4008312 tid 4008362 thread 44 bound to OS proc set 22
OMP: Info #251: KMP_AFFINITY: pid 4008312 tid 4008363 thread 45 bound to OS proc set 46
OMP: Info #251: KMP_AFFINITY: pid 4008312 tid 4008364 thread 46 bound to OS proc set 23
OMP: Info #251: KMP_AFFINITY: pid 4008312 tid 4008365 thread 47 bound to OS proc set 47

Num-X: 1 ; Num-Y: 1 ; Resolution: 6500 ; Rank: 0 ; Rank-X: 0 ; Rank-Y: 0 ; Rowstart: 0; Rowend: 6501; Rows: 6501; Colstart: 0; Colend: 6501; Cols: 6501;

Resolution: 6500
===================
Execution time: 0.116161
Residual: 3.049154

megaflops:  50920.7
  flop instructions (M):  5915.000

Num-X: 1 ; Num-Y: 1 ; Resolution: 8500 ; Rank: 0 ; Rank-X: 0 ; Rank-Y: 0 ; Rowstart: 0; Rowend: 8501; Rows: 8501; Colstart: 0; Colend: 8501; Cols: 8501;

Resolution: 8500
===================
Execution time: 0.185900
Residual: 3.987213

megaflops:  54410.9
  flop instructions (M):  10115.000

Num-X: 1 ; Num-Y: 1 ; Resolution: 10500 ; Rank: 0 ; Rank-X: 0 ; Rank-Y: 0 ; Rowstart: 0; Rowend: 10501; Rows: 10501; Colstart: 0; Colend: 10501; Cols: 10501;

Resolution: 10500
===================
Execution time: 0.282686
Residual: 4.925272

megaflops:  54601.2
  flop instructions (M):  15435.000

Num-X: 1 ; Num-Y: 1 ; Resolution: 12500 ; Rank: 0 ; Rank-X: 0 ; Rank-Y: 0 ; Rowstart: 0; Rowend: 12501; Rows: 12501; Colstart: 0; Colend: 12501; Cols: 12501;

Resolution: 12500
===================
Execution time: 0.392457
Residual: 5.863330

megaflops:  55738.6
  flop instructions (M):  21875.000
