mpiexec -genv I_MPI_DEBUG=4 -genv OMP_NUM_THREADS=16 -genv KMP_AFFINITY=verbose,scatter -genv I_MPI_PIN_DOMAIN=omp -n 3 ./heat test.dat 3 1
[0] MPI startup(): Intel(R) MPI Library, Version 2019 Update 8  Build 20200624 (id: 4f16ad915)
[0] MPI startup(): Copyright (C) 2003-2020 Intel Corporation.  All rights reserved.
[0] MPI startup(): library kind: release
[0] MPI startup(): libfabric version: 1.10.1-impi
[0] MPI startup(): libfabric provider: psm2
[0] MPI startup(): Rank    Pid      Node name     Pin cpu
[0] MPI startup(): 0       290938   i03r06c03s06  {0,1,2,3,4,5,6,7,48,49,50,51,52,53,54,55}
[0] MPI startup(): 1       290939   i03r06c03s06  {8,9,10,11,12,13,14,15,56,57,58,59,60,61,62,63}
[0] MPI startup(): 2       290940   i03r06c03s06  {24,25,26,27,28,29,30,31,72,73,74,75,76,77,78,79}

3 processes distributed in X-direction
 1 ; processes distributed in Y-direction
Resolutions       : (6500, 8500, ... 12500)
Iterations        : 20
Num. Heat sources : 2
   1: (0.00, 0.00) 1.00 1.00 
   2: (1.00, 1.00) 1.00 0.50 
rank= 0 coords= 0 0 neighbours(up,down,left,right)= -1 1 -1 -1
rank= 1 coords= 1 0 neighbours(up,down,left,right)= 0 2 -1 -1
rank= 2 coords= 2 0 neighbours(up,down,left,right)= 1 -1 -1 -1
OMP: Info #154: KMP_AFFINITY: Initial OS proc set respected: 0-7,48-55
OMP: Info #213: KMP_AFFINITY: decoding x2APIC ids.
OMP: Info #154: KMP_AFFINITY: Initial OS proc set respected: 8-15,56-63
OMP: Info #213: KMP_AFFINITY: decoding x2APIC ids.
OMP: Info #154: KMP_AFFINITY: Initial OS proc set respected: 24-31,72-79
OMP: Info #213: KMP_AFFINITY: decoding x2APIC ids.
OMP: Info #276: KMP_AFFINITY: Affinity capable, using global cpuid leaf 11 info
OMP: Info #156: KMP_AFFINITY: 16 available OS procs
OMP: Info #157: KMP_AFFINITY: Uniform topology
OMP: Info #191: KMP_AFFINITY: 1 socket x 8 cores/socket x 2 threads/core (8 total cores)
OMP: Info #215: KMP_AFFINITY: OS proc to physical thread map:
OMP: Info #171: KMP_AFFINITY: OS proc 0 maps to socket 0 core 0 thread 0 
OMP: Info #171: KMP_AFFINITY: OS proc 48 maps to socket 0 core 0 thread 1 
OMP: Info #171: KMP_AFFINITY: OS proc 1 maps to socket 0 core 1 thread 0 
OMP: Info #171: KMP_AFFINITY: OS proc 49 maps to socket 0 core 1 thread 1 
OMP: Info #171: KMP_AFFINITY: OS proc 2 maps to socket 0 core 2 thread 0 
OMP: Info #171: KMP_AFFINITY: OS proc 50 maps to socket 0 core 2 thread 1 
OMP: Info #171: KMP_AFFINITY: OS proc 3 maps to socket 0 core 3 thread 0 
OMP: Info #171: KMP_AFFINITY: OS proc 51 maps to socket 0 core 3 thread 1 
OMP: Info #171: KMP_AFFINITY: OS proc 4 maps to socket 0 core 4 thread 0 
OMP: Info #171: KMP_AFFINITY: OS proc 52 maps to socket 0 core 4 thread 1 
OMP: Info #171: KMP_AFFINITY: OS proc 5 maps to socket 0 core 5 thread 0 
OMP: Info #171: KMP_AFFINITY: OS proc 53 maps to socket 0 core 5 thread 1 
OMP: Info #171: KMP_AFFINITY: OS proc 6 maps to socket 0 core 8 thread 0 
OMP: Info #171: KMP_AFFINITY: OS proc 54 maps to socket 0 core 8 thread 1 
OMP: Info #171: KMP_AFFINITY: OS proc 7 maps to socket 0 core 9 thread 0 
OMP: Info #171: KMP_AFFINITY: OS proc 55 maps to socket 0 core 9 thread 1 
OMP: Info #276: KMP_AFFINITY: Affinity capable, using global cpuid leaf 11 info
OMP: Info #156: KMP_AFFINITY: 16 available OS procs
OMP: Info #157: KMP_AFFINITY: Uniform topology
OMP: Info #191: KMP_AFFINITY: 1 socket x 8 cores/socket x 2 threads/core (8 total cores)
OMP: Info #215: KMP_AFFINITY: OS proc to physical thread map:
OMP: Info #171: KMP_AFFINITY: OS proc 8 maps to socket 0 core 10 thread 0 
OMP: Info #171: KMP_AFFINITY: OS proc 56 maps to socket 0 core 10 thread 1 
OMP: Info #171: KMP_AFFINITY: OS proc 9 maps to socket 0 core 11 thread 0 
OMP: Info #171: KMP_AFFINITY: OS proc 57 maps to socket 0 core 11 thread 1 
OMP: Info #171: KMP_AFFINITY: OS proc 10 maps to socket 0 core 12 thread 0 
OMP: Info #171: KMP_AFFINITY: OS proc 58 maps to socket 0 core 12 thread 1 
OMP: Info #171: KMP_AFFINITY: OS proc 11 maps to socket 0 core 13 thread 0 
OMP: Info #171: KMP_AFFINITY: OS proc 59 maps to socket 0 core 13 thread 1 
OMP: Info #171: KMP_AFFINITY: OS proc 12 maps to socket 0 core 16 thread 0 
OMP: Info #171: KMP_AFFINITY: OS proc 60 maps to socket 0 core 16 thread 1 
OMP: Info #171: KMP_AFFINITY: OS proc 13 maps to socket 0 core 17 thread 0 
OMP: Info #171: KMP_AFFINITY: OS proc 61 maps to socket 0 core 17 thread 1 
OMP: Info #171: KMP_AFFINITY: OS proc 14 maps to socket 0 core 18 thread 0 
OMP: Info #171: KMP_AFFINITY: OS proc 62 maps to socket 0 core 18 thread 1 
OMP: Info #171: KMP_AFFINITY: OS proc 15 maps to socket 0 core 19 thread 0 
OMP: Info #171: KMP_AFFINITY: OS proc 63 maps to socket 0 core 19 thread 1 
OMP: Info #276: KMP_AFFINITY: Affinity capable, using global cpuid leaf 11 info
OMP: Info #156: KMP_AFFINITY: 16 available OS procs
OMP: Info #157: KMP_AFFINITY: Uniform topology
OMP: Info #191: KMP_AFFINITY: 1 socket x 8 cores/socket x 2 threads/core (8 total cores)
OMP: Info #215: KMP_AFFINITY: OS proc to physical thread map:
OMP: Info #171: KMP_AFFINITY: OS proc 24 maps to socket 1 core 0 thread 0 
OMP: Info #171: KMP_AFFINITY: OS proc 72 maps to socket 1 core 0 thread 1 
OMP: Info #171: KMP_AFFINITY: OS proc 25 maps to socket 1 core 1 thread 0 
OMP: Info #171: KMP_AFFINITY: OS proc 73 maps to socket 1 core 1 thread 1 
OMP: Info #171: KMP_AFFINITY: OS proc 26 maps to socket 1 core 2 thread 0 
OMP: Info #171: KMP_AFFINITY: OS proc 74 maps to socket 1 core 2 thread 1 
OMP: Info #171: KMP_AFFINITY: OS proc 27 maps to socket 1 core 3 thread 0 
OMP: Info #171: KMP_AFFINITY: OS proc 75 maps to socket 1 core 3 thread 1 
OMP: Info #171: KMP_AFFINITY: OS proc 28 maps to socket 1 core 4 thread 0 
OMP: Info #171: KMP_AFFINITY: OS proc 76 maps to socket 1 core 4 thread 1 
OMP: Info #171: KMP_AFFINITY: OS proc 29 maps to socket 1 core 5 thread 0 
OMP: Info #171: KMP_AFFINITY: OS proc 77 maps to socket 1 core 5 thread 1 
OMP: Info #171: KMP_AFFINITY: OS proc 30 maps to socket 1 core 8 thread 0 
OMP: Info #171: KMP_AFFINITY: OS proc 78 maps to socket 1 core 8 thread 1 
OMP: Info #171: KMP_AFFINITY: OS proc 31 maps to socket 1 core 9 thread 0 
OMP: Info #171: KMP_AFFINITY: OS proc 79 maps to socket 1 core 9 thread 1 
OMP: Info #144: KMP_AFFINITY: Threads may migrate across 1 innermost levels of machine
OMP: Info #144: KMP_AFFINITY: Threads may migrate across 1 innermost levels of machine
OMP: Info #251: KMP_AFFINITY: pid 290938 tid 290938 thread 0 bound to OS proc set 0,48
OMP: Info #144: KMP_AFFINITY: Threads may migrate across 1 innermost levels of machine
OMP: Info #251: KMP_AFFINITY: pid 290939 tid 290939 thread 0 bound to OS proc set 8,56
OMP: Info #251: KMP_AFFINITY: pid 290940 tid 290940 thread 0 bound to OS proc set 24,72
OMP: Info #251: KMP_AFFINITY: pid 290938 tid 290956 thread 1 bound to OS proc set 1,49
OMP: Info #251: KMP_AFFINITY: pid 290939 tid 290957 thread 1 bound to OS proc set 9,57
OMP: Info #251: KMP_AFFINITY: pid 290938 tid 290959 thread 2 bound to OS proc set 2,50
OMP: Info #251: KMP_AFFINITY: pid 290939 tid 290958 thread 2 bound to OS proc set 10,58
OMP: Info #251: KMP_AFFINITY: pid 290940 tid 290960 thread 1 bound to OS proc set 25,73
OMP: Info #251: KMP_AFFINITY: pid 290938 tid 290961 thread 3 bound to OS proc set 3,51
OMP: Info #251: KMP_AFFINITY: pid 290938 tid 290964 thread 4 bound to OS proc set 4,52
OMP: Info #251: KMP_AFFINITY: pid 290938 tid 290966 thread 5 bound to OS proc set 5,53
OMP: Info #251: KMP_AFFINITY: pid 290940 tid 290963 thread 2 bound to OS proc set 26,74
OMP: Info #251: KMP_AFFINITY: pid 290940 tid 290965 thread 3 bound to OS proc set 27,75
OMP: Info #251: KMP_AFFINITY: pid 290940 tid 290967 thread 4 bound to OS proc set 28,76
OMP: Info #251: KMP_AFFINITY: pid 290940 tid 290968 thread 5 bound to OS proc set 29,77
OMP: Info #251: KMP_AFFINITY: pid 290939 tid 290962 thread 3 bound to OS proc set 11,59
OMP: Info #251: KMP_AFFINITY: pid 290939 tid 290971 thread 4 bound to OS proc set 12,60
OMP: Info #251: KMP_AFFINITY: pid 290939 tid 290972 thread 5 bound to OS proc set 13,61
OMP: Info #251: KMP_AFFINITY: pid 290938 tid 290975 thread 6 bound to OS proc set 6,54
OMP: Info #251: KMP_AFFINITY: pid 290939 tid 290973 thread 6 bound to OS proc set 14,62
OMP: Info #251: KMP_AFFINITY: pid 290939 tid 290974 thread 7 bound to OS proc set 15,63
OMP: Info #251: KMP_AFFINITY: pid 290938 tid 290976 thread 7 bound to OS proc set 7,55
OMP: Info #251: KMP_AFFINITY: pid 290939 tid 290977 thread 8 bound to OS proc set 8,56
OMP: Info #251: KMP_AFFINITY: pid 290939 tid 290978 thread 9 bound to OS proc set 9,57
OMP: Info #251: KMP_AFFINITY: pid 290938 tid 290979 thread 8 bound to OS proc set 0,48
OMP: Info #251: KMP_AFFINITY: pid 290938 tid 290980 thread 9 bound to OS proc set 1,49
OMP: Info #251: KMP_AFFINITY: pid 290939 tid 290981 thread 10 bound to OS proc set 10,58
OMP: Info #251: KMP_AFFINITY: pid 290940 tid 290969 thread 6 bound to OS proc set 30,78
OMP: Info #251: KMP_AFFINITY: pid 290940 tid 290970 thread 7 bound to OS proc set 31,79
OMP: Info #251: KMP_AFFINITY: pid 290938 tid 290982 thread 10 bound to OS proc set 2,50
OMP: Info #251: KMP_AFFINITY: pid 290938 tid 290985 thread 11 bound to OS proc set 3,51
OMP: Info #251: KMP_AFFINITY: pid 290940 tid 290984 thread 9 bound to OS proc set 25,73
OMP: Info #251: KMP_AFFINITY: pid 290940 tid 290983 thread 8 bound to OS proc set 24,72
OMP: Info #251: KMP_AFFINITY: pid 290938 tid 290986 thread 12 bound to OS proc set 4,52
OMP: Info #251: KMP_AFFINITY: pid 290940 tid 290987 thread 10 bound to OS proc set 26,74
OMP: Info #251: KMP_AFFINITY: pid 290940 tid 290988 thread 11 bound to OS proc set 27,75
OMP: Info #251: KMP_AFFINITY: pid 290940 tid 290990 thread 13 bound to OS proc set 29,77
OMP: Info #251: KMP_AFFINITY: pid 290940 tid 290989 thread 12 bound to OS proc set 28,76
OMP: Info #251: KMP_AFFINITY: pid 290940 tid 290992 thread 14 bound to OS proc set 30,78
OMP: Info #251: KMP_AFFINITY: pid 290939 tid 290991 thread 11 bound to OS proc set 11,59
OMP: Info #251: KMP_AFFINITY: pid 290939 tid 290994 thread 13 bound to OS proc set 13,61
OMP: Info #251: KMP_AFFINITY: pid 290939 tid 290993 thread 12 bound to OS proc set 12,60
OMP: Info #251: KMP_AFFINITY: pid 290939 tid 290995 thread 14 bound to OS proc set 14,62
OMP: Info #251: KMP_AFFINITY: pid 290938 tid 290996 thread 13 bound to OS proc set 5,53
OMP: Info #251: KMP_AFFINITY: pid 290938 tid 290998 thread 14 bound to OS proc set 6,54
OMP: Info #251: KMP_AFFINITY: pid 290938 tid 290999 thread 15 bound to OS proc set 7,55
OMP: Info #251: KMP_AFFINITY: pid 290940 tid 291000 thread 15 bound to OS proc set 31,79

Num-X: 1 ; Num-Y: 3 ; Resolution: 6500 ; Rank: 2 ; Rank-X: 0 ; Rank-Y: 2 ; Rowstart: 4334; Rowend: 6501; Rows: 2167; Colstart: 0; Colend: 6501; Cols: 6501;OMP: Info #251: KMP_AFFINITY: pid 290939 tid 290997 thread 15 bound to OS proc set 15,63

Num-X: 1 ; Num-Y: 3 ; Resolution: 6500 ; Rank: 0 ; Rank-X: 0 ; Rank-Y: 0 ; Rowstart: 0; Rowend: 2168; Rows: 2168; Colstart: 0; Colend: 6501; Cols: 6501;
Num-X: 1 ; Num-Y: 3 ; Resolution: 6500 ; Rank: 1 ; Rank-X: 0 ; Rank-Y: 1 ; Rowstart: 2167; Rowend: 4335; Rows: 2168; Colstart: 0; Colend: 6501; Cols: 6501;

Resolution: 6500
===================
Execution time: 0.121483
Residual: 2.742577

megaflops:  48689.9
  flop instructions (M):  5915.000

Num-X: 1 ; Num-Y: 3 ; Resolution: 8500 ; Rank: 2 ; Rank-X: 0 ; Rank-Y: 2 ; Rowstart: 5668; Rowend: 8501; Rows: 2833; Colstart: 0; Colend: 8501; Cols: 8501;
Num-X: 1 ; Num-Y: 3 ; Resolution: 8500 ; Rank: 1 ; Rank-X: 0 ; Rank-Y: 1 ; Rowstart: 2834; Rowend: 5669; Rows: 2835; Colstart: 0; Colend: 8501; Cols: 8501;
Num-X: 1 ; Num-Y: 3 ; Resolution: 8500 ; Rank: 0 ; Rank-X: 0 ; Rank-Y: 0 ; Rowstart: 0; Rowend: 2835; Rows: 2835; Colstart: 0; Colend: 8501; Cols: 8501;

Resolution: 8500
===================
Execution time: 0.214037
Residual: 3.587074

megaflops:  47258.1
  flop instructions (M):  10115.000

Num-X: 1 ; Num-Y: 3 ; Resolution: 10500 ; Rank: 2 ; Rank-X: 0 ; Rank-Y: 2 ; Rowstart: 7000; Rowend: 10501; Rows: 3501; Colstart: 0; Colend: 10501; Cols: 10501;
Num-X: 1 ; Num-Y: 3 ; Resolution: 10500 ; Rank: 1 ; Rank-X: 0 ; Rank-Y: 1 ; Rowstart: 3500; Rowend: 7001; Rows: 3501; Colstart: 0; Colend: 10501; Cols: 10501;
Num-X: 1 ; Num-Y: 3 ; Resolution: 10500 ; Rank: 0 ; Rank-X: 0 ; Rank-Y: 0 ; Rowstart: 0; Rowend: 3501; Rows: 3501; Colstart: 0; Colend: 10501; Cols: 10501;

Resolution: 10500
===================
Execution time: 0.331504
Residual: 4.431569

megaflops:  46560.5
  flop instructions (M):  15435.000

Num-X: 1 ; Num-Y: 3 ; Resolution: 12500 ; Rank: 2 ; Rank-X: 0 ; Rank-Y: 2 ; Rowstart: 8334; Rowend: 12501; Rows: 4167; Colstart: 0; Colend: 12501; Cols: 12501;
Num-X: 1 ; Num-Y: 3 ; Resolution: 12500 ; Rank: 1 ; Rank-X: 0 ; Rank-Y: 1 ; Rowstart: 4167; Rowend: 8335; Rows: 4168; Colstart: 0; Colend: 12501; Cols: 12501;
Num-X: 1 ; Num-Y: 3 ; Resolution: 12500 ; Rank: 0 ; Rank-X: 0 ; Rank-Y: 0 ; Rowstart: 0; Rowend: 4168; Rows: 4168; Colstart: 0; Colend: 12501; Cols: 12501;

Resolution: 12500
===================
Execution time: 0.476284
Residual: 5.276066

megaflops:  45928.5
  flop instructions (M):  21875.000
