mpiexec -genv I_MPI_DEBUG=4 -genv OMP_NUM_THREADS=12 -genv KMP_AFFINITY=verbose,scatter -genv I_MPI_PIN_DOMAIN=omp -n 4 ./heat test.dat 2 2
[0] MPI startup(): Intel(R) MPI Library, Version 2019 Update 8  Build 20200624 (id: 4f16ad915)
[0] MPI startup(): Copyright (C) 2003-2020 Intel Corporation.  All rights reserved.
[0] MPI startup(): library kind: release
[0] MPI startup(): libfabric version: 1.10.1-impi
[0] MPI startup(): libfabric provider: psm2
[0] MPI startup(): Rank    Pid      Node name     Pin cpu
[0] MPI startup(): 0       292545   i03r06c03s06  {0,1,2,3,4,5,48,49,50,51,52,53}
[0] MPI startup(): 1       292546   i03r06c03s06  {6,7,8,9,10,11,54,55,56,57,58,59}
[0] MPI startup(): 2       292547   i03r06c03s06  {24,25,26,27,28,29,72,73,74,75,76,77}
[0] MPI startup(): 3       292548   i03r06c03s06  {30,31,32,33,34,35,78,79,80,81,82,83}

2 processes distributed in X-direction
 2 ; processes distributed in Y-direction
Resolutions       : (6500, 8500, ... 12500)
Iterations        : 20
Num. Heat sources : 2
   1: (0.00, 0.00) 1.00 1.00 
   2: (1.00, 1.00) 1.00 0.50 
rank= 0 coords= 0 0 neighbours(up,down,left,right)= -1 2 -1 1
rank= 1 coords= 0 1 neighbours(up,down,left,right)= -1 3 0 -1
rank= 2 coords= 1 0 neighbours(up,down,left,right)= 0 -1 -1 3
rank= 3 coords= 1 1 neighbours(up,down,left,right)= 1 -1 2 -1
OMP: Info #154: KMP_AFFINITY: Initial OS proc set respected: 0-5,48-53
OMP: Info #213: KMP_AFFINITY: decoding x2APIC ids.
OMP: Info #154: KMP_AFFINITY: Initial OS proc set respected: 6-11,54-59
OMP: Info #213: KMP_AFFINITY: decoding x2APIC ids.
OMP: Info #154: KMP_AFFINITY: Initial OS proc set respected: 24-29,72-77
OMP: Info #213: KMP_AFFINITY: decoding x2APIC ids.
OMP: Info #154: KMP_AFFINITY: Initial OS proc set respected: 30-35,78-83
OMP: Info #213: KMP_AFFINITY: decoding x2APIC ids.
OMP: Info #276: KMP_AFFINITY: Affinity capable, using global cpuid leaf 11 info
OMP: Info #156: KMP_AFFINITY: 12 available OS procs
OMP: Info #157: KMP_AFFINITY: Uniform topology
OMP: Info #191: KMP_AFFINITY: 1 socket x 6 cores/socket x 2 threads/core (6 total cores)
OMP: Info #215: KMP_AFFINITY: OS proc to physical thread map:
OMP: Info #171: KMP_AFFINITY: OS proc 0 maps to socket 0 core 0 thread 0 
OMP: Info #171: KMP_AFFINITY: OS proc 48 maps to socket 0 core 0 thread 1 
OMP: Info #171: KMP_AFFINITY: OS proc 1 maps to socket 0 core 1 thread 0 
OMP: Info #171: KMP_AFFINITY: OS proc 49 maps to socket 0 core 1 thread 1 
OMP: Info #171: KMP_AFFINITY: OS proc 2 maps to socket 0 core 2 thread 0 
OMP: Info #171: KMP_AFFINITY: OS proc 50 maps to socket 0 core 2 thread 1 
OMP: Info #171: KMP_AFFINITY: OS proc 3 maps to socket 0 core 3 thread 0 
OMP: Info #171: KMP_AFFINITY: OS proc 51 maps to socket 0 core 3 thread 1 
OMP: Info #171: KMP_AFFINITY: OS proc 4 maps to socket 0 core 4 thread 0 
OMP: Info #171: KMP_AFFINITY: OS proc 52 maps to socket 0 core 4 thread 1 
OMP: Info #171: KMP_AFFINITY: OS proc 5 maps to socket 0 core 5 thread 0 
OMP: Info #171: KMP_AFFINITY: OS proc 53 maps to socket 0 core 5 thread 1 
OMP: Info #276: KMP_AFFINITY: Affinity capable, using global cpuid leaf 11 info
OMP: Info #156: KMP_AFFINITY: 12 available OS procs
OMP: Info #157: KMP_AFFINITY: Uniform topology
OMP: Info #191: KMP_AFFINITY: 1 socket x 6 cores/socket x 2 threads/core (6 total cores)
OMP: Info #215: KMP_AFFINITY: OS proc to physical thread map:
OMP: Info #171: KMP_AFFINITY: OS proc 6 maps to socket 0 core 8 thread 0 
OMP: Info #171: KMP_AFFINITY: OS proc 54 maps to socket 0 core 8 thread 1 
OMP: Info #171: KMP_AFFINITY: OS proc 7 maps to socket 0 core 9 thread 0 
OMP: Info #171: KMP_AFFINITY: OS proc 55 maps to socket 0 core 9 thread 1 
OMP: Info #171: KMP_AFFINITY: OS proc 8 maps to socket 0 core 10 thread 0 
OMP: Info #171: KMP_AFFINITY: OS proc 56 maps to socket 0 core 10 thread 1 
OMP: Info #171: KMP_AFFINITY: OS proc 9 maps to socket 0 core 11 thread 0 
OMP: Info #171: KMP_AFFINITY: OS proc 57 maps to socket 0 core 11 thread 1 
OMP: Info #171: KMP_AFFINITY: OS proc 10 maps to socket 0 core 12 thread 0 
OMP: Info #171: KMP_AFFINITY: OS proc 58 maps to socket 0 core 12 thread 1 
OMP: Info #171: KMP_AFFINITY: OS proc 11 maps to socket 0 core 13 thread 0 
OMP: Info #171: KMP_AFFINITY: OS proc 59 maps to socket 0 core 13 thread 1 
OMP: Info #276: KMP_AFFINITY: Affinity capable, using global cpuid leaf 11 info
OMP: Info #156: KMP_AFFINITY: 12 available OS procs
OMP: Info #157: KMP_AFFINITY: Uniform topology
OMP: Info #191: KMP_AFFINITY: 1 socket x 6 cores/socket x 2 threads/core (6 total cores)
OMP: Info #215: KMP_AFFINITY: OS proc to physical thread map:
OMP: Info #171: KMP_AFFINITY: OS proc 30 maps to socket 1 core 8 thread 0 
OMP: Info #171: KMP_AFFINITY: OS proc 78 maps to socket 1 core 8 thread 1 
OMP: Info #171: KMP_AFFINITY: OS proc 31 maps to socket 1 core 9 thread 0 
OMP: Info #171: KMP_AFFINITY: OS proc 79 maps to socket 1 core 9 thread 1 
OMP: Info #171: KMP_AFFINITY: OS proc 32 maps to socket 1 core 10 thread 0 
OMP: Info #171: KMP_AFFINITY: OS proc 80 maps to socket 1 core 10 thread 1 
OMP: Info #144: KMP_AFFINITY: Threads may migrate across 1 innermost levels of machine
OMP: Info #144: KMP_AFFINITY: Threads may migrate across 1 innermost levels of machine
OMP: Info #276: KMP_AFFINITY: Affinity capable, using global cpuid leaf 11 info
OMP: Info #156: KMP_AFFINITY: 12 available OS procs
OMP: Info #157: KMP_AFFINITY: Uniform topology
OMP: Info #191: KMP_AFFINITY: 1 socket x 6 cores/socket x 2 threads/core (6 total cores)
OMP: Info #215: KMP_AFFINITY: OS proc to physical thread map:
OMP: Info #171: KMP_AFFINITY: OS proc 24 maps to socket 1 core 0 thread 0 
OMP: Info #171: KMP_AFFINITY: OS proc 72 maps to socket 1 core 0 thread 1 
OMP: Info #171: KMP_AFFINITY: OS proc 33 maps to socket 1 core 11 thread 0 
OMP: Info #171: KMP_AFFINITY: OS proc 81 maps to socket 1 core 11 thread 1 
OMP: Info #171: KMP_AFFINITY: OS proc 34 maps to socket 1 core 12 thread 0 
OMP: Info #171: KMP_AFFINITY: OS proc 82 maps to socket 1 core 12 thread 1 
OMP: Info #171: KMP_AFFINITY: OS proc 35 maps to socket 1 core 13 thread 0 
OMP: Info #171: KMP_AFFINITY: OS proc 83 maps to socket 1 core 13 thread 1 
OMP: Info #144: KMP_AFFINITY: Threads may migrate across 1 innermost levels of machine
OMP: Info #251: KMP_AFFINITY: pid 292545 tid 292545 thread 0 bound to OS proc set 0,48
OMP: Info #251: KMP_AFFINITY: pid 292546 tid 292546 thread 0 bound to OS proc set 6,54
OMP: Info #171: KMP_AFFINITY: OS proc 25 maps to socket 1 core 1 thread 0 
OMP: Info #171: KMP_AFFINITY: OS proc 73 maps to socket 1 core 1 thread 1 
OMP: Info #171: KMP_AFFINITY: OS proc 26 maps to socket 1 core 2 thread 0 
OMP: Info #171: KMP_AFFINITY: OS proc 74 maps to socket 1 core 2 thread 1 
OMP: Info #171: KMP_AFFINITY: OS proc 27 maps to socket 1 core 3 thread 0 
OMP: Info #171: KMP_AFFINITY: OS proc 75 maps to socket 1 core 3 thread 1 
OMP: Info #171: KMP_AFFINITY: OS proc 28 maps to socket 1 core 4 thread 0 
OMP: Info #171: KMP_AFFINITY: OS proc 76 maps to socket 1 core 4 thread 1 
OMP: Info #171: KMP_AFFINITY: OS proc 29 maps to socket 1 core 5 thread 0 
OMP: Info #171: KMP_AFFINITY: OS proc 77 maps to socket 1 core 5 thread 1 
OMP: Info #144: KMP_AFFINITY: Threads may migrate across 1 innermost levels of machine
OMP: Info #251: KMP_AFFINITY: pid 292548 tid 292548 thread 0 bound to OS proc set 30,78
OMP: Info #251: KMP_AFFINITY: pid 292547 tid 292547 thread 0 bound to OS proc set 24,72
OMP: Info #251: KMP_AFFINITY: pid 292545 tid 292569 thread 1 bound to OS proc set 1,49
OMP: Info #251: KMP_AFFINITY: pid 292545 tid 292570 thread 2 bound to OS proc set 2,50
OMP: Info #251: KMP_AFFINITY: pid 292548 tid 292571 thread 1 bound to OS proc set 31,79
OMP: Info #251: KMP_AFFINITY: pid 292546 tid 292572 thread 1 bound to OS proc set 7,55
OMP: Info #251: KMP_AFFINITY: pid 292547 tid 292573 thread 1 bound to OS proc set 25,73
OMP: Info #251: KMP_AFFINITY: pid 292545 tid 292575 thread 3 bound to OS proc set 3,51
OMP: Info #251: KMP_AFFINITY: pid 292547 tid 292577 thread 2 bound to OS proc set 26,74
OMP: Info #251: KMP_AFFINITY: pid 292545 tid 292578 thread 4 bound to OS proc set 4,52
OMP: Info #251: KMP_AFFINITY: pid 292547 tid 292579 thread 3 bound to OS proc set 27,75
OMP: Info #251: KMP_AFFINITY: pid 292548 tid 292574 thread 2 bound to OS proc set 32,80
OMP: Info #251: KMP_AFFINITY: pid 292548 tid 292580 thread 3 bound to OS proc set 33,81
OMP: Info #251: KMP_AFFINITY: pid 292548 tid 292582 thread 4 bound to OS proc set 34,82
OMP: Info #251: KMP_AFFINITY: pid 292548 tid 292583 thread 5 bound to OS proc set 35,83
OMP: Info #251: KMP_AFFINITY: pid 292546 tid 292584 thread 3 bound to OS proc set 9,57
OMP: Info #251: KMP_AFFINITY: pid 292546 tid 292576 thread 2 bound to OS proc set 8,56
OMP: Info #251: KMP_AFFINITY: pid 292545 tid 292585 thread 5 bound to OS proc set 5,53
OMP: Info #251: KMP_AFFINITY: pid 292545 tid 292587 thread 6 bound to OS proc set 0,48
OMP: Info #251: KMP_AFFINITY: pid 292547 tid 292581 thread 4 bound to OS proc set 28,76
OMP: Info #251: KMP_AFFINITY: pid 292547 tid 292588 thread 5 bound to OS proc set 29,77
OMP: Info #251: KMP_AFFINITY: pid 292545 tid 292589 thread 7 bound to OS proc set 1,49
OMP: Info #251: KMP_AFFINITY: pid 292546 tid 292586 thread 4 bound to OS proc set 10,58
OMP: Info #251: KMP_AFFINITY: pid 292547 tid 292593 thread 7 bound to OS proc set 25,73
OMP: Info #251: KMP_AFFINITY: pid 292545 tid 292592 thread 8 bound to OS proc set 2,50
OMP: Info #251: KMP_AFFINITY: pid 292546 tid 292591 thread 5 bound to OS proc set 11,59
OMP: Info #251: KMP_AFFINITY: pid 292547 tid 292590 thread 6 bound to OS proc set 24,72
OMP: Info #251: KMP_AFFINITY: pid 292548 tid 292594 thread 6 bound to OS proc set 30,78
OMP: Info #251: KMP_AFFINITY: pid 292545 tid 292599 thread 9 bound to OS proc set 3,51
OMP: Info #251: KMP_AFFINITY: pid 292546 tid 292595 thread 6 bound to OS proc set 6,54
OMP: Info #251: KMP_AFFINITY: pid 292547 tid 292596 thread 8 bound to OS proc set 26,74
OMP: Info #251: KMP_AFFINITY: pid 292546 tid 292598 thread 7 bound to OS proc set 7,55
OMP: Info #251: KMP_AFFINITY: pid 292548 tid 292597 thread 7 bound to OS proc set 31,79
OMP: Info #251: KMP_AFFINITY: pid 292548 tid 292602 thread 8 bound to OS proc set 32,80
OMP: Info #251: KMP_AFFINITY: pid 292545 tid 292603 thread 11 bound to OS proc set 5,53
OMP: Info #251: KMP_AFFINITY: pid 292547 tid 292601 thread 9 bound to OS proc set 27,75
OMP: Info #251: KMP_AFFINITY: pid 292546 tid 292604 thread 8 bound to OS proc set 8,56
OMP: Info #251: KMP_AFFINITY: pid 292548 tid 292605 thread 9 bound to OS proc set 33,81
OMP: Info #251: KMP_AFFINITY: pid 292546 tid 292607 thread 9 bound to OS proc set 9,57
OMP: Info #251: KMP_AFFINITY: pid 292547 tid 292606 thread 10 bound to OS proc set 28,76
OMP: Info #251: KMP_AFFINITY: pid 292547 tid 292609 thread 11 bound to OS proc set 29,77
OMP: Info #251: KMP_AFFINITY: pid 292548 tid 292608 thread 10 bound to OS proc set 34,82
OMP: Info #251: KMP_AFFINITY: pid 292546 tid 292610 thread 10 bound to OS proc set 10,58
OMP: Info #251: KMP_AFFINITY: pid 292548 tid 292611 thread 11 bound to OS proc set 35,83
OMP: Info #251: KMP_AFFINITY: pid 292546 tid 292612 thread 11 bound to OS proc set 11,59
OMP: Info #251: KMP_AFFINITY: pid 292545 tid 292600 thread 10 bound to OS proc set 4,52

Num-X: 2 ; Num-Y: 2 ; Resolution: 6500 ; Rank: 3 ; Rank-X: 1 ; Rank-Y: 1 ; Rowstart: 3250; Rowend: 6501; Rows: 3251; Colstart: 3250; Colend: 6501; Cols: 3251;
Num-X: 2 ; Num-Y: 2 ; Resolution: 6500 ; Rank: 1 ; Rank-X: 1 ; Rank-Y: 0 ; Rowstart: 0; Rowend: 3251; Rows: 3251; Colstart: 3250; Colend: 6501; Cols: 3251;
Num-X: 2 ; Num-Y: 2 ; Resolution: 6500 ; Rank: 2 ; Rank-X: 0 ; Rank-Y: 1 ; Rowstart: 3250; Rowend: 6501; Rows: 3251; Colstart: 0; Colend: 3251; Cols: 3251;
Num-X: 2 ; Num-Y: 2 ; Resolution: 6500 ; Rank: 0 ; Rank-X: 0 ; Rank-Y: 0 ; Rowstart: 0; Rowend: 3251; Rows: 3251; Colstart: 0; Colend: 3251; Cols: 3251;

Resolution: 6500
===================
Execution time: 0.094905
Residual: 3.049154

megaflops:  62325.5
  flop instructions (M):  5915.000

Num-X: 2 ; Num-Y: 2 ; Resolution: 8500 ; Rank: 1 ; Rank-X: 1 ; Rank-Y: 0 ; Rowstart: 0; Rowend: 4251; Rows: 4251; Colstart: 4250; Colend: 8501; Cols: 4251;
Num-X: 2 ; Num-Y: 2 ; Resolution: 8500 ; Rank: 2 ; Rank-X: 0 ; Rank-Y: 1 ; Rowstart: 4250; Rowend: 8501; Rows: 4251; Colstart: 0; Colend: 4251; Cols: 4251;
Num-X: 2 ; Num-Y: 2 ; Resolution: 8500 ; Rank: 3 ; Rank-X: 1 ; Rank-Y: 1 ; Rowstart: 4250; Rowend: 8501; Rows: 4251; Colstart: 4250; Colend: 8501; Cols: 4251;
Num-X: 2 ; Num-Y: 2 ; Resolution: 8500 ; Rank: 0 ; Rank-X: 0 ; Rank-Y: 0 ; Rowstart: 0; Rowend: 4251; Rows: 4251; Colstart: 0; Colend: 4251; Cols: 4251;

Resolution: 8500
===================
Execution time: 0.163869
Residual: 3.987213

megaflops:  61726.1
  flop instructions (M):  10115.000

Num-X: 2 ; Num-Y: 2 ; Resolution: 10500 ; Rank: 2 ; Rank-X: 0 ; Rank-Y: 1 ; Rowstart: 5250; Rowend: 10501; Rows: 5251; Colstart: 0; Colend: 5251; Cols: 5251;
Num-X: 2 ; Num-Y: 2 ; Resolution: 10500 ; Rank: 3 ; Rank-X: 1 ; Rank-Y: 1 ; Rowstart: 5250; Rowend: 10501; Rows: 5251; Colstart: 5250; Colend: 10501; Cols: 5251;
Num-X: 2 ; Num-Y: 2 ; Resolution: 10500 ; Rank: 1 ; Rank-X: 1 ; Rank-Y: 0 ; Rowstart: 0; Rowend: 5251; Rows: 5251; Colstart: 5250; Colend: 10501; Cols: 5251;
Num-X: 2 ; Num-Y: 2 ; Resolution: 10500 ; Rank: 0 ; Rank-X: 0 ; Rank-Y: 0 ; Rowstart: 0; Rowend: 5251; Rows: 5251; Colstart: 0; Colend: 5251; Cols: 5251;

Resolution: 10500
===================
Execution time: 0.255124
Residual: 4.925272

megaflops:  60500.0
  flop instructions (M):  15435.000

Num-X: 2 ; Num-Y: 2 ; Resolution: 12500 ; Rank: 2 ; Rank-X: 0 ; Rank-Y: 1 ; Rowstart: 6250; Rowend: 12501; Rows: 6251; Colstart: 0; Colend: 6251; Cols: 6251;
Num-X: 2 ; Num-Y: 2 ; Resolution: 12500 ; Rank: 1 ; Rank-X: 1 ; Rank-Y: 0 ; Rowstart: 0; Rowend: 6251; Rows: 6251; Colstart: 6250; Colend: 12501; Cols: 6251;
Num-X: 2 ; Num-Y: 2 ; Resolution: 12500 ; Rank: 0 ; Rank-X: 0 ; Rank-Y: 0 ; Rowstart: 0; Rowend: 6251; Rows: 6251; Colstart: 0; Colend: 6251; Cols: 6251;
Num-X: 2 ; Num-Y: 2 ; Resolution: 12500 ; Rank: 3 ; Rank-X: 1 ; Rank-Y: 1 ; Rowstart: 6250; Rowend: 12501; Rows: 6251; Colstart: 6250; Colend: 12501; Cols: 6251;

Resolution: 12500
===================
Execution time: 0.360999
Residual: 5.863330

megaflops:  60595.7
  flop instructions (M):  21875.000
