mpiexec -genv I_MPI_DEBUG=4 -genv OMP_NUM_THREADS=4 -genv KMP_AFFINITY=verbose,scatter -genv I_MPI_PIN_DOMAIN=omp -n 12 ./heat test.dat 3 4
[0] MPI startup(): Intel(R) MPI Library, Version 2019 Update 8  Build 20200624 (id: 4f16ad915)
[0] MPI startup(): Copyright (C) 2003-2020 Intel Corporation.  All rights reserved.
[0] MPI startup(): library kind: release
[0] MPI startup(): libfabric version: 1.10.1-impi
[0] MPI startup(): libfabric provider: psm2
[0] MPI startup(): Rank    Pid      Node name     Pin cpu
[0] MPI startup(): 0       579108   i01r06c05s11  {0,1,48,49}
[0] MPI startup(): 1       579109   i01r06c05s11  {2,3,50,51}
[0] MPI startup(): 2       579110   i01r06c05s11  {4,5,52,53}
[0] MPI startup(): 3       579111   i01r06c05s11  {6,7,54,55}
[0] MPI startup(): 4       579112   i01r06c05s11  {8,9,56,57}
[0] MPI startup(): 5       579113   i01r06c05s11  {10,11,58,59}
[0] MPI startup(): 6       579114   i01r06c05s11  {24,25,72,73}
[0] MPI startup(): 7       579115   i01r06c05s11  {26,27,74,75}
[0] MPI startup(): 8       579116   i01r06c05s11  {28,29,76,77}
[0] MPI startup(): 9       579117   i01r06c05s11  {30,31,78,79}
[0] MPI startup(): 10      579118   i01r06c05s11  {32,33,80,81}
[0] MPI startup(): 11      579119   i01r06c05s11  {34,35,82,83}
OMP: Info #154: KMP_AFFINITY: Initial OS proc set respected: 2,3,50,51
OMP: Info #213: KMP_AFFINITY: decoding x2APIC ids.
OMP: Info #154: KMP_AFFINITY: Initial OS proc set respected: 30,31,78,79
OMP: Info #213: KMP_AFFINITY: decoding x2APIC ids.
OMP: Info #276: KMP_AFFINITY: Affinity capable, using global cpuid leaf 11 info
OMP: Info #156: KMP_AFFINITY: 4 available OS procs
OMP: Info #157: KMP_AFFINITY: Uniform topology
OMP: Info #191: KMP_AFFINITY: 1 socket x 2 cores/socket x 2 threads/core (2 total cores)
OMP: Info #215: KMP_AFFINITY: OS proc to physical thread map:
OMP: Info #171: KMP_AFFINITY: OS proc 2 maps to socket 0 core 2 thread 0 
OMP: Info #171: KMP_AFFINITY: OS proc 50 maps to socket 0 core 2 thread 1 
OMP: Info #171: KMP_AFFINITY: OS proc 3 maps to socket 0 core 3 thread 0 
OMP: Info #171: KMP_AFFINITY: OS proc 51 maps to socket 0 core 3 thread 1 
OMP: Info #144: KMP_AFFINITY: Threads may migrate across 1 innermost levels of machine
OMP: Info #276: KMP_AFFINITY: Affinity capable, using global cpuid leaf 11 info
OMP: Info #156: KMP_AFFINITY: 4 available OS procs
OMP: Info #157: KMP_AFFINITY: Uniform topology
OMP: Info #191: KMP_AFFINITY: 1 socket x 2 cores/socket x 2 threads/core (2 total cores)
OMP: Info #215: KMP_AFFINITY: OS proc to physical thread map:
OMP: Info #171: KMP_AFFINITY: OS proc 30 maps to socket 1 core 8 thread 0 
OMP: Info #171: KMP_AFFINITY: OS proc 78 maps to socket 1 core 8 thread 1 
OMP: Info #171: KMP_AFFINITY: OS proc 31 maps to socket 1 core 9 thread 0 
OMP: Info #171: KMP_AFFINITY: OS proc 79 maps to socket 1 core 9 thread 1 
OMP: Info #144: KMP_AFFINITY: Threads may migrate across 1 innermost levels of machine
OMP: Info #251: KMP_AFFINITY: pid 579109 tid 579109 thread 0 bound to OS proc set 2,50
OMP: Info #251: KMP_AFFINITY: pid 579117 tid 579117 thread 0 bound to OS proc set 30,78

Executing each MPI process in 4 OMP threads.

Executing each MPI process in 4 OMP threads.

3 processes distributed in X-direction
 4 ; processes distributed in Y-direction
Resolutions       : (6500, 8500, ... 12500)
Iterations        : 20
Num. Heat sources : 2
   1: (0.00, 0.00) 1.00 1.00 
   2: (1.00, 1.00) 1.00 0.50 
rank= 0 coords= 0 0 neighbours(up,down,left,right)= -1 4 -1 1
rank= 4 coords= 1 0 neighbours(up,down,left,right)= 0 8 -1 5
rank= 9 coords= 2 1 neighbours(up,down,left,right)= 5 -1 8 10
rank= 11 coords= 2 3 neighbours(up,down,left,right)= 7 -1 10 -1
rank= 2 coords= 0 2 neighbours(up,down,left,right)= -1 6 1 3
rank= 3 coords= 0 3 neighbours(up,down,left,right)= -1 7 2 -1
rank= 5 coords= 1 1 neighbours(up,down,left,right)= 1 9 4 6
rank= 6 coords= 1 2 neighbours(up,down,left,right)= 2 10 5 7
rank= 7 coords= 1 3 neighbours(up,down,left,right)= 3 11 6 -1
rank= 10 coords= 2 2 neighbours(up,down,left,right)= 6 -1 9 11
rank= 1 coords= 0 1 neighbours(up,down,left,right)= -1 5 0 2
rank= 8 coords= 2 0 neighbours(up,down,left,right)= 4 -1 -1 9
OMP: Info #251: KMP_AFFINITY: pid 579109 tid 579182 thread 2 bound to OS proc set 2,50
OMP: Info #251: KMP_AFFINITY: pid 579117 tid 579180 thread 1 bound to OS proc set 31,79
OMP: Info #251: KMP_AFFINITY: pid 579117 tid 579183 thread 2 bound to OS proc set 30,78
OMP: Info #251: KMP_AFFINITY: pid 579109 tid 579181 thread 1 bound to OS proc set 3,51
OMP: Info #251: KMP_AFFINITY: pid 579109 tid 579185 thread 3 bound to OS proc set 3,51
OMP: Info #251: KMP_AFFINITY: pid 579117 tid 579184 thread 3 bound to OS proc set 31,79
OMP: Info #154: KMP_AFFINITY: Initial OS proc set respected: 32,33,80,81
OMP: Info #213: KMP_AFFINITY: decoding x2APIC ids.
OMP: Info #154: KMP_AFFINITY: Initial OS proc set respected: 34,35,82,83
OMP: Info #213: KMP_AFFINITY: decoding x2APIC ids.
OMP: Info #154: KMP_AFFINITY: Initial OS proc set respected: 8,9,56,57
OMP: Info #213: KMP_AFFINITY: decoding x2APIC ids.
OMP: Info #276: KMP_AFFINITY: Affinity capable, using global cpuid leaf 11 info
OMP: Info #156: KMP_AFFINITY: 4 available OS procs
OMP: Info #157: KMP_AFFINITY: Uniform topology
OMP: Info #191: KMP_AFFINITY: 1 socket x 2 cores/socket x 2 threads/core (2 total cores)
OMP: Info #215: KMP_AFFINITY: OS proc to physical thread map:
OMP: Info #171: KMP_AFFINITY: OS proc 34 maps to socket 1 core 12 thread 0 
OMP: Info #171: KMP_AFFINITY: OS proc 82 maps to socket 1 core 12 thread 1 
OMP: Info #171: KMP_AFFINITY: OS proc 35 maps to socket 1 core 13 thread 0 
OMP: Info #171: KMP_AFFINITY: OS proc 83 maps to socket 1 core 13 thread 1 
OMP: Info #154: KMP_AFFINITY: Initial OS proc set respected: 10,11,58,59
OMP: Info #213: KMP_AFFINITY: decoding x2APIC ids.
OMP: Info #276: KMP_AFFINITY: Affinity capable, using global cpuid leaf 11 info
OMP: Info #156: KMP_AFFINITY: 4 available OS procs
OMP: Info #157: KMP_AFFINITY: Uniform topology
OMP: Info #191: KMP_AFFINITY: 1 socket x 2 cores/socket x 2 threads/core (2 total cores)
OMP: Info #215: KMP_AFFINITY: OS proc to physical thread map:
OMP: Info #171: KMP_AFFINITY: OS proc 32 maps to socket 1 core 10 thread 0 
OMP: Info #171: KMP_AFFINITY: OS proc 80 maps to socket 1 core 10 thread 1 
OMP: Info #171: KMP_AFFINITY: OS proc 33 maps to socket 1 core 11 thread 0 
OMP: Info #171: KMP_AFFINITY: OS proc 81 maps to socket 1 core 11 thread 1 
OMP: Info #144: KMP_AFFINITY: Threads may migrate across 1 innermost levels of machine
OMP: Info #144: KMP_AFFINITY: Threads may migrate across 1 innermost levels of machine
OMP: Info #251: KMP_AFFINITY: pid 579119 tid 579119 thread 0 bound to OS proc set 34,82
OMP: Info #154: KMP_AFFINITY: Initial OS proc set respected: 0,1,48,49
OMP: Info #213: KMP_AFFINITY: decoding x2APIC ids.
OMP: Info #154: KMP_AFFINITY: Initial OS proc set respected: 6,7,54,55
OMP: Info #213: KMP_AFFINITY: decoding x2APIC ids.
OMP: Info #154: KMP_AFFINITY: Initial OS proc set respected: 24,25,72,73
OMP: Info #213: KMP_AFFINITY: decoding x2APIC ids.
OMP: Info #154: KMP_AFFINITY: Initial OS proc set respected: 28,29,76,77
OMP: Info #213: KMP_AFFINITY: decoding x2APIC ids.
OMP: Info #251: KMP_AFFINITY: pid 579118 tid 579118 thread 0 bound to OS proc set 32,80
OMP: Info #276: KMP_AFFINITY: Affinity capable, using global cpuid leaf 11 info
OMP: Info #156: KMP_AFFINITY: 4 available OS procs
OMP: Info #157: KMP_AFFINITY: Uniform topology
OMP: Info #276: KMP_AFFINITY: Affinity capable, using global cpuid leaf 11 info
OMP: Info #156: KMP_AFFINITY: 4 available OS procs
OMP: Info #191: KMP_AFFINITY: 1 socket x 2 cores/socket x 2 threads/core (2 total cores)
OMP: Info #215: KMP_AFFINITY: OS proc to physical thread map:
OMP: Info #171: KMP_AFFINITY: OS proc 8 maps to socket 0 core 10 thread 0 
OMP: Info #171: KMP_AFFINITY: OS proc 56 maps to socket 0 core 10 thread 1 
OMP: Info #171: KMP_AFFINITY: OS proc 9 maps to socket 0 core 11 thread 0 
OMP: Info #171: KMP_AFFINITY: OS proc 57 maps to socket 0 core 11 thread 1 
OMP: Info #157: KMP_AFFINITY: Uniform topology
OMP: Info #191: KMP_AFFINITY: 1 socket x 2 cores/socket x 2 threads/core (2 total cores)
OMP: Info #215: KMP_AFFINITY: OS proc to physical thread map:
OMP: Info #171: KMP_AFFINITY: OS proc 6 maps to socket 0 core 8 thread 0 
OMP: Info #171: KMP_AFFINITY: OS proc 54 maps to socket 0 core 8 thread 1 
OMP: Info #171: KMP_AFFINITY: OS proc 7 maps to socket 0 core 9 thread 0 
OMP: Info #171: KMP_AFFINITY: OS proc 55 maps to socket 0 core 9 thread 1 
OMP: Info #276: KMP_AFFINITY: Affinity capable, using global cpuid leaf 11 info
OMP: Info #156: KMP_AFFINITY: 4 available OS procs
OMP: Info #157: KMP_AFFINITY: Uniform topology
OMP: Info #191: KMP_AFFINITY: 1 socket x 2 cores/socket x 2 threads/core (2 total cores)
OMP: Info #215: KMP_AFFINITY: OS proc to physical thread map:
OMP: Info #171: KMP_AFFINITY: OS proc 28 maps to socket 1 core 4 thread 0 
OMP: Info #171: KMP_AFFINITY: OS proc 76 maps to socket 1 core 4 thread 1 
OMP: Info #171: KMP_AFFINITY: OS proc 29 maps to socket 1 core 5 thread 0 
OMP: Info #171: KMP_AFFINITY: OS proc 77 maps to socket 1 core 5 thread 1 
OMP: Info #144: KMP_AFFINITY: Threads may migrate across 1 innermost levels of machine
OMP: Info #144: KMP_AFFINITY: Threads may migrate across 1 innermost levels of machine
OMP: Info #251: KMP_AFFINITY: pid 579112 tid 579112 thread 0 bound to OS proc set 8,56
OMP: Info #276: KMP_AFFINITY: Affinity capable, using global cpuid leaf 11 info
OMP: Info #156: KMP_AFFINITY: 4 available OS procs
OMP: Info #157: KMP_AFFINITY: Uniform topology
OMP: Info #191: KMP_AFFINITY: 1 socket x 2 cores/socket x 2 threads/core (2 total cores)
OMP: Info #215: KMP_AFFINITY: OS proc to physical thread map:
OMP: Info #171: KMP_AFFINITY: OS proc 10 maps to socket 0 core 12 thread 0 
OMP: Info #171: KMP_AFFINITY: OS proc 58 maps to socket 0 core 12 thread 1 
OMP: Info #171: KMP_AFFINITY: OS proc 11 maps to socket 0 core 13 thread 0 
OMP: Info #171: KMP_AFFINITY: OS proc 59 maps to socket 0 core 13 thread 1 
OMP: Info #251: KMP_AFFINITY: pid 579118 tid 579187 thread 1 bound to OS proc set 33,81
OMP: Info #251: KMP_AFFINITY: pid 579119 tid 579186 thread 1 bound to OS proc set 35,83
OMP: Info #251: KMP_AFFINITY: pid 579111 tid 579111 thread 0 bound to OS proc set 6,54
OMP: Info #144: KMP_AFFINITY: Threads may migrate across 1 innermost levels of machine
OMP: Info #276: KMP_AFFINITY: Affinity capable, using global cpuid leaf 11 info
OMP: Info #156: KMP_AFFINITY: 4 available OS procs
OMP: Info #157: KMP_AFFINITY: Uniform topology
OMP: Info #191: KMP_AFFINITY: 1 socket x 2 cores/socket x 2 threads/core (2 total cores)
OMP: Info #215: KMP_AFFINITY: OS proc to physical thread map:
OMP: Info #171: KMP_AFFINITY: OS proc 24 maps to socket 1 core 0 thread 0 
OMP: Info #171: KMP_AFFINITY: OS proc 72 maps to socket 1 core 0 thread 1 
OMP: Info #171: KMP_AFFINITY: OS proc 25 maps to socket 1 core 1 thread 0 
OMP: Info #171: KMP_AFFINITY: OS proc 73 maps to socket 1 core 1 thread 1 
OMP: Info #144: KMP_AFFINITY: Threads may migrate across 1 innermost levels of machine
OMP: Info #144: KMP_AFFINITY: Threads may migrate across 1 innermost levels of machine
OMP: Info #251: KMP_AFFINITY: pid 579116 tid 579116 thread 0 bound to OS proc set 28,76
OMP: Info #251: KMP_AFFINITY: pid 579113 tid 579113 thread 0 bound to OS proc set 10,58
OMP: Info #251: KMP_AFFINITY: pid 579114 tid 579114 thread 0 bound to OS proc set 24,72
OMP: Info #251: KMP_AFFINITY: pid 579112 tid 579190 thread 1 bound to OS proc set 9,57
OMP: Info #251: KMP_AFFINITY: pid 579118 tid 579189 thread 2 bound to OS proc set 32,80
OMP: Info #251: KMP_AFFINITY: pid 579119 tid 579188 thread 2 bound to OS proc set 34,82
OMP: Info #251: KMP_AFFINITY: pid 579111 tid 579191 thread 1 bound to OS proc set 7,55
OMP: Info #276: KMP_AFFINITY: Affinity capable, using global cpuid leaf 11 info
OMP: Info #156: KMP_AFFINITY: 4 available OS procs
OMP: Info #157: KMP_AFFINITY: Uniform topology
OMP: Info #191: KMP_AFFINITY: 1 socket x 2 cores/socket x 2 threads/core (2 total cores)
OMP: Info #215: KMP_AFFINITY: OS proc to physical thread map:
OMP: Info #171: KMP_AFFINITY: OS proc 0 maps to socket 0 core 0 thread 0 
OMP: Info #171: KMP_AFFINITY: OS proc 48 maps to socket 0 core 0 thread 1 
OMP: Info #171: KMP_AFFINITY: OS proc 1 maps to socket 0 core 1 thread 0 
OMP: Info #171: KMP_AFFINITY: OS proc 49 maps to socket 0 core 1 thread 1 
OMP: Info #144: KMP_AFFINITY: Threads may migrate across 1 innermost levels of machine
OMP: Info #251: KMP_AFFINITY: pid 579113 tid 579195 thread 1 bound to OS proc set 11,59
OMP: Info #251: KMP_AFFINITY: pid 579116 tid 579192 thread 1 bound to OS proc set 29,77
OMP: Info #251: KMP_AFFINITY: pid 579118 tid 579196 thread 3 bound to OS proc set 33,81
OMP: Info #251: KMP_AFFINITY: pid 579108 tid 579108 thread 0 bound to OS proc set 0,48
OMP: Info #251: KMP_AFFINITY: pid 579111 tid 579197 thread 2 bound to OS proc set 6,54
OMP: Info #251: KMP_AFFINITY: pid 579112 tid 579194 thread 2 bound to OS proc set 8,56
OMP: Info #251: KMP_AFFINITY: pid 579112 tid 579200 thread 3 bound to OS proc set 9,57
OMP: Info #251: KMP_AFFINITY: pid 579116 tid 579199 thread 2 bound to OS proc set 28,76
OMP: Info #251: KMP_AFFINITY: pid 579119 tid 579193 thread 3 bound to OS proc set 35,83
OMP: Info #251: KMP_AFFINITY: pid 579108 tid 579203 thread 1 bound to OS proc set 1,49
OMP: Info #251: KMP_AFFINITY: pid 579111 tid 579201 thread 3 bound to OS proc set 7,55
OMP: Info #251: KMP_AFFINITY: pid 579113 tid 579198 thread 2 bound to OS proc set 10,58
OMP: Info #251: KMP_AFFINITY: pid 579113 tid 579204 thread 3 bound to OS proc set 11,59
OMP: Info #251: KMP_AFFINITY: pid 579116 tid 579202 thread 3 bound to OS proc set 29,77
OMP: Info #251: KMP_AFFINITY: pid 579108 tid 579205 thread 2 bound to OS proc set 0,48
OMP: Info #251: KMP_AFFINITY: pid 579108 tid 579206 thread 3 bound to OS proc set 1,49
OMP: Info #251: KMP_AFFINITY: pid 579114 tid 579207 thread 1 bound to OS proc set 25,73
OMP: Info #251: KMP_AFFINITY: pid 579114 tid 579208 thread 2 bound to OS proc set 24,72
OMP: Info #251: KMP_AFFINITY: pid 579114 tid 579209 thread 3 bound to OS proc set 25,73
OMP: Info #154: KMP_AFFINITY: Initial OS proc set respected: 4,5,52,53
OMP: Info #213: KMP_AFFINITY: decoding x2APIC ids.
OMP: Info #154: KMP_AFFINITY: Initial OS proc set respected: 26,27,74,75
OMP: Info #213: KMP_AFFINITY: decoding x2APIC ids.
OMP: Info #276: KMP_AFFINITY: Affinity capable, using global cpuid leaf 11 info
OMP: Info #156: KMP_AFFINITY: 4 available OS procs
OMP: Info #157: KMP_AFFINITY: Uniform topology
OMP: Info #191: KMP_AFFINITY: 1 socket x 2 cores/socket x 2 threads/core (2 total cores)
OMP: Info #215: KMP_AFFINITY: OS proc to physical thread map:
OMP: Info #171: KMP_AFFINITY: OS proc 4 maps to socket 0 core 4 thread 0 
OMP: Info #171: KMP_AFFINITY: OS proc 52 maps to socket 0 core 4 thread 1 
OMP: Info #171: KMP_AFFINITY: OS proc 5 maps to socket 0 core 5 thread 0 
OMP: Info #171: KMP_AFFINITY: OS proc 53 maps to socket 0 core 5 thread 1 
OMP: Info #144: KMP_AFFINITY: Threads may migrate across 1 innermost levels of machine
OMP: Info #251: KMP_AFFINITY: pid 579110 tid 579110 thread 0 bound to OS proc set 4,52
OMP: Info #276: KMP_AFFINITY: Affinity capable, using global cpuid leaf 11 info
OMP: Info #156: KMP_AFFINITY: 4 available OS procs
OMP: Info #157: KMP_AFFINITY: Uniform topology
OMP: Info #191: KMP_AFFINITY: 1 socket x 2 cores/socket x 2 threads/core (2 total cores)
OMP: Info #215: KMP_AFFINITY: OS proc to physical thread map:
OMP: Info #171: KMP_AFFINITY: OS proc 26 maps to socket 1 core 2 thread 0 
OMP: Info #171: KMP_AFFINITY: OS proc 74 maps to socket 1 core 2 thread 1 
OMP: Info #171: KMP_AFFINITY: OS proc 27 maps to socket 1 core 3 thread 0 
OMP: Info #171: KMP_AFFINITY: OS proc 75 maps to socket 1 core 3 thread 1 
OMP: Info #144: KMP_AFFINITY: Threads may migrate across 1 innermost levels of machine
OMP: Info #251: KMP_AFFINITY: pid 579115 tid 579115 thread 0 bound to OS proc set 26,74
OMP: Info #251: KMP_AFFINITY: pid 579110 tid 579210 thread 1 bound to OS proc set 5,53
OMP: Info #251: KMP_AFFINITY: pid 579115 tid 579211 thread 1 bound to OS proc set 27,75
OMP: Info #251: KMP_AFFINITY: pid 579110 tid 579212 thread 2 bound to OS proc set 4,52
OMP: Info #251: KMP_AFFINITY: pid 579110 tid 579214 thread 3 bound to OS proc set 5,53
OMP: Info #251: KMP_AFFINITY: pid 579115 tid 579213 thread 2 bound to OS proc set 26,74
OMP: Info #251: KMP_AFFINITY: pid 579115 tid 579215 thread 3 bound to OS proc set 27,75

Num-X: 4 ; Num-Y: 3 ; Resolution: 6500 ; Rank: 9 ; Rank-X: 1 ; Rank-Y: 2 ; Rowstart: 4334; Rowend: 6501; Rows: 2167; Colstart: 1625; Colend: 3251; Cols: 1626;
Num-X: 4 ; Num-Y: 3 ; Resolution: 6500 ; Rank: 1 ; Rank-X: 1 ; Rank-Y: 0 ; Rowstart: 0; Rowend: 2168; Rows: 2168; Colstart: 1625; Colend: 3251; Cols: 1626;
Num-X: 4 ; Num-Y: 3 ; Resolution: 6500 ; Rank: 8 ; Rank-X: 0 ; Rank-Y: 2 ; Rowstart: 4334; Rowend: 6501; Rows: 2167; Colstart: 0; Colend: 1626; Cols: 1626;
Num-X: 4 ; Num-Y: 3 ; Resolution: 6500 ; Rank: 10 ; Rank-X: 2 ; Rank-Y: 2 ; Rowstart: 4334; Rowend: 6501; Rows: 2167; Colstart: 3250; Colend: 4876; Cols: 1626;
Num-X: 4 ; Num-Y: 3 ; Resolution: 6500 ; Rank: 6 ; Rank-X: 2 ; Rank-Y: 1 ; Rowstart: 2167; Rowend: 4335; Rows: 2168; Colstart: 3250; Colend: 4876; Cols: 1626;
Num-X: 4 ; Num-Y: 3 ; Resolution: 6500 ; Rank: 3 ; Rank-X: 3 ; Rank-Y: 0 ; Rowstart: 0; Rowend: 2168; Rows: 2168; Colstart: 4875; Colend: 6501; Cols: 1626;
Num-X: 4 ; Num-Y: 3 ; Resolution: 6500 ; Rank: 4 ; Rank-X: 0 ; Rank-Y: 1 ; Rowstart: 2167; Rowend: 4335; Rows: 2168; Colstart: 0; Colend: 1626; Cols: 1626;
Num-X: 4 ; Num-Y: 3 ; Resolution: 6500 ; Rank: 11 ; Rank-X: 3 ; Rank-Y: 2 ; Rowstart: 4334; Rowend: 6501; Rows: 2167; Colstart: 4875; Colend: 6501; Cols: 1626;
Num-X: 4 ; Num-Y: 3 ; Resolution: 6500 ; Rank: 5 ; Rank-X: 1 ; Rank-Y: 1 ; Rowstart: 2167; Rowend: 4335; Rows: 2168; Colstart: 1625; Colend: 3251; Cols: 1626;
Num-X: 4 ; Num-Y: 3 ; Resolution: 6500 ; Rank: 0 ; Rank-X: 0 ; Rank-Y: 0 ; Rowstart: 0; Rowend: 2168; Rows: 2168; Colstart: 0; Colend: 1626; Cols: 1626;
Num-X: 4 ; Num-Y: 3 ; Resolution: 6500 ; Rank: 2 ; Rank-X: 2 ; Rank-Y: 0 ; Rowstart: 0; Rowend: 2168; Rows: 2168; Colstart: 3250; Colend: 4876; Cols: 1626;
Num-X: 4 ; Num-Y: 3 ; Resolution: 6500 ; Rank: 7 ; Rank-X: 3 ; Rank-Y: 1 ; Rowstart: 2167; Rowend: 4335; Rows: 2168; Colstart: 4875; Colend: 6501; Cols: 1626;

Resolution: 6500
===================
Execution time: 0.167084
Residual: 3.049154

megaflops:  35401.4
  flop instructions (M):  5915.000

Num-X: 4 ; Num-Y: 3 ; Resolution: 8500 ; Rank: 7 ; Rank-X: 3 ; Rank-Y: 1 ; Rowstart: 2834; Rowend: 5669; Rows: 2835; Colstart: 6375; Colend: 8501; Cols: 2126;
Num-X: 4 ; Num-Y: 3 ; Resolution: 8500 ; Rank: 9 ; Rank-X: 1 ; Rank-Y: 2 ; Rowstart: 5668; Rowend: 8501; Rows: 2833; Colstart: 2125; Colend: 4251; Cols: 2126;
Num-X: 4 ; Num-Y: 3 ; Resolution: 8500 ; Rank: 8 ; Rank-X: 0 ; Rank-Y: 2 ; Rowstart: 5668; Rowend: 8501; Rows: 2833; Colstart: 0; Colend: 2126; Cols: 2126;
Num-X: 4 ; Num-Y: 3 ; Resolution: 8500 ; Rank: 11 ; Rank-X: 3 ; Rank-Y: 2 ; Rowstart: 5668; Rowend: 8501; Rows: 2833; Colstart: 6375; Colend: 8501; Cols: 2126;
Num-X: 4 ; Num-Y: 3 ; Resolution: 8500 ; Rank: 10 ; Rank-X: 2 ; Rank-Y: 2 ; Rowstart: 5668; Rowend: 8501; Rows: 2833; Colstart: 4250; Colend: 6376; Cols: 2126;
Num-X: 4 ; Num-Y: 3 ; Resolution: 8500 ; Rank: 6 ; Rank-X: 2 ; Rank-Y: 1 ; Rowstart: 2834; Rowend: 5669; Rows: 2835; Colstart: 4250; Colend: 6376; Cols: 2126;
Num-X: 4 ; Num-Y: 3 ; Resolution: 8500 ; Rank: 1 ; Rank-X: 1 ; Rank-Y: 0 ; Rowstart: 0; Rowend: 2835; Rows: 2835; Colstart: 2125; Colend: 4251; Cols: 2126;
Num-X: 4 ; Num-Y: 3 ; Resolution: 8500 ; Rank: 2 ; Rank-X: 2 ; Rank-Y: 0 ; Rowstart: 0; Rowend: 2835; Rows: 2835; Colstart: 4250; Colend: 6376; Cols: 2126;
Num-X: 4 ; Num-Y: 3 ; Resolution: 8500 ; Rank: 4 ; Rank-X: 0 ; Rank-Y: 1 ; Rowstart: 2834; Rowend: 5669; Rows: 2835; Colstart: 0; Colend: 2126; Cols: 2126;
Num-X: 4 ; Num-Y: 3 ; Resolution: 8500 ; Rank: 5 ; Rank-X: 1 ; Rank-Y: 1 ; Rowstart: 2834; Rowend: 5669; Rows: 2835; Colstart: 2125; Colend: 4251; Cols: 2126;
Num-X: 4 ; Num-Y: 3 ; Resolution: 8500 ; Rank: 3 ; Rank-X: 3 ; Rank-Y: 0 ; Rowstart: 0; Rowend: 2835; Rows: 2835; Colstart: 6375; Colend: 8501; Cols: 2126;
Num-X: 4 ; Num-Y: 3 ; Resolution: 8500 ; Rank: 0 ; Rank-X: 0 ; Rank-Y: 0 ; Rowstart: 0; Rowend: 2835; Rows: 2835; Colstart: 0; Colend: 2126; Cols: 2126;

Resolution: 8500
===================
Execution time: 0.299683
Residual: 3.987213

megaflops:  33752.3
  flop instructions (M):  10115.000

Num-X: 4 ; Num-Y: 3 ; Resolution: 10500 ; Rank: 10 ; Rank-X: 2 ; Rank-Y: 2 ; Rowstart: 7000; Rowend: 10501; Rows: 3501; Colstart: 5250; Colend: 7876; Cols: 2626;
Num-X: 4 ; Num-Y: 3 ; Resolution: 10500 ; Rank: 9 ; Rank-X: 1 ; Rank-Y: 2 ; Rowstart: 7000; Rowend: 10501; Rows: 3501; Colstart: 2625; Colend: 5251; Cols: 2626;
Num-X: 4 ; Num-Y: 3 ; Resolution: 10500 ; Rank: 11 ; Rank-X: 3 ; Rank-Y: 2 ; Rowstart: 7000; Rowend: 10501; Rows: 3501; Colstart: 7875; Colend: 10501; Cols: 2626;
Num-X: 4 ; Num-Y: 3 ; Resolution: 10500 ; Rank: 8 ; Rank-X: 0 ; Rank-Y: 2 ; Rowstart: 7000; Rowend: 10501; Rows: 3501; Colstart: 0; Colend: 2626; Cols: 2626;
Num-X: 4 ; Num-Y: 3 ; Resolution: 10500 ; Rank: 6 ; Rank-X: 2 ; Rank-Y: 1 ; Rowstart: 3500; Rowend: 7001; Rows: 3501; Colstart: 5250; Colend: 7876; Cols: 2626;
Num-X: 4 ; Num-Y: 3 ; Resolution: 10500 ; Rank: 7 ; Rank-X: 3 ; Rank-Y: 1 ; Rowstart: 3500; Rowend: 7001; Rows: 3501; Colstart: 7875; Colend: 10501; Cols: 2626;
Num-X: 4 ; Num-Y: 3 ; Resolution: 10500 ; Rank: 5 ; Rank-X: 1 ; Rank-Y: 1 ; Rowstart: 3500; Rowend: 7001; Rows: 3501; Colstart: 2625; Colend: 5251; Cols: 2626;
Num-X: 4 ; Num-Y: 3 ; Resolution: 10500 ; Rank: 1 ; Rank-X: 1 ; Rank-Y: 0 ; Rowstart: 0; Rowend: 3501; Rows: 3501; Colstart: 2625; Colend: 5251; Cols: 2626;
Num-X: 4 ; Num-Y: 3 ; Resolution: 10500 ; Rank: 2 ; Rank-X: 2 ; Rank-Y: 0 ; Rowstart: 0; Rowend: 3501; Rows: 3501; Colstart: 5250; Colend: 7876; Cols: 2626;
Num-X: 4 ; Num-Y: 3 ; Resolution: 10500 ; Rank: 4 ; Rank-X: 0 ; Rank-Y: 1 ; Rowstart: 3500; Rowend: 7001; Rows: 3501; Colstart: 0; Colend: 2626; Cols: 2626;
Num-X: 4 ; Num-Y: 3 ; Resolution: 10500 ; Rank: 3 ; Rank-X: 3 ; Rank-Y: 0 ; Rowstart: 0; Rowend: 3501; Rows: 3501; Colstart: 7875; Colend: 10501; Cols: 2626;
Num-X: 4 ; Num-Y: 3 ; Resolution: 10500 ; Rank: 0 ; Rank-X: 0 ; Rank-Y: 0 ; Rowstart: 0; Rowend: 3501; Rows: 3501; Colstart: 0; Colend: 2626; Cols: 2626;

Resolution: 10500
===================
Execution time: 0.463619
Residual: 4.925272

megaflops:  33292.4
  flop instructions (M):  15435.000

Num-X: 4 ; Num-Y: 3 ; Resolution: 12500 ; Rank: 6 ; Rank-X: 2 ; Rank-Y: 1 ; Rowstart: 4167; Rowend: 8335; Rows: 4168; Colstart: 6250; Colend: 9376; Cols: 3126;
Num-X: 4 ; Num-Y: 3 ; Resolution: 12500 ; Rank: 7 ; Rank-X: 3 ; Rank-Y: 1 ; Rowstart: 4167; Rowend: 8335; Rows: 4168; Colstart: 9375; Colend: 12501; Cols: 3126;
Num-X: 4 ; Num-Y: 3 ; Resolution: 12500 ; Rank: 10 ; Rank-X: 2 ; Rank-Y: 2 ; Rowstart: 8334; Rowend: 12501; Rows: 4167; Colstart: 6250; Colend: 9376; Cols: 3126;
Num-X: 4 ; Num-Y: 3 ; Resolution: 12500 ; Rank: 9 ; Rank-X: 1 ; Rank-Y: 2 ; Rowstart: 8334; Rowend: 12501; Rows: 4167; Colstart: 3125; Colend: 6251; Cols: 3126;
Num-X: 4 ; Num-Y: 3 ; Resolution: 12500 ; Rank: 11 ; Rank-X: 3 ; Rank-Y: 2 ; Rowstart: 8334; Rowend: 12501; Rows: 4167; Colstart: 9375; Colend: 12501; Cols: 3126;
Num-X: 4 ; Num-Y: 3 ; Resolution: 12500 ; Rank: 8 ; Rank-X: 0 ; Rank-Y: 2 ; Rowstart: 8334; Rowend: 12501; Rows: 4167; Colstart: 0; Colend: 3126; Cols: 3126;
Num-X: 4 ; Num-Y: 3 ; Resolution: 12500 ; Rank: 4 ; Rank-X: 0 ; Rank-Y: 1 ; Rowstart: 4167; Rowend: 8335; Rows: 4168; Colstart: 0; Colend: 3126; Cols: 3126;
Num-X: 4 ; Num-Y: 3 ; Resolution: 12500 ; Rank: 5 ; Rank-X: 1 ; Rank-Y: 1 ; Rowstart: 4167; Rowend: 8335; Rows: 4168; Colstart: 3125; Colend: 6251; Cols: 3126;
Num-X: 4 ; Num-Y: 3 ; Resolution: 12500 ; Rank: 1 ; Rank-X: 1 ; Rank-Y: 0 ; Rowstart: 0; Rowend: 4168; Rows: 4168; Colstart: 3125; Colend: 6251; Cols: 3126;
Num-X: 4 ; Num-Y: 3 ; Resolution: 12500 ; Rank: 2 ; Rank-X: 2 ; Rank-Y: 0 ; Rowstart: 0; Rowend: 4168; Rows: 4168; Colstart: 6250; Colend: 9376; Cols: 3126;
Num-X: 4 ; Num-Y: 3 ; Resolution: 12500 ; Rank: 3 ; Rank-X: 3 ; Rank-Y: 0 ; Rowstart: 0; Rowend: 4168; Rows: 4168; Colstart: 9375; Colend: 12501; Cols: 3126;
Num-X: 4 ; Num-Y: 3 ; Resolution: 12500 ; Rank: 0 ; Rank-X: 0 ; Rank-Y: 0 ; Rowstart: 0; Rowend: 4168; Rows: 4168; Colstart: 0; Colend: 3126; Cols: 3126;

Resolution: 12500
===================
Execution time: 0.660581
Residual: 5.863330

megaflops:  33114.8
  flop instructions (M):  21875.000
