OMP_NUM_THREADS=48 KMP_AFFINITY=verbose ./heat test.dat 1 1
MPI startup(): PMI server not found. Please set I_MPI_PMI_LIBRARY variable if it is not a singleton case.

1 processes distributed in X-direction
 1 ; processes distributed in Y-direction
Resolutions       : (6500, 8500, ... 12500)
Iterations        : 20
Num. Heat sources : 2
   1: (0.00, 0.00) 1.00 1.00 
   2: (1.00, 1.00) 1.00 0.50 
rank= 0 coords= 0 0 neighbours(up,down,left,right)= -1 -1 -1 -1
OMP: Info #154: KMP_AFFINITY: Initial OS proc set respected: 0-95
OMP: Info #213: KMP_AFFINITY: decoding x2APIC ids.
OMP: Info #276: KMP_AFFINITY: Affinity capable, using global cpuid leaf 11 info
OMP: Info #156: KMP_AFFINITY: 96 available OS procs
OMP: Info #157: KMP_AFFINITY: Uniform topology
OMP: Info #191: KMP_AFFINITY: 2 sockets x 24 cores/socket x 2 threads/core (48 total cores)
OMP: Info #251: KMP_AFFINITY: pid 262012 tid 262012 thread 0 bound to OS proc set 0-95
OMP: Info #251: KMP_AFFINITY: pid 262012 tid 262019 thread 1 bound to OS proc set 0-95
OMP: Info #251: KMP_AFFINITY: pid 262012 tid 262020 thread 2 bound to OS proc set 0-95
OMP: Info #251: KMP_AFFINITY: pid 262012 tid 262021 thread 3 bound to OS proc set 0-95
OMP: Info #251: KMP_AFFINITY: pid 262012 tid 262022 thread 4 bound to OS proc set 0-95
OMP: Info #251: KMP_AFFINITY: pid 262012 tid 262023 thread 5 bound to OS proc set 0-95
OMP: Info #251: KMP_AFFINITY: pid 262012 tid 262024 thread 6 bound to OS proc set 0-95
OMP: Info #251: KMP_AFFINITY: pid 262012 tid 262025 thread 7 bound to OS proc set 0-95
OMP: Info #251: KMP_AFFINITY: pid 262012 tid 262026 thread 8 bound to OS proc set 0-95
OMP: Info #251: KMP_AFFINITY: pid 262012 tid 262027 thread 9 bound to OS proc set 0-95
OMP: Info #251: KMP_AFFINITY: pid 262012 tid 262028 thread 10 bound to OS proc set 0-95
OMP: Info #251: KMP_AFFINITY: pid 262012 tid 262029 thread 11 bound to OS proc set 0-95
OMP: Info #251: KMP_AFFINITY: pid 262012 tid 262030 thread 12 bound to OS proc set 0-95
OMP: Info #251: KMP_AFFINITY: pid 262012 tid 262031 thread 13 bound to OS proc set 0-95
OMP: Info #251: KMP_AFFINITY: pid 262012 tid 262032 thread 14 bound to OS proc set 0-95
OMP: Info #251: KMP_AFFINITY: pid 262012 tid 262033 thread 15 bound to OS proc set 0-95
OMP: Info #251: KMP_AFFINITY: pid 262012 tid 262034 thread 16 bound to OS proc set 0-95
OMP: Info #251: KMP_AFFINITY: pid 262012 tid 262035 thread 17 bound to OS proc set 0-95
OMP: Info #251: KMP_AFFINITY: pid 262012 tid 262036 thread 18 bound to OS proc set 0-95
OMP: Info #251: KMP_AFFINITY: pid 262012 tid 262037 thread 19 bound to OS proc set 0-95
OMP: Info #251: KMP_AFFINITY: pid 262012 tid 262038 thread 20 bound to OS proc set 0-95
OMP: Info #251: KMP_AFFINITY: pid 262012 tid 262039 thread 21 bound to OS proc set 0-95
OMP: Info #251: KMP_AFFINITY: pid 262012 tid 262040 thread 22 bound to OS proc set 0-95
OMP: Info #251: KMP_AFFINITY: pid 262012 tid 262042 thread 24 bound to OS proc set 0-95
OMP: Info #251: KMP_AFFINITY: pid 262012 tid 262041 thread 23 bound to OS proc set 0-95
OMP: Info #251: KMP_AFFINITY: pid 262012 tid 262043 thread 25 bound to OS proc set 0-95
OMP: Info #251: KMP_AFFINITY: pid 262012 tid 262044 thread 26 bound to OS proc set 0-95
OMP: Info #251: KMP_AFFINITY: pid 262012 tid 262045 thread 27 bound to OS proc set 0-95
OMP: Info #251: KMP_AFFINITY: pid 262012 tid 262046 thread 28 bound to OS proc set 0-95
OMP: Info #251: KMP_AFFINITY: pid 262012 tid 262047 thread 29 bound to OS proc set 0-95
OMP: Info #251: KMP_AFFINITY: pid 262012 tid 262048 thread 30 bound to OS proc set 0-95
OMP: Info #251: KMP_AFFINITY: pid 262012 tid 262049 thread 31 bound to OS proc set 0-95
OMP: Info #251: KMP_AFFINITY: pid 262012 tid 262051 thread 33 bound to OS proc set 0-95
OMP: Info #251: KMP_AFFINITY: pid 262012 tid 262050 thread 32 bound to OS proc set 0-95
OMP: Info #251: KMP_AFFINITY: pid 262012 tid 262053 thread 35 bound to OS proc set 0-95
OMP: Info #251: KMP_AFFINITY: pid 262012 tid 262052 thread 34 bound to OS proc set 0-95
OMP: Info #251: KMP_AFFINITY: pid 262012 tid 262054 thread 36 bound to OS proc set 0-95
OMP: Info #251: KMP_AFFINITY: pid 262012 tid 262055 thread 37 bound to OS proc set 0-95
OMP: Info #251: KMP_AFFINITY: pid 262012 tid 262056 thread 38 bound to OS proc set 0-95
OMP: Info #251: KMP_AFFINITY: pid 262012 tid 262057 thread 39 bound to OS proc set 0-95
OMP: Info #251: KMP_AFFINITY: pid 262012 tid 262058 thread 40 bound to OS proc set 0-95
OMP: Info #251: KMP_AFFINITY: pid 262012 tid 262059 thread 41 bound to OS proc set 0-95
OMP: Info #251: KMP_AFFINITY: pid 262012 tid 262060 thread 42 bound to OS proc set 0-95
OMP: Info #251: KMP_AFFINITY: pid 262012 tid 262061 thread 43 bound to OS proc set 0-95
OMP: Info #251: KMP_AFFINITY: pid 262012 tid 262062 thread 44 bound to OS proc set 0-95
OMP: Info #251: KMP_AFFINITY: pid 262012 tid 262063 thread 45 bound to OS proc set 0-95
OMP: Info #251: KMP_AFFINITY: pid 262012 tid 262064 thread 46 bound to OS proc set 0-95
OMP: Info #251: KMP_AFFINITY: pid 262012 tid 262065 thread 47 bound to OS proc set 0-95

Num-X: 1 ; Num-Y: 1 ; Resolution: 6500 ; Rank: 0 ; Rank-X: 0 ; Rank-Y: 0 ; Rowstart: 0; Rowend: 6501; Rows: 6501; Colstart: 0; Colend: 6501; Cols: 6501;

Resolution: 6500
===================
Execution time: 0.179967
Residual: 3.049154

megaflops:  32867.2
  flop instructions (M):  5915.000

Num-X: 1 ; Num-Y: 1 ; Resolution: 8500 ; Rank: 0 ; Rank-X: 0 ; Rank-Y: 0 ; Rowstart: 0; Rowend: 8501; Rows: 8501; Colstart: 0; Colend: 8501; Cols: 8501;

Resolution: 8500
===================
Execution time: 0.312465
Residual: 3.987213

megaflops:  32371.6
  flop instructions (M):  10115.000

Num-X: 1 ; Num-Y: 1 ; Resolution: 10500 ; Rank: 0 ; Rank-X: 0 ; Rank-Y: 0 ; Rowstart: 0; Rowend: 10501; Rows: 10501; Colstart: 0; Colend: 10501; Cols: 10501;

Resolution: 10500
===================
Execution time: 0.467313
Residual: 4.925272

megaflops:  33029.3
  flop instructions (M):  15435.000

Num-X: 1 ; Num-Y: 1 ; Resolution: 12500 ; Rank: 0 ; Rank-X: 0 ; Rank-Y: 0 ; Rowstart: 0; Rowend: 12501; Rows: 12501; Colstart: 0; Colend: 12501; Cols: 12501;

Resolution: 12500
===================
Execution time: 0.650403
Residual: 5.863330

megaflops:  33633.0
  flop instructions (M):  21875.000
