mpiexec -genv I_MPI_DEBUG=4 -genv OMP_NUM_THREADS=4 -genv I_MPI_PIN_DOMAIN=omp -n 12 ./heat test.dat 1 12
[0] MPI startup(): Intel(R) MPI Library, Version 2019 Update 8  Build 20200624 (id: 4f16ad915)
[0] MPI startup(): Copyright (C) 2003-2020 Intel Corporation.  All rights reserved.
[0] MPI startup(): library kind: release
[0] MPI startup(): libfabric version: 1.10.1-impi
[0] MPI startup(): libfabric provider: psm2
[0] MPI startup(): Rank    Pid      Node name     Pin cpu
[0] MPI startup(): 0       3601097  i01r01c03s01  {0,1,48,49}
[0] MPI startup(): 1       3601098  i01r01c03s01  {2,3,50,51}
[0] MPI startup(): 2       3601099  i01r01c03s01  {4,5,52,53}
[0] MPI startup(): 3       3601100  i01r01c03s01  {6,7,54,55}
[0] MPI startup(): 4       3601101  i01r01c03s01  {8,9,56,57}
[0] MPI startup(): 5       3601102  i01r01c03s01  {10,11,58,59}
[0] MPI startup(): 6       3601103  i01r01c03s01  {24,25,72,73}
[0] MPI startup(): 7       3601104  i01r01c03s01  {26,27,74,75}
[0] MPI startup(): 8       3601105  i01r01c03s01  {28,29,76,77}
[0] MPI startup(): 9       3601106  i01r01c03s01  {30,31,78,79}
[0] MPI startup(): 10      3601107  i01r01c03s01  {32,33,80,81}
[0] MPI startup(): 11      3601108  i01r01c03s01  {34,35,82,83}

1 processes distributed in X-direction
 12 ; processes distributed in Y-direction

Executing each MPI process in 4 OMP threads.
Resolutions       : (6500, 8500, ... 12500)
Iterations        : 20
Num. Heat sources : 2
   1: (0.00, 0.00) 1.00 1.00 
   2: (1.00, 1.00) 1.00 0.50 
rank= 2 coords= 0 2 neighbours(up,down,left,right)= -1 -1 1 3
rank= 1 coords= 0 1 neighbours(up,down,left,right)= -1 -1 0 2
rank= 3 coords= 0 3 neighbours(up,down,left,right)= -1 -1 2 4
rank= 4 coords= 0 4 neighbours(up,down,left,right)= -1 -1 3 5
rank= 5 coords= 0 5 neighbours(up,down,left,right)= -1 -1 4 6
rank= 6 coords= 0 6 neighbours(up,down,left,right)= -1 -1 5 7
rank= 9 coords= 0 9 neighbours(up,down,left,right)= -1 -1 8 10
rank= 10 coords= 0 10 neighbours(up,down,left,right)= -1 -1 9 11
rank= 11 coords= 0 11 neighbours(up,down,left,right)= -1 -1 10 -1
rank= 0 coords= 0 0 neighbours(up,down,left,right)= -1 -1 -1 1
rank= 7 coords= 0 7 neighbours(up,down,left,right)= -1 -1 6 8
rank= 8 coords= 0 8 neighbours(up,down,left,right)= -1 -1 7 9

Num-X: 12 ; Num-Y: 1 ; Resolution: 6500 ; Rank: 9 ; Rank-X: 9 ; Rank-Y: 0 ; Rowstart: 0; Rowend: 6501; Rows: 6501; Colstart: 4877; Colend: 5419; Cols: 542;
Num-X: 12 ; Num-Y: 1 ; Resolution: 6500 ; Rank: 7 ; Rank-X: 7 ; Rank-Y: 0 ; Rowstart: 0; Rowend: 6501; Rows: 6501; Colstart: 3794; Colend: 4337; Cols: 543;
Num-X: 12 ; Num-Y: 1 ; Resolution: 6500 ; Rank: 5 ; Rank-X: 5 ; Rank-Y: 0 ; Rowstart: 0; Rowend: 6501; Rows: 6501; Colstart: 2710; Colend: 3253; Cols: 543;
Num-X: 12 ; Num-Y: 1 ; Resolution: 6500 ; Rank: 1 ; Rank-X: 1 ; Rank-Y: 0 ; Rowstart: 0; Rowend: 6501; Rows: 6501; Colstart: 542; Colend: 1085; Cols: 543;
Num-X: 12 ; Num-Y: 1 ; Resolution: 6500 ; Rank: 2 ; Rank-X: 2 ; Rank-Y: 0 ; Rowstart: 0; Rowend: 6501; Rows: 6501; Colstart: 1084; Colend: 1627; Cols: 543;
Num-X: 12 ; Num-Y: 1 ; Resolution: 6500 ; Rank: 6 ; Rank-X: 6 ; Rank-Y: 0 ; Rowstart: 0; Rowend: 6501; Rows: 6501; Colstart: 3252; Colend: 3795; Cols: 543;
Num-X: 12 ; Num-Y: 1 ; Resolution: 6500 ; Rank: 8 ; Rank-X: 8 ; Rank-Y: 0 ; Rowstart: 0; Rowend: 6501; Rows: 6501; Colstart: 4336; Colend: 4878; Cols: 542;
Num-X: 12 ; Num-Y: 1 ; Resolution: 6500 ; Rank: 10 ; Rank-X: 10 ; Rank-Y: 0 ; Rowstart: 0; Rowend: 6501; Rows: 6501; Colstart: 5418; Colend: 5960; Cols: 542;
Num-X: 12 ; Num-Y: 1 ; Resolution: 6500 ; Rank: 0 ; Rank-X: 0 ; Rank-Y: 0 ; Rowstart: 0; Rowend: 6501; Rows: 6501; Colstart: 0; Colend: 543; Cols: 543;
Num-X: 12 ; Num-Y: 1 ; Resolution: 6500 ; Rank: 11 ; Rank-X: 11 ; Rank-Y: 0 ; Rowstart: 0; Rowend: 6501; Rows: 6501; Colstart: 5959; Colend: 6501; Cols: 542;
Num-X: 12 ; Num-Y: 1 ; Resolution: 6500 ; Rank: 3 ; Rank-X: 3 ; Rank-Y: 0 ; Rowstart: 0; Rowend: 6501; Rows: 6501; Colstart: 1626; Colend: 2169; Cols: 543;
Num-X: 12 ; Num-Y: 1 ; Resolution: 6500 ; Rank: 4 ; Rank-X: 4 ; Rank-Y: 0 ; Rowstart: 0; Rowend: 6501; Rows: 6501; Colstart: 2168; Colend: 2711; Cols: 543;

Resolution: 6500
===================
Execution time: 0.096160
Residual: 3.049154

megaflops:  61512.1
  flop instructions (M):  5915.000

Num-X: 12 ; Num-Y: 1 ; Resolution: 8500 ; Rank: 8 ; Rank-X: 8 ; Rank-Y: 0 ; Rowstart: 0; Rowend: 8501; Rows: 8501; Colstart: 5668; Colend: 6377; Cols: 709;
Num-X: 12 ; Num-Y: 1 ; Resolution: 8500 ; Rank: 1 ; Rank-X: 1 ; Rank-Y: 0 ; Rowstart: 0; Rowend: 8501; Rows: 8501; Colstart: 709; Colend: 1419; Cols: 710;
Num-X: 12 ; Num-Y: 1 ; Resolution: 8500 ; Rank: 6 ; Rank-X: 6 ; Rank-Y: 0 ; Rowstart: 0; Rowend: 8501; Rows: 8501; Colstart: 4252; Colend: 4961; Cols: 709;
Num-X: 12 ; Num-Y: 1 ; Resolution: 8500 ; Rank: 7 ; Rank-X: 7 ; Rank-Y: 0 ; Rowstart: 0; Rowend: 8501; Rows: 8501; Colstart: 4960; Colend: 5669; Cols: 709;
Num-X: 12 ; Num-Y: 1 ; Resolution: 8500 ; Rank: 9 ; Rank-X: 9 ; Rank-Y: 0 ; Rowstart: 0; Rowend: 8501; Rows: 8501; Colstart: 6376; Colend: 7085; Cols: 709;
Num-X: 12 ; Num-Y: 1 ; Resolution: 8500 ; Rank: 4 ; Rank-X: 4 ; Rank-Y: 0 ; Rowstart: 0; Rowend: 8501; Rows: 8501; Colstart: 2836; Colend: 3545; Cols: 709;
Num-X: 12 ; Num-Y: 1 ; Resolution: 8500 ; Rank: 10 ; Rank-X: 10 ; Rank-Y: 0 ; Rowstart: 0; Rowend: 8501; Rows: 8501; Colstart: 7084; Colend: 7793; Cols: 709;
Num-X: 12 ; Num-Y: 1 ; Resolution: 8500 ; Rank: 5 ; Rank-X: 5 ; Rank-Y: 0 ; Rowstart: 0; Rowend: 8501; Rows: 8501; Colstart: 3544; Colend: 4253; Cols: 709;
Num-X: 12 ; Num-Y: 1 ; Resolution: 8500 ; Rank: 2 ; Rank-X: 2 ; Rank-Y: 0 ; Rowstart: 0; Rowend: 8501; Rows: 8501; Colstart: 1418; Colend: 2128; Cols: 710;
Num-X: 12 ; Num-Y: 1 ; Resolution: 8500 ; Rank: 3 ; Rank-X: 3 ; Rank-Y: 0 ; Rowstart: 0; Rowend: 8501; Rows: 8501; Colstart: 2127; Colend: 2837; Cols: 710;
Num-X: 12 ; Num-Y: 1 ; Resolution: 8500 ; Rank: 11 ; Rank-X: 11 ; Rank-Y: 0 ; Rowstart: 0; Rowend: 8501; Rows: 8501; Colstart: 7792; Colend: 8501; Cols: 709;
Num-X: 12 ; Num-Y: 1 ; Resolution: 8500 ; Rank: 0 ; Rank-X: 0 ; Rank-Y: 0 ; Rowstart: 0; Rowend: 8501; Rows: 8501; Colstart: 0; Colend: 710; Cols: 710;

Resolution: 8500
===================
Execution time: 0.168685
Residual: 3.987213

megaflops:  59963.9
  flop instructions (M):  10115.000

Num-X: 12 ; Num-Y: 1 ; Resolution: 10500 ; Rank: 10 ; Rank-X: 10 ; Rank-Y: 0 ; Rowstart: 0; Rowend: 10501; Rows: 10501; Colstart: 8750; Colend: 9626; Cols: 876;
Num-X: 12 ; Num-Y: 1 ; Resolution: 10500 ; Rank: 7 ; Rank-X: 7 ; Rank-Y: 0 ; Rowstart: 0; Rowend: 10501; Rows: 10501; Colstart: 6125; Colend: 7001; Cols: 876;
Num-X: 12 ; Num-Y: 1 ; Resolution: 10500 ; Rank: 1 ; Rank-X: 1 ; Rank-Y: 0 ; Rowstart: 0; Rowend: 10501; Rows: 10501; Colstart: 875; Colend: 1751; Cols: 876;
Num-X: 12 ; Num-Y: 1 ; Resolution: 10500 ; Rank: 4 ; Rank-X: 4 ; Rank-Y: 0 ; Rowstart: 0; Rowend: 10501; Rows: 10501; Colstart: 3500; Colend: 4376; Cols: 876;
Num-X: 12 ; Num-Y: 1 ; Resolution: 10500 ; Rank: 5 ; Rank-X: 5 ; Rank-Y: 0 ; Rowstart: 0; Rowend: 10501; Rows: 10501; Colstart: 4375; Colend: 5251; Cols: 876;
Num-X: 12 ; Num-Y: 1 ; Resolution: 10500 ; Rank: 6 ; Rank-X: 6 ; Rank-Y: 0 ; Rowstart: 0; Rowend: 10501; Rows: 10501; Colstart: 5250; Colend: 6126; Cols: 876;
Num-X: 12 ; Num-Y: 1 ; Resolution: 10500 ; Rank: 8 ; Rank-X: 8 ; Rank-Y: 0 ; Rowstart: 0; Rowend: 10501; Rows: 10501; Colstart: 7000; Colend: 7876; Cols: 876;
Num-X: 12 ; Num-Y: 1 ; Resolution: 10500 ; Rank: 9 ; Rank-X: 9 ; Rank-Y: 0 ; Rowstart: 0; Rowend: 10501; Rows: 10501; Colstart: 7875; Colend: 8751; Cols: 876;
Num-X: 12 ; Num-Y: 1 ; Resolution: 10500 ; Rank: 2 ; Rank-X: 2 ; Rank-Y: 0 ; Rowstart: 0; Rowend: 10501; Rows: 10501; Colstart: 1750; Colend: 2626; Cols: 876;
Num-X: 12 ; Num-Y: 1 ; Resolution: 10500 ; Rank: 3 ; Rank-X: 3 ; Rank-Y: 0 ; Rowstart: 0; Rowend: 10501; Rows: 10501; Colstart: 2625; Colend: 3501; Cols: 876;
Num-X: 12 ; Num-Y: 1 ; Resolution: 10500 ; Rank: 11 ; Rank-X: 11 ; Rank-Y: 0 ; Rowstart: 0; Rowend: 10501; Rows: 10501; Colstart: 9625; Colend: 10501; Cols: 876;
Num-X: 12 ; Num-Y: 1 ; Resolution: 10500 ; Rank: 0 ; Rank-X: 0 ; Rank-Y: 0 ; Rowstart: 0; Rowend: 10501; Rows: 10501; Colstart: 0; Colend: 876; Cols: 876;

Resolution: 10500
===================
Execution time: 0.259771
Residual: 4.925272

megaflops:  59417.7
  flop instructions (M):  15435.000

Num-X: 12 ; Num-Y: 1 ; Resolution: 12500 ; Rank: 10 ; Rank-X: 10 ; Rank-Y: 0 ; Rowstart: 0; Rowend: 12501; Rows: 12501; Colstart: 10418; Colend: 11460; Cols: 1042;
Num-X: 12 ; Num-Y: 1 ; Resolution: 12500 ; Rank: 7 ; Rank-X: 7 ; Rank-Y: 0 ; Rowstart: 0; Rowend: 12501; Rows: 12501; Colstart: 7294; Colend: 8337; Cols: 1043;
Num-X: 12 ; Num-Y: 1 ; Resolution: 12500 ; Rank: 4 ; Rank-X: 4 ; Rank-Y: 0 ; Rowstart: 0; Rowend: 12501; Rows: 12501; Colstart: 4168; Colend: 5211; Cols: 1043;
Num-X: 12 ; Num-Y: 1 ; Resolution: 12500 ; Rank: 5 ; Rank-X: 5 ; Rank-Y: 0 ; Rowstart: 0; Rowend: 12501; Rows: 12501; Colstart: 5210; Colend: 6253; Cols: 1043;
Num-X: 12 ; Num-Y: 1 ; Resolution: 12500 ; Rank: 6 ; Rank-X: 6 ; Rank-Y: 0 ; Rowstart: 0; Rowend: 12501; Rows: 12501; Colstart: 6252; Colend: 7295; Cols: 1043;
Num-X: 12 ; Num-Y: 1 ; Resolution: 12500 ; Rank: 9 ; Rank-X: 9 ; Rank-Y: 0 ; Rowstart: 0; Rowend: 12501; Rows: 12501; Colstart: 9377; Colend: 10419; Cols: 1042;
Num-X: 12 ; Num-Y: 1 ; Resolution: 12500 ; Rank: 1 ; Rank-X: 1 ; Rank-Y: 0 ; Rowstart: 0; Rowend: 12501; Rows: 12501; Colstart: 1042; Colend: 2085; Cols: 1043;
Num-X: 12 ; Num-Y: 1 ; Resolution: 12500 ; Rank: 8 ; Rank-X: 8 ; Rank-Y: 0 ; Rowstart: 0; Rowend: 12501; Rows: 12501; Colstart: 8336; Colend: 9378; Cols: 1042;
Num-X: 12 ; Num-Y: 1 ; Resolution: 12500 ; Rank: 3 ; Rank-X: 3 ; Rank-Y: 0 ; Rowstart: 0; Rowend: 12501; Rows: 12501; Colstart: 3126; Colend: 4169; Cols: 1043;
Num-X: 12 ; Num-Y: 1 ; Resolution: 12500 ; Rank: 2 ; Rank-X: 2 ; Rank-Y: 0 ; Rowstart: 0; Rowend: 12501; Rows: 12501; Colstart: 2084; Colend: 3127; Cols: 1043;
Num-X: 12 ; Num-Y: 1 ; Resolution: 12500 ; Rank: 11 ; Rank-X: 11 ; Rank-Y: 0 ; Rowstart: 0; Rowend: 12501; Rows: 12501; Colstart: 11459; Colend: 12501; Cols: 1042;
Num-X: 12 ; Num-Y: 1 ; Resolution: 12500 ; Rank: 0 ; Rank-X: 0 ; Rank-Y: 0 ; Rowstart: 0; Rowend: 12501; Rows: 12501; Colstart: 0; Colend: 1043; Cols: 1043;

Resolution: 12500
===================
Execution time: 0.368031
Residual: 5.863330

megaflops:  59438.0
  flop instructions (M):  21875.000
