OMP: Warning #58: KMP_AFFINITY: parameter invalid, ignoring "granularity=socket".
Resolutions       : (6500, 7500, ... 6500)
Iterations        : 20
Num. Heat sources : 2
   1: (0.00, 0.00) 1.00 1.00 
   2: (1.00, 1.00) 1.00 0.50 


Resolution: 6500
===================
Execution time: 1.177143
Residual: 3.049154

megaflops:  5024.9
  flop instructions (M):  5915.000
OMP: Warning #58: KMP_AFFINITY: parameter invalid, ignoring "granularity=socket".
Resolutions       : (6500, 7500, ... 6500)
Iterations        : 20
Num. Heat sources : 2
   1: (0.00, 0.00) 1.00 1.00 
   2: (1.00, 1.00) 1.00 0.50 


Resolution: 6500
===================
Execution time: 1.072047
Residual: 3.049154

megaflops:  5517.5
  flop instructions (M):  5915.000
OMP: Warning #58: KMP_AFFINITY: parameter invalid, ignoring "granularity=socket".
Resolutions       : (6500, 7500, ... 6500)
Iterations        : 20
Num. Heat sources : 2
   1: (0.00, 0.00) 1.00 1.00 
   2: (1.00, 1.00) 1.00 0.50 


Resolution: 6500
===================
Execution time: 0.562390
Residual: 3.049154

megaflops:  10517.6
  flop instructions (M):  5915.000
OMP: Warning #58: KMP_AFFINITY: parameter invalid, ignoring "granularity=socket".
Resolutions       : (6500, 7500, ... 6500)
Iterations        : 20
Num. Heat sources : 2
   1: (0.00, 0.00) 1.00 1.00 
   2: (1.00, 1.00) 1.00 0.50 


Resolution: 6500
===================
Execution time: 0.319322
Residual: 3.049154

megaflops:  18523.6
  flop instructions (M):  5915.000
OMP: Warning #58: KMP_AFFINITY: parameter invalid, ignoring "granularity=socket".
Resolutions       : (6500, 7500, ... 6500)
Iterations        : 20
Num. Heat sources : 2
   1: (0.00, 0.00) 1.00 1.00 
   2: (1.00, 1.00) 1.00 0.50 


Resolution: 6500
===================
Execution time: 0.263909
Residual: 3.049154

megaflops:  22413.0
  flop instructions (M):  5915.000
OMP: Warning #58: KMP_AFFINITY: parameter invalid, ignoring "granularity=socket".
Resolutions       : (6500, 7500, ... 6500)
Iterations        : 20
Num. Heat sources : 2
   1: (0.00, 0.00) 1.00 1.00 
   2: (1.00, 1.00) 1.00 0.50 


Resolution: 6500
===================
Execution time: 0.238038
Residual: 3.049154

megaflops:  24849.0
  flop instructions (M):  5915.000
OMP: Warning #58: KMP_AFFINITY: parameter invalid, ignoring "granularity=socket".
Resolutions       : (6500, 7500, ... 6500)
Iterations        : 20
Num. Heat sources : 2
   1: (0.00, 0.00) 1.00 1.00 
   2: (1.00, 1.00) 1.00 0.50 


Resolution: 6500
===================
Execution time: 0.213185
Residual: 3.049154

megaflops:  27745.9
  flop instructions (M):  5915.000
OMP: Warning #58: KMP_AFFINITY: parameter invalid, ignoring "granularity=socket".
Resolutions       : (6500, 7500, ... 6500)
Iterations        : 20
Num. Heat sources : 2
   1: (0.00, 0.00) 1.00 1.00 
   2: (1.00, 1.00) 1.00 0.50 


Resolution: 6500
===================
Execution time: 0.194576
Residual: 3.049154

megaflops:  30399.4
  flop instructions (M):  5915.000
OMP: Warning #58: KMP_AFFINITY: parameter invalid, ignoring "granularity=socket".
Resolutions       : (6500, 7500, ... 6500)
Iterations        : 20
Num. Heat sources : 2
   1: (0.00, 0.00) 1.00 1.00 
   2: (1.00, 1.00) 1.00 0.50 


Resolution: 6500
===================
Execution time: 0.211076
Residual: 3.049154

megaflops:  28023.1
  flop instructions (M):  5915.000
