OMP: Warning #58: KMP_AFFINITY: parameter invalid, ignoring "granularity=socket".
Resolutions       : (6500, 7500, ... 6500)
Iterations        : 20
Num. Heat sources : 2
   1: (0.00, 0.00) 1.00 1.00 
   2: (1.00, 1.00) 1.00 0.50 


Resolution: 6500
===================
Execution time: 1.175857
Residual: 3.049154

megaflops:  5030.4
  flop instructions (M):  5915.000
OMP: Warning #58: KMP_AFFINITY: parameter invalid, ignoring "granularity=socket".
Resolutions       : (6500, 7500, ... 6500)
Iterations        : 20
Num. Heat sources : 2
   1: (0.00, 0.00) 1.00 1.00 
   2: (1.00, 1.00) 1.00 0.50 


Resolution: 6500
===================
Execution time: 0.721030
Residual: 3.049154

megaflops:  8203.5
  flop instructions (M):  5915.000
OMP: Warning #58: KMP_AFFINITY: parameter invalid, ignoring "granularity=socket".
Resolutions       : (6500, 7500, ... 6500)
Iterations        : 20
Num. Heat sources : 2
   1: (0.00, 0.00) 1.00 1.00 
   2: (1.00, 1.00) 1.00 0.50 


Resolution: 6500
===================
Execution time: 0.389306
Residual: 3.049154

megaflops:  15193.7
  flop instructions (M):  5915.000
OMP: Warning #58: KMP_AFFINITY: parameter invalid, ignoring "granularity=socket".
Resolutions       : (6500, 7500, ... 6500)
Iterations        : 20
Num. Heat sources : 2
   1: (0.00, 0.00) 1.00 1.00 
   2: (1.00, 1.00) 1.00 0.50 


Resolution: 6500
===================
Execution time: 0.236809
Residual: 3.049154

megaflops:  24977.9
  flop instructions (M):  5915.000
OMP: Warning #58: KMP_AFFINITY: parameter invalid, ignoring "granularity=socket".
Resolutions       : (6500, 7500, ... 6500)
Iterations        : 20
Num. Heat sources : 2
   1: (0.00, 0.00) 1.00 1.00 
   2: (1.00, 1.00) 1.00 0.50 


Resolution: 6500
===================
Execution time: 0.177134
Residual: 3.049154

megaflops:  33392.8
  flop instructions (M):  5915.000
OMP: Warning #58: KMP_AFFINITY: parameter invalid, ignoring "granularity=socket".
Resolutions       : (6500, 7500, ... 6500)
Iterations        : 20
Num. Heat sources : 2
   1: (0.00, 0.00) 1.00 1.00 
   2: (1.00, 1.00) 1.00 0.50 


Resolution: 6500
===================
Execution time: 0.173133
Residual: 3.049154

megaflops:  34164.5
  flop instructions (M):  5915.000
OMP: Warning #58: KMP_AFFINITY: parameter invalid, ignoring "granularity=socket".
Resolutions       : (6500, 7500, ... 6500)
Iterations        : 20
Num. Heat sources : 2
   1: (0.00, 0.00) 1.00 1.00 
   2: (1.00, 1.00) 1.00 0.50 


Resolution: 6500
===================
Execution time: 0.166418
Residual: 3.049154

megaflops:  35543.0
  flop instructions (M):  5915.000
OMP: Warning #58: KMP_AFFINITY: parameter invalid, ignoring "granularity=socket".
Resolutions       : (6500, 7500, ... 6500)
Iterations        : 20
Num. Heat sources : 2
   1: (0.00, 0.00) 1.00 1.00 
   2: (1.00, 1.00) 1.00 0.50 


Resolution: 6500
===================
Execution time: 0.158981
Residual: 3.049154

megaflops:  37205.7
  flop instructions (M):  5915.000
OMP: Warning #58: KMP_AFFINITY: parameter invalid, ignoring "granularity=socket".
Resolutions       : (6500, 7500, ... 6500)
Iterations        : 20
Num. Heat sources : 2
   1: (0.00, 0.00) 1.00 1.00 
   2: (1.00, 1.00) 1.00 0.50 


Resolution: 6500
===================
Execution time: 0.179891
Residual: 3.049154

megaflops:  32881.0
  flop instructions (M):  5915.000
