mpiexec -genv I_MPI_DEBUG=4 -genv OMP_NUM_THREADS=16 -genv I_MPI_PIN_DOMAIN=omp -n 3 ./heat test.dat 1 3
[0] MPI startup(): Intel(R) MPI Library, Version 2019 Update 8  Build 20200624 (id: 4f16ad915)
[0] MPI startup(): Copyright (C) 2003-2020 Intel Corporation.  All rights reserved.
[0] MPI startup(): library kind: release
[0] MPI startup(): libfabric version: 1.10.1-impi
[0] MPI startup(): libfabric provider: psm2
[0] MPI startup(): Rank    Pid      Node name     Pin cpu
[0] MPI startup(): 0       722864   i01r01c01s01  {0,1,2,3,4,5,6,7,48,49,50,51,52,53,54,55}
[0] MPI startup(): 1       722865   i01r01c01s01  {8,9,10,11,12,13,14,15,56,57,58,59,60,61,62,63}
[0] MPI startup(): 2       722866   i01r01c01s01  {24,25,26,27,28,29,30,31,72,73,74,75,76,77,78,79}

1 processes distributed in X-direction
 3 ; processes distributed in Y-direction
Resolutions       : (6500, 8500, ... 12500)
Iterations        : 20
Num. Heat sources : 2
   1: (0.00, 0.00) 1.00 1.00 
   2: (1.00, 1.00) 1.00 0.50 
rank= 0 coords= 0 0 neighbours(up,down,left,right)= -1 -1 -1 1
rank= 1 coords= 0 1 neighbours(up,down,left,right)= -1 -1 0 2
rank= 2 coords= 0 2 neighbours(up,down,left,right)= -1 -1 1 -1

Num-X: 3 ; Num-Y: 1 ; Resolution: 6500 ; Rank: 2 ; Rank-X: 0 ; Rank-Y: 2 ; Rowstart: 0; Rowend: 6501; Rows: 6501; Colstart: 4334; Colend: 6501; Cols: 2167;
Num-X: 3 ; Num-Y: 1 ; Resolution: 6500 ; Rank: 0 ; Rank-X: 0 ; Rank-Y: 0 ; Rowstart: 0; Rowend: 6501; Rows: 6501; Colstart: 0; Colend: 2168; Cols: 2168;
Num-X: 3 ; Num-Y: 1 ; Resolution: 6500 ; Rank: 1 ; Rank-X: 0 ; Rank-Y: 1 ; Rowstart: 0; Rowend: 6501; Rows: 6501; Colstart: 2167; Colend: 4335; Cols: 2168;

Resolution: 6500
===================
Execution time: 0.123317
Residual: 3.046748

megaflops:  47965.8
  flop instructions (M):  5915.000

Num-X: 3 ; Num-Y: 1 ; Resolution: 8500 ; Rank: 2 ; Rank-X: 0 ; Rank-Y: 2 ; Rowstart: 0; Rowend: 8501; Rows: 8501; Colstart: 5668; Colend: 8501; Cols: 2833;
Num-X: 3 ; Num-Y: 1 ; Resolution: 8500 ; Rank: 1 ; Rank-X: 0 ; Rank-Y: 1 ; Rowstart: 0; Rowend: 8501; Rows: 8501; Colstart: 2834; Colend: 5669; Cols: 2835;
Num-X: 3 ; Num-Y: 1 ; Resolution: 8500 ; Rank: 0 ; Rank-X: 0 ; Rank-Y: 0 ; Rowstart: 0; Rowend: 8501; Rows: 8501; Colstart: 0; Colend: 2835; Cols: 2835;

Resolution: 8500
===================
Execution time: 0.214628
Residual: 3.984807

megaflops:  47128.1
  flop instructions (M):  10115.000

Num-X: 3 ; Num-Y: 1 ; Resolution: 10500 ; Rank: 2 ; Rank-X: 0 ; Rank-Y: 2 ; Rowstart: 0; Rowend: 10501; Rows: 10501; Colstart: 7000; Colend: 10501; Cols: 3501;
Num-X: 3 ; Num-Y: 1 ; Resolution: 10500 ; Rank: 1 ; Rank-X: 0 ; Rank-Y: 1 ; Rowstart: 0; Rowend: 10501; Rows: 10501; Colstart: 3500; Colend: 7001; Cols: 3501;
Num-X: 3 ; Num-Y: 1 ; Resolution: 10500 ; Rank: 0 ; Rank-X: 0 ; Rank-Y: 0 ; Rowstart: 0; Rowend: 10501; Rows: 10501; Colstart: 0; Colend: 3501; Cols: 3501;

Resolution: 10500
===================
Execution time: 0.330579
Residual: 4.922866

megaflops:  46690.8
  flop instructions (M):  15435.000

Num-X: 3 ; Num-Y: 1 ; Resolution: 12500 ; Rank: 2 ; Rank-X: 0 ; Rank-Y: 2 ; Rowstart: 0; Rowend: 12501; Rows: 12501; Colstart: 8334; Colend: 12501; Cols: 4167;
Num-X: 3 ; Num-Y: 1 ; Resolution: 12500 ; Rank: 1 ; Rank-X: 0 ; Rank-Y: 1 ; Rowstart: 0; Rowend: 12501; Rows: 12501; Colstart: 4167; Colend: 8335; Cols: 4168;
Num-X: 3 ; Num-Y: 1 ; Resolution: 12500 ; Rank: 0 ; Rank-X: 0 ; Rank-Y: 0 ; Rowstart: 0; Rowend: 12501; Rows: 12501; Colstart: 0; Colend: 4168; Cols: 4168;

Resolution: 12500
===================
Execution time: 0.468014
Residual: 5.860924

megaflops:  46740.1
  flop instructions (M):  21875.000
