mpiexec -genv I_MPI_DEBUG=4 -env I_MPI_PIN_DOMAIN=omp -n 48
[0] MPI startup(): Intel(R) MPI Library, Version 2019 Update 8  Build 20200624 (id: 4f16ad915)
[0] MPI startup(): Copyright (C) 2003-2020 Intel Corporation.  All rights reserved.
[0] MPI startup(): library kind: release
[0] MPI startup(): libfabric version: 1.10.1-impi
[0] MPI startup(): libfabric provider: psm2
[0] MPI startup(): Rank    Pid      Node name     Pin cpu
[0] MPI startup(): 0       752025   i01r01c02s05  {0}
[0] MPI startup(): 1       752026   i01r01c02s05  {48}
[0] MPI startup(): 2       752027   i01r01c02s05  {1}
[0] MPI startup(): 3       752028   i01r01c02s05  {49}
[0] MPI startup(): 4       752029   i01r01c02s05  {2}
[0] MPI startup(): 5       752030   i01r01c02s05  {50}
[0] MPI startup(): 6       752031   i01r01c02s05  {3}
[0] MPI startup(): 7       752032   i01r01c02s05  {51}
[0] MPI startup(): 8       752033   i01r01c02s05  {4}
[0] MPI startup(): 9       752034   i01r01c02s05  {52}
[0] MPI startup(): 10      752035   i01r01c02s05  {5}
[0] MPI startup(): 11      752036   i01r01c02s05  {53}
[0] MPI startup(): 12      752037   i01r01c02s05  {6}
[0] MPI startup(): 13      752038   i01r01c02s05  {54}
[0] MPI startup(): 14      752039   i01r01c02s05  {7}
[0] MPI startup(): 15      752040   i01r01c02s05  {55}
[0] MPI startup(): 16      752041   i01r01c02s05  {8}
[0] MPI startup(): 17      752042   i01r01c02s05  {56}
[0] MPI startup(): 18      752043   i01r01c02s05  {9}
[0] MPI startup(): 19      752044   i01r01c02s05  {57}
[0] MPI startup(): 20      752045   i01r01c02s05  {10}
[0] MPI startup(): 21      752046   i01r01c02s05  {58}
[0] MPI startup(): 22      752047   i01r01c02s05  {11}
[0] MPI startup(): 23      752048   i01r01c02s05  {59}
[0] MPI startup(): 24      752049   i01r01c02s05  {24}
[0] MPI startup(): 25      752050   i01r01c02s05  {72}
[0] MPI startup(): 26      752051   i01r01c02s05  {25}
[0] MPI startup(): 27      752052   i01r01c02s05  {73}
[0] MPI startup(): 28      752053   i01r01c02s05  {26}
[0] MPI startup(): 29      752054   i01r01c02s05  {74}
[0] MPI startup(): 30      752055   i01r01c02s05  {27}
[0] MPI startup(): 31      752056   i01r01c02s05  {75}
[0] MPI startup(): 32      752057   i01r01c02s05  {28}
[0] MPI startup(): 33      752058   i01r01c02s05  {76}
[0] MPI startup(): 34      752059   i01r01c02s05  {29}
[0] MPI startup(): 35      752060   i01r01c02s05  {77}
[0] MPI startup(): 36      752061   i01r01c02s05  {30}
[0] MPI startup(): 37      752062   i01r01c02s05  {78}
[0] MPI startup(): 38      752063   i01r01c02s05  {31}
[0] MPI startup(): 39      752064   i01r01c02s05  {79}
[0] MPI startup(): 40      752065   i01r01c02s05  {32}
[0] MPI startup(): 41      752066   i01r01c02s05  {80}
[0] MPI startup(): 42      752067   i01r01c02s05  {33}
[0] MPI startup(): 43      752068   i01r01c02s05  {81}
[0] MPI startup(): 44      752069   i01r01c02s05  {34}
[0] MPI startup(): 45      752070   i01r01c02s05  {82}
[0] MPI startup(): 46      752071   i01r01c02s05  {35}
[0] MPI startup(): 47      752072   i01r01c02s05  {83}

1 processes distributed in X-direction
 48 ; processes distributed in Y-direction
Resolutions       : (6500, 8500, ... 12500)
Iterations        : 20
Num. Heat sources : 2
   1: (0.00, 0.00) 1.00 1.00 
   2: (1.00, 1.00) 1.00 0.50 
rank= 16 coords= 0 16 neighbours(up,down,left,right)= -1 -1 15 17
rank= 32 coords= 0 32 neighbours(up,down,left,right)= -1 -1 31 33
rank= 36 coords= 0 36 neighbours(up,down,left,right)= -1 -1 35 37
rank= 37 coords= 0 37 neighbours(up,down,left,right)= -1 -1 36 38
rank= 40 coords= 0 40 neighbours(up,down,left,right)= -1 -1 39 41
rank= 41 coords= 0 41 neighbours(up,down,left,right)= -1 -1 40 42
rank= 44 coords= 0 44 neighbours(up,down,left,right)= -1 -1 43 45
rank= 0 coords= 0 0 neighbours(up,down,left,right)= -1 -1 -1 1
rank= 1 coords= 0 1 neighbours(up,down,left,right)= -1 -1 0 2
rank= 2 coords= 0 2 neighbours(up,down,left,right)= -1 -1 1 3
rank= 3 coords= 0 3 neighbours(up,down,left,right)= -1 -1 2 4
rank= 4 coords= 0 4 neighbours(up,down,left,right)= -1 -1 3 5
rank= 5 coords= 0 5 neighbours(up,down,left,right)= -1 -1 4 6
rank= 6 coords= 0 6 neighbours(up,down,left,right)= -1 -1 5 7
rank= 7 coords= 0 7 neighbours(up,down,left,right)= -1 -1 6 8
rank= 8 coords= 0 8 neighbours(up,down,left,right)= -1 -1 7 9
rank= 9 coords= 0 9 neighbours(up,down,left,right)= -1 -1 8 10
rank= 10 coords= 0 10 neighbours(up,down,left,right)= -1 -1 9 11
rank= 11 coords= 0 11 neighbours(up,down,left,right)= -1 -1 10 12
rank= 12 coords= 0 12 neighbours(up,down,left,right)= -1 -1 11 13
rank= 13 coords= 0 13 neighbours(up,down,left,right)= -1 -1 12 14
rank= 14 coords= 0 14 neighbours(up,down,left,right)= -1 -1 13 15
rank= 15 coords= 0 15 neighbours(up,down,left,right)= -1 -1 14 16
rank= 17 coords= 0 17 neighbours(up,down,left,right)= -1 -1 16 18
rank= 18 coords= 0 18 neighbours(up,down,left,right)= -1 -1 17 19
rank= 19 coords= 0 19 neighbours(up,down,left,right)= -1 -1 18 20
rank= 20 coords= 0 20 neighbours(up,down,left,right)= -1 -1 19 21
rank= 21 coords= 0 21 neighbours(up,down,left,right)= -1 -1 20 22
rank= 22 coords= 0 22 neighbours(up,down,left,right)= -1 -1 21 23
rank= 23 coords= 0 23 neighbours(up,down,left,right)= -1 -1 22 24
rank= 24 coords= 0 24 neighbours(up,down,left,right)= -1 -1 23 25
rank= 25 coords= 0 25 neighbours(up,down,left,right)= -1 -1 24 26
rank= 26 coords= 0 26 neighbours(up,down,left,right)= -1 -1 25 27
rank= 27 coords= 0 27 neighbours(up,down,left,right)= -1 -1 26 28
rank= 28 coords= 0 28 neighbours(up,down,left,right)= -1 -1 27 29
rank= 29 coords= 0 29 neighbours(up,down,left,right)= -1 -1 28 30
rank= 30 coords= 0 30 neighbours(up,down,left,right)= -1 -1 29 31
rank= 31 coords= 0 31 neighbours(up,down,left,right)= -1 -1 30 32
rank= 33 coords= 0 33 neighbours(up,down,left,right)= -1 -1 32 34
rank= 35 coords= 0 35 neighbours(up,down,left,right)= -1 -1 34 36
rank= 38 coords= 0 38 neighbours(up,down,left,right)= -1 -1 37 39
rank= 39 coords= 0 39 neighbours(up,down,left,right)= -1 -1 38 40
rank= 42 coords= 0 42 neighbours(up,down,left,right)= -1 -1 41 43
rank= 43 coords= 0 43 neighbours(up,down,left,right)= -1 -1 42 44
rank= 45 coords= 0 45 neighbours(up,down,left,right)= -1 -1 44 46
rank= 46 coords= 0 46 neighbours(up,down,left,right)= -1 -1 45 47
rank= 47 coords= 0 47 neighbours(up,down,left,right)= -1 -1 46 -1
rank= 34 coords= 0 34 neighbours(up,down,left,right)= -1 -1 33 35

Num-X: 48 ; Num-Y: 1 ; Resolution: 6500 ; Rank: 34 ; Rank-X: 0 ; Rank-Y: 34 ; Rowstart: 0; Rowend: 6501; Rows: 6501; Colstart: 4624; Colend: 4761; Cols: 137;
Num-X: 48 ; Num-Y: 1 ; Resolution: 6500 ; Rank: 38 ; Rank-X: 0 ; Rank-Y: 38 ; Rowstart: 0; Rowend: 6501; Rows: 6501; Colstart: 5168; Colend: 5305; Cols: 137;
Num-X: 48 ; Num-Y: 1 ; Resolution: 6500 ; Rank: 2 ; Rank-X: 0 ; Rank-Y: 2 ; Rowstart: 0; Rowend: 6501; Rows: 6501; Colstart: 272; Colend: 409; Cols: 137;
Num-X: 48 ; Num-Y: 1 ; Resolution: 6500 ; Rank: 26 ; Rank-X: 0 ; Rank-Y: 26 ; Rowstart: 0; Rowend: 6501; Rows: 6501; Colstart: 3536; Colend: 3673; Cols: 137;
Num-X: 48 ; Num-Y: 1 ; Resolution: 6500 ; Rank: 27 ; Rank-X: 0 ; Rank-Y: 27 ; Rowstart: 0; Rowend: 6501; Rows: 6501; Colstart: 3672; Colend: 3809; Cols: 137;
Num-X: 48 ; Num-Y: 1 ; Resolution: 6500 ; Rank: 32 ; Rank-X: 0 ; Rank-Y: 32 ; Rowstart: 0; Rowend: 6501; Rows: 6501; Colstart: 4352; Colend: 4489; Cols: 137;
Num-X: 48 ; Num-Y: 1 ; Resolution: 6500 ; Rank: 45 ; Rank-X: 0 ; Rank-Y: 45 ; Rowstart: 0; Rowend: 6501; Rows: 6501; Colstart: 6120; Colend: 6257; Cols: 137;
Num-X: 48 ; Num-Y: 1 ; Resolution: 6500 ; Rank: 6 ; Rank-X: 0 ; Rank-Y: 6 ; Rowstart: 0; Rowend: 6501; Rows: 6501; Colstart: 816; Colend: 953; Cols: 137;
Num-X: 48 ; Num-Y: 1 ; Resolution: 6500 ; Rank: 18 ; Rank-X: 0 ; Rank-Y: 18 ; Rowstart: 0; Rowend: 6501; Rows: 6501; Colstart: 2448; Colend: 2585; Cols: 137;
Num-X: 48 ; Num-Y: 1 ; Resolution: 6500 ; Rank: 30 ; Rank-X: 0 ; Rank-Y: 30 ; Rowstart: 0; Rowend: 6501; Rows: 6501; Colstart: 4080; Colend: 4217; Cols: 137;
Num-X: 48 ; Num-Y: 1 ; Resolution: 6500 ; Rank: 37 ; Rank-X: 0 ; Rank-Y: 37 ; Rowstart: 0; Rowend: 6501; Rows: 6501; Colstart: 5032; Colend: 5169; Cols: 137;
Num-X: 48 ; Num-Y: 1 ; Resolution: 6500 ; Rank: 25 ; Rank-X: 0 ; Rank-Y: 25 ; Rowstart: 0; Rowend: 6501; Rows: 6501; Colstart: 3400; Colend: 3537; Cols: 137;
Num-X: 48 ; Num-Y: 1 ; Resolution: 6500 ; Rank: 41 ; Rank-X: 0 ; Rank-Y: 41 ; Rowstart: 0; Rowend: 6501; Rows: 6501; Colstart: 5576; Colend: 5713; Cols: 137;
Num-X: 48 ; Num-Y: 1 ; Resolution: 6500 ; Rank: 8 ; Rank-X: 0 ; Rank-Y: 8 ; Rowstart: 0; Rowend: 6501; Rows: 6501; Colstart: 1088; Colend: 1225; Cols: 137;
Num-X: 48 ; Num-Y: 1 ; Resolution: 6500 ; Rank: 17 ; Rank-X: 0 ; Rank-Y: 17 ; Rowstart: 0; Rowend: 6501; Rows: 6501; Colstart: 2312; Colend: 2449; Cols: 137;
Num-X: 48 ; Num-Y: 1 ; Resolution: 6500 ; Rank: 46 ; Rank-X: 0 ; Rank-Y: 46 ; Rowstart: 0; Rowend: 6501; Rows: 6501; Colstart: 6256; Colend: 6393; Cols: 137;
Num-X: 48 ; Num-Y: 1 ; Resolution: 6500 ; Rank: 1 ; Rank-X: 0 ; Rank-Y: 1 ; Rowstart: 0; Rowend: 6501; Rows: 6501; Colstart: 136; Colend: 273; Cols: 137;
Num-X: 48 ; Num-Y: 1 ; Resolution: 6500 ; Rank: 9 ; Rank-X: 0 ; Rank-Y: 9 ; Rowstart: 0; Rowend: 6501; Rows: 6501; Colstart: 1224; Colend: 1361; Cols: 137;
Num-X: 48 ; Num-Y: 1 ; Resolution: 6500 ; Rank: 43 ; Rank-X: 0 ; Rank-Y: 43 ; Rowstart: 0; Rowend: 6501; Rows: 6501; Colstart: 5848; Colend: 5985; Cols: 137;
Num-X: 48 ; Num-Y: 1 ; Resolution: 6500 ; Rank: 44 ; Rank-X: 0 ; Rank-Y: 44 ; Rowstart: 0; Rowend: 6501; Rows: 6501; Colstart: 5984; Colend: 6121; Cols: 137;
Num-X: 48 ; Num-Y: 1 ; Resolution: 6500 ; Rank: 5 ; Rank-X: 0 ; Rank-Y: 5 ; Rowstart: 0; Rowend: 6501; Rows: 6501; Colstart: 680; Colend: 817; Cols: 137;
Num-X: 48 ; Num-Y: 1 ; Resolution: 6500 ; Rank: 22 ; Rank-X: 0 ; Rank-Y: 22 ; Rowstart: 0; Rowend: 6501; Rows: 6501; Colstart: 2992; Colend: 3129; Cols: 137;
Num-X: 48 ; Num-Y: 1 ; Resolution: 6500 ; Rank: 33 ; Rank-X: 0 ; Rank-Y: 33 ; Rowstart: 0; Rowend: 6501; Rows: 6501; Colstart: 4488; Colend: 4625; Cols: 137;
Num-X: 48 ; Num-Y: 1 ; Resolution: 6500 ; Rank: 13 ; Rank-X: 0 ; Rank-Y: 13 ; Rowstart: 0; Rowend: 6501; Rows: 6501; Colstart: 1768; Colend: 1905; Cols: 137;
Num-X: 48 ; Num-Y: 1 ; Resolution: 6500 ; Rank: 29 ; Rank-X: 0 ; Rank-Y: 29 ; Rowstart: 0; Rowend: 6501; Rows: 6501; Colstart: 3944; Colend: 4081; Cols: 137;
Num-X: 48 ; Num-Y: 1 ; Resolution: 6500 ; Rank: 10 ; Rank-X: 0 ; Rank-Y: 10 ; Rowstart: 0; Rowend: 6501; Rows: 6501; Colstart: 1360; Colend: 1497; Cols: 137;
Num-X: 48 ; Num-Y: 1 ; Resolution: 6500 ; Rank: 15 ; Rank-X: 0 ; Rank-Y: 15 ; Rowstart: 0; Rowend: 6501; Rows: 6501; Colstart: 2040; Colend: 2177; Cols: 137;
Num-X: 48 ; Num-Y: 1 ; Resolution: 6500 ; Rank: 47 ; Rank-X: 0 ; Rank-Y: 47 ; Rowstart: 0; Rowend: 6501; Rows: 6501; Colstart: 6392; Colend: 6501; Cols: 109;
Num-X: 48 ; Num-Y: 1 ; Resolution: 6500 ; Rank: 20 ; Rank-X: 0 ; Rank-Y: 20 ; Rowstart: 0; Rowend: 6501; Rows: 6501; Colstart: 2720; Colend: 2857; Cols: 137;
Num-X: 48 ; Num-Y: 1 ; Resolution: 6500 ; Rank: 12 ; Rank-X: 0 ; Rank-Y: 12 ; Rowstart: 0; Rowend: 6501; Rows: 6501; Colstart: 1632; Colend: 1769; Cols: 137;
Num-X: 48 ; Num-Y: 1 ; Resolution: 6500 ; Rank: 42 ; Rank-X: 0 ; Rank-Y: 42 ; Rowstart: 0; Rowend: 6501; Rows: 6501; Colstart: 5712; Colend: 5849; Cols: 137;
Num-X: 48 ; Num-Y: 1 ; Resolution: 6500 ; Rank: 16 ; Rank-X: 0 ; Rank-Y: 16 ; Rowstart: 0; Rowend: 6501; Rows: 6501; Colstart: 2176; Colend: 2313; Cols: 137;
Num-X: 48 ; Num-Y: 1 ; Resolution: 6500 ; Rank: 21 ; Rank-X: 0 ; Rank-Y: 21 ; Rowstart: 0; Rowend: 6501; Rows: 6501; Colstart: 2856; Colend: 2993; Cols: 137;
Num-X: 48 ; Num-Y: 1 ; Resolution: 6500 ; Rank: 31 ; Rank-X: 0 ; Rank-Y: 31 ; Rowstart: 0; Rowend: 6501; Rows: 6501; Colstart: 4216; Colend: 4353; Cols: 137;
Num-X: 48 ; Num-Y: 1 ; Resolution: 6500 ; Rank: 39 ; Rank-X: 0 ; Rank-Y: 39 ; Rowstart: 0; Rowend: 6501; Rows: 6501; Colstart: 5304; Colend: 5441; Cols: 137;
Num-X: 48 ; Num-Y: 1 ; Resolution: 6500 ; Rank: 14 ; Rank-X: 0 ; Rank-Y: 14 ; Rowstart: 0; Rowend: 6501; Rows: 6501; Colstart: 1904; Colend: 2041; Cols: 137;
Num-X: 48 ; Num-Y: 1 ; Resolution: 6500 ; Rank: 24 ; Rank-X: 0 ; Rank-Y: 24 ; Rowstart: 0; Rowend: 6501; Rows: 6501; Colstart: 3264; Colend: 3401; Cols: 137;
Num-X: 48 ; Num-Y: 1 ; Resolution: 6500 ; Rank: 23 ; Rank-X: 0 ; Rank-Y: 23 ; Rowstart: 0; Rowend: 6501; Rows: 6501; Colstart: 3128; Colend: 3265; Cols: 137;
Num-X: 48 ; Num-Y: 1 ; Resolution: 6500 ; Rank: 4 ; Rank-X: 0 ; Rank-Y: 4 ; Rowstart: 0; Rowend: 6501; Rows: 6501; Colstart: 544; Colend: 681; Cols: 137;
Num-X: 48 ; Num-Y: 1 ; Resolution: 6500 ; Rank: 0 ; Rank-X: 0 ; Rank-Y: 0 ; Rowstart: 0; Rowend: 6501; Rows: 6501; Colstart: 0; Colend: 137; Cols: 137;
Num-X: 48 ; Num-Y: 1 ; Resolution: 6500 ; Rank: 28 ; Rank-X: 0 ; Rank-Y: 28 ; Rowstart: 0; Rowend: 6501; Rows: 6501; Colstart: 3808; Colend: 3945; Cols: 137;
Num-X: 48 ; Num-Y: 1 ; Resolution: 6500 ; Rank: 40 ; Rank-X: 0 ; Rank-Y: 40 ; Rowstart: 0; Rowend: 6501; Rows: 6501; Colstart: 5440; Colend: 5577; Cols: 137;
Num-X: 48 ; Num-Y: 1 ; Resolution: 6500 ; Rank: 19 ; Rank-X: 0 ; Rank-Y: 19 ; Rowstart: 0; Rowend: 6501; Rows: 6501; Colstart: 2584; Colend: 2721; Cols: 137;
Num-X: 48 ; Num-Y: 1 ; Resolution: 6500 ; Rank: 7 ; Rank-X: 0 ; Rank-Y: 7 ; Rowstart: 0; Rowend: 6501; Rows: 6501; Colstart: 952; Colend: 1089; Cols: 137;
Num-X: 48 ; Num-Y: 1 ; Resolution: 6500 ; Rank: 35 ; Rank-X: 0 ; Rank-Y: 35 ; Rowstart: 0; Rowend: 6501; Rows: 6501; Colstart: 4760; Colend: 4897; Cols: 137;
Num-X: 48 ; Num-Y: 1 ; Resolution: 6500 ; Rank: 36 ; Rank-X: 0 ; Rank-Y: 36 ; Rowstart: 0; Rowend: 6501; Rows: 6501; Colstart: 4896; Colend: 5033; Cols: 137;
Num-X: 48 ; Num-Y: 1 ; Resolution: 6500 ; Rank: 3 ; Rank-X: 0 ; Rank-Y: 3 ; Rowstart: 0; Rowend: 6501; Rows: 6501; Colstart: 408; Colend: 545; Cols: 137;
Num-X: 48 ; Num-Y: 1 ; Resolution: 6500 ; Rank: 11 ; Rank-X: 0 ; Rank-Y: 11 ; Rowstart: 0; Rowend: 6501; Rows: 6501; Colstart: 1496; Colend: 1633; Cols: 137;

Resolution: 6500
===================
Execution time: 0.094363
Residual: 2.982135

megaflops:  62683.5
  flop instructions (M):  5915.000

Num-X: 48 ; Num-Y: 1 ; Resolution: 8500 ; Rank: 47 ; Rank-X: 0 ; Rank-Y: 47 ; Rowstart: 0; Rowend: 8501; Rows: 8501; Colstart: 8366; Colend: 8501; Cols: 135;
Num-X: 48 ; Num-Y: 1 ; Resolution: 8500 ; Rank: 14 ; Rank-X: 0 ; Rank-Y: 14 ; Rowstart: 0; Rowend: 8501; Rows: 8501; Colstart: 2492; Colend: 2671; Cols: 179;
Num-X: 48 ; Num-Y: 1 ; Resolution: 8500 ; Rank: 20 ; Rank-X: 0 ; Rank-Y: 20 ; Rowstart: 0; Rowend: 8501; Rows: 8501; Colstart: 3560; Colend: 3739; Cols: 179;
Num-X: 48 ; Num-Y: 1 ; Resolution: 8500 ; Rank: 4 ; Rank-X: 0 ; Rank-Y: 4 ; Rowstart: 0; Rowend: 8501; Rows: 8501; Colstart: 712; Colend: 891; Cols: 179;
Num-X: 48 ; Num-Y: 1 ; Resolution: 8500 ; Rank: 16 ; Rank-X: 0 ; Rank-Y: 16 ; Rowstart: 0; Rowend: 8501; Rows: 8501; Colstart: 2848; Colend: 3027; Cols: 179;
Num-X: 48 ; Num-Y: 1 ; Resolution: 8500 ; Rank: 17 ; Rank-X: 0 ; Rank-Y: 17 ; Rowstart: 0; Rowend: 8501; Rows: 8501; Colstart: 3026; Colend: 3205; Cols: 179;
Num-X: 48 ; Num-Y: 1 ; Resolution: 8500 ; Rank: 18 ; Rank-X: 0 ; Rank-Y: 18 ; Rowstart: 0; Rowend: 8501; Rows: 8501; Colstart: 3204; Colend: 3383; Cols: 179;
Num-X: 48 ; Num-Y: 1 ; Resolution: 8500 ; Rank: 8 ; Rank-X: 0 ; Rank-Y: 8 ; Rowstart: 0; Rowend: 8501; Rows: 8501; Colstart: 1424; Colend: 1603; Cols: 179;
Num-X: 48 ; Num-Y: 1 ; Resolution: 8500 ; Rank: 13 ; Rank-X: 0 ; Rank-Y: 13 ; Rowstart: 0; Rowend: 8501; Rows: 8501; Colstart: 2314; Colend: 2493; Cols: 179;
Num-X: 48 ; Num-Y: 1 ; Resolution: 8500 ; Rank: 5 ; Rank-X: 0 ; Rank-Y: 5 ; Rowstart: 0; Rowend: 8501; Rows: 8501; Colstart: 890; Colend: 1069; Cols: 179;
Num-X: 48 ; Num-Y: 1 ; Resolution: 8500 ; Rank: 9 ; Rank-X: 0 ; Rank-Y: 9 ; Rowstart: 0; Rowend: 8501; Rows: 8501; Colstart: 1602; Colend: 1781; Cols: 179;
Num-X: 48 ; Num-Y: 1 ; Resolution: 8500 ; Rank: 30 ; Rank-X: 0 ; Rank-Y: 30 ; Rowstart: 0; Rowend: 8501; Rows: 8501; Colstart: 5340; Colend: 5519; Cols: 179;
Num-X: 48 ; Num-Y: 1 ; Resolution: 8500 ; Rank: 43 ; Rank-X: 0 ; Rank-Y: 43 ; Rowstart: 0; Rowend: 8501; Rows: 8501; Colstart: 7654; Colend: 7833; Cols: 179;
Num-X: 48 ; Num-Y: 1 ; Resolution: 8500 ; Rank: 1 ; Rank-X: 0 ; Rank-Y: 1 ; Rowstart: 0; Rowend: 8501; Rows: 8501; Colstart: 178; Colend: 357; Cols: 179;
Num-X: 48 ; Num-Y: 1 ; Resolution: 8500 ; Rank: 10 ; Rank-X: 0 ; Rank-Y: 10 ; Rowstart: 0; Rowend: 8501; Rows: 8501; Colstart: 1780; Colend: 1959; Cols: 179;
Num-X: 48 ; Num-Y: 1 ; Resolution: 8500 ; Rank: 15 ; Rank-X: 0 ; Rank-Y: 15 ; Rowstart: 0; Rowend: 8501; Rows: 8501; Colstart: 2670; Colend: 2849; Cols: 179;
Num-X: 48 ; Num-Y: 1 ; Resolution: 8500 ; Rank: 24 ; Rank-X: 0 ; Rank-Y: 24 ; Rowstart: 0; Rowend: 8501; Rows: 8501; Colstart: 4272; Colend: 4451; Cols: 179;
Num-X: 48 ; Num-Y: 1 ; Resolution: 8500 ; Rank: 32 ; Rank-X: 0 ; Rank-Y: 32 ; Rowstart: 0; Rowend: 8501; Rows: 8501; Colstart: 5696; Colend: 5875; Cols: 179;
Num-X: 48 ; Num-Y: 1 ; Resolution: 8500 ; Rank: 42 ; Rank-X: 0 ; Rank-Y: 42 ; Rowstart: 0; Rowend: 8501; Rows: 8501; Colstart: 7476; Colend: 7655; Cols: 179;
Num-X: 48 ; Num-Y: 1 ; Resolution: 8500 ; Rank: 12 ; Rank-X: 0 ; Rank-Y: 12 ; Rowstart: 0; Rowend: 8501; Rows: 8501; Colstart: 2136; Colend: 2315; Cols: 179;
Num-X: 48 ; Num-Y: 1 ; Resolution: 8500 ; Rank: 22 ; Rank-X: 0 ; Rank-Y: 22 ; Rowstart: 0; Rowend: 8501; Rows: 8501; Colstart: 3916; Colend: 4095; Cols: 179;
Num-X: 48 ; Num-Y: 1 ; Resolution: 8500 ; Rank: 29 ; Rank-X: 0 ; Rank-Y: 29 ; Rowstart: 0; Rowend: 8501; Rows: 8501; Colstart: 5162; Colend: 5341; Cols: 179;
Num-X: 48 ; Num-Y: 1 ; Resolution: 8500 ; Rank: 37 ; Rank-X: 0 ; Rank-Y: 37 ; Rowstart: 0; Rowend: 8501; Rows: 8501; Colstart: 6586; Colend: 6765; Cols: 179;
Num-X: 48 ; Num-Y: 1 ; Resolution: 8500 ; Rank: 41 ; Rank-X: 0 ; Rank-Y: 41 ; Rowstart: 0; Rowend: 8501; Rows: 8501; Colstart: 7298; Colend: 7477; Cols: 179;
Num-X: 48 ; Num-Y: 1 ; Resolution: 8500 ; Rank: 46 ; Rank-X: 0 ; Rank-Y: 46 ; Rowstart: 0; Rowend: 8501; Rows: 8501; Colstart: 8188; Colend: 8367; Cols: 179;
Num-X: 48 ; Num-Y: 1 ; Resolution: 8500 ; Rank: 23 ; Rank-X: 0 ; Rank-Y: 23 ; Rowstart: 0; Rowend: 8501; Rows: 8501; Colstart: 4094; Colend: 4273; Cols: 179;
Num-X: 48 ; Num-Y: 1 ; Resolution: 8500 ; Rank: 44 ; Rank-X: 0 ; Rank-Y: 44 ; Rowstart: 0; Rowend: 8501; Rows: 8501; Colstart: 7832; Colend: 8011; Cols: 179;
Num-X: 48 ; Num-Y: 1 ; Resolution: 8500 ; Rank: 19 ; Rank-X: 0 ; Rank-Y: 19 ; Rowstart: 0; Rowend: 8501; Rows: 8501; Colstart: 3382; Colend: 3561; Cols: 179;
Num-X: 48 ; Num-Y: 1 ; Resolution: 8500 ; Rank: 45 ; Rank-X: 0 ; Rank-Y: 45 ; Rowstart: 0; Rowend: 8501; Rows: 8501; Colstart: 8010; Colend: 8189; Cols: 179;
Num-X: 48 ; Num-Y: 1 ; Resolution: 8500 ; Rank: 39 ; Rank-X: 0 ; Rank-Y: 39 ; Rowstart: 0; Rowend: 8501; Rows: 8501; Colstart: 6942; Colend: 7121; Cols: 179;
Num-X: 48 ; Num-Y: 1 ; Resolution: 8500 ; Rank: 34 ; Rank-X: 0 ; Rank-Y: 34 ; Rowstart: 0; Rowend: 8501; Rows: 8501; Colstart: 6052; Colend: 6231; Cols: 179;
Num-X: 48 ; Num-Y: 1 ; Resolution: 8500 ; Rank: 38 ; Rank-X: 0 ; Rank-Y: 38 ; Rowstart: 0; Rowend: 8501; Rows: 8501; Colstart: 6764; Colend: 6943; Cols: 179;
Num-X: 48 ; Num-Y: 1 ; Resolution: 8500 ; Rank: 26 ; Rank-X: 0 ; Rank-Y: 26 ; Rowstart: 0; Rowend: 8501; Rows: 8501; Colstart: 4628; Colend: 4807; Cols: 179;
Num-X: 48 ; Num-Y: 1 ; Resolution: 8500 ; Rank: 27 ; Rank-X: 0 ; Rank-Y: 27 ; Rowstart: 0; Rowend: 8501; Rows: 8501; Colstart: 4806; Colend: 4985; Cols: 179;
Num-X: 48 ; Num-Y: 1 ; Resolution: 8500 ; Rank: 6 ; Rank-X: 0 ; Rank-Y: 6 ; Rowstart: 0; Rowend: 8501; Rows: 8501; Colstart: 1068; Colend: 1247; Cols: 179;
Num-X: 48 ; Num-Y: 1 ; Resolution: 8500 ; Rank: 7 ; Rank-X: 0 ; Rank-Y: 7 ; Rowstart: 0; Rowend: 8501; Rows: 8501; Colstart: 1246; Colend: 1425; Cols: 179;
Num-X: 48 ; Num-Y: 1 ; Resolution: 8500 ; Rank: 3 ; Rank-X: 0 ; Rank-Y: 3 ; Rowstart: 0; Rowend: 8501; Rows: 8501; Colstart: 534; Colend: 713; Cols: 179;
Num-X: 48 ; Num-Y: 1 ; Resolution: 8500 ; Rank: 0 ; Rank-X: 0 ; Rank-Y: 0 ; Rowstart: 0; Rowend: 8501; Rows: 8501; Colstart: 0; Colend: 179; Cols: 179;
Num-X: 48 ; Num-Y: 1 ; Resolution: 8500 ; Rank: 2 ; Rank-X: 0 ; Rank-Y: 2 ; Rowstart: 0; Rowend: 8501; Rows: 8501; Colstart: 356; Colend: 535; Cols: 179;
Num-X: 48 ; Num-Y: 1 ; Resolution: 8500 ; Rank: 35 ; Rank-X: 0 ; Rank-Y: 35 ; Rowstart: 0; Rowend: 8501; Rows: 8501; Colstart: 6230; Colend: 6409; Cols: 179;
Num-X: 48 ; Num-Y: 1 ; Resolution: 8500 ; Rank: 40 ; Rank-X: 0 ; Rank-Y: 40 ; Rowstart: 0; Rowend: 8501; Rows: 8501; Colstart: 7120; Colend: 7299; Cols: 179;
Num-X: 48 ; Num-Y: 1 ; Resolution: 8500 ; Rank: 21 ; Rank-X: 0 ; Rank-Y: 21 ; Rowstart: 0; Rowend: 8501; Rows: 8501; Colstart: 3738; Colend: 3917; Cols: 179;
Num-X: 48 ; Num-Y: 1 ; Resolution: 8500 ; Rank: 31 ; Rank-X: 0 ; Rank-Y: 31 ; Rowstart: 0; Rowend: 8501; Rows: 8501; Colstart: 5518; Colend: 5697; Cols: 179;
Num-X: 48 ; Num-Y: 1 ; Resolution: 8500 ; Rank: 11 ; Rank-X: 0 ; Rank-Y: 11 ; Rowstart: 0; Rowend: 8501; Rows: 8501; Colstart: 1958; Colend: 2137; Cols: 179;
Num-X: 48 ; Num-Y: 1 ; Resolution: 8500 ; Rank: 28 ; Rank-X: 0 ; Rank-Y: 28 ; Rowstart: 0; Rowend: 8501; Rows: 8501; Colstart: 4984; Colend: 5163; Cols: 179;
Num-X: 48 ; Num-Y: 1 ; Resolution: 8500 ; Rank: 33 ; Rank-X: 0 ; Rank-Y: 33 ; Rowstart: 0; Rowend: 8501; Rows: 8501; Colstart: 5874; Colend: 6053; Cols: 179;
Num-X: 48 ; Num-Y: 1 ; Resolution: 8500 ; Rank: 25 ; Rank-X: 0 ; Rank-Y: 25 ; Rowstart: 0; Rowend: 8501; Rows: 8501; Colstart: 4450; Colend: 4629; Cols: 179;
Num-X: 48 ; Num-Y: 1 ; Resolution: 8500 ; Rank: 36 ; Rank-X: 0 ; Rank-Y: 36 ; Rowstart: 0; Rowend: 8501; Rows: 8501; Colstart: 6408; Colend: 6587; Cols: 179;

Resolution: 8500
===================
Execution time: 0.164054
Residual: 3.920217

megaflops:  61656.6
  flop instructions (M):  10115.000

Num-X: 48 ; Num-Y: 1 ; Resolution: 10500 ; Rank: 36 ; Rank-X: 0 ; Rank-Y: 36 ; Rowstart: 0; Rowend: 10501; Rows: 10501; Colstart: 7884; Colend: 8104; Cols: 220;
Num-X: 48 ; Num-Y: 1 ; Resolution: 10500 ; Rank: 42 ; Rank-X: 0 ; Rank-Y: 42 ; Rowstart: 0; Rowend: 10501; Rows: 10501; Colstart: 9198; Colend: 9418; Cols: 220;
Num-X: 48 ; Num-Y: 1 ; Resolution: 10500 ; Rank: 45 ; Rank-X: 0 ; Rank-Y: 45 ; Rowstart: 0; Rowend: 10501; Rows: 10501; Colstart: 9855; Colend: 10075; Cols: 220;
Num-X: 48 ; Num-Y: 1 ; Resolution: 10500 ; Rank: 46 ; Rank-X: 0 ; Rank-Y: 46 ; Rowstart: 0; Rowend: 10501; Rows: 10501; Colstart: 10074; Colend: 10294; Cols: 220;
Num-X: 48 ; Num-Y: 1 ; Resolution: 10500 ; Rank: 47 ; Rank-X: 0 ; Rank-Y: 47 ; Rowstart: 0; Rowend: 10501; Rows: 10501; Colstart: 10293; Colend: 10501; Cols: 208;
Num-X: 48 ; Num-Y: 1 ; Resolution: 10500 ; Rank: 6 ; Rank-X: 0 ; Rank-Y: 6 ; Rowstart: 0; Rowend: 10501; Rows: 10501; Colstart: 1314; Colend: 1534; Cols: 220;
Num-X: 48 ; Num-Y: 1 ; Resolution: 10500 ; Rank: 17 ; Rank-X: 0 ; Rank-Y: 17 ; Rowstart: 0; Rowend: 10501; Rows: 10501; Colstart: 3723; Colend: 3943; Cols: 220;
Num-X: 48 ; Num-Y: 1 ; Resolution: 10500 ; Rank: 28 ; Rank-X: 0 ; Rank-Y: 28 ; Rowstart: 0; Rowend: 10501; Rows: 10501; Colstart: 6132; Colend: 6352; Cols: 220;
Num-X: 48 ; Num-Y: 1 ; Resolution: 10500 ; Rank: 29 ; Rank-X: 0 ; Rank-Y: 29 ; Rowstart: 0; Rowend: 10501; Rows: 10501; Colstart: 6351; Colend: 6571; Cols: 220;
Num-X: 48 ; Num-Y: 1 ; Resolution: 10500 ; Rank: 39 ; Rank-X: 0 ; Rank-Y: 39 ; Rowstart: 0; Rowend: 10501; Rows: 10501; Colstart: 8541; Colend: 8761; Cols: 220;
Num-X: 48 ; Num-Y: 1 ; Resolution: 10500 ; Rank: 2 ; Rank-X: 0 ; Rank-Y: 2 ; Rowstart: 0; Rowend: 10501; Rows: 10501; Colstart: 438; Colend: 658; Cols: 220;
Num-X: 48 ; Num-Y: 1 ; Resolution: 10500 ; Rank: 31 ; Rank-X: 0 ; Rank-Y: 31 ; Rowstart: 0; Rowend: 10501; Rows: 10501; Colstart: 6789; Colend: 7009; Cols: 220;
Num-X: 48 ; Num-Y: 1 ; Resolution: 10500 ; Rank: 40 ; Rank-X: 0 ; Rank-Y: 40 ; Rowstart: 0; Rowend: 10501; Rows: 10501; Colstart: 8760; Colend: 8980; Cols: 220;
Num-X: 48 ; Num-Y: 1 ; Resolution: 10500 ; Rank: 41 ; Rank-X: 0 ; Rank-Y: 41 ; Rowstart: 0; Rowend: 10501; Rows: 10501; Colstart: 8979; Colend: 9199; Cols: 220;
Num-X: 48 ; Num-Y: 1 ; Resolution: 10500 ; Rank: 33 ; Rank-X: 0 ; Rank-Y: 33 ; Rowstart: 0; Rowend: 10501; Rows: 10501; Colstart: 7227; Colend: 7447; Cols: 220;
Num-X: 48 ; Num-Y: 1 ; Resolution: 10500 ; Rank: 7 ; Rank-X: 0 ; Rank-Y: 7 ; Rowstart: 0; Rowend: 10501; Rows: 10501; Colstart: 1533; Colend: 1753; Cols: 220;
Num-X: 48 ; Num-Y: 1 ; Resolution: 10500 ; Rank: 16 ; Rank-X: 0 ; Rank-Y: 16 ; Rowstart: 0; Rowend: 10501; Rows: 10501; Colstart: 3504; Colend: 3724; Cols: 220;
Num-X: 48 ; Num-Y: 1 ; Resolution: 10500 ; Rank: 4 ; Rank-X: 0 ; Rank-Y: 4 ; Rowstart: 0; Rowend: 10501; Rows: 10501; Colstart: 876; Colend: 1096; Cols: 220;
Num-X: 48 ; Num-Y: 1 ; Resolution: 10500 ; Rank: 21 ; Rank-X: 0 ; Rank-Y: 21 ; Rowstart: 0; Rowend: 10501; Rows: 10501; Colstart: 4599; Colend: 4819; Cols: 220;
Num-X: 48 ; Num-Y: 1 ; Resolution: 10500 ; Rank: 8 ; Rank-X: 0 ; Rank-Y: 8 ; Rowstart: 0; Rowend: 10501; Rows: 10501; Colstart: 1752; Colend: 1972; Cols: 220;
Num-X: 48 ; Num-Y: 1 ; Resolution: 10500 ; Rank: 3 ; Rank-X: 0 ; Rank-Y: 3 ; Rowstart: 0; Rowend: 10501; Rows: 10501; Colstart: 657; Colend: 877; Cols: 220;
Num-X: 48 ; Num-Y: 1 ; Resolution: 10500 ; Rank: 30 ; Rank-X: 0 ; Rank-Y: 30 ; Rowstart: 0; Rowend: 10501; Rows: 10501; Colstart: 6570; Colend: 6790; Cols: 220;
Num-X: 48 ; Num-Y: 1 ; Resolution: 10500 ; Rank: 10 ; Rank-X: 0 ; Rank-Y: 10 ; Rowstart: 0; Rowend: 10501; Rows: 10501; Colstart: 2190; Colend: 2410; Cols: 220;
Num-X: 48 ; Num-Y: 1 ; Resolution: 10500 ; Rank: 11 ; Rank-X: 0 ; Rank-Y: 11 ; Rowstart: 0; Rowend: 10501; Rows: 10501; Colstart: 2409; Colend: 2629; Cols: 220;
Num-X: 48 ; Num-Y: 1 ; Resolution: 10500 ; Rank: 18 ; Rank-X: 0 ; Rank-Y: 18 ; Rowstart: 0; Rowend: 10501; Rows: 10501; Colstart: 3942; Colend: 4162; Cols: 220;
Num-X: 48 ; Num-Y: 1 ; Resolution: 10500 ; Rank: 25 ; Rank-X: 0 ; Rank-Y: 25 ; Rowstart: 0; Rowend: 10501; Rows: 10501; Colstart: 5475; Colend: 5695; Cols: 220;
Num-X: 48 ; Num-Y: 1 ; Resolution: 10500 ; Rank: 32 ; Rank-X: 0 ; Rank-Y: 32 ; Rowstart: 0; Rowend: 10501; Rows: 10501; Colstart: 7008; Colend: 7228; Cols: 220;
Num-X: 48 ; Num-Y: 1 ; Resolution: 10500 ; Rank: 1 ; Rank-X: 0 ; Rank-Y: 1 ; Rowstart: 0; Rowend: 10501; Rows: 10501; Colstart: 219; Colend: 439; Cols: 220;
Num-X: 48 ; Num-Y: 1 ; Resolution: 10500 ; Rank: 13 ; Rank-X: 0 ; Rank-Y: 13 ; Rowstart: 0; Rowend: 10501; Rows: 10501; Colstart: 2847; Colend: 3067; Cols: 220;
Num-X: 48 ; Num-Y: 1 ; Resolution: 10500 ; Rank: 14 ; Rank-X: 0 ; Rank-Y: 14 ; Rowstart: 0; Rowend: 10501; Rows: 10501; Colstart: 3066; Colend: 3286; Cols: 220;
Num-X: 48 ; Num-Y: 1 ; Resolution: 10500 ; Rank: 24 ; Rank-X: 0 ; Rank-Y: 24 ; Rowstart: 0; Rowend: 10501; Rows: 10501; Colstart: 5256; Colend: 5476; Cols: 220;
Num-X: 48 ; Num-Y: 1 ; Resolution: 10500 ; Rank: 26 ; Rank-X: 0 ; Rank-Y: 26 ; Rowstart: 0; Rowend: 10501; Rows: 10501; Colstart: 5694; Colend: 5914; Cols: 220;
Num-X: 48 ; Num-Y: 1 ; Resolution: 10500 ; Rank: 27 ; Rank-X: 0 ; Rank-Y: 27 ; Rowstart: 0; Rowend: 10501; Rows: 10501; Colstart: 5913; Colend: 6133; Cols: 220;
Num-X: 48 ; Num-Y: 1 ; Resolution: 10500 ; Rank: 34 ; Rank-X: 0 ; Rank-Y: 34 ; Rowstart: 0; Rowend: 10501; Rows: 10501; Colstart: 7446; Colend: 7666; Cols: 220;
Num-X: 48 ; Num-Y: 1 ; Resolution: 10500 ; Rank: 35 ; Rank-X: 0 ; Rank-Y: 35 ; Rowstart: 0; Rowend: 10501; Rows: 10501; Colstart: 7665; Colend: 7885; Cols: 220;
Num-X: 48 ; Num-Y: 1 ; Resolution: 10500 ; Rank: 23 ; Rank-X: 0 ; Rank-Y: 23 ; Rowstart: 0; Rowend: 10501; Rows: 10501; Colstart: 5037; Colend: 5257; Cols: 220;
Num-X: 48 ; Num-Y: 1 ; Resolution: 10500 ; Rank: 37 ; Rank-X: 0 ; Rank-Y: 37 ; Rowstart: 0; Rowend: 10501; Rows: 10501; Colstart: 8103; Colend: 8323; Cols: 220;
Num-X: 48 ; Num-Y: 1 ; Resolution: 10500 ; Rank: 43 ; Rank-X: 0 ; Rank-Y: 43 ; Rowstart: 0; Rowend: 10501; Rows: 10501; Colstart: 9417; Colend: 9637; Cols: 220;
Num-X: 48 ; Num-Y: 1 ; Resolution: 10500 ; Rank: 44 ; Rank-X: 0 ; Rank-Y: 44 ; Rowstart: 0; Rowend: 10501; Rows: 10501; Colstart: 9636; Colend: 9856; Cols: 220;
Num-X: 48 ; Num-Y: 1 ; Resolution: 10500 ; Rank: 0 ; Rank-X: 0 ; Rank-Y: 0 ; Rowstart: 0; Rowend: 10501; Rows: 10501; Colstart: 0; Colend: 220; Cols: 220;
Num-X: 48 ; Num-Y: 1 ; Resolution: 10500 ; Rank: 22 ; Rank-X: 0 ; Rank-Y: 22 ; Rowstart: 0; Rowend: 10501; Rows: 10501; Colstart: 4818; Colend: 5038; Cols: 220;
Num-X: 48 ; Num-Y: 1 ; Resolution: 10500 ; Rank: 38 ; Rank-X: 0 ; Rank-Y: 38 ; Rowstart: 0; Rowend: 10501; Rows: 10501; Colstart: 8322; Colend: 8542; Cols: 220;
Num-X: 48 ; Num-Y: 1 ; Resolution: 10500 ; Rank: 9 ; Rank-X: 0 ; Rank-Y: 9 ; Rowstart: 0; Rowend: 10501; Rows: 10501; Colstart: 1971; Colend: 2191; Cols: 220;
Num-X: 48 ; Num-Y: 1 ; Resolution: 10500 ; Rank: 19 ; Rank-X: 0 ; Rank-Y: 19 ; Rowstart: 0; Rowend: 10501; Rows: 10501; Colstart: 4161; Colend: 4381; Cols: 220;
Num-X: 48 ; Num-Y: 1 ; Resolution: 10500 ; Rank: 20 ; Rank-X: 0 ; Rank-Y: 20 ; Rowstart: 0; Rowend: 10501; Rows: 10501; Colstart: 4380; Colend: 4600; Cols: 220;
Num-X: 48 ; Num-Y: 1 ; Resolution: 10500 ; Rank: 5 ; Rank-X: 0 ; Rank-Y: 5 ; Rowstart: 0; Rowend: 10501; Rows: 10501; Colstart: 1095; Colend: 1315; Cols: 220;
Num-X: 48 ; Num-Y: 1 ; Resolution: 10500 ; Rank: 12 ; Rank-X: 0 ; Rank-Y: 12 ; Rowstart: 0; Rowend: 10501; Rows: 10501; Colstart: 2628; Colend: 2848; Cols: 220;
Num-X: 48 ; Num-Y: 1 ; Resolution: 10500 ; Rank: 15 ; Rank-X: 0 ; Rank-Y: 15 ; Rowstart: 0; Rowend: 10501; Rows: 10501; Colstart: 3285; Colend: 3505; Cols: 220;

Resolution: 10500
===================
Execution time: 0.252499
Residual: 4.858162

megaflops:  61129.0
  flop instructions (M):  15435.000

Num-X: 48 ; Num-Y: 1 ; Resolution: 12500 ; Rank: 47 ; Rank-X: 0 ; Rank-Y: 47 ; Rowstart: 0; Rowend: 12501; Rows: 12501; Colstart: 12267; Colend: 12501; Cols: 234;
Num-X: 48 ; Num-Y: 1 ; Resolution: 12500 ; Rank: 38 ; Rank-X: 0 ; Rank-Y: 38 ; Rowstart: 0; Rowend: 12501; Rows: 12501; Colstart: 9918; Colend: 10180; Cols: 262;
Num-X: 48 ; Num-Y: 1 ; Resolution: 12500 ; Rank: 26 ; Rank-X: 0 ; Rank-Y: 26 ; Rowstart: 0; Rowend: 12501; Rows: 12501; Colstart: 6786; Colend: 7048; Cols: 262;
Num-X: 48 ; Num-Y: 1 ; Resolution: 12500 ; Rank: 46 ; Rank-X: 0 ; Rank-Y: 46 ; Rowstart: 0; Rowend: 12501; Rows: 12501; Colstart: 12006; Colend: 12268; Cols: 262;
Num-X: 48 ; Num-Y: 1 ; Resolution: 12500 ; Rank: 12 ; Rank-X: 0 ; Rank-Y: 12 ; Rowstart: 0; Rowend: 12501; Rows: 12501; Colstart: 3132; Colend: 3394; Cols: 262;
Num-X: 48 ; Num-Y: 1 ; Resolution: 12500 ; Rank: 7 ; Rank-X: 0 ; Rank-Y: 7 ; Rowstart: 0; Rowend: 12501; Rows: 12501; Colstart: 1827; Colend: 2089; Cols: 262;
Num-X: 48 ; Num-Y: 1 ; Resolution: 12500 ; Rank: 21 ; Rank-X: 0 ; Rank-Y: 21 ; Rowstart: 0; Rowend: 12501; Rows: 12501; Colstart: 5481; Colend: 5743; Cols: 262;
Num-X: 48 ; Num-Y: 1 ; Resolution: 12500 ; Rank: 6 ; Rank-X: 0 ; Rank-Y: 6 ; Rowstart: 0; Rowend: 12501; Rows: 12501; Colstart: 1566; Colend: 1828; Cols: 262;
Num-X: 48 ; Num-Y: 1 ; Resolution: 12500 ; Rank: 15 ; Rank-X: 0 ; Rank-Y: 15 ; Rowstart: 0; Rowend: 12501; Rows: 12501; Colstart: 3915; Colend: 4177; Cols: 262;
Num-X: 48 ; Num-Y: 1 ; Resolution: 12500 ; Rank: 17 ; Rank-X: 0 ; Rank-Y: 17 ; Rowstart: 0; Rowend: 12501; Rows: 12501; Colstart: 4437; Colend: 4699; Cols: 262;
Num-X: 48 ; Num-Y: 1 ; Resolution: 12500 ; Rank: 20 ; Rank-X: 0 ; Rank-Y: 20 ; Rowstart: 0; Rowend: 12501; Rows: 12501; Colstart: 5220; Colend: 5482; Cols: 262;
Num-X: 48 ; Num-Y: 1 ; Resolution: 12500 ; Rank: 28 ; Rank-X: 0 ; Rank-Y: 28 ; Rowstart: 0; Rowend: 12501; Rows: 12501; Colstart: 7308; Colend: 7570; Cols: 262;
Num-X: 48 ; Num-Y: 1 ; Resolution: 12500 ; Rank: 29 ; Rank-X: 0 ; Rank-Y: 29 ; Rowstart: 0; Rowend: 12501; Rows: 12501; Colstart: 7569; Colend: 7831; Cols: 262;
Num-X: 48 ; Num-Y: 1 ; Resolution: 12500 ; Rank: 37 ; Rank-X: 0 ; Rank-Y: 37 ; Rowstart: 0; Rowend: 12501; Rows: 12501; Colstart: 9657; Colend: 9919; Cols: 262;
Num-X: 48 ; Num-Y: 1 ; Resolution: 12500 ; Rank: 16 ; Rank-X: 0 ; Rank-Y: 16 ; Rowstart: 0; Rowend: 12501; Rows: 12501; Colstart: 4176; Colend: 4438; Cols: 262;
Num-X: 48 ; Num-Y: 1 ; Resolution: 12500 ; Rank: 14 ; Rank-X: 0 ; Rank-Y: 14 ; Rowstart: 0; Rowend: 12501; Rows: 12501; Colstart: 3654; Colend: 3916; Cols: 262;
Num-X: 48 ; Num-Y: 1 ; Resolution: 12500 ; Rank: 3 ; Rank-X: 0 ; Rank-Y: 3 ; Rowstart: 0; Rowend: 12501; Rows: 12501; Colstart: 783; Colend: 1045; Cols: 262;
Num-X: 48 ; Num-Y: 1 ; Resolution: 12500 ; Rank: 5 ; Rank-X: 0 ; Rank-Y: 5 ; Rowstart: 0; Rowend: 12501; Rows: 12501; Colstart: 1305; Colend: 1567; Cols: 262;
Num-X: 48 ; Num-Y: 1 ; Resolution: 12500 ; Rank: 10 ; Rank-X: 0 ; Rank-Y: 10 ; Rowstart: 0; Rowend: 12501; Rows: 12501; Colstart: 2610; Colend: 2872; Cols: 262;
Num-X: 48 ; Num-Y: 1 ; Resolution: 12500 ; Rank: 11 ; Rank-X: 0 ; Rank-Y: 11 ; Rowstart: 0; Rowend: 12501; Rows: 12501; Colstart: 2871; Colend: 3133; Cols: 262;
Num-X: 48 ; Num-Y: 1 ; Resolution: 12500 ; Rank: 33 ; Rank-X: 0 ; Rank-Y: 33 ; Rowstart: 0; Rowend: 12501; Rows: 12501; Colstart: 8613; Colend: 8875; Cols: 262;
Num-X: 48 ; Num-Y: 1 ; Resolution: 12500 ; Rank: 34 ; Rank-X: 0 ; Rank-Y: 34 ; Rowstart: 0; Rowend: 12501; Rows: 12501; Colstart: 8874; Colend: 9136; Cols: 262;
Num-X: 48 ; Num-Y: 1 ; Resolution: 12500 ; Rank: 35 ; Rank-X: 0 ; Rank-Y: 35 ; Rowstart: 0; Rowend: 12501; Rows: 12501; Colstart: 9135; Colend: 9397; Cols: 262;
Num-X: 48 ; Num-Y: 1 ; Resolution: 12500 ; Rank: 40 ; Rank-X: 0 ; Rank-Y: 40 ; Rowstart: 0; Rowend: 12501; Rows: 12501; Colstart: 10440; Colend: 10702; Cols: 262;
Num-X: 48 ; Num-Y: 1 ; Resolution: 12500 ; Rank: 44 ; Rank-X: 0 ; Rank-Y: 44 ; Rowstart: 0; Rowend: 12501; Rows: 12501; Colstart: 11484; Colend: 11746; Cols: 262;
Num-X: 48 ; Num-Y: 1 ; Resolution: 12500 ; Rank: 1 ; Rank-X: 0 ; Rank-Y: 1 ; Rowstart: 0; Rowend: 12501; Rows: 12501; Colstart: 261; Colend: 523; Cols: 262;
Num-X: 48 ; Num-Y: 1 ; Resolution: 12500 ; Rank: 2 ; Rank-X: 0 ; Rank-Y: 2 ; Rowstart: 0; Rowend: 12501; Rows: 12501; Colstart: 522; Colend: 784; Cols: 262;
Num-X: 48 ; Num-Y: 1 ; Resolution: 12500 ; Rank: 8 ; Rank-X: 0 ; Rank-Y: 8 ; Rowstart: 0; Rowend: 12501; Rows: 12501; Colstart: 2088; Colend: 2350; Cols: 262;
Num-X: 48 ; Num-Y: 1 ; Resolution: 12500 ; Rank: 24 ; Rank-X: 0 ; Rank-Y: 24 ; Rowstart: 0; Rowend: 12501; Rows: 12501; Colstart: 6264; Colend: 6526; Cols: 262;
Num-X: 48 ; Num-Y: 1 ; Resolution: 12500 ; Rank: 25 ; Rank-X: 0 ; Rank-Y: 25 ; Rowstart: 0; Rowend: 12501; Rows: 12501; Colstart: 6525; Colend: 6787; Cols: 262;
Num-X: 48 ; Num-Y: 1 ; Resolution: 12500 ; Rank: 30 ; Rank-X: 0 ; Rank-Y: 30 ; Rowstart: 0; Rowend: 12501; Rows: 12501; Colstart: 7830; Colend: 8092; Cols: 262;
Num-X: 48 ; Num-Y: 1 ; Resolution: 12500 ; Rank: 32 ; Rank-X: 0 ; Rank-Y: 32 ; Rowstart: 0; Rowend: 12501; Rows: 12501; Colstart: 8352; Colend: 8614; Cols: 262;
Num-X: 48 ; Num-Y: 1 ; Resolution: 12500 ; Rank: 41 ; Rank-X: 0 ; Rank-Y: 41 ; Rowstart: 0; Rowend: 12501; Rows: 12501; Colstart: 10701; Colend: 10963; Cols: 262;
Num-X: 48 ; Num-Y: 1 ; Resolution: 12500 ; Rank: 45 ; Rank-X: 0 ; Rank-Y: 45 ; Rowstart: 0; Rowend: 12501; Rows: 12501; Colstart: 11745; Colend: 12007; Cols: 262;
Num-X: 48 ; Num-Y: 1 ; Resolution: 12500 ; Rank: 4 ; Rank-X: 0 ; Rank-Y: 4 ; Rowstart: 0; Rowend: 12501; Rows: 12501; Colstart: 1044; Colend: 1306; Cols: 262;
Num-X: 48 ; Num-Y: 1 ; Resolution: 12500 ; Rank: 22 ; Rank-X: 0 ; Rank-Y: 22 ; Rowstart: 0; Rowend: 12501; Rows: 12501; Colstart: 5742; Colend: 6004; Cols: 262;
Num-X: 48 ; Num-Y: 1 ; Resolution: 12500 ; Rank: 43 ; Rank-X: 0 ; Rank-Y: 43 ; Rowstart: 0; Rowend: 12501; Rows: 12501; Colstart: 11223; Colend: 11485; Cols: 262;
Num-X: 48 ; Num-Y: 1 ; Resolution: 12500 ; Rank: 9 ; Rank-X: 0 ; Rank-Y: 9 ; Rowstart: 0; Rowend: 12501; Rows: 12501; Colstart: 2349; Colend: 2611; Cols: 262;
Num-X: 48 ; Num-Y: 1 ; Resolution: 12500 ; Rank: 23 ; Rank-X: 0 ; Rank-Y: 23 ; Rowstart: 0; Rowend: 12501; Rows: 12501; Colstart: 6003; Colend: 6265; Cols: 262;
Num-X: 48 ; Num-Y: 1 ; Resolution: 12500 ; Rank: 31 ; Rank-X: 0 ; Rank-Y: 31 ; Rowstart: 0; Rowend: 12501; Rows: 12501; Colstart: 8091; Colend: 8353; Cols: 262;
Num-X: 48 ; Num-Y: 1 ; Resolution: 12500 ; Rank: 42 ; Rank-X: 0 ; Rank-Y: 42 ; Rowstart: 0; Rowend: 12501; Rows: 12501; Colstart: 10962; Colend: 11224; Cols: 262;
Num-X: 48 ; Num-Y: 1 ; Resolution: 12500 ; Rank: 39 ; Rank-X: 0 ; Rank-Y: 39 ; Rowstart: 0; Rowend: 12501; Rows: 12501; Colstart: 10179; Colend: 10441; Cols: 262;
Num-X: 48 ; Num-Y: 1 ; Resolution: 12500 ; Rank: 18 ; Rank-X: 0 ; Rank-Y: 18 ; Rowstart: 0; Rowend: 12501; Rows: 12501; Colstart: 4698; Colend: 4960; Cols: 262;
Num-X: 48 ; Num-Y: 1 ; Resolution: 12500 ; Rank: 19 ; Rank-X: 0 ; Rank-Y: 19 ; Rowstart: 0; Rowend: 12501; Rows: 12501; Colstart: 4959; Colend: 5221; Cols: 262;
Num-X: 48 ; Num-Y: 1 ; Resolution: 12500 ; Rank: 13 ; Rank-X: 0 ; Rank-Y: 13 ; Rowstart: 0; Rowend: 12501; Rows: 12501; Colstart: 3393; Colend: 3655; Cols: 262;
Num-X: 48 ; Num-Y: 1 ; Resolution: 12500 ; Rank: 27 ; Rank-X: 0 ; Rank-Y: 27 ; Rowstart: 0; Rowend: 12501; Rows: 12501; Colstart: 7047; Colend: 7309; Cols: 262;
Num-X: 48 ; Num-Y: 1 ; Resolution: 12500 ; Rank: 36 ; Rank-X: 0 ; Rank-Y: 36 ; Rowstart: 0; Rowend: 12501; Rows: 12501; Colstart: 9396; Colend: 9658; Cols: 262;
Num-X: 48 ; Num-Y: 1 ; Resolution: 12500 ; Rank: 0 ; Rank-X: 0 ; Rank-Y: 0 ; Rowstart: 0; Rowend: 12501; Rows: 12501; Colstart: 0; Colend: 262; Cols: 262;

Resolution: 12500
===================
Execution time: 0.360067
Residual: 5.796251

megaflops:  60752.6
  flop instructions (M):  21875.000

===================================================================================
=   BAD TERMINATION OF ONE OF YOUR APPLICATION PROCESSES
=   RANK 0 PID 752025 RUNNING AT i01r01c02s05
=   KILLED BY SIGNAL: 9 (Killed)
===================================================================================

===================================================================================
=   BAD TERMINATION OF ONE OF YOUR APPLICATION PROCESSES
=   RANK 1 PID 752026 RUNNING AT i01r01c02s05
=   KILLED BY SIGNAL: 9 (Killed)
===================================================================================

===================================================================================
=   BAD TERMINATION OF ONE OF YOUR APPLICATION PROCESSES
=   RANK 2 PID 752027 RUNNING AT i01r01c02s05
=   KILLED BY SIGNAL: 9 (Killed)
===================================================================================

===================================================================================
=   BAD TERMINATION OF ONE OF YOUR APPLICATION PROCESSES
=   RANK 3 PID 752028 RUNNING AT i01r01c02s05
=   KILLED BY SIGNAL: 9 (Killed)
===================================================================================

===================================================================================
=   BAD TERMINATION OF ONE OF YOUR APPLICATION PROCESSES
=   RANK 4 PID 752029 RUNNING AT i01r01c02s05
=   KILLED BY SIGNAL: 9 (Killed)
===================================================================================

===================================================================================
=   BAD TERMINATION OF ONE OF YOUR APPLICATION PROCESSES
=   RANK 5 PID 752030 RUNNING AT i01r01c02s05
=   KILLED BY SIGNAL: 9 (Killed)
===================================================================================

===================================================================================
=   BAD TERMINATION OF ONE OF YOUR APPLICATION PROCESSES
=   RANK 6 PID 752031 RUNNING AT i01r01c02s05
=   KILLED BY SIGNAL: 9 (Killed)
===================================================================================

===================================================================================
=   BAD TERMINATION OF ONE OF YOUR APPLICATION PROCESSES
=   RANK 7 PID 752032 RUNNING AT i01r01c02s05
=   KILLED BY SIGNAL: 9 (Killed)
===================================================================================

===================================================================================
=   BAD TERMINATION OF ONE OF YOUR APPLICATION PROCESSES
=   RANK 8 PID 752033 RUNNING AT i01r01c02s05
=   KILLED BY SIGNAL: 9 (Killed)
===================================================================================

===================================================================================
=   BAD TERMINATION OF ONE OF YOUR APPLICATION PROCESSES
=   RANK 9 PID 752034 RUNNING AT i01r01c02s05
=   KILLED BY SIGNAL: 9 (Killed)
===================================================================================

===================================================================================
=   BAD TERMINATION OF ONE OF YOUR APPLICATION PROCESSES
=   RANK 10 PID 752035 RUNNING AT i01r01c02s05
=   KILLED BY SIGNAL: 9 (Killed)
===================================================================================

===================================================================================
=   BAD TERMINATION OF ONE OF YOUR APPLICATION PROCESSES
=   RANK 11 PID 752036 RUNNING AT i01r01c02s05
=   KILLED BY SIGNAL: 9 (Killed)
===================================================================================

===================================================================================
=   BAD TERMINATION OF ONE OF YOUR APPLICATION PROCESSES
=   RANK 12 PID 752037 RUNNING AT i01r01c02s05
=   KILLED BY SIGNAL: 9 (Killed)
===================================================================================

===================================================================================
=   BAD TERMINATION OF ONE OF YOUR APPLICATION PROCESSES
=   RANK 13 PID 752038 RUNNING AT i01r01c02s05
=   KILLED BY SIGNAL: 9 (Killed)
===================================================================================

===================================================================================
=   BAD TERMINATION OF ONE OF YOUR APPLICATION PROCESSES
=   RANK 14 PID 752039 RUNNING AT i01r01c02s05
=   KILLED BY SIGNAL: 9 (Killed)
===================================================================================

===================================================================================
=   BAD TERMINATION OF ONE OF YOUR APPLICATION PROCESSES
=   RANK 15 PID 752040 RUNNING AT i01r01c02s05
=   KILLED BY SIGNAL: 9 (Killed)
===================================================================================

===================================================================================
=   BAD TERMINATION OF ONE OF YOUR APPLICATION PROCESSES
=   RANK 16 PID 752041 RUNNING AT i01r01c02s05
=   KILLED BY SIGNAL: 9 (Killed)
===================================================================================

===================================================================================
=   BAD TERMINATION OF ONE OF YOUR APPLICATION PROCESSES
=   RANK 17 PID 752042 RUNNING AT i01r01c02s05
=   KILLED BY SIGNAL: 9 (Killed)
===================================================================================

===================================================================================
=   BAD TERMINATION OF ONE OF YOUR APPLICATION PROCESSES
=   RANK 18 PID 752043 RUNNING AT i01r01c02s05
=   KILLED BY SIGNAL: 9 (Killed)
===================================================================================

===================================================================================
=   BAD TERMINATION OF ONE OF YOUR APPLICATION PROCESSES
=   RANK 19 PID 752044 RUNNING AT i01r01c02s05
=   KILLED BY SIGNAL: 9 (Killed)
===================================================================================

===================================================================================
=   BAD TERMINATION OF ONE OF YOUR APPLICATION PROCESSES
=   RANK 20 PID 752045 RUNNING AT i01r01c02s05
=   KILLED BY SIGNAL: 9 (Killed)
===================================================================================

===================================================================================
=   BAD TERMINATION OF ONE OF YOUR APPLICATION PROCESSES
=   RANK 21 PID 752046 RUNNING AT i01r01c02s05
=   KILLED BY SIGNAL: 9 (Killed)
===================================================================================

===================================================================================
=   BAD TERMINATION OF ONE OF YOUR APPLICATION PROCESSES
=   RANK 22 PID 752047 RUNNING AT i01r01c02s05
=   KILLED BY SIGNAL: 9 (Killed)
===================================================================================

===================================================================================
=   BAD TERMINATION OF ONE OF YOUR APPLICATION PROCESSES
=   RANK 23 PID 752048 RUNNING AT i01r01c02s05
=   KILLED BY SIGNAL: 9 (Killed)
===================================================================================

===================================================================================
=   BAD TERMINATION OF ONE OF YOUR APPLICATION PROCESSES
=   RANK 24 PID 752049 RUNNING AT i01r01c02s05
=   KILLED BY SIGNAL: 9 (Killed)
===================================================================================

===================================================================================
=   BAD TERMINATION OF ONE OF YOUR APPLICATION PROCESSES
=   RANK 25 PID 752050 RUNNING AT i01r01c02s05
=   KILLED BY SIGNAL: 9 (Killed)
===================================================================================

===================================================================================
=   BAD TERMINATION OF ONE OF YOUR APPLICATION PROCESSES
=   RANK 26 PID 752051 RUNNING AT i01r01c02s05
=   KILLED BY SIGNAL: 9 (Killed)
===================================================================================

===================================================================================
=   BAD TERMINATION OF ONE OF YOUR APPLICATION PROCESSES
=   RANK 27 PID 752052 RUNNING AT i01r01c02s05
=   KILLED BY SIGNAL: 9 (Killed)
===================================================================================

===================================================================================
=   BAD TERMINATION OF ONE OF YOUR APPLICATION PROCESSES
=   RANK 28 PID 752053 RUNNING AT i01r01c02s05
=   KILLED BY SIGNAL: 9 (Killed)
===================================================================================

===================================================================================
=   BAD TERMINATION OF ONE OF YOUR APPLICATION PROCESSES
=   RANK 29 PID 752054 RUNNING AT i01r01c02s05
=   KILLED BY SIGNAL: 9 (Killed)
===================================================================================

===================================================================================
=   BAD TERMINATION OF ONE OF YOUR APPLICATION PROCESSES
=   RANK 30 PID 752055 RUNNING AT i01r01c02s05
=   KILLED BY SIGNAL: 9 (Killed)
===================================================================================

===================================================================================
=   BAD TERMINATION OF ONE OF YOUR APPLICATION PROCESSES
=   RANK 31 PID 752056 RUNNING AT i01r01c02s05
=   KILLED BY SIGNAL: 9 (Killed)
===================================================================================

===================================================================================
=   BAD TERMINATION OF ONE OF YOUR APPLICATION PROCESSES
=   RANK 32 PID 752057 RUNNING AT i01r01c02s05
=   KILLED BY SIGNAL: 9 (Killed)
===================================================================================

===================================================================================
=   BAD TERMINATION OF ONE OF YOUR APPLICATION PROCESSES
=   RANK 33 PID 752058 RUNNING AT i01r01c02s05
=   KILLED BY SIGNAL: 9 (Killed)
===================================================================================

===================================================================================
=   BAD TERMINATION OF ONE OF YOUR APPLICATION PROCESSES
=   RANK 34 PID 752059 RUNNING AT i01r01c02s05
=   KILLED BY SIGNAL: 9 (Killed)
===================================================================================

===================================================================================
=   BAD TERMINATION OF ONE OF YOUR APPLICATION PROCESSES
=   RANK 35 PID 752060 RUNNING AT i01r01c02s05
=   KILLED BY SIGNAL: 11 (Segmentation fault)
===================================================================================

===================================================================================
=   BAD TERMINATION OF ONE OF YOUR APPLICATION PROCESSES
=   RANK 36 PID 752061 RUNNING AT i01r01c02s05
=   KILLED BY SIGNAL: 11 (Segmentation fault)
===================================================================================

===================================================================================
=   BAD TERMINATION OF ONE OF YOUR APPLICATION PROCESSES
=   RANK 37 PID 752062 RUNNING AT i01r01c02s05
=   KILLED BY SIGNAL: 11 (Segmentation fault)
===================================================================================

===================================================================================
=   BAD TERMINATION OF ONE OF YOUR APPLICATION PROCESSES
=   RANK 38 PID 752063 RUNNING AT i01r01c02s05
=   KILLED BY SIGNAL: 11 (Segmentation fault)
===================================================================================

===================================================================================
=   BAD TERMINATION OF ONE OF YOUR APPLICATION PROCESSES
=   RANK 39 PID 752064 RUNNING AT i01r01c02s05
=   KILLED BY SIGNAL: 11 (Segmentation fault)
===================================================================================

===================================================================================
=   BAD TERMINATION OF ONE OF YOUR APPLICATION PROCESSES
=   RANK 40 PID 752065 RUNNING AT i01r01c02s05
=   KILLED BY SIGNAL: 11 (Segmentation fault)
===================================================================================

===================================================================================
=   BAD TERMINATION OF ONE OF YOUR APPLICATION PROCESSES
=   RANK 41 PID 752066 RUNNING AT i01r01c02s05
=   KILLED BY SIGNAL: 11 (Segmentation fault)
===================================================================================

===================================================================================
=   BAD TERMINATION OF ONE OF YOUR APPLICATION PROCESSES
=   RANK 42 PID 752067 RUNNING AT i01r01c02s05
=   KILLED BY SIGNAL: 11 (Segmentation fault)
===================================================================================

===================================================================================
=   BAD TERMINATION OF ONE OF YOUR APPLICATION PROCESSES
=   RANK 43 PID 752068 RUNNING AT i01r01c02s05
=   KILLED BY SIGNAL: 11 (Segmentation fault)
===================================================================================

===================================================================================
=   BAD TERMINATION OF ONE OF YOUR APPLICATION PROCESSES
=   RANK 44 PID 752069 RUNNING AT i01r01c02s05
=   KILLED BY SIGNAL: 11 (Segmentation fault)
===================================================================================

===================================================================================
=   BAD TERMINATION OF ONE OF YOUR APPLICATION PROCESSES
=   RANK 45 PID 752070 RUNNING AT i01r01c02s05
=   KILLED BY SIGNAL: 11 (Segmentation fault)
===================================================================================

===================================================================================
=   BAD TERMINATION OF ONE OF YOUR APPLICATION PROCESSES
=   RANK 46 PID 752071 RUNNING AT i01r01c02s05
=   KILLED BY SIGNAL: 11 (Segmentation fault)
===================================================================================

===================================================================================
=   BAD TERMINATION OF ONE OF YOUR APPLICATION PROCESSES
=   RANK 47 PID 752072 RUNNING AT i01r01c02s05
=   KILLED BY SIGNAL: 11 (Segmentation fault)
===================================================================================
