mpiexec -genv I_MPI_DEBUG=4 -genv OMP_NUM_THREADS=4 -genv I_MPI_PIN_DOMAIN=omp -n 12 ./heat test.dat 12 1
[0] MPI startup(): Intel(R) MPI Library, Version 2019 Update 8  Build 20200624 (id: 4f16ad915)
[0] MPI startup(): Copyright (C) 2003-2020 Intel Corporation.  All rights reserved.
[0] MPI startup(): library kind: release
[0] MPI startup(): libfabric version: 1.10.1-impi
[0] MPI startup(): libfabric provider: psm2
[0] MPI startup(): Rank    Pid      Node name     Pin cpu
[0] MPI startup(): 0       659322   i01r01c01s01  {0,1,48,49}
[0] MPI startup(): 1       659323   i01r01c01s01  {2,3,50,51}
[0] MPI startup(): 2       659324   i01r01c01s01  {4,5,52,53}
[0] MPI startup(): 3       659325   i01r01c01s01  {6,7,54,55}
[0] MPI startup(): 4       659326   i01r01c01s01  {8,9,56,57}
[0] MPI startup(): 5       659327   i01r01c01s01  {10,11,58,59}
[0] MPI startup(): 6       659328   i01r01c01s01  {24,25,72,73}
[0] MPI startup(): 7       659329   i01r01c01s01  {26,27,74,75}
[0] MPI startup(): 8       659330   i01r01c01s01  {28,29,76,77}
[0] MPI startup(): 9       659331   i01r01c01s01  {30,31,78,79}
[0] MPI startup(): 10      659332   i01r01c01s01  {32,33,80,81}
[0] MPI startup(): 11      659333   i01r01c01s01  {34,35,82,83}

12 processes distributed in X-direction
 1 ; processes distributed in Y-direction
Resolutions       : (6500, 8500, ... 12500)
Iterations        : 20
Num. Heat sources : 2
   1: (0.00, 0.00) 1.00 1.00 
   2: (1.00, 1.00) 1.00 0.50 
rank= 0 coords= 0 0 neighbours(up,down,left,right)= -1 1 -1 -1
rank= 1 coords= 1 0 neighbours(up,down,left,right)= 0 2 -1 -1
rank= 2 coords= 2 0 neighbours(up,down,left,right)= 1 3 -1 -1
rank= 3 coords= 3 0 neighbours(up,down,left,right)= 2 4 -1 -1
rank= 4 coords= 4 0 neighbours(up,down,left,right)= 3 5 -1 -1
rank= 5 coords= 5 0 neighbours(up,down,left,right)= 4 6 -1 -1
rank= 6 coords= 6 0 neighbours(up,down,left,right)= 5 7 -1 -1
rank= 7 coords= 7 0 neighbours(up,down,left,right)= 6 8 -1 -1
rank= 8 coords= 8 0 neighbours(up,down,left,right)= 7 9 -1 -1
rank= 9 coords= 9 0 neighbours(up,down,left,right)= 8 10 -1 -1
rank= 10 coords= 10 0 neighbours(up,down,left,right)= 9 11 -1 -1
rank= 11 coords= 11 0 neighbours(up,down,left,right)= 10 -1 -1 -1

Num-X: 1 ; Num-Y: 12 ; Resolution: 6500 ; Rank: 5 ; Rank-X: 5 ; Rank-Y: 0 ; Rowstart: 2710; Rowend: 3253; Rows: 543; Colstart: 0; Colend: 6501; Cols: 6501;
Num-X: 1 ; Num-Y: 12 ; Resolution: 6500 ; Rank: 0 ; Rank-X: 0 ; Rank-Y: 0 ; Rowstart: 0; Rowend: 543; Rows: 543; Colstart: 0; Colend: 6501; Cols: 6501;
Num-X: 1 ; Num-Y: 12 ; Resolution: 6500 ; Rank: 2 ; Rank-X: 2 ; Rank-Y: 0 ; Rowstart: 1084; Rowend: 1627; Rows: 543; Colstart: 0; Colend: 6501; Cols: 6501;
Num-X: 1 ; Num-Y: 12 ; Resolution: 6500 ; Rank: 3 ; Rank-X: 3 ; Rank-Y: 0 ; Rowstart: 1626; Rowend: 2169; Rows: 543; Colstart: 0; Colend: 6501; Cols: 6501;
Num-X: 1 ; Num-Y: 12 ; Resolution: 6500 ; Rank: 11 ; Rank-X: 11 ; Rank-Y: 0 ; Rowstart: 5962; Rowend: 6501; Rows: 539; Colstart: 0; Colend: 6501; Cols: 6501;
Num-X: 1 ; Num-Y: 12 ; Resolution: 6500 ; Rank: 4 ; Rank-X: 4 ; Rank-Y: 0 ; Rowstart: 2168; Rowend: 2711; Rows: 543; Colstart: 0; Colend: 6501; Cols: 6501;
Num-X: 1 ; Num-Y: 12 ; Resolution: 6500 ; Rank: 9 ; Rank-X: 9 ; Rank-Y: 0 ; Rowstart: 4878; Rowend: 5421; Rows: 543; Colstart: 0; Colend: 6501; Cols: 6501;
Num-X: 1 ; Num-Y: 12 ; Resolution: 6500 ; Rank: 10 ; Rank-X: 10 ; Rank-Y: 0 ; Rowstart: 5420; Rowend: 5963; Rows: 543; Colstart: 0; Colend: 6501; Cols: 6501;
Num-X: 1 ; Num-Y: 12 ; Resolution: 6500 ; Rank: 6 ; Rank-X: 6 ; Rank-Y: 0 ; Rowstart: 3252; Rowend: 3795; Rows: 543; Colstart: 0; Colend: 6501; Cols: 6501;
Num-X: 1 ; Num-Y: 12 ; Resolution: 6500 ; Rank: 1 ; Rank-X: 1 ; Rank-Y: 0 ; Rowstart: 542; Rowend: 1085; Rows: 543; Colstart: 0; Colend: 6501; Cols: 6501;
Num-X: 1 ; Num-Y: 12 ; Resolution: 6500 ; Rank: 8 ; Rank-X: 8 ; Rank-Y: 0 ; Rowstart: 4336; Rowend: 4879; Rows: 543; Colstart: 0; Colend: 6501; Cols: 6501;
Num-X: 1 ; Num-Y: 12 ; Resolution: 6500 ; Rank: 7 ; Rank-X: 7 ; Rank-Y: 0 ; Rowstart: 3794; Rowend: 4337; Rows: 543; Colstart: 0; Colend: 6501; Cols: 6501;

Resolution: 6500
===================
Execution time: 0.091456
Residual: 2.732334

megaflops:  64676.0
  flop instructions (M):  5915.000

Num-X: 1 ; Num-Y: 12 ; Resolution: 8500 ; Rank: 11 ; Rank-X: 11 ; Rank-Y: 0 ; Rowstart: 7799; Rowend: 8501; Rows: 702; Colstart: 0; Colend: 8501; Cols: 8501;
Num-X: 1 ; Num-Y: 12 ; Resolution: 8500 ; Rank: 10 ; Rank-X: 10 ; Rank-Y: 0 ; Rowstart: 7090; Rowend: 7800; Rows: 710; Colstart: 0; Colend: 8501; Cols: 8501;
Num-X: 1 ; Num-Y: 12 ; Resolution: 8500 ; Rank: 6 ; Rank-X: 6 ; Rank-Y: 0 ; Rowstart: 4254; Rowend: 4964; Rows: 710; Colstart: 0; Colend: 8501; Cols: 8501;
Num-X: 1 ; Num-Y: 12 ; Resolution: 8500 ; Rank: 7 ; Rank-X: 7 ; Rank-Y: 0 ; Rowstart: 4963; Rowend: 5673; Rows: 710; Colstart: 0; Colend: 8501; Cols: 8501;
Num-X: 1 ; Num-Y: 12 ; Resolution: 8500 ; Rank: 9 ; Rank-X: 9 ; Rank-Y: 0 ; Rowstart: 6381; Rowend: 7091; Rows: 710; Colstart: 0; Colend: 8501; Cols: 8501;
Num-X: 1 ; Num-Y: 12 ; Resolution: 8500 ; Rank: 5 ; Rank-X: 5 ; Rank-Y: 0 ; Rowstart: 3545; Rowend: 4255; Rows: 710; Colstart: 0; Colend: 8501; Cols: 8501;
Num-X: 1 ; Num-Y: 12 ; Resolution: 8500 ; Rank: 8 ; Rank-X: 8 ; Rank-Y: 0 ; Rowstart: 5672; Rowend: 6382; Rows: 710; Colstart: 0; Colend: 8501; Cols: 8501;
Num-X: 1 ; Num-Y: 12 ; Resolution: 8500 ; Rank: 2 ; Rank-X: 2 ; Rank-Y: 0 ; Rowstart: 1418; Rowend: 2128; Rows: 710; Colstart: 0; Colend: 8501; Cols: 8501;
Num-X: 1 ; Num-Y: 12 ; Resolution: 8500 ; Rank: 3 ; Rank-X: 3 ; Rank-Y: 0 ; Rowstart: 2127; Rowend: 2837; Rows: 710; Colstart: 0; Colend: 8501; Cols: 8501;
Num-X: 1 ; Num-Y: 12 ; Resolution: 8500 ; Rank: 4 ; Rank-X: 4 ; Rank-Y: 0 ; Rowstart: 2836; Rowend: 3546; Rows: 710; Colstart: 0; Colend: 8501; Cols: 8501;
Num-X: 1 ; Num-Y: 12 ; Resolution: 8500 ; Rank: 1 ; Rank-X: 1 ; Rank-Y: 0 ; Rowstart: 709; Rowend: 1419; Rows: 710; Colstart: 0; Colend: 8501; Cols: 8501;
Num-X: 1 ; Num-Y: 12 ; Resolution: 8500 ; Rank: 0 ; Rank-X: 0 ; Rank-Y: 0 ; Rowstart: 0; Rowend: 710; Rows: 710; Colstart: 0; Colend: 8501; Cols: 8501;

Resolution: 8500
===================
Execution time: 0.162068
Residual: 3.576836

megaflops:  62412.0
  flop instructions (M):  10115.000

Num-X: 1 ; Num-Y: 12 ; Resolution: 10500 ; Rank: 11 ; Rank-X: 11 ; Rank-Y: 0 ; Rowstart: 9625; Rowend: 10501; Rows: 876; Colstart: 0; Colend: 10501; Cols: 10501;
Num-X: 1 ; Num-Y: 12 ; Resolution: 10500 ; Rank: 1 ; Rank-X: 1 ; Rank-Y: 0 ; Rowstart: 875; Rowend: 1751; Rows: 876; Colstart: 0; Colend: 10501; Cols: 10501;
Num-X: 1 ; Num-Y: 12 ; Resolution: 10500 ; Rank: 4 ; Rank-X: 4 ; Rank-Y: 0 ; Rowstart: 3500; Rowend: 4376; Rows: 876; Colstart: 0; Colend: 10501; Cols: 10501;
Num-X: 1 ; Num-Y: 12 ; Resolution: 10500 ; Rank: 7 ; Rank-X: 7 ; Rank-Y: 0 ; Rowstart: 6125; Rowend: 7001; Rows: 876; Colstart: 0; Colend: 10501; Cols: 10501;
Num-X: 1 ; Num-Y: 12 ; Resolution: 10500 ; Rank: 9 ; Rank-X: 9 ; Rank-Y: 0 ; Rowstart: 7875; Rowend: 8751; Rows: 876; Colstart: 0; Colend: 10501; Cols: 10501;
Num-X: 1 ; Num-Y: 12 ; Resolution: 10500 ; Rank: 10 ; Rank-X: 10 ; Rank-Y: 0 ; Rowstart: 8750; Rowend: 9626; Rows: 876; Colstart: 0; Colend: 10501; Cols: 10501;
Num-X: 1 ; Num-Y: 12 ; Resolution: 10500 ; Rank: 6 ; Rank-X: 6 ; Rank-Y: 0 ; Rowstart: 5250; Rowend: 6126; Rows: 876; Colstart: 0; Colend: 10501; Cols: 10501;
Num-X: 1 ; Num-Y: 12 ; Resolution: 10500 ; Rank: 8 ; Rank-X: 8 ; Rank-Y: 0 ; Rowstart: 7000; Rowend: 7876; Rows: 876; Colstart: 0; Colend: 10501; Cols: 10501;
Num-X: 1 ; Num-Y: 12 ; Resolution: 10500 ; Rank: 3 ; Rank-X: 3 ; Rank-Y: 0 ; Rowstart: 2625; Rowend: 3501; Rows: 876; Colstart: 0; Colend: 10501; Cols: 10501;
Num-X: 1 ; Num-Y: 12 ; Resolution: 10500 ; Rank: 5 ; Rank-X: 5 ; Rank-Y: 0 ; Rowstart: 4375; Rowend: 5251; Rows: 876; Colstart: 0; Colend: 10501; Cols: 10501;
Num-X: 1 ; Num-Y: 12 ; Resolution: 10500 ; Rank: 2 ; Rank-X: 2 ; Rank-Y: 0 ; Rowstart: 1750; Rowend: 2626; Rows: 876; Colstart: 0; Colend: 10501; Cols: 10501;
Num-X: 1 ; Num-Y: 12 ; Resolution: 10500 ; Rank: 0 ; Rank-X: 0 ; Rank-Y: 0 ; Rowstart: 0; Rowend: 876; Rows: 876; Colstart: 0; Colend: 10501; Cols: 10501;

Resolution: 10500
===================
Execution time: 0.250283
Residual: 4.421319

megaflops:  61670.2
  flop instructions (M):  15435.000

Num-X: 1 ; Num-Y: 12 ; Resolution: 12500 ; Rank: 0 ; Rank-X: 0 ; Rank-Y: 0 ; Rowstart: 0; Rowend: 1043; Rows: 1043; Colstart: 0; Colend: 12501; Cols: 12501;
Num-X: 1 ; Num-Y: 12 ; Resolution: 12500 ; Rank: 1 ; Rank-X: 1 ; Rank-Y: 0 ; Rowstart: 1042; Rowend: 2085; Rows: 1043; Colstart: 0; Colend: 12501; Cols: 12501;
Num-X: 1 ; Num-Y: 12 ; Resolution: 12500 ; Rank: 2 ; Rank-X: 2 ; Rank-Y: 0 ; Rowstart: 2084; Rowend: 3127; Rows: 1043; Colstart: 0; Colend: 12501; Cols: 12501;
Num-X: 1 ; Num-Y: 12 ; Resolution: 12500 ; Rank: 3 ; Rank-X: 3 ; Rank-Y: 0 ; Rowstart: 3126; Rowend: 4169; Rows: 1043; Colstart: 0; Colend: 12501; Cols: 12501;
Num-X: 1 ; Num-Y: 12 ; Resolution: 12500 ; Rank: 4 ; Rank-X: 4 ; Rank-Y: 0 ; Rowstart: 4168; Rowend: 5211; Rows: 1043; Colstart: 0; Colend: 12501; Cols: 12501;
Num-X: 1 ; Num-Y: 12 ; Resolution: 12500 ; Rank: 5 ; Rank-X: 5 ; Rank-Y: 0 ; Rowstart: 5210; Rowend: 6253; Rows: 1043; Colstart: 0; Colend: 12501; Cols: 12501;
Num-X: 1 ; Num-Y: 12 ; Resolution: 12500 ; Rank: 6 ; Rank-X: 6 ; Rank-Y: 0 ; Rowstart: 6252; Rowend: 7295; Rows: 1043; Colstart: 0; Colend: 12501; Cols: 12501;
Num-X: 1 ; Num-Y: 12 ; Resolution: 12500 ; Rank: 7 ; Rank-X: 7 ; Rank-Y: 0 ; Rowstart: 7294; Rowend: 8337; Rows: 1043; Colstart: 0; Colend: 12501; Cols: 12501;
Num-X: 1 ; Num-Y: 12 ; Resolution: 12500 ; Rank: 8 ; Rank-X: 8 ; Rank-Y: 0 ; Rowstart: 8336; Rowend: 9379; Rows: 1043; Colstart: 0; Colend: 12501; Cols: 12501;
Num-X: 1 ; Num-Y: 12 ; Resolution: 12500 ; Rank: 9 ; Rank-X: 9 ; Rank-Y: 0 ; Rowstart: 9378; Rowend: 10421; Rows: 1043; Colstart: 0; Colend: 12501; Cols: 12501;
Num-X: 1 ; Num-Y: 12 ; Resolution: 12500 ; Rank: 10 ; Rank-X: 10 ; Rank-Y: 0 ; Rowstart: 10420; Rowend: 11463; Rows: 1043; Colstart: 0; Colend: 12501; Cols: 12501;
Num-X: 1 ; Num-Y: 12 ; Resolution: 12500 ; Rank: 11 ; Rank-X: 11 ; Rank-Y: 0 ; Rowstart: 11462; Rowend: 12501; Rows: 1039; Colstart: 0; Colend: 12501; Cols: 12501;

Resolution: 12500
===================
Execution time: 0.365238
Residual: 5.265819

megaflops:  59892.5
  flop instructions (M):  21875.000
