mpiexec -genv I_MPI_DEBUG=4 -n 48
[0] MPI startup(): Intel(R) MPI Library, Version 2019 Update 8  Build 20200624 (id: 4f16ad915)
[0] MPI startup(): Copyright (C) 2003-2020 Intel Corporation.  All rights reserved.
[0] MPI startup(): library kind: release
[0] MPI startup(): libfabric version: 1.10.1-impi
[0] MPI startup(): libfabric provider: psm2
[0] MPI startup(): Rank    Pid      Node name     Pin cpu
[0] MPI startup(): 0       2821571  i01r01c02s08  {0,1,2,3,48,49,50,51}
[0] MPI startup(): 1       2821572  i01r01c02s08  {4,5,6,7,52,53,54,55}
[0] MPI startup(): 2       2821573  i01r01c02s08  {8,9,10,11,56,57,58,59}
[0] MPI startup(): 3       2821574  i01r01c02s08  {12,13,14,15,60,61,62,63}
[0] MPI startup(): 4       2821575  i01r01c02s08  {16,17,18,19,64,65,66,67}
[0] MPI startup(): 5       2821576  i01r01c02s08  {20,21,22,23,68,69,70,71}
[0] MPI startup(): 6       2821577  i01r01c02s08  {24,25,26,27,72,73,74,75}
[0] MPI startup(): 7       2821578  i01r01c02s08  {28,29,30,31,76,77,78,79}
[0] MPI startup(): 8       2821579  i01r01c02s08  {32,33,34,35,80,81,82,83}
[0] MPI startup(): 9       2821580  i01r01c02s08  {36,37,38,39,84,85,86,87}
[0] MPI startup(): 10      2821581  i01r01c02s08  {40,41,42,43,88,89,90,91}
[0] MPI startup(): 11      2821582  i01r01c02s08  {44,45,46,47,92,93,94,95}
[0] MPI startup(): 12      3564011  i01r01c02s09  {0,1,2,3,48,49,50,51}
[0] MPI startup(): 13      3564012  i01r01c02s09  {4,5,6,7,52,53,54,55}
[0] MPI startup(): 14      3564013  i01r01c02s09  {8,9,10,11,56,57,58,59}
[0] MPI startup(): 15      3564014  i01r01c02s09  {12,13,14,15,60,61,62,63}
[0] MPI startup(): 16      3564015  i01r01c02s09  {16,17,18,19,64,65,66,67}
[0] MPI startup(): 17      3564016  i01r01c02s09  {20,21,22,23,68,69,70,71}
[0] MPI startup(): 18      3564017  i01r01c02s09  {24,25,26,27,72,73,74,75}
[0] MPI startup(): 19      3564018  i01r01c02s09  {28,29,30,31,76,77,78,79}
[0] MPI startup(): 20      3564019  i01r01c02s09  {32,33,34,35,80,81,82,83}
[0] MPI startup(): 21      3564020  i01r01c02s09  {36,37,38,39,84,85,86,87}
[0] MPI startup(): 22      3564021  i01r01c02s09  {40,41,42,43,88,89,90,91}
[0] MPI startup(): 23      3564022  i01r01c02s09  {44,45,46,47,92,93,94,95}
[0] MPI startup(): 24      1850725  i01r01c02s10  {0,1,2,3,48,49,50,51}
[0] MPI startup(): 25      1850726  i01r01c02s10  {4,5,6,7,52,53,54,55}
[0] MPI startup(): 26      1850727  i01r01c02s10  {8,9,10,11,56,57,58,59}
[0] MPI startup(): 27      1850728  i01r01c02s10  {12,13,14,15,60,61,62,63}
[0] MPI startup(): 28      1850729  i01r01c02s10  {16,17,18,19,64,65,66,67}
[0] MPI startup(): 29      1850730  i01r01c02s10  {20,21,22,23,68,69,70,71}
[0] MPI startup(): 30      1850731  i01r01c02s10  {24,25,26,27,72,73,74,75}
[0] MPI startup(): 31      1850732  i01r01c02s10  {28,29,30,31,76,77,78,79}
[0] MPI startup(): 32      1850733  i01r01c02s10  {32,33,34,35,80,81,82,83}
[0] MPI startup(): 33      1850734  i01r01c02s10  {36,37,38,39,84,85,86,87}
[0] MPI startup(): 34      1850735  i01r01c02s10  {40,41,42,43,88,89,90,91}
[0] MPI startup(): 35      1850736  i01r01c02s10  {44,45,46,47,92,93,94,95}
[0] MPI startup(): 36      514775   i01r01c02s11  {0,1,2,3,48,49,50,51}
[0] MPI startup(): 37      514776   i01r01c02s11  {4,5,6,7,52,53,54,55}
[0] MPI startup(): 38      514777   i01r01c02s11  {8,9,10,11,56,57,58,59}
[0] MPI startup(): 39      514778   i01r01c02s11  {12,13,14,15,60,61,62,63}
[0] MPI startup(): 40      514779   i01r01c02s11  {16,17,18,19,64,65,66,67}
[0] MPI startup(): 41      514780   i01r01c02s11  {20,21,22,23,68,69,70,71}
[0] MPI startup(): 42      514781   i01r01c02s11  {24,25,26,27,72,73,74,75}
[0] MPI startup(): 43      514782   i01r01c02s11  {28,29,30,31,76,77,78,79}
[0] MPI startup(): 44      514783   i01r01c02s11  {32,33,34,35,80,81,82,83}
[0] MPI startup(): 45      514784   i01r01c02s11  {36,37,38,39,84,85,86,87}
[0] MPI startup(): 46      514785   i01r01c02s11  {40,41,42,43,88,89,90,91}
[0] MPI startup(): 47      514786   i01r01c02s11  {44,45,46,47,92,93,94,95}

12 processes distributed in X-direction
 4 ; processes distributed in Y-direction
Resolutions       : (20, 120, ... 20)
Iterations        : 20
Num. Heat sources : 2
   1: (0.00, 0.00) 1.00 1.00 
   2: (1.00, 1.00) 1.00 0.50 
rank= 0 coords= 0 0 neighbours(up,down,left,right)= -1 4 -1 1
rank= 2 coords= 0 2 neighbours(up,down,left,right)= -1 6 1 3
rank= 4 coords= 1 0 neighbours(up,down,left,right)= 0 8 -1 5
rank= 24 coords= 6 0 neighbours(up,down,left,right)= 20 28 -1 25
rank= 5 coords= 1 1 neighbours(up,down,left,right)= 1 9 4 6
rank= 32 coords= 8 0 neighbours(up,down,left,right)= 28 36 -1 33
rank= 6 coords= 1 2 neighbours(up,down,left,right)= 2 10 5 7
rank= 36 coords= 9 0 neighbours(up,down,left,right)= 32 40 -1 37
rank= 33 coords= 8 1 neighbours(up,down,left,right)= 29 37 32 34
rank= 7 coords= 1 3 neighbours(up,down,left,right)= 3 11 6 -1
rank= 37 coords= 9 1 neighbours(up,down,left,right)= 33 41 36 38

Num-X: 4 ; Num-Y: 12 ; Resolution: 20 ; Rank: 37 ; Rank-X: 9 ; Rank-Y: 1 ; Rowstart: 18; Rowend: 21; Rows: 3; Colstart: 5; Colend: 11; Cols: 6;rank= 25 coords= 6 1 neighbours(up,down,left,right)= 21 29 24 26

Num-X: 4 ; Num-Y: 12 ; Resolution: 20 ; Rank: 25 ; Rank-X: 6 ; Rank-Y: 1 ; Rowstart: 12; Rowend: 15; Rows: 3; Colstart: 5; Colend: 11; Cols: 6;rank= 12 coords= 3 0 neighbours(up,down,left,right)= 8 16 -1 13

Num-X: 4 ; Num-Y: 12 ; Resolution: 20 ; Rank: 12 ; Rank-X: 3 ; Rank-Y: 0 ; Rowstart: 6; Rowend: 9; Rows: 3; Colstart: 0; Colend: 6; Cols: 6;rank= 8 coords= 2 0 neighbours(up,down,left,right)= 4 12 -1 9

Num-X: 4 ; Num-Y: 12 ; Resolution: 20 ; Rank: 8 ; Rank-X: 2 ; Rank-Y: 0 ; Rowstart: 4; Rowend: 7; Rows: 3; Colstart: 0; Colend: 6; Cols: 6;rank= 38 coords= 9 2 neighbours(up,down,left,right)= 34 42 37 39

Num-X: 4 ; Num-Y: 12 ; Resolution: 20 ; Rank: 38 ; Rank-X: 9 ; Rank-Y: 2 ; Rowstart: 18; Rowend: 21; Rows: 3; Colstart: 10; Colend: 16; Cols: 6;rank= 26 coords= 6 2 neighbours(up,down,left,right)= 22 30 25 27
rank= 13 coords= 3 1 neighbours(up,down,left,right)= 9 17 12 14

Num-X: 4 ; Num-Y: 12 ; Resolution: 20 ; Rank: 13 ; Rank-X: 3 ; Rank-Y: 1 ; Rowstart: 6; Rowend: 9; Rows: 3; Colstart: 5; Colend: 11; Cols: 6;rank= 9 coords= 2 1 neighbours(up,down,left,right)= 5 13 8 10

Num-X: 4 ; Num-Y: 12 ; Resolution: 20 ; Rank: 9 ; Rank-X: 2 ; Rank-Y: 1 ; Rowstart: 4; Rowend: 7; Rows: 3; Colstart: 5; Colend: 11; Cols: 6;rank= 39 coords= 9 3 neighbours(up,down,left,right)= 35 43 38 -1

Num-X: 4 ; Num-Y: 12 ; Resolution: 20 ; Rank: 39 ; Rank-X: 9 ; Rank-Y: 3 ; Rowstart: 18; Rowend: 21; Rows: 3; Colstart: 15; Colend: 21; Cols: 6;rank= 27 coords= 6 3 neighbours(up,down,left,right)= 23 31 26 -1

Num-X: 4 ; Num-Y: 12 ; Resolution: 20 ; Rank: 27 ; Rank-X: 6 ; Rank-Y: 3 ; Rowstart: 12; Rowend: 15; Rows: 3; Colstart: 15; Colend: 21; Cols: 6;rank= 14 coords= 3 2 neighbours(up,down,left,right)= 10 18 13 15

Num-X: 4 ; Num-Y: 12 ; Resolution: 20 ; Rank: 14 ; Rank-X: 3 ; Rank-Y: 2 ; Rowstart: 6; Rowend: 9; Rows: 3; Colstart: 10; Colend: 16; Cols: 6;rank= 10 coords= 2 2 neighbours(up,down,left,right)= 6 14 9 11

Num-X: 4 ; Num-Y: 12 ; Resolution: 20 ; Rank: 10 ; Rank-X: 2 ; Rank-Y: 2 ; Rowstart: 4; Rowend: 7; Rows: 3; Colstart: 10; Colend: 16; Cols: 6;rank= 40 coords= 10 0 neighbours(up,down,left,right)= 36 44 -1 41

Num-X: 4 ; Num-Y: 12 ; Resolution: 20 ; Rank: 40 ; Rank-X: 10 ; Rank-Y: 0 ; Rowstart: 20; Rowend: 21; Rows: 1; Colstart: 0; Colend: 6; Cols: 6;rank= 28 coords= 7 0 neighbours(up,down,left,right)= 24 32 -1 29

Num-X: 4 ; Num-Y: 12 ; Resolution: 20 ; Rank: 28 ; Rank-X: 7 ; Rank-Y: 0 ; Rowstart: 14; Rowend: 17; Rows: 3; Colstart: 0; Colend: 6; Cols: 6;rank= 15 coords= 3 3 neighbours(up,down,left,right)= 11 19 14 -1

Num-X: 4 ; Num-Y: 12 ; Resolution: 20 ; Rank: 15 ; Rank-X: 3 ; Rank-Y: 3 ; Rowstart: 6; Rowend: 9; Rows: 3; Colstart: 15; Colend: 21; Cols: 6;
Num-X: 4 ; Num-Y: 12 ; Resolution: 20 ; Rank: 0 ; Rank-X: 0 ; Rank-Y: 0 ; Rowstart: 0; Rowend: 3; Rows: 3; Colstart: 0; Colend: 6; Cols: 6;rank= 41 coords= 10 1 neighbours(up,down,left,right)= 37 45 40 42

Num-X: 4 ; Num-Y: 12 ; Resolution: 20 ; Rank: 41 ; Rank-X: 10 ; Rank-Y: 1 ; Rowstart: 20; Rowend: 21; Rows: 1; Colstart: 5; Colend: 11; Cols: 6;rank= 29 coords= 7 1 neighbours(up,down,left,right)= 25 33 28 30

Num-X: 4 ; Num-Y: 12 ; Resolution: 20 ; Rank: 29 ; Rank-X: 7 ; Rank-Y: 1 ; Rowstart: 14; Rowend: 17; Rows: 3; Colstart: 5; Colend: 11; Cols: 6;rank= 16 coords= 4 0 neighbours(up,down,left,right)= 12 20 -1 17

Num-X: 4 ; Num-Y: 12 ; Resolution: 20 ; Rank: 16 ; Rank-X: 4 ; Rank-Y: 0 ; Rowstart: 8; Rowend: 11; Rows: 3; Colstart: 0; Colend: 6; Cols: 6;rank= 1 coords= 0 1 neighbours(up,down,left,right)= -1 5 0 2

Num-X: 4 ; Num-Y: 12 ; Resolution: 20 ; Rank: 1 ; Rank-X: 0 ; Rank-Y: 1 ; Rowstart: 0; Rowend: 3; Rows: 3; Colstart: 5; Colend: 11; Cols: 6;rank= 42 coords= 10 2 neighbours(up,down,left,right)= 38 46 41 43

Num-X: 4 ; Num-Y: 12 ; Resolution: 20 ; Rank: 42 ; Rank-X: 10 ; Rank-Y: 2 ; Rowstart: 20; Rowend: 21; Rows: 1; Colstart: 10; Colend: 16; Cols: 6;rank= 30 coords= 7 2 neighbours(up,down,left,right)= 26 34 29 31

Num-X: 4 ; Num-Y: 12 ; Resolution: 20 ; Rank: 30 ; Rank-X: 7 ; Rank-Y: 2 ; Rowstart: 14; Rowend: 17; Rows: 3; Colstart: 10; Colend: 16; Cols: 6;rank= 17 coords= 4 1 neighbours(up,down,left,right)= 13 21 16 18

Num-X: 4 ; Num-Y: 12 ; Resolution: 20 ; Rank: 17 ; Rank-X: 4 ; Rank-Y: 1 ; Rowstart: 8; Rowend: 11; Rows: 3; Colstart: 5; Colend: 11; Cols: 6;
Num-X: 4 ; Num-Y: 12 ; Resolution: 20 ; Rank: 2 ; Rank-X: 0 ; Rank-Y: 2 ; Rowstart: 0; Rowend: 3; Rows: 3; Colstart: 10; Colend: 16; Cols: 6;rank= 43 coords= 10 3 neighbours(up,down,left,right)= 39 47 42 -1

Num-X: 4 ; Num-Y: 12 ; Resolution: 20 ; Rank: 43 ; Rank-X: 10 ; Rank-Y: 3 ; Rowstart: 20; Rowend: 21; Rows: 1; Colstart: 15; Colend: 21; Cols: 6;rank= 31 coords= 7 3 neighbours(up,down,left,right)= 27 35 30 -1

Num-X: 4 ; Num-Y: 12 ; Resolution: 20 ; Rank: 31 ; Rank-X: 7 ; Rank-Y: 3 ; Rowstart: 14; Rowend: 17; Rows: 3; Colstart: 15; Colend: 21; Cols: 6;rank= 18 coords= 4 2 neighbours(up,down,left,right)= 14 22 17 19

Num-X: 4 ; Num-Y: 12 ; Resolution: 20 ; Rank: 18 ; Rank-X: 4 ; Rank-Y: 2 ; Rowstart: 8; Rowend: 11; Rows: 3; Colstart: 10; Colend: 16; Cols: 6;rank= 3 coords= 0 3 neighbours(up,down,left,right)= -1 7 2 -1

Num-X: 4 ; Num-Y: 12 ; Resolution: 20 ; Rank: 3 ; Rank-X: 0 ; Rank-Y: 3 ; Rowstart: 0; Rowend: 3; Rows: 3; Colstart: 15; Colend: 21; Cols: 6;rank= 44 coords= 11 0 neighbours(up,down,left,right)= 40 -1 -1 45

Num-X: 4 ; Num-Y: 12 ; Resolution: 20 ; Rank: 44 ; Rank-X: 11 ; Rank-Y: 0 ; Rowstart: 22; Rowend: 21; Rows: -1; Colstart: 0; Colend: 6; Cols: 6;
Num-X: 4 ; Num-Y: 12 ; Resolution: 20 ; Rank: 32 ; Rank-X: 8 ; Rank-Y: 0 ; Rowstart: 16; Rowend: 19; Rows: 3; Colstart: 0; Colend: 6; Cols: 6;rank= 19 coords= 4 3 neighbours(up,down,left,right)= 15 23 18 -1

Num-X: 4 ; Num-Y: 12 ; Resolution: 20 ; Rank: 19 ; Rank-X: 4 ; Rank-Y: 3 ; Rowstart: 8; Rowend: 11; Rows: 3; Colstart: 15; Colend: 21; Cols: 6;
Num-X: 4 ; Num-Y: 12 ; Resolution: 20 ; Rank: 4 ; Rank-X: 1 ; Rank-Y: 0 ; Rowstart: 2; Rowend: 5; Rows: 3; Colstart: 0; Colend: 6; Cols: 6;rank= 45 coords= 11 1 neighbours(up,down,left,right)= 41 -1 44 46

Num-X: 4 ; Num-Y: 12 ; Resolution: 20 ; Rank: 45 ; Rank-X: 11 ; Rank-Y: 1 ; Rowstart: 22; Rowend: 21; Rows: -1; Colstart: 5; Colend: 11; Cols: 6;
Num-X: 4 ; Num-Y: 12 ; Resolution: 20 ; Rank: 33 ; Rank-X: 8 ; Rank-Y: 1 ; Rowstart: 16; Rowend: 19; Rows: 3; Colstart: 5; Colend: 11; Cols: 6;rank= 20 coords= 5 0 neighbours(up,down,left,right)= 16 24 -1 21

Num-X: 4 ; Num-Y: 12 ; Resolution: 20 ; Rank: 20 ; Rank-X: 5 ; Rank-Y: 0 ; Rowstart: 10; Rowend: 13; Rows: 3; Colstart: 0; Colend: 6; Cols: 6;
Num-X: 4 ; Num-Y: 12 ; Resolution: 20 ; Rank: 5 ; Rank-X: 1 ; Rank-Y: 1 ; Rowstart: 2; Rowend: 5; Rows: 3; Colstart: 5; Colend: 11; Cols: 6;rank= 46 coords= 11 2 neighbours(up,down,left,right)= 42 -1 45 47

Num-X: 4 ; Num-Y: 12 ; Resolution: 20 ; Rank: 46 ; Rank-X: 11 ; Rank-Y: 2 ; Rowstart: 22; Rowend: 21; Rows: -1; Colstart: 10; Colend: 16; Cols: 6;rank= 34 coords= 8 2 neighbours(up,down,left,right)= 30 38 33 35

Num-X: 4 ; Num-Y: 12 ; Resolution: 20 ; Rank: 34 ; Rank-X: 8 ; Rank-Y: 2 ; Rowstart: 16; Rowend: 19; Rows: 3; Colstart: 10; Colend: 16; Cols: 6;rank= 21 coords= 5 1 neighbours(up,down,left,right)= 17 25 20 22

Num-X: 4 ; Num-Y: 12 ; Resolution: 20 ; Rank: 21 ; Rank-X: 5 ; Rank-Y: 1 ; Rowstart: 10; Rowend: 13; Rows: 3; Colstart: 5; Colend: 11; Cols: 6;
Num-X: 4 ; Num-Y: 12 ; Resolution: 20 ; Rank: 6 ; Rank-X: 1 ; Rank-Y: 2 ; Rowstart: 2; Rowend: 5; Rows: 3; Colstart: 10; Colend: 16; Cols: 6;rank= 47 coords= 11 3 neighbours(up,down,left,right)= 43 -1 46 -1

Num-X: 4 ; Num-Y: 12 ; Resolution: 20 ; Rank: 47 ; Rank-X: 11 ; Rank-Y: 3 ; Rowstart: 22; Rowend: 21; Rows: -1; Colstart: 15; Colend: 21; Cols: 6;rank= 35 coords= 8 3 neighbours(up,down,left,right)= 31 39 34 -1

Num-X: 4 ; Num-Y: 12 ; Resolution: 20 ; Rank: 35 ; Rank-X: 8 ; Rank-Y: 3 ; Rowstart: 16; Rowend: 19; Rows: 3; Colstart: 15; Colend: 21; Cols: 6;rank= 22 coords= 5 2 neighbours(up,down,left,right)= 18 26 21 23

Num-X: 4 ; Num-Y: 12 ; Resolution: 20 ; Rank: 22 ; Rank-X: 5 ; Rank-Y: 2 ; Rowstart: 10; Rowend: 13; Rows: 3; Colstart: 10; Colend: 16; Cols: 6;
Num-X: 4 ; Num-Y: 12 ; Resolution: 20 ; Rank: 7 ; Rank-X: 1 ; Rank-Y: 3 ; Rowstart: 2; Rowend: 5; Rows: 3; Colstart: 15; Colend: 21; Cols: 6;
Num-X: 4 ; Num-Y: 12 ; Resolution: 20 ; Rank: 36 ; Rank-X: 9 ; Rank-Y: 0 ; Rowstart: 18; Rowend: 21; Rows: 3; Colstart: 0; Colend: 6; Cols: 6;
Num-X: 4 ; Num-Y: 12 ; Resolution: 20 ; Rank: 24 ; Rank-X: 6 ; Rank-Y: 0 ; Rowstart: 12; Rowend: 15; Rows: 3; Colstart: 0; Colend: 6; Cols: 6;rank= 23 coords= 5 3 neighbours(up,down,left,right)= 19 27 22 -1

Num-X: 4 ; Num-Y: 12 ; Resolution: 20 ; Rank: 23 ; Rank-X: 5 ; Rank-Y: 3 ; Rowstart: 10; Rowend: 13; Rows: 3; Colstart: 15; Colend: 21; Cols: 6;rank= 11 coords= 2 3 neighbours(up,down,left,right)= 7 15 10 -1

Num-X: 4 ; Num-Y: 12 ; Resolution: 20 ; Rank: 11 ; Rank-X: 2 ; Rank-Y: 3 ; Rowstart: 4; Rowend: 7; Rows: 3; Colstart: 15; Colend: 21; Cols: 6;
Num-X: 4 ; Num-Y: 12 ; Resolution: 20 ; Rank: 26 ; Rank-X: 6 ; Rank-Y: 2 ; Rowstart: 12; Rowend: 15; Rows: 3; Colstart: 10; Colend: 16; Cols: 6;
===================================================================================
=   BAD TERMINATION OF ONE OF YOUR APPLICATION PROCESSES
=   RANK 36 PID 514775 RUNNING AT i01r01c02s11
=   KILLED BY SIGNAL: 9 (Killed)
===================================================================================

===================================================================================
=   BAD TERMINATION OF ONE OF YOUR APPLICATION PROCESSES
=   RANK 37 PID 514776 RUNNING AT i01r01c02s11
=   KILLED BY SIGNAL: 9 (Killed)
===================================================================================

===================================================================================
=   BAD TERMINATION OF ONE OF YOUR APPLICATION PROCESSES
=   RANK 38 PID 514777 RUNNING AT i01r01c02s11
=   KILLED BY SIGNAL: 9 (Killed)
===================================================================================

===================================================================================
=   BAD TERMINATION OF ONE OF YOUR APPLICATION PROCESSES
=   RANK 39 PID 514778 RUNNING AT i01r01c02s11
=   KILLED BY SIGNAL: 9 (Killed)
===================================================================================

===================================================================================
=   BAD TERMINATION OF ONE OF YOUR APPLICATION PROCESSES
=   RANK 40 PID 514779 RUNNING AT i01r01c02s11
=   KILLED BY SIGNAL: 9 (Killed)
===================================================================================

===================================================================================
=   BAD TERMINATION OF ONE OF YOUR APPLICATION PROCESSES
=   RANK 41 PID 514780 RUNNING AT i01r01c02s11
=   KILLED BY SIGNAL: 9 (Killed)
===================================================================================

===================================================================================
=   BAD TERMINATION OF ONE OF YOUR APPLICATION PROCESSES
=   RANK 42 PID 514781 RUNNING AT i01r01c02s11
=   KILLED BY SIGNAL: 9 (Killed)
===================================================================================

===================================================================================
=   BAD TERMINATION OF ONE OF YOUR APPLICATION PROCESSES
=   RANK 43 PID 514782 RUNNING AT i01r01c02s11
=   KILLED BY SIGNAL: 9 (Killed)
===================================================================================

===================================================================================
=   BAD TERMINATION OF ONE OF YOUR APPLICATION PROCESSES
=   RANK 44 PID 514783 RUNNING AT i01r01c02s11
=   KILLED BY SIGNAL: 11 (Segmentation fault)
===================================================================================

===================================================================================
=   BAD TERMINATION OF ONE OF YOUR APPLICATION PROCESSES
=   RANK 45 PID 514784 RUNNING AT i01r01c02s11
=   KILLED BY SIGNAL: 11 (Segmentation fault)
===================================================================================

===================================================================================
=   BAD TERMINATION OF ONE OF YOUR APPLICATION PROCESSES
=   RANK 46 PID 514785 RUNNING AT i01r01c02s11
=   KILLED BY SIGNAL: 11 (Segmentation fault)
===================================================================================

===================================================================================
=   BAD TERMINATION OF ONE OF YOUR APPLICATION PROCESSES
=   RANK 47 PID 514786 RUNNING AT i01r01c02s11
=   KILLED BY SIGNAL: 11 (Segmentation fault)
===================================================================================
