mpiexec -genv I_MPI_DEBUG=4 -n 48
[0] MPI startup(): Intel(R) MPI Library, Version 2019 Update 8  Build 20200624 (id: 4f16ad915)
[0] MPI startup(): Copyright (C) 2003-2020 Intel Corporation.  All rights reserved.
[0] MPI startup(): library kind: release
[0] MPI startup(): libfabric version: 1.10.1-impi
[0] MPI startup(): libfabric provider: psm2
[0] MPI startup(): Rank    Pid      Node name     Pin cpu
[0] MPI startup(): 0       517116   i01r01c01s01  {0,1,2,3,48,49,50,51}
[0] MPI startup(): 1       517117   i01r01c01s01  {4,5,6,7,52,53,54,55}
[0] MPI startup(): 2       517118   i01r01c01s01  {8,9,10,11,56,57,58,59}
[0] MPI startup(): 3       517119   i01r01c01s01  {12,13,14,15,60,61,62,63}
[0] MPI startup(): 4       517120   i01r01c01s01  {16,17,18,19,64,65,66,67}
[0] MPI startup(): 5       517121   i01r01c01s01  {20,21,22,23,68,69,70,71}
[0] MPI startup(): 6       517122   i01r01c01s01  {24,25,26,27,72,73,74,75}
[0] MPI startup(): 7       517123   i01r01c01s01  {28,29,30,31,76,77,78,79}
[0] MPI startup(): 8       517124   i01r01c01s01  {32,33,34,35,80,81,82,83}
[0] MPI startup(): 9       517125   i01r01c01s01  {36,37,38,39,84,85,86,87}
[0] MPI startup(): 10      517126   i01r01c01s01  {40,41,42,43,88,89,90,91}
[0] MPI startup(): 11      517127   i01r01c01s01  {44,45,46,47,92,93,94,95}
[0] MPI startup(): 12      2272142  i01r01c01s02  {0,1,2,3,48,49,50,51}
[0] MPI startup(): 13      2272143  i01r01c01s02  {4,5,6,7,52,53,54,55}
[0] MPI startup(): 14      2272144  i01r01c01s02  {8,9,10,11,56,57,58,59}
[0] MPI startup(): 15      2272145  i01r01c01s02  {12,13,14,15,60,61,62,63}
[0] MPI startup(): 16      2272146  i01r01c01s02  {16,17,18,19,64,65,66,67}
[0] MPI startup(): 17      2272147  i01r01c01s02  {20,21,22,23,68,69,70,71}
[0] MPI startup(): 18      2272148  i01r01c01s02  {24,25,26,27,72,73,74,75}
[0] MPI startup(): 19      2272149  i01r01c01s02  {28,29,30,31,76,77,78,79}
[0] MPI startup(): 20      2272150  i01r01c01s02  {32,33,34,35,80,81,82,83}
[0] MPI startup(): 21      2272151  i01r01c01s02  {36,37,38,39,84,85,86,87}
[0] MPI startup(): 22      2272152  i01r01c01s02  {40,41,42,43,88,89,90,91}
[0] MPI startup(): 23      2272153  i01r01c01s02  {44,45,46,47,92,93,94,95}
[0] MPI startup(): 24      1676157  i01r01c02s07  {0,1,2,3,48,49,50,51}
[0] MPI startup(): 25      1676158  i01r01c02s07  {4,5,6,7,52,53,54,55}
[0] MPI startup(): 26      1676159  i01r01c02s07  {8,9,10,11,56,57,58,59}
[0] MPI startup(): 27      1676160  i01r01c02s07  {12,13,14,15,60,61,62,63}
[0] MPI startup(): 28      1676161  i01r01c02s07  {16,17,18,19,64,65,66,67}
[0] MPI startup(): 29      1676162  i01r01c02s07  {20,21,22,23,68,69,70,71}
[0] MPI startup(): 30      1676163  i01r01c02s07  {24,25,26,27,72,73,74,75}
[0] MPI startup(): 31      1676164  i01r01c02s07  {28,29,30,31,76,77,78,79}
[0] MPI startup(): 32      1676165  i01r01c02s07  {32,33,34,35,80,81,82,83}
[0] MPI startup(): 33      1676166  i01r01c02s07  {36,37,38,39,84,85,86,87}
[0] MPI startup(): 34      1676167  i01r01c02s07  {40,41,42,43,88,89,90,91}
[0] MPI startup(): 35      1676168  i01r01c02s07  {44,45,46,47,92,93,94,95}
[0] MPI startup(): 36      2824153  i01r01c02s08  {0,1,2,3,48,49,50,51}
[0] MPI startup(): 37      2824154  i01r01c02s08  {4,5,6,7,52,53,54,55}
[0] MPI startup(): 38      2824155  i01r01c02s08  {8,9,10,11,56,57,58,59}
[0] MPI startup(): 39      2824156  i01r01c02s08  {12,13,14,15,60,61,62,63}
[0] MPI startup(): 40      2824157  i01r01c02s08  {16,17,18,19,64,65,66,67}
[0] MPI startup(): 41      2824158  i01r01c02s08  {20,21,22,23,68,69,70,71}
[0] MPI startup(): 42      2824159  i01r01c02s08  {24,25,26,27,72,73,74,75}
[0] MPI startup(): 43      2824160  i01r01c02s08  {28,29,30,31,76,77,78,79}
[0] MPI startup(): 44      2824161  i01r01c02s08  {32,33,34,35,80,81,82,83}
[0] MPI startup(): 45      2824162  i01r01c02s08  {36,37,38,39,84,85,86,87}
[0] MPI startup(): 46      2824163  i01r01c02s08  {40,41,42,43,88,89,90,91}
[0] MPI startup(): 47      2824164  i01r01c02s08  {44,45,46,47,92,93,94,95}

4 processes distributed in X-direction
 12 ; processes distributed in Y-direction
Resolutions       : (20, 120, ... 20)
Iterations        : 20
Num. Heat sources : 2
   1: (0.00, 0.00) 1.00 1.00 
   2: (1.00, 1.00) 1.00 0.50 
rank= 0 coords= 0 0 neighbours(up,down,left,right)= -1 12 -1 1
rank= 1 coords= 0 1 neighbours(up,down,left,right)= -1 13 0 2
rank= 2 coords= 0 2 neighbours(up,down,left,right)= -1 14 1 3
rank= 3 coords= 0 3 neighbours(up,down,left,right)= -1 15 2 4
rank= 4 coords= 0 4 neighbours(up,down,left,right)= -1 16 3 5
rank= 5 coords= 0 5 neighbours(up,down,left,right)= -1 17 4 6
rank= 6 coords= 0 6 neighbours(up,down,left,right)= -1 18 5 7
rank= 7 coords= 0 7 neighbours(up,down,left,right)= -1 19 6 8
rank= 8 coords= 0 8 neighbours(up,down,left,right)= -1 20 7 9

Num-X: 12 ; Num-Y: 4 ; Resolution: 20 ; Rank: 8 ; Rank-X: 0 ; Rank-Y: 8 ; Rowstart: 0; Rowend: 6; Rows: 6; Colstart: 16; Colend: 19; Cols: 3;rank= 24 coords= 2 0 neighbours(up,down,left,right)= 12 36 -1 25
rank= 12 coords= 1 0 neighbours(up,down,left,right)= 0 24 -1 13
rank= 36 coords= 3 0 neighbours(up,down,left,right)= 24 -1 -1 37
rank= 9 coords= 0 9 neighbours(up,down,left,right)= -1 21 8 10

Num-X: 12 ; Num-Y: 4 ; Resolution: 20 ; Rank: 9 ; Rank-X: 0 ; Rank-Y: 9 ; Rowstart: 0; Rowend: 6; Rows: 6; Colstart: 18; Colend: 21; Cols: 3;rank= 25 coords= 2 1 neighbours(up,down,left,right)= 13 37 24 26

Num-X: 12 ; Num-Y: 4 ; Resolution: 20 ; Rank: 25 ; Rank-X: 2 ; Rank-Y: 1 ; Rowstart: 10; Rowend: 16; Rows: 6; Colstart: 2; Colend: 5; Cols: 3;rank= 13 coords= 1 1 neighbours(up,down,left,right)= 1 25 12 14
rank= 43 coords= 3 7 neighbours(up,down,left,right)= 31 -1 42 44
rank= 10 coords= 0 10 neighbours(up,down,left,right)= -1 22 9 11

Num-X: 12 ; Num-Y: 4 ; Resolution: 20 ; Rank: 10 ; Rank-X: 0 ; Rank-Y: 10 ; Rowstart: 0; Rowend: 6; Rows: 6; Colstart: 20; Colend: 21; Cols: 1;rank= 26 coords= 2 2 neighbours(up,down,left,right)= 14 38 25 27
rank= 14 coords= 1 2 neighbours(up,down,left,right)= 2 26 13 15
rank= 44 coords= 3 8 neighbours(up,down,left,right)= 32 -1 43 45
rank= 11 coords= 0 11 neighbours(up,down,left,right)= -1 23 10 -1

Num-X: 12 ; Num-Y: 4 ; Resolution: 20 ; Rank: 11 ; Rank-X: 0 ; Rank-Y: 11 ; Rowstart: 0; Rowend: 6; Rows: 6; Colstart: 22; Colend: 21; Cols: -1;rank= 27 coords= 2 3 neighbours(up,down,left,right)= 15 39 26 28

Num-X: 12 ; Num-Y: 4 ; Resolution: 20 ; Rank: 27 ; Rank-X: 2 ; Rank-Y: 3 ; Rowstart: 10; Rowend: 16; Rows: 6; Colstart: 6; Colend: 9; Cols: 3;rank= 15 coords= 1 3 neighbours(up,down,left,right)= 3 27 14 16
rank= 46 coords= 3 10 neighbours(up,down,left,right)= 34 -1 45 47

Num-X: 12 ; Num-Y: 4 ; Resolution: 20 ; Rank: 0 ; Rank-X: 0 ; Rank-Y: 0 ; Rowstart: 0; Rowend: 6; Rows: 6; Colstart: 0; Colend: 3; Cols: 3;rank= 28 coords= 2 4 neighbours(up,down,left,right)= 16 40 27 29

Num-X: 12 ; Num-Y: 4 ; Resolution: 20 ; Rank: 28 ; Rank-X: 2 ; Rank-Y: 4 ; Rowstart: 10; Rowend: 16; Rows: 6; Colstart: 8; Colend: 11; Cols: 3;rank= 16 coords= 1 4 neighbours(up,down,left,right)= 4 28 15 17

Num-X: 12 ; Num-Y: 4 ; Resolution: 20 ; Rank: 36 ; Rank-X: 3 ; Rank-Y: 0 ; Rowstart: 15; Rowend: 21; Rows: 6; Colstart: 0; Colend: 3; Cols: 3;
Num-X: 12 ; Num-Y: 4 ; Resolution: 20 ; Rank: 1 ; Rank-X: 0 ; Rank-Y: 1 ; Rowstart: 0; Rowend: 6; Rows: 6; Colstart: 2; Colend: 5; Cols: 3;rank= 29 coords= 2 5 neighbours(up,down,left,right)= 17 41 28 30

Num-X: 12 ; Num-Y: 4 ; Resolution: 20 ; Rank: 29 ; Rank-X: 2 ; Rank-Y: 5 ; Rowstart: 10; Rowend: 16; Rows: 6; Colstart: 10; Colend: 13; Cols: 3;
Num-X: 12 ; Num-Y: 4 ; Resolution: 20 ; Rank: 2 ; Rank-X: 0 ; Rank-Y: 2 ; Rowstart: 0; Rowend: 6; Rows: 6; Colstart: 4; Colend: 7; Cols: 3;rank= 30 coords= 2 6 neighbours(up,down,left,right)= 18 42 29 31

Num-X: 12 ; Num-Y: 4 ; Resolution: 20 ; Rank: 30 ; Rank-X: 2 ; Rank-Y: 6 ; Rowstart: 10; Rowend: 16; Rows: 6; Colstart: 12; Colend: 15; Cols: 3;
Num-X: 12 ; Num-Y: 4 ; Resolution: 20 ; Rank: 3 ; Rank-X: 0 ; Rank-Y: 3 ; Rowstart: 0; Rowend: 6; Rows: 6; Colstart: 6; Colend: 9; Cols: 3;rank= 31 coords= 2 7 neighbours(up,down,left,right)= 19 43 30 32

Num-X: 12 ; Num-Y: 4 ; Resolution: 20 ; Rank: 31 ; Rank-X: 2 ; Rank-Y: 7 ; Rowstart: 10; Rowend: 16; Rows: 6; Colstart: 14; Colend: 17; Cols: 3;
Num-X: 12 ; Num-Y: 4 ; Resolution: 20 ; Rank: 4 ; Rank-X: 0 ; Rank-Y: 4 ; Rowstart: 0; Rowend: 6; Rows: 6; Colstart: 8; Colend: 11; Cols: 3;rank= 32 coords= 2 8 neighbours(up,down,left,right)= 20 44 31 33

Num-X: 12 ; Num-Y: 4 ; Resolution: 20 ; Rank: 32 ; Rank-X: 2 ; Rank-Y: 8 ; Rowstart: 10; Rowend: 16; Rows: 6; Colstart: 16; Colend: 19; Cols: 3;
Num-X: 12 ; Num-Y: 4 ; Resolution: 20 ; Rank: 5 ; Rank-X: 0 ; Rank-Y: 5 ; Rowstart: 0; Rowend: 6; Rows: 6; Colstart: 10; Colend: 13; Cols: 3;rank= 33 coords= 2 9 neighbours(up,down,left,right)= 21 45 32 34

Num-X: 12 ; Num-Y: 4 ; Resolution: 20 ; Rank: 33 ; Rank-X: 2 ; Rank-Y: 9 ; Rowstart: 10; Rowend: 16; Rows: 6; Colstart: 18; Colend: 21; Cols: 3;
Num-X: 12 ; Num-Y: 4 ; Resolution: 20 ; Rank: 6 ; Rank-X: 0 ; Rank-Y: 6 ; Rowstart: 0; Rowend: 6; Rows: 6; Colstart: 12; Colend: 15; Cols: 3;rank= 34 coords= 2 10 neighbours(up,down,left,right)= 22 46 33 35

Num-X: 12 ; Num-Y: 4 ; Resolution: 20 ; Rank: 34 ; Rank-X: 2 ; Rank-Y: 10 ; Rowstart: 10; Rowend: 16; Rows: 6; Colstart: 20; Colend: 21; Cols: 1;rank= 17 coords= 1 5 neighbours(up,down,left,right)= 5 29 16 18

Num-X: 12 ; Num-Y: 4 ; Resolution: 20 ; Rank: 17 ; Rank-X: 1 ; Rank-Y: 5 ; Rowstart: 5; Rowend: 11; Rows: 6; Colstart: 10; Colend: 13; Cols: 3;rank= 37 coords= 3 1 neighbours(up,down,left,right)= 25 -1 36 38

Num-X: 12 ; Num-Y: 4 ; Resolution: 20 ; Rank: 37 ; Rank-X: 3 ; Rank-Y: 1 ; Rowstart: 15; Rowend: 21; Rows: 6; Colstart: 2; Colend: 5; Cols: 3;
Num-X: 12 ; Num-Y: 4 ; Resolution: 20 ; Rank: 7 ; Rank-X: 0 ; Rank-Y: 7 ; Rowstart: 0; Rowend: 6; Rows: 6; Colstart: 14; Colend: 17; Cols: 3;rank= 35 coords= 2 11 neighbours(up,down,left,right)= 23 47 34 -1

Num-X: 12 ; Num-Y: 4 ; Resolution: 20 ; Rank: 35 ; Rank-X: 2 ; Rank-Y: 11 ; Rowstart: 10; Rowend: 16; Rows: 6; Colstart: 22; Colend: 21; Cols: -1;rank= 18 coords= 1 6 neighbours(up,down,left,right)= 6 30 17 19

Num-X: 12 ; Num-Y: 4 ; Resolution: 20 ; Rank: 18 ; Rank-X: 1 ; Rank-Y: 6 ; Rowstart: 5; Rowend: 11; Rows: 6; Colstart: 12; Colend: 15; Cols: 3;rank= 38 coords= 3 2 neighbours(up,down,left,right)= 26 -1 37 39

Num-X: 12 ; Num-Y: 4 ; Resolution: 20 ; Rank: 38 ; Rank-X: 3 ; Rank-Y: 2 ; Rowstart: 15; Rowend: 21; Rows: 6; Colstart: 4; Colend: 7; Cols: 3;
Num-X: 12 ; Num-Y: 4 ; Resolution: 20 ; Rank: 24 ; Rank-X: 2 ; Rank-Y: 0 ; Rowstart: 10; Rowend: 16; Rows: 6; Colstart: 0; Colend: 3; Cols: 3;rank= 19 coords= 1 7 neighbours(up,down,left,right)= 7 31 18 20

Num-X: 12 ; Num-Y: 4 ; Resolution: 20 ; Rank: 19 ; Rank-X: 1 ; Rank-Y: 7 ; Rowstart: 5; Rowend: 11; Rows: 6; Colstart: 14; Colend: 17; Cols: 3;rank= 39 coords= 3 3 neighbours(up,down,left,right)= 27 -1 38 40

Num-X: 12 ; Num-Y: 4 ; Resolution: 20 ; Rank: 39 ; Rank-X: 3 ; Rank-Y: 3 ; Rowstart: 15; Rowend: 21; Rows: 6; Colstart: 6; Colend: 9; Cols: 3;
Num-X: 12 ; Num-Y: 4 ; Resolution: 20 ; Rank: 26 ; Rank-X: 2 ; Rank-Y: 2 ; Rowstart: 10; Rowend: 16; Rows: 6; Colstart: 4; Colend: 7; Cols: 3;rank= 20 coords= 1 8 neighbours(up,down,left,right)= 8 32 19 21

Num-X: 12 ; Num-Y: 4 ; Resolution: 20 ; Rank: 20 ; Rank-X: 1 ; Rank-Y: 8 ; Rowstart: 5; Rowend: 11; Rows: 6; Colstart: 16; Colend: 19; Cols: 3;rank= 40 coords= 3 4 neighbours(up,down,left,right)= 28 -1 39 41

Num-X: 12 ; Num-Y: 4 ; Resolution: 20 ; Rank: 40 ; Rank-X: 3 ; Rank-Y: 4 ; Rowstart: 15; Rowend: 21; Rows: 6; Colstart: 8; Colend: 11; Cols: 3;rank= 21 coords= 1 9 neighbours(up,down,left,right)= 9 33 20 22

Num-X: 12 ; Num-Y: 4 ; Resolution: 20 ; Rank: 21 ; Rank-X: 1 ; Rank-Y: 9 ; Rowstart: 5; Rowend: 11; Rows: 6; Colstart: 18; Colend: 21; Cols: 3;rank= 41 coords= 3 5 neighbours(up,down,left,right)= 29 -1 40 42
rank= 22 coords= 1 10 neighbours(up,down,left,right)= 10 34 21 23

Num-X: 12 ; Num-Y: 4 ; Resolution: 20 ; Rank: 22 ; Rank-X: 1 ; Rank-Y: 10 ; Rowstart: 5; Rowend: 11; Rows: 6; Colstart: 20; Colend: 21; Cols: 1;rank= 42 coords= 3 6 neighbours(up,down,left,right)= 30 -1 41 43

Num-X: 12 ; Num-Y: 4 ; Resolution: 20 ; Rank: 42 ; Rank-X: 3 ; Rank-Y: 6 ; Rowstart: 15; Rowend: 21; Rows: 6; Colstart: 12; Colend: 15; Cols: 3;rank= 23 coords= 1 11 neighbours(up,down,left,right)= 11 35 22 -1

Num-X: 12 ; Num-Y: 4 ; Resolution: 20 ; Rank: 23 ; Rank-X: 1 ; Rank-Y: 11 ; Rowstart: 5; Rowend: 11; Rows: 6; Colstart: 22; Colend: 21; Cols: -1;rank= 45 coords= 3 9 neighbours(up,down,left,right)= 33 -1 44 46

Num-X: 12 ; Num-Y: 4 ; Resolution: 20 ; Rank: 45 ; Rank-X: 3 ; Rank-Y: 9 ; Rowstart: 15; Rowend: 21; Rows: 6; Colstart: 18; Colend: 21; Cols: 3;
Num-X: 12 ; Num-Y: 4 ; Resolution: 20 ; Rank: 12 ; Rank-X: 1 ; Rank-Y: 0 ; Rowstart: 5; Rowend: 11; Rows: 6; Colstart: 0; Colend: 3; Cols: 3;rank= 47 coords= 3 11 neighbours(up,down,left,right)= 35 -1 46 -1

Num-X: 12 ; Num-Y: 4 ; Resolution: 20 ; Rank: 47 ; Rank-X: 3 ; Rank-Y: 11 ; Rowstart: 15; Rowend: 21; Rows: 6; Colstart: 22; Colend: 21; Cols: -1;
Num-X: 12 ; Num-Y: 4 ; Resolution: 20 ; Rank: 13 ; Rank-X: 1 ; Rank-Y: 1 ; Rowstart: 5; Rowend: 11; Rows: 6; Colstart: 2; Colend: 5; Cols: 3;
Num-X: 12 ; Num-Y: 4 ; Resolution: 20 ; Rank: 41 ; Rank-X: 3 ; Rank-Y: 5 ; Rowstart: 15; Rowend: 21; Rows: 6; Colstart: 10; Colend: 13; Cols: 3;
Num-X: 12 ; Num-Y: 4 ; Resolution: 20 ; Rank: 14 ; Rank-X: 1 ; Rank-Y: 2 ; Rowstart: 5; Rowend: 11; Rows: 6; Colstart: 4; Colend: 7; Cols: 3;
Num-X: 12 ; Num-Y: 4 ; Resolution: 20 ; Rank: 43 ; Rank-X: 3 ; Rank-Y: 7 ; Rowstart: 15; Rowend: 21; Rows: 6; Colstart: 14; Colend: 17; Cols: 3;
Num-X: 12 ; Num-Y: 4 ; Resolution: 20 ; Rank: 15 ; Rank-X: 1 ; Rank-Y: 3 ; Rowstart: 5; Rowend: 11; Rows: 6; Colstart: 6; Colend: 9; Cols: 3;
Num-X: 12 ; Num-Y: 4 ; Resolution: 20 ; Rank: 44 ; Rank-X: 3 ; Rank-Y: 8 ; Rowstart: 15; Rowend: 21; Rows: 6; Colstart: 16; Colend: 19; Cols: 3;
Num-X: 12 ; Num-Y: 4 ; Resolution: 20 ; Rank: 16 ; Rank-X: 1 ; Rank-Y: 4 ; Rowstart: 5; Rowend: 11; Rows: 6; Colstart: 8; Colend: 11; Cols: 3;
Num-X: 12 ; Num-Y: 4 ; Resolution: 20 ; Rank: 46 ; Rank-X: 3 ; Rank-Y: 10 ; Rowstart: 15; Rowend: 21; Rows: 6; Colstart: 20; Colend: 21; Cols: 1;
===================================================================================
=   BAD TERMINATION OF ONE OF YOUR APPLICATION PROCESSES
=   RANK 24 PID 1676157 RUNNING AT i01r01c02s07
=   KILLED BY SIGNAL: 9 (Killed)
===================================================================================

===================================================================================
=   BAD TERMINATION OF ONE OF YOUR APPLICATION PROCESSES
=   RANK 36 PID 2824153 RUNNING AT i01r01c02s08
=   KILLED BY SIGNAL: 9 (Killed)
===================================================================================

===================================================================================
=   BAD TERMINATION OF ONE OF YOUR APPLICATION PROCESSES
=   RANK 37 PID 2824154 RUNNING AT i01r01c02s08
=   KILLED BY SIGNAL: 9 (Killed)
===================================================================================

===================================================================================
=   BAD TERMINATION OF ONE OF YOUR APPLICATION PROCESSES
=   RANK 0 PID 517116 RUNNING AT i01r01c01s01
=   KILLED BY SIGNAL: 9 (Killed)
===================================================================================

===================================================================================
=   BAD TERMINATION OF ONE OF YOUR APPLICATION PROCESSES
=   RANK 1 PID 517117 RUNNING AT i01r01c01s01
=   KILLED BY SIGNAL: 9 (Killed)
===================================================================================

===================================================================================
=   BAD TERMINATION OF ONE OF YOUR APPLICATION PROCESSES
=   RANK 2 PID 517118 RUNNING AT i01r01c01s01
=   KILLED BY SIGNAL: 9 (Killed)
===================================================================================

===================================================================================

===================================================================================
=   BAD TERMINATION OF ONE OF YOUR APPLICATION PROCESSES
=   RANK 12 PID 2272142 RUNNING AT i01r01c01s02
=   KILLED BY SIGNAL: 9 (Killed)
===================================================================================

===================================================================================
=   BAD TERMINATION OF ONE OF YOUR APPLICATION PROCESSES
=   RANK 13 PID 2272143 RUNNING AT i01r01c01s02
=   KILLED BY SIGNAL: 9 (Killed)
===================================================================================

===================================================================================
=   BAD TERMINATION OF ONE OF YOUR APPLICATION PROCESSES
=   RANK 14 PID 2272144 RUNNING AT i01r01c01s02
=   KILLED BY SIGNAL: 9 (Killed)
===================================================================================

===================================================================================

===================================================================================
=   BAD TERMINATION OF ONE OF YOUR APPLICATION PROCESSES
=   RANK 25 PID 1676158 RUNNING AT i01r01c02s07
=   KILLED BY SIGNAL: 9 (Killed)
===================================================================================

===================================================================================
=   BAD TERMINATION OF ONE OF YOUR APPLICATION PROCESSES
=   RANK 26 PID 1676159 RUNNING AT i01r01c02s07
=   KILLED BY SIGNAL: 9 (Killed)
===================================================================================

===================================================================================
=   BAD TERMINATION OF ONE OF YOUR APPLICATION PROCESSES
=   RANK 27 PID 1676160 RUNNING AT i01r01c02s07
=   KILLED BY SIGNAL: 9 (Killed)
===================================================================================

===================================================================================
=   BAD TERMINATION OF ONE OF YOUR APPLICATION PROCESSES
=   RANK 28 PID 1676161 RUNNING AT i01r01c02s07
=   KILLED BY SIGNAL: 9 (Killed)
===================================================================================

===================================================================================
=   BAD TERMINATION OF ONE OF YOUR APPLICATION PROCESSES
=   RANK 29 PID 1676162 RUNNING AT i01r01c02s07
=   KILLED BY SIGNAL: 9 (Killed)
===================================================================================

===================================================================================
=   BAD TERMINATION OF ONE OF YOUR APPLICATION PROCESSES
=   RANK 30 PID 1676163 RUNNING AT i01r01c02s07
=   KILLED BY SIGNAL: 9 (Killed)
===================================================================================

===================================================================================
=   BAD TERMINATION OF ONE OF YOUR APPLICATION PROCESSES
=   RANK 31 PID 1676164 RUNNING AT i01r01c02s07
=   KILLED BY SIGNAL: 9 (Killed)
===================================================================================

===================================================================================
=   BAD TERMINATION OF ONE OF YOUR APPLICATION PROCESSES
=   RANK 32 PID 1676165 RUNNING AT i01r01c02s07
=   KILLED BY SIGNAL: 9 (Killed)
===================================================================================

===================================================================================
=   BAD TERMINATION OF ONE OF YOUR APPLICATION PROCESSES
=   RANK 33 PID 1676166 RUNNING AT i01r01c02s07
=   KILLED BY SIGNAL: 9 (Killed)
===================================================================================

===================================================================================
=   BAD TERMINATION OF ONE OF YOUR APPLICATION PROCESSES
=   RANK 34 PID 1676167 RUNNING AT i01r01c02s07
=   KILLED BY SIGNAL: 9 (Killed)
===================================================================================

===================================================================================
=   BAD TERMINATION OF ONE OF YOUR APPLICATION PROCESSES
=   RANK 35 PID 1676168 RUNNING AT i01r01c02s07
=   KILLED BY SIGNAL: 11 (Segmentation fault)
===================================================================================

===================================================================================
=   BAD TERMINATION OF ONE OF YOUR APPLICATION PROCESSES
=   RANK 38 PID 2824155 RUNNING AT i01r01c02s08
=   KILLED BY SIGNAL: 9 (Killed)
===================================================================================

===================================================================================
=   BAD TERMINATION OF ONE OF YOUR APPLICATION PROCESSES
=   RANK 39 PID 2824156 RUNNING AT i01r01c02s08
=   KILLED BY SIGNAL: 9 (Killed)
===================================================================================

===================================================================================
=   BAD TERMINATION OF ONE OF YOUR APPLICATION PROCESSES
=   RANK 40 PID 2824157 RUNNING AT i01r01c02s08
=   KILLED BY SIGNAL: 9 (Killed)
===================================================================================

===================================================================================
=   BAD TERMINATION OF ONE OF YOUR APPLICATION PROCESSES
=   RANK 41 PID 2824158 RUNNING AT i01r01c02s08
=   KILLED BY SIGNAL: 9 (Killed)
===================================================================================

===================================================================================
=   BAD TERMINATION OF ONE OF YOUR APPLICATION PROCESSES
=   RANK 42 PID 2824159 RUNNING AT i01r01c02s08
=   KILLED BY SIGNAL: 9 (Killed)
===================================================================================

===================================================================================
=   BAD TERMINATION OF ONE OF YOUR APPLICATION PROCESSES
=   RANK 43 PID 2824160 RUNNING AT i01r01c02s08
=   KILLED BY SIGNAL: 9 (Killed)
===================================================================================

===================================================================================
=   BAD TERMINATION OF ONE OF YOUR APPLICATION PROCESSES
=   RANK 44 PID 2824161 RUNNING AT i01r01c02s08
=   KILLED BY SIGNAL: 9 (Killed)
===================================================================================

===================================================================================
=   BAD TERMINATION OF ONE OF YOUR APPLICATION PROCESSES
=   RANK 45 PID 2824162 RUNNING AT i01r01c02s08
=   KILLED BY SIGNAL: 9 (Killed)
===================================================================================

===================================================================================
=   BAD TERMINATION OF ONE OF YOUR APPLICATION PROCESSES
=   RANK 46 PID 2824163 RUNNING AT i01r01c02s08
=   KILLED BY SIGNAL: 9 (Killed)
===================================================================================

===================================================================================
=   BAD TERMINATION OF ONE OF YOUR APPLICATION PROCESSES
=   RANK 47 PID 2824164 RUNNING AT i01r01c02s08
=   KILLED BY SIGNAL: 11 (Segmentation fault)
===================================================================================
=   BAD TERMINATION OF ONE OF YOUR APPLICATION PROCESSES
=   RANK 3 PID 517119 RUNNING AT i01r01c01s01
=   KILLED BY SIGNAL: 9 (Killed)
===================================================================================

===================================================================================
=   BAD TERMINATION OF ONE OF YOUR APPLICATION PROCESSES
=   RANK 4 PID 517120 RUNNING AT i01r01c01s01
=   KILLED BY SIGNAL: 9 (Killed)
===================================================================================

===================================================================================
=   BAD TERMINATION OF ONE OF YOUR APPLICATION PROCESSES
=   RANK 5 PID 517121 RUNNING AT i01r01c01s01
=   KILLED BY SIGNAL: 9 (Killed)
===================================================================================

===================================================================================
=   BAD TERMINATION OF ONE OF YOUR APPLICATION PROCESSES
=   RANK 6 PID 517122 RUNNING AT i01r01c01s01
=   KILLED BY SIGNAL: 9 (Killed)
===================================================================================

===================================================================================
=   BAD TERMINATION OF ONE OF YOUR APPLICATION PROCESSES
=   RANK 7 PID 517123 RUNNING AT i01r01c01s01
=   KILLED BY SIGNAL: 9 (Killed)
===================================================================================

===================================================================================
=   BAD TERMINATION OF ONE OF YOUR APPLICATION PROCESSES
=   RANK 8 PID 517124 RUNNING AT i01r01c01s01
=   KILLED BY SIGNAL: 9 (Killed)
===================================================================================

===================================================================================
=   BAD TERMINATION OF ONE OF YOUR APPLICATION PROCESSES
=   RANK 9 PID 517125 RUNNING AT i01r01c01s01
=   KILLED BY SIGNAL: 9 (Killed)
===================================================================================

===================================================================================
=   BAD TERMINATION OF ONE OF YOUR APPLICATION PROCESSES
=   RANK 10 PID 517126 RUNNING AT i01r01c01s01
=   KILLED BY SIGNAL: 9 (Killed)
===================================================================================

===================================================================================
=   BAD TERMINATION OF ONE OF YOUR APPLICATION PROCESSES
=   RANK 11 PID 517127 RUNNING AT i01r01c01s01
=   KILLED BY SIGNAL: 11 (Segmentation fault)
===================================================================================
=   BAD TERMINATION OF ONE OF YOUR APPLICATION PROCESSES
=   RANK 15 PID 2272145 RUNNING AT i01r01c01s02
=   KILLED BY SIGNAL: 9 (Killed)
===================================================================================

===================================================================================
=   BAD TERMINATION OF ONE OF YOUR APPLICATION PROCESSES
=   RANK 16 PID 2272146 RUNNING AT i01r01c01s02
=   KILLED BY SIGNAL: 9 (Killed)
===================================================================================

===================================================================================
=   BAD TERMINATION OF ONE OF YOUR APPLICATION PROCESSES
=   RANK 17 PID 2272147 RUNNING AT i01r01c01s02
=   KILLED BY SIGNAL: 9 (Killed)
===================================================================================

===================================================================================
=   BAD TERMINATION OF ONE OF YOUR APPLICATION PROCESSES
=   RANK 18 PID 2272148 RUNNING AT i01r01c01s02
=   KILLED BY SIGNAL: 9 (Killed)
===================================================================================

===================================================================================
=   BAD TERMINATION OF ONE OF YOUR APPLICATION PROCESSES
=   RANK 19 PID 2272149 RUNNING AT i01r01c01s02
=   KILLED BY SIGNAL: 9 (Killed)
===================================================================================

===================================================================================
=   BAD TERMINATION OF ONE OF YOUR APPLICATION PROCESSES
=   RANK 20 PID 2272150 RUNNING AT i01r01c01s02
=   KILLED BY SIGNAL: 9 (Killed)
===================================================================================

===================================================================================
=   BAD TERMINATION OF ONE OF YOUR APPLICATION PROCESSES
=   RANK 21 PID 2272151 RUNNING AT i01r01c01s02
=   KILLED BY SIGNAL: 9 (Killed)
===================================================================================

===================================================================================
=   BAD TERMINATION OF ONE OF YOUR APPLICATION PROCESSES
=   RANK 22 PID 2272152 RUNNING AT i01r01c01s02
=   KILLED BY SIGNAL: 9 (Killed)
===================================================================================

===================================================================================
=   BAD TERMINATION OF ONE OF YOUR APPLICATION PROCESSES
=   RANK 23 PID 2272153 RUNNING AT i01r01c01s02
=   KILLED BY SIGNAL: 11 (Segmentation fault)
===================================================================================
