mpiexec -genv I_MPI_DEBUG=4 -n 96
[0] MPI startup(): Intel(R) MPI Library, Version 2019 Update 8  Build 20200624 (id: 4f16ad915)
[0] MPI startup(): Copyright (C) 2003-2020 Intel Corporation.  All rights reserved.
[0] MPI startup(): library kind: release
[0] MPI startup(): libfabric version: 1.10.1-impi
[0] MPI startup(): libfabric provider: psm2
[0] MPI startup(): Rank    Pid      Node name     Pin cpu
[0] MPI startup(): 0       2826492  i01r01c02s08  {0,1,48,49}
[0] MPI startup(): 1       2826493  i01r01c02s08  {2,3,50,51}
[0] MPI startup(): 2       2826494  i01r01c02s08  {4,5,52,53}
[0] MPI startup(): 3       2826495  i01r01c02s08  {6,7,54,55}
[0] MPI startup(): 4       2826496  i01r01c02s08  {8,9,56,57}
[0] MPI startup(): 5       2826497  i01r01c02s08  {10,11,58,59}
[0] MPI startup(): 6       2826498  i01r01c02s08  {12,13,60,61}
[0] MPI startup(): 7       2826499  i01r01c02s08  {14,15,62,63}
[0] MPI startup(): 8       2826500  i01r01c02s08  {16,17,64,65}
[0] MPI startup(): 9       2826501  i01r01c02s08  {18,19,66,67}
[0] MPI startup(): 10      2826502  i01r01c02s08  {20,21,68,69}
[0] MPI startup(): 11      2826503  i01r01c02s08  {22,23,70,71}
[0] MPI startup(): 12      2826504  i01r01c02s08  {24,25,72,73}
[0] MPI startup(): 13      2826505  i01r01c02s08  {26,27,74,75}
[0] MPI startup(): 14      2826506  i01r01c02s08  {28,29,76,77}
[0] MPI startup(): 15      2826507  i01r01c02s08  {30,31,78,79}
[0] MPI startup(): 16      2826508  i01r01c02s08  {32,33,80,81}
[0] MPI startup(): 17      2826509  i01r01c02s08  {34,35,82,83}
[0] MPI startup(): 18      2826510  i01r01c02s08  {36,37,84,85}
[0] MPI startup(): 19      2826511  i01r01c02s08  {38,39,86,87}
[0] MPI startup(): 20      2826512  i01r01c02s08  {40,41,88,89}
[0] MPI startup(): 21      2826513  i01r01c02s08  {42,43,90,91}
[0] MPI startup(): 22      2826514  i01r01c02s08  {44,45,92,93}
[0] MPI startup(): 23      2826515  i01r01c02s08  {46,47,94,95}
[0] MPI startup(): 24      3566363  i01r01c02s09  {0,1,48,49}
[0] MPI startup(): 25      3566364  i01r01c02s09  {2,3,50,51}
[0] MPI startup(): 26      3566365  i01r01c02s09  {4,5,52,53}
[0] MPI startup(): 27      3566366  i01r01c02s09  {6,7,54,55}
[0] MPI startup(): 28      3566367  i01r01c02s09  {8,9,56,57}
[0] MPI startup(): 29      3566368  i01r01c02s09  {10,11,58,59}
[0] MPI startup(): 30      3566369  i01r01c02s09  {12,13,60,61}
[0] MPI startup(): 31      3566370  i01r01c02s09  {14,15,62,63}
[0] MPI startup(): 32      3566371  i01r01c02s09  {16,17,64,65}
[0] MPI startup(): 33      3566372  i01r01c02s09  {18,19,66,67}
[0] MPI startup(): 34      3566373  i01r01c02s09  {20,21,68,69}
[0] MPI startup(): 35      3566374  i01r01c02s09  {22,23,70,71}
[0] MPI startup(): 36      3566375  i01r01c02s09  {24,25,72,73}
[0] MPI startup(): 37      3566376  i01r01c02s09  {26,27,74,75}
[0] MPI startup(): 38      3566377  i01r01c02s09  {28,29,76,77}
[0] MPI startup(): 39      3566378  i01r01c02s09  {30,31,78,79}
[0] MPI startup(): 40      3566379  i01r01c02s09  {32,33,80,81}
[0] MPI startup(): 41      3566380  i01r01c02s09  {34,35,82,83}
[0] MPI startup(): 42      3566381  i01r01c02s09  {36,37,84,85}
[0] MPI startup(): 43      3566382  i01r01c02s09  {38,39,86,87}
[0] MPI startup(): 44      3566383  i01r01c02s09  {40,41,88,89}
[0] MPI startup(): 45      3566384  i01r01c02s09  {42,43,90,91}
[0] MPI startup(): 46      3566385  i01r01c02s09  {44,45,92,93}
[0] MPI startup(): 47      3566386  i01r01c02s09  {46,47,94,95}
[0] MPI startup(): 48      1852778  i01r01c02s10  {0,1,48,49}
[0] MPI startup(): 49      1852779  i01r01c02s10  {2,3,50,51}
[0] MPI startup(): 50      1852780  i01r01c02s10  {4,5,52,53}
[0] MPI startup(): 51      1852781  i01r01c02s10  {6,7,54,55}
[0] MPI startup(): 52      1852782  i01r01c02s10  {8,9,56,57}
[0] MPI startup(): 53      1852783  i01r01c02s10  {10,11,58,59}
[0] MPI startup(): 54      1852784  i01r01c02s10  {12,13,60,61}
[0] MPI startup(): 55      1852785  i01r01c02s10  {14,15,62,63}
[0] MPI startup(): 56      1852786  i01r01c02s10  {16,17,64,65}
[0] MPI startup(): 57      1852787  i01r01c02s10  {18,19,66,67}
[0] MPI startup(): 58      1852788  i01r01c02s10  {20,21,68,69}
[0] MPI startup(): 59      1852789  i01r01c02s10  {22,23,70,71}
[0] MPI startup(): 60      1852790  i01r01c02s10  {24,25,72,73}
[0] MPI startup(): 61      1852791  i01r01c02s10  {26,27,74,75}
[0] MPI startup(): 62      1852792  i01r01c02s10  {28,29,76,77}
[0] MPI startup(): 63      1852793  i01r01c02s10  {30,31,78,79}
[0] MPI startup(): 64      1852794  i01r01c02s10  {32,33,80,81}
[0] MPI startup(): 65      1852795  i01r01c02s10  {34,35,82,83}
[0] MPI startup(): 66      1852796  i01r01c02s10  {36,37,84,85}
[0] MPI startup(): 67      1852797  i01r01c02s10  {38,39,86,87}
[0] MPI startup(): 68      1852798  i01r01c02s10  {40,41,88,89}
[0] MPI startup(): 69      1852799  i01r01c02s10  {42,43,90,91}
[0] MPI startup(): 70      1852800  i01r01c02s10  {44,45,92,93}
[0] MPI startup(): 71      1852801  i01r01c02s10  {46,47,94,95}
[0] MPI startup(): 72      516568   i01r01c02s11  {0,1,48,49}
[0] MPI startup(): 73      516569   i01r01c02s11  {2,3,50,51}
[0] MPI startup(): 74      516570   i01r01c02s11  {4,5,52,53}
[0] MPI startup(): 75      516571   i01r01c02s11  {6,7,54,55}
[0] MPI startup(): 76      516572   i01r01c02s11  {8,9,56,57}
[0] MPI startup(): 77      516573   i01r01c02s11  {10,11,58,59}
[0] MPI startup(): 78      516574   i01r01c02s11  {12,13,60,61}
[0] MPI startup(): 79      516575   i01r01c02s11  {14,15,62,63}
[0] MPI startup(): 80      516576   i01r01c02s11  {16,17,64,65}
[0] MPI startup(): 81      516577   i01r01c02s11  {18,19,66,67}
[0] MPI startup(): 82      516578   i01r01c02s11  {20,21,68,69}
[0] MPI startup(): 83      516579   i01r01c02s11  {22,23,70,71}
[0] MPI startup(): 84      516580   i01r01c02s11  {24,25,72,73}
[0] MPI startup(): 85      516581   i01r01c02s11  {26,27,74,75}
[0] MPI startup(): 86      516582   i01r01c02s11  {28,29,76,77}
[0] MPI startup(): 87      516583   i01r01c02s11  {30,31,78,79}
[0] MPI startup(): 88      516584   i01r01c02s11  {32,33,80,81}
[0] MPI startup(): 89      516585   i01r01c02s11  {34,35,82,83}
[0] MPI startup(): 90      516586   i01r01c02s11  {36,37,84,85}
[0] MPI startup(): 91      516587   i01r01c02s11  {38,39,86,87}
[0] MPI startup(): 92      516588   i01r01c02s11  {40,41,88,89}
[0] MPI startup(): 93      516589   i01r01c02s11  {42,43,90,91}
[0] MPI startup(): 94      516590   i01r01c02s11  {44,45,92,93}
[0] MPI startup(): 95      516591   i01r01c02s11  {46,47,94,95}

8 processes distributed in X-direction
 12 ; processes distributed in Y-direction
Resolutions       : (20, 120, ... 20)
Iterations        : 20
Num. Heat sources : 2
   1: (0.00, 0.00) 1.00 1.00 
   2: (1.00, 1.00) 1.00 0.50 
rank= 13 coords= 1 1 neighbours(up,down,left,right)= 1 25 12 14
rank= 72 coords= 6 0 neighbours(up,down,left,right)= 60 84 -1 73
rank= 48 coords= 4 0 neighbours(up,down,left,right)= 36 60 -1 49

Num-X: 12 ; Num-Y: 8 ; Resolution: 20 ; Rank: 48 ; Rank-X: 4 ; Rank-Y: 0 ; Rowstart: 12; Rowend: 16; Rows: 4; Colstart: 0; Colend: 3; Cols: 3;rank= 16 coords= 1 4 neighbours(up,down,left,right)= 4 28 15 17

Num-X: 12 ; Num-Y: 8 ; Resolution: 20 ; Rank: 16 ; Rank-X: 1 ; Rank-Y: 4 ; Rowstart: 3; Rowend: 7; Rows: 4; Colstart: 8; Colend: 11; Cols: 3;rank= 73 coords= 6 1 neighbours(up,down,left,right)= 61 85 72 74
rank= 49 coords= 4 1 neighbours(up,down,left,right)= 37 61 48 50

Num-X: 12 ; Num-Y: 8 ; Resolution: 20 ; Rank: 49 ; Rank-X: 4 ; Rank-Y: 1 ; Rowstart: 12; Rowend: 16; Rows: 4; Colstart: 2; Colend: 5; Cols: 3;rank= 24 coords= 2 0 neighbours(up,down,left,right)= 12 36 -1 25

Num-X: 12 ; Num-Y: 8 ; Resolution: 20 ; Rank: 24 ; Rank-X: 2 ; Rank-Y: 0 ; Rowstart: 6; Rowend: 10; Rows: 4; Colstart: 0; Colend: 3; Cols: 3;rank= 17 coords= 1 5 neighbours(up,down,left,right)= 5 29 16 18

Num-X: 12 ; Num-Y: 8 ; Resolution: 20 ; Rank: 17 ; Rank-X: 1 ; Rank-Y: 5 ; Rowstart: 3; Rowend: 7; Rows: 4; Colstart: 10; Colend: 13; Cols: 3;rank= 74 coords= 6 2 neighbours(up,down,left,right)= 62 86 73 75

Num-X: 12 ; Num-Y: 8 ; Resolution: 20 ; Rank: 74 ; Rank-X: 6 ; Rank-Y: 2 ; Rowstart: 18; Rowend: 21; Rows: 3; Colstart: 4; Colend: 7; Cols: 3;rank= 50 coords= 4 2 neighbours(up,down,left,right)= 38 62 49 51

Num-X: 12 ; Num-Y: 8 ; Resolution: 20 ; Rank: 50 ; Rank-X: 4 ; Rank-Y: 2 ; Rowstart: 12; Rowend: 16; Rows: 4; Colstart: 4; Colend: 7; Cols: 3;rank= 25 coords= 2 1 neighbours(up,down,left,right)= 13 37 24 26

Num-X: 12 ; Num-Y: 8 ; Resolution: 20 ; Rank: 25 ; Rank-X: 2 ; Rank-Y: 1 ; Rowstart: 6; Rowend: 10; Rows: 4; Colstart: 2; Colend: 5; Cols: 3;rank= 18 coords= 1 6 neighbours(up,down,left,right)= 6 30 17 19

Num-X: 12 ; Num-Y: 8 ; Resolution: 20 ; Rank: 18 ; Rank-X: 1 ; Rank-Y: 6 ; Rowstart: 3; Rowend: 7; Rows: 4; Colstart: 12; Colend: 15; Cols: 3;rank= 75 coords= 6 3 neighbours(up,down,left,right)= 63 87 74 76
rank= 52 coords= 4 4 neighbours(up,down,left,right)= 40 64 51 53

Num-X: 12 ; Num-Y: 8 ; Resolution: 20 ; Rank: 52 ; Rank-X: 4 ; Rank-Y: 4 ; Rowstart: 12; Rowend: 16; Rows: 4; Colstart: 8; Colend: 11; Cols: 3;rank= 32 coords= 2 8 neighbours(up,down,left,right)= 20 44 31 33

Num-X: 12 ; Num-Y: 8 ; Resolution: 20 ; Rank: 32 ; Rank-X: 2 ; Rank-Y: 8 ; Rowstart: 6; Rowend: 10; Rows: 4; Colstart: 16; Colend: 19; Cols: 3;rank= 20 coords= 1 8 neighbours(up,down,left,right)= 8 32 19 21

Num-X: 12 ; Num-Y: 8 ; Resolution: 20 ; Rank: 20 ; Rank-X: 1 ; Rank-Y: 8 ; Rowstart: 3; Rowend: 7; Rows: 4; Colstart: 16; Colend: 19; Cols: 3;rank= 76 coords= 6 4 neighbours(up,down,left,right)= 64 88 75 77

Num-X: 12 ; Num-Y: 8 ; Resolution: 20 ; Rank: 76 ; Rank-X: 6 ; Rank-Y: 4 ; Rowstart: 18; Rowend: 21; Rows: 3; Colstart: 8; Colend: 11; Cols: 3;rank= 54 coords= 4 6 neighbours(up,down,left,right)= 42 66 53 55

Num-X: 12 ; Num-Y: 8 ; Resolution: 20 ; Rank: 54 ; Rank-X: 4 ; Rank-Y: 6 ; Rowstart: 12; Rowend: 16; Rows: 4; Colstart: 12; Colend: 15; Cols: 3;rank= 34 coords= 2 10 neighbours(up,down,left,right)= 22 46 33 35

Num-X: 12 ; Num-Y: 8 ; Resolution: 20 ; Rank: 34 ; Rank-X: 2 ; Rank-Y: 10 ; Rowstart: 6; Rowend: 10; Rows: 4; Colstart: 20; Colend: 21; Cols: 1;rank= 23 coords= 1 11 neighbours(up,down,left,right)= 11 35 22 -1

Num-X: 12 ; Num-Y: 8 ; Resolution: 20 ; Rank: 23 ; Rank-X: 1 ; Rank-Y: 11 ; Rowstart: 3; Rowend: 7; Rows: 4; Colstart: 22; Colend: 21; Cols: -1;rank= 77 coords= 6 5 neighbours(up,down,left,right)= 65 89 76 78

Num-X: 12 ; Num-Y: 8 ; Resolution: 20 ; Rank: 77 ; Rank-X: 6 ; Rank-Y: 5 ; Rowstart: 18; Rowend: 21; Rows: 3; Colstart: 10; Colend: 13; Cols: 3;rank= 56 coords= 4 8 neighbours(up,down,left,right)= 44 68 55 57

Num-X: 12 ; Num-Y: 8 ; Resolution: 20 ; Rank: 56 ; Rank-X: 4 ; Rank-Y: 8 ; Rowstart: 12; Rowend: 16; Rows: 4; Colstart: 16; Colend: 19; Cols: 3;rank= 36 coords= 3 0 neighbours(up,down,left,right)= 24 48 -1 37

Num-X: 12 ; Num-Y: 8 ; Resolution: 20 ; Rank: 36 ; Rank-X: 3 ; Rank-Y: 0 ; Rowstart: 9; Rowend: 13; Rows: 4; Colstart: 0; Colend: 3; Cols: 3;rank= 0 coords= 0 0 neighbours(up,down,left,right)= -1 12 -1 1

Num-X: 12 ; Num-Y: 8 ; Resolution: 20 ; Rank: 0 ; Rank-X: 0 ; Rank-Y: 0 ; Rowstart: 0; Rowend: 4; Rows: 4; Colstart: 0; Colend: 3; Cols: 3;rank= 78 coords= 6 6 neighbours(up,down,left,right)= 66 90 77 79

Num-X: 12 ; Num-Y: 8 ; Resolution: 20 ; Rank: 78 ; Rank-X: 6 ; Rank-Y: 6 ; Rowstart: 18; Rowend: 21; Rows: 3; Colstart: 12; Colend: 15; Cols: 3;rank= 58 coords= 4 10 neighbours(up,down,left,right)= 46 70 57 59

Num-X: 12 ; Num-Y: 8 ; Resolution: 20 ; Rank: 58 ; Rank-X: 4 ; Rank-Y: 10 ; Rowstart: 12; Rowend: 16; Rows: 4; Colstart: 20; Colend: 21; Cols: 1;rank= 37 coords= 3 1 neighbours(up,down,left,right)= 25 49 36 38

Num-X: 12 ; Num-Y: 8 ; Resolution: 20 ; Rank: 37 ; Rank-X: 3 ; Rank-Y: 1 ; Rowstart: 9; Rowend: 13; Rows: 4; Colstart: 2; Colend: 5; Cols: 3;rank= 1 coords= 0 1 neighbours(up,down,left,right)= -1 13 0 2
rank= 79 coords= 6 7 neighbours(up,down,left,right)= 67 91 78 80

Num-X: 12 ; Num-Y: 8 ; Resolution: 20 ; Rank: 79 ; Rank-X: 6 ; Rank-Y: 7 ; Rowstart: 18; Rowend: 21; Rows: 3; Colstart: 14; Colend: 17; Cols: 3;rank= 60 coords= 5 0 neighbours(up,down,left,right)= 48 72 -1 61

Num-X: 12 ; Num-Y: 8 ; Resolution: 20 ; Rank: 60 ; Rank-X: 5 ; Rank-Y: 0 ; Rowstart: 15; Rowend: 19; Rows: 4; Colstart: 0; Colend: 3; Cols: 3;rank= 38 coords= 3 2 neighbours(up,down,left,right)= 26 50 37 39

Num-X: 12 ; Num-Y: 8 ; Resolution: 20 ; Rank: 38 ; Rank-X: 3 ; Rank-Y: 2 ; Rowstart: 9; Rowend: 13; Rows: 4; Colstart: 4; Colend: 7; Cols: 3;rank= 2 coords= 0 2 neighbours(up,down,left,right)= -1 14 1 3

Num-X: 12 ; Num-Y: 8 ; Resolution: 20 ; Rank: 2 ; Rank-X: 0 ; Rank-Y: 2 ; Rowstart: 0; Rowend: 4; Rows: 4; Colstart: 4; Colend: 7; Cols: 3;rank= 80 coords= 6 8 neighbours(up,down,left,right)= 68 92 79 81

Num-X: 12 ; Num-Y: 8 ; Resolution: 20 ; Rank: 80 ; Rank-X: 6 ; Rank-Y: 8 ; Rowstart: 18; Rowend: 21; Rows: 3; Colstart: 16; Colend: 19; Cols: 3;rank= 64 coords= 5 4 neighbours(up,down,left,right)= 52 76 63 65

Num-X: 12 ; Num-Y: 8 ; Resolution: 20 ; Rank: 64 ; Rank-X: 5 ; Rank-Y: 4 ; Rowstart: 15; Rowend: 19; Rows: 4; Colstart: 8; Colend: 11; Cols: 3;rank= 40 coords= 3 4 neighbours(up,down,left,right)= 28 52 39 41

Num-X: 12 ; Num-Y: 8 ; Resolution: 20 ; Rank: 40 ; Rank-X: 3 ; Rank-Y: 4 ; Rowstart: 9; Rowend: 13; Rows: 4; Colstart: 8; Colend: 11; Cols: 3;rank= 3 coords= 0 3 neighbours(up,down,left,right)= -1 15 2 4
rank= 82 coords= 6 10 neighbours(up,down,left,right)= 70 94 81 83

Num-X: 12 ; Num-Y: 8 ; Resolution: 20 ; Rank: 82 ; Rank-X: 6 ; Rank-Y: 10 ; Rowstart: 18; Rowend: 21; Rows: 3; Colstart: 20; Colend: 21; Cols: 1;rank= 65 coords= 5 5 neighbours(up,down,left,right)= 53 77 64 66

Num-X: 12 ; Num-Y: 8 ; Resolution: 20 ; Rank: 65 ; Rank-X: 5 ; Rank-Y: 5 ; Rowstart: 15; Rowend: 19; Rows: 4; Colstart: 10; Colend: 13; Cols: 3;rank= 41 coords= 3 5 neighbours(up,down,left,right)= 29 53 40 42

Num-X: 12 ; Num-Y: 8 ; Resolution: 20 ; Rank: 41 ; Rank-X: 3 ; Rank-Y: 5 ; Rowstart: 9; Rowend: 13; Rows: 4; Colstart: 10; Colend: 13; Cols: 3;rank= 4 coords= 0 4 neighbours(up,down,left,right)= -1 16 3 5

Num-X: 12 ; Num-Y: 8 ; Resolution: 20 ; Rank: 4 ; Rank-X: 0 ; Rank-Y: 4 ; Rowstart: 0; Rowend: 4; Rows: 4; Colstart: 8; Colend: 11; Cols: 3;rank= 83 coords= 6 11 neighbours(up,down,left,right)= 71 95 82 -1

Num-X: 12 ; Num-Y: 8 ; Resolution: 20 ; Rank: 83 ; Rank-X: 6 ; Rank-Y: 11 ; Rowstart: 18; Rowend: 21; Rows: 3; Colstart: 22; Colend: 21; Cols: -1;rank= 66 coords= 5 6 neighbours(up,down,left,right)= 54 78 65 67

Num-X: 12 ; Num-Y: 8 ; Resolution: 20 ; Rank: 66 ; Rank-X: 5 ; Rank-Y: 6 ; Rowstart: 15; Rowend: 19; Rows: 4; Colstart: 12; Colend: 15; Cols: 3;rank= 42 coords= 3 6 neighbours(up,down,left,right)= 30 54 41 43

Num-X: 12 ; Num-Y: 8 ; Resolution: 20 ; Rank: 42 ; Rank-X: 3 ; Rank-Y: 6 ; Rowstart: 9; Rowend: 13; Rows: 4; Colstart: 12; Colend: 15; Cols: 3;rank= 5 coords= 0 5 neighbours(up,down,left,right)= -1 17 4 6

Num-X: 12 ; Num-Y: 8 ; Resolution: 20 ; Rank: 5 ; Rank-X: 0 ; Rank-Y: 5 ; Rowstart: 0; Rowend: 4; Rows: 4; Colstart: 10; Colend: 13; Cols: 3;rank= 84 coords= 7 0 neighbours(up,down,left,right)= 72 -1 -1 85

Num-X: 12 ; Num-Y: 8 ; Resolution: 20 ; Rank: 84 ; Rank-X: 7 ; Rank-Y: 0 ; Rowstart: 21; Rowend: 21; Rows: 0; Colstart: 0; Colend: 3; Cols: 3;rank= 67 coords= 5 7 neighbours(up,down,left,right)= 55 79 66 68

Num-X: 12 ; Num-Y: 8 ; Resolution: 20 ; Rank: 67 ; Rank-X: 5 ; Rank-Y: 7 ; Rowstart: 15; Rowend: 19; Rows: 4; Colstart: 14; Colend: 17; Cols: 3;rank= 43 coords= 3 7 neighbours(up,down,left,right)= 31 55 42 44

Num-X: 12 ; Num-Y: 8 ; Resolution: 20 ; Rank: 43 ; Rank-X: 3 ; Rank-Y: 7 ; Rowstart: 9; Rowend: 13; Rows: 4; Colstart: 14; Colend: 17; Cols: 3;rank= 6 coords= 0 6 neighbours(up,down,left,right)= -1 18 5 7

Num-X: 12 ; Num-Y: 8 ; Resolution: 20 ; Rank: 6 ; Rank-X: 0 ; Rank-Y: 6 ; Rowstart: 0; Rowend: 4; Rows: 4; Colstart: 12; Colend: 15; Cols: 3;rank= 85 coords= 7 1 neighbours(up,down,left,right)= 73 -1 84 86

Num-X: 12 ; Num-Y: 8 ; Resolution: 20 ; Rank: 85 ; Rank-X: 7 ; Rank-Y: 1 ; Rowstart: 21; Rowend: 21; Rows: 0; Colstart: 2; Colend: 5; Cols: 3;rank= 68 coords= 5 8 neighbours(up,down,left,right)= 56 80 67 69

Num-X: 12 ; Num-Y: 8 ; Resolution: 20 ; Rank: 68 ; Rank-X: 5 ; Rank-Y: 8 ; Rowstart: 15; Rowend: 19; Rows: 4; Colstart: 16; Colend: 19; Cols: 3;rank= 44 coords= 3 8 neighbours(up,down,left,right)= 32 56 43 45

Num-X: 12 ; Num-Y: 8 ; Resolution: 20 ; Rank: 44 ; Rank-X: 3 ; Rank-Y: 8 ; Rowstart: 9; Rowend: 13; Rows: 4; Colstart: 16; Colend: 19; Cols: 3;rank= 7 coords= 0 7 neighbours(up,down,left,right)= -1 19 6 8

Num-X: 12 ; Num-Y: 8 ; Resolution: 20 ; Rank: 7 ; Rank-X: 0 ; Rank-Y: 7 ; Rowstart: 0; Rowend: 4; Rows: 4; Colstart: 14; Colend: 17; Cols: 3;rank= 86 coords= 7 2 neighbours(up,down,left,right)= 74 -1 85 87

Num-X: 12 ; Num-Y: 8 ; Resolution: 20 ; Rank: 86 ; Rank-X: 7 ; Rank-Y: 2 ; Rowstart: 21; Rowend: 21; Rows: 0; Colstart: 4; Colend: 7; Cols: 3;rank= 69 coords= 5 9 neighbours(up,down,left,right)= 57 81 68 70

Num-X: 12 ; Num-Y: 8 ; Resolution: 20 ; Rank: 69 ; Rank-X: 5 ; Rank-Y: 9 ; Rowstart: 15; Rowend: 19; Rows: 4; Colstart: 18; Colend: 21; Cols: 3;rank= 45 coords= 3 9 neighbours(up,down,left,right)= 33 57 44 46

Num-X: 12 ; Num-Y: 8 ; Resolution: 20 ; Rank: 45 ; Rank-X: 3 ; Rank-Y: 9 ; Rowstart: 9; Rowend: 13; Rows: 4; Colstart: 18; Colend: 21; Cols: 3;rank= 8 coords= 0 8 neighbours(up,down,left,right)= -1 20 7 9

Num-X: 12 ; Num-Y: 8 ; Resolution: 20 ; Rank: 8 ; Rank-X: 0 ; Rank-Y: 8 ; Rowstart: 0; Rowend: 4; Rows: 4; Colstart: 16; Colend: 19; Cols: 3;rank= 87 coords= 7 3 neighbours(up,down,left,right)= 75 -1 86 88

Num-X: 12 ; Num-Y: 8 ; Resolution: 20 ; Rank: 87 ; Rank-X: 7 ; Rank-Y: 3 ; Rowstart: 21; Rowend: 21; Rows: 0; Colstart: 6; Colend: 9; Cols: 3;rank= 70 coords= 5 10 neighbours(up,down,left,right)= 58 82 69 71

Num-X: 12 ; Num-Y: 8 ; Resolution: 20 ; Rank: 70 ; Rank-X: 5 ; Rank-Y: 10 ; Rowstart: 15; Rowend: 19; Rows: 4; Colstart: 20; Colend: 21; Cols: 1;rank= 46 coords= 3 10 neighbours(up,down,left,right)= 34 58 45 47

Num-X: 12 ; Num-Y: 8 ; Resolution: 20 ; Rank: 46 ; Rank-X: 3 ; Rank-Y: 10 ; Rowstart: 9; Rowend: 13; Rows: 4; Colstart: 20; Colend: 21; Cols: 1;rank= 9 coords= 0 9 neighbours(up,down,left,right)= -1 21 8 10

Num-X: 12 ; Num-Y: 8 ; Resolution: 20 ; Rank: 9 ; Rank-X: 0 ; Rank-Y: 9 ; Rowstart: 0; Rowend: 4; Rows: 4; Colstart: 18; Colend: 21; Cols: 3;rank= 88 coords= 7 4 neighbours(up,down,left,right)= 76 -1 87 89

Num-X: 12 ; Num-Y: 8 ; Resolution: 20 ; Rank: 88 ; Rank-X: 7 ; Rank-Y: 4 ; Rowstart: 21; Rowend: 21; Rows: 0; Colstart: 8; Colend: 11; Cols: 3;rank= 51 coords= 4 3 neighbours(up,down,left,right)= 39 63 50 52

Num-X: 12 ; Num-Y: 8 ; Resolution: 20 ; Rank: 51 ; Rank-X: 4 ; Rank-Y: 3 ; Rowstart: 12; Rowend: 16; Rows: 4; Colstart: 6; Colend: 9; Cols: 3;rank= 47 coords= 3 11 neighbours(up,down,left,right)= 35 59 46 -1

Num-X: 12 ; Num-Y: 8 ; Resolution: 20 ; Rank: 47 ; Rank-X: 3 ; Rank-Y: 11 ; Rowstart: 9; Rowend: 13; Rows: 4; Colstart: 22; Colend: 21; Cols: -1;rank= 10 coords= 0 10 neighbours(up,down,left,right)= -1 22 9 11

Num-X: 12 ; Num-Y: 8 ; Resolution: 20 ; Rank: 10 ; Rank-X: 0 ; Rank-Y: 10 ; Rowstart: 0; Rowend: 4; Rows: 4; Colstart: 20; Colend: 21; Cols: 1;rank= 89 coords= 7 5 neighbours(up,down,left,right)= 77 -1 88 90

Num-X: 12 ; Num-Y: 8 ; Resolution: 20 ; Rank: 89 ; Rank-X: 7 ; Rank-Y: 5 ; Rowstart: 21; Rowend: 21; Rows: 0; Colstart: 10; Colend: 13; Cols: 3;rank= 53 coords= 4 5 neighbours(up,down,left,right)= 41 65 52 54

Num-X: 12 ; Num-Y: 8 ; Resolution: 20 ; Rank: 53 ; Rank-X: 4 ; Rank-Y: 5 ; Rowstart: 12; Rowend: 16; Rows: 4; Colstart: 10; Colend: 13; Cols: 3;rank= 26 coords= 2 2 neighbours(up,down,left,right)= 14 38 25 27

Num-X: 12 ; Num-Y: 8 ; Resolution: 20 ; Rank: 26 ; Rank-X: 2 ; Rank-Y: 2 ; Rowstart: 6; Rowend: 10; Rows: 4; Colstart: 4; Colend: 7; Cols: 3;rank= 11 coords= 0 11 neighbours(up,down,left,right)= -1 23 10 -1

Num-X: 12 ; Num-Y: 8 ; Resolution: 20 ; Rank: 11 ; Rank-X: 0 ; Rank-Y: 11 ; Rowstart: 0; Rowend: 4; Rows: 4; Colstart: 22; Colend: 21; Cols: -1;rank= 90 coords= 7 6 neighbours(up,down,left,right)= 78 -1 89 91

Num-X: 12 ; Num-Y: 8 ; Resolution: 20 ; Rank: 90 ; Rank-X: 7 ; Rank-Y: 6 ; Rowstart: 21; Rowend: 21; Rows: 0; Colstart: 12; Colend: 15; Cols: 3;rank= 55 coords= 4 7 neighbours(up,down,left,right)= 43 67 54 56

Num-X: 12 ; Num-Y: 8 ; Resolution: 20 ; Rank: 55 ; Rank-X: 4 ; Rank-Y: 7 ; Rowstart: 12; Rowend: 16; Rows: 4; Colstart: 14; Colend: 17; Cols: 3;rank= 27 coords= 2 3 neighbours(up,down,left,right)= 15 39 26 28

Num-X: 12 ; Num-Y: 8 ; Resolution: 20 ; Rank: 27 ; Rank-X: 2 ; Rank-Y: 3 ; Rowstart: 6; Rowend: 10; Rows: 4; Colstart: 6; Colend: 9; Cols: 3;rank= 12 coords= 1 0 neighbours(up,down,left,right)= 0 24 -1 13

Num-X: 12 ; Num-Y: 8 ; Resolution: 20 ; Rank: 12 ; Rank-X: 1 ; Rank-Y: 0 ; Rowstart: 3; Rowend: 7; Rows: 4; Colstart: 0; Colend: 3; Cols: 3;rank= 91 coords= 7 7 neighbours(up,down,left,right)= 79 -1 90 92

Num-X: 12 ; Num-Y: 8 ; Resolution: 20 ; Rank: 91 ; Rank-X: 7 ; Rank-Y: 7 ; Rowstart: 21; Rowend: 21; Rows: 0; Colstart: 14; Colend: 17; Cols: 3;rank= 57 coords= 4 9 neighbours(up,down,left,right)= 45 69 56 58

Num-X: 12 ; Num-Y: 8 ; Resolution: 20 ; Rank: 57 ; Rank-X: 4 ; Rank-Y: 9 ; Rowstart: 12; Rowend: 16; Rows: 4; Colstart: 18; Colend: 21; Cols: 3;rank= 28 coords= 2 4 neighbours(up,down,left,right)= 16 40 27 29

Num-X: 12 ; Num-Y: 8 ; Resolution: 20 ; Rank: 28 ; Rank-X: 2 ; Rank-Y: 4 ; Rowstart: 6; Rowend: 10; Rows: 4; Colstart: 8; Colend: 11; Cols: 3;
Num-X: 12 ; Num-Y: 8 ; Resolution: 20 ; Rank: 13 ; Rank-X: 1 ; Rank-Y: 1 ; Rowstart: 3; Rowend: 7; Rows: 4; Colstart: 2; Colend: 5; Cols: 3;rank= 92 coords= 7 8 neighbours(up,down,left,right)= 80 -1 91 93

Num-X: 12 ; Num-Y: 8 ; Resolution: 20 ; Rank: 92 ; Rank-X: 7 ; Rank-Y: 8 ; Rowstart: 21; Rowend: 21; Rows: 0; Colstart: 16; Colend: 19; Cols: 3;rank= 59 coords= 4 11 neighbours(up,down,left,right)= 47 71 58 -1

Num-X: 12 ; Num-Y: 8 ; Resolution: 20 ; Rank: 59 ; Rank-X: 4 ; Rank-Y: 11 ; Rowstart: 12; Rowend: 16; Rows: 4; Colstart: 22; Colend: 21; Cols: -1;rank= 29 coords= 2 5 neighbours(up,down,left,right)= 17 41 28 30

Num-X: 12 ; Num-Y: 8 ; Resolution: 20 ; Rank: 29 ; Rank-X: 2 ; Rank-Y: 5 ; Rowstart: 6; Rowend: 10; Rows: 4; Colstart: 10; Colend: 13; Cols: 3;rank= 14 coords= 1 2 neighbours(up,down,left,right)= 2 26 13 15

Num-X: 12 ; Num-Y: 8 ; Resolution: 20 ; Rank: 14 ; Rank-X: 1 ; Rank-Y: 2 ; Rowstart: 3; Rowend: 7; Rows: 4; Colstart: 4; Colend: 7; Cols: 3;rank= 93 coords= 7 9 neighbours(up,down,left,right)= 81 -1 92 94

Num-X: 12 ; Num-Y: 8 ; Resolution: 20 ; Rank: 93 ; Rank-X: 7 ; Rank-Y: 9 ; Rowstart: 21; Rowend: 21; Rows: 0; Colstart: 18; Colend: 21; Cols: 3;rank= 61 coords= 5 1 neighbours(up,down,left,right)= 49 73 60 62

Num-X: 12 ; Num-Y: 8 ; Resolution: 20 ; Rank: 61 ; Rank-X: 5 ; Rank-Y: 1 ; Rowstart: 15; Rowend: 19; Rows: 4; Colstart: 2; Colend: 5; Cols: 3;rank= 30 coords= 2 6 neighbours(up,down,left,right)= 18 42 29 31

Num-X: 12 ; Num-Y: 8 ; Resolution: 20 ; Rank: 30 ; Rank-X: 2 ; Rank-Y: 6 ; Rowstart: 6; Rowend: 10; Rows: 4; Colstart: 12; Colend: 15; Cols: 3;rank= 15 coords= 1 3 neighbours(up,down,left,right)= 3 27 14 16

Num-X: 12 ; Num-Y: 8 ; Resolution: 20 ; Rank: 15 ; Rank-X: 1 ; Rank-Y: 3 ; Rowstart: 3; Rowend: 7; Rows: 4; Colstart: 6; Colend: 9; Cols: 3;rank= 94 coords= 7 10 neighbours(up,down,left,right)= 82 -1 93 95

Num-X: 12 ; Num-Y: 8 ; Resolution: 20 ; Rank: 94 ; Rank-X: 7 ; Rank-Y: 10 ; Rowstart: 21; Rowend: 21; Rows: 0; Colstart: 20; Colend: 21; Cols: 1;rank= 62 coords= 5 2 neighbours(up,down,left,right)= 50 74 61 63

Num-X: 12 ; Num-Y: 8 ; Resolution: 20 ; Rank: 62 ; Rank-X: 5 ; Rank-Y: 2 ; Rowstart: 15; Rowend: 19; Rows: 4; Colstart: 4; Colend: 7; Cols: 3;rank= 31 coords= 2 7 neighbours(up,down,left,right)= 19 43 30 32

Num-X: 12 ; Num-Y: 8 ; Resolution: 20 ; Rank: 31 ; Rank-X: 2 ; Rank-Y: 7 ; Rowstart: 6; Rowend: 10; Rows: 4; Colstart: 14; Colend: 17; Cols: 3;rank= 19 coords= 1 7 neighbours(up,down,left,right)= 7 31 18 20

Num-X: 12 ; Num-Y: 8 ; Resolution: 20 ; Rank: 19 ; Rank-X: 1 ; Rank-Y: 7 ; Rowstart: 3; Rowend: 7; Rows: 4; Colstart: 14; Colend: 17; Cols: 3;rank= 95 coords= 7 11 neighbours(up,down,left,right)= 83 -1 94 -1

Num-X: 12 ; Num-Y: 8 ; Resolution: 20 ; Rank: 95 ; Rank-X: 7 ; Rank-Y: 11 ; Rowstart: 21; Rowend: 21; Rows: 0; Colstart: 22; Colend: 21; Cols: -1;rank= 63 coords= 5 3 neighbours(up,down,left,right)= 51 75 62 64

Num-X: 12 ; Num-Y: 8 ; Resolution: 20 ; Rank: 63 ; Rank-X: 5 ; Rank-Y: 3 ; Rowstart: 15; Rowend: 19; Rows: 4; Colstart: 6; Colend: 9; Cols: 3;rank= 33 coords= 2 9 neighbours(up,down,left,right)= 21 45 32 34

Num-X: 12 ; Num-Y: 8 ; Resolution: 20 ; Rank: 33 ; Rank-X: 2 ; Rank-Y: 9 ; Rowstart: 6; Rowend: 10; Rows: 4; Colstart: 18; Colend: 21; Cols: 3;rank= 21 coords= 1 9 neighbours(up,down,left,right)= 9 33 20 22

Num-X: 12 ; Num-Y: 8 ; Resolution: 20 ; Rank: 21 ; Rank-X: 1 ; Rank-Y: 9 ; Rowstart: 3; Rowend: 7; Rows: 4; Colstart: 18; Colend: 21; Cols: 3;
Num-X: 12 ; Num-Y: 8 ; Resolution: 20 ; Rank: 72 ; Rank-X: 6 ; Rank-Y: 0 ; Rowstart: 18; Rowend: 21; Rows: 3; Colstart: 0; Colend: 3; Cols: 3;rank= 71 coords= 5 11 neighbours(up,down,left,right)= 59 83 70 -1

Num-X: 12 ; Num-Y: 8 ; Resolution: 20 ; Rank: 71 ; Rank-X: 5 ; Rank-Y: 11 ; Rowstart: 15; Rowend: 19; Rows: 4; Colstart: 22; Colend: 21; Cols: -1;rank= 35 coords= 2 11 neighbours(up,down,left,right)= 23 47 34 -1

Num-X: 12 ; Num-Y: 8 ; Resolution: 20 ; Rank: 35 ; Rank-X: 2 ; Rank-Y: 11 ; Rowstart: 6; Rowend: 10; Rows: 4; Colstart: 22; Colend: 21; Cols: -1;rank= 22 coords= 1 10 neighbours(up,down,left,right)= 10 34 21 23

Num-X: 12 ; Num-Y: 8 ; Resolution: 20 ; Rank: 22 ; Rank-X: 1 ; Rank-Y: 10 ; Rowstart: 3; Rowend: 7; Rows: 4; Colstart: 20; Colend: 21; Cols: 1;
Num-X: 12 ; Num-Y: 8 ; Resolution: 20 ; Rank: 73 ; Rank-X: 6 ; Rank-Y: 1 ; Rowstart: 18; Rowend: 21; Rows: 3; Colstart: 2; Colend: 5; Cols: 3;rank= 39 coords= 3 3 neighbours(up,down,left,right)= 27 51 38 40

Num-X: 12 ; Num-Y: 8 ; Resolution: 20 ; Rank: 39 ; Rank-X: 3 ; Rank-Y: 3 ; Rowstart: 9; Rowend: 13; Rows: 4; Colstart: 6; Colend: 9; Cols: 3;
Num-X: 12 ; Num-Y: 8 ; Resolution: 20 ; Rank: 1 ; Rank-X: 0 ; Rank-Y: 1 ; Rowstart: 0; Rowend: 4; Rows: 4; Colstart: 2; Colend: 5; Cols: 3;
Num-X: 12 ; Num-Y: 8 ; Resolution: 20 ; Rank: 75 ; Rank-X: 6 ; Rank-Y: 3 ; Rowstart: 18; Rowend: 21; Rows: 3; Colstart: 6; Colend: 9; Cols: 3;
Num-X: 12 ; Num-Y: 8 ; Resolution: 20 ; Rank: 3 ; Rank-X: 0 ; Rank-Y: 3 ; Rowstart: 0; Rowend: 4; Rows: 4; Colstart: 6; Colend: 9; Cols: 3;rank= 81 coords= 6 9 neighbours(up,down,left,right)= 69 93 80 82

Num-X: 12 ; Num-Y: 8 ; Resolution: 20 ; Rank: 81 ; Rank-X: 6 ; Rank-Y: 9 ; Rowstart: 18; Rowend: 21; Rows: 3; Colstart: 18; Colend: 21; Cols: 3;
===================================================================================
=   BAD TERMINATION OF ONE OF YOUR APPLICATION PROCESSES
=   RANK 48 PID 1852778 RUNNING AT i01r01c02s10
=   KILLED BY SIGNAL: 9 (Killed)
===================================================================================

===================================================================================
=   BAD TERMINATION OF ONE OF YOUR APPLICATION PROCESSES
=   RANK 72 PID 516568 RUNNING AT i01r01c02s11
=   KILLED BY SIGNAL: 9 (Killed)
===================================================================================

===================================================================================
=   BAD TERMINATION OF ONE OF YOUR APPLICATION PROCESSES
=   RANK 73 PID 516569 RUNNING AT i01r01c02s11
=   KILLED BY SIGNAL: 9 (Killed)
===================================================================================

===================================================================================
=   BAD TERMINATION OF ONE OF YOUR APPLICATION PROCESSES
=   RANK 74 PID 516570 RUNNING AT i01r01c02s11
=   KILLED BY SIGNAL: 9 (Killed)
===================================================================================

===================================================================================
=   BAD TERMINATION OF ONE OF YOUR APPLICATION PROCESSES
=   RANK 75 PID 516571 RUNNING AT i01r01c02s11
=   KILLED BY SIGNAL: 9 (Killed)
===================================================================================

===================================================================================
=   BAD TERMINATION OF ONE OF YOUR APPLICATION PROCESSES
=   RANK 76 PID 516572 RUNNING AT i01r01c02s11
=   KILLED BY SIGNAL: 9 (Killed)
===================================================================================

===================================================================================
=   BAD TERMINATION OF ONE OF YOUR APPLICATION PROCESSES
=   RANK 77 PID 516573 RUNNING AT i01r01c02s11
=   KILLED BY SIGNAL: 9 (Killed)
===================================================================================

===================================================================================
=   BAD TERMINATION OF ONE OF YOUR APPLICATION PROCESSES
=   RANK 78 PID 516574 RUNNING AT i01r01c02s11
=   KILLED BY SIGNAL: 9 (Killed)
===================================================================================

===================================================================================
=   BAD TERMINATION OF ONE OF YOUR APPLICATION PROCESSES
=   RANK 79 PID 516575 RUNNING AT i01r01c02s11
=   KILLED BY SIGNAL: 9 (Killed)
===================================================================================

===================================================================================
=   BAD TERMINATION OF ONE OF YOUR APPLICATION PROCESSES
=   RANK 80 PID 516576 RUNNING AT i01r01c02s11
=   KILLED BY SIGNAL: 9 (Killed)
===================================================================================

===================================================================================
=   BAD TERMINATION OF ONE OF YOUR APPLICATION PROCESSES
=   RANK 81 PID 516577 RUNNING AT i01r01c02s11
=   KILLED BY SIGNAL: 9 (Killed)
===================================================================================

===================================================================================
=   BAD TERMINATION OF ONE OF YOUR APPLICATION PROCESSES
=   RANK 82 PID 516578 RUNNING AT i01r01c02s11
=   KILLED BY SIGNAL: 9 (Killed)
===================================================================================

===================================================================================
=   BAD TERMINATION OF ONE OF YOUR APPLICATION PROCESSES
=   RANK 83 PID 516579 RUNNING AT i01r01c02s11
=   KILLED BY SIGNAL: 11 (Segmentation fault)
===================================================================================

===================================================================================
=   BAD TERMINATION OF ONE OF YOUR APPLICATION PROCESSES
=   RANK 84 PID 516580 RUNNING AT i01r01c02s11
=   KILLED BY SIGNAL: 9 (Killed)
===================================================================================

===================================================================================
=   BAD TERMINATION OF ONE OF YOUR APPLICATION PROCESSES
=   RANK 85 PID 516581 RUNNING AT i01r01c02s11
=   KILLED BY SIGNAL: 9 (Killed)
===================================================================================

===================================================================================
=   BAD TERMINATION OF ONE OF YOUR APPLICATION PROCESSES
=   RANK 86 PID 516582 RUNNING AT i01r01c02s11
=   KILLED BY SIGNAL: 9 (Killed)
===================================================================================

===================================================================================
=   BAD TERMINATION OF ONE OF YOUR APPLICATION PROCESSES
=   RANK 87 PID 516583 RUNNING AT i01r01c02s11
=   KILLED BY SIGNAL: 9 (Killed)
===================================================================================

===================================================================================
=   BAD TERMINATION OF ONE OF YOUR APPLICATION PROCESSES
=   RANK 24 PID 3566363 RUNNING AT i01r01c02s09
=   KILLED BY SIGNAL: 9 (Killed)
===================================================================================

===================================================================================
=   BAD TERMINATION OF ONE OF YOUR APPLICATION PROCESSES
=   RANK 25 PID 3566364 RUNNING AT i01r01c02s09
=   KILLED BY SIGNAL: 9 (Killed)
===================================================================================

===================================================================================
=   BAD TERMINATION OF ONE OF YOUR APPLICATION PROCESSES
=   RANK 26 PID 3566365 RUNNING AT i01r01c02s09
=   KILLED BY SIGNAL: 9 (Killed)
===================================================================================

===================================================================================
=   BAD TERMINATION OF ONE OF YOUR APPLICATION PROCESSES
=   RANK 27 PID 3566366 RUNNING AT i01r01c02s09
=   KILLED BY SIGNAL: 9 (Killed)
===================================================================================

===================================================================================
=   BAD TERMINATION OF ONE OF YOUR APPLICATION PROCESSES
=   RANK 28 PID 3566367 RUNNING AT i01r01c02s09
=   KILLED BY SIGNAL: 9 (Killed)
===================================================================================

===================================================================================
=   BAD TERMINATION OF ONE OF YOUR APPLICATION PROCESSES
=   RANK 29 PID 3566368 RUNNING AT i01r01c02s09
=   KILLED BY SIGNAL: 9 (Killed)
===================================================================================

===================================================================================
=   BAD TERMINATION OF ONE OF YOUR APPLICATION PROCESSES
=   RANK 30 PID 3566369 RUNNING AT i01r01c02s09
=   KILLED BY SIGNAL: 9 (Killed)
===================================================================================

===================================================================================
=   BAD TERMINATION OF ONE OF YOUR APPLICATION PROCESSES
=   RANK 31 PID 3566370 RUNNING AT i01r01c02s09
=   KILLED BY SIGNAL: 9 (Killed)
===================================================================================

===================================================================================
=   BAD TERMINATION OF ONE OF YOUR APPLICATION PROCESSES
=   RANK 32 PID 3566371 RUNNING AT i01r01c02s09
=   KILLED BY SIGNAL: 9 (Killed)
===================================================================================

===================================================================================
=   BAD TERMINATION OF ONE OF YOUR APPLICATION PROCESSES
=   RANK 33 PID 3566372 RUNNING AT i01r01c02s09
=   KILLED BY SIGNAL: 9 (Killed)
===================================================================================

===================================================================================
=   BAD TERMINATION OF ONE OF YOUR APPLICATION PROCESSES
=   RANK 34 PID 3566373 RUNNING AT i01r01c02s09
=   KILLED BY SIGNAL: 9 (Killed)
===================================================================================

===================================================================================
=   BAD TERMINATION OF ONE OF YOUR APPLICATION PROCESSES
=   RANK 35 PID 3566374 RUNNING AT i01r01c02s09
=   KILLED BY SIGNAL: 11 (Segmentation fault)
===================================================================================

===================================================================================
=   BAD TERMINATION OF ONE OF YOUR APPLICATION PROCESSES
=   RANK 36 PID 3566375 RUNNING AT i01r01c02s09
=   KILLED BY SIGNAL: 9 (Killed)
===================================================================================

===================================================================================
=   BAD TERMINATION OF ONE OF YOUR APPLICATION PROCESSES
=   RANK 37 PID 3566376 RUNNING AT i01r01c02s09
=   KILLED BY SIGNAL: 9 (Killed)
===================================================================================

===================================================================================
=   BAD TERMINATION OF ONE OF YOUR APPLICATION PROCESSES
=   RANK 38 PID 3566377 RUNNING AT i01r01c02s09
=   KILLED BY SIGNAL: 9 (Killed)
===================================================================================

===================================================================================
=   BAD TERMINATION OF ONE OF YOUR APPLICATION PROCESSES
=   RANK 39 PID 3566378 RUNNING AT i01r01c02s09
=   KILLED BY SIGNAL: 9 (Killed)
===================================================================================

===================================================================================
=   BAD TERMINATION OF ONE OF YOUR APPLICATION PROCESSES
=   RANK 40 PID 3566379 RUNNING AT i01r01c02s09
=   KILLED BY SIGNAL: 9 (Killed)
===================================================================================

===================================================================================
=   BAD TERMINATION OF ONE OF YOUR APPLICATION PROCESSES
=   RANK 41 PID 3566380 RUNNING AT i01r01c02s09
=   KILLED BY SIGNAL: 9 (Killed)
===================================================================================

===================================================================================
=   BAD TERMINATION OF ONE OF YOUR APPLICATION PROCESSES
=   RANK 42 PID 3566381 RUNNING AT i01r01c02s09
=   KILLED BY SIGNAL: 9 (Killed)
===================================================================================

===================================================================================
=   BAD TERMINATION OF ONE OF YOUR APPLICATION PROCESSES
=   RANK 43 PID 3566382 RUNNING AT i01r01c02s09
=   KILLED BY SIGNAL: 9 (Killed)
===================================================================================

===================================================================================
=   BAD TERMINATION OF ONE OF YOUR APPLICATION PROCESSES
=   RANK 44 PID 3566383 RUNNING AT i01r01c02s09
=   KILLED BY SIGNAL: 9 (Killed)
===================================================================================

===================================================================================
=   BAD TERMINATION OF ONE OF YOUR APPLICATION PROCESSES
=   RANK 49 PID 1852779 RUNNING AT i01r01c02s10
=   KILLED BY SIGNAL: 9 (Killed)
===================================================================================

===================================================================================
=   BAD TERMINATION OF ONE OF YOUR APPLICATION PROCESSES
=   RANK 50 PID 1852780 RUNNING AT i01r01c02s10
=   KILLED BY SIGNAL: 9 (Killed)
===================================================================================

===================================================================================
=   BAD TERMINATION OF ONE OF YOUR APPLICATION PROCESSES
=   RANK 51 PID 1852781 RUNNING AT i01r01c02s10
=   KILLED BY SIGNAL: 9 (Killed)
===================================================================================

===================================================================================
=   BAD TERMINATION OF ONE OF YOUR APPLICATION PROCESSES
=   RANK 52 PID 1852782 RUNNING AT i01r01c02s10
=   KILLED BY SIGNAL: 9 (Killed)
===================================================================================

===================================================================================
=   BAD TERMINATION OF ONE OF YOUR APPLICATION PROCESSES
=   RANK 53 PID 1852783 RUNNING AT i01r01c02s10
=   KILLED BY SIGNAL: 9 (Killed)
===================================================================================

===================================================================================
=   BAD TERMINATION OF ONE OF YOUR APPLICATION PROCESSES
=   RANK 54 PID 1852784 RUNNING AT i01r01c02s10
=   KILLED BY SIGNAL: 9 (Killed)
===================================================================================

===================================================================================
=   BAD TERMINATION OF ONE OF YOUR APPLICATION PROCESSES
=   RANK 55 PID 1852785 RUNNING AT i01r01c02s10
=   KILLED BY SIGNAL: 9 (Killed)
===================================================================================

===================================================================================
=   BAD TERMINATION OF ONE OF YOUR APPLICATION PROCESSES
=   RANK 56 PID 1852786 RUNNING AT i01r01c02s10
=   KILLED BY SIGNAL: 9 (Killed)
===================================================================================

===================================================================================
=   BAD TERMINATION OF ONE OF YOUR APPLICATION PROCESSES
=   RANK 57 PID 1852787 RUNNING AT i01r01c02s10
=   KILLED BY SIGNAL: 9 (Killed)
===================================================================================

===================================================================================
=   BAD TERMINATION OF ONE OF YOUR APPLICATION PROCESSES
=   RANK 58 PID 1852788 RUNNING AT i01r01c02s10
=   KILLED BY SIGNAL: 9 (Killed)
===================================================================================

===================================================================================
=   BAD TERMINATION OF ONE OF YOUR APPLICATION PROCESSES
=   RANK 59 PID 1852789 RUNNING AT i01r01c02s10
=   KILLED BY SIGNAL: 11 (Segmentation fault)
===================================================================================

===================================================================================
=   BAD TERMINATION OF ONE OF YOUR APPLICATION PROCESSES
=   RANK 60 PID 1852790 RUNNING AT i01r01c02s10
=   KILLED BY SIGNAL: 9 (Killed)
===================================================================================

===================================================================================
=   BAD TERMINATION OF ONE OF YOUR APPLICATION PROCESSES
=   RANK 61 PID 1852791 RUNNING AT i01r01c02s10
=   KILLED BY SIGNAL: 9 (Killed)
===================================================================================

===================================================================================
=   BAD TERMINATION OF ONE OF YOUR APPLICATION PROCESSES
=   RANK 62 PID 1852792 RUNNING AT i01r01c02s10
=   KILLED BY SIGNAL: 9 (Killed)
===================================================================================

===================================================================================
=   BAD TERMINATION OF ONE OF YOUR APPLICATION PROCESSES
=   RANK 63 PID 1852793 RUNNING AT i01r01c02s10
=   KILLED BY SIGNAL: 9 (Killed)
===================================================================================

===================================================================================
=   BAD TERMINATION OF ONE OF YOUR APPLICATION PROCESSES
=   RANK 64 PID 1852794 RUNNING AT i01r01c02s10
=   KILLED BY SIGNAL: 9 (Killed)
===================================================================================

===================================================================================
=   BAD TERMINATION OF ONE OF YOUR APPLICATION PROCESSES
=   RANK 65 PID 1852795 RUNNING AT i01r01c02s10
=   KILLED BY SIGNAL: 9 (Killed)
===================================================================================

===================================================================================
=   BAD TERMINATION OF ONE OF YOUR APPLICATION PROCESSES
=   RANK 66 PID 1852796 RUNNING AT i01r01c02s10
=   KILLED BY SIGNAL: 9 (Killed)
===================================================================================

===================================================================================
=   BAD TERMINATION OF ONE OF YOUR APPLICATION PROCESSES
=   RANK 67 PID 1852797 RUNNING AT i01r01c02s10
=   KILLED BY SIGNAL: 9 (Killed)
===================================================================================

===================================================================================
=   BAD TERMINATION OF ONE OF YOUR APPLICATION PROCESSES
=   RANK 68 PID 1852798 RUNNING AT i01r01c02s10
=   KILLED BY SIGNAL: 9 (Killed)
===================================================================================

===================================================================================
=   BAD TERMINATION OF ONE OF YOUR APPLICATION PROCESSES
=   RANK 0 PID 2826492 RUNNING AT i01r01c02s08
=   KILLED BY SIGNAL: 9 (Killed)
===================================================================================

===================================================================================
=   BAD TERMINATION OF ONE OF YOUR APPLICATION PROCESSES
=   RANK 1 PID 2826493 RUNNING AT i01r01c02s08
=   KILLED BY SIGNAL: 9 (Killed)
===================================================================================

===================================================================================
=   BAD TERMINATION OF ONE OF YOUR APPLICATION PROCESSES
=   RANK 2 PID 2826494 RUNNING AT i01r01c02s08
=   KILLED BY SIGNAL: 9 (Killed)
===================================================================================

===================================================================================

===================================================================================
=   BAD TERMINATION OF ONE OF YOUR APPLICATION PROCESSES
=   RANK 88 PID 516584 RUNNING AT i01r01c02s11
=   KILLED BY SIGNAL: 9 (Killed)
===================================================================================

===================================================================================
=   BAD TERMINATION OF ONE OF YOUR APPLICATION PROCESSES
=   RANK 89 PID 516585 RUNNING AT i01r01c02s11
=   KILLED BY SIGNAL: 9 (Killed)
===================================================================================

===================================================================================
=   BAD TERMINATION OF ONE OF YOUR APPLICATION PROCESSES
=   RANK 90 PID 516586 RUNNING AT i01r01c02s11
=   KILLED BY SIGNAL: 9 (Killed)
===================================================================================

===================================================================================
=   BAD TERMINATION OF ONE OF YOUR APPLICATION PROCESSES
=   RANK 91 PID 516587 RUNNING AT i01r01c02s11
=   KILLED BY SIGNAL: 9 (Killed)
===================================================================================

===================================================================================
=   BAD TERMINATION OF ONE OF YOUR APPLICATION PROCESSES
=   RANK 92 PID 516588 RUNNING AT i01r01c02s11
=   KILLED BY SIGNAL: 9 (Killed)
===================================================================================

===================================================================================
=   BAD TERMINATION OF ONE OF YOUR APPLICATION PROCESSES
=   RANK 93 PID 516589 RUNNING AT i01r01c02s11
=   KILLED BY SIGNAL: 9 (Killed)
===================================================================================

===================================================================================
=   BAD TERMINATION OF ONE OF YOUR APPLICATION PROCESSES
=   RANK 94 PID 516590 RUNNING AT i01r01c02s11
=   KILLED BY SIGNAL: 9 (Killed)
===================================================================================

===================================================================================
=   BAD TERMINATION OF ONE OF YOUR APPLICATION PROCESSES
=   RANK 95 PID 516591 RUNNING AT i01r01c02s11
=   KILLED BY SIGNAL: 11 (Segmentation fault)
===================================================================================

===================================================================================
=   BAD TERMINATION OF ONE OF YOUR APPLICATION PROCESSES
=   RANK 45 PID 3566384 RUNNING AT i01r01c02s09
=   KILLED BY SIGNAL: 9 (Killed)
===================================================================================

===================================================================================
=   BAD TERMINATION OF ONE OF YOUR APPLICATION PROCESSES
=   RANK 46 PID 3566385 RUNNING AT i01r01c02s09
=   KILLED BY SIGNAL: 9 (Killed)
===================================================================================

===================================================================================
=   BAD TERMINATION OF ONE OF YOUR APPLICATION PROCESSES
=   RANK 47 PID 3566386 RUNNING AT i01r01c02s09
=   KILLED BY SIGNAL: 11 (Segmentation fault)
===================================================================================
=   BAD TERMINATION OF ONE OF YOUR APPLICATION PROCESSES
=   RANK 3 PID 2826495 RUNNING AT i01r01c02s08
=   KILLED BY SIGNAL: 9 (Killed)
===================================================================================

===================================================================================
=   BAD TERMINATION OF ONE OF YOUR APPLICATION PROCESSES
=   RANK 4 PID 2826496 RUNNING AT i01r01c02s08
=   KILLED BY SIGNAL: 9 (Killed)
===================================================================================

===================================================================================
=   BAD TERMINATION OF ONE OF YOUR APPLICATION PROCESSES
=   RANK 5 PID 2826497 RUNNING AT i01r01c02s08
=   KILLED BY SIGNAL: 9 (Killed)
===================================================================================

===================================================================================
=   BAD TERMINATION OF ONE OF YOUR APPLICATION PROCESSES
=   RANK 6 PID 2826498 RUNNING AT i01r01c02s08
=   KILLED BY SIGNAL: 9 (Killed)
===================================================================================

===================================================================================
=   BAD TERMINATION OF ONE OF YOUR APPLICATION PROCESSES
=   RANK 7 PID 2826499 RUNNING AT i01r01c02s08
=   KILLED BY SIGNAL: 9 (Killed)
===================================================================================

===================================================================================
=   BAD TERMINATION OF ONE OF YOUR APPLICATION PROCESSES
=   RANK 8 PID 2826500 RUNNING AT i01r01c02s08
=   KILLED BY SIGNAL: 9 (Killed)
===================================================================================

===================================================================================
=   BAD TERMINATION OF ONE OF YOUR APPLICATION PROCESSES
=   RANK 9 PID 2826501 RUNNING AT i01r01c02s08
=   KILLED BY SIGNAL: 9 (Killed)
===================================================================================

===================================================================================
=   BAD TERMINATION OF ONE OF YOUR APPLICATION PROCESSES
=   RANK 10 PID 2826502 RUNNING AT i01r01c02s08
=   KILLED BY SIGNAL: 9 (Killed)
===================================================================================

===================================================================================
=   BAD TERMINATION OF ONE OF YOUR APPLICATION PROCESSES
=   RANK 11 PID 2826503 RUNNING AT i01r01c02s08
=   KILLED BY SIGNAL: 11 (Segmentation fault)
===================================================================================

===================================================================================
=   BAD TERMINATION OF ONE OF YOUR APPLICATION PROCESSES
=   RANK 12 PID 2826504 RUNNING AT i01r01c02s08
=   KILLED BY SIGNAL: 9 (Killed)
===================================================================================

===================================================================================
=   BAD TERMINATION OF ONE OF YOUR APPLICATION PROCESSES
=   RANK 13 PID 2826505 RUNNING AT i01r01c02s08
=   KILLED BY SIGNAL: 9 (Killed)
===================================================================================

===================================================================================
=   BAD TERMINATION OF ONE OF YOUR APPLICATION PROCESSES
=   RANK 14 PID 2826506 RUNNING AT i01r01c02s08
=   KILLED BY SIGNAL: 9 (Killed)
===================================================================================

===================================================================================
=   BAD TERMINATION OF ONE OF YOUR APPLICATION PROCESSES
=   RANK 15 PID 2826507 RUNNING AT i01r01c02s08
=   KILLED BY SIGNAL: 9 (Killed)
===================================================================================

===================================================================================
=   BAD TERMINATION OF ONE OF YOUR APPLICATION PROCESSES
=   RANK 16 PID 2826508 RUNNING AT i01r01c02s08
=   KILLED BY SIGNAL: 9 (Killed)
===================================================================================

===================================================================================
=   BAD TERMINATION OF ONE OF YOUR APPLICATION PROCESSES
=   RANK 69 PID 1852799 RUNNING AT i01r01c02s10
=   KILLED BY SIGNAL: 9 (Killed)
===================================================================================

===================================================================================
=   BAD TERMINATION OF ONE OF YOUR APPLICATION PROCESSES
=   RANK 70 PID 1852800 RUNNING AT i01r01c02s10
=   KILLED BY SIGNAL: 9 (Killed)
===================================================================================

===================================================================================
=   BAD TERMINATION OF ONE OF YOUR APPLICATION PROCESSES
=   RANK 71 PID 1852801 RUNNING AT i01r01c02s10
=   KILLED BY SIGNAL: 11 (Segmentation fault)
===================================================================================

===================================================================================
=   BAD TERMINATION OF ONE OF YOUR APPLICATION PROCESSES
=   RANK 17 PID 2826509 RUNNING AT i01r01c02s08
=   KILLED BY SIGNAL: 9 (Killed)
===================================================================================

===================================================================================
=   BAD TERMINATION OF ONE OF YOUR APPLICATION PROCESSES
=   RANK 18 PID 2826510 RUNNING AT i01r01c02s08
=   KILLED BY SIGNAL: 9 (Killed)
===================================================================================

===================================================================================
=   BAD TERMINATION OF ONE OF YOUR APPLICATION PROCESSES
=   RANK 19 PID 2826511 RUNNING AT i01r01c02s08
=   KILLED BY SIGNAL: 9 (Killed)
===================================================================================

===================================================================================
=   BAD TERMINATION OF ONE OF YOUR APPLICATION PROCESSES
=   RANK 20 PID 2826512 RUNNING AT i01r01c02s08
=   KILLED BY SIGNAL: 9 (Killed)
===================================================================================

===================================================================================
=   BAD TERMINATION OF ONE OF YOUR APPLICATION PROCESSES
=   RANK 21 PID 2826513 RUNNING AT i01r01c02s08
=   KILLED BY SIGNAL: 9 (Killed)
===================================================================================

===================================================================================
=   BAD TERMINATION OF ONE OF YOUR APPLICATION PROCESSES
=   RANK 22 PID 2826514 RUNNING AT i01r01c02s08
=   KILLED BY SIGNAL: 9 (Killed)
===================================================================================

===================================================================================
=   BAD TERMINATION OF ONE OF YOUR APPLICATION PROCESSES
=   RANK 23 PID 2826515 RUNNING AT i01r01c02s08
=   KILLED BY SIGNAL: 11 (Segmentation fault)
===================================================================================
