mpiexec -genv I_MPI_DEBUG=4 -n 16
[0] MPI startup(): Intel(R) MPI Library, Version 2019 Update 8  Build 20200624 (id: 4f16ad915)
[0] MPI startup(): Copyright (C) 2003-2020 Intel Corporation.  All rights reserved.
[0] MPI startup(): library kind: release
[0] MPI startup(): libfabric version: 1.10.1-impi
[0] MPI startup(): libfabric provider: psm2
[0] MPI startup(): Rank    Pid      Node name     Pin cpu
[0] MPI startup(): 0       2818955  i01r01c02s08  {0,1,2,3,4,5,6,7,48,49,50,51,52,53,54,55}
[0] MPI startup(): 1       2818956  i01r01c02s08  {8,9,10,11,12,13,14,15,56,57,58,59,60,61,62,63}
[0] MPI startup(): 2       2818957  i01r01c02s08  {16,17,18,19,20,21,22,23,64,65,66,67,68,69,70,71}
[0] MPI startup(): 3       2818958  i01r01c02s08  {24,25,26,27,28,29,30,31,72,73,74,75,76,77,78,79}
[0] MPI startup(): 4       2818959  i01r01c02s08  {32,33,34,35,36,37,38,39,80,81,82,83,84,85,86,87}
[0] MPI startup(): 5       2818960  i01r01c02s08  {40,41,42,43,44,45,46,47,88,89,90,91,92,93,94,95}
[0] MPI startup(): 6       3563411  i01r01c02s09  {0,1,2,3,4,5,6,7,8,9,48,49,50,51,52,53,54,55,56}
[0] MPI startup(): 7       3563412  i01r01c02s09  {10,11,12,13,14,15,16,17,18,57,58,59,60,61,62,63,64,65,66}
[0] MPI startup(): 8       3563413  i01r01c02s09  {19,20,21,22,23,24,25,26,27,28,67,68,69,70,71,72,73,74,75}
[0] MPI startup(): 9       3563414  i01r01c02s09  {29,30,31,32,33,34,35,36,37,76,77,78,79,80,81,82,83,84,85}
[0] MPI startup(): 10      3563415  i01r01c02s09  {38,39,40,41,42,43,44,45,46,47,86,87,88,89,90,91,92,93,94}
[0] MPI startup(): 11      1850131  i01r01c02s10  {0,1,2,3,4,5,6,7,8,9,48,49,50,51,52,53,54,55,56}
[0] MPI startup(): 12      1850132  i01r01c02s10  {10,11,12,13,14,15,16,17,18,57,58,59,60,61,62,63,64,65,66}
[0] MPI startup(): 13      1850133  i01r01c02s10  {19,20,21,22,23,24,25,26,27,28,67,68,69,70,71,72,73,74,75}
[0] MPI startup(): 14      1850134  i01r01c02s10  {29,30,31,32,33,34,35,36,37,76,77,78,79,80,81,82,83,84,85}
[0] MPI startup(): 15      1850135  i01r01c02s10  {38,39,40,41,42,43,44,45,46,47,86,87,88,89,90,91,92,93,94}

4 processes distributed in X-direction
 4 ; processes distributed in Y-direction
Resolutions       : (20, 120, ... 20)
Iterations        : 20
Num. Heat sources : 2
   1: (0.00, 0.00) 1.00 1.00 
   2: (1.00, 1.00) 1.00 0.50 
rank= 0 coords= 0 0 neighbours(up,down,left,right)= -1 4 -1 1
rank= 11 coords= 2 3 neighbours(up,down,left,right)= 7 15 10 -1
rank= 6 coords= 1 2 neighbours(up,down,left,right)= 2 10 5 7
rank= 1 coords= 0 1 neighbours(up,down,left,right)= -1 5 0 2
rank= 12 coords= 3 0 neighbours(up,down,left,right)= 8 -1 -1 13
rank= 7 coords= 1 3 neighbours(up,down,left,right)= 3 11 6 -1
rank= 2 coords= 0 2 neighbours(up,down,left,right)= -1 6 1 3
rank= 13 coords= 3 1 neighbours(up,down,left,right)= 9 -1 12 14

Num-X: 4 ; Num-Y: 4 ; Resolution: 20 ; Rank: 13 ; Rank-X: 3 ; Rank-Y: 1 ; Rowstart: 15; Rowend: 21; Rows: 6; Colstart: 5; Colend: 11; Cols: 6;rank= 8 coords= 2 0 neighbours(up,down,left,right)= 4 12 -1 9
rank= 3 coords= 0 3 neighbours(up,down,left,right)= -1 7 2 -1
rank= 14 coords= 3 2 neighbours(up,down,left,right)= 10 -1 13 15

Num-X: 4 ; Num-Y: 4 ; Resolution: 20 ; Rank: 14 ; Rank-X: 3 ; Rank-Y: 2 ; Rowstart: 15; Rowend: 21; Rows: 6; Colstart: 10; Colend: 16; Cols: 6;rank= 9 coords= 2 1 neighbours(up,down,left,right)= 5 13 8 10

Num-X: 4 ; Num-Y: 4 ; Resolution: 20 ; Rank: 9 ; Rank-X: 2 ; Rank-Y: 1 ; Rowstart: 10; Rowend: 16; Rows: 6; Colstart: 5; Colend: 11; Cols: 6;rank= 4 coords= 1 0 neighbours(up,down,left,right)= 0 8 -1 5
rank= 15 coords= 3 3 neighbours(up,down,left,right)= 11 -1 14 -1

Num-X: 4 ; Num-Y: 4 ; Resolution: 20 ; Rank: 15 ; Rank-X: 3 ; Rank-Y: 3 ; Rowstart: 15; Rowend: 21; Rows: 6; Colstart: 15; Colend: 21; Cols: 6;rank= 10 coords= 2 2 neighbours(up,down,left,right)= 6 14 9 11

Num-X: 4 ; Num-Y: 4 ; Resolution: 20 ; Rank: 10 ; Rank-X: 2 ; Rank-Y: 2 ; Rowstart: 10; Rowend: 16; Rows: 6; Colstart: 10; Colend: 16; Cols: 6;rank= 5 coords= 1 1 neighbours(up,down,left,right)= 1 9 4 6

Num-X: 4 ; Num-Y: 4 ; Resolution: 20 ; Rank: 11 ; Rank-X: 2 ; Rank-Y: 3 ; Rowstart: 10; Rowend: 16; Rows: 6; Colstart: 15; Colend: 21; Cols: 6;
Num-X: 4 ; Num-Y: 4 ; Resolution: 20 ; Rank: 6 ; Rank-X: 1 ; Rank-Y: 2 ; Rowstart: 5; Rowend: 11; Rows: 6; Colstart: 10; Colend: 16; Cols: 6;
Num-X: 4 ; Num-Y: 4 ; Resolution: 20 ; Rank: 0 ; Rank-X: 0 ; Rank-Y: 0 ; Rowstart: 0; Rowend: 6; Rows: 6; Colstart: 0; Colend: 6; Cols: 6;
Num-X: 4 ; Num-Y: 4 ; Resolution: 20 ; Rank: 12 ; Rank-X: 3 ; Rank-Y: 0 ; Rowstart: 15; Rowend: 21; Rows: 6; Colstart: 0; Colend: 6; Cols: 6;
Num-X: 4 ; Num-Y: 4 ; Resolution: 20 ; Rank: 7 ; Rank-X: 1 ; Rank-Y: 3 ; Rowstart: 5; Rowend: 11; Rows: 6; Colstart: 15; Colend: 21; Cols: 6;
Num-X: 4 ; Num-Y: 4 ; Resolution: 20 ; Rank: 1 ; Rank-X: 0 ; Rank-Y: 1 ; Rowstart: 0; Rowend: 6; Rows: 6; Colstart: 5; Colend: 11; Cols: 6;
Num-X: 4 ; Num-Y: 4 ; Resolution: 20 ; Rank: 8 ; Rank-X: 2 ; Rank-Y: 0 ; Rowstart: 10; Rowend: 16; Rows: 6; Colstart: 0; Colend: 6; Cols: 6;
Num-X: 4 ; Num-Y: 4 ; Resolution: 20 ; Rank: 2 ; Rank-X: 0 ; Rank-Y: 2 ; Rowstart: 0; Rowend: 6; Rows: 6; Colstart: 10; Colend: 16; Cols: 6;
Num-X: 4 ; Num-Y: 4 ; Resolution: 20 ; Rank: 3 ; Rank-X: 0 ; Rank-Y: 3 ; Rowstart: 0; Rowend: 6; Rows: 6; Colstart: 15; Colend: 21; Cols: 6;
Num-X: 4 ; Num-Y: 4 ; Resolution: 20 ; Rank: 4 ; Rank-X: 1 ; Rank-Y: 0 ; Rowstart: 5; Rowend: 11; Rows: 6; Colstart: 0; Colend: 6; Cols: 6;
Num-X: 4 ; Num-Y: 4 ; Resolution: 20 ; Rank: 5 ; Rank-X: 1 ; Rank-Y: 1 ; Rowstart: 5; Rowend: 11; Rows: 6; Colstart: 5; Colend: 11; Cols: 6;

Resolution: 20
===================
Execution time: 0.002270
Residual: 0.009475

megaflops:  24.7
  flop instructions (M):  0.056
