mpiexec -genv I_MPI_DEBUG=4 -n 96
[0] MPI startup(): Intel(R) MPI Library, Version 2019 Update 8  Build 20200624 (id: 4f16ad915)
[0] MPI startup(): Copyright (C) 2003-2020 Intel Corporation.  All rights reserved.
[0] MPI startup(): library kind: release
[0] MPI startup(): libfabric version: 1.10.1-impi
[0] MPI startup(): libfabric provider: psm2
[0] MPI startup(): Rank    Pid      Node name     Pin cpu
[0] MPI startup(): 0       518042   i01r01c01s01  {0,1,48,49}
[0] MPI startup(): 1       518043   i01r01c01s01  {2,3,50,51}
[0] MPI startup(): 2       518044   i01r01c01s01  {4,5,52,53}
[0] MPI startup(): 3       518045   i01r01c01s01  {6,7,54,55}
[0] MPI startup(): 4       518046   i01r01c01s01  {8,9,56,57}
[0] MPI startup(): 5       518047   i01r01c01s01  {10,11,58,59}
[0] MPI startup(): 6       518048   i01r01c01s01  {12,13,60,61}
[0] MPI startup(): 7       518049   i01r01c01s01  {14,15,62,63}
[0] MPI startup(): 8       518050   i01r01c01s01  {16,17,64,65}
[0] MPI startup(): 9       518051   i01r01c01s01  {18,19,66,67}
[0] MPI startup(): 10      518052   i01r01c01s01  {20,21,68,69}
[0] MPI startup(): 11      518053   i01r01c01s01  {22,23,70,71}
[0] MPI startup(): 12      518054   i01r01c01s01  {24,25,72,73}
[0] MPI startup(): 13      518055   i01r01c01s01  {26,27,74,75}
[0] MPI startup(): 14      518056   i01r01c01s01  {28,29,76,77}
[0] MPI startup(): 15      518057   i01r01c01s01  {30,31,78,79}
[0] MPI startup(): 16      518058   i01r01c01s01  {32,33,80,81}
[0] MPI startup(): 17      518059   i01r01c01s01  {34,35,82,83}
[0] MPI startup(): 18      518060   i01r01c01s01  {36,37,84,85}
[0] MPI startup(): 19      518061   i01r01c01s01  {38,39,86,87}
[0] MPI startup(): 20      518062   i01r01c01s01  {40,41,88,89}
[0] MPI startup(): 21      518063   i01r01c01s01  {42,43,90,91}
[0] MPI startup(): 22      518064   i01r01c01s01  {44,45,92,93}
[0] MPI startup(): 23      518065   i01r01c01s01  {46,47,94,95}
[0] MPI startup(): 24      2272664  i01r01c01s02  {0,1,48,49}
[0] MPI startup(): 25      2272665  i01r01c01s02  {2,3,50,51}
[0] MPI startup(): 26      2272666  i01r01c01s02  {4,5,52,53}
[0] MPI startup(): 27      2272667  i01r01c01s02  {6,7,54,55}
[0] MPI startup(): 28      2272668  i01r01c01s02  {8,9,56,57}
[0] MPI startup(): 29      2272669  i01r01c01s02  {10,11,58,59}
[0] MPI startup(): 30      2272670  i01r01c01s02  {12,13,60,61}
[0] MPI startup(): 31      2272671  i01r01c01s02  {14,15,62,63}
[0] MPI startup(): 32      2272672  i01r01c01s02  {16,17,64,65}
[0] MPI startup(): 33      2272673  i01r01c01s02  {18,19,66,67}
[0] MPI startup(): 34      2272674  i01r01c01s02  {20,21,68,69}
[0] MPI startup(): 35      2272675  i01r01c01s02  {22,23,70,71}
[0] MPI startup(): 36      2272676  i01r01c01s02  {24,25,72,73}
[0] MPI startup(): 37      2272677  i01r01c01s02  {26,27,74,75}
[0] MPI startup(): 38      2272678  i01r01c01s02  {28,29,76,77}
[0] MPI startup(): 39      2272679  i01r01c01s02  {30,31,78,79}
[0] MPI startup(): 40      2272680  i01r01c01s02  {32,33,80,81}
[0] MPI startup(): 41      2272681  i01r01c01s02  {34,35,82,83}
[0] MPI startup(): 42      2272682  i01r01c01s02  {36,37,84,85}
[0] MPI startup(): 43      2272683  i01r01c01s02  {38,39,86,87}
[0] MPI startup(): 44      2272684  i01r01c01s02  {40,41,88,89}
[0] MPI startup(): 45      2272685  i01r01c01s02  {42,43,90,91}
[0] MPI startup(): 46      2272686  i01r01c01s02  {44,45,92,93}
[0] MPI startup(): 47      2272687  i01r01c01s02  {46,47,94,95}
[0] MPI startup(): 48      1676680  i01r01c02s07  {0,1,48,49}
[0] MPI startup(): 49      1676681  i01r01c02s07  {2,3,50,51}
[0] MPI startup(): 50      1676682  i01r01c02s07  {4,5,52,53}
[0] MPI startup(): 51      1676683  i01r01c02s07  {6,7,54,55}
[0] MPI startup(): 52      1676684  i01r01c02s07  {8,9,56,57}
[0] MPI startup(): 53      1676685  i01r01c02s07  {10,11,58,59}
[0] MPI startup(): 54      1676686  i01r01c02s07  {12,13,60,61}
[0] MPI startup(): 55      1676687  i01r01c02s07  {14,15,62,63}
[0] MPI startup(): 56      1676688  i01r01c02s07  {16,17,64,65}
[0] MPI startup(): 57      1676689  i01r01c02s07  {18,19,66,67}
[0] MPI startup(): 58      1676690  i01r01c02s07  {20,21,68,69}
[0] MPI startup(): 59      1676691  i01r01c02s07  {22,23,70,71}
[0] MPI startup(): 60      1676692  i01r01c02s07  {24,25,72,73}
[0] MPI startup(): 61      1676693  i01r01c02s07  {26,27,74,75}
[0] MPI startup(): 62      1676694  i01r01c02s07  {28,29,76,77}
[0] MPI startup(): 63      1676695  i01r01c02s07  {30,31,78,79}
[0] MPI startup(): 64      1676696  i01r01c02s07  {32,33,80,81}
[0] MPI startup(): 65      1676697  i01r01c02s07  {34,35,82,83}
[0] MPI startup(): 66      1676698  i01r01c02s07  {36,37,84,85}
[0] MPI startup(): 67      1676699  i01r01c02s07  {38,39,86,87}
[0] MPI startup(): 68      1676700  i01r01c02s07  {40,41,88,89}
[0] MPI startup(): 69      1676701  i01r01c02s07  {42,43,90,91}
[0] MPI startup(): 70      1676702  i01r01c02s07  {44,45,92,93}
[0] MPI startup(): 71      1676703  i01r01c02s07  {46,47,94,95}
[0] MPI startup(): 72      2824673  i01r01c02s08  {0,1,48,49}
[0] MPI startup(): 73      2824674  i01r01c02s08  {2,3,50,51}
[0] MPI startup(): 74      2824675  i01r01c02s08  {4,5,52,53}
[0] MPI startup(): 75      2824676  i01r01c02s08  {6,7,54,55}
[0] MPI startup(): 76      2824677  i01r01c02s08  {8,9,56,57}
[0] MPI startup(): 77      2824678  i01r01c02s08  {10,11,58,59}
[0] MPI startup(): 78      2824679  i01r01c02s08  {12,13,60,61}
[0] MPI startup(): 79      2824680  i01r01c02s08  {14,15,62,63}
[0] MPI startup(): 80      2824681  i01r01c02s08  {16,17,64,65}
[0] MPI startup(): 81      2824682  i01r01c02s08  {18,19,66,67}
[0] MPI startup(): 82      2824683  i01r01c02s08  {20,21,68,69}
[0] MPI startup(): 83      2824684  i01r01c02s08  {22,23,70,71}
[0] MPI startup(): 84      2824685  i01r01c02s08  {24,25,72,73}
[0] MPI startup(): 85      2824686  i01r01c02s08  {26,27,74,75}
[0] MPI startup(): 86      2824687  i01r01c02s08  {28,29,76,77}
[0] MPI startup(): 87      2824688  i01r01c02s08  {30,31,78,79}
[0] MPI startup(): 88      2824689  i01r01c02s08  {32,33,80,81}
[0] MPI startup(): 89      2824690  i01r01c02s08  {34,35,82,83}
[0] MPI startup(): 90      2824691  i01r01c02s08  {36,37,84,85}
[0] MPI startup(): 91      2824692  i01r01c02s08  {38,39,86,87}
[0] MPI startup(): 92      2824693  i01r01c02s08  {40,41,88,89}
[0] MPI startup(): 93      2824694  i01r01c02s08  {42,43,90,91}
[0] MPI startup(): 94      2824695  i01r01c02s08  {44,45,92,93}
[0] MPI startup(): 95      2824696  i01r01c02s08  {46,47,94,95}

12 processes distributed in X-direction
 8 ; processes distributed in Y-direction
Resolutions       : (20, 120, ... 20)
Iterations        : 20
Num. Heat sources : 2
   1: (0.00, 0.00) 1.00 1.00 
   2: (1.00, 1.00) 1.00 0.50 
rank= 0 coords= 0 0 neighbours(up,down,left,right)= -1 8 -1 1
rank= 1 coords= 0 1 neighbours(up,down,left,right)= -1 9 0 2
rank= 4 coords= 0 4 neighbours(up,down,left,right)= -1 12 3 5
rank= 8 coords= 1 0 neighbours(up,down,left,right)= 0 16 -1 9
rank= 12 coords= 1 4 neighbours(up,down,left,right)= 4 20 11 13

Num-X: 8 ; Num-Y: 12 ; Resolution: 20 ; Rank: 0 ; Rank-X: 0 ; Rank-Y: 0 ; Rowstart: 0; Rowend: 3; Rows: 3; Colstart: 0; Colend: 4; Cols: 4;rank= 2 coords= 0 2 neighbours(up,down,left,right)= -1 10 1 3
rank= 3 coords= 0 3 neighbours(up,down,left,right)= -1 11 2 4
rank= 5 coords= 0 5 neighbours(up,down,left,right)= -1 13 4 6
rank= 6 coords= 0 6 neighbours(up,down,left,right)= -1 14 5 7

Num-X: 8 ; Num-Y: 12 ; Resolution: 20 ; Rank: 6 ; Rank-X: 0 ; Rank-Y: 6 ; Rowstart: 0; Rowend: 3; Rows: 3; Colstart: 18; Colend: 21; Cols: 3;rank= 48 coords= 6 0 neighbours(up,down,left,right)= 40 56 -1 49
rank= 7 coords= 0 7 neighbours(up,down,left,right)= -1 15 6 -1
rank= 52 coords= 6 4 neighbours(up,down,left,right)= 44 60 51 53

Num-X: 8 ; Num-Y: 12 ; Resolution: 20 ; Rank: 52 ; Rank-X: 6 ; Rank-Y: 4 ; Rowstart: 12; Rowend: 15; Rows: 3; Colstart: 12; Colend: 16; Cols: 4;rank= 24 coords= 3 0 neighbours(up,down,left,right)= 16 32 -1 25

Num-X: 8 ; Num-Y: 12 ; Resolution: 20 ; Rank: 24 ; Rank-X: 3 ; Rank-Y: 0 ; Rowstart: 6; Rowend: 9; Rows: 3; Colstart: 0; Colend: 4; Cols: 4;rank= 72 coords= 9 0 neighbours(up,down,left,right)= 64 80 -1 73

Num-X: 8 ; Num-Y: 12 ; Resolution: 20 ; Rank: 72 ; Rank-X: 9 ; Rank-Y: 0 ; Rowstart: 18; Rowend: 21; Rows: 3; Colstart: 0; Colend: 4; Cols: 4;rank= 9 coords= 1 1 neighbours(up,down,left,right)= 1 17 8 10
rank= 55 coords= 6 7 neighbours(up,down,left,right)= 47 63 54 -1

Num-X: 8 ; Num-Y: 12 ; Resolution: 20 ; Rank: 55 ; Rank-X: 6 ; Rank-Y: 7 ; Rowstart: 12; Rowend: 15; Rows: 3; Colstart: 21; Colend: 21; Cols: 0;rank= 25 coords= 3 1 neighbours(up,down,left,right)= 17 33 24 26

Num-X: 8 ; Num-Y: 12 ; Resolution: 20 ; Rank: 25 ; Rank-X: 3 ; Rank-Y: 1 ; Rowstart: 6; Rowend: 9; Rows: 3; Colstart: 3; Colend: 7; Cols: 4;rank= 77 coords= 9 5 neighbours(up,down,left,right)= 69 85 76 78

Num-X: 8 ; Num-Y: 12 ; Resolution: 20 ; Rank: 77 ; Rank-X: 9 ; Rank-Y: 5 ; Rowstart: 18; Rowend: 21; Rows: 3; Colstart: 15; Colend: 19; Cols: 4;rank= 10 coords= 1 2 neighbours(up,down,left,right)= 2 18 9 11

Num-X: 8 ; Num-Y: 12 ; Resolution: 20 ; Rank: 10 ; Rank-X: 1 ; Rank-Y: 2 ; Rowstart: 2; Rowend: 5; Rows: 3; Colstart: 6; Colend: 10; Cols: 4;rank= 58 coords= 7 2 neighbours(up,down,left,right)= 50 66 57 59

Num-X: 8 ; Num-Y: 12 ; Resolution: 20 ; Rank: 58 ; Rank-X: 7 ; Rank-Y: 2 ; Rowstart: 14; Rowend: 17; Rows: 3; Colstart: 6; Colend: 10; Cols: 4;rank= 26 coords= 3 2 neighbours(up,down,left,right)= 18 34 25 27

Num-X: 8 ; Num-Y: 12 ; Resolution: 20 ; Rank: 26 ; Rank-X: 3 ; Rank-Y: 2 ; Rowstart: 6; Rowend: 9; Rows: 3; Colstart: 6; Colend: 10; Cols: 4;rank= 78 coords= 9 6 neighbours(up,down,left,right)= 70 86 77 79

Num-X: 8 ; Num-Y: 12 ; Resolution: 20 ; Rank: 78 ; Rank-X: 9 ; Rank-Y: 6 ; Rowstart: 18; Rowend: 21; Rows: 3; Colstart: 18; Colend: 21; Cols: 3;rank= 11 coords= 1 3 neighbours(up,down,left,right)= 3 19 10 12

Num-X: 8 ; Num-Y: 12 ; Resolution: 20 ; Rank: 11 ; Rank-X: 1 ; Rank-Y: 3 ; Rowstart: 2; Rowend: 5; Rows: 3; Colstart: 9; Colend: 13; Cols: 4;rank= 64 coords= 8 0 neighbours(up,down,left,right)= 56 72 -1 65

Num-X: 8 ; Num-Y: 12 ; Resolution: 20 ; Rank: 64 ; Rank-X: 8 ; Rank-Y: 0 ; Rowstart: 16; Rowend: 19; Rows: 3; Colstart: 0; Colend: 4; Cols: 4;rank= 28 coords= 3 4 neighbours(up,down,left,right)= 20 36 27 29

Num-X: 8 ; Num-Y: 12 ; Resolution: 20 ; Rank: 28 ; Rank-X: 3 ; Rank-Y: 4 ; Rowstart: 6; Rowend: 9; Rows: 3; Colstart: 12; Colend: 16; Cols: 4;rank= 88 coords= 11 0 neighbours(up,down,left,right)= 80 -1 -1 89

Num-X: 8 ; Num-Y: 12 ; Resolution: 20 ; Rank: 88 ; Rank-X: 11 ; Rank-Y: 0 ; Rowstart: 22; Rowend: 21; Rows: -1; Colstart: 0; Colend: 4; Cols: 4;
Num-X: 8 ; Num-Y: 12 ; Resolution: 20 ; Rank: 12 ; Rank-X: 1 ; Rank-Y: 4 ; Rowstart: 2; Rowend: 5; Rows: 3; Colstart: 12; Colend: 16; Cols: 4;rank= 65 coords= 8 1 neighbours(up,down,left,right)= 57 73 64 66

Num-X: 8 ; Num-Y: 12 ; Resolution: 20 ; Rank: 65 ; Rank-X: 8 ; Rank-Y: 1 ; Rowstart: 16; Rowend: 19; Rows: 3; Colstart: 3; Colend: 7; Cols: 4;rank= 29 coords= 3 5 neighbours(up,down,left,right)= 21 37 28 30

Num-X: 8 ; Num-Y: 12 ; Resolution: 20 ; Rank: 29 ; Rank-X: 3 ; Rank-Y: 5 ; Rowstart: 6; Rowend: 9; Rows: 3; Colstart: 15; Colend: 19; Cols: 4;rank= 89 coords= 11 1 neighbours(up,down,left,right)= 81 -1 88 90

Num-X: 8 ; Num-Y: 12 ; Resolution: 20 ; Rank: 89 ; Rank-X: 11 ; Rank-Y: 1 ; Rowstart: 22; Rowend: 21; Rows: -1; Colstart: 3; Colend: 7; Cols: 4;rank= 13 coords= 1 5 neighbours(up,down,left,right)= 5 21 12 14

Num-X: 8 ; Num-Y: 12 ; Resolution: 20 ; Rank: 13 ; Rank-X: 1 ; Rank-Y: 5 ; Rowstart: 2; Rowend: 5; Rows: 3; Colstart: 15; Colend: 19; Cols: 4;rank= 66 coords= 8 2 neighbours(up,down,left,right)= 58 74 65 67

Num-X: 8 ; Num-Y: 12 ; Resolution: 20 ; Rank: 66 ; Rank-X: 8 ; Rank-Y: 2 ; Rowstart: 16; Rowend: 19; Rows: 3; Colstart: 6; Colend: 10; Cols: 4;rank= 30 coords= 3 6 neighbours(up,down,left,right)= 22 38 29 31

Num-X: 8 ; Num-Y: 12 ; Resolution: 20 ; Rank: 30 ; Rank-X: 3 ; Rank-Y: 6 ; Rowstart: 6; Rowend: 9; Rows: 3; Colstart: 18; Colend: 21; Cols: 3;rank= 90 coords= 11 2 neighbours(up,down,left,right)= 82 -1 89 91

Num-X: 8 ; Num-Y: 12 ; Resolution: 20 ; Rank: 90 ; Rank-X: 11 ; Rank-Y: 2 ; Rowstart: 22; Rowend: 21; Rows: -1; Colstart: 6; Colend: 10; Cols: 4;rank= 14 coords= 1 6 neighbours(up,down,left,right)= 6 22 13 15

Num-X: 8 ; Num-Y: 12 ; Resolution: 20 ; Rank: 14 ; Rank-X: 1 ; Rank-Y: 6 ; Rowstart: 2; Rowend: 5; Rows: 3; Colstart: 18; Colend: 21; Cols: 3;rank= 67 coords= 8 3 neighbours(up,down,left,right)= 59 75 66 68

Num-X: 8 ; Num-Y: 12 ; Resolution: 20 ; Rank: 67 ; Rank-X: 8 ; Rank-Y: 3 ; Rowstart: 16; Rowend: 19; Rows: 3; Colstart: 9; Colend: 13; Cols: 4;rank= 31 coords= 3 7 neighbours(up,down,left,right)= 23 39 30 -1

Num-X: 8 ; Num-Y: 12 ; Resolution: 20 ; Rank: 31 ; Rank-X: 3 ; Rank-Y: 7 ; Rowstart: 6; Rowend: 9; Rows: 3; Colstart: 21; Colend: 21; Cols: 0;rank= 92 coords= 11 4 neighbours(up,down,left,right)= 84 -1 91 93

Num-X: 8 ; Num-Y: 12 ; Resolution: 20 ; Rank: 92 ; Rank-X: 11 ; Rank-Y: 4 ; Rowstart: 22; Rowend: 21; Rows: -1; Colstart: 12; Colend: 16; Cols: 4;rank= 15 coords= 1 7 neighbours(up,down,left,right)= 7 23 14 -1

Num-X: 8 ; Num-Y: 12 ; Resolution: 20 ; Rank: 15 ; Rank-X: 1 ; Rank-Y: 7 ; Rowstart: 2; Rowend: 5; Rows: 3; Colstart: 21; Colend: 21; Cols: 0;rank= 68 coords= 8 4 neighbours(up,down,left,right)= 60 76 67 69

Num-X: 8 ; Num-Y: 12 ; Resolution: 20 ; Rank: 68 ; Rank-X: 8 ; Rank-Y: 4 ; Rowstart: 16; Rowend: 19; Rows: 3; Colstart: 12; Colend: 16; Cols: 4;rank= 32 coords= 4 0 neighbours(up,down,left,right)= 24 40 -1 33

Num-X: 8 ; Num-Y: 12 ; Resolution: 20 ; Rank: 32 ; Rank-X: 4 ; Rank-Y: 0 ; Rowstart: 8; Rowend: 11; Rows: 3; Colstart: 0; Colend: 4; Cols: 4;rank= 94 coords= 11 6 neighbours(up,down,left,right)= 86 -1 93 95

Num-X: 8 ; Num-Y: 12 ; Resolution: 20 ; Rank: 94 ; Rank-X: 11 ; Rank-Y: 6 ; Rowstart: 22; Rowend: 21; Rows: -1; Colstart: 18; Colend: 21; Cols: 3;rank= 16 coords= 2 0 neighbours(up,down,left,right)= 8 24 -1 17

Num-X: 8 ; Num-Y: 12 ; Resolution: 20 ; Rank: 16 ; Rank-X: 2 ; Rank-Y: 0 ; Rowstart: 4; Rowend: 7; Rows: 3; Colstart: 0; Colend: 4; Cols: 4;rank= 69 coords= 8 5 neighbours(up,down,left,right)= 61 77 68 70

Num-X: 8 ; Num-Y: 12 ; Resolution: 20 ; Rank: 69 ; Rank-X: 8 ; Rank-Y: 5 ; Rowstart: 16; Rowend: 19; Rows: 3; Colstart: 15; Colend: 19; Cols: 4;rank= 34 coords= 4 2 neighbours(up,down,left,right)= 26 42 33 35

Num-X: 8 ; Num-Y: 12 ; Resolution: 20 ; Rank: 34 ; Rank-X: 4 ; Rank-Y: 2 ; Rowstart: 8; Rowend: 11; Rows: 3; Colstart: 6; Colend: 10; Cols: 4;rank= 73 coords= 9 1 neighbours(up,down,left,right)= 65 81 72 74

Num-X: 8 ; Num-Y: 12 ; Resolution: 20 ; Rank: 73 ; Rank-X: 9 ; Rank-Y: 1 ; Rowstart: 18; Rowend: 21; Rows: 3; Colstart: 3; Colend: 7; Cols: 4;rank= 17 coords= 2 1 neighbours(up,down,left,right)= 9 25 16 18

Num-X: 8 ; Num-Y: 12 ; Resolution: 20 ; Rank: 17 ; Rank-X: 2 ; Rank-Y: 1 ; Rowstart: 4; Rowend: 7; Rows: 3; Colstart: 3; Colend: 7; Cols: 4;rank= 70 coords= 8 6 neighbours(up,down,left,right)= 62 78 69 71

Num-X: 8 ; Num-Y: 12 ; Resolution: 20 ; Rank: 70 ; Rank-X: 8 ; Rank-Y: 6 ; Rowstart: 16; Rowend: 19; Rows: 3; Colstart: 18; Colend: 21; Cols: 3;rank= 36 coords= 4 4 neighbours(up,down,left,right)= 28 44 35 37

Num-X: 8 ; Num-Y: 12 ; Resolution: 20 ; Rank: 36 ; Rank-X: 4 ; Rank-Y: 4 ; Rowstart: 8; Rowend: 11; Rows: 3; Colstart: 12; Colend: 16; Cols: 4;rank= 74 coords= 9 2 neighbours(up,down,left,right)= 66 82 73 75

Num-X: 8 ; Num-Y: 12 ; Resolution: 20 ; Rank: 74 ; Rank-X: 9 ; Rank-Y: 2 ; Rowstart: 18; Rowend: 21; Rows: 3; Colstart: 6; Colend: 10; Cols: 4;rank= 18 coords= 2 2 neighbours(up,down,left,right)= 10 26 17 19

Num-X: 8 ; Num-Y: 12 ; Resolution: 20 ; Rank: 18 ; Rank-X: 2 ; Rank-Y: 2 ; Rowstart: 4; Rowend: 7; Rows: 3; Colstart: 6; Colend: 10; Cols: 4;rank= 71 coords= 8 7 neighbours(up,down,left,right)= 63 79 70 -1

Num-X: 8 ; Num-Y: 12 ; Resolution: 20 ; Rank: 71 ; Rank-X: 8 ; Rank-Y: 7 ; Rowstart: 16; Rowend: 19; Rows: 3; Colstart: 21; Colend: 21; Cols: 0;rank= 37 coords= 4 5 neighbours(up,down,left,right)= 29 45 36 38

Num-X: 8 ; Num-Y: 12 ; Resolution: 20 ; Rank: 37 ; Rank-X: 4 ; Rank-Y: 5 ; Rowstart: 8; Rowend: 11; Rows: 3; Colstart: 15; Colend: 19; Cols: 4;rank= 75 coords= 9 3 neighbours(up,down,left,right)= 67 83 74 76

Num-X: 8 ; Num-Y: 12 ; Resolution: 20 ; Rank: 75 ; Rank-X: 9 ; Rank-Y: 3 ; Rowstart: 18; Rowend: 21; Rows: 3; Colstart: 9; Colend: 13; Cols: 4;rank= 19 coords= 2 3 neighbours(up,down,left,right)= 11 27 18 20

Num-X: 8 ; Num-Y: 12 ; Resolution: 20 ; Rank: 19 ; Rank-X: 2 ; Rank-Y: 3 ; Rowstart: 4; Rowend: 7; Rows: 3; Colstart: 9; Colend: 13; Cols: 4;
Num-X: 8 ; Num-Y: 12 ; Resolution: 20 ; Rank: 48 ; Rank-X: 6 ; Rank-Y: 0 ; Rowstart: 12; Rowend: 15; Rows: 3; Colstart: 0; Colend: 4; Cols: 4;rank= 39 coords= 4 7 neighbours(up,down,left,right)= 31 47 38 -1

Num-X: 8 ; Num-Y: 12 ; Resolution: 20 ; Rank: 39 ; Rank-X: 4 ; Rank-Y: 7 ; Rowstart: 8; Rowend: 11; Rows: 3; Colstart: 21; Colend: 21; Cols: 0;rank= 76 coords= 9 4 neighbours(up,down,left,right)= 68 84 75 77

Num-X: 8 ; Num-Y: 12 ; Resolution: 20 ; Rank: 76 ; Rank-X: 9 ; Rank-Y: 4 ; Rowstart: 18; Rowend: 21; Rows: 3; Colstart: 12; Colend: 16; Cols: 4;rank= 20 coords= 2 4 neighbours(up,down,left,right)= 12 28 19 21

Num-X: 8 ; Num-Y: 12 ; Resolution: 20 ; Rank: 20 ; Rank-X: 2 ; Rank-Y: 4 ; Rowstart: 4; Rowend: 7; Rows: 3; Colstart: 12; Colend: 16; Cols: 4;rank= 49 coords= 6 1 neighbours(up,down,left,right)= 41 57 48 50

Num-X: 8 ; Num-Y: 12 ; Resolution: 20 ; Rank: 49 ; Rank-X: 6 ; Rank-Y: 1 ; Rowstart: 12; Rowend: 15; Rows: 3; Colstart: 3; Colend: 7; Cols: 4;rank= 40 coords= 5 0 neighbours(up,down,left,right)= 32 48 -1 41

Num-X: 8 ; Num-Y: 12 ; Resolution: 20 ; Rank: 40 ; Rank-X: 5 ; Rank-Y: 0 ; Rowstart: 10; Rowend: 13; Rows: 3; Colstart: 0; Colend: 4; Cols: 4;rank= 79 coords= 9 7 neighbours(up,down,left,right)= 71 87 78 -1

Num-X: 8 ; Num-Y: 12 ; Resolution: 20 ; Rank: 79 ; Rank-X: 9 ; Rank-Y: 7 ; Rowstart: 18; Rowend: 21; Rows: 3; Colstart: 21; Colend: 21; Cols: 0;rank= 21 coords= 2 5 neighbours(up,down,left,right)= 13 29 20 22

Num-X: 8 ; Num-Y: 12 ; Resolution: 20 ; Rank: 21 ; Rank-X: 2 ; Rank-Y: 5 ; Rowstart: 4; Rowend: 7; Rows: 3; Colstart: 15; Colend: 19; Cols: 4;rank= 50 coords= 6 2 neighbours(up,down,left,right)= 42 58 49 51

Num-X: 8 ; Num-Y: 12 ; Resolution: 20 ; Rank: 50 ; Rank-X: 6 ; Rank-Y: 2 ; Rowstart: 12; Rowend: 15; Rows: 3; Colstart: 6; Colend: 10; Cols: 4;rank= 41 coords= 5 1 neighbours(up,down,left,right)= 33 49 40 42

Num-X: 8 ; Num-Y: 12 ; Resolution: 20 ; Rank: 41 ; Rank-X: 5 ; Rank-Y: 1 ; Rowstart: 10; Rowend: 13; Rows: 3; Colstart: 3; Colend: 7; Cols: 4;rank= 80 coords= 10 0 neighbours(up,down,left,right)= 72 88 -1 81

Num-X: 8 ; Num-Y: 12 ; Resolution: 20 ; Rank: 80 ; Rank-X: 10 ; Rank-Y: 0 ; Rowstart: 20; Rowend: 21; Rows: 1; Colstart: 0; Colend: 4; Cols: 4;rank= 22 coords= 2 6 neighbours(up,down,left,right)= 14 30 21 23

Num-X: 8 ; Num-Y: 12 ; Resolution: 20 ; Rank: 22 ; Rank-X: 2 ; Rank-Y: 6 ; Rowstart: 4; Rowend: 7; Rows: 3; Colstart: 18; Colend: 21; Cols: 3;rank= 51 coords= 6 3 neighbours(up,down,left,right)= 43 59 50 52
rank= 42 coords= 5 2 neighbours(up,down,left,right)= 34 50 41 43

Num-X: 8 ; Num-Y: 12 ; Resolution: 20 ; Rank: 42 ; Rank-X: 5 ; Rank-Y: 2 ; Rowstart: 10; Rowend: 13; Rows: 3; Colstart: 6; Colend: 10; Cols: 4;rank= 81 coords= 10 1 neighbours(up,down,left,right)= 73 89 80 82

Num-X: 8 ; Num-Y: 12 ; Resolution: 20 ; Rank: 81 ; Rank-X: 10 ; Rank-Y: 1 ; Rowstart: 20; Rowend: 21; Rows: 1; Colstart: 3; Colend: 7; Cols: 4;rank= 23 coords= 2 7 neighbours(up,down,left,right)= 15 31 22 -1

Num-X: 8 ; Num-Y: 12 ; Resolution: 20 ; Rank: 23 ; Rank-X: 2 ; Rank-Y: 7 ; Rowstart: 4; Rowend: 7; Rows: 3; Colstart: 21; Colend: 21; Cols: 0;rank= 53 coords= 6 5 neighbours(up,down,left,right)= 45 61 52 54

Num-X: 8 ; Num-Y: 12 ; Resolution: 20 ; Rank: 53 ; Rank-X: 6 ; Rank-Y: 5 ; Rowstart: 12; Rowend: 15; Rows: 3; Colstart: 15; Colend: 19; Cols: 4;rank= 43 coords= 5 3 neighbours(up,down,left,right)= 35 51 42 44

Num-X: 8 ; Num-Y: 12 ; Resolution: 20 ; Rank: 43 ; Rank-X: 5 ; Rank-Y: 3 ; Rowstart: 10; Rowend: 13; Rows: 3; Colstart: 9; Colend: 13; Cols: 4;rank= 82 coords= 10 2 neighbours(up,down,left,right)= 74 90 81 83

Num-X: 8 ; Num-Y: 12 ; Resolution: 20 ; Rank: 82 ; Rank-X: 10 ; Rank-Y: 2 ; Rowstart: 20; Rowend: 21; Rows: 1; Colstart: 6; Colend: 10; Cols: 4;
Num-X: 8 ; Num-Y: 12 ; Resolution: 20 ; Rank: 1 ; Rank-X: 0 ; Rank-Y: 1 ; Rowstart: 0; Rowend: 3; Rows: 3; Colstart: 3; Colend: 7; Cols: 4;rank= 54 coords= 6 6 neighbours(up,down,left,right)= 46 62 53 55

Num-X: 8 ; Num-Y: 12 ; Resolution: 20 ; Rank: 54 ; Rank-X: 6 ; Rank-Y: 6 ; Rowstart: 12; Rowend: 15; Rows: 3; Colstart: 18; Colend: 21; Cols: 3;rank= 44 coords= 5 4 neighbours(up,down,left,right)= 36 52 43 45

Num-X: 8 ; Num-Y: 12 ; Resolution: 20 ; Rank: 44 ; Rank-X: 5 ; Rank-Y: 4 ; Rowstart: 10; Rowend: 13; Rows: 3; Colstart: 12; Colend: 16; Cols: 4;rank= 83 coords= 10 3 neighbours(up,down,left,right)= 75 91 82 84

Num-X: 8 ; Num-Y: 12 ; Resolution: 20 ; Rank: 83 ; Rank-X: 10 ; Rank-Y: 3 ; Rowstart: 20; Rowend: 21; Rows: 1; Colstart: 9; Colend: 13; Cols: 4;
Num-X: 8 ; Num-Y: 12 ; Resolution: 20 ; Rank: 2 ; Rank-X: 0 ; Rank-Y: 2 ; Rowstart: 0; Rowend: 3; Rows: 3; Colstart: 6; Colend: 10; Cols: 4;rank= 56 coords= 7 0 neighbours(up,down,left,right)= 48 64 -1 57

Num-X: 8 ; Num-Y: 12 ; Resolution: 20 ; Rank: 56 ; Rank-X: 7 ; Rank-Y: 0 ; Rowstart: 14; Rowend: 17; Rows: 3; Colstart: 0; Colend: 4; Cols: 4;rank= 45 coords= 5 5 neighbours(up,down,left,right)= 37 53 44 46

Num-X: 8 ; Num-Y: 12 ; Resolution: 20 ; Rank: 45 ; Rank-X: 5 ; Rank-Y: 5 ; Rowstart: 10; Rowend: 13; Rows: 3; Colstart: 15; Colend: 19; Cols: 4;rank= 84 coords= 10 4 neighbours(up,down,left,right)= 76 92 83 85

Num-X: 8 ; Num-Y: 12 ; Resolution: 20 ; Rank: 84 ; Rank-X: 10 ; Rank-Y: 4 ; Rowstart: 20; Rowend: 21; Rows: 1; Colstart: 12; Colend: 16; Cols: 4;
Num-X: 8 ; Num-Y: 12 ; Resolution: 20 ; Rank: 3 ; Rank-X: 0 ; Rank-Y: 3 ; Rowstart: 0; Rowend: 3; Rows: 3; Colstart: 9; Colend: 13; Cols: 4;rank= 57 coords= 7 1 neighbours(up,down,left,right)= 49 65 56 58

Num-X: 8 ; Num-Y: 12 ; Resolution: 20 ; Rank: 57 ; Rank-X: 7 ; Rank-Y: 1 ; Rowstart: 14; Rowend: 17; Rows: 3; Colstart: 3; Colend: 7; Cols: 4;rank= 46 coords= 5 6 neighbours(up,down,left,right)= 38 54 45 47

Num-X: 8 ; Num-Y: 12 ; Resolution: 20 ; Rank: 46 ; Rank-X: 5 ; Rank-Y: 6 ; Rowstart: 10; Rowend: 13; Rows: 3; Colstart: 18; Colend: 21; Cols: 3;rank= 85 coords= 10 5 neighbours(up,down,left,right)= 77 93 84 86

Num-X: 8 ; Num-Y: 12 ; Resolution: 20 ; Rank: 85 ; Rank-X: 10 ; Rank-Y: 5 ; Rowstart: 20; Rowend: 21; Rows: 1; Colstart: 15; Colend: 19; Cols: 4;
Num-X: 8 ; Num-Y: 12 ; Resolution: 20 ; Rank: 4 ; Rank-X: 0 ; Rank-Y: 4 ; Rowstart: 0; Rowend: 3; Rows: 3; Colstart: 12; Colend: 16; Cols: 4;rank= 59 coords= 7 3 neighbours(up,down,left,right)= 51 67 58 60

Num-X: 8 ; Num-Y: 12 ; Resolution: 20 ; Rank: 59 ; Rank-X: 7 ; Rank-Y: 3 ; Rowstart: 14; Rowend: 17; Rows: 3; Colstart: 9; Colend: 13; Cols: 4;rank= 47 coords= 5 7 neighbours(up,down,left,right)= 39 55 46 -1

Num-X: 8 ; Num-Y: 12 ; Resolution: 20 ; Rank: 47 ; Rank-X: 5 ; Rank-Y: 7 ; Rowstart: 10; Rowend: 13; Rows: 3; Colstart: 21; Colend: 21; Cols: 0;rank= 86 coords= 10 6 neighbours(up,down,left,right)= 78 94 85 87

Num-X: 8 ; Num-Y: 12 ; Resolution: 20 ; Rank: 86 ; Rank-X: 10 ; Rank-Y: 6 ; Rowstart: 20; Rowend: 21; Rows: 1; Colstart: 18; Colend: 21; Cols: 3;
Num-X: 8 ; Num-Y: 12 ; Resolution: 20 ; Rank: 5 ; Rank-X: 0 ; Rank-Y: 5 ; Rowstart: 0; Rowend: 3; Rows: 3; Colstart: 15; Colend: 19; Cols: 4;rank= 60 coords= 7 4 neighbours(up,down,left,right)= 52 68 59 61

Num-X: 8 ; Num-Y: 12 ; Resolution: 20 ; Rank: 60 ; Rank-X: 7 ; Rank-Y: 4 ; Rowstart: 14; Rowend: 17; Rows: 3; Colstart: 12; Colend: 16; Cols: 4;rank= 27 coords= 3 3 neighbours(up,down,left,right)= 19 35 26 28

Num-X: 8 ; Num-Y: 12 ; Resolution: 20 ; Rank: 27 ; Rank-X: 3 ; Rank-Y: 3 ; Rowstart: 6; Rowend: 9; Rows: 3; Colstart: 9; Colend: 13; Cols: 4;rank= 87 coords= 10 7 neighbours(up,down,left,right)= 79 95 86 -1

Num-X: 8 ; Num-Y: 12 ; Resolution: 20 ; Rank: 87 ; Rank-X: 10 ; Rank-Y: 7 ; Rowstart: 20; Rowend: 21; Rows: 1; Colstart: 21; Colend: 21; Cols: 0;
Num-X: 8 ; Num-Y: 12 ; Resolution: 20 ; Rank: 7 ; Rank-X: 0 ; Rank-Y: 7 ; Rowstart: 0; Rowend: 3; Rows: 3; Colstart: 21; Colend: 21; Cols: 0;rank= 61 coords= 7 5 neighbours(up,down,left,right)= 53 69 60 62

Num-X: 8 ; Num-Y: 12 ; Resolution: 20 ; Rank: 61 ; Rank-X: 7 ; Rank-Y: 5 ; Rowstart: 14; Rowend: 17; Rows: 3; Colstart: 15; Colend: 19; Cols: 4;rank= 33 coords= 4 1 neighbours(up,down,left,right)= 25 41 32 34

Num-X: 8 ; Num-Y: 12 ; Resolution: 20 ; Rank: 33 ; Rank-X: 4 ; Rank-Y: 1 ; Rowstart: 8; Rowend: 11; Rows: 3; Colstart: 3; Colend: 7; Cols: 4;rank= 91 coords= 11 3 neighbours(up,down,left,right)= 83 -1 90 92

Num-X: 8 ; Num-Y: 12 ; Resolution: 20 ; Rank: 91 ; Rank-X: 11 ; Rank-Y: 3 ; Rowstart: 22; Rowend: 21; Rows: -1; Colstart: 9; Colend: 13; Cols: 4;
Num-X: 8 ; Num-Y: 12 ; Resolution: 20 ; Rank: 8 ; Rank-X: 1 ; Rank-Y: 0 ; Rowstart: 2; Rowend: 5; Rows: 3; Colstart: 0; Colend: 4; Cols: 4;rank= 62 coords= 7 6 neighbours(up,down,left,right)= 54 70 61 63

Num-X: 8 ; Num-Y: 12 ; Resolution: 20 ; Rank: 62 ; Rank-X: 7 ; Rank-Y: 6 ; Rowstart: 14; Rowend: 17; Rows: 3; Colstart: 18; Colend: 21; Cols: 3;rank= 35 coords= 4 3 neighbours(up,down,left,right)= 27 43 34 36

Num-X: 8 ; Num-Y: 12 ; Resolution: 20 ; Rank: 35 ; Rank-X: 4 ; Rank-Y: 3 ; Rowstart: 8; Rowend: 11; Rows: 3; Colstart: 9; Colend: 13; Cols: 4;rank= 93 coords= 11 5 neighbours(up,down,left,right)= 85 -1 92 94

Num-X: 8 ; Num-Y: 12 ; Resolution: 20 ; Rank: 93 ; Rank-X: 11 ; Rank-Y: 5 ; Rowstart: 22; Rowend: 21; Rows: -1; Colstart: 15; Colend: 19; Cols: 4;
Num-X: 8 ; Num-Y: 12 ; Resolution: 20 ; Rank: 9 ; Rank-X: 1 ; Rank-Y: 1 ; Rowstart: 2; Rowend: 5; Rows: 3; Colstart: 3; Colend: 7; Cols: 4;rank= 63 coords= 7 7 neighbours(up,down,left,right)= 55 71 62 -1

Num-X: 8 ; Num-Y: 12 ; Resolution: 20 ; Rank: 63 ; Rank-X: 7 ; Rank-Y: 7 ; Rowstart: 14; Rowend: 17; Rows: 3; Colstart: 21; Colend: 21; Cols: 0;rank= 38 coords= 4 6 neighbours(up,down,left,right)= 30 46 37 39

Num-X: 8 ; Num-Y: 12 ; Resolution: 20 ; Rank: 38 ; Rank-X: 4 ; Rank-Y: 6 ; Rowstart: 8; Rowend: 11; Rows: 3; Colstart: 18; Colend: 21; Cols: 3;rank= 95 coords= 11 7 neighbours(up,down,left,right)= 87 -1 94 -1

Num-X: 8 ; Num-Y: 12 ; Resolution: 20 ; Rank: 95 ; Rank-X: 11 ; Rank-Y: 7 ; Rowstart: 22; Rowend: 21; Rows: -1; Colstart: 21; Colend: 21; Cols: 0;
Num-X: 8 ; Num-Y: 12 ; Resolution: 20 ; Rank: 51 ; Rank-X: 6 ; Rank-Y: 3 ; Rowstart: 12; Rowend: 15; Rows: 3; Colstart: 9; Colend: 13; Cols: 4;
===================================================================================
=   BAD TERMINATION OF ONE OF YOUR APPLICATION PROCESSES
=   RANK 72 PID 2824673 RUNNING AT i01r01c02s08
=   KILLED BY SIGNAL: 9 (Killed)
===================================================================================

===================================================================================
=   BAD TERMINATION OF ONE OF YOUR APPLICATION PROCESSES
=   RANK 73 PID 2824674 RUNNING AT i01r01c02s08
=   KILLED BY SIGNAL: 9 (Killed)
===================================================================================

===================================================================================
=   BAD TERMINATION OF ONE OF YOUR APPLICATION PROCESSES
=   RANK 74 PID 2824675 RUNNING AT i01r01c02s08
=   KILLED BY SIGNAL: 9 (Killed)
===================================================================================

===================================================================================
=   BAD TERMINATION OF ONE OF YOUR APPLICATION PROCESSES
=   RANK 75 PID 2824676 RUNNING AT i01r01c02s08
=   KILLED BY SIGNAL: 9 (Killed)
===================================================================================

===================================================================================
=   BAD TERMINATION OF ONE OF YOUR APPLICATION PROCESSES
=   RANK 76 PID 2824677 RUNNING AT i01r01c02s08
=   KILLED BY SIGNAL: 9 (Killed)
===================================================================================

===================================================================================
=   BAD TERMINATION OF ONE OF YOUR APPLICATION PROCESSES
=   RANK 77 PID 2824678 RUNNING AT i01r01c02s08
=   KILLED BY SIGNAL: 9 (Killed)
===================================================================================

===================================================================================
=   BAD TERMINATION OF ONE OF YOUR APPLICATION PROCESSES
=   RANK 78 PID 2824679 RUNNING AT i01r01c02s08
=   KILLED BY SIGNAL: 9 (Killed)
===================================================================================

===================================================================================
=   BAD TERMINATION OF ONE OF YOUR APPLICATION PROCESSES
=   RANK 79 PID 2824680 RUNNING AT i01r01c02s08
=   KILLED BY SIGNAL: 9 (Killed)
===================================================================================

===================================================================================
=   BAD TERMINATION OF ONE OF YOUR APPLICATION PROCESSES
=   RANK 80 PID 2824681 RUNNING AT i01r01c02s08
=   KILLED BY SIGNAL: 9 (Killed)
===================================================================================

===================================================================================
=   BAD TERMINATION OF ONE OF YOUR APPLICATION PROCESSES
=   RANK 81 PID 2824682 RUNNING AT i01r01c02s08
=   KILLED BY SIGNAL: 9 (Killed)
===================================================================================

===================================================================================
=   BAD TERMINATION OF ONE OF YOUR APPLICATION PROCESSES
=   RANK 82 PID 2824683 RUNNING AT i01r01c02s08
=   KILLED BY SIGNAL: 9 (Killed)
===================================================================================

===================================================================================
=   BAD TERMINATION OF ONE OF YOUR APPLICATION PROCESSES
=   RANK 83 PID 2824684 RUNNING AT i01r01c02s08
=   KILLED BY SIGNAL: 9 (Killed)
===================================================================================

===================================================================================
=   BAD TERMINATION OF ONE OF YOUR APPLICATION PROCESSES
=   RANK 84 PID 2824685 RUNNING AT i01r01c02s08
=   KILLED BY SIGNAL: 9 (Killed)
===================================================================================

===================================================================================
=   BAD TERMINATION OF ONE OF YOUR APPLICATION PROCESSES
=   RANK 85 PID 2824686 RUNNING AT i01r01c02s08
=   KILLED BY SIGNAL: 9 (Killed)
===================================================================================

===================================================================================
=   BAD TERMINATION OF ONE OF YOUR APPLICATION PROCESSES
=   RANK 86 PID 2824687 RUNNING AT i01r01c02s08
=   KILLED BY SIGNAL: 9 (Killed)
===================================================================================

===================================================================================
=   BAD TERMINATION OF ONE OF YOUR APPLICATION PROCESSES
=   RANK 87 PID 2824688 RUNNING AT i01r01c02s08
=   KILLED BY SIGNAL: 9 (Killed)
===================================================================================

===================================================================================
=   BAD TERMINATION OF ONE OF YOUR APPLICATION PROCESSES
=   RANK 88 PID 2824689 RUNNING AT i01r01c02s08
=   KILLED BY SIGNAL: 11 (Segmentation fault)
===================================================================================

===================================================================================
=   BAD TERMINATION OF ONE OF YOUR APPLICATION PROCESSES
=   RANK 89 PID 2824690 RUNNING AT i01r01c02s08
=   KILLED BY SIGNAL: 11 (Segmentation fault)
===================================================================================

===================================================================================
=   BAD TERMINATION OF ONE OF YOUR APPLICATION PROCESSES
=   RANK 90 PID 2824691 RUNNING AT i01r01c02s08
=   KILLED BY SIGNAL: 11 (Segmentation fault)
===================================================================================

===================================================================================
=   BAD TERMINATION OF ONE OF YOUR APPLICATION PROCESSES
=   RANK 91 PID 2824692 RUNNING AT i01r01c02s08
=   KILLED BY SIGNAL: 11 (Segmentation fault)
===================================================================================

===================================================================================
=   BAD TERMINATION OF ONE OF YOUR APPLICATION PROCESSES
=   RANK 92 PID 2824693 RUNNING AT i01r01c02s08
=   KILLED BY SIGNAL: 11 (Segmentation fault)
===================================================================================

===================================================================================
=   BAD TERMINATION OF ONE OF YOUR APPLICATION PROCESSES
=   RANK 93 PID 2824694 RUNNING AT i01r01c02s08
=   KILLED BY SIGNAL: 11 (Segmentation fault)
===================================================================================

===================================================================================
=   BAD TERMINATION OF ONE OF YOUR APPLICATION PROCESSES
=   RANK 94 PID 2824695 RUNNING AT i01r01c02s08
=   KILLED BY SIGNAL: 11 (Segmentation fault)
===================================================================================

===================================================================================
=   BAD TERMINATION OF ONE OF YOUR APPLICATION PROCESSES
=   RANK 95 PID 2824696 RUNNING AT i01r01c02s08
=   KILLED BY SIGNAL: 9 (Killed)
===================================================================================
