mpiexec -genv I_MPI_DEBUG=4 -n 16
[0] MPI startup(): Intel(R) MPI Library, Version 2019 Update 8  Build 20200624 (id: 4f16ad915)
[0] MPI startup(): Copyright (C) 2003-2020 Intel Corporation.  All rights reserved.
[0] MPI startup(): library kind: release
[0] MPI startup(): libfabric version: 1.10.1-impi
[0] MPI startup(): libfabric provider: psm2
[0] MPI startup(): Rank    Pid      Node name     Pin cpu
[0] MPI startup(): 0       1659485  i01r01c02s07  {0,1,2,3,4,5,48,49,50,51,52,53}
[0] MPI startup(): 1       1659486  i01r01c02s07  {6,7,8,9,10,11,54,55,56,57,58,59}
[0] MPI startup(): 2       1659487  i01r01c02s07  {12,13,14,15,16,17,60,61,62,63,64,65}
[0] MPI startup(): 3       1659488  i01r01c02s07  {18,19,20,21,22,23,66,67,68,69,70,71}
[0] MPI startup(): 4       1659489  i01r01c02s07  {24,25,26,27,28,29,72,73,74,75,76,77}
[0] MPI startup(): 5       1659490  i01r01c02s07  {30,31,32,33,34,35,78,79,80,81,82,83}
[0] MPI startup(): 6       1659491  i01r01c02s07  {36,37,38,39,40,41,84,85,86,87,88,89}
[0] MPI startup(): 7       1659492  i01r01c02s07  {42,43,44,45,46,47,90,91,92,93,94,95}
[0] MPI startup(): 8       2818528  i01r01c02s08  {0,1,2,3,4,5,48,49,50,51,52,53}
[0] MPI startup(): 9       2818529  i01r01c02s08  {6,7,8,9,10,11,54,55,56,57,58,59}
[0] MPI startup(): 10      2818530  i01r01c02s08  {12,13,14,15,16,17,60,61,62,63,64,65}
[0] MPI startup(): 11      2818531  i01r01c02s08  {18,19,20,21,22,23,66,67,68,69,70,71}
[0] MPI startup(): 12      2818532  i01r01c02s08  {24,25,26,27,28,29,72,73,74,75,76,77}
[0] MPI startup(): 13      2818533  i01r01c02s08  {30,31,32,33,34,35,78,79,80,81,82,83}
[0] MPI startup(): 14      2818534  i01r01c02s08  {36,37,38,39,40,41,84,85,86,87,88,89}
[0] MPI startup(): 15      2818535  i01r01c02s08  {42,43,44,45,46,47,90,91,92,93,94,95}

4 processes distributed in X-direction
 4 ; processes distributed in Y-direction
Resolutions       : (20, 120, ... 20)
Iterations        : 20
Num. Heat sources : 2
   1: (0.00, 0.00) 1.00 1.00 
   2: (1.00, 1.00) 1.00 0.50 
rank= 0 coords= 0 0 neighbours(up,down,left,right)= -1 4 -1 1
rank= 1 coords= 0 1 neighbours(up,down,left,right)= -1 5 0 2
rank= 2 coords= 0 2 neighbours(up,down,left,right)= -1 6 1 3

Num-X: 4 ; Num-Y: 4 ; Resolution: 20 ; Rank: 2 ; Rank-X: 0 ; Rank-Y: 2 ; Rowstart: 0; Rowend: 6; Rows: 6; Colstart: 10; Colend: 16; Cols: 6;rank= 3 coords= 0 3 neighbours(up,down,left,right)= -1 7 2 -1
rank= 4 coords= 1 0 neighbours(up,down,left,right)= 0 8 -1 5
rank= 5 coords= 1 1 neighbours(up,down,left,right)= 1 9 4 6

Num-X: 4 ; Num-Y: 4 ; Resolution: 20 ; Rank: 5 ; Rank-X: 1 ; Rank-Y: 1 ; Rowstart: 5; Rowend: 11; Rows: 6; Colstart: 5; Colend: 11; Cols: 6;rank= 8 coords= 2 0 neighbours(up,down,left,right)= 4 12 -1 9
rank= 6 coords= 1 2 neighbours(up,down,left,right)= 2 10 5 7

Num-X: 4 ; Num-Y: 4 ; Resolution: 20 ; Rank: 6 ; Rank-X: 1 ; Rank-Y: 2 ; Rowstart: 5; Rowend: 11; Rows: 6; Colstart: 10; Colend: 16; Cols: 6;rank= 9 coords= 2 1 neighbours(up,down,left,right)= 5 13 8 10
rank= 7 coords= 1 3 neighbours(up,down,left,right)= 3 11 6 -1

Num-X: 4 ; Num-Y: 4 ; Resolution: 20 ; Rank: 7 ; Rank-X: 1 ; Rank-Y: 3 ; Rowstart: 5; Rowend: 11; Rows: 6; Colstart: 15; Colend: 21; Cols: 6;rank= 10 coords= 2 2 neighbours(up,down,left,right)= 6 14 9 11

Num-X: 4 ; Num-Y: 4 ; Resolution: 20 ; Rank: 0 ; Rank-X: 0 ; Rank-Y: 0 ; Rowstart: 0; Rowend: 6; Rows: 6; Colstart: 0; Colend: 6; Cols: 6;rank= 11 coords= 2 3 neighbours(up,down,left,right)= 7 15 10 -1

Num-X: 4 ; Num-Y: 4 ; Resolution: 20 ; Rank: 11 ; Rank-X: 2 ; Rank-Y: 3 ; Rowstart: 10; Rowend: 16; Rows: 6; Colstart: 15; Colend: 21; Cols: 6;
Num-X: 4 ; Num-Y: 4 ; Resolution: 20 ; Rank: 1 ; Rank-X: 0 ; Rank-Y: 1 ; Rowstart: 0; Rowend: 6; Rows: 6; Colstart: 5; Colend: 11; Cols: 6;rank= 12 coords= 3 0 neighbours(up,down,left,right)= 8 -1 -1 13

Num-X: 4 ; Num-Y: 4 ; Resolution: 20 ; Rank: 12 ; Rank-X: 3 ; Rank-Y: 0 ; Rowstart: 15; Rowend: 21; Rows: 6; Colstart: 0; Colend: 6; Cols: 6;
Num-X: 4 ; Num-Y: 4 ; Resolution: 20 ; Rank: 3 ; Rank-X: 0 ; Rank-Y: 3 ; Rowstart: 0; Rowend: 6; Rows: 6; Colstart: 15; Colend: 21; Cols: 6;
Num-X: 4 ; Num-Y: 4 ; Resolution: 20 ; Rank: 4 ; Rank-X: 1 ; Rank-Y: 0 ; Rowstart: 5; Rowend: 11; Rows: 6; Colstart: 0; Colend: 6; Cols: 6;rank= 13 coords= 3 1 neighbours(up,down,left,right)= 9 -1 12 14

Num-X: 4 ; Num-Y: 4 ; Resolution: 20 ; Rank: 13 ; Rank-X: 3 ; Rank-Y: 1 ; Rowstart: 15; Rowend: 21; Rows: 6; Colstart: 5; Colend: 11; Cols: 6;rank= 14 coords= 3 2 neighbours(up,down,left,right)= 10 -1 13 15

Num-X: 4 ; Num-Y: 4 ; Resolution: 20 ; Rank: 14 ; Rank-X: 3 ; Rank-Y: 2 ; Rowstart: 15; Rowend: 21; Rows: 6; Colstart: 10; Colend: 16; Cols: 6;rank= 15 coords= 3 3 neighbours(up,down,left,right)= 11 -1 14 -1

Num-X: 4 ; Num-Y: 4 ; Resolution: 20 ; Rank: 15 ; Rank-X: 3 ; Rank-Y: 3 ; Rowstart: 15; Rowend: 21; Rows: 6; Colstart: 15; Colend: 21; Cols: 6;
Num-X: 4 ; Num-Y: 4 ; Resolution: 20 ; Rank: 8 ; Rank-X: 2 ; Rank-Y: 0 ; Rowstart: 10; Rowend: 16; Rows: 6; Colstart: 0; Colend: 6; Cols: 6;
Num-X: 4 ; Num-Y: 4 ; Resolution: 20 ; Rank: 9 ; Rank-X: 2 ; Rank-Y: 1 ; Rowstart: 10; Rowend: 16; Rows: 6; Colstart: 5; Colend: 11; Cols: 6;
Num-X: 4 ; Num-Y: 4 ; Resolution: 20 ; Rank: 10 ; Rank-X: 2 ; Rank-Y: 2 ; Rowstart: 10; Rowend: 16; Rows: 6; Colstart: 10; Colend: 16; Cols: 6;

Resolution: 20
===================
Execution time: 0.002404
Residual: 0.009475

megaflops:  23.3
  flop instructions (M):  0.056
