mpiexec -genv I_MPI_DEBUG=4 -n 48
[0] MPI startup(): Intel(R) MPI Library, Version 2019 Update 8  Build 20200624 (id: 4f16ad915)
[0] MPI startup(): Copyright (C) 2003-2020 Intel Corporation.  All rights reserved.
[0] MPI startup(): library kind: release
[0] MPI startup(): libfabric version: 1.10.1-impi
[0] MPI startup(): libfabric provider: psm2
[0] MPI startup(): Rank    Pid      Node name     Pin cpu
[0] MPI startup(): 0       2822802  i01r01c02s08  {0,1,48,49}
[0] MPI startup(): 1       2822803  i01r01c02s08  {2,3,50,51}
[0] MPI startup(): 2       2822804  i01r01c02s08  {4,5,52,53}
[0] MPI startup(): 3       2822805  i01r01c02s08  {6,7,54,55}
[0] MPI startup(): 4       2822806  i01r01c02s08  {8,9,56,57}
[0] MPI startup(): 5       2822807  i01r01c02s08  {10,11,58,59}
[0] MPI startup(): 6       2822808  i01r01c02s08  {12,13,60,61}
[0] MPI startup(): 7       2822809  i01r01c02s08  {14,15,62,63}
[0] MPI startup(): 8       2822810  i01r01c02s08  {16,17,64,65}
[0] MPI startup(): 9       2822811  i01r01c02s08  {18,19,66,67}
[0] MPI startup(): 10      2822812  i01r01c02s08  {20,21,68,69}
[0] MPI startup(): 11      2822813  i01r01c02s08  {22,23,70,71}
[0] MPI startup(): 12      2822814  i01r01c02s08  {24,25,72,73}
[0] MPI startup(): 13      2822815  i01r01c02s08  {26,27,74,75}
[0] MPI startup(): 14      2822816  i01r01c02s08  {28,29,76,77}
[0] MPI startup(): 15      2822817  i01r01c02s08  {30,31,78,79}
[0] MPI startup(): 16      2822818  i01r01c02s08  {32,33,80,81}
[0] MPI startup(): 17      2822819  i01r01c02s08  {34,35,82,83}
[0] MPI startup(): 18      2822820  i01r01c02s08  {36,37,84,85}
[0] MPI startup(): 19      2822821  i01r01c02s08  {38,39,86,87}
[0] MPI startup(): 20      2822822  i01r01c02s08  {40,41,88,89}
[0] MPI startup(): 21      2822823  i01r01c02s08  {42,43,90,91}
[0] MPI startup(): 22      2822824  i01r01c02s08  {44,45,92,93}
[0] MPI startup(): 23      2822825  i01r01c02s08  {46,47,94,95}
[0] MPI startup(): 24      3564692  i01r01c02s09  {0,1,48,49}
[0] MPI startup(): 25      3564693  i01r01c02s09  {2,3,50,51}
[0] MPI startup(): 26      3564694  i01r01c02s09  {4,5,52,53}
[0] MPI startup(): 27      3564695  i01r01c02s09  {6,7,54,55}
[0] MPI startup(): 28      3564696  i01r01c02s09  {8,9,56,57}
[0] MPI startup(): 29      3564697  i01r01c02s09  {10,11,58,59}
[0] MPI startup(): 30      3564698  i01r01c02s09  {12,13,60,61}
[0] MPI startup(): 31      3564699  i01r01c02s09  {14,15,62,63}
[0] MPI startup(): 32      3564700  i01r01c02s09  {16,17,64,65}
[0] MPI startup(): 33      3564701  i01r01c02s09  {18,19,66,67}
[0] MPI startup(): 34      3564702  i01r01c02s09  {20,21,68,69}
[0] MPI startup(): 35      3564703  i01r01c02s09  {22,23,70,71}
[0] MPI startup(): 36      3564704  i01r01c02s09  {24,25,72,73}
[0] MPI startup(): 37      3564705  i01r01c02s09  {26,27,74,75}
[0] MPI startup(): 38      3564706  i01r01c02s09  {28,29,76,77}
[0] MPI startup(): 39      3564707  i01r01c02s09  {30,31,78,79}
[0] MPI startup(): 40      3564708  i01r01c02s09  {32,33,80,81}
[0] MPI startup(): 41      3564709  i01r01c02s09  {34,35,82,83}
[0] MPI startup(): 42      3564710  i01r01c02s09  {36,37,84,85}
[0] MPI startup(): 43      3564711  i01r01c02s09  {38,39,86,87}
[0] MPI startup(): 44      3564712  i01r01c02s09  {40,41,88,89}
[0] MPI startup(): 45      3564713  i01r01c02s09  {42,43,90,91}
[0] MPI startup(): 46      3564714  i01r01c02s09  {44,45,92,93}
[0] MPI startup(): 47      3564715  i01r01c02s09  {46,47,94,95}

12 processes distributed in X-direction
 4 ; processes distributed in Y-direction
Resolutions       : (20, 120, ... 20)
Iterations        : 20
Num. Heat sources : 2
   1: (0.00, 0.00) 1.00 1.00 
   2: (1.00, 1.00) 1.00 0.50 
rank= 0 coords= 0 0 neighbours(up,down,left,right)= -1 4 -1 1
rank= 1 coords= 0 1 neighbours(up,down,left,right)= -1 5 0 2
rank= 2 coords= 0 2 neighbours(up,down,left,right)= -1 6 1 3
rank= 4 coords= 1 0 neighbours(up,down,left,right)= 0 8 -1 5

Num-X: 4 ; Num-Y: 12 ; Resolution: 20 ; Rank: 4 ; Rank-X: 1 ; Rank-Y: 0 ; Rowstart: 2; Rowend: 5; Rows: 3; Colstart: 0; Colend: 6; Cols: 6;rank= 6 coords= 1 2 neighbours(up,down,left,right)= 2 10 5 7

Num-X: 4 ; Num-Y: 12 ; Resolution: 20 ; Rank: 6 ; Rank-X: 1 ; Rank-Y: 2 ; Rowstart: 2; Rowend: 5; Rows: 3; Colstart: 10; Colend: 16; Cols: 6;rank= 24 coords= 6 0 neighbours(up,down,left,right)= 20 28 -1 25
rank= 7 coords= 1 3 neighbours(up,down,left,right)= 3 11 6 -1

Num-X: 4 ; Num-Y: 12 ; Resolution: 20 ; Rank: 7 ; Rank-X: 1 ; Rank-Y: 3 ; Rowstart: 2; Rowend: 5; Rows: 3; Colstart: 15; Colend: 21; Cols: 6;rank= 25 coords= 6 1 neighbours(up,down,left,right)= 21 29 24 26
rank= 8 coords= 2 0 neighbours(up,down,left,right)= 4 12 -1 9

Num-X: 4 ; Num-Y: 12 ; Resolution: 20 ; Rank: 8 ; Rank-X: 2 ; Rank-Y: 0 ; Rowstart: 4; Rowend: 7; Rows: 3; Colstart: 0; Colend: 6; Cols: 6;rank= 26 coords= 6 2 neighbours(up,down,left,right)= 22 30 25 27

Num-X: 4 ; Num-Y: 12 ; Resolution: 20 ; Rank: 26 ; Rank-X: 6 ; Rank-Y: 2 ; Rowstart: 12; Rowend: 15; Rows: 3; Colstart: 10; Colend: 16; Cols: 6;rank= 10 coords= 2 2 neighbours(up,down,left,right)= 6 14 9 11

Num-X: 4 ; Num-Y: 12 ; Resolution: 20 ; Rank: 10 ; Rank-X: 2 ; Rank-Y: 2 ; Rowstart: 4; Rowend: 7; Rows: 3; Colstart: 10; Colend: 16; Cols: 6;rank= 27 coords= 6 3 neighbours(up,down,left,right)= 23 31 26 -1

Num-X: 4 ; Num-Y: 12 ; Resolution: 20 ; Rank: 27 ; Rank-X: 6 ; Rank-Y: 3 ; Rowstart: 12; Rowend: 15; Rows: 3; Colstart: 15; Colend: 21; Cols: 6;rank= 12 coords= 3 0 neighbours(up,down,left,right)= 8 16 -1 13

Num-X: 4 ; Num-Y: 12 ; Resolution: 20 ; Rank: 12 ; Rank-X: 3 ; Rank-Y: 0 ; Rowstart: 6; Rowend: 9; Rows: 3; Colstart: 0; Colend: 6; Cols: 6;rank= 28 coords= 7 0 neighbours(up,down,left,right)= 24 32 -1 29

Num-X: 4 ; Num-Y: 12 ; Resolution: 20 ; Rank: 28 ; Rank-X: 7 ; Rank-Y: 0 ; Rowstart: 14; Rowend: 17; Rows: 3; Colstart: 0; Colend: 6; Cols: 6;rank= 16 coords= 4 0 neighbours(up,down,left,right)= 12 20 -1 17

Num-X: 4 ; Num-Y: 12 ; Resolution: 20 ; Rank: 16 ; Rank-X: 4 ; Rank-Y: 0 ; Rowstart: 8; Rowend: 11; Rows: 3; Colstart: 0; Colend: 6; Cols: 6;rank= 17 coords= 4 1 neighbours(up,down,left,right)= 13 21 16 18

Num-X: 4 ; Num-Y: 12 ; Resolution: 20 ; Rank: 17 ; Rank-X: 4 ; Rank-Y: 1 ; Rowstart: 8; Rowend: 11; Rows: 3; Colstart: 5; Colend: 11; Cols: 6;rank= 18 coords= 4 2 neighbours(up,down,left,right)= 14 22 17 19

Num-X: 4 ; Num-Y: 12 ; Resolution: 20 ; Rank: 18 ; Rank-X: 4 ; Rank-Y: 2 ; Rowstart: 8; Rowend: 11; Rows: 3; Colstart: 10; Colend: 16; Cols: 6;rank= 19 coords= 4 3 neighbours(up,down,left,right)= 15 23 18 -1

Num-X: 4 ; Num-Y: 12 ; Resolution: 20 ; Rank: 19 ; Rank-X: 4 ; Rank-Y: 3 ; Rowstart: 8; Rowend: 11; Rows: 3; Colstart: 15; Colend: 21; Cols: 6;rank= 20 coords= 5 0 neighbours(up,down,left,right)= 16 24 -1 21

Num-X: 4 ; Num-Y: 12 ; Resolution: 20 ; Rank: 20 ; Rank-X: 5 ; Rank-Y: 0 ; Rowstart: 10; Rowend: 13; Rows: 3; Colstart: 0; Colend: 6; Cols: 6;rank= 21 coords= 5 1 neighbours(up,down,left,right)= 17 25 20 22

Num-X: 4 ; Num-Y: 12 ; Resolution: 20 ; Rank: 21 ; Rank-X: 5 ; Rank-Y: 1 ; Rowstart: 10; Rowend: 13; Rows: 3; Colstart: 5; Colend: 11; Cols: 6;
Num-X: 4 ; Num-Y: 12 ; Resolution: 20 ; Rank: 0 ; Rank-X: 0 ; Rank-Y: 0 ; Rowstart: 0; Rowend: 3; Rows: 3; Colstart: 0; Colend: 6; Cols: 6;
Num-X: 4 ; Num-Y: 12 ; Resolution: 20 ; Rank: 1 ; Rank-X: 0 ; Rank-Y: 1 ; Rowstart: 0; Rowend: 3; Rows: 3; Colstart: 5; Colend: 11; Cols: 6;
Num-X: 4 ; Num-Y: 12 ; Resolution: 20 ; Rank: 2 ; Rank-X: 0 ; Rank-Y: 2 ; Rowstart: 0; Rowend: 3; Rows: 3; Colstart: 10; Colend: 16; Cols: 6;rank= 3 coords= 0 3 neighbours(up,down,left,right)= -1 7 2 -1

Num-X: 4 ; Num-Y: 12 ; Resolution: 20 ; Rank: 3 ; Rank-X: 0 ; Rank-Y: 3 ; Rowstart: 0; Rowend: 3; Rows: 3; Colstart: 15; Colend: 21; Cols: 6;rank= 5 coords= 1 1 neighbours(up,down,left,right)= 1 9 4 6

Num-X: 4 ; Num-Y: 12 ; Resolution: 20 ; Rank: 5 ; Rank-X: 1 ; Rank-Y: 1 ; Rowstart: 2; Rowend: 5; Rows: 3; Colstart: 5; Colend: 11; Cols: 6;rank= 30 coords= 7 2 neighbours(up,down,left,right)= 26 34 29 31

Num-X: 4 ; Num-Y: 12 ; Resolution: 20 ; Rank: 30 ; Rank-X: 7 ; Rank-Y: 2 ; Rowstart: 14; Rowend: 17; Rows: 3; Colstart: 10; Colend: 16; Cols: 6;rank= 9 coords= 2 1 neighbours(up,down,left,right)= 5 13 8 10

Num-X: 4 ; Num-Y: 12 ; Resolution: 20 ; Rank: 9 ; Rank-X: 2 ; Rank-Y: 1 ; Rowstart: 4; Rowend: 7; Rows: 3; Colstart: 5; Colend: 11; Cols: 6;rank= 34 coords= 8 2 neighbours(up,down,left,right)= 30 38 33 35

Num-X: 4 ; Num-Y: 12 ; Resolution: 20 ; Rank: 34 ; Rank-X: 8 ; Rank-Y: 2 ; Rowstart: 16; Rowend: 19; Rows: 3; Colstart: 10; Colend: 16; Cols: 6;rank= 11 coords= 2 3 neighbours(up,down,left,right)= 7 15 10 -1

Num-X: 4 ; Num-Y: 12 ; Resolution: 20 ; Rank: 11 ; Rank-X: 2 ; Rank-Y: 3 ; Rowstart: 4; Rowend: 7; Rows: 3; Colstart: 15; Colend: 21; Cols: 6;rank= 36 coords= 9 0 neighbours(up,down,left,right)= 32 40 -1 37

Num-X: 4 ; Num-Y: 12 ; Resolution: 20 ; Rank: 36 ; Rank-X: 9 ; Rank-Y: 0 ; Rowstart: 18; Rowend: 21; Rows: 3; Colstart: 0; Colend: 6; Cols: 6;rank= 13 coords= 3 1 neighbours(up,down,left,right)= 9 17 12 14

Num-X: 4 ; Num-Y: 12 ; Resolution: 20 ; Rank: 13 ; Rank-X: 3 ; Rank-Y: 1 ; Rowstart: 6; Rowend: 9; Rows: 3; Colstart: 5; Colend: 11; Cols: 6;rank= 38 coords= 9 2 neighbours(up,down,left,right)= 34 42 37 39

Num-X: 4 ; Num-Y: 12 ; Resolution: 20 ; Rank: 38 ; Rank-X: 9 ; Rank-Y: 2 ; Rowstart: 18; Rowend: 21; Rows: 3; Colstart: 10; Colend: 16; Cols: 6;rank= 14 coords= 3 2 neighbours(up,down,left,right)= 10 18 13 15

Num-X: 4 ; Num-Y: 12 ; Resolution: 20 ; Rank: 14 ; Rank-X: 3 ; Rank-Y: 2 ; Rowstart: 6; Rowend: 9; Rows: 3; Colstart: 10; Colend: 16; Cols: 6;rank= 40 coords= 10 0 neighbours(up,down,left,right)= 36 44 -1 41

Num-X: 4 ; Num-Y: 12 ; Resolution: 20 ; Rank: 40 ; Rank-X: 10 ; Rank-Y: 0 ; Rowstart: 20; Rowend: 21; Rows: 1; Colstart: 0; Colend: 6; Cols: 6;rank= 15 coords= 3 3 neighbours(up,down,left,right)= 11 19 14 -1

Num-X: 4 ; Num-Y: 12 ; Resolution: 20 ; Rank: 15 ; Rank-X: 3 ; Rank-Y: 3 ; Rowstart: 6; Rowend: 9; Rows: 3; Colstart: 15; Colend: 21; Cols: 6;rank= 41 coords= 10 1 neighbours(up,down,left,right)= 37 45 40 42

Num-X: 4 ; Num-Y: 12 ; Resolution: 20 ; Rank: 41 ; Rank-X: 10 ; Rank-Y: 1 ; Rowstart: 20; Rowend: 21; Rows: 1; Colstart: 5; Colend: 11; Cols: 6;rank= 22 coords= 5 2 neighbours(up,down,left,right)= 18 26 21 23

Num-X: 4 ; Num-Y: 12 ; Resolution: 20 ; Rank: 22 ; Rank-X: 5 ; Rank-Y: 2 ; Rowstart: 10; Rowend: 13; Rows: 3; Colstart: 10; Colend: 16; Cols: 6;rank= 42 coords= 10 2 neighbours(up,down,left,right)= 38 46 41 43

Num-X: 4 ; Num-Y: 12 ; Resolution: 20 ; Rank: 42 ; Rank-X: 10 ; Rank-Y: 2 ; Rowstart: 20; Rowend: 21; Rows: 1; Colstart: 10; Colend: 16; Cols: 6;rank= 23 coords= 5 3 neighbours(up,down,left,right)= 19 27 22 -1

Num-X: 4 ; Num-Y: 12 ; Resolution: 20 ; Rank: 23 ; Rank-X: 5 ; Rank-Y: 3 ; Rowstart: 10; Rowend: 13; Rows: 3; Colstart: 15; Colend: 21; Cols: 6;rank= 43 coords= 10 3 neighbours(up,down,left,right)= 39 47 42 -1

Num-X: 4 ; Num-Y: 12 ; Resolution: 20 ; Rank: 43 ; Rank-X: 10 ; Rank-Y: 3 ; Rowstart: 20; Rowend: 21; Rows: 1; Colstart: 15; Colend: 21; Cols: 6;rank= 44 coords= 11 0 neighbours(up,down,left,right)= 40 -1 -1 45

Num-X: 4 ; Num-Y: 12 ; Resolution: 20 ; Rank: 44 ; Rank-X: 11 ; Rank-Y: 0 ; Rowstart: 22; Rowend: 21; Rows: -1; Colstart: 0; Colend: 6; Cols: 6;rank= 46 coords= 11 2 neighbours(up,down,left,right)= 42 -1 45 47

Num-X: 4 ; Num-Y: 12 ; Resolution: 20 ; Rank: 46 ; Rank-X: 11 ; Rank-Y: 2 ; Rowstart: 22; Rowend: 21; Rows: -1; Colstart: 10; Colend: 16; Cols: 6;
Num-X: 4 ; Num-Y: 12 ; Resolution: 20 ; Rank: 24 ; Rank-X: 6 ; Rank-Y: 0 ; Rowstart: 12; Rowend: 15; Rows: 3; Colstart: 0; Colend: 6; Cols: 6;
Num-X: 4 ; Num-Y: 12 ; Resolution: 20 ; Rank: 25 ; Rank-X: 6 ; Rank-Y: 1 ; Rowstart: 12; Rowend: 15; Rows: 3; Colstart: 5; Colend: 11; Cols: 6;rank= 29 coords= 7 1 neighbours(up,down,left,right)= 25 33 28 30

Num-X: 4 ; Num-Y: 12 ; Resolution: 20 ; Rank: 29 ; Rank-X: 7 ; Rank-Y: 1 ; Rowstart: 14; Rowend: 17; Rows: 3; Colstart: 5; Colend: 11; Cols: 6;rank= 31 coords= 7 3 neighbours(up,down,left,right)= 27 35 30 -1

Num-X: 4 ; Num-Y: 12 ; Resolution: 20 ; Rank: 31 ; Rank-X: 7 ; Rank-Y: 3 ; Rowstart: 14; Rowend: 17; Rows: 3; Colstart: 15; Colend: 21; Cols: 6;rank= 32 coords= 8 0 neighbours(up,down,left,right)= 28 36 -1 33

Num-X: 4 ; Num-Y: 12 ; Resolution: 20 ; Rank: 32 ; Rank-X: 8 ; Rank-Y: 0 ; Rowstart: 16; Rowend: 19; Rows: 3; Colstart: 0; Colend: 6; Cols: 6;rank= 33 coords= 8 1 neighbours(up,down,left,right)= 29 37 32 34

Num-X: 4 ; Num-Y: 12 ; Resolution: 20 ; Rank: 33 ; Rank-X: 8 ; Rank-Y: 1 ; Rowstart: 16; Rowend: 19; Rows: 3; Colstart: 5; Colend: 11; Cols: 6;rank= 35 coords= 8 3 neighbours(up,down,left,right)= 31 39 34 -1

Num-X: 4 ; Num-Y: 12 ; Resolution: 20 ; Rank: 35 ; Rank-X: 8 ; Rank-Y: 3 ; Rowstart: 16; Rowend: 19; Rows: 3; Colstart: 15; Colend: 21; Cols: 6;rank= 37 coords= 9 1 neighbours(up,down,left,right)= 33 41 36 38

Num-X: 4 ; Num-Y: 12 ; Resolution: 20 ; Rank: 37 ; Rank-X: 9 ; Rank-Y: 1 ; Rowstart: 18; Rowend: 21; Rows: 3; Colstart: 5; Colend: 11; Cols: 6;rank= 39 coords= 9 3 neighbours(up,down,left,right)= 35 43 38 -1

Num-X: 4 ; Num-Y: 12 ; Resolution: 20 ; Rank: 39 ; Rank-X: 9 ; Rank-Y: 3 ; Rowstart: 18; Rowend: 21; Rows: 3; Colstart: 15; Colend: 21; Cols: 6;rank= 45 coords= 11 1 neighbours(up,down,left,right)= 41 -1 44 46

Num-X: 4 ; Num-Y: 12 ; Resolution: 20 ; Rank: 45 ; Rank-X: 11 ; Rank-Y: 1 ; Rowstart: 22; Rowend: 21; Rows: -1; Colstart: 5; Colend: 11; Cols: 6;rank= 47 coords= 11 3 neighbours(up,down,left,right)= 43 -1 46 -1

Num-X: 4 ; Num-Y: 12 ; Resolution: 20 ; Rank: 47 ; Rank-X: 11 ; Rank-Y: 3 ; Rowstart: 22; Rowend: 21; Rows: -1; Colstart: 15; Colend: 21; Cols: 6;
===================================================================================
=   BAD TERMINATION OF ONE OF YOUR APPLICATION PROCESSES
=   RANK 24 PID 3564692 RUNNING AT i01r01c02s09
=   KILLED BY SIGNAL: 9 (Killed)
===================================================================================

===================================================================================
=   BAD TERMINATION OF ONE OF YOUR APPLICATION PROCESSES
=   RANK 25 PID 3564693 RUNNING AT i01r01c02s09
=   KILLED BY SIGNAL: 9 (Killed)
===================================================================================

===================================================================================
=   BAD TERMINATION OF ONE OF YOUR APPLICATION PROCESSES
=   RANK 26 PID 3564694 RUNNING AT i01r01c02s09
=   KILLED BY SIGNAL: 9 (Killed)
===================================================================================

===================================================================================
=   BAD TERMINATION OF ONE OF YOUR APPLICATION PROCESSES
=   RANK 27 PID 3564695 RUNNING AT i01r01c02s09
=   KILLED BY SIGNAL: 9 (Killed)
===================================================================================

===================================================================================
=   BAD TERMINATION OF ONE OF YOUR APPLICATION PROCESSES
=   RANK 28 PID 3564696 RUNNING AT i01r01c02s09
=   KILLED BY SIGNAL: 9 (Killed)
===================================================================================

===================================================================================
=   BAD TERMINATION OF ONE OF YOUR APPLICATION PROCESSES
=   RANK 29 PID 3564697 RUNNING AT i01r01c02s09
=   KILLED BY SIGNAL: 9 (Killed)
===================================================================================

===================================================================================
=   BAD TERMINATION OF ONE OF YOUR APPLICATION PROCESSES
=   RANK 30 PID 3564698 RUNNING AT i01r01c02s09
=   KILLED BY SIGNAL: 9 (Killed)
===================================================================================

===================================================================================
=   BAD TERMINATION OF ONE OF YOUR APPLICATION PROCESSES
=   RANK 31 PID 3564699 RUNNING AT i01r01c02s09
=   KILLED BY SIGNAL: 9 (Killed)
===================================================================================

===================================================================================
=   BAD TERMINATION OF ONE OF YOUR APPLICATION PROCESSES
=   RANK 32 PID 3564700 RUNNING AT i01r01c02s09
=   KILLED BY SIGNAL: 9 (Killed)
===================================================================================

===================================================================================
=   BAD TERMINATION OF ONE OF YOUR APPLICATION PROCESSES
=   RANK 33 PID 3564701 RUNNING AT i01r01c02s09
=   KILLED BY SIGNAL: 9 (Killed)
===================================================================================

===================================================================================
=   BAD TERMINATION OF ONE OF YOUR APPLICATION PROCESSES
=   RANK 34 PID 3564702 RUNNING AT i01r01c02s09
=   KILLED BY SIGNAL: 9 (Killed)
===================================================================================

===================================================================================
=   BAD TERMINATION OF ONE OF YOUR APPLICATION PROCESSES
=   RANK 35 PID 3564703 RUNNING AT i01r01c02s09
=   KILLED BY SIGNAL: 9 (Killed)
===================================================================================

===================================================================================
=   BAD TERMINATION OF ONE OF YOUR APPLICATION PROCESSES
=   RANK 36 PID 3564704 RUNNING AT i01r01c02s09
=   KILLED BY SIGNAL: 9 (Killed)
===================================================================================

===================================================================================
=   BAD TERMINATION OF ONE OF YOUR APPLICATION PROCESSES
=   RANK 37 PID 3564705 RUNNING AT i01r01c02s09
=   KILLED BY SIGNAL: 9 (Killed)
===================================================================================

===================================================================================
=   BAD TERMINATION OF ONE OF YOUR APPLICATION PROCESSES
=   RANK 38 PID 3564706 RUNNING AT i01r01c02s09
=   KILLED BY SIGNAL: 9 (Killed)
===================================================================================

===================================================================================
=   BAD TERMINATION OF ONE OF YOUR APPLICATION PROCESSES
=   RANK 39 PID 3564707 RUNNING AT i01r01c02s09
=   KILLED BY SIGNAL: 9 (Killed)
===================================================================================

===================================================================================
=   BAD TERMINATION OF ONE OF YOUR APPLICATION PROCESSES
=   RANK 40 PID 3564708 RUNNING AT i01r01c02s09
=   KILLED BY SIGNAL: 9 (Killed)
===================================================================================

===================================================================================
=   BAD TERMINATION OF ONE OF YOUR APPLICATION PROCESSES
=   RANK 41 PID 3564709 RUNNING AT i01r01c02s09
=   KILLED BY SIGNAL: 9 (Killed)
===================================================================================

===================================================================================
=   BAD TERMINATION OF ONE OF YOUR APPLICATION PROCESSES
=   RANK 42 PID 3564710 RUNNING AT i01r01c02s09
=   KILLED BY SIGNAL: 9 (Killed)
===================================================================================

===================================================================================
=   BAD TERMINATION OF ONE OF YOUR APPLICATION PROCESSES
=   RANK 43 PID 3564711 RUNNING AT i01r01c02s09
=   KILLED BY SIGNAL: 9 (Killed)
===================================================================================

===================================================================================
=   BAD TERMINATION OF ONE OF YOUR APPLICATION PROCESSES
=   RANK 44 PID 3564712 RUNNING AT i01r01c02s09
=   KILLED BY SIGNAL: 11 (Segmentation fault)
===================================================================================

===================================================================================
=   BAD TERMINATION OF ONE OF YOUR APPLICATION PROCESSES
=   RANK 45 PID 3564713 RUNNING AT i01r01c02s09
=   KILLED BY SIGNAL: 11 (Segmentation fault)
===================================================================================

===================================================================================
=   BAD TERMINATION OF ONE OF YOUR APPLICATION PROCESSES
=   RANK 46 PID 3564714 RUNNING AT i01r01c02s09
=   KILLED BY SIGNAL: 11 (Segmentation fault)
===================================================================================

===================================================================================
=   BAD TERMINATION OF ONE OF YOUR APPLICATION PROCESSES
=   RANK 47 PID 3564715 RUNNING AT i01r01c02s09
=   KILLED BY SIGNAL: 11 (Segmentation fault)
===================================================================================
