mpiexec -genv I_MPI_DEBUG=4 -n 144
[0] MPI startup(): Intel(R) MPI Library, Version 2019 Update 8  Build 20200624 (id: 4f16ad915)
[0] MPI startup(): Copyright (C) 2003-2020 Intel Corporation.  All rights reserved.
[0] MPI startup(): library kind: release
[0] MPI startup(): libfabric version: 1.10.1-impi
[0] MPI startup(): libfabric provider: psm2
[0] MPI startup(): Rank    Pid      Node name     Pin cpu
[0] MPI startup(): 0       535197   i01r01c01s01  {0,48}
[0] MPI startup(): 1       535198   i01r01c01s01  {1,49}
[0] MPI startup(): 2       535199   i01r01c01s01  {2,50}
[0] MPI startup(): 3       535200   i01r01c01s01  {3,51}
[0] MPI startup(): 4       535201   i01r01c01s01  {4,52}
[0] MPI startup(): 5       535202   i01r01c01s01  {5,53}
[0] MPI startup(): 6       535203   i01r01c01s01  {6,54}
[0] MPI startup(): 7       535204   i01r01c01s01  {7,55}
[0] MPI startup(): 8       535205   i01r01c01s01  {8,56}
[0] MPI startup(): 9       535206   i01r01c01s01  {9,57}
[0] MPI startup(): 10      535207   i01r01c01s01  {10,58}
[0] MPI startup(): 11      535208   i01r01c01s01  {11,59}
[0] MPI startup(): 12      535209   i01r01c01s01  {12,60}
[0] MPI startup(): 13      535210   i01r01c01s01  {13,61}
[0] MPI startup(): 14      535211   i01r01c01s01  {14,62}
[0] MPI startup(): 15      535212   i01r01c01s01  {15,63}
[0] MPI startup(): 16      535213   i01r01c01s01  {16,64}
[0] MPI startup(): 17      535214   i01r01c01s01  {17,65}
[0] MPI startup(): 18      535215   i01r01c01s01  {18,66}
[0] MPI startup(): 19      535216   i01r01c01s01  {19,67}
[0] MPI startup(): 20      535217   i01r01c01s01  {20,68}
[0] MPI startup(): 21      535218   i01r01c01s01  {21,69}
[0] MPI startup(): 22      535219   i01r01c01s01  {22,70}
[0] MPI startup(): 23      535220   i01r01c01s01  {23,71}
[0] MPI startup(): 24      535221   i01r01c01s01  {24,72}
[0] MPI startup(): 25      535222   i01r01c01s01  {25,73}
[0] MPI startup(): 26      535223   i01r01c01s01  {26,74}
[0] MPI startup(): 27      535224   i01r01c01s01  {27,75}
[0] MPI startup(): 28      535225   i01r01c01s01  {28,76}
[0] MPI startup(): 29      535226   i01r01c01s01  {29,77}
[0] MPI startup(): 30      535227   i01r01c01s01  {30,78}
[0] MPI startup(): 31      535228   i01r01c01s01  {31,79}
[0] MPI startup(): 32      535229   i01r01c01s01  {32,80}
[0] MPI startup(): 33      535230   i01r01c01s01  {33,81}
[0] MPI startup(): 34      535231   i01r01c01s01  {34,82}
[0] MPI startup(): 35      535232   i01r01c01s01  {35,83}
[0] MPI startup(): 36      535233   i01r01c01s01  {36,84}
[0] MPI startup(): 37      535234   i01r01c01s01  {37,85}
[0] MPI startup(): 38      535235   i01r01c01s01  {38,86}
[0] MPI startup(): 39      535236   i01r01c01s01  {39,87}
[0] MPI startup(): 40      535237   i01r01c01s01  {40,88}
[0] MPI startup(): 41      535238   i01r01c01s01  {41,89}
[0] MPI startup(): 42      535239   i01r01c01s01  {42,90}
[0] MPI startup(): 43      535240   i01r01c01s01  {43,91}
[0] MPI startup(): 44      535241   i01r01c01s01  {44,92}
[0] MPI startup(): 45      535242   i01r01c01s01  {45,93}
[0] MPI startup(): 46      535243   i01r01c01s01  {46,94}
[0] MPI startup(): 47      535244   i01r01c01s01  {47,95}
[0] MPI startup(): 48      2285912  i01r01c01s02  {0,48}
[0] MPI startup(): 49      2285913  i01r01c01s02  {1,49}
[0] MPI startup(): 50      2285914  i01r01c01s02  {2,50}
[0] MPI startup(): 51      2285915  i01r01c01s02  {3,51}
[0] MPI startup(): 52      2285916  i01r01c01s02  {4,52}
[0] MPI startup(): 53      2285917  i01r01c01s02  {5,53}
[0] MPI startup(): 54      2285918  i01r01c01s02  {6,54}
[0] MPI startup(): 55      2285919  i01r01c01s02  {7,55}
[0] MPI startup(): 56      2285920  i01r01c01s02  {8,56}
[0] MPI startup(): 57      2285921  i01r01c01s02  {9,57}
[0] MPI startup(): 58      2285922  i01r01c01s02  {10,58}
[0] MPI startup(): 59      2285923  i01r01c01s02  {11,59}
[0] MPI startup(): 60      2285924  i01r01c01s02  {12,60}
[0] MPI startup(): 61      2285925  i01r01c01s02  {13,61}
[0] MPI startup(): 62      2285926  i01r01c01s02  {14,62}
[0] MPI startup(): 63      2285927  i01r01c01s02  {15,63}
[0] MPI startup(): 64      2285928  i01r01c01s02  {16,64}
[0] MPI startup(): 65      2285929  i01r01c01s02  {17,65}
[0] MPI startup(): 66      2285930  i01r01c01s02  {18,66}
[0] MPI startup(): 67      2285931  i01r01c01s02  {19,67}
[0] MPI startup(): 68      2285932  i01r01c01s02  {20,68}
[0] MPI startup(): 69      2285933  i01r01c01s02  {21,69}
[0] MPI startup(): 70      2285934  i01r01c01s02  {22,70}
[0] MPI startup(): 71      2285935  i01r01c01s02  {23,71}
[0] MPI startup(): 72      2285936  i01r01c01s02  {24,72}
[0] MPI startup(): 73      2285937  i01r01c01s02  {25,73}
[0] MPI startup(): 74      2285938  i01r01c01s02  {26,74}
[0] MPI startup(): 75      2285939  i01r01c01s02  {27,75}
[0] MPI startup(): 76      2285940  i01r01c01s02  {28,76}
[0] MPI startup(): 77      2285941  i01r01c01s02  {29,77}
[0] MPI startup(): 78      2285942  i01r01c01s02  {30,78}
[0] MPI startup(): 79      2285943  i01r01c01s02  {31,79}
[0] MPI startup(): 80      2285944  i01r01c01s02  {32,80}
[0] MPI startup(): 81      2285945  i01r01c01s02  {33,81}
[0] MPI startup(): 82      2285946  i01r01c01s02  {34,82}
[0] MPI startup(): 83      2285947  i01r01c01s02  {35,83}
[0] MPI startup(): 84      2285948  i01r01c01s02  {36,84}
[0] MPI startup(): 85      2285949  i01r01c01s02  {37,85}
[0] MPI startup(): 86      2285950  i01r01c01s02  {38,86}
[0] MPI startup(): 87      2285951  i01r01c01s02  {39,87}
[0] MPI startup(): 88      2285952  i01r01c01s02  {40,88}
[0] MPI startup(): 89      2285953  i01r01c01s02  {41,89}
[0] MPI startup(): 90      2285954  i01r01c01s02  {42,90}
[0] MPI startup(): 91      2285955  i01r01c01s02  {43,91}
[0] MPI startup(): 92      2285956  i01r01c01s02  {44,92}
[0] MPI startup(): 93      2285957  i01r01c01s02  {45,93}
[0] MPI startup(): 94      2285958  i01r01c01s02  {46,94}
[0] MPI startup(): 95      2285959  i01r01c01s02  {47,95}
[0] MPI startup(): 96      1683186  i01r01c02s07  {0,48}
[0] MPI startup(): 97      1683187  i01r01c02s07  {1,49}
[0] MPI startup(): 98      1683188  i01r01c02s07  {2,50}
[0] MPI startup(): 99      1683189  i01r01c02s07  {3,51}
[0] MPI startup(): 100     1683190  i01r01c02s07  {4,52}
[0] MPI startup(): 101     1683191  i01r01c02s07  {5,53}
[0] MPI startup(): 102     1683192  i01r01c02s07  {6,54}
[0] MPI startup(): 103     1683193  i01r01c02s07  {7,55}
[0] MPI startup(): 104     1683194  i01r01c02s07  {8,56}
[0] MPI startup(): 105     1683195  i01r01c02s07  {9,57}
[0] MPI startup(): 106     1683196  i01r01c02s07  {10,58}
[0] MPI startup(): 107     1683197  i01r01c02s07  {11,59}
[0] MPI startup(): 108     1683198  i01r01c02s07  {12,60}
[0] MPI startup(): 109     1683199  i01r01c02s07  {13,61}
[0] MPI startup(): 110     1683200  i01r01c02s07  {14,62}
[0] MPI startup(): 111     1683201  i01r01c02s07  {15,63}
[0] MPI startup(): 112     1683202  i01r01c02s07  {16,64}
[0] MPI startup(): 113     1683203  i01r01c02s07  {17,65}
[0] MPI startup(): 114     1683204  i01r01c02s07  {18,66}
[0] MPI startup(): 115     1683205  i01r01c02s07  {19,67}
[0] MPI startup(): 116     1683206  i01r01c02s07  {20,68}
[0] MPI startup(): 117     1683207  i01r01c02s07  {21,69}
[0] MPI startup(): 118     1683208  i01r01c02s07  {22,70}
[0] MPI startup(): 119     1683209  i01r01c02s07  {23,71}
[0] MPI startup(): 120     1683210  i01r01c02s07  {24,72}
[0] MPI startup(): 121     1683211  i01r01c02s07  {25,73}
[0] MPI startup(): 122     1683212  i01r01c02s07  {26,74}
[0] MPI startup(): 123     1683213  i01r01c02s07  {27,75}
[0] MPI startup(): 124     1683214  i01r01c02s07  {28,76}
[0] MPI startup(): 125     1683215  i01r01c02s07  {29,77}
[0] MPI startup(): 126     1683216  i01r01c02s07  {30,78}
[0] MPI startup(): 127     1683217  i01r01c02s07  {31,79}
[0] MPI startup(): 128     1683218  i01r01c02s07  {32,80}
[0] MPI startup(): 129     1683219  i01r01c02s07  {33,81}
[0] MPI startup(): 130     1683220  i01r01c02s07  {34,82}
[0] MPI startup(): 131     1683221  i01r01c02s07  {35,83}
[0] MPI startup(): 132     1683222  i01r01c02s07  {36,84}
[0] MPI startup(): 133     1683223  i01r01c02s07  {37,85}
[0] MPI startup(): 134     1683224  i01r01c02s07  {38,86}
[0] MPI startup(): 135     1683225  i01r01c02s07  {39,87}
[0] MPI startup(): 136     1683226  i01r01c02s07  {40,88}
[0] MPI startup(): 137     1683227  i01r01c02s07  {41,89}
[0] MPI startup(): 138     1683228  i01r01c02s07  {42,90}
[0] MPI startup(): 139     1683229  i01r01c02s07  {43,91}
[0] MPI startup(): 140     1683230  i01r01c02s07  {44,92}
[0] MPI startup(): 141     1683231  i01r01c02s07  {45,93}
[0] MPI startup(): 142     1683232  i01r01c02s07  {46,94}
[0] MPI startup(): 143     1683233  i01r01c02s07  {47,95}

12 processes distributed in X-direction
 12 ; processes distributed in Y-direction
Resolutions       : (20, 120, ... 20)
Iterations        : 20
Num. Heat sources : 2
   1: (0.00, 0.00) 1.00 1.00 
   2: (1.00, 1.00) 1.00 0.50 
rank= 0 coords= 0 0 neighbours(up,down,left,right)= -1 12 -1 1
rank= 16 coords= 1 4 neighbours(up,down,left,right)= 4 28 15 17

Num-X: 12 ; Num-Y: 12 ; Resolution: 20 ; Rank: 16 ; Rank-X: 1 ; Rank-Y: 4 ; Rowstart: 2; Rowend: 5; Rows: 3; Colstart: 8; Colend: 11; Cols: 3;rank= 98 coords= 8 2 neighbours(up,down,left,right)= 86 110 97 99

Num-X: 12 ; Num-Y: 12 ; Resolution: 20 ; Rank: 98 ; Rank-X: 8 ; Rank-Y: 2 ; Rowstart: 16; Rowend: 19; Rows: 3; Colstart: 4; Colend: 7; Cols: 3;
Num-X: 12 ; Num-Y: 12 ; Resolution: 20 ; Rank: 0 ; Rank-X: 0 ; Rank-Y: 0 ; Rowstart: 0; Rowend: 3; Rows: 3; Colstart: 0; Colend: 3; Cols: 3;rank= 48 coords= 4 0 neighbours(up,down,left,right)= 36 60 -1 49

Num-X: 12 ; Num-Y: 12 ; Resolution: 20 ; Rank: 48 ; Rank-X: 4 ; Rank-Y: 0 ; Rowstart: 8; Rowend: 11; Rows: 3; Colstart: 0; Colend: 3; Cols: 3;rank= 102 coords= 8 6 neighbours(up,down,left,right)= 90 114 101 103

Num-X: 12 ; Num-Y: 12 ; Resolution: 20 ; Rank: 102 ; Rank-X: 8 ; Rank-Y: 6 ; Rowstart: 16; Rowend: 19; Rows: 3; Colstart: 12; Colend: 15; Cols: 3;rank= 1 coords= 0 1 neighbours(up,down,left,right)= -1 13 0 2

Num-X: 12 ; Num-Y: 12 ; Resolution: 20 ; Rank: 1 ; Rank-X: 0 ; Rank-Y: 1 ; Rowstart: 0; Rowend: 3; Rows: 3; Colstart: 2; Colend: 5; Cols: 3;rank= 49 coords= 4 1 neighbours(up,down,left,right)= 37 61 48 50

Num-X: 12 ; Num-Y: 12 ; Resolution: 20 ; Rank: 49 ; Rank-X: 4 ; Rank-Y: 1 ; Rowstart: 8; Rowend: 11; Rows: 3; Colstart: 2; Colend: 5; Cols: 3;rank= 106 coords= 8 10 neighbours(up,down,left,right)= 94 118 105 107

Num-X: 12 ; Num-Y: 12 ; Resolution: 20 ; Rank: 106 ; Rank-X: 8 ; Rank-Y: 10 ; Rowstart: 16; Rowend: 19; Rows: 3; Colstart: 20; Colend: 21; Cols: 1;rank= 2 coords= 0 2 neighbours(up,down,left,right)= -1 14 1 3

Num-X: 12 ; Num-Y: 12 ; Resolution: 20 ; Rank: 2 ; Rank-X: 0 ; Rank-Y: 2 ; Rowstart: 0; Rowend: 3; Rows: 3; Colstart: 4; Colend: 7; Cols: 3;rank= 50 coords= 4 2 neighbours(up,down,left,right)= 38 62 49 51

Num-X: 12 ; Num-Y: 12 ; Resolution: 20 ; Rank: 50 ; Rank-X: 4 ; Rank-Y: 2 ; Rowstart: 8; Rowend: 11; Rows: 3; Colstart: 4; Colend: 7; Cols: 3;rank= 112 coords= 9 4 neighbours(up,down,left,right)= 100 124 111 113

Num-X: 12 ; Num-Y: 12 ; Resolution: 20 ; Rank: 112 ; Rank-X: 9 ; Rank-Y: 4 ; Rowstart: 18; Rowend: 21; Rows: 3; Colstart: 8; Colend: 11; Cols: 3;rank= 4 coords= 0 4 neighbours(up,down,left,right)= -1 16 3 5

Num-X: 12 ; Num-Y: 12 ; Resolution: 20 ; Rank: 4 ; Rank-X: 0 ; Rank-Y: 4 ; Rowstart: 0; Rowend: 3; Rows: 3; Colstart: 8; Colend: 11; Cols: 3;rank= 56 coords= 4 8 neighbours(up,down,left,right)= 44 68 55 57

Num-X: 12 ; Num-Y: 12 ; Resolution: 20 ; Rank: 56 ; Rank-X: 4 ; Rank-Y: 8 ; Rowstart: 8; Rowend: 11; Rows: 3; Colstart: 16; Colend: 19; Cols: 3;rank= 114 coords= 9 6 neighbours(up,down,left,right)= 102 126 113 115

Num-X: 12 ; Num-Y: 12 ; Resolution: 20 ; Rank: 114 ; Rank-X: 9 ; Rank-Y: 6 ; Rowstart: 18; Rowend: 21; Rows: 3; Colstart: 12; Colend: 15; Cols: 3;rank= 5 coords= 0 5 neighbours(up,down,left,right)= -1 17 4 6

Num-X: 12 ; Num-Y: 12 ; Resolution: 20 ; Rank: 5 ; Rank-X: 0 ; Rank-Y: 5 ; Rowstart: 0; Rowend: 3; Rows: 3; Colstart: 10; Colend: 13; Cols: 3;rank= 58 coords= 4 10 neighbours(up,down,left,right)= 46 70 57 59

Num-X: 12 ; Num-Y: 12 ; Resolution: 20 ; Rank: 58 ; Rank-X: 4 ; Rank-Y: 10 ; Rowstart: 8; Rowend: 11; Rows: 3; Colstart: 20; Colend: 21; Cols: 1;rank= 116 coords= 9 8 neighbours(up,down,left,right)= 104 128 115 117

Num-X: 12 ; Num-Y: 12 ; Resolution: 20 ; Rank: 116 ; Rank-X: 9 ; Rank-Y: 8 ; Rowstart: 18; Rowend: 21; Rows: 3; Colstart: 16; Colend: 19; Cols: 3;rank= 8 coords= 0 8 neighbours(up,down,left,right)= -1 20 7 9

Num-X: 12 ; Num-Y: 12 ; Resolution: 20 ; Rank: 8 ; Rank-X: 0 ; Rank-Y: 8 ; Rowstart: 0; Rowend: 3; Rows: 3; Colstart: 16; Colend: 19; Cols: 3;rank= 128 coords= 10 8 neighbours(up,down,left,right)= 116 140 127 129

Num-X: 12 ; Num-Y: 12 ; Resolution: 20 ; Rank: 128 ; Rank-X: 10 ; Rank-Y: 8 ; Rowstart: 20; Rowend: 21; Rows: 1; Colstart: 16; Colend: 19; Cols: 3;rank= 10 coords= 0 10 neighbours(up,down,left,right)= -1 22 9 11

Num-X: 12 ; Num-Y: 12 ; Resolution: 20 ; Rank: 10 ; Rank-X: 0 ; Rank-Y: 10 ; Rowstart: 0; Rowend: 3; Rows: 3; Colstart: 20; Colend: 21; Cols: 1;rank= 11 coords= 0 11 neighbours(up,down,left,right)= -1 23 10 -1

Num-X: 12 ; Num-Y: 12 ; Resolution: 20 ; Rank: 11 ; Rank-X: 0 ; Rank-Y: 11 ; Rowstart: 0; Rowend: 3; Rows: 3; Colstart: 22; Colend: 21; Cols: -1;rank= 64 coords= 5 4 neighbours(up,down,left,right)= 52 76 63 65

Num-X: 12 ; Num-Y: 12 ; Resolution: 20 ; Rank: 64 ; Rank-X: 5 ; Rank-Y: 4 ; Rowstart: 10; Rowend: 13; Rows: 3; Colstart: 8; Colend: 11; Cols: 3;rank= 12 coords= 1 0 neighbours(up,down,left,right)= 0 24 -1 13

Num-X: 12 ; Num-Y: 12 ; Resolution: 20 ; Rank: 12 ; Rank-X: 1 ; Rank-Y: 0 ; Rowstart: 2; Rowend: 5; Rows: 3; Colstart: 0; Colend: 3; Cols: 3;rank= 81 coords= 6 9 neighbours(up,down,left,right)= 69 93 80 82

Num-X: 12 ; Num-Y: 12 ; Resolution: 20 ; Rank: 81 ; Rank-X: 6 ; Rank-Y: 9 ; Rowstart: 12; Rowend: 15; Rows: 3; Colstart: 18; Colend: 21; Cols: 3;rank= 130 coords= 10 10 neighbours(up,down,left,right)= 118 142 129 131

Num-X: 12 ; Num-Y: 12 ; Resolution: 20 ; Rank: 130 ; Rank-X: 10 ; Rank-Y: 10 ; Rowstart: 20; Rowend: 21; Rows: 1; Colstart: 20; Colend: 21; Cols: 1;rank= 14 coords= 1 2 neighbours(up,down,left,right)= 2 26 13 15

Num-X: 12 ; Num-Y: 12 ; Resolution: 20 ; Rank: 14 ; Rank-X: 1 ; Rank-Y: 2 ; Rowstart: 2; Rowend: 5; Rows: 3; Colstart: 4; Colend: 7; Cols: 3;rank= 88 coords= 7 4 neighbours(up,down,left,right)= 76 100 87 89

Num-X: 12 ; Num-Y: 12 ; Resolution: 20 ; Rank: 88 ; Rank-X: 7 ; Rank-Y: 4 ; Rowstart: 14; Rowend: 17; Rows: 3; Colstart: 8; Colend: 11; Cols: 3;rank= 131 coords= 10 11 neighbours(up,down,left,right)= 119 143 130 -1

Num-X: 12 ; Num-Y: 12 ; Resolution: 20 ; Rank: 131 ; Rank-X: 10 ; Rank-Y: 11 ; Rowstart: 20; Rowend: 21; Rows: 1; Colstart: 22; Colend: 21; Cols: -1;rank= 17 coords= 1 5 neighbours(up,down,left,right)= 5 29 16 18

Num-X: 12 ; Num-Y: 12 ; Resolution: 20 ; Rank: 17 ; Rank-X: 1 ; Rank-Y: 5 ; Rowstart: 2; Rowend: 5; Rows: 3; Colstart: 10; Colend: 13; Cols: 3;rank= 51 coords= 4 3 neighbours(up,down,left,right)= 39 63 50 52

Num-X: 12 ; Num-Y: 12 ; Resolution: 20 ; Rank: 51 ; Rank-X: 4 ; Rank-Y: 3 ; Rowstart: 8; Rowend: 11; Rows: 3; Colstart: 6; Colend: 9; Cols: 3;rank= 134 coords= 11 2 neighbours(up,down,left,right)= 122 -1 133 135

Num-X: 12 ; Num-Y: 12 ; Resolution: 20 ; Rank: 134 ; Rank-X: 11 ; Rank-Y: 2 ; Rowstart: 22; Rowend: 21; Rows: -1; Colstart: 4; Colend: 7; Cols: 3;rank= 18 coords= 1 6 neighbours(up,down,left,right)= 6 30 17 19

Num-X: 12 ; Num-Y: 12 ; Resolution: 20 ; Rank: 18 ; Rank-X: 1 ; Rank-Y: 6 ; Rowstart: 2; Rowend: 5; Rows: 3; Colstart: 12; Colend: 15; Cols: 3;rank= 52 coords= 4 4 neighbours(up,down,left,right)= 40 64 51 53

Num-X: 12 ; Num-Y: 12 ; Resolution: 20 ; Rank: 52 ; Rank-X: 4 ; Rank-Y: 4 ; Rowstart: 8; Rowend: 11; Rows: 3; Colstart: 8; Colend: 11; Cols: 3;rank= 135 coords= 11 3 neighbours(up,down,left,right)= 123 -1 134 136

Num-X: 12 ; Num-Y: 12 ; Resolution: 20 ; Rank: 135 ; Rank-X: 11 ; Rank-Y: 3 ; Rowstart: 22; Rowend: 21; Rows: -1; Colstart: 6; Colend: 9; Cols: 3;rank= 19 coords= 1 7 neighbours(up,down,left,right)= 7 31 18 20

Num-X: 12 ; Num-Y: 12 ; Resolution: 20 ; Rank: 19 ; Rank-X: 1 ; Rank-Y: 7 ; Rowstart: 2; Rowend: 5; Rows: 3; Colstart: 14; Colend: 17; Cols: 3;rank= 53 coords= 4 5 neighbours(up,down,left,right)= 41 65 52 54

Num-X: 12 ; Num-Y: 12 ; Resolution: 20 ; Rank: 53 ; Rank-X: 4 ; Rank-Y: 5 ; Rowstart: 8; Rowend: 11; Rows: 3; Colstart: 10; Colend: 13; Cols: 3;rank= 96 coords= 8 0 neighbours(up,down,left,right)= 84 108 -1 97

Num-X: 12 ; Num-Y: 12 ; Resolution: 20 ; Rank: 96 ; Rank-X: 8 ; Rank-Y: 0 ; Rowstart: 16; Rowend: 19; Rows: 3; Colstart: 0; Colend: 3; Cols: 3;rank= 20 coords= 1 8 neighbours(up,down,left,right)= 8 32 19 21

Num-X: 12 ; Num-Y: 12 ; Resolution: 20 ; Rank: 20 ; Rank-X: 1 ; Rank-Y: 8 ; Rowstart: 2; Rowend: 5; Rows: 3; Colstart: 16; Colend: 19; Cols: 3;rank= 54 coords= 4 6 neighbours(up,down,left,right)= 42 66 53 55

Num-X: 12 ; Num-Y: 12 ; Resolution: 20 ; Rank: 54 ; Rank-X: 4 ; Rank-Y: 6 ; Rowstart: 8; Rowend: 11; Rows: 3; Colstart: 12; Colend: 15; Cols: 3;rank= 97 coords= 8 1 neighbours(up,down,left,right)= 85 109 96 98

Num-X: 12 ; Num-Y: 12 ; Resolution: 20 ; Rank: 97 ; Rank-X: 8 ; Rank-Y: 1 ; Rowstart: 16; Rowend: 19; Rows: 3; Colstart: 2; Colend: 5; Cols: 3;rank= 24 coords= 2 0 neighbours(up,down,left,right)= 12 36 -1 25

Num-X: 12 ; Num-Y: 12 ; Resolution: 20 ; Rank: 24 ; Rank-X: 2 ; Rank-Y: 0 ; Rowstart: 4; Rowend: 7; Rows: 3; Colstart: 0; Colend: 3; Cols: 3;rank= 55 coords= 4 7 neighbours(up,down,left,right)= 43 67 54 56

Num-X: 12 ; Num-Y: 12 ; Resolution: 20 ; Rank: 55 ; Rank-X: 4 ; Rank-Y: 7 ; Rowstart: 8; Rowend: 11; Rows: 3; Colstart: 14; Colend: 17; Cols: 3;rank= 99 coords= 8 3 neighbours(up,down,left,right)= 87 111 98 100

Num-X: 12 ; Num-Y: 12 ; Resolution: 20 ; Rank: 99 ; Rank-X: 8 ; Rank-Y: 3 ; Rowstart: 16; Rowend: 19; Rows: 3; Colstart: 6; Colend: 9; Cols: 3;rank= 32 coords= 2 8 neighbours(up,down,left,right)= 20 44 31 33

Num-X: 12 ; Num-Y: 12 ; Resolution: 20 ; Rank: 32 ; Rank-X: 2 ; Rank-Y: 8 ; Rowstart: 4; Rowend: 7; Rows: 3; Colstart: 16; Colend: 19; Cols: 3;rank= 57 coords= 4 9 neighbours(up,down,left,right)= 45 69 56 58

Num-X: 12 ; Num-Y: 12 ; Resolution: 20 ; Rank: 57 ; Rank-X: 4 ; Rank-Y: 9 ; Rowstart: 8; Rowend: 11; Rows: 3; Colstart: 18; Colend: 21; Cols: 3;rank= 100 coords= 8 4 neighbours(up,down,left,right)= 88 112 99 101

Num-X: 12 ; Num-Y: 12 ; Resolution: 20 ; Rank: 100 ; Rank-X: 8 ; Rank-Y: 4 ; Rowstart: 16; Rowend: 19; Rows: 3; Colstart: 8; Colend: 11; Cols: 3;rank= 36 coords= 3 0 neighbours(up,down,left,right)= 24 48 -1 37

Num-X: 12 ; Num-Y: 12 ; Resolution: 20 ; Rank: 36 ; Rank-X: 3 ; Rank-Y: 0 ; Rowstart: 6; Rowend: 9; Rows: 3; Colstart: 0; Colend: 3; Cols: 3;rank= 59 coords= 4 11 neighbours(up,down,left,right)= 47 71 58 -1

Num-X: 12 ; Num-Y: 12 ; Resolution: 20 ; Rank: 59 ; Rank-X: 4 ; Rank-Y: 11 ; Rowstart: 8; Rowend: 11; Rows: 3; Colstart: 22; Colend: 21; Cols: -1;rank= 101 coords= 8 5 neighbours(up,down,left,right)= 89 113 100 102

Num-X: 12 ; Num-Y: 12 ; Resolution: 20 ; Rank: 101 ; Rank-X: 8 ; Rank-Y: 5 ; Rowstart: 16; Rowend: 19; Rows: 3; Colstart: 10; Colend: 13; Cols: 3;rank= 3 coords= 0 3 neighbours(up,down,left,right)= -1 15 2 4

Num-X: 12 ; Num-Y: 12 ; Resolution: 20 ; Rank: 3 ; Rank-X: 0 ; Rank-Y: 3 ; Rowstart: 0; Rowend: 3; Rows: 3; Colstart: 6; Colend: 9; Cols: 3;rank= 60 coords= 5 0 neighbours(up,down,left,right)= 48 72 -1 61

Num-X: 12 ; Num-Y: 12 ; Resolution: 20 ; Rank: 60 ; Rank-X: 5 ; Rank-Y: 0 ; Rowstart: 10; Rowend: 13; Rows: 3; Colstart: 0; Colend: 3; Cols: 3;rank= 103 coords= 8 7 neighbours(up,down,left,right)= 91 115 102 104

Num-X: 12 ; Num-Y: 12 ; Resolution: 20 ; Rank: 103 ; Rank-X: 8 ; Rank-Y: 7 ; Rowstart: 16; Rowend: 19; Rows: 3; Colstart: 14; Colend: 17; Cols: 3;rank= 6 coords= 0 6 neighbours(up,down,left,right)= -1 18 5 7

Num-X: 12 ; Num-Y: 12 ; Resolution: 20 ; Rank: 6 ; Rank-X: 0 ; Rank-Y: 6 ; Rowstart: 0; Rowend: 3; Rows: 3; Colstart: 12; Colend: 15; Cols: 3;rank= 61 coords= 5 1 neighbours(up,down,left,right)= 49 73 60 62

Num-X: 12 ; Num-Y: 12 ; Resolution: 20 ; Rank: 61 ; Rank-X: 5 ; Rank-Y: 1 ; Rowstart: 10; Rowend: 13; Rows: 3; Colstart: 2; Colend: 5; Cols: 3;rank= 104 coords= 8 8 neighbours(up,down,left,right)= 92 116 103 105

Num-X: 12 ; Num-Y: 12 ; Resolution: 20 ; Rank: 104 ; Rank-X: 8 ; Rank-Y: 8 ; Rowstart: 16; Rowend: 19; Rows: 3; Colstart: 16; Colend: 19; Cols: 3;rank= 7 coords= 0 7 neighbours(up,down,left,right)= -1 19 6 8

Num-X: 12 ; Num-Y: 12 ; Resolution: 20 ; Rank: 7 ; Rank-X: 0 ; Rank-Y: 7 ; Rowstart: 0; Rowend: 3; Rows: 3; Colstart: 14; Colend: 17; Cols: 3;rank= 62 coords= 5 2 neighbours(up,down,left,right)= 50 74 61 63

Num-X: 12 ; Num-Y: 12 ; Resolution: 20 ; Rank: 62 ; Rank-X: 5 ; Rank-Y: 2 ; Rowstart: 10; Rowend: 13; Rows: 3; Colstart: 4; Colend: 7; Cols: 3;rank= 105 coords= 8 9 neighbours(up,down,left,right)= 93 117 104 106

Num-X: 12 ; Num-Y: 12 ; Resolution: 20 ; Rank: 105 ; Rank-X: 8 ; Rank-Y: 9 ; Rowstart: 16; Rowend: 19; Rows: 3; Colstart: 18; Colend: 21; Cols: 3;rank= 9 coords= 0 9 neighbours(up,down,left,right)= -1 21 8 10

Num-X: 12 ; Num-Y: 12 ; Resolution: 20 ; Rank: 9 ; Rank-X: 0 ; Rank-Y: 9 ; Rowstart: 0; Rowend: 3; Rows: 3; Colstart: 18; Colend: 21; Cols: 3;rank= 63 coords= 5 3 neighbours(up,down,left,right)= 51 75 62 64

Num-X: 12 ; Num-Y: 12 ; Resolution: 20 ; Rank: 63 ; Rank-X: 5 ; Rank-Y: 3 ; Rowstart: 10; Rowend: 13; Rows: 3; Colstart: 6; Colend: 9; Cols: 3;rank= 107 coords= 8 11 neighbours(up,down,left,right)= 95 119 106 -1

Num-X: 12 ; Num-Y: 12 ; Resolution: 20 ; Rank: 107 ; Rank-X: 8 ; Rank-Y: 11 ; Rowstart: 16; Rowend: 19; Rows: 3; Colstart: 22; Colend: 21; Cols: -1;rank= 13 coords= 1 1 neighbours(up,down,left,right)= 1 25 12 14

Num-X: 12 ; Num-Y: 12 ; Resolution: 20 ; Rank: 13 ; Rank-X: 1 ; Rank-Y: 1 ; Rowstart: 2; Rowend: 5; Rows: 3; Colstart: 2; Colend: 5; Cols: 3;rank= 65 coords= 5 5 neighbours(up,down,left,right)= 53 77 64 66

Num-X: 12 ; Num-Y: 12 ; Resolution: 20 ; Rank: 65 ; Rank-X: 5 ; Rank-Y: 5 ; Rowstart: 10; Rowend: 13; Rows: 3; Colstart: 10; Colend: 13; Cols: 3;rank= 108 coords= 9 0 neighbours(up,down,left,right)= 96 120 -1 109

Num-X: 12 ; Num-Y: 12 ; Resolution: 20 ; Rank: 108 ; Rank-X: 9 ; Rank-Y: 0 ; Rowstart: 18; Rowend: 21; Rows: 3; Colstart: 0; Colend: 3; Cols: 3;rank= 15 coords= 1 3 neighbours(up,down,left,right)= 3 27 14 16

Num-X: 12 ; Num-Y: 12 ; Resolution: 20 ; Rank: 15 ; Rank-X: 1 ; Rank-Y: 3 ; Rowstart: 2; Rowend: 5; Rows: 3; Colstart: 6; Colend: 9; Cols: 3;rank= 66 coords= 5 6 neighbours(up,down,left,right)= 54 78 65 67

Num-X: 12 ; Num-Y: 12 ; Resolution: 20 ; Rank: 66 ; Rank-X: 5 ; Rank-Y: 6 ; Rowstart: 10; Rowend: 13; Rows: 3; Colstart: 12; Colend: 15; Cols: 3;rank= 109 coords= 9 1 neighbours(up,down,left,right)= 97 121 108 110

Num-X: 12 ; Num-Y: 12 ; Resolution: 20 ; Rank: 109 ; Rank-X: 9 ; Rank-Y: 1 ; Rowstart: 18; Rowend: 21; Rows: 3; Colstart: 2; Colend: 5; Cols: 3;rank= 21 coords= 1 9 neighbours(up,down,left,right)= 9 33 20 22

Num-X: 12 ; Num-Y: 12 ; Resolution: 20 ; Rank: 21 ; Rank-X: 1 ; Rank-Y: 9 ; Rowstart: 2; Rowend: 5; Rows: 3; Colstart: 18; Colend: 21; Cols: 3;rank= 67 coords= 5 7 neighbours(up,down,left,right)= 55 79 66 68

Num-X: 12 ; Num-Y: 12 ; Resolution: 20 ; Rank: 67 ; Rank-X: 5 ; Rank-Y: 7 ; Rowstart: 10; Rowend: 13; Rows: 3; Colstart: 14; Colend: 17; Cols: 3;rank= 110 coords= 9 2 neighbours(up,down,left,right)= 98 122 109 111

Num-X: 12 ; Num-Y: 12 ; Resolution: 20 ; Rank: 110 ; Rank-X: 9 ; Rank-Y: 2 ; Rowstart: 18; Rowend: 21; Rows: 3; Colstart: 4; Colend: 7; Cols: 3;rank= 22 coords= 1 10 neighbours(up,down,left,right)= 10 34 21 23

Num-X: 12 ; Num-Y: 12 ; Resolution: 20 ; Rank: 22 ; Rank-X: 1 ; Rank-Y: 10 ; Rowstart: 2; Rowend: 5; Rows: 3; Colstart: 20; Colend: 21; Cols: 1;rank= 68 coords= 5 8 neighbours(up,down,left,right)= 56 80 67 69

Num-X: 12 ; Num-Y: 12 ; Resolution: 20 ; Rank: 68 ; Rank-X: 5 ; Rank-Y: 8 ; Rowstart: 10; Rowend: 13; Rows: 3; Colstart: 16; Colend: 19; Cols: 3;rank= 111 coords= 9 3 neighbours(up,down,left,right)= 99 123 110 112

Num-X: 12 ; Num-Y: 12 ; Resolution: 20 ; Rank: 111 ; Rank-X: 9 ; Rank-Y: 3 ; Rowstart: 18; Rowend: 21; Rows: 3; Colstart: 6; Colend: 9; Cols: 3;rank= 23 coords= 1 11 neighbours(up,down,left,right)= 11 35 22 -1

Num-X: 12 ; Num-Y: 12 ; Resolution: 20 ; Rank: 23 ; Rank-X: 1 ; Rank-Y: 11 ; Rowstart: 2; Rowend: 5; Rows: 3; Colstart: 22; Colend: 21; Cols: -1;rank= 69 coords= 5 9 neighbours(up,down,left,right)= 57 81 68 70

Num-X: 12 ; Num-Y: 12 ; Resolution: 20 ; Rank: 69 ; Rank-X: 5 ; Rank-Y: 9 ; Rowstart: 10; Rowend: 13; Rows: 3; Colstart: 18; Colend: 21; Cols: 3;rank= 113 coords= 9 5 neighbours(up,down,left,right)= 101 125 112 114

Num-X: 12 ; Num-Y: 12 ; Resolution: 20 ; Rank: 113 ; Rank-X: 9 ; Rank-Y: 5 ; Rowstart: 18; Rowend: 21; Rows: 3; Colstart: 10; Colend: 13; Cols: 3;rank= 25 coords= 2 1 neighbours(up,down,left,right)= 13 37 24 26

Num-X: 12 ; Num-Y: 12 ; Resolution: 20 ; Rank: 25 ; Rank-X: 2 ; Rank-Y: 1 ; Rowstart: 4; Rowend: 7; Rows: 3; Colstart: 2; Colend: 5; Cols: 3;rank= 70 coords= 5 10 neighbours(up,down,left,right)= 58 82 69 71

Num-X: 12 ; Num-Y: 12 ; Resolution: 20 ; Rank: 70 ; Rank-X: 5 ; Rank-Y: 10 ; Rowstart: 10; Rowend: 13; Rows: 3; Colstart: 20; Colend: 21; Cols: 1;rank= 115 coords= 9 7 neighbours(up,down,left,right)= 103 127 114 116

Num-X: 12 ; Num-Y: 12 ; Resolution: 20 ; Rank: 115 ; Rank-X: 9 ; Rank-Y: 7 ; Rowstart: 18; Rowend: 21; Rows: 3; Colstart: 14; Colend: 17; Cols: 3;rank= 26 coords= 2 2 neighbours(up,down,left,right)= 14 38 25 27

Num-X: 12 ; Num-Y: 12 ; Resolution: 20 ; Rank: 26 ; Rank-X: 2 ; Rank-Y: 2 ; Rowstart: 4; Rowend: 7; Rows: 3; Colstart: 4; Colend: 7; Cols: 3;rank= 71 coords= 5 11 neighbours(up,down,left,right)= 59 83 70 -1

Num-X: 12 ; Num-Y: 12 ; Resolution: 20 ; Rank: 71 ; Rank-X: 5 ; Rank-Y: 11 ; Rowstart: 10; Rowend: 13; Rows: 3; Colstart: 22; Colend: 21; Cols: -1;rank= 117 coords= 9 9 neighbours(up,down,left,right)= 105 129 116 118

Num-X: 12 ; Num-Y: 12 ; Resolution: 20 ; Rank: 117 ; Rank-X: 9 ; Rank-Y: 9 ; Rowstart: 18; Rowend: 21; Rows: 3; Colstart: 18; Colend: 21; Cols: 3;rank= 28 coords= 2 4 neighbours(up,down,left,right)= 16 40 27 29

Num-X: 12 ; Num-Y: 12 ; Resolution: 20 ; Rank: 28 ; Rank-X: 2 ; Rank-Y: 4 ; Rowstart: 4; Rowend: 7; Rows: 3; Colstart: 8; Colend: 11; Cols: 3;rank= 72 coords= 6 0 neighbours(up,down,left,right)= 60 84 -1 73

Num-X: 12 ; Num-Y: 12 ; Resolution: 20 ; Rank: 72 ; Rank-X: 6 ; Rank-Y: 0 ; Rowstart: 12; Rowend: 15; Rows: 3; Colstart: 0; Colend: 3; Cols: 3;rank= 118 coords= 9 10 neighbours(up,down,left,right)= 106 130 117 119

Num-X: 12 ; Num-Y: 12 ; Resolution: 20 ; Rank: 118 ; Rank-X: 9 ; Rank-Y: 10 ; Rowstart: 18; Rowend: 21; Rows: 3; Colstart: 20; Colend: 21; Cols: 1;rank= 30 coords= 2 6 neighbours(up,down,left,right)= 18 42 29 31

Num-X: 12 ; Num-Y: 12 ; Resolution: 20 ; Rank: 30 ; Rank-X: 2 ; Rank-Y: 6 ; Rowstart: 4; Rowend: 7; Rows: 3; Colstart: 12; Colend: 15; Cols: 3;rank= 73 coords= 6 1 neighbours(up,down,left,right)= 61 85 72 74

Num-X: 12 ; Num-Y: 12 ; Resolution: 20 ; Rank: 73 ; Rank-X: 6 ; Rank-Y: 1 ; Rowstart: 12; Rowend: 15; Rows: 3; Colstart: 2; Colend: 5; Cols: 3;rank= 119 coords= 9 11 neighbours(up,down,left,right)= 107 131 118 -1

Num-X: 12 ; Num-Y: 12 ; Resolution: 20 ; Rank: 119 ; Rank-X: 9 ; Rank-Y: 11 ; Rowstart: 18; Rowend: 21; Rows: 3; Colstart: 22; Colend: 21; Cols: -1;rank= 33 coords= 2 9 neighbours(up,down,left,right)= 21 45 32 34

Num-X: 12 ; Num-Y: 12 ; Resolution: 20 ; Rank: 33 ; Rank-X: 2 ; Rank-Y: 9 ; Rowstart: 4; Rowend: 7; Rows: 3; Colstart: 18; Colend: 21; Cols: 3;rank= 74 coords= 6 2 neighbours(up,down,left,right)= 62 86 73 75

Num-X: 12 ; Num-Y: 12 ; Resolution: 20 ; Rank: 74 ; Rank-X: 6 ; Rank-Y: 2 ; Rowstart: 12; Rowend: 15; Rows: 3; Colstart: 4; Colend: 7; Cols: 3;rank= 120 coords= 10 0 neighbours(up,down,left,right)= 108 132 -1 121

Num-X: 12 ; Num-Y: 12 ; Resolution: 20 ; Rank: 120 ; Rank-X: 10 ; Rank-Y: 0 ; Rowstart: 20; Rowend: 21; Rows: 1; Colstart: 0; Colend: 3; Cols: 3;rank= 34 coords= 2 10 neighbours(up,down,left,right)= 22 46 33 35

Num-X: 12 ; Num-Y: 12 ; Resolution: 20 ; Rank: 34 ; Rank-X: 2 ; Rank-Y: 10 ; Rowstart: 4; Rowend: 7; Rows: 3; Colstart: 20; Colend: 21; Cols: 1;rank= 76 coords= 6 4 neighbours(up,down,left,right)= 64 88 75 77

Num-X: 12 ; Num-Y: 12 ; Resolution: 20 ; Rank: 76 ; Rank-X: 6 ; Rank-Y: 4 ; Rowstart: 12; Rowend: 15; Rows: 3; Colstart: 8; Colend: 11; Cols: 3;rank= 121 coords= 10 1 neighbours(up,down,left,right)= 109 133 120 122

Num-X: 12 ; Num-Y: 12 ; Resolution: 20 ; Rank: 121 ; Rank-X: 10 ; Rank-Y: 1 ; Rowstart: 20; Rowend: 21; Rows: 1; Colstart: 2; Colend: 5; Cols: 3;rank= 35 coords= 2 11 neighbours(up,down,left,right)= 23 47 34 -1

Num-X: 12 ; Num-Y: 12 ; Resolution: 20 ; Rank: 35 ; Rank-X: 2 ; Rank-Y: 11 ; Rowstart: 4; Rowend: 7; Rows: 3; Colstart: 22; Colend: 21; Cols: -1;rank= 80 coords= 6 8 neighbours(up,down,left,right)= 68 92 79 81

Num-X: 12 ; Num-Y: 12 ; Resolution: 20 ; Rank: 80 ; Rank-X: 6 ; Rank-Y: 8 ; Rowstart: 12; Rowend: 15; Rows: 3; Colstart: 16; Colend: 19; Cols: 3;rank= 122 coords= 10 2 neighbours(up,down,left,right)= 110 134 121 123

Num-X: 12 ; Num-Y: 12 ; Resolution: 20 ; Rank: 122 ; Rank-X: 10 ; Rank-Y: 2 ; Rowstart: 20; Rowend: 21; Rows: 1; Colstart: 4; Colend: 7; Cols: 3;rank= 37 coords= 3 1 neighbours(up,down,left,right)= 25 49 36 38

Num-X: 12 ; Num-Y: 12 ; Resolution: 20 ; Rank: 37 ; Rank-X: 3 ; Rank-Y: 1 ; Rowstart: 6; Rowend: 9; Rows: 3; Colstart: 2; Colend: 5; Cols: 3;rank= 84 coords= 7 0 neighbours(up,down,left,right)= 72 96 -1 85

Num-X: 12 ; Num-Y: 12 ; Resolution: 20 ; Rank: 84 ; Rank-X: 7 ; Rank-Y: 0 ; Rowstart: 14; Rowend: 17; Rows: 3; Colstart: 0; Colend: 3; Cols: 3;rank= 123 coords= 10 3 neighbours(up,down,left,right)= 111 135 122 124

Num-X: 12 ; Num-Y: 12 ; Resolution: 20 ; Rank: 123 ; Rank-X: 10 ; Rank-Y: 3 ; Rowstart: 20; Rowend: 21; Rows: 1; Colstart: 6; Colend: 9; Cols: 3;rank= 38 coords= 3 2 neighbours(up,down,left,right)= 26 50 37 39

Num-X: 12 ; Num-Y: 12 ; Resolution: 20 ; Rank: 38 ; Rank-X: 3 ; Rank-Y: 2 ; Rowstart: 6; Rowend: 9; Rows: 3; Colstart: 4; Colend: 7; Cols: 3;rank= 89 coords= 7 5 neighbours(up,down,left,right)= 77 101 88 90

Num-X: 12 ; Num-Y: 12 ; Resolution: 20 ; Rank: 89 ; Rank-X: 7 ; Rank-Y: 5 ; Rowstart: 14; Rowend: 17; Rows: 3; Colstart: 10; Colend: 13; Cols: 3;rank= 124 coords= 10 4 neighbours(up,down,left,right)= 112 136 123 125

Num-X: 12 ; Num-Y: 12 ; Resolution: 20 ; Rank: 124 ; Rank-X: 10 ; Rank-Y: 4 ; Rowstart: 20; Rowend: 21; Rows: 1; Colstart: 8; Colend: 11; Cols: 3;rank= 39 coords= 3 3 neighbours(up,down,left,right)= 27 51 38 40

Num-X: 12 ; Num-Y: 12 ; Resolution: 20 ; Rank: 39 ; Rank-X: 3 ; Rank-Y: 3 ; Rowstart: 6; Rowend: 9; Rows: 3; Colstart: 6; Colend: 9; Cols: 3;rank= 90 coords= 7 6 neighbours(up,down,left,right)= 78 102 89 91

Num-X: 12 ; Num-Y: 12 ; Resolution: 20 ; Rank: 90 ; Rank-X: 7 ; Rank-Y: 6 ; Rowstart: 14; Rowend: 17; Rows: 3; Colstart: 12; Colend: 15; Cols: 3;rank= 125 coords= 10 5 neighbours(up,down,left,right)= 113 137 124 126

Num-X: 12 ; Num-Y: 12 ; Resolution: 20 ; Rank: 125 ; Rank-X: 10 ; Rank-Y: 5 ; Rowstart: 20; Rowend: 21; Rows: 1; Colstart: 10; Colend: 13; Cols: 3;rank= 40 coords= 3 4 neighbours(up,down,left,right)= 28 52 39 41

Num-X: 12 ; Num-Y: 12 ; Resolution: 20 ; Rank: 40 ; Rank-X: 3 ; Rank-Y: 4 ; Rowstart: 6; Rowend: 9; Rows: 3; Colstart: 8; Colend: 11; Cols: 3;rank= 92 coords= 7 8 neighbours(up,down,left,right)= 80 104 91 93

Num-X: 12 ; Num-Y: 12 ; Resolution: 20 ; Rank: 92 ; Rank-X: 7 ; Rank-Y: 8 ; Rowstart: 14; Rowend: 17; Rows: 3; Colstart: 16; Colend: 19; Cols: 3;rank= 126 coords= 10 6 neighbours(up,down,left,right)= 114 138 125 127

Num-X: 12 ; Num-Y: 12 ; Resolution: 20 ; Rank: 126 ; Rank-X: 10 ; Rank-Y: 6 ; Rowstart: 20; Rowend: 21; Rows: 1; Colstart: 12; Colend: 15; Cols: 3;rank= 41 coords= 3 5 neighbours(up,down,left,right)= 29 53 40 42

Num-X: 12 ; Num-Y: 12 ; Resolution: 20 ; Rank: 41 ; Rank-X: 3 ; Rank-Y: 5 ; Rowstart: 6; Rowend: 9; Rows: 3; Colstart: 10; Colend: 13; Cols: 3;rank= 75 coords= 6 3 neighbours(up,down,left,right)= 63 87 74 76

Num-X: 12 ; Num-Y: 12 ; Resolution: 20 ; Rank: 75 ; Rank-X: 6 ; Rank-Y: 3 ; Rowstart: 12; Rowend: 15; Rows: 3; Colstart: 6; Colend: 9; Cols: 3;rank= 127 coords= 10 7 neighbours(up,down,left,right)= 115 139 126 128

Num-X: 12 ; Num-Y: 12 ; Resolution: 20 ; Rank: 127 ; Rank-X: 10 ; Rank-Y: 7 ; Rowstart: 20; Rowend: 21; Rows: 1; Colstart: 14; Colend: 17; Cols: 3;rank= 42 coords= 3 6 neighbours(up,down,left,right)= 30 54 41 43

Num-X: 12 ; Num-Y: 12 ; Resolution: 20 ; Rank: 42 ; Rank-X: 3 ; Rank-Y: 6 ; Rowstart: 6; Rowend: 9; Rows: 3; Colstart: 12; Colend: 15; Cols: 3;rank= 77 coords= 6 5 neighbours(up,down,left,right)= 65 89 76 78

Num-X: 12 ; Num-Y: 12 ; Resolution: 20 ; Rank: 77 ; Rank-X: 6 ; Rank-Y: 5 ; Rowstart: 12; Rowend: 15; Rows: 3; Colstart: 10; Colend: 13; Cols: 3;rank= 129 coords= 10 9 neighbours(up,down,left,right)= 117 141 128 130

Num-X: 12 ; Num-Y: 12 ; Resolution: 20 ; Rank: 129 ; Rank-X: 10 ; Rank-Y: 9 ; Rowstart: 20; Rowend: 21; Rows: 1; Colstart: 18; Colend: 21; Cols: 3;rank= 43 coords= 3 7 neighbours(up,down,left,right)= 31 55 42 44

Num-X: 12 ; Num-Y: 12 ; Resolution: 20 ; Rank: 43 ; Rank-X: 3 ; Rank-Y: 7 ; Rowstart: 6; Rowend: 9; Rows: 3; Colstart: 14; Colend: 17; Cols: 3;rank= 78 coords= 6 6 neighbours(up,down,left,right)= 66 90 77 79

Num-X: 12 ; Num-Y: 12 ; Resolution: 20 ; Rank: 78 ; Rank-X: 6 ; Rank-Y: 6 ; Rowstart: 12; Rowend: 15; Rows: 3; Colstart: 12; Colend: 15; Cols: 3;rank= 132 coords= 11 0 neighbours(up,down,left,right)= 120 -1 -1 133

Num-X: 12 ; Num-Y: 12 ; Resolution: 20 ; Rank: 132 ; Rank-X: 11 ; Rank-Y: 0 ; Rowstart: 22; Rowend: 21; Rows: -1; Colstart: 0; Colend: 3; Cols: 3;rank= 44 coords= 3 8 neighbours(up,down,left,right)= 32 56 43 45

Num-X: 12 ; Num-Y: 12 ; Resolution: 20 ; Rank: 44 ; Rank-X: 3 ; Rank-Y: 8 ; Rowstart: 6; Rowend: 9; Rows: 3; Colstart: 16; Colend: 19; Cols: 3;rank= 133 coords= 11 1 neighbours(up,down,left,right)= 121 -1 132 134

Num-X: 12 ; Num-Y: 12 ; Resolution: 20 ; Rank: 133 ; Rank-X: 11 ; Rank-Y: 1 ; Rowstart: 22; Rowend: 21; Rows: -1; Colstart: 2; Colend: 5; Cols: 3;rank= 45 coords= 3 9 neighbours(up,down,left,right)= 33 57 44 46

Num-X: 12 ; Num-Y: 12 ; Resolution: 20 ; Rank: 45 ; Rank-X: 3 ; Rank-Y: 9 ; Rowstart: 6; Rowend: 9; Rows: 3; Colstart: 18; Colend: 21; Cols: 3;rank= 136 coords= 11 4 neighbours(up,down,left,right)= 124 -1 135 137

Num-X: 12 ; Num-Y: 12 ; Resolution: 20 ; Rank: 136 ; Rank-X: 11 ; Rank-Y: 4 ; Rowstart: 22; Rowend: 21; Rows: -1; Colstart: 8; Colend: 11; Cols: 3;rank= 46 coords= 3 10 neighbours(up,down,left,right)= 34 58 45 47

Num-X: 12 ; Num-Y: 12 ; Resolution: 20 ; Rank: 46 ; Rank-X: 3 ; Rank-Y: 10 ; Rowstart: 6; Rowend: 9; Rows: 3; Colstart: 20; Colend: 21; Cols: 1;rank= 79 coords= 6 7 neighbours(up,down,left,right)= 67 91 78 80

Num-X: 12 ; Num-Y: 12 ; Resolution: 20 ; Rank: 79 ; Rank-X: 6 ; Rank-Y: 7 ; Rowstart: 12; Rowend: 15; Rows: 3; Colstart: 14; Colend: 17; Cols: 3;rank= 137 coords= 11 5 neighbours(up,down,left,right)= 125 -1 136 138

Num-X: 12 ; Num-Y: 12 ; Resolution: 20 ; Rank: 137 ; Rank-X: 11 ; Rank-Y: 5 ; Rowstart: 22; Rowend: 21; Rows: -1; Colstart: 10; Colend: 13; Cols: 3;rank= 47 coords= 3 11 neighbours(up,down,left,right)= 35 59 46 -1

Num-X: 12 ; Num-Y: 12 ; Resolution: 20 ; Rank: 47 ; Rank-X: 3 ; Rank-Y: 11 ; Rowstart: 6; Rowend: 9; Rows: 3; Colstart: 22; Colend: 21; Cols: -1;rank= 82 coords= 6 10 neighbours(up,down,left,right)= 70 94 81 83

Num-X: 12 ; Num-Y: 12 ; Resolution: 20 ; Rank: 82 ; Rank-X: 6 ; Rank-Y: 10 ; Rowstart: 12; Rowend: 15; Rows: 3; Colstart: 20; Colend: 21; Cols: 1;rank= 138 coords= 11 6 neighbours(up,down,left,right)= 126 -1 137 139

Num-X: 12 ; Num-Y: 12 ; Resolution: 20 ; Rank: 138 ; Rank-X: 11 ; Rank-Y: 6 ; Rowstart: 22; Rowend: 21; Rows: -1; Colstart: 12; Colend: 15; Cols: 3;rank= 27 coords= 2 3 neighbours(up,down,left,right)= 15 39 26 28

Num-X: 12 ; Num-Y: 12 ; Resolution: 20 ; Rank: 27 ; Rank-X: 2 ; Rank-Y: 3 ; Rowstart: 4; Rowend: 7; Rows: 3; Colstart: 6; Colend: 9; Cols: 3;rank= 83 coords= 6 11 neighbours(up,down,left,right)= 71 95 82 -1

Num-X: 12 ; Num-Y: 12 ; Resolution: 20 ; Rank: 83 ; Rank-X: 6 ; Rank-Y: 11 ; Rowstart: 12; Rowend: 15; Rows: 3; Colstart: 22; Colend: 21; Cols: -1;rank= 139 coords= 11 7 neighbours(up,down,left,right)= 127 -1 138 140

Num-X: 12 ; Num-Y: 12 ; Resolution: 20 ; Rank: 139 ; Rank-X: 11 ; Rank-Y: 7 ; Rowstart: 22; Rowend: 21; Rows: -1; Colstart: 14; Colend: 17; Cols: 3;rank= 29 coords= 2 5 neighbours(up,down,left,right)= 17 41 28 30
rank= 85 coords= 7 1 neighbours(up,down,left,right)= 73 97 84 86

Num-X: 12 ; Num-Y: 12 ; Resolution: 20 ; Rank: 85 ; Rank-X: 7 ; Rank-Y: 1 ; Rowstart: 14; Rowend: 17; Rows: 3; Colstart: 2; Colend: 5; Cols: 3;rank= 140 coords= 11 8 neighbours(up,down,left,right)= 128 -1 139 141

Num-X: 12 ; Num-Y: 12 ; Resolution: 20 ; Rank: 140 ; Rank-X: 11 ; Rank-Y: 8 ; Rowstart: 22; Rowend: 21; Rows: -1; Colstart: 16; Colend: 19; Cols: 3;rank= 31 coords= 2 7 neighbours(up,down,left,right)= 19 43 30 32

Num-X: 12 ; Num-Y: 12 ; Resolution: 20 ; Rank: 31 ; Rank-X: 2 ; Rank-Y: 7 ; Rowstart: 4; Rowend: 7; Rows: 3; Colstart: 14; Colend: 17; Cols: 3;rank= 86 coords= 7 2 neighbours(up,down,left,right)= 74 98 85 87

Num-X: 12 ; Num-Y: 12 ; Resolution: 20 ; Rank: 86 ; Rank-X: 7 ; Rank-Y: 2 ; Rowstart: 14; Rowend: 17; Rows: 3; Colstart: 4; Colend: 7; Cols: 3;
Num-X: 12 ; Num-Y: 12 ; Resolution: 20 ; Rank: 29 ; Rank-X: 2 ; Rank-Y: 5 ; Rowstart: 4; Rowend: 7; Rows: 3; Colstart: 10; Colend: 13; Cols: 3;rank= 87 coords= 7 3 neighbours(up,down,left,right)= 75 99 86 88

Num-X: 12 ; Num-Y: 12 ; Resolution: 20 ; Rank: 87 ; Rank-X: 7 ; Rank-Y: 3 ; Rowstart: 14; Rowend: 17; Rows: 3; Colstart: 6; Colend: 9; Cols: 3;rank= 91 coords= 7 7 neighbours(up,down,left,right)= 79 103 90 92

Num-X: 12 ; Num-Y: 12 ; Resolution: 20 ; Rank: 91 ; Rank-X: 7 ; Rank-Y: 7 ; Rowstart: 14; Rowend: 17; Rows: 3; Colstart: 14; Colend: 17; Cols: 3;rank= 141 coords= 11 9 neighbours(up,down,left,right)= 129 -1 140 142

Num-X: 12 ; Num-Y: 12 ; Resolution: 20 ; Rank: 141 ; Rank-X: 11 ; Rank-Y: 9 ; Rowstart: 22; Rowend: 21; Rows: -1; Colstart: 18; Colend: 21; Cols: 3;rank= 93 coords= 7 9 neighbours(up,down,left,right)= 81 105 92 94

Num-X: 12 ; Num-Y: 12 ; Resolution: 20 ; Rank: 93 ; Rank-X: 7 ; Rank-Y: 9 ; Rowstart: 14; Rowend: 17; Rows: 3; Colstart: 18; Colend: 21; Cols: 3;rank= 142 coords= 11 10 neighbours(up,down,left,right)= 130 -1 141 143

Num-X: 12 ; Num-Y: 12 ; Resolution: 20 ; Rank: 142 ; Rank-X: 11 ; Rank-Y: 10 ; Rowstart: 22; Rowend: 21; Rows: -1; Colstart: 20; Colend: 21; Cols: 1;rank= 94 coords= 7 10 neighbours(up,down,left,right)= 82 106 93 95

Num-X: 12 ; Num-Y: 12 ; Resolution: 20 ; Rank: 94 ; Rank-X: 7 ; Rank-Y: 10 ; Rowstart: 14; Rowend: 17; Rows: 3; Colstart: 20; Colend: 21; Cols: 1;rank= 143 coords= 11 11 neighbours(up,down,left,right)= 131 -1 142 -1

Num-X: 12 ; Num-Y: 12 ; Resolution: 20 ; Rank: 143 ; Rank-X: 11 ; Rank-Y: 11 ; Rowstart: 22; Rowend: 21; Rows: -1; Colstart: 22; Colend: 21; Cols: -1;rank= 95 coords= 7 11 neighbours(up,down,left,right)= 83 107 94 -1

Num-X: 12 ; Num-Y: 12 ; Resolution: 20 ; Rank: 95 ; Rank-X: 7 ; Rank-Y: 11 ; Rowstart: 14; Rowend: 17; Rows: 3; Colstart: 22; Colend: 21; Cols: -1;
===================================================================================
=   BAD TERMINATION OF ONE OF YOUR APPLICATION PROCESSES
=   RANK 0 PID 535197 RUNNING AT i01r01c01s01
=   KILLED BY SIGNAL: 9 (Killed)
===================================================================================

===================================================================================
=   BAD TERMINATION OF ONE OF YOUR APPLICATION PROCESSES
=   RANK 48 PID 2285912 RUNNING AT i01r01c01s02
=   KILLED BY SIGNAL: 9 (Killed)
===================================================================================

===================================================================================
=   BAD TERMINATION OF ONE OF YOUR APPLICATION PROCESSES
=   RANK 49 PID 2285913 RUNNING AT i01r01c01s02
=   KILLED BY SIGNAL: 9 (Killed)
===================================================================================

===================================================================================
=   BAD TERMINATION OF ONE OF YOUR APPLICATION PROCESSES
=   RANK 50 PID 2285914 RUNNING AT i01r01c01s02
=   KILLED BY SIGNAL: 9 (Killed)
===================================================================================

===================================================================================
=   BAD TERMINATION OF ONE OF YOUR APPLICATION PROCESSES
=   RANK 51 PID 2285915 RUNNING AT i01r01c01s02
=   KILLED BY SIGNAL: 9 (Killed)
===================================================================================

===================================================================================
=   BAD TERMINATION OF ONE OF YOUR APPLICATION PROCESSES
=   RANK 52 PID 2285916 RUNNING AT i01r01c01s02
=   KILLED BY SIGNAL: 9 (Killed)
===================================================================================

===================================================================================
=   BAD TERMINATION OF ONE OF YOUR APPLICATION PROCESSES
=   RANK 53 PID 2285917 RUNNING AT i01r01c01s02
=   KILLED BY SIGNAL: 9 (Killed)
===================================================================================

===================================================================================
=   BAD TERMINATION OF ONE OF YOUR APPLICATION PROCESSES
=   RANK 54 PID 2285918 RUNNING AT i01r01c01s02
=   KILLED BY SIGNAL: 9 (Killed)
===================================================================================

===================================================================================
=   BAD TERMINATION OF ONE OF YOUR APPLICATION PROCESSES
=   RANK 55 PID 2285919 RUNNING AT i01r01c01s02
=   KILLED BY SIGNAL: 9 (Killed)
===================================================================================

===================================================================================
=   BAD TERMINATION OF ONE OF YOUR APPLICATION PROCESSES
=   RANK 56 PID 2285920 RUNNING AT i01r01c01s02
=   KILLED BY SIGNAL: 9 (Killed)
===================================================================================

===================================================================================
=   BAD TERMINATION OF ONE OF YOUR APPLICATION PROCESSES
=   RANK 57 PID 2285921 RUNNING AT i01r01c01s02
=   KILLED BY SIGNAL: 9 (Killed)
===================================================================================

===================================================================================
=   BAD TERMINATION OF ONE OF YOUR APPLICATION PROCESSES
=   RANK 58 PID 2285922 RUNNING AT i01r01c01s02
=   KILLED BY SIGNAL: 9 (Killed)
===================================================================================

===================================================================================
=   BAD TERMINATION OF ONE OF YOUR APPLICATION PROCESSES
=   RANK 59 PID 2285923 RUNNING AT i01r01c01s02
=   KILLED BY SIGNAL: 11 (Segmentation fault)
===================================================================================

===================================================================================
=   BAD TERMINATION OF ONE OF YOUR APPLICATION PROCESSES
=   RANK 60 PID 2285924 RUNNING AT i01r01c01s02
=   KILLED BY SIGNAL: 9 (Killed)
===================================================================================

===================================================================================
=   BAD TERMINATION OF ONE OF YOUR APPLICATION PROCESSES
=   RANK 61 PID 2285925 RUNNING AT i01r01c01s02
=   KILLED BY SIGNAL: 9 (Killed)
===================================================================================

===================================================================================
=   BAD TERMINATION OF ONE OF YOUR APPLICATION PROCESSES
=   RANK 62 PID 2285926 RUNNING AT i01r01c01s02
=   KILLED BY SIGNAL: 9 (Killed)
===================================================================================

===================================================================================
=   BAD TERMINATION OF ONE OF YOUR APPLICATION PROCESSES
=   RANK 63 PID 2285927 RUNNING AT i01r01c01s02
=   KILLED BY SIGNAL: 9 (Killed)
===================================================================================

===================================================================================
=   BAD TERMINATION OF ONE OF YOUR APPLICATION PROCESSES
=   RANK 64 PID 2285928 RUNNING AT i01r01c01s02
=   KILLED BY SIGNAL: 9 (Killed)
===================================================================================

===================================================================================
=   BAD TERMINATION OF ONE OF YOUR APPLICATION PROCESSES
=   RANK 65 PID 2285929 RUNNING AT i01r01c01s02
=   KILLED BY SIGNAL: 9 (Killed)
===================================================================================

===================================================================================
=   BAD TERMINATION OF ONE OF YOUR APPLICATION PROCESSES
=   RANK 66 PID 2285930 RUNNING AT i01r01c01s02
=   KILLED BY SIGNAL: 9 (Killed)
===================================================================================

===================================================================================
=   BAD TERMINATION OF ONE OF YOUR APPLICATION PROCESSES
=   RANK 67 PID 2285931 RUNNING AT i01r01c01s02
=   KILLED BY SIGNAL: 9 (Killed)
===================================================================================

===================================================================================
=   BAD TERMINATION OF ONE OF YOUR APPLICATION PROCESSES
=   RANK 68 PID 2285932 RUNNING AT i01r01c01s02
=   KILLED BY SIGNAL: 9 (Killed)
===================================================================================

===================================================================================
=   BAD TERMINATION OF ONE OF YOUR APPLICATION PROCESSES
=   RANK 69 PID 2285933 RUNNING AT i01r01c01s02
=   KILLED BY SIGNAL: 9 (Killed)
===================================================================================

===================================================================================
=   BAD TERMINATION OF ONE OF YOUR APPLICATION PROCESSES
=   RANK 70 PID 2285934 RUNNING AT i01r01c01s02
=   KILLED BY SIGNAL: 9 (Killed)
===================================================================================

===================================================================================
=   BAD TERMINATION OF ONE OF YOUR APPLICATION PROCESSES
=   RANK 71 PID 2285935 RUNNING AT i01r01c01s02
=   KILLED BY SIGNAL: 11 (Segmentation fault)
===================================================================================

===================================================================================
=   BAD TERMINATION OF ONE OF YOUR APPLICATION PROCESSES
=   RANK 96 PID 1683186 RUNNING AT i01r01c02s07
=   KILLED BY SIGNAL: 9 (Killed)
===================================================================================

===================================================================================
=   BAD TERMINATION OF ONE OF YOUR APPLICATION PROCESSES
=   RANK 97 PID 1683187 RUNNING AT i01r01c02s07
=   KILLED BY SIGNAL: 9 (Killed)
===================================================================================

===================================================================================
=   BAD TERMINATION OF ONE OF YOUR APPLICATION PROCESSES
=   RANK 98 PID 1683188 RUNNING AT i01r01c02s07
=   KILLED BY SIGNAL: 9 (Killed)
===================================================================================

===================================================================================
=   BAD TERMINATION OF ONE OF YOUR APPLICATION PROCESSES
=   RANK 99 PID 1683189 RUNNING AT i01r01c02s07
=   KILLED BY SIGNAL: 9 (Killed)
===================================================================================

===================================================================================
=   BAD TERMINATION OF ONE OF YOUR APPLICATION PROCESSES
=   RANK 100 PID 1683190 RUNNING AT i01r01c02s07
=   KILLED BY SIGNAL: 9 (Killed)
===================================================================================

===================================================================================
=   BAD TERMINATION OF ONE OF YOUR APPLICATION PROCESSES
=   RANK 101 PID 1683191 RUNNING AT i01r01c02s07
=   KILLED BY SIGNAL: 9 (Killed)
===================================================================================

===================================================================================
=   BAD TERMINATION OF ONE OF YOUR APPLICATION PROCESSES
=   RANK 102 PID 1683192 RUNNING AT i01r01c02s07
=   KILLED BY SIGNAL: 9 (Killed)
===================================================================================

===================================================================================
=   BAD TERMINATION OF ONE OF YOUR APPLICATION PROCESSES
=   RANK 103 PID 1683193 RUNNING AT i01r01c02s07
=   KILLED BY SIGNAL: 9 (Killed)
===================================================================================

===================================================================================
=   BAD TERMINATION OF ONE OF YOUR APPLICATION PROCESSES
=   RANK 104 PID 1683194 RUNNING AT i01r01c02s07
=   KILLED BY SIGNAL: 9 (Killed)
===================================================================================

===================================================================================
=   BAD TERMINATION OF ONE OF YOUR APPLICATION PROCESSES
=   RANK 105 PID 1683195 RUNNING AT i01r01c02s07
=   KILLED BY SIGNAL: 9 (Killed)
===================================================================================

===================================================================================
=   BAD TERMINATION OF ONE OF YOUR APPLICATION PROCESSES
=   RANK 106 PID 1683196 RUNNING AT i01r01c02s07
=   KILLED BY SIGNAL: 9 (Killed)
===================================================================================

===================================================================================
=   BAD TERMINATION OF ONE OF YOUR APPLICATION PROCESSES
=   RANK 107 PID 1683197 RUNNING AT i01r01c02s07
=   KILLED BY SIGNAL: 11 (Segmentation fault)
===================================================================================

===================================================================================
=   BAD TERMINATION OF ONE OF YOUR APPLICATION PROCESSES
=   RANK 108 PID 1683198 RUNNING AT i01r01c02s07
=   KILLED BY SIGNAL: 9 (Killed)
===================================================================================

===================================================================================
=   BAD TERMINATION OF ONE OF YOUR APPLICATION PROCESSES
=   RANK 109 PID 1683199 RUNNING AT i01r01c02s07
=   KILLED BY SIGNAL: 9 (Killed)
===================================================================================

===================================================================================
=   BAD TERMINATION OF ONE OF YOUR APPLICATION PROCESSES
=   RANK 110 PID 1683200 RUNNING AT i01r01c02s07
=   KILLED BY SIGNAL: 9 (Killed)
===================================================================================

===================================================================================
=   BAD TERMINATION OF ONE OF YOUR APPLICATION PROCESSES
=   RANK 111 PID 1683201 RUNNING AT i01r01c02s07
=   KILLED BY SIGNAL: 9 (Killed)
===================================================================================

===================================================================================
=   BAD TERMINATION OF ONE OF YOUR APPLICATION PROCESSES
=   RANK 112 PID 1683202 RUNNING AT i01r01c02s07
=   KILLED BY SIGNAL: 9 (Killed)
===================================================================================

===================================================================================
=   BAD TERMINATION OF ONE OF YOUR APPLICATION PROCESSES
=   RANK 113 PID 1683203 RUNNING AT i01r01c02s07
=   KILLED BY SIGNAL: 9 (Killed)
===================================================================================

===================================================================================
=   BAD TERMINATION OF ONE OF YOUR APPLICATION PROCESSES
=   RANK 114 PID 1683204 RUNNING AT i01r01c02s07
=   KILLED BY SIGNAL: 9 (Killed)
===================================================================================

===================================================================================
=   BAD TERMINATION OF ONE OF YOUR APPLICATION PROCESSES
=   RANK 115 PID 1683205 RUNNING AT i01r01c02s07
=   KILLED BY SIGNAL: 9 (Killed)
===================================================================================

===================================================================================
=   BAD TERMINATION OF ONE OF YOUR APPLICATION PROCESSES
=   RANK 1 PID 535198 RUNNING AT i01r01c01s01
=   KILLED BY SIGNAL: 9 (Killed)
===================================================================================

===================================================================================
=   BAD TERMINATION OF ONE OF YOUR APPLICATION PROCESSES
=   RANK 2 PID 535199 RUNNING AT i01r01c01s01
=   KILLED BY SIGNAL: 9 (Killed)
===================================================================================

===================================================================================
=   BAD TERMINATION OF ONE OF YOUR APPLICATION PROCESSES
=   RANK 3 PID 535200 RUNNING AT i01r01c01s01
=   KILLED BY SIGNAL: 9 (Killed)
===================================================================================

===================================================================================
=   BAD TERMINATION OF ONE OF YOUR APPLICATION PROCESSES
=   RANK 4 PID 535201 RUNNING AT i01r01c01s01
=   KILLED BY SIGNAL: 9 (Killed)
===================================================================================

===================================================================================
=   BAD TERMINATION OF ONE OF YOUR APPLICATION PROCESSES
=   RANK 5 PID 535202 RUNNING AT i01r01c01s01
=   KILLED BY SIGNAL: 9 (Killed)
===================================================================================

===================================================================================
=   BAD TERMINATION OF ONE OF YOUR APPLICATION PROCESSES
=   RANK 6 PID 535203 RUNNING AT i01r01c01s01
=   KILLED BY SIGNAL: 9 (Killed)
===================================================================================

===================================================================================
=   BAD TERMINATION OF ONE OF YOUR APPLICATION PROCESSES
=   RANK 7 PID 535204 RUNNING AT i01r01c01s01
=   KILLED BY SIGNAL: 9 (Killed)
===================================================================================

===================================================================================
=   BAD TERMINATION OF ONE OF YOUR APPLICATION PROCESSES
=   RANK 8 PID 535205 RUNNING AT i01r01c01s01
=   KILLED BY SIGNAL: 9 (Killed)
===================================================================================

===================================================================================
=   BAD TERMINATION OF ONE OF YOUR APPLICATION PROCESSES
=   RANK 9 PID 535206 RUNNING AT i01r01c01s01
=   KILLED BY SIGNAL: 9 (Killed)
===================================================================================

===================================================================================
=   BAD TERMINATION OF ONE OF YOUR APPLICATION PROCESSES
=   RANK 10 PID 535207 RUNNING AT i01r01c01s01
=   KILLED BY SIGNAL: 9 (Killed)
===================================================================================

===================================================================================
=   BAD TERMINATION OF ONE OF YOUR APPLICATION PROCESSES
=   RANK 11 PID 535208 RUNNING AT i01r01c01s01
=   KILLED BY SIGNAL: 11 (Segmentation fault)
===================================================================================

===================================================================================
=   BAD TERMINATION OF ONE OF YOUR APPLICATION PROCESSES
=   RANK 12 PID 535209 RUNNING AT i01r01c01s01
=   KILLED BY SIGNAL: 9 (Killed)
===================================================================================

===================================================================================
=   BAD TERMINATION OF ONE OF YOUR APPLICATION PROCESSES
=   RANK 13 PID 535210 RUNNING AT i01r01c01s01
=   KILLED BY SIGNAL: 9 (Killed)
===================================================================================

===================================================================================
=   BAD TERMINATION OF ONE OF YOUR APPLICATION PROCESSES
=   RANK 14 PID 535211 RUNNING AT i01r01c01s01
=   KILLED BY SIGNAL: 9 (Killed)
===================================================================================

===================================================================================
=   BAD TERMINATION OF ONE OF YOUR APPLICATION PROCESSES
=   RANK 15 PID 535212 RUNNING AT i01r01c01s01
=   KILLED BY SIGNAL: 9 (Killed)
===================================================================================

===================================================================================
=   BAD TERMINATION OF ONE OF YOUR APPLICATION PROCESSES
=   RANK 16 PID 535213 RUNNING AT i01r01c01s01
=   KILLED BY SIGNAL: 9 (Killed)
===================================================================================

===================================================================================
=   BAD TERMINATION OF ONE OF YOUR APPLICATION PROCESSES
=   RANK 17 PID 535214 RUNNING AT i01r01c01s01
=   KILLED BY SIGNAL: 9 (Killed)
===================================================================================

===================================================================================
=   BAD TERMINATION OF ONE OF YOUR APPLICATION PROCESSES
=   RANK 18 PID 535215 RUNNING AT i01r01c01s01
=   KILLED BY SIGNAL: 9 (Killed)
===================================================================================

===================================================================================
=   BAD TERMINATION OF ONE OF YOUR APPLICATION PROCESSES
=   RANK 19 PID 535216 RUNNING AT i01r01c01s01
=   KILLED BY SIGNAL: 9 (Killed)
===================================================================================

===================================================================================
=   BAD TERMINATION OF ONE OF YOUR APPLICATION PROCESSES
=   RANK 20 PID 535217 RUNNING AT i01r01c01s01
=   KILLED BY SIGNAL: 9 (Killed)
===================================================================================

===================================================================================
=   BAD TERMINATION OF ONE OF YOUR APPLICATION PROCESSES
=   RANK 21 PID 535218 RUNNING AT i01r01c01s01
=   KILLED BY SIGNAL: 9 (Killed)
===================================================================================

===================================================================================
=   BAD TERMINATION OF ONE OF YOUR APPLICATION PROCESSES
=   RANK 22 PID 535219 RUNNING AT i01r01c01s01
=   KILLED BY SIGNAL: 9 (Killed)
===================================================================================

===================================================================================
=   BAD TERMINATION OF ONE OF YOUR APPLICATION PROCESSES
=   RANK 23 PID 535220 RUNNING AT i01r01c01s01
=   KILLED BY SIGNAL: 11 (Segmentation fault)
===================================================================================

===================================================================================
=   BAD TERMINATION OF ONE OF YOUR APPLICATION PROCESSES
=   RANK 24 PID 535221 RUNNING AT i01r01c01s01
=   KILLED BY SIGNAL: 9 (Killed)
===================================================================================

===================================================================================
=   BAD TERMINATION OF ONE OF YOUR APPLICATION PROCESSES
=   RANK 25 PID 535222 RUNNING AT i01r01c01s01
=   KILLED BY SIGNAL: 9 (Killed)
===================================================================================

===================================================================================
=   BAD TERMINATION OF ONE OF YOUR APPLICATION PROCESSES
=   RANK 26 PID 535223 RUNNING AT i01r01c01s01
=   KILLED BY SIGNAL: 9 (Killed)
===================================================================================

===================================================================================
=   BAD TERMINATION OF ONE OF YOUR APPLICATION PROCESSES
=   RANK 27 PID 535224 RUNNING AT i01r01c01s01
=   KILLED BY SIGNAL: 9 (Killed)
===================================================================================

===================================================================================
=   BAD TERMINATION OF ONE OF YOUR APPLICATION PROCESSES
=   RANK 28 PID 535225 RUNNING AT i01r01c01s01
=   KILLED BY SIGNAL: 9 (Killed)
===================================================================================

===================================================================================
=   BAD TERMINATION OF ONE OF YOUR APPLICATION PROCESSES
=   RANK 29 PID 535226 RUNNING AT i01r01c01s01
=   KILLED BY SIGNAL: 9 (Killed)
===================================================================================

===================================================================================
=   BAD TERMINATION OF ONE OF YOUR APPLICATION PROCESSES
=   RANK 30 PID 535227 RUNNING AT i01r01c01s01
=   KILLED BY SIGNAL: 9 (Killed)
===================================================================================

===================================================================================
=   BAD TERMINATION OF ONE OF YOUR APPLICATION PROCESSES
=   RANK 31 PID 535228 RUNNING AT i01r01c01s01
=   KILLED BY SIGNAL: 9 (Killed)
===================================================================================

===================================================================================
=   BAD TERMINATION OF ONE OF YOUR APPLICATION PROCESSES
=   RANK 32 PID 535229 RUNNING AT i01r01c01s01
=   KILLED BY SIGNAL: 9 (Killed)
===================================================================================

===================================================================================
=   BAD TERMINATION OF ONE OF YOUR APPLICATION PROCESSES
=   RANK 33 PID 535230 RUNNING AT i01r01c01s01
=   KILLED BY SIGNAL: 9 (Killed)
===================================================================================

===================================================================================
=   BAD TERMINATION OF ONE OF YOUR APPLICATION PROCESSES
=   RANK 34 PID 535231 RUNNING AT i01r01c01s01
=   KILLED BY SIGNAL: 9 (Killed)
===================================================================================

===================================================================================
=   BAD TERMINATION OF ONE OF YOUR APPLICATION PROCESSES
=   RANK 35 PID 535232 RUNNING AT i01r01c01s01
=   KILLED BY SIGNAL: 11 (Segmentation fault)
===================================================================================

===================================================================================
=   BAD TERMINATION OF ONE OF YOUR APPLICATION PROCESSES
=   RANK 36 PID 535233 RUNNING AT i01r01c01s01
=   KILLED BY SIGNAL: 9 (Killed)
===================================================================================

===================================================================================
=   BAD TERMINATION OF ONE OF YOUR APPLICATION PROCESSES
=   RANK 37 PID 535234 RUNNING AT i01r01c01s01
=   KILLED BY SIGNAL: 9 (Killed)
===================================================================================

===================================================================================
=   BAD TERMINATION OF ONE OF YOUR APPLICATION PROCESSES
=   RANK 38 PID 535235 RUNNING AT i01r01c01s01
=   KILLED BY SIGNAL: 9 (Killed)
===================================================================================

===================================================================================
=   BAD TERMINATION OF ONE OF YOUR APPLICATION PROCESSES
=   RANK 39 PID 535236 RUNNING AT i01r01c01s01
=   KILLED BY SIGNAL: 9 (Killed)
===================================================================================

===================================================================================
=   BAD TERMINATION OF ONE OF YOUR APPLICATION PROCESSES
=   RANK 40 PID 535237 RUNNING AT i01r01c01s01
=   KILLED BY SIGNAL: 9 (Killed)
===================================================================================

===================================================================================
=   BAD TERMINATION OF ONE OF YOUR APPLICATION PROCESSES
=   RANK 72 PID 2285936 RUNNING AT i01r01c01s02
=   KILLED BY SIGNAL: 9 (Killed)
===================================================================================

===================================================================================
=   BAD TERMINATION OF ONE OF YOUR APPLICATION PROCESSES
=   RANK 73 PID 2285937 RUNNING AT i01r01c01s02
=   KILLED BY SIGNAL: 9 (Killed)
===================================================================================

===================================================================================
=   BAD TERMINATION OF ONE OF YOUR APPLICATION PROCESSES
=   RANK 74 PID 2285938 RUNNING AT i01r01c01s02
=   KILLED BY SIGNAL: 9 (Killed)
===================================================================================

===================================================================================
=   BAD TERMINATION OF ONE OF YOUR APPLICATION PROCESSES
=   RANK 75 PID 2285939 RUNNING AT i01r01c01s02
=   KILLED BY SIGNAL: 9 (Killed)
===================================================================================

===================================================================================
=   BAD TERMINATION OF ONE OF YOUR APPLICATION PROCESSES
=   RANK 76 PID 2285940 RUNNING AT i01r01c01s02
=   KILLED BY SIGNAL: 9 (Killed)
===================================================================================

===================================================================================
=   BAD TERMINATION OF ONE OF YOUR APPLICATION PROCESSES
=   RANK 77 PID 2285941 RUNNING AT i01r01c01s02
=   KILLED BY SIGNAL: 9 (Killed)
===================================================================================

===================================================================================
=   BAD TERMINATION OF ONE OF YOUR APPLICATION PROCESSES
=   RANK 78 PID 2285942 RUNNING AT i01r01c01s02
=   KILLED BY SIGNAL: 9 (Killed)
===================================================================================

===================================================================================
=   BAD TERMINATION OF ONE OF YOUR APPLICATION PROCESSES
=   RANK 79 PID 2285943 RUNNING AT i01r01c01s02
=   KILLED BY SIGNAL: 9 (Killed)
===================================================================================

===================================================================================
=   BAD TERMINATION OF ONE OF YOUR APPLICATION PROCESSES
=   RANK 80 PID 2285944 RUNNING AT i01r01c01s02
=   KILLED BY SIGNAL: 9 (Killed)
===================================================================================

===================================================================================
=   BAD TERMINATION OF ONE OF YOUR APPLICATION PROCESSES
=   RANK 81 PID 2285945 RUNNING AT i01r01c01s02
=   KILLED BY SIGNAL: 9 (Killed)
===================================================================================

===================================================================================
=   BAD TERMINATION OF ONE OF YOUR APPLICATION PROCESSES
=   RANK 82 PID 2285946 RUNNING AT i01r01c01s02
=   KILLED BY SIGNAL: 9 (Killed)
===================================================================================

===================================================================================
=   BAD TERMINATION OF ONE OF YOUR APPLICATION PROCESSES
=   RANK 83 PID 2285947 RUNNING AT i01r01c01s02
=   KILLED BY SIGNAL: 11 (Segmentation fault)
===================================================================================

===================================================================================
=   BAD TERMINATION OF ONE OF YOUR APPLICATION PROCESSES
=   RANK 84 PID 2285948 RUNNING AT i01r01c01s02
=   KILLED BY SIGNAL: 9 (Killed)
===================================================================================

===================================================================================
=   BAD TERMINATION OF ONE OF YOUR APPLICATION PROCESSES
=   RANK 85 PID 2285949 RUNNING AT i01r01c01s02
=   KILLED BY SIGNAL: 9 (Killed)
===================================================================================

===================================================================================
=   BAD TERMINATION OF ONE OF YOUR APPLICATION PROCESSES
=   RANK 86 PID 2285950 RUNNING AT i01r01c01s02
=   KILLED BY SIGNAL: 9 (Killed)
===================================================================================

===================================================================================
=   BAD TERMINATION OF ONE OF YOUR APPLICATION PROCESSES
=   RANK 87 PID 2285951 RUNNING AT i01r01c01s02
=   KILLED BY SIGNAL: 9 (Killed)
===================================================================================

===================================================================================
=   BAD TERMINATION OF ONE OF YOUR APPLICATION PROCESSES
=   RANK 88 PID 2285952 RUNNING AT i01r01c01s02
=   KILLED BY SIGNAL: 9 (Killed)
===================================================================================

===================================================================================
=   BAD TERMINATION OF ONE OF YOUR APPLICATION PROCESSES
=   RANK 89 PID 2285953 RUNNING AT i01r01c01s02
=   KILLED BY SIGNAL: 9 (Killed)
===================================================================================

===================================================================================
=   BAD TERMINATION OF ONE OF YOUR APPLICATION PROCESSES
=   RANK 90 PID 2285954 RUNNING AT i01r01c01s02
=   KILLED BY SIGNAL: 9 (Killed)
===================================================================================

===================================================================================
=   BAD TERMINATION OF ONE OF YOUR APPLICATION PROCESSES
=   RANK 91 PID 2285955 RUNNING AT i01r01c01s02
=   KILLED BY SIGNAL: 9 (Killed)
===================================================================================

===================================================================================
=   BAD TERMINATION OF ONE OF YOUR APPLICATION PROCESSES
=   RANK 92 PID 2285956 RUNNING AT i01r01c01s02
=   KILLED BY SIGNAL: 9 (Killed)
===================================================================================

===================================================================================
=   BAD TERMINATION OF ONE OF YOUR APPLICATION PROCESSES
=   RANK 93 PID 2285957 RUNNING AT i01r01c01s02
=   KILLED BY SIGNAL: 9 (Killed)
===================================================================================

===================================================================================
=   BAD TERMINATION OF ONE OF YOUR APPLICATION PROCESSES
=   RANK 94 PID 2285958 RUNNING AT i01r01c01s02
=   KILLED BY SIGNAL: 9 (Killed)
===================================================================================

===================================================================================
=   BAD TERMINATION OF ONE OF YOUR APPLICATION PROCESSES
=   RANK 95 PID 2285959 RUNNING AT i01r01c01s02
=   KILLED BY SIGNAL: 11 (Segmentation fault)
===================================================================================

===================================================================================
=   BAD TERMINATION OF ONE OF YOUR APPLICATION PROCESSES
=   RANK 41 PID 535238 RUNNING AT i01r01c01s01
=   KILLED BY SIGNAL: 9 (Killed)
===================================================================================

===================================================================================
=   BAD TERMINATION OF ONE OF YOUR APPLICATION PROCESSES
=   RANK 42 PID 535239 RUNNING AT i01r01c01s01
=   KILLED BY SIGNAL: 9 (Killed)
===================================================================================

===================================================================================
=   BAD TERMINATION OF ONE OF YOUR APPLICATION PROCESSES
=   RANK 43 PID 535240 RUNNING AT i01r01c01s01
=   KILLED BY SIGNAL: 9 (Killed)
===================================================================================

===================================================================================
=   BAD TERMINATION OF ONE OF YOUR APPLICATION PROCESSES
=   RANK 44 PID 535241 RUNNING AT i01r01c01s01
=   KILLED BY SIGNAL: 9 (Killed)
===================================================================================

===================================================================================
=   BAD TERMINATION OF ONE OF YOUR APPLICATION PROCESSES
=   RANK 45 PID 535242 RUNNING AT i01r01c01s01
=   KILLED BY SIGNAL: 9 (Killed)
===================================================================================

===================================================================================
=   BAD TERMINATION OF ONE OF YOUR APPLICATION PROCESSES
=   RANK 46 PID 535243 RUNNING AT i01r01c01s01
=   KILLED BY SIGNAL: 9 (Killed)
===================================================================================

===================================================================================
=   BAD TERMINATION OF ONE OF YOUR APPLICATION PROCESSES
=   RANK 47 PID 535244 RUNNING AT i01r01c01s01
=   KILLED BY SIGNAL: 11 (Segmentation fault)
===================================================================================

===================================================================================
=   BAD TERMINATION OF ONE OF YOUR APPLICATION PROCESSES
=   RANK 116 PID 1683206 RUNNING AT i01r01c02s07
=   KILLED BY SIGNAL: 9 (Killed)
===================================================================================

===================================================================================
=   BAD TERMINATION OF ONE OF YOUR APPLICATION PROCESSES
=   RANK 117 PID 1683207 RUNNING AT i01r01c02s07
=   KILLED BY SIGNAL: 9 (Killed)
===================================================================================

===================================================================================
=   BAD TERMINATION OF ONE OF YOUR APPLICATION PROCESSES
=   RANK 118 PID 1683208 RUNNING AT i01r01c02s07
=   KILLED BY SIGNAL: 9 (Killed)
===================================================================================

===================================================================================
=   BAD TERMINATION OF ONE OF YOUR APPLICATION PROCESSES
=   RANK 119 PID 1683209 RUNNING AT i01r01c02s07
=   KILLED BY SIGNAL: 11 (Segmentation fault)
===================================================================================

===================================================================================
=   BAD TERMINATION OF ONE OF YOUR APPLICATION PROCESSES
=   RANK 120 PID 1683210 RUNNING AT i01r01c02s07
=   KILLED BY SIGNAL: 9 (Killed)
===================================================================================

===================================================================================
=   BAD TERMINATION OF ONE OF YOUR APPLICATION PROCESSES
=   RANK 121 PID 1683211 RUNNING AT i01r01c02s07
=   KILLED BY SIGNAL: 9 (Killed)
===================================================================================

===================================================================================
=   BAD TERMINATION OF ONE OF YOUR APPLICATION PROCESSES
=   RANK 122 PID 1683212 RUNNING AT i01r01c02s07
=   KILLED BY SIGNAL: 9 (Killed)
===================================================================================

===================================================================================
=   BAD TERMINATION OF ONE OF YOUR APPLICATION PROCESSES
=   RANK 123 PID 1683213 RUNNING AT i01r01c02s07
=   KILLED BY SIGNAL: 9 (Killed)
===================================================================================

===================================================================================
=   BAD TERMINATION OF ONE OF YOUR APPLICATION PROCESSES
=   RANK 124 PID 1683214 RUNNING AT i01r01c02s07
=   KILLED BY SIGNAL: 9 (Killed)
===================================================================================

===================================================================================
=   BAD TERMINATION OF ONE OF YOUR APPLICATION PROCESSES
=   RANK 125 PID 1683215 RUNNING AT i01r01c02s07
=   KILLED BY SIGNAL: 9 (Killed)
===================================================================================

===================================================================================
=   BAD TERMINATION OF ONE OF YOUR APPLICATION PROCESSES
=   RANK 126 PID 1683216 RUNNING AT i01r01c02s07
=   KILLED BY SIGNAL: 9 (Killed)
===================================================================================

===================================================================================
=   BAD TERMINATION OF ONE OF YOUR APPLICATION PROCESSES
=   RANK 127 PID 1683217 RUNNING AT i01r01c02s07
=   KILLED BY SIGNAL: 9 (Killed)
===================================================================================

===================================================================================
=   BAD TERMINATION OF ONE OF YOUR APPLICATION PROCESSES
=   RANK 128 PID 1683218 RUNNING AT i01r01c02s07
=   KILLED BY SIGNAL: 9 (Killed)
===================================================================================

===================================================================================
=   BAD TERMINATION OF ONE OF YOUR APPLICATION PROCESSES
=   RANK 129 PID 1683219 RUNNING AT i01r01c02s07
=   KILLED BY SIGNAL: 9 (Killed)
===================================================================================

===================================================================================
=   BAD TERMINATION OF ONE OF YOUR APPLICATION PROCESSES
=   RANK 130 PID 1683220 RUNNING AT i01r01c02s07
=   KILLED BY SIGNAL: 9 (Killed)
===================================================================================

===================================================================================
=   BAD TERMINATION OF ONE OF YOUR APPLICATION PROCESSES
=   RANK 131 PID 1683221 RUNNING AT i01r01c02s07
=   KILLED BY SIGNAL: 9 (Killed)
===================================================================================

===================================================================================
=   BAD TERMINATION OF ONE OF YOUR APPLICATION PROCESSES
=   RANK 132 PID 1683222 RUNNING AT i01r01c02s07
=   KILLED BY SIGNAL: 11 (Segmentation fault)
===================================================================================

===================================================================================
=   BAD TERMINATION OF ONE OF YOUR APPLICATION PROCESSES
=   RANK 133 PID 1683223 RUNNING AT i01r01c02s07
=   KILLED BY SIGNAL: 11 (Segmentation fault)
===================================================================================

===================================================================================
=   BAD TERMINATION OF ONE OF YOUR APPLICATION PROCESSES
=   RANK 134 PID 1683224 RUNNING AT i01r01c02s07
=   KILLED BY SIGNAL: 11 (Segmentation fault)
===================================================================================

===================================================================================
=   BAD TERMINATION OF ONE OF YOUR APPLICATION PROCESSES
=   RANK 135 PID 1683225 RUNNING AT i01r01c02s07
=   KILLED BY SIGNAL: 11 (Segmentation fault)
===================================================================================

===================================================================================
=   BAD TERMINATION OF ONE OF YOUR APPLICATION PROCESSES
=   RANK 136 PID 1683226 RUNNING AT i01r01c02s07
=   KILLED BY SIGNAL: 11 (Segmentation fault)
===================================================================================

===================================================================================
=   BAD TERMINATION OF ONE OF YOUR APPLICATION PROCESSES
=   RANK 137 PID 1683227 RUNNING AT i01r01c02s07
=   KILLED BY SIGNAL: 11 (Segmentation fault)
===================================================================================

===================================================================================
=   BAD TERMINATION OF ONE OF YOUR APPLICATION PROCESSES
=   RANK 138 PID 1683228 RUNNING AT i01r01c02s07
=   KILLED BY SIGNAL: 11 (Segmentation fault)
===================================================================================

===================================================================================
=   BAD TERMINATION OF ONE OF YOUR APPLICATION PROCESSES
=   RANK 139 PID 1683229 RUNNING AT i01r01c02s07
=   KILLED BY SIGNAL: 11 (Segmentation fault)
===================================================================================

===================================================================================
=   BAD TERMINATION OF ONE OF YOUR APPLICATION PROCESSES
=   RANK 140 PID 1683230 RUNNING AT i01r01c02s07
=   KILLED BY SIGNAL: 11 (Segmentation fault)
===================================================================================

===================================================================================
=   BAD TERMINATION OF ONE OF YOUR APPLICATION PROCESSES
=   RANK 141 PID 1683231 RUNNING AT i01r01c02s07
=   KILLED BY SIGNAL: 11 (Segmentation fault)
===================================================================================

===================================================================================
=   BAD TERMINATION OF ONE OF YOUR APPLICATION PROCESSES
=   RANK 142 PID 1683232 RUNNING AT i01r01c02s07
=   KILLED BY SIGNAL: 9 (Killed)
===================================================================================

===================================================================================
=   BAD TERMINATION OF ONE OF YOUR APPLICATION PROCESSES
=   RANK 143 PID 1683233 RUNNING AT i01r01c02s07
=   KILLED BY SIGNAL: 11 (Segmentation fault)
===================================================================================
