mpiexec -genv I_MPI_DEBUG=4 -n 96
[0] MPI startup(): Intel(R) MPI Library, Version 2019 Update 8  Build 20200624 (id: 4f16ad915)
[0] MPI startup(): Copyright (C) 2003-2020 Intel Corporation.  All rights reserved.
[0] MPI startup(): library kind: release
[0] MPI startup(): libfabric version: 1.10.1-impi
[0] MPI startup(): libfabric provider: psm2
[0] MPI startup(): Rank    Pid      Node name     Pin cpu
[0] MPI startup(): 0       518411   i01r01c01s01  {0,1,48}
[0] MPI startup(): 1       518412   i01r01c01s01  {2,49,50}
[0] MPI startup(): 2       518413   i01r01c01s01  {3,4,51}
[0] MPI startup(): 3       518414   i01r01c01s01  {5,52,53}
[0] MPI startup(): 4       518415   i01r01c01s01  {6,7,54}
[0] MPI startup(): 5       518416   i01r01c01s01  {8,55,56}
[0] MPI startup(): 6       518417   i01r01c01s01  {9,10,57}
[0] MPI startup(): 7       518418   i01r01c01s01  {11,58,59}
[0] MPI startup(): 8       518419   i01r01c01s01  {12,13,60}
[0] MPI startup(): 9       518420   i01r01c01s01  {14,61,62}
[0] MPI startup(): 10      518421   i01r01c01s01  {15,16,63}
[0] MPI startup(): 11      518422   i01r01c01s01  {17,64,65}
[0] MPI startup(): 12      518423   i01r01c01s01  {18,19,66}
[0] MPI startup(): 13      518424   i01r01c01s01  {20,67,68}
[0] MPI startup(): 14      518425   i01r01c01s01  {21,22,69}
[0] MPI startup(): 15      518426   i01r01c01s01  {23,70,71}
[0] MPI startup(): 16      518427   i01r01c01s01  {24,25,72}
[0] MPI startup(): 17      518428   i01r01c01s01  {26,73,74}
[0] MPI startup(): 18      518429   i01r01c01s01  {27,28,75}
[0] MPI startup(): 19      518430   i01r01c01s01  {29,76,77}
[0] MPI startup(): 20      518431   i01r01c01s01  {30,31,78}
[0] MPI startup(): 21      518432   i01r01c01s01  {32,79,80}
[0] MPI startup(): 22      518433   i01r01c01s01  {33,34,81}
[0] MPI startup(): 23      518434   i01r01c01s01  {35,82,83}
[0] MPI startup(): 24      518435   i01r01c01s01  {36,37,84}
[0] MPI startup(): 25      518436   i01r01c01s01  {38,85,86}
[0] MPI startup(): 26      518437   i01r01c01s01  {39,40,87}
[0] MPI startup(): 27      518438   i01r01c01s01  {41,88,89}
[0] MPI startup(): 28      518439   i01r01c01s01  {42,43,90}
[0] MPI startup(): 29      518440   i01r01c01s01  {44,91,92}
[0] MPI startup(): 30      518441   i01r01c01s01  {45,46,93}
[0] MPI startup(): 31      518442   i01r01c01s01  {47,94,95}
[0] MPI startup(): 32      2272997  i01r01c01s02  {0,1,48}
[0] MPI startup(): 33      2272998  i01r01c01s02  {2,49,50}
[0] MPI startup(): 34      2272999  i01r01c01s02  {3,4,51}
[0] MPI startup(): 35      2273000  i01r01c01s02  {5,52,53}
[0] MPI startup(): 36      2273001  i01r01c01s02  {6,7,54}
[0] MPI startup(): 37      2273002  i01r01c01s02  {8,55,56}
[0] MPI startup(): 38      2273003  i01r01c01s02  {9,10,57}
[0] MPI startup(): 39      2273004  i01r01c01s02  {11,58,59}
[0] MPI startup(): 40      2273005  i01r01c01s02  {12,13,60}
[0] MPI startup(): 41      2273006  i01r01c01s02  {14,61,62}
[0] MPI startup(): 42      2273007  i01r01c01s02  {15,16,63}
[0] MPI startup(): 43      2273008  i01r01c01s02  {17,64,65}
[0] MPI startup(): 44      2273009  i01r01c01s02  {18,19,66}
[0] MPI startup(): 45      2273010  i01r01c01s02  {20,67,68}
[0] MPI startup(): 46      2273011  i01r01c01s02  {21,22,69}
[0] MPI startup(): 47      2273012  i01r01c01s02  {23,70,71}
[0] MPI startup(): 48      2273013  i01r01c01s02  {24,25,72}
[0] MPI startup(): 49      2273014  i01r01c01s02  {26,73,74}
[0] MPI startup(): 50      2273015  i01r01c01s02  {27,28,75}
[0] MPI startup(): 51      2273016  i01r01c01s02  {29,76,77}
[0] MPI startup(): 52      2273017  i01r01c01s02  {30,31,78}
[0] MPI startup(): 53      2273018  i01r01c01s02  {32,79,80}
[0] MPI startup(): 54      2273019  i01r01c01s02  {33,34,81}
[0] MPI startup(): 55      2273020  i01r01c01s02  {35,82,83}
[0] MPI startup(): 56      2273021  i01r01c01s02  {36,37,84}
[0] MPI startup(): 57      2273022  i01r01c01s02  {38,85,86}
[0] MPI startup(): 58      2273023  i01r01c01s02  {39,40,87}
[0] MPI startup(): 59      2273024  i01r01c01s02  {41,88,89}
[0] MPI startup(): 60      2273025  i01r01c01s02  {42,43,90}
[0] MPI startup(): 61      2273026  i01r01c01s02  {44,91,92}
[0] MPI startup(): 62      2273027  i01r01c01s02  {45,46,93}
[0] MPI startup(): 63      2273028  i01r01c01s02  {47,94,95}
[0] MPI startup(): 64      1677011  i01r01c02s07  {0,1,48}
[0] MPI startup(): 65      1677012  i01r01c02s07  {2,49,50}
[0] MPI startup(): 66      1677013  i01r01c02s07  {3,4,51}
[0] MPI startup(): 67      1677014  i01r01c02s07  {5,52,53}
[0] MPI startup(): 68      1677015  i01r01c02s07  {6,7,54}
[0] MPI startup(): 69      1677016  i01r01c02s07  {8,55,56}
[0] MPI startup(): 70      1677017  i01r01c02s07  {9,10,57}
[0] MPI startup(): 71      1677018  i01r01c02s07  {11,58,59}
[0] MPI startup(): 72      1677019  i01r01c02s07  {12,13,60}
[0] MPI startup(): 73      1677020  i01r01c02s07  {14,61,62}
[0] MPI startup(): 74      1677021  i01r01c02s07  {15,16,63}
[0] MPI startup(): 75      1677022  i01r01c02s07  {17,64,65}
[0] MPI startup(): 76      1677023  i01r01c02s07  {18,19,66}
[0] MPI startup(): 77      1677024  i01r01c02s07  {20,67,68}
[0] MPI startup(): 78      1677025  i01r01c02s07  {21,22,69}
[0] MPI startup(): 79      1677026  i01r01c02s07  {23,70,71}
[0] MPI startup(): 80      1677027  i01r01c02s07  {24,25,72}
[0] MPI startup(): 81      1677028  i01r01c02s07  {26,73,74}
[0] MPI startup(): 82      1677029  i01r01c02s07  {27,28,75}
[0] MPI startup(): 83      1677030  i01r01c02s07  {29,76,77}
[0] MPI startup(): 84      1677031  i01r01c02s07  {30,31,78}
[0] MPI startup(): 85      1677032  i01r01c02s07  {32,79,80}
[0] MPI startup(): 86      1677033  i01r01c02s07  {33,34,81}
[0] MPI startup(): 87      1677034  i01r01c02s07  {35,82,83}
[0] MPI startup(): 88      1677035  i01r01c02s07  {36,37,84}
[0] MPI startup(): 89      1677036  i01r01c02s07  {38,85,86}
[0] MPI startup(): 90      1677037  i01r01c02s07  {39,40,87}
[0] MPI startup(): 91      1677038  i01r01c02s07  {41,88,89}
[0] MPI startup(): 92      1677039  i01r01c02s07  {42,43,90}
[0] MPI startup(): 93      1677040  i01r01c02s07  {44,91,92}
[0] MPI startup(): 94      1677041  i01r01c02s07  {45,46,93}
[0] MPI startup(): 95      1677042  i01r01c02s07  {47,94,95}

12 processes distributed in X-direction
 8 ; processes distributed in Y-direction
Resolutions       : (20, 120, ... 20)
Iterations        : 20
Num. Heat sources : 2
   1: (0.00, 0.00) 1.00 1.00 
   2: (1.00, 1.00) 1.00 0.50 
rank= 0 coords= 0 0 neighbours(up,down,left,right)= -1 8 -1 1
rank= 1 coords= 0 1 neighbours(up,down,left,right)= -1 9 0 2

Num-X: 8 ; Num-Y: 12 ; Resolution: 20 ; Rank: 1 ; Rank-X: 0 ; Rank-Y: 1 ; Rowstart: 0; Rowend: 3; Rows: 3; Colstart: 3; Colend: 7; Cols: 4;rank= 2 coords= 0 2 neighbours(up,down,left,right)= -1 10 1 3

Num-X: 8 ; Num-Y: 12 ; Resolution: 20 ; Rank: 2 ; Rank-X: 0 ; Rank-Y: 2 ; Rowstart: 0; Rowend: 3; Rows: 3; Colstart: 6; Colend: 10; Cols: 4;rank= 4 coords= 0 4 neighbours(up,down,left,right)= -1 12 3 5

Num-X: 8 ; Num-Y: 12 ; Resolution: 20 ; Rank: 4 ; Rank-X: 0 ; Rank-Y: 4 ; Rowstart: 0; Rowend: 3; Rows: 3; Colstart: 12; Colend: 16; Cols: 4;rank= 8 coords= 1 0 neighbours(up,down,left,right)= 0 16 -1 9

Num-X: 8 ; Num-Y: 12 ; Resolution: 20 ; Rank: 8 ; Rank-X: 1 ; Rank-Y: 0 ; Rowstart: 2; Rowend: 5; Rows: 3; Colstart: 0; Colend: 4; Cols: 4;rank= 28 coords= 3 4 neighbours(up,down,left,right)= 20 36 27 29

Num-X: 8 ; Num-Y: 12 ; Resolution: 20 ; Rank: 28 ; Rank-X: 3 ; Rank-Y: 4 ; Rowstart: 6; Rowend: 9; Rows: 3; Colstart: 12; Colend: 16; Cols: 4;
Num-X: 8 ; Num-Y: 12 ; Resolution: 20 ; Rank: 0 ; Rank-X: 0 ; Rank-Y: 0 ; Rowstart: 0; Rowend: 3; Rows: 3; Colstart: 0; Colend: 4; Cols: 4;rank= 3 coords= 0 3 neighbours(up,down,left,right)= -1 11 2 4

Num-X: 8 ; Num-Y: 12 ; Resolution: 20 ; Rank: 3 ; Rank-X: 0 ; Rank-Y: 3 ; Rowstart: 0; Rowend: 3; Rows: 3; Colstart: 9; Colend: 13; Cols: 4;rank= 5 coords= 0 5 neighbours(up,down,left,right)= -1 13 4 6

Num-X: 8 ; Num-Y: 12 ; Resolution: 20 ; Rank: 5 ; Rank-X: 0 ; Rank-Y: 5 ; Rowstart: 0; Rowend: 3; Rows: 3; Colstart: 15; Colend: 19; Cols: 4;rank= 32 coords= 4 0 neighbours(up,down,left,right)= 24 40 -1 33

Num-X: 8 ; Num-Y: 12 ; Resolution: 20 ; Rank: 32 ; Rank-X: 4 ; Rank-Y: 0 ; Rowstart: 8; Rowend: 11; Rows: 3; Colstart: 0; Colend: 4; Cols: 4;rank= 6 coords= 0 6 neighbours(up,down,left,right)= -1 14 5 7

Num-X: 8 ; Num-Y: 12 ; Resolution: 20 ; Rank: 6 ; Rank-X: 0 ; Rank-Y: 6 ; Rowstart: 0; Rowend: 3; Rows: 3; Colstart: 18; Colend: 21; Cols: 3;rank= 64 coords= 8 0 neighbours(up,down,left,right)= 56 72 -1 65

Num-X: 8 ; Num-Y: 12 ; Resolution: 20 ; Rank: 64 ; Rank-X: 8 ; Rank-Y: 0 ; Rowstart: 16; Rowend: 19; Rows: 3; Colstart: 0; Colend: 4; Cols: 4;rank= 33 coords= 4 1 neighbours(up,down,left,right)= 25 41 32 34

Num-X: 8 ; Num-Y: 12 ; Resolution: 20 ; Rank: 33 ; Rank-X: 4 ; Rank-Y: 1 ; Rowstart: 8; Rowend: 11; Rows: 3; Colstart: 3; Colend: 7; Cols: 4;rank= 7 coords= 0 7 neighbours(up,down,left,right)= -1 15 6 -1

Num-X: 8 ; Num-Y: 12 ; Resolution: 20 ; Rank: 7 ; Rank-X: 0 ; Rank-Y: 7 ; Rowstart: 0; Rowend: 3; Rows: 3; Colstart: 21; Colend: 21; Cols: 0;rank= 65 coords= 8 1 neighbours(up,down,left,right)= 57 73 64 66

Num-X: 8 ; Num-Y: 12 ; Resolution: 20 ; Rank: 65 ; Rank-X: 8 ; Rank-Y: 1 ; Rowstart: 16; Rowend: 19; Rows: 3; Colstart: 3; Colend: 7; Cols: 4;rank= 34 coords= 4 2 neighbours(up,down,left,right)= 26 42 33 35

Num-X: 8 ; Num-Y: 12 ; Resolution: 20 ; Rank: 34 ; Rank-X: 4 ; Rank-Y: 2 ; Rowstart: 8; Rowend: 11; Rows: 3; Colstart: 6; Colend: 10; Cols: 4;rank= 9 coords= 1 1 neighbours(up,down,left,right)= 1 17 8 10

Num-X: 8 ; Num-Y: 12 ; Resolution: 20 ; Rank: 9 ; Rank-X: 1 ; Rank-Y: 1 ; Rowstart: 2; Rowend: 5; Rows: 3; Colstart: 3; Colend: 7; Cols: 4;rank= 66 coords= 8 2 neighbours(up,down,left,right)= 58 74 65 67

Num-X: 8 ; Num-Y: 12 ; Resolution: 20 ; Rank: 66 ; Rank-X: 8 ; Rank-Y: 2 ; Rowstart: 16; Rowend: 19; Rows: 3; Colstart: 6; Colend: 10; Cols: 4;rank= 36 coords= 4 4 neighbours(up,down,left,right)= 28 44 35 37

Num-X: 8 ; Num-Y: 12 ; Resolution: 20 ; Rank: 36 ; Rank-X: 4 ; Rank-Y: 4 ; Rowstart: 8; Rowend: 11; Rows: 3; Colstart: 12; Colend: 16; Cols: 4;rank= 10 coords= 1 2 neighbours(up,down,left,right)= 2 18 9 11

Num-X: 8 ; Num-Y: 12 ; Resolution: 20 ; Rank: 10 ; Rank-X: 1 ; Rank-Y: 2 ; Rowstart: 2; Rowend: 5; Rows: 3; Colstart: 6; Colend: 10; Cols: 4;rank= 67 coords= 8 3 neighbours(up,down,left,right)= 59 75 66 68

Num-X: 8 ; Num-Y: 12 ; Resolution: 20 ; Rank: 67 ; Rank-X: 8 ; Rank-Y: 3 ; Rowstart: 16; Rowend: 19; Rows: 3; Colstart: 9; Colend: 13; Cols: 4;rank= 40 coords= 5 0 neighbours(up,down,left,right)= 32 48 -1 41

Num-X: 8 ; Num-Y: 12 ; Resolution: 20 ; Rank: 40 ; Rank-X: 5 ; Rank-Y: 0 ; Rowstart: 10; Rowend: 13; Rows: 3; Colstart: 0; Colend: 4; Cols: 4;rank= 11 coords= 1 3 neighbours(up,down,left,right)= 3 19 10 12

Num-X: 8 ; Num-Y: 12 ; Resolution: 20 ; Rank: 11 ; Rank-X: 1 ; Rank-Y: 3 ; Rowstart: 2; Rowend: 5; Rows: 3; Colstart: 9; Colend: 13; Cols: 4;rank= 68 coords= 8 4 neighbours(up,down,left,right)= 60 76 67 69

Num-X: 8 ; Num-Y: 12 ; Resolution: 20 ; Rank: 68 ; Rank-X: 8 ; Rank-Y: 4 ; Rowstart: 16; Rowend: 19; Rows: 3; Colstart: 12; Colend: 16; Cols: 4;rank= 12 coords= 1 4 neighbours(up,down,left,right)= 4 20 11 13

Num-X: 8 ; Num-Y: 12 ; Resolution: 20 ; Rank: 12 ; Rank-X: 1 ; Rank-Y: 4 ; Rowstart: 2; Rowend: 5; Rows: 3; Colstart: 12; Colend: 16; Cols: 4;rank= 13 coords= 1 5 neighbours(up,down,left,right)= 5 21 12 14

Num-X: 8 ; Num-Y: 12 ; Resolution: 20 ; Rank: 13 ; Rank-X: 1 ; Rank-Y: 5 ; Rowstart: 2; Rowend: 5; Rows: 3; Colstart: 15; Colend: 19; Cols: 4;rank= 42 coords= 5 2 neighbours(up,down,left,right)= 34 50 41 43

Num-X: 8 ; Num-Y: 12 ; Resolution: 20 ; Rank: 42 ; Rank-X: 5 ; Rank-Y: 2 ; Rowstart: 10; Rowend: 13; Rows: 3; Colstart: 6; Colend: 10; Cols: 4;rank= 14 coords= 1 6 neighbours(up,down,left,right)= 6 22 13 15

Num-X: 8 ; Num-Y: 12 ; Resolution: 20 ; Rank: 14 ; Rank-X: 1 ; Rank-Y: 6 ; Rowstart: 2; Rowend: 5; Rows: 3; Colstart: 18; Colend: 21; Cols: 3;rank= 69 coords= 8 5 neighbours(up,down,left,right)= 61 77 68 70

Num-X: 8 ; Num-Y: 12 ; Resolution: 20 ; Rank: 69 ; Rank-X: 8 ; Rank-Y: 5 ; Rowstart: 16; Rowend: 19; Rows: 3; Colstart: 15; Colend: 19; Cols: 4;rank= 44 coords= 5 4 neighbours(up,down,left,right)= 36 52 43 45

Num-X: 8 ; Num-Y: 12 ; Resolution: 20 ; Rank: 44 ; Rank-X: 5 ; Rank-Y: 4 ; Rowstart: 10; Rowend: 13; Rows: 3; Colstart: 12; Colend: 16; Cols: 4;rank= 15 coords= 1 7 neighbours(up,down,left,right)= 7 23 14 -1

Num-X: 8 ; Num-Y: 12 ; Resolution: 20 ; Rank: 15 ; Rank-X: 1 ; Rank-Y: 7 ; Rowstart: 2; Rowend: 5; Rows: 3; Colstart: 21; Colend: 21; Cols: 0;rank= 70 coords= 8 6 neighbours(up,down,left,right)= 62 78 69 71

Num-X: 8 ; Num-Y: 12 ; Resolution: 20 ; Rank: 70 ; Rank-X: 8 ; Rank-Y: 6 ; Rowstart: 16; Rowend: 19; Rows: 3; Colstart: 18; Colend: 21; Cols: 3;rank= 45 coords= 5 5 neighbours(up,down,left,right)= 37 53 44 46

Num-X: 8 ; Num-Y: 12 ; Resolution: 20 ; Rank: 45 ; Rank-X: 5 ; Rank-Y: 5 ; Rowstart: 10; Rowend: 13; Rows: 3; Colstart: 15; Colend: 19; Cols: 4;rank= 16 coords= 2 0 neighbours(up,down,left,right)= 8 24 -1 17

Num-X: 8 ; Num-Y: 12 ; Resolution: 20 ; Rank: 16 ; Rank-X: 2 ; Rank-Y: 0 ; Rowstart: 4; Rowend: 7; Rows: 3; Colstart: 0; Colend: 4; Cols: 4;rank= 71 coords= 8 7 neighbours(up,down,left,right)= 63 79 70 -1

Num-X: 8 ; Num-Y: 12 ; Resolution: 20 ; Rank: 71 ; Rank-X: 8 ; Rank-Y: 7 ; Rowstart: 16; Rowend: 19; Rows: 3; Colstart: 21; Colend: 21; Cols: 0;rank= 46 coords= 5 6 neighbours(up,down,left,right)= 38 54 45 47

Num-X: 8 ; Num-Y: 12 ; Resolution: 20 ; Rank: 46 ; Rank-X: 5 ; Rank-Y: 6 ; Rowstart: 10; Rowend: 13; Rows: 3; Colstart: 18; Colend: 21; Cols: 3;rank= 17 coords= 2 1 neighbours(up,down,left,right)= 9 25 16 18

Num-X: 8 ; Num-Y: 12 ; Resolution: 20 ; Rank: 17 ; Rank-X: 2 ; Rank-Y: 1 ; Rowstart: 4; Rowend: 7; Rows: 3; Colstart: 3; Colend: 7; Cols: 4;rank= 72 coords= 9 0 neighbours(up,down,left,right)= 64 80 -1 73

Num-X: 8 ; Num-Y: 12 ; Resolution: 20 ; Rank: 72 ; Rank-X: 9 ; Rank-Y: 0 ; Rowstart: 18; Rowend: 21; Rows: 3; Colstart: 0; Colend: 4; Cols: 4;rank= 47 coords= 5 7 neighbours(up,down,left,right)= 39 55 46 -1

Num-X: 8 ; Num-Y: 12 ; Resolution: 20 ; Rank: 47 ; Rank-X: 5 ; Rank-Y: 7 ; Rowstart: 10; Rowend: 13; Rows: 3; Colstart: 21; Colend: 21; Cols: 0;rank= 18 coords= 2 2 neighbours(up,down,left,right)= 10 26 17 19

Num-X: 8 ; Num-Y: 12 ; Resolution: 20 ; Rank: 18 ; Rank-X: 2 ; Rank-Y: 2 ; Rowstart: 4; Rowend: 7; Rows: 3; Colstart: 6; Colend: 10; Cols: 4;rank= 73 coords= 9 1 neighbours(up,down,left,right)= 65 81 72 74

Num-X: 8 ; Num-Y: 12 ; Resolution: 20 ; Rank: 73 ; Rank-X: 9 ; Rank-Y: 1 ; Rowstart: 18; Rowend: 21; Rows: 3; Colstart: 3; Colend: 7; Cols: 4;rank= 48 coords= 6 0 neighbours(up,down,left,right)= 40 56 -1 49

Num-X: 8 ; Num-Y: 12 ; Resolution: 20 ; Rank: 48 ; Rank-X: 6 ; Rank-Y: 0 ; Rowstart: 12; Rowend: 15; Rows: 3; Colstart: 0; Colend: 4; Cols: 4;rank= 19 coords= 2 3 neighbours(up,down,left,right)= 11 27 18 20

Num-X: 8 ; Num-Y: 12 ; Resolution: 20 ; Rank: 19 ; Rank-X: 2 ; Rank-Y: 3 ; Rowstart: 4; Rowend: 7; Rows: 3; Colstart: 9; Colend: 13; Cols: 4;rank= 74 coords= 9 2 neighbours(up,down,left,right)= 66 82 73 75

Num-X: 8 ; Num-Y: 12 ; Resolution: 20 ; Rank: 74 ; Rank-X: 9 ; Rank-Y: 2 ; Rowstart: 18; Rowend: 21; Rows: 3; Colstart: 6; Colend: 10; Cols: 4;rank= 49 coords= 6 1 neighbours(up,down,left,right)= 41 57 48 50

Num-X: 8 ; Num-Y: 12 ; Resolution: 20 ; Rank: 49 ; Rank-X: 6 ; Rank-Y: 1 ; Rowstart: 12; Rowend: 15; Rows: 3; Colstart: 3; Colend: 7; Cols: 4;rank= 20 coords= 2 4 neighbours(up,down,left,right)= 12 28 19 21

Num-X: 8 ; Num-Y: 12 ; Resolution: 20 ; Rank: 20 ; Rank-X: 2 ; Rank-Y: 4 ; Rowstart: 4; Rowend: 7; Rows: 3; Colstart: 12; Colend: 16; Cols: 4;rank= 75 coords= 9 3 neighbours(up,down,left,right)= 67 83 74 76

Num-X: 8 ; Num-Y: 12 ; Resolution: 20 ; Rank: 75 ; Rank-X: 9 ; Rank-Y: 3 ; Rowstart: 18; Rowend: 21; Rows: 3; Colstart: 9; Colend: 13; Cols: 4;rank= 52 coords= 6 4 neighbours(up,down,left,right)= 44 60 51 53

Num-X: 8 ; Num-Y: 12 ; Resolution: 20 ; Rank: 52 ; Rank-X: 6 ; Rank-Y: 4 ; Rowstart: 12; Rowend: 15; Rows: 3; Colstart: 12; Colend: 16; Cols: 4;rank= 21 coords= 2 5 neighbours(up,down,left,right)= 13 29 20 22

Num-X: 8 ; Num-Y: 12 ; Resolution: 20 ; Rank: 21 ; Rank-X: 2 ; Rank-Y: 5 ; Rowstart: 4; Rowend: 7; Rows: 3; Colstart: 15; Colend: 19; Cols: 4;rank= 76 coords= 9 4 neighbours(up,down,left,right)= 68 84 75 77

Num-X: 8 ; Num-Y: 12 ; Resolution: 20 ; Rank: 76 ; Rank-X: 9 ; Rank-Y: 4 ; Rowstart: 18; Rowend: 21; Rows: 3; Colstart: 12; Colend: 16; Cols: 4;rank= 54 coords= 6 6 neighbours(up,down,left,right)= 46 62 53 55

Num-X: 8 ; Num-Y: 12 ; Resolution: 20 ; Rank: 54 ; Rank-X: 6 ; Rank-Y: 6 ; Rowstart: 12; Rowend: 15; Rows: 3; Colstart: 18; Colend: 21; Cols: 3;rank= 22 coords= 2 6 neighbours(up,down,left,right)= 14 30 21 23

Num-X: 8 ; Num-Y: 12 ; Resolution: 20 ; Rank: 22 ; Rank-X: 2 ; Rank-Y: 6 ; Rowstart: 4; Rowend: 7; Rows: 3; Colstart: 18; Colend: 21; Cols: 3;rank= 77 coords= 9 5 neighbours(up,down,left,right)= 69 85 76 78

Num-X: 8 ; Num-Y: 12 ; Resolution: 20 ; Rank: 77 ; Rank-X: 9 ; Rank-Y: 5 ; Rowstart: 18; Rowend: 21; Rows: 3; Colstart: 15; Colend: 19; Cols: 4;rank= 56 coords= 7 0 neighbours(up,down,left,right)= 48 64 -1 57

Num-X: 8 ; Num-Y: 12 ; Resolution: 20 ; Rank: 56 ; Rank-X: 7 ; Rank-Y: 0 ; Rowstart: 14; Rowend: 17; Rows: 3; Colstart: 0; Colend: 4; Cols: 4;rank= 23 coords= 2 7 neighbours(up,down,left,right)= 15 31 22 -1

Num-X: 8 ; Num-Y: 12 ; Resolution: 20 ; Rank: 23 ; Rank-X: 2 ; Rank-Y: 7 ; Rowstart: 4; Rowend: 7; Rows: 3; Colstart: 21; Colend: 21; Cols: 0;rank= 78 coords= 9 6 neighbours(up,down,left,right)= 70 86 77 79

Num-X: 8 ; Num-Y: 12 ; Resolution: 20 ; Rank: 78 ; Rank-X: 9 ; Rank-Y: 6 ; Rowstart: 18; Rowend: 21; Rows: 3; Colstart: 18; Colend: 21; Cols: 3;rank= 57 coords= 7 1 neighbours(up,down,left,right)= 49 65 56 58

Num-X: 8 ; Num-Y: 12 ; Resolution: 20 ; Rank: 57 ; Rank-X: 7 ; Rank-Y: 1 ; Rowstart: 14; Rowend: 17; Rows: 3; Colstart: 3; Colend: 7; Cols: 4;rank= 24 coords= 3 0 neighbours(up,down,left,right)= 16 32 -1 25

Num-X: 8 ; Num-Y: 12 ; Resolution: 20 ; Rank: 24 ; Rank-X: 3 ; Rank-Y: 0 ; Rowstart: 6; Rowend: 9; Rows: 3; Colstart: 0; Colend: 4; Cols: 4;rank= 79 coords= 9 7 neighbours(up,down,left,right)= 71 87 78 -1

Num-X: 8 ; Num-Y: 12 ; Resolution: 20 ; Rank: 79 ; Rank-X: 9 ; Rank-Y: 7 ; Rowstart: 18; Rowend: 21; Rows: 3; Colstart: 21; Colend: 21; Cols: 0;rank= 58 coords= 7 2 neighbours(up,down,left,right)= 50 66 57 59

Num-X: 8 ; Num-Y: 12 ; Resolution: 20 ; Rank: 58 ; Rank-X: 7 ; Rank-Y: 2 ; Rowstart: 14; Rowend: 17; Rows: 3; Colstart: 6; Colend: 10; Cols: 4;rank= 25 coords= 3 1 neighbours(up,down,left,right)= 17 33 24 26

Num-X: 8 ; Num-Y: 12 ; Resolution: 20 ; Rank: 25 ; Rank-X: 3 ; Rank-Y: 1 ; Rowstart: 6; Rowend: 9; Rows: 3; Colstart: 3; Colend: 7; Cols: 4;rank= 80 coords= 10 0 neighbours(up,down,left,right)= 72 88 -1 81

Num-X: 8 ; Num-Y: 12 ; Resolution: 20 ; Rank: 80 ; Rank-X: 10 ; Rank-Y: 0 ; Rowstart: 20; Rowend: 21; Rows: 1; Colstart: 0; Colend: 4; Cols: 4;rank= 59 coords= 7 3 neighbours(up,down,left,right)= 51 67 58 60

Num-X: 8 ; Num-Y: 12 ; Resolution: 20 ; Rank: 59 ; Rank-X: 7 ; Rank-Y: 3 ; Rowstart: 14; Rowend: 17; Rows: 3; Colstart: 9; Colend: 13; Cols: 4;rank= 26 coords= 3 2 neighbours(up,down,left,right)= 18 34 25 27

Num-X: 8 ; Num-Y: 12 ; Resolution: 20 ; Rank: 26 ; Rank-X: 3 ; Rank-Y: 2 ; Rowstart: 6; Rowend: 9; Rows: 3; Colstart: 6; Colend: 10; Cols: 4;rank= 81 coords= 10 1 neighbours(up,down,left,right)= 73 89 80 82

Num-X: 8 ; Num-Y: 12 ; Resolution: 20 ; Rank: 81 ; Rank-X: 10 ; Rank-Y: 1 ; Rowstart: 20; Rowend: 21; Rows: 1; Colstart: 3; Colend: 7; Cols: 4;rank= 60 coords= 7 4 neighbours(up,down,left,right)= 52 68 59 61

Num-X: 8 ; Num-Y: 12 ; Resolution: 20 ; Rank: 60 ; Rank-X: 7 ; Rank-Y: 4 ; Rowstart: 14; Rowend: 17; Rows: 3; Colstart: 12; Colend: 16; Cols: 4;rank= 27 coords= 3 3 neighbours(up,down,left,right)= 19 35 26 28

Num-X: 8 ; Num-Y: 12 ; Resolution: 20 ; Rank: 27 ; Rank-X: 3 ; Rank-Y: 3 ; Rowstart: 6; Rowend: 9; Rows: 3; Colstart: 9; Colend: 13; Cols: 4;rank= 82 coords= 10 2 neighbours(up,down,left,right)= 74 90 81 83

Num-X: 8 ; Num-Y: 12 ; Resolution: 20 ; Rank: 82 ; Rank-X: 10 ; Rank-Y: 2 ; Rowstart: 20; Rowend: 21; Rows: 1; Colstart: 6; Colend: 10; Cols: 4;rank= 61 coords= 7 5 neighbours(up,down,left,right)= 53 69 60 62

Num-X: 8 ; Num-Y: 12 ; Resolution: 20 ; Rank: 61 ; Rank-X: 7 ; Rank-Y: 5 ; Rowstart: 14; Rowend: 17; Rows: 3; Colstart: 15; Colend: 19; Cols: 4;rank= 29 coords= 3 5 neighbours(up,down,left,right)= 21 37 28 30

Num-X: 8 ; Num-Y: 12 ; Resolution: 20 ; Rank: 29 ; Rank-X: 3 ; Rank-Y: 5 ; Rowstart: 6; Rowend: 9; Rows: 3; Colstart: 15; Colend: 19; Cols: 4;rank= 83 coords= 10 3 neighbours(up,down,left,right)= 75 91 82 84

Num-X: 8 ; Num-Y: 12 ; Resolution: 20 ; Rank: 83 ; Rank-X: 10 ; Rank-Y: 3 ; Rowstart: 20; Rowend: 21; Rows: 1; Colstart: 9; Colend: 13; Cols: 4;rank= 35 coords= 4 3 neighbours(up,down,left,right)= 27 43 34 36

Num-X: 8 ; Num-Y: 12 ; Resolution: 20 ; Rank: 35 ; Rank-X: 4 ; Rank-Y: 3 ; Rowstart: 8; Rowend: 11; Rows: 3; Colstart: 9; Colend: 13; Cols: 4;rank= 30 coords= 3 6 neighbours(up,down,left,right)= 22 38 29 31

Num-X: 8 ; Num-Y: 12 ; Resolution: 20 ; Rank: 30 ; Rank-X: 3 ; Rank-Y: 6 ; Rowstart: 6; Rowend: 9; Rows: 3; Colstart: 18; Colend: 21; Cols: 3;rank= 84 coords= 10 4 neighbours(up,down,left,right)= 76 92 83 85

Num-X: 8 ; Num-Y: 12 ; Resolution: 20 ; Rank: 84 ; Rank-X: 10 ; Rank-Y: 4 ; Rowstart: 20; Rowend: 21; Rows: 1; Colstart: 12; Colend: 16; Cols: 4;rank= 37 coords= 4 5 neighbours(up,down,left,right)= 29 45 36 38

Num-X: 8 ; Num-Y: 12 ; Resolution: 20 ; Rank: 37 ; Rank-X: 4 ; Rank-Y: 5 ; Rowstart: 8; Rowend: 11; Rows: 3; Colstart: 15; Colend: 19; Cols: 4;rank= 31 coords= 3 7 neighbours(up,down,left,right)= 23 39 30 -1

Num-X: 8 ; Num-Y: 12 ; Resolution: 20 ; Rank: 31 ; Rank-X: 3 ; Rank-Y: 7 ; Rowstart: 6; Rowend: 9; Rows: 3; Colstart: 21; Colend: 21; Cols: 0;rank= 85 coords= 10 5 neighbours(up,down,left,right)= 77 93 84 86

Num-X: 8 ; Num-Y: 12 ; Resolution: 20 ; Rank: 85 ; Rank-X: 10 ; Rank-Y: 5 ; Rowstart: 20; Rowend: 21; Rows: 1; Colstart: 15; Colend: 19; Cols: 4;rank= 38 coords= 4 6 neighbours(up,down,left,right)= 30 46 37 39

Num-X: 8 ; Num-Y: 12 ; Resolution: 20 ; Rank: 38 ; Rank-X: 4 ; Rank-Y: 6 ; Rowstart: 8; Rowend: 11; Rows: 3; Colstart: 18; Colend: 21; Cols: 3;rank= 86 coords= 10 6 neighbours(up,down,left,right)= 78 94 85 87

Num-X: 8 ; Num-Y: 12 ; Resolution: 20 ; Rank: 86 ; Rank-X: 10 ; Rank-Y: 6 ; Rowstart: 20; Rowend: 21; Rows: 1; Colstart: 18; Colend: 21; Cols: 3;rank= 39 coords= 4 7 neighbours(up,down,left,right)= 31 47 38 -1

Num-X: 8 ; Num-Y: 12 ; Resolution: 20 ; Rank: 39 ; Rank-X: 4 ; Rank-Y: 7 ; Rowstart: 8; Rowend: 11; Rows: 3; Colstart: 21; Colend: 21; Cols: 0;rank= 87 coords= 10 7 neighbours(up,down,left,right)= 79 95 86 -1

Num-X: 8 ; Num-Y: 12 ; Resolution: 20 ; Rank: 87 ; Rank-X: 10 ; Rank-Y: 7 ; Rowstart: 20; Rowend: 21; Rows: 1; Colstart: 21; Colend: 21; Cols: 0;rank= 41 coords= 5 1 neighbours(up,down,left,right)= 33 49 40 42

Num-X: 8 ; Num-Y: 12 ; Resolution: 20 ; Rank: 41 ; Rank-X: 5 ; Rank-Y: 1 ; Rowstart: 10; Rowend: 13; Rows: 3; Colstart: 3; Colend: 7; Cols: 4;rank= 88 coords= 11 0 neighbours(up,down,left,right)= 80 -1 -1 89

Num-X: 8 ; Num-Y: 12 ; Resolution: 20 ; Rank: 88 ; Rank-X: 11 ; Rank-Y: 0 ; Rowstart: 22; Rowend: 21; Rows: -1; Colstart: 0; Colend: 4; Cols: 4;rank= 43 coords= 5 3 neighbours(up,down,left,right)= 35 51 42 44

Num-X: 8 ; Num-Y: 12 ; Resolution: 20 ; Rank: 43 ; Rank-X: 5 ; Rank-Y: 3 ; Rowstart: 10; Rowend: 13; Rows: 3; Colstart: 9; Colend: 13; Cols: 4;rank= 89 coords= 11 1 neighbours(up,down,left,right)= 81 -1 88 90

Num-X: 8 ; Num-Y: 12 ; Resolution: 20 ; Rank: 89 ; Rank-X: 11 ; Rank-Y: 1 ; Rowstart: 22; Rowend: 21; Rows: -1; Colstart: 3; Colend: 7; Cols: 4;rank= 50 coords= 6 2 neighbours(up,down,left,right)= 42 58 49 51

Num-X: 8 ; Num-Y: 12 ; Resolution: 20 ; Rank: 50 ; Rank-X: 6 ; Rank-Y: 2 ; Rowstart: 12; Rowend: 15; Rows: 3; Colstart: 6; Colend: 10; Cols: 4;rank= 90 coords= 11 2 neighbours(up,down,left,right)= 82 -1 89 91

Num-X: 8 ; Num-Y: 12 ; Resolution: 20 ; Rank: 90 ; Rank-X: 11 ; Rank-Y: 2 ; Rowstart: 22; Rowend: 21; Rows: -1; Colstart: 6; Colend: 10; Cols: 4;rank= 51 coords= 6 3 neighbours(up,down,left,right)= 43 59 50 52

Num-X: 8 ; Num-Y: 12 ; Resolution: 20 ; Rank: 51 ; Rank-X: 6 ; Rank-Y: 3 ; Rowstart: 12; Rowend: 15; Rows: 3; Colstart: 9; Colend: 13; Cols: 4;rank= 91 coords= 11 3 neighbours(up,down,left,right)= 83 -1 90 92

Num-X: 8 ; Num-Y: 12 ; Resolution: 20 ; Rank: 91 ; Rank-X: 11 ; Rank-Y: 3 ; Rowstart: 22; Rowend: 21; Rows: -1; Colstart: 9; Colend: 13; Cols: 4;rank= 53 coords= 6 5 neighbours(up,down,left,right)= 45 61 52 54

Num-X: 8 ; Num-Y: 12 ; Resolution: 20 ; Rank: 53 ; Rank-X: 6 ; Rank-Y: 5 ; Rowstart: 12; Rowend: 15; Rows: 3; Colstart: 15; Colend: 19; Cols: 4;rank= 92 coords= 11 4 neighbours(up,down,left,right)= 84 -1 91 93

Num-X: 8 ; Num-Y: 12 ; Resolution: 20 ; Rank: 92 ; Rank-X: 11 ; Rank-Y: 4 ; Rowstart: 22; Rowend: 21; Rows: -1; Colstart: 12; Colend: 16; Cols: 4;rank= 55 coords= 6 7 neighbours(up,down,left,right)= 47 63 54 -1

Num-X: 8 ; Num-Y: 12 ; Resolution: 20 ; Rank: 55 ; Rank-X: 6 ; Rank-Y: 7 ; Rowstart: 12; Rowend: 15; Rows: 3; Colstart: 21; Colend: 21; Cols: 0;rank= 93 coords= 11 5 neighbours(up,down,left,right)= 85 -1 92 94

Num-X: 8 ; Num-Y: 12 ; Resolution: 20 ; Rank: 93 ; Rank-X: 11 ; Rank-Y: 5 ; Rowstart: 22; Rowend: 21; Rows: -1; Colstart: 15; Colend: 19; Cols: 4;rank= 62 coords= 7 6 neighbours(up,down,left,right)= 54 70 61 63

Num-X: 8 ; Num-Y: 12 ; Resolution: 20 ; Rank: 62 ; Rank-X: 7 ; Rank-Y: 6 ; Rowstart: 14; Rowend: 17; Rows: 3; Colstart: 18; Colend: 21; Cols: 3;rank= 94 coords= 11 6 neighbours(up,down,left,right)= 86 -1 93 95

Num-X: 8 ; Num-Y: 12 ; Resolution: 20 ; Rank: 94 ; Rank-X: 11 ; Rank-Y: 6 ; Rowstart: 22; Rowend: 21; Rows: -1; Colstart: 18; Colend: 21; Cols: 3;rank= 63 coords= 7 7 neighbours(up,down,left,right)= 55 71 62 -1

Num-X: 8 ; Num-Y: 12 ; Resolution: 20 ; Rank: 63 ; Rank-X: 7 ; Rank-Y: 7 ; Rowstart: 14; Rowend: 17; Rows: 3; Colstart: 21; Colend: 21; Cols: 0;rank= 95 coords= 11 7 neighbours(up,down,left,right)= 87 -1 94 -1

Num-X: 8 ; Num-Y: 12 ; Resolution: 20 ; Rank: 95 ; Rank-X: 11 ; Rank-Y: 7 ; Rowstart: 22; Rowend: 21; Rows: -1; Colstart: 21; Colend: 21; Cols: 0;
===================================================================================
=   BAD TERMINATION OF ONE OF YOUR APPLICATION PROCESSES
=   RANK 64 PID 1677011 RUNNING AT i01r01c02s07
=   KILLED BY SIGNAL: 9 (Killed)
===================================================================================

===================================================================================
=   BAD TERMINATION OF ONE OF YOUR APPLICATION PROCESSES
=   RANK 65 PID 1677012 RUNNING AT i01r01c02s07
=   KILLED BY SIGNAL: 9 (Killed)
===================================================================================

===================================================================================
=   BAD TERMINATION OF ONE OF YOUR APPLICATION PROCESSES
=   RANK 66 PID 1677013 RUNNING AT i01r01c02s07
=   KILLED BY SIGNAL: 9 (Killed)
===================================================================================

===================================================================================
=   BAD TERMINATION OF ONE OF YOUR APPLICATION PROCESSES
=   RANK 67 PID 1677014 RUNNING AT i01r01c02s07
=   KILLED BY SIGNAL: 9 (Killed)
===================================================================================

===================================================================================
=   BAD TERMINATION OF ONE OF YOUR APPLICATION PROCESSES
=   RANK 68 PID 1677015 RUNNING AT i01r01c02s07
=   KILLED BY SIGNAL: 9 (Killed)
===================================================================================

===================================================================================
=   BAD TERMINATION OF ONE OF YOUR APPLICATION PROCESSES
=   RANK 69 PID 1677016 RUNNING AT i01r01c02s07
=   KILLED BY SIGNAL: 9 (Killed)
===================================================================================

===================================================================================
=   BAD TERMINATION OF ONE OF YOUR APPLICATION PROCESSES
=   RANK 70 PID 1677017 RUNNING AT i01r01c02s07
=   KILLED BY SIGNAL: 9 (Killed)
===================================================================================

===================================================================================
=   BAD TERMINATION OF ONE OF YOUR APPLICATION PROCESSES
=   RANK 71 PID 1677018 RUNNING AT i01r01c02s07
=   KILLED BY SIGNAL: 9 (Killed)
===================================================================================

===================================================================================
=   BAD TERMINATION OF ONE OF YOUR APPLICATION PROCESSES
=   RANK 72 PID 1677019 RUNNING AT i01r01c02s07
=   KILLED BY SIGNAL: 9 (Killed)
===================================================================================

===================================================================================
=   BAD TERMINATION OF ONE OF YOUR APPLICATION PROCESSES
=   RANK 73 PID 1677020 RUNNING AT i01r01c02s07
=   KILLED BY SIGNAL: 9 (Killed)
===================================================================================

===================================================================================
=   BAD TERMINATION OF ONE OF YOUR APPLICATION PROCESSES
=   RANK 74 PID 1677021 RUNNING AT i01r01c02s07
=   KILLED BY SIGNAL: 9 (Killed)
===================================================================================

===================================================================================
=   BAD TERMINATION OF ONE OF YOUR APPLICATION PROCESSES
=   RANK 75 PID 1677022 RUNNING AT i01r01c02s07
=   KILLED BY SIGNAL: 9 (Killed)
===================================================================================

===================================================================================
=   BAD TERMINATION OF ONE OF YOUR APPLICATION PROCESSES
=   RANK 76 PID 1677023 RUNNING AT i01r01c02s07
=   KILLED BY SIGNAL: 9 (Killed)
===================================================================================

===================================================================================
=   BAD TERMINATION OF ONE OF YOUR APPLICATION PROCESSES
=   RANK 77 PID 1677024 RUNNING AT i01r01c02s07
=   KILLED BY SIGNAL: 9 (Killed)
===================================================================================

===================================================================================
=   BAD TERMINATION OF ONE OF YOUR APPLICATION PROCESSES
=   RANK 78 PID 1677025 RUNNING AT i01r01c02s07
=   KILLED BY SIGNAL: 9 (Killed)
===================================================================================

===================================================================================
=   BAD TERMINATION OF ONE OF YOUR APPLICATION PROCESSES
=   RANK 79 PID 1677026 RUNNING AT i01r01c02s07
=   KILLED BY SIGNAL: 9 (Killed)
===================================================================================

===================================================================================
=   BAD TERMINATION OF ONE OF YOUR APPLICATION PROCESSES
=   RANK 80 PID 1677027 RUNNING AT i01r01c02s07
=   KILLED BY SIGNAL: 9 (Killed)
===================================================================================

===================================================================================
=   BAD TERMINATION OF ONE OF YOUR APPLICATION PROCESSES
=   RANK 81 PID 1677028 RUNNING AT i01r01c02s07
=   KILLED BY SIGNAL: 9 (Killed)
===================================================================================

===================================================================================
=   BAD TERMINATION OF ONE OF YOUR APPLICATION PROCESSES
=   RANK 82 PID 1677029 RUNNING AT i01r01c02s07
=   KILLED BY SIGNAL: 9 (Killed)
===================================================================================

===================================================================================
=   BAD TERMINATION OF ONE OF YOUR APPLICATION PROCESSES
=   RANK 83 PID 1677030 RUNNING AT i01r01c02s07
=   KILLED BY SIGNAL: 9 (Killed)
===================================================================================

===================================================================================
=   BAD TERMINATION OF ONE OF YOUR APPLICATION PROCESSES
=   RANK 84 PID 1677031 RUNNING AT i01r01c02s07
=   KILLED BY SIGNAL: 9 (Killed)
===================================================================================

===================================================================================
=   BAD TERMINATION OF ONE OF YOUR APPLICATION PROCESSES
=   RANK 85 PID 1677032 RUNNING AT i01r01c02s07
=   KILLED BY SIGNAL: 9 (Killed)
===================================================================================

===================================================================================
=   BAD TERMINATION OF ONE OF YOUR APPLICATION PROCESSES
=   RANK 86 PID 1677033 RUNNING AT i01r01c02s07
=   KILLED BY SIGNAL: 9 (Killed)
===================================================================================

===================================================================================
=   BAD TERMINATION OF ONE OF YOUR APPLICATION PROCESSES
=   RANK 87 PID 1677034 RUNNING AT i01r01c02s07
=   KILLED BY SIGNAL: 9 (Killed)
===================================================================================

===================================================================================
=   BAD TERMINATION OF ONE OF YOUR APPLICATION PROCESSES
=   RANK 88 PID 1677035 RUNNING AT i01r01c02s07
=   KILLED BY SIGNAL: 11 (Segmentation fault)
===================================================================================

===================================================================================
=   BAD TERMINATION OF ONE OF YOUR APPLICATION PROCESSES
=   RANK 89 PID 1677036 RUNNING AT i01r01c02s07
=   KILLED BY SIGNAL: 11 (Segmentation fault)
===================================================================================

===================================================================================
=   BAD TERMINATION OF ONE OF YOUR APPLICATION PROCESSES
=   RANK 90 PID 1677037 RUNNING AT i01r01c02s07
=   KILLED BY SIGNAL: 11 (Segmentation fault)
===================================================================================

===================================================================================
=   BAD TERMINATION OF ONE OF YOUR APPLICATION PROCESSES
=   RANK 91 PID 1677038 RUNNING AT i01r01c02s07
=   KILLED BY SIGNAL: 11 (Segmentation fault)
===================================================================================

===================================================================================
=   BAD TERMINATION OF ONE OF YOUR APPLICATION PROCESSES
=   RANK 92 PID 1677039 RUNNING AT i01r01c02s07
=   KILLED BY SIGNAL: 11 (Segmentation fault)
===================================================================================

===================================================================================
=   BAD TERMINATION OF ONE OF YOUR APPLICATION PROCESSES
=   RANK 93 PID 1677040 RUNNING AT i01r01c02s07
=   KILLED BY SIGNAL: 11 (Segmentation fault)
===================================================================================

===================================================================================
=   BAD TERMINATION OF ONE OF YOUR APPLICATION PROCESSES
=   RANK 94 PID 1677041 RUNNING AT i01r01c02s07
=   KILLED BY SIGNAL: 11 (Segmentation fault)
===================================================================================

===================================================================================
=   BAD TERMINATION OF ONE OF YOUR APPLICATION PROCESSES
=   RANK 95 PID 1677042 RUNNING AT i01r01c02s07
=   KILLED BY SIGNAL: 9 (Killed)
===================================================================================
