mpiexec -genv I_MPI_DEBUG=4 -n 96
[0] MPI startup(): Intel(R) MPI Library, Version 2019 Update 8  Build 20200624 (id: 4f16ad915)
[0] MPI startup(): Copyright (C) 2003-2020 Intel Corporation.  All rights reserved.
[0] MPI startup(): library kind: release
[0] MPI startup(): libfabric version: 1.10.1-impi
[0] MPI startup(): libfabric provider: psm2
[0] MPI startup(): Rank    Pid      Node name     Pin cpu
[0] MPI startup(): 0       1677811  i01r01c02s07  {0,48}
[0] MPI startup(): 1       1677812  i01r01c02s07  {1,49}
[0] MPI startup(): 2       1677813  i01r01c02s07  {2,50}
[0] MPI startup(): 3       1677814  i01r01c02s07  {3,51}
[0] MPI startup(): 4       1677815  i01r01c02s07  {4,52}
[0] MPI startup(): 5       1677816  i01r01c02s07  {5,53}
[0] MPI startup(): 6       1677817  i01r01c02s07  {6,54}
[0] MPI startup(): 7       1677818  i01r01c02s07  {7,55}
[0] MPI startup(): 8       1677819  i01r01c02s07  {8,56}
[0] MPI startup(): 9       1677820  i01r01c02s07  {9,57}
[0] MPI startup(): 10      1677821  i01r01c02s07  {10,58}
[0] MPI startup(): 11      1677822  i01r01c02s07  {11,59}
[0] MPI startup(): 12      1677823  i01r01c02s07  {12,60}
[0] MPI startup(): 13      1677824  i01r01c02s07  {13,61}
[0] MPI startup(): 14      1677825  i01r01c02s07  {14,62}
[0] MPI startup(): 15      1677826  i01r01c02s07  {15,63}
[0] MPI startup(): 16      1677827  i01r01c02s07  {16,64}
[0] MPI startup(): 17      1677828  i01r01c02s07  {17,65}
[0] MPI startup(): 18      1677829  i01r01c02s07  {18,66}
[0] MPI startup(): 19      1677830  i01r01c02s07  {19,67}
[0] MPI startup(): 20      1677831  i01r01c02s07  {20,68}
[0] MPI startup(): 21      1677832  i01r01c02s07  {21,69}
[0] MPI startup(): 22      1677833  i01r01c02s07  {22,70}
[0] MPI startup(): 23      1677834  i01r01c02s07  {23,71}
[0] MPI startup(): 24      1677835  i01r01c02s07  {24,72}
[0] MPI startup(): 25      1677836  i01r01c02s07  {25,73}
[0] MPI startup(): 26      1677837  i01r01c02s07  {26,74}
[0] MPI startup(): 27      1677838  i01r01c02s07  {27,75}
[0] MPI startup(): 28      1677839  i01r01c02s07  {28,76}
[0] MPI startup(): 29      1677840  i01r01c02s07  {29,77}
[0] MPI startup(): 30      1677841  i01r01c02s07  {30,78}
[0] MPI startup(): 31      1677842  i01r01c02s07  {31,79}
[0] MPI startup(): 32      1677843  i01r01c02s07  {32,80}
[0] MPI startup(): 33      1677844  i01r01c02s07  {33,81}
[0] MPI startup(): 34      1677845  i01r01c02s07  {34,82}
[0] MPI startup(): 35      1677846  i01r01c02s07  {35,83}
[0] MPI startup(): 36      1677847  i01r01c02s07  {36,84}
[0] MPI startup(): 37      1677848  i01r01c02s07  {37,85}
[0] MPI startup(): 38      1677849  i01r01c02s07  {38,86}
[0] MPI startup(): 39      1677850  i01r01c02s07  {39,87}
[0] MPI startup(): 40      1677851  i01r01c02s07  {40,88}
[0] MPI startup(): 41      1677852  i01r01c02s07  {41,89}
[0] MPI startup(): 42      1677853  i01r01c02s07  {42,90}
[0] MPI startup(): 43      1677854  i01r01c02s07  {43,91}
[0] MPI startup(): 44      1677855  i01r01c02s07  {44,92}
[0] MPI startup(): 45      1677856  i01r01c02s07  {45,93}
[0] MPI startup(): 46      1677857  i01r01c02s07  {46,94}
[0] MPI startup(): 47      1677858  i01r01c02s07  {47,95}
[0] MPI startup(): 48      2825904  i01r01c02s08  {0,48}
[0] MPI startup(): 49      2825905  i01r01c02s08  {1,49}
[0] MPI startup(): 50      2825906  i01r01c02s08  {2,50}
[0] MPI startup(): 51      2825907  i01r01c02s08  {3,51}
[0] MPI startup(): 52      2825908  i01r01c02s08  {4,52}
[0] MPI startup(): 53      2825909  i01r01c02s08  {5,53}
[0] MPI startup(): 54      2825910  i01r01c02s08  {6,54}
[0] MPI startup(): 55      2825911  i01r01c02s08  {7,55}
[0] MPI startup(): 56      2825912  i01r01c02s08  {8,56}
[0] MPI startup(): 57      2825913  i01r01c02s08  {9,57}
[0] MPI startup(): 58      2825914  i01r01c02s08  {10,58}
[0] MPI startup(): 59      2825915  i01r01c02s08  {11,59}
[0] MPI startup(): 60      2825916  i01r01c02s08  {12,60}
[0] MPI startup(): 61      2825917  i01r01c02s08  {13,61}
[0] MPI startup(): 62      2825918  i01r01c02s08  {14,62}
[0] MPI startup(): 63      2825919  i01r01c02s08  {15,63}
[0] MPI startup(): 64      2825920  i01r01c02s08  {16,64}
[0] MPI startup(): 65      2825921  i01r01c02s08  {17,65}
[0] MPI startup(): 66      2825922  i01r01c02s08  {18,66}
[0] MPI startup(): 67      2825923  i01r01c02s08  {19,67}
[0] MPI startup(): 68      2825924  i01r01c02s08  {20,68}
[0] MPI startup(): 69      2825925  i01r01c02s08  {21,69}
[0] MPI startup(): 70      2825926  i01r01c02s08  {22,70}
[0] MPI startup(): 71      2825927  i01r01c02s08  {23,71}
[0] MPI startup(): 72      2825928  i01r01c02s08  {24,72}
[0] MPI startup(): 73      2825929  i01r01c02s08  {25,73}
[0] MPI startup(): 74      2825930  i01r01c02s08  {26,74}
[0] MPI startup(): 75      2825931  i01r01c02s08  {27,75}
[0] MPI startup(): 76      2825932  i01r01c02s08  {28,76}
[0] MPI startup(): 77      2825933  i01r01c02s08  {29,77}
[0] MPI startup(): 78      2825934  i01r01c02s08  {30,78}
[0] MPI startup(): 79      2825935  i01r01c02s08  {31,79}
[0] MPI startup(): 80      2825936  i01r01c02s08  {32,80}
[0] MPI startup(): 81      2825937  i01r01c02s08  {33,81}
[0] MPI startup(): 82      2825938  i01r01c02s08  {34,82}
[0] MPI startup(): 83      2825939  i01r01c02s08  {35,83}
[0] MPI startup(): 84      2825940  i01r01c02s08  {36,84}
[0] MPI startup(): 85      2825941  i01r01c02s08  {37,85}
[0] MPI startup(): 86      2825942  i01r01c02s08  {38,86}
[0] MPI startup(): 87      2825943  i01r01c02s08  {39,87}
[0] MPI startup(): 88      2825944  i01r01c02s08  {40,88}
[0] MPI startup(): 89      2825945  i01r01c02s08  {41,89}
[0] MPI startup(): 90      2825946  i01r01c02s08  {42,90}
[0] MPI startup(): 91      2825947  i01r01c02s08  {43,91}
[0] MPI startup(): 92      2825948  i01r01c02s08  {44,92}
[0] MPI startup(): 93      2825949  i01r01c02s08  {45,93}
[0] MPI startup(): 94      2825950  i01r01c02s08  {46,94}
[0] MPI startup(): 95      2825951  i01r01c02s08  {47,95}

8 processes distributed in X-direction
 12 ; processes distributed in Y-direction
Resolutions       : (20, 120, ... 20)
Iterations        : 20
Num. Heat sources : 2
   1: (0.00, 0.00) 1.00 1.00 
   2: (1.00, 1.00) 1.00 0.50 
rank= 8 coords= 0 8 neighbours(up,down,left,right)= -1 20 7 9

Num-X: 12 ; Num-Y: 8 ; Resolution: 20 ; Rank: 8 ; Rank-X: 0 ; Rank-Y: 8 ; Rowstart: 0; Rowend: 4; Rows: 4; Colstart: 16; Colend: 19; Cols: 3;rank= 32 coords= 2 8 neighbours(up,down,left,right)= 20 44 31 33

Num-X: 12 ; Num-Y: 8 ; Resolution: 20 ; Rank: 32 ; Rank-X: 2 ; Rank-Y: 8 ; Rowstart: 6; Rowend: 10; Rows: 4; Colstart: 16; Colend: 19; Cols: 3;rank= 49 coords= 4 1 neighbours(up,down,left,right)= 37 61 48 50

Num-X: 12 ; Num-Y: 8 ; Resolution: 20 ; Rank: 49 ; Rank-X: 4 ; Rank-Y: 1 ; Rowstart: 12; Rowend: 16; Rows: 4; Colstart: 2; Colend: 5; Cols: 3;rank= 40 coords= 3 4 neighbours(up,down,left,right)= 28 52 39 41

Num-X: 12 ; Num-Y: 8 ; Resolution: 20 ; Rank: 40 ; Rank-X: 3 ; Rank-Y: 4 ; Rowstart: 9; Rowend: 13; Rows: 4; Colstart: 8; Colend: 11; Cols: 3;rank= 56 coords= 4 8 neighbours(up,down,left,right)= 44 68 55 57

Num-X: 12 ; Num-Y: 8 ; Resolution: 20 ; Rank: 56 ; Rank-X: 4 ; Rank-Y: 8 ; Rowstart: 12; Rowend: 16; Rows: 4; Colstart: 16; Colend: 19; Cols: 3;rank= 0 coords= 0 0 neighbours(up,down,left,right)= -1 12 -1 1

Num-X: 12 ; Num-Y: 8 ; Resolution: 20 ; Rank: 0 ; Rank-X: 0 ; Rank-Y: 0 ; Rowstart: 0; Rowend: 4; Rows: 4; Colstart: 0; Colend: 3; Cols: 3;rank= 80 coords= 6 8 neighbours(up,down,left,right)= 68 92 79 81

Num-X: 12 ; Num-Y: 8 ; Resolution: 20 ; Rank: 80 ; Rank-X: 6 ; Rank-Y: 8 ; Rowstart: 18; Rowend: 21; Rows: 3; Colstart: 16; Colend: 19; Cols: 3;rank= 1 coords= 0 1 neighbours(up,down,left,right)= -1 13 0 2

Num-X: 12 ; Num-Y: 8 ; Resolution: 20 ; Rank: 1 ; Rank-X: 0 ; Rank-Y: 1 ; Rowstart: 0; Rowend: 4; Rows: 4; Colstart: 2; Colend: 5; Cols: 3;rank= 84 coords= 7 0 neighbours(up,down,left,right)= 72 -1 -1 85

Num-X: 12 ; Num-Y: 8 ; Resolution: 20 ; Rank: 84 ; Rank-X: 7 ; Rank-Y: 0 ; Rowstart: 21; Rowend: 21; Rows: 0; Colstart: 0; Colend: 3; Cols: 3;rank= 2 coords= 0 2 neighbours(up,down,left,right)= -1 14 1 3

Num-X: 12 ; Num-Y: 8 ; Resolution: 20 ; Rank: 2 ; Rank-X: 0 ; Rank-Y: 2 ; Rowstart: 0; Rowend: 4; Rows: 4; Colstart: 4; Colend: 7; Cols: 3;rank= 48 coords= 4 0 neighbours(up,down,left,right)= 36 60 -1 49

Num-X: 12 ; Num-Y: 8 ; Resolution: 20 ; Rank: 48 ; Rank-X: 4 ; Rank-Y: 0 ; Rowstart: 12; Rowend: 16; Rows: 4; Colstart: 0; Colend: 3; Cols: 3;rank= 3 coords= 0 3 neighbours(up,down,left,right)= -1 15 2 4

Num-X: 12 ; Num-Y: 8 ; Resolution: 20 ; Rank: 3 ; Rank-X: 0 ; Rank-Y: 3 ; Rowstart: 0; Rowend: 4; Rows: 4; Colstart: 6; Colend: 9; Cols: 3;rank= 4 coords= 0 4 neighbours(up,down,left,right)= -1 16 3 5

Num-X: 12 ; Num-Y: 8 ; Resolution: 20 ; Rank: 4 ; Rank-X: 0 ; Rank-Y: 4 ; Rowstart: 0; Rowend: 4; Rows: 4; Colstart: 8; Colend: 11; Cols: 3;rank= 5 coords= 0 5 neighbours(up,down,left,right)= -1 17 4 6

Num-X: 12 ; Num-Y: 8 ; Resolution: 20 ; Rank: 5 ; Rank-X: 0 ; Rank-Y: 5 ; Rowstart: 0; Rowend: 4; Rows: 4; Colstart: 10; Colend: 13; Cols: 3;rank= 6 coords= 0 6 neighbours(up,down,left,right)= -1 18 5 7

Num-X: 12 ; Num-Y: 8 ; Resolution: 20 ; Rank: 6 ; Rank-X: 0 ; Rank-Y: 6 ; Rowstart: 0; Rowend: 4; Rows: 4; Colstart: 12; Colend: 15; Cols: 3;rank= 9 coords= 0 9 neighbours(up,down,left,right)= -1 21 8 10

Num-X: 12 ; Num-Y: 8 ; Resolution: 20 ; Rank: 9 ; Rank-X: 0 ; Rank-Y: 9 ; Rowstart: 0; Rowend: 4; Rows: 4; Colstart: 18; Colend: 21; Cols: 3;rank= 10 coords= 0 10 neighbours(up,down,left,right)= -1 22 9 11

Num-X: 12 ; Num-Y: 8 ; Resolution: 20 ; Rank: 10 ; Rank-X: 0 ; Rank-Y: 10 ; Rowstart: 0; Rowend: 4; Rows: 4; Colstart: 20; Colend: 21; Cols: 1;rank= 50 coords= 4 2 neighbours(up,down,left,right)= 38 62 49 51

Num-X: 12 ; Num-Y: 8 ; Resolution: 20 ; Rank: 50 ; Rank-X: 4 ; Rank-Y: 2 ; Rowstart: 12; Rowend: 16; Rows: 4; Colstart: 4; Colend: 7; Cols: 3;rank= 12 coords= 1 0 neighbours(up,down,left,right)= 0 24 -1 13

Num-X: 12 ; Num-Y: 8 ; Resolution: 20 ; Rank: 12 ; Rank-X: 1 ; Rank-Y: 0 ; Rowstart: 3; Rowend: 7; Rows: 4; Colstart: 0; Colend: 3; Cols: 3;rank= 51 coords= 4 3 neighbours(up,down,left,right)= 39 63 50 52

Num-X: 12 ; Num-Y: 8 ; Resolution: 20 ; Rank: 51 ; Rank-X: 4 ; Rank-Y: 3 ; Rowstart: 12; Rowend: 16; Rows: 4; Colstart: 6; Colend: 9; Cols: 3;rank= 13 coords= 1 1 neighbours(up,down,left,right)= 1 25 12 14

Num-X: 12 ; Num-Y: 8 ; Resolution: 20 ; Rank: 13 ; Rank-X: 1 ; Rank-Y: 1 ; Rowstart: 3; Rowend: 7; Rows: 4; Colstart: 2; Colend: 5; Cols: 3;rank= 52 coords= 4 4 neighbours(up,down,left,right)= 40 64 51 53

Num-X: 12 ; Num-Y: 8 ; Resolution: 20 ; Rank: 52 ; Rank-X: 4 ; Rank-Y: 4 ; Rowstart: 12; Rowend: 16; Rows: 4; Colstart: 8; Colend: 11; Cols: 3;rank= 14 coords= 1 2 neighbours(up,down,left,right)= 2 26 13 15

Num-X: 12 ; Num-Y: 8 ; Resolution: 20 ; Rank: 14 ; Rank-X: 1 ; Rank-Y: 2 ; Rowstart: 3; Rowend: 7; Rows: 4; Colstart: 4; Colend: 7; Cols: 3;rank= 54 coords= 4 6 neighbours(up,down,left,right)= 42 66 53 55

Num-X: 12 ; Num-Y: 8 ; Resolution: 20 ; Rank: 54 ; Rank-X: 4 ; Rank-Y: 6 ; Rowstart: 12; Rowend: 16; Rows: 4; Colstart: 12; Colend: 15; Cols: 3;rank= 15 coords= 1 3 neighbours(up,down,left,right)= 3 27 14 16

Num-X: 12 ; Num-Y: 8 ; Resolution: 20 ; Rank: 15 ; Rank-X: 1 ; Rank-Y: 3 ; Rowstart: 3; Rowend: 7; Rows: 4; Colstart: 6; Colend: 9; Cols: 3;rank= 55 coords= 4 7 neighbours(up,down,left,right)= 43 67 54 56

Num-X: 12 ; Num-Y: 8 ; Resolution: 20 ; Rank: 55 ; Rank-X: 4 ; Rank-Y: 7 ; Rowstart: 12; Rowend: 16; Rows: 4; Colstart: 14; Colend: 17; Cols: 3;rank= 16 coords= 1 4 neighbours(up,down,left,right)= 4 28 15 17

Num-X: 12 ; Num-Y: 8 ; Resolution: 20 ; Rank: 16 ; Rank-X: 1 ; Rank-Y: 4 ; Rowstart: 3; Rowend: 7; Rows: 4; Colstart: 8; Colend: 11; Cols: 3;rank= 57 coords= 4 9 neighbours(up,down,left,right)= 45 69 56 58

Num-X: 12 ; Num-Y: 8 ; Resolution: 20 ; Rank: 57 ; Rank-X: 4 ; Rank-Y: 9 ; Rowstart: 12; Rowend: 16; Rows: 4; Colstart: 18; Colend: 21; Cols: 3;rank= 17 coords= 1 5 neighbours(up,down,left,right)= 5 29 16 18

Num-X: 12 ; Num-Y: 8 ; Resolution: 20 ; Rank: 17 ; Rank-X: 1 ; Rank-Y: 5 ; Rowstart: 3; Rowend: 7; Rows: 4; Colstart: 10; Colend: 13; Cols: 3;rank= 58 coords= 4 10 neighbours(up,down,left,right)= 46 70 57 59

Num-X: 12 ; Num-Y: 8 ; Resolution: 20 ; Rank: 58 ; Rank-X: 4 ; Rank-Y: 10 ; Rowstart: 12; Rowend: 16; Rows: 4; Colstart: 20; Colend: 21; Cols: 1;rank= 18 coords= 1 6 neighbours(up,down,left,right)= 6 30 17 19

Num-X: 12 ; Num-Y: 8 ; Resolution: 20 ; Rank: 18 ; Rank-X: 1 ; Rank-Y: 6 ; Rowstart: 3; Rowend: 7; Rows: 4; Colstart: 12; Colend: 15; Cols: 3;rank= 59 coords= 4 11 neighbours(up,down,left,right)= 47 71 58 -1

Num-X: 12 ; Num-Y: 8 ; Resolution: 20 ; Rank: 59 ; Rank-X: 4 ; Rank-Y: 11 ; Rowstart: 12; Rowend: 16; Rows: 4; Colstart: 22; Colend: 21; Cols: -1;rank= 20 coords= 1 8 neighbours(up,down,left,right)= 8 32 19 21

Num-X: 12 ; Num-Y: 8 ; Resolution: 20 ; Rank: 20 ; Rank-X: 1 ; Rank-Y: 8 ; Rowstart: 3; Rowend: 7; Rows: 4; Colstart: 16; Colend: 19; Cols: 3;rank= 60 coords= 5 0 neighbours(up,down,left,right)= 48 72 -1 61

Num-X: 12 ; Num-Y: 8 ; Resolution: 20 ; Rank: 60 ; Rank-X: 5 ; Rank-Y: 0 ; Rowstart: 15; Rowend: 19; Rows: 4; Colstart: 0; Colend: 3; Cols: 3;rank= 21 coords= 1 9 neighbours(up,down,left,right)= 9 33 20 22

Num-X: 12 ; Num-Y: 8 ; Resolution: 20 ; Rank: 21 ; Rank-X: 1 ; Rank-Y: 9 ; Rowstart: 3; Rowend: 7; Rows: 4; Colstart: 18; Colend: 21; Cols: 3;rank= 61 coords= 5 1 neighbours(up,down,left,right)= 49 73 60 62

Num-X: 12 ; Num-Y: 8 ; Resolution: 20 ; Rank: 61 ; Rank-X: 5 ; Rank-Y: 1 ; Rowstart: 15; Rowend: 19; Rows: 4; Colstart: 2; Colend: 5; Cols: 3;rank= 22 coords= 1 10 neighbours(up,down,left,right)= 10 34 21 23

Num-X: 12 ; Num-Y: 8 ; Resolution: 20 ; Rank: 22 ; Rank-X: 1 ; Rank-Y: 10 ; Rowstart: 3; Rowend: 7; Rows: 4; Colstart: 20; Colend: 21; Cols: 1;rank= 62 coords= 5 2 neighbours(up,down,left,right)= 50 74 61 63

Num-X: 12 ; Num-Y: 8 ; Resolution: 20 ; Rank: 62 ; Rank-X: 5 ; Rank-Y: 2 ; Rowstart: 15; Rowend: 19; Rows: 4; Colstart: 4; Colend: 7; Cols: 3;rank= 24 coords= 2 0 neighbours(up,down,left,right)= 12 36 -1 25

Num-X: 12 ; Num-Y: 8 ; Resolution: 20 ; Rank: 24 ; Rank-X: 2 ; Rank-Y: 0 ; Rowstart: 6; Rowend: 10; Rows: 4; Colstart: 0; Colend: 3; Cols: 3;rank= 63 coords= 5 3 neighbours(up,down,left,right)= 51 75 62 64

Num-X: 12 ; Num-Y: 8 ; Resolution: 20 ; Rank: 63 ; Rank-X: 5 ; Rank-Y: 3 ; Rowstart: 15; Rowend: 19; Rows: 4; Colstart: 6; Colend: 9; Cols: 3;rank= 25 coords= 2 1 neighbours(up,down,left,right)= 13 37 24 26

Num-X: 12 ; Num-Y: 8 ; Resolution: 20 ; Rank: 25 ; Rank-X: 2 ; Rank-Y: 1 ; Rowstart: 6; Rowend: 10; Rows: 4; Colstart: 2; Colend: 5; Cols: 3;rank= 64 coords= 5 4 neighbours(up,down,left,right)= 52 76 63 65

Num-X: 12 ; Num-Y: 8 ; Resolution: 20 ; Rank: 64 ; Rank-X: 5 ; Rank-Y: 4 ; Rowstart: 15; Rowend: 19; Rows: 4; Colstart: 8; Colend: 11; Cols: 3;rank= 26 coords= 2 2 neighbours(up,down,left,right)= 14 38 25 27

Num-X: 12 ; Num-Y: 8 ; Resolution: 20 ; Rank: 26 ; Rank-X: 2 ; Rank-Y: 2 ; Rowstart: 6; Rowend: 10; Rows: 4; Colstart: 4; Colend: 7; Cols: 3;rank= 65 coords= 5 5 neighbours(up,down,left,right)= 53 77 64 66

Num-X: 12 ; Num-Y: 8 ; Resolution: 20 ; Rank: 65 ; Rank-X: 5 ; Rank-Y: 5 ; Rowstart: 15; Rowend: 19; Rows: 4; Colstart: 10; Colend: 13; Cols: 3;rank= 28 coords= 2 4 neighbours(up,down,left,right)= 16 40 27 29

Num-X: 12 ; Num-Y: 8 ; Resolution: 20 ; Rank: 28 ; Rank-X: 2 ; Rank-Y: 4 ; Rowstart: 6; Rowend: 10; Rows: 4; Colstart: 8; Colend: 11; Cols: 3;rank= 66 coords= 5 6 neighbours(up,down,left,right)= 54 78 65 67

Num-X: 12 ; Num-Y: 8 ; Resolution: 20 ; Rank: 66 ; Rank-X: 5 ; Rank-Y: 6 ; Rowstart: 15; Rowend: 19; Rows: 4; Colstart: 12; Colend: 15; Cols: 3;rank= 29 coords= 2 5 neighbours(up,down,left,right)= 17 41 28 30

Num-X: 12 ; Num-Y: 8 ; Resolution: 20 ; Rank: 29 ; Rank-X: 2 ; Rank-Y: 5 ; Rowstart: 6; Rowend: 10; Rows: 4; Colstart: 10; Colend: 13; Cols: 3;rank= 67 coords= 5 7 neighbours(up,down,left,right)= 55 79 66 68

Num-X: 12 ; Num-Y: 8 ; Resolution: 20 ; Rank: 67 ; Rank-X: 5 ; Rank-Y: 7 ; Rowstart: 15; Rowend: 19; Rows: 4; Colstart: 14; Colend: 17; Cols: 3;rank= 30 coords= 2 6 neighbours(up,down,left,right)= 18 42 29 31

Num-X: 12 ; Num-Y: 8 ; Resolution: 20 ; Rank: 30 ; Rank-X: 2 ; Rank-Y: 6 ; Rowstart: 6; Rowend: 10; Rows: 4; Colstart: 12; Colend: 15; Cols: 3;rank= 68 coords= 5 8 neighbours(up,down,left,right)= 56 80 67 69

Num-X: 12 ; Num-Y: 8 ; Resolution: 20 ; Rank: 68 ; Rank-X: 5 ; Rank-Y: 8 ; Rowstart: 15; Rowend: 19; Rows: 4; Colstart: 16; Colend: 19; Cols: 3;rank= 33 coords= 2 9 neighbours(up,down,left,right)= 21 45 32 34

Num-X: 12 ; Num-Y: 8 ; Resolution: 20 ; Rank: 33 ; Rank-X: 2 ; Rank-Y: 9 ; Rowstart: 6; Rowend: 10; Rows: 4; Colstart: 18; Colend: 21; Cols: 3;rank= 69 coords= 5 9 neighbours(up,down,left,right)= 57 81 68 70

Num-X: 12 ; Num-Y: 8 ; Resolution: 20 ; Rank: 69 ; Rank-X: 5 ; Rank-Y: 9 ; Rowstart: 15; Rowend: 19; Rows: 4; Colstart: 18; Colend: 21; Cols: 3;rank= 34 coords= 2 10 neighbours(up,down,left,right)= 22 46 33 35

Num-X: 12 ; Num-Y: 8 ; Resolution: 20 ; Rank: 34 ; Rank-X: 2 ; Rank-Y: 10 ; Rowstart: 6; Rowend: 10; Rows: 4; Colstart: 20; Colend: 21; Cols: 1;rank= 70 coords= 5 10 neighbours(up,down,left,right)= 58 82 69 71

Num-X: 12 ; Num-Y: 8 ; Resolution: 20 ; Rank: 70 ; Rank-X: 5 ; Rank-Y: 10 ; Rowstart: 15; Rowend: 19; Rows: 4; Colstart: 20; Colend: 21; Cols: 1;rank= 35 coords= 2 11 neighbours(up,down,left,right)= 23 47 34 -1

Num-X: 12 ; Num-Y: 8 ; Resolution: 20 ; Rank: 35 ; Rank-X: 2 ; Rank-Y: 11 ; Rowstart: 6; Rowend: 10; Rows: 4; Colstart: 22; Colend: 21; Cols: -1;rank= 71 coords= 5 11 neighbours(up,down,left,right)= 59 83 70 -1

Num-X: 12 ; Num-Y: 8 ; Resolution: 20 ; Rank: 71 ; Rank-X: 5 ; Rank-Y: 11 ; Rowstart: 15; Rowend: 19; Rows: 4; Colstart: 22; Colend: 21; Cols: -1;rank= 36 coords= 3 0 neighbours(up,down,left,right)= 24 48 -1 37

Num-X: 12 ; Num-Y: 8 ; Resolution: 20 ; Rank: 36 ; Rank-X: 3 ; Rank-Y: 0 ; Rowstart: 9; Rowend: 13; Rows: 4; Colstart: 0; Colend: 3; Cols: 3;rank= 72 coords= 6 0 neighbours(up,down,left,right)= 60 84 -1 73

Num-X: 12 ; Num-Y: 8 ; Resolution: 20 ; Rank: 72 ; Rank-X: 6 ; Rank-Y: 0 ; Rowstart: 18; Rowend: 21; Rows: 3; Colstart: 0; Colend: 3; Cols: 3;rank= 37 coords= 3 1 neighbours(up,down,left,right)= 25 49 36 38

Num-X: 12 ; Num-Y: 8 ; Resolution: 20 ; Rank: 37 ; Rank-X: 3 ; Rank-Y: 1 ; Rowstart: 9; Rowend: 13; Rows: 4; Colstart: 2; Colend: 5; Cols: 3;rank= 74 coords= 6 2 neighbours(up,down,left,right)= 62 86 73 75

Num-X: 12 ; Num-Y: 8 ; Resolution: 20 ; Rank: 74 ; Rank-X: 6 ; Rank-Y: 2 ; Rowstart: 18; Rowend: 21; Rows: 3; Colstart: 4; Colend: 7; Cols: 3;rank= 38 coords= 3 2 neighbours(up,down,left,right)= 26 50 37 39

Num-X: 12 ; Num-Y: 8 ; Resolution: 20 ; Rank: 38 ; Rank-X: 3 ; Rank-Y: 2 ; Rowstart: 9; Rowend: 13; Rows: 4; Colstart: 4; Colend: 7; Cols: 3;rank= 75 coords= 6 3 neighbours(up,down,left,right)= 63 87 74 76

Num-X: 12 ; Num-Y: 8 ; Resolution: 20 ; Rank: 75 ; Rank-X: 6 ; Rank-Y: 3 ; Rowstart: 18; Rowend: 21; Rows: 3; Colstart: 6; Colend: 9; Cols: 3;rank= 39 coords= 3 3 neighbours(up,down,left,right)= 27 51 38 40

Num-X: 12 ; Num-Y: 8 ; Resolution: 20 ; Rank: 39 ; Rank-X: 3 ; Rank-Y: 3 ; Rowstart: 9; Rowend: 13; Rows: 4; Colstart: 6; Colend: 9; Cols: 3;rank= 76 coords= 6 4 neighbours(up,down,left,right)= 64 88 75 77

Num-X: 12 ; Num-Y: 8 ; Resolution: 20 ; Rank: 76 ; Rank-X: 6 ; Rank-Y: 4 ; Rowstart: 18; Rowend: 21; Rows: 3; Colstart: 8; Colend: 11; Cols: 3;rank= 41 coords= 3 5 neighbours(up,down,left,right)= 29 53 40 42

Num-X: 12 ; Num-Y: 8 ; Resolution: 20 ; Rank: 41 ; Rank-X: 3 ; Rank-Y: 5 ; Rowstart: 9; Rowend: 13; Rows: 4; Colstart: 10; Colend: 13; Cols: 3;rank= 77 coords= 6 5 neighbours(up,down,left,right)= 65 89 76 78

Num-X: 12 ; Num-Y: 8 ; Resolution: 20 ; Rank: 77 ; Rank-X: 6 ; Rank-Y: 5 ; Rowstart: 18; Rowend: 21; Rows: 3; Colstart: 10; Colend: 13; Cols: 3;rank= 42 coords= 3 6 neighbours(up,down,left,right)= 30 54 41 43

Num-X: 12 ; Num-Y: 8 ; Resolution: 20 ; Rank: 42 ; Rank-X: 3 ; Rank-Y: 6 ; Rowstart: 9; Rowend: 13; Rows: 4; Colstart: 12; Colend: 15; Cols: 3;rank= 78 coords= 6 6 neighbours(up,down,left,right)= 66 90 77 79

Num-X: 12 ; Num-Y: 8 ; Resolution: 20 ; Rank: 78 ; Rank-X: 6 ; Rank-Y: 6 ; Rowstart: 18; Rowend: 21; Rows: 3; Colstart: 12; Colend: 15; Cols: 3;rank= 43 coords= 3 7 neighbours(up,down,left,right)= 31 55 42 44

Num-X: 12 ; Num-Y: 8 ; Resolution: 20 ; Rank: 43 ; Rank-X: 3 ; Rank-Y: 7 ; Rowstart: 9; Rowend: 13; Rows: 4; Colstart: 14; Colend: 17; Cols: 3;rank= 79 coords= 6 7 neighbours(up,down,left,right)= 67 91 78 80

Num-X: 12 ; Num-Y: 8 ; Resolution: 20 ; Rank: 79 ; Rank-X: 6 ; Rank-Y: 7 ; Rowstart: 18; Rowend: 21; Rows: 3; Colstart: 14; Colend: 17; Cols: 3;rank= 44 coords= 3 8 neighbours(up,down,left,right)= 32 56 43 45

Num-X: 12 ; Num-Y: 8 ; Resolution: 20 ; Rank: 44 ; Rank-X: 3 ; Rank-Y: 8 ; Rowstart: 9; Rowend: 13; Rows: 4; Colstart: 16; Colend: 19; Cols: 3;rank= 81 coords= 6 9 neighbours(up,down,left,right)= 69 93 80 82

Num-X: 12 ; Num-Y: 8 ; Resolution: 20 ; Rank: 81 ; Rank-X: 6 ; Rank-Y: 9 ; Rowstart: 18; Rowend: 21; Rows: 3; Colstart: 18; Colend: 21; Cols: 3;rank= 45 coords= 3 9 neighbours(up,down,left,right)= 33 57 44 46

Num-X: 12 ; Num-Y: 8 ; Resolution: 20 ; Rank: 45 ; Rank-X: 3 ; Rank-Y: 9 ; Rowstart: 9; Rowend: 13; Rows: 4; Colstart: 18; Colend: 21; Cols: 3;rank= 82 coords= 6 10 neighbours(up,down,left,right)= 70 94 81 83

Num-X: 12 ; Num-Y: 8 ; Resolution: 20 ; Rank: 82 ; Rank-X: 6 ; Rank-Y: 10 ; Rowstart: 18; Rowend: 21; Rows: 3; Colstart: 20; Colend: 21; Cols: 1;rank= 46 coords= 3 10 neighbours(up,down,left,right)= 34 58 45 47

Num-X: 12 ; Num-Y: 8 ; Resolution: 20 ; Rank: 46 ; Rank-X: 3 ; Rank-Y: 10 ; Rowstart: 9; Rowend: 13; Rows: 4; Colstart: 20; Colend: 21; Cols: 1;rank= 83 coords= 6 11 neighbours(up,down,left,right)= 71 95 82 -1

Num-X: 12 ; Num-Y: 8 ; Resolution: 20 ; Rank: 83 ; Rank-X: 6 ; Rank-Y: 11 ; Rowstart: 18; Rowend: 21; Rows: 3; Colstart: 22; Colend: 21; Cols: -1;rank= 47 coords= 3 11 neighbours(up,down,left,right)= 35 59 46 -1

Num-X: 12 ; Num-Y: 8 ; Resolution: 20 ; Rank: 47 ; Rank-X: 3 ; Rank-Y: 11 ; Rowstart: 9; Rowend: 13; Rows: 4; Colstart: 22; Colend: 21; Cols: -1;rank= 85 coords= 7 1 neighbours(up,down,left,right)= 73 -1 84 86

Num-X: 12 ; Num-Y: 8 ; Resolution: 20 ; Rank: 85 ; Rank-X: 7 ; Rank-Y: 1 ; Rowstart: 21; Rowend: 21; Rows: 0; Colstart: 2; Colend: 5; Cols: 3;rank= 7 coords= 0 7 neighbours(up,down,left,right)= -1 19 6 8

Num-X: 12 ; Num-Y: 8 ; Resolution: 20 ; Rank: 7 ; Rank-X: 0 ; Rank-Y: 7 ; Rowstart: 0; Rowend: 4; Rows: 4; Colstart: 14; Colend: 17; Cols: 3;rank= 86 coords= 7 2 neighbours(up,down,left,right)= 74 -1 85 87

Num-X: 12 ; Num-Y: 8 ; Resolution: 20 ; Rank: 86 ; Rank-X: 7 ; Rank-Y: 2 ; Rowstart: 21; Rowend: 21; Rows: 0; Colstart: 4; Colend: 7; Cols: 3;rank= 11 coords= 0 11 neighbours(up,down,left,right)= -1 23 10 -1

Num-X: 12 ; Num-Y: 8 ; Resolution: 20 ; Rank: 11 ; Rank-X: 0 ; Rank-Y: 11 ; Rowstart: 0; Rowend: 4; Rows: 4; Colstart: 22; Colend: 21; Cols: -1;rank= 87 coords= 7 3 neighbours(up,down,left,right)= 75 -1 86 88

Num-X: 12 ; Num-Y: 8 ; Resolution: 20 ; Rank: 87 ; Rank-X: 7 ; Rank-Y: 3 ; Rowstart: 21; Rowend: 21; Rows: 0; Colstart: 6; Colend: 9; Cols: 3;rank= 19 coords= 1 7 neighbours(up,down,left,right)= 7 31 18 20

Num-X: 12 ; Num-Y: 8 ; Resolution: 20 ; Rank: 19 ; Rank-X: 1 ; Rank-Y: 7 ; Rowstart: 3; Rowend: 7; Rows: 4; Colstart: 14; Colend: 17; Cols: 3;rank= 88 coords= 7 4 neighbours(up,down,left,right)= 76 -1 87 89

Num-X: 12 ; Num-Y: 8 ; Resolution: 20 ; Rank: 88 ; Rank-X: 7 ; Rank-Y: 4 ; Rowstart: 21; Rowend: 21; Rows: 0; Colstart: 8; Colend: 11; Cols: 3;rank= 23 coords= 1 11 neighbours(up,down,left,right)= 11 35 22 -1

Num-X: 12 ; Num-Y: 8 ; Resolution: 20 ; Rank: 23 ; Rank-X: 1 ; Rank-Y: 11 ; Rowstart: 3; Rowend: 7; Rows: 4; Colstart: 22; Colend: 21; Cols: -1;rank= 89 coords= 7 5 neighbours(up,down,left,right)= 77 -1 88 90

Num-X: 12 ; Num-Y: 8 ; Resolution: 20 ; Rank: 89 ; Rank-X: 7 ; Rank-Y: 5 ; Rowstart: 21; Rowend: 21; Rows: 0; Colstart: 10; Colend: 13; Cols: 3;rank= 27 coords= 2 3 neighbours(up,down,left,right)= 15 39 26 28

Num-X: 12 ; Num-Y: 8 ; Resolution: 20 ; Rank: 27 ; Rank-X: 2 ; Rank-Y: 3 ; Rowstart: 6; Rowend: 10; Rows: 4; Colstart: 6; Colend: 9; Cols: 3;rank= 90 coords= 7 6 neighbours(up,down,left,right)= 78 -1 89 91

Num-X: 12 ; Num-Y: 8 ; Resolution: 20 ; Rank: 90 ; Rank-X: 7 ; Rank-Y: 6 ; Rowstart: 21; Rowend: 21; Rows: 0; Colstart: 12; Colend: 15; Cols: 3;rank= 31 coords= 2 7 neighbours(up,down,left,right)= 19 43 30 32

Num-X: 12 ; Num-Y: 8 ; Resolution: 20 ; Rank: 31 ; Rank-X: 2 ; Rank-Y: 7 ; Rowstart: 6; Rowend: 10; Rows: 4; Colstart: 14; Colend: 17; Cols: 3;rank= 91 coords= 7 7 neighbours(up,down,left,right)= 79 -1 90 92

Num-X: 12 ; Num-Y: 8 ; Resolution: 20 ; Rank: 91 ; Rank-X: 7 ; Rank-Y: 7 ; Rowstart: 21; Rowend: 21; Rows: 0; Colstart: 14; Colend: 17; Cols: 3;rank= 92 coords= 7 8 neighbours(up,down,left,right)= 80 -1 91 93

Num-X: 12 ; Num-Y: 8 ; Resolution: 20 ; Rank: 92 ; Rank-X: 7 ; Rank-Y: 8 ; Rowstart: 21; Rowend: 21; Rows: 0; Colstart: 16; Colend: 19; Cols: 3;rank= 93 coords= 7 9 neighbours(up,down,left,right)= 81 -1 92 94

Num-X: 12 ; Num-Y: 8 ; Resolution: 20 ; Rank: 93 ; Rank-X: 7 ; Rank-Y: 9 ; Rowstart: 21; Rowend: 21; Rows: 0; Colstart: 18; Colend: 21; Cols: 3;rank= 94 coords= 7 10 neighbours(up,down,left,right)= 82 -1 93 95

Num-X: 12 ; Num-Y: 8 ; Resolution: 20 ; Rank: 94 ; Rank-X: 7 ; Rank-Y: 10 ; Rowstart: 21; Rowend: 21; Rows: 0; Colstart: 20; Colend: 21; Cols: 1;rank= 95 coords= 7 11 neighbours(up,down,left,right)= 83 -1 94 -1

Num-X: 12 ; Num-Y: 8 ; Resolution: 20 ; Rank: 95 ; Rank-X: 7 ; Rank-Y: 11 ; Rowstart: 21; Rowend: 21; Rows: 0; Colstart: 22; Colend: 21; Cols: -1;rank= 53 coords= 4 5 neighbours(up,down,left,right)= 41 65 52 54

Num-X: 12 ; Num-Y: 8 ; Resolution: 20 ; Rank: 53 ; Rank-X: 4 ; Rank-Y: 5 ; Rowstart: 12; Rowend: 16; Rows: 4; Colstart: 10; Colend: 13; Cols: 3;rank= 73 coords= 6 1 neighbours(up,down,left,right)= 61 85 72 74

Num-X: 12 ; Num-Y: 8 ; Resolution: 20 ; Rank: 73 ; Rank-X: 6 ; Rank-Y: 1 ; Rowstart: 18; Rowend: 21; Rows: 3; Colstart: 2; Colend: 5; Cols: 3;
===================================================================================
=   BAD TERMINATION OF ONE OF YOUR APPLICATION PROCESSES
=   RANK 0 PID 1677811 RUNNING AT i01r01c02s07
=   KILLED BY SIGNAL: 9 (Killed)
===================================================================================

===================================================================================
=   BAD TERMINATION OF ONE OF YOUR APPLICATION PROCESSES

===================================================================================
=   BAD TERMINATION OF ONE OF YOUR APPLICATION PROCESSES
=   RANK 48 PID 2825904 RUNNING AT i01r01c02s08
=   KILLED BY SIGNAL: 9 (Killed)
===================================================================================

===================================================================================
=   BAD TERMINATION OF ONE OF YOUR APPLICATION PROCESSES
=   RANK 49 PID 2825905 RUNNING AT i01r01c02s08
=   KILLED BY SIGNAL: 9 (Killed)
===================================================================================

===================================================================================
=   BAD TERMINATION OF ONE OF YOUR APPLICATION PROCESSES
=   RANK 50 PID 2825906 RUNNING AT i01r01c02s08
=   KILLED BY SIGNAL: 9 (Killed)
===================================================================================

===================================================================================
=   BAD TERMINATION OF ONE OF YOUR APPLICATION PROCESSES
=   RANK 51 PID 2825907 RUNNING AT i01r01c02s08
=   KILLED BY SIGNAL: 9 (Killed)
===================================================================================

===================================================================================
=   BAD TERMINATION OF ONE OF YOUR APPLICATION PROCESSES
=   RANK 52 PID 2825908 RUNNING AT i01r01c02s08
=   KILLED BY SIGNAL: 9 (Killed)
===================================================================================

===================================================================================
=   BAD TERMINATION OF ONE OF YOUR APPLICATION PROCESSES
=   RANK 53 PID 2825909 RUNNING AT i01r01c02s08
=   KILLED BY SIGNAL: 9 (Killed)
===================================================================================

===================================================================================
=   BAD TERMINATION OF ONE OF YOUR APPLICATION PROCESSES
=   RANK 54 PID 2825910 RUNNING AT i01r01c02s08
=   KILLED BY SIGNAL: 9 (Killed)
===================================================================================

===================================================================================
=   BAD TERMINATION OF ONE OF YOUR APPLICATION PROCESSES
=   RANK 55 PID 2825911 RUNNING AT i01r01c02s08
=   KILLED BY SIGNAL: 9 (Killed)
===================================================================================

===================================================================================
=   BAD TERMINATION OF ONE OF YOUR APPLICATION PROCESSES
=   RANK 56 PID 2825912 RUNNING AT i01r01c02s08
=   KILLED BY SIGNAL: 9 (Killed)
===================================================================================

===================================================================================
=   BAD TERMINATION OF ONE OF YOUR APPLICATION PROCESSES
=   RANK 57 PID 2825913 RUNNING AT i01r01c02s08
=   KILLED BY SIGNAL: 9 (Killed)
===================================================================================

===================================================================================
=   BAD TERMINATION OF ONE OF YOUR APPLICATION PROCESSES
=   RANK 58 PID 2825914 RUNNING AT i01r01c02s08
=   KILLED BY SIGNAL: 9 (Killed)
===================================================================================

===================================================================================
=   BAD TERMINATION OF ONE OF YOUR APPLICATION PROCESSES
=   RANK 59 PID 2825915 RUNNING AT i01r01c02s08
=   KILLED BY SIGNAL: 11 (Segmentation fault)
===================================================================================

===================================================================================
=   BAD TERMINATION OF ONE OF YOUR APPLICATION PROCESSES
=   RANK 60 PID 2825916 RUNNING AT i01r01c02s08
=   KILLED BY SIGNAL: 9 (Killed)
===================================================================================

===================================================================================
=   BAD TERMINATION OF ONE OF YOUR APPLICATION PROCESSES
=   RANK 61 PID 2825917 RUNNING AT i01r01c02s08
=   KILLED BY SIGNAL: 9 (Killed)
===================================================================================

===================================================================================
=   BAD TERMINATION OF ONE OF YOUR APPLICATION PROCESSES
=   RANK 62 PID 2825918 RUNNING AT i01r01c02s08
=   KILLED BY SIGNAL: 9 (Killed)
===================================================================================

===================================================================================
=   BAD TERMINATION OF ONE OF YOUR APPLICATION PROCESSES
=   RANK 63 PID 2825919 RUNNING AT i01r01c02s08
=   KILLED BY SIGNAL: 9 (Killed)
===================================================================================

===================================================================================
=   BAD TERMINATION OF ONE OF YOUR APPLICATION PROCESSES
=   RANK 64 PID 2825920 RUNNING AT i01r01c02s08
=   KILLED BY SIGNAL: 9 (Killed)
===================================================================================

===================================================================================
=   BAD TERMINATION OF ONE OF YOUR APPLICATION PROCESSES
=   RANK 65 PID 2825921 RUNNING AT i01r01c02s08
=   KILLED BY SIGNAL: 9 (Killed)
===================================================================================

===================================================================================
=   BAD TERMINATION OF ONE OF YOUR APPLICATION PROCESSES
=   RANK 66 PID 2825922 RUNNING AT i01r01c02s08
=   KILLED BY SIGNAL: 9 (Killed)
===================================================================================

===================================================================================
=   BAD TERMINATION OF ONE OF YOUR APPLICATION PROCESSES
=   RANK 67 PID 2825923 RUNNING AT i01r01c02s08
=   KILLED BY SIGNAL: 9 (Killed)
===================================================================================

===================================================================================
=   BAD TERMINATION OF ONE OF YOUR APPLICATION PROCESSES
=   RANK 68 PID 2825924 RUNNING AT i01r01c02s08
=   KILLED BY SIGNAL: 9 (Killed)
===================================================================================

===================================================================================
=   BAD TERMINATION OF ONE OF YOUR APPLICATION PROCESSES
=   RANK 69 PID 2825925 RUNNING AT i01r01c02s08
=   KILLED BY SIGNAL: 9 (Killed)
===================================================================================

===================================================================================
=   BAD TERMINATION OF ONE OF YOUR APPLICATION PROCESSES
=   RANK 70 PID 2825926 RUNNING AT i01r01c02s08
=   KILLED BY SIGNAL: 9 (Killed)
===================================================================================

===================================================================================
=   BAD TERMINATION OF ONE OF YOUR APPLICATION PROCESSES
=   RANK 71 PID 2825927 RUNNING AT i01r01c02s08
=   KILLED BY SIGNAL: 11 (Segmentation fault)
===================================================================================

===================================================================================
=   BAD TERMINATION OF ONE OF YOUR APPLICATION PROCESSES
=   RANK 72 PID 2825928 RUNNING AT i01r01c02s08
=   KILLED BY SIGNAL: 9 (Killed)
===================================================================================

===================================================================================
=   BAD TERMINATION OF ONE OF YOUR APPLICATION PROCESSES
=   RANK 73 PID 2825929 RUNNING AT i01r01c02s08
=   KILLED BY SIGNAL: 9 (Killed)
===================================================================================

===================================================================================
=   BAD TERMINATION OF ONE OF YOUR APPLICATION PROCESSES
=   RANK 74 PID 2825930 RUNNING AT i01r01c02s08
=   KILLED BY SIGNAL: 9 (Killed)
===================================================================================

===================================================================================
=   BAD TERMINATION OF ONE OF YOUR APPLICATION PROCESSES
=   RANK 75 PID 2825931 RUNNING AT i01r01c02s08
=   KILLED BY SIGNAL: 9 (Killed)
===================================================================================

===================================================================================
=   BAD TERMINATION OF ONE OF YOUR APPLICATION PROCESSES
=   RANK 76 PID 2825932 RUNNING AT i01r01c02s08
=   KILLED BY SIGNAL: 9 (Killed)
===================================================================================
=   RANK 1 PID 1677812 RUNNING AT i01r01c02s07
=   KILLED BY SIGNAL: 9 (Killed)
===================================================================================

===================================================================================
=   BAD TERMINATION OF ONE OF YOUR APPLICATION PROCESSES
=   RANK 2 PID 1677813 RUNNING AT i01r01c02s07
=   KILLED BY SIGNAL: 9 (Killed)
===================================================================================

===================================================================================
=   BAD TERMINATION OF ONE OF YOUR APPLICATION PROCESSES
=   RANK 3 PID 1677814 RUNNING AT i01r01c02s07
=   KILLED BY SIGNAL: 9 (Killed)
===================================================================================

===================================================================================
=   BAD TERMINATION OF ONE OF YOUR APPLICATION PROCESSES
=   RANK 4 PID 1677815 RUNNING AT i01r01c02s07
=   KILLED BY SIGNAL: 9 (Killed)
===================================================================================

===================================================================================
=   BAD TERMINATION OF ONE OF YOUR APPLICATION PROCESSES
=   RANK 5 PID 1677816 RUNNING AT i01r01c02s07
=   KILLED BY SIGNAL: 9 (Killed)
===================================================================================

===================================================================================
=   BAD TERMINATION OF ONE OF YOUR APPLICATION PROCESSES
=   RANK 6 PID 1677817 RUNNING AT i01r01c02s07
=   KILLED BY SIGNAL: 9 (Killed)
===================================================================================

===================================================================================
=   BAD TERMINATION OF ONE OF YOUR APPLICATION PROCESSES
=   RANK 7 PID 1677818 RUNNING AT i01r01c02s07
=   KILLED BY SIGNAL: 9 (Killed)
===================================================================================

===================================================================================
=   BAD TERMINATION OF ONE OF YOUR APPLICATION PROCESSES
=   RANK 8 PID 1677819 RUNNING AT i01r01c02s07
=   KILLED BY SIGNAL: 9 (Killed)
===================================================================================

===================================================================================
=   BAD TERMINATION OF ONE OF YOUR APPLICATION PROCESSES
=   RANK 9 PID 1677820 RUNNING AT i01r01c02s07
=   KILLED BY SIGNAL: 9 (Killed)
===================================================================================

===================================================================================
=   BAD TERMINATION OF ONE OF YOUR APPLICATION PROCESSES
=   RANK 10 PID 1677821 RUNNING AT i01r01c02s07
=   KILLED BY SIGNAL: 9 (Killed)
===================================================================================

===================================================================================
=   BAD TERMINATION OF ONE OF YOUR APPLICATION PROCESSES
=   RANK 11 PID 1677822 RUNNING AT i01r01c02s07
=   KILLED BY SIGNAL: 11 (Segmentation fault)
===================================================================================

===================================================================================
=   BAD TERMINATION OF ONE OF YOUR APPLICATION PROCESSES
=   RANK 12 PID 1677823 RUNNING AT i01r01c02s07
=   KILLED BY SIGNAL: 9 (Killed)
===================================================================================

===================================================================================
=   BAD TERMINATION OF ONE OF YOUR APPLICATION PROCESSES
=   RANK 13 PID 1677824 RUNNING AT i01r01c02s07
=   KILLED BY SIGNAL: 9 (Killed)
===================================================================================

===================================================================================
=   BAD TERMINATION OF ONE OF YOUR APPLICATION PROCESSES
=   RANK 14 PID 1677825 RUNNING AT i01r01c02s07
=   KILLED BY SIGNAL: 9 (Killed)
===================================================================================

===================================================================================
=   BAD TERMINATION OF ONE OF YOUR APPLICATION PROCESSES
=   RANK 15 PID 1677826 RUNNING AT i01r01c02s07
=   KILLED BY SIGNAL: 9 (Killed)
===================================================================================

===================================================================================
=   BAD TERMINATION OF ONE OF YOUR APPLICATION PROCESSES
=   RANK 16 PID 1677827 RUNNING AT i01r01c02s07
=   KILLED BY SIGNAL: 9 (Killed)
===================================================================================

===================================================================================
=   BAD TERMINATION OF ONE OF YOUR APPLICATION PROCESSES
=   RANK 17 PID 1677828 RUNNING AT i01r01c02s07
=   KILLED BY SIGNAL: 9 (Killed)
===================================================================================

===================================================================================
=   BAD TERMINATION OF ONE OF YOUR APPLICATION PROCESSES
=   RANK 18 PID 1677829 RUNNING AT i01r01c02s07
=   KILLED BY SIGNAL: 9 (Killed)
===================================================================================

===================================================================================
=   BAD TERMINATION OF ONE OF YOUR APPLICATION PROCESSES
=   RANK 19 PID 1677830 RUNNING AT i01r01c02s07
=   KILLED BY SIGNAL: 9 (Killed)
===================================================================================

===================================================================================
=   BAD TERMINATION OF ONE OF YOUR APPLICATION PROCESSES
=   RANK 20 PID 1677831 RUNNING AT i01r01c02s07
=   KILLED BY SIGNAL: 9 (Killed)
===================================================================================

===================================================================================
=   BAD TERMINATION OF ONE OF YOUR APPLICATION PROCESSES
=   RANK 21 PID 1677832 RUNNING AT i01r01c02s07
=   KILLED BY SIGNAL: 9 (Killed)
===================================================================================

===================================================================================
=   BAD TERMINATION OF ONE OF YOUR APPLICATION PROCESSES
=   RANK 22 PID 1677833 RUNNING AT i01r01c02s07
=   KILLED BY SIGNAL: 9 (Killed)
===================================================================================

===================================================================================
=   BAD TERMINATION OF ONE OF YOUR APPLICATION PROCESSES
=   RANK 23 PID 1677834 RUNNING AT i01r01c02s07
=   KILLED BY SIGNAL: 11 (Segmentation fault)
===================================================================================

===================================================================================
=   BAD TERMINATION OF ONE OF YOUR APPLICATION PROCESSES
=   RANK 24 PID 1677835 RUNNING AT i01r01c02s07
=   KILLED BY SIGNAL: 9 (Killed)
===================================================================================

===================================================================================
=   BAD TERMINATION OF ONE OF YOUR APPLICATION PROCESSES
=   RANK 25 PID 1677836 RUNNING AT i01r01c02s07
=   KILLED BY SIGNAL: 9 (Killed)
===================================================================================

===================================================================================
=   BAD TERMINATION OF ONE OF YOUR APPLICATION PROCESSES
=   RANK 26 PID 1677837 RUNNING AT i01r01c02s07
=   KILLED BY SIGNAL: 9 (Killed)
===================================================================================

===================================================================================
=   BAD TERMINATION OF ONE OF YOUR APPLICATION PROCESSES
=   RANK 27 PID 1677838 RUNNING AT i01r01c02s07
=   KILLED BY SIGNAL: 9 (Killed)
===================================================================================

===================================================================================
=   BAD TERMINATION OF ONE OF YOUR APPLICATION PROCESSES
=   RANK 28 PID 1677839 RUNNING AT i01r01c02s07
=   KILLED BY SIGNAL: 9 (Killed)
===================================================================================

===================================================================================
=   BAD TERMINATION OF ONE OF YOUR APPLICATION PROCESSES
=   RANK 29 PID 1677840 RUNNING AT i01r01c02s07
=   KILLED BY SIGNAL: 9 (Killed)
===================================================================================

===================================================================================
=   BAD TERMINATION OF ONE OF YOUR APPLICATION PROCESSES
=   RANK 30 PID 1677841 RUNNING AT i01r01c02s07
=   KILLED BY SIGNAL: 9 (Killed)
===================================================================================

===================================================================================
=   BAD TERMINATION OF ONE OF YOUR APPLICATION PROCESSES
=   RANK 31 PID 1677842 RUNNING AT i01r01c02s07
=   KILLED BY SIGNAL: 9 (Killed)
===================================================================================

===================================================================================
=   BAD TERMINATION OF ONE OF YOUR APPLICATION PROCESSES
=   RANK 32 PID 1677843 RUNNING AT i01r01c02s07
=   KILLED BY SIGNAL: 9 (Killed)
===================================================================================

===================================================================================
=   BAD TERMINATION OF ONE OF YOUR APPLICATION PROCESSES
=   RANK 33 PID 1677844 RUNNING AT i01r01c02s07
=   KILLED BY SIGNAL: 9 (Killed)
===================================================================================

===================================================================================
=   BAD TERMINATION OF ONE OF YOUR APPLICATION PROCESSES
=   RANK 34 PID 1677845 RUNNING AT i01r01c02s07
=   KILLED BY SIGNAL: 9 (Killed)
===================================================================================

===================================================================================
=   BAD TERMINATION OF ONE OF YOUR APPLICATION PROCESSES
=   RANK 35 PID 1677846 RUNNING AT i01r01c02s07
=   KILLED BY SIGNAL: 11 (Segmentation fault)
===================================================================================

===================================================================================
=   BAD TERMINATION OF ONE OF YOUR APPLICATION PROCESSES
=   RANK 36 PID 1677847 RUNNING AT i01r01c02s07
=   KILLED BY SIGNAL: 9 (Killed)
===================================================================================

===================================================================================
=   BAD TERMINATION OF ONE OF YOUR APPLICATION PROCESSES
=   RANK 37 PID 1677848 RUNNING AT i01r01c02s07
=   KILLED BY SIGNAL: 9 (Killed)
===================================================================================

===================================================================================
=   BAD TERMINATION OF ONE OF YOUR APPLICATION PROCESSES
=   RANK 38 PID 1677849 RUNNING AT i01r01c02s07
=   KILLED BY SIGNAL: 9 (Killed)
===================================================================================

===================================================================================
=   BAD TERMINATION OF ONE OF YOUR APPLICATION PROCESSES
=   RANK 39 PID 1677850 RUNNING AT i01r01c02s07
=   KILLED BY SIGNAL: 9 (Killed)
===================================================================================

===================================================================================
=   BAD TERMINATION OF ONE OF YOUR APPLICATION PROCESSES
=   RANK 40 PID 1677851 RUNNING AT i01r01c02s07
=   KILLED BY SIGNAL: 9 (Killed)
===================================================================================

===================================================================================
=   BAD TERMINATION OF ONE OF YOUR APPLICATION PROCESSES
=   RANK 41 PID 1677852 RUNNING AT i01r01c02s07
=   KILLED BY SIGNAL: 9 (Killed)
===================================================================================

===================================================================================
=   BAD TERMINATION OF ONE OF YOUR APPLICATION PROCESSES
=   RANK 42 PID 1677853 RUNNING AT i01r01c02s07
=   KILLED BY SIGNAL: 9 (Killed)
===================================================================================

===================================================================================
=   BAD TERMINATION OF ONE OF YOUR APPLICATION PROCESSES
=   RANK 43 PID 1677854 RUNNING AT i01r01c02s07
=   KILLED BY SIGNAL: 9 (Killed)
===================================================================================

===================================================================================
=   BAD TERMINATION OF ONE OF YOUR APPLICATION PROCESSES
=   RANK 44 PID 1677855 RUNNING AT i01r01c02s07
=   KILLED BY SIGNAL: 9 (Killed)
===================================================================================

===================================================================================
=   BAD TERMINATION OF ONE OF YOUR APPLICATION PROCESSES
=   RANK 45 PID 1677856 RUNNING AT i01r01c02s07
=   KILLED BY SIGNAL: 9 (Killed)
===================================================================================

===================================================================================
=   BAD TERMINATION OF ONE OF YOUR APPLICATION PROCESSES
=   RANK 46 PID 1677857 RUNNING AT i01r01c02s07
=   KILLED BY SIGNAL: 9 (Killed)
===================================================================================

===================================================================================
=   BAD TERMINATION OF ONE OF YOUR APPLICATION PROCESSES
=   RANK 47 PID 1677858 RUNNING AT i01r01c02s07
=   KILLED BY SIGNAL: 11 (Segmentation fault)
===================================================================================

===================================================================================
=   BAD TERMINATION OF ONE OF YOUR APPLICATION PROCESSES
=   RANK 77 PID 2825933 RUNNING AT i01r01c02s08
=   KILLED BY SIGNAL: 9 (Killed)
===================================================================================

===================================================================================
=   BAD TERMINATION OF ONE OF YOUR APPLICATION PROCESSES
=   RANK 78 PID 2825934 RUNNING AT i01r01c02s08
=   KILLED BY SIGNAL: 9 (Killed)
===================================================================================

===================================================================================
=   BAD TERMINATION OF ONE OF YOUR APPLICATION PROCESSES
=   RANK 79 PID 2825935 RUNNING AT i01r01c02s08
=   KILLED BY SIGNAL: 9 (Killed)
===================================================================================

===================================================================================
=   BAD TERMINATION OF ONE OF YOUR APPLICATION PROCESSES
=   RANK 80 PID 2825936 RUNNING AT i01r01c02s08
=   KILLED BY SIGNAL: 9 (Killed)
===================================================================================

===================================================================================
=   BAD TERMINATION OF ONE OF YOUR APPLICATION PROCESSES
=   RANK 81 PID 2825937 RUNNING AT i01r01c02s08
=   KILLED BY SIGNAL: 9 (Killed)
===================================================================================

===================================================================================
=   BAD TERMINATION OF ONE OF YOUR APPLICATION PROCESSES
=   RANK 82 PID 2825938 RUNNING AT i01r01c02s08
=   KILLED BY SIGNAL: 9 (Killed)
===================================================================================

===================================================================================
=   BAD TERMINATION OF ONE OF YOUR APPLICATION PROCESSES
=   RANK 83 PID 2825939 RUNNING AT i01r01c02s08
=   KILLED BY SIGNAL: 11 (Segmentation fault)
===================================================================================

===================================================================================
=   BAD TERMINATION OF ONE OF YOUR APPLICATION PROCESSES
=   RANK 84 PID 2825940 RUNNING AT i01r01c02s08
=   KILLED BY SIGNAL: 9 (Killed)
===================================================================================

===================================================================================
=   BAD TERMINATION OF ONE OF YOUR APPLICATION PROCESSES
=   RANK 85 PID 2825941 RUNNING AT i01r01c02s08
=   KILLED BY SIGNAL: 9 (Killed)
===================================================================================

===================================================================================
=   BAD TERMINATION OF ONE OF YOUR APPLICATION PROCESSES
=   RANK 86 PID 2825942 RUNNING AT i01r01c02s08
=   KILLED BY SIGNAL: 9 (Killed)
===================================================================================

===================================================================================
=   BAD TERMINATION OF ONE OF YOUR APPLICATION PROCESSES
=   RANK 87 PID 2825943 RUNNING AT i01r01c02s08
=   KILLED BY SIGNAL: 9 (Killed)
===================================================================================

===================================================================================
=   BAD TERMINATION OF ONE OF YOUR APPLICATION PROCESSES
=   RANK 88 PID 2825944 RUNNING AT i01r01c02s08
=   KILLED BY SIGNAL: 9 (Killed)
===================================================================================

===================================================================================
=   BAD TERMINATION OF ONE OF YOUR APPLICATION PROCESSES
=   RANK 89 PID 2825945 RUNNING AT i01r01c02s08
=   KILLED BY SIGNAL: 9 (Killed)
===================================================================================

===================================================================================
=   BAD TERMINATION OF ONE OF YOUR APPLICATION PROCESSES
=   RANK 90 PID 2825946 RUNNING AT i01r01c02s08
=   KILLED BY SIGNAL: 9 (Killed)
===================================================================================

===================================================================================
=   BAD TERMINATION OF ONE OF YOUR APPLICATION PROCESSES
=   RANK 91 PID 2825947 RUNNING AT i01r01c02s08
=   KILLED BY SIGNAL: 9 (Killed)
===================================================================================

===================================================================================
=   BAD TERMINATION OF ONE OF YOUR APPLICATION PROCESSES
=   RANK 92 PID 2825948 RUNNING AT i01r01c02s08
=   KILLED BY SIGNAL: 9 (Killed)
===================================================================================

===================================================================================
=   BAD TERMINATION OF ONE OF YOUR APPLICATION PROCESSES
=   RANK 93 PID 2825949 RUNNING AT i01r01c02s08
=   KILLED BY SIGNAL: 9 (Killed)
===================================================================================

===================================================================================
=   BAD TERMINATION OF ONE OF YOUR APPLICATION PROCESSES
=   RANK 94 PID 2825950 RUNNING AT i01r01c02s08
=   KILLED BY SIGNAL: 9 (Killed)
===================================================================================

===================================================================================
=   BAD TERMINATION OF ONE OF YOUR APPLICATION PROCESSES
=   RANK 95 PID 2825951 RUNNING AT i01r01c02s08
=   KILLED BY SIGNAL: 11 (Segmentation fault)
===================================================================================
