Running with 1 threads  
Resolution: 6500
===================
Execution time: 1.660628
Residual: 3.049154

megaflops:  3561.9
  flop instructions (M):  5915.000

Running with 2 threads
Resolution: 6500
===================
Execution time: 0.854887
Residual: 0.739029

megaflops:  6919.0
  flop instructions (M):  5915.000

Running with 4 threads
Resolution: 6500
===================
Execution time: 0.475883
Residual: 0.353473

megaflops:  12429.5
  flop instructions (M):  5915.000

Running with 8 threads
Resolution: 6500
===================
Execution time: 0.396427
Residual: 0.175808

megaflops:  14920.8
  flop instructions (M):  5915.000

Running with 12 threads
Resolution: 6500
===================
Execution time: 0.399062
Residual: 0.121738

megaflops:  14822.3
  flop instructions (M):  5915.000

Running with 16 threads
Resolution: 6500
===================
Execution time: 0.402818
Residual: 0.139713

megaflops:  14684.1
  flop instructions (M):  5915.000

Running with 24 threads
Resolution: 6500
===================
Execution time: 0.413458
Residual: 0.069042

megaflops:  14306.2
  flop instructions (M):  5915.000

Running with 32 threads
Resolution: 6500
===================
Execution time: 0.286406
Residual: 0.083759

megaflops:  20652.5
  flop instructions (M):  5915.000


Running with 48 threads
Resolution: 6500
===================
Execution time: 0.286148
Residual: 0.085126

megaflops:  20671.1
  flop instructions (M):  5915.000



