Running with 1 threads
Resolution: 6500
===================
Execution time: 1.632806
Residual: 3.049154

megaflops:  3622.6
  flop instructions (M):  5915.000

Running with 2 threads
Resolution: 6500
===================
Execution time: 0.897465
Residual: 1.900274

megaflops:  6590.8
  flop instructions (M):  5915.000

Running with 4 threads
Resolution: 6500
===================
Execution time: 0.507682
Residual: 0.607388

megaflops:  11651.0
  flop instructions (M):  5915.000

Running with 8 threads
Resolution: 6500
===================
Execution time: 0.418901
Residual: 0.416974

megaflops:  14120.3
  flop instructions (M):  5915.000


Running with 12 threads
Resolution: 6500
===================
Execution time: 0.411793
Residual: 0.352946

megaflops:  14364.0
  flop instructions (M):  5915.000

Running with 16 threads
Resolution: 6500
===================
Execution time: 0.411926
Residual: 0.321667

megaflops:  14359.4
  flop instructions (M):  5915.000

Running with 24 threads
Resolution: 6500
===================
Execution time: 0.414841
Residual: 0.291771

megaflops:  14258.5
  flop instructions (M):  5915.000

Running with 32 threads
Resolution: 6500
===================
Execution time: 0.360188
Residual: 0.264888

megaflops:  16422.0
  flop instructions (M):  5915.000


Running with 48 threads
Resolution: 6500
===================
Execution time: 0.325042
Residual: 0.032702

megaflops:  18197.6
  flop instructions (M):  5915.000

