mpiexec -genv I_MPI_PIN_PROCESSOR_LIST=0,2 -n 2

Starting Measurement with data-size 2^0
Data size : 2^0 (B), Time (ms) :     0.000830150, Bandwidth (MB/s) :     1.204601545

Starting Measurement with data-size 2^1
Data size : 2^1 (B), Time (ms) :     0.000819743, Bandwidth (MB/s) :     2.439789455

Starting Measurement with data-size 2^2
Data size : 2^2 (B), Time (ms) :     0.000860490, Bandwidth (MB/s) :     4.648513726

Starting Measurement with data-size 2^3
Data size : 2^3 (B), Time (ms) :     0.000826457, Bandwidth (MB/s) :     9.679874961

Starting Measurement with data-size 2^4
Data size : 2^4 (B), Time (ms) :     0.000845340, Bandwidth (MB/s) :    18.927287467

Starting Measurement with data-size 2^5
Data size : 2^5 (B), Time (ms) :     0.000865523, Bandwidth (MB/s) :    36.971855411

Starting Measurement with data-size 2^6
Data size : 2^6 (B), Time (ms) :     0.000851495, Bandwidth (MB/s) :    75.161937075

Starting Measurement with data-size 2^7
Data size : 2^7 (B), Time (ms) :     0.000844640, Bandwidth (MB/s) :   151.543935585

Starting Measurement with data-size 2^8
Data size : 2^8 (B), Time (ms) :     0.000859672, Bandwidth (MB/s) :   297.788084317

Starting Measurement with data-size 2^9
Data size : 2^9 (B), Time (ms) :     0.000844278, Bandwidth (MB/s) :   606.435588439

Starting Measurement with data-size 2^10
Data size : 2^10 (B), Time (ms) :     0.000840647, Bandwidth (MB/s) :  1218.108903186

Starting Measurement with data-size 2^11
Data size : 2^11 (B), Time (ms) :     0.000828110, Bandwidth (MB/s) :  2473.102072303

Starting Measurement with data-size 2^12
Data size : 2^12 (B), Time (ms) :     0.000827599, Bandwidth (MB/s) :  4949.257716089

Starting Measurement with data-size 2^13
Data size : 2^13 (B), Time (ms) :     0.000829177, Bandwidth (MB/s) :  9879.681690499

Starting Measurement with data-size 2^14
Data size : 2^14 (B), Time (ms) :     0.000849985, Bandwidth (MB/s) : 19275.633098927

Starting Measurement with data-size 2^15
Data size : 2^15 (B), Time (ms) :     0.000828013, Bandwidth (MB/s) : 39574.248496334

Starting Measurement with data-size 2^16
Data size : 2^16 (B), Time (ms) :     0.000842321, Bandwidth (MB/s) : 77804.023433907

Starting Measurement with data-size 2^17
Data size : 2^17 (B), Time (ms) :     0.000828732, Bandwidth (MB/s) : 158159.696220224

Starting Measurement with data-size 2^18
Data size : 2^18 (B), Time (ms) :     0.000820565, Bandwidth (MB/s) : 319467.705538605

Starting Measurement with data-size 2^19
Data size : 2^19 (B), Time (ms) :     0.000823240, Bandwidth (MB/s) : 636859.469071402

Starting Measurement with data-size 2^20
Data size : 2^20 (B), Time (ms) :     0.000845442, Bandwidth (MB/s) : 1240269.498216402
