mpiexec -genv I_MPI_PIN_DOMAIN=socket -n 2

Starting Measurement with data-size 2^0
Data size : 2^0 (B), Time (ms) :     0.001342596, Bandwidth (MB/s) :     0.744825839

Starting Measurement with data-size 2^1
Data size : 2^1 (B), Time (ms) :     0.001358388, Bandwidth (MB/s) :     1.472333594

Starting Measurement with data-size 2^2
Data size : 2^2 (B), Time (ms) :     0.001349061, Bandwidth (MB/s) :     2.965026160

Starting Measurement with data-size 2^3
Data size : 2^3 (B), Time (ms) :     0.001362329, Bandwidth (MB/s) :     5.872297538

Starting Measurement with data-size 2^4
Data size : 2^4 (B), Time (ms) :     0.001361895, Bandwidth (MB/s) :    11.748337737

Starting Measurement with data-size 2^5
Data size : 2^5 (B), Time (ms) :     0.001367853, Bandwidth (MB/s) :    23.394329520

Starting Measurement with data-size 2^6
Data size : 2^6 (B), Time (ms) :     0.001340033, Bandwidth (MB/s) :    47.760033705

Starting Measurement with data-size 2^7
Data size : 2^7 (B), Time (ms) :     0.001341970, Bandwidth (MB/s) :    95.382129977

Starting Measurement with data-size 2^8
Data size : 2^8 (B), Time (ms) :     0.001337777, Bandwidth (MB/s) :   191.362306256

Starting Measurement with data-size 2^9
Data size : 2^9 (B), Time (ms) :     0.001342646, Bandwidth (MB/s) :   381.336492679

Starting Measurement with data-size 2^10
Data size : 2^10 (B), Time (ms) :     0.001344706, Bandwidth (MB/s) :   761.504678391

Starting Measurement with data-size 2^11
Data size : 2^11 (B), Time (ms) :     0.001346024, Bandwidth (MB/s) :  1521.518468750

Starting Measurement with data-size 2^12
Data size : 2^12 (B), Time (ms) :     0.001333732, Bandwidth (MB/s) :  3071.081382869

Starting Measurement with data-size 2^13
Data size : 2^13 (B), Time (ms) :     0.001332459, Bandwidth (MB/s) :  6148.030527772

Starting Measurement with data-size 2^14
Data size : 2^14 (B), Time (ms) :     0.001368637, Bandwidth (MB/s) : 11971.035493429

Starting Measurement with data-size 2^15
Data size : 2^15 (B), Time (ms) :     0.001332729, Bandwidth (MB/s) : 24587.145280394

Starting Measurement with data-size 2^16
Data size : 2^16 (B), Time (ms) :     0.001363061, Bandwidth (MB/s) : 48080.020039733

Starting Measurement with data-size 2^17
Data size : 2^17 (B), Time (ms) :     0.001355724, Bandwidth (MB/s) : 96680.416099581

Starting Measurement with data-size 2^18
Data size : 2^18 (B), Time (ms) :     0.001342658, Bandwidth (MB/s) : 195242.604926500

Starting Measurement with data-size 2^19
Data size : 2^19 (B), Time (ms) :     0.001340274, Bandwidth (MB/s) : 391179.673067930

Starting Measurement with data-size 2^20
Data size : 2^20 (B), Time (ms) :     0.001344056, Bandwidth (MB/s) : 780158.153947497
