Resolutions       : (200, 1200, ... 6200)
Iterations        : 40
Algorithm         : 0 (Jacobi)
Num. Heat sources : 2
   1: (0.00, 0.00) 1.00 1.00 
   2: (1.00, 1.00) 1.00 0.50 
Resolution:   200Resolution:   200, Time: 0.002 (0.018 GFlop => 8721.62 MFlop/s, residual 0.031825, 40 iterations)
Resolution:  1200Resolution:  1200, Time: 0.150 (0.634 GFlop => 4231.31 MFlop/s, residual 0.190962, 40 iterations)
Resolution:  2200Resolution:  2200, Time: 0.749 (2.130 GFlop => 2843.92 MFlop/s, residual 0.349995, 40 iterations)
Resolution:  3200Resolution:  3200, Time: 1.725 (4.506 GFlop => 2611.85 MFlop/s, residual 0.509021, 40 iterations)
Resolution:  4200Resolution:  4200, Time: 3.030 (7.762 GFlop => 2561.39 MFlop/s, residual 0.668045, 40 iterations)
Resolution:  5200Resolution:  5200, Time: 4.715 (11.898 GFlop => 2523.52 MFlop/s, residual 0.827068, 40 iterations)
Resolution:  6200Resolution:  6200, Time: 6.770 (16.914 GFlop => 2498.35 MFlop/s, residual 0.986091, 40 iterations)
  200; 0.002; 8721.615
 1200; 0.150; 4231.308
 2200; 0.749; 2843.918
 3200; 1.725; 2611.854
 4200; 3.030; 2561.394
 5200; 4.715; 2523.517
 6200; 6.770; 2498.348
