Plugin perfevent: Sensors stopped
PAPI-HL Info: PAPI has been initiated!
PAPI-HL Warning: Cannot add PAPI_PRF_DM to component perf_event.
The following event combination is not supported:
  PAPI_L2_TCM
  PAPI_L2_TCA
  PAPI_L3_TCM
  PAPI_L3_TCA
  PAPI_PRF_DM
Advice: Use papi_event_chooser to obtain an appropriate event set for this component or set PAPI_MULTIPLEX=1.
PAPI-HL Warning: Cannot add PAPI_LD_INS to component perf_event.
The following event combination is not supported:
  PAPI_L2_TCM
  PAPI_L2_TCA
  PAPI_L3_TCM
  PAPI_L3_TCA
  PAPI_LD_INS
Advice: Use papi_event_chooser to obtain an appropriate event set for this component or set PAPI_MULTIPLEX=1.
PAPI-HL Warning: Cannot add PAPI_SR_INS to component perf_event.
The following event combination is not supported:
  PAPI_L2_TCM
  PAPI_L2_TCA
  PAPI_L3_TCM
  PAPI_L3_TCA
  PAPI_SR_INS
Advice: Use papi_event_chooser to obtain an appropriate event set for this component or set PAPI_MULTIPLEX=1.
PAPI-HL Info: Using the following events:
  PAPI_L2_TCM
  PAPI_L2_TCA
  PAPI_L3_TCM
  PAPI_L3_TCA
  200; 0.353; 49.829
 1200; 0.129; 4903.682
 2200; 0.590; 3606.692
 3200; 1.368; 3294.220
 4200; 2.408; 3222.886
 5200; 3.764; 3160.763
 6200; 7.331; 2307.248
PAPI-HL Info: Print results...


PAPI-HL Output:
{
  "cpu in mhz":"2701",
  "threads":[
    {
      "id":"2184550",
      "regions":[
        {
          "200":{
            "region_count":"1",
            "cycles":"5719732",
            "PAPI_L2_TCM":"80443",
            "PAPI_L2_TCA":"729546",
            "PAPI_L3_TCM":"2860",
            "PAPI_L3_TCA":"80443"
          }
        },
        {
          "1200":{
            "region_count":"1",
            "cycles":"348028198",
            "PAPI_L2_TCM":"35873794",
            "PAPI_L2_TCA":"36404022",
            "PAPI_L3_TCM":"895906",
            "PAPI_L3_TCA":"35873794"
          }
        },
        {
          "2200":{
            "region_count":"1",
            "cycles":"1590472946",
            "PAPI_L2_TCM":"120798859",
            "PAPI_L2_TCA":"140684659",
            "PAPI_L3_TCM":"70221392",
            "PAPI_L3_TCA":"120798859"
          }
        },
        {
          "3200":{
            "region_count":"1",
            "cycles":"3684163262",
            "PAPI_L2_TCM":"255468657",
            "PAPI_L2_TCA":"300910724",
            "PAPI_L3_TCM":"205273203",
            "PAPI_L3_TCA":"255468657"
          }
        },
        {
          "4200":{
            "region_count":"1",
            "cycles":"6487033570",
            "PAPI_L2_TCM":"440096145",
            "PAPI_L2_TCA":"518995023",
            "PAPI_L3_TCM":"388863275",
            "PAPI_L3_TCA":"440096145"
          }
        },
        {
          "5200":{
            "region_count":"1",
            "cycles":"10139301290",
            "PAPI_L2_TCM":"674484353",
            "PAPI_L2_TCA":"796034881",
            "PAPI_L3_TCM":"622326245",
            "PAPI_L3_TCA":"674484353"
          }
        },
        {
          "6200":{
            "region_count":"1",
            "cycles":"19746170230",
            "PAPI_L2_TCM":"959203399",
            "PAPI_L2_TCA":"1133464192",
            "PAPI_L3_TCM":"910229984",
            "PAPI_L3_TCA":"959203399"
          }
        }
      ]
    }
  ]
}

