Plugin perfevent: Sensors stopped
PAPI-HL Info: PAPI has been initiated!
PAPI-HL Info: Using the following events:
  perf::TASK-CLOCK
  PAPI_VEC_DP
  PAPI_DP_OPS
  200; 0.002; 8604.240
 1200; 0.130; 4882.555
 2200; 0.584; 3646.469
 3200; 1.368; 3292.698
 4200; 2.412; 3218.245
 5200; 3.767; 3158.074
 6200; 5.414; 3124.110
PAPI-HL Info: Print results...


PAPI-HL Output:
{
  "cpu in mhz":"2701",
  "threads":[
    {
      "id":"2198913",
      "regions":[
        {
          "200":{
            "region_count":"1",
            "cycles":"5724384",
            "perf::TASK-CLOCK":"2127473",
            "PAPI_VEC_DP":"2288169",
            "PAPI_DP_OPS":"18305289"
          }
        },
        {
          "1200":{
            "region_count":"1",
            "cycles":"349529560",
            "perf::TASK-CLOCK":"129759277",
            "PAPI_VEC_DP":"79728169",
            "PAPI_DP_OPS":"637825289"
          }
        },
        {
          "2200":{
            "region_count":"1",
            "cycles":"1573110734",
            "perf::TASK-CLOCK":"584000140",
            "PAPI_VEC_DP":"267168169",
            "PAPI_DP_OPS":"2137345289"
          }
        },
        {
          "3200":{
            "region_count":"1",
            "cycles":"3685843852",
            "perf::TASK-CLOCK":"1368297487",
            "PAPI_VEC_DP":"564608169",
            "PAPI_DP_OPS":"4516865289"
          }
        },
        {
          "4200":{
            "region_count":"1",
            "cycles":"6496349902",
            "perf::TASK-CLOCK":"2411560932",
            "PAPI_VEC_DP":"972048169",
            "PAPI_DP_OPS":"7776385289"
          }
        },
        {
          "5200":{
            "region_count":"1",
            "cycles":"10147874926",
            "perf::TASK-CLOCK":"3767164462",
            "PAPI_VEC_DP":"1489488169",
            "PAPI_DP_OPS":"11915905289"
          }
        },
        {
          "6200":{
            "region_count":"1",
            "cycles":"14583048270",
            "perf::TASK-CLOCK":"5413682523",
            "PAPI_VEC_DP":"2116928169",
            "PAPI_DP_OPS":"16935425289"
          }
        }
      ]
    }
  ]
}

