Resolutions       : (6500, 7500, ... 6500)
Iterations        : 20
Num. Heat sources : 2
   1: (0.00, 0.00) 1.00 1.00 
   2: (1.00, 1.00) 1.00 0.50 


Resolution: 6500
===================
Execution time: 1.150065
Residual: 3.049154

megaflops:  5143.2
  flop instructions (M):  5915.000
Resolutions       : (6500, 7500, ... 6500)
Iterations        : 20
Num. Heat sources : 2
   1: (0.00, 0.00) 1.00 1.00 
   2: (1.00, 1.00) 1.00 0.50 


Resolution: 6500
===================
Execution time: 0.714255
Residual: 3.049154

megaflops:  8281.4
  flop instructions (M):  5915.000
Resolutions       : (6500, 7500, ... 6500)
Iterations        : 20
Num. Heat sources : 2
   1: (0.00, 0.00) 1.00 1.00 
   2: (1.00, 1.00) 1.00 0.50 


Resolution: 6500
===================
Execution time: 0.385565
Residual: 3.049154

megaflops:  15341.1
  flop instructions (M):  5915.000
Resolutions       : (6500, 7500, ... 6500)
Iterations        : 20
Num. Heat sources : 2
   1: (0.00, 0.00) 1.00 1.00 
   2: (1.00, 1.00) 1.00 0.50 


Resolution: 6500
===================
Execution time: 0.234949
Residual: 3.049154

megaflops:  25175.7
  flop instructions (M):  5915.000
Resolutions       : (6500, 7500, ... 6500)
Iterations        : 20
Num. Heat sources : 2
   1: (0.00, 0.00) 1.00 1.00 
   2: (1.00, 1.00) 1.00 0.50 


Resolution: 6500
===================
Execution time: 0.181934
Residual: 3.049154

megaflops:  32511.8
  flop instructions (M):  5915.000
Resolutions       : (6500, 7500, ... 6500)
Iterations        : 20
Num. Heat sources : 2
   1: (0.00, 0.00) 1.00 1.00 
   2: (1.00, 1.00) 1.00 0.50 


Resolution: 6500
===================
Execution time: 0.171335
Residual: 3.049154

megaflops:  34523.0
  flop instructions (M):  5915.000
Resolutions       : (6500, 7500, ... 6500)
Iterations        : 20
Num. Heat sources : 2
   1: (0.00, 0.00) 1.00 1.00 
   2: (1.00, 1.00) 1.00 0.50 


Resolution: 6500
===================
Execution time: 0.163584
Residual: 3.049154

megaflops:  36158.8
  flop instructions (M):  5915.000
Resolutions       : (6500, 7500, ... 6500)
Iterations        : 20
Num. Heat sources : 2
   1: (0.00, 0.00) 1.00 1.00 
   2: (1.00, 1.00) 1.00 0.50 


Resolution: 6500
===================
Execution time: 0.165320
Residual: 3.049154

megaflops:  35779.1
  flop instructions (M):  5915.000
Resolutions       : (6500, 7500, ... 6500)
Iterations        : 20
Num. Heat sources : 2
   1: (0.00, 0.00) 1.00 1.00 
   2: (1.00, 1.00) 1.00 0.50 


Resolution: 6500
===================
Execution time: 0.175147
Residual: 3.049154

megaflops:  33771.7
  flop instructions (M):  5915.000
