Resolutions       : (200, 1200, ... 6200)
Iterations        : 40
Algorithm         : 0 (Jacobi)
Num. Heat sources : 2
   1: (0.00, 0.00) 1.00 1.00 
   2: (1.00, 1.00) 1.00 0.50 
Resolution:   200Resolution:   200, Time: 0.002 (0.018 GFlop => 8911.12 MFlop/s, residual 0.031825, 40 iterations)
Resolution:  1200Resolution:  1200, Time: 0.122 (0.634 GFlop => 5195.62 MFlop/s, residual 0.190962, 40 iterations)
Resolution:  2200Resolution:  2200, Time: 0.749 (2.130 GFlop => 2843.50 MFlop/s, residual 0.349995, 40 iterations)
Resolution:  3200Resolution:  3200, Time: 1.729 (4.506 GFlop => 2605.69 MFlop/s, residual 0.509021, 40 iterations)
Resolution:  4200Resolution:  4200, Time: 3.034 (7.762 GFlop => 2558.02 MFlop/s, residual 0.668045, 40 iterations)
Resolution:  5200Resolution:  5200, Time: 4.731 (11.898 GFlop => 2514.90 MFlop/s, residual 0.827068, 40 iterations)
Resolution:  6200Resolution:  6200, Time: 6.788 (16.914 GFlop => 2491.54 MFlop/s, residual 0.986091, 40 iterations)
  200; 0.002; 8911.124
 1200; 0.122; 5195.616
 2200; 0.749; 2843.505
 3200; 1.729; 2605.694
 4200; 3.034; 2558.020
 5200; 4.731; 2514.902
 6200; 6.788; 2491.542
