Plugin perfevent: Sensors stopped
PAPI-HL Info: PAPI has been initiated!
PAPI-HL Info: Using the following events:
  perf::TASK-CLOCK
  PAPI_VEC_DP
  PAPI_DP_OPS
  200; 0.157; 111.806
 1200; 0.064; 9874.818
 2200; 0.249; 8552.403
 3200; 0.548; 8227.319
 4200; 0.958; 8103.654
 5200; 1.492; 7974.652
 6200; 2.173; 7784.399
PAPI-HL Info: Print results...


PAPI-HL Output:
{
  "cpu in mhz":"2701",
  "threads":[
    {
      "id":"2773277",
      "regions":[
        {
          "200":{
            "region_count":"1",
            "cycles":"3007932",
            "perf::TASK-CLOCK":"1117018",
            "PAPI_VEC_DP":"1648129",
            "PAPI_DP_OPS":"13184969"
          }
        },
        {
          "1200":{
            "region_count":"1",
            "cycles":"172814096",
            "perf::TASK-CLOCK":"64155410",
            "PAPI_VEC_DP":"57888129",
            "PAPI_DP_OPS":"463104969"
          }
        },
        {
          "2200":{
            "region_count":"1",
            "cycles":"670716066",
            "perf::TASK-CLOCK":"248995511",
            "PAPI_VEC_DP":"194128129",
            "PAPI_DP_OPS":"1553024969"
          }
        },
        {
          "3200":{
            "region_count":"1",
            "cycles":"1475122098",
            "perf::TASK-CLOCK":"547624437",
            "PAPI_VEC_DP":"410368129",
            "PAPI_DP_OPS":"3282944969"
          }
        },
        {
          "4200":{
            "region_count":"1",
            "cycles":"2579927826",
            "perf::TASK-CLOCK":"957773066",
            "PAPI_VEC_DP":"706608129",
            "PAPI_DP_OPS":"5652864969"
          }
        },
        {
          "5200":{
            "region_count":"1",
            "cycles":"4018710430",
            "perf::TASK-CLOCK":"1491894028",
            "PAPI_VEC_DP":"1082848129",
            "PAPI_DP_OPS":"8662784969"
          }
        },
        {
          "6200":{
            "region_count":"1",
            "cycles":"5852630420",
            "perf::TASK-CLOCK":"2172684659",
            "PAPI_VEC_DP":"1539088129",
            "PAPI_DP_OPS":"12312704969"
          }
        }
      ]
    }
  ]
}

