Plugin perfevent: Sensors stopped
PAPI-HL Info: PAPI has been initiated!
PAPI-HL Info: Using the following events:
  PAPI_L2_TCM
  PAPI_L2_TCA
  PAPI_L3_TCM
  PAPI_L3_TCA
  200; 0.212; 82.904
 1200; 0.060; 10495.285
 2200; 0.263; 8087.375
 3200; 0.567; 7944.017
 4200; 0.948; 8190.591
 5200; 1.448; 8213.851
 6200; 2.110; 8015.362
PAPI-HL Info: Print results...


PAPI-HL Output:
{
  "cpu in mhz":"2701",
  "threads":[
    {
      "id":"2406220",
      "regions":[
        {
          "200":{
            "region_count":"1",
            "cycles":"2679954",
            "PAPI_L2_TCM":"10386",
            "PAPI_L2_TCA":"382318",
            "PAPI_L3_TCM":"2583",
            "PAPI_L3_TCA":"10386"
          }
        },
        {
          "1200":{
            "region_count":"1",
            "cycles":"162600468",
            "PAPI_L2_TCM":"14281326",
            "PAPI_L2_TCA":"24180265",
            "PAPI_L3_TCM":"1401458",
            "PAPI_L3_TCA":"14281326"
          }
        },
        {
          "2200":{
            "region_count":"1",
            "cycles":"709286520",
            "PAPI_L2_TCM":"48159331",
            "PAPI_L2_TCA":"80554793",
            "PAPI_L3_TCM":"27487293",
            "PAPI_L3_TCA":"48159331"
          }
        },
        {
          "3200":{
            "region_count":"1",
            "cycles":"1527726752",
            "PAPI_L2_TCM":"102086337",
            "PAPI_L2_TCA":"167863038",
            "PAPI_L3_TCM":"80776691",
            "PAPI_L3_TCA":"102086337"
          }
        },
        {
          "4200":{
            "region_count":"1",
            "cycles":"2552538806",
            "PAPI_L2_TCM":"175905329",
            "PAPI_L2_TCA":"288651822",
            "PAPI_L3_TCM":"153801631",
            "PAPI_L3_TCA":"175905329"
          }
        },
        {
          "5200":{
            "region_count":"1",
            "cycles":"3901670660",
            "PAPI_L2_TCM":"269786163",
            "PAPI_L2_TCA":"437617713",
            "PAPI_L3_TCM":"246283263",
            "PAPI_L3_TCA":"269786163"
          }
        },
        {
          "6200":{
            "region_count":"1",
            "cycles":"5683968050",
            "PAPI_L2_TCM":"383388933",
            "PAPI_L2_TCA":"619463212",
            "PAPI_L3_TCM":"358391309",
            "PAPI_L3_TCA":"383388933"
          }
        }
      ]
    }
  ]
}

