Plugin perfevent: Sensors stopped
PAPI-HL Info: PAPI has been initiated!
PAPI-HL Info: Using the following events:
  PAPI_PRF_DM
  PAPI_LD_INS
  PAPI_SR_INS
  200; 0.218; 2.017
 1200; 0.073; 8673.027
 2200; 0.395; 5394.369
 3200; 0.950; 4741.349
 4200; 1.689; 4595.009
 5200; 2.638; 4509.418
 6200; 3.806; 4443.780
PAPI-HL Info: Print results...


PAPI-HL Output:
{
  "cpu in mhz":"2701",
  "threads":[
    {
      "id":"688861",
      "regions":[
        {
          "200":{
            "region_count":"1",
            "cycles":"31212",
            "PAPI_PRF_DM":"33",
            "PAPI_LD_INS":"864",
            "PAPI_SR_INS":"477"
          }
        },
        {
          "1200":{
            "region_count":"1",
            "cycles":"196770564",
            "PAPI_PRF_DM":"8596580",
            "PAPI_LD_INS":"61884911",
            "PAPI_SR_INS":"6603522"
          }
        },
        {
          "2200":{
            "region_count":"1",
            "cycles":"1063388096",
            "PAPI_PRF_DM":"65620624",
            "PAPI_LD_INS":"244728844",
            "PAPI_SR_INS":"26196482"
          }
        },
        {
          "3200":{
            "region_count":"1",
            "cycles":"2559688702",
            "PAPI_PRF_DM":"144634775",
            "PAPI_LD_INS":"548532972",
            "PAPI_SR_INS":"58779842"
          }
        },
        {
          "4200":{
            "region_count":"1",
            "cycles":"4549909446",
            "PAPI_PRF_DM":"253855508",
            "PAPI_LD_INS":"973297608",
            "PAPI_SR_INS":"104353602"
          }
        },
        {
          "5200":{
            "region_count":"1",
            "cycles":"7106860990",
            "PAPI_PRF_DM":"397887392",
            "PAPI_LD_INS":"1519022498",
            "PAPI_SR_INS":"162917762"
          }
        },
        {
          "6200":{
            "region_count":"1",
            "cycles":"10252342812",
            "PAPI_PRF_DM":"570120129",
            "PAPI_LD_INS":"2185706084",
            "PAPI_SR_INS":"234471971"
          }
        }
      ]
    }
  ]
}

