srun -n 2 --cpu-bind=verbose --sockets-per-node=2 --cores-per-socket=1 --threads-per-core=1
Intel(R) processor family information utility, Version 2019 Update 8 Build 20200624 (id: 4f16ad915)
Copyright (C) 2005-2020 Intel Corporation.  All rights reserved.

=====  Processor composition  =====
Processor name    : Intel(R) Xeon(R) Platinum 8174  
Packages(sockets) : 2
Cores             : 48
Processors(CPUs)  : 96
Cores per package : 24
Threads per core  : 2

=====  Processor identification  =====
Processor	Thread Id.	Core Id.	Package Id.
0       	0   		0   		0   
1       	0   		1   		0   
2       	0   		2   		0   
3       	0   		3   		0   
4       	0   		4   		0   
5       	0   		5   		0   
6       	0   		8   		0   
7       	0   		9   		0   
8       	0   		10  		0   
9       	0   		11  		0   
10      	0   		12  		0   
11      	0   		13  		0   
12      	0   		16  		0   
13      	0   		17  		0   
14      	0   		18  		0   
15      	0   		19  		0   
16      	0   		20  		0   
17      	0   		21  		0   
18      	0   		24  		0   
19      	0   		25  		0   
20      	0   		26  		0   
21      	0   		27  		0   
22      	0   		28  		0   
23      	0   		29  		0   
24      	0   		0   		1   
25      	0   		1   		1   
26      	0   		2   		1   
27      	0   		3   		1   
28      	0   		4   		1   
29      	0   		5   		1   
30      	0   		8   		1   
31      	0   		9   		1   
32      	0   		10  		1   
33      	0   		11  		1   
34      	0   		12  		1   
35      	0   		13  		1   
36      	0   		16  		1   
37      	0   		17  		1   
38      	0   		18  		1   
39      	0   		19  		1   
40      	0   		20  		1   
41      	0   		21  		1   
42      	0   		24  		1   
43      	0   		25  		1   
44      	0   		26  		1   
45      	0   		27  		1   
46      	0   		28  		1   
47      	0   		29  		1   
48      	1   		0   		0   
49      	1   		1   		0   
50      	1   		2   		0   
51      	1   		3   		0   
52      	1   		4   		0   
53      	1   		5   		0   
54      	1   		8   		0   
55      	1   		9   		0   
56      	1   		10  		0   
57      	1   		11  		0   
58      	1   		12  		0   
59      	1   		13  		0   
60      	1   		16  		0   
61      	1   		17  		0   
62      	1   		18  		0   
63      	1   		19  		0   
64      	1   		20  		0   
65      	1   		21  		0   
66      	1   		24  		0   
67      	1   		25  		0   
68      	1   		26  		0   
69      	1   		27  		0   
70      	1   		28  		0   
71      	1   		29  		0   
72      	1   		0   		1   
73      	1   		1   		1   
74      	1   		2   		1   
75      	1   		3   		1   
76      	1   		4   		1   
77      	1   		5   		1   
78      	1   		8   		1   
79      	1   		9   		1   
80      	1   		10  		1   
81      	1   		11  		1   
82      	1   		12  		1   
83      	1   		13  		1   
84      	1   		16  		1   
85      	1   		17  		1   
86      	1   		18  		1   
87      	1   		19  		1   
88      	1   		20  		1   
89      	1   		21  		1   
90      	1   		24  		1   
91      	1   		25  		1   
92      	1   		26  		1   
93      	1   		27  		1   
94      	1   		28  		1   
95      	1   		29  		1   
=====  Placement on packages  =====
Package Id.	Core Id.	Processors
0   		0,1,2,3,4,5,8,9,10,11,12,13,16,17,18,19,20,21,24,25,26,27,28,29		(0,48)(1,49)(2,50)(3,51)(4,52)(5,53)(6,54)(7,55)(8,56)(9,57)(10,58)(11,59)(12,60)(13,61)(14,62)(15,63)(16,64)(17,65)(18,66)(19,67)(20,68)(21,69)(22,70)(23,71)
1   		0,1,2,3,4,5,8,9,10,11,12,13,16,17,18,19,20,21,24,25,26,27,28,29		(24,72)(25,73)(26,74)(27,75)(28,76)(29,77)(30,78)(31,79)(32,80)(33,81)(34,82)(35,83)(36,84)(37,85)(38,86)(39,87)(40,88)(41,89)(42,90)(43,91)(44,92)(45,93)(46,94)(47,95)

=====  Cache sharing  =====
Cache	Size		Processors
L1	32  KB		(0,48)(1,49)(2,50)(3,51)(4,52)(5,53)(6,54)(7,55)(8,56)(9,57)(10,58)(11,59)(12,60)(13,61)(14,62)(15,63)(16,64)(17,65)(18,66)(19,67)(20,68)(21,69)(22,70)(23,71)(24,72)(25,73)(26,74)(27,75)(28,76)(29,77)(30,78)(31,79)(32,80)(33,81)(34,82)(35,83)(36,84)(37,85)(38,86)(39,87)(40,88)(41,89)(42,90)(43,91)(44,92)(45,93)(46,94)(47,95)
L2	1   MB		(0,48)(1,49)(2,50)(3,51)(4,52)(5,53)(6,54)(7,55)(8,56)(9,57)(10,58)(11,59)(12,60)(13,61)(14,62)(15,63)(16,64)(17,65)(18,66)(19,67)(20,68)(21,69)(22,70)(23,71)(24,72)(25,73)(26,74)(27,75)(28,76)(29,77)(30,78)(31,79)(32,80)(33,81)(34,82)(35,83)(36,84)(37,85)(38,86)(39,87)(40,88)(41,89)(42,90)(43,91)(44,92)(45,93)(46,94)(47,95)
L3	33  MB		(0,1,2,3,4,5,6,7,8,9,10,11,12,13,14,15,16,17,18,19,20,21,22,23,48,49,50,51,52,53,54,55,56,57,58,59,60,61,62,63,64,65,66,67,68,69,70,71)(24,25,26,27,28,29,30,31,32,33,34,35,36,37,38,39,40,41,42,43,44,45,46,47,72,73,74,75,76,77,78,79,80,81,82,83,84,85,86,87,88,89,90,91,92,93,94,95)
cpu-bind=MASK - i05r08c01s12, task  1  1 [1835713]: mask 0x1000000 set
cpu-bind=MASK - i05r08c01s12, task  0  0 [1835712]: mask 0x1 set
cpu-bind=MASK - i05r08c01s12, task  1  1 [1835713]: mask 0x1000000 set
cpu-bind=MASK - i05r08c01s12, task  0  0 [1835712]: mask 0x1 set

Starting Measurement with data-size 2^0
Data size : 2^0 (B), Time (ms) :     0.001430158, Bandwidth (MB/s) :     0.699223424
cpu-bind=MASK - i05r08c01s12, task  1  1 [1835785]: mask 0x1000000 set
cpu-bind=MASK - i05r08c01s12, task  0  0 [1835784]: mask 0x1 set
cpu-bind=MASK - i05r08c01s12, task  1  1 [1835785]: mask 0x1000000 set
cpu-bind=MASK - i05r08c01s12, task  0  0 [1835784]: mask 0x1 set

Starting Measurement with data-size 2^1
Data size : 2^1 (B), Time (ms) :     0.001463255, Bandwidth (MB/s) :     1.366815496
cpu-bind=MASK - i05r08c01s12, task  1  1 [1835857]: mask 0x1000000 set
cpu-bind=MASK - i05r08c01s12, task  0  0 [1835856]: mask 0x1 set
cpu-bind=MASK - i05r08c01s12, task  1  1 [1835857]: mask 0x1000000 set
cpu-bind=MASK - i05r08c01s12, task  0  0 [1835856]: mask 0x1 set

Starting Measurement with data-size 2^2
Data size : 2^2 (B), Time (ms) :     0.001457310, Bandwidth (MB/s) :     2.744783368
cpu-bind=MASK - i05r08c01s12, task  1  1 [1835929]: mask 0x1000000 set
cpu-bind=MASK - i05r08c01s12, task  0  0 [1835928]: mask 0x1 set
cpu-bind=MASK - i05r08c01s12, task  1  1 [1835929]: mask 0x1000000 set
cpu-bind=MASK - i05r08c01s12, task  0  0 [1835928]: mask 0x1 set

Starting Measurement with data-size 2^3
Data size : 2^3 (B), Time (ms) :     0.001459376, Bandwidth (MB/s) :     5.481794778
cpu-bind=MASK - i05r08c01s12, task  1  1 [1835999]: mask 0x1000000 set
cpu-bind=MASK - i05r08c01s12, task  0  0 [1835998]: mask 0x1 set
cpu-bind=MASK - i05r08c01s12, task  1  1 [1835999]: mask 0x1000000 set
cpu-bind=MASK - i05r08c01s12, task  0  0 [1835998]: mask 0x1 set

Starting Measurement with data-size 2^4
Data size : 2^4 (B), Time (ms) :     0.001442964, Bandwidth (MB/s) :    11.088290562
cpu-bind=MASK - i05r08c01s12, task  1  1 [1836073]: mask 0x1000000 set
cpu-bind=MASK - i05r08c01s12, task  0  0 [1836072]: mask 0x1 set
cpu-bind=MASK - i05r08c01s12, task  1  1 [1836073]: mask 0x1000000 set
cpu-bind=MASK - i05r08c01s12, task  0  0 [1836072]: mask 0x1 set

Starting Measurement with data-size 2^5
Data size : 2^5 (B), Time (ms) :     0.001456587, Bandwidth (MB/s) :    21.969170273
cpu-bind=MASK - i05r08c01s12, task  0  0 [1836143]: mask 0x1 set
cpu-bind=MASK - i05r08c01s12, task  1  1 [1836144]: mask 0x1000000 set
cpu-bind=MASK - i05r08c01s12, task  1  1 [1836144]: mask 0x1000000 set
cpu-bind=MASK - i05r08c01s12, task  0  0 [1836143]: mask 0x1 set

Starting Measurement with data-size 2^6
Data size : 2^6 (B), Time (ms) :     0.001420130, Bandwidth (MB/s) :    45.066301964
cpu-bind=MASK - i05r08c01s12, task  1  1 [1836215]: mask 0x1000000 set
cpu-bind=MASK - i05r08c01s12, task  0  0 [1836214]: mask 0x1 set
cpu-bind=MASK - i05r08c01s12, task  1  1 [1836215]: mask 0x1000000 set
cpu-bind=MASK - i05r08c01s12, task  0  0 [1836214]: mask 0x1 set

Starting Measurement with data-size 2^7
Data size : 2^7 (B), Time (ms) :     0.001449266, Bandwidth (MB/s) :    88.320543211
cpu-bind=MASK - i05r08c01s12, task  1  1 [1836286]: mask 0x1000000 set
cpu-bind=MASK - i05r08c01s12, task  0  0 [1836285]: mask 0x1 set
cpu-bind=MASK - i05r08c01s12, task  1  1 [1836286]: mask 0x1000000 set
cpu-bind=MASK - i05r08c01s12, task  0  0 [1836285]: mask 0x1 set

Starting Measurement with data-size 2^8
Data size : 2^8 (B), Time (ms) :     0.001435078, Bandwidth (MB/s) :   178.387535818
cpu-bind=MASK - i05r08c01s12, task  1  1 [1836356]: mask 0x1000000 set
cpu-bind=MASK - i05r08c01s12, task  0  0 [1836355]: mask 0x1 set
cpu-bind=MASK - i05r08c01s12, task  1  1 [1836356]: mask 0x1000000 set
cpu-bind=MASK - i05r08c01s12, task  0  0 [1836355]: mask 0x1 set

Starting Measurement with data-size 2^9
Data size : 2^9 (B), Time (ms) :     0.001458782, Bandwidth (MB/s) :   350.977698859
cpu-bind=MASK - i05r08c01s12, task  1  1 [1836426]: mask 0x1000000 set
cpu-bind=MASK - i05r08c01s12, task  0  0 [1836425]: mask 0x1 set
cpu-bind=MASK - i05r08c01s12, task  1  1 [1836426]: mask 0x1000000 set
cpu-bind=MASK - i05r08c01s12, task  0  0 [1836425]: mask 0x1 set

Starting Measurement with data-size 2^10
Data size : 2^10 (B), Time (ms) :     0.001458133, Bandwidth (MB/s) :   702.267714892
cpu-bind=MASK - i05r08c01s12, task  0  0 [1836495]: mask 0x1 set
cpu-bind=MASK - i05r08c01s12, task  1  1 [1836496]: mask 0x1000000 set
cpu-bind=MASK - i05r08c01s12, task  1  1 [1836496]: mask 0x1000000 set
cpu-bind=MASK - i05r08c01s12, task  0  0 [1836495]: mask 0x1 set

Starting Measurement with data-size 2^11
Data size : 2^11 (B), Time (ms) :     0.001450978, Bandwidth (MB/s) :  1411.462025912
cpu-bind=MASK - i05r08c01s12, task  1  1 [1836566]: mask 0x1000000 set
cpu-bind=MASK - i05r08c01s12, task  0  0 [1836565]: mask 0x1 set
cpu-bind=MASK - i05r08c01s12, task  1  1 [1836566]: mask 0x1000000 set
cpu-bind=MASK - i05r08c01s12, task  0  0 [1836565]: mask 0x1 set

Starting Measurement with data-size 2^12
Data size : 2^12 (B), Time (ms) :     0.001464980, Bandwidth (MB/s) :  2795.942957457
cpu-bind=MASK - i05r08c01s12, task  0  0 [1836635]: mask 0x1 set
cpu-bind=MASK - i05r08c01s12, task  1  1 [1836636]: mask 0x1000000 set
cpu-bind=MASK - i05r08c01s12, task  1  1 [1836636]: mask 0x1000000 set
cpu-bind=MASK - i05r08c01s12, task  0  0 [1836635]: mask 0x1 set

Starting Measurement with data-size 2^13
Data size : 2^13 (B), Time (ms) :     0.001447324, Bandwidth (MB/s) :  5660.099572047
cpu-bind=MASK - i05r08c01s12, task  0  0 [1836705]: mask 0x1 set
cpu-bind=MASK - i05r08c01s12, task  1  1 [1836706]: mask 0x1000000 set
cpu-bind=MASK - i05r08c01s12, task  1  1 [1836706]: mask 0x1000000 set
cpu-bind=MASK - i05r08c01s12, task  0  0 [1836705]: mask 0x1 set

Starting Measurement with data-size 2^14
Data size : 2^14 (B), Time (ms) :     0.001449275, Bandwidth (MB/s) : 11304.964148256
cpu-bind=MASK - i05r08c01s12, task  1  1 [1836776]: mask 0x1000000 set
cpu-bind=MASK - i05r08c01s12, task  0  0 [1836775]: mask 0x1 set
cpu-bind=MASK - i05r08c01s12, task  1  1 [1836776]: mask 0x1000000 set
cpu-bind=MASK - i05r08c01s12, task  0  0 [1836775]: mask 0x1 set

Starting Measurement with data-size 2^15
Data size : 2^15 (B), Time (ms) :     0.001461484, Bandwidth (MB/s) : 22421.047375580
cpu-bind=MASK - i05r08c01s12, task  1  1 [1836847]: mask 0x1000000 set
cpu-bind=MASK - i05r08c01s12, task  0  0 [1836846]: mask 0x1 set
cpu-bind=MASK - i05r08c01s12, task  1  1 [1836847]: mask 0x1000000 set
cpu-bind=MASK - i05r08c01s12, task  0  0 [1836846]: mask 0x1 set

Starting Measurement with data-size 2^16
Data size : 2^16 (B), Time (ms) :     0.001450254, Bandwidth (MB/s) : 45189.336344938
cpu-bind=MASK - i05r08c01s12, task  1  1 [1836917]: mask 0x1000000 set
cpu-bind=MASK - i05r08c01s12, task  0  0 [1836916]: mask 0x1 set
cpu-bind=MASK - i05r08c01s12, task  1  1 [1836917]: mask 0x1000000 set
cpu-bind=MASK - i05r08c01s12, task  0  0 [1836916]: mask 0x1 set

Starting Measurement with data-size 2^17
Data size : 2^17 (B), Time (ms) :     0.001459660, Bandwidth (MB/s) : 89796.276313655
cpu-bind=MASK - i05r08c01s12, task  1  1 [1836987]: mask 0x1000000 set
cpu-bind=MASK - i05r08c01s12, task  0  0 [1836986]: mask 0x1 set
cpu-bind=MASK - i05r08c01s12, task  1  1 [1836987]: mask 0x1000000 set
cpu-bind=MASK - i05r08c01s12, task  0  0 [1836986]: mask 0x1 set

Starting Measurement with data-size 2^18
Data size : 2^18 (B), Time (ms) :     0.001458147, Bandwidth (MB/s) : 179778.835582752
cpu-bind=MASK - i05r08c01s12, task  1  1 [1837057]: mask 0x1000000 set
cpu-bind=MASK - i05r08c01s12, task  0  0 [1837056]: mask 0x1 set
cpu-bind=MASK - i05r08c01s12, task  1  1 [1837057]: mask 0x1000000 set
cpu-bind=MASK - i05r08c01s12, task  0  0 [1837056]: mask 0x1 set

Starting Measurement with data-size 2^19
Data size : 2^19 (B), Time (ms) :     0.001452737, Bandwidth (MB/s) : 360896.771283880
cpu-bind=MASK - i05r08c01s12, task  1  1 [1837127]: mask 0x1000000 set
cpu-bind=MASK - i05r08c01s12, task  0  0 [1837126]: mask 0x1 set
cpu-bind=MASK - i05r08c01s12, task  1  1 [1837127]: mask 0x1000000 set
cpu-bind=MASK - i05r08c01s12, task  0  0 [1837126]: mask 0x1 set

Starting Measurement with data-size 2^20
Data size : 2^20 (B), Time (ms) :     0.001457418, Bandwidth (MB/s) : 719474.970999657
