mpiexec -genv I_MPI_DEBUG=4 -env I_MPI_PIN_PROCESSOR_LIST=0,2 -n 2
[0] MPI startup(): Intel(R) MPI Library, Version 2019 Update 8  Build 20200624 (id: 4f16ad915)
[0] MPI startup(): Copyright (C) 2003-2020 Intel Corporation.  All rights reserved.
[0] MPI startup(): library kind: release
[0] MPI startup(): libfabric version: 1.10.1-impi
[0] MPI startup(): libfabric provider: psm2
[0] MPI startup(): Rank    Pid      Node name     Pin cpu
[0] MPI startup(): 0       3584414  i04r11c06s11  0
[0] MPI startup(): 1       3584415  i04r11c06s11  2

Starting Measurement with data-size 2^0
Data size : 2^0 (B), Time (ms) :     0.000799545, Bandwidth (MB/s) :     1.250711789
[0] MPI startup(): Intel(R) MPI Library, Version 2019 Update 8  Build 20200624 (id: 4f16ad915)
[0] MPI startup(): Copyright (C) 2003-2020 Intel Corporation.  All rights reserved.
[0] MPI startup(): library kind: release
[0] MPI startup(): libfabric version: 1.10.1-impi
[0] MPI startup(): libfabric provider: psm2
[0] MPI startup(): Rank    Pid      Node name     Pin cpu
[0] MPI startup(): 0       3584489  i04r11c06s11  0
[0] MPI startup(): 1       3584490  i04r11c06s11  2

Starting Measurement with data-size 2^1
Data size : 2^1 (B), Time (ms) :     0.000796434, Bandwidth (MB/s) :     2.511193340
[0] MPI startup(): Intel(R) MPI Library, Version 2019 Update 8  Build 20200624 (id: 4f16ad915)
[0] MPI startup(): Copyright (C) 2003-2020 Intel Corporation.  All rights reserved.
[0] MPI startup(): library kind: release
[0] MPI startup(): libfabric version: 1.10.1-impi
[0] MPI startup(): libfabric provider: psm2
[0] MPI startup(): Rank    Pid      Node name     Pin cpu
[0] MPI startup(): 0       3584555  i04r11c06s11  0
[0] MPI startup(): 1       3584556  i04r11c06s11  2

Starting Measurement with data-size 2^2
Data size : 2^2 (B), Time (ms) :     0.000823805, Bandwidth (MB/s) :     4.855518450
[0] MPI startup(): Intel(R) MPI Library, Version 2019 Update 8  Build 20200624 (id: 4f16ad915)
[0] MPI startup(): Copyright (C) 2003-2020 Intel Corporation.  All rights reserved.
[0] MPI startup(): library kind: release
[0] MPI startup(): libfabric version: 1.10.1-impi
[0] MPI startup(): libfabric provider: psm2
[0] MPI startup(): Rank    Pid      Node name     Pin cpu
[0] MPI startup(): 0       3584614  i04r11c06s11  0
[0] MPI startup(): 1       3584615  i04r11c06s11  2

Starting Measurement with data-size 2^3
Data size : 2^3 (B), Time (ms) :     0.000796800, Bandwidth (MB/s) :    10.040154603
[0] MPI startup(): Intel(R) MPI Library, Version 2019 Update 8  Build 20200624 (id: 4f16ad915)
[0] MPI startup(): Copyright (C) 2003-2020 Intel Corporation.  All rights reserved.
[0] MPI startup(): library kind: release
[0] MPI startup(): libfabric version: 1.10.1-impi
[0] MPI startup(): libfabric provider: psm2
[0] MPI startup(): Rank    Pid      Node name     Pin cpu
[0] MPI startup(): 0       3584673  i04r11c06s11  0
[0] MPI startup(): 1       3584674  i04r11c06s11  2

Starting Measurement with data-size 2^4
Data size : 2^4 (B), Time (ms) :     0.000792177, Bandwidth (MB/s) :    20.197515315
[0] MPI startup(): Intel(R) MPI Library, Version 2019 Update 8  Build 20200624 (id: 4f16ad915)
[0] MPI startup(): Copyright (C) 2003-2020 Intel Corporation.  All rights reserved.
[0] MPI startup(): library kind: release
[0] MPI startup(): libfabric version: 1.10.1-impi
[0] MPI startup(): libfabric provider: psm2
[0] MPI startup(): Rank    Pid      Node name     Pin cpu
[0] MPI startup(): 0       3584732  i04r11c06s11  0
[0] MPI startup(): 1       3584733  i04r11c06s11  2

Starting Measurement with data-size 2^5
Data size : 2^5 (B), Time (ms) :     0.000831482, Bandwidth (MB/s) :    38.485482113
[0] MPI startup(): Intel(R) MPI Library, Version 2019 Update 8  Build 20200624 (id: 4f16ad915)
[0] MPI startup(): Copyright (C) 2003-2020 Intel Corporation.  All rights reserved.
[0] MPI startup(): library kind: release
[0] MPI startup(): libfabric version: 1.10.1-impi
[0] MPI startup(): libfabric provider: psm2
[0] MPI startup(): Rank    Pid      Node name     Pin cpu
[0] MPI startup(): 0       3584790  i04r11c06s11  0
[0] MPI startup(): 1       3584791  i04r11c06s11  2

Starting Measurement with data-size 2^6
Data size : 2^6 (B), Time (ms) :     0.000803060, Bandwidth (MB/s) :    79.695139112
[0] MPI startup(): Intel(R) MPI Library, Version 2019 Update 8  Build 20200624 (id: 4f16ad915)
[0] MPI startup(): Copyright (C) 2003-2020 Intel Corporation.  All rights reserved.
[0] MPI startup(): library kind: release
[0] MPI startup(): libfabric version: 1.10.1-impi
[0] MPI startup(): libfabric provider: psm2
[0] MPI startup(): Rank    Pid      Node name     Pin cpu
[0] MPI startup(): 0       3584848  i04r11c06s11  0
[0] MPI startup(): 1       3584849  i04r11c06s11  2

Starting Measurement with data-size 2^7
Data size : 2^7 (B), Time (ms) :     0.000823929, Bandwidth (MB/s) :   155.353196636
[0] MPI startup(): Intel(R) MPI Library, Version 2019 Update 8  Build 20200624 (id: 4f16ad915)
[0] MPI startup(): Copyright (C) 2003-2020 Intel Corporation.  All rights reserved.
[0] MPI startup(): library kind: release
[0] MPI startup(): libfabric version: 1.10.1-impi
[0] MPI startup(): libfabric provider: psm2
[0] MPI startup(): Rank    Pid      Node name     Pin cpu
[0] MPI startup(): 0       3584906  i04r11c06s11  0
[0] MPI startup(): 1       3584907  i04r11c06s11  2

Starting Measurement with data-size 2^8
Data size : 2^8 (B), Time (ms) :     0.000819855, Bandwidth (MB/s) :   312.250196173
[0] MPI startup(): Intel(R) MPI Library, Version 2019 Update 8  Build 20200624 (id: 4f16ad915)
[0] MPI startup(): Copyright (C) 2003-2020 Intel Corporation.  All rights reserved.
[0] MPI startup(): library kind: release
[0] MPI startup(): libfabric version: 1.10.1-impi
[0] MPI startup(): libfabric provider: psm2
[0] MPI startup(): Rank    Pid      Node name     Pin cpu
[0] MPI startup(): 0       3584964  i04r11c06s11  0
[0] MPI startup(): 1       3584965  i04r11c06s11  2

Starting Measurement with data-size 2^9
Data size : 2^9 (B), Time (ms) :     0.000832356, Bandwidth (MB/s) :   615.121448572
[0] MPI startup(): Intel(R) MPI Library, Version 2019 Update 8  Build 20200624 (id: 4f16ad915)
[0] MPI startup(): Copyright (C) 2003-2020 Intel Corporation.  All rights reserved.
[0] MPI startup(): library kind: release
[0] MPI startup(): libfabric version: 1.10.1-impi
[0] MPI startup(): libfabric provider: psm2
[0] MPI startup(): Rank    Pid      Node name     Pin cpu
[0] MPI startup(): 0       3585022  i04r11c06s11  0
[0] MPI startup(): 1       3585023  i04r11c06s11  2

Starting Measurement with data-size 2^10
Data size : 2^10 (B), Time (ms) :     0.000796057, Bandwidth (MB/s) :  1286.340191764
[0] MPI startup(): Intel(R) MPI Library, Version 2019 Update 8  Build 20200624 (id: 4f16ad915)
[0] MPI startup(): Copyright (C) 2003-2020 Intel Corporation.  All rights reserved.
[0] MPI startup(): library kind: release
[0] MPI startup(): libfabric version: 1.10.1-impi
[0] MPI startup(): libfabric provider: psm2
[0] MPI startup(): Rank    Pid      Node name     Pin cpu
[0] MPI startup(): 0       3585080  i04r11c06s11  0
[0] MPI startup(): 1       3585081  i04r11c06s11  2

Starting Measurement with data-size 2^11
Data size : 2^11 (B), Time (ms) :     0.000821784, Bandwidth (MB/s) :  2492.139197877
[0] MPI startup(): Intel(R) MPI Library, Version 2019 Update 8  Build 20200624 (id: 4f16ad915)
[0] MPI startup(): Copyright (C) 2003-2020 Intel Corporation.  All rights reserved.
[0] MPI startup(): library kind: release
[0] MPI startup(): libfabric version: 1.10.1-impi
[0] MPI startup(): libfabric provider: psm2
[0] MPI startup(): Rank    Pid      Node name     Pin cpu
[0] MPI startup(): 0       3585138  i04r11c06s11  0
[0] MPI startup(): 1       3585139  i04r11c06s11  2

Starting Measurement with data-size 2^12
Data size : 2^12 (B), Time (ms) :     0.000817693, Bandwidth (MB/s) :  5009.214797488
[0] MPI startup(): Intel(R) MPI Library, Version 2019 Update 8  Build 20200624 (id: 4f16ad915)
[0] MPI startup(): Copyright (C) 2003-2020 Intel Corporation.  All rights reserved.
[0] MPI startup(): library kind: release
[0] MPI startup(): libfabric version: 1.10.1-impi
[0] MPI startup(): libfabric provider: psm2
[0] MPI startup(): Rank    Pid      Node name     Pin cpu
[0] MPI startup(): 0       3585196  i04r11c06s11  0
[0] MPI startup(): 1       3585197  i04r11c06s11  2

Starting Measurement with data-size 2^13
Data size : 2^13 (B), Time (ms) :     0.000816496, Bandwidth (MB/s) : 10033.116030012
[0] MPI startup(): Intel(R) MPI Library, Version 2019 Update 8  Build 20200624 (id: 4f16ad915)
[0] MPI startup(): Copyright (C) 2003-2020 Intel Corporation.  All rights reserved.
[0] MPI startup(): library kind: release
[0] MPI startup(): libfabric version: 1.10.1-impi
[0] MPI startup(): libfabric provider: psm2
[0] MPI startup(): Rank    Pid      Node name     Pin cpu
[0] MPI startup(): 0       3585255  i04r11c06s11  0
[0] MPI startup(): 1       3585256  i04r11c06s11  2

Starting Measurement with data-size 2^14
Data size : 2^14 (B), Time (ms) :     0.000819610, Bandwidth (MB/s) : 19989.993796277
[0] MPI startup(): Intel(R) MPI Library, Version 2019 Update 8  Build 20200624 (id: 4f16ad915)
[0] MPI startup(): Copyright (C) 2003-2020 Intel Corporation.  All rights reserved.
[0] MPI startup(): library kind: release
[0] MPI startup(): libfabric version: 1.10.1-impi
[0] MPI startup(): libfabric provider: psm2
[0] MPI startup(): Rank    Pid      Node name     Pin cpu
[0] MPI startup(): 0       3585313  i04r11c06s11  0
[0] MPI startup(): 1       3585314  i04r11c06s11  2

Starting Measurement with data-size 2^15
Data size : 2^15 (B), Time (ms) :     0.000826175, Bandwidth (MB/s) : 39662.283565681
[0] MPI startup(): Intel(R) MPI Library, Version 2019 Update 8  Build 20200624 (id: 4f16ad915)
[0] MPI startup(): Copyright (C) 2003-2020 Intel Corporation.  All rights reserved.
[0] MPI startup(): library kind: release
[0] MPI startup(): libfabric version: 1.10.1-impi
[0] MPI startup(): libfabric provider: psm2
[0] MPI startup(): Rank    Pid      Node name     Pin cpu
[0] MPI startup(): 0       3585371  i04r11c06s11  0
[0] MPI startup(): 1       3585372  i04r11c06s11  2

Starting Measurement with data-size 2^16
Data size : 2^16 (B), Time (ms) :     0.000823805, Bandwidth (MB/s) : 79552.760325045
[0] MPI startup(): Intel(R) MPI Library, Version 2019 Update 8  Build 20200624 (id: 4f16ad915)
[0] MPI startup(): Copyright (C) 2003-2020 Intel Corporation.  All rights reserved.
[0] MPI startup(): library kind: release
[0] MPI startup(): libfabric version: 1.10.1-impi
[0] MPI startup(): libfabric provider: psm2
[0] MPI startup(): Rank    Pid      Node name     Pin cpu
[0] MPI startup(): 0       3585429  i04r11c06s11  0
[0] MPI startup(): 1       3585430  i04r11c06s11  2

Starting Measurement with data-size 2^17
Data size : 2^17 (B), Time (ms) :     0.000807177, Bandwidth (MB/s) : 162383.314020975
[0] MPI startup(): Intel(R) MPI Library, Version 2019 Update 8  Build 20200624 (id: 4f16ad915)
[0] MPI startup(): Copyright (C) 2003-2020 Intel Corporation.  All rights reserved.
[0] MPI startup(): library kind: release
[0] MPI startup(): libfabric version: 1.10.1-impi
[0] MPI startup(): libfabric provider: psm2
[0] MPI startup(): Rank    Pid      Node name     Pin cpu
[0] MPI startup(): 0       3585487  i04r11c06s11  0
[0] MPI startup(): 1       3585488  i04r11c06s11  2

Starting Measurement with data-size 2^18
Data size : 2^18 (B), Time (ms) :     0.000823357, Bandwidth (MB/s) : 318384.531301572
[0] MPI startup(): Intel(R) MPI Library, Version 2019 Update 8  Build 20200624 (id: 4f16ad915)
[0] MPI startup(): Copyright (C) 2003-2020 Intel Corporation.  All rights reserved.
[0] MPI startup(): library kind: release
[0] MPI startup(): libfabric version: 1.10.1-impi
[0] MPI startup(): libfabric provider: psm2
[0] MPI startup(): Rank    Pid      Node name     Pin cpu
[0] MPI startup(): 0       3585545  i04r11c06s11  0
[0] MPI startup(): 1       3585546  i04r11c06s11  2

Starting Measurement with data-size 2^19
Data size : 2^19 (B), Time (ms) :     0.000823977, Bandwidth (MB/s) : 636289.581376140
[0] MPI startup(): Intel(R) MPI Library, Version 2019 Update 8  Build 20200624 (id: 4f16ad915)
[0] MPI startup(): Copyright (C) 2003-2020 Intel Corporation.  All rights reserved.
[0] MPI startup(): library kind: release
[0] MPI startup(): libfabric version: 1.10.1-impi
[0] MPI startup(): libfabric provider: psm2
[0] MPI startup(): Rank    Pid      Node name     Pin cpu
[0] MPI startup(): 0       3585603  i04r11c06s11  0
[0] MPI startup(): 1       3585604  i04r11c06s11  2

Starting Measurement with data-size 2^20
Data size : 2^20 (B), Time (ms) :     0.000820557, Bandwidth (MB/s) : 1277882.860209006
