mpiexec -genv I_MPI_DEBUG=4 -env I_MPI_PIN_DOMAIN=core -n 2
Intel(R) processor family information utility, Version 2019 Update 8 Build 20200624 (id: 4f16ad915)
Copyright (C) 2005-2020 Intel Corporation.  All rights reserved.

=====  Processor composition  =====
Processor name    : Intel(R) Xeon(R) Platinum 8174  
Packages(sockets) : 2
Cores             : 48
Processors(CPUs)  : 96
Cores per package : 24
Threads per core  : 2

=====  Processor identification  =====
Processor	Thread Id.	Core Id.	Package Id.
0       	0   		0   		0   
1       	0   		1   		0   
2       	0   		2   		0   
3       	0   		3   		0   
4       	0   		4   		0   
5       	0   		5   		0   
6       	0   		8   		0   
7       	0   		9   		0   
8       	0   		10  		0   
9       	0   		11  		0   
10      	0   		12  		0   
11      	0   		13  		0   
12      	0   		16  		0   
13      	0   		17  		0   
14      	0   		18  		0   
15      	0   		19  		0   
16      	0   		20  		0   
17      	0   		21  		0   
18      	0   		24  		0   
19      	0   		25  		0   
20      	0   		26  		0   
21      	0   		27  		0   
22      	0   		28  		0   
23      	0   		29  		0   
24      	0   		0   		1   
25      	0   		1   		1   
26      	0   		2   		1   
27      	0   		3   		1   
28      	0   		4   		1   
29      	0   		5   		1   
30      	0   		8   		1   
31      	0   		9   		1   
32      	0   		10  		1   
33      	0   		11  		1   
34      	0   		12  		1   
35      	0   		13  		1   
36      	0   		16  		1   
37      	0   		17  		1   
38      	0   		18  		1   
39      	0   		19  		1   
40      	0   		20  		1   
41      	0   		21  		1   
42      	0   		24  		1   
43      	0   		25  		1   
44      	0   		26  		1   
45      	0   		27  		1   
46      	0   		28  		1   
47      	0   		29  		1   
48      	1   		0   		0   
49      	1   		1   		0   
50      	1   		2   		0   
51      	1   		3   		0   
52      	1   		4   		0   
53      	1   		5   		0   
54      	1   		8   		0   
55      	1   		9   		0   
56      	1   		10  		0   
57      	1   		11  		0   
58      	1   		12  		0   
59      	1   		13  		0   
60      	1   		16  		0   
61      	1   		17  		0   
62      	1   		18  		0   
63      	1   		19  		0   
64      	1   		20  		0   
65      	1   		21  		0   
66      	1   		24  		0   
67      	1   		25  		0   
68      	1   		26  		0   
69      	1   		27  		0   
70      	1   		28  		0   
71      	1   		29  		0   
72      	1   		0   		1   
73      	1   		1   		1   
74      	1   		2   		1   
75      	1   		3   		1   
76      	1   		4   		1   
77      	1   		5   		1   
78      	1   		8   		1   
79      	1   		9   		1   
80      	1   		10  		1   
81      	1   		11  		1   
82      	1   		12  		1   
83      	1   		13  		1   
84      	1   		16  		1   
85      	1   		17  		1   
86      	1   		18  		1   
87      	1   		19  		1   
88      	1   		20  		1   
89      	1   		21  		1   
90      	1   		24  		1   
91      	1   		25  		1   
92      	1   		26  		1   
93      	1   		27  		1   
94      	1   		28  		1   
95      	1   		29  		1   
=====  Placement on packages  =====
Package Id.	Core Id.	Processors
0   		0,1,2,3,4,5,8,9,10,11,12,13,16,17,18,19,20,21,24,25,26,27,28,29		(0,48)(1,49)(2,50)(3,51)(4,52)(5,53)(6,54)(7,55)(8,56)(9,57)(10,58)(11,59)(12,60)(13,61)(14,62)(15,63)(16,64)(17,65)(18,66)(19,67)(20,68)(21,69)(22,70)(23,71)
1   		0,1,2,3,4,5,8,9,10,11,12,13,16,17,18,19,20,21,24,25,26,27,28,29		(24,72)(25,73)(26,74)(27,75)(28,76)(29,77)(30,78)(31,79)(32,80)(33,81)(34,82)(35,83)(36,84)(37,85)(38,86)(39,87)(40,88)(41,89)(42,90)(43,91)(44,92)(45,93)(46,94)(47,95)

=====  Cache sharing  =====
Cache	Size		Processors
L1	32  KB		(0,48)(1,49)(2,50)(3,51)(4,52)(5,53)(6,54)(7,55)(8,56)(9,57)(10,58)(11,59)(12,60)(13,61)(14,62)(15,63)(16,64)(17,65)(18,66)(19,67)(20,68)(21,69)(22,70)(23,71)(24,72)(25,73)(26,74)(27,75)(28,76)(29,77)(30,78)(31,79)(32,80)(33,81)(34,82)(35,83)(36,84)(37,85)(38,86)(39,87)(40,88)(41,89)(42,90)(43,91)(44,92)(45,93)(46,94)(47,95)
L2	1   MB		(0,48)(1,49)(2,50)(3,51)(4,52)(5,53)(6,54)(7,55)(8,56)(9,57)(10,58)(11,59)(12,60)(13,61)(14,62)(15,63)(16,64)(17,65)(18,66)(19,67)(20,68)(21,69)(22,70)(23,71)(24,72)(25,73)(26,74)(27,75)(28,76)(29,77)(30,78)(31,79)(32,80)(33,81)(34,82)(35,83)(36,84)(37,85)(38,86)(39,87)(40,88)(41,89)(42,90)(43,91)(44,92)(45,93)(46,94)(47,95)
L3	33  MB		(0,1,2,3,4,5,6,7,8,9,10,11,12,13,14,15,16,17,18,19,20,21,22,23,48,49,50,51,52,53,54,55,56,57,58,59,60,61,62,63,64,65,66,67,68,69,70,71)(24,25,26,27,28,29,30,31,32,33,34,35,36,37,38,39,40,41,42,43,44,45,46,47,72,73,74,75,76,77,78,79,80,81,82,83,84,85,86,87,88,89,90,91,92,93,94,95)
[0] MPI startup(): Intel(R) MPI Library, Version 2019 Update 8  Build 20200624 (id: 4f16ad915)
[0] MPI startup(): Copyright (C) 2003-2020 Intel Corporation.  All rights reserved.
[0] MPI startup(): library kind: release
[0] MPI startup(): libfabric version: 1.10.1-impi
[0] MPI startup(): libfabric provider: psm2
[0] MPI startup(): Rank    Pid      Node name     Pin cpu
[0] MPI startup(): 0       1509182  i01r11c02s06  {0,48}
[0] MPI startup(): 1       1509183  i01r11c02s06  {24,72}

Starting Measurement with data-size 2^0
Data size : 2^0 (B), Time (ms) :     0.001345352, Bandwidth (MB/s) :     0.743300157
[0] MPI startup(): Intel(R) MPI Library, Version 2019 Update 8  Build 20200624 (id: 4f16ad915)
[0] MPI startup(): Copyright (C) 2003-2020 Intel Corporation.  All rights reserved.
[0] MPI startup(): library kind: release
[0] MPI startup(): libfabric version: 1.10.1-impi
[0] MPI startup(): libfabric provider: psm2
[0] MPI startup(): Rank    Pid      Node name     Pin cpu
[0] MPI startup(): 0       1509241  i01r11c02s06  {0,48}
[0] MPI startup(): 1       1509242  i01r11c02s06  {24,72}

Starting Measurement with data-size 2^1
Data size : 2^1 (B), Time (ms) :     0.001337724, Bandwidth (MB/s) :     1.495076304
[0] MPI startup(): Intel(R) MPI Library, Version 2019 Update 8  Build 20200624 (id: 4f16ad915)
[0] MPI startup(): Copyright (C) 2003-2020 Intel Corporation.  All rights reserved.
[0] MPI startup(): library kind: release
[0] MPI startup(): libfabric version: 1.10.1-impi
[0] MPI startup(): libfabric provider: psm2
[0] MPI startup(): Rank    Pid      Node name     Pin cpu
[0] MPI startup(): 0       1509300  i01r11c02s06  {0,48}
[0] MPI startup(): 1       1509301  i01r11c02s06  {24,72}

Starting Measurement with data-size 2^2
Data size : 2^2 (B), Time (ms) :     0.001358879, Bandwidth (MB/s) :     2.943603214
[0] MPI startup(): Intel(R) MPI Library, Version 2019 Update 8  Build 20200624 (id: 4f16ad915)
[0] MPI startup(): Copyright (C) 2003-2020 Intel Corporation.  All rights reserved.
[0] MPI startup(): library kind: release
[0] MPI startup(): libfabric version: 1.10.1-impi
[0] MPI startup(): libfabric provider: psm2
[0] MPI startup(): Rank    Pid      Node name     Pin cpu
[0] MPI startup(): 0       1509360  i01r11c02s06  {0,48}
[0] MPI startup(): 1       1509361  i01r11c02s06  {24,72}

Starting Measurement with data-size 2^3
Data size : 2^3 (B), Time (ms) :     0.001351304, Bandwidth (MB/s) :     5.920207533
[0] MPI startup(): Intel(R) MPI Library, Version 2019 Update 8  Build 20200624 (id: 4f16ad915)
[0] MPI startup(): Copyright (C) 2003-2020 Intel Corporation.  All rights reserved.
[0] MPI startup(): library kind: release
[0] MPI startup(): libfabric version: 1.10.1-impi
[0] MPI startup(): libfabric provider: psm2
[0] MPI startup(): Rank    Pid      Node name     Pin cpu
[0] MPI startup(): 0       1509420  i01r11c02s06  {0,48}
[0] MPI startup(): 1       1509421  i01r11c02s06  {24,72}

Starting Measurement with data-size 2^4
Data size : 2^4 (B), Time (ms) :     0.001344012, Bandwidth (MB/s) :    11.904653108
[0] MPI startup(): Intel(R) MPI Library, Version 2019 Update 8  Build 20200624 (id: 4f16ad915)
[0] MPI startup(): Copyright (C) 2003-2020 Intel Corporation.  All rights reserved.
[0] MPI startup(): library kind: release
[0] MPI startup(): libfabric version: 1.10.1-impi
[0] MPI startup(): libfabric provider: psm2
[0] MPI startup(): Rank    Pid      Node name     Pin cpu
[0] MPI startup(): 0       1509480  i01r11c02s06  {0,48}
[0] MPI startup(): 1       1509481  i01r11c02s06  {24,72}

Starting Measurement with data-size 2^5
Data size : 2^5 (B), Time (ms) :     0.001387203, Bandwidth (MB/s) :    23.067998996
[0] MPI startup(): Intel(R) MPI Library, Version 2019 Update 8  Build 20200624 (id: 4f16ad915)
[0] MPI startup(): Copyright (C) 2003-2020 Intel Corporation.  All rights reserved.
[0] MPI startup(): library kind: release
[0] MPI startup(): libfabric version: 1.10.1-impi
[0] MPI startup(): libfabric provider: psm2
[0] MPI startup(): Rank    Pid      Node name     Pin cpu
[0] MPI startup(): 0       1509539  i01r11c02s06  {0,48}
[0] MPI startup(): 1       1509540  i01r11c02s06  {24,72}

Starting Measurement with data-size 2^6
Data size : 2^6 (B), Time (ms) :     0.001333401, Bandwidth (MB/s) :    47.997571561
[0] MPI startup(): Intel(R) MPI Library, Version 2019 Update 8  Build 20200624 (id: 4f16ad915)
[0] MPI startup(): Copyright (C) 2003-2020 Intel Corporation.  All rights reserved.
[0] MPI startup(): library kind: release
[0] MPI startup(): libfabric version: 1.10.1-impi
[0] MPI startup(): libfabric provider: psm2
[0] MPI startup(): Rank    Pid      Node name     Pin cpu
[0] MPI startup(): 0       1509597  i01r11c02s06  {0,48}
[0] MPI startup(): 1       1509598  i01r11c02s06  {24,72}

Starting Measurement with data-size 2^7
Data size : 2^7 (B), Time (ms) :     0.001359584, Bandwidth (MB/s) :    94.146470852
[0] MPI startup(): Intel(R) MPI Library, Version 2019 Update 8  Build 20200624 (id: 4f16ad915)
[0] MPI startup(): Copyright (C) 2003-2020 Intel Corporation.  All rights reserved.
[0] MPI startup(): library kind: release
[0] MPI startup(): libfabric version: 1.10.1-impi
[0] MPI startup(): libfabric provider: psm2
[0] MPI startup(): Rank    Pid      Node name     Pin cpu
[0] MPI startup(): 0       1509655  i01r11c02s06  {0,48}
[0] MPI startup(): 1       1509656  i01r11c02s06  {24,72}

Starting Measurement with data-size 2^8
Data size : 2^8 (B), Time (ms) :     0.001371621, Bandwidth (MB/s) :   186.640508377
[0] MPI startup(): Intel(R) MPI Library, Version 2019 Update 8  Build 20200624 (id: 4f16ad915)
[0] MPI startup(): Copyright (C) 2003-2020 Intel Corporation.  All rights reserved.
[0] MPI startup(): library kind: release
[0] MPI startup(): libfabric version: 1.10.1-impi
[0] MPI startup(): libfabric provider: psm2
[0] MPI startup(): Rank    Pid      Node name     Pin cpu
[0] MPI startup(): 0       1509713  i01r11c02s06  {0,48}
[0] MPI startup(): 1       1509714  i01r11c02s06  {24,72}

Starting Measurement with data-size 2^9
Data size : 2^9 (B), Time (ms) :     0.001342835, Bandwidth (MB/s) :   381.282909890
[0] MPI startup(): Intel(R) MPI Library, Version 2019 Update 8  Build 20200624 (id: 4f16ad915)
[0] MPI startup(): Copyright (C) 2003-2020 Intel Corporation.  All rights reserved.
[0] MPI startup(): library kind: release
[0] MPI startup(): libfabric version: 1.10.1-impi
[0] MPI startup(): libfabric provider: psm2
[0] MPI startup(): Rank    Pid      Node name     Pin cpu
[0] MPI startup(): 0       1509772  i01r11c02s06  {0,48}
[0] MPI startup(): 1       1509773  i01r11c02s06  {24,72}

Starting Measurement with data-size 2^10
Data size : 2^10 (B), Time (ms) :     0.001336722, Bandwidth (MB/s) :   766.053246078
[0] MPI startup(): Intel(R) MPI Library, Version 2019 Update 8  Build 20200624 (id: 4f16ad915)
[0] MPI startup(): Copyright (C) 2003-2020 Intel Corporation.  All rights reserved.
[0] MPI startup(): library kind: release
[0] MPI startup(): libfabric version: 1.10.1-impi
[0] MPI startup(): libfabric provider: psm2
[0] MPI startup(): Rank    Pid      Node name     Pin cpu
[0] MPI startup(): 0       1509832  i01r11c02s06  {0,48}
[0] MPI startup(): 1       1509833  i01r11c02s06  {24,72}

Starting Measurement with data-size 2^11
Data size : 2^11 (B), Time (ms) :     0.001344570, Bandwidth (MB/s) :  1523.163375001
[0] MPI startup(): Intel(R) MPI Library, Version 2019 Update 8  Build 20200624 (id: 4f16ad915)
[0] MPI startup(): Copyright (C) 2003-2020 Intel Corporation.  All rights reserved.
[0] MPI startup(): library kind: release
[0] MPI startup(): libfabric version: 1.10.1-impi
[0] MPI startup(): libfabric provider: psm2
[0] MPI startup(): Rank    Pid      Node name     Pin cpu
[0] MPI startup(): 0       1509891  i01r11c02s06  {0,48}
[0] MPI startup(): 1       1509892  i01r11c02s06  {24,72}

Starting Measurement with data-size 2^12
Data size : 2^12 (B), Time (ms) :     0.001355267, Bandwidth (MB/s) :  3022.281989193
[0] MPI startup(): Intel(R) MPI Library, Version 2019 Update 8  Build 20200624 (id: 4f16ad915)
[0] MPI startup(): Copyright (C) 2003-2020 Intel Corporation.  All rights reserved.
[0] MPI startup(): library kind: release
[0] MPI startup(): libfabric version: 1.10.1-impi
[0] MPI startup(): libfabric provider: psm2
[0] MPI startup(): Rank    Pid      Node name     Pin cpu
[0] MPI startup(): 0       1509949  i01r11c02s06  {0,48}
[0] MPI startup(): 1       1509950  i01r11c02s06  {24,72}

Starting Measurement with data-size 2^13
Data size : 2^13 (B), Time (ms) :     0.001344580, Bandwidth (MB/s) :  6092.607079213
[0] MPI startup(): Intel(R) MPI Library, Version 2019 Update 8  Build 20200624 (id: 4f16ad915)
[0] MPI startup(): Copyright (C) 2003-2020 Intel Corporation.  All rights reserved.
[0] MPI startup(): library kind: release
[0] MPI startup(): libfabric version: 1.10.1-impi
[0] MPI startup(): libfabric provider: psm2
[0] MPI startup(): Rank    Pid      Node name     Pin cpu
[0] MPI startup(): 0       1510007  i01r11c02s06  {0,48}
[0] MPI startup(): 1       1510008  i01r11c02s06  {24,72}

Starting Measurement with data-size 2^14
Data size : 2^14 (B), Time (ms) :     0.001354587, Bandwidth (MB/s) : 12095.197135751
[0] MPI startup(): Intel(R) MPI Library, Version 2019 Update 8  Build 20200624 (id: 4f16ad915)
[0] MPI startup(): Copyright (C) 2003-2020 Intel Corporation.  All rights reserved.
[0] MPI startup(): library kind: release
[0] MPI startup(): libfabric version: 1.10.1-impi
[0] MPI startup(): libfabric provider: psm2
[0] MPI startup(): Rank    Pid      Node name     Pin cpu
[0] MPI startup(): 0       1510065  i01r11c02s06  {0,48}
[0] MPI startup(): 1       1510066  i01r11c02s06  {24,72}

Starting Measurement with data-size 2^15
Data size : 2^15 (B), Time (ms) :     0.001349137, Bandwidth (MB/s) : 24288.126093163
[0] MPI startup(): Intel(R) MPI Library, Version 2019 Update 8  Build 20200624 (id: 4f16ad915)
[0] MPI startup(): Copyright (C) 2003-2020 Intel Corporation.  All rights reserved.
[0] MPI startup(): library kind: release
[0] MPI startup(): libfabric version: 1.10.1-impi
[0] MPI startup(): libfabric provider: psm2
[0] MPI startup(): Rank    Pid      Node name     Pin cpu
[0] MPI startup(): 0       1510124  i01r11c02s06  {0,48}
[0] MPI startup(): 1       1510125  i01r11c02s06  {24,72}

Starting Measurement with data-size 2^16
Data size : 2^16 (B), Time (ms) :     0.001372247, Bandwidth (MB/s) : 47758.172363633
[0] MPI startup(): Intel(R) MPI Library, Version 2019 Update 8  Build 20200624 (id: 4f16ad915)
[0] MPI startup(): Copyright (C) 2003-2020 Intel Corporation.  All rights reserved.
[0] MPI startup(): library kind: release
[0] MPI startup(): libfabric version: 1.10.1-impi
[0] MPI startup(): libfabric provider: psm2
[0] MPI startup(): Rank    Pid      Node name     Pin cpu
[0] MPI startup(): 0       1510183  i01r11c02s06  {0,48}
[0] MPI startup(): 1       1510184  i01r11c02s06  {24,72}

Starting Measurement with data-size 2^17
Data size : 2^17 (B), Time (ms) :     0.001347553, Bandwidth (MB/s) : 97266.689756107
[0] MPI startup(): Intel(R) MPI Library, Version 2019 Update 8  Build 20200624 (id: 4f16ad915)
[0] MPI startup(): Copyright (C) 2003-2020 Intel Corporation.  All rights reserved.
[0] MPI startup(): library kind: release
[0] MPI startup(): libfabric version: 1.10.1-impi
[0] MPI startup(): libfabric provider: psm2
[0] MPI startup(): Rank    Pid      Node name     Pin cpu
[0] MPI startup(): 0       1510242  i01r11c02s06  {0,48}
[0] MPI startup(): 1       1510243  i01r11c02s06  {24,72}

Starting Measurement with data-size 2^18
Data size : 2^18 (B), Time (ms) :     0.001334243, Bandwidth (MB/s) : 196473.888784257
[0] MPI startup(): Intel(R) MPI Library, Version 2019 Update 8  Build 20200624 (id: 4f16ad915)
[0] MPI startup(): Copyright (C) 2003-2020 Intel Corporation.  All rights reserved.
[0] MPI startup(): library kind: release
[0] MPI startup(): libfabric version: 1.10.1-impi
[0] MPI startup(): libfabric provider: psm2
[0] MPI startup(): Rank    Pid      Node name     Pin cpu
[0] MPI startup(): 0       1510300  i01r11c02s06  {0,48}
[0] MPI startup(): 1       1510301  i01r11c02s06  {24,72}

Starting Measurement with data-size 2^19
Data size : 2^19 (B), Time (ms) :     0.001352529, Bandwidth (MB/s) : 387635.352830012
[0] MPI startup(): Intel(R) MPI Library, Version 2019 Update 8  Build 20200624 (id: 4f16ad915)
[0] MPI startup(): Copyright (C) 2003-2020 Intel Corporation.  All rights reserved.
[0] MPI startup(): library kind: release
[0] MPI startup(): libfabric version: 1.10.1-impi
[0] MPI startup(): libfabric provider: psm2
[0] MPI startup(): Rank    Pid      Node name     Pin cpu
[0] MPI startup(): 0       1510358  i01r11c02s06  {0,48}
[0] MPI startup(): 1       1510359  i01r11c02s06  {24,72}

Starting Measurement with data-size 2^20
Data size : 2^20 (B), Time (ms) :     0.001358152, Bandwidth (MB/s) : 772060.650441865
