mpiexec -genv I_MPI_DEBUG=4 -n 12
[0] MPI startup(): Intel(R) MPI Library, Version 2019 Update 8  Build 20200624 (id: 4f16ad915)
[0] MPI startup(): Copyright (C) 2003-2020 Intel Corporation.  All rights reserved.
[0] MPI startup(): library kind: release
[0] MPI startup(): libfabric version: 1.10.1-impi
[0] MPI startup(): libfabric provider: psm2
[0] MPI startup(): Rank    Pid      Node name     Pin cpu
[0] MPI startup(): 0       3528615  i01r01c02s09  {0,1,2,3,48,49,50,51}
[0] MPI startup(): 1       3528616  i01r01c02s09  {4,5,6,7,52,53,54,55}
[0] MPI startup(): 2       3528617  i01r01c02s09  {8,9,10,11,56,57,58,59}
[0] MPI startup(): 3       3528618  i01r01c02s09  {12,13,14,15,60,61,62,63}
[0] MPI startup(): 4       3528619  i01r01c02s09  {16,17,18,19,64,65,66,67}
[0] MPI startup(): 5       3528620  i01r01c02s09  {20,21,22,23,68,69,70,71}
[0] MPI startup(): 6       3528621  i01r01c02s09  {24,25,26,27,72,73,74,75}
[0] MPI startup(): 7       3528622  i01r01c02s09  {28,29,30,31,76,77,78,79}
[0] MPI startup(): 8       3528623  i01r01c02s09  {32,33,34,35,80,81,82,83}
[0] MPI startup(): 9       3528624  i01r01c02s09  {36,37,38,39,84,85,86,87}
[0] MPI startup(): 10      3528625  i01r01c02s09  {40,41,42,43,88,89,90,91}
[0] MPI startup(): 11      3528626  i01r01c02s09  {44,45,46,47,92,93,94,95}

3 processes distributed in X-direction
 4 ; processes distributed in Y-direction
Resolutions       : (6500, 7500, ... 12500)
Iterations        : 20
Num. Heat sources : 2
   1: (0.00, 0.00) 1.00 1.00 
   2: (1.00, 1.00) 1.00 0.50 
rank= 0 coords= 0 0 neighbours(up,down,left,right)= -1 4 -1 1
rank= 1 coords= 0 1 neighbours(up,down,left,right)= -1 5 0 2
rank= 8 coords= 2 0 neighbours(up,down,left,right)= 4 -1 -1 9
rank= 9 coords= 2 1 neighbours(up,down,left,right)= 5 -1 8 10
rank= 11 coords= 2 3 neighbours(up,down,left,right)= 7 -1 10 -1
rank= 2 coords= 0 2 neighbours(up,down,left,right)= -1 6 1 3
rank= 3 coords= 0 3 neighbours(up,down,left,right)= -1 7 2 -1
rank= 4 coords= 1 0 neighbours(up,down,left,right)= 0 8 -1 5
rank= 5 coords= 1 1 neighbours(up,down,left,right)= 1 9 4 6
rank= 6 coords= 1 2 neighbours(up,down,left,right)= 2 10 5 7
rank= 7 coords= 1 3 neighbours(up,down,left,right)= 3 11 6 -1
rank= 10 coords= 2 2 neighbours(up,down,left,right)= 6 -1 9 11

Num-X: 4 ; Num-Y: 3 ; Resolution: 6500 ; Rank: 10 ; Rank-X: 2 ; Rank-Y: 2 ; Rowstart: 4334; Rowend: 6501; Rows: 2167; Colstart: 3250; Colend: 4876; Cols: 1626;
Num-X: 4 ; Num-Y: 3 ; Resolution: 6500 ; Rank: 4 ; Rank-X: 1 ; Rank-Y: 0 ; Rowstart: 2167; Rowend: 4335; Rows: 2168; Colstart: 0; Colend: 1626; Cols: 1626;
Num-X: 4 ; Num-Y: 3 ; Resolution: 6500 ; Rank: 7 ; Rank-X: 1 ; Rank-Y: 3 ; Rowstart: 2167; Rowend: 4335; Rows: 2168; Colstart: 4875; Colend: 6501; Cols: 1626;
Num-X: 4 ; Num-Y: 3 ; Resolution: 6500 ; Rank: 8 ; Rank-X: 2 ; Rank-Y: 0 ; Rowstart: 4334; Rowend: 6501; Rows: 2167; Colstart: 0; Colend: 1626; Cols: 1626;
Num-X: 4 ; Num-Y: 3 ; Resolution: 6500 ; Rank: 1 ; Rank-X: 0 ; Rank-Y: 1 ; Rowstart: 0; Rowend: 2168; Rows: 2168; Colstart: 1625; Colend: 3251; Cols: 1626;
Num-X: 4 ; Num-Y: 3 ; Resolution: 6500 ; Rank: 5 ; Rank-X: 1 ; Rank-Y: 1 ; Rowstart: 2167; Rowend: 4335; Rows: 2168; Colstart: 1625; Colend: 3251; Cols: 1626;
Num-X: 4 ; Num-Y: 3 ; Resolution: 6500 ; Rank: 11 ; Rank-X: 2 ; Rank-Y: 3 ; Rowstart: 4334; Rowend: 6501; Rows: 2167; Colstart: 4875; Colend: 6501; Cols: 1626;
Num-X: 4 ; Num-Y: 3 ; Resolution: 6500 ; Rank: 3 ; Rank-X: 0 ; Rank-Y: 3 ; Rowstart: 0; Rowend: 2168; Rows: 2168; Colstart: 4875; Colend: 6501; Cols: 1626;
Num-X: 4 ; Num-Y: 3 ; Resolution: 6500 ; Rank: 9 ; Rank-X: 2 ; Rank-Y: 1 ; Rowstart: 4334; Rowend: 6501; Rows: 2167; Colstart: 1625; Colend: 3251; Cols: 1626;
Num-X: 4 ; Num-Y: 3 ; Resolution: 6500 ; Rank: 0 ; Rank-X: 0 ; Rank-Y: 0 ; Rowstart: 0; Rowend: 2168; Rows: 2168; Colstart: 0; Colend: 1626; Cols: 1626;
Num-X: 4 ; Num-Y: 3 ; Resolution: 6500 ; Rank: 2 ; Rank-X: 0 ; Rank-Y: 2 ; Rowstart: 0; Rowend: 2168; Rows: 2168; Colstart: 3250; Colend: 4876; Cols: 1626;
Num-X: 4 ; Num-Y: 3 ; Resolution: 6500 ; Rank: 6 ; Rank-X: 1 ; Rank-Y: 2 ; Rowstart: 2167; Rowend: 4335; Rows: 2168; Colstart: 3250; Colend: 4876; Cols: 1626;

Resolution: 6500
===================
Execution time: 0.175830
Residual: 3.049154

megaflops:  33640.4
  flop instructions (M):  5915.000

Num-X: 4 ; Num-Y: 3 ; Resolution: 7500 ; Rank: 8 ; Rank-X: 2 ; Rank-Y: 0 ; Rowstart: 5000; Rowend: 7501; Rows: 2501; Colstart: 0; Colend: 1876; Cols: 1876;
Num-X: 4 ; Num-Y: 3 ; Resolution: 7500 ; Rank: 2 ; Rank-X: 0 ; Rank-Y: 2 ; Rowstart: 0; Rowend: 2501; Rows: 2501; Colstart: 3750; Colend: 5626; Cols: 1876;
Num-X: 4 ; Num-Y: 3 ; Resolution: 7500 ; Rank: 4 ; Rank-X: 1 ; Rank-Y: 0 ; Rowstart: 2500; Rowend: 5001; Rows: 2501; Colstart: 0; Colend: 1876; Cols: 1876;
Num-X: 4 ; Num-Y: 3 ; Resolution: 7500 ; Rank: 10 ; Rank-X: 2 ; Rank-Y: 2 ; Rowstart: 5000; Rowend: 7501; Rows: 2501; Colstart: 3750; Colend: 5626; Cols: 1876;
Num-X: 4 ; Num-Y: 3 ; Resolution: 7500 ; Rank: 11 ; Rank-X: 2 ; Rank-Y: 3 ; Rowstart: 5000; Rowend: 7501; Rows: 2501; Colstart: 5625; Colend: 7501; Cols: 1876;
Num-X: 4 ; Num-Y: 3 ; Resolution: 7500 ; Rank: 1 ; Rank-X: 0 ; Rank-Y: 1 ; Rowstart: 0; Rowend: 2501; Rows: 2501; Colstart: 1875; Colend: 3751; Cols: 1876;
Num-X: 4 ; Num-Y: 3 ; Resolution: 7500 ; Rank: 5 ; Rank-X: 1 ; Rank-Y: 1 ; Rowstart: 2500; Rowend: 5001; Rows: 2501; Colstart: 1875; Colend: 3751; Cols: 1876;
Num-X: 4 ; Num-Y: 3 ; Resolution: 7500 ; Rank: 0 ; Rank-X: 0 ; Rank-Y: 0 ; Rowstart: 0; Rowend: 2501; Rows: 2501; Colstart: 0; Colend: 1876; Cols: 1876;
Num-X: 4 ; Num-Y: 3 ; Resolution: 7500 ; Rank: 7 ; Rank-X: 1 ; Rank-Y: 3 ; Rowstart: 2500; Rowend: 5001; Rows: 2501; Colstart: 5625; Colend: 7501; Cols: 1876;
Num-X: 4 ; Num-Y: 3 ; Resolution: 7500 ; Rank: 9 ; Rank-X: 2 ; Rank-Y: 1 ; Rowstart: 5000; Rowend: 7501; Rows: 2501; Colstart: 1875; Colend: 3751; Cols: 1876;
Num-X: 4 ; Num-Y: 3 ; Resolution: 7500 ; Rank: 6 ; Rank-X: 1 ; Rank-Y: 2 ; Rowstart: 2500; Rowend: 5001; Rows: 2501; Colstart: 3750; Colend: 5626; Cols: 1876;
Num-X: 4 ; Num-Y: 3 ; Resolution: 7500 ; Rank: 3 ; Rank-X: 0 ; Rank-Y: 3 ; Rowstart: 0; Rowend: 2501; Rows: 2501; Colstart: 5625; Colend: 7501; Cols: 1876;

Resolution: 7500
===================
Execution time: 0.237624
Residual: 3.518183

megaflops:  33140.6
  flop instructions (M):  7875.000

Num-X: 4 ; Num-Y: 3 ; Resolution: 8500 ; Rank: 2 ; Rank-X: 0 ; Rank-Y: 2 ; Rowstart: 0; Rowend: 2835; Rows: 2835; Colstart: 4250; Colend: 6376; Cols: 2126;
Num-X: 4 ; Num-Y: 3 ; Resolution: 8500 ; Rank: 4 ; Rank-X: 1 ; Rank-Y: 0 ; Rowstart: 2834; Rowend: 5669; Rows: 2835; Colstart: 0; Colend: 2126; Cols: 2126;
Num-X: 4 ; Num-Y: 3 ; Resolution: 8500 ; Rank: 7 ; Rank-X: 1 ; Rank-Y: 3 ; Rowstart: 2834; Rowend: 5669; Rows: 2835; Colstart: 6375; Colend: 8501; Cols: 2126;
Num-X: 4 ; Num-Y: 3 ; Resolution: 8500 ; Rank: 8 ; Rank-X: 2 ; Rank-Y: 0 ; Rowstart: 5668; Rowend: 8501; Rows: 2833; Colstart: 0; Colend: 2126; Cols: 2126;
Num-X: 4 ; Num-Y: 3 ; Resolution: 8500 ; Rank: 10 ; Rank-X: 2 ; Rank-Y: 2 ; Rowstart: 5668; Rowend: 8501; Rows: 2833; Colstart: 4250; Colend: 6376; Cols: 2126;
Num-X: 4 ; Num-Y: 3 ; Resolution: 8500 ; Rank: 1 ; Rank-X: 0 ; Rank-Y: 1 ; Rowstart: 0; Rowend: 2835; Rows: 2835; Colstart: 2125; Colend: 4251; Cols: 2126;
Num-X: 4 ; Num-Y: 3 ; Resolution: 8500 ; Rank: 11 ; Rank-X: 2 ; Rank-Y: 3 ; Rowstart: 5668; Rowend: 8501; Rows: 2833; Colstart: 6375; Colend: 8501; Cols: 2126;
Num-X: 4 ; Num-Y: 3 ; Resolution: 8500 ; Rank: 5 ; Rank-X: 1 ; Rank-Y: 1 ; Rowstart: 2834; Rowend: 5669; Rows: 2835; Colstart: 2125; Colend: 4251; Cols: 2126;
Num-X: 4 ; Num-Y: 3 ; Resolution: 8500 ; Rank: 3 ; Rank-X: 0 ; Rank-Y: 3 ; Rowstart: 0; Rowend: 2835; Rows: 2835; Colstart: 6375; Colend: 8501; Cols: 2126;
Num-X: 4 ; Num-Y: 3 ; Resolution: 8500 ; Rank: 0 ; Rank-X: 0 ; Rank-Y: 0 ; Rowstart: 0; Rowend: 2835; Rows: 2835; Colstart: 0; Colend: 2126; Cols: 2126;
Num-X: 4 ; Num-Y: 3 ; Resolution: 8500 ; Rank: 9 ; Rank-X: 2 ; Rank-Y: 1 ; Rowstart: 5668; Rowend: 8501; Rows: 2833; Colstart: 2125; Colend: 4251; Cols: 2126;
Num-X: 4 ; Num-Y: 3 ; Resolution: 8500 ; Rank: 6 ; Rank-X: 1 ; Rank-Y: 2 ; Rowstart: 2834; Rowend: 5669; Rows: 2835; Colstart: 4250; Colend: 6376; Cols: 2126;

Resolution: 8500
===================
Execution time: 0.308326
Residual: 3.987213

megaflops:  32806.2
  flop instructions (M):  10115.000

Num-X: 4 ; Num-Y: 3 ; Resolution: 9500 ; Rank: 2 ; Rank-X: 0 ; Rank-Y: 2 ; Rowstart: 0; Rowend: 3168; Rows: 3168; Colstart: 4750; Colend: 7126; Cols: 2376;
Num-X: 4 ; Num-Y: 3 ; Resolution: 9500 ; Rank: 4 ; Rank-X: 1 ; Rank-Y: 0 ; Rowstart: 3167; Rowend: 6335; Rows: 3168; Colstart: 0; Colend: 2376; Cols: 2376;
Num-X: 4 ; Num-Y: 3 ; Resolution: 9500 ; Rank: 8 ; Rank-X: 2 ; Rank-Y: 0 ; Rowstart: 6334; Rowend: 9501; Rows: 3167; Colstart: 0; Colend: 2376; Cols: 2376;
Num-X: 4 ; Num-Y: 3 ; Resolution: 9500 ; Rank: 1 ; Rank-X: 0 ; Rank-Y: 1 ; Rowstart: 0; Rowend: 3168; Rows: 3168; Colstart: 2375; Colend: 4751; Cols: 2376;
Num-X: 4 ; Num-Y: 3 ; Resolution: 9500 ; Rank: 10 ; Rank-X: 2 ; Rank-Y: 2 ; Rowstart: 6334; Rowend: 9501; Rows: 3167; Colstart: 4750; Colend: 7126; Cols: 2376;
Num-X: 4 ; Num-Y: 3 ; Resolution: 9500 ; Rank: 9 ; Rank-X: 2 ; Rank-Y: 1 ; Rowstart: 6334; Rowend: 9501; Rows: 3167; Colstart: 2375; Colend: 4751; Cols: 2376;
Num-X: 4 ; Num-Y: 3 ; Resolution: 9500 ; Rank: 11 ; Rank-X: 2 ; Rank-Y: 3 ; Rowstart: 6334; Rowend: 9501; Rows: 3167; Colstart: 7125; Colend: 9501; Cols: 2376;
Num-X: 4 ; Num-Y: 3 ; Resolution: 9500 ; Rank: 7 ; Rank-X: 1 ; Rank-Y: 3 ; Rowstart: 3167; Rowend: 6335; Rows: 3168; Colstart: 7125; Colend: 9501; Cols: 2376;
Num-X: 4 ; Num-Y: 3 ; Resolution: 9500 ; Rank: 5 ; Rank-X: 1 ; Rank-Y: 1 ; Rowstart: 3167; Rowend: 6335; Rows: 3168; Colstart: 2375; Colend: 4751; Cols: 2376;
Num-X: 4 ; Num-Y: 3 ; Resolution: 9500 ; Rank: 0 ; Rank-X: 0 ; Rank-Y: 0 ; Rowstart: 0; Rowend: 3168; Rows: 3168; Colstart: 0; Colend: 2376; Cols: 2376;
Num-X: 4 ; Num-Y: 3 ; Resolution: 9500 ; Rank: 3 ; Rank-X: 0 ; Rank-Y: 3 ; Rowstart: 0; Rowend: 3168; Rows: 3168; Colstart: 7125; Colend: 9501; Cols: 2376;
Num-X: 4 ; Num-Y: 3 ; Resolution: 9500 ; Rank: 6 ; Rank-X: 1 ; Rank-Y: 2 ; Rowstart: 3167; Rowend: 6335; Rows: 3168; Colstart: 4750; Colend: 7126; Cols: 2376;

Resolution: 9500
===================
Execution time: 0.387941
Residual: 4.456242

megaflops:  32569.4
  flop instructions (M):  12635.000

Num-X: 4 ; Num-Y: 3 ; Resolution: 10500 ; Rank: 4 ; Rank-X: 1 ; Rank-Y: 0 ; Rowstart: 3500; Rowend: 7001; Rows: 3501; Colstart: 0; Colend: 2626; Cols: 2626;
Num-X: 4 ; Num-Y: 3 ; Resolution: 10500 ; Rank: 8 ; Rank-X: 2 ; Rank-Y: 0 ; Rowstart: 7000; Rowend: 10501; Rows: 3501; Colstart: 0; Colend: 2626; Cols: 2626;
Num-X: 4 ; Num-Y: 3 ; Resolution: 10500 ; Rank: 11 ; Rank-X: 2 ; Rank-Y: 3 ; Rowstart: 7000; Rowend: 10501; Rows: 3501; Colstart: 7875; Colend: 10501; Cols: 2626;
Num-X: 4 ; Num-Y: 3 ; Resolution: 10500 ; Rank: 10 ; Rank-X: 2 ; Rank-Y: 2 ; Rowstart: 7000; Rowend: 10501; Rows: 3501; Colstart: 5250; Colend: 7876; Cols: 2626;
Num-X: 4 ; Num-Y: 3 ; Resolution: 10500 ; Rank: 2 ; Rank-X: 0 ; Rank-Y: 2 ; Rowstart: 0; Rowend: 3501; Rows: 3501; Colstart: 5250; Colend: 7876; Cols: 2626;
Num-X: 4 ; Num-Y: 3 ; Resolution: 10500 ; Rank: 5 ; Rank-X: 1 ; Rank-Y: 1 ; Rowstart: 3500; Rowend: 7001; Rows: 3501; Colstart: 2625; Colend: 5251; Cols: 2626;
Num-X: 4 ; Num-Y: 3 ; Resolution: 10500 ; Rank: 7 ; Rank-X: 1 ; Rank-Y: 3 ; Rowstart: 3500; Rowend: 7001; Rows: 3501; Colstart: 7875; Colend: 10501; Cols: 2626;
Num-X: 4 ; Num-Y: 3 ; Resolution: 10500 ; Rank: 1 ; Rank-X: 0 ; Rank-Y: 1 ; Rowstart: 0; Rowend: 3501; Rows: 3501; Colstart: 2625; Colend: 5251; Cols: 2626;
Num-X: 4 ; Num-Y: 3 ; Resolution: 10500 ; Rank: 0 ; Rank-X: 0 ; Rank-Y: 0 ; Rowstart: 0; Rowend: 3501; Rows: 3501; Colstart: 0; Colend: 2626; Cols: 2626;
Num-X: 4 ; Num-Y: 3 ; Resolution: 10500 ; Rank: 9 ; Rank-X: 2 ; Rank-Y: 1 ; Rowstart: 7000; Rowend: 10501; Rows: 3501; Colstart: 2625; Colend: 5251; Cols: 2626;
Num-X: 4 ; Num-Y: 3 ; Resolution: 10500 ; Rank: 3 ; Rank-X: 0 ; Rank-Y: 3 ; Rowstart: 0; Rowend: 3501; Rows: 3501; Colstart: 7875; Colend: 10501; Cols: 2626;
Num-X: 4 ; Num-Y: 3 ; Resolution: 10500 ; Rank: 6 ; Rank-X: 1 ; Rank-Y: 2 ; Rowstart: 3500; Rowend: 7001; Rows: 3501; Colstart: 5250; Colend: 7876; Cols: 2626;

Resolution: 10500
===================
Execution time: 0.474593
Residual: 4.925272

megaflops:  32522.6
  flop instructions (M):  15435.000

Num-X: 4 ; Num-Y: 3 ; Resolution: 11500 ; Rank: 10 ; Rank-X: 2 ; Rank-Y: 2 ; Rowstart: 7668; Rowend: 11501; Rows: 3833; Colstart: 5750; Colend: 8626; Cols: 2876;
Num-X: 4 ; Num-Y: 3 ; Resolution: 11500 ; Rank: 5 ; Rank-X: 1 ; Rank-Y: 1 ; Rowstart: 3834; Rowend: 7669; Rows: 3835; Colstart: 2875; Colend: 5751; Cols: 2876;
Num-X: 4 ; Num-Y: 3 ; Resolution: 11500 ; Rank: 8 ; Rank-X: 2 ; Rank-Y: 0 ; Rowstart: 7668; Rowend: 11501; Rows: 3833; Colstart: 0; Colend: 2876; Cols: 2876;
Num-X: 4 ; Num-Y: 3 ; Resolution: 11500 ; Rank: 2 ; Rank-X: 0 ; Rank-Y: 2 ; Rowstart: 0; Rowend: 3835; Rows: 3835; Colstart: 5750; Colend: 8626; Cols: 2876;
Num-X: 4 ; Num-Y: 3 ; Resolution: 11500 ; Rank: 7 ; Rank-X: 1 ; Rank-Y: 3 ; Rowstart: 3834; Rowend: 7669; Rows: 3835; Colstart: 8625; Colend: 11501; Cols: 2876;
Num-X: 4 ; Num-Y: 3 ; Resolution: 11500 ; Rank: 4 ; Rank-X: 1 ; Rank-Y: 0 ; Rowstart: 3834; Rowend: 7669; Rows: 3835; Colstart: 0; Colend: 2876; Cols: 2876;
Num-X: 4 ; Num-Y: 3 ; Resolution: 11500 ; Rank: 1 ; Rank-X: 0 ; Rank-Y: 1 ; Rowstart: 0; Rowend: 3835; Rows: 3835; Colstart: 2875; Colend: 5751; Cols: 2876;
Num-X: 4 ; Num-Y: 3 ; Resolution: 11500 ; Rank: 11 ; Rank-X: 2 ; Rank-Y: 3 ; Rowstart: 7668; Rowend: 11501; Rows: 3833; Colstart: 8625; Colend: 11501; Cols: 2876;
Num-X: 4 ; Num-Y: 3 ; Resolution: 11500 ; Rank: 0 ; Rank-X: 0 ; Rank-Y: 0 ; Rowstart: 0; Rowend: 3835; Rows: 3835; Colstart: 0; Colend: 2876; Cols: 2876;
Num-X: 4 ; Num-Y: 3 ; Resolution: 11500 ; Rank: 9 ; Rank-X: 2 ; Rank-Y: 1 ; Rowstart: 7668; Rowend: 11501; Rows: 3833; Colstart: 2875; Colend: 5751; Cols: 2876;
Num-X: 4 ; Num-Y: 3 ; Resolution: 11500 ; Rank: 3 ; Rank-X: 0 ; Rank-Y: 3 ; Rowstart: 0; Rowend: 3835; Rows: 3835; Colstart: 8625; Colend: 11501; Cols: 2876;
Num-X: 4 ; Num-Y: 3 ; Resolution: 11500 ; Rank: 6 ; Rank-X: 1 ; Rank-Y: 2 ; Rowstart: 3834; Rowend: 7669; Rows: 3835; Colstart: 5750; Colend: 8626; Cols: 2876;

Resolution: 11500
===================
Execution time: 0.569695
Residual: 5.394301

megaflops:  32499.8
  flop instructions (M):  18515.000

Num-X: 4 ; Num-Y: 3 ; Resolution: 12500 ; Rank: 2 ; Rank-X: 0 ; Rank-Y: 2 ; Rowstart: 0; Rowend: 4168; Rows: 4168; Colstart: 6250; Colend: 9376; Cols: 3126;
Num-X: 4 ; Num-Y: 3 ; Resolution: 12500 ; Rank: 4 ; Rank-X: 1 ; Rank-Y: 0 ; Rowstart: 4167; Rowend: 8335; Rows: 4168; Colstart: 0; Colend: 3126; Cols: 3126;
Num-X: 4 ; Num-Y: 3 ; Resolution: 12500 ; Rank: 1 ; Rank-X: 0 ; Rank-Y: 1 ; Rowstart: 0; Rowend: 4168; Rows: 4168; Colstart: 3125; Colend: 6251; Cols: 3126;
Num-X: 4 ; Num-Y: 3 ; Resolution: 12500 ; Rank: 5 ; Rank-X: 1 ; Rank-Y: 1 ; Rowstart: 4167; Rowend: 8335; Rows: 4168; Colstart: 3125; Colend: 6251; Cols: 3126;
Num-X: 4 ; Num-Y: 3 ; Resolution: 12500 ; Rank: 7 ; Rank-X: 1 ; Rank-Y: 3 ; Rowstart: 4167; Rowend: 8335; Rows: 4168; Colstart: 9375; Colend: 12501; Cols: 3126;
Num-X: 4 ; Num-Y: 3 ; Resolution: 12500 ; Rank: 3 ; Rank-X: 0 ; Rank-Y: 3 ; Rowstart: 0; Rowend: 4168; Rows: 4168; Colstart: 9375; Colend: 12501; Cols: 3126;
Num-X: 4 ; Num-Y: 3 ; Resolution: 12500 ; Rank: 0 ; Rank-X: 0 ; Rank-Y: 0 ; Rowstart: 0; Rowend: 4168; Rows: 4168; Colstart: 0; Colend: 3126; Cols: 3126;
Num-X: 4 ; Num-Y: 3 ; Resolution: 12500 ; Rank: 6 ; Rank-X: 1 ; Rank-Y: 2 ; Rowstart: 4167; Rowend: 8335; Rows: 4168; Colstart: 6250; Colend: 9376; Cols: 3126;
Num-X: 4 ; Num-Y: 3 ; Resolution: 12500 ; Rank: 8 ; Rank-X: 2 ; Rank-Y: 0 ; Rowstart: 8334; Rowend: 12501; Rows: 4167; Colstart: 0; Colend: 3126; Cols: 3126;
Num-X: 4 ; Num-Y: 3 ; Resolution: 12500 ; Rank: 11 ; Rank-X: 2 ; Rank-Y: 3 ; Rowstart: 8334; Rowend: 12501; Rows: 4167; Colstart: 9375; Colend: 12501; Cols: 3126;
Num-X: 4 ; Num-Y: 3 ; Resolution: 12500 ; Rank: 10 ; Rank-X: 2 ; Rank-Y: 2 ; Rowstart: 8334; Rowend: 12501; Rows: 4167; Colstart: 6250; Colend: 9376; Cols: 3126;
Num-X: 4 ; Num-Y: 3 ; Resolution: 12500 ; Rank: 9 ; Rank-X: 2 ; Rank-Y: 1 ; Rowstart: 8334; Rowend: 12501; Rows: 4167; Colstart: 3125; Colend: 6251; Cols: 3126;

Resolution: 12500
===================
Execution time: 0.690502
Residual: 5.863330

megaflops:  31679.9
  flop instructions (M):  21875.000
