mpiexec -genv I_MPI_DEBUG=4 -n 16
[0] MPI startup(): Intel(R) MPI Library, Version 2019 Update 8  Build 20200624 (id: 4f16ad915)
[0] MPI startup(): Copyright (C) 2003-2020 Intel Corporation.  All rights reserved.
[0] MPI startup(): library kind: release
[0] MPI startup(): libfabric version: 1.10.1-impi
[0] MPI startup(): libfabric provider: psm2
[0] MPI startup(): Rank    Pid      Node name     Pin cpu
[0] MPI startup(): 0       1608197  i01r01c02s07  {0,1,2,48,49,50}
[0] MPI startup(): 1       1608198  i01r01c02s07  {3,4,5,51,52,53}
[0] MPI startup(): 2       1608199  i01r01c02s07  {6,7,8,54,55,56}
[0] MPI startup(): 3       1608200  i01r01c02s07  {9,10,11,57,58,59}
[0] MPI startup(): 4       1608201  i01r01c02s07  {12,13,14,60,61,62}
[0] MPI startup(): 5       1608202  i01r01c02s07  {15,16,17,63,64,65}
[0] MPI startup(): 6       1608203  i01r01c02s07  {18,19,20,66,67,68}
[0] MPI startup(): 7       1608204  i01r01c02s07  {21,22,23,69,70,71}
[0] MPI startup(): 8       1608205  i01r01c02s07  {24,25,26,72,73,74}
[0] MPI startup(): 9       1608206  i01r01c02s07  {27,28,29,75,76,77}
[0] MPI startup(): 10      1608207  i01r01c02s07  {30,31,32,78,79,80}
[0] MPI startup(): 11      1608208  i01r01c02s07  {33,34,35,81,82,83}
[0] MPI startup(): 12      1608209  i01r01c02s07  {36,37,38,84,85,86}
[0] MPI startup(): 13      1608210  i01r01c02s07  {39,40,41,87,88,89}
[0] MPI startup(): 14      1608211  i01r01c02s07  {42,43,44,90,91,92}
[0] MPI startup(): 15      1608212  i01r01c02s07  {45,46,47,93,94,95}

4 processes distributed in X-direction
 4 ; processes distributed in Y-direction
Resolutions       : (6500, 7500, ... 12500)
Iterations        : 20
Num. Heat sources : 2
   1: (0.00, 0.00) 1.00 1.00 
   2: (1.00, 1.00) 1.00 0.50 
rank= 0 coords= 0 0 neighbours(up,down,left,right)= -1 4 -1 1
rank= 1 coords= 0 1 neighbours(up,down,left,right)= -1 5 0 2
rank= 2 coords= 0 2 neighbours(up,down,left,right)= -1 6 1 3
rank= 3 coords= 0 3 neighbours(up,down,left,right)= -1 7 2 -1
rank= 4 coords= 1 0 neighbours(up,down,left,right)= 0 8 -1 5
rank= 6 coords= 1 2 neighbours(up,down,left,right)= 2 10 5 7
rank= 7 coords= 1 3 neighbours(up,down,left,right)= 3 11 6 -1
rank= 8 coords= 2 0 neighbours(up,down,left,right)= 4 12 -1 9
rank= 9 coords= 2 1 neighbours(up,down,left,right)= 5 13 8 10
rank= 10 coords= 2 2 neighbours(up,down,left,right)= 6 14 9 11
rank= 12 coords= 3 0 neighbours(up,down,left,right)= 8 -1 -1 13
rank= 13 coords= 3 1 neighbours(up,down,left,right)= 9 -1 12 14
rank= 14 coords= 3 2 neighbours(up,down,left,right)= 10 -1 13 15
rank= 5 coords= 1 1 neighbours(up,down,left,right)= 1 9 4 6
rank= 11 coords= 2 3 neighbours(up,down,left,right)= 7 15 10 -1
rank= 15 coords= 3 3 neighbours(up,down,left,right)= 11 -1 14 -1

Num-X: 4 ; Num-Y: 4 ; Resolution: 6500 ; Rank: 3 ; Rank-X: 0 ; Rank-Y: 3 ; Rowstart: 0; Rowend: 1626; Rows: 1626; Colstart: 4875; Colend: 6501; Cols: 1626;
Num-X: 4 ; Num-Y: 4 ; Resolution: 6500 ; Rank: 1 ; Rank-X: 0 ; Rank-Y: 1 ; Rowstart: 0; Rowend: 1626; Rows: 1626; Colstart: 1625; Colend: 3251; Cols: 1626;
Num-X: 4 ; Num-Y: 4 ; Resolution: 6500 ; Rank: 9 ; Rank-X: 2 ; Rank-Y: 1 ; Rowstart: 3250; Rowend: 4876; Rows: 1626; Colstart: 1625; Colend: 3251; Cols: 1626;
Num-X: 4 ; Num-Y: 4 ; Resolution: 6500 ; Rank: 11 ; Rank-X: 2 ; Rank-Y: 3 ; Rowstart: 3250; Rowend: 4876; Rows: 1626; Colstart: 4875; Colend: 6501; Cols: 1626;
Num-X: 4 ; Num-Y: 4 ; Resolution: 6500 ; Rank: 13 ; Rank-X: 3 ; Rank-Y: 1 ; Rowstart: 4875; Rowend: 6501; Rows: 1626; Colstart: 1625; Colend: 3251; Cols: 1626;
Num-X: 4 ; Num-Y: 4 ; Resolution: 6500 ; Rank: 7 ; Rank-X: 1 ; Rank-Y: 3 ; Rowstart: 1625; Rowend: 3251; Rows: 1626; Colstart: 4875; Colend: 6501; Cols: 1626;
Num-X: 4 ; Num-Y: 4 ; Resolution: 6500 ; Rank: 15 ; Rank-X: 3 ; Rank-Y: 3 ; Rowstart: 4875; Rowend: 6501; Rows: 1626; Colstart: 4875; Colend: 6501; Cols: 1626;
Num-X: 4 ; Num-Y: 4 ; Resolution: 6500 ; Rank: 5 ; Rank-X: 1 ; Rank-Y: 1 ; Rowstart: 1625; Rowend: 3251; Rows: 1626; Colstart: 1625; Colend: 3251; Cols: 1626;
Num-X: 4 ; Num-Y: 4 ; Resolution: 6500 ; Rank: 10 ; Rank-X: 2 ; Rank-Y: 2 ; Rowstart: 3250; Rowend: 4876; Rows: 1626; Colstart: 3250; Colend: 4876; Cols: 1626;
Num-X: 4 ; Num-Y: 4 ; Resolution: 6500 ; Rank: 6 ; Rank-X: 1 ; Rank-Y: 2 ; Rowstart: 1625; Rowend: 3251; Rows: 1626; Colstart: 3250; Colend: 4876; Cols: 1626;
Num-X: 4 ; Num-Y: 4 ; Resolution: 6500 ; Rank: 0 ; Rank-X: 0 ; Rank-Y: 0 ; Rowstart: 0; Rowend: 1626; Rows: 1626; Colstart: 0; Colend: 1626; Cols: 1626;
Num-X: 4 ; Num-Y: 4 ; Resolution: 6500 ; Rank: 2 ; Rank-X: 0 ; Rank-Y: 2 ; Rowstart: 0; Rowend: 1626; Rows: 1626; Colstart: 3250; Colend: 4876; Cols: 1626;
Num-X: 4 ; Num-Y: 4 ; Resolution: 6500 ; Rank: 12 ; Rank-X: 3 ; Rank-Y: 0 ; Rowstart: 4875; Rowend: 6501; Rows: 1626; Colstart: 0; Colend: 1626; Cols: 1626;
Num-X: 4 ; Num-Y: 4 ; Resolution: 6500 ; Rank: 4 ; Rank-X: 1 ; Rank-Y: 0 ; Rowstart: 1625; Rowend: 3251; Rows: 1626; Colstart: 0; Colend: 1626; Cols: 1626;
Num-X: 4 ; Num-Y: 4 ; Resolution: 6500 ; Rank: 14 ; Rank-X: 3 ; Rank-Y: 2 ; Rowstart: 4875; Rowend: 6501; Rows: 1626; Colstart: 3250; Colend: 4876; Cols: 1626;
Num-X: 4 ; Num-Y: 4 ; Resolution: 6500 ; Rank: 8 ; Rank-X: 2 ; Rank-Y: 0 ; Rowstart: 3250; Rowend: 4876; Rows: 1626; Colstart: 0; Colend: 1626; Cols: 1626;

Resolution: 6500
===================
Execution time: 0.111112
Residual: 3.049154

megaflops:  53234.6
  flop instructions (M):  5915.000

Num-X: 4 ; Num-Y: 4 ; Resolution: 7500 ; Rank: 11 ; Rank-X: 2 ; Rank-Y: 3 ; Rowstart: 3750; Rowend: 5626; Rows: 1876; Colstart: 5625; Colend: 7501; Cols: 1876;
Num-X: 4 ; Num-Y: 4 ; Resolution: 7500 ; Rank: 13 ; Rank-X: 3 ; Rank-Y: 1 ; Rowstart: 5625; Rowend: 7501; Rows: 1876; Colstart: 1875; Colend: 3751; Cols: 1876;
Num-X: 4 ; Num-Y: 4 ; Resolution: 7500 ; Rank: 15 ; Rank-X: 3 ; Rank-Y: 3 ; Rowstart: 5625; Rowend: 7501; Rows: 1876; Colstart: 5625; Colend: 7501; Cols: 1876;
Num-X: 4 ; Num-Y: 4 ; Resolution: 7500 ; Rank: 7 ; Rank-X: 1 ; Rank-Y: 3 ; Rowstart: 1875; Rowend: 3751; Rows: 1876; Colstart: 5625; Colend: 7501; Cols: 1876;
Num-X: 4 ; Num-Y: 4 ; Resolution: 7500 ; Rank: 9 ; Rank-X: 2 ; Rank-Y: 1 ; Rowstart: 3750; Rowend: 5626; Rows: 1876; Colstart: 1875; Colend: 3751; Cols: 1876;
Num-X: 4 ; Num-Y: 4 ; Resolution: 7500 ; Rank: 3 ; Rank-X: 0 ; Rank-Y: 3 ; Rowstart: 0; Rowend: 1876; Rows: 1876; Colstart: 5625; Colend: 7501; Cols: 1876;
Num-X: 4 ; Num-Y: 4 ; Resolution: 7500 ; Rank: 10 ; Rank-X: 2 ; Rank-Y: 2 ; Rowstart: 3750; Rowend: 5626; Rows: 1876; Colstart: 3750; Colend: 5626; Cols: 1876;
Num-X: 4 ; Num-Y: 4 ; Resolution: 7500 ; Rank: 5 ; Rank-X: 1 ; Rank-Y: 1 ; Rowstart: 1875; Rowend: 3751; Rows: 1876; Colstart: 1875; Colend: 3751; Cols: 1876;
Num-X: 4 ; Num-Y: 4 ; Resolution: 7500 ; Rank: 12 ; Rank-X: 3 ; Rank-Y: 0 ; Rowstart: 5625; Rowend: 7501; Rows: 1876; Colstart: 0; Colend: 1876; Cols: 1876;
Num-X: 4 ; Num-Y: 4 ; Resolution: 7500 ; Rank: 4 ; Rank-X: 1 ; Rank-Y: 0 ; Rowstart: 1875; Rowend: 3751; Rows: 1876; Colstart: 0; Colend: 1876; Cols: 1876;
Num-X: 4 ; Num-Y: 4 ; Resolution: 7500 ; Rank: 14 ; Rank-X: 3 ; Rank-Y: 2 ; Rowstart: 5625; Rowend: 7501; Rows: 1876; Colstart: 3750; Colend: 5626; Cols: 1876;
Num-X: 4 ; Num-Y: 4 ; Resolution: 7500 ; Rank: 0 ; Rank-X: 0 ; Rank-Y: 0 ; Rowstart: 0; Rowend: 1876; Rows: 1876; Colstart: 0; Colend: 1876; Cols: 1876;
Num-X: 4 ; Num-Y: 4 ; Resolution: 7500 ; Rank: 2 ; Rank-X: 0 ; Rank-Y: 2 ; Rowstart: 0; Rowend: 1876; Rows: 1876; Colstart: 3750; Colend: 5626; Cols: 1876;
Num-X: 4 ; Num-Y: 4 ; Resolution: 7500 ; Rank: 8 ; Rank-X: 2 ; Rank-Y: 0 ; Rowstart: 3750; Rowend: 5626; Rows: 1876; Colstart: 0; Colend: 1876; Cols: 1876;
Num-X: 4 ; Num-Y: 4 ; Resolution: 7500 ; Rank: 6 ; Rank-X: 1 ; Rank-Y: 2 ; Rowstart: 1875; Rowend: 3751; Rows: 1876; Colstart: 3750; Colend: 5626; Cols: 1876;
Num-X: 4 ; Num-Y: 4 ; Resolution: 7500 ; Rank: 1 ; Rank-X: 0 ; Rank-Y: 1 ; Rowstart: 0; Rowend: 1876; Rows: 1876; Colstart: 1875; Colend: 3751; Cols: 1876;

Resolution: 7500
===================
Execution time: 0.148695
Residual: 3.518183

megaflops:  52960.8
  flop instructions (M):  7875.000

Num-X: 4 ; Num-Y: 4 ; Resolution: 8500 ; Rank: 11 ; Rank-X: 2 ; Rank-Y: 3 ; Rowstart: 4250; Rowend: 6376; Rows: 2126; Colstart: 6375; Colend: 8501; Cols: 2126;
Num-X: 4 ; Num-Y: 4 ; Resolution: 8500 ; Rank: 13 ; Rank-X: 3 ; Rank-Y: 1 ; Rowstart: 6375; Rowend: 8501; Rows: 2126; Colstart: 2125; Colend: 4251; Cols: 2126;
Num-X: 4 ; Num-Y: 4 ; Resolution: 8500 ; Rank: 9 ; Rank-X: 2 ; Rank-Y: 1 ; Rowstart: 4250; Rowend: 6376; Rows: 2126; Colstart: 2125; Colend: 4251; Cols: 2126;
Num-X: 4 ; Num-Y: 4 ; Resolution: 8500 ; Rank: 12 ; Rank-X: 3 ; Rank-Y: 0 ; Rowstart: 6375; Rowend: 8501; Rows: 2126; Colstart: 0; Colend: 2126; Cols: 2126;
Num-X: 4 ; Num-Y: 4 ; Resolution: 8500 ; Rank: 1 ; Rank-X: 0 ; Rank-Y: 1 ; Rowstart: 0; Rowend: 2126; Rows: 2126; Colstart: 2125; Colend: 4251; Cols: 2126;
Num-X: 4 ; Num-Y: 4 ; Resolution: 8500 ; Rank: 0 ; Rank-X: 0 ; Rank-Y: 0 ; Rowstart: 0; Rowend: 2126; Rows: 2126; Colstart: 0; Colend: 2126; Cols: 2126;
Num-X: 4 ; Num-Y: 4 ; Resolution: 8500 ; Rank: 15 ; Rank-X: 3 ; Rank-Y: 3 ; Rowstart: 6375; Rowend: 8501; Rows: 2126; Colstart: 6375; Colend: 8501; Cols: 2126;
Num-X: 4 ; Num-Y: 4 ; Resolution: 8500 ; Rank: 7 ; Rank-X: 1 ; Rank-Y: 3 ; Rowstart: 2125; Rowend: 4251; Rows: 2126; Colstart: 6375; Colend: 8501; Cols: 2126;
Num-X: 4 ; Num-Y: 4 ; Resolution: 8500 ; Rank: 2 ; Rank-X: 0 ; Rank-Y: 2 ; Rowstart: 0; Rowend: 2126; Rows: 2126; Colstart: 4250; Colend: 6376; Cols: 2126;
Num-X: 4 ; Num-Y: 4 ; Resolution: 8500 ; Rank: 5 ; Rank-X: 1 ; Rank-Y: 1 ; Rowstart: 2125; Rowend: 4251; Rows: 2126; Colstart: 2125; Colend: 4251; Cols: 2126;
Num-X: 4 ; Num-Y: 4 ; Resolution: 8500 ; Rank: 3 ; Rank-X: 0 ; Rank-Y: 3 ; Rowstart: 0; Rowend: 2126; Rows: 2126; Colstart: 6375; Colend: 8501; Cols: 2126;
Num-X: 4 ; Num-Y: 4 ; Resolution: 8500 ; Rank: 6 ; Rank-X: 1 ; Rank-Y: 2 ; Rowstart: 2125; Rowend: 4251; Rows: 2126; Colstart: 4250; Colend: 6376; Cols: 2126;
Num-X: 4 ; Num-Y: 4 ; Resolution: 8500 ; Rank: 10 ; Rank-X: 2 ; Rank-Y: 2 ; Rowstart: 4250; Rowend: 6376; Rows: 2126; Colstart: 4250; Colend: 6376; Cols: 2126;
Num-X: 4 ; Num-Y: 4 ; Resolution: 8500 ; Rank: 14 ; Rank-X: 3 ; Rank-Y: 2 ; Rowstart: 6375; Rowend: 8501; Rows: 2126; Colstart: 4250; Colend: 6376; Cols: 2126;
Num-X: 4 ; Num-Y: 4 ; Resolution: 8500 ; Rank: 8 ; Rank-X: 2 ; Rank-Y: 0 ; Rowstart: 4250; Rowend: 6376; Rows: 2126; Colstart: 0; Colend: 2126; Cols: 2126;
Num-X: 4 ; Num-Y: 4 ; Resolution: 8500 ; Rank: 4 ; Rank-X: 1 ; Rank-Y: 0 ; Rowstart: 2125; Rowend: 4251; Rows: 2126; Colstart: 0; Colend: 2126; Cols: 2126;

Resolution: 8500
===================
Execution time: 0.192607
Residual: 3.987213

megaflops:  52516.3
  flop instructions (M):  10115.000

Num-X: 4 ; Num-Y: 4 ; Resolution: 9500 ; Rank: 11 ; Rank-X: 2 ; Rank-Y: 3 ; Rowstart: 4750; Rowend: 7126; Rows: 2376; Colstart: 7125; Colend: 9501; Cols: 2376;
Num-X: 4 ; Num-Y: 4 ; Resolution: 9500 ; Rank: 13 ; Rank-X: 3 ; Rank-Y: 1 ; Rowstart: 7125; Rowend: 9501; Rows: 2376; Colstart: 2375; Colend: 4751; Cols: 2376;
Num-X: 4 ; Num-Y: 4 ; Resolution: 9500 ; Rank: 15 ; Rank-X: 3 ; Rank-Y: 3 ; Rowstart: 7125; Rowend: 9501; Rows: 2376; Colstart: 7125; Colend: 9501; Cols: 2376;
Num-X: 4 ; Num-Y: 4 ; Resolution: 9500 ; Rank: 14 ; Rank-X: 3 ; Rank-Y: 2 ; Rowstart: 7125; Rowend: 9501; Rows: 2376; Colstart: 4750; Colend: 7126; Cols: 2376;
Num-X: 4 ; Num-Y: 4 ; Resolution: 9500 ; Rank: 9 ; Rank-X: 2 ; Rank-Y: 1 ; Rowstart: 4750; Rowend: 7126; Rows: 2376; Colstart: 2375; Colend: 4751; Cols: 2376;
Num-X: 4 ; Num-Y: 4 ; Resolution: 9500 ; Rank: 4 ; Rank-X: 1 ; Rank-Y: 0 ; Rowstart: 2375; Rowend: 4751; Rows: 2376; Colstart: 0; Colend: 2376; Cols: 2376;
Num-X: 4 ; Num-Y: 4 ; Resolution: 9500 ; Rank: 7 ; Rank-X: 1 ; Rank-Y: 3 ; Rowstart: 2375; Rowend: 4751; Rows: 2376; Colstart: 7125; Colend: 9501; Cols: 2376;
Num-X: 4 ; Num-Y: 4 ; Resolution: 9500 ; Rank: 5 ; Rank-X: 1 ; Rank-Y: 1 ; Rowstart: 2375; Rowend: 4751; Rows: 2376; Colstart: 2375; Colend: 4751; Cols: 2376;
Num-X: 4 ; Num-Y: 4 ; Resolution: 9500 ; Rank: 12 ; Rank-X: 3 ; Rank-Y: 0 ; Rowstart: 7125; Rowend: 9501; Rows: 2376; Colstart: 0; Colend: 2376; Cols: 2376;
Num-X: 4 ; Num-Y: 4 ; Resolution: 9500 ; Rank: 1 ; Rank-X: 0 ; Rank-Y: 1 ; Rowstart: 0; Rowend: 2376; Rows: 2376; Colstart: 2375; Colend: 4751; Cols: 2376;
Num-X: 4 ; Num-Y: 4 ; Resolution: 9500 ; Rank: 3 ; Rank-X: 0 ; Rank-Y: 3 ; Rowstart: 0; Rowend: 2376; Rows: 2376; Colstart: 7125; Colend: 9501; Cols: 2376;
Num-X: 4 ; Num-Y: 4 ; Resolution: 9500 ; Rank: 10 ; Rank-X: 2 ; Rank-Y: 2 ; Rowstart: 4750; Rowend: 7126; Rows: 2376; Colstart: 4750; Colend: 7126; Cols: 2376;
Num-X: 4 ; Num-Y: 4 ; Resolution: 9500 ; Rank: 2 ; Rank-X: 0 ; Rank-Y: 2 ; Rowstart: 0; Rowend: 2376; Rows: 2376; Colstart: 4750; Colend: 7126; Cols: 2376;
Num-X: 4 ; Num-Y: 4 ; Resolution: 9500 ; Rank: 8 ; Rank-X: 2 ; Rank-Y: 0 ; Rowstart: 4750; Rowend: 7126; Rows: 2376; Colstart: 0; Colend: 2376; Cols: 2376;
Num-X: 4 ; Num-Y: 4 ; Resolution: 9500 ; Rank: 0 ; Rank-X: 0 ; Rank-Y: 0 ; Rowstart: 0; Rowend: 2376; Rows: 2376; Colstart: 0; Colend: 2376; Cols: 2376;
Num-X: 4 ; Num-Y: 4 ; Resolution: 9500 ; Rank: 6 ; Rank-X: 1 ; Rank-Y: 2 ; Rowstart: 2375; Rowend: 4751; Rows: 2376; Colstart: 4750; Colend: 7126; Cols: 2376;

Resolution: 9500
===================
Execution time: 0.242988
Residual: 4.456242

megaflops:  51998.4
  flop instructions (M):  12635.000

Num-X: 4 ; Num-Y: 4 ; Resolution: 10500 ; Rank: 13 ; Rank-X: 3 ; Rank-Y: 1 ; Rowstart: 7875; Rowend: 10501; Rows: 2626; Colstart: 2625; Colend: 5251; Cols: 2626;
Num-X: 4 ; Num-Y: 4 ; Resolution: 10500 ; Rank: 11 ; Rank-X: 2 ; Rank-Y: 3 ; Rowstart: 5250; Rowend: 7876; Rows: 2626; Colstart: 7875; Colend: 10501; Cols: 2626;
Num-X: 4 ; Num-Y: 4 ; Resolution: 10500 ; Rank: 15 ; Rank-X: 3 ; Rank-Y: 3 ; Rowstart: 7875; Rowend: 10501; Rows: 2626; Colstart: 7875; Colend: 10501; Cols: 2626;
Num-X: 4 ; Num-Y: 4 ; Resolution: 10500 ; Rank: 7 ; Rank-X: 1 ; Rank-Y: 3 ; Rowstart: 2625; Rowend: 5251; Rows: 2626; Colstart: 7875; Colend: 10501; Cols: 2626;
Num-X: 4 ; Num-Y: 4 ; Resolution: 10500 ; Rank: 3 ; Rank-X: 0 ; Rank-Y: 3 ; Rowstart: 0; Rowend: 2626; Rows: 2626; Colstart: 7875; Colend: 10501; Cols: 2626;
Num-X: 4 ; Num-Y: 4 ; Resolution: 10500 ; Rank: 10 ; Rank-X: 2 ; Rank-Y: 2 ; Rowstart: 5250; Rowend: 7876; Rows: 2626; Colstart: 5250; Colend: 7876; Cols: 2626;
Num-X: 4 ; Num-Y: 4 ; Resolution: 10500 ; Rank: 1 ; Rank-X: 0 ; Rank-Y: 1 ; Rowstart: 0; Rowend: 2626; Rows: 2626; Colstart: 2625; Colend: 5251; Cols: 2626;
Num-X: 4 ; Num-Y: 4 ; Resolution: 10500 ; Rank: 5 ; Rank-X: 1 ; Rank-Y: 1 ; Rowstart: 2625; Rowend: 5251; Rows: 2626; Colstart: 2625; Colend: 5251; Cols: 2626;
Num-X: 4 ; Num-Y: 4 ; Resolution: 10500 ; Rank: 9 ; Rank-X: 2 ; Rank-Y: 1 ; Rowstart: 5250; Rowend: 7876; Rows: 2626; Colstart: 2625; Colend: 5251; Cols: 2626;
Num-X: 4 ; Num-Y: 4 ; Resolution: 10500 ; Rank: 12 ; Rank-X: 3 ; Rank-Y: 0 ; Rowstart: 7875; Rowend: 10501; Rows: 2626; Colstart: 0; Colend: 2626; Cols: 2626;
Num-X: 4 ; Num-Y: 4 ; Resolution: 10500 ; Rank: 6 ; Rank-X: 1 ; Rank-Y: 2 ; Rowstart: 2625; Rowend: 5251; Rows: 2626; Colstart: 5250; Colend: 7876; Cols: 2626;
Num-X: 4 ; Num-Y: 4 ; Resolution: 10500 ; Rank: 8 ; Rank-X: 2 ; Rank-Y: 0 ; Rowstart: 5250; Rowend: 7876; Rows: 2626; Colstart: 0; Colend: 2626; Cols: 2626;
Num-X: 4 ; Num-Y: 4 ; Resolution: 10500 ; Rank: 2 ; Rank-X: 0 ; Rank-Y: 2 ; Rowstart: 0; Rowend: 2626; Rows: 2626; Colstart: 5250; Colend: 7876; Cols: 2626;
Num-X: 4 ; Num-Y: 4 ; Resolution: 10500 ; Rank: 14 ; Rank-X: 3 ; Rank-Y: 2 ; Rowstart: 7875; Rowend: 10501; Rows: 2626; Colstart: 5250; Colend: 7876; Cols: 2626;
Num-X: 4 ; Num-Y: 4 ; Resolution: 10500 ; Rank: 0 ; Rank-X: 0 ; Rank-Y: 0 ; Rowstart: 0; Rowend: 2626; Rows: 2626; Colstart: 0; Colend: 2626; Cols: 2626;
Num-X: 4 ; Num-Y: 4 ; Resolution: 10500 ; Rank: 4 ; Rank-X: 1 ; Rank-Y: 0 ; Rowstart: 2625; Rowend: 5251; Rows: 2626; Colstart: 0; Colend: 2626; Cols: 2626;

Resolution: 10500
===================
Execution time: 0.296424
Residual: 4.925272

megaflops:  52070.7
  flop instructions (M):  15435.000

Num-X: 4 ; Num-Y: 4 ; Resolution: 11500 ; Rank: 13 ; Rank-X: 3 ; Rank-Y: 1 ; Rowstart: 8625; Rowend: 11501; Rows: 2876; Colstart: 2875; Colend: 5751; Cols: 2876;
Num-X: 4 ; Num-Y: 4 ; Resolution: 11500 ; Rank: 15 ; Rank-X: 3 ; Rank-Y: 3 ; Rowstart: 8625; Rowend: 11501; Rows: 2876; Colstart: 8625; Colend: 11501; Cols: 2876;
Num-X: 4 ; Num-Y: 4 ; Resolution: 11500 ; Rank: 5 ; Rank-X: 1 ; Rank-Y: 1 ; Rowstart: 2875; Rowend: 5751; Rows: 2876; Colstart: 2875; Colend: 5751; Cols: 2876;
Num-X: 4 ; Num-Y: 4 ; Resolution: 11500 ; Rank: 11 ; Rank-X: 2 ; Rank-Y: 3 ; Rowstart: 5750; Rowend: 8626; Rows: 2876; Colstart: 8625; Colend: 11501; Cols: 2876;
Num-X: 4 ; Num-Y: 4 ; Resolution: 11500 ; Rank: 9 ; Rank-X: 2 ; Rank-Y: 1 ; Rowstart: 5750; Rowend: 8626; Rows: 2876; Colstart: 2875; Colend: 5751; Cols: 2876;
Num-X: 4 ; Num-Y: 4 ; Resolution: 11500 ; Rank: 7 ; Rank-X: 1 ; Rank-Y: 3 ; Rowstart: 2875; Rowend: 5751; Rows: 2876; Colstart: 8625; Colend: 11501; Cols: 2876;
Num-X: 4 ; Num-Y: 4 ; Resolution: 11500 ; Rank: 0 ; Rank-X: 0 ; Rank-Y: 0 ; Rowstart: 0; Rowend: 2876; Rows: 2876; Colstart: 0; Colend: 2876; Cols: 2876;
Num-X: 4 ; Num-Y: 4 ; Resolution: 11500 ; Rank: 2 ; Rank-X: 0 ; Rank-Y: 2 ; Rowstart: 0; Rowend: 2876; Rows: 2876; Colstart: 5750; Colend: 8626; Cols: 2876;
Num-X: 4 ; Num-Y: 4 ; Resolution: 11500 ; Rank: 3 ; Rank-X: 0 ; Rank-Y: 3 ; Rowstart: 0; Rowend: 2876; Rows: 2876; Colstart: 8625; Colend: 11501; Cols: 2876;
Num-X: 4 ; Num-Y: 4 ; Resolution: 11500 ; Rank: 1 ; Rank-X: 0 ; Rank-Y: 1 ; Rowstart: 0; Rowend: 2876; Rows: 2876; Colstart: 2875; Colend: 5751; Cols: 2876;
Num-X: 4 ; Num-Y: 4 ; Resolution: 11500 ; Rank: 10 ; Rank-X: 2 ; Rank-Y: 2 ; Rowstart: 5750; Rowend: 8626; Rows: 2876; Colstart: 5750; Colend: 8626; Cols: 2876;
Num-X: 4 ; Num-Y: 4 ; Resolution: 11500 ; Rank: 14 ; Rank-X: 3 ; Rank-Y: 2 ; Rowstart: 8625; Rowend: 11501; Rows: 2876; Colstart: 5750; Colend: 8626; Cols: 2876;
Num-X: 4 ; Num-Y: 4 ; Resolution: 11500 ; Rank: 12 ; Rank-X: 3 ; Rank-Y: 0 ; Rowstart: 8625; Rowend: 11501; Rows: 2876; Colstart: 0; Colend: 2876; Cols: 2876;
Num-X: 4 ; Num-Y: 4 ; Resolution: 11500 ; Rank: 4 ; Rank-X: 1 ; Rank-Y: 0 ; Rowstart: 2875; Rowend: 5751; Rows: 2876; Colstart: 0; Colend: 2876; Cols: 2876;
Num-X: 4 ; Num-Y: 4 ; Resolution: 11500 ; Rank: 6 ; Rank-X: 1 ; Rank-Y: 2 ; Rowstart: 2875; Rowend: 5751; Rows: 2876; Colstart: 5750; Colend: 8626; Cols: 2876;
Num-X: 4 ; Num-Y: 4 ; Resolution: 11500 ; Rank: 8 ; Rank-X: 2 ; Rank-Y: 0 ; Rowstart: 5750; Rowend: 8626; Rows: 2876; Colstart: 0; Colend: 2876; Cols: 2876;

Resolution: 11500
===================
Execution time: 0.357214
Residual: 5.394301

megaflops:  51831.7
  flop instructions (M):  18515.000

Num-X: 4 ; Num-Y: 4 ; Resolution: 12500 ; Rank: 15 ; Rank-X: 3 ; Rank-Y: 3 ; Rowstart: 9375; Rowend: 12501; Rows: 3126; Colstart: 9375; Colend: 12501; Cols: 3126;
Num-X: 4 ; Num-Y: 4 ; Resolution: 12500 ; Rank: 9 ; Rank-X: 2 ; Rank-Y: 1 ; Rowstart: 6250; Rowend: 9376; Rows: 3126; Colstart: 3125; Colend: 6251; Cols: 3126;
Num-X: 4 ; Num-Y: 4 ; Resolution: 12500 ; Rank: 11 ; Rank-X: 2 ; Rank-Y: 3 ; Rowstart: 6250; Rowend: 9376; Rows: 3126; Colstart: 9375; Colend: 12501; Cols: 3126;
Num-X: 4 ; Num-Y: 4 ; Resolution: 12500 ; Rank: 1 ; Rank-X: 0 ; Rank-Y: 1 ; Rowstart: 0; Rowend: 3126; Rows: 3126; Colstart: 3125; Colend: 6251; Cols: 3126;
Num-X: 4 ; Num-Y: 4 ; Resolution: 12500 ; Rank: 3 ; Rank-X: 0 ; Rank-Y: 3 ; Rowstart: 0; Rowend: 3126; Rows: 3126; Colstart: 9375; Colend: 12501; Cols: 3126;
Num-X: 4 ; Num-Y: 4 ; Resolution: 12500 ; Rank: 13 ; Rank-X: 3 ; Rank-Y: 1 ; Rowstart: 9375; Rowend: 12501; Rows: 3126; Colstart: 3125; Colend: 6251; Cols: 3126;
Num-X: 4 ; Num-Y: 4 ; Resolution: 12500 ; Rank: 5 ; Rank-X: 1 ; Rank-Y: 1 ; Rowstart: 3125; Rowend: 6251; Rows: 3126; Colstart: 3125; Colend: 6251; Cols: 3126;
Num-X: 4 ; Num-Y: 4 ; Resolution: 12500 ; Rank: 7 ; Rank-X: 1 ; Rank-Y: 3 ; Rowstart: 3125; Rowend: 6251; Rows: 3126; Colstart: 9375; Colend: 12501; Cols: 3126;
Num-X: 4 ; Num-Y: 4 ; Resolution: 12500 ; Rank: 14 ; Rank-X: 3 ; Rank-Y: 2 ; Rowstart: 9375; Rowend: 12501; Rows: 3126; Colstart: 6250; Colend: 9376; Cols: 3126;
Num-X: 4 ; Num-Y: 4 ; Resolution: 12500 ; Rank: 10 ; Rank-X: 2 ; Rank-Y: 2 ; Rowstart: 6250; Rowend: 9376; Rows: 3126; Colstart: 6250; Colend: 9376; Cols: 3126;
Num-X: 4 ; Num-Y: 4 ; Resolution: 12500 ; Rank: 6 ; Rank-X: 1 ; Rank-Y: 2 ; Rowstart: 3125; Rowend: 6251; Rows: 3126; Colstart: 6250; Colend: 9376; Cols: 3126;
Num-X: 4 ; Num-Y: 4 ; Resolution: 12500 ; Rank: 4 ; Rank-X: 1 ; Rank-Y: 0 ; Rowstart: 3125; Rowend: 6251; Rows: 3126; Colstart: 0; Colend: 3126; Cols: 3126;
Num-X: 4 ; Num-Y: 4 ; Resolution: 12500 ; Rank: 8 ; Rank-X: 2 ; Rank-Y: 0 ; Rowstart: 6250; Rowend: 9376; Rows: 3126; Colstart: 0; Colend: 3126; Cols: 3126;
Num-X: 4 ; Num-Y: 4 ; Resolution: 12500 ; Rank: 12 ; Rank-X: 3 ; Rank-Y: 0 ; Rowstart: 9375; Rowend: 12501; Rows: 3126; Colstart: 0; Colend: 3126; Cols: 3126;
Num-X: 4 ; Num-Y: 4 ; Resolution: 12500 ; Rank: 0 ; Rank-X: 0 ; Rank-Y: 0 ; Rowstart: 0; Rowend: 3126; Rows: 3126; Colstart: 0; Colend: 3126; Cols: 3126;
Num-X: 4 ; Num-Y: 4 ; Resolution: 12500 ; Rank: 2 ; Rank-X: 0 ; Rank-Y: 2 ; Rowstart: 0; Rowend: 3126; Rows: 3126; Colstart: 6250; Colend: 9376; Cols: 3126;

Resolution: 12500
===================
Execution time: 0.423339
Residual: 5.863330

megaflops:  51672.6
  flop instructions (M):  21875.000
