mpiexec -genv I_MPI_DEBUG=4 -n 48
[0] MPI startup(): Intel(R) MPI Library, Version 2019 Update 8  Build 20200624 (id: 4f16ad915)
[0] MPI startup(): Copyright (C) 2003-2020 Intel Corporation.  All rights reserved.
[0] MPI startup(): library kind: release
[0] MPI startup(): libfabric version: 1.10.1-impi
[0] MPI startup(): libfabric provider: psm2
[0] MPI startup(): Rank    Pid      Node name     Pin cpu
[0] MPI startup(): 0       453540   i01r01c01s01  {0,48}
[0] MPI startup(): 1       453541   i01r01c01s01  {1,49}
[0] MPI startup(): 2       453542   i01r01c01s01  {2,50}
[0] MPI startup(): 3       453543   i01r01c01s01  {3,51}
[0] MPI startup(): 4       453544   i01r01c01s01  {4,52}
[0] MPI startup(): 5       453545   i01r01c01s01  {5,53}
[0] MPI startup(): 6       453546   i01r01c01s01  {6,54}
[0] MPI startup(): 7       453547   i01r01c01s01  {7,55}
[0] MPI startup(): 8       453548   i01r01c01s01  {8,56}
[0] MPI startup(): 9       453549   i01r01c01s01  {9,57}
[0] MPI startup(): 10      453550   i01r01c01s01  {10,58}
[0] MPI startup(): 11      453551   i01r01c01s01  {11,59}
[0] MPI startup(): 12      453552   i01r01c01s01  {12,60}
[0] MPI startup(): 13      453553   i01r01c01s01  {13,61}
[0] MPI startup(): 14      453554   i01r01c01s01  {14,62}
[0] MPI startup(): 15      453555   i01r01c01s01  {15,63}
[0] MPI startup(): 16      453556   i01r01c01s01  {16,64}
[0] MPI startup(): 17      453557   i01r01c01s01  {17,65}
[0] MPI startup(): 18      453558   i01r01c01s01  {18,66}
[0] MPI startup(): 19      453559   i01r01c01s01  {19,67}
[0] MPI startup(): 20      453560   i01r01c01s01  {20,68}
[0] MPI startup(): 21      453561   i01r01c01s01  {21,69}
[0] MPI startup(): 22      453562   i01r01c01s01  {22,70}
[0] MPI startup(): 23      453563   i01r01c01s01  {23,71}
[0] MPI startup(): 24      453564   i01r01c01s01  {24,72}
[0] MPI startup(): 25      453565   i01r01c01s01  {25,73}
[0] MPI startup(): 26      453566   i01r01c01s01  {26,74}
[0] MPI startup(): 27      453567   i01r01c01s01  {27,75}
[0] MPI startup(): 28      453568   i01r01c01s01  {28,76}
[0] MPI startup(): 29      453569   i01r01c01s01  {29,77}
[0] MPI startup(): 30      453570   i01r01c01s01  {30,78}
[0] MPI startup(): 31      453571   i01r01c01s01  {31,79}
[0] MPI startup(): 32      453572   i01r01c01s01  {32,80}
[0] MPI startup(): 33      453573   i01r01c01s01  {33,81}
[0] MPI startup(): 34      453574   i01r01c01s01  {34,82}
[0] MPI startup(): 35      453575   i01r01c01s01  {35,83}
[0] MPI startup(): 36      453576   i01r01c01s01  {36,84}
[0] MPI startup(): 37      453577   i01r01c01s01  {37,85}
[0] MPI startup(): 38      453578   i01r01c01s01  {38,86}
[0] MPI startup(): 39      453579   i01r01c01s01  {39,87}
[0] MPI startup(): 40      453580   i01r01c01s01  {40,88}
[0] MPI startup(): 41      453581   i01r01c01s01  {41,89}
[0] MPI startup(): 42      453582   i01r01c01s01  {42,90}
[0] MPI startup(): 43      453583   i01r01c01s01  {43,91}
[0] MPI startup(): 44      453584   i01r01c01s01  {44,92}
[0] MPI startup(): 45      453585   i01r01c01s01  {45,93}
[0] MPI startup(): 46      453586   i01r01c01s01  {46,94}
[0] MPI startup(): 47      453587   i01r01c01s01  {47,95}

12 processes distributed in X-direction
 4 ; processes distributed in Y-direction
Resolutions       : (6500, 7500, ... 12500)
Iterations        : 20
Num. Heat sources : 2
   1: (0.00, 0.00) 1.00 1.00 
   2: (1.00, 1.00) 1.00 0.50 
rank= 2 coords= 0 2 neighbours(up,down,left,right)= -1 6 1 3
rank= 0 coords= 0 0 neighbours(up,down,left,right)= -1 4 -1 1
rank= 1 coords= 0 1 neighbours(up,down,left,right)= -1 5 0 2
rank= 3 coords= 0 3 neighbours(up,down,left,right)= -1 7 2 -1
rank= 4 coords= 1 0 neighbours(up,down,left,right)= 0 8 -1 5
rank= 5 coords= 1 1 neighbours(up,down,left,right)= 1 9 4 6
rank= 6 coords= 1 2 neighbours(up,down,left,right)= 2 10 5 7
rank= 7 coords= 1 3 neighbours(up,down,left,right)= 3 11 6 -1
rank= 8 coords= 2 0 neighbours(up,down,left,right)= 4 12 -1 9
rank= 9 coords= 2 1 neighbours(up,down,left,right)= 5 13 8 10
rank= 10 coords= 2 2 neighbours(up,down,left,right)= 6 14 9 11
rank= 11 coords= 2 3 neighbours(up,down,left,right)= 7 15 10 -1
rank= 12 coords= 3 0 neighbours(up,down,left,right)= 8 16 -1 13
rank= 13 coords= 3 1 neighbours(up,down,left,right)= 9 17 12 14
rank= 14 coords= 3 2 neighbours(up,down,left,right)= 10 18 13 15
rank= 15 coords= 3 3 neighbours(up,down,left,right)= 11 19 14 -1
rank= 16 coords= 4 0 neighbours(up,down,left,right)= 12 20 -1 17
rank= 17 coords= 4 1 neighbours(up,down,left,right)= 13 21 16 18
rank= 18 coords= 4 2 neighbours(up,down,left,right)= 14 22 17 19
rank= 19 coords= 4 3 neighbours(up,down,left,right)= 15 23 18 -1
rank= 20 coords= 5 0 neighbours(up,down,left,right)= 16 24 -1 21
rank= 21 coords= 5 1 neighbours(up,down,left,right)= 17 25 20 22
rank= 22 coords= 5 2 neighbours(up,down,left,right)= 18 26 21 23
rank= 24 coords= 6 0 neighbours(up,down,left,right)= 20 28 -1 25
rank= 25 coords= 6 1 neighbours(up,down,left,right)= 21 29 24 26
rank= 26 coords= 6 2 neighbours(up,down,left,right)= 22 30 25 27
rank= 28 coords= 7 0 neighbours(up,down,left,right)= 24 32 -1 29
rank= 29 coords= 7 1 neighbours(up,down,left,right)= 25 33 28 30
rank= 30 coords= 7 2 neighbours(up,down,left,right)= 26 34 29 31
rank= 31 coords= 7 3 neighbours(up,down,left,right)= 27 35 30 -1
rank= 32 coords= 8 0 neighbours(up,down,left,right)= 28 36 -1 33
rank= 34 coords= 8 2 neighbours(up,down,left,right)= 30 38 33 35
rank= 36 coords= 9 0 neighbours(up,down,left,right)= 32 40 -1 37
rank= 38 coords= 9 2 neighbours(up,down,left,right)= 34 42 37 39
rank= 39 coords= 9 3 neighbours(up,down,left,right)= 35 43 38 -1
rank= 40 coords= 10 0 neighbours(up,down,left,right)= 36 44 -1 41
rank= 41 coords= 10 1 neighbours(up,down,left,right)= 37 45 40 42
rank= 42 coords= 10 2 neighbours(up,down,left,right)= 38 46 41 43
rank= 44 coords= 11 0 neighbours(up,down,left,right)= 40 -1 -1 45
rank= 45 coords= 11 1 neighbours(up,down,left,right)= 41 -1 44 46
rank= 46 coords= 11 2 neighbours(up,down,left,right)= 42 -1 45 47
rank= 47 coords= 11 3 neighbours(up,down,left,right)= 43 -1 46 -1
rank= 23 coords= 5 3 neighbours(up,down,left,right)= 19 27 22 -1
rank= 27 coords= 6 3 neighbours(up,down,left,right)= 23 31 26 -1
rank= 33 coords= 8 1 neighbours(up,down,left,right)= 29 37 32 34
rank= 35 coords= 8 3 neighbours(up,down,left,right)= 31 39 34 -1
rank= 37 coords= 9 1 neighbours(up,down,left,right)= 33 41 36 38
rank= 43 coords= 10 3 neighbours(up,down,left,right)= 39 47 42 -1

Num-X: 4 ; Num-Y: 12 ; Resolution: 6500 ; Rank: 36 ; Rank-X: 9 ; Rank-Y: 0 ; Rowstart: 4878; Rowend: 5421; Rows: 543; Colstart: 0; Colend: 1626; Cols: 1626;
Num-X: 4 ; Num-Y: 12 ; Resolution: 6500 ; Rank: 45 ; Rank-X: 11 ; Rank-Y: 1 ; Rowstart: 5962; Rowend: 6501; Rows: 539; Colstart: 1625; Colend: 3251; Cols: 1626;
Num-X: 4 ; Num-Y: 12 ; Resolution: 6500 ; Rank: 1 ; Rank-X: 0 ; Rank-Y: 1 ; Rowstart: 0; Rowend: 543; Rows: 543; Colstart: 1625; Colend: 3251; Cols: 1626;
Num-X: 4 ; Num-Y: 12 ; Resolution: 6500 ; Rank: 2 ; Rank-X: 0 ; Rank-Y: 2 ; Rowstart: 0; Rowend: 543; Rows: 543; Colstart: 3250; Colend: 4876; Cols: 1626;
Num-X: 4 ; Num-Y: 12 ; Resolution: 6500 ; Rank: 3 ; Rank-X: 0 ; Rank-Y: 3 ; Rowstart: 0; Rowend: 543; Rows: 543; Colstart: 4875; Colend: 6501; Cols: 1626;
Num-X: 4 ; Num-Y: 12 ; Resolution: 6500 ; Rank: 5 ; Rank-X: 1 ; Rank-Y: 1 ; Rowstart: 542; Rowend: 1085; Rows: 543; Colstart: 1625; Colend: 3251; Cols: 1626;
Num-X: 4 ; Num-Y: 12 ; Resolution: 6500 ; Rank: 6 ; Rank-X: 1 ; Rank-Y: 2 ; Rowstart: 542; Rowend: 1085; Rows: 543; Colstart: 3250; Colend: 4876; Cols: 1626;
Num-X: 4 ; Num-Y: 12 ; Resolution: 6500 ; Rank: 7 ; Rank-X: 1 ; Rank-Y: 3 ; Rowstart: 542; Rowend: 1085; Rows: 543; Colstart: 4875; Colend: 6501; Cols: 1626;
Num-X: 4 ; Num-Y: 12 ; Resolution: 6500 ; Rank: 10 ; Rank-X: 2 ; Rank-Y: 2 ; Rowstart: 1084; Rowend: 1627; Rows: 543; Colstart: 3250; Colend: 4876; Cols: 1626;
Num-X: 4 ; Num-Y: 12 ; Resolution: 6500 ; Rank: 12 ; Rank-X: 3 ; Rank-Y: 0 ; Rowstart: 1626; Rowend: 2169; Rows: 543; Colstart: 0; Colend: 1626; Cols: 1626;
Num-X: 4 ; Num-Y: 12 ; Resolution: 6500 ; Rank: 13 ; Rank-X: 3 ; Rank-Y: 1 ; Rowstart: 1626; Rowend: 2169; Rows: 543; Colstart: 1625; Colend: 3251; Cols: 1626;
Num-X: 4 ; Num-Y: 12 ; Resolution: 6500 ; Rank: 14 ; Rank-X: 3 ; Rank-Y: 2 ; Rowstart: 1626; Rowend: 2169; Rows: 543; Colstart: 3250; Colend: 4876; Cols: 1626;
Num-X: 4 ; Num-Y: 12 ; Resolution: 6500 ; Rank: 15 ; Rank-X: 3 ; Rank-Y: 3 ; Rowstart: 1626; Rowend: 2169; Rows: 543; Colstart: 4875; Colend: 6501; Cols: 1626;
Num-X: 4 ; Num-Y: 12 ; Resolution: 6500 ; Rank: 17 ; Rank-X: 4 ; Rank-Y: 1 ; Rowstart: 2168; Rowend: 2711; Rows: 543; Colstart: 1625; Colend: 3251; Cols: 1626;
Num-X: 4 ; Num-Y: 12 ; Resolution: 6500 ; Rank: 18 ; Rank-X: 4 ; Rank-Y: 2 ; Rowstart: 2168; Rowend: 2711; Rows: 543; Colstart: 3250; Colend: 4876; Cols: 1626;
Num-X: 4 ; Num-Y: 12 ; Resolution: 6500 ; Rank: 19 ; Rank-X: 4 ; Rank-Y: 3 ; Rowstart: 2168; Rowend: 2711; Rows: 543; Colstart: 4875; Colend: 6501; Cols: 1626;
Num-X: 4 ; Num-Y: 12 ; Resolution: 6500 ; Rank: 22 ; Rank-X: 5 ; Rank-Y: 2 ; Rowstart: 2710; Rowend: 3253; Rows: 543; Colstart: 3250; Colend: 4876; Cols: 1626;
Num-X: 4 ; Num-Y: 12 ; Resolution: 6500 ; Rank: 25 ; Rank-X: 6 ; Rank-Y: 1 ; Rowstart: 3252; Rowend: 3795; Rows: 543; Colstart: 1625; Colend: 3251; Cols: 1626;
Num-X: 4 ; Num-Y: 12 ; Resolution: 6500 ; Rank: 26 ; Rank-X: 6 ; Rank-Y: 2 ; Rowstart: 3252; Rowend: 3795; Rows: 543; Colstart: 3250; Colend: 4876; Cols: 1626;
Num-X: 4 ; Num-Y: 12 ; Resolution: 6500 ; Rank: 28 ; Rank-X: 7 ; Rank-Y: 0 ; Rowstart: 3794; Rowend: 4337; Rows: 543; Colstart: 0; Colend: 1626; Cols: 1626;
Num-X: 4 ; Num-Y: 12 ; Resolution: 6500 ; Rank: 30 ; Rank-X: 7 ; Rank-Y: 2 ; Rowstart: 3794; Rowend: 4337; Rows: 543; Colstart: 3250; Colend: 4876; Cols: 1626;
Num-X: 4 ; Num-Y: 12 ; Resolution: 6500 ; Rank: 32 ; Rank-X: 8 ; Rank-Y: 0 ; Rowstart: 4336; Rowend: 4879; Rows: 543; Colstart: 0; Colend: 1626; Cols: 1626;
Num-X: 4 ; Num-Y: 12 ; Resolution: 6500 ; Rank: 33 ; Rank-X: 8 ; Rank-Y: 1 ; Rowstart: 4336; Rowend: 4879; Rows: 543; Colstart: 1625; Colend: 3251; Cols: 1626;
Num-X: 4 ; Num-Y: 12 ; Resolution: 6500 ; Rank: 37 ; Rank-X: 9 ; Rank-Y: 1 ; Rowstart: 4878; Rowend: 5421; Rows: 543; Colstart: 1625; Colend: 3251; Cols: 1626;
Num-X: 4 ; Num-Y: 12 ; Resolution: 6500 ; Rank: 38 ; Rank-X: 9 ; Rank-Y: 2 ; Rowstart: 4878; Rowend: 5421; Rows: 543; Colstart: 3250; Colend: 4876; Cols: 1626;
Num-X: 4 ; Num-Y: 12 ; Resolution: 6500 ; Rank: 39 ; Rank-X: 9 ; Rank-Y: 3 ; Rowstart: 4878; Rowend: 5421; Rows: 543; Colstart: 4875; Colend: 6501; Cols: 1626;
Num-X: 4 ; Num-Y: 12 ; Resolution: 6500 ; Rank: 40 ; Rank-X: 10 ; Rank-Y: 0 ; Rowstart: 5420; Rowend: 5963; Rows: 543; Colstart: 0; Colend: 1626; Cols: 1626;
Num-X: 4 ; Num-Y: 12 ; Resolution: 6500 ; Rank: 41 ; Rank-X: 10 ; Rank-Y: 1 ; Rowstart: 5420; Rowend: 5963; Rows: 543; Colstart: 1625; Colend: 3251; Cols: 1626;
Num-X: 4 ; Num-Y: 12 ; Resolution: 6500 ; Rank: 42 ; Rank-X: 10 ; Rank-Y: 2 ; Rowstart: 5420; Rowend: 5963; Rows: 543; Colstart: 3250; Colend: 4876; Cols: 1626;
Num-X: 4 ; Num-Y: 12 ; Resolution: 6500 ; Rank: 43 ; Rank-X: 10 ; Rank-Y: 3 ; Rowstart: 5420; Rowend: 5963; Rows: 543; Colstart: 4875; Colend: 6501; Cols: 1626;
Num-X: 4 ; Num-Y: 12 ; Resolution: 6500 ; Rank: 44 ; Rank-X: 11 ; Rank-Y: 0 ; Rowstart: 5962; Rowend: 6501; Rows: 539; Colstart: 0; Colend: 1626; Cols: 1626;
Num-X: 4 ; Num-Y: 12 ; Resolution: 6500 ; Rank: 46 ; Rank-X: 11 ; Rank-Y: 2 ; Rowstart: 5962; Rowend: 6501; Rows: 539; Colstart: 3250; Colend: 4876; Cols: 1626;
Num-X: 4 ; Num-Y: 12 ; Resolution: 6500 ; Rank: 47 ; Rank-X: 11 ; Rank-Y: 3 ; Rowstart: 5962; Rowend: 6501; Rows: 539; Colstart: 4875; Colend: 6501; Cols: 1626;
Num-X: 4 ; Num-Y: 12 ; Resolution: 6500 ; Rank: 0 ; Rank-X: 0 ; Rank-Y: 0 ; Rowstart: 0; Rowend: 543; Rows: 543; Colstart: 0; Colend: 1626; Cols: 1626;
Num-X: 4 ; Num-Y: 12 ; Resolution: 6500 ; Rank: 4 ; Rank-X: 1 ; Rank-Y: 0 ; Rowstart: 542; Rowend: 1085; Rows: 543; Colstart: 0; Colend: 1626; Cols: 1626;
Num-X: 4 ; Num-Y: 12 ; Resolution: 6500 ; Rank: 8 ; Rank-X: 2 ; Rank-Y: 0 ; Rowstart: 1084; Rowend: 1627; Rows: 543; Colstart: 0; Colend: 1626; Cols: 1626;
Num-X: 4 ; Num-Y: 12 ; Resolution: 6500 ; Rank: 9 ; Rank-X: 2 ; Rank-Y: 1 ; Rowstart: 1084; Rowend: 1627; Rows: 543; Colstart: 1625; Colend: 3251; Cols: 1626;
Num-X: 4 ; Num-Y: 12 ; Resolution: 6500 ; Rank: 11 ; Rank-X: 2 ; Rank-Y: 3 ; Rowstart: 1084; Rowend: 1627; Rows: 543; Colstart: 4875; Colend: 6501; Cols: 1626;
Num-X: 4 ; Num-Y: 12 ; Resolution: 6500 ; Rank: 16 ; Rank-X: 4 ; Rank-Y: 0 ; Rowstart: 2168; Rowend: 2711; Rows: 543; Colstart: 0; Colend: 1626; Cols: 1626;
Num-X: 4 ; Num-Y: 12 ; Resolution: 6500 ; Rank: 20 ; Rank-X: 5 ; Rank-Y: 0 ; Rowstart: 2710; Rowend: 3253; Rows: 543; Colstart: 0; Colend: 1626; Cols: 1626;
Num-X: 4 ; Num-Y: 12 ; Resolution: 6500 ; Rank: 21 ; Rank-X: 5 ; Rank-Y: 1 ; Rowstart: 2710; Rowend: 3253; Rows: 543; Colstart: 1625; Colend: 3251; Cols: 1626;
Num-X: 4 ; Num-Y: 12 ; Resolution: 6500 ; Rank: 23 ; Rank-X: 5 ; Rank-Y: 3 ; Rowstart: 2710; Rowend: 3253; Rows: 543; Colstart: 4875; Colend: 6501; Cols: 1626;
Num-X: 4 ; Num-Y: 12 ; Resolution: 6500 ; Rank: 24 ; Rank-X: 6 ; Rank-Y: 0 ; Rowstart: 3252; Rowend: 3795; Rows: 543; Colstart: 0; Colend: 1626; Cols: 1626;
Num-X: 4 ; Num-Y: 12 ; Resolution: 6500 ; Rank: 27 ; Rank-X: 6 ; Rank-Y: 3 ; Rowstart: 3252; Rowend: 3795; Rows: 543; Colstart: 4875; Colend: 6501; Cols: 1626;
Num-X: 4 ; Num-Y: 12 ; Resolution: 6500 ; Rank: 29 ; Rank-X: 7 ; Rank-Y: 1 ; Rowstart: 3794; Rowend: 4337; Rows: 543; Colstart: 1625; Colend: 3251; Cols: 1626;
Num-X: 4 ; Num-Y: 12 ; Resolution: 6500 ; Rank: 31 ; Rank-X: 7 ; Rank-Y: 3 ; Rowstart: 3794; Rowend: 4337; Rows: 543; Colstart: 4875; Colend: 6501; Cols: 1626;
Num-X: 4 ; Num-Y: 12 ; Resolution: 6500 ; Rank: 34 ; Rank-X: 8 ; Rank-Y: 2 ; Rowstart: 4336; Rowend: 4879; Rows: 543; Colstart: 3250; Colend: 4876; Cols: 1626;
Num-X: 4 ; Num-Y: 12 ; Resolution: 6500 ; Rank: 35 ; Rank-X: 8 ; Rank-Y: 3 ; Rowstart: 4336; Rowend: 4879; Rows: 543; Colstart: 4875; Colend: 6501; Cols: 1626;

Resolution: 6500
===================
Execution time: 0.094080
Residual: 3.049154

megaflops:  62872.0
  flop instructions (M):  5915.000

Num-X: 4 ; Num-Y: 12 ; Resolution: 7500 ; Rank: 9 ; Rank-X: 2 ; Rank-Y: 1 ; Rowstart: 1250; Rowend: 1876; Rows: 626; Colstart: 1875; Colend: 3751; Cols: 1876;
Num-X: 4 ; Num-Y: 12 ; Resolution: 7500 ; Rank: 14 ; Rank-X: 3 ; Rank-Y: 2 ; Rowstart: 1875; Rowend: 2501; Rows: 626; Colstart: 3750; Colend: 5626; Cols: 1876;
Num-X: 4 ; Num-Y: 12 ; Resolution: 7500 ; Rank: 15 ; Rank-X: 3 ; Rank-Y: 3 ; Rowstart: 1875; Rowend: 2501; Rows: 626; Colstart: 5625; Colend: 7501; Cols: 1876;
Num-X: 4 ; Num-Y: 12 ; Resolution: 7500 ; Rank: 21 ; Rank-X: 5 ; Rank-Y: 1 ; Rowstart: 3125; Rowend: 3751; Rows: 626; Colstart: 1875; Colend: 3751; Cols: 1876;
Num-X: 4 ; Num-Y: 12 ; Resolution: 7500 ; Rank: 22 ; Rank-X: 5 ; Rank-Y: 2 ; Rowstart: 3125; Rowend: 3751; Rows: 626; Colstart: 3750; Colend: 5626; Cols: 1876;
Num-X: 4 ; Num-Y: 12 ; Resolution: 7500 ; Rank: 26 ; Rank-X: 6 ; Rank-Y: 2 ; Rowstart: 3750; Rowend: 4376; Rows: 626; Colstart: 3750; Colend: 5626; Cols: 1876;
Num-X: 4 ; Num-Y: 12 ; Resolution: 7500 ; Rank: 29 ; Rank-X: 7 ; Rank-Y: 1 ; Rowstart: 4375; Rowend: 5001; Rows: 626; Colstart: 1875; Colend: 3751; Cols: 1876;
Num-X: 4 ; Num-Y: 12 ; Resolution: 7500 ; Rank: 31 ; Rank-X: 7 ; Rank-Y: 3 ; Rowstart: 4375; Rowend: 5001; Rows: 626; Colstart: 5625; Colend: 7501; Cols: 1876;
Num-X: 4 ; Num-Y: 12 ; Resolution: 7500 ; Rank: 34 ; Rank-X: 8 ; Rank-Y: 2 ; Rowstart: 5000; Rowend: 5626; Rows: 626; Colstart: 3750; Colend: 5626; Cols: 1876;
Num-X: 4 ; Num-Y: 12 ; Resolution: 7500 ; Rank: 37 ; Rank-X: 9 ; Rank-Y: 1 ; Rowstart: 5625; Rowend: 6251; Rows: 626; Colstart: 1875; Colend: 3751; Cols: 1876;
Num-X: 4 ; Num-Y: 12 ; Resolution: 7500 ; Rank: 0 ; Rank-X: 0 ; Rank-Y: 0 ; Rowstart: 0; Rowend: 626; Rows: 626; Colstart: 0; Colend: 1876; Cols: 1876;
Num-X: 4 ; Num-Y: 12 ; Resolution: 7500 ; Rank: 1 ; Rank-X: 0 ; Rank-Y: 1 ; Rowstart: 0; Rowend: 626; Rows: 626; Colstart: 1875; Colend: 3751; Cols: 1876;
Num-X: 4 ; Num-Y: 12 ; Resolution: 7500 ; Rank: 2 ; Rank-X: 0 ; Rank-Y: 2 ; Rowstart: 0; Rowend: 626; Rows: 626; Colstart: 3750; Colend: 5626; Cols: 1876;
Num-X: 4 ; Num-Y: 12 ; Resolution: 7500 ; Rank: 3 ; Rank-X: 0 ; Rank-Y: 3 ; Rowstart: 0; Rowend: 626; Rows: 626; Colstart: 5625; Colend: 7501; Cols: 1876;
Num-X: 4 ; Num-Y: 12 ; Resolution: 7500 ; Rank: 4 ; Rank-X: 1 ; Rank-Y: 0 ; Rowstart: 625; Rowend: 1251; Rows: 626; Colstart: 0; Colend: 1876; Cols: 1876;
Num-X: 4 ; Num-Y: 12 ; Resolution: 7500 ; Rank: 5 ; Rank-X: 1 ; Rank-Y: 1 ; Rowstart: 625; Rowend: 1251; Rows: 626; Colstart: 1875; Colend: 3751; Cols: 1876;
Num-X: 4 ; Num-Y: 12 ; Resolution: 7500 ; Rank: 6 ; Rank-X: 1 ; Rank-Y: 2 ; Rowstart: 625; Rowend: 1251; Rows: 626; Colstart: 3750; Colend: 5626; Cols: 1876;
Num-X: 4 ; Num-Y: 12 ; Resolution: 7500 ; Rank: 7 ; Rank-X: 1 ; Rank-Y: 3 ; Rowstart: 625; Rowend: 1251; Rows: 626; Colstart: 5625; Colend: 7501; Cols: 1876;
Num-X: 4 ; Num-Y: 12 ; Resolution: 7500 ; Rank: 8 ; Rank-X: 2 ; Rank-Y: 0 ; Rowstart: 1250; Rowend: 1876; Rows: 626; Colstart: 0; Colend: 1876; Cols: 1876;
Num-X: 4 ; Num-Y: 12 ; Resolution: 7500 ; Rank: 10 ; Rank-X: 2 ; Rank-Y: 2 ; Rowstart: 1250; Rowend: 1876; Rows: 626; Colstart: 3750; Colend: 5626; Cols: 1876;
Num-X: 4 ; Num-Y: 12 ; Resolution: 7500 ; Rank: 11 ; Rank-X: 2 ; Rank-Y: 3 ; Rowstart: 1250; Rowend: 1876; Rows: 626; Colstart: 5625; Colend: 7501; Cols: 1876;
Num-X: 4 ; Num-Y: 12 ; Resolution: 7500 ; Rank: 12 ; Rank-X: 3 ; Rank-Y: 0 ; Rowstart: 1875; Rowend: 2501; Rows: 626; Colstart: 0; Colend: 1876; Cols: 1876;
Num-X: 4 ; Num-Y: 12 ; Resolution: 7500 ; Rank: 13 ; Rank-X: 3 ; Rank-Y: 1 ; Rowstart: 1875; Rowend: 2501; Rows: 626; Colstart: 1875; Colend: 3751; Cols: 1876;
Num-X: 4 ; Num-Y: 12 ; Resolution: 7500 ; Rank: 16 ; Rank-X: 4 ; Rank-Y: 0 ; Rowstart: 2500; Rowend: 3126; Rows: 626; Colstart: 0; Colend: 1876; Cols: 1876;
Num-X: 4 ; Num-Y: 12 ; Resolution: 7500 ; Rank: 17 ; Rank-X: 4 ; Rank-Y: 1 ; Rowstart: 2500; Rowend: 3126; Rows: 626; Colstart: 1875; Colend: 3751; Cols: 1876;
Num-X: 4 ; Num-Y: 12 ; Resolution: 7500 ; Rank: 18 ; Rank-X: 4 ; Rank-Y: 2 ; Rowstart: 2500; Rowend: 3126; Rows: 626; Colstart: 3750; Colend: 5626; Cols: 1876;
Num-X: 4 ; Num-Y: 12 ; Resolution: 7500 ; Rank: 19 ; Rank-X: 4 ; Rank-Y: 3 ; Rowstart: 2500; Rowend: 3126; Rows: 626; Colstart: 5625; Colend: 7501; Cols: 1876;
Num-X: 4 ; Num-Y: 12 ; Resolution: 7500 ; Rank: 20 ; Rank-X: 5 ; Rank-Y: 0 ; Rowstart: 3125; Rowend: 3751; Rows: 626; Colstart: 0; Colend: 1876; Cols: 1876;
Num-X: 4 ; Num-Y: 12 ; Resolution: 7500 ; Rank: 23 ; Rank-X: 5 ; Rank-Y: 3 ; Rowstart: 3125; Rowend: 3751; Rows: 626; Colstart: 5625; Colend: 7501; Cols: 1876;
Num-X: 4 ; Num-Y: 12 ; Resolution: 7500 ; Rank: 24 ; Rank-X: 6 ; Rank-Y: 0 ; Rowstart: 3750; Rowend: 4376; Rows: 626; Colstart: 0; Colend: 1876; Cols: 1876;
Num-X: 4 ; Num-Y: 12 ; Resolution: 7500 ; Rank: 25 ; Rank-X: 6 ; Rank-Y: 1 ; Rowstart: 3750; Rowend: 4376; Rows: 626; Colstart: 1875; Colend: 3751; Cols: 1876;
Num-X: 4 ; Num-Y: 12 ; Resolution: 7500 ; Rank: 27 ; Rank-X: 6 ; Rank-Y: 3 ; Rowstart: 3750; Rowend: 4376; Rows: 626; Colstart: 5625; Colend: 7501; Cols: 1876;
Num-X: 4 ; Num-Y: 12 ; Resolution: 7500 ; Rank: 28 ; Rank-X: 7 ; Rank-Y: 0 ; Rowstart: 4375; Rowend: 5001; Rows: 626; Colstart: 0; Colend: 1876; Cols: 1876;
Num-X: 4 ; Num-Y: 12 ; Resolution: 7500 ; Rank: 30 ; Rank-X: 7 ; Rank-Y: 2 ; Rowstart: 4375; Rowend: 5001; Rows: 626; Colstart: 3750; Colend: 5626; Cols: 1876;
Num-X: 4 ; Num-Y: 12 ; Resolution: 7500 ; Rank: 32 ; Rank-X: 8 ; Rank-Y: 0 ; Rowstart: 5000; Rowend: 5626; Rows: 626; Colstart: 0; Colend: 1876; Cols: 1876;
Num-X: 4 ; Num-Y: 12 ; Resolution: 7500 ; Rank: 33 ; Rank-X: 8 ; Rank-Y: 1 ; Rowstart: 5000; Rowend: 5626; Rows: 626; Colstart: 1875; Colend: 3751; Cols: 1876;
Num-X: 4 ; Num-Y: 12 ; Resolution: 7500 ; Rank: 35 ; Rank-X: 8 ; Rank-Y: 3 ; Rowstart: 5000; Rowend: 5626; Rows: 626; Colstart: 5625; Colend: 7501; Cols: 1876;
Num-X: 4 ; Num-Y: 12 ; Resolution: 7500 ; Rank: 36 ; Rank-X: 9 ; Rank-Y: 0 ; Rowstart: 5625; Rowend: 6251; Rows: 626; Colstart: 0; Colend: 1876; Cols: 1876;
Num-X: 4 ; Num-Y: 12 ; Resolution: 7500 ; Rank: 38 ; Rank-X: 9 ; Rank-Y: 2 ; Rowstart: 5625; Rowend: 6251; Rows: 626; Colstart: 3750; Colend: 5626; Cols: 1876;
Num-X: 4 ; Num-Y: 12 ; Resolution: 7500 ; Rank: 39 ; Rank-X: 9 ; Rank-Y: 3 ; Rowstart: 5625; Rowend: 6251; Rows: 626; Colstart: 5625; Colend: 7501; Cols: 1876;
Num-X: 4 ; Num-Y: 12 ; Resolution: 7500 ; Rank: 40 ; Rank-X: 10 ; Rank-Y: 0 ; Rowstart: 6250; Rowend: 6876; Rows: 626; Colstart: 0; Colend: 1876; Cols: 1876;
Num-X: 4 ; Num-Y: 12 ; Resolution: 7500 ; Rank: 41 ; Rank-X: 10 ; Rank-Y: 1 ; Rowstart: 6250; Rowend: 6876; Rows: 626; Colstart: 1875; Colend: 3751; Cols: 1876;
Num-X: 4 ; Num-Y: 12 ; Resolution: 7500 ; Rank: 42 ; Rank-X: 10 ; Rank-Y: 2 ; Rowstart: 6250; Rowend: 6876; Rows: 626; Colstart: 3750; Colend: 5626; Cols: 1876;
Num-X: 4 ; Num-Y: 12 ; Resolution: 7500 ; Rank: 43 ; Rank-X: 10 ; Rank-Y: 3 ; Rowstart: 6250; Rowend: 6876; Rows: 626; Colstart: 5625; Colend: 7501; Cols: 1876;
Num-X: 4 ; Num-Y: 12 ; Resolution: 7500 ; Rank: 44 ; Rank-X: 11 ; Rank-Y: 0 ; Rowstart: 6875; Rowend: 7501; Rows: 626; Colstart: 0; Colend: 1876; Cols: 1876;
Num-X: 4 ; Num-Y: 12 ; Resolution: 7500 ; Rank: 45 ; Rank-X: 11 ; Rank-Y: 1 ; Rowstart: 6875; Rowend: 7501; Rows: 626; Colstart: 1875; Colend: 3751; Cols: 1876;
Num-X: 4 ; Num-Y: 12 ; Resolution: 7500 ; Rank: 46 ; Rank-X: 11 ; Rank-Y: 2 ; Rowstart: 6875; Rowend: 7501; Rows: 626; Colstart: 3750; Colend: 5626; Cols: 1876;
Num-X: 4 ; Num-Y: 12 ; Resolution: 7500 ; Rank: 47 ; Rank-X: 11 ; Rank-Y: 3 ; Rowstart: 6875; Rowend: 7501; Rows: 626; Colstart: 5625; Colend: 7501; Cols: 1876;

Resolution: 7500
===================
Execution time: 0.128254
Residual: 3.518183

megaflops:  61401.6
  flop instructions (M):  7875.000

Num-X: 4 ; Num-Y: 12 ; Resolution: 8500 ; Rank: 15 ; Rank-X: 3 ; Rank-Y: 3 ; Rowstart: 2127; Rowend: 2837; Rows: 710; Colstart: 6375; Colend: 8501; Cols: 2126;
Num-X: 4 ; Num-Y: 12 ; Resolution: 8500 ; Rank: 28 ; Rank-X: 7 ; Rank-Y: 0 ; Rowstart: 4963; Rowend: 5673; Rows: 710; Colstart: 0; Colend: 2126; Cols: 2126;
Num-X: 4 ; Num-Y: 12 ; Resolution: 8500 ; Rank: 34 ; Rank-X: 8 ; Rank-Y: 2 ; Rowstart: 5672; Rowend: 6382; Rows: 710; Colstart: 4250; Colend: 6376; Cols: 2126;
Num-X: 4 ; Num-Y: 12 ; Resolution: 8500 ; Rank: 35 ; Rank-X: 8 ; Rank-Y: 3 ; Rowstart: 5672; Rowend: 6382; Rows: 710; Colstart: 6375; Colend: 8501; Cols: 2126;
Num-X: 4 ; Num-Y: 12 ; Resolution: 8500 ; Rank: 37 ; Rank-X: 9 ; Rank-Y: 1 ; Rowstart: 6381; Rowend: 7091; Rows: 710; Colstart: 2125; Colend: 4251; Cols: 2126;
Num-X: 4 ; Num-Y: 12 ; Resolution: 8500 ; Rank: 38 ; Rank-X: 9 ; Rank-Y: 2 ; Rowstart: 6381; Rowend: 7091; Rows: 710; Colstart: 4250; Colend: 6376; Cols: 2126;
Num-X: 4 ; Num-Y: 12 ; Resolution: 8500 ; Rank: 41 ; Rank-X: 10 ; Rank-Y: 1 ; Rowstart: 7090; Rowend: 7800; Rows: 710; Colstart: 2125; Colend: 4251; Cols: 2126;
Num-X: 4 ; Num-Y: 12 ; Resolution: 8500 ; Rank: 0 ; Rank-X: 0 ; Rank-Y: 0 ; Rowstart: 0; Rowend: 710; Rows: 710; Colstart: 0; Colend: 2126; Cols: 2126;
Num-X: 4 ; Num-Y: 12 ; Resolution: 8500 ; Rank: 3 ; Rank-X: 0 ; Rank-Y: 3 ; Rowstart: 0; Rowend: 710; Rows: 710; Colstart: 6375; Colend: 8501; Cols: 2126;
Num-X: 4 ; Num-Y: 12 ; Resolution: 8500 ; Rank: 6 ; Rank-X: 1 ; Rank-Y: 2 ; Rowstart: 709; Rowend: 1419; Rows: 710; Colstart: 4250; Colend: 6376; Cols: 2126;
Num-X: 4 ; Num-Y: 12 ; Resolution: 8500 ; Rank: 7 ; Rank-X: 1 ; Rank-Y: 3 ; Rowstart: 709; Rowend: 1419; Rows: 710; Colstart: 6375; Colend: 8501; Cols: 2126;
Num-X: 4 ; Num-Y: 12 ; Resolution: 8500 ; Rank: 8 ; Rank-X: 2 ; Rank-Y: 0 ; Rowstart: 1418; Rowend: 2128; Rows: 710; Colstart: 0; Colend: 2126; Cols: 2126;
Num-X: 4 ; Num-Y: 12 ; Resolution: 8500 ; Rank: 9 ; Rank-X: 2 ; Rank-Y: 1 ; Rowstart: 1418; Rowend: 2128; Rows: 710; Colstart: 2125; Colend: 4251; Cols: 2126;
Num-X: 4 ; Num-Y: 12 ; Resolution: 8500 ; Rank: 11 ; Rank-X: 2 ; Rank-Y: 3 ; Rowstart: 1418; Rowend: 2128; Rows: 710; Colstart: 6375; Colend: 8501; Cols: 2126;
Num-X: 4 ; Num-Y: 12 ; Resolution: 8500 ; Rank: 13 ; Rank-X: 3 ; Rank-Y: 1 ; Rowstart: 2127; Rowend: 2837; Rows: 710; Colstart: 2125; Colend: 4251; Cols: 2126;
Num-X: 4 ; Num-Y: 12 ; Resolution: 8500 ; Rank: 16 ; Rank-X: 4 ; Rank-Y: 0 ; Rowstart: 2836; Rowend: 3546; Rows: 710; Colstart: 0; Colend: 2126; Cols: 2126;
Num-X: 4 ; Num-Y: 12 ; Resolution: 8500 ; Rank: 20 ; Rank-X: 5 ; Rank-Y: 0 ; Rowstart: 3545; Rowend: 4255; Rows: 710; Colstart: 0; Colend: 2126; Cols: 2126;
Num-X: 4 ; Num-Y: 12 ; Resolution: 8500 ; Rank: 21 ; Rank-X: 5 ; Rank-Y: 1 ; Rowstart: 3545; Rowend: 4255; Rows: 710; Colstart: 2125; Colend: 4251; Cols: 2126;
Num-X: 4 ; Num-Y: 12 ; Resolution: 8500 ; Rank: 22 ; Rank-X: 5 ; Rank-Y: 2 ; Rowstart: 3545; Rowend: 4255; Rows: 710; Colstart: 4250; Colend: 6376; Cols: 2126;
Num-X: 4 ; Num-Y: 12 ; Resolution: 8500 ; Rank: 23 ; Rank-X: 5 ; Rank-Y: 3 ; Rowstart: 3545; Rowend: 4255; Rows: 710; Colstart: 6375; Colend: 8501; Cols: 2126;
Num-X: 4 ; Num-Y: 12 ; Resolution: 8500 ; Rank: 25 ; Rank-X: 6 ; Rank-Y: 1 ; Rowstart: 4254; Rowend: 4964; Rows: 710; Colstart: 2125; Colend: 4251; Cols: 2126;
Num-X: 4 ; Num-Y: 12 ; Resolution: 8500 ; Rank: 26 ; Rank-X: 6 ; Rank-Y: 2 ; Rowstart: 4254; Rowend: 4964; Rows: 710; Colstart: 4250; Colend: 6376; Cols: 2126;
Num-X: 4 ; Num-Y: 12 ; Resolution: 8500 ; Rank: 27 ; Rank-X: 6 ; Rank-Y: 3 ; Rowstart: 4254; Rowend: 4964; Rows: 710; Colstart: 6375; Colend: 8501; Cols: 2126;
Num-X: 4 ; Num-Y: 12 ; Resolution: 8500 ; Rank: 29 ; Rank-X: 7 ; Rank-Y: 1 ; Rowstart: 4963; Rowend: 5673; Rows: 710; Colstart: 2125; Colend: 4251; Cols: 2126;
Num-X: 4 ; Num-Y: 12 ; Resolution: 8500 ; Rank: 31 ; Rank-X: 7 ; Rank-Y: 3 ; Rowstart: 4963; Rowend: 5673; Rows: 710; Colstart: 6375; Colend: 8501; Cols: 2126;
Num-X: 4 ; Num-Y: 12 ; Resolution: 8500 ; Rank: 32 ; Rank-X: 8 ; Rank-Y: 0 ; Rowstart: 5672; Rowend: 6382; Rows: 710; Colstart: 0; Colend: 2126; Cols: 2126;
Num-X: 4 ; Num-Y: 12 ; Resolution: 8500 ; Rank: 33 ; Rank-X: 8 ; Rank-Y: 1 ; Rowstart: 5672; Rowend: 6382; Rows: 710; Colstart: 2125; Colend: 4251; Cols: 2126;
Num-X: 4 ; Num-Y: 12 ; Resolution: 8500 ; Rank: 36 ; Rank-X: 9 ; Rank-Y: 0 ; Rowstart: 6381; Rowend: 7091; Rows: 710; Colstart: 0; Colend: 2126; Cols: 2126;
Num-X: 4 ; Num-Y: 12 ; Resolution: 8500 ; Rank: 39 ; Rank-X: 9 ; Rank-Y: 3 ; Rowstart: 6381; Rowend: 7091; Rows: 710; Colstart: 6375; Colend: 8501; Cols: 2126;
Num-X: 4 ; Num-Y: 12 ; Resolution: 8500 ; Rank: 40 ; Rank-X: 10 ; Rank-Y: 0 ; Rowstart: 7090; Rowend: 7800; Rows: 710; Colstart: 0; Colend: 2126; Cols: 2126;
Num-X: 4 ; Num-Y: 12 ; Resolution: 8500 ; Rank: 42 ; Rank-X: 10 ; Rank-Y: 2 ; Rowstart: 7090; Rowend: 7800; Rows: 710; Colstart: 4250; Colend: 6376; Cols: 2126;
Num-X: 4 ; Num-Y: 12 ; Resolution: 8500 ; Rank: 43 ; Rank-X: 10 ; Rank-Y: 3 ; Rowstart: 7090; Rowend: 7800; Rows: 710; Colstart: 6375; Colend: 8501; Cols: 2126;
Num-X: 4 ; Num-Y: 12 ; Resolution: 8500 ; Rank: 44 ; Rank-X: 11 ; Rank-Y: 0 ; Rowstart: 7799; Rowend: 8501; Rows: 702; Colstart: 0; Colend: 2126; Cols: 2126;
Num-X: 4 ; Num-Y: 12 ; Resolution: 8500 ; Rank: 45 ; Rank-X: 11 ; Rank-Y: 1 ; Rowstart: 7799; Rowend: 8501; Rows: 702; Colstart: 2125; Colend: 4251; Cols: 2126;
Num-X: 4 ; Num-Y: 12 ; Resolution: 8500 ; Rank: 46 ; Rank-X: 11 ; Rank-Y: 2 ; Rowstart: 7799; Rowend: 8501; Rows: 702; Colstart: 4250; Colend: 6376; Cols: 2126;
Num-X: 4 ; Num-Y: 12 ; Resolution: 8500 ; Rank: 47 ; Rank-X: 11 ; Rank-Y: 3 ; Rowstart: 7799; Rowend: 8501; Rows: 702; Colstart: 6375; Colend: 8501; Cols: 2126;
Num-X: 4 ; Num-Y: 12 ; Resolution: 8500 ; Rank: 1 ; Rank-X: 0 ; Rank-Y: 1 ; Rowstart: 0; Rowend: 710; Rows: 710; Colstart: 2125; Colend: 4251; Cols: 2126;
Num-X: 4 ; Num-Y: 12 ; Resolution: 8500 ; Rank: 2 ; Rank-X: 0 ; Rank-Y: 2 ; Rowstart: 0; Rowend: 710; Rows: 710; Colstart: 4250; Colend: 6376; Cols: 2126;
Num-X: 4 ; Num-Y: 12 ; Resolution: 8500 ; Rank: 4 ; Rank-X: 1 ; Rank-Y: 0 ; Rowstart: 709; Rowend: 1419; Rows: 710; Colstart: 0; Colend: 2126; Cols: 2126;
Num-X: 4 ; Num-Y: 12 ; Resolution: 8500 ; Rank: 5 ; Rank-X: 1 ; Rank-Y: 1 ; Rowstart: 709; Rowend: 1419; Rows: 710; Colstart: 2125; Colend: 4251; Cols: 2126;
Num-X: 4 ; Num-Y: 12 ; Resolution: 8500 ; Rank: 10 ; Rank-X: 2 ; Rank-Y: 2 ; Rowstart: 1418; Rowend: 2128; Rows: 710; Colstart: 4250; Colend: 6376; Cols: 2126;
Num-X: 4 ; Num-Y: 12 ; Resolution: 8500 ; Rank: 12 ; Rank-X: 3 ; Rank-Y: 0 ; Rowstart: 2127; Rowend: 2837; Rows: 710; Colstart: 0; Colend: 2126; Cols: 2126;
Num-X: 4 ; Num-Y: 12 ; Resolution: 8500 ; Rank: 14 ; Rank-X: 3 ; Rank-Y: 2 ; Rowstart: 2127; Rowend: 2837; Rows: 710; Colstart: 4250; Colend: 6376; Cols: 2126;
Num-X: 4 ; Num-Y: 12 ; Resolution: 8500 ; Rank: 17 ; Rank-X: 4 ; Rank-Y: 1 ; Rowstart: 2836; Rowend: 3546; Rows: 710; Colstart: 2125; Colend: 4251; Cols: 2126;
Num-X: 4 ; Num-Y: 12 ; Resolution: 8500 ; Rank: 18 ; Rank-X: 4 ; Rank-Y: 2 ; Rowstart: 2836; Rowend: 3546; Rows: 710; Colstart: 4250; Colend: 6376; Cols: 2126;
Num-X: 4 ; Num-Y: 12 ; Resolution: 8500 ; Rank: 19 ; Rank-X: 4 ; Rank-Y: 3 ; Rowstart: 2836; Rowend: 3546; Rows: 710; Colstart: 6375; Colend: 8501; Cols: 2126;
Num-X: 4 ; Num-Y: 12 ; Resolution: 8500 ; Rank: 24 ; Rank-X: 6 ; Rank-Y: 0 ; Rowstart: 4254; Rowend: 4964; Rows: 710; Colstart: 0; Colend: 2126; Cols: 2126;
Num-X: 4 ; Num-Y: 12 ; Resolution: 8500 ; Rank: 30 ; Rank-X: 7 ; Rank-Y: 2 ; Rowstart: 4963; Rowend: 5673; Rows: 710; Colstart: 4250; Colend: 6376; Cols: 2126;

Resolution: 8500
===================
Execution time: 0.167469
Residual: 3.987213

megaflops:  60399.2
  flop instructions (M):  10115.000

Num-X: 4 ; Num-Y: 12 ; Resolution: 9500 ; Rank: 40 ; Rank-X: 10 ; Rank-Y: 0 ; Rowstart: 7920; Rowend: 8713; Rows: 793; Colstart: 0; Colend: 2376; Cols: 2376;
Num-X: 4 ; Num-Y: 12 ; Resolution: 9500 ; Rank: 4 ; Rank-X: 1 ; Rank-Y: 0 ; Rowstart: 792; Rowend: 1585; Rows: 793; Colstart: 0; Colend: 2376; Cols: 2376;
Num-X: 4 ; Num-Y: 12 ; Resolution: 9500 ; Rank: 32 ; Rank-X: 8 ; Rank-Y: 0 ; Rowstart: 6336; Rowend: 7129; Rows: 793; Colstart: 0; Colend: 2376; Cols: 2376;
Num-X: 4 ; Num-Y: 12 ; Resolution: 9500 ; Rank: 33 ; Rank-X: 8 ; Rank-Y: 1 ; Rowstart: 6336; Rowend: 7129; Rows: 793; Colstart: 2375; Colend: 4751; Cols: 2376;
Num-X: 4 ; Num-Y: 12 ; Resolution: 9500 ; Rank: 36 ; Rank-X: 9 ; Rank-Y: 0 ; Rowstart: 7128; Rowend: 7921; Rows: 793; Colstart: 0; Colend: 2376; Cols: 2376;
Num-X: 4 ; Num-Y: 12 ; Resolution: 9500 ; Rank: 39 ; Rank-X: 9 ; Rank-Y: 3 ; Rowstart: 7128; Rowend: 7921; Rows: 793; Colstart: 7125; Colend: 9501; Cols: 2376;
Num-X: 4 ; Num-Y: 12 ; Resolution: 9500 ; Rank: 42 ; Rank-X: 10 ; Rank-Y: 2 ; Rowstart: 7920; Rowend: 8713; Rows: 793; Colstart: 4750; Colend: 7126; Cols: 2376;
Num-X: 4 ; Num-Y: 12 ; Resolution: 9500 ; Rank: 43 ; Rank-X: 10 ; Rank-Y: 3 ; Rowstart: 7920; Rowend: 8713; Rows: 793; Colstart: 7125; Colend: 9501; Cols: 2376;
Num-X: 4 ; Num-Y: 12 ; Resolution: 9500 ; Rank: 45 ; Rank-X: 11 ; Rank-Y: 1 ; Rowstart: 8712; Rowend: 9501; Rows: 789; Colstart: 2375; Colend: 4751; Cols: 2376;
Num-X: 4 ; Num-Y: 12 ; Resolution: 9500 ; Rank: 1 ; Rank-X: 0 ; Rank-Y: 1 ; Rowstart: 0; Rowend: 793; Rows: 793; Colstart: 2375; Colend: 4751; Cols: 2376;
Num-X: 4 ; Num-Y: 12 ; Resolution: 9500 ; Rank: 2 ; Rank-X: 0 ; Rank-Y: 2 ; Rowstart: 0; Rowend: 793; Rows: 793; Colstart: 4750; Colend: 7126; Cols: 2376;
Num-X: 4 ; Num-Y: 12 ; Resolution: 9500 ; Rank: 5 ; Rank-X: 1 ; Rank-Y: 1 ; Rowstart: 792; Rowend: 1585; Rows: 793; Colstart: 2375; Colend: 4751; Cols: 2376;
Num-X: 4 ; Num-Y: 12 ; Resolution: 9500 ; Rank: 10 ; Rank-X: 2 ; Rank-Y: 2 ; Rowstart: 1584; Rowend: 2377; Rows: 793; Colstart: 4750; Colend: 7126; Cols: 2376;
Num-X: 4 ; Num-Y: 12 ; Resolution: 9500 ; Rank: 12 ; Rank-X: 3 ; Rank-Y: 0 ; Rowstart: 2376; Rowend: 3169; Rows: 793; Colstart: 0; Colend: 2376; Cols: 2376;
Num-X: 4 ; Num-Y: 12 ; Resolution: 9500 ; Rank: 14 ; Rank-X: 3 ; Rank-Y: 2 ; Rowstart: 2376; Rowend: 3169; Rows: 793; Colstart: 4750; Colend: 7126; Cols: 2376;
Num-X: 4 ; Num-Y: 12 ; Resolution: 9500 ; Rank: 17 ; Rank-X: 4 ; Rank-Y: 1 ; Rowstart: 3168; Rowend: 3961; Rows: 793; Colstart: 2375; Colend: 4751; Cols: 2376;
Num-X: 4 ; Num-Y: 12 ; Resolution: 9500 ; Rank: 18 ; Rank-X: 4 ; Rank-Y: 2 ; Rowstart: 3168; Rowend: 3961; Rows: 793; Colstart: 4750; Colend: 7126; Cols: 2376;
Num-X: 4 ; Num-Y: 12 ; Resolution: 9500 ; Rank: 19 ; Rank-X: 4 ; Rank-Y: 3 ; Rowstart: 3168; Rowend: 3961; Rows: 793; Colstart: 7125; Colend: 9501; Cols: 2376;
Num-X: 4 ; Num-Y: 12 ; Resolution: 9500 ; Rank: 24 ; Rank-X: 6 ; Rank-Y: 0 ; Rowstart: 4752; Rowend: 5545; Rows: 793; Colstart: 0; Colend: 2376; Cols: 2376;
Num-X: 4 ; Num-Y: 12 ; Resolution: 9500 ; Rank: 26 ; Rank-X: 6 ; Rank-Y: 2 ; Rowstart: 4752; Rowend: 5545; Rows: 793; Colstart: 4750; Colend: 7126; Cols: 2376;
Num-X: 4 ; Num-Y: 12 ; Resolution: 9500 ; Rank: 30 ; Rank-X: 7 ; Rank-Y: 2 ; Rowstart: 5544; Rowend: 6337; Rows: 793; Colstart: 4750; Colend: 7126; Cols: 2376;
Num-X: 4 ; Num-Y: 12 ; Resolution: 9500 ; Rank: 37 ; Rank-X: 9 ; Rank-Y: 1 ; Rowstart: 7128; Rowend: 7921; Rows: 793; Colstart: 2375; Colend: 4751; Cols: 2376;
Num-X: 4 ; Num-Y: 12 ; Resolution: 9500 ; Rank: 3 ; Rank-X: 0 ; Rank-Y: 3 ; Rowstart: 0; Rowend: 793; Rows: 793; Colstart: 7125; Colend: 9501; Cols: 2376;
Num-X: 4 ; Num-Y: 12 ; Resolution: 9500 ; Rank: 6 ; Rank-X: 1 ; Rank-Y: 2 ; Rowstart: 792; Rowend: 1585; Rows: 793; Colstart: 4750; Colend: 7126; Cols: 2376;
Num-X: 4 ; Num-Y: 12 ; Resolution: 9500 ; Rank: 7 ; Rank-X: 1 ; Rank-Y: 3 ; Rowstart: 792; Rowend: 1585; Rows: 793; Colstart: 7125; Colend: 9501; Cols: 2376;
Num-X: 4 ; Num-Y: 12 ; Resolution: 9500 ; Rank: 8 ; Rank-X: 2 ; Rank-Y: 0 ; Rowstart: 1584; Rowend: 2377; Rows: 793; Colstart: 0; Colend: 2376; Cols: 2376;
Num-X: 4 ; Num-Y: 12 ; Resolution: 9500 ; Rank: 9 ; Rank-X: 2 ; Rank-Y: 1 ; Rowstart: 1584; Rowend: 2377; Rows: 793; Colstart: 2375; Colend: 4751; Cols: 2376;
Num-X: 4 ; Num-Y: 12 ; Resolution: 9500 ; Rank: 11 ; Rank-X: 2 ; Rank-Y: 3 ; Rowstart: 1584; Rowend: 2377; Rows: 793; Colstart: 7125; Colend: 9501; Cols: 2376;
Num-X: 4 ; Num-Y: 12 ; Resolution: 9500 ; Rank: 13 ; Rank-X: 3 ; Rank-Y: 1 ; Rowstart: 2376; Rowend: 3169; Rows: 793; Colstart: 2375; Colend: 4751; Cols: 2376;
Num-X: 4 ; Num-Y: 12 ; Resolution: 9500 ; Rank: 15 ; Rank-X: 3 ; Rank-Y: 3 ; Rowstart: 2376; Rowend: 3169; Rows: 793; Colstart: 7125; Colend: 9501; Cols: 2376;
Num-X: 4 ; Num-Y: 12 ; Resolution: 9500 ; Rank: 16 ; Rank-X: 4 ; Rank-Y: 0 ; Rowstart: 3168; Rowend: 3961; Rows: 793; Colstart: 0; Colend: 2376; Cols: 2376;
Num-X: 4 ; Num-Y: 12 ; Resolution: 9500 ; Rank: 20 ; Rank-X: 5 ; Rank-Y: 0 ; Rowstart: 3960; Rowend: 4753; Rows: 793; Colstart: 0; Colend: 2376; Cols: 2376;
Num-X: 4 ; Num-Y: 12 ; Resolution: 9500 ; Rank: 21 ; Rank-X: 5 ; Rank-Y: 1 ; Rowstart: 3960; Rowend: 4753; Rows: 793; Colstart: 2375; Colend: 4751; Cols: 2376;
Num-X: 4 ; Num-Y: 12 ; Resolution: 9500 ; Rank: 22 ; Rank-X: 5 ; Rank-Y: 2 ; Rowstart: 3960; Rowend: 4753; Rows: 793; Colstart: 4750; Colend: 7126; Cols: 2376;
Num-X: 4 ; Num-Y: 12 ; Resolution: 9500 ; Rank: 23 ; Rank-X: 5 ; Rank-Y: 3 ; Rowstart: 3960; Rowend: 4753; Rows: 793; Colstart: 7125; Colend: 9501; Cols: 2376;
Num-X: 4 ; Num-Y: 12 ; Resolution: 9500 ; Rank: 25 ; Rank-X: 6 ; Rank-Y: 1 ; Rowstart: 4752; Rowend: 5545; Rows: 793; Colstart: 2375; Colend: 4751; Cols: 2376;
Num-X: 4 ; Num-Y: 12 ; Resolution: 9500 ; Rank: 27 ; Rank-X: 6 ; Rank-Y: 3 ; Rowstart: 4752; Rowend: 5545; Rows: 793; Colstart: 7125; Colend: 9501; Cols: 2376;
Num-X: 4 ; Num-Y: 12 ; Resolution: 9500 ; Rank: 28 ; Rank-X: 7 ; Rank-Y: 0 ; Rowstart: 5544; Rowend: 6337; Rows: 793; Colstart: 0; Colend: 2376; Cols: 2376;
Num-X: 4 ; Num-Y: 12 ; Resolution: 9500 ; Rank: 29 ; Rank-X: 7 ; Rank-Y: 1 ; Rowstart: 5544; Rowend: 6337; Rows: 793; Colstart: 2375; Colend: 4751; Cols: 2376;
Num-X: 4 ; Num-Y: 12 ; Resolution: 9500 ; Rank: 31 ; Rank-X: 7 ; Rank-Y: 3 ; Rowstart: 5544; Rowend: 6337; Rows: 793; Colstart: 7125; Colend: 9501; Cols: 2376;
Num-X: 4 ; Num-Y: 12 ; Resolution: 9500 ; Rank: 34 ; Rank-X: 8 ; Rank-Y: 2 ; Rowstart: 6336; Rowend: 7129; Rows: 793; Colstart: 4750; Colend: 7126; Cols: 2376;
Num-X: 4 ; Num-Y: 12 ; Resolution: 9500 ; Rank: 35 ; Rank-X: 8 ; Rank-Y: 3 ; Rowstart: 6336; Rowend: 7129; Rows: 793; Colstart: 7125; Colend: 9501; Cols: 2376;
Num-X: 4 ; Num-Y: 12 ; Resolution: 9500 ; Rank: 38 ; Rank-X: 9 ; Rank-Y: 2 ; Rowstart: 7128; Rowend: 7921; Rows: 793; Colstart: 4750; Colend: 7126; Cols: 2376;
Num-X: 4 ; Num-Y: 12 ; Resolution: 9500 ; Rank: 41 ; Rank-X: 10 ; Rank-Y: 1 ; Rowstart: 7920; Rowend: 8713; Rows: 793; Colstart: 2375; Colend: 4751; Cols: 2376;
Num-X: 4 ; Num-Y: 12 ; Resolution: 9500 ; Rank: 44 ; Rank-X: 11 ; Rank-Y: 0 ; Rowstart: 8712; Rowend: 9501; Rows: 789; Colstart: 0; Colend: 2376; Cols: 2376;
Num-X: 4 ; Num-Y: 12 ; Resolution: 9500 ; Rank: 46 ; Rank-X: 11 ; Rank-Y: 2 ; Rowstart: 8712; Rowend: 9501; Rows: 789; Colstart: 4750; Colend: 7126; Cols: 2376;
Num-X: 4 ; Num-Y: 12 ; Resolution: 9500 ; Rank: 47 ; Rank-X: 11 ; Rank-Y: 3 ; Rowstart: 8712; Rowend: 9501; Rows: 789; Colstart: 7125; Colend: 9501; Cols: 2376;
Num-X: 4 ; Num-Y: 12 ; Resolution: 9500 ; Rank: 0 ; Rank-X: 0 ; Rank-Y: 0 ; Rowstart: 0; Rowend: 793; Rows: 793; Colstart: 0; Colend: 2376; Cols: 2376;

Resolution: 9500
===================
Execution time: 0.207691
Residual: 4.456242

megaflops:  60835.6
  flop instructions (M):  12635.000

Num-X: 4 ; Num-Y: 12 ; Resolution: 10500 ; Rank: 6 ; Rank-X: 1 ; Rank-Y: 2 ; Rowstart: 875; Rowend: 1751; Rows: 876; Colstart: 5250; Colend: 7876; Cols: 2626;
Num-X: 4 ; Num-Y: 12 ; Resolution: 10500 ; Rank: 15 ; Rank-X: 3 ; Rank-Y: 3 ; Rowstart: 2625; Rowend: 3501; Rows: 876; Colstart: 7875; Colend: 10501; Cols: 2626;
Num-X: 4 ; Num-Y: 12 ; Resolution: 10500 ; Rank: 21 ; Rank-X: 5 ; Rank-Y: 1 ; Rowstart: 4375; Rowend: 5251; Rows: 876; Colstart: 2625; Colend: 5251; Cols: 2626;
Num-X: 4 ; Num-Y: 12 ; Resolution: 10500 ; Rank: 22 ; Rank-X: 5 ; Rank-Y: 2 ; Rowstart: 4375; Rowend: 5251; Rows: 876; Colstart: 5250; Colend: 7876; Cols: 2626;
Num-X: 4 ; Num-Y: 12 ; Resolution: 10500 ; Rank: 37 ; Rank-X: 9 ; Rank-Y: 1 ; Rowstart: 7875; Rowend: 8751; Rows: 876; Colstart: 2625; Colend: 5251; Cols: 2626;
Num-X: 4 ; Num-Y: 12 ; Resolution: 10500 ; Rank: 0 ; Rank-X: 0 ; Rank-Y: 0 ; Rowstart: 0; Rowend: 876; Rows: 876; Colstart: 0; Colend: 2626; Cols: 2626;
Num-X: 4 ; Num-Y: 12 ; Resolution: 10500 ; Rank: 3 ; Rank-X: 0 ; Rank-Y: 3 ; Rowstart: 0; Rowend: 876; Rows: 876; Colstart: 7875; Colend: 10501; Cols: 2626;
Num-X: 4 ; Num-Y: 12 ; Resolution: 10500 ; Rank: 4 ; Rank-X: 1 ; Rank-Y: 0 ; Rowstart: 875; Rowend: 1751; Rows: 876; Colstart: 0; Colend: 2626; Cols: 2626;
Num-X: 4 ; Num-Y: 12 ; Resolution: 10500 ; Rank: 5 ; Rank-X: 1 ; Rank-Y: 1 ; Rowstart: 875; Rowend: 1751; Rows: 876; Colstart: 2625; Colend: 5251; Cols: 2626;
Num-X: 4 ; Num-Y: 12 ; Resolution: 10500 ; Rank: 7 ; Rank-X: 1 ; Rank-Y: 3 ; Rowstart: 875; Rowend: 1751; Rows: 876; Colstart: 7875; Colend: 10501; Cols: 2626;
Num-X: 4 ; Num-Y: 12 ; Resolution: 10500 ; Rank: 8 ; Rank-X: 2 ; Rank-Y: 0 ; Rowstart: 1750; Rowend: 2626; Rows: 876; Colstart: 0; Colend: 2626; Cols: 2626;
Num-X: 4 ; Num-Y: 12 ; Resolution: 10500 ; Rank: 9 ; Rank-X: 2 ; Rank-Y: 1 ; Rowstart: 1750; Rowend: 2626; Rows: 876; Colstart: 2625; Colend: 5251; Cols: 2626;
Num-X: 4 ; Num-Y: 12 ; Resolution: 10500 ; Rank: 10 ; Rank-X: 2 ; Rank-Y: 2 ; Rowstart: 1750; Rowend: 2626; Rows: 876; Colstart: 5250; Colend: 7876; Cols: 2626;
Num-X: 4 ; Num-Y: 12 ; Resolution: 10500 ; Rank: 11 ; Rank-X: 2 ; Rank-Y: 3 ; Rowstart: 1750; Rowend: 2626; Rows: 876; Colstart: 7875; Colend: 10501; Cols: 2626;
Num-X: 4 ; Num-Y: 12 ; Resolution: 10500 ; Rank: 13 ; Rank-X: 3 ; Rank-Y: 1 ; Rowstart: 2625; Rowend: 3501; Rows: 876; Colstart: 2625; Colend: 5251; Cols: 2626;
Num-X: 4 ; Num-Y: 12 ; Resolution: 10500 ; Rank: 16 ; Rank-X: 4 ; Rank-Y: 0 ; Rowstart: 3500; Rowend: 4376; Rows: 876; Colstart: 0; Colend: 2626; Cols: 2626;
Num-X: 4 ; Num-Y: 12 ; Resolution: 10500 ; Rank: 20 ; Rank-X: 5 ; Rank-Y: 0 ; Rowstart: 4375; Rowend: 5251; Rows: 876; Colstart: 0; Colend: 2626; Cols: 2626;
Num-X: 4 ; Num-Y: 12 ; Resolution: 10500 ; Rank: 23 ; Rank-X: 5 ; Rank-Y: 3 ; Rowstart: 4375; Rowend: 5251; Rows: 876; Colstart: 7875; Colend: 10501; Cols: 2626;
Num-X: 4 ; Num-Y: 12 ; Resolution: 10500 ; Rank: 25 ; Rank-X: 6 ; Rank-Y: 1 ; Rowstart: 5250; Rowend: 6126; Rows: 876; Colstart: 2625; Colend: 5251; Cols: 2626;
Num-X: 4 ; Num-Y: 12 ; Resolution: 10500 ; Rank: 26 ; Rank-X: 6 ; Rank-Y: 2 ; Rowstart: 5250; Rowend: 6126; Rows: 876; Colstart: 5250; Colend: 7876; Cols: 2626;
Num-X: 4 ; Num-Y: 12 ; Resolution: 10500 ; Rank: 27 ; Rank-X: 6 ; Rank-Y: 3 ; Rowstart: 5250; Rowend: 6126; Rows: 876; Colstart: 7875; Colend: 10501; Cols: 2626;
Num-X: 4 ; Num-Y: 12 ; Resolution: 10500 ; Rank: 28 ; Rank-X: 7 ; Rank-Y: 0 ; Rowstart: 6125; Rowend: 7001; Rows: 876; Colstart: 0; Colend: 2626; Cols: 2626;
Num-X: 4 ; Num-Y: 12 ; Resolution: 10500 ; Rank: 29 ; Rank-X: 7 ; Rank-Y: 1 ; Rowstart: 6125; Rowend: 7001; Rows: 876; Colstart: 2625; Colend: 5251; Cols: 2626;
Num-X: 4 ; Num-Y: 12 ; Resolution: 10500 ; Rank: 31 ; Rank-X: 7 ; Rank-Y: 3 ; Rowstart: 6125; Rowend: 7001; Rows: 876; Colstart: 7875; Colend: 10501; Cols: 2626;
Num-X: 4 ; Num-Y: 12 ; Resolution: 10500 ; Rank: 34 ; Rank-X: 8 ; Rank-Y: 2 ; Rowstart: 7000; Rowend: 7876; Rows: 876; Colstart: 5250; Colend: 7876; Cols: 2626;
Num-X: 4 ; Num-Y: 12 ; Resolution: 10500 ; Rank: 35 ; Rank-X: 8 ; Rank-Y: 3 ; Rowstart: 7000; Rowend: 7876; Rows: 876; Colstart: 7875; Colend: 10501; Cols: 2626;
Num-X: 4 ; Num-Y: 12 ; Resolution: 10500 ; Rank: 38 ; Rank-X: 9 ; Rank-Y: 2 ; Rowstart: 7875; Rowend: 8751; Rows: 876; Colstart: 5250; Colend: 7876; Cols: 2626;
Num-X: 4 ; Num-Y: 12 ; Resolution: 10500 ; Rank: 40 ; Rank-X: 10 ; Rank-Y: 0 ; Rowstart: 8750; Rowend: 9626; Rows: 876; Colstart: 0; Colend: 2626; Cols: 2626;
Num-X: 4 ; Num-Y: 12 ; Resolution: 10500 ; Rank: 41 ; Rank-X: 10 ; Rank-Y: 1 ; Rowstart: 8750; Rowend: 9626; Rows: 876; Colstart: 2625; Colend: 5251; Cols: 2626;
Num-X: 4 ; Num-Y: 12 ; Resolution: 10500 ; Rank: 42 ; Rank-X: 10 ; Rank-Y: 2 ; Rowstart: 8750; Rowend: 9626; Rows: 876; Colstart: 5250; Colend: 7876; Cols: 2626;
Num-X: 4 ; Num-Y: 12 ; Resolution: 10500 ; Rank: 44 ; Rank-X: 11 ; Rank-Y: 0 ; Rowstart: 9625; Rowend: 10501; Rows: 876; Colstart: 0; Colend: 2626; Cols: 2626;
Num-X: 4 ; Num-Y: 12 ; Resolution: 10500 ; Rank: 45 ; Rank-X: 11 ; Rank-Y: 1 ; Rowstart: 9625; Rowend: 10501; Rows: 876; Colstart: 2625; Colend: 5251; Cols: 2626;
Num-X: 4 ; Num-Y: 12 ; Resolution: 10500 ; Rank: 46 ; Rank-X: 11 ; Rank-Y: 2 ; Rowstart: 9625; Rowend: 10501; Rows: 876; Colstart: 5250; Colend: 7876; Cols: 2626;
Num-X: 4 ; Num-Y: 12 ; Resolution: 10500 ; Rank: 47 ; Rank-X: 11 ; Rank-Y: 3 ; Rowstart: 9625; Rowend: 10501; Rows: 876; Colstart: 7875; Colend: 10501; Cols: 2626;
Num-X: 4 ; Num-Y: 12 ; Resolution: 10500 ; Rank: 1 ; Rank-X: 0 ; Rank-Y: 1 ; Rowstart: 0; Rowend: 876; Rows: 876; Colstart: 2625; Colend: 5251; Cols: 2626;
Num-X: 4 ; Num-Y: 12 ; Resolution: 10500 ; Rank: 2 ; Rank-X: 0 ; Rank-Y: 2 ; Rowstart: 0; Rowend: 876; Rows: 876; Colstart: 5250; Colend: 7876; Cols: 2626;
Num-X: 4 ; Num-Y: 12 ; Resolution: 10500 ; Rank: 12 ; Rank-X: 3 ; Rank-Y: 0 ; Rowstart: 2625; Rowend: 3501; Rows: 876; Colstart: 0; Colend: 2626; Cols: 2626;
Num-X: 4 ; Num-Y: 12 ; Resolution: 10500 ; Rank: 14 ; Rank-X: 3 ; Rank-Y: 2 ; Rowstart: 2625; Rowend: 3501; Rows: 876; Colstart: 5250; Colend: 7876; Cols: 2626;
Num-X: 4 ; Num-Y: 12 ; Resolution: 10500 ; Rank: 17 ; Rank-X: 4 ; Rank-Y: 1 ; Rowstart: 3500; Rowend: 4376; Rows: 876; Colstart: 2625; Colend: 5251; Cols: 2626;
Num-X: 4 ; Num-Y: 12 ; Resolution: 10500 ; Rank: 18 ; Rank-X: 4 ; Rank-Y: 2 ; Rowstart: 3500; Rowend: 4376; Rows: 876; Colstart: 5250; Colend: 7876; Cols: 2626;
Num-X: 4 ; Num-Y: 12 ; Resolution: 10500 ; Rank: 19 ; Rank-X: 4 ; Rank-Y: 3 ; Rowstart: 3500; Rowend: 4376; Rows: 876; Colstart: 7875; Colend: 10501; Cols: 2626;
Num-X: 4 ; Num-Y: 12 ; Resolution: 10500 ; Rank: 24 ; Rank-X: 6 ; Rank-Y: 0 ; Rowstart: 5250; Rowend: 6126; Rows: 876; Colstart: 0; Colend: 2626; Cols: 2626;
Num-X: 4 ; Num-Y: 12 ; Resolution: 10500 ; Rank: 30 ; Rank-X: 7 ; Rank-Y: 2 ; Rowstart: 6125; Rowend: 7001; Rows: 876; Colstart: 5250; Colend: 7876; Cols: 2626;
Num-X: 4 ; Num-Y: 12 ; Resolution: 10500 ; Rank: 32 ; Rank-X: 8 ; Rank-Y: 0 ; Rowstart: 7000; Rowend: 7876; Rows: 876; Colstart: 0; Colend: 2626; Cols: 2626;
Num-X: 4 ; Num-Y: 12 ; Resolution: 10500 ; Rank: 33 ; Rank-X: 8 ; Rank-Y: 1 ; Rowstart: 7000; Rowend: 7876; Rows: 876; Colstart: 2625; Colend: 5251; Cols: 2626;
Num-X: 4 ; Num-Y: 12 ; Resolution: 10500 ; Rank: 36 ; Rank-X: 9 ; Rank-Y: 0 ; Rowstart: 7875; Rowend: 8751; Rows: 876; Colstart: 0; Colend: 2626; Cols: 2626;
Num-X: 4 ; Num-Y: 12 ; Resolution: 10500 ; Rank: 39 ; Rank-X: 9 ; Rank-Y: 3 ; Rowstart: 7875; Rowend: 8751; Rows: 876; Colstart: 7875; Colend: 10501; Cols: 2626;
Num-X: 4 ; Num-Y: 12 ; Resolution: 10500 ; Rank: 43 ; Rank-X: 10 ; Rank-Y: 3 ; Rowstart: 8750; Rowend: 9626; Rows: 876; Colstart: 7875; Colend: 10501; Cols: 2626;

Resolution: 10500
===================
Execution time: 0.256489
Residual: 4.925272

megaflops:  60178.0
  flop instructions (M):  15435.000

Num-X: 4 ; Num-Y: 12 ; Resolution: 11500 ; Rank: 36 ; Rank-X: 9 ; Rank-Y: 0 ; Rowstart: 8631; Rowend: 9591; Rows: 960; Colstart: 0; Colend: 2876; Cols: 2876;
Num-X: 4 ; Num-Y: 12 ; Resolution: 11500 ; Rank: 42 ; Rank-X: 10 ; Rank-Y: 2 ; Rowstart: 9590; Rowend: 10550; Rows: 960; Colstart: 5750; Colend: 8626; Cols: 2876;
Num-X: 4 ; Num-Y: 12 ; Resolution: 11500 ; Rank: 1 ; Rank-X: 0 ; Rank-Y: 1 ; Rowstart: 0; Rowend: 960; Rows: 960; Colstart: 2875; Colend: 5751; Cols: 2876;
Num-X: 4 ; Num-Y: 12 ; Resolution: 11500 ; Rank: 5 ; Rank-X: 1 ; Rank-Y: 1 ; Rowstart: 959; Rowend: 1919; Rows: 960; Colstart: 2875; Colend: 5751; Cols: 2876;
Num-X: 4 ; Num-Y: 12 ; Resolution: 11500 ; Rank: 28 ; Rank-X: 7 ; Rank-Y: 0 ; Rowstart: 6713; Rowend: 7673; Rows: 960; Colstart: 0; Colend: 2876; Cols: 2876;
Num-X: 4 ; Num-Y: 12 ; Resolution: 11500 ; Rank: 34 ; Rank-X: 8 ; Rank-Y: 2 ; Rowstart: 7672; Rowend: 8632; Rows: 960; Colstart: 5750; Colend: 8626; Cols: 2876;
Num-X: 4 ; Num-Y: 12 ; Resolution: 11500 ; Rank: 35 ; Rank-X: 8 ; Rank-Y: 3 ; Rowstart: 7672; Rowend: 8632; Rows: 960; Colstart: 8625; Colend: 11501; Cols: 2876;
Num-X: 4 ; Num-Y: 12 ; Resolution: 11500 ; Rank: 38 ; Rank-X: 9 ; Rank-Y: 2 ; Rowstart: 8631; Rowend: 9591; Rows: 960; Colstart: 5750; Colend: 8626; Cols: 2876;
Num-X: 4 ; Num-Y: 12 ; Resolution: 11500 ; Rank: 41 ; Rank-X: 10 ; Rank-Y: 1 ; Rowstart: 9590; Rowend: 10550; Rows: 960; Colstart: 2875; Colend: 5751; Cols: 2876;
Num-X: 4 ; Num-Y: 12 ; Resolution: 11500 ; Rank: 44 ; Rank-X: 11 ; Rank-Y: 0 ; Rowstart: 10549; Rowend: 11501; Rows: 952; Colstart: 0; Colend: 2876; Cols: 2876;
Num-X: 4 ; Num-Y: 12 ; Resolution: 11500 ; Rank: 45 ; Rank-X: 11 ; Rank-Y: 1 ; Rowstart: 10549; Rowend: 11501; Rows: 952; Colstart: 2875; Colend: 5751; Cols: 2876;
Num-X: 4 ; Num-Y: 12 ; Resolution: 11500 ; Rank: 46 ; Rank-X: 11 ; Rank-Y: 2 ; Rowstart: 10549; Rowend: 11501; Rows: 952; Colstart: 5750; Colend: 8626; Cols: 2876;
Num-X: 4 ; Num-Y: 12 ; Resolution: 11500 ; Rank: 47 ; Rank-X: 11 ; Rank-Y: 3 ; Rowstart: 10549; Rowend: 11501; Rows: 952; Colstart: 8625; Colend: 11501; Cols: 2876;
Num-X: 4 ; Num-Y: 12 ; Resolution: 11500 ; Rank: 2 ; Rank-X: 0 ; Rank-Y: 2 ; Rowstart: 0; Rowend: 960; Rows: 960; Colstart: 5750; Colend: 8626; Cols: 2876;
Num-X: 4 ; Num-Y: 12 ; Resolution: 11500 ; Rank: 3 ; Rank-X: 0 ; Rank-Y: 3 ; Rowstart: 0; Rowend: 960; Rows: 960; Colstart: 8625; Colend: 11501; Cols: 2876;
Num-X: 4 ; Num-Y: 12 ; Resolution: 11500 ; Rank: 4 ; Rank-X: 1 ; Rank-Y: 0 ; Rowstart: 959; Rowend: 1919; Rows: 960; Colstart: 0; Colend: 2876; Cols: 2876;
Num-X: 4 ; Num-Y: 12 ; Resolution: 11500 ; Rank: 6 ; Rank-X: 1 ; Rank-Y: 2 ; Rowstart: 959; Rowend: 1919; Rows: 960; Colstart: 5750; Colend: 8626; Cols: 2876;
Num-X: 4 ; Num-Y: 12 ; Resolution: 11500 ; Rank: 7 ; Rank-X: 1 ; Rank-Y: 3 ; Rowstart: 959; Rowend: 1919; Rows: 960; Colstart: 8625; Colend: 11501; Cols: 2876;
Num-X: 4 ; Num-Y: 12 ; Resolution: 11500 ; Rank: 8 ; Rank-X: 2 ; Rank-Y: 0 ; Rowstart: 1918; Rowend: 2878; Rows: 960; Colstart: 0; Colend: 2876; Cols: 2876;
Num-X: 4 ; Num-Y: 12 ; Resolution: 11500 ; Rank: 9 ; Rank-X: 2 ; Rank-Y: 1 ; Rowstart: 1918; Rowend: 2878; Rows: 960; Colstart: 2875; Colend: 5751; Cols: 2876;
Num-X: 4 ; Num-Y: 12 ; Resolution: 11500 ; Rank: 10 ; Rank-X: 2 ; Rank-Y: 2 ; Rowstart: 1918; Rowend: 2878; Rows: 960; Colstart: 5750; Colend: 8626; Cols: 2876;
Num-X: 4 ; Num-Y: 12 ; Resolution: 11500 ; Rank: 11 ; Rank-X: 2 ; Rank-Y: 3 ; Rowstart: 1918; Rowend: 2878; Rows: 960; Colstart: 8625; Colend: 11501; Cols: 2876;
Num-X: 4 ; Num-Y: 12 ; Resolution: 11500 ; Rank: 12 ; Rank-X: 3 ; Rank-Y: 0 ; Rowstart: 2877; Rowend: 3837; Rows: 960; Colstart: 0; Colend: 2876; Cols: 2876;
Num-X: 4 ; Num-Y: 12 ; Resolution: 11500 ; Rank: 13 ; Rank-X: 3 ; Rank-Y: 1 ; Rowstart: 2877; Rowend: 3837; Rows: 960; Colstart: 2875; Colend: 5751; Cols: 2876;
Num-X: 4 ; Num-Y: 12 ; Resolution: 11500 ; Rank: 14 ; Rank-X: 3 ; Rank-Y: 2 ; Rowstart: 2877; Rowend: 3837; Rows: 960; Colstart: 5750; Colend: 8626; Cols: 2876;
Num-X: 4 ; Num-Y: 12 ; Resolution: 11500 ; Rank: 15 ; Rank-X: 3 ; Rank-Y: 3 ; Rowstart: 2877; Rowend: 3837; Rows: 960; Colstart: 8625; Colend: 11501; Cols: 2876;
Num-X: 4 ; Num-Y: 12 ; Resolution: 11500 ; Rank: 16 ; Rank-X: 4 ; Rank-Y: 0 ; Rowstart: 3836; Rowend: 4796; Rows: 960; Colstart: 0; Colend: 2876; Cols: 2876;
Num-X: 4 ; Num-Y: 12 ; Resolution: 11500 ; Rank: 17 ; Rank-X: 4 ; Rank-Y: 1 ; Rowstart: 3836; Rowend: 4796; Rows: 960; Colstart: 2875; Colend: 5751; Cols: 2876;
Num-X: 4 ; Num-Y: 12 ; Resolution: 11500 ; Rank: 18 ; Rank-X: 4 ; Rank-Y: 2 ; Rowstart: 3836; Rowend: 4796; Rows: 960; Colstart: 5750; Colend: 8626; Cols: 2876;
Num-X: 4 ; Num-Y: 12 ; Resolution: 11500 ; Rank: 19 ; Rank-X: 4 ; Rank-Y: 3 ; Rowstart: 3836; Rowend: 4796; Rows: 960; Colstart: 8625; Colend: 11501; Cols: 2876;
Num-X: 4 ; Num-Y: 12 ; Resolution: 11500 ; Rank: 20 ; Rank-X: 5 ; Rank-Y: 0 ; Rowstart: 4795; Rowend: 5755; Rows: 960; Colstart: 0; Colend: 2876; Cols: 2876;
Num-X: 4 ; Num-Y: 12 ; Resolution: 11500 ; Rank: 21 ; Rank-X: 5 ; Rank-Y: 1 ; Rowstart: 4795; Rowend: 5755; Rows: 960; Colstart: 2875; Colend: 5751; Cols: 2876;
Num-X: 4 ; Num-Y: 12 ; Resolution: 11500 ; Rank: 22 ; Rank-X: 5 ; Rank-Y: 2 ; Rowstart: 4795; Rowend: 5755; Rows: 960; Colstart: 5750; Colend: 8626; Cols: 2876;
Num-X: 4 ; Num-Y: 12 ; Resolution: 11500 ; Rank: 23 ; Rank-X: 5 ; Rank-Y: 3 ; Rowstart: 4795; Rowend: 5755; Rows: 960; Colstart: 8625; Colend: 11501; Cols: 2876;
Num-X: 4 ; Num-Y: 12 ; Resolution: 11500 ; Rank: 24 ; Rank-X: 6 ; Rank-Y: 0 ; Rowstart: 5754; Rowend: 6714; Rows: 960; Colstart: 0; Colend: 2876; Cols: 2876;
Num-X: 4 ; Num-Y: 12 ; Resolution: 11500 ; Rank: 25 ; Rank-X: 6 ; Rank-Y: 1 ; Rowstart: 5754; Rowend: 6714; Rows: 960; Colstart: 2875; Colend: 5751; Cols: 2876;
Num-X: 4 ; Num-Y: 12 ; Resolution: 11500 ; Rank: 26 ; Rank-X: 6 ; Rank-Y: 2 ; Rowstart: 5754; Rowend: 6714; Rows: 960; Colstart: 5750; Colend: 8626; Cols: 2876;
Num-X: 4 ; Num-Y: 12 ; Resolution: 11500 ; Rank: 27 ; Rank-X: 6 ; Rank-Y: 3 ; Rowstart: 5754; Rowend: 6714; Rows: 960; Colstart: 8625; Colend: 11501; Cols: 2876;
Num-X: 4 ; Num-Y: 12 ; Resolution: 11500 ; Rank: 29 ; Rank-X: 7 ; Rank-Y: 1 ; Rowstart: 6713; Rowend: 7673; Rows: 960; Colstart: 2875; Colend: 5751; Cols: 2876;
Num-X: 4 ; Num-Y: 12 ; Resolution: 11500 ; Rank: 30 ; Rank-X: 7 ; Rank-Y: 2 ; Rowstart: 6713; Rowend: 7673; Rows: 960; Colstart: 5750; Colend: 8626; Cols: 2876;
Num-X: 4 ; Num-Y: 12 ; Resolution: 11500 ; Rank: 31 ; Rank-X: 7 ; Rank-Y: 3 ; Rowstart: 6713; Rowend: 7673; Rows: 960; Colstart: 8625; Colend: 11501; Cols: 2876;
Num-X: 4 ; Num-Y: 12 ; Resolution: 11500 ; Rank: 32 ; Rank-X: 8 ; Rank-Y: 0 ; Rowstart: 7672; Rowend: 8632; Rows: 960; Colstart: 0; Colend: 2876; Cols: 2876;
Num-X: 4 ; Num-Y: 12 ; Resolution: 11500 ; Rank: 33 ; Rank-X: 8 ; Rank-Y: 1 ; Rowstart: 7672; Rowend: 8632; Rows: 960; Colstart: 2875; Colend: 5751; Cols: 2876;
Num-X: 4 ; Num-Y: 12 ; Resolution: 11500 ; Rank: 37 ; Rank-X: 9 ; Rank-Y: 1 ; Rowstart: 8631; Rowend: 9591; Rows: 960; Colstart: 2875; Colend: 5751; Cols: 2876;
Num-X: 4 ; Num-Y: 12 ; Resolution: 11500 ; Rank: 39 ; Rank-X: 9 ; Rank-Y: 3 ; Rowstart: 8631; Rowend: 9591; Rows: 960; Colstart: 8625; Colend: 11501; Cols: 2876;
Num-X: 4 ; Num-Y: 12 ; Resolution: 11500 ; Rank: 40 ; Rank-X: 10 ; Rank-Y: 0 ; Rowstart: 9590; Rowend: 10550; Rows: 960; Colstart: 0; Colend: 2876; Cols: 2876;
Num-X: 4 ; Num-Y: 12 ; Resolution: 11500 ; Rank: 43 ; Rank-X: 10 ; Rank-Y: 3 ; Rowstart: 9590; Rowend: 10550; Rows: 960; Colstart: 8625; Colend: 11501; Cols: 2876;
Num-X: 4 ; Num-Y: 12 ; Resolution: 11500 ; Rank: 0 ; Rank-X: 0 ; Rank-Y: 0 ; Rowstart: 0; Rowend: 960; Rows: 960; Colstart: 0; Colend: 2876; Cols: 2876;

Resolution: 11500
===================
Execution time: 0.304070
Residual: 5.394301

megaflops:  60890.6
  flop instructions (M):  18515.000

Num-X: 4 ; Num-Y: 12 ; Resolution: 12500 ; Rank: 33 ; Rank-X: 8 ; Rank-Y: 1 ; Rowstart: 8336; Rowend: 9379; Rows: 1043; Colstart: 3125; Colend: 6251; Cols: 3126;
Num-X: 4 ; Num-Y: 12 ; Resolution: 12500 ; Rank: 34 ; Rank-X: 8 ; Rank-Y: 2 ; Rowstart: 8336; Rowend: 9379; Rows: 1043; Colstart: 6250; Colend: 9376; Cols: 3126;
Num-X: 4 ; Num-Y: 12 ; Resolution: 12500 ; Rank: 35 ; Rank-X: 8 ; Rank-Y: 3 ; Rowstart: 8336; Rowend: 9379; Rows: 1043; Colstart: 9375; Colend: 12501; Cols: 3126;
Num-X: 4 ; Num-Y: 12 ; Resolution: 12500 ; Rank: 41 ; Rank-X: 10 ; Rank-Y: 1 ; Rowstart: 10420; Rowend: 11463; Rows: 1043; Colstart: 3125; Colend: 6251; Cols: 3126;
Num-X: 4 ; Num-Y: 12 ; Resolution: 12500 ; Rank: 2 ; Rank-X: 0 ; Rank-Y: 2 ; Rowstart: 0; Rowend: 1043; Rows: 1043; Colstart: 6250; Colend: 9376; Cols: 3126;
Num-X: 4 ; Num-Y: 12 ; Resolution: 12500 ; Rank: 3 ; Rank-X: 0 ; Rank-Y: 3 ; Rowstart: 0; Rowend: 1043; Rows: 1043; Colstart: 9375; Colend: 12501; Cols: 3126;
Num-X: 4 ; Num-Y: 12 ; Resolution: 12500 ; Rank: 4 ; Rank-X: 1 ; Rank-Y: 0 ; Rowstart: 1042; Rowend: 2085; Rows: 1043; Colstart: 0; Colend: 3126; Cols: 3126;
Num-X: 4 ; Num-Y: 12 ; Resolution: 12500 ; Rank: 6 ; Rank-X: 1 ; Rank-Y: 2 ; Rowstart: 1042; Rowend: 2085; Rows: 1043; Colstart: 6250; Colend: 9376; Cols: 3126;
Num-X: 4 ; Num-Y: 12 ; Resolution: 12500 ; Rank: 7 ; Rank-X: 1 ; Rank-Y: 3 ; Rowstart: 1042; Rowend: 2085; Rows: 1043; Colstart: 9375; Colend: 12501; Cols: 3126;
Num-X: 4 ; Num-Y: 12 ; Resolution: 12500 ; Rank: 8 ; Rank-X: 2 ; Rank-Y: 0 ; Rowstart: 2084; Rowend: 3127; Rows: 1043; Colstart: 0; Colend: 3126; Cols: 3126;
Num-X: 4 ; Num-Y: 12 ; Resolution: 12500 ; Rank: 9 ; Rank-X: 2 ; Rank-Y: 1 ; Rowstart: 2084; Rowend: 3127; Rows: 1043; Colstart: 3125; Colend: 6251; Cols: 3126;
Num-X: 4 ; Num-Y: 12 ; Resolution: 12500 ; Rank: 10 ; Rank-X: 2 ; Rank-Y: 2 ; Rowstart: 2084; Rowend: 3127; Rows: 1043; Colstart: 6250; Colend: 9376; Cols: 3126;
Num-X: 4 ; Num-Y: 12 ; Resolution: 12500 ; Rank: 11 ; Rank-X: 2 ; Rank-Y: 3 ; Rowstart: 2084; Rowend: 3127; Rows: 1043; Colstart: 9375; Colend: 12501; Cols: 3126;
Num-X: 4 ; Num-Y: 12 ; Resolution: 12500 ; Rank: 12 ; Rank-X: 3 ; Rank-Y: 0 ; Rowstart: 3126; Rowend: 4169; Rows: 1043; Colstart: 0; Colend: 3126; Cols: 3126;
Num-X: 4 ; Num-Y: 12 ; Resolution: 12500 ; Rank: 13 ; Rank-X: 3 ; Rank-Y: 1 ; Rowstart: 3126; Rowend: 4169; Rows: 1043; Colstart: 3125; Colend: 6251; Cols: 3126;
Num-X: 4 ; Num-Y: 12 ; Resolution: 12500 ; Rank: 14 ; Rank-X: 3 ; Rank-Y: 2 ; Rowstart: 3126; Rowend: 4169; Rows: 1043; Colstart: 6250; Colend: 9376; Cols: 3126;
Num-X: 4 ; Num-Y: 12 ; Resolution: 12500 ; Rank: 15 ; Rank-X: 3 ; Rank-Y: 3 ; Rowstart: 3126; Rowend: 4169; Rows: 1043; Colstart: 9375; Colend: 12501; Cols: 3126;
Num-X: 4 ; Num-Y: 12 ; Resolution: 12500 ; Rank: 16 ; Rank-X: 4 ; Rank-Y: 0 ; Rowstart: 4168; Rowend: 5211; Rows: 1043; Colstart: 0; Colend: 3126; Cols: 3126;
Num-X: 4 ; Num-Y: 12 ; Resolution: 12500 ; Rank: 17 ; Rank-X: 4 ; Rank-Y: 1 ; Rowstart: 4168; Rowend: 5211; Rows: 1043; Colstart: 3125; Colend: 6251; Cols: 3126;
Num-X: 4 ; Num-Y: 12 ; Resolution: 12500 ; Rank: 18 ; Rank-X: 4 ; Rank-Y: 2 ; Rowstart: 4168; Rowend: 5211; Rows: 1043; Colstart: 6250; Colend: 9376; Cols: 3126;
Num-X: 4 ; Num-Y: 12 ; Resolution: 12500 ; Rank: 19 ; Rank-X: 4 ; Rank-Y: 3 ; Rowstart: 4168; Rowend: 5211; Rows: 1043; Colstart: 9375; Colend: 12501; Cols: 3126;
Num-X: 4 ; Num-Y: 12 ; Resolution: 12500 ; Rank: 20 ; Rank-X: 5 ; Rank-Y: 0 ; Rowstart: 5210; Rowend: 6253; Rows: 1043; Colstart: 0; Colend: 3126; Cols: 3126;
Num-X: 4 ; Num-Y: 12 ; Resolution: 12500 ; Rank: 21 ; Rank-X: 5 ; Rank-Y: 1 ; Rowstart: 5210; Rowend: 6253; Rows: 1043; Colstart: 3125; Colend: 6251; Cols: 3126;
Num-X: 4 ; Num-Y: 12 ; Resolution: 12500 ; Rank: 22 ; Rank-X: 5 ; Rank-Y: 2 ; Rowstart: 5210; Rowend: 6253; Rows: 1043; Colstart: 6250; Colend: 9376; Cols: 3126;
Num-X: 4 ; Num-Y: 12 ; Resolution: 12500 ; Rank: 23 ; Rank-X: 5 ; Rank-Y: 3 ; Rowstart: 5210; Rowend: 6253; Rows: 1043; Colstart: 9375; Colend: 12501; Cols: 3126;
Num-X: 4 ; Num-Y: 12 ; Resolution: 12500 ; Rank: 24 ; Rank-X: 6 ; Rank-Y: 0 ; Rowstart: 6252; Rowend: 7295; Rows: 1043; Colstart: 0; Colend: 3126; Cols: 3126;
Num-X: 4 ; Num-Y: 12 ; Resolution: 12500 ; Rank: 25 ; Rank-X: 6 ; Rank-Y: 1 ; Rowstart: 6252; Rowend: 7295; Rows: 1043; Colstart: 3125; Colend: 6251; Cols: 3126;
Num-X: 4 ; Num-Y: 12 ; Resolution: 12500 ; Rank: 26 ; Rank-X: 6 ; Rank-Y: 2 ; Rowstart: 6252; Rowend: 7295; Rows: 1043; Colstart: 6250; Colend: 9376; Cols: 3126;
Num-X: 4 ; Num-Y: 12 ; Resolution: 12500 ; Rank: 27 ; Rank-X: 6 ; Rank-Y: 3 ; Rowstart: 6252; Rowend: 7295; Rows: 1043; Colstart: 9375; Colend: 12501; Cols: 3126;
Num-X: 4 ; Num-Y: 12 ; Resolution: 12500 ; Rank: 28 ; Rank-X: 7 ; Rank-Y: 0 ; Rowstart: 7294; Rowend: 8337; Rows: 1043; Colstart: 0; Colend: 3126; Cols: 3126;
Num-X: 4 ; Num-Y: 12 ; Resolution: 12500 ; Rank: 29 ; Rank-X: 7 ; Rank-Y: 1 ; Rowstart: 7294; Rowend: 8337; Rows: 1043; Colstart: 3125; Colend: 6251; Cols: 3126;
Num-X: 4 ; Num-Y: 12 ; Resolution: 12500 ; Rank: 30 ; Rank-X: 7 ; Rank-Y: 2 ; Rowstart: 7294; Rowend: 8337; Rows: 1043; Colstart: 6250; Colend: 9376; Cols: 3126;
Num-X: 4 ; Num-Y: 12 ; Resolution: 12500 ; Rank: 31 ; Rank-X: 7 ; Rank-Y: 3 ; Rowstart: 7294; Rowend: 8337; Rows: 1043; Colstart: 9375; Colend: 12501; Cols: 3126;
Num-X: 4 ; Num-Y: 12 ; Resolution: 12500 ; Rank: 32 ; Rank-X: 8 ; Rank-Y: 0 ; Rowstart: 8336; Rowend: 9379; Rows: 1043; Colstart: 0; Colend: 3126; Cols: 3126;
Num-X: 4 ; Num-Y: 12 ; Resolution: 12500 ; Rank: 37 ; Rank-X: 9 ; Rank-Y: 1 ; Rowstart: 9378; Rowend: 10421; Rows: 1043; Colstart: 3125; Colend: 6251; Cols: 3126;
Num-X: 4 ; Num-Y: 12 ; Resolution: 12500 ; Rank: 38 ; Rank-X: 9 ; Rank-Y: 2 ; Rowstart: 9378; Rowend: 10421; Rows: 1043; Colstart: 6250; Colend: 9376; Cols: 3126;
Num-X: 4 ; Num-Y: 12 ; Resolution: 12500 ; Rank: 39 ; Rank-X: 9 ; Rank-Y: 3 ; Rowstart: 9378; Rowend: 10421; Rows: 1043; Colstart: 9375; Colend: 12501; Cols: 3126;
Num-X: 4 ; Num-Y: 12 ; Resolution: 12500 ; Rank: 40 ; Rank-X: 10 ; Rank-Y: 0 ; Rowstart: 10420; Rowend: 11463; Rows: 1043; Colstart: 0; Colend: 3126; Cols: 3126;
Num-X: 4 ; Num-Y: 12 ; Resolution: 12500 ; Rank: 43 ; Rank-X: 10 ; Rank-Y: 3 ; Rowstart: 10420; Rowend: 11463; Rows: 1043; Colstart: 9375; Colend: 12501; Cols: 3126;
Num-X: 4 ; Num-Y: 12 ; Resolution: 12500 ; Rank: 0 ; Rank-X: 0 ; Rank-Y: 0 ; Rowstart: 0; Rowend: 1043; Rows: 1043; Colstart: 0; Colend: 3126; Cols: 3126;
Num-X: 4 ; Num-Y: 12 ; Resolution: 12500 ; Rank: 1 ; Rank-X: 0 ; Rank-Y: 1 ; Rowstart: 0; Rowend: 1043; Rows: 1043; Colstart: 3125; Colend: 6251; Cols: 3126;
Num-X: 4 ; Num-Y: 12 ; Resolution: 12500 ; Rank: 5 ; Rank-X: 1 ; Rank-Y: 1 ; Rowstart: 1042; Rowend: 2085; Rows: 1043; Colstart: 3125; Colend: 6251; Cols: 3126;
Num-X: 4 ; Num-Y: 12 ; Resolution: 12500 ; Rank: 36 ; Rank-X: 9 ; Rank-Y: 0 ; Rowstart: 9378; Rowend: 10421; Rows: 1043; Colstart: 0; Colend: 3126; Cols: 3126;
Num-X: 4 ; Num-Y: 12 ; Resolution: 12500 ; Rank: 42 ; Rank-X: 10 ; Rank-Y: 2 ; Rowstart: 10420; Rowend: 11463; Rows: 1043; Colstart: 6250; Colend: 9376; Cols: 3126;
Num-X: 4 ; Num-Y: 12 ; Resolution: 12500 ; Rank: 44 ; Rank-X: 11 ; Rank-Y: 0 ; Rowstart: 11462; Rowend: 12501; Rows: 1039; Colstart: 0; Colend: 3126; Cols: 3126;
Num-X: 4 ; Num-Y: 12 ; Resolution: 12500 ; Rank: 45 ; Rank-X: 11 ; Rank-Y: 1 ; Rowstart: 11462; Rowend: 12501; Rows: 1039; Colstart: 3125; Colend: 6251; Cols: 3126;
Num-X: 4 ; Num-Y: 12 ; Resolution: 12500 ; Rank: 46 ; Rank-X: 11 ; Rank-Y: 2 ; Rowstart: 11462; Rowend: 12501; Rows: 1039; Colstart: 6250; Colend: 9376; Cols: 3126;
Num-X: 4 ; Num-Y: 12 ; Resolution: 12500 ; Rank: 47 ; Rank-X: 11 ; Rank-Y: 3 ; Rowstart: 11462; Rowend: 12501; Rows: 1039; Colstart: 9375; Colend: 12501; Cols: 3126;

Resolution: 12500
===================
Execution time: 0.359511
Residual: 5.863330

megaflops:  60846.5
  flop instructions (M):  21875.000
