mpiexec -genv I_MPI_DEBUG=4 -n 48
[0] MPI startup(): Intel(R) MPI Library, Version 2019 Update 8  Build 20200624 (id: 4f16ad915)
[0] MPI startup(): Copyright (C) 2003-2020 Intel Corporation.  All rights reserved.
[0] MPI startup(): library kind: release
[0] MPI startup(): libfabric version: 1.10.1-impi
[0] MPI startup(): libfabric provider: psm2
[0] MPI startup(): Rank    Pid      Node name     Pin cpu
[0] MPI startup(): 0       452427   i01r01c01s01  {0,48}
[0] MPI startup(): 1       452428   i01r01c01s01  {1,49}
[0] MPI startup(): 2       452429   i01r01c01s01  {2,50}
[0] MPI startup(): 3       452430   i01r01c01s01  {3,51}
[0] MPI startup(): 4       452431   i01r01c01s01  {4,52}
[0] MPI startup(): 5       452432   i01r01c01s01  {5,53}
[0] MPI startup(): 6       452433   i01r01c01s01  {6,54}
[0] MPI startup(): 7       452434   i01r01c01s01  {7,55}
[0] MPI startup(): 8       452435   i01r01c01s01  {8,56}
[0] MPI startup(): 9       452436   i01r01c01s01  {9,57}
[0] MPI startup(): 10      452437   i01r01c01s01  {10,58}
[0] MPI startup(): 11      452438   i01r01c01s01  {11,59}
[0] MPI startup(): 12      452439   i01r01c01s01  {12,60}
[0] MPI startup(): 13      452440   i01r01c01s01  {13,61}
[0] MPI startup(): 14      452441   i01r01c01s01  {14,62}
[0] MPI startup(): 15      452442   i01r01c01s01  {15,63}
[0] MPI startup(): 16      452443   i01r01c01s01  {16,64}
[0] MPI startup(): 17      452444   i01r01c01s01  {17,65}
[0] MPI startup(): 18      452445   i01r01c01s01  {18,66}
[0] MPI startup(): 19      452446   i01r01c01s01  {19,67}
[0] MPI startup(): 20      452447   i01r01c01s01  {20,68}
[0] MPI startup(): 21      452448   i01r01c01s01  {21,69}
[0] MPI startup(): 22      452449   i01r01c01s01  {22,70}
[0] MPI startup(): 23      452450   i01r01c01s01  {23,71}
[0] MPI startup(): 24      452451   i01r01c01s01  {24,72}
[0] MPI startup(): 25      452452   i01r01c01s01  {25,73}
[0] MPI startup(): 26      452453   i01r01c01s01  {26,74}
[0] MPI startup(): 27      452454   i01r01c01s01  {27,75}
[0] MPI startup(): 28      452455   i01r01c01s01  {28,76}
[0] MPI startup(): 29      452456   i01r01c01s01  {29,77}
[0] MPI startup(): 30      452457   i01r01c01s01  {30,78}
[0] MPI startup(): 31      452458   i01r01c01s01  {31,79}
[0] MPI startup(): 32      452459   i01r01c01s01  {32,80}
[0] MPI startup(): 33      452460   i01r01c01s01  {33,81}
[0] MPI startup(): 34      452461   i01r01c01s01  {34,82}
[0] MPI startup(): 35      452462   i01r01c01s01  {35,83}
[0] MPI startup(): 36      452463   i01r01c01s01  {36,84}
[0] MPI startup(): 37      452464   i01r01c01s01  {37,85}
[0] MPI startup(): 38      452465   i01r01c01s01  {38,86}
[0] MPI startup(): 39      452466   i01r01c01s01  {39,87}
[0] MPI startup(): 40      452467   i01r01c01s01  {40,88}
[0] MPI startup(): 41      452468   i01r01c01s01  {41,89}
[0] MPI startup(): 42      452469   i01r01c01s01  {42,90}
[0] MPI startup(): 43      452470   i01r01c01s01  {43,91}
[0] MPI startup(): 44      452471   i01r01c01s01  {44,92}
[0] MPI startup(): 45      452472   i01r01c01s01  {45,93}
[0] MPI startup(): 46      452473   i01r01c01s01  {46,94}
[0] MPI startup(): 47      452474   i01r01c01s01  {47,95}

16 processes distributed in X-direction
 3 ; processes distributed in Y-direction
Resolutions       : (6500, 7500, ... 12500)
Iterations        : 20
Num. Heat sources : 2
   1: (0.00, 0.00) 1.00 1.00 
   2: (1.00, 1.00) 1.00 0.50 
rank= 0 coords= 0 0 neighbours(up,down,left,right)= -1 3 -1 1
rank= 4 coords= 1 1 neighbours(up,down,left,right)= 1 7 3 5
rank= 1 coords= 0 1 neighbours(up,down,left,right)= -1 4 0 2
rank= 2 coords= 0 2 neighbours(up,down,left,right)= -1 5 1 -1
rank= 3 coords= 1 0 neighbours(up,down,left,right)= 0 6 -1 4
rank= 5 coords= 1 2 neighbours(up,down,left,right)= 2 8 4 -1
rank= 6 coords= 2 0 neighbours(up,down,left,right)= 3 9 -1 7
rank= 7 coords= 2 1 neighbours(up,down,left,right)= 4 10 6 8
rank= 8 coords= 2 2 neighbours(up,down,left,right)= 5 11 7 -1
rank= 9 coords= 3 0 neighbours(up,down,left,right)= 6 12 -1 10
rank= 10 coords= 3 1 neighbours(up,down,left,right)= 7 13 9 11
rank= 11 coords= 3 2 neighbours(up,down,left,right)= 8 14 10 -1
rank= 12 coords= 4 0 neighbours(up,down,left,right)= 9 15 -1 13
rank= 13 coords= 4 1 neighbours(up,down,left,right)= 10 16 12 14
rank= 14 coords= 4 2 neighbours(up,down,left,right)= 11 17 13 -1
rank= 15 coords= 5 0 neighbours(up,down,left,right)= 12 18 -1 16
rank= 16 coords= 5 1 neighbours(up,down,left,right)= 13 19 15 17
rank= 17 coords= 5 2 neighbours(up,down,left,right)= 14 20 16 -1
rank= 18 coords= 6 0 neighbours(up,down,left,right)= 15 21 -1 19
rank= 19 coords= 6 1 neighbours(up,down,left,right)= 16 22 18 20
rank= 20 coords= 6 2 neighbours(up,down,left,right)= 17 23 19 -1
rank= 21 coords= 7 0 neighbours(up,down,left,right)= 18 24 -1 22
rank= 22 coords= 7 1 neighbours(up,down,left,right)= 19 25 21 23
rank= 23 coords= 7 2 neighbours(up,down,left,right)= 20 26 22 -1
rank= 24 coords= 8 0 neighbours(up,down,left,right)= 21 27 -1 25
rank= 25 coords= 8 1 neighbours(up,down,left,right)= 22 28 24 26
rank= 26 coords= 8 2 neighbours(up,down,left,right)= 23 29 25 -1
rank= 27 coords= 9 0 neighbours(up,down,left,right)= 24 30 -1 28
rank= 28 coords= 9 1 neighbours(up,down,left,right)= 25 31 27 29
rank= 30 coords= 10 0 neighbours(up,down,left,right)= 27 33 -1 31
rank= 32 coords= 10 2 neighbours(up,down,left,right)= 29 35 31 -1
rank= 33 coords= 11 0 neighbours(up,down,left,right)= 30 36 -1 34
rank= 34 coords= 11 1 neighbours(up,down,left,right)= 31 37 33 35
rank= 35 coords= 11 2 neighbours(up,down,left,right)= 32 38 34 -1
rank= 36 coords= 12 0 neighbours(up,down,left,right)= 33 39 -1 37
rank= 37 coords= 12 1 neighbours(up,down,left,right)= 34 40 36 38
rank= 38 coords= 12 2 neighbours(up,down,left,right)= 35 41 37 -1
rank= 39 coords= 13 0 neighbours(up,down,left,right)= 36 42 -1 40
rank= 40 coords= 13 1 neighbours(up,down,left,right)= 37 43 39 41
rank= 41 coords= 13 2 neighbours(up,down,left,right)= 38 44 40 -1
rank= 42 coords= 14 0 neighbours(up,down,left,right)= 39 45 -1 43
rank= 43 coords= 14 1 neighbours(up,down,left,right)= 40 46 42 44
rank= 44 coords= 14 2 neighbours(up,down,left,right)= 41 47 43 -1
rank= 45 coords= 15 0 neighbours(up,down,left,right)= 42 -1 -1 46
rank= 46 coords= 15 1 neighbours(up,down,left,right)= 43 -1 45 47
rank= 47 coords= 15 2 neighbours(up,down,left,right)= 44 -1 46 -1
rank= 29 coords= 9 2 neighbours(up,down,left,right)= 26 32 28 -1
rank= 31 coords= 10 1 neighbours(up,down,left,right)= 28 34 30 32

Num-X: 3 ; Num-Y: 16 ; Resolution: 6500 ; Rank: 45 ; Rank-X: 15 ; Rank-Y: 0 ; Rowstart: 6105; Rowend: 6501; Rows: 396; Colstart: 0; Colend: 2168; Cols: 2168;
Num-X: 3 ; Num-Y: 16 ; Resolution: 6500 ; Rank: 47 ; Rank-X: 15 ; Rank-Y: 2 ; Rowstart: 6105; Rowend: 6501; Rows: 396; Colstart: 4334; Colend: 6501; Cols: 2167;
Num-X: 3 ; Num-Y: 16 ; Resolution: 6500 ; Rank: 1 ; Rank-X: 0 ; Rank-Y: 1 ; Rowstart: 0; Rowend: 408; Rows: 408; Colstart: 2167; Colend: 4335; Cols: 2168;
Num-X: 3 ; Num-Y: 16 ; Resolution: 6500 ; Rank: 3 ; Rank-X: 1 ; Rank-Y: 0 ; Rowstart: 407; Rowend: 815; Rows: 408; Colstart: 0; Colend: 2168; Cols: 2168;
Num-X: 3 ; Num-Y: 16 ; Resolution: 6500 ; Rank: 4 ; Rank-X: 1 ; Rank-Y: 1 ; Rowstart: 407; Rowend: 815; Rows: 408; Colstart: 2167; Colend: 4335; Cols: 2168;
Num-X: 3 ; Num-Y: 16 ; Resolution: 6500 ; Rank: 5 ; Rank-X: 1 ; Rank-Y: 2 ; Rowstart: 407; Rowend: 815; Rows: 408; Colstart: 4334; Colend: 6501; Cols: 2167;
Num-X: 3 ; Num-Y: 16 ; Resolution: 6500 ; Rank: 6 ; Rank-X: 2 ; Rank-Y: 0 ; Rowstart: 814; Rowend: 1222; Rows: 408; Colstart: 0; Colend: 2168; Cols: 2168;
Num-X: 3 ; Num-Y: 16 ; Resolution: 6500 ; Rank: 8 ; Rank-X: 2 ; Rank-Y: 2 ; Rowstart: 814; Rowend: 1222; Rows: 408; Colstart: 4334; Colend: 6501; Cols: 2167;
Num-X: 3 ; Num-Y: 16 ; Resolution: 6500 ; Rank: 9 ; Rank-X: 3 ; Rank-Y: 0 ; Rowstart: 1221; Rowend: 1629; Rows: 408; Colstart: 0; Colend: 2168; Cols: 2168;
Num-X: 3 ; Num-Y: 16 ; Resolution: 6500 ; Rank: 12 ; Rank-X: 4 ; Rank-Y: 0 ; Rowstart: 1628; Rowend: 2036; Rows: 408; Colstart: 0; Colend: 2168; Cols: 2168;
Num-X: 3 ; Num-Y: 16 ; Resolution: 6500 ; Rank: 14 ; Rank-X: 4 ; Rank-Y: 2 ; Rowstart: 1628; Rowend: 2036; Rows: 408; Colstart: 4334; Colend: 6501; Cols: 2167;
Num-X: 3 ; Num-Y: 16 ; Resolution: 6500 ; Rank: 22 ; Rank-X: 7 ; Rank-Y: 1 ; Rowstart: 2849; Rowend: 3257; Rows: 408; Colstart: 2167; Colend: 4335; Cols: 2168;
Num-X: 3 ; Num-Y: 16 ; Resolution: 6500 ; Rank: 28 ; Rank-X: 9 ; Rank-Y: 1 ; Rowstart: 3663; Rowend: 4071; Rows: 408; Colstart: 2167; Colend: 4335; Cols: 2168;
Num-X: 3 ; Num-Y: 16 ; Resolution: 6500 ; Rank: 30 ; Rank-X: 10 ; Rank-Y: 0 ; Rowstart: 4070; Rowend: 4478; Rows: 408; Colstart: 0; Colend: 2168; Cols: 2168;
Num-X: 3 ; Num-Y: 16 ; Resolution: 6500 ; Rank: 31 ; Rank-X: 10 ; Rank-Y: 1 ; Rowstart: 4070; Rowend: 4478; Rows: 408; Colstart: 2167; Colend: 4335; Cols: 2168;
Num-X: 3 ; Num-Y: 16 ; Resolution: 6500 ; Rank: 32 ; Rank-X: 10 ; Rank-Y: 2 ; Rowstart: 4070; Rowend: 4478; Rows: 408; Colstart: 4334; Colend: 6501; Cols: 2167;
Num-X: 3 ; Num-Y: 16 ; Resolution: 6500 ; Rank: 34 ; Rank-X: 11 ; Rank-Y: 1 ; Rowstart: 4477; Rowend: 4885; Rows: 408; Colstart: 2167; Colend: 4335; Cols: 2168;
Num-X: 3 ; Num-Y: 16 ; Resolution: 6500 ; Rank: 35 ; Rank-X: 11 ; Rank-Y: 2 ; Rowstart: 4477; Rowend: 4885; Rows: 408; Colstart: 4334; Colend: 6501; Cols: 2167;
Num-X: 3 ; Num-Y: 16 ; Resolution: 6500 ; Rank: 37 ; Rank-X: 12 ; Rank-Y: 1 ; Rowstart: 4884; Rowend: 5292; Rows: 408; Colstart: 2167; Colend: 4335; Cols: 2168;
Num-X: 3 ; Num-Y: 16 ; Resolution: 6500 ; Rank: 38 ; Rank-X: 12 ; Rank-Y: 2 ; Rowstart: 4884; Rowend: 5292; Rows: 408; Colstart: 4334; Colend: 6501; Cols: 2167;
Num-X: 3 ; Num-Y: 16 ; Resolution: 6500 ; Rank: 40 ; Rank-X: 13 ; Rank-Y: 1 ; Rowstart: 5291; Rowend: 5699; Rows: 408; Colstart: 2167; Colend: 4335; Cols: 2168;
Num-X: 3 ; Num-Y: 16 ; Resolution: 6500 ; Rank: 41 ; Rank-X: 13 ; Rank-Y: 2 ; Rowstart: 5291; Rowend: 5699; Rows: 408; Colstart: 4334; Colend: 6501; Cols: 2167;
Num-X: 3 ; Num-Y: 16 ; Resolution: 6500 ; Rank: 43 ; Rank-X: 14 ; Rank-Y: 1 ; Rowstart: 5698; Rowend: 6106; Rows: 408; Colstart: 2167; Colend: 4335; Cols: 2168;
Num-X: 3 ; Num-Y: 16 ; Resolution: 6500 ; Rank: 44 ; Rank-X: 14 ; Rank-Y: 2 ; Rowstart: 5698; Rowend: 6106; Rows: 408; Colstart: 4334; Colend: 6501; Cols: 2167;
Num-X: 3 ; Num-Y: 16 ; Resolution: 6500 ; Rank: 46 ; Rank-X: 15 ; Rank-Y: 1 ; Rowstart: 6105; Rowend: 6501; Rows: 396; Colstart: 2167; Colend: 4335; Cols: 2168;
Num-X: 3 ; Num-Y: 16 ; Resolution: 6500 ; Rank: 0 ; Rank-X: 0 ; Rank-Y: 0 ; Rowstart: 0; Rowend: 408; Rows: 408; Colstart: 0; Colend: 2168; Cols: 2168;
Num-X: 3 ; Num-Y: 16 ; Resolution: 6500 ; Rank: 2 ; Rank-X: 0 ; Rank-Y: 2 ; Rowstart: 0; Rowend: 408; Rows: 408; Colstart: 4334; Colend: 6501; Cols: 2167;
Num-X: 3 ; Num-Y: 16 ; Resolution: 6500 ; Rank: 7 ; Rank-X: 2 ; Rank-Y: 1 ; Rowstart: 814; Rowend: 1222; Rows: 408; Colstart: 2167; Colend: 4335; Cols: 2168;
Num-X: 3 ; Num-Y: 16 ; Resolution: 6500 ; Rank: 10 ; Rank-X: 3 ; Rank-Y: 1 ; Rowstart: 1221; Rowend: 1629; Rows: 408; Colstart: 2167; Colend: 4335; Cols: 2168;
Num-X: 3 ; Num-Y: 16 ; Resolution: 6500 ; Rank: 11 ; Rank-X: 3 ; Rank-Y: 2 ; Rowstart: 1221; Rowend: 1629; Rows: 408; Colstart: 4334; Colend: 6501; Cols: 2167;
Num-X: 3 ; Num-Y: 16 ; Resolution: 6500 ; Rank: 13 ; Rank-X: 4 ; Rank-Y: 1 ; Rowstart: 1628; Rowend: 2036; Rows: 408; Colstart: 2167; Colend: 4335; Cols: 2168;
Num-X: 3 ; Num-Y: 16 ; Resolution: 6500 ; Rank: 15 ; Rank-X: 5 ; Rank-Y: 0 ; Rowstart: 2035; Rowend: 2443; Rows: 408; Colstart: 0; Colend: 2168; Cols: 2168;
Num-X: 3 ; Num-Y: 16 ; Resolution: 6500 ; Rank: 16 ; Rank-X: 5 ; Rank-Y: 1 ; Rowstart: 2035; Rowend: 2443; Rows: 408; Colstart: 2167; Colend: 4335; Cols: 2168;
Num-X: 3 ; Num-Y: 16 ; Resolution: 6500 ; Rank: 17 ; Rank-X: 5 ; Rank-Y: 2 ; Rowstart: 2035; Rowend: 2443; Rows: 408; Colstart: 4334; Colend: 6501; Cols: 2167;
Num-X: 3 ; Num-Y: 16 ; Resolution: 6500 ; Rank: 18 ; Rank-X: 6 ; Rank-Y: 0 ; Rowstart: 2442; Rowend: 2850; Rows: 408; Colstart: 0; Colend: 2168; Cols: 2168;
Num-X: 3 ; Num-Y: 16 ; Resolution: 6500 ; Rank: 19 ; Rank-X: 6 ; Rank-Y: 1 ; Rowstart: 2442; Rowend: 2850; Rows: 408; Colstart: 2167; Colend: 4335; Cols: 2168;
Num-X: 3 ; Num-Y: 16 ; Resolution: 6500 ; Rank: 20 ; Rank-X: 6 ; Rank-Y: 2 ; Rowstart: 2442; Rowend: 2850; Rows: 408; Colstart: 4334; Colend: 6501; Cols: 2167;
Num-X: 3 ; Num-Y: 16 ; Resolution: 6500 ; Rank: 21 ; Rank-X: 7 ; Rank-Y: 0 ; Rowstart: 2849; Rowend: 3257; Rows: 408; Colstart: 0; Colend: 2168; Cols: 2168;
Num-X: 3 ; Num-Y: 16 ; Resolution: 6500 ; Rank: 23 ; Rank-X: 7 ; Rank-Y: 2 ; Rowstart: 2849; Rowend: 3257; Rows: 408; Colstart: 4334; Colend: 6501; Cols: 2167;
Num-X: 3 ; Num-Y: 16 ; Resolution: 6500 ; Rank: 24 ; Rank-X: 8 ; Rank-Y: 0 ; Rowstart: 3256; Rowend: 3664; Rows: 408; Colstart: 0; Colend: 2168; Cols: 2168;
Num-X: 3 ; Num-Y: 16 ; Resolution: 6500 ; Rank: 25 ; Rank-X: 8 ; Rank-Y: 1 ; Rowstart: 3256; Rowend: 3664; Rows: 408; Colstart: 2167; Colend: 4335; Cols: 2168;
Num-X: 3 ; Num-Y: 16 ; Resolution: 6500 ; Rank: 26 ; Rank-X: 8 ; Rank-Y: 2 ; Rowstart: 3256; Rowend: 3664; Rows: 408; Colstart: 4334; Colend: 6501; Cols: 2167;
Num-X: 3 ; Num-Y: 16 ; Resolution: 6500 ; Rank: 27 ; Rank-X: 9 ; Rank-Y: 0 ; Rowstart: 3663; Rowend: 4071; Rows: 408; Colstart: 0; Colend: 2168; Cols: 2168;
Num-X: 3 ; Num-Y: 16 ; Resolution: 6500 ; Rank: 29 ; Rank-X: 9 ; Rank-Y: 2 ; Rowstart: 3663; Rowend: 4071; Rows: 408; Colstart: 4334; Colend: 6501; Cols: 2167;
Num-X: 3 ; Num-Y: 16 ; Resolution: 6500 ; Rank: 33 ; Rank-X: 11 ; Rank-Y: 0 ; Rowstart: 4477; Rowend: 4885; Rows: 408; Colstart: 0; Colend: 2168; Cols: 2168;
Num-X: 3 ; Num-Y: 16 ; Resolution: 6500 ; Rank: 36 ; Rank-X: 12 ; Rank-Y: 0 ; Rowstart: 4884; Rowend: 5292; Rows: 408; Colstart: 0; Colend: 2168; Cols: 2168;
Num-X: 3 ; Num-Y: 16 ; Resolution: 6500 ; Rank: 39 ; Rank-X: 13 ; Rank-Y: 0 ; Rowstart: 5291; Rowend: 5699; Rows: 408; Colstart: 0; Colend: 2168; Cols: 2168;
Num-X: 3 ; Num-Y: 16 ; Resolution: 6500 ; Rank: 42 ; Rank-X: 14 ; Rank-Y: 0 ; Rowstart: 5698; Rowend: 6106; Rows: 408; Colstart: 0; Colend: 2168; Cols: 2168;

Resolution: 6500
===================
Execution time: 0.093876
Residual: 3.049154

megaflops:  63008.6
  flop instructions (M):  5915.000

Num-X: 3 ; Num-Y: 16 ; Resolution: 7500 ; Rank: 22 ; Rank-X: 7 ; Rank-Y: 1 ; Rowstart: 3283; Rowend: 3753; Rows: 470; Colstart: 2500; Colend: 5001; Cols: 2501;
Num-X: 3 ; Num-Y: 16 ; Resolution: 7500 ; Rank: 26 ; Rank-X: 8 ; Rank-Y: 2 ; Rowstart: 3752; Rowend: 4222; Rows: 470; Colstart: 5000; Colend: 7501; Cols: 2501;
Num-X: 3 ; Num-Y: 16 ; Resolution: 7500 ; Rank: 29 ; Rank-X: 9 ; Rank-Y: 2 ; Rowstart: 4221; Rowend: 4691; Rows: 470; Colstart: 5000; Colend: 7501; Cols: 2501;
Num-X: 3 ; Num-Y: 16 ; Resolution: 7500 ; Rank: 31 ; Rank-X: 10 ; Rank-Y: 1 ; Rowstart: 4690; Rowend: 5160; Rows: 470; Colstart: 2500; Colend: 5001; Cols: 2501;
Num-X: 3 ; Num-Y: 16 ; Resolution: 7500 ; Rank: 32 ; Rank-X: 10 ; Rank-Y: 2 ; Rowstart: 4690; Rowend: 5160; Rows: 470; Colstart: 5000; Colend: 7501; Cols: 2501;
Num-X: 3 ; Num-Y: 16 ; Resolution: 7500 ; Rank: 33 ; Rank-X: 11 ; Rank-Y: 0 ; Rowstart: 5159; Rowend: 5629; Rows: 470; Colstart: 0; Colend: 2501; Cols: 2501;
Num-X: 3 ; Num-Y: 16 ; Resolution: 7500 ; Rank: 34 ; Rank-X: 11 ; Rank-Y: 1 ; Rowstart: 5159; Rowend: 5629; Rows: 470; Colstart: 2500; Colend: 5001; Cols: 2501;
Num-X: 3 ; Num-Y: 16 ; Resolution: 7500 ; Rank: 39 ; Rank-X: 13 ; Rank-Y: 0 ; Rowstart: 6097; Rowend: 6567; Rows: 470; Colstart: 0; Colend: 2501; Cols: 2501;
Num-X: 3 ; Num-Y: 16 ; Resolution: 7500 ; Rank: 41 ; Rank-X: 13 ; Rank-Y: 2 ; Rowstart: 6097; Rowend: 6567; Rows: 470; Colstart: 5000; Colend: 7501; Cols: 2501;
Num-X: 3 ; Num-Y: 16 ; Resolution: 7500 ; Rank: 42 ; Rank-X: 14 ; Rank-Y: 0 ; Rowstart: 6566; Rowend: 7036; Rows: 470; Colstart: 0; Colend: 2501; Cols: 2501;
Num-X: 3 ; Num-Y: 16 ; Resolution: 7500 ; Rank: 43 ; Rank-X: 14 ; Rank-Y: 1 ; Rowstart: 6566; Rowend: 7036; Rows: 470; Colstart: 2500; Colend: 5001; Cols: 2501;
Num-X: 3 ; Num-Y: 16 ; Resolution: 7500 ; Rank: 44 ; Rank-X: 14 ; Rank-Y: 2 ; Rowstart: 6566; Rowend: 7036; Rows: 470; Colstart: 5000; Colend: 7501; Cols: 2501;
Num-X: 3 ; Num-Y: 16 ; Resolution: 7500 ; Rank: 45 ; Rank-X: 15 ; Rank-Y: 0 ; Rowstart: 7035; Rowend: 7501; Rows: 466; Colstart: 0; Colend: 2501; Cols: 2501;
Num-X: 3 ; Num-Y: 16 ; Resolution: 7500 ; Rank: 46 ; Rank-X: 15 ; Rank-Y: 1 ; Rowstart: 7035; Rowend: 7501; Rows: 466; Colstart: 2500; Colend: 5001; Cols: 2501;
Num-X: 3 ; Num-Y: 16 ; Resolution: 7500 ; Rank: 0 ; Rank-X: 0 ; Rank-Y: 0 ; Rowstart: 0; Rowend: 470; Rows: 470; Colstart: 0; Colend: 2501; Cols: 2501;
Num-X: 3 ; Num-Y: 16 ; Resolution: 7500 ; Rank: 1 ; Rank-X: 0 ; Rank-Y: 1 ; Rowstart: 0; Rowend: 470; Rows: 470; Colstart: 2500; Colend: 5001; Cols: 2501;
Num-X: 3 ; Num-Y: 16 ; Resolution: 7500 ; Rank: 2 ; Rank-X: 0 ; Rank-Y: 2 ; Rowstart: 0; Rowend: 470; Rows: 470; Colstart: 5000; Colend: 7501; Cols: 2501;
Num-X: 3 ; Num-Y: 16 ; Resolution: 7500 ; Rank: 3 ; Rank-X: 1 ; Rank-Y: 0 ; Rowstart: 469; Rowend: 939; Rows: 470; Colstart: 0; Colend: 2501; Cols: 2501;
Num-X: 3 ; Num-Y: 16 ; Resolution: 7500 ; Rank: 4 ; Rank-X: 1 ; Rank-Y: 1 ; Rowstart: 469; Rowend: 939; Rows: 470; Colstart: 2500; Colend: 5001; Cols: 2501;
Num-X: 3 ; Num-Y: 16 ; Resolution: 7500 ; Rank: 5 ; Rank-X: 1 ; Rank-Y: 2 ; Rowstart: 469; Rowend: 939; Rows: 470; Colstart: 5000; Colend: 7501; Cols: 2501;
Num-X: 3 ; Num-Y: 16 ; Resolution: 7500 ; Rank: 6 ; Rank-X: 2 ; Rank-Y: 0 ; Rowstart: 938; Rowend: 1408; Rows: 470; Colstart: 0; Colend: 2501; Cols: 2501;
Num-X: 3 ; Num-Y: 16 ; Resolution: 7500 ; Rank: 7 ; Rank-X: 2 ; Rank-Y: 1 ; Rowstart: 938; Rowend: 1408; Rows: 470; Colstart: 2500; Colend: 5001; Cols: 2501;
Num-X: 3 ; Num-Y: 16 ; Resolution: 7500 ; Rank: 8 ; Rank-X: 2 ; Rank-Y: 2 ; Rowstart: 938; Rowend: 1408; Rows: 470; Colstart: 5000; Colend: 7501; Cols: 2501;
Num-X: 3 ; Num-Y: 16 ; Resolution: 7500 ; Rank: 9 ; Rank-X: 3 ; Rank-Y: 0 ; Rowstart: 1407; Rowend: 1877; Rows: 470; Colstart: 0; Colend: 2501; Cols: 2501;
Num-X: 3 ; Num-Y: 16 ; Resolution: 7500 ; Rank: 10 ; Rank-X: 3 ; Rank-Y: 1 ; Rowstart: 1407; Rowend: 1877; Rows: 470; Colstart: 2500; Colend: 5001; Cols: 2501;
Num-X: 3 ; Num-Y: 16 ; Resolution: 7500 ; Rank: 11 ; Rank-X: 3 ; Rank-Y: 2 ; Rowstart: 1407; Rowend: 1877; Rows: 470; Colstart: 5000; Colend: 7501; Cols: 2501;
Num-X: 3 ; Num-Y: 16 ; Resolution: 7500 ; Rank: 12 ; Rank-X: 4 ; Rank-Y: 0 ; Rowstart: 1876; Rowend: 2346; Rows: 470; Colstart: 0; Colend: 2501; Cols: 2501;
Num-X: 3 ; Num-Y: 16 ; Resolution: 7500 ; Rank: 13 ; Rank-X: 4 ; Rank-Y: 1 ; Rowstart: 1876; Rowend: 2346; Rows: 470; Colstart: 2500; Colend: 5001; Cols: 2501;
Num-X: 3 ; Num-Y: 16 ; Resolution: 7500 ; Rank: 14 ; Rank-X: 4 ; Rank-Y: 2 ; Rowstart: 1876; Rowend: 2346; Rows: 470; Colstart: 5000; Colend: 7501; Cols: 2501;
Num-X: 3 ; Num-Y: 16 ; Resolution: 7500 ; Rank: 15 ; Rank-X: 5 ; Rank-Y: 0 ; Rowstart: 2345; Rowend: 2815; Rows: 470; Colstart: 0; Colend: 2501; Cols: 2501;
Num-X: 3 ; Num-Y: 16 ; Resolution: 7500 ; Rank: 16 ; Rank-X: 5 ; Rank-Y: 1 ; Rowstart: 2345; Rowend: 2815; Rows: 470; Colstart: 2500; Colend: 5001; Cols: 2501;
Num-X: 3 ; Num-Y: 16 ; Resolution: 7500 ; Rank: 17 ; Rank-X: 5 ; Rank-Y: 2 ; Rowstart: 2345; Rowend: 2815; Rows: 470; Colstart: 5000; Colend: 7501; Cols: 2501;
Num-X: 3 ; Num-Y: 16 ; Resolution: 7500 ; Rank: 18 ; Rank-X: 6 ; Rank-Y: 0 ; Rowstart: 2814; Rowend: 3284; Rows: 470; Colstart: 0; Colend: 2501; Cols: 2501;
Num-X: 3 ; Num-Y: 16 ; Resolution: 7500 ; Rank: 19 ; Rank-X: 6 ; Rank-Y: 1 ; Rowstart: 2814; Rowend: 3284; Rows: 470; Colstart: 2500; Colend: 5001; Cols: 2501;
Num-X: 3 ; Num-Y: 16 ; Resolution: 7500 ; Rank: 20 ; Rank-X: 6 ; Rank-Y: 2 ; Rowstart: 2814; Rowend: 3284; Rows: 470; Colstart: 5000; Colend: 7501; Cols: 2501;
Num-X: 3 ; Num-Y: 16 ; Resolution: 7500 ; Rank: 21 ; Rank-X: 7 ; Rank-Y: 0 ; Rowstart: 3283; Rowend: 3753; Rows: 470; Colstart: 0; Colend: 2501; Cols: 2501;
Num-X: 3 ; Num-Y: 16 ; Resolution: 7500 ; Rank: 23 ; Rank-X: 7 ; Rank-Y: 2 ; Rowstart: 3283; Rowend: 3753; Rows: 470; Colstart: 5000; Colend: 7501; Cols: 2501;
Num-X: 3 ; Num-Y: 16 ; Resolution: 7500 ; Rank: 24 ; Rank-X: 8 ; Rank-Y: 0 ; Rowstart: 3752; Rowend: 4222; Rows: 470; Colstart: 0; Colend: 2501; Cols: 2501;
Num-X: 3 ; Num-Y: 16 ; Resolution: 7500 ; Rank: 25 ; Rank-X: 8 ; Rank-Y: 1 ; Rowstart: 3752; Rowend: 4222; Rows: 470; Colstart: 2500; Colend: 5001; Cols: 2501;
Num-X: 3 ; Num-Y: 16 ; Resolution: 7500 ; Rank: 27 ; Rank-X: 9 ; Rank-Y: 0 ; Rowstart: 4221; Rowend: 4691; Rows: 470; Colstart: 0; Colend: 2501; Cols: 2501;
Num-X: 3 ; Num-Y: 16 ; Resolution: 7500 ; Rank: 28 ; Rank-X: 9 ; Rank-Y: 1 ; Rowstart: 4221; Rowend: 4691; Rows: 470; Colstart: 2500; Colend: 5001; Cols: 2501;
Num-X: 3 ; Num-Y: 16 ; Resolution: 7500 ; Rank: 30 ; Rank-X: 10 ; Rank-Y: 0 ; Rowstart: 4690; Rowend: 5160; Rows: 470; Colstart: 0; Colend: 2501; Cols: 2501;
Num-X: 3 ; Num-Y: 16 ; Resolution: 7500 ; Rank: 35 ; Rank-X: 11 ; Rank-Y: 2 ; Rowstart: 5159; Rowend: 5629; Rows: 470; Colstart: 5000; Colend: 7501; Cols: 2501;
Num-X: 3 ; Num-Y: 16 ; Resolution: 7500 ; Rank: 36 ; Rank-X: 12 ; Rank-Y: 0 ; Rowstart: 5628; Rowend: 6098; Rows: 470; Colstart: 0; Colend: 2501; Cols: 2501;
Num-X: 3 ; Num-Y: 16 ; Resolution: 7500 ; Rank: 37 ; Rank-X: 12 ; Rank-Y: 1 ; Rowstart: 5628; Rowend: 6098; Rows: 470; Colstart: 2500; Colend: 5001; Cols: 2501;
Num-X: 3 ; Num-Y: 16 ; Resolution: 7500 ; Rank: 38 ; Rank-X: 12 ; Rank-Y: 2 ; Rowstart: 5628; Rowend: 6098; Rows: 470; Colstart: 5000; Colend: 7501; Cols: 2501;
Num-X: 3 ; Num-Y: 16 ; Resolution: 7500 ; Rank: 40 ; Rank-X: 13 ; Rank-Y: 1 ; Rowstart: 6097; Rowend: 6567; Rows: 470; Colstart: 2500; Colend: 5001; Cols: 2501;
Num-X: 3 ; Num-Y: 16 ; Resolution: 7500 ; Rank: 47 ; Rank-X: 15 ; Rank-Y: 2 ; Rowstart: 7035; Rowend: 7501; Rows: 466; Colstart: 5000; Colend: 7501; Cols: 2501;

Resolution: 7500
===================
Execution time: 0.128708
Residual: 3.518183

megaflops:  61184.9
  flop instructions (M):  7875.000

Num-X: 3 ; Num-Y: 16 ; Resolution: 8500 ; Rank: 47 ; Rank-X: 15 ; Rank-Y: 2 ; Rowstart: 7980; Rowend: 8501; Rows: 521; Colstart: 5668; Colend: 8501; Cols: 2833;
Num-X: 3 ; Num-Y: 16 ; Resolution: 8500 ; Rank: 4 ; Rank-X: 1 ; Rank-Y: 1 ; Rowstart: 532; Rowend: 1065; Rows: 533; Colstart: 2834; Colend: 5669; Cols: 2835;
Num-X: 3 ; Num-Y: 16 ; Resolution: 8500 ; Rank: 14 ; Rank-X: 4 ; Rank-Y: 2 ; Rowstart: 2128; Rowend: 2661; Rows: 533; Colstart: 5668; Colend: 8501; Cols: 2833;
Num-X: 3 ; Num-Y: 16 ; Resolution: 8500 ; Rank: 17 ; Rank-X: 5 ; Rank-Y: 2 ; Rowstart: 2660; Rowend: 3193; Rows: 533; Colstart: 5668; Colend: 8501; Cols: 2833;
Num-X: 3 ; Num-Y: 16 ; Resolution: 8500 ; Rank: 21 ; Rank-X: 7 ; Rank-Y: 0 ; Rowstart: 3724; Rowend: 4257; Rows: 533; Colstart: 0; Colend: 2835; Cols: 2835;
Num-X: 3 ; Num-Y: 16 ; Resolution: 8500 ; Rank: 22 ; Rank-X: 7 ; Rank-Y: 1 ; Rowstart: 3724; Rowend: 4257; Rows: 533; Colstart: 2834; Colend: 5669; Cols: 2835;
Num-X: 3 ; Num-Y: 16 ; Resolution: 8500 ; Rank: 26 ; Rank-X: 8 ; Rank-Y: 2 ; Rowstart: 4256; Rowend: 4789; Rows: 533; Colstart: 5668; Colend: 8501; Cols: 2833;
Num-X: 3 ; Num-Y: 16 ; Resolution: 8500 ; Rank: 29 ; Rank-X: 9 ; Rank-Y: 2 ; Rowstart: 4788; Rowend: 5321; Rows: 533; Colstart: 5668; Colend: 8501; Cols: 2833;
Num-X: 3 ; Num-Y: 16 ; Resolution: 8500 ; Rank: 31 ; Rank-X: 10 ; Rank-Y: 1 ; Rowstart: 5320; Rowend: 5853; Rows: 533; Colstart: 2834; Colend: 5669; Cols: 2835;
Num-X: 3 ; Num-Y: 16 ; Resolution: 8500 ; Rank: 39 ; Rank-X: 13 ; Rank-Y: 0 ; Rowstart: 6916; Rowend: 7449; Rows: 533; Colstart: 0; Colend: 2835; Cols: 2835;
Num-X: 3 ; Num-Y: 16 ; Resolution: 8500 ; Rank: 1 ; Rank-X: 0 ; Rank-Y: 1 ; Rowstart: 0; Rowend: 533; Rows: 533; Colstart: 2834; Colend: 5669; Cols: 2835;
Num-X: 3 ; Num-Y: 16 ; Resolution: 8500 ; Rank: 2 ; Rank-X: 0 ; Rank-Y: 2 ; Rowstart: 0; Rowend: 533; Rows: 533; Colstart: 5668; Colend: 8501; Cols: 2833;
Num-X: 3 ; Num-Y: 16 ; Resolution: 8500 ; Rank: 7 ; Rank-X: 2 ; Rank-Y: 1 ; Rowstart: 1064; Rowend: 1597; Rows: 533; Colstart: 2834; Colend: 5669; Cols: 2835;
Num-X: 3 ; Num-Y: 16 ; Resolution: 8500 ; Rank: 8 ; Rank-X: 2 ; Rank-Y: 2 ; Rowstart: 1064; Rowend: 1597; Rows: 533; Colstart: 5668; Colend: 8501; Cols: 2833;
Num-X: 3 ; Num-Y: 16 ; Resolution: 8500 ; Rank: 9 ; Rank-X: 3 ; Rank-Y: 0 ; Rowstart: 1596; Rowend: 2129; Rows: 533; Colstart: 0; Colend: 2835; Cols: 2835;
Num-X: 3 ; Num-Y: 16 ; Resolution: 8500 ; Rank: 11 ; Rank-X: 3 ; Rank-Y: 2 ; Rowstart: 1596; Rowend: 2129; Rows: 533; Colstart: 5668; Colend: 8501; Cols: 2833;
Num-X: 3 ; Num-Y: 16 ; Resolution: 8500 ; Rank: 12 ; Rank-X: 4 ; Rank-Y: 0 ; Rowstart: 2128; Rowend: 2661; Rows: 533; Colstart: 0; Colend: 2835; Cols: 2835;
Num-X: 3 ; Num-Y: 16 ; Resolution: 8500 ; Rank: 13 ; Rank-X: 4 ; Rank-Y: 1 ; Rowstart: 2128; Rowend: 2661; Rows: 533; Colstart: 2834; Colend: 5669; Cols: 2835;
Num-X: 3 ; Num-Y: 16 ; Resolution: 8500 ; Rank: 15 ; Rank-X: 5 ; Rank-Y: 0 ; Rowstart: 2660; Rowend: 3193; Rows: 533; Colstart: 0; Colend: 2835; Cols: 2835;
Num-X: 3 ; Num-Y: 16 ; Resolution: 8500 ; Rank: 16 ; Rank-X: 5 ; Rank-Y: 1 ; Rowstart: 2660; Rowend: 3193; Rows: 533; Colstart: 2834; Colend: 5669; Cols: 2835;
Num-X: 3 ; Num-Y: 16 ; Resolution: 8500 ; Rank: 20 ; Rank-X: 6 ; Rank-Y: 2 ; Rowstart: 3192; Rowend: 3725; Rows: 533; Colstart: 5668; Colend: 8501; Cols: 2833;
Num-X: 3 ; Num-Y: 16 ; Resolution: 8500 ; Rank: 24 ; Rank-X: 8 ; Rank-Y: 0 ; Rowstart: 4256; Rowend: 4789; Rows: 533; Colstart: 0; Colend: 2835; Cols: 2835;
Num-X: 3 ; Num-Y: 16 ; Resolution: 8500 ; Rank: 25 ; Rank-X: 8 ; Rank-Y: 1 ; Rowstart: 4256; Rowend: 4789; Rows: 533; Colstart: 2834; Colend: 5669; Cols: 2835;
Num-X: 3 ; Num-Y: 16 ; Resolution: 8500 ; Rank: 32 ; Rank-X: 10 ; Rank-Y: 2 ; Rowstart: 5320; Rowend: 5853; Rows: 533; Colstart: 5668; Colend: 8501; Cols: 2833;
Num-X: 3 ; Num-Y: 16 ; Resolution: 8500 ; Rank: 33 ; Rank-X: 11 ; Rank-Y: 0 ; Rowstart: 5852; Rowend: 6385; Rows: 533; Colstart: 0; Colend: 2835; Cols: 2835;
Num-X: 3 ; Num-Y: 16 ; Resolution: 8500 ; Rank: 34 ; Rank-X: 11 ; Rank-Y: 1 ; Rowstart: 5852; Rowend: 6385; Rows: 533; Colstart: 2834; Colend: 5669; Cols: 2835;
Num-X: 3 ; Num-Y: 16 ; Resolution: 8500 ; Rank: 36 ; Rank-X: 12 ; Rank-Y: 0 ; Rowstart: 6384; Rowend: 6917; Rows: 533; Colstart: 0; Colend: 2835; Cols: 2835;
Num-X: 3 ; Num-Y: 16 ; Resolution: 8500 ; Rank: 42 ; Rank-X: 14 ; Rank-Y: 0 ; Rowstart: 7448; Rowend: 7981; Rows: 533; Colstart: 0; Colend: 2835; Cols: 2835;
Num-X: 3 ; Num-Y: 16 ; Resolution: 8500 ; Rank: 43 ; Rank-X: 14 ; Rank-Y: 1 ; Rowstart: 7448; Rowend: 7981; Rows: 533; Colstart: 2834; Colend: 5669; Cols: 2835;
Num-X: 3 ; Num-Y: 16 ; Resolution: 8500 ; Rank: 44 ; Rank-X: 14 ; Rank-Y: 2 ; Rowstart: 7448; Rowend: 7981; Rows: 533; Colstart: 5668; Colend: 8501; Cols: 2833;
Num-X: 3 ; Num-Y: 16 ; Resolution: 8500 ; Rank: 45 ; Rank-X: 15 ; Rank-Y: 0 ; Rowstart: 7980; Rowend: 8501; Rows: 521; Colstart: 0; Colend: 2835; Cols: 2835;
Num-X: 3 ; Num-Y: 16 ; Resolution: 8500 ; Rank: 46 ; Rank-X: 15 ; Rank-Y: 1 ; Rowstart: 7980; Rowend: 8501; Rows: 521; Colstart: 2834; Colend: 5669; Cols: 2835;
Num-X: 3 ; Num-Y: 16 ; Resolution: 8500 ; Rank: 0 ; Rank-X: 0 ; Rank-Y: 0 ; Rowstart: 0; Rowend: 533; Rows: 533; Colstart: 0; Colend: 2835; Cols: 2835;
Num-X: 3 ; Num-Y: 16 ; Resolution: 8500 ; Rank: 3 ; Rank-X: 1 ; Rank-Y: 0 ; Rowstart: 532; Rowend: 1065; Rows: 533; Colstart: 0; Colend: 2835; Cols: 2835;
Num-X: 3 ; Num-Y: 16 ; Resolution: 8500 ; Rank: 5 ; Rank-X: 1 ; Rank-Y: 2 ; Rowstart: 532; Rowend: 1065; Rows: 533; Colstart: 5668; Colend: 8501; Cols: 2833;
Num-X: 3 ; Num-Y: 16 ; Resolution: 8500 ; Rank: 6 ; Rank-X: 2 ; Rank-Y: 0 ; Rowstart: 1064; Rowend: 1597; Rows: 533; Colstart: 0; Colend: 2835; Cols: 2835;
Num-X: 3 ; Num-Y: 16 ; Resolution: 8500 ; Rank: 10 ; Rank-X: 3 ; Rank-Y: 1 ; Rowstart: 1596; Rowend: 2129; Rows: 533; Colstart: 2834; Colend: 5669; Cols: 2835;
Num-X: 3 ; Num-Y: 16 ; Resolution: 8500 ; Rank: 18 ; Rank-X: 6 ; Rank-Y: 0 ; Rowstart: 3192; Rowend: 3725; Rows: 533; Colstart: 0; Colend: 2835; Cols: 2835;
Num-X: 3 ; Num-Y: 16 ; Resolution: 8500 ; Rank: 19 ; Rank-X: 6 ; Rank-Y: 1 ; Rowstart: 3192; Rowend: 3725; Rows: 533; Colstart: 2834; Colend: 5669; Cols: 2835;
Num-X: 3 ; Num-Y: 16 ; Resolution: 8500 ; Rank: 23 ; Rank-X: 7 ; Rank-Y: 2 ; Rowstart: 3724; Rowend: 4257; Rows: 533; Colstart: 5668; Colend: 8501; Cols: 2833;
Num-X: 3 ; Num-Y: 16 ; Resolution: 8500 ; Rank: 27 ; Rank-X: 9 ; Rank-Y: 0 ; Rowstart: 4788; Rowend: 5321; Rows: 533; Colstart: 0; Colend: 2835; Cols: 2835;
Num-X: 3 ; Num-Y: 16 ; Resolution: 8500 ; Rank: 28 ; Rank-X: 9 ; Rank-Y: 1 ; Rowstart: 4788; Rowend: 5321; Rows: 533; Colstart: 2834; Colend: 5669; Cols: 2835;
Num-X: 3 ; Num-Y: 16 ; Resolution: 8500 ; Rank: 30 ; Rank-X: 10 ; Rank-Y: 0 ; Rowstart: 5320; Rowend: 5853; Rows: 533; Colstart: 0; Colend: 2835; Cols: 2835;
Num-X: 3 ; Num-Y: 16 ; Resolution: 8500 ; Rank: 35 ; Rank-X: 11 ; Rank-Y: 2 ; Rowstart: 5852; Rowend: 6385; Rows: 533; Colstart: 5668; Colend: 8501; Cols: 2833;
Num-X: 3 ; Num-Y: 16 ; Resolution: 8500 ; Rank: 37 ; Rank-X: 12 ; Rank-Y: 1 ; Rowstart: 6384; Rowend: 6917; Rows: 533; Colstart: 2834; Colend: 5669; Cols: 2835;
Num-X: 3 ; Num-Y: 16 ; Resolution: 8500 ; Rank: 38 ; Rank-X: 12 ; Rank-Y: 2 ; Rowstart: 6384; Rowend: 6917; Rows: 533; Colstart: 5668; Colend: 8501; Cols: 2833;
Num-X: 3 ; Num-Y: 16 ; Resolution: 8500 ; Rank: 40 ; Rank-X: 13 ; Rank-Y: 1 ; Rowstart: 6916; Rowend: 7449; Rows: 533; Colstart: 2834; Colend: 5669; Cols: 2835;
Num-X: 3 ; Num-Y: 16 ; Resolution: 8500 ; Rank: 41 ; Rank-X: 13 ; Rank-Y: 2 ; Rowstart: 6916; Rowend: 7449; Rows: 533; Colstart: 5668; Colend: 8501; Cols: 2833;

Resolution: 8500
===================
Execution time: 0.165717
Residual: 3.987213

megaflops:  61037.8
  flop instructions (M):  10115.000

Num-X: 3 ; Num-Y: 16 ; Resolution: 9500 ; Rank: 27 ; Rank-X: 9 ; Rank-Y: 0 ; Rowstart: 5346; Rowend: 5941; Rows: 595; Colstart: 0; Colend: 3168; Cols: 3168;
Num-X: 3 ; Num-Y: 16 ; Resolution: 9500 ; Rank: 37 ; Rank-X: 12 ; Rank-Y: 1 ; Rowstart: 7128; Rowend: 7723; Rows: 595; Colstart: 3167; Colend: 6335; Cols: 3168;
Num-X: 3 ; Num-Y: 16 ; Resolution: 9500 ; Rank: 40 ; Rank-X: 13 ; Rank-Y: 1 ; Rowstart: 7722; Rowend: 8317; Rows: 595; Colstart: 3167; Colend: 6335; Cols: 3168;
Num-X: 3 ; Num-Y: 16 ; Resolution: 9500 ; Rank: 3 ; Rank-X: 1 ; Rank-Y: 0 ; Rowstart: 594; Rowend: 1189; Rows: 595; Colstart: 0; Colend: 3168; Cols: 3168;
Num-X: 3 ; Num-Y: 16 ; Resolution: 9500 ; Rank: 5 ; Rank-X: 1 ; Rank-Y: 2 ; Rowstart: 594; Rowend: 1189; Rows: 595; Colstart: 6334; Colend: 9501; Cols: 3167;
Num-X: 3 ; Num-Y: 16 ; Resolution: 9500 ; Rank: 6 ; Rank-X: 2 ; Rank-Y: 0 ; Rowstart: 1188; Rowend: 1783; Rows: 595; Colstart: 0; Colend: 3168; Cols: 3168;
Num-X: 3 ; Num-Y: 16 ; Resolution: 9500 ; Rank: 9 ; Rank-X: 3 ; Rank-Y: 0 ; Rowstart: 1782; Rowend: 2377; Rows: 595; Colstart: 0; Colend: 3168; Cols: 3168;
Num-X: 3 ; Num-Y: 16 ; Resolution: 9500 ; Rank: 10 ; Rank-X: 3 ; Rank-Y: 1 ; Rowstart: 1782; Rowend: 2377; Rows: 595; Colstart: 3167; Colend: 6335; Cols: 3168;
Num-X: 3 ; Num-Y: 16 ; Resolution: 9500 ; Rank: 18 ; Rank-X: 6 ; Rank-Y: 0 ; Rowstart: 3564; Rowend: 4159; Rows: 595; Colstart: 0; Colend: 3168; Cols: 3168;
Num-X: 3 ; Num-Y: 16 ; Resolution: 9500 ; Rank: 19 ; Rank-X: 6 ; Rank-Y: 1 ; Rowstart: 3564; Rowend: 4159; Rows: 595; Colstart: 3167; Colend: 6335; Cols: 3168;
Num-X: 3 ; Num-Y: 16 ; Resolution: 9500 ; Rank: 23 ; Rank-X: 7 ; Rank-Y: 2 ; Rowstart: 4158; Rowend: 4753; Rows: 595; Colstart: 6334; Colend: 9501; Cols: 3167;
Num-X: 3 ; Num-Y: 16 ; Resolution: 9500 ; Rank: 28 ; Rank-X: 9 ; Rank-Y: 1 ; Rowstart: 5346; Rowend: 5941; Rows: 595; Colstart: 3167; Colend: 6335; Cols: 3168;
Num-X: 3 ; Num-Y: 16 ; Resolution: 9500 ; Rank: 30 ; Rank-X: 10 ; Rank-Y: 0 ; Rowstart: 5940; Rowend: 6535; Rows: 595; Colstart: 0; Colend: 3168; Cols: 3168;
Num-X: 3 ; Num-Y: 16 ; Resolution: 9500 ; Rank: 35 ; Rank-X: 11 ; Rank-Y: 2 ; Rowstart: 6534; Rowend: 7129; Rows: 595; Colstart: 6334; Colend: 9501; Cols: 3167;
Num-X: 3 ; Num-Y: 16 ; Resolution: 9500 ; Rank: 38 ; Rank-X: 12 ; Rank-Y: 2 ; Rowstart: 7128; Rowend: 7723; Rows: 595; Colstart: 6334; Colend: 9501; Cols: 3167;
Num-X: 3 ; Num-Y: 16 ; Resolution: 9500 ; Rank: 44 ; Rank-X: 14 ; Rank-Y: 2 ; Rowstart: 8316; Rowend: 8911; Rows: 595; Colstart: 6334; Colend: 9501; Cols: 3167;
Num-X: 3 ; Num-Y: 16 ; Resolution: 9500 ; Rank: 0 ; Rank-X: 0 ; Rank-Y: 0 ; Rowstart: 0; Rowend: 595; Rows: 595; Colstart: 0; Colend: 3168; Cols: 3168;
Num-X: 3 ; Num-Y: 16 ; Resolution: 9500 ; Rank: 1 ; Rank-X: 0 ; Rank-Y: 1 ; Rowstart: 0; Rowend: 595; Rows: 595; Colstart: 3167; Colend: 6335; Cols: 3168;
Num-X: 3 ; Num-Y: 16 ; Resolution: 9500 ; Rank: 2 ; Rank-X: 0 ; Rank-Y: 2 ; Rowstart: 0; Rowend: 595; Rows: 595; Colstart: 6334; Colend: 9501; Cols: 3167;
Num-X: 3 ; Num-Y: 16 ; Resolution: 9500 ; Rank: 4 ; Rank-X: 1 ; Rank-Y: 1 ; Rowstart: 594; Rowend: 1189; Rows: 595; Colstart: 3167; Colend: 6335; Cols: 3168;
Num-X: 3 ; Num-Y: 16 ; Resolution: 9500 ; Rank: 7 ; Rank-X: 2 ; Rank-Y: 1 ; Rowstart: 1188; Rowend: 1783; Rows: 595; Colstart: 3167; Colend: 6335; Cols: 3168;
Num-X: 3 ; Num-Y: 16 ; Resolution: 9500 ; Rank: 8 ; Rank-X: 2 ; Rank-Y: 2 ; Rowstart: 1188; Rowend: 1783; Rows: 595; Colstart: 6334; Colend: 9501; Cols: 3167;
Num-X: 3 ; Num-Y: 16 ; Resolution: 9500 ; Rank: 11 ; Rank-X: 3 ; Rank-Y: 2 ; Rowstart: 1782; Rowend: 2377; Rows: 595; Colstart: 6334; Colend: 9501; Cols: 3167;
Num-X: 3 ; Num-Y: 16 ; Resolution: 9500 ; Rank: 12 ; Rank-X: 4 ; Rank-Y: 0 ; Rowstart: 2376; Rowend: 2971; Rows: 595; Colstart: 0; Colend: 3168; Cols: 3168;
Num-X: 3 ; Num-Y: 16 ; Resolution: 9500 ; Rank: 13 ; Rank-X: 4 ; Rank-Y: 1 ; Rowstart: 2376; Rowend: 2971; Rows: 595; Colstart: 3167; Colend: 6335; Cols: 3168;
Num-X: 3 ; Num-Y: 16 ; Resolution: 9500 ; Rank: 14 ; Rank-X: 4 ; Rank-Y: 2 ; Rowstart: 2376; Rowend: 2971; Rows: 595; Colstart: 6334; Colend: 9501; Cols: 3167;
Num-X: 3 ; Num-Y: 16 ; Resolution: 9500 ; Rank: 15 ; Rank-X: 5 ; Rank-Y: 0 ; Rowstart: 2970; Rowend: 3565; Rows: 595; Colstart: 0; Colend: 3168; Cols: 3168;
Num-X: 3 ; Num-Y: 16 ; Resolution: 9500 ; Rank: 16 ; Rank-X: 5 ; Rank-Y: 1 ; Rowstart: 2970; Rowend: 3565; Rows: 595; Colstart: 3167; Colend: 6335; Cols: 3168;
Num-X: 3 ; Num-Y: 16 ; Resolution: 9500 ; Rank: 17 ; Rank-X: 5 ; Rank-Y: 2 ; Rowstart: 2970; Rowend: 3565; Rows: 595; Colstart: 6334; Colend: 9501; Cols: 3167;
Num-X: 3 ; Num-Y: 16 ; Resolution: 9500 ; Rank: 20 ; Rank-X: 6 ; Rank-Y: 2 ; Rowstart: 3564; Rowend: 4159; Rows: 595; Colstart: 6334; Colend: 9501; Cols: 3167;
Num-X: 3 ; Num-Y: 16 ; Resolution: 9500 ; Rank: 21 ; Rank-X: 7 ; Rank-Y: 0 ; Rowstart: 4158; Rowend: 4753; Rows: 595; Colstart: 0; Colend: 3168; Cols: 3168;
Num-X: 3 ; Num-Y: 16 ; Resolution: 9500 ; Rank: 22 ; Rank-X: 7 ; Rank-Y: 1 ; Rowstart: 4158; Rowend: 4753; Rows: 595; Colstart: 3167; Colend: 6335; Cols: 3168;
Num-X: 3 ; Num-Y: 16 ; Resolution: 9500 ; Rank: 24 ; Rank-X: 8 ; Rank-Y: 0 ; Rowstart: 4752; Rowend: 5347; Rows: 595; Colstart: 0; Colend: 3168; Cols: 3168;
Num-X: 3 ; Num-Y: 16 ; Resolution: 9500 ; Rank: 25 ; Rank-X: 8 ; Rank-Y: 1 ; Rowstart: 4752; Rowend: 5347; Rows: 595; Colstart: 3167; Colend: 6335; Cols: 3168;
Num-X: 3 ; Num-Y: 16 ; Resolution: 9500 ; Rank: 26 ; Rank-X: 8 ; Rank-Y: 2 ; Rowstart: 4752; Rowend: 5347; Rows: 595; Colstart: 6334; Colend: 9501; Cols: 3167;
Num-X: 3 ; Num-Y: 16 ; Resolution: 9500 ; Rank: 29 ; Rank-X: 9 ; Rank-Y: 2 ; Rowstart: 5346; Rowend: 5941; Rows: 595; Colstart: 6334; Colend: 9501; Cols: 3167;
Num-X: 3 ; Num-Y: 16 ; Resolution: 9500 ; Rank: 32 ; Rank-X: 10 ; Rank-Y: 2 ; Rowstart: 5940; Rowend: 6535; Rows: 595; Colstart: 6334; Colend: 9501; Cols: 3167;
Num-X: 3 ; Num-Y: 16 ; Resolution: 9500 ; Rank: 33 ; Rank-X: 11 ; Rank-Y: 0 ; Rowstart: 6534; Rowend: 7129; Rows: 595; Colstart: 0; Colend: 3168; Cols: 3168;
Num-X: 3 ; Num-Y: 16 ; Resolution: 9500 ; Rank: 34 ; Rank-X: 11 ; Rank-Y: 1 ; Rowstart: 6534; Rowend: 7129; Rows: 595; Colstart: 3167; Colend: 6335; Cols: 3168;
Num-X: 3 ; Num-Y: 16 ; Resolution: 9500 ; Rank: 36 ; Rank-X: 12 ; Rank-Y: 0 ; Rowstart: 7128; Rowend: 7723; Rows: 595; Colstart: 0; Colend: 3168; Cols: 3168;
Num-X: 3 ; Num-Y: 16 ; Resolution: 9500 ; Rank: 39 ; Rank-X: 13 ; Rank-Y: 0 ; Rowstart: 7722; Rowend: 8317; Rows: 595; Colstart: 0; Colend: 3168; Cols: 3168;
Num-X: 3 ; Num-Y: 16 ; Resolution: 9500 ; Rank: 41 ; Rank-X: 13 ; Rank-Y: 2 ; Rowstart: 7722; Rowend: 8317; Rows: 595; Colstart: 6334; Colend: 9501; Cols: 3167;
Num-X: 3 ; Num-Y: 16 ; Resolution: 9500 ; Rank: 42 ; Rank-X: 14 ; Rank-Y: 0 ; Rowstart: 8316; Rowend: 8911; Rows: 595; Colstart: 0; Colend: 3168; Cols: 3168;
Num-X: 3 ; Num-Y: 16 ; Resolution: 9500 ; Rank: 43 ; Rank-X: 14 ; Rank-Y: 1 ; Rowstart: 8316; Rowend: 8911; Rows: 595; Colstart: 3167; Colend: 6335; Cols: 3168;
Num-X: 3 ; Num-Y: 16 ; Resolution: 9500 ; Rank: 45 ; Rank-X: 15 ; Rank-Y: 0 ; Rowstart: 8910; Rowend: 9501; Rows: 591; Colstart: 0; Colend: 3168; Cols: 3168;
Num-X: 3 ; Num-Y: 16 ; Resolution: 9500 ; Rank: 46 ; Rank-X: 15 ; Rank-Y: 1 ; Rowstart: 8910; Rowend: 9501; Rows: 591; Colstart: 3167; Colend: 6335; Cols: 3168;
Num-X: 3 ; Num-Y: 16 ; Resolution: 9500 ; Rank: 31 ; Rank-X: 10 ; Rank-Y: 1 ; Rowstart: 5940; Rowend: 6535; Rows: 595; Colstart: 3167; Colend: 6335; Cols: 3168;
Num-X: 3 ; Num-Y: 16 ; Resolution: 9500 ; Rank: 47 ; Rank-X: 15 ; Rank-Y: 2 ; Rowstart: 8910; Rowend: 9501; Rows: 591; Colstart: 6334; Colend: 9501; Cols: 3167;

Resolution: 9500
===================
Execution time: 0.209904
Residual: 4.456242

megaflops:  60194.2
  flop instructions (M):  12635.000

Num-X: 3 ; Num-Y: 16 ; Resolution: 10500 ; Rank: 46 ; Rank-X: 15 ; Rank-Y: 1 ; Rowstart: 9855; Rowend: 10501; Rows: 646; Colstart: 3500; Colend: 7001; Cols: 3501;
Num-X: 3 ; Num-Y: 16 ; Resolution: 10500 ; Rank: 45 ; Rank-X: 15 ; Rank-Y: 0 ; Rowstart: 9855; Rowend: 10501; Rows: 646; Colstart: 0; Colend: 3501; Cols: 3501;
Num-X: 3 ; Num-Y: 16 ; Resolution: 10500 ; Rank: 31 ; Rank-X: 10 ; Rank-Y: 1 ; Rowstart: 6570; Rowend: 7228; Rows: 658; Colstart: 3500; Colend: 7001; Cols: 3501;
Num-X: 3 ; Num-Y: 16 ; Resolution: 10500 ; Rank: 39 ; Rank-X: 13 ; Rank-Y: 0 ; Rowstart: 8541; Rowend: 9199; Rows: 658; Colstart: 0; Colend: 3501; Cols: 3501;
Num-X: 3 ; Num-Y: 16 ; Resolution: 10500 ; Rank: 41 ; Rank-X: 13 ; Rank-Y: 2 ; Rowstart: 8541; Rowend: 9199; Rows: 658; Colstart: 7000; Colend: 10501; Cols: 3501;
Num-X: 3 ; Num-Y: 16 ; Resolution: 10500 ; Rank: 1 ; Rank-X: 0 ; Rank-Y: 1 ; Rowstart: 0; Rowend: 658; Rows: 658; Colstart: 3500; Colend: 7001; Cols: 3501;
Num-X: 3 ; Num-Y: 16 ; Resolution: 10500 ; Rank: 11 ; Rank-X: 3 ; Rank-Y: 2 ; Rowstart: 1971; Rowend: 2629; Rows: 658; Colstart: 7000; Colend: 10501; Cols: 3501;
Num-X: 3 ; Num-Y: 16 ; Resolution: 10500 ; Rank: 12 ; Rank-X: 4 ; Rank-Y: 0 ; Rowstart: 2628; Rowend: 3286; Rows: 658; Colstart: 0; Colend: 3501; Cols: 3501;
Num-X: 3 ; Num-Y: 16 ; Resolution: 10500 ; Rank: 13 ; Rank-X: 4 ; Rank-Y: 1 ; Rowstart: 2628; Rowend: 3286; Rows: 658; Colstart: 3500; Colend: 7001; Cols: 3501;
Num-X: 3 ; Num-Y: 16 ; Resolution: 10500 ; Rank: 14 ; Rank-X: 4 ; Rank-Y: 2 ; Rowstart: 2628; Rowend: 3286; Rows: 658; Colstart: 7000; Colend: 10501; Cols: 3501;
Num-X: 3 ; Num-Y: 16 ; Resolution: 10500 ; Rank: 15 ; Rank-X: 5 ; Rank-Y: 0 ; Rowstart: 3285; Rowend: 3943; Rows: 658; Colstart: 0; Colend: 3501; Cols: 3501;
Num-X: 3 ; Num-Y: 16 ; Resolution: 10500 ; Rank: 16 ; Rank-X: 5 ; Rank-Y: 1 ; Rowstart: 3285; Rowend: 3943; Rows: 658; Colstart: 3500; Colend: 7001; Cols: 3501;
Num-X: 3 ; Num-Y: 16 ; Resolution: 10500 ; Rank: 20 ; Rank-X: 6 ; Rank-Y: 2 ; Rowstart: 3942; Rowend: 4600; Rows: 658; Colstart: 7000; Colend: 10501; Cols: 3501;
Num-X: 3 ; Num-Y: 16 ; Resolution: 10500 ; Rank: 22 ; Rank-X: 7 ; Rank-Y: 1 ; Rowstart: 4599; Rowend: 5257; Rows: 658; Colstart: 3500; Colend: 7001; Cols: 3501;
Num-X: 3 ; Num-Y: 16 ; Resolution: 10500 ; Rank: 24 ; Rank-X: 8 ; Rank-Y: 0 ; Rowstart: 5256; Rowend: 5914; Rows: 658; Colstart: 0; Colend: 3501; Cols: 3501;
Num-X: 3 ; Num-Y: 16 ; Resolution: 10500 ; Rank: 25 ; Rank-X: 8 ; Rank-Y: 1 ; Rowstart: 5256; Rowend: 5914; Rows: 658; Colstart: 3500; Colend: 7001; Cols: 3501;
Num-X: 3 ; Num-Y: 16 ; Resolution: 10500 ; Rank: 26 ; Rank-X: 8 ; Rank-Y: 2 ; Rowstart: 5256; Rowend: 5914; Rows: 658; Colstart: 7000; Colend: 10501; Cols: 3501;
Num-X: 3 ; Num-Y: 16 ; Resolution: 10500 ; Rank: 29 ; Rank-X: 9 ; Rank-Y: 2 ; Rowstart: 5913; Rowend: 6571; Rows: 658; Colstart: 7000; Colend: 10501; Cols: 3501;
Num-X: 3 ; Num-Y: 16 ; Resolution: 10500 ; Rank: 32 ; Rank-X: 10 ; Rank-Y: 2 ; Rowstart: 6570; Rowend: 7228; Rows: 658; Colstart: 7000; Colend: 10501; Cols: 3501;
Num-X: 3 ; Num-Y: 16 ; Resolution: 10500 ; Rank: 33 ; Rank-X: 11 ; Rank-Y: 0 ; Rowstart: 7227; Rowend: 7885; Rows: 658; Colstart: 0; Colend: 3501; Cols: 3501;
Num-X: 3 ; Num-Y: 16 ; Resolution: 10500 ; Rank: 34 ; Rank-X: 11 ; Rank-Y: 1 ; Rowstart: 7227; Rowend: 7885; Rows: 658; Colstart: 3500; Colend: 7001; Cols: 3501;
Num-X: 3 ; Num-Y: 16 ; Resolution: 10500 ; Rank: 36 ; Rank-X: 12 ; Rank-Y: 0 ; Rowstart: 7884; Rowend: 8542; Rows: 658; Colstart: 0; Colend: 3501; Cols: 3501;
Num-X: 3 ; Num-Y: 16 ; Resolution: 10500 ; Rank: 43 ; Rank-X: 14 ; Rank-Y: 1 ; Rowstart: 9198; Rowend: 9856; Rows: 658; Colstart: 3500; Colend: 7001; Cols: 3501;
Num-X: 3 ; Num-Y: 16 ; Resolution: 10500 ; Rank: 47 ; Rank-X: 15 ; Rank-Y: 2 ; Rowstart: 9855; Rowend: 10501; Rows: 646; Colstart: 7000; Colend: 10501; Cols: 3501;
Num-X: 3 ; Num-Y: 16 ; Resolution: 10500 ; Rank: 0 ; Rank-X: 0 ; Rank-Y: 0 ; Rowstart: 0; Rowend: 658; Rows: 658; Colstart: 0; Colend: 3501; Cols: 3501;
Num-X: 3 ; Num-Y: 16 ; Resolution: 10500 ; Rank: 2 ; Rank-X: 0 ; Rank-Y: 2 ; Rowstart: 0; Rowend: 658; Rows: 658; Colstart: 7000; Colend: 10501; Cols: 3501;
Num-X: 3 ; Num-Y: 16 ; Resolution: 10500 ; Rank: 3 ; Rank-X: 1 ; Rank-Y: 0 ; Rowstart: 657; Rowend: 1315; Rows: 658; Colstart: 0; Colend: 3501; Cols: 3501;
Num-X: 3 ; Num-Y: 16 ; Resolution: 10500 ; Rank: 4 ; Rank-X: 1 ; Rank-Y: 1 ; Rowstart: 657; Rowend: 1315; Rows: 658; Colstart: 3500; Colend: 7001; Cols: 3501;
Num-X: 3 ; Num-Y: 16 ; Resolution: 10500 ; Rank: 5 ; Rank-X: 1 ; Rank-Y: 2 ; Rowstart: 657; Rowend: 1315; Rows: 658; Colstart: 7000; Colend: 10501; Cols: 3501;
Num-X: 3 ; Num-Y: 16 ; Resolution: 10500 ; Rank: 6 ; Rank-X: 2 ; Rank-Y: 0 ; Rowstart: 1314; Rowend: 1972; Rows: 658; Colstart: 0; Colend: 3501; Cols: 3501;
Num-X: 3 ; Num-Y: 16 ; Resolution: 10500 ; Rank: 7 ; Rank-X: 2 ; Rank-Y: 1 ; Rowstart: 1314; Rowend: 1972; Rows: 658; Colstart: 3500; Colend: 7001; Cols: 3501;
Num-X: 3 ; Num-Y: 16 ; Resolution: 10500 ; Rank: 8 ; Rank-X: 2 ; Rank-Y: 2 ; Rowstart: 1314; Rowend: 1972; Rows: 658; Colstart: 7000; Colend: 10501; Cols: 3501;
Num-X: 3 ; Num-Y: 16 ; Resolution: 10500 ; Rank: 9 ; Rank-X: 3 ; Rank-Y: 0 ; Rowstart: 1971; Rowend: 2629; Rows: 658; Colstart: 0; Colend: 3501; Cols: 3501;
Num-X: 3 ; Num-Y: 16 ; Resolution: 10500 ; Rank: 10 ; Rank-X: 3 ; Rank-Y: 1 ; Rowstart: 1971; Rowend: 2629; Rows: 658; Colstart: 3500; Colend: 7001; Cols: 3501;
Num-X: 3 ; Num-Y: 16 ; Resolution: 10500 ; Rank: 17 ; Rank-X: 5 ; Rank-Y: 2 ; Rowstart: 3285; Rowend: 3943; Rows: 658; Colstart: 7000; Colend: 10501; Cols: 3501;
Num-X: 3 ; Num-Y: 16 ; Resolution: 10500 ; Rank: 18 ; Rank-X: 6 ; Rank-Y: 0 ; Rowstart: 3942; Rowend: 4600; Rows: 658; Colstart: 0; Colend: 3501; Cols: 3501;
Num-X: 3 ; Num-Y: 16 ; Resolution: 10500 ; Rank: 19 ; Rank-X: 6 ; Rank-Y: 1 ; Rowstart: 3942; Rowend: 4600; Rows: 658; Colstart: 3500; Colend: 7001; Cols: 3501;
Num-X: 3 ; Num-Y: 16 ; Resolution: 10500 ; Rank: 21 ; Rank-X: 7 ; Rank-Y: 0 ; Rowstart: 4599; Rowend: 5257; Rows: 658; Colstart: 0; Colend: 3501; Cols: 3501;
Num-X: 3 ; Num-Y: 16 ; Resolution: 10500 ; Rank: 23 ; Rank-X: 7 ; Rank-Y: 2 ; Rowstart: 4599; Rowend: 5257; Rows: 658; Colstart: 7000; Colend: 10501; Cols: 3501;
Num-X: 3 ; Num-Y: 16 ; Resolution: 10500 ; Rank: 27 ; Rank-X: 9 ; Rank-Y: 0 ; Rowstart: 5913; Rowend: 6571; Rows: 658; Colstart: 0; Colend: 3501; Cols: 3501;
Num-X: 3 ; Num-Y: 16 ; Resolution: 10500 ; Rank: 28 ; Rank-X: 9 ; Rank-Y: 1 ; Rowstart: 5913; Rowend: 6571; Rows: 658; Colstart: 3500; Colend: 7001; Cols: 3501;
Num-X: 3 ; Num-Y: 16 ; Resolution: 10500 ; Rank: 30 ; Rank-X: 10 ; Rank-Y: 0 ; Rowstart: 6570; Rowend: 7228; Rows: 658; Colstart: 0; Colend: 3501; Cols: 3501;
Num-X: 3 ; Num-Y: 16 ; Resolution: 10500 ; Rank: 35 ; Rank-X: 11 ; Rank-Y: 2 ; Rowstart: 7227; Rowend: 7885; Rows: 658; Colstart: 7000; Colend: 10501; Cols: 3501;
Num-X: 3 ; Num-Y: 16 ; Resolution: 10500 ; Rank: 37 ; Rank-X: 12 ; Rank-Y: 1 ; Rowstart: 7884; Rowend: 8542; Rows: 658; Colstart: 3500; Colend: 7001; Cols: 3501;
Num-X: 3 ; Num-Y: 16 ; Resolution: 10500 ; Rank: 38 ; Rank-X: 12 ; Rank-Y: 2 ; Rowstart: 7884; Rowend: 8542; Rows: 658; Colstart: 7000; Colend: 10501; Cols: 3501;
Num-X: 3 ; Num-Y: 16 ; Resolution: 10500 ; Rank: 40 ; Rank-X: 13 ; Rank-Y: 1 ; Rowstart: 8541; Rowend: 9199; Rows: 658; Colstart: 3500; Colend: 7001; Cols: 3501;
Num-X: 3 ; Num-Y: 16 ; Resolution: 10500 ; Rank: 42 ; Rank-X: 14 ; Rank-Y: 0 ; Rowstart: 9198; Rowend: 9856; Rows: 658; Colstart: 0; Colend: 3501; Cols: 3501;
Num-X: 3 ; Num-Y: 16 ; Resolution: 10500 ; Rank: 44 ; Rank-X: 14 ; Rank-Y: 2 ; Rowstart: 9198; Rowend: 9856; Rows: 658; Colstart: 7000; Colend: 10501; Cols: 3501;

Resolution: 10500
===================
Execution time: 0.256963
Residual: 4.925272

megaflops:  60067.0
  flop instructions (M):  15435.000

Num-X: 3 ; Num-Y: 16 ; Resolution: 11500 ; Rank: 28 ; Rank-X: 9 ; Rank-Y: 1 ; Rowstart: 6471; Rowend: 7191; Rows: 720; Colstart: 3834; Colend: 7669; Cols: 3835;
Num-X: 3 ; Num-Y: 16 ; Resolution: 11500 ; Rank: 30 ; Rank-X: 10 ; Rank-Y: 0 ; Rowstart: 7190; Rowend: 7910; Rows: 720; Colstart: 0; Colend: 3835; Cols: 3835;
Num-X: 3 ; Num-Y: 16 ; Resolution: 11500 ; Rank: 35 ; Rank-X: 11 ; Rank-Y: 2 ; Rowstart: 7909; Rowend: 8629; Rows: 720; Colstart: 7668; Colend: 11501; Cols: 3833;
Num-X: 3 ; Num-Y: 16 ; Resolution: 11500 ; Rank: 9 ; Rank-X: 3 ; Rank-Y: 0 ; Rowstart: 2157; Rowend: 2877; Rows: 720; Colstart: 0; Colend: 3835; Cols: 3835;
Num-X: 3 ; Num-Y: 16 ; Resolution: 11500 ; Rank: 17 ; Rank-X: 5 ; Rank-Y: 2 ; Rowstart: 3595; Rowend: 4315; Rows: 720; Colstart: 7668; Colend: 11501; Cols: 3833;
Num-X: 3 ; Num-Y: 16 ; Resolution: 11500 ; Rank: 27 ; Rank-X: 9 ; Rank-Y: 0 ; Rowstart: 6471; Rowend: 7191; Rows: 720; Colstart: 0; Colend: 3835; Cols: 3835;
Num-X: 3 ; Num-Y: 16 ; Resolution: 11500 ; Rank: 34 ; Rank-X: 11 ; Rank-Y: 1 ; Rowstart: 7909; Rowend: 8629; Rows: 720; Colstart: 3834; Colend: 7669; Cols: 3835;
Num-X: 3 ; Num-Y: 16 ; Resolution: 11500 ; Rank: 39 ; Rank-X: 13 ; Rank-Y: 0 ; Rowstart: 9347; Rowend: 10067; Rows: 720; Colstart: 0; Colend: 3835; Cols: 3835;
Num-X: 3 ; Num-Y: 16 ; Resolution: 11500 ; Rank: 40 ; Rank-X: 13 ; Rank-Y: 1 ; Rowstart: 9347; Rowend: 10067; Rows: 720; Colstart: 3834; Colend: 7669; Cols: 3835;
Num-X: 3 ; Num-Y: 16 ; Resolution: 11500 ; Rank: 41 ; Rank-X: 13 ; Rank-Y: 2 ; Rowstart: 9347; Rowend: 10067; Rows: 720; Colstart: 7668; Colend: 11501; Cols: 3833;
Num-X: 3 ; Num-Y: 16 ; Resolution: 11500 ; Rank: 42 ; Rank-X: 14 ; Rank-Y: 0 ; Rowstart: 10066; Rowend: 10786; Rows: 720; Colstart: 0; Colend: 3835; Cols: 3835;
Num-X: 3 ; Num-Y: 16 ; Resolution: 11500 ; Rank: 44 ; Rank-X: 14 ; Rank-Y: 2 ; Rowstart: 10066; Rowend: 10786; Rows: 720; Colstart: 7668; Colend: 11501; Cols: 3833;
Num-X: 3 ; Num-Y: 16 ; Resolution: 11500 ; Rank: 45 ; Rank-X: 15 ; Rank-Y: 0 ; Rowstart: 10785; Rowend: 11501; Rows: 716; Colstart: 0; Colend: 3835; Cols: 3835;
Num-X: 3 ; Num-Y: 16 ; Resolution: 11500 ; Rank: 47 ; Rank-X: 15 ; Rank-Y: 2 ; Rowstart: 10785; Rowend: 11501; Rows: 716; Colstart: 7668; Colend: 11501; Cols: 3833;
Num-X: 3 ; Num-Y: 16 ; Resolution: 11500 ; Rank: 1 ; Rank-X: 0 ; Rank-Y: 1 ; Rowstart: 0; Rowend: 720; Rows: 720; Colstart: 3834; Colend: 7669; Cols: 3835;
Num-X: 3 ; Num-Y: 16 ; Resolution: 11500 ; Rank: 2 ; Rank-X: 0 ; Rank-Y: 2 ; Rowstart: 0; Rowend: 720; Rows: 720; Colstart: 7668; Colend: 11501; Cols: 3833;
Num-X: 3 ; Num-Y: 16 ; Resolution: 11500 ; Rank: 3 ; Rank-X: 1 ; Rank-Y: 0 ; Rowstart: 719; Rowend: 1439; Rows: 720; Colstart: 0; Colend: 3835; Cols: 3835;
Num-X: 3 ; Num-Y: 16 ; Resolution: 11500 ; Rank: 4 ; Rank-X: 1 ; Rank-Y: 1 ; Rowstart: 719; Rowend: 1439; Rows: 720; Colstart: 3834; Colend: 7669; Cols: 3835;
Num-X: 3 ; Num-Y: 16 ; Resolution: 11500 ; Rank: 5 ; Rank-X: 1 ; Rank-Y: 2 ; Rowstart: 719; Rowend: 1439; Rows: 720; Colstart: 7668; Colend: 11501; Cols: 3833;
Num-X: 3 ; Num-Y: 16 ; Resolution: 11500 ; Rank: 6 ; Rank-X: 2 ; Rank-Y: 0 ; Rowstart: 1438; Rowend: 2158; Rows: 720; Colstart: 0; Colend: 3835; Cols: 3835;
Num-X: 3 ; Num-Y: 16 ; Resolution: 11500 ; Rank: 7 ; Rank-X: 2 ; Rank-Y: 1 ; Rowstart: 1438; Rowend: 2158; Rows: 720; Colstart: 3834; Colend: 7669; Cols: 3835;
Num-X: 3 ; Num-Y: 16 ; Resolution: 11500 ; Rank: 8 ; Rank-X: 2 ; Rank-Y: 2 ; Rowstart: 1438; Rowend: 2158; Rows: 720; Colstart: 7668; Colend: 11501; Cols: 3833;
Num-X: 3 ; Num-Y: 16 ; Resolution: 11500 ; Rank: 10 ; Rank-X: 3 ; Rank-Y: 1 ; Rowstart: 2157; Rowend: 2877; Rows: 720; Colstart: 3834; Colend: 7669; Cols: 3835;
Num-X: 3 ; Num-Y: 16 ; Resolution: 11500 ; Rank: 11 ; Rank-X: 3 ; Rank-Y: 2 ; Rowstart: 2157; Rowend: 2877; Rows: 720; Colstart: 7668; Colend: 11501; Cols: 3833;
Num-X: 3 ; Num-Y: 16 ; Resolution: 11500 ; Rank: 12 ; Rank-X: 4 ; Rank-Y: 0 ; Rowstart: 2876; Rowend: 3596; Rows: 720; Colstart: 0; Colend: 3835; Cols: 3835;
Num-X: 3 ; Num-Y: 16 ; Resolution: 11500 ; Rank: 13 ; Rank-X: 4 ; Rank-Y: 1 ; Rowstart: 2876; Rowend: 3596; Rows: 720; Colstart: 3834; Colend: 7669; Cols: 3835;
Num-X: 3 ; Num-Y: 16 ; Resolution: 11500 ; Rank: 14 ; Rank-X: 4 ; Rank-Y: 2 ; Rowstart: 2876; Rowend: 3596; Rows: 720; Colstart: 7668; Colend: 11501; Cols: 3833;
Num-X: 3 ; Num-Y: 16 ; Resolution: 11500 ; Rank: 15 ; Rank-X: 5 ; Rank-Y: 0 ; Rowstart: 3595; Rowend: 4315; Rows: 720; Colstart: 0; Colend: 3835; Cols: 3835;
Num-X: 3 ; Num-Y: 16 ; Resolution: 11500 ; Rank: 16 ; Rank-X: 5 ; Rank-Y: 1 ; Rowstart: 3595; Rowend: 4315; Rows: 720; Colstart: 3834; Colend: 7669; Cols: 3835;
Num-X: 3 ; Num-Y: 16 ; Resolution: 11500 ; Rank: 18 ; Rank-X: 6 ; Rank-Y: 0 ; Rowstart: 4314; Rowend: 5034; Rows: 720; Colstart: 0; Colend: 3835; Cols: 3835;
Num-X: 3 ; Num-Y: 16 ; Resolution: 11500 ; Rank: 19 ; Rank-X: 6 ; Rank-Y: 1 ; Rowstart: 4314; Rowend: 5034; Rows: 720; Colstart: 3834; Colend: 7669; Cols: 3835;
Num-X: 3 ; Num-Y: 16 ; Resolution: 11500 ; Rank: 20 ; Rank-X: 6 ; Rank-Y: 2 ; Rowstart: 4314; Rowend: 5034; Rows: 720; Colstart: 7668; Colend: 11501; Cols: 3833;
Num-X: 3 ; Num-Y: 16 ; Resolution: 11500 ; Rank: 21 ; Rank-X: 7 ; Rank-Y: 0 ; Rowstart: 5033; Rowend: 5753; Rows: 720; Colstart: 0; Colend: 3835; Cols: 3835;
Num-X: 3 ; Num-Y: 16 ; Resolution: 11500 ; Rank: 22 ; Rank-X: 7 ; Rank-Y: 1 ; Rowstart: 5033; Rowend: 5753; Rows: 720; Colstart: 3834; Colend: 7669; Cols: 3835;
Num-X: 3 ; Num-Y: 16 ; Resolution: 11500 ; Rank: 23 ; Rank-X: 7 ; Rank-Y: 2 ; Rowstart: 5033; Rowend: 5753; Rows: 720; Colstart: 7668; Colend: 11501; Cols: 3833;
Num-X: 3 ; Num-Y: 16 ; Resolution: 11500 ; Rank: 24 ; Rank-X: 8 ; Rank-Y: 0 ; Rowstart: 5752; Rowend: 6472; Rows: 720; Colstart: 0; Colend: 3835; Cols: 3835;
Num-X: 3 ; Num-Y: 16 ; Resolution: 11500 ; Rank: 25 ; Rank-X: 8 ; Rank-Y: 1 ; Rowstart: 5752; Rowend: 6472; Rows: 720; Colstart: 3834; Colend: 7669; Cols: 3835;
Num-X: 3 ; Num-Y: 16 ; Resolution: 11500 ; Rank: 26 ; Rank-X: 8 ; Rank-Y: 2 ; Rowstart: 5752; Rowend: 6472; Rows: 720; Colstart: 7668; Colend: 11501; Cols: 3833;
Num-X: 3 ; Num-Y: 16 ; Resolution: 11500 ; Rank: 29 ; Rank-X: 9 ; Rank-Y: 2 ; Rowstart: 6471; Rowend: 7191; Rows: 720; Colstart: 7668; Colend: 11501; Cols: 3833;
Num-X: 3 ; Num-Y: 16 ; Resolution: 11500 ; Rank: 31 ; Rank-X: 10 ; Rank-Y: 1 ; Rowstart: 7190; Rowend: 7910; Rows: 720; Colstart: 3834; Colend: 7669; Cols: 3835;
Num-X: 3 ; Num-Y: 16 ; Resolution: 11500 ; Rank: 32 ; Rank-X: 10 ; Rank-Y: 2 ; Rowstart: 7190; Rowend: 7910; Rows: 720; Colstart: 7668; Colend: 11501; Cols: 3833;
Num-X: 3 ; Num-Y: 16 ; Resolution: 11500 ; Rank: 33 ; Rank-X: 11 ; Rank-Y: 0 ; Rowstart: 7909; Rowend: 8629; Rows: 720; Colstart: 0; Colend: 3835; Cols: 3835;
Num-X: 3 ; Num-Y: 16 ; Resolution: 11500 ; Rank: 36 ; Rank-X: 12 ; Rank-Y: 0 ; Rowstart: 8628; Rowend: 9348; Rows: 720; Colstart: 0; Colend: 3835; Cols: 3835;
Num-X: 3 ; Num-Y: 16 ; Resolution: 11500 ; Rank: 37 ; Rank-X: 12 ; Rank-Y: 1 ; Rowstart: 8628; Rowend: 9348; Rows: 720; Colstart: 3834; Colend: 7669; Cols: 3835;
Num-X: 3 ; Num-Y: 16 ; Resolution: 11500 ; Rank: 38 ; Rank-X: 12 ; Rank-Y: 2 ; Rowstart: 8628; Rowend: 9348; Rows: 720; Colstart: 7668; Colend: 11501; Cols: 3833;
Num-X: 3 ; Num-Y: 16 ; Resolution: 11500 ; Rank: 43 ; Rank-X: 14 ; Rank-Y: 1 ; Rowstart: 10066; Rowend: 10786; Rows: 720; Colstart: 3834; Colend: 7669; Cols: 3835;
Num-X: 3 ; Num-Y: 16 ; Resolution: 11500 ; Rank: 46 ; Rank-X: 15 ; Rank-Y: 1 ; Rowstart: 10785; Rowend: 11501; Rows: 716; Colstart: 3834; Colend: 7669; Cols: 3835;
Num-X: 3 ; Num-Y: 16 ; Resolution: 11500 ; Rank: 0 ; Rank-X: 0 ; Rank-Y: 0 ; Rowstart: 0; Rowend: 720; Rows: 720; Colstart: 0; Colend: 3835; Cols: 3835;

Resolution: 11500
===================
Execution time: 0.305528
Residual: 5.394301

megaflops:  60600.0
  flop instructions (M):  18515.000

Num-X: 3 ; Num-Y: 16 ; Resolution: 12500 ; Rank: 46 ; Rank-X: 15 ; Rank-Y: 1 ; Rowstart: 11730; Rowend: 12501; Rows: 771; Colstart: 4167; Colend: 8335; Cols: 4168;
Num-X: 3 ; Num-Y: 16 ; Resolution: 12500 ; Rank: 47 ; Rank-X: 15 ; Rank-Y: 2 ; Rowstart: 11730; Rowend: 12501; Rows: 771; Colstart: 8334; Colend: 12501; Cols: 4167;
Num-X: 3 ; Num-Y: 16 ; Resolution: 12500 ; Rank: 26 ; Rank-X: 8 ; Rank-Y: 2 ; Rowstart: 6256; Rowend: 7039; Rows: 783; Colstart: 8334; Colend: 12501; Cols: 4167;
Num-X: 3 ; Num-Y: 16 ; Resolution: 12500 ; Rank: 29 ; Rank-X: 9 ; Rank-Y: 2 ; Rowstart: 7038; Rowend: 7821; Rows: 783; Colstart: 8334; Colend: 12501; Cols: 4167;
Num-X: 3 ; Num-Y: 16 ; Resolution: 12500 ; Rank: 32 ; Rank-X: 10 ; Rank-Y: 2 ; Rowstart: 7820; Rowend: 8603; Rows: 783; Colstart: 8334; Colend: 12501; Cols: 4167;
Num-X: 3 ; Num-Y: 16 ; Resolution: 12500 ; Rank: 38 ; Rank-X: 12 ; Rank-Y: 2 ; Rowstart: 9384; Rowend: 10167; Rows: 783; Colstart: 8334; Colend: 12501; Cols: 4167;
Num-X: 3 ; Num-Y: 16 ; Resolution: 12500 ; Rank: 41 ; Rank-X: 13 ; Rank-Y: 2 ; Rowstart: 10166; Rowend: 10949; Rows: 783; Colstart: 8334; Colend: 12501; Cols: 4167;
Num-X: 3 ; Num-Y: 16 ; Resolution: 12500 ; Rank: 44 ; Rank-X: 14 ; Rank-Y: 2 ; Rowstart: 10948; Rowend: 11731; Rows: 783; Colstart: 8334; Colend: 12501; Cols: 4167;
Num-X: 3 ; Num-Y: 16 ; Resolution: 12500 ; Rank: 8 ; Rank-X: 2 ; Rank-Y: 2 ; Rowstart: 1564; Rowend: 2347; Rows: 783; Colstart: 8334; Colend: 12501; Cols: 4167;
Num-X: 3 ; Num-Y: 16 ; Resolution: 12500 ; Rank: 17 ; Rank-X: 5 ; Rank-Y: 2 ; Rowstart: 3910; Rowend: 4693; Rows: 783; Colstart: 8334; Colend: 12501; Cols: 4167;
Num-X: 3 ; Num-Y: 16 ; Resolution: 12500 ; Rank: 20 ; Rank-X: 6 ; Rank-Y: 2 ; Rowstart: 4692; Rowend: 5475; Rows: 783; Colstart: 8334; Colend: 12501; Cols: 4167;
Num-X: 3 ; Num-Y: 16 ; Resolution: 12500 ; Rank: 35 ; Rank-X: 11 ; Rank-Y: 2 ; Rowstart: 8602; Rowend: 9385; Rows: 783; Colstart: 8334; Colend: 12501; Cols: 4167;
Num-X: 3 ; Num-Y: 16 ; Resolution: 12500 ; Rank: 45 ; Rank-X: 15 ; Rank-Y: 0 ; Rowstart: 11730; Rowend: 12501; Rows: 771; Colstart: 0; Colend: 4168; Cols: 4168;
Num-X: 3 ; Num-Y: 16 ; Resolution: 12500 ; Rank: 2 ; Rank-X: 0 ; Rank-Y: 2 ; Rowstart: 0; Rowend: 783; Rows: 783; Colstart: 8334; Colend: 12501; Cols: 4167;
Num-X: 3 ; Num-Y: 16 ; Resolution: 12500 ; Rank: 5 ; Rank-X: 1 ; Rank-Y: 2 ; Rowstart: 782; Rowend: 1565; Rows: 783; Colstart: 8334; Colend: 12501; Cols: 4167;
Num-X: 3 ; Num-Y: 16 ; Resolution: 12500 ; Rank: 11 ; Rank-X: 3 ; Rank-Y: 2 ; Rowstart: 2346; Rowend: 3129; Rows: 783; Colstart: 8334; Colend: 12501; Cols: 4167;
Num-X: 3 ; Num-Y: 16 ; Resolution: 12500 ; Rank: 14 ; Rank-X: 4 ; Rank-Y: 2 ; Rowstart: 3128; Rowend: 3911; Rows: 783; Colstart: 8334; Colend: 12501; Cols: 4167;
Num-X: 3 ; Num-Y: 16 ; Resolution: 12500 ; Rank: 23 ; Rank-X: 7 ; Rank-Y: 2 ; Rowstart: 5474; Rowend: 6257; Rows: 783; Colstart: 8334; Colend: 12501; Cols: 4167;
Num-X: 3 ; Num-Y: 16 ; Resolution: 12500 ; Rank: 31 ; Rank-X: 10 ; Rank-Y: 1 ; Rowstart: 7820; Rowend: 8603; Rows: 783; Colstart: 4167; Colend: 8335; Cols: 4168;
Num-X: 3 ; Num-Y: 16 ; Resolution: 12500 ; Rank: 27 ; Rank-X: 9 ; Rank-Y: 0 ; Rowstart: 7038; Rowend: 7821; Rows: 783; Colstart: 0; Colend: 4168; Cols: 4168;
Num-X: 3 ; Num-Y: 16 ; Resolution: 12500 ; Rank: 36 ; Rank-X: 12 ; Rank-Y: 0 ; Rowstart: 9384; Rowend: 10167; Rows: 783; Colstart: 0; Colend: 4168; Cols: 4168;
Num-X: 3 ; Num-Y: 16 ; Resolution: 12500 ; Rank: 37 ; Rank-X: 12 ; Rank-Y: 1 ; Rowstart: 9384; Rowend: 10167; Rows: 783; Colstart: 4167; Colend: 8335; Cols: 4168;
Num-X: 3 ; Num-Y: 16 ; Resolution: 12500 ; Rank: 39 ; Rank-X: 13 ; Rank-Y: 0 ; Rowstart: 10166; Rowend: 10949; Rows: 783; Colstart: 0; Colend: 4168; Cols: 4168;
Num-X: 3 ; Num-Y: 16 ; Resolution: 12500 ; Rank: 40 ; Rank-X: 13 ; Rank-Y: 1 ; Rowstart: 10166; Rowend: 10949; Rows: 783; Colstart: 4167; Colend: 8335; Cols: 4168;
Num-X: 3 ; Num-Y: 16 ; Resolution: 12500 ; Rank: 7 ; Rank-X: 2 ; Rank-Y: 1 ; Rowstart: 1564; Rowend: 2347; Rows: 783; Colstart: 4167; Colend: 8335; Cols: 4168;
Num-X: 3 ; Num-Y: 16 ; Resolution: 12500 ; Rank: 9 ; Rank-X: 3 ; Rank-Y: 0 ; Rowstart: 2346; Rowend: 3129; Rows: 783; Colstart: 0; Colend: 4168; Cols: 4168;
Num-X: 3 ; Num-Y: 16 ; Resolution: 12500 ; Rank: 13 ; Rank-X: 4 ; Rank-Y: 1 ; Rowstart: 3128; Rowend: 3911; Rows: 783; Colstart: 4167; Colend: 8335; Cols: 4168;
Num-X: 3 ; Num-Y: 16 ; Resolution: 12500 ; Rank: 15 ; Rank-X: 5 ; Rank-Y: 0 ; Rowstart: 3910; Rowend: 4693; Rows: 783; Colstart: 0; Colend: 4168; Cols: 4168;
Num-X: 3 ; Num-Y: 16 ; Resolution: 12500 ; Rank: 24 ; Rank-X: 8 ; Rank-Y: 0 ; Rowstart: 6256; Rowend: 7039; Rows: 783; Colstart: 0; Colend: 4168; Cols: 4168;
Num-X: 3 ; Num-Y: 16 ; Resolution: 12500 ; Rank: 25 ; Rank-X: 8 ; Rank-Y: 1 ; Rowstart: 6256; Rowend: 7039; Rows: 783; Colstart: 4167; Colend: 8335; Cols: 4168;
Num-X: 3 ; Num-Y: 16 ; Resolution: 12500 ; Rank: 33 ; Rank-X: 11 ; Rank-Y: 0 ; Rowstart: 8602; Rowend: 9385; Rows: 783; Colstart: 0; Colend: 4168; Cols: 4168;
Num-X: 3 ; Num-Y: 16 ; Resolution: 12500 ; Rank: 34 ; Rank-X: 11 ; Rank-Y: 1 ; Rowstart: 8602; Rowend: 9385; Rows: 783; Colstart: 4167; Colend: 8335; Cols: 4168;
Num-X: 3 ; Num-Y: 16 ; Resolution: 12500 ; Rank: 42 ; Rank-X: 14 ; Rank-Y: 0 ; Rowstart: 10948; Rowend: 11731; Rows: 783; Colstart: 0; Colend: 4168; Cols: 4168;
Num-X: 3 ; Num-Y: 16 ; Resolution: 12500 ; Rank: 43 ; Rank-X: 14 ; Rank-Y: 1 ; Rowstart: 10948; Rowend: 11731; Rows: 783; Colstart: 4167; Colend: 8335; Cols: 4168;
Num-X: 3 ; Num-Y: 16 ; Resolution: 12500 ; Rank: 1 ; Rank-X: 0 ; Rank-Y: 1 ; Rowstart: 0; Rowend: 783; Rows: 783; Colstart: 4167; Colend: 8335; Cols: 4168;
Num-X: 3 ; Num-Y: 16 ; Resolution: 12500 ; Rank: 3 ; Rank-X: 1 ; Rank-Y: 0 ; Rowstart: 782; Rowend: 1565; Rows: 783; Colstart: 0; Colend: 4168; Cols: 4168;
Num-X: 3 ; Num-Y: 16 ; Resolution: 12500 ; Rank: 4 ; Rank-X: 1 ; Rank-Y: 1 ; Rowstart: 782; Rowend: 1565; Rows: 783; Colstart: 4167; Colend: 8335; Cols: 4168;
Num-X: 3 ; Num-Y: 16 ; Resolution: 12500 ; Rank: 6 ; Rank-X: 2 ; Rank-Y: 0 ; Rowstart: 1564; Rowend: 2347; Rows: 783; Colstart: 0; Colend: 4168; Cols: 4168;
Num-X: 3 ; Num-Y: 16 ; Resolution: 12500 ; Rank: 10 ; Rank-X: 3 ; Rank-Y: 1 ; Rowstart: 2346; Rowend: 3129; Rows: 783; Colstart: 4167; Colend: 8335; Cols: 4168;
Num-X: 3 ; Num-Y: 16 ; Resolution: 12500 ; Rank: 12 ; Rank-X: 4 ; Rank-Y: 0 ; Rowstart: 3128; Rowend: 3911; Rows: 783; Colstart: 0; Colend: 4168; Cols: 4168;
Num-X: 3 ; Num-Y: 16 ; Resolution: 12500 ; Rank: 16 ; Rank-X: 5 ; Rank-Y: 1 ; Rowstart: 3910; Rowend: 4693; Rows: 783; Colstart: 4167; Colend: 8335; Cols: 4168;
Num-X: 3 ; Num-Y: 16 ; Resolution: 12500 ; Rank: 18 ; Rank-X: 6 ; Rank-Y: 0 ; Rowstart: 4692; Rowend: 5475; Rows: 783; Colstart: 0; Colend: 4168; Cols: 4168;
Num-X: 3 ; Num-Y: 16 ; Resolution: 12500 ; Rank: 19 ; Rank-X: 6 ; Rank-Y: 1 ; Rowstart: 4692; Rowend: 5475; Rows: 783; Colstart: 4167; Colend: 8335; Cols: 4168;
Num-X: 3 ; Num-Y: 16 ; Resolution: 12500 ; Rank: 21 ; Rank-X: 7 ; Rank-Y: 0 ; Rowstart: 5474; Rowend: 6257; Rows: 783; Colstart: 0; Colend: 4168; Cols: 4168;
Num-X: 3 ; Num-Y: 16 ; Resolution: 12500 ; Rank: 22 ; Rank-X: 7 ; Rank-Y: 1 ; Rowstart: 5474; Rowend: 6257; Rows: 783; Colstart: 4167; Colend: 8335; Cols: 4168;
Num-X: 3 ; Num-Y: 16 ; Resolution: 12500 ; Rank: 28 ; Rank-X: 9 ; Rank-Y: 1 ; Rowstart: 7038; Rowend: 7821; Rows: 783; Colstart: 4167; Colend: 8335; Cols: 4168;
Num-X: 3 ; Num-Y: 16 ; Resolution: 12500 ; Rank: 30 ; Rank-X: 10 ; Rank-Y: 0 ; Rowstart: 7820; Rowend: 8603; Rows: 783; Colstart: 0; Colend: 4168; Cols: 4168;
Num-X: 3 ; Num-Y: 16 ; Resolution: 12500 ; Rank: 0 ; Rank-X: 0 ; Rank-Y: 0 ; Rowstart: 0; Rowend: 783; Rows: 783; Colstart: 0; Colend: 4168; Cols: 4168;

Resolution: 12500
===================
Execution time: 0.361937
Residual: 5.863330

megaflops:  60438.7
  flop instructions (M):  21875.000
Abort(134862338) on node 47 (rank 47 in comm 0): Fatal error in PMPI_Send: Invalid count, error stack:
PMPI_Send(159): MPI_Send(buf=0x1953790, count=-102, MPI_DOUBLE, dest=0, tag=99, comm=0x84000002) failed
PMPI_Send(95).: Negative count, value is -102
