

Resolution: 6500
===================
Threads: 1
Execution time: 1.647527
Residual: 3.049154

megaflops:  3590.2
  flop instructions (M):  5915.000


Resolution: 6500
===================
Threads: 2
Execution time: 0.851950
Residual: 3.049154

megaflops:  6942.9
  flop instructions (M):  5915.000


Resolution: 6500
===================
Threads: 4
Execution time: 0.472437
Residual: 3.049154

megaflops:  12520.2
  flop instructions (M):  5915.000


Resolution: 6500
===================
Threads: 8
Execution time: 0.392674
Residual: 3.049154

megaflops:  15063.4
  flop instructions (M):  5915.000


Resolution: 6500
===================
Threads: 12
Execution time: 0.399759
Residual: 3.049154

megaflops:  14796.4
  flop instructions (M):  5915.000


Resolution: 6500
===================
Threads: 16
Execution time: 0.395860
Residual: 3.049154

megaflops:  14942.2
  flop instructions (M):  5915.000


Resolution: 6500
===================
Threads: 24
Execution time: 0.402520
Residual: 3.049154

megaflops:  14694.9
  flop instructions (M):  5915.000


Resolution: 6500
===================
Threads: 32
Execution time: 0.308761
Residual: 3.049154

megaflops:  19157.2
  flop instructions (M):  5915.000


Resolution: 6500
===================
Threads: 48
Execution time: 0.254566
Residual: 3.049154

megaflops:  23235.6
  flop instructions (M):  5915.000
