Resolutions       : (6500, 7500, ... 6500)
Iterations        : 20
Num. Heat sources : 2
   1: (0.00, 0.00) 1.00 1.00 
   2: (1.00, 1.00) 1.00 0.50 
OMP: Info #154: KMP_AFFINITY: Initial OS proc set respected: 0-95
OMP: Info #213: KMP_AFFINITY: decoding x2APIC ids.
OMP: Info #276: KMP_AFFINITY: Affinity capable, using global cpuid leaf 11 info
OMP: Info #156: KMP_AFFINITY: 96 available OS procs
OMP: Info #157: KMP_AFFINITY: Uniform topology
OMP: Info #191: KMP_AFFINITY: 2 sockets x 24 cores/socket x 2 threads/core (48 total cores)
OMP: Info #215: KMP_AFFINITY: OS proc to physical thread map:
OMP: Info #171: KMP_AFFINITY: OS proc 0 maps to socket 0 core 0 thread 0 
OMP: Info #171: KMP_AFFINITY: OS proc 48 maps to socket 0 core 0 thread 1 
OMP: Info #171: KMP_AFFINITY: OS proc 1 maps to socket 0 core 1 thread 0 
OMP: Info #171: KMP_AFFINITY: OS proc 49 maps to socket 0 core 1 thread 1 
OMP: Info #171: KMP_AFFINITY: OS proc 2 maps to socket 0 core 2 thread 0 
OMP: Info #171: KMP_AFFINITY: OS proc 50 maps to socket 0 core 2 thread 1 
OMP: Info #171: KMP_AFFINITY: OS proc 3 maps to socket 0 core 3 thread 0 
OMP: Info #171: KMP_AFFINITY: OS proc 51 maps to socket 0 core 3 thread 1 
OMP: Info #171: KMP_AFFINITY: OS proc 4 maps to socket 0 core 4 thread 0 
OMP: Info #171: KMP_AFFINITY: OS proc 52 maps to socket 0 core 4 thread 1 
OMP: Info #171: KMP_AFFINITY: OS proc 5 maps to socket 0 core 5 thread 0 
OMP: Info #171: KMP_AFFINITY: OS proc 53 maps to socket 0 core 5 thread 1 
OMP: Info #171: KMP_AFFINITY: OS proc 6 maps to socket 0 core 8 thread 0 
OMP: Info #171: KMP_AFFINITY: OS proc 54 maps to socket 0 core 8 thread 1 
OMP: Info #171: KMP_AFFINITY: OS proc 7 maps to socket 0 core 9 thread 0 
OMP: Info #171: KMP_AFFINITY: OS proc 55 maps to socket 0 core 9 thread 1 
OMP: Info #171: KMP_AFFINITY: OS proc 8 maps to socket 0 core 10 thread 0 
OMP: Info #171: KMP_AFFINITY: OS proc 56 maps to socket 0 core 10 thread 1 
OMP: Info #171: KMP_AFFINITY: OS proc 9 maps to socket 0 core 11 thread 0 
OMP: Info #171: KMP_AFFINITY: OS proc 57 maps to socket 0 core 11 thread 1 
OMP: Info #171: KMP_AFFINITY: OS proc 10 maps to socket 0 core 12 thread 0 
OMP: Info #171: KMP_AFFINITY: OS proc 58 maps to socket 0 core 12 thread 1 
OMP: Info #171: KMP_AFFINITY: OS proc 11 maps to socket 0 core 13 thread 0 
OMP: Info #171: KMP_AFFINITY: OS proc 59 maps to socket 0 core 13 thread 1 
OMP: Info #171: KMP_AFFINITY: OS proc 12 maps to socket 0 core 16 thread 0 
OMP: Info #171: KMP_AFFINITY: OS proc 60 maps to socket 0 core 16 thread 1 
OMP: Info #171: KMP_AFFINITY: OS proc 13 maps to socket 0 core 17 thread 0 
OMP: Info #171: KMP_AFFINITY: OS proc 61 maps to socket 0 core 17 thread 1 
OMP: Info #171: KMP_AFFINITY: OS proc 14 maps to socket 0 core 18 thread 0 
OMP: Info #171: KMP_AFFINITY: OS proc 62 maps to socket 0 core 18 thread 1 
OMP: Info #171: KMP_AFFINITY: OS proc 15 maps to socket 0 core 19 thread 0 
OMP: Info #171: KMP_AFFINITY: OS proc 63 maps to socket 0 core 19 thread 1 
OMP: Info #171: KMP_AFFINITY: OS proc 16 maps to socket 0 core 20 thread 0 
OMP: Info #171: KMP_AFFINITY: OS proc 64 maps to socket 0 core 20 thread 1 
OMP: Info #171: KMP_AFFINITY: OS proc 17 maps to socket 0 core 21 thread 0 
OMP: Info #171: KMP_AFFINITY: OS proc 65 maps to socket 0 core 21 thread 1 
OMP: Info #171: KMP_AFFINITY: OS proc 18 maps to socket 0 core 24 thread 0 
OMP: Info #171: KMP_AFFINITY: OS proc 66 maps to socket 0 core 24 thread 1 
OMP: Info #171: KMP_AFFINITY: OS proc 19 maps to socket 0 core 25 thread 0 
OMP: Info #171: KMP_AFFINITY: OS proc 67 maps to socket 0 core 25 thread 1 
OMP: Info #171: KMP_AFFINITY: OS proc 20 maps to socket 0 core 26 thread 0 
OMP: Info #171: KMP_AFFINITY: OS proc 68 maps to socket 0 core 26 thread 1 
OMP: Info #171: KMP_AFFINITY: OS proc 21 maps to socket 0 core 27 thread 0 
OMP: Info #171: KMP_AFFINITY: OS proc 69 maps to socket 0 core 27 thread 1 
OMP: Info #171: KMP_AFFINITY: OS proc 22 maps to socket 0 core 28 thread 0 
OMP: Info #171: KMP_AFFINITY: OS proc 70 maps to socket 0 core 28 thread 1 
OMP: Info #171: KMP_AFFINITY: OS proc 23 maps to socket 0 core 29 thread 0 
OMP: Info #171: KMP_AFFINITY: OS proc 71 maps to socket 0 core 29 thread 1 
OMP: Info #171: KMP_AFFINITY: OS proc 24 maps to socket 1 core 0 thread 0 
OMP: Info #171: KMP_AFFINITY: OS proc 72 maps to socket 1 core 0 thread 1 
OMP: Info #171: KMP_AFFINITY: OS proc 25 maps to socket 1 core 1 thread 0 
OMP: Info #171: KMP_AFFINITY: OS proc 73 maps to socket 1 core 1 thread 1 
OMP: Info #171: KMP_AFFINITY: OS proc 26 maps to socket 1 core 2 thread 0 
OMP: Info #171: KMP_AFFINITY: OS proc 74 maps to socket 1 core 2 thread 1 
OMP: Info #171: KMP_AFFINITY: OS proc 27 maps to socket 1 core 3 thread 0 
OMP: Info #171: KMP_AFFINITY: OS proc 75 maps to socket 1 core 3 thread 1 
OMP: Info #171: KMP_AFFINITY: OS proc 28 maps to socket 1 core 4 thread 0 
OMP: Info #171: KMP_AFFINITY: OS proc 76 maps to socket 1 core 4 thread 1 
OMP: Info #171: KMP_AFFINITY: OS proc 29 maps to socket 1 core 5 thread 0 
OMP: Info #171: KMP_AFFINITY: OS proc 77 maps to socket 1 core 5 thread 1 
OMP: Info #171: KMP_AFFINITY: OS proc 30 maps to socket 1 core 8 thread 0 
OMP: Info #171: KMP_AFFINITY: OS proc 78 maps to socket 1 core 8 thread 1 
OMP: Info #171: KMP_AFFINITY: OS proc 31 maps to socket 1 core 9 thread 0 
OMP: Info #171: KMP_AFFINITY: OS proc 79 maps to socket 1 core 9 thread 1 
OMP: Info #171: KMP_AFFINITY: OS proc 32 maps to socket 1 core 10 thread 0 
OMP: Info #171: KMP_AFFINITY: OS proc 80 maps to socket 1 core 10 thread 1 
OMP: Info #171: KMP_AFFINITY: OS proc 33 maps to socket 1 core 11 thread 0 
OMP: Info #171: KMP_AFFINITY: OS proc 81 maps to socket 1 core 11 thread 1 
OMP: Info #171: KMP_AFFINITY: OS proc 34 maps to socket 1 core 12 thread 0 
OMP: Info #171: KMP_AFFINITY: OS proc 82 maps to socket 1 core 12 thread 1 
OMP: Info #171: KMP_AFFINITY: OS proc 35 maps to socket 1 core 13 thread 0 
OMP: Info #171: KMP_AFFINITY: OS proc 83 maps to socket 1 core 13 thread 1 
OMP: Info #171: KMP_AFFINITY: OS proc 36 maps to socket 1 core 16 thread 0 
OMP: Info #171: KMP_AFFINITY: OS proc 84 maps to socket 1 core 16 thread 1 
OMP: Info #171: KMP_AFFINITY: OS proc 37 maps to socket 1 core 17 thread 0 
OMP: Info #171: KMP_AFFINITY: OS proc 85 maps to socket 1 core 17 thread 1 
OMP: Info #171: KMP_AFFINITY: OS proc 38 maps to socket 1 core 18 thread 0 
OMP: Info #171: KMP_AFFINITY: OS proc 86 maps to socket 1 core 18 thread 1 
OMP: Info #171: KMP_AFFINITY: OS proc 39 maps to socket 1 core 19 thread 0 
OMP: Info #171: KMP_AFFINITY: OS proc 87 maps to socket 1 core 19 thread 1 
OMP: Info #171: KMP_AFFINITY: OS proc 40 maps to socket 1 core 20 thread 0 
OMP: Info #171: KMP_AFFINITY: OS proc 88 maps to socket 1 core 20 thread 1 
OMP: Info #171: KMP_AFFINITY: OS proc 41 maps to socket 1 core 21 thread 0 
OMP: Info #171: KMP_AFFINITY: OS proc 89 maps to socket 1 core 21 thread 1 
OMP: Info #171: KMP_AFFINITY: OS proc 42 maps to socket 1 core 24 thread 0 
OMP: Info #171: KMP_AFFINITY: OS proc 90 maps to socket 1 core 24 thread 1 
OMP: Info #171: KMP_AFFINITY: OS proc 43 maps to socket 1 core 25 thread 0 
OMP: Info #171: KMP_AFFINITY: OS proc 91 maps to socket 1 core 25 thread 1 
OMP: Info #171: KMP_AFFINITY: OS proc 44 maps to socket 1 core 26 thread 0 
OMP: Info #171: KMP_AFFINITY: OS proc 92 maps to socket 1 core 26 thread 1 
OMP: Info #171: KMP_AFFINITY: OS proc 45 maps to socket 1 core 27 thread 0 
OMP: Info #171: KMP_AFFINITY: OS proc 93 maps to socket 1 core 27 thread 1 
OMP: Info #171: KMP_AFFINITY: OS proc 46 maps to socket 1 core 28 thread 0 
OMP: Info #171: KMP_AFFINITY: OS proc 94 maps to socket 1 core 28 thread 1 
OMP: Info #171: KMP_AFFINITY: OS proc 47 maps to socket 1 core 29 thread 0 
OMP: Info #171: KMP_AFFINITY: OS proc 95 maps to socket 1 core 29 thread 1 
OMP: Info #251: KMP_AFFINITY: pid 3998849 tid 3998849 thread 0 bound to OS proc set 0


Resolution: 6500
===================
Execution time: 1.176290
Residual: 3.049154

megaflops:  5028.5
  flop instructions (M):  5915.000
Resolutions       : (6500, 7500, ... 6500)
Iterations        : 20
Num. Heat sources : 2
   1: (0.00, 0.00) 1.00 1.00 
   2: (1.00, 1.00) 1.00 0.50 
OMP: Info #154: KMP_AFFINITY: Initial OS proc set respected: 0-95
OMP: Info #213: KMP_AFFINITY: decoding x2APIC ids.
OMP: Info #276: KMP_AFFINITY: Affinity capable, using global cpuid leaf 11 info
OMP: Info #156: KMP_AFFINITY: 96 available OS procs
OMP: Info #157: KMP_AFFINITY: Uniform topology
OMP: Info #191: KMP_AFFINITY: 2 sockets x 24 cores/socket x 2 threads/core (48 total cores)
OMP: Info #215: KMP_AFFINITY: OS proc to physical thread map:
OMP: Info #171: KMP_AFFINITY: OS proc 0 maps to socket 0 core 0 thread 0 
OMP: Info #171: KMP_AFFINITY: OS proc 48 maps to socket 0 core 0 thread 1 
OMP: Info #171: KMP_AFFINITY: OS proc 1 maps to socket 0 core 1 thread 0 
OMP: Info #171: KMP_AFFINITY: OS proc 49 maps to socket 0 core 1 thread 1 
OMP: Info #171: KMP_AFFINITY: OS proc 2 maps to socket 0 core 2 thread 0 
OMP: Info #171: KMP_AFFINITY: OS proc 50 maps to socket 0 core 2 thread 1 
OMP: Info #171: KMP_AFFINITY: OS proc 3 maps to socket 0 core 3 thread 0 
OMP: Info #171: KMP_AFFINITY: OS proc 51 maps to socket 0 core 3 thread 1 
OMP: Info #171: KMP_AFFINITY: OS proc 4 maps to socket 0 core 4 thread 0 
OMP: Info #171: KMP_AFFINITY: OS proc 52 maps to socket 0 core 4 thread 1 
OMP: Info #171: KMP_AFFINITY: OS proc 5 maps to socket 0 core 5 thread 0 
OMP: Info #171: KMP_AFFINITY: OS proc 53 maps to socket 0 core 5 thread 1 
OMP: Info #171: KMP_AFFINITY: OS proc 6 maps to socket 0 core 8 thread 0 
OMP: Info #171: KMP_AFFINITY: OS proc 54 maps to socket 0 core 8 thread 1 
OMP: Info #171: KMP_AFFINITY: OS proc 7 maps to socket 0 core 9 thread 0 
OMP: Info #171: KMP_AFFINITY: OS proc 55 maps to socket 0 core 9 thread 1 
OMP: Info #171: KMP_AFFINITY: OS proc 8 maps to socket 0 core 10 thread 0 
OMP: Info #171: KMP_AFFINITY: OS proc 56 maps to socket 0 core 10 thread 1 
OMP: Info #171: KMP_AFFINITY: OS proc 9 maps to socket 0 core 11 thread 0 
OMP: Info #171: KMP_AFFINITY: OS proc 57 maps to socket 0 core 11 thread 1 
OMP: Info #171: KMP_AFFINITY: OS proc 10 maps to socket 0 core 12 thread 0 
OMP: Info #171: KMP_AFFINITY: OS proc 58 maps to socket 0 core 12 thread 1 
OMP: Info #171: KMP_AFFINITY: OS proc 11 maps to socket 0 core 13 thread 0 
OMP: Info #171: KMP_AFFINITY: OS proc 59 maps to socket 0 core 13 thread 1 
OMP: Info #171: KMP_AFFINITY: OS proc 12 maps to socket 0 core 16 thread 0 
OMP: Info #171: KMP_AFFINITY: OS proc 60 maps to socket 0 core 16 thread 1 
OMP: Info #171: KMP_AFFINITY: OS proc 13 maps to socket 0 core 17 thread 0 
OMP: Info #171: KMP_AFFINITY: OS proc 61 maps to socket 0 core 17 thread 1 
OMP: Info #171: KMP_AFFINITY: OS proc 14 maps to socket 0 core 18 thread 0 
OMP: Info #171: KMP_AFFINITY: OS proc 62 maps to socket 0 core 18 thread 1 
OMP: Info #171: KMP_AFFINITY: OS proc 15 maps to socket 0 core 19 thread 0 
OMP: Info #171: KMP_AFFINITY: OS proc 63 maps to socket 0 core 19 thread 1 
OMP: Info #171: KMP_AFFINITY: OS proc 16 maps to socket 0 core 20 thread 0 
OMP: Info #171: KMP_AFFINITY: OS proc 64 maps to socket 0 core 20 thread 1 
OMP: Info #171: KMP_AFFINITY: OS proc 17 maps to socket 0 core 21 thread 0 
OMP: Info #171: KMP_AFFINITY: OS proc 65 maps to socket 0 core 21 thread 1 
OMP: Info #171: KMP_AFFINITY: OS proc 18 maps to socket 0 core 24 thread 0 
OMP: Info #171: KMP_AFFINITY: OS proc 66 maps to socket 0 core 24 thread 1 
OMP: Info #171: KMP_AFFINITY: OS proc 19 maps to socket 0 core 25 thread 0 
OMP: Info #171: KMP_AFFINITY: OS proc 67 maps to socket 0 core 25 thread 1 
OMP: Info #171: KMP_AFFINITY: OS proc 20 maps to socket 0 core 26 thread 0 
OMP: Info #171: KMP_AFFINITY: OS proc 68 maps to socket 0 core 26 thread 1 
OMP: Info #171: KMP_AFFINITY: OS proc 21 maps to socket 0 core 27 thread 0 
OMP: Info #171: KMP_AFFINITY: OS proc 69 maps to socket 0 core 27 thread 1 
OMP: Info #171: KMP_AFFINITY: OS proc 22 maps to socket 0 core 28 thread 0 
OMP: Info #171: KMP_AFFINITY: OS proc 70 maps to socket 0 core 28 thread 1 
OMP: Info #171: KMP_AFFINITY: OS proc 23 maps to socket 0 core 29 thread 0 
OMP: Info #171: KMP_AFFINITY: OS proc 71 maps to socket 0 core 29 thread 1 
OMP: Info #171: KMP_AFFINITY: OS proc 24 maps to socket 1 core 0 thread 0 
OMP: Info #171: KMP_AFFINITY: OS proc 72 maps to socket 1 core 0 thread 1 
OMP: Info #171: KMP_AFFINITY: OS proc 25 maps to socket 1 core 1 thread 0 
OMP: Info #171: KMP_AFFINITY: OS proc 73 maps to socket 1 core 1 thread 1 
OMP: Info #171: KMP_AFFINITY: OS proc 26 maps to socket 1 core 2 thread 0 
OMP: Info #171: KMP_AFFINITY: OS proc 74 maps to socket 1 core 2 thread 1 
OMP: Info #171: KMP_AFFINITY: OS proc 27 maps to socket 1 core 3 thread 0 
OMP: Info #171: KMP_AFFINITY: OS proc 75 maps to socket 1 core 3 thread 1 
OMP: Info #171: KMP_AFFINITY: OS proc 28 maps to socket 1 core 4 thread 0 
OMP: Info #171: KMP_AFFINITY: OS proc 76 maps to socket 1 core 4 thread 1 
OMP: Info #171: KMP_AFFINITY: OS proc 29 maps to socket 1 core 5 thread 0 
OMP: Info #171: KMP_AFFINITY: OS proc 77 maps to socket 1 core 5 thread 1 
OMP: Info #171: KMP_AFFINITY: OS proc 30 maps to socket 1 core 8 thread 0 
OMP: Info #171: KMP_AFFINITY: OS proc 78 maps to socket 1 core 8 thread 1 
OMP: Info #171: KMP_AFFINITY: OS proc 31 maps to socket 1 core 9 thread 0 
OMP: Info #171: KMP_AFFINITY: OS proc 79 maps to socket 1 core 9 thread 1 
OMP: Info #171: KMP_AFFINITY: OS proc 32 maps to socket 1 core 10 thread 0 
OMP: Info #171: KMP_AFFINITY: OS proc 80 maps to socket 1 core 10 thread 1 
OMP: Info #171: KMP_AFFINITY: OS proc 33 maps to socket 1 core 11 thread 0 
OMP: Info #171: KMP_AFFINITY: OS proc 81 maps to socket 1 core 11 thread 1 
OMP: Info #171: KMP_AFFINITY: OS proc 34 maps to socket 1 core 12 thread 0 
OMP: Info #171: KMP_AFFINITY: OS proc 82 maps to socket 1 core 12 thread 1 
OMP: Info #171: KMP_AFFINITY: OS proc 35 maps to socket 1 core 13 thread 0 
OMP: Info #171: KMP_AFFINITY: OS proc 83 maps to socket 1 core 13 thread 1 
OMP: Info #171: KMP_AFFINITY: OS proc 36 maps to socket 1 core 16 thread 0 
OMP: Info #171: KMP_AFFINITY: OS proc 84 maps to socket 1 core 16 thread 1 
OMP: Info #171: KMP_AFFINITY: OS proc 37 maps to socket 1 core 17 thread 0 
OMP: Info #171: KMP_AFFINITY: OS proc 85 maps to socket 1 core 17 thread 1 
OMP: Info #171: KMP_AFFINITY: OS proc 38 maps to socket 1 core 18 thread 0 
OMP: Info #171: KMP_AFFINITY: OS proc 86 maps to socket 1 core 18 thread 1 
OMP: Info #171: KMP_AFFINITY: OS proc 39 maps to socket 1 core 19 thread 0 
OMP: Info #171: KMP_AFFINITY: OS proc 87 maps to socket 1 core 19 thread 1 
OMP: Info #171: KMP_AFFINITY: OS proc 40 maps to socket 1 core 20 thread 0 
OMP: Info #171: KMP_AFFINITY: OS proc 88 maps to socket 1 core 20 thread 1 
OMP: Info #171: KMP_AFFINITY: OS proc 41 maps to socket 1 core 21 thread 0 
OMP: Info #171: KMP_AFFINITY: OS proc 89 maps to socket 1 core 21 thread 1 
OMP: Info #171: KMP_AFFINITY: OS proc 42 maps to socket 1 core 24 thread 0 
OMP: Info #171: KMP_AFFINITY: OS proc 90 maps to socket 1 core 24 thread 1 
OMP: Info #171: KMP_AFFINITY: OS proc 43 maps to socket 1 core 25 thread 0 
OMP: Info #171: KMP_AFFINITY: OS proc 91 maps to socket 1 core 25 thread 1 
OMP: Info #171: KMP_AFFINITY: OS proc 44 maps to socket 1 core 26 thread 0 
OMP: Info #171: KMP_AFFINITY: OS proc 92 maps to socket 1 core 26 thread 1 
OMP: Info #171: KMP_AFFINITY: OS proc 45 maps to socket 1 core 27 thread 0 
OMP: Info #171: KMP_AFFINITY: OS proc 93 maps to socket 1 core 27 thread 1 
OMP: Info #171: KMP_AFFINITY: OS proc 46 maps to socket 1 core 28 thread 0 
OMP: Info #171: KMP_AFFINITY: OS proc 94 maps to socket 1 core 28 thread 1 
OMP: Info #171: KMP_AFFINITY: OS proc 47 maps to socket 1 core 29 thread 0 
OMP: Info #171: KMP_AFFINITY: OS proc 95 maps to socket 1 core 29 thread 1 
OMP: Info #251: KMP_AFFINITY: pid 3998850 tid 3998850 thread 0 bound to OS proc set 0
OMP: Info #251: KMP_AFFINITY: pid 3998850 tid 3998851 thread 1 bound to OS proc set 24


Resolution: 6500
===================
Execution time: 0.736378
Residual: 3.049154

megaflops:  8032.6
  flop instructions (M):  5915.000
Resolutions       : (6500, 7500, ... 6500)
Iterations        : 20
Num. Heat sources : 2
   1: (0.00, 0.00) 1.00 1.00 
   2: (1.00, 1.00) 1.00 0.50 
OMP: Info #154: KMP_AFFINITY: Initial OS proc set respected: 0-95
OMP: Info #213: KMP_AFFINITY: decoding x2APIC ids.
OMP: Info #276: KMP_AFFINITY: Affinity capable, using global cpuid leaf 11 info
OMP: Info #156: KMP_AFFINITY: 96 available OS procs
OMP: Info #157: KMP_AFFINITY: Uniform topology
OMP: Info #191: KMP_AFFINITY: 2 sockets x 24 cores/socket x 2 threads/core (48 total cores)
OMP: Info #215: KMP_AFFINITY: OS proc to physical thread map:
OMP: Info #171: KMP_AFFINITY: OS proc 0 maps to socket 0 core 0 thread 0 
OMP: Info #171: KMP_AFFINITY: OS proc 48 maps to socket 0 core 0 thread 1 
OMP: Info #171: KMP_AFFINITY: OS proc 1 maps to socket 0 core 1 thread 0 
OMP: Info #171: KMP_AFFINITY: OS proc 49 maps to socket 0 core 1 thread 1 
OMP: Info #171: KMP_AFFINITY: OS proc 2 maps to socket 0 core 2 thread 0 
OMP: Info #171: KMP_AFFINITY: OS proc 50 maps to socket 0 core 2 thread 1 
OMP: Info #171: KMP_AFFINITY: OS proc 3 maps to socket 0 core 3 thread 0 
OMP: Info #171: KMP_AFFINITY: OS proc 51 maps to socket 0 core 3 thread 1 
OMP: Info #171: KMP_AFFINITY: OS proc 4 maps to socket 0 core 4 thread 0 
OMP: Info #171: KMP_AFFINITY: OS proc 52 maps to socket 0 core 4 thread 1 
OMP: Info #171: KMP_AFFINITY: OS proc 5 maps to socket 0 core 5 thread 0 
OMP: Info #171: KMP_AFFINITY: OS proc 53 maps to socket 0 core 5 thread 1 
OMP: Info #171: KMP_AFFINITY: OS proc 6 maps to socket 0 core 8 thread 0 
OMP: Info #171: KMP_AFFINITY: OS proc 54 maps to socket 0 core 8 thread 1 
OMP: Info #171: KMP_AFFINITY: OS proc 7 maps to socket 0 core 9 thread 0 
OMP: Info #171: KMP_AFFINITY: OS proc 55 maps to socket 0 core 9 thread 1 
OMP: Info #171: KMP_AFFINITY: OS proc 8 maps to socket 0 core 10 thread 0 
OMP: Info #171: KMP_AFFINITY: OS proc 56 maps to socket 0 core 10 thread 1 
OMP: Info #171: KMP_AFFINITY: OS proc 9 maps to socket 0 core 11 thread 0 
OMP: Info #171: KMP_AFFINITY: OS proc 57 maps to socket 0 core 11 thread 1 
OMP: Info #171: KMP_AFFINITY: OS proc 10 maps to socket 0 core 12 thread 0 
OMP: Info #171: KMP_AFFINITY: OS proc 58 maps to socket 0 core 12 thread 1 
OMP: Info #171: KMP_AFFINITY: OS proc 11 maps to socket 0 core 13 thread 0 
OMP: Info #171: KMP_AFFINITY: OS proc 59 maps to socket 0 core 13 thread 1 
OMP: Info #171: KMP_AFFINITY: OS proc 12 maps to socket 0 core 16 thread 0 
OMP: Info #171: KMP_AFFINITY: OS proc 60 maps to socket 0 core 16 thread 1 
OMP: Info #171: KMP_AFFINITY: OS proc 13 maps to socket 0 core 17 thread 0 
OMP: Info #171: KMP_AFFINITY: OS proc 61 maps to socket 0 core 17 thread 1 
OMP: Info #171: KMP_AFFINITY: OS proc 14 maps to socket 0 core 18 thread 0 
OMP: Info #171: KMP_AFFINITY: OS proc 62 maps to socket 0 core 18 thread 1 
OMP: Info #171: KMP_AFFINITY: OS proc 15 maps to socket 0 core 19 thread 0 
OMP: Info #171: KMP_AFFINITY: OS proc 63 maps to socket 0 core 19 thread 1 
OMP: Info #171: KMP_AFFINITY: OS proc 16 maps to socket 0 core 20 thread 0 
OMP: Info #171: KMP_AFFINITY: OS proc 64 maps to socket 0 core 20 thread 1 
OMP: Info #171: KMP_AFFINITY: OS proc 17 maps to socket 0 core 21 thread 0 
OMP: Info #171: KMP_AFFINITY: OS proc 65 maps to socket 0 core 21 thread 1 
OMP: Info #171: KMP_AFFINITY: OS proc 18 maps to socket 0 core 24 thread 0 
OMP: Info #171: KMP_AFFINITY: OS proc 66 maps to socket 0 core 24 thread 1 
OMP: Info #171: KMP_AFFINITY: OS proc 19 maps to socket 0 core 25 thread 0 
OMP: Info #171: KMP_AFFINITY: OS proc 67 maps to socket 0 core 25 thread 1 
OMP: Info #171: KMP_AFFINITY: OS proc 20 maps to socket 0 core 26 thread 0 
OMP: Info #171: KMP_AFFINITY: OS proc 68 maps to socket 0 core 26 thread 1 
OMP: Info #171: KMP_AFFINITY: OS proc 21 maps to socket 0 core 27 thread 0 
OMP: Info #171: KMP_AFFINITY: OS proc 69 maps to socket 0 core 27 thread 1 
OMP: Info #171: KMP_AFFINITY: OS proc 22 maps to socket 0 core 28 thread 0 
OMP: Info #171: KMP_AFFINITY: OS proc 70 maps to socket 0 core 28 thread 1 
OMP: Info #171: KMP_AFFINITY: OS proc 23 maps to socket 0 core 29 thread 0 
OMP: Info #171: KMP_AFFINITY: OS proc 71 maps to socket 0 core 29 thread 1 
OMP: Info #171: KMP_AFFINITY: OS proc 24 maps to socket 1 core 0 thread 0 
OMP: Info #171: KMP_AFFINITY: OS proc 72 maps to socket 1 core 0 thread 1 
OMP: Info #171: KMP_AFFINITY: OS proc 25 maps to socket 1 core 1 thread 0 
OMP: Info #171: KMP_AFFINITY: OS proc 73 maps to socket 1 core 1 thread 1 
OMP: Info #171: KMP_AFFINITY: OS proc 26 maps to socket 1 core 2 thread 0 
OMP: Info #171: KMP_AFFINITY: OS proc 74 maps to socket 1 core 2 thread 1 
OMP: Info #171: KMP_AFFINITY: OS proc 27 maps to socket 1 core 3 thread 0 
OMP: Info #171: KMP_AFFINITY: OS proc 75 maps to socket 1 core 3 thread 1 
OMP: Info #171: KMP_AFFINITY: OS proc 28 maps to socket 1 core 4 thread 0 
OMP: Info #171: KMP_AFFINITY: OS proc 76 maps to socket 1 core 4 thread 1 
OMP: Info #171: KMP_AFFINITY: OS proc 29 maps to socket 1 core 5 thread 0 
OMP: Info #171: KMP_AFFINITY: OS proc 77 maps to socket 1 core 5 thread 1 
OMP: Info #171: KMP_AFFINITY: OS proc 30 maps to socket 1 core 8 thread 0 
OMP: Info #171: KMP_AFFINITY: OS proc 78 maps to socket 1 core 8 thread 1 
OMP: Info #171: KMP_AFFINITY: OS proc 31 maps to socket 1 core 9 thread 0 
OMP: Info #171: KMP_AFFINITY: OS proc 79 maps to socket 1 core 9 thread 1 
OMP: Info #171: KMP_AFFINITY: OS proc 32 maps to socket 1 core 10 thread 0 
OMP: Info #171: KMP_AFFINITY: OS proc 80 maps to socket 1 core 10 thread 1 
OMP: Info #171: KMP_AFFINITY: OS proc 33 maps to socket 1 core 11 thread 0 
OMP: Info #171: KMP_AFFINITY: OS proc 81 maps to socket 1 core 11 thread 1 
OMP: Info #171: KMP_AFFINITY: OS proc 34 maps to socket 1 core 12 thread 0 
OMP: Info #171: KMP_AFFINITY: OS proc 82 maps to socket 1 core 12 thread 1 
OMP: Info #171: KMP_AFFINITY: OS proc 35 maps to socket 1 core 13 thread 0 
OMP: Info #171: KMP_AFFINITY: OS proc 83 maps to socket 1 core 13 thread 1 
OMP: Info #171: KMP_AFFINITY: OS proc 36 maps to socket 1 core 16 thread 0 
OMP: Info #171: KMP_AFFINITY: OS proc 84 maps to socket 1 core 16 thread 1 
OMP: Info #171: KMP_AFFINITY: OS proc 37 maps to socket 1 core 17 thread 0 
OMP: Info #171: KMP_AFFINITY: OS proc 85 maps to socket 1 core 17 thread 1 
OMP: Info #171: KMP_AFFINITY: OS proc 38 maps to socket 1 core 18 thread 0 
OMP: Info #171: KMP_AFFINITY: OS proc 86 maps to socket 1 core 18 thread 1 
OMP: Info #171: KMP_AFFINITY: OS proc 39 maps to socket 1 core 19 thread 0 
OMP: Info #171: KMP_AFFINITY: OS proc 87 maps to socket 1 core 19 thread 1 
OMP: Info #171: KMP_AFFINITY: OS proc 40 maps to socket 1 core 20 thread 0 
OMP: Info #171: KMP_AFFINITY: OS proc 88 maps to socket 1 core 20 thread 1 
OMP: Info #171: KMP_AFFINITY: OS proc 41 maps to socket 1 core 21 thread 0 
OMP: Info #171: KMP_AFFINITY: OS proc 89 maps to socket 1 core 21 thread 1 
OMP: Info #171: KMP_AFFINITY: OS proc 42 maps to socket 1 core 24 thread 0 
OMP: Info #171: KMP_AFFINITY: OS proc 90 maps to socket 1 core 24 thread 1 
OMP: Info #171: KMP_AFFINITY: OS proc 43 maps to socket 1 core 25 thread 0 
OMP: Info #171: KMP_AFFINITY: OS proc 91 maps to socket 1 core 25 thread 1 
OMP: Info #171: KMP_AFFINITY: OS proc 44 maps to socket 1 core 26 thread 0 
OMP: Info #171: KMP_AFFINITY: OS proc 92 maps to socket 1 core 26 thread 1 
OMP: Info #171: KMP_AFFINITY: OS proc 45 maps to socket 1 core 27 thread 0 
OMP: Info #171: KMP_AFFINITY: OS proc 93 maps to socket 1 core 27 thread 1 
OMP: Info #171: KMP_AFFINITY: OS proc 46 maps to socket 1 core 28 thread 0 
OMP: Info #171: KMP_AFFINITY: OS proc 94 maps to socket 1 core 28 thread 1 
OMP: Info #171: KMP_AFFINITY: OS proc 47 maps to socket 1 core 29 thread 0 
OMP: Info #171: KMP_AFFINITY: OS proc 95 maps to socket 1 core 29 thread 1 
OMP: Info #251: KMP_AFFINITY: pid 3998852 tid 3998852 thread 0 bound to OS proc set 0
OMP: Info #251: KMP_AFFINITY: pid 3998852 tid 3998853 thread 1 bound to OS proc set 24
OMP: Info #251: KMP_AFFINITY: pid 3998852 tid 3998854 thread 2 bound to OS proc set 1
OMP: Info #251: KMP_AFFINITY: pid 3998852 tid 3998855 thread 3 bound to OS proc set 25


Resolution: 6500
===================
Execution time: 0.388192
Residual: 3.049154

megaflops:  15237.3
  flop instructions (M):  5915.000
Resolutions       : (6500, 7500, ... 6500)
Iterations        : 20
Num. Heat sources : 2
   1: (0.00, 0.00) 1.00 1.00 
   2: (1.00, 1.00) 1.00 0.50 
OMP: Info #154: KMP_AFFINITY: Initial OS proc set respected: 0-95
OMP: Info #213: KMP_AFFINITY: decoding x2APIC ids.
OMP: Info #276: KMP_AFFINITY: Affinity capable, using global cpuid leaf 11 info
OMP: Info #156: KMP_AFFINITY: 96 available OS procs
OMP: Info #157: KMP_AFFINITY: Uniform topology
OMP: Info #191: KMP_AFFINITY: 2 sockets x 24 cores/socket x 2 threads/core (48 total cores)
OMP: Info #215: KMP_AFFINITY: OS proc to physical thread map:
OMP: Info #171: KMP_AFFINITY: OS proc 0 maps to socket 0 core 0 thread 0 
OMP: Info #171: KMP_AFFINITY: OS proc 48 maps to socket 0 core 0 thread 1 
OMP: Info #171: KMP_AFFINITY: OS proc 1 maps to socket 0 core 1 thread 0 
OMP: Info #171: KMP_AFFINITY: OS proc 49 maps to socket 0 core 1 thread 1 
OMP: Info #171: KMP_AFFINITY: OS proc 2 maps to socket 0 core 2 thread 0 
OMP: Info #171: KMP_AFFINITY: OS proc 50 maps to socket 0 core 2 thread 1 
OMP: Info #171: KMP_AFFINITY: OS proc 3 maps to socket 0 core 3 thread 0 
OMP: Info #171: KMP_AFFINITY: OS proc 51 maps to socket 0 core 3 thread 1 
OMP: Info #171: KMP_AFFINITY: OS proc 4 maps to socket 0 core 4 thread 0 
OMP: Info #171: KMP_AFFINITY: OS proc 52 maps to socket 0 core 4 thread 1 
OMP: Info #171: KMP_AFFINITY: OS proc 5 maps to socket 0 core 5 thread 0 
OMP: Info #171: KMP_AFFINITY: OS proc 53 maps to socket 0 core 5 thread 1 
OMP: Info #171: KMP_AFFINITY: OS proc 6 maps to socket 0 core 8 thread 0 
OMP: Info #171: KMP_AFFINITY: OS proc 54 maps to socket 0 core 8 thread 1 
OMP: Info #171: KMP_AFFINITY: OS proc 7 maps to socket 0 core 9 thread 0 
OMP: Info #171: KMP_AFFINITY: OS proc 55 maps to socket 0 core 9 thread 1 
OMP: Info #171: KMP_AFFINITY: OS proc 8 maps to socket 0 core 10 thread 0 
OMP: Info #171: KMP_AFFINITY: OS proc 56 maps to socket 0 core 10 thread 1 
OMP: Info #171: KMP_AFFINITY: OS proc 9 maps to socket 0 core 11 thread 0 
OMP: Info #171: KMP_AFFINITY: OS proc 57 maps to socket 0 core 11 thread 1 
OMP: Info #171: KMP_AFFINITY: OS proc 10 maps to socket 0 core 12 thread 0 
OMP: Info #171: KMP_AFFINITY: OS proc 58 maps to socket 0 core 12 thread 1 
OMP: Info #171: KMP_AFFINITY: OS proc 11 maps to socket 0 core 13 thread 0 
OMP: Info #171: KMP_AFFINITY: OS proc 59 maps to socket 0 core 13 thread 1 
OMP: Info #171: KMP_AFFINITY: OS proc 12 maps to socket 0 core 16 thread 0 
OMP: Info #171: KMP_AFFINITY: OS proc 60 maps to socket 0 core 16 thread 1 
OMP: Info #171: KMP_AFFINITY: OS proc 13 maps to socket 0 core 17 thread 0 
OMP: Info #171: KMP_AFFINITY: OS proc 61 maps to socket 0 core 17 thread 1 
OMP: Info #171: KMP_AFFINITY: OS proc 14 maps to socket 0 core 18 thread 0 
OMP: Info #171: KMP_AFFINITY: OS proc 62 maps to socket 0 core 18 thread 1 
OMP: Info #171: KMP_AFFINITY: OS proc 15 maps to socket 0 core 19 thread 0 
OMP: Info #171: KMP_AFFINITY: OS proc 63 maps to socket 0 core 19 thread 1 
OMP: Info #171: KMP_AFFINITY: OS proc 16 maps to socket 0 core 20 thread 0 
OMP: Info #171: KMP_AFFINITY: OS proc 64 maps to socket 0 core 20 thread 1 
OMP: Info #171: KMP_AFFINITY: OS proc 17 maps to socket 0 core 21 thread 0 
OMP: Info #171: KMP_AFFINITY: OS proc 65 maps to socket 0 core 21 thread 1 
OMP: Info #171: KMP_AFFINITY: OS proc 18 maps to socket 0 core 24 thread 0 
OMP: Info #171: KMP_AFFINITY: OS proc 66 maps to socket 0 core 24 thread 1 
OMP: Info #171: KMP_AFFINITY: OS proc 19 maps to socket 0 core 25 thread 0 
OMP: Info #171: KMP_AFFINITY: OS proc 67 maps to socket 0 core 25 thread 1 
OMP: Info #171: KMP_AFFINITY: OS proc 20 maps to socket 0 core 26 thread 0 
OMP: Info #171: KMP_AFFINITY: OS proc 68 maps to socket 0 core 26 thread 1 
OMP: Info #171: KMP_AFFINITY: OS proc 21 maps to socket 0 core 27 thread 0 
OMP: Info #171: KMP_AFFINITY: OS proc 69 maps to socket 0 core 27 thread 1 
OMP: Info #171: KMP_AFFINITY: OS proc 22 maps to socket 0 core 28 thread 0 
OMP: Info #171: KMP_AFFINITY: OS proc 70 maps to socket 0 core 28 thread 1 
OMP: Info #171: KMP_AFFINITY: OS proc 23 maps to socket 0 core 29 thread 0 
OMP: Info #171: KMP_AFFINITY: OS proc 71 maps to socket 0 core 29 thread 1 
OMP: Info #171: KMP_AFFINITY: OS proc 24 maps to socket 1 core 0 thread 0 
OMP: Info #171: KMP_AFFINITY: OS proc 72 maps to socket 1 core 0 thread 1 
OMP: Info #171: KMP_AFFINITY: OS proc 25 maps to socket 1 core 1 thread 0 
OMP: Info #171: KMP_AFFINITY: OS proc 73 maps to socket 1 core 1 thread 1 
OMP: Info #171: KMP_AFFINITY: OS proc 26 maps to socket 1 core 2 thread 0 
OMP: Info #171: KMP_AFFINITY: OS proc 74 maps to socket 1 core 2 thread 1 
OMP: Info #171: KMP_AFFINITY: OS proc 27 maps to socket 1 core 3 thread 0 
OMP: Info #171: KMP_AFFINITY: OS proc 75 maps to socket 1 core 3 thread 1 
OMP: Info #171: KMP_AFFINITY: OS proc 28 maps to socket 1 core 4 thread 0 
OMP: Info #171: KMP_AFFINITY: OS proc 76 maps to socket 1 core 4 thread 1 
OMP: Info #171: KMP_AFFINITY: OS proc 29 maps to socket 1 core 5 thread 0 
OMP: Info #171: KMP_AFFINITY: OS proc 77 maps to socket 1 core 5 thread 1 
OMP: Info #171: KMP_AFFINITY: OS proc 30 maps to socket 1 core 8 thread 0 
OMP: Info #171: KMP_AFFINITY: OS proc 78 maps to socket 1 core 8 thread 1 
OMP: Info #171: KMP_AFFINITY: OS proc 31 maps to socket 1 core 9 thread 0 
OMP: Info #171: KMP_AFFINITY: OS proc 79 maps to socket 1 core 9 thread 1 
OMP: Info #171: KMP_AFFINITY: OS proc 32 maps to socket 1 core 10 thread 0 
OMP: Info #171: KMP_AFFINITY: OS proc 80 maps to socket 1 core 10 thread 1 
OMP: Info #171: KMP_AFFINITY: OS proc 33 maps to socket 1 core 11 thread 0 
OMP: Info #171: KMP_AFFINITY: OS proc 81 maps to socket 1 core 11 thread 1 
OMP: Info #171: KMP_AFFINITY: OS proc 34 maps to socket 1 core 12 thread 0 
OMP: Info #171: KMP_AFFINITY: OS proc 82 maps to socket 1 core 12 thread 1 
OMP: Info #171: KMP_AFFINITY: OS proc 35 maps to socket 1 core 13 thread 0 
OMP: Info #171: KMP_AFFINITY: OS proc 83 maps to socket 1 core 13 thread 1 
OMP: Info #171: KMP_AFFINITY: OS proc 36 maps to socket 1 core 16 thread 0 
OMP: Info #171: KMP_AFFINITY: OS proc 84 maps to socket 1 core 16 thread 1 
OMP: Info #171: KMP_AFFINITY: OS proc 37 maps to socket 1 core 17 thread 0 
OMP: Info #171: KMP_AFFINITY: OS proc 85 maps to socket 1 core 17 thread 1 
OMP: Info #171: KMP_AFFINITY: OS proc 38 maps to socket 1 core 18 thread 0 
OMP: Info #171: KMP_AFFINITY: OS proc 86 maps to socket 1 core 18 thread 1 
OMP: Info #171: KMP_AFFINITY: OS proc 39 maps to socket 1 core 19 thread 0 
OMP: Info #171: KMP_AFFINITY: OS proc 87 maps to socket 1 core 19 thread 1 
OMP: Info #171: KMP_AFFINITY: OS proc 40 maps to socket 1 core 20 thread 0 
OMP: Info #171: KMP_AFFINITY: OS proc 88 maps to socket 1 core 20 thread 1 
OMP: Info #171: KMP_AFFINITY: OS proc 41 maps to socket 1 core 21 thread 0 
OMP: Info #171: KMP_AFFINITY: OS proc 89 maps to socket 1 core 21 thread 1 
OMP: Info #171: KMP_AFFINITY: OS proc 42 maps to socket 1 core 24 thread 0 
OMP: Info #171: KMP_AFFINITY: OS proc 90 maps to socket 1 core 24 thread 1 
OMP: Info #171: KMP_AFFINITY: OS proc 43 maps to socket 1 core 25 thread 0 
OMP: Info #171: KMP_AFFINITY: OS proc 91 maps to socket 1 core 25 thread 1 
OMP: Info #171: KMP_AFFINITY: OS proc 44 maps to socket 1 core 26 thread 0 
OMP: Info #171: KMP_AFFINITY: OS proc 92 maps to socket 1 core 26 thread 1 
OMP: Info #171: KMP_AFFINITY: OS proc 45 maps to socket 1 core 27 thread 0 
OMP: Info #171: KMP_AFFINITY: OS proc 93 maps to socket 1 core 27 thread 1 
OMP: Info #171: KMP_AFFINITY: OS proc 46 maps to socket 1 core 28 thread 0 
OMP: Info #171: KMP_AFFINITY: OS proc 94 maps to socket 1 core 28 thread 1 
OMP: Info #171: KMP_AFFINITY: OS proc 47 maps to socket 1 core 29 thread 0 
OMP: Info #171: KMP_AFFINITY: OS proc 95 maps to socket 1 core 29 thread 1 
OMP: Info #251: KMP_AFFINITY: pid 3998856 tid 3998856 thread 0 bound to OS proc set 0
OMP: Info #251: KMP_AFFINITY: pid 3998856 tid 3998857 thread 1 bound to OS proc set 24
OMP: Info #251: KMP_AFFINITY: pid 3998856 tid 3998858 thread 2 bound to OS proc set 1
OMP: Info #251: KMP_AFFINITY: pid 3998856 tid 3998859 thread 3 bound to OS proc set 25
OMP: Info #251: KMP_AFFINITY: pid 3998856 tid 3998860 thread 4 bound to OS proc set 2
OMP: Info #251: KMP_AFFINITY: pid 3998856 tid 3998861 thread 5 bound to OS proc set 26
OMP: Info #251: KMP_AFFINITY: pid 3998856 tid 3998862 thread 6 bound to OS proc set 3
OMP: Info #251: KMP_AFFINITY: pid 3998856 tid 3998863 thread 7 bound to OS proc set 27


Resolution: 6500
===================
Execution time: 0.236594
Residual: 3.049154

megaflops:  25000.6
  flop instructions (M):  5915.000
Resolutions       : (6500, 7500, ... 6500)
Iterations        : 20
Num. Heat sources : 2
   1: (0.00, 0.00) 1.00 1.00 
   2: (1.00, 1.00) 1.00 0.50 
OMP: Info #154: KMP_AFFINITY: Initial OS proc set respected: 0-95
OMP: Info #213: KMP_AFFINITY: decoding x2APIC ids.
OMP: Info #276: KMP_AFFINITY: Affinity capable, using global cpuid leaf 11 info
OMP: Info #156: KMP_AFFINITY: 96 available OS procs
OMP: Info #157: KMP_AFFINITY: Uniform topology
OMP: Info #191: KMP_AFFINITY: 2 sockets x 24 cores/socket x 2 threads/core (48 total cores)
OMP: Info #215: KMP_AFFINITY: OS proc to physical thread map:
OMP: Info #171: KMP_AFFINITY: OS proc 0 maps to socket 0 core 0 thread 0 
OMP: Info #171: KMP_AFFINITY: OS proc 48 maps to socket 0 core 0 thread 1 
OMP: Info #171: KMP_AFFINITY: OS proc 1 maps to socket 0 core 1 thread 0 
OMP: Info #171: KMP_AFFINITY: OS proc 49 maps to socket 0 core 1 thread 1 
OMP: Info #171: KMP_AFFINITY: OS proc 2 maps to socket 0 core 2 thread 0 
OMP: Info #171: KMP_AFFINITY: OS proc 50 maps to socket 0 core 2 thread 1 
OMP: Info #171: KMP_AFFINITY: OS proc 3 maps to socket 0 core 3 thread 0 
OMP: Info #171: KMP_AFFINITY: OS proc 51 maps to socket 0 core 3 thread 1 
OMP: Info #171: KMP_AFFINITY: OS proc 4 maps to socket 0 core 4 thread 0 
OMP: Info #171: KMP_AFFINITY: OS proc 52 maps to socket 0 core 4 thread 1 
OMP: Info #171: KMP_AFFINITY: OS proc 5 maps to socket 0 core 5 thread 0 
OMP: Info #171: KMP_AFFINITY: OS proc 53 maps to socket 0 core 5 thread 1 
OMP: Info #171: KMP_AFFINITY: OS proc 6 maps to socket 0 core 8 thread 0 
OMP: Info #171: KMP_AFFINITY: OS proc 54 maps to socket 0 core 8 thread 1 
OMP: Info #171: KMP_AFFINITY: OS proc 7 maps to socket 0 core 9 thread 0 
OMP: Info #171: KMP_AFFINITY: OS proc 55 maps to socket 0 core 9 thread 1 
OMP: Info #171: KMP_AFFINITY: OS proc 8 maps to socket 0 core 10 thread 0 
OMP: Info #171: KMP_AFFINITY: OS proc 56 maps to socket 0 core 10 thread 1 
OMP: Info #171: KMP_AFFINITY: OS proc 9 maps to socket 0 core 11 thread 0 
OMP: Info #171: KMP_AFFINITY: OS proc 57 maps to socket 0 core 11 thread 1 
OMP: Info #171: KMP_AFFINITY: OS proc 10 maps to socket 0 core 12 thread 0 
OMP: Info #171: KMP_AFFINITY: OS proc 58 maps to socket 0 core 12 thread 1 
OMP: Info #171: KMP_AFFINITY: OS proc 11 maps to socket 0 core 13 thread 0 
OMP: Info #171: KMP_AFFINITY: OS proc 59 maps to socket 0 core 13 thread 1 
OMP: Info #171: KMP_AFFINITY: OS proc 12 maps to socket 0 core 16 thread 0 
OMP: Info #171: KMP_AFFINITY: OS proc 60 maps to socket 0 core 16 thread 1 
OMP: Info #171: KMP_AFFINITY: OS proc 13 maps to socket 0 core 17 thread 0 
OMP: Info #171: KMP_AFFINITY: OS proc 61 maps to socket 0 core 17 thread 1 
OMP: Info #171: KMP_AFFINITY: OS proc 14 maps to socket 0 core 18 thread 0 
OMP: Info #171: KMP_AFFINITY: OS proc 62 maps to socket 0 core 18 thread 1 
OMP: Info #171: KMP_AFFINITY: OS proc 15 maps to socket 0 core 19 thread 0 
OMP: Info #171: KMP_AFFINITY: OS proc 63 maps to socket 0 core 19 thread 1 
OMP: Info #171: KMP_AFFINITY: OS proc 16 maps to socket 0 core 20 thread 0 
OMP: Info #171: KMP_AFFINITY: OS proc 64 maps to socket 0 core 20 thread 1 
OMP: Info #171: KMP_AFFINITY: OS proc 17 maps to socket 0 core 21 thread 0 
OMP: Info #171: KMP_AFFINITY: OS proc 65 maps to socket 0 core 21 thread 1 
OMP: Info #171: KMP_AFFINITY: OS proc 18 maps to socket 0 core 24 thread 0 
OMP: Info #171: KMP_AFFINITY: OS proc 66 maps to socket 0 core 24 thread 1 
OMP: Info #171: KMP_AFFINITY: OS proc 19 maps to socket 0 core 25 thread 0 
OMP: Info #171: KMP_AFFINITY: OS proc 67 maps to socket 0 core 25 thread 1 
OMP: Info #171: KMP_AFFINITY: OS proc 20 maps to socket 0 core 26 thread 0 
OMP: Info #171: KMP_AFFINITY: OS proc 68 maps to socket 0 core 26 thread 1 
OMP: Info #171: KMP_AFFINITY: OS proc 21 maps to socket 0 core 27 thread 0 
OMP: Info #171: KMP_AFFINITY: OS proc 69 maps to socket 0 core 27 thread 1 
OMP: Info #171: KMP_AFFINITY: OS proc 22 maps to socket 0 core 28 thread 0 
OMP: Info #171: KMP_AFFINITY: OS proc 70 maps to socket 0 core 28 thread 1 
OMP: Info #171: KMP_AFFINITY: OS proc 23 maps to socket 0 core 29 thread 0 
OMP: Info #171: KMP_AFFINITY: OS proc 71 maps to socket 0 core 29 thread 1 
OMP: Info #171: KMP_AFFINITY: OS proc 24 maps to socket 1 core 0 thread 0 
OMP: Info #171: KMP_AFFINITY: OS proc 72 maps to socket 1 core 0 thread 1 
OMP: Info #171: KMP_AFFINITY: OS proc 25 maps to socket 1 core 1 thread 0 
OMP: Info #171: KMP_AFFINITY: OS proc 73 maps to socket 1 core 1 thread 1 
OMP: Info #171: KMP_AFFINITY: OS proc 26 maps to socket 1 core 2 thread 0 
OMP: Info #171: KMP_AFFINITY: OS proc 74 maps to socket 1 core 2 thread 1 
OMP: Info #171: KMP_AFFINITY: OS proc 27 maps to socket 1 core 3 thread 0 
OMP: Info #171: KMP_AFFINITY: OS proc 75 maps to socket 1 core 3 thread 1 
OMP: Info #171: KMP_AFFINITY: OS proc 28 maps to socket 1 core 4 thread 0 
OMP: Info #171: KMP_AFFINITY: OS proc 76 maps to socket 1 core 4 thread 1 
OMP: Info #171: KMP_AFFINITY: OS proc 29 maps to socket 1 core 5 thread 0 
OMP: Info #171: KMP_AFFINITY: OS proc 77 maps to socket 1 core 5 thread 1 
OMP: Info #171: KMP_AFFINITY: OS proc 30 maps to socket 1 core 8 thread 0 
OMP: Info #171: KMP_AFFINITY: OS proc 78 maps to socket 1 core 8 thread 1 
OMP: Info #171: KMP_AFFINITY: OS proc 31 maps to socket 1 core 9 thread 0 
OMP: Info #171: KMP_AFFINITY: OS proc 79 maps to socket 1 core 9 thread 1 
OMP: Info #171: KMP_AFFINITY: OS proc 32 maps to socket 1 core 10 thread 0 
OMP: Info #171: KMP_AFFINITY: OS proc 80 maps to socket 1 core 10 thread 1 
OMP: Info #171: KMP_AFFINITY: OS proc 33 maps to socket 1 core 11 thread 0 
OMP: Info #171: KMP_AFFINITY: OS proc 81 maps to socket 1 core 11 thread 1 
OMP: Info #171: KMP_AFFINITY: OS proc 34 maps to socket 1 core 12 thread 0 
OMP: Info #171: KMP_AFFINITY: OS proc 82 maps to socket 1 core 12 thread 1 
OMP: Info #171: KMP_AFFINITY: OS proc 35 maps to socket 1 core 13 thread 0 
OMP: Info #171: KMP_AFFINITY: OS proc 83 maps to socket 1 core 13 thread 1 
OMP: Info #171: KMP_AFFINITY: OS proc 36 maps to socket 1 core 16 thread 0 
OMP: Info #171: KMP_AFFINITY: OS proc 84 maps to socket 1 core 16 thread 1 
OMP: Info #171: KMP_AFFINITY: OS proc 37 maps to socket 1 core 17 thread 0 
OMP: Info #171: KMP_AFFINITY: OS proc 85 maps to socket 1 core 17 thread 1 
OMP: Info #171: KMP_AFFINITY: OS proc 38 maps to socket 1 core 18 thread 0 
OMP: Info #171: KMP_AFFINITY: OS proc 86 maps to socket 1 core 18 thread 1 
OMP: Info #171: KMP_AFFINITY: OS proc 39 maps to socket 1 core 19 thread 0 
OMP: Info #171: KMP_AFFINITY: OS proc 87 maps to socket 1 core 19 thread 1 
OMP: Info #171: KMP_AFFINITY: OS proc 40 maps to socket 1 core 20 thread 0 
OMP: Info #171: KMP_AFFINITY: OS proc 88 maps to socket 1 core 20 thread 1 
OMP: Info #171: KMP_AFFINITY: OS proc 41 maps to socket 1 core 21 thread 0 
OMP: Info #171: KMP_AFFINITY: OS proc 89 maps to socket 1 core 21 thread 1 
OMP: Info #171: KMP_AFFINITY: OS proc 42 maps to socket 1 core 24 thread 0 
OMP: Info #171: KMP_AFFINITY: OS proc 90 maps to socket 1 core 24 thread 1 
OMP: Info #171: KMP_AFFINITY: OS proc 43 maps to socket 1 core 25 thread 0 
OMP: Info #171: KMP_AFFINITY: OS proc 91 maps to socket 1 core 25 thread 1 
OMP: Info #171: KMP_AFFINITY: OS proc 44 maps to socket 1 core 26 thread 0 
OMP: Info #171: KMP_AFFINITY: OS proc 92 maps to socket 1 core 26 thread 1 
OMP: Info #171: KMP_AFFINITY: OS proc 45 maps to socket 1 core 27 thread 0 
OMP: Info #171: KMP_AFFINITY: OS proc 93 maps to socket 1 core 27 thread 1 
OMP: Info #171: KMP_AFFINITY: OS proc 46 maps to socket 1 core 28 thread 0 
OMP: Info #171: KMP_AFFINITY: OS proc 94 maps to socket 1 core 28 thread 1 
OMP: Info #171: KMP_AFFINITY: OS proc 47 maps to socket 1 core 29 thread 0 
OMP: Info #171: KMP_AFFINITY: OS proc 95 maps to socket 1 core 29 thread 1 
OMP: Info #251: KMP_AFFINITY: pid 3998864 tid 3998864 thread 0 bound to OS proc set 0
OMP: Info #251: KMP_AFFINITY: pid 3998864 tid 3998865 thread 1 bound to OS proc set 24
OMP: Info #251: KMP_AFFINITY: pid 3998864 tid 3998866 thread 2 bound to OS proc set 1
OMP: Info #251: KMP_AFFINITY: pid 3998864 tid 3998867 thread 3 bound to OS proc set 25
OMP: Info #251: KMP_AFFINITY: pid 3998864 tid 3998868 thread 4 bound to OS proc set 2
OMP: Info #251: KMP_AFFINITY: pid 3998864 tid 3998869 thread 5 bound to OS proc set 26
OMP: Info #251: KMP_AFFINITY: pid 3998864 tid 3998870 thread 6 bound to OS proc set 3
OMP: Info #251: KMP_AFFINITY: pid 3998864 tid 3998872 thread 8 bound to OS proc set 4
OMP: Info #251: KMP_AFFINITY: pid 3998864 tid 3998871 thread 7 bound to OS proc set 27
OMP: Info #251: KMP_AFFINITY: pid 3998864 tid 3998874 thread 10 bound to OS proc set 5
OMP: Info #251: KMP_AFFINITY: pid 3998864 tid 3998873 thread 9 bound to OS proc set 28
OMP: Info #251: KMP_AFFINITY: pid 3998864 tid 3998875 thread 11 bound to OS proc set 29


Resolution: 6500
===================
Execution time: 0.182507
Residual: 3.049154

megaflops:  32409.8
  flop instructions (M):  5915.000
Resolutions       : (6500, 7500, ... 6500)
Iterations        : 20
Num. Heat sources : 2
   1: (0.00, 0.00) 1.00 1.00 
   2: (1.00, 1.00) 1.00 0.50 
OMP: Info #154: KMP_AFFINITY: Initial OS proc set respected: 0-95
OMP: Info #213: KMP_AFFINITY: decoding x2APIC ids.
OMP: Info #276: KMP_AFFINITY: Affinity capable, using global cpuid leaf 11 info
OMP: Info #156: KMP_AFFINITY: 96 available OS procs
OMP: Info #157: KMP_AFFINITY: Uniform topology
OMP: Info #191: KMP_AFFINITY: 2 sockets x 24 cores/socket x 2 threads/core (48 total cores)
OMP: Info #215: KMP_AFFINITY: OS proc to physical thread map:
OMP: Info #171: KMP_AFFINITY: OS proc 0 maps to socket 0 core 0 thread 0 
OMP: Info #171: KMP_AFFINITY: OS proc 48 maps to socket 0 core 0 thread 1 
OMP: Info #171: KMP_AFFINITY: OS proc 1 maps to socket 0 core 1 thread 0 
OMP: Info #171: KMP_AFFINITY: OS proc 49 maps to socket 0 core 1 thread 1 
OMP: Info #171: KMP_AFFINITY: OS proc 2 maps to socket 0 core 2 thread 0 
OMP: Info #171: KMP_AFFINITY: OS proc 50 maps to socket 0 core 2 thread 1 
OMP: Info #171: KMP_AFFINITY: OS proc 3 maps to socket 0 core 3 thread 0 
OMP: Info #171: KMP_AFFINITY: OS proc 51 maps to socket 0 core 3 thread 1 
OMP: Info #171: KMP_AFFINITY: OS proc 4 maps to socket 0 core 4 thread 0 
OMP: Info #171: KMP_AFFINITY: OS proc 52 maps to socket 0 core 4 thread 1 
OMP: Info #171: KMP_AFFINITY: OS proc 5 maps to socket 0 core 5 thread 0 
OMP: Info #171: KMP_AFFINITY: OS proc 53 maps to socket 0 core 5 thread 1 
OMP: Info #171: KMP_AFFINITY: OS proc 6 maps to socket 0 core 8 thread 0 
OMP: Info #171: KMP_AFFINITY: OS proc 54 maps to socket 0 core 8 thread 1 
OMP: Info #171: KMP_AFFINITY: OS proc 7 maps to socket 0 core 9 thread 0 
OMP: Info #171: KMP_AFFINITY: OS proc 55 maps to socket 0 core 9 thread 1 
OMP: Info #171: KMP_AFFINITY: OS proc 8 maps to socket 0 core 10 thread 0 
OMP: Info #171: KMP_AFFINITY: OS proc 56 maps to socket 0 core 10 thread 1 
OMP: Info #171: KMP_AFFINITY: OS proc 9 maps to socket 0 core 11 thread 0 
OMP: Info #171: KMP_AFFINITY: OS proc 57 maps to socket 0 core 11 thread 1 
OMP: Info #171: KMP_AFFINITY: OS proc 10 maps to socket 0 core 12 thread 0 
OMP: Info #171: KMP_AFFINITY: OS proc 58 maps to socket 0 core 12 thread 1 
OMP: Info #171: KMP_AFFINITY: OS proc 11 maps to socket 0 core 13 thread 0 
OMP: Info #171: KMP_AFFINITY: OS proc 59 maps to socket 0 core 13 thread 1 
OMP: Info #171: KMP_AFFINITY: OS proc 12 maps to socket 0 core 16 thread 0 
OMP: Info #171: KMP_AFFINITY: OS proc 60 maps to socket 0 core 16 thread 1 
OMP: Info #171: KMP_AFFINITY: OS proc 13 maps to socket 0 core 17 thread 0 
OMP: Info #171: KMP_AFFINITY: OS proc 61 maps to socket 0 core 17 thread 1 
OMP: Info #171: KMP_AFFINITY: OS proc 14 maps to socket 0 core 18 thread 0 
OMP: Info #171: KMP_AFFINITY: OS proc 62 maps to socket 0 core 18 thread 1 
OMP: Info #171: KMP_AFFINITY: OS proc 15 maps to socket 0 core 19 thread 0 
OMP: Info #171: KMP_AFFINITY: OS proc 63 maps to socket 0 core 19 thread 1 
OMP: Info #171: KMP_AFFINITY: OS proc 16 maps to socket 0 core 20 thread 0 
OMP: Info #171: KMP_AFFINITY: OS proc 64 maps to socket 0 core 20 thread 1 
OMP: Info #171: KMP_AFFINITY: OS proc 17 maps to socket 0 core 21 thread 0 
OMP: Info #171: KMP_AFFINITY: OS proc 65 maps to socket 0 core 21 thread 1 
OMP: Info #171: KMP_AFFINITY: OS proc 18 maps to socket 0 core 24 thread 0 
OMP: Info #171: KMP_AFFINITY: OS proc 66 maps to socket 0 core 24 thread 1 
OMP: Info #171: KMP_AFFINITY: OS proc 19 maps to socket 0 core 25 thread 0 
OMP: Info #171: KMP_AFFINITY: OS proc 67 maps to socket 0 core 25 thread 1 
OMP: Info #171: KMP_AFFINITY: OS proc 20 maps to socket 0 core 26 thread 0 
OMP: Info #171: KMP_AFFINITY: OS proc 68 maps to socket 0 core 26 thread 1 
OMP: Info #171: KMP_AFFINITY: OS proc 21 maps to socket 0 core 27 thread 0 
OMP: Info #171: KMP_AFFINITY: OS proc 69 maps to socket 0 core 27 thread 1 
OMP: Info #171: KMP_AFFINITY: OS proc 22 maps to socket 0 core 28 thread 0 
OMP: Info #171: KMP_AFFINITY: OS proc 70 maps to socket 0 core 28 thread 1 
OMP: Info #171: KMP_AFFINITY: OS proc 23 maps to socket 0 core 29 thread 0 
OMP: Info #171: KMP_AFFINITY: OS proc 71 maps to socket 0 core 29 thread 1 
OMP: Info #171: KMP_AFFINITY: OS proc 24 maps to socket 1 core 0 thread 0 
OMP: Info #171: KMP_AFFINITY: OS proc 72 maps to socket 1 core 0 thread 1 
OMP: Info #171: KMP_AFFINITY: OS proc 25 maps to socket 1 core 1 thread 0 
OMP: Info #171: KMP_AFFINITY: OS proc 73 maps to socket 1 core 1 thread 1 
OMP: Info #171: KMP_AFFINITY: OS proc 26 maps to socket 1 core 2 thread 0 
OMP: Info #171: KMP_AFFINITY: OS proc 74 maps to socket 1 core 2 thread 1 
OMP: Info #171: KMP_AFFINITY: OS proc 27 maps to socket 1 core 3 thread 0 
OMP: Info #171: KMP_AFFINITY: OS proc 75 maps to socket 1 core 3 thread 1 
OMP: Info #171: KMP_AFFINITY: OS proc 28 maps to socket 1 core 4 thread 0 
OMP: Info #171: KMP_AFFINITY: OS proc 76 maps to socket 1 core 4 thread 1 
OMP: Info #171: KMP_AFFINITY: OS proc 29 maps to socket 1 core 5 thread 0 
OMP: Info #171: KMP_AFFINITY: OS proc 77 maps to socket 1 core 5 thread 1 
OMP: Info #171: KMP_AFFINITY: OS proc 30 maps to socket 1 core 8 thread 0 
OMP: Info #171: KMP_AFFINITY: OS proc 78 maps to socket 1 core 8 thread 1 
OMP: Info #171: KMP_AFFINITY: OS proc 31 maps to socket 1 core 9 thread 0 
OMP: Info #171: KMP_AFFINITY: OS proc 79 maps to socket 1 core 9 thread 1 
OMP: Info #171: KMP_AFFINITY: OS proc 32 maps to socket 1 core 10 thread 0 
OMP: Info #171: KMP_AFFINITY: OS proc 80 maps to socket 1 core 10 thread 1 
OMP: Info #171: KMP_AFFINITY: OS proc 33 maps to socket 1 core 11 thread 0 
OMP: Info #171: KMP_AFFINITY: OS proc 81 maps to socket 1 core 11 thread 1 
OMP: Info #171: KMP_AFFINITY: OS proc 34 maps to socket 1 core 12 thread 0 
OMP: Info #171: KMP_AFFINITY: OS proc 82 maps to socket 1 core 12 thread 1 
OMP: Info #171: KMP_AFFINITY: OS proc 35 maps to socket 1 core 13 thread 0 
OMP: Info #171: KMP_AFFINITY: OS proc 83 maps to socket 1 core 13 thread 1 
OMP: Info #171: KMP_AFFINITY: OS proc 36 maps to socket 1 core 16 thread 0 
OMP: Info #171: KMP_AFFINITY: OS proc 84 maps to socket 1 core 16 thread 1 
OMP: Info #171: KMP_AFFINITY: OS proc 37 maps to socket 1 core 17 thread 0 
OMP: Info #171: KMP_AFFINITY: OS proc 85 maps to socket 1 core 17 thread 1 
OMP: Info #171: KMP_AFFINITY: OS proc 38 maps to socket 1 core 18 thread 0 
OMP: Info #171: KMP_AFFINITY: OS proc 86 maps to socket 1 core 18 thread 1 
OMP: Info #171: KMP_AFFINITY: OS proc 39 maps to socket 1 core 19 thread 0 
OMP: Info #171: KMP_AFFINITY: OS proc 87 maps to socket 1 core 19 thread 1 
OMP: Info #171: KMP_AFFINITY: OS proc 40 maps to socket 1 core 20 thread 0 
OMP: Info #171: KMP_AFFINITY: OS proc 88 maps to socket 1 core 20 thread 1 
OMP: Info #171: KMP_AFFINITY: OS proc 41 maps to socket 1 core 21 thread 0 
OMP: Info #171: KMP_AFFINITY: OS proc 89 maps to socket 1 core 21 thread 1 
OMP: Info #171: KMP_AFFINITY: OS proc 42 maps to socket 1 core 24 thread 0 
OMP: Info #171: KMP_AFFINITY: OS proc 90 maps to socket 1 core 24 thread 1 
OMP: Info #171: KMP_AFFINITY: OS proc 43 maps to socket 1 core 25 thread 0 
OMP: Info #171: KMP_AFFINITY: OS proc 91 maps to socket 1 core 25 thread 1 
OMP: Info #171: KMP_AFFINITY: OS proc 44 maps to socket 1 core 26 thread 0 
OMP: Info #171: KMP_AFFINITY: OS proc 92 maps to socket 1 core 26 thread 1 
OMP: Info #171: KMP_AFFINITY: OS proc 45 maps to socket 1 core 27 thread 0 
OMP: Info #171: KMP_AFFINITY: OS proc 93 maps to socket 1 core 27 thread 1 
OMP: Info #171: KMP_AFFINITY: OS proc 46 maps to socket 1 core 28 thread 0 
OMP: Info #171: KMP_AFFINITY: OS proc 94 maps to socket 1 core 28 thread 1 
OMP: Info #171: KMP_AFFINITY: OS proc 47 maps to socket 1 core 29 thread 0 
OMP: Info #171: KMP_AFFINITY: OS proc 95 maps to socket 1 core 29 thread 1 
OMP: Info #251: KMP_AFFINITY: pid 3998876 tid 3998876 thread 0 bound to OS proc set 0
OMP: Info #251: KMP_AFFINITY: pid 3998876 tid 3998877 thread 1 bound to OS proc set 24
OMP: Info #251: KMP_AFFINITY: pid 3998876 tid 3998878 thread 2 bound to OS proc set 1
OMP: Info #251: KMP_AFFINITY: pid 3998876 tid 3998879 thread 3 bound to OS proc set 25
OMP: Info #251: KMP_AFFINITY: pid 3998876 tid 3998880 thread 4 bound to OS proc set 2
OMP: Info #251: KMP_AFFINITY: pid 3998876 tid 3998881 thread 5 bound to OS proc set 26
OMP: Info #251: KMP_AFFINITY: pid 3998876 tid 3998882 thread 6 bound to OS proc set 3
OMP: Info #251: KMP_AFFINITY: pid 3998876 tid 3998883 thread 7 bound to OS proc set 27
OMP: Info #251: KMP_AFFINITY: pid 3998876 tid 3998884 thread 8 bound to OS proc set 4
OMP: Info #251: KMP_AFFINITY: pid 3998876 tid 3998885 thread 9 bound to OS proc set 28
OMP: Info #251: KMP_AFFINITY: pid 3998876 tid 3998886 thread 10 bound to OS proc set 5
OMP: Info #251: KMP_AFFINITY: pid 3998876 tid 3998887 thread 11 bound to OS proc set 29
OMP: Info #251: KMP_AFFINITY: pid 3998876 tid 3998889 thread 13 bound to OS proc set 30
OMP: Info #251: KMP_AFFINITY: pid 3998876 tid 3998888 thread 12 bound to OS proc set 6
OMP: Info #251: KMP_AFFINITY: pid 3998876 tid 3998890 thread 14 bound to OS proc set 7
OMP: Info #251: KMP_AFFINITY: pid 3998876 tid 3998891 thread 15 bound to OS proc set 31


Resolution: 6500
===================
Execution time: 0.172635
Residual: 3.049154

megaflops:  34263.1
  flop instructions (M):  5915.000
Resolutions       : (6500, 7500, ... 6500)
Iterations        : 20
Num. Heat sources : 2
   1: (0.00, 0.00) 1.00 1.00 
   2: (1.00, 1.00) 1.00 0.50 
OMP: Info #154: KMP_AFFINITY: Initial OS proc set respected: 0-95
OMP: Info #213: KMP_AFFINITY: decoding x2APIC ids.
OMP: Info #276: KMP_AFFINITY: Affinity capable, using global cpuid leaf 11 info
OMP: Info #156: KMP_AFFINITY: 96 available OS procs
OMP: Info #157: KMP_AFFINITY: Uniform topology
OMP: Info #191: KMP_AFFINITY: 2 sockets x 24 cores/socket x 2 threads/core (48 total cores)
OMP: Info #215: KMP_AFFINITY: OS proc to physical thread map:
OMP: Info #171: KMP_AFFINITY: OS proc 0 maps to socket 0 core 0 thread 0 
OMP: Info #171: KMP_AFFINITY: OS proc 48 maps to socket 0 core 0 thread 1 
OMP: Info #171: KMP_AFFINITY: OS proc 1 maps to socket 0 core 1 thread 0 
OMP: Info #171: KMP_AFFINITY: OS proc 49 maps to socket 0 core 1 thread 1 
OMP: Info #171: KMP_AFFINITY: OS proc 2 maps to socket 0 core 2 thread 0 
OMP: Info #171: KMP_AFFINITY: OS proc 50 maps to socket 0 core 2 thread 1 
OMP: Info #171: KMP_AFFINITY: OS proc 3 maps to socket 0 core 3 thread 0 
OMP: Info #171: KMP_AFFINITY: OS proc 51 maps to socket 0 core 3 thread 1 
OMP: Info #171: KMP_AFFINITY: OS proc 4 maps to socket 0 core 4 thread 0 
OMP: Info #171: KMP_AFFINITY: OS proc 52 maps to socket 0 core 4 thread 1 
OMP: Info #171: KMP_AFFINITY: OS proc 5 maps to socket 0 core 5 thread 0 
OMP: Info #171: KMP_AFFINITY: OS proc 53 maps to socket 0 core 5 thread 1 
OMP: Info #171: KMP_AFFINITY: OS proc 6 maps to socket 0 core 8 thread 0 
OMP: Info #171: KMP_AFFINITY: OS proc 54 maps to socket 0 core 8 thread 1 
OMP: Info #171: KMP_AFFINITY: OS proc 7 maps to socket 0 core 9 thread 0 
OMP: Info #171: KMP_AFFINITY: OS proc 55 maps to socket 0 core 9 thread 1 
OMP: Info #171: KMP_AFFINITY: OS proc 8 maps to socket 0 core 10 thread 0 
OMP: Info #171: KMP_AFFINITY: OS proc 56 maps to socket 0 core 10 thread 1 
OMP: Info #171: KMP_AFFINITY: OS proc 9 maps to socket 0 core 11 thread 0 
OMP: Info #171: KMP_AFFINITY: OS proc 57 maps to socket 0 core 11 thread 1 
OMP: Info #171: KMP_AFFINITY: OS proc 10 maps to socket 0 core 12 thread 0 
OMP: Info #171: KMP_AFFINITY: OS proc 58 maps to socket 0 core 12 thread 1 
OMP: Info #171: KMP_AFFINITY: OS proc 11 maps to socket 0 core 13 thread 0 
OMP: Info #171: KMP_AFFINITY: OS proc 59 maps to socket 0 core 13 thread 1 
OMP: Info #171: KMP_AFFINITY: OS proc 12 maps to socket 0 core 16 thread 0 
OMP: Info #171: KMP_AFFINITY: OS proc 60 maps to socket 0 core 16 thread 1 
OMP: Info #171: KMP_AFFINITY: OS proc 13 maps to socket 0 core 17 thread 0 
OMP: Info #171: KMP_AFFINITY: OS proc 61 maps to socket 0 core 17 thread 1 
OMP: Info #171: KMP_AFFINITY: OS proc 14 maps to socket 0 core 18 thread 0 
OMP: Info #171: KMP_AFFINITY: OS proc 62 maps to socket 0 core 18 thread 1 
OMP: Info #171: KMP_AFFINITY: OS proc 15 maps to socket 0 core 19 thread 0 
OMP: Info #171: KMP_AFFINITY: OS proc 63 maps to socket 0 core 19 thread 1 
OMP: Info #171: KMP_AFFINITY: OS proc 16 maps to socket 0 core 20 thread 0 
OMP: Info #171: KMP_AFFINITY: OS proc 64 maps to socket 0 core 20 thread 1 
OMP: Info #171: KMP_AFFINITY: OS proc 17 maps to socket 0 core 21 thread 0 
OMP: Info #171: KMP_AFFINITY: OS proc 65 maps to socket 0 core 21 thread 1 
OMP: Info #171: KMP_AFFINITY: OS proc 18 maps to socket 0 core 24 thread 0 
OMP: Info #171: KMP_AFFINITY: OS proc 66 maps to socket 0 core 24 thread 1 
OMP: Info #171: KMP_AFFINITY: OS proc 19 maps to socket 0 core 25 thread 0 
OMP: Info #171: KMP_AFFINITY: OS proc 67 maps to socket 0 core 25 thread 1 
OMP: Info #171: KMP_AFFINITY: OS proc 20 maps to socket 0 core 26 thread 0 
OMP: Info #171: KMP_AFFINITY: OS proc 68 maps to socket 0 core 26 thread 1 
OMP: Info #171: KMP_AFFINITY: OS proc 21 maps to socket 0 core 27 thread 0 
OMP: Info #171: KMP_AFFINITY: OS proc 69 maps to socket 0 core 27 thread 1 
OMP: Info #171: KMP_AFFINITY: OS proc 22 maps to socket 0 core 28 thread 0 
OMP: Info #171: KMP_AFFINITY: OS proc 70 maps to socket 0 core 28 thread 1 
OMP: Info #171: KMP_AFFINITY: OS proc 23 maps to socket 0 core 29 thread 0 
OMP: Info #171: KMP_AFFINITY: OS proc 71 maps to socket 0 core 29 thread 1 
OMP: Info #171: KMP_AFFINITY: OS proc 24 maps to socket 1 core 0 thread 0 
OMP: Info #171: KMP_AFFINITY: OS proc 72 maps to socket 1 core 0 thread 1 
OMP: Info #171: KMP_AFFINITY: OS proc 25 maps to socket 1 core 1 thread 0 
OMP: Info #171: KMP_AFFINITY: OS proc 73 maps to socket 1 core 1 thread 1 
OMP: Info #171: KMP_AFFINITY: OS proc 26 maps to socket 1 core 2 thread 0 
OMP: Info #171: KMP_AFFINITY: OS proc 74 maps to socket 1 core 2 thread 1 
OMP: Info #171: KMP_AFFINITY: OS proc 27 maps to socket 1 core 3 thread 0 
OMP: Info #171: KMP_AFFINITY: OS proc 75 maps to socket 1 core 3 thread 1 
OMP: Info #171: KMP_AFFINITY: OS proc 28 maps to socket 1 core 4 thread 0 
OMP: Info #171: KMP_AFFINITY: OS proc 76 maps to socket 1 core 4 thread 1 
OMP: Info #171: KMP_AFFINITY: OS proc 29 maps to socket 1 core 5 thread 0 
OMP: Info #171: KMP_AFFINITY: OS proc 77 maps to socket 1 core 5 thread 1 
OMP: Info #171: KMP_AFFINITY: OS proc 30 maps to socket 1 core 8 thread 0 
OMP: Info #171: KMP_AFFINITY: OS proc 78 maps to socket 1 core 8 thread 1 
OMP: Info #171: KMP_AFFINITY: OS proc 31 maps to socket 1 core 9 thread 0 
OMP: Info #171: KMP_AFFINITY: OS proc 79 maps to socket 1 core 9 thread 1 
OMP: Info #171: KMP_AFFINITY: OS proc 32 maps to socket 1 core 10 thread 0 
OMP: Info #171: KMP_AFFINITY: OS proc 80 maps to socket 1 core 10 thread 1 
OMP: Info #171: KMP_AFFINITY: OS proc 33 maps to socket 1 core 11 thread 0 
OMP: Info #171: KMP_AFFINITY: OS proc 81 maps to socket 1 core 11 thread 1 
OMP: Info #171: KMP_AFFINITY: OS proc 34 maps to socket 1 core 12 thread 0 
OMP: Info #171: KMP_AFFINITY: OS proc 82 maps to socket 1 core 12 thread 1 
OMP: Info #171: KMP_AFFINITY: OS proc 35 maps to socket 1 core 13 thread 0 
OMP: Info #171: KMP_AFFINITY: OS proc 83 maps to socket 1 core 13 thread 1 
OMP: Info #171: KMP_AFFINITY: OS proc 36 maps to socket 1 core 16 thread 0 
OMP: Info #171: KMP_AFFINITY: OS proc 84 maps to socket 1 core 16 thread 1 
OMP: Info #171: KMP_AFFINITY: OS proc 37 maps to socket 1 core 17 thread 0 
OMP: Info #171: KMP_AFFINITY: OS proc 85 maps to socket 1 core 17 thread 1 
OMP: Info #171: KMP_AFFINITY: OS proc 38 maps to socket 1 core 18 thread 0 
OMP: Info #171: KMP_AFFINITY: OS proc 86 maps to socket 1 core 18 thread 1 
OMP: Info #171: KMP_AFFINITY: OS proc 39 maps to socket 1 core 19 thread 0 
OMP: Info #171: KMP_AFFINITY: OS proc 87 maps to socket 1 core 19 thread 1 
OMP: Info #171: KMP_AFFINITY: OS proc 40 maps to socket 1 core 20 thread 0 
OMP: Info #171: KMP_AFFINITY: OS proc 88 maps to socket 1 core 20 thread 1 
OMP: Info #171: KMP_AFFINITY: OS proc 41 maps to socket 1 core 21 thread 0 
OMP: Info #171: KMP_AFFINITY: OS proc 89 maps to socket 1 core 21 thread 1 
OMP: Info #171: KMP_AFFINITY: OS proc 42 maps to socket 1 core 24 thread 0 
OMP: Info #171: KMP_AFFINITY: OS proc 90 maps to socket 1 core 24 thread 1 
OMP: Info #171: KMP_AFFINITY: OS proc 43 maps to socket 1 core 25 thread 0 
OMP: Info #171: KMP_AFFINITY: OS proc 91 maps to socket 1 core 25 thread 1 
OMP: Info #171: KMP_AFFINITY: OS proc 44 maps to socket 1 core 26 thread 0 
OMP: Info #171: KMP_AFFINITY: OS proc 92 maps to socket 1 core 26 thread 1 
OMP: Info #171: KMP_AFFINITY: OS proc 45 maps to socket 1 core 27 thread 0 
OMP: Info #171: KMP_AFFINITY: OS proc 93 maps to socket 1 core 27 thread 1 
OMP: Info #171: KMP_AFFINITY: OS proc 46 maps to socket 1 core 28 thread 0 
OMP: Info #171: KMP_AFFINITY: OS proc 94 maps to socket 1 core 28 thread 1 
OMP: Info #171: KMP_AFFINITY: OS proc 47 maps to socket 1 core 29 thread 0 
OMP: Info #171: KMP_AFFINITY: OS proc 95 maps to socket 1 core 29 thread 1 
OMP: Info #251: KMP_AFFINITY: pid 3998892 tid 3998892 thread 0 bound to OS proc set 0
OMP: Info #251: KMP_AFFINITY: pid 3998892 tid 3998893 thread 1 bound to OS proc set 24
OMP: Info #251: KMP_AFFINITY: pid 3998892 tid 3998894 thread 2 bound to OS proc set 1
OMP: Info #251: KMP_AFFINITY: pid 3998892 tid 3998895 thread 3 bound to OS proc set 25
OMP: Info #251: KMP_AFFINITY: pid 3998892 tid 3998896 thread 4 bound to OS proc set 2
OMP: Info #251: KMP_AFFINITY: pid 3998892 tid 3998897 thread 5 bound to OS proc set 26
OMP: Info #251: KMP_AFFINITY: pid 3998892 tid 3998899 thread 7 bound to OS proc set 27
OMP: Info #251: KMP_AFFINITY: pid 3998892 tid 3998898 thread 6 bound to OS proc set 3
OMP: Info #251: KMP_AFFINITY: pid 3998892 tid 3998900 thread 8 bound to OS proc set 4
OMP: Info #251: KMP_AFFINITY: pid 3998892 tid 3998901 thread 9 bound to OS proc set 28
OMP: Info #251: KMP_AFFINITY: pid 3998892 tid 3998902 thread 10 bound to OS proc set 5
OMP: Info #251: KMP_AFFINITY: pid 3998892 tid 3998903 thread 11 bound to OS proc set 29
OMP: Info #251: KMP_AFFINITY: pid 3998892 tid 3998904 thread 12 bound to OS proc set 6
OMP: Info #251: KMP_AFFINITY: pid 3998892 tid 3998905 thread 13 bound to OS proc set 30
OMP: Info #251: KMP_AFFINITY: pid 3998892 tid 3998906 thread 14 bound to OS proc set 7
OMP: Info #251: KMP_AFFINITY: pid 3998892 tid 3998907 thread 15 bound to OS proc set 31
OMP: Info #251: KMP_AFFINITY: pid 3998892 tid 3998908 thread 16 bound to OS proc set 8
OMP: Info #251: KMP_AFFINITY: pid 3998892 tid 3998909 thread 17 bound to OS proc set 32
OMP: Info #251: KMP_AFFINITY: pid 3998892 tid 3998910 thread 18 bound to OS proc set 9
OMP: Info #251: KMP_AFFINITY: pid 3998892 tid 3998911 thread 19 bound to OS proc set 33
OMP: Info #251: KMP_AFFINITY: pid 3998892 tid 3998912 thread 20 bound to OS proc set 10
OMP: Info #251: KMP_AFFINITY: pid 3998892 tid 3998913 thread 21 bound to OS proc set 34
OMP: Info #251: KMP_AFFINITY: pid 3998892 tid 3998914 thread 22 bound to OS proc set 11
OMP: Info #251: KMP_AFFINITY: pid 3998892 tid 3998915 thread 23 bound to OS proc set 35


Resolution: 6500
===================
Execution time: 0.165332
Residual: 3.049154

megaflops:  35776.5
  flop instructions (M):  5915.000
Resolutions       : (6500, 7500, ... 6500)
Iterations        : 20
Num. Heat sources : 2
   1: (0.00, 0.00) 1.00 1.00 
   2: (1.00, 1.00) 1.00 0.50 
OMP: Info #154: KMP_AFFINITY: Initial OS proc set respected: 0-95
OMP: Info #213: KMP_AFFINITY: decoding x2APIC ids.
OMP: Info #276: KMP_AFFINITY: Affinity capable, using global cpuid leaf 11 info
OMP: Info #156: KMP_AFFINITY: 96 available OS procs
OMP: Info #157: KMP_AFFINITY: Uniform topology
OMP: Info #191: KMP_AFFINITY: 2 sockets x 24 cores/socket x 2 threads/core (48 total cores)
OMP: Info #215: KMP_AFFINITY: OS proc to physical thread map:
OMP: Info #171: KMP_AFFINITY: OS proc 0 maps to socket 0 core 0 thread 0 
OMP: Info #171: KMP_AFFINITY: OS proc 48 maps to socket 0 core 0 thread 1 
OMP: Info #171: KMP_AFFINITY: OS proc 1 maps to socket 0 core 1 thread 0 
OMP: Info #171: KMP_AFFINITY: OS proc 49 maps to socket 0 core 1 thread 1 
OMP: Info #171: KMP_AFFINITY: OS proc 2 maps to socket 0 core 2 thread 0 
OMP: Info #171: KMP_AFFINITY: OS proc 50 maps to socket 0 core 2 thread 1 
OMP: Info #171: KMP_AFFINITY: OS proc 3 maps to socket 0 core 3 thread 0 
OMP: Info #171: KMP_AFFINITY: OS proc 51 maps to socket 0 core 3 thread 1 
OMP: Info #171: KMP_AFFINITY: OS proc 4 maps to socket 0 core 4 thread 0 
OMP: Info #171: KMP_AFFINITY: OS proc 52 maps to socket 0 core 4 thread 1 
OMP: Info #171: KMP_AFFINITY: OS proc 5 maps to socket 0 core 5 thread 0 
OMP: Info #171: KMP_AFFINITY: OS proc 53 maps to socket 0 core 5 thread 1 
OMP: Info #171: KMP_AFFINITY: OS proc 6 maps to socket 0 core 8 thread 0 
OMP: Info #171: KMP_AFFINITY: OS proc 54 maps to socket 0 core 8 thread 1 
OMP: Info #171: KMP_AFFINITY: OS proc 7 maps to socket 0 core 9 thread 0 
OMP: Info #171: KMP_AFFINITY: OS proc 55 maps to socket 0 core 9 thread 1 
OMP: Info #171: KMP_AFFINITY: OS proc 8 maps to socket 0 core 10 thread 0 
OMP: Info #171: KMP_AFFINITY: OS proc 56 maps to socket 0 core 10 thread 1 
OMP: Info #171: KMP_AFFINITY: OS proc 9 maps to socket 0 core 11 thread 0 
OMP: Info #171: KMP_AFFINITY: OS proc 57 maps to socket 0 core 11 thread 1 
OMP: Info #171: KMP_AFFINITY: OS proc 10 maps to socket 0 core 12 thread 0 
OMP: Info #171: KMP_AFFINITY: OS proc 58 maps to socket 0 core 12 thread 1 
OMP: Info #171: KMP_AFFINITY: OS proc 11 maps to socket 0 core 13 thread 0 
OMP: Info #171: KMP_AFFINITY: OS proc 59 maps to socket 0 core 13 thread 1 
OMP: Info #171: KMP_AFFINITY: OS proc 12 maps to socket 0 core 16 thread 0 
OMP: Info #171: KMP_AFFINITY: OS proc 60 maps to socket 0 core 16 thread 1 
OMP: Info #171: KMP_AFFINITY: OS proc 13 maps to socket 0 core 17 thread 0 
OMP: Info #171: KMP_AFFINITY: OS proc 61 maps to socket 0 core 17 thread 1 
OMP: Info #171: KMP_AFFINITY: OS proc 14 maps to socket 0 core 18 thread 0 
OMP: Info #171: KMP_AFFINITY: OS proc 62 maps to socket 0 core 18 thread 1 
OMP: Info #171: KMP_AFFINITY: OS proc 15 maps to socket 0 core 19 thread 0 
OMP: Info #171: KMP_AFFINITY: OS proc 63 maps to socket 0 core 19 thread 1 
OMP: Info #171: KMP_AFFINITY: OS proc 16 maps to socket 0 core 20 thread 0 
OMP: Info #171: KMP_AFFINITY: OS proc 64 maps to socket 0 core 20 thread 1 
OMP: Info #171: KMP_AFFINITY: OS proc 17 maps to socket 0 core 21 thread 0 
OMP: Info #171: KMP_AFFINITY: OS proc 65 maps to socket 0 core 21 thread 1 
OMP: Info #171: KMP_AFFINITY: OS proc 18 maps to socket 0 core 24 thread 0 
OMP: Info #171: KMP_AFFINITY: OS proc 66 maps to socket 0 core 24 thread 1 
OMP: Info #171: KMP_AFFINITY: OS proc 19 maps to socket 0 core 25 thread 0 
OMP: Info #171: KMP_AFFINITY: OS proc 67 maps to socket 0 core 25 thread 1 
OMP: Info #171: KMP_AFFINITY: OS proc 20 maps to socket 0 core 26 thread 0 
OMP: Info #171: KMP_AFFINITY: OS proc 68 maps to socket 0 core 26 thread 1 
OMP: Info #171: KMP_AFFINITY: OS proc 21 maps to socket 0 core 27 thread 0 
OMP: Info #171: KMP_AFFINITY: OS proc 69 maps to socket 0 core 27 thread 1 
OMP: Info #171: KMP_AFFINITY: OS proc 22 maps to socket 0 core 28 thread 0 
OMP: Info #171: KMP_AFFINITY: OS proc 70 maps to socket 0 core 28 thread 1 
OMP: Info #171: KMP_AFFINITY: OS proc 23 maps to socket 0 core 29 thread 0 
OMP: Info #171: KMP_AFFINITY: OS proc 71 maps to socket 0 core 29 thread 1 
OMP: Info #171: KMP_AFFINITY: OS proc 24 maps to socket 1 core 0 thread 0 
OMP: Info #171: KMP_AFFINITY: OS proc 72 maps to socket 1 core 0 thread 1 
OMP: Info #171: KMP_AFFINITY: OS proc 25 maps to socket 1 core 1 thread 0 
OMP: Info #171: KMP_AFFINITY: OS proc 73 maps to socket 1 core 1 thread 1 
OMP: Info #171: KMP_AFFINITY: OS proc 26 maps to socket 1 core 2 thread 0 
OMP: Info #171: KMP_AFFINITY: OS proc 74 maps to socket 1 core 2 thread 1 
OMP: Info #171: KMP_AFFINITY: OS proc 27 maps to socket 1 core 3 thread 0 
OMP: Info #171: KMP_AFFINITY: OS proc 75 maps to socket 1 core 3 thread 1 
OMP: Info #171: KMP_AFFINITY: OS proc 28 maps to socket 1 core 4 thread 0 
OMP: Info #171: KMP_AFFINITY: OS proc 76 maps to socket 1 core 4 thread 1 
OMP: Info #171: KMP_AFFINITY: OS proc 29 maps to socket 1 core 5 thread 0 
OMP: Info #171: KMP_AFFINITY: OS proc 77 maps to socket 1 core 5 thread 1 
OMP: Info #171: KMP_AFFINITY: OS proc 30 maps to socket 1 core 8 thread 0 
OMP: Info #171: KMP_AFFINITY: OS proc 78 maps to socket 1 core 8 thread 1 
OMP: Info #171: KMP_AFFINITY: OS proc 31 maps to socket 1 core 9 thread 0 
OMP: Info #171: KMP_AFFINITY: OS proc 79 maps to socket 1 core 9 thread 1 
OMP: Info #171: KMP_AFFINITY: OS proc 32 maps to socket 1 core 10 thread 0 
OMP: Info #171: KMP_AFFINITY: OS proc 80 maps to socket 1 core 10 thread 1 
OMP: Info #171: KMP_AFFINITY: OS proc 33 maps to socket 1 core 11 thread 0 
OMP: Info #171: KMP_AFFINITY: OS proc 81 maps to socket 1 core 11 thread 1 
OMP: Info #171: KMP_AFFINITY: OS proc 34 maps to socket 1 core 12 thread 0 
OMP: Info #171: KMP_AFFINITY: OS proc 82 maps to socket 1 core 12 thread 1 
OMP: Info #171: KMP_AFFINITY: OS proc 35 maps to socket 1 core 13 thread 0 
OMP: Info #171: KMP_AFFINITY: OS proc 83 maps to socket 1 core 13 thread 1 
OMP: Info #171: KMP_AFFINITY: OS proc 36 maps to socket 1 core 16 thread 0 
OMP: Info #171: KMP_AFFINITY: OS proc 84 maps to socket 1 core 16 thread 1 
OMP: Info #171: KMP_AFFINITY: OS proc 37 maps to socket 1 core 17 thread 0 
OMP: Info #171: KMP_AFFINITY: OS proc 85 maps to socket 1 core 17 thread 1 
OMP: Info #171: KMP_AFFINITY: OS proc 38 maps to socket 1 core 18 thread 0 
OMP: Info #171: KMP_AFFINITY: OS proc 86 maps to socket 1 core 18 thread 1 
OMP: Info #171: KMP_AFFINITY: OS proc 39 maps to socket 1 core 19 thread 0 
OMP: Info #171: KMP_AFFINITY: OS proc 87 maps to socket 1 core 19 thread 1 
OMP: Info #171: KMP_AFFINITY: OS proc 40 maps to socket 1 core 20 thread 0 
OMP: Info #171: KMP_AFFINITY: OS proc 88 maps to socket 1 core 20 thread 1 
OMP: Info #171: KMP_AFFINITY: OS proc 41 maps to socket 1 core 21 thread 0 
OMP: Info #171: KMP_AFFINITY: OS proc 89 maps to socket 1 core 21 thread 1 
OMP: Info #171: KMP_AFFINITY: OS proc 42 maps to socket 1 core 24 thread 0 
OMP: Info #171: KMP_AFFINITY: OS proc 90 maps to socket 1 core 24 thread 1 
OMP: Info #171: KMP_AFFINITY: OS proc 43 maps to socket 1 core 25 thread 0 
OMP: Info #171: KMP_AFFINITY: OS proc 91 maps to socket 1 core 25 thread 1 
OMP: Info #171: KMP_AFFINITY: OS proc 44 maps to socket 1 core 26 thread 0 
OMP: Info #171: KMP_AFFINITY: OS proc 92 maps to socket 1 core 26 thread 1 
OMP: Info #171: KMP_AFFINITY: OS proc 45 maps to socket 1 core 27 thread 0 
OMP: Info #171: KMP_AFFINITY: OS proc 93 maps to socket 1 core 27 thread 1 
OMP: Info #171: KMP_AFFINITY: OS proc 46 maps to socket 1 core 28 thread 0 
OMP: Info #171: KMP_AFFINITY: OS proc 94 maps to socket 1 core 28 thread 1 
OMP: Info #171: KMP_AFFINITY: OS proc 47 maps to socket 1 core 29 thread 0 
OMP: Info #171: KMP_AFFINITY: OS proc 95 maps to socket 1 core 29 thread 1 
OMP: Info #251: KMP_AFFINITY: pid 3998916 tid 3998916 thread 0 bound to OS proc set 0
OMP: Info #251: KMP_AFFINITY: pid 3998916 tid 3998917 thread 1 bound to OS proc set 24
OMP: Info #251: KMP_AFFINITY: pid 3998916 tid 3998918 thread 2 bound to OS proc set 1
OMP: Info #251: KMP_AFFINITY: pid 3998916 tid 3998919 thread 3 bound to OS proc set 25
OMP: Info #251: KMP_AFFINITY: pid 3998916 tid 3998920 thread 4 bound to OS proc set 2
OMP: Info #251: KMP_AFFINITY: pid 3998916 tid 3998921 thread 5 bound to OS proc set 26
OMP: Info #251: KMP_AFFINITY: pid 3998916 tid 3998922 thread 6 bound to OS proc set 3
OMP: Info #251: KMP_AFFINITY: pid 3998916 tid 3998923 thread 7 bound to OS proc set 27
OMP: Info #251: KMP_AFFINITY: pid 3998916 tid 3998924 thread 8 bound to OS proc set 4
OMP: Info #251: KMP_AFFINITY: pid 3998916 tid 3998925 thread 9 bound to OS proc set 28
OMP: Info #251: KMP_AFFINITY: pid 3998916 tid 3998926 thread 10 bound to OS proc set 5
OMP: Info #251: KMP_AFFINITY: pid 3998916 tid 3998927 thread 11 bound to OS proc set 29
OMP: Info #251: KMP_AFFINITY: pid 3998916 tid 3998928 thread 12 bound to OS proc set 6
OMP: Info #251: KMP_AFFINITY: pid 3998916 tid 3998930 thread 14 bound to OS proc set 7
OMP: Info #251: KMP_AFFINITY: pid 3998916 tid 3998929 thread 13 bound to OS proc set 30
OMP: Info #251: KMP_AFFINITY: pid 3998916 tid 3998931 thread 15 bound to OS proc set 31
OMP: Info #251: KMP_AFFINITY: pid 3998916 tid 3998933 thread 17 bound to OS proc set 32
OMP: Info #251: KMP_AFFINITY: pid 3998916 tid 3998932 thread 16 bound to OS proc set 8
OMP: Info #251: KMP_AFFINITY: pid 3998916 tid 3998934 thread 18 bound to OS proc set 9
OMP: Info #251: KMP_AFFINITY: pid 3998916 tid 3998935 thread 19 bound to OS proc set 33
OMP: Info #251: KMP_AFFINITY: pid 3998916 tid 3998936 thread 20 bound to OS proc set 10
OMP: Info #251: KMP_AFFINITY: pid 3998916 tid 3998937 thread 21 bound to OS proc set 34
OMP: Info #251: KMP_AFFINITY: pid 3998916 tid 3998938 thread 22 bound to OS proc set 11
OMP: Info #251: KMP_AFFINITY: pid 3998916 tid 3998939 thread 23 bound to OS proc set 35
OMP: Info #251: KMP_AFFINITY: pid 3998916 tid 3998940 thread 24 bound to OS proc set 12
OMP: Info #251: KMP_AFFINITY: pid 3998916 tid 3998941 thread 25 bound to OS proc set 36
OMP: Info #251: KMP_AFFINITY: pid 3998916 tid 3998942 thread 26 bound to OS proc set 13
OMP: Info #251: KMP_AFFINITY: pid 3998916 tid 3998943 thread 27 bound to OS proc set 37
OMP: Info #251: KMP_AFFINITY: pid 3998916 tid 3998944 thread 28 bound to OS proc set 14
OMP: Info #251: KMP_AFFINITY: pid 3998916 tid 3998945 thread 29 bound to OS proc set 38
OMP: Info #251: KMP_AFFINITY: pid 3998916 tid 3998946 thread 30 bound to OS proc set 15
OMP: Info #251: KMP_AFFINITY: pid 3998916 tid 3998947 thread 31 bound to OS proc set 39


Resolution: 6500
===================
Execution time: 0.163548
Residual: 3.049154

megaflops:  36166.8
  flop instructions (M):  5915.000
Resolutions       : (6500, 7500, ... 6500)
Iterations        : 20
Num. Heat sources : 2
   1: (0.00, 0.00) 1.00 1.00 
   2: (1.00, 1.00) 1.00 0.50 
OMP: Info #154: KMP_AFFINITY: Initial OS proc set respected: 0-95
OMP: Info #213: KMP_AFFINITY: decoding x2APIC ids.
OMP: Info #276: KMP_AFFINITY: Affinity capable, using global cpuid leaf 11 info
OMP: Info #156: KMP_AFFINITY: 96 available OS procs
OMP: Info #157: KMP_AFFINITY: Uniform topology
OMP: Info #191: KMP_AFFINITY: 2 sockets x 24 cores/socket x 2 threads/core (48 total cores)
OMP: Info #215: KMP_AFFINITY: OS proc to physical thread map:
OMP: Info #171: KMP_AFFINITY: OS proc 0 maps to socket 0 core 0 thread 0 
OMP: Info #171: KMP_AFFINITY: OS proc 48 maps to socket 0 core 0 thread 1 
OMP: Info #171: KMP_AFFINITY: OS proc 1 maps to socket 0 core 1 thread 0 
OMP: Info #171: KMP_AFFINITY: OS proc 49 maps to socket 0 core 1 thread 1 
OMP: Info #171: KMP_AFFINITY: OS proc 2 maps to socket 0 core 2 thread 0 
OMP: Info #171: KMP_AFFINITY: OS proc 50 maps to socket 0 core 2 thread 1 
OMP: Info #171: KMP_AFFINITY: OS proc 3 maps to socket 0 core 3 thread 0 
OMP: Info #171: KMP_AFFINITY: OS proc 51 maps to socket 0 core 3 thread 1 
OMP: Info #171: KMP_AFFINITY: OS proc 4 maps to socket 0 core 4 thread 0 
OMP: Info #171: KMP_AFFINITY: OS proc 52 maps to socket 0 core 4 thread 1 
OMP: Info #171: KMP_AFFINITY: OS proc 5 maps to socket 0 core 5 thread 0 
OMP: Info #171: KMP_AFFINITY: OS proc 53 maps to socket 0 core 5 thread 1 
OMP: Info #171: KMP_AFFINITY: OS proc 6 maps to socket 0 core 8 thread 0 
OMP: Info #171: KMP_AFFINITY: OS proc 54 maps to socket 0 core 8 thread 1 
OMP: Info #171: KMP_AFFINITY: OS proc 7 maps to socket 0 core 9 thread 0 
OMP: Info #171: KMP_AFFINITY: OS proc 55 maps to socket 0 core 9 thread 1 
OMP: Info #171: KMP_AFFINITY: OS proc 8 maps to socket 0 core 10 thread 0 
OMP: Info #171: KMP_AFFINITY: OS proc 56 maps to socket 0 core 10 thread 1 
OMP: Info #171: KMP_AFFINITY: OS proc 9 maps to socket 0 core 11 thread 0 
OMP: Info #171: KMP_AFFINITY: OS proc 57 maps to socket 0 core 11 thread 1 
OMP: Info #171: KMP_AFFINITY: OS proc 10 maps to socket 0 core 12 thread 0 
OMP: Info #171: KMP_AFFINITY: OS proc 58 maps to socket 0 core 12 thread 1 
OMP: Info #171: KMP_AFFINITY: OS proc 11 maps to socket 0 core 13 thread 0 
OMP: Info #171: KMP_AFFINITY: OS proc 59 maps to socket 0 core 13 thread 1 
OMP: Info #171: KMP_AFFINITY: OS proc 12 maps to socket 0 core 16 thread 0 
OMP: Info #171: KMP_AFFINITY: OS proc 60 maps to socket 0 core 16 thread 1 
OMP: Info #171: KMP_AFFINITY: OS proc 13 maps to socket 0 core 17 thread 0 
OMP: Info #171: KMP_AFFINITY: OS proc 61 maps to socket 0 core 17 thread 1 
OMP: Info #171: KMP_AFFINITY: OS proc 14 maps to socket 0 core 18 thread 0 
OMP: Info #171: KMP_AFFINITY: OS proc 62 maps to socket 0 core 18 thread 1 
OMP: Info #171: KMP_AFFINITY: OS proc 15 maps to socket 0 core 19 thread 0 
OMP: Info #171: KMP_AFFINITY: OS proc 63 maps to socket 0 core 19 thread 1 
OMP: Info #171: KMP_AFFINITY: OS proc 16 maps to socket 0 core 20 thread 0 
OMP: Info #171: KMP_AFFINITY: OS proc 64 maps to socket 0 core 20 thread 1 
OMP: Info #171: KMP_AFFINITY: OS proc 17 maps to socket 0 core 21 thread 0 
OMP: Info #171: KMP_AFFINITY: OS proc 65 maps to socket 0 core 21 thread 1 
OMP: Info #171: KMP_AFFINITY: OS proc 18 maps to socket 0 core 24 thread 0 
OMP: Info #171: KMP_AFFINITY: OS proc 66 maps to socket 0 core 24 thread 1 
OMP: Info #171: KMP_AFFINITY: OS proc 19 maps to socket 0 core 25 thread 0 
OMP: Info #171: KMP_AFFINITY: OS proc 67 maps to socket 0 core 25 thread 1 
OMP: Info #171: KMP_AFFINITY: OS proc 20 maps to socket 0 core 26 thread 0 
OMP: Info #171: KMP_AFFINITY: OS proc 68 maps to socket 0 core 26 thread 1 
OMP: Info #171: KMP_AFFINITY: OS proc 21 maps to socket 0 core 27 thread 0 
OMP: Info #171: KMP_AFFINITY: OS proc 69 maps to socket 0 core 27 thread 1 
OMP: Info #171: KMP_AFFINITY: OS proc 22 maps to socket 0 core 28 thread 0 
OMP: Info #171: KMP_AFFINITY: OS proc 70 maps to socket 0 core 28 thread 1 
OMP: Info #171: KMP_AFFINITY: OS proc 23 maps to socket 0 core 29 thread 0 
OMP: Info #171: KMP_AFFINITY: OS proc 71 maps to socket 0 core 29 thread 1 
OMP: Info #171: KMP_AFFINITY: OS proc 24 maps to socket 1 core 0 thread 0 
OMP: Info #171: KMP_AFFINITY: OS proc 72 maps to socket 1 core 0 thread 1 
OMP: Info #171: KMP_AFFINITY: OS proc 25 maps to socket 1 core 1 thread 0 
OMP: Info #171: KMP_AFFINITY: OS proc 73 maps to socket 1 core 1 thread 1 
OMP: Info #171: KMP_AFFINITY: OS proc 26 maps to socket 1 core 2 thread 0 
OMP: Info #171: KMP_AFFINITY: OS proc 74 maps to socket 1 core 2 thread 1 
OMP: Info #171: KMP_AFFINITY: OS proc 27 maps to socket 1 core 3 thread 0 
OMP: Info #171: KMP_AFFINITY: OS proc 75 maps to socket 1 core 3 thread 1 
OMP: Info #171: KMP_AFFINITY: OS proc 28 maps to socket 1 core 4 thread 0 
OMP: Info #171: KMP_AFFINITY: OS proc 76 maps to socket 1 core 4 thread 1 
OMP: Info #171: KMP_AFFINITY: OS proc 29 maps to socket 1 core 5 thread 0 
OMP: Info #171: KMP_AFFINITY: OS proc 77 maps to socket 1 core 5 thread 1 
OMP: Info #171: KMP_AFFINITY: OS proc 30 maps to socket 1 core 8 thread 0 
OMP: Info #171: KMP_AFFINITY: OS proc 78 maps to socket 1 core 8 thread 1 
OMP: Info #171: KMP_AFFINITY: OS proc 31 maps to socket 1 core 9 thread 0 
OMP: Info #171: KMP_AFFINITY: OS proc 79 maps to socket 1 core 9 thread 1 
OMP: Info #171: KMP_AFFINITY: OS proc 32 maps to socket 1 core 10 thread 0 
OMP: Info #171: KMP_AFFINITY: OS proc 80 maps to socket 1 core 10 thread 1 
OMP: Info #171: KMP_AFFINITY: OS proc 33 maps to socket 1 core 11 thread 0 
OMP: Info #171: KMP_AFFINITY: OS proc 81 maps to socket 1 core 11 thread 1 
OMP: Info #171: KMP_AFFINITY: OS proc 34 maps to socket 1 core 12 thread 0 
OMP: Info #171: KMP_AFFINITY: OS proc 82 maps to socket 1 core 12 thread 1 
OMP: Info #171: KMP_AFFINITY: OS proc 35 maps to socket 1 core 13 thread 0 
OMP: Info #171: KMP_AFFINITY: OS proc 83 maps to socket 1 core 13 thread 1 
OMP: Info #171: KMP_AFFINITY: OS proc 36 maps to socket 1 core 16 thread 0 
OMP: Info #171: KMP_AFFINITY: OS proc 84 maps to socket 1 core 16 thread 1 
OMP: Info #171: KMP_AFFINITY: OS proc 37 maps to socket 1 core 17 thread 0 
OMP: Info #171: KMP_AFFINITY: OS proc 85 maps to socket 1 core 17 thread 1 
OMP: Info #171: KMP_AFFINITY: OS proc 38 maps to socket 1 core 18 thread 0 
OMP: Info #171: KMP_AFFINITY: OS proc 86 maps to socket 1 core 18 thread 1 
OMP: Info #171: KMP_AFFINITY: OS proc 39 maps to socket 1 core 19 thread 0 
OMP: Info #171: KMP_AFFINITY: OS proc 87 maps to socket 1 core 19 thread 1 
OMP: Info #171: KMP_AFFINITY: OS proc 40 maps to socket 1 core 20 thread 0 
OMP: Info #171: KMP_AFFINITY: OS proc 88 maps to socket 1 core 20 thread 1 
OMP: Info #171: KMP_AFFINITY: OS proc 41 maps to socket 1 core 21 thread 0 
OMP: Info #171: KMP_AFFINITY: OS proc 89 maps to socket 1 core 21 thread 1 
OMP: Info #171: KMP_AFFINITY: OS proc 42 maps to socket 1 core 24 thread 0 
OMP: Info #171: KMP_AFFINITY: OS proc 90 maps to socket 1 core 24 thread 1 
OMP: Info #171: KMP_AFFINITY: OS proc 43 maps to socket 1 core 25 thread 0 
OMP: Info #171: KMP_AFFINITY: OS proc 91 maps to socket 1 core 25 thread 1 
OMP: Info #171: KMP_AFFINITY: OS proc 44 maps to socket 1 core 26 thread 0 
OMP: Info #171: KMP_AFFINITY: OS proc 92 maps to socket 1 core 26 thread 1 
OMP: Info #171: KMP_AFFINITY: OS proc 45 maps to socket 1 core 27 thread 0 
OMP: Info #171: KMP_AFFINITY: OS proc 93 maps to socket 1 core 27 thread 1 
OMP: Info #171: KMP_AFFINITY: OS proc 46 maps to socket 1 core 28 thread 0 
OMP: Info #171: KMP_AFFINITY: OS proc 94 maps to socket 1 core 28 thread 1 
OMP: Info #171: KMP_AFFINITY: OS proc 47 maps to socket 1 core 29 thread 0 
OMP: Info #171: KMP_AFFINITY: OS proc 95 maps to socket 1 core 29 thread 1 
OMP: Info #251: KMP_AFFINITY: pid 3998948 tid 3998948 thread 0 bound to OS proc set 0
OMP: Info #251: KMP_AFFINITY: pid 3998948 tid 3998949 thread 1 bound to OS proc set 24
OMP: Info #251: KMP_AFFINITY: pid 3998948 tid 3998950 thread 2 bound to OS proc set 1
OMP: Info #251: KMP_AFFINITY: pid 3998948 tid 3998951 thread 3 bound to OS proc set 25
OMP: Info #251: KMP_AFFINITY: pid 3998948 tid 3998952 thread 4 bound to OS proc set 2
OMP: Info #251: KMP_AFFINITY: pid 3998948 tid 3998953 thread 5 bound to OS proc set 26
OMP: Info #251: KMP_AFFINITY: pid 3998948 tid 3998954 thread 6 bound to OS proc set 3
OMP: Info #251: KMP_AFFINITY: pid 3998948 tid 3998955 thread 7 bound to OS proc set 27
OMP: Info #251: KMP_AFFINITY: pid 3998948 tid 3998957 thread 9 bound to OS proc set 28
OMP: Info #251: KMP_AFFINITY: pid 3998948 tid 3998956 thread 8 bound to OS proc set 4
OMP: Info #251: KMP_AFFINITY: pid 3998948 tid 3998958 thread 10 bound to OS proc set 5
OMP: Info #251: KMP_AFFINITY: pid 3998948 tid 3998959 thread 11 bound to OS proc set 29
OMP: Info #251: KMP_AFFINITY: pid 3998948 tid 3998960 thread 12 bound to OS proc set 6
OMP: Info #251: KMP_AFFINITY: pid 3998948 tid 3998961 thread 13 bound to OS proc set 30
OMP: Info #251: KMP_AFFINITY: pid 3998948 tid 3998962 thread 14 bound to OS proc set 7
OMP: Info #251: KMP_AFFINITY: pid 3998948 tid 3998963 thread 15 bound to OS proc set 31
OMP: Info #251: KMP_AFFINITY: pid 3998948 tid 3998964 thread 16 bound to OS proc set 8
OMP: Info #251: KMP_AFFINITY: pid 3998948 tid 3998965 thread 17 bound to OS proc set 32
OMP: Info #251: KMP_AFFINITY: pid 3998948 tid 3998966 thread 18 bound to OS proc set 9
OMP: Info #251: KMP_AFFINITY: pid 3998948 tid 3998967 thread 19 bound to OS proc set 33
OMP: Info #251: KMP_AFFINITY: pid 3998948 tid 3998968 thread 20 bound to OS proc set 10
OMP: Info #251: KMP_AFFINITY: pid 3998948 tid 3998969 thread 21 bound to OS proc set 34
OMP: Info #251: KMP_AFFINITY: pid 3998948 tid 3998970 thread 22 bound to OS proc set 11
OMP: Info #251: KMP_AFFINITY: pid 3998948 tid 3998971 thread 23 bound to OS proc set 35
OMP: Info #251: KMP_AFFINITY: pid 3998948 tid 3998972 thread 24 bound to OS proc set 12
OMP: Info #251: KMP_AFFINITY: pid 3998948 tid 3998973 thread 25 bound to OS proc set 36
OMP: Info #251: KMP_AFFINITY: pid 3998948 tid 3998974 thread 26 bound to OS proc set 13
OMP: Info #251: KMP_AFFINITY: pid 3998948 tid 3998975 thread 27 bound to OS proc set 37
OMP: Info #251: KMP_AFFINITY: pid 3998948 tid 3998977 thread 29 bound to OS proc set 38
OMP: Info #251: KMP_AFFINITY: pid 3998948 tid 3998976 thread 28 bound to OS proc set 14
OMP: Info #251: KMP_AFFINITY: pid 3998948 tid 3998978 thread 30 bound to OS proc set 15
OMP: Info #251: KMP_AFFINITY: pid 3998948 tid 3998979 thread 31 bound to OS proc set 39
OMP: Info #251: KMP_AFFINITY: pid 3998948 tid 3998981 thread 33 bound to OS proc set 40
OMP: Info #251: KMP_AFFINITY: pid 3998948 tid 3998980 thread 32 bound to OS proc set 16
OMP: Info #251: KMP_AFFINITY: pid 3998948 tid 3998982 thread 34 bound to OS proc set 17
OMP: Info #251: KMP_AFFINITY: pid 3998948 tid 3998983 thread 35 bound to OS proc set 41
OMP: Info #251: KMP_AFFINITY: pid 3998948 tid 3998984 thread 36 bound to OS proc set 18
OMP: Info #251: KMP_AFFINITY: pid 3998948 tid 3998985 thread 37 bound to OS proc set 42
OMP: Info #251: KMP_AFFINITY: pid 3998948 tid 3998986 thread 38 bound to OS proc set 19
OMP: Info #251: KMP_AFFINITY: pid 3998948 tid 3998987 thread 39 bound to OS proc set 43
OMP: Info #251: KMP_AFFINITY: pid 3998948 tid 3998989 thread 41 bound to OS proc set 44
OMP: Info #251: KMP_AFFINITY: pid 3998948 tid 3998988 thread 40 bound to OS proc set 20
OMP: Info #251: KMP_AFFINITY: pid 3998948 tid 3998990 thread 42 bound to OS proc set 21
OMP: Info #251: KMP_AFFINITY: pid 3998948 tid 3998991 thread 43 bound to OS proc set 45
OMP: Info #251: KMP_AFFINITY: pid 3998948 tid 3998993 thread 45 bound to OS proc set 46
OMP: Info #251: KMP_AFFINITY: pid 3998948 tid 3998992 thread 44 bound to OS proc set 22
OMP: Info #251: KMP_AFFINITY: pid 3998948 tid 3998994 thread 46 bound to OS proc set 23
OMP: Info #251: KMP_AFFINITY: pid 3998948 tid 3998995 thread 47 bound to OS proc set 47


Resolution: 6500
===================
Execution time: 0.174981
Residual: 3.049154

megaflops:  33803.7
  flop instructions (M):  5915.000
