Resolutions       : (200, 1200, ... 6200)
Iterations        : 40
Algorithm         : 0 (Jacobi)
Num. Heat sources : 2
   1: (0.00, 0.00) 1.00 1.00 
   2: (1.00, 1.00) 1.00 0.50 
Resolution:   200Resolution:   200, Time: 0.007 (0.018 GFlop => 2670.27 MFlop/s, residual 0.031825, 40 iterations)
Resolution:  1200Resolution:  1200, Time: 0.467 (0.634 GFlop => 1357.12 MFlop/s, residual 0.190962, 40 iterations)
Resolution:  2200Resolution:  2200, Time: 3.118 (2.130 GFlop => 683.01 MFlop/s, residual 0.349995, 40 iterations)
Resolution:  3200Resolution:  3200, Time: 6.805 (4.506 GFlop => 662.08 MFlop/s, residual 0.509021, 40 iterations)
Resolution:  4200Resolution:  4200, Time: 11.802 (7.762 GFlop => 657.64 MFlop/s, residual 0.668045, 40 iterations)
Resolution:  5200Resolution:  5200, Time: 17.845 (11.898 GFlop => 666.72 MFlop/s, residual 0.827068, 40 iterations)
Resolution:  6200Resolution:  6200, Time: 27.280 (16.914 GFlop => 620.00 MFlop/s, residual 0.986091, 40 iterations)
  200; 0.007; 2670.275
 1200; 0.467; 1357.117
 2200; 3.118; 683.007
 3200; 6.805; 662.082
 4200; 11.802; 657.638
 5200; 17.845; 666.717
 6200; 27.280; 620.000
Resolutions       : (200, 1200, ... 6200)
Iterations        : 40
Algorithm         : 0 (Jacobi)
Num. Heat sources : 2
   1: (0.00, 0.00) 1.00 1.00 
   2: (1.00, 1.00) 1.00 0.50 
Resolution:   200Resolution:   200, Time: 0.007 (0.018 GFlop => 2683.77 MFlop/s, residual 0.031825, 40 iterations)
Resolution:  1200Resolution:  1200, Time: 0.448 (0.634 GFlop => 1414.36 MFlop/s, residual 0.190962, 40 iterations)
Resolution:  2200Resolution:  2200, Time: 3.105 (2.130 GFlop => 685.81 MFlop/s, residual 0.349995, 40 iterations)
Resolution:  3200Resolution:  3200, Time: 6.775 (4.506 GFlop => 665.00 MFlop/s, residual 0.509021, 40 iterations)
Resolution:  4200Resolution:  4200, Time: 11.706 (7.762 GFlop => 663.02 MFlop/s, residual 0.668045, 40 iterations)
Resolution:  5200Resolution:  5200, Time: 17.688 (11.898 GFlop => 672.65 MFlop/s, residual 0.827068, 40 iterations)
Resolution:  6200Resolution:  6200, Time: 27.008 (16.914 GFlop => 626.24 MFlop/s, residual 0.986091, 40 iterations)
  200; 0.007; 2683.769
 1200; 0.448; 1414.364
 2200; 3.105; 685.807
 3200; 6.775; 664.995
 4200; 11.706; 663.024
 5200; 17.688; 672.647
 6200; 27.008; 626.240
