Resolutions       : (200, 1200, ... 6200)
Iterations        : 40
Algorithm         : 0 (Jacobi)
Num. Heat sources : 2
   1: (0.00, 0.00) 1.00 1.00 
   2: (1.00, 1.00) 1.00 0.50 
Resolution:   200Resolution:   200, Time: 0.008 (0.018 GFlop => 2084.57 MFlop/s, residual 0.031825, 40 iterations)
Resolution:  1200Resolution:  1200, Time: 0.558 (0.634 GFlop => 1135.54 MFlop/s, residual 0.190962, 40 iterations)
Resolution:  2200Resolution:  2200, Time: 3.259 (2.130 GFlop => 653.45 MFlop/s, residual 0.349995, 40 iterations)
Resolution:  3200Resolution:  3200, Time: 6.851 (4.506 GFlop => 657.65 MFlop/s, residual 0.509021, 40 iterations)
Resolution:  4200Resolution:  4200, Time: 12.435 (7.762 GFlop => 624.15 MFlop/s, residual 0.668045, 40 iterations)
Resolution:  5200Resolution:  5200, Time: 19.605 (11.898 GFlop => 606.88 MFlop/s, residual 0.827068, 40 iterations)
Resolution:  6200Resolution:  6200, Time: 29.355 (16.914 GFlop => 576.17 MFlop/s, residual 0.986091, 40 iterations)
  200; 0.008; 2084.567
 1200; 0.558; 1135.541
 2200; 3.259; 653.455
 3200; 6.851; 657.653
 4200; 12.435; 624.154
 5200; 19.605; 606.875
 6200; 29.355; 576.175
Resolutions       : (200, 1200, ... 6200)
Iterations        : 40
Algorithm         : 0 (Jacobi)
Num. Heat sources : 2
   1: (0.00, 0.00) 1.00 1.00 
   2: (1.00, 1.00) 1.00 0.50 
Resolution:   200Resolution:   200, Time: 0.008 (0.018 GFlop => 2099.74 MFlop/s, residual 0.031825, 40 iterations)
Resolution:  1200Resolution:  1200, Time: 0.588 (0.634 GFlop => 1078.27 MFlop/s, residual 0.190962, 40 iterations)
Resolution:  2200Resolution:  2200, Time: 3.322 (2.130 GFlop => 641.07 MFlop/s, residual 0.349995, 40 iterations)
Resolution:  3200Resolution:  3200, Time: 6.930 (4.506 GFlop => 650.14 MFlop/s, residual 0.509021, 40 iterations)
Resolution:  4200Resolution:  4200, Time: 12.616 (7.762 GFlop => 615.21 MFlop/s, residual 0.668045, 40 iterations)
Resolution:  5200Resolution:  5200, Time: 19.888 (11.898 GFlop => 598.23 MFlop/s, residual 0.827068, 40 iterations)
Resolution:  6200Resolution:  6200, Time: 29.821 (16.914 GFlop => 567.17 MFlop/s, residual 0.986091, 40 iterations)
  200; 0.008; 2099.738
 1200; 0.588; 1078.274
 2200; 3.322; 641.075
 3200; 6.930; 650.135
 4200; 12.616; 615.211
 5200; 19.888; 598.232
 6200; 29.821; 567.169
