mpiexec -genv I_MPI_DEBUG=4 -n 48
[0] MPI startup(): Intel(R) MPI Library, Version 2019 Update 8  Build 20200624 (id: 4f16ad915)
[0] MPI startup(): Copyright (C) 2003-2020 Intel Corporation.  All rights reserved.
[0] MPI startup(): library kind: release
[0] MPI startup(): libfabric version: 1.10.1-impi
[0] MPI startup(): libfabric provider: psm2
[0] MPI startup(): Rank    Pid      Node name     Pin cpu
[0] MPI startup(): 0       3545789  i01r01c02s09  {0,1,2,48,49,50}
[0] MPI startup(): 1       3545790  i01r01c02s09  {3,4,5,51,52,53}
[0] MPI startup(): 2       3545791  i01r01c02s09  {6,7,8,54,55,56}
[0] MPI startup(): 3       3545792  i01r01c02s09  {9,10,11,57,58,59}
[0] MPI startup(): 4       3545793  i01r01c02s09  {12,13,14,60,61,62}
[0] MPI startup(): 5       3545794  i01r01c02s09  {15,16,17,63,64,65}
[0] MPI startup(): 6       3545795  i01r01c02s09  {18,19,20,66,67,68}
[0] MPI startup(): 7       3545796  i01r01c02s09  {21,22,23,69,70,71}
[0] MPI startup(): 8       3545797  i01r01c02s09  {24,25,26,72,73,74}
[0] MPI startup(): 9       3545798  i01r01c02s09  {27,28,29,75,76,77}
[0] MPI startup(): 10      3545799  i01r01c02s09  {30,31,32,78,79,80}
[0] MPI startup(): 11      3545800  i01r01c02s09  {33,34,35,81,82,83}
[0] MPI startup(): 12      3545801  i01r01c02s09  {36,37,38,84,85,86}
[0] MPI startup(): 13      3545802  i01r01c02s09  {39,40,41,87,88,89}
[0] MPI startup(): 14      3545803  i01r01c02s09  {42,43,44,90,91,92}
[0] MPI startup(): 15      3545804  i01r01c02s09  {45,46,47,93,94,95}
[0] MPI startup(): 16      1835109  i01r01c02s10  {0,1,2,48,49,50}
[0] MPI startup(): 17      1835110  i01r01c02s10  {3,4,5,51,52,53}
[0] MPI startup(): 18      1835111  i01r01c02s10  {6,7,8,54,55,56}
[0] MPI startup(): 19      1835112  i01r01c02s10  {9,10,11,57,58,59}
[0] MPI startup(): 20      1835113  i01r01c02s10  {12,13,14,60,61,62}
[0] MPI startup(): 21      1835114  i01r01c02s10  {15,16,17,63,64,65}
[0] MPI startup(): 22      1835115  i01r01c02s10  {18,19,20,66,67,68}
[0] MPI startup(): 23      1835116  i01r01c02s10  {21,22,23,69,70,71}
[0] MPI startup(): 24      1835117  i01r01c02s10  {24,25,26,72,73,74}
[0] MPI startup(): 25      1835118  i01r01c02s10  {27,28,29,75,76,77}
[0] MPI startup(): 26      1835119  i01r01c02s10  {30,31,32,78,79,80}
[0] MPI startup(): 27      1835120  i01r01c02s10  {33,34,35,81,82,83}
[0] MPI startup(): 28      1835121  i01r01c02s10  {36,37,38,84,85,86}
[0] MPI startup(): 29      1835122  i01r01c02s10  {39,40,41,87,88,89}
[0] MPI startup(): 30      1835123  i01r01c02s10  {42,43,44,90,91,92}
[0] MPI startup(): 31      1835124  i01r01c02s10  {45,46,47,93,94,95}
[0] MPI startup(): 32      499764   i01r01c02s11  {0,1,2,48,49,50}
[0] MPI startup(): 33      499765   i01r01c02s11  {3,4,5,51,52,53}
[0] MPI startup(): 34      499766   i01r01c02s11  {6,7,8,54,55,56}
[0] MPI startup(): 35      499767   i01r01c02s11  {9,10,11,57,58,59}
[0] MPI startup(): 36      499768   i01r01c02s11  {12,13,14,60,61,62}
[0] MPI startup(): 37      499769   i01r01c02s11  {15,16,17,63,64,65}
[0] MPI startup(): 38      499770   i01r01c02s11  {18,19,20,66,67,68}
[0] MPI startup(): 39      499771   i01r01c02s11  {21,22,23,69,70,71}
[0] MPI startup(): 40      499772   i01r01c02s11  {24,25,26,72,73,74}
[0] MPI startup(): 41      499773   i01r01c02s11  {27,28,29,75,76,77}
[0] MPI startup(): 42      499774   i01r01c02s11  {30,31,32,78,79,80}
[0] MPI startup(): 43      499775   i01r01c02s11  {33,34,35,81,82,83}
[0] MPI startup(): 44      499776   i01r01c02s11  {36,37,38,84,85,86}
[0] MPI startup(): 45      499777   i01r01c02s11  {39,40,41,87,88,89}
[0] MPI startup(): 46      499778   i01r01c02s11  {42,43,44,90,91,92}
[0] MPI startup(): 47      499779   i01r01c02s11  {45,46,47,93,94,95}

12 processes distributed in X-direction
 4 ; processes distributed in Y-direction
Resolutions       : (12500, 13500, ... 12500)
Iterations        : 20
Num. Heat sources : 2
   1: (0.00, 0.00) 1.00 1.00 
   2: (1.00, 1.00) 1.00 0.50 
rank= 0 coords= 0 0 neighbours(up,down,left,right)= -1 4 -1 1
rank= 16 coords= 4 0 neighbours(up,down,left,right)= 12 20 -1 17
rank= 1 coords= 0 1 neighbours(up,down,left,right)= -1 5 0 2
rank= 32 coords= 8 0 neighbours(up,down,left,right)= 28 36 -1 33
rank= 17 coords= 4 1 neighbours(up,down,left,right)= 13 21 16 18
rank= 2 coords= 0 2 neighbours(up,down,left,right)= -1 6 1 3
rank= 33 coords= 8 1 neighbours(up,down,left,right)= 29 37 32 34
rank= 18 coords= 4 2 neighbours(up,down,left,right)= 14 22 17 19
rank= 3 coords= 0 3 neighbours(up,down,left,right)= -1 7 2 -1
rank= 34 coords= 8 2 neighbours(up,down,left,right)= 30 38 33 35
rank= 19 coords= 4 3 neighbours(up,down,left,right)= 15 23 18 -1
rank= 4 coords= 1 0 neighbours(up,down,left,right)= 0 8 -1 5
rank= 35 coords= 8 3 neighbours(up,down,left,right)= 31 39 34 -1
rank= 20 coords= 5 0 neighbours(up,down,left,right)= 16 24 -1 21
rank= 5 coords= 1 1 neighbours(up,down,left,right)= 1 9 4 6
rank= 36 coords= 9 0 neighbours(up,down,left,right)= 32 40 -1 37
rank= 21 coords= 5 1 neighbours(up,down,left,right)= 17 25 20 22
rank= 6 coords= 1 2 neighbours(up,down,left,right)= 2 10 5 7
rank= 37 coords= 9 1 neighbours(up,down,left,right)= 33 41 36 38
rank= 22 coords= 5 2 neighbours(up,down,left,right)= 18 26 21 23
rank= 7 coords= 1 3 neighbours(up,down,left,right)= 3 11 6 -1
rank= 38 coords= 9 2 neighbours(up,down,left,right)= 34 42 37 39
rank= 23 coords= 5 3 neighbours(up,down,left,right)= 19 27 22 -1
rank= 8 coords= 2 0 neighbours(up,down,left,right)= 4 12 -1 9
rank= 39 coords= 9 3 neighbours(up,down,left,right)= 35 43 38 -1
rank= 24 coords= 6 0 neighbours(up,down,left,right)= 20 28 -1 25
rank= 9 coords= 2 1 neighbours(up,down,left,right)= 5 13 8 10
rank= 40 coords= 10 0 neighbours(up,down,left,right)= 36 44 -1 41
rank= 25 coords= 6 1 neighbours(up,down,left,right)= 21 29 24 26
rank= 10 coords= 2 2 neighbours(up,down,left,right)= 6 14 9 11
rank= 41 coords= 10 1 neighbours(up,down,left,right)= 37 45 40 42
rank= 26 coords= 6 2 neighbours(up,down,left,right)= 22 30 25 27
rank= 11 coords= 2 3 neighbours(up,down,left,right)= 7 15 10 -1
rank= 42 coords= 10 2 neighbours(up,down,left,right)= 38 46 41 43
rank= 27 coords= 6 3 neighbours(up,down,left,right)= 23 31 26 -1
rank= 12 coords= 3 0 neighbours(up,down,left,right)= 8 16 -1 13
rank= 43 coords= 10 3 neighbours(up,down,left,right)= 39 47 42 -1
rank= 28 coords= 7 0 neighbours(up,down,left,right)= 24 32 -1 29
rank= 13 coords= 3 1 neighbours(up,down,left,right)= 9 17 12 14
rank= 44 coords= 11 0 neighbours(up,down,left,right)= 40 -1 -1 45
rank= 29 coords= 7 1 neighbours(up,down,left,right)= 25 33 28 30
rank= 14 coords= 3 2 neighbours(up,down,left,right)= 10 18 13 15
rank= 45 coords= 11 1 neighbours(up,down,left,right)= 41 -1 44 46
rank= 30 coords= 7 2 neighbours(up,down,left,right)= 26 34 29 31
rank= 15 coords= 3 3 neighbours(up,down,left,right)= 11 19 14 -1
rank= 46 coords= 11 2 neighbours(up,down,left,right)= 42 -1 45 47
rank= 31 coords= 7 3 neighbours(up,down,left,right)= 27 35 30 -1
rank= 47 coords= 11 3 neighbours(up,down,left,right)= 43 -1 46 -1

Num-X: 12 ; Num-Y: 4 ; Resolution: 12500 ; Rank: 41 ; Rank-X: 10 ; Rank-Y: 1 ; Rowstart: 10420; Rowend: 11463; Rows: 1043; Colstart: 3125; Colend: 6251; Cols: 3126;
Num-X: 12 ; Num-Y: 4 ; Resolution: 12500 ; Rank: 21 ; Rank-X: 5 ; Rank-Y: 1 ; Rowstart: 5210; Rowend: 6253; Rows: 1043; Colstart: 3125; Colend: 6251; Cols: 3126;
Num-X: 12 ; Num-Y: 4 ; Resolution: 12500 ; Rank: 43 ; Rank-X: 10 ; Rank-Y: 3 ; Rowstart: 10420; Rowend: 11463; Rows: 1043; Colstart: 9375; Colend: 12501; Cols: 3126;
Num-X: 12 ; Num-Y: 4 ; Resolution: 12500 ; Rank: 29 ; Rank-X: 7 ; Rank-Y: 1 ; Rowstart: 7294; Rowend: 8337; Rows: 1043; Colstart: 3125; Colend: 6251; Cols: 3126;
Num-X: 12 ; Num-Y: 4 ; Resolution: 12500 ; Rank: 37 ; Rank-X: 9 ; Rank-Y: 1 ; Rowstart: 9378; Rowend: 10421; Rows: 1043; Colstart: 3125; Colend: 6251; Cols: 3126;
Num-X: 12 ; Num-Y: 4 ; Resolution: 12500 ; Rank: 19 ; Rank-X: 4 ; Rank-Y: 3 ; Rowstart: 4168; Rowend: 5211; Rows: 1043; Colstart: 9375; Colend: 12501; Cols: 3126;
Num-X: 12 ; Num-Y: 4 ; Resolution: 12500 ; Rank: 42 ; Rank-X: 10 ; Rank-Y: 2 ; Rowstart: 10420; Rowend: 11463; Rows: 1043; Colstart: 6250; Colend: 9376; Cols: 3126;
Num-X: 12 ; Num-Y: 4 ; Resolution: 12500 ; Rank: 17 ; Rank-X: 4 ; Rank-Y: 1 ; Rowstart: 4168; Rowend: 5211; Rows: 1043; Colstart: 3125; Colend: 6251; Cols: 3126;
Num-X: 12 ; Num-Y: 4 ; Resolution: 12500 ; Rank: 33 ; Rank-X: 8 ; Rank-Y: 1 ; Rowstart: 8336; Rowend: 9379; Rows: 1043; Colstart: 3125; Colend: 6251; Cols: 3126;
Num-X: 12 ; Num-Y: 4 ; Resolution: 12500 ; Rank: 27 ; Rank-X: 6 ; Rank-Y: 3 ; Rowstart: 6252; Rowend: 7295; Rows: 1043; Colstart: 9375; Colend: 12501; Cols: 3126;
Num-X: 12 ; Num-Y: 4 ; Resolution: 12500 ; Rank: 40 ; Rank-X: 10 ; Rank-Y: 0 ; Rowstart: 10420; Rowend: 11463; Rows: 1043; Colstart: 0; Colend: 3126; Cols: 3126;
Num-X: 12 ; Num-Y: 4 ; Resolution: 12500 ; Rank: 39 ; Rank-X: 9 ; Rank-Y: 3 ; Rowstart: 9378; Rowend: 10421; Rows: 1043; Colstart: 9375; Colend: 12501; Cols: 3126;
Num-X: 12 ; Num-Y: 4 ; Resolution: 12500 ; Rank: 36 ; Rank-X: 9 ; Rank-Y: 0 ; Rowstart: 9378; Rowend: 10421; Rows: 1043; Colstart: 0; Colend: 3126; Cols: 3126;
Num-X: 12 ; Num-Y: 4 ; Resolution: 12500 ; Rank: 20 ; Rank-X: 5 ; Rank-Y: 0 ; Rowstart: 5210; Rowend: 6253; Rows: 1043; Colstart: 0; Colend: 3126; Cols: 3126;
Num-X: 12 ; Num-Y: 4 ; Resolution: 12500 ; Rank: 38 ; Rank-X: 9 ; Rank-Y: 2 ; Rowstart: 9378; Rowend: 10421; Rows: 1043; Colstart: 6250; Colend: 9376; Cols: 3126;
Num-X: 12 ; Num-Y: 4 ; Resolution: 12500 ; Rank: 23 ; Rank-X: 5 ; Rank-Y: 3 ; Rowstart: 5210; Rowend: 6253; Rows: 1043; Colstart: 9375; Colend: 12501; Cols: 3126;
Num-X: 12 ; Num-Y: 4 ; Resolution: 12500 ; Rank: 35 ; Rank-X: 8 ; Rank-Y: 3 ; Rowstart: 8336; Rowend: 9379; Rows: 1043; Colstart: 9375; Colend: 12501; Cols: 3126;
Num-X: 12 ; Num-Y: 4 ; Resolution: 12500 ; Rank: 26 ; Rank-X: 6 ; Rank-Y: 2 ; Rowstart: 6252; Rowend: 7295; Rows: 1043; Colstart: 6250; Colend: 9376; Cols: 3126;
Num-X: 12 ; Num-Y: 4 ; Resolution: 12500 ; Rank: 28 ; Rank-X: 7 ; Rank-Y: 0 ; Rowstart: 7294; Rowend: 8337; Rows: 1043; Colstart: 0; Colend: 3126; Cols: 3126;
Num-X: 12 ; Num-Y: 4 ; Resolution: 12500 ; Rank: 16 ; Rank-X: 4 ; Rank-Y: 0 ; Rowstart: 4168; Rowend: 5211; Rows: 1043; Colstart: 0; Colend: 3126; Cols: 3126;
Num-X: 12 ; Num-Y: 4 ; Resolution: 12500 ; Rank: 24 ; Rank-X: 6 ; Rank-Y: 0 ; Rowstart: 6252; Rowend: 7295; Rows: 1043; Colstart: 0; Colend: 3126; Cols: 3126;
Num-X: 12 ; Num-Y: 4 ; Resolution: 12500 ; Rank: 30 ; Rank-X: 7 ; Rank-Y: 2 ; Rowstart: 7294; Rowend: 8337; Rows: 1043; Colstart: 6250; Colend: 9376; Cols: 3126;
Num-X: 12 ; Num-Y: 4 ; Resolution: 12500 ; Rank: 32 ; Rank-X: 8 ; Rank-Y: 0 ; Rowstart: 8336; Rowend: 9379; Rows: 1043; Colstart: 0; Colend: 3126; Cols: 3126;
Num-X: 12 ; Num-Y: 4 ; Resolution: 12500 ; Rank: 34 ; Rank-X: 8 ; Rank-Y: 2 ; Rowstart: 8336; Rowend: 9379; Rows: 1043; Colstart: 6250; Colend: 9376; Cols: 3126;
Num-X: 12 ; Num-Y: 4 ; Resolution: 12500 ; Rank: 25 ; Rank-X: 6 ; Rank-Y: 1 ; Rowstart: 6252; Rowend: 7295; Rows: 1043; Colstart: 3125; Colend: 6251; Cols: 3126;
Num-X: 12 ; Num-Y: 4 ; Resolution: 12500 ; Rank: 18 ; Rank-X: 4 ; Rank-Y: 2 ; Rowstart: 4168; Rowend: 5211; Rows: 1043; Colstart: 6250; Colend: 9376; Cols: 3126;
Num-X: 12 ; Num-Y: 4 ; Resolution: 12500 ; Rank: 31 ; Rank-X: 7 ; Rank-Y: 3 ; Rowstart: 7294; Rowend: 8337; Rows: 1043; Colstart: 9375; Colend: 12501; Cols: 3126;
Num-X: 12 ; Num-Y: 4 ; Resolution: 12500 ; Rank: 22 ; Rank-X: 5 ; Rank-Y: 2 ; Rowstart: 5210; Rowend: 6253; Rows: 1043; Colstart: 6250; Colend: 9376; Cols: 3126;
Num-X: 12 ; Num-Y: 4 ; Resolution: 12500 ; Rank: 44 ; Rank-X: 11 ; Rank-Y: 0 ; Rowstart: 11462; Rowend: 12501; Rows: 1039; Colstart: 0; Colend: 3126; Cols: 3126;
Num-X: 12 ; Num-Y: 4 ; Resolution: 12500 ; Rank: 47 ; Rank-X: 11 ; Rank-Y: 3 ; Rowstart: 11462; Rowend: 12501; Rows: 1039; Colstart: 9375; Colend: 12501; Cols: 3126;
Num-X: 12 ; Num-Y: 4 ; Resolution: 12500 ; Rank: 45 ; Rank-X: 11 ; Rank-Y: 1 ; Rowstart: 11462; Rowend: 12501; Rows: 1039; Colstart: 3125; Colend: 6251; Cols: 3126;
Num-X: 12 ; Num-Y: 4 ; Resolution: 12500 ; Rank: 46 ; Rank-X: 11 ; Rank-Y: 2 ; Rowstart: 11462; Rowend: 12501; Rows: 1039; Colstart: 6250; Colend: 9376; Cols: 3126;
Num-X: 12 ; Num-Y: 4 ; Resolution: 12500 ; Rank: 1 ; Rank-X: 0 ; Rank-Y: 1 ; Rowstart: 0; Rowend: 1043; Rows: 1043; Colstart: 3125; Colend: 6251; Cols: 3126;
Num-X: 12 ; Num-Y: 4 ; Resolution: 12500 ; Rank: 11 ; Rank-X: 2 ; Rank-Y: 3 ; Rowstart: 2084; Rowend: 3127; Rows: 1043; Colstart: 9375; Colend: 12501; Cols: 3126;
Num-X: 12 ; Num-Y: 4 ; Resolution: 12500 ; Rank: 3 ; Rank-X: 0 ; Rank-Y: 3 ; Rowstart: 0; Rowend: 1043; Rows: 1043; Colstart: 9375; Colend: 12501; Cols: 3126;
Num-X: 12 ; Num-Y: 4 ; Resolution: 12500 ; Rank: 0 ; Rank-X: 0 ; Rank-Y: 0 ; Rowstart: 0; Rowend: 1043; Rows: 1043; Colstart: 0; Colend: 3126; Cols: 3126;
Num-X: 12 ; Num-Y: 4 ; Resolution: 12500 ; Rank: 9 ; Rank-X: 2 ; Rank-Y: 1 ; Rowstart: 2084; Rowend: 3127; Rows: 1043; Colstart: 3125; Colend: 6251; Cols: 3126;
Num-X: 12 ; Num-Y: 4 ; Resolution: 12500 ; Rank: 13 ; Rank-X: 3 ; Rank-Y: 1 ; Rowstart: 3126; Rowend: 4169; Rows: 1043; Colstart: 3125; Colend: 6251; Cols: 3126;
Num-X: 12 ; Num-Y: 4 ; Resolution: 12500 ; Rank: 15 ; Rank-X: 3 ; Rank-Y: 3 ; Rowstart: 3126; Rowend: 4169; Rows: 1043; Colstart: 9375; Colend: 12501; Cols: 3126;
Num-X: 12 ; Num-Y: 4 ; Resolution: 12500 ; Rank: 4 ; Rank-X: 1 ; Rank-Y: 0 ; Rowstart: 1042; Rowend: 2085; Rows: 1043; Colstart: 0; Colend: 3126; Cols: 3126;
Num-X: 12 ; Num-Y: 4 ; Resolution: 12500 ; Rank: 12 ; Rank-X: 3 ; Rank-Y: 0 ; Rowstart: 3126; Rowend: 4169; Rows: 1043; Colstart: 0; Colend: 3126; Cols: 3126;
Num-X: 12 ; Num-Y: 4 ; Resolution: 12500 ; Rank: 5 ; Rank-X: 1 ; Rank-Y: 1 ; Rowstart: 1042; Rowend: 2085; Rows: 1043; Colstart: 3125; Colend: 6251; Cols: 3126;
Num-X: 12 ; Num-Y: 4 ; Resolution: 12500 ; Rank: 10 ; Rank-X: 2 ; Rank-Y: 2 ; Rowstart: 2084; Rowend: 3127; Rows: 1043; Colstart: 6250; Colend: 9376; Cols: 3126;
Num-X: 12 ; Num-Y: 4 ; Resolution: 12500 ; Rank: 6 ; Rank-X: 1 ; Rank-Y: 2 ; Rowstart: 1042; Rowend: 2085; Rows: 1043; Colstart: 6250; Colend: 9376; Cols: 3126;
Num-X: 12 ; Num-Y: 4 ; Resolution: 12500 ; Rank: 2 ; Rank-X: 0 ; Rank-Y: 2 ; Rowstart: 0; Rowend: 1043; Rows: 1043; Colstart: 6250; Colend: 9376; Cols: 3126;
Num-X: 12 ; Num-Y: 4 ; Resolution: 12500 ; Rank: 7 ; Rank-X: 1 ; Rank-Y: 3 ; Rowstart: 1042; Rowend: 2085; Rows: 1043; Colstart: 9375; Colend: 12501; Cols: 3126;
Num-X: 12 ; Num-Y: 4 ; Resolution: 12500 ; Rank: 14 ; Rank-X: 3 ; Rank-Y: 2 ; Rowstart: 3126; Rowend: 4169; Rows: 1043; Colstart: 6250; Colend: 9376; Cols: 3126;
Num-X: 12 ; Num-Y: 4 ; Resolution: 12500 ; Rank: 8 ; Rank-X: 2 ; Rank-Y: 0 ; Rowstart: 2084; Rowend: 3127; Rows: 1043; Colstart: 0; Colend: 3126; Cols: 3126;

Resolution: 12500
===================
Execution time: 0.215021
Residual: 5.863330

megaflops:  101734.3
  flop instructions (M):  21875.000
