mpiexec -genv I_MPI_DEBUG=4 -n 192
[0] MPI startup(): Intel(R) MPI Library, Version 2019 Update 8  Build 20200624 (id: 4f16ad915)
[0] MPI startup(): Copyright (C) 2003-2020 Intel Corporation.  All rights reserved.
[0] MPI startup(): library kind: release
[0] MPI startup(): libfabric version: 1.10.1-impi
[0] MPI startup(): libfabric provider: psm2
[0] MPI startup(): Rank    Pid      Node name     Pin cpu
[0] MPI startup(): 0       699887   i01r01c02s05  0
[0] MPI startup(): 1       699888   i01r01c02s05  48
[0] MPI startup(): 2       699889   i01r01c02s05  1
[0] MPI startup(): 3       699890   i01r01c02s05  49
[0] MPI startup(): 4       699891   i01r01c02s05  2
[0] MPI startup(): 5       699892   i01r01c02s05  50
[0] MPI startup(): 6       699893   i01r01c02s05  3
[0] MPI startup(): 7       699894   i01r01c02s05  51
[0] MPI startup(): 8       699895   i01r01c02s05  4
[0] MPI startup(): 9       699896   i01r01c02s05  52
[0] MPI startup(): 10      699897   i01r01c02s05  5
[0] MPI startup(): 11      699898   i01r01c02s05  53
[0] MPI startup(): 12      699899   i01r01c02s05  6
[0] MPI startup(): 13      699900   i01r01c02s05  54
[0] MPI startup(): 14      699901   i01r01c02s05  7
[0] MPI startup(): 15      699902   i01r01c02s05  55
[0] MPI startup(): 16      699903   i01r01c02s05  8
[0] MPI startup(): 17      699904   i01r01c02s05  56
[0] MPI startup(): 18      699905   i01r01c02s05  9
[0] MPI startup(): 19      699906   i01r01c02s05  57
[0] MPI startup(): 20      699907   i01r01c02s05  10
[0] MPI startup(): 21      699908   i01r01c02s05  58
[0] MPI startup(): 22      699909   i01r01c02s05  11
[0] MPI startup(): 23      699910   i01r01c02s05  59
[0] MPI startup(): 24      699911   i01r01c02s05  12
[0] MPI startup(): 25      699912   i01r01c02s05  60
[0] MPI startup(): 26      699913   i01r01c02s05  13
[0] MPI startup(): 27      699914   i01r01c02s05  61
[0] MPI startup(): 28      699915   i01r01c02s05  14
[0] MPI startup(): 29      699916   i01r01c02s05  62
[0] MPI startup(): 30      699917   i01r01c02s05  15
[0] MPI startup(): 31      699918   i01r01c02s05  63
[0] MPI startup(): 32      699919   i01r01c02s05  16
[0] MPI startup(): 33      699920   i01r01c02s05  64
[0] MPI startup(): 34      699921   i01r01c02s05  17
[0] MPI startup(): 35      699922   i01r01c02s05  65
[0] MPI startup(): 36      699923   i01r01c02s05  18
[0] MPI startup(): 37      699924   i01r01c02s05  66
[0] MPI startup(): 38      699925   i01r01c02s05  19
[0] MPI startup(): 39      699926   i01r01c02s05  67
[0] MPI startup(): 40      699927   i01r01c02s05  20
[0] MPI startup(): 41      699928   i01r01c02s05  68
[0] MPI startup(): 42      699929   i01r01c02s05  21
[0] MPI startup(): 43      699930   i01r01c02s05  69
[0] MPI startup(): 44      699931   i01r01c02s05  22
[0] MPI startup(): 45      699932   i01r01c02s05  70
[0] MPI startup(): 46      699933   i01r01c02s05  23
[0] MPI startup(): 47      699934   i01r01c02s05  71
[0] MPI startup(): 48      2486600  i01r01c02s06  0,48
[0] MPI startup(): 49      2486601  i01r01c02s06  1,49
[0] MPI startup(): 50      2486602  i01r01c02s06  2,50
[0] MPI startup(): 51      2486603  i01r01c02s06  3,51
[0] MPI startup(): 52      2486604  i01r01c02s06  4,52
[0] MPI startup(): 53      2486605  i01r01c02s06  5,53
[0] MPI startup(): 54      2486606  i01r01c02s06  6,54
[0] MPI startup(): 55      2486607  i01r01c02s06  7,55
[0] MPI startup(): 56      2486608  i01r01c02s06  8,56
[0] MPI startup(): 57      2486609  i01r01c02s06  9,57
[0] MPI startup(): 58      2486610  i01r01c02s06  10,58
[0] MPI startup(): 59      2486611  i01r01c02s06  11,59
[0] MPI startup(): 60      2486612  i01r01c02s06  12,60
[0] MPI startup(): 61      2486613  i01r01c02s06  13,61
[0] MPI startup(): 62      2486614  i01r01c02s06  14,62
[0] MPI startup(): 63      2486615  i01r01c02s06  15,63
[0] MPI startup(): 64      2486616  i01r01c02s06  16,64
[0] MPI startup(): 65      2486617  i01r01c02s06  17,65
[0] MPI startup(): 66      2486618  i01r01c02s06  18,66
[0] MPI startup(): 67      2486619  i01r01c02s06  19,67
[0] MPI startup(): 68      2486620  i01r01c02s06  20,68
[0] MPI startup(): 69      2486621  i01r01c02s06  21,69
[0] MPI startup(): 70      2486622  i01r01c02s06  22,70
[0] MPI startup(): 71      2486623  i01r01c02s06  23,71
[0] MPI startup(): 72      2486624  i01r01c02s06  24,72
[0] MPI startup(): 73      2486625  i01r01c02s06  25,73
[0] MPI startup(): 74      2486626  i01r01c02s06  26,74
[0] MPI startup(): 75      2486627  i01r01c02s06  27,75
[0] MPI startup(): 76      2486628  i01r01c02s06  28,76
[0] MPI startup(): 77      2486629  i01r01c02s06  29,77
[0] MPI startup(): 78      2486630  i01r01c02s06  30,78
[0] MPI startup(): 79      2486631  i01r01c02s06  31,79
[0] MPI startup(): 80      2486632  i01r01c02s06  32,80
[0] MPI startup(): 81      2486633  i01r01c02s06  33,81
[0] MPI startup(): 82      2486634  i01r01c02s06  34,82
[0] MPI startup(): 83      2486635  i01r01c02s06  35,83
[0] MPI startup(): 84      2486636  i01r01c02s06  36,84
[0] MPI startup(): 85      2486637  i01r01c02s06  37,85
[0] MPI startup(): 86      2486638  i01r01c02s06  38,86
[0] MPI startup(): 87      2486639  i01r01c02s06  39,87
[0] MPI startup(): 88      2486640  i01r01c02s06  40,88
[0] MPI startup(): 89      2486641  i01r01c02s06  41,89
[0] MPI startup(): 90      2486642  i01r01c02s06  42,90
[0] MPI startup(): 91      2486643  i01r01c02s06  43,91
[0] MPI startup(): 92      2486644  i01r01c02s06  44,92
[0] MPI startup(): 93      2486645  i01r01c02s06  45,93
[0] MPI startup(): 94      2486646  i01r01c02s06  46,94
[0] MPI startup(): 95      2486647  i01r01c02s06  47,95
[0] MPI startup(): 96      1631118  i01r01c02s07  0,48
[0] MPI startup(): 97      1631119  i01r01c02s07  1,49
[0] MPI startup(): 98      1631120  i01r01c02s07  2,50
[0] MPI startup(): 99      1631121  i01r01c02s07  3,51
[0] MPI startup(): 100     1631122  i01r01c02s07  4,52
[0] MPI startup(): 101     1631123  i01r01c02s07  5,53
[0] MPI startup(): 102     1631124  i01r01c02s07  6,54
[0] MPI startup(): 103     1631125  i01r01c02s07  7,55
[0] MPI startup(): 104     1631126  i01r01c02s07  8,56
[0] MPI startup(): 105     1631127  i01r01c02s07  9,57
[0] MPI startup(): 106     1631128  i01r01c02s07  10,58
[0] MPI startup(): 107     1631129  i01r01c02s07  11,59
[0] MPI startup(): 108     1631130  i01r01c02s07  12,60
[0] MPI startup(): 109     1631131  i01r01c02s07  13,61
[0] MPI startup(): 110     1631132  i01r01c02s07  14,62
[0] MPI startup(): 111     1631133  i01r01c02s07  15,63
[0] MPI startup(): 112     1631134  i01r01c02s07  16,64
[0] MPI startup(): 113     1631135  i01r01c02s07  17,65
[0] MPI startup(): 114     1631136  i01r01c02s07  18,66
[0] MPI startup(): 115     1631137  i01r01c02s07  19,67
[0] MPI startup(): 116     1631138  i01r01c02s07  20,68
[0] MPI startup(): 117     1631139  i01r01c02s07  21,69
[0] MPI startup(): 118     1631140  i01r01c02s07  22,70
[0] MPI startup(): 119     1631141  i01r01c02s07  23,71
[0] MPI startup(): 120     1631142  i01r01c02s07  24,72
[0] MPI startup(): 121     1631143  i01r01c02s07  25,73
[0] MPI startup(): 122     1631144  i01r01c02s07  26,74
[0] MPI startup(): 123     1631145  i01r01c02s07  27,75
[0] MPI startup(): 124     1631146  i01r01c02s07  28,76
[0] MPI startup(): 125     1631147  i01r01c02s07  29,77
[0] MPI startup(): 126     1631148  i01r01c02s07  30,78
[0] MPI startup(): 127     1631149  i01r01c02s07  31,79
[0] MPI startup(): 128     1631150  i01r01c02s07  32,80
[0] MPI startup(): 129     1631151  i01r01c02s07  33,81
[0] MPI startup(): 130     1631152  i01r01c02s07  34,82
[0] MPI startup(): 131     1631153  i01r01c02s07  35,83
[0] MPI startup(): 132     1631154  i01r01c02s07  36,84
[0] MPI startup(): 133     1631155  i01r01c02s07  37,85
[0] MPI startup(): 134     1631156  i01r01c02s07  38,86
[0] MPI startup(): 135     1631157  i01r01c02s07  39,87
[0] MPI startup(): 136     1631158  i01r01c02s07  40,88
[0] MPI startup(): 137     1631159  i01r01c02s07  41,89
[0] MPI startup(): 138     1631160  i01r01c02s07  42,90
[0] MPI startup(): 139     1631161  i01r01c02s07  43,91
[0] MPI startup(): 140     1631162  i01r01c02s07  44,92
[0] MPI startup(): 141     1631163  i01r01c02s07  45,93
[0] MPI startup(): 142     1631164  i01r01c02s07  46,94
[0] MPI startup(): 143     1631165  i01r01c02s07  47,95
[0] MPI startup(): 144     699935   i01r01c02s05  24
[0] MPI startup(): 145     699936   i01r01c02s05  72
[0] MPI startup(): 146     699937   i01r01c02s05  25
[0] MPI startup(): 147     699938   i01r01c02s05  73
[0] MPI startup(): 148     699939   i01r01c02s05  26
[0] MPI startup(): 149     699940   i01r01c02s05  74
[0] MPI startup(): 150     699941   i01r01c02s05  27
[0] MPI startup(): 151     699942   i01r01c02s05  75
[0] MPI startup(): 152     699943   i01r01c02s05  28
[0] MPI startup(): 153     699944   i01r01c02s05  76
[0] MPI startup(): 154     699945   i01r01c02s05  29
[0] MPI startup(): 155     699946   i01r01c02s05  77
[0] MPI startup(): 156     699947   i01r01c02s05  30
[0] MPI startup(): 157     699948   i01r01c02s05  78
[0] MPI startup(): 158     699949   i01r01c02s05  31
[0] MPI startup(): 159     699950   i01r01c02s05  79
[0] MPI startup(): 160     699951   i01r01c02s05  32
[0] MPI startup(): 161     699952   i01r01c02s05  80
[0] MPI startup(): 162     699953   i01r01c02s05  33
[0] MPI startup(): 163     699954   i01r01c02s05  81
[0] MPI startup(): 164     699955   i01r01c02s05  34
[0] MPI startup(): 165     699956   i01r01c02s05  82
[0] MPI startup(): 166     699957   i01r01c02s05  35
[0] MPI startup(): 167     699958   i01r01c02s05  83
[0] MPI startup(): 168     699959   i01r01c02s05  36
[0] MPI startup(): 169     699960   i01r01c02s05  84
[0] MPI startup(): 170     699961   i01r01c02s05  37
[0] MPI startup(): 171     699962   i01r01c02s05  85
[0] MPI startup(): 172     699963   i01r01c02s05  38
[0] MPI startup(): 173     699964   i01r01c02s05  86
[0] MPI startup(): 174     699965   i01r01c02s05  39
[0] MPI startup(): 175     699966   i01r01c02s05  87
[0] MPI startup(): 176     699967   i01r01c02s05  40
[0] MPI startup(): 177     699968   i01r01c02s05  88
[0] MPI startup(): 178     699969   i01r01c02s05  41
[0] MPI startup(): 179     699970   i01r01c02s05  89
[0] MPI startup(): 180     699971   i01r01c02s05  42
[0] MPI startup(): 181     699972   i01r01c02s05  90
[0] MPI startup(): 182     699973   i01r01c02s05  43
[0] MPI startup(): 183     699974   i01r01c02s05  91
[0] MPI startup(): 184     699975   i01r01c02s05  44
[0] MPI startup(): 185     699976   i01r01c02s05  92
[0] MPI startup(): 186     699977   i01r01c02s05  45
[0] MPI startup(): 187     699978   i01r01c02s05  93
[0] MPI startup(): 188     699979   i01r01c02s05  46
[0] MPI startup(): 189     699980   i01r01c02s05  94
[0] MPI startup(): 190     699981   i01r01c02s05  47
[0] MPI startup(): 191     699982   i01r01c02s05  95

12 processes distributed in X-direction
 16 ; processes distributed in Y-direction
Resolutions       : (12500, 13500, ... 12500)
Iterations        : 20
Num. Heat sources : 2
   1: (0.00, 0.00) 1.00 1.00 
   2: (1.00, 1.00) 1.00 0.50 
rank= 48 coords= 3 0 neighbours(up,down,left,right)= 32 64 -1 49
rank= 85 coords= 5 5 neighbours(up,down,left,right)= 69 101 84 86
rank= 98 coords= 6 2 neighbours(up,down,left,right)= 82 114 97 99
rank= 176 coords= 11 0 neighbours(up,down,left,right)= 160 -1 -1 177
rank= 86 coords= 5 6 neighbours(up,down,left,right)= 70 102 85 87
rank= 102 coords= 6 6 neighbours(up,down,left,right)= 86 118 101 103
rank= 177 coords= 11 1 neighbours(up,down,left,right)= 161 -1 176 178
rank= 49 coords= 3 1 neighbours(up,down,left,right)= 33 65 48 50
rank= 104 coords= 6 8 neighbours(up,down,left,right)= 88 120 103 105
rank= 178 coords= 11 2 neighbours(up,down,left,right)= 162 -1 177 179
rank= 50 coords= 3 2 neighbours(up,down,left,right)= 34 66 49 51
rank= 106 coords= 6 10 neighbours(up,down,left,right)= 90 122 105 107
rank= 180 coords= 11 4 neighbours(up,down,left,right)= 164 -1 179 181
rank= 51 coords= 3 3 neighbours(up,down,left,right)= 35 67 50 52
rank= 107 coords= 6 11 neighbours(up,down,left,right)= 91 123 106 108
rank= 181 coords= 11 5 neighbours(up,down,left,right)= 165 -1 180 182
rank= 52 coords= 3 4 neighbours(up,down,left,right)= 36 68 51 53
rank= 108 coords= 6 12 neighbours(up,down,left,right)= 92 124 107 109
rank= 182 coords= 11 6 neighbours(up,down,left,right)= 166 -1 181 183
rank= 53 coords= 3 5 neighbours(up,down,left,right)= 37 69 52 54
rank= 112 coords= 7 0 neighbours(up,down,left,right)= 96 128 -1 113
rank= 0 coords= 0 0 neighbours(up,down,left,right)= -1 16 -1 1
rank= 54 coords= 3 6 neighbours(up,down,left,right)= 38 70 53 55
rank= 114 coords= 7 2 neighbours(up,down,left,right)= 98 130 113 115
rank= 1 coords= 0 1 neighbours(up,down,left,right)= -1 17 0 2
rank= 55 coords= 3 7 neighbours(up,down,left,right)= 39 71 54 56
rank= 116 coords= 7 4 neighbours(up,down,left,right)= 100 132 115 117
rank= 2 coords= 0 2 neighbours(up,down,left,right)= -1 18 1 3
rank= 56 coords= 3 8 neighbours(up,down,left,right)= 40 72 55 57
rank= 120 coords= 7 8 neighbours(up,down,left,right)= 104 136 119 121
rank= 3 coords= 0 3 neighbours(up,down,left,right)= -1 19 2 4
rank= 57 coords= 3 9 neighbours(up,down,left,right)= 41 73 56 58
rank= 124 coords= 7 12 neighbours(up,down,left,right)= 108 140 123 125
rank= 8 coords= 0 8 neighbours(up,down,left,right)= -1 24 7 9
rank= 128 coords= 8 0 neighbours(up,down,left,right)= 112 144 -1 129
rank= 10 coords= 0 10 neighbours(up,down,left,right)= -1 26 9 11
rank= 132 coords= 8 4 neighbours(up,down,left,right)= 116 148 131 133
rank= 11 coords= 0 11 neighbours(up,down,left,right)= -1 27 10 12
rank= 58 coords= 3 10 neighbours(up,down,left,right)= 42 74 57 59
rank= 136 coords= 8 8 neighbours(up,down,left,right)= 120 152 135 137
rank= 12 coords= 0 12 neighbours(up,down,left,right)= -1 28 11 13
rank= 59 coords= 3 11 neighbours(up,down,left,right)= 43 75 58 60
rank= 140 coords= 8 12 neighbours(up,down,left,right)= 124 156 139 141
rank= 13 coords= 0 13 neighbours(up,down,left,right)= -1 29 12 14
rank= 60 coords= 3 12 neighbours(up,down,left,right)= 44 76 59 61
rank= 141 coords= 8 13 neighbours(up,down,left,right)= 125 157 140 142
rank= 14 coords= 0 14 neighbours(up,down,left,right)= -1 30 13 15
rank= 61 coords= 3 13 neighbours(up,down,left,right)= 45 77 60 62
rank= 96 coords= 6 0 neighbours(up,down,left,right)= 80 112 -1 97
rank= 16 coords= 1 0 neighbours(up,down,left,right)= 0 32 -1 17
rank= 62 coords= 3 14 neighbours(up,down,left,right)= 46 78 61 63
rank= 97 coords= 6 1 neighbours(up,down,left,right)= 81 113 96 98
rank= 17 coords= 1 1 neighbours(up,down,left,right)= 1 33 16 18
rank= 63 coords= 3 15 neighbours(up,down,left,right)= 47 79 62 -1
rank= 99 coords= 6 3 neighbours(up,down,left,right)= 83 115 98 100
rank= 18 coords= 1 2 neighbours(up,down,left,right)= 2 34 17 19
rank= 64 coords= 4 0 neighbours(up,down,left,right)= 48 80 -1 65
rank= 100 coords= 6 4 neighbours(up,down,left,right)= 84 116 99 101
rank= 20 coords= 1 4 neighbours(up,down,left,right)= 4 36 19 21
rank= 65 coords= 4 1 neighbours(up,down,left,right)= 49 81 64 66
rank= 101 coords= 6 5 neighbours(up,down,left,right)= 85 117 100 102
rank= 32 coords= 2 0 neighbours(up,down,left,right)= 16 48 -1 33
rank= 66 coords= 4 2 neighbours(up,down,left,right)= 50 82 65 67
rank= 103 coords= 6 7 neighbours(up,down,left,right)= 87 119 102 104
rank= 35 coords= 2 3 neighbours(up,down,left,right)= 19 51 34 36
rank= 67 coords= 4 3 neighbours(up,down,left,right)= 51 83 66 68
rank= 105 coords= 6 9 neighbours(up,down,left,right)= 89 121 104 106
rank= 36 coords= 2 4 neighbours(up,down,left,right)= 20 52 35 37
rank= 68 coords= 4 4 neighbours(up,down,left,right)= 52 84 67 69
rank= 109 coords= 6 13 neighbours(up,down,left,right)= 93 125 108 110
rank= 40 coords= 2 8 neighbours(up,down,left,right)= 24 56 39 41
rank= 69 coords= 4 5 neighbours(up,down,left,right)= 53 85 68 70
rank= 110 coords= 6 14 neighbours(up,down,left,right)= 94 126 109 111
rank= 44 coords= 2 12 neighbours(up,down,left,right)= 28 60 43 45
rank= 70 coords= 4 6 neighbours(up,down,left,right)= 54 86 69 71
rank= 111 coords= 6 15 neighbours(up,down,left,right)= 95 127 110 -1
rank= 144 coords= 9 0 neighbours(up,down,left,right)= 128 160 -1 145
rank= 71 coords= 4 7 neighbours(up,down,left,right)= 55 87 70 72
rank= 113 coords= 7 1 neighbours(up,down,left,right)= 97 129 112 114
rank= 145 coords= 9 1 neighbours(up,down,left,right)= 129 161 144 146
rank= 72 coords= 4 8 neighbours(up,down,left,right)= 56 88 71 73
rank= 115 coords= 7 3 neighbours(up,down,left,right)= 99 131 114 116
rank= 148 coords= 9 4 neighbours(up,down,left,right)= 132 164 147 149
rank= 73 coords= 4 9 neighbours(up,down,left,right)= 57 89 72 74
rank= 117 coords= 7 5 neighbours(up,down,left,right)= 101 133 116 118
rank= 150 coords= 9 6 neighbours(up,down,left,right)= 134 166 149 151
rank= 74 coords= 4 10 neighbours(up,down,left,right)= 58 90 73 75
rank= 118 coords= 7 6 neighbours(up,down,left,right)= 102 134 117 119
rank= 152 coords= 9 8 neighbours(up,down,left,right)= 136 168 151 153
rank= 75 coords= 4 11 neighbours(up,down,left,right)= 59 91 74 76
rank= 119 coords= 7 7 neighbours(up,down,left,right)= 103 135 118 120
rank= 156 coords= 9 12 neighbours(up,down,left,right)= 140 172 155 157
rank= 76 coords= 4 12 neighbours(up,down,left,right)= 60 92 75 77
rank= 121 coords= 7 9 neighbours(up,down,left,right)= 105 137 120 122
rank= 158 coords= 9 14 neighbours(up,down,left,right)= 142 174 157 159
rank= 77 coords= 4 13 neighbours(up,down,left,right)= 61 93 76 78
rank= 122 coords= 7 10 neighbours(up,down,left,right)= 106 138 121 123
rank= 160 coords= 10 0 neighbours(up,down,left,right)= 144 176 -1 161
rank= 78 coords= 4 14 neighbours(up,down,left,right)= 62 94 77 79
rank= 123 coords= 7 11 neighbours(up,down,left,right)= 107 139 122 124
rank= 161 coords= 10 1 neighbours(up,down,left,right)= 145 177 160 162
rank= 79 coords= 4 15 neighbours(up,down,left,right)= 63 95 78 -1
rank= 125 coords= 7 13 neighbours(up,down,left,right)= 109 141 124 126
rank= 162 coords= 10 2 neighbours(up,down,left,right)= 146 178 161 163
rank= 80 coords= 5 0 neighbours(up,down,left,right)= 64 96 -1 81
rank= 126 coords= 7 14 neighbours(up,down,left,right)= 110 142 125 127
rank= 163 coords= 10 3 neighbours(up,down,left,right)= 147 179 162 164
rank= 81 coords= 5 1 neighbours(up,down,left,right)= 65 97 80 82
rank= 127 coords= 7 15 neighbours(up,down,left,right)= 111 143 126 -1
rank= 164 coords= 10 4 neighbours(up,down,left,right)= 148 180 163 165
rank= 82 coords= 5 2 neighbours(up,down,left,right)= 66 98 81 83
rank= 129 coords= 8 1 neighbours(up,down,left,right)= 113 145 128 130
rank= 165 coords= 10 5 neighbours(up,down,left,right)= 149 181 164 166
rank= 83 coords= 5 3 neighbours(up,down,left,right)= 67 99 82 84
rank= 130 coords= 8 2 neighbours(up,down,left,right)= 114 146 129 131
rank= 168 coords= 10 8 neighbours(up,down,left,right)= 152 184 167 169
rank= 84 coords= 5 4 neighbours(up,down,left,right)= 68 100 83 85
rank= 131 coords= 8 3 neighbours(up,down,left,right)= 115 147 130 132
rank= 169 coords= 10 9 neighbours(up,down,left,right)= 153 185 168 170
rank= 87 coords= 5 7 neighbours(up,down,left,right)= 71 103 86 88
rank= 133 coords= 8 5 neighbours(up,down,left,right)= 117 149 132 134
rank= 170 coords= 10 10 neighbours(up,down,left,right)= 154 186 169 171
rank= 88 coords= 5 8 neighbours(up,down,left,right)= 72 104 87 89
rank= 134 coords= 8 6 neighbours(up,down,left,right)= 118 150 133 135
rank= 171 coords= 10 11 neighbours(up,down,left,right)= 155 187 170 172
rank= 89 coords= 5 9 neighbours(up,down,left,right)= 73 105 88 90
rank= 135 coords= 8 7 neighbours(up,down,left,right)= 119 151 134 136
rank= 172 coords= 10 12 neighbours(up,down,left,right)= 156 188 171 173
rank= 90 coords= 5 10 neighbours(up,down,left,right)= 74 106 89 91
rank= 137 coords= 8 9 neighbours(up,down,left,right)= 121 153 136 138
rank= 173 coords= 10 13 neighbours(up,down,left,right)= 157 189 172 174
rank= 91 coords= 5 11 neighbours(up,down,left,right)= 75 107 90 92
rank= 138 coords= 8 10 neighbours(up,down,left,right)= 122 154 137 139
rank= 174 coords= 10 14 neighbours(up,down,left,right)= 158 190 173 175
rank= 92 coords= 5 12 neighbours(up,down,left,right)= 76 108 91 93
rank= 139 coords= 8 11 neighbours(up,down,left,right)= 123 155 138 140
rank= 179 coords= 11 3 neighbours(up,down,left,right)= 163 -1 178 180
rank= 93 coords= 5 13 neighbours(up,down,left,right)= 77 109 92 94
rank= 142 coords= 8 14 neighbours(up,down,left,right)= 126 158 141 143
rank= 183 coords= 11 7 neighbours(up,down,left,right)= 167 -1 182 184
rank= 94 coords= 5 14 neighbours(up,down,left,right)= 78 110 93 95
rank= 143 coords= 8 15 neighbours(up,down,left,right)= 127 159 142 -1
rank= 184 coords= 11 8 neighbours(up,down,left,right)= 168 -1 183 185
rank= 95 coords= 5 15 neighbours(up,down,left,right)= 79 111 94 -1
rank= 185 coords= 11 9 neighbours(up,down,left,right)= 169 -1 184 186
rank= 186 coords= 11 10 neighbours(up,down,left,right)= 170 -1 185 187
rank= 187 coords= 11 11 neighbours(up,down,left,right)= 171 -1 186 188
rank= 188 coords= 11 12 neighbours(up,down,left,right)= 172 -1 187 189
rank= 189 coords= 11 13 neighbours(up,down,left,right)= 173 -1 188 190
rank= 190 coords= 11 14 neighbours(up,down,left,right)= 174 -1 189 191
rank= 191 coords= 11 15 neighbours(up,down,left,right)= 175 -1 190 -1
rank= 4 coords= 0 4 neighbours(up,down,left,right)= -1 20 3 5
rank= 5 coords= 0 5 neighbours(up,down,left,right)= -1 21 4 6
rank= 6 coords= 0 6 neighbours(up,down,left,right)= -1 22 5 7
rank= 7 coords= 0 7 neighbours(up,down,left,right)= -1 23 6 8
rank= 9 coords= 0 9 neighbours(up,down,left,right)= -1 25 8 10
rank= 15 coords= 0 15 neighbours(up,down,left,right)= -1 31 14 -1
rank= 19 coords= 1 3 neighbours(up,down,left,right)= 3 35 18 20
rank= 21 coords= 1 5 neighbours(up,down,left,right)= 5 37 20 22
rank= 22 coords= 1 6 neighbours(up,down,left,right)= 6 38 21 23
rank= 23 coords= 1 7 neighbours(up,down,left,right)= 7 39 22 24
rank= 24 coords= 1 8 neighbours(up,down,left,right)= 8 40 23 25
rank= 25 coords= 1 9 neighbours(up,down,left,right)= 9 41 24 26
rank= 27 coords= 1 11 neighbours(up,down,left,right)= 11 43 26 28
rank= 28 coords= 1 12 neighbours(up,down,left,right)= 12 44 27 29
rank= 29 coords= 1 13 neighbours(up,down,left,right)= 13 45 28 30
rank= 30 coords= 1 14 neighbours(up,down,left,right)= 14 46 29 31
rank= 31 coords= 1 15 neighbours(up,down,left,right)= 15 47 30 -1
rank= 33 coords= 2 1 neighbours(up,down,left,right)= 17 49 32 34
rank= 34 coords= 2 2 neighbours(up,down,left,right)= 18 50 33 35
rank= 37 coords= 2 5 neighbours(up,down,left,right)= 21 53 36 38
rank= 38 coords= 2 6 neighbours(up,down,left,right)= 22 54 37 39
rank= 39 coords= 2 7 neighbours(up,down,left,right)= 23 55 38 40
rank= 41 coords= 2 9 neighbours(up,down,left,right)= 25 57 40 42
rank= 42 coords= 2 10 neighbours(up,down,left,right)= 26 58 41 43
rank= 43 coords= 2 11 neighbours(up,down,left,right)= 27 59 42 44
rank= 45 coords= 2 13 neighbours(up,down,left,right)= 29 61 44 46
rank= 46 coords= 2 14 neighbours(up,down,left,right)= 30 62 45 47
rank= 47 coords= 2 15 neighbours(up,down,left,right)= 31 63 46 -1
rank= 146 coords= 9 2 neighbours(up,down,left,right)= 130 162 145 147
rank= 147 coords= 9 3 neighbours(up,down,left,right)= 131 163 146 148
rank= 149 coords= 9 5 neighbours(up,down,left,right)= 133 165 148 150
rank= 151 coords= 9 7 neighbours(up,down,left,right)= 135 167 150 152
rank= 153 coords= 9 9 neighbours(up,down,left,right)= 137 169 152 154
rank= 154 coords= 9 10 neighbours(up,down,left,right)= 138 170 153 155
rank= 155 coords= 9 11 neighbours(up,down,left,right)= 139 171 154 156
rank= 157 coords= 9 13 neighbours(up,down,left,right)= 141 173 156 158
rank= 159 coords= 9 15 neighbours(up,down,left,right)= 143 175 158 -1
rank= 166 coords= 10 6 neighbours(up,down,left,right)= 150 182 165 167
rank= 175 coords= 10 15 neighbours(up,down,left,right)= 159 191 174 -1
rank= 167 coords= 10 7 neighbours(up,down,left,right)= 151 183 166 168
rank= 26 coords= 1 10 neighbours(up,down,left,right)= 10 42 25 27

Num-X: 12 ; Num-Y: 16 ; Resolution: 12500 ; Rank: 124 ; Rank-X: 7 ; Rank-Y: 12 ; Rowstart: 7294; Rowend: 8337; Rows: 1043; Colstart: 9384; Colend: 10167; Cols: 783;
Num-X: 12 ; Num-Y: 16 ; Resolution: 12500 ; Rank: 48 ; Rank-X: 3 ; Rank-Y: 0 ; Rowstart: 3126; Rowend: 4169; Rows: 1043; Colstart: 0; Colend: 783; Cols: 783;
Num-X: 12 ; Num-Y: 16 ; Resolution: 12500 ; Rank: 96 ; Rank-X: 6 ; Rank-Y: 0 ; Rowstart: 6252; Rowend: 7295; Rows: 1043; Colstart: 0; Colend: 783; Cols: 783;
Num-X: 12 ; Num-Y: 16 ; Resolution: 12500 ; Rank: 61 ; Rank-X: 3 ; Rank-Y: 13 ; Rowstart: 3126; Rowend: 4169; Rows: 1043; Colstart: 10166; Colend: 10949; Cols: 783;
Num-X: 12 ; Num-Y: 16 ; Resolution: 12500 ; Rank: 97 ; Rank-X: 6 ; Rank-Y: 1 ; Rowstart: 6252; Rowend: 7295; Rows: 1043; Colstart: 782; Colend: 1565; Cols: 783;
Num-X: 12 ; Num-Y: 16 ; Resolution: 12500 ; Rank: 63 ; Rank-X: 3 ; Rank-Y: 15 ; Rowstart: 3126; Rowend: 4169; Rows: 1043; Colstart: 11730; Colend: 12501; Cols: 771;
Num-X: 12 ; Num-Y: 16 ; Resolution: 12500 ; Rank: 105 ; Rank-X: 6 ; Rank-Y: 9 ; Rowstart: 6252; Rowend: 7295; Rows: 1043; Colstart: 7038; Colend: 7821; Cols: 783;
Num-X: 12 ; Num-Y: 16 ; Resolution: 12500 ; Rank: 65 ; Rank-X: 4 ; Rank-Y: 1 ; Rowstart: 4168; Rowend: 5211; Rows: 1043; Colstart: 782; Colend: 1565; Cols: 783;
Num-X: 12 ; Num-Y: 16 ; Resolution: 12500 ; Rank: 106 ; Rank-X: 6 ; Rank-Y: 10 ; Rowstart: 6252; Rowend: 7295; Rows: 1043; Colstart: 7820; Colend: 8603; Cols: 783;
Num-X: 12 ; Num-Y: 16 ; Resolution: 12500 ; Rank: 55 ; Rank-X: 3 ; Rank-Y: 7 ; Rowstart: 3126; Rowend: 4169; Rows: 1043; Colstart: 5474; Colend: 6257; Cols: 783;
Num-X: 12 ; Num-Y: 16 ; Resolution: 12500 ; Rank: 111 ; Rank-X: 6 ; Rank-Y: 15 ; Rowstart: 6252; Rowend: 7295; Rows: 1043; Colstart: 11730; Colend: 12501; Cols: 771;
Num-X: 12 ; Num-Y: 16 ; Resolution: 12500 ; Rank: 70 ; Rank-X: 4 ; Rank-Y: 6 ; Rowstart: 4168; Rowend: 5211; Rows: 1043; Colstart: 4692; Colend: 5475; Cols: 783;
Num-X: 12 ; Num-Y: 16 ; Resolution: 12500 ; Rank: 138 ; Rank-X: 8 ; Rank-Y: 10 ; Rowstart: 8336; Rowend: 9379; Rows: 1043; Colstart: 7820; Colend: 8603; Cols: 783;
Num-X: 12 ; Num-Y: 16 ; Resolution: 12500 ; Rank: 79 ; Rank-X: 4 ; Rank-Y: 15 ; Rowstart: 4168; Rowend: 5211; Rows: 1043; Colstart: 11730; Colend: 12501; Cols: 771;
Num-X: 12 ; Num-Y: 16 ; Resolution: 12500 ; Rank: 116 ; Rank-X: 7 ; Rank-Y: 4 ; Rowstart: 7294; Rowend: 8337; Rows: 1043; Colstart: 3128; Colend: 3911; Cols: 783;
Num-X: 12 ; Num-Y: 16 ; Resolution: 12500 ; Rank: 82 ; Rank-X: 5 ; Rank-Y: 2 ; Rowstart: 5210; Rowend: 6253; Rows: 1043; Colstart: 1564; Colend: 2347; Cols: 783;
Num-X: 12 ; Num-Y: 16 ; Resolution: 12500 ; Rank: 120 ; Rank-X: 7 ; Rank-Y: 8 ; Rowstart: 7294; Rowend: 8337; Rows: 1043; Colstart: 6256; Colend: 7039; Cols: 783;
Num-X: 12 ; Num-Y: 16 ; Resolution: 12500 ; Rank: 84 ; Rank-X: 5 ; Rank-Y: 4 ; Rowstart: 5210; Rowend: 6253; Rows: 1043; Colstart: 3128; Colend: 3911; Cols: 783;
Num-X: 12 ; Num-Y: 16 ; Resolution: 12500 ; Rank: 128 ; Rank-X: 8 ; Rank-Y: 0 ; Rowstart: 8336; Rowend: 9379; Rows: 1043; Colstart: 0; Colend: 783; Cols: 783;
Num-X: 12 ; Num-Y: 16 ; Resolution: 12500 ; Rank: 85 ; Rank-X: 5 ; Rank-Y: 5 ; Rowstart: 5210; Rowend: 6253; Rows: 1043; Colstart: 3910; Colend: 4693; Cols: 783;
Num-X: 12 ; Num-Y: 16 ; Resolution: 12500 ; Rank: 129 ; Rank-X: 8 ; Rank-Y: 1 ; Rowstart: 8336; Rowend: 9379; Rows: 1043; Colstart: 782; Colend: 1565; Cols: 783;
Num-X: 12 ; Num-Y: 16 ; Resolution: 12500 ; Rank: 88 ; Rank-X: 5 ; Rank-Y: 8 ; Rowstart: 5210; Rowend: 6253; Rows: 1043; Colstart: 6256; Colend: 7039; Cols: 783;
Num-X: 12 ; Num-Y: 16 ; Resolution: 12500 ; Rank: 134 ; Rank-X: 8 ; Rank-Y: 6 ; Rowstart: 8336; Rowend: 9379; Rows: 1043; Colstart: 4692; Colend: 5475; Cols: 783;
Num-X: 12 ; Num-Y: 16 ; Resolution: 12500 ; Rank: 91 ; Rank-X: 5 ; Rank-Y: 11 ; Rowstart: 5210; Rowend: 6253; Rows: 1043; Colstart: 8602; Colend: 9385; Cols: 783;
Num-X: 12 ; Num-Y: 16 ; Resolution: 12500 ; Rank: 136 ; Rank-X: 8 ; Rank-Y: 8 ; Rowstart: 8336; Rowend: 9379; Rows: 1043; Colstart: 6256; Colend: 7039; Cols: 783;
Num-X: 12 ; Num-Y: 16 ; Resolution: 12500 ; Rank: 92 ; Rank-X: 5 ; Rank-Y: 12 ; Rowstart: 5210; Rowend: 6253; Rows: 1043; Colstart: 9384; Colend: 10167; Cols: 783;
Num-X: 12 ; Num-Y: 16 ; Resolution: 12500 ; Rank: 139 ; Rank-X: 8 ; Rank-Y: 11 ; Rowstart: 8336; Rowend: 9379; Rows: 1043; Colstart: 8602; Colend: 9385; Cols: 783;
Num-X: 12 ; Num-Y: 16 ; Resolution: 12500 ; Rank: 50 ; Rank-X: 3 ; Rank-Y: 2 ; Rowstart: 3126; Rowend: 4169; Rows: 1043; Colstart: 1564; Colend: 2347; Cols: 783;
Num-X: 12 ; Num-Y: 16 ; Resolution: 12500 ; Rank: 142 ; Rank-X: 8 ; Rank-Y: 14 ; Rowstart: 8336; Rowend: 9379; Rows: 1043; Colstart: 10948; Colend: 11731; Cols: 783;
Num-X: 12 ; Num-Y: 16 ; Resolution: 12500 ; Rank: 56 ; Rank-X: 3 ; Rank-Y: 8 ; Rowstart: 3126; Rowend: 4169; Rows: 1043; Colstart: 6256; Colend: 7039; Cols: 783;
Num-X: 12 ; Num-Y: 16 ; Resolution: 12500 ; Rank: 98 ; Rank-X: 6 ; Rank-Y: 2 ; Rowstart: 6252; Rowend: 7295; Rows: 1043; Colstart: 1564; Colend: 2347; Cols: 783;
Num-X: 12 ; Num-Y: 16 ; Resolution: 12500 ; Rank: 58 ; Rank-X: 3 ; Rank-Y: 10 ; Rowstart: 3126; Rowend: 4169; Rows: 1043; Colstart: 7820; Colend: 8603; Cols: 783;
Num-X: 12 ; Num-Y: 16 ; Resolution: 12500 ; Rank: 99 ; Rank-X: 6 ; Rank-Y: 3 ; Rowstart: 6252; Rowend: 7295; Rows: 1043; Colstart: 2346; Colend: 3129; Cols: 783;
Num-X: 12 ; Num-Y: 16 ; Resolution: 12500 ; Rank: 60 ; Rank-X: 3 ; Rank-Y: 12 ; Rowstart: 3126; Rowend: 4169; Rows: 1043; Colstart: 9384; Colend: 10167; Cols: 783;
Num-X: 12 ; Num-Y: 16 ; Resolution: 12500 ; Rank: 100 ; Rank-X: 6 ; Rank-Y: 4 ; Rowstart: 6252; Rowend: 7295; Rows: 1043; Colstart: 3128; Colend: 3911; Cols: 783;
Num-X: 12 ; Num-Y: 16 ; Resolution: 12500 ; Rank: 62 ; Rank-X: 3 ; Rank-Y: 14 ; Rowstart: 3126; Rowend: 4169; Rows: 1043; Colstart: 10948; Colend: 11731; Cols: 783;
Num-X: 12 ; Num-Y: 16 ; Resolution: 12500 ; Rank: 101 ; Rank-X: 6 ; Rank-Y: 5 ; Rowstart: 6252; Rowend: 7295; Rows: 1043; Colstart: 3910; Colend: 4693; Cols: 783;
Num-X: 12 ; Num-Y: 16 ; Resolution: 12500 ; Rank: 64 ; Rank-X: 4 ; Rank-Y: 0 ; Rowstart: 4168; Rowend: 5211; Rows: 1043; Colstart: 0; Colend: 783; Cols: 783;
Num-X: 12 ; Num-Y: 16 ; Resolution: 12500 ; Rank: 102 ; Rank-X: 6 ; Rank-Y: 6 ; Rowstart: 6252; Rowend: 7295; Rows: 1043; Colstart: 4692; Colend: 5475; Cols: 783;
Num-X: 12 ; Num-Y: 16 ; Resolution: 12500 ; Rank: 49 ; Rank-X: 3 ; Rank-Y: 1 ; Rowstart: 3126; Rowend: 4169; Rows: 1043; Colstart: 782; Colend: 1565; Cols: 783;
Num-X: 12 ; Num-Y: 16 ; Resolution: 12500 ; Rank: 103 ; Rank-X: 6 ; Rank-Y: 7 ; Rowstart: 6252; Rowend: 7295; Rows: 1043; Colstart: 5474; Colend: 6257; Cols: 783;
Num-X: 12 ; Num-Y: 16 ; Resolution: 12500 ; Rank: 51 ; Rank-X: 3 ; Rank-Y: 3 ; Rowstart: 3126; Rowend: 4169; Rows: 1043; Colstart: 2346; Colend: 3129; Cols: 783;
Num-X: 12 ; Num-Y: 16 ; Resolution: 12500 ; Rank: 104 ; Rank-X: 6 ; Rank-Y: 8 ; Rowstart: 6252; Rowend: 7295; Rows: 1043; Colstart: 6256; Colend: 7039; Cols: 783;
Num-X: 12 ; Num-Y: 16 ; Resolution: 12500 ; Rank: 52 ; Rank-X: 3 ; Rank-Y: 4 ; Rowstart: 3126; Rowend: 4169; Rows: 1043; Colstart: 3128; Colend: 3911; Cols: 783;
Num-X: 12 ; Num-Y: 16 ; Resolution: 12500 ; Rank: 107 ; Rank-X: 6 ; Rank-Y: 11 ; Rowstart: 6252; Rowend: 7295; Rows: 1043; Colstart: 8602; Colend: 9385; Cols: 783;
Num-X: 12 ; Num-Y: 16 ; Resolution: 12500 ; Rank: 59 ; Rank-X: 3 ; Rank-Y: 11 ; Rowstart: 3126; Rowend: 4169; Rows: 1043; Colstart: 8602; Colend: 9385; Cols: 783;
Num-X: 12 ; Num-Y: 16 ; Resolution: 12500 ; Rank: 67 ; Rank-X: 4 ; Rank-Y: 3 ; Rowstart: 4168; Rowend: 5211; Rows: 1043; Colstart: 2346; Colend: 3129; Cols: 783;
Num-X: 12 ; Num-Y: 16 ; Resolution: 12500 ; Rank: 81 ; Rank-X: 5 ; Rank-Y: 1 ; Rowstart: 5210; Rowend: 6253; Rows: 1043; Colstart: 782; Colend: 1565; Cols: 783;
Num-X: 12 ; Num-Y: 16 ; Resolution: 12500 ; Rank: 108 ; Rank-X: 6 ; Rank-Y: 12 ; Rowstart: 6252; Rowend: 7295; Rows: 1043; Colstart: 9384; Colend: 10167; Cols: 783;
Num-X: 12 ; Num-Y: 16 ; Resolution: 12500 ; Rank: 83 ; Rank-X: 5 ; Rank-Y: 3 ; Rowstart: 5210; Rowend: 6253; Rows: 1043; Colstart: 2346; Colend: 3129; Cols: 783;
Num-X: 12 ; Num-Y: 16 ; Resolution: 12500 ; Rank: 86 ; Rank-X: 5 ; Rank-Y: 6 ; Rowstart: 5210; Rowend: 6253; Rows: 1043; Colstart: 4692; Colend: 5475; Cols: 783;
Num-X: 12 ; Num-Y: 16 ; Resolution: 12500 ; Rank: 109 ; Rank-X: 6 ; Rank-Y: 13 ; Rowstart: 6252; Rowend: 7295; Rows: 1043; Colstart: 10166; Colend: 10949; Cols: 783;
Num-X: 12 ; Num-Y: 16 ; Resolution: 12500 ; Rank: 93 ; Rank-X: 5 ; Rank-Y: 13 ; Rowstart: 5210; Rowend: 6253; Rows: 1043; Colstart: 10166; Colend: 10949; Cols: 783;
Num-X: 12 ; Num-Y: 16 ; Resolution: 12500 ; Rank: 110 ; Rank-X: 6 ; Rank-Y: 14 ; Rowstart: 6252; Rowend: 7295; Rows: 1043; Colstart: 10948; Colend: 11731; Cols: 783;
Num-X: 12 ; Num-Y: 16 ; Resolution: 12500 ; Rank: 95 ; Rank-X: 5 ; Rank-Y: 15 ; Rowstart: 5210; Rowend: 6253; Rows: 1043; Colstart: 11730; Colend: 12501; Cols: 771;
Num-X: 12 ; Num-Y: 16 ; Resolution: 12500 ; Rank: 53 ; Rank-X: 3 ; Rank-Y: 5 ; Rowstart: 3126; Rowend: 4169; Rows: 1043; Colstart: 3910; Colend: 4693; Cols: 783;
Num-X: 12 ; Num-Y: 16 ; Resolution: 12500 ; Rank: 112 ; Rank-X: 7 ; Rank-Y: 0 ; Rowstart: 7294; Rowend: 8337; Rows: 1043; Colstart: 0; Colend: 783; Cols: 783;
Num-X: 12 ; Num-Y: 16 ; Resolution: 12500 ; Rank: 181 ; Rank-X: 11 ; Rank-Y: 5 ; Rowstart: 11462; Rowend: 12501; Rows: 1039; Colstart: 3910; Colend: 4693; Cols: 783;
Num-X: 12 ; Num-Y: 16 ; Resolution: 12500 ; Rank: 54 ; Rank-X: 3 ; Rank-Y: 6 ; Rowstart: 3126; Rowend: 4169; Rows: 1043; Colstart: 4692; Colend: 5475; Cols: 783;
Num-X: 12 ; Num-Y: 16 ; Resolution: 12500 ; Rank: 113 ; Rank-X: 7 ; Rank-Y: 1 ; Rowstart: 7294; Rowend: 8337; Rows: 1043; Colstart: 782; Colend: 1565; Cols: 783;
Num-X: 12 ; Num-Y: 16 ; Resolution: 12500 ; Rank: 183 ; Rank-X: 11 ; Rank-Y: 7 ; Rowstart: 11462; Rowend: 12501; Rows: 1039; Colstart: 5474; Colend: 6257; Cols: 783;
Num-X: 12 ; Num-Y: 16 ; Resolution: 12500 ; Rank: 57 ; Rank-X: 3 ; Rank-Y: 9 ; Rowstart: 3126; Rowend: 4169; Rows: 1043; Colstart: 7038; Colend: 7821; Cols: 783;
Num-X: 12 ; Num-Y: 16 ; Resolution: 12500 ; Rank: 114 ; Rank-X: 7 ; Rank-Y: 2 ; Rowstart: 7294; Rowend: 8337; Rows: 1043; Colstart: 1564; Colend: 2347; Cols: 783;
Num-X: 12 ; Num-Y: 16 ; Resolution: 12500 ; Rank: 184 ; Rank-X: 11 ; Rank-Y: 8 ; Rowstart: 11462; Rowend: 12501; Rows: 1039; Colstart: 6256; Colend: 7039; Cols: 783;
Num-X: 12 ; Num-Y: 16 ; Resolution: 12500 ; Rank: 66 ; Rank-X: 4 ; Rank-Y: 2 ; Rowstart: 4168; Rowend: 5211; Rows: 1043; Colstart: 1564; Colend: 2347; Cols: 783;
Num-X: 12 ; Num-Y: 16 ; Resolution: 12500 ; Rank: 115 ; Rank-X: 7 ; Rank-Y: 3 ; Rowstart: 7294; Rowend: 8337; Rows: 1043; Colstart: 2346; Colend: 3129; Cols: 783;
Num-X: 12 ; Num-Y: 16 ; Resolution: 12500 ; Rank: 10 ; Rank-X: 0 ; Rank-Y: 10 ; Rowstart: 0; Rowend: 1043; Rows: 1043; Colstart: 7820; Colend: 8603; Cols: 783;
Num-X: 12 ; Num-Y: 16 ; Resolution: 12500 ; Rank: 68 ; Rank-X: 4 ; Rank-Y: 4 ; Rowstart: 4168; Rowend: 5211; Rows: 1043; Colstart: 3128; Colend: 3911; Cols: 783;
Num-X: 12 ; Num-Y: 16 ; Resolution: 12500 ; Rank: 117 ; Rank-X: 7 ; Rank-Y: 5 ; Rowstart: 7294; Rowend: 8337; Rows: 1043; Colstart: 3910; Colend: 4693; Cols: 783;
Num-X: 12 ; Num-Y: 16 ; Resolution: 12500 ; Rank: 11 ; Rank-X: 0 ; Rank-Y: 11 ; Rowstart: 0; Rowend: 1043; Rows: 1043; Colstart: 8602; Colend: 9385; Cols: 783;
Num-X: 12 ; Num-Y: 16 ; Resolution: 12500 ; Rank: 69 ; Rank-X: 4 ; Rank-Y: 5 ; Rowstart: 4168; Rowend: 5211; Rows: 1043; Colstart: 3910; Colend: 4693; Cols: 783;
Num-X: 12 ; Num-Y: 16 ; Resolution: 12500 ; Rank: 118 ; Rank-X: 7 ; Rank-Y: 6 ; Rowstart: 7294; Rowend: 8337; Rows: 1043; Colstart: 4692; Colend: 5475; Cols: 783;
Num-X: 12 ; Num-Y: 16 ; Resolution: 12500 ; Rank: 36 ; Rank-X: 2 ; Rank-Y: 4 ; Rowstart: 2084; Rowend: 3127; Rows: 1043; Colstart: 3128; Colend: 3911; Cols: 783;
Num-X: 12 ; Num-Y: 16 ; Resolution: 12500 ; Rank: 71 ; Rank-X: 4 ; Rank-Y: 7 ; Rowstart: 4168; Rowend: 5211; Rows: 1043; Colstart: 5474; Colend: 6257; Cols: 783;
Num-X: 12 ; Num-Y: 16 ; Resolution: 12500 ; Rank: 119 ; Rank-X: 7 ; Rank-Y: 7 ; Rowstart: 7294; Rowend: 8337; Rows: 1043; Colstart: 5474; Colend: 6257; Cols: 783;
Num-X: 12 ; Num-Y: 16 ; Resolution: 12500 ; Rank: 43 ; Rank-X: 2 ; Rank-Y: 11 ; Rowstart: 2084; Rowend: 3127; Rows: 1043; Colstart: 8602; Colend: 9385; Cols: 783;
Num-X: 12 ; Num-Y: 16 ; Resolution: 12500 ; Rank: 72 ; Rank-X: 4 ; Rank-Y: 8 ; Rowstart: 4168; Rowend: 5211; Rows: 1043; Colstart: 6256; Colend: 7039; Cols: 783;
Num-X: 12 ; Num-Y: 16 ; Resolution: 12500 ; Rank: 121 ; Rank-X: 7 ; Rank-Y: 9 ; Rowstart: 7294; Rowend: 8337; Rows: 1043; Colstart: 7038; Colend: 7821; Cols: 783;
Num-X: 12 ; Num-Y: 16 ; Resolution: 12500 ; Rank: 46 ; Rank-X: 2 ; Rank-Y: 14 ; Rowstart: 2084; Rowend: 3127; Rows: 1043; Colstart: 10948; Colend: 11731; Cols: 783;
Num-X: 12 ; Num-Y: 16 ; Resolution: 12500 ; Rank: 73 ; Rank-X: 4 ; Rank-Y: 9 ; Rowstart: 4168; Rowend: 5211; Rows: 1043; Colstart: 7038; Colend: 7821; Cols: 783;
Num-X: 12 ; Num-Y: 16 ; Resolution: 12500 ; Rank: 122 ; Rank-X: 7 ; Rank-Y: 10 ; Rowstart: 7294; Rowend: 8337; Rows: 1043; Colstart: 7820; Colend: 8603; Cols: 783;
Num-X: 12 ; Num-Y: 16 ; Resolution: 12500 ; Rank: 150 ; Rank-X: 9 ; Rank-Y: 6 ; Rowstart: 9378; Rowend: 10421; Rows: 1043; Colstart: 4692; Colend: 5475; Cols: 783;
Num-X: 12 ; Num-Y: 16 ; Resolution: 12500 ; Rank: 74 ; Rank-X: 4 ; Rank-Y: 10 ; Rowstart: 4168; Rowend: 5211; Rows: 1043; Colstart: 7820; Colend: 8603; Cols: 783;
Num-X: 12 ; Num-Y: 16 ; Resolution: 12500 ; Rank: 163 ; Rank-X: 10 ; Rank-Y: 3 ; Rowstart: 10420; Rowend: 11463; Rows: 1043; Colstart: 2346; Colend: 3129; Cols: 783;
Num-X: 12 ; Num-Y: 16 ; Resolution: 12500 ; Rank: 75 ; Rank-X: 4 ; Rank-Y: 11 ; Rowstart: 4168; Rowend: 5211; Rows: 1043; Colstart: 8602; Colend: 9385; Cols: 783;
Num-X: 12 ; Num-Y: 16 ; Resolution: 12500 ; Rank: 123 ; Rank-X: 7 ; Rank-Y: 11 ; Rowstart: 7294; Rowend: 8337; Rows: 1043; Colstart: 8602; Colend: 9385; Cols: 783;
Num-X: 12 ; Num-Y: 16 ; Resolution: 12500 ; Rank: 170 ; Rank-X: 10 ; Rank-Y: 10 ; Rowstart: 10420; Rowend: 11463; Rows: 1043; Colstart: 7820; Colend: 8603; Cols: 783;
Num-X: 12 ; Num-Y: 16 ; Resolution: 12500 ; Rank: 76 ; Rank-X: 4 ; Rank-Y: 12 ; Rowstart: 4168; Rowend: 5211; Rows: 1043; Colstart: 9384; Colend: 10167; Cols: 783;
Num-X: 12 ; Num-Y: 16 ; Resolution: 12500 ; Rank: 125 ; Rank-X: 7 ; Rank-Y: 13 ; Rowstart: 7294; Rowend: 8337; Rows: 1043; Colstart: 10166; Colend: 10949; Cols: 783;
Num-X: 12 ; Num-Y: 16 ; Resolution: 12500 ; Rank: 175 ; Rank-X: 10 ; Rank-Y: 15 ; Rowstart: 10420; Rowend: 11463; Rows: 1043; Colstart: 11730; Colend: 12501; Cols: 771;
Num-X: 12 ; Num-Y: 16 ; Resolution: 12500 ; Rank: 77 ; Rank-X: 4 ; Rank-Y: 13 ; Rowstart: 4168; Rowend: 5211; Rows: 1043; Colstart: 10166; Colend: 10949; Cols: 783;
Num-X: 12 ; Num-Y: 16 ; Resolution: 12500 ; Rank: 126 ; Rank-X: 7 ; Rank-Y: 14 ; Rowstart: 7294; Rowend: 8337; Rows: 1043; Colstart: 10948; Colend: 11731; Cols: 783;
Num-X: 12 ; Num-Y: 16 ; Resolution: 12500 ; Rank: 176 ; Rank-X: 11 ; Rank-Y: 0 ; Rowstart: 11462; Rowend: 12501; Rows: 1039; Colstart: 0; Colend: 783; Cols: 783;
Num-X: 12 ; Num-Y: 16 ; Resolution: 12500 ; Rank: 78 ; Rank-X: 4 ; Rank-Y: 14 ; Rowstart: 4168; Rowend: 5211; Rows: 1043; Colstart: 10948; Colend: 11731; Cols: 783;
Num-X: 12 ; Num-Y: 16 ; Resolution: 12500 ; Rank: 127 ; Rank-X: 7 ; Rank-Y: 15 ; Rowstart: 7294; Rowend: 8337; Rows: 1043; Colstart: 11730; Colend: 12501; Cols: 771;
Num-X: 12 ; Num-Y: 16 ; Resolution: 12500 ; Rank: 19 ; Rank-X: 1 ; Rank-Y: 3 ; Rowstart: 1042; Rowend: 2085; Rows: 1043; Colstart: 2346; Colend: 3129; Cols: 783;
Num-X: 12 ; Num-Y: 16 ; Resolution: 12500 ; Rank: 80 ; Rank-X: 5 ; Rank-Y: 0 ; Rowstart: 5210; Rowend: 6253; Rows: 1043; Colstart: 0; Colend: 783; Cols: 783;
Num-X: 12 ; Num-Y: 16 ; Resolution: 12500 ; Rank: 130 ; Rank-X: 8 ; Rank-Y: 2 ; Rowstart: 8336; Rowend: 9379; Rows: 1043; Colstart: 1564; Colend: 2347; Cols: 783;
Num-X: 12 ; Num-Y: 16 ; Resolution: 12500 ; Rank: 21 ; Rank-X: 1 ; Rank-Y: 5 ; Rowstart: 1042; Rowend: 2085; Rows: 1043; Colstart: 3910; Colend: 4693; Cols: 783;
Num-X: 12 ; Num-Y: 16 ; Resolution: 12500 ; Rank: 87 ; Rank-X: 5 ; Rank-Y: 7 ; Rowstart: 5210; Rowend: 6253; Rows: 1043; Colstart: 5474; Colend: 6257; Cols: 783;
Num-X: 12 ; Num-Y: 16 ; Resolution: 12500 ; Rank: 131 ; Rank-X: 8 ; Rank-Y: 3 ; Rowstart: 8336; Rowend: 9379; Rows: 1043; Colstart: 2346; Colend: 3129; Cols: 783;
Num-X: 12 ; Num-Y: 16 ; Resolution: 12500 ; Rank: 28 ; Rank-X: 1 ; Rank-Y: 12 ; Rowstart: 1042; Rowend: 2085; Rows: 1043; Colstart: 9384; Colend: 10167; Cols: 783;
Num-X: 12 ; Num-Y: 16 ; Resolution: 12500 ; Rank: 89 ; Rank-X: 5 ; Rank-Y: 9 ; Rowstart: 5210; Rowend: 6253; Rows: 1043; Colstart: 7038; Colend: 7821; Cols: 783;
Num-X: 12 ; Num-Y: 16 ; Resolution: 12500 ; Rank: 132 ; Rank-X: 8 ; Rank-Y: 4 ; Rowstart: 8336; Rowend: 9379; Rows: 1043; Colstart: 3128; Colend: 3911; Cols: 783;
Num-X: 12 ; Num-Y: 16 ; Resolution: 12500 ; Rank: 146 ; Rank-X: 9 ; Rank-Y: 2 ; Rowstart: 9378; Rowend: 10421; Rows: 1043; Colstart: 1564; Colend: 2347; Cols: 783;
Num-X: 12 ; Num-Y: 16 ; Resolution: 12500 ; Rank: 90 ; Rank-X: 5 ; Rank-Y: 10 ; Rowstart: 5210; Rowend: 6253; Rows: 1043; Colstart: 7820; Colend: 8603; Cols: 783;
Num-X: 12 ; Num-Y: 16 ; Resolution: 12500 ; Rank: 133 ; Rank-X: 8 ; Rank-Y: 5 ; Rowstart: 8336; Rowend: 9379; Rows: 1043; Colstart: 3910; Colend: 4693; Cols: 783;
Num-X: 12 ; Num-Y: 16 ; Resolution: 12500 ; Rank: 168 ; Rank-X: 10 ; Rank-Y: 8 ; Rowstart: 10420; Rowend: 11463; Rows: 1043; Colstart: 6256; Colend: 7039; Cols: 783;
Num-X: 12 ; Num-Y: 16 ; Resolution: 12500 ; Rank: 94 ; Rank-X: 5 ; Rank-Y: 14 ; Rowstart: 5210; Rowend: 6253; Rows: 1043; Colstart: 10948; Colend: 11731; Cols: 783;
Num-X: 12 ; Num-Y: 16 ; Resolution: 12500 ; Rank: 135 ; Rank-X: 8 ; Rank-Y: 7 ; Rowstart: 8336; Rowend: 9379; Rows: 1043; Colstart: 5474; Colend: 6257; Cols: 783;
Num-X: 12 ; Num-Y: 16 ; Resolution: 12500 ; Rank: 149 ; Rank-X: 9 ; Rank-Y: 5 ; Rowstart: 9378; Rowend: 10421; Rows: 1043; Colstart: 3910; Colend: 4693; Cols: 783;
Num-X: 12 ; Num-Y: 16 ; Resolution: 12500 ; Rank: 137 ; Rank-X: 8 ; Rank-Y: 9 ; Rowstart: 8336; Rowend: 9379; Rows: 1043; Colstart: 7038; Colend: 7821; Cols: 783;
Num-X: 12 ; Num-Y: 16 ; Resolution: 12500 ; Rank: 164 ; Rank-X: 10 ; Rank-Y: 4 ; Rowstart: 10420; Rowend: 11463; Rows: 1043; Colstart: 3128; Colend: 3911; Cols: 783;
Num-X: 12 ; Num-Y: 16 ; Resolution: 12500 ; Rank: 140 ; Rank-X: 8 ; Rank-Y: 12 ; Rowstart: 8336; Rowend: 9379; Rows: 1043; Colstart: 9384; Colend: 10167; Cols: 783;
Num-X: 12 ; Num-Y: 16 ; Resolution: 12500 ; Rank: 14 ; Rank-X: 0 ; Rank-Y: 14 ; Rowstart: 0; Rowend: 1043; Rows: 1043; Colstart: 10948; Colend: 11731; Cols: 783;
Num-X: 12 ; Num-Y: 16 ; Resolution: 12500 ; Rank: 141 ; Rank-X: 8 ; Rank-Y: 13 ; Rowstart: 8336; Rowend: 9379; Rows: 1043; Colstart: 10166; Colend: 10949; Cols: 783;
Num-X: 12 ; Num-Y: 16 ; Resolution: 12500 ; Rank: 29 ; Rank-X: 1 ; Rank-Y: 13 ; Rowstart: 1042; Rowend: 2085; Rows: 1043; Colstart: 10166; Colend: 10949; Cols: 783;
Num-X: 12 ; Num-Y: 16 ; Resolution: 12500 ; Rank: 143 ; Rank-X: 8 ; Rank-Y: 15 ; Rowstart: 8336; Rowend: 9379; Rows: 1043; Colstart: 11730; Colend: 12501; Cols: 771;
Num-X: 12 ; Num-Y: 16 ; Resolution: 12500 ; Rank: 180 ; Rank-X: 11 ; Rank-Y: 4 ; Rowstart: 11462; Rowend: 12501; Rows: 1039; Colstart: 3128; Colend: 3911; Cols: 783;
Num-X: 12 ; Num-Y: 16 ; Resolution: 12500 ; Rank: 7 ; Rank-X: 0 ; Rank-Y: 7 ; Rowstart: 0; Rowend: 1043; Rows: 1043; Colstart: 5474; Colend: 6257; Cols: 783;
Num-X: 12 ; Num-Y: 16 ; Resolution: 12500 ; Rank: 165 ; Rank-X: 10 ; Rank-Y: 5 ; Rowstart: 10420; Rowend: 11463; Rows: 1043; Colstart: 3910; Colend: 4693; Cols: 783;
Num-X: 12 ; Num-Y: 16 ; Resolution: 12500 ; Rank: 32 ; Rank-X: 2 ; Rank-Y: 0 ; Rowstart: 2084; Rowend: 3127; Rows: 1043; Colstart: 0; Colend: 783; Cols: 783;
Num-X: 12 ; Num-Y: 16 ; Resolution: 12500 ; Rank: 152 ; Rank-X: 9 ; Rank-Y: 8 ; Rowstart: 9378; Rowend: 10421; Rows: 1043; Colstart: 6256; Colend: 7039; Cols: 783;
Num-X: 12 ; Num-Y: 16 ; Resolution: 12500 ; Rank: 0 ; Rank-X: 0 ; Rank-Y: 0 ; Rowstart: 0; Rowend: 1043; Rows: 1043; Colstart: 0; Colend: 783; Cols: 783;
Num-X: 12 ; Num-Y: 16 ; Resolution: 12500 ; Rank: 13 ; Rank-X: 0 ; Rank-Y: 13 ; Rowstart: 0; Rowend: 1043; Rows: 1043; Colstart: 10166; Colend: 10949; Cols: 783;
Num-X: 12 ; Num-Y: 16 ; Resolution: 12500 ; Rank: 16 ; Rank-X: 1 ; Rank-Y: 0 ; Rowstart: 1042; Rowend: 2085; Rows: 1043; Colstart: 0; Colend: 783; Cols: 783;
Num-X: 12 ; Num-Y: 16 ; Resolution: 12500 ; Rank: 17 ; Rank-X: 1 ; Rank-Y: 1 ; Rowstart: 1042; Rowend: 2085; Rows: 1043; Colstart: 782; Colend: 1565; Cols: 783;
Num-X: 12 ; Num-Y: 16 ; Resolution: 12500 ; Rank: 33 ; Rank-X: 2 ; Rank-Y: 1 ; Rowstart: 2084; Rowend: 3127; Rows: 1043; Colstart: 782; Colend: 1565; Cols: 783;
Num-X: 12 ; Num-Y: 16 ; Resolution: 12500 ; Rank: 35 ; Rank-X: 2 ; Rank-Y: 3 ; Rowstart: 2084; Rowend: 3127; Rows: 1043; Colstart: 2346; Colend: 3129; Cols: 783;
Num-X: 12 ; Num-Y: 16 ; Resolution: 12500 ; Rank: 179 ; Rank-X: 11 ; Rank-Y: 3 ; Rowstart: 11462; Rowend: 12501; Rows: 1039; Colstart: 2346; Colend: 3129; Cols: 783;
Num-X: 12 ; Num-Y: 16 ; Resolution: 12500 ; Rank: 189 ; Rank-X: 11 ; Rank-Y: 13 ; Rowstart: 11462; Rowend: 12501; Rows: 1039; Colstart: 10166; Colend: 10949; Cols: 783;
Num-X: 12 ; Num-Y: 16 ; Resolution: 12500 ; Rank: 1 ; Rank-X: 0 ; Rank-Y: 1 ; Rowstart: 0; Rowend: 1043; Rows: 1043; Colstart: 782; Colend: 1565; Cols: 783;
Num-X: 12 ; Num-Y: 16 ; Resolution: 12500 ; Rank: 2 ; Rank-X: 0 ; Rank-Y: 2 ; Rowstart: 0; Rowend: 1043; Rows: 1043; Colstart: 1564; Colend: 2347; Cols: 783;
Num-X: 12 ; Num-Y: 16 ; Resolution: 12500 ; Rank: 8 ; Rank-X: 0 ; Rank-Y: 8 ; Rowstart: 0; Rowend: 1043; Rows: 1043; Colstart: 6256; Colend: 7039; Cols: 783;
Num-X: 12 ; Num-Y: 16 ; Resolution: 12500 ; Rank: 24 ; Rank-X: 1 ; Rank-Y: 8 ; Rowstart: 1042; Rowend: 2085; Rows: 1043; Colstart: 6256; Colend: 7039; Cols: 783;
Num-X: 12 ; Num-Y: 16 ; Resolution: 12500 ; Rank: 40 ; Rank-X: 2 ; Rank-Y: 8 ; Rowstart: 2084; Rowend: 3127; Rows: 1043; Colstart: 6256; Colend: 7039; Cols: 783;
Num-X: 12 ; Num-Y: 16 ; Resolution: 12500 ; Rank: 45 ; Rank-X: 2 ; Rank-Y: 13 ; Rowstart: 2084; Rowend: 3127; Rows: 1043; Colstart: 10166; Colend: 10949; Cols: 783;
Num-X: 12 ; Num-Y: 16 ; Resolution: 12500 ; Rank: 144 ; Rank-X: 9 ; Rank-Y: 0 ; Rowstart: 9378; Rowend: 10421; Rows: 1043; Colstart: 0; Colend: 783; Cols: 783;
Num-X: 12 ; Num-Y: 16 ; Resolution: 12500 ; Rank: 145 ; Rank-X: 9 ; Rank-Y: 1 ; Rowstart: 9378; Rowend: 10421; Rows: 1043; Colstart: 782; Colend: 1565; Cols: 783;
Num-X: 12 ; Num-Y: 16 ; Resolution: 12500 ; Rank: 153 ; Rank-X: 9 ; Rank-Y: 9 ; Rowstart: 9378; Rowend: 10421; Rows: 1043; Colstart: 7038; Colend: 7821; Cols: 783;
Num-X: 12 ; Num-Y: 16 ; Resolution: 12500 ; Rank: 156 ; Rank-X: 9 ; Rank-Y: 12 ; Rowstart: 9378; Rowend: 10421; Rows: 1043; Colstart: 9384; Colend: 10167; Cols: 783;
Num-X: 12 ; Num-Y: 16 ; Resolution: 12500 ; Rank: 158 ; Rank-X: 9 ; Rank-Y: 14 ; Rowstart: 9378; Rowend: 10421; Rows: 1043; Colstart: 10948; Colend: 11731; Cols: 783;
Num-X: 12 ; Num-Y: 16 ; Resolution: 12500 ; Rank: 160 ; Rank-X: 10 ; Rank-Y: 0 ; Rowstart: 10420; Rowend: 11463; Rows: 1043; Colstart: 0; Colend: 783; Cols: 783;
Num-X: 12 ; Num-Y: 16 ; Resolution: 12500 ; Rank: 161 ; Rank-X: 10 ; Rank-Y: 1 ; Rowstart: 10420; Rowend: 11463; Rows: 1043; Colstart: 782; Colend: 1565; Cols: 783;
Num-X: 12 ; Num-Y: 16 ; Resolution: 12500 ; Rank: 169 ; Rank-X: 10 ; Rank-Y: 9 ; Rowstart: 10420; Rowend: 11463; Rows: 1043; Colstart: 7038; Colend: 7821; Cols: 783;
Num-X: 12 ; Num-Y: 16 ; Resolution: 12500 ; Rank: 172 ; Rank-X: 10 ; Rank-Y: 12 ; Rowstart: 10420; Rowend: 11463; Rows: 1043; Colstart: 9384; Colend: 10167; Cols: 783;
Num-X: 12 ; Num-Y: 16 ; Resolution: 12500 ; Rank: 173 ; Rank-X: 10 ; Rank-Y: 13 ; Rowstart: 10420; Rowend: 11463; Rows: 1043; Colstart: 10166; Colend: 10949; Cols: 783;
Num-X: 12 ; Num-Y: 16 ; Resolution: 12500 ; Rank: 177 ; Rank-X: 11 ; Rank-Y: 1 ; Rowstart: 11462; Rowend: 12501; Rows: 1039; Colstart: 782; Colend: 1565; Cols: 783;
Num-X: 12 ; Num-Y: 16 ; Resolution: 12500 ; Rank: 178 ; Rank-X: 11 ; Rank-Y: 2 ; Rowstart: 11462; Rowend: 12501; Rows: 1039; Colstart: 1564; Colend: 2347; Cols: 783;
Num-X: 12 ; Num-Y: 16 ; Resolution: 12500 ; Rank: 186 ; Rank-X: 11 ; Rank-Y: 10 ; Rowstart: 11462; Rowend: 12501; Rows: 1039; Colstart: 7820; Colend: 8603; Cols: 783;
Num-X: 12 ; Num-Y: 16 ; Resolution: 12500 ; Rank: 187 ; Rank-X: 11 ; Rank-Y: 11 ; Rowstart: 11462; Rowend: 12501; Rows: 1039; Colstart: 8602; Colend: 9385; Cols: 783;
Num-X: 12 ; Num-Y: 16 ; Resolution: 12500 ; Rank: 191 ; Rank-X: 11 ; Rank-Y: 15 ; Rowstart: 11462; Rowend: 12501; Rows: 1039; Colstart: 11730; Colend: 12501; Cols: 771;
Num-X: 12 ; Num-Y: 16 ; Resolution: 12500 ; Rank: 3 ; Rank-X: 0 ; Rank-Y: 3 ; Rowstart: 0; Rowend: 1043; Rows: 1043; Colstart: 2346; Colend: 3129; Cols: 783;
Num-X: 12 ; Num-Y: 16 ; Resolution: 12500 ; Rank: 5 ; Rank-X: 0 ; Rank-Y: 5 ; Rowstart: 0; Rowend: 1043; Rows: 1043; Colstart: 3910; Colend: 4693; Cols: 783;
Num-X: 12 ; Num-Y: 16 ; Resolution: 12500 ; Rank: 9 ; Rank-X: 0 ; Rank-Y: 9 ; Rowstart: 0; Rowend: 1043; Rows: 1043; Colstart: 7038; Colend: 7821; Cols: 783;
Num-X: 12 ; Num-Y: 16 ; Resolution: 12500 ; Rank: 12 ; Rank-X: 0 ; Rank-Y: 12 ; Rowstart: 0; Rowend: 1043; Rows: 1043; Colstart: 9384; Colend: 10167; Cols: 783;
Num-X: 12 ; Num-Y: 16 ; Resolution: 12500 ; Rank: 22 ; Rank-X: 1 ; Rank-Y: 6 ; Rowstart: 1042; Rowend: 2085; Rows: 1043; Colstart: 4692; Colend: 5475; Cols: 783;
Num-X: 12 ; Num-Y: 16 ; Resolution: 12500 ; Rank: 23 ; Rank-X: 1 ; Rank-Y: 7 ; Rowstart: 1042; Rowend: 2085; Rows: 1043; Colstart: 5474; Colend: 6257; Cols: 783;
Num-X: 12 ; Num-Y: 16 ; Resolution: 12500 ; Rank: 25 ; Rank-X: 1 ; Rank-Y: 9 ; Rowstart: 1042; Rowend: 2085; Rows: 1043; Colstart: 7038; Colend: 7821; Cols: 783;
Num-X: 12 ; Num-Y: 16 ; Resolution: 12500 ; Rank: 27 ; Rank-X: 1 ; Rank-Y: 11 ; Rowstart: 1042; Rowend: 2085; Rows: 1043; Colstart: 8602; Colend: 9385; Cols: 783;
Num-X: 12 ; Num-Y: 16 ; Resolution: 12500 ; Rank: 31 ; Rank-X: 1 ; Rank-Y: 15 ; Rowstart: 1042; Rowend: 2085; Rows: 1043; Colstart: 11730; Colend: 12501; Cols: 771;
Num-X: 12 ; Num-Y: 16 ; Resolution: 12500 ; Rank: 38 ; Rank-X: 2 ; Rank-Y: 6 ; Rowstart: 2084; Rowend: 3127; Rows: 1043; Colstart: 4692; Colend: 5475; Cols: 783;
Num-X: 12 ; Num-Y: 16 ; Resolution: 12500 ; Rank: 39 ; Rank-X: 2 ; Rank-Y: 7 ; Rowstart: 2084; Rowend: 3127; Rows: 1043; Colstart: 5474; Colend: 6257; Cols: 783;
Num-X: 12 ; Num-Y: 16 ; Resolution: 12500 ; Rank: 41 ; Rank-X: 2 ; Rank-Y: 9 ; Rowstart: 2084; Rowend: 3127; Rows: 1043; Colstart: 7038; Colend: 7821; Cols: 783;
Num-X: 12 ; Num-Y: 16 ; Resolution: 12500 ; Rank: 154 ; Rank-X: 9 ; Rank-Y: 10 ; Rowstart: 9378; Rowend: 10421; Rows: 1043; Colstart: 7820; Colend: 8603; Cols: 783;
Num-X: 12 ; Num-Y: 16 ; Resolution: 12500 ; Rank: 155 ; Rank-X: 9 ; Rank-Y: 11 ; Rowstart: 9378; Rowend: 10421; Rows: 1043; Colstart: 8602; Colend: 9385; Cols: 783;
Num-X: 12 ; Num-Y: 16 ; Resolution: 12500 ; Rank: 157 ; Rank-X: 9 ; Rank-Y: 13 ; Rowstart: 9378; Rowend: 10421; Rows: 1043; Colstart: 10166; Colend: 10949; Cols: 783;
Num-X: 12 ; Num-Y: 16 ; Resolution: 12500 ; Rank: 159 ; Rank-X: 9 ; Rank-Y: 15 ; Rowstart: 9378; Rowend: 10421; Rows: 1043; Colstart: 11730; Colend: 12501; Cols: 771;
Num-X: 12 ; Num-Y: 16 ; Resolution: 12500 ; Rank: 166 ; Rank-X: 10 ; Rank-Y: 6 ; Rowstart: 10420; Rowend: 11463; Rows: 1043; Colstart: 4692; Colend: 5475; Cols: 783;
Num-X: 12 ; Num-Y: 16 ; Resolution: 12500 ; Rank: 182 ; Rank-X: 11 ; Rank-Y: 6 ; Rowstart: 11462; Rowend: 12501; Rows: 1039; Colstart: 4692; Colend: 5475; Cols: 783;
Num-X: 12 ; Num-Y: 16 ; Resolution: 12500 ; Rank: 188 ; Rank-X: 11 ; Rank-Y: 12 ; Rowstart: 11462; Rowend: 12501; Rows: 1039; Colstart: 9384; Colend: 10167; Cols: 783;
Num-X: 12 ; Num-Y: 16 ; Resolution: 12500 ; Rank: 190 ; Rank-X: 11 ; Rank-Y: 14 ; Rowstart: 11462; Rowend: 12501; Rows: 1039; Colstart: 10948; Colend: 11731; Cols: 783;
Num-X: 12 ; Num-Y: 16 ; Resolution: 12500 ; Rank: 6 ; Rank-X: 0 ; Rank-Y: 6 ; Rowstart: 0; Rowend: 1043; Rows: 1043; Colstart: 4692; Colend: 5475; Cols: 783;
Num-X: 12 ; Num-Y: 16 ; Resolution: 12500 ; Rank: 15 ; Rank-X: 0 ; Rank-Y: 15 ; Rowstart: 0; Rowend: 1043; Rows: 1043; Colstart: 11730; Colend: 12501; Cols: 771;
Num-X: 12 ; Num-Y: 16 ; Resolution: 12500 ; Rank: 18 ; Rank-X: 1 ; Rank-Y: 2 ; Rowstart: 1042; Rowend: 2085; Rows: 1043; Colstart: 1564; Colend: 2347; Cols: 783;
Num-X: 12 ; Num-Y: 16 ; Resolution: 12500 ; Rank: 30 ; Rank-X: 1 ; Rank-Y: 14 ; Rowstart: 1042; Rowend: 2085; Rows: 1043; Colstart: 10948; Colend: 11731; Cols: 783;
Num-X: 12 ; Num-Y: 16 ; Resolution: 12500 ; Rank: 34 ; Rank-X: 2 ; Rank-Y: 2 ; Rowstart: 2084; Rowend: 3127; Rows: 1043; Colstart: 1564; Colend: 2347; Cols: 783;
Num-X: 12 ; Num-Y: 16 ; Resolution: 12500 ; Rank: 44 ; Rank-X: 2 ; Rank-Y: 12 ; Rowstart: 2084; Rowend: 3127; Rows: 1043; Colstart: 9384; Colend: 10167; Cols: 783;
Num-X: 12 ; Num-Y: 16 ; Resolution: 12500 ; Rank: 148 ; Rank-X: 9 ; Rank-Y: 4 ; Rowstart: 9378; Rowend: 10421; Rows: 1043; Colstart: 3128; Colend: 3911; Cols: 783;
Num-X: 12 ; Num-Y: 16 ; Resolution: 12500 ; Rank: 174 ; Rank-X: 10 ; Rank-Y: 14 ; Rowstart: 10420; Rowend: 11463; Rows: 1043; Colstart: 10948; Colend: 11731; Cols: 783;
Num-X: 12 ; Num-Y: 16 ; Resolution: 12500 ; Rank: 185 ; Rank-X: 11 ; Rank-Y: 9 ; Rowstart: 11462; Rowend: 12501; Rows: 1039; Colstart: 7038; Colend: 7821; Cols: 783;
Num-X: 12 ; Num-Y: 16 ; Resolution: 12500 ; Rank: 20 ; Rank-X: 1 ; Rank-Y: 4 ; Rowstart: 1042; Rowend: 2085; Rows: 1043; Colstart: 3128; Colend: 3911; Cols: 783;
Num-X: 12 ; Num-Y: 16 ; Resolution: 12500 ; Rank: 47 ; Rank-X: 2 ; Rank-Y: 15 ; Rowstart: 2084; Rowend: 3127; Rows: 1043; Colstart: 11730; Colend: 12501; Cols: 771;
Num-X: 12 ; Num-Y: 16 ; Resolution: 12500 ; Rank: 147 ; Rank-X: 9 ; Rank-Y: 3 ; Rowstart: 9378; Rowend: 10421; Rows: 1043; Colstart: 2346; Colend: 3129; Cols: 783;
Num-X: 12 ; Num-Y: 16 ; Resolution: 12500 ; Rank: 162 ; Rank-X: 10 ; Rank-Y: 2 ; Rowstart: 10420; Rowend: 11463; Rows: 1043; Colstart: 1564; Colend: 2347; Cols: 783;
Num-X: 12 ; Num-Y: 16 ; Resolution: 12500 ; Rank: 171 ; Rank-X: 10 ; Rank-Y: 11 ; Rowstart: 10420; Rowend: 11463; Rows: 1043; Colstart: 8602; Colend: 9385; Cols: 783;
Num-X: 12 ; Num-Y: 16 ; Resolution: 12500 ; Rank: 4 ; Rank-X: 0 ; Rank-Y: 4 ; Rowstart: 0; Rowend: 1043; Rows: 1043; Colstart: 3128; Colend: 3911; Cols: 783;
Num-X: 12 ; Num-Y: 16 ; Resolution: 12500 ; Rank: 37 ; Rank-X: 2 ; Rank-Y: 5 ; Rowstart: 2084; Rowend: 3127; Rows: 1043; Colstart: 3910; Colend: 4693; Cols: 783;
Num-X: 12 ; Num-Y: 16 ; Resolution: 12500 ; Rank: 151 ; Rank-X: 9 ; Rank-Y: 7 ; Rowstart: 9378; Rowend: 10421; Rows: 1043; Colstart: 5474; Colend: 6257; Cols: 783;
Num-X: 12 ; Num-Y: 16 ; Resolution: 12500 ; Rank: 167 ; Rank-X: 10 ; Rank-Y: 7 ; Rowstart: 10420; Rowend: 11463; Rows: 1043; Colstart: 5474; Colend: 6257; Cols: 783;
Num-X: 12 ; Num-Y: 16 ; Resolution: 12500 ; Rank: 26 ; Rank-X: 1 ; Rank-Y: 10 ; Rowstart: 1042; Rowend: 2085; Rows: 1043; Colstart: 7820; Colend: 8603; Cols: 783;
Num-X: 12 ; Num-Y: 16 ; Resolution: 12500 ; Rank: 42 ; Rank-X: 2 ; Rank-Y: 10 ; Rowstart: 2084; Rowend: 3127; Rows: 1043; Colstart: 7820; Colend: 8603; Cols: 783;

Resolution: 12500
===================
Execution time: 0.180800
Residual: 5.863330

megaflops:  120989.9
  flop instructions (M):  21875.000
Abort(403293442) on node 0 (rank 0 in comm 0): Fatal error in PMPI_Recv: Invalid count, error stack:
PMPI_Recv(173): MPI_Recv(buf=0x1834fc0, count=-30, MPI_DOUBLE, src=15, tag=99, comm=0x84000003, status=0x7fff50dcc26c) failed
PMPI_Recv(103): Negative count, value is -30
