mpiexec -genv I_MPI_DEBUG=4 -n 96
[0] MPI startup(): Intel(R) MPI Library, Version 2019 Update 8  Build 20200624 (id: 4f16ad915)
[0] MPI startup(): Copyright (C) 2003-2020 Intel Corporation.  All rights reserved.
[0] MPI startup(): library kind: release
[0] MPI startup(): libfabric version: 1.10.1-impi
[0] MPI startup(): libfabric provider: psm2
[0] MPI startup(): Rank    Pid      Node name     Pin cpu
[0] MPI startup(): 0       687127   i01r01c02s05  0
[0] MPI startup(): 1       687128   i01r01c02s05  48
[0] MPI startup(): 2       687129   i01r01c02s05  1
[0] MPI startup(): 3       687130   i01r01c02s05  49
[0] MPI startup(): 4       687131   i01r01c02s05  2
[0] MPI startup(): 5       687132   i01r01c02s05  50
[0] MPI startup(): 6       687133   i01r01c02s05  3
[0] MPI startup(): 7       687134   i01r01c02s05  51
[0] MPI startup(): 8       687135   i01r01c02s05  4
[0] MPI startup(): 9       687136   i01r01c02s05  52
[0] MPI startup(): 10      687137   i01r01c02s05  5
[0] MPI startup(): 11      687138   i01r01c02s05  53
[0] MPI startup(): 12      687139   i01r01c02s05  6
[0] MPI startup(): 13      687140   i01r01c02s05  54
[0] MPI startup(): 14      687141   i01r01c02s05  7
[0] MPI startup(): 15      687142   i01r01c02s05  55
[0] MPI startup(): 16      687143   i01r01c02s05  8
[0] MPI startup(): 17      687144   i01r01c02s05  56
[0] MPI startup(): 18      687145   i01r01c02s05  9
[0] MPI startup(): 19      687146   i01r01c02s05  57
[0] MPI startup(): 20      687147   i01r01c02s05  10
[0] MPI startup(): 21      687148   i01r01c02s05  58
[0] MPI startup(): 22      687149   i01r01c02s05  11
[0] MPI startup(): 23      687150   i01r01c02s05  59
[0] MPI startup(): 24      687151   i01r01c02s05  12
[0] MPI startup(): 25      687152   i01r01c02s05  60
[0] MPI startup(): 26      687153   i01r01c02s05  13
[0] MPI startup(): 27      687154   i01r01c02s05  61
[0] MPI startup(): 28      687155   i01r01c02s05  14
[0] MPI startup(): 29      687156   i01r01c02s05  62
[0] MPI startup(): 30      687157   i01r01c02s05  15
[0] MPI startup(): 31      687158   i01r01c02s05  63
[0] MPI startup(): 32      687159   i01r01c02s05  16
[0] MPI startup(): 33      687160   i01r01c02s05  64
[0] MPI startup(): 34      687161   i01r01c02s05  17
[0] MPI startup(): 35      687162   i01r01c02s05  65
[0] MPI startup(): 36      687163   i01r01c02s05  18
[0] MPI startup(): 37      687164   i01r01c02s05  66
[0] MPI startup(): 38      687165   i01r01c02s05  19
[0] MPI startup(): 39      687166   i01r01c02s05  67
[0] MPI startup(): 40      687167   i01r01c02s05  20
[0] MPI startup(): 41      687168   i01r01c02s05  68
[0] MPI startup(): 42      687169   i01r01c02s05  21
[0] MPI startup(): 43      687170   i01r01c02s05  69
[0] MPI startup(): 44      687171   i01r01c02s05  22
[0] MPI startup(): 45      687172   i01r01c02s05  70
[0] MPI startup(): 46      687173   i01r01c02s05  23
[0] MPI startup(): 47      687174   i01r01c02s05  71
[0] MPI startup(): 48      687175   i01r01c02s05  24
[0] MPI startup(): 49      687176   i01r01c02s05  72
[0] MPI startup(): 50      687177   i01r01c02s05  25
[0] MPI startup(): 51      687178   i01r01c02s05  73
[0] MPI startup(): 52      687179   i01r01c02s05  26
[0] MPI startup(): 53      687180   i01r01c02s05  74
[0] MPI startup(): 54      687181   i01r01c02s05  27
[0] MPI startup(): 55      687182   i01r01c02s05  75
[0] MPI startup(): 56      687183   i01r01c02s05  28
[0] MPI startup(): 57      687184   i01r01c02s05  76
[0] MPI startup(): 58      687185   i01r01c02s05  29
[0] MPI startup(): 59      687186   i01r01c02s05  77
[0] MPI startup(): 60      687187   i01r01c02s05  30
[0] MPI startup(): 61      687188   i01r01c02s05  78
[0] MPI startup(): 62      687189   i01r01c02s05  31
[0] MPI startup(): 63      687190   i01r01c02s05  79
[0] MPI startup(): 64      687191   i01r01c02s05  32
[0] MPI startup(): 65      687192   i01r01c02s05  80
[0] MPI startup(): 66      687193   i01r01c02s05  33
[0] MPI startup(): 67      687194   i01r01c02s05  81
[0] MPI startup(): 68      687195   i01r01c02s05  34
[0] MPI startup(): 69      687196   i01r01c02s05  82
[0] MPI startup(): 70      687197   i01r01c02s05  35
[0] MPI startup(): 71      687198   i01r01c02s05  83
[0] MPI startup(): 72      687199   i01r01c02s05  36
[0] MPI startup(): 73      687200   i01r01c02s05  84
[0] MPI startup(): 74      687201   i01r01c02s05  37
[0] MPI startup(): 75      687202   i01r01c02s05  85
[0] MPI startup(): 76      687203   i01r01c02s05  38
[0] MPI startup(): 77      687204   i01r01c02s05  86
[0] MPI startup(): 78      687205   i01r01c02s05  39
[0] MPI startup(): 79      687206   i01r01c02s05  87
[0] MPI startup(): 80      687207   i01r01c02s05  40
[0] MPI startup(): 81      687208   i01r01c02s05  88
[0] MPI startup(): 82      687209   i01r01c02s05  41
[0] MPI startup(): 83      687210   i01r01c02s05  89
[0] MPI startup(): 84      687211   i01r01c02s05  42
[0] MPI startup(): 85      687212   i01r01c02s05  90
[0] MPI startup(): 86      687213   i01r01c02s05  43
[0] MPI startup(): 87      687214   i01r01c02s05  91
[0] MPI startup(): 88      687215   i01r01c02s05  44
[0] MPI startup(): 89      687216   i01r01c02s05  92
[0] MPI startup(): 90      687217   i01r01c02s05  45
[0] MPI startup(): 91      687218   i01r01c02s05  93
[0] MPI startup(): 92      687219   i01r01c02s05  46
[0] MPI startup(): 93      687220   i01r01c02s05  94
[0] MPI startup(): 94      687221   i01r01c02s05  47
[0] MPI startup(): 95      687222   i01r01c02s05  95

12 processes distributed in X-direction
 8 ; processes distributed in Y-direction
Resolutions       : (12500, 13500, ... 12500)
Iterations        : 20
Num. Heat sources : 2
   1: (0.00, 0.00) 1.00 1.00 
   2: (1.00, 1.00) 1.00 0.50 
rank= 0 coords= 0 0 neighbours(up,down,left,right)= -1 8 -1 1
rank= 3 coords= 0 3 neighbours(up,down,left,right)= -1 11 2 4
rank= 16 coords= 2 0 neighbours(up,down,left,right)= 8 24 -1 17
rank= 32 coords= 4 0 neighbours(up,down,left,right)= 24 40 -1 33
rank= 33 coords= 4 1 neighbours(up,down,left,right)= 25 41 32 34
rank= 36 coords= 4 4 neighbours(up,down,left,right)= 28 44 35 37
rank= 41 coords= 5 1 neighbours(up,down,left,right)= 33 49 40 42
rank= 1 coords= 0 1 neighbours(up,down,left,right)= -1 9 0 2
rank= 2 coords= 0 2 neighbours(up,down,left,right)= -1 10 1 3
rank= 4 coords= 0 4 neighbours(up,down,left,right)= -1 12 3 5
rank= 5 coords= 0 5 neighbours(up,down,left,right)= -1 13 4 6
rank= 6 coords= 0 6 neighbours(up,down,left,right)= -1 14 5 7
rank= 7 coords= 0 7 neighbours(up,down,left,right)= -1 15 6 -1
rank= 8 coords= 1 0 neighbours(up,down,left,right)= 0 16 -1 9
rank= 10 coords= 1 2 neighbours(up,down,left,right)= 2 18 9 11
rank= 11 coords= 1 3 neighbours(up,down,left,right)= 3 19 10 12
rank= 12 coords= 1 4 neighbours(up,down,left,right)= 4 20 11 13
rank= 13 coords= 1 5 neighbours(up,down,left,right)= 5 21 12 14
rank= 14 coords= 1 6 neighbours(up,down,left,right)= 6 22 13 15
rank= 15 coords= 1 7 neighbours(up,down,left,right)= 7 23 14 -1
rank= 17 coords= 2 1 neighbours(up,down,left,right)= 9 25 16 18
rank= 18 coords= 2 2 neighbours(up,down,left,right)= 10 26 17 19
rank= 19 coords= 2 3 neighbours(up,down,left,right)= 11 27 18 20
rank= 20 coords= 2 4 neighbours(up,down,left,right)= 12 28 19 21
rank= 21 coords= 2 5 neighbours(up,down,left,right)= 13 29 20 22
rank= 22 coords= 2 6 neighbours(up,down,left,right)= 14 30 21 23
rank= 23 coords= 2 7 neighbours(up,down,left,right)= 15 31 22 -1
rank= 24 coords= 3 0 neighbours(up,down,left,right)= 16 32 -1 25
rank= 25 coords= 3 1 neighbours(up,down,left,right)= 17 33 24 26
rank= 26 coords= 3 2 neighbours(up,down,left,right)= 18 34 25 27
rank= 28 coords= 3 4 neighbours(up,down,left,right)= 20 36 27 29
rank= 29 coords= 3 5 neighbours(up,down,left,right)= 21 37 28 30
rank= 30 coords= 3 6 neighbours(up,down,left,right)= 22 38 29 31
rank= 31 coords= 3 7 neighbours(up,down,left,right)= 23 39 30 -1
rank= 34 coords= 4 2 neighbours(up,down,left,right)= 26 42 33 35
rank= 35 coords= 4 3 neighbours(up,down,left,right)= 27 43 34 36
rank= 37 coords= 4 5 neighbours(up,down,left,right)= 29 45 36 38
rank= 38 coords= 4 6 neighbours(up,down,left,right)= 30 46 37 39
rank= 39 coords= 4 7 neighbours(up,down,left,right)= 31 47 38 -1
rank= 40 coords= 5 0 neighbours(up,down,left,right)= 32 48 -1 41
rank= 42 coords= 5 2 neighbours(up,down,left,right)= 34 50 41 43
rank= 44 coords= 5 4 neighbours(up,down,left,right)= 36 52 43 45
rank= 45 coords= 5 5 neighbours(up,down,left,right)= 37 53 44 46
rank= 46 coords= 5 6 neighbours(up,down,left,right)= 38 54 45 47
rank= 47 coords= 5 7 neighbours(up,down,left,right)= 39 55 46 -1
rank= 48 coords= 6 0 neighbours(up,down,left,right)= 40 56 -1 49
rank= 49 coords= 6 1 neighbours(up,down,left,right)= 41 57 48 50
rank= 50 coords= 6 2 neighbours(up,down,left,right)= 42 58 49 51
rank= 51 coords= 6 3 neighbours(up,down,left,right)= 43 59 50 52
rank= 52 coords= 6 4 neighbours(up,down,left,right)= 44 60 51 53
rank= 54 coords= 6 6 neighbours(up,down,left,right)= 46 62 53 55
rank= 56 coords= 7 0 neighbours(up,down,left,right)= 48 64 -1 57
rank= 57 coords= 7 1 neighbours(up,down,left,right)= 49 65 56 58
rank= 58 coords= 7 2 neighbours(up,down,left,right)= 50 66 57 59
rank= 62 coords= 7 6 neighbours(up,down,left,right)= 54 70 61 63
rank= 64 coords= 8 0 neighbours(up,down,left,right)= 56 72 -1 65
rank= 65 coords= 8 1 neighbours(up,down,left,right)= 57 73 64 66
rank= 66 coords= 8 2 neighbours(up,down,left,right)= 58 74 65 67
rank= 67 coords= 8 3 neighbours(up,down,left,right)= 59 75 66 68
rank= 68 coords= 8 4 neighbours(up,down,left,right)= 60 76 67 69
rank= 69 coords= 8 5 neighbours(up,down,left,right)= 61 77 68 70
rank= 70 coords= 8 6 neighbours(up,down,left,right)= 62 78 69 71
rank= 71 coords= 8 7 neighbours(up,down,left,right)= 63 79 70 -1
rank= 72 coords= 9 0 neighbours(up,down,left,right)= 64 80 -1 73
rank= 73 coords= 9 1 neighbours(up,down,left,right)= 65 81 72 74
rank= 74 coords= 9 2 neighbours(up,down,left,right)= 66 82 73 75
rank= 75 coords= 9 3 neighbours(up,down,left,right)= 67 83 74 76
rank= 76 coords= 9 4 neighbours(up,down,left,right)= 68 84 75 77
rank= 77 coords= 9 5 neighbours(up,down,left,right)= 69 85 76 78
rank= 78 coords= 9 6 neighbours(up,down,left,right)= 70 86 77 79
rank= 79 coords= 9 7 neighbours(up,down,left,right)= 71 87 78 -1
rank= 80 coords= 10 0 neighbours(up,down,left,right)= 72 88 -1 81
rank= 81 coords= 10 1 neighbours(up,down,left,right)= 73 89 80 82
rank= 82 coords= 10 2 neighbours(up,down,left,right)= 74 90 81 83
rank= 83 coords= 10 3 neighbours(up,down,left,right)= 75 91 82 84
rank= 84 coords= 10 4 neighbours(up,down,left,right)= 76 92 83 85
rank= 85 coords= 10 5 neighbours(up,down,left,right)= 77 93 84 86
rank= 87 coords= 10 7 neighbours(up,down,left,right)= 79 95 86 -1
rank= 88 coords= 11 0 neighbours(up,down,left,right)= 80 -1 -1 89
rank= 89 coords= 11 1 neighbours(up,down,left,right)= 81 -1 88 90
rank= 90 coords= 11 2 neighbours(up,down,left,right)= 82 -1 89 91
rank= 91 coords= 11 3 neighbours(up,down,left,right)= 83 -1 90 92
rank= 92 coords= 11 4 neighbours(up,down,left,right)= 84 -1 91 93
rank= 93 coords= 11 5 neighbours(up,down,left,right)= 85 -1 92 94
rank= 27 coords= 3 3 neighbours(up,down,left,right)= 19 35 26 28
rank= 43 coords= 5 3 neighbours(up,down,left,right)= 35 51 42 44
rank= 53 coords= 6 5 neighbours(up,down,left,right)= 45 61 52 54
rank= 55 coords= 6 7 neighbours(up,down,left,right)= 47 63 54 -1
rank= 59 coords= 7 3 neighbours(up,down,left,right)= 51 67 58 60
rank= 60 coords= 7 4 neighbours(up,down,left,right)= 52 68 59 61
rank= 61 coords= 7 5 neighbours(up,down,left,right)= 53 69 60 62
rank= 63 coords= 7 7 neighbours(up,down,left,right)= 55 71 62 -1
rank= 86 coords= 10 6 neighbours(up,down,left,right)= 78 94 85 87
rank= 94 coords= 11 6 neighbours(up,down,left,right)= 86 -1 93 95
rank= 95 coords= 11 7 neighbours(up,down,left,right)= 87 -1 94 -1
rank= 9 coords= 1 1 neighbours(up,down,left,right)= 1 17 8 10

Num-X: 12 ; Num-Y: 8 ; Resolution: 12500 ; Rank: 16 ; Rank-X: 2 ; Rank-Y: 0 ; Rowstart: 2084; Rowend: 3127; Rows: 1043; Colstart: 0; Colend: 1564; Cols: 1564;
Num-X: 12 ; Num-Y: 8 ; Resolution: 12500 ; Rank: 93 ; Rank-X: 11 ; Rank-Y: 5 ; Rowstart: 11462; Rowend: 12501; Rows: 1039; Colstart: 7815; Colend: 9379; Cols: 1564;
Num-X: 12 ; Num-Y: 8 ; Resolution: 12500 ; Rank: 4 ; Rank-X: 0 ; Rank-Y: 4 ; Rowstart: 0; Rowend: 1043; Rows: 1043; Colstart: 6252; Colend: 7816; Cols: 1564;
Num-X: 12 ; Num-Y: 8 ; Resolution: 12500 ; Rank: 6 ; Rank-X: 0 ; Rank-Y: 6 ; Rowstart: 0; Rowend: 1043; Rows: 1043; Colstart: 9378; Colend: 10942; Cols: 1564;
Num-X: 12 ; Num-Y: 8 ; Resolution: 12500 ; Rank: 15 ; Rank-X: 1 ; Rank-Y: 7 ; Rowstart: 1042; Rowend: 2085; Rows: 1043; Colstart: 10941; Colend: 12501; Cols: 1560;
Num-X: 12 ; Num-Y: 8 ; Resolution: 12500 ; Rank: 29 ; Rank-X: 3 ; Rank-Y: 5 ; Rowstart: 3126; Rowend: 4169; Rows: 1043; Colstart: 7815; Colend: 9379; Cols: 1564;
Num-X: 12 ; Num-Y: 8 ; Resolution: 12500 ; Rank: 30 ; Rank-X: 3 ; Rank-Y: 6 ; Rowstart: 3126; Rowend: 4169; Rows: 1043; Colstart: 9378; Colend: 10942; Cols: 1564;
Num-X: 12 ; Num-Y: 8 ; Resolution: 12500 ; Rank: 31 ; Rank-X: 3 ; Rank-Y: 7 ; Rowstart: 3126; Rowend: 4169; Rows: 1043; Colstart: 10941; Colend: 12501; Cols: 1560;
Num-X: 12 ; Num-Y: 8 ; Resolution: 12500 ; Rank: 32 ; Rank-X: 4 ; Rank-Y: 0 ; Rowstart: 4168; Rowend: 5211; Rows: 1043; Colstart: 0; Colend: 1564; Cols: 1564;
Num-X: 12 ; Num-Y: 8 ; Resolution: 12500 ; Rank: 34 ; Rank-X: 4 ; Rank-Y: 2 ; Rowstart: 4168; Rowend: 5211; Rows: 1043; Colstart: 3126; Colend: 4690; Cols: 1564;
Num-X: 12 ; Num-Y: 8 ; Resolution: 12500 ; Rank: 36 ; Rank-X: 4 ; Rank-Y: 4 ; Rowstart: 4168; Rowend: 5211; Rows: 1043; Colstart: 6252; Colend: 7816; Cols: 1564;
Num-X: 12 ; Num-Y: 8 ; Resolution: 12500 ; Rank: 37 ; Rank-X: 4 ; Rank-Y: 5 ; Rowstart: 4168; Rowend: 5211; Rows: 1043; Colstart: 7815; Colend: 9379; Cols: 1564;
Num-X: 12 ; Num-Y: 8 ; Resolution: 12500 ; Rank: 38 ; Rank-X: 4 ; Rank-Y: 6 ; Rowstart: 4168; Rowend: 5211; Rows: 1043; Colstart: 9378; Colend: 10942; Cols: 1564;
Num-X: 12 ; Num-Y: 8 ; Resolution: 12500 ; Rank: 40 ; Rank-X: 5 ; Rank-Y: 0 ; Rowstart: 5210; Rowend: 6253; Rows: 1043; Colstart: 0; Colend: 1564; Cols: 1564;
Num-X: 12 ; Num-Y: 8 ; Resolution: 12500 ; Rank: 41 ; Rank-X: 5 ; Rank-Y: 1 ; Rowstart: 5210; Rowend: 6253; Rows: 1043; Colstart: 1563; Colend: 3127; Cols: 1564;
Num-X: 12 ; Num-Y: 8 ; Resolution: 12500 ; Rank: 43 ; Rank-X: 5 ; Rank-Y: 3 ; Rowstart: 5210; Rowend: 6253; Rows: 1043; Colstart: 4689; Colend: 6253; Cols: 1564;
Num-X: 12 ; Num-Y: 8 ; Resolution: 12500 ; Rank: 44 ; Rank-X: 5 ; Rank-Y: 4 ; Rowstart: 5210; Rowend: 6253; Rows: 1043; Colstart: 6252; Colend: 7816; Cols: 1564;
Num-X: 12 ; Num-Y: 8 ; Resolution: 12500 ; Rank: 47 ; Rank-X: 5 ; Rank-Y: 7 ; Rowstart: 5210; Rowend: 6253; Rows: 1043; Colstart: 10941; Colend: 12501; Cols: 1560;
Num-X: 12 ; Num-Y: 8 ; Resolution: 12500 ; Rank: 51 ; Rank-X: 6 ; Rank-Y: 3 ; Rowstart: 6252; Rowend: 7295; Rows: 1043; Colstart: 4689; Colend: 6253; Cols: 1564;
Num-X: 12 ; Num-Y: 8 ; Resolution: 12500 ; Rank: 62 ; Rank-X: 7 ; Rank-Y: 6 ; Rowstart: 7294; Rowend: 8337; Rows: 1043; Colstart: 9378; Colend: 10942; Cols: 1564;
Num-X: 12 ; Num-Y: 8 ; Resolution: 12500 ; Rank: 73 ; Rank-X: 9 ; Rank-Y: 1 ; Rowstart: 9378; Rowend: 10421; Rows: 1043; Colstart: 1563; Colend: 3127; Cols: 1564;
Num-X: 12 ; Num-Y: 8 ; Resolution: 12500 ; Rank: 7 ; Rank-X: 0 ; Rank-Y: 7 ; Rowstart: 0; Rowend: 1043; Rows: 1043; Colstart: 10941; Colend: 12501; Cols: 1560;
Num-X: 12 ; Num-Y: 8 ; Resolution: 12500 ; Rank: 8 ; Rank-X: 1 ; Rank-Y: 0 ; Rowstart: 1042; Rowend: 2085; Rows: 1043; Colstart: 0; Colend: 1564; Cols: 1564;
Num-X: 12 ; Num-Y: 8 ; Resolution: 12500 ; Rank: 19 ; Rank-X: 2 ; Rank-Y: 3 ; Rowstart: 2084; Rowend: 3127; Rows: 1043; Colstart: 4689; Colend: 6253; Cols: 1564;
Num-X: 12 ; Num-Y: 8 ; Resolution: 12500 ; Rank: 26 ; Rank-X: 3 ; Rank-Y: 2 ; Rowstart: 3126; Rowend: 4169; Rows: 1043; Colstart: 3126; Colend: 4690; Cols: 1564;
Num-X: 12 ; Num-Y: 8 ; Resolution: 12500 ; Rank: 39 ; Rank-X: 4 ; Rank-Y: 7 ; Rowstart: 4168; Rowend: 5211; Rows: 1043; Colstart: 10941; Colend: 12501; Cols: 1560;
Num-X: 12 ; Num-Y: 8 ; Resolution: 12500 ; Rank: 54 ; Rank-X: 6 ; Rank-Y: 6 ; Rowstart: 6252; Rowend: 7295; Rows: 1043; Colstart: 9378; Colend: 10942; Cols: 1564;
Num-X: 12 ; Num-Y: 8 ; Resolution: 12500 ; Rank: 56 ; Rank-X: 7 ; Rank-Y: 0 ; Rowstart: 7294; Rowend: 8337; Rows: 1043; Colstart: 0; Colend: 1564; Cols: 1564;
Num-X: 12 ; Num-Y: 8 ; Resolution: 12500 ; Rank: 61 ; Rank-X: 7 ; Rank-Y: 5 ; Rowstart: 7294; Rowend: 8337; Rows: 1043; Colstart: 7815; Colend: 9379; Cols: 1564;
Num-X: 12 ; Num-Y: 8 ; Resolution: 12500 ; Rank: 65 ; Rank-X: 8 ; Rank-Y: 1 ; Rowstart: 8336; Rowend: 9379; Rows: 1043; Colstart: 1563; Colend: 3127; Cols: 1564;
Num-X: 12 ; Num-Y: 8 ; Resolution: 12500 ; Rank: 66 ; Rank-X: 8 ; Rank-Y: 2 ; Rowstart: 8336; Rowend: 9379; Rows: 1043; Colstart: 3126; Colend: 4690; Cols: 1564;
Num-X: 12 ; Num-Y: 8 ; Resolution: 12500 ; Rank: 68 ; Rank-X: 8 ; Rank-Y: 4 ; Rowstart: 8336; Rowend: 9379; Rows: 1043; Colstart: 6252; Colend: 7816; Cols: 1564;
Num-X: 12 ; Num-Y: 8 ; Resolution: 12500 ; Rank: 75 ; Rank-X: 9 ; Rank-Y: 3 ; Rowstart: 9378; Rowend: 10421; Rows: 1043; Colstart: 4689; Colend: 6253; Cols: 1564;
Num-X: 12 ; Num-Y: 8 ; Resolution: 12500 ; Rank: 80 ; Rank-X: 10 ; Rank-Y: 0 ; Rowstart: 10420; Rowend: 11463; Rows: 1043; Colstart: 0; Colend: 1564; Cols: 1564;
Num-X: 12 ; Num-Y: 8 ; Resolution: 12500 ; Rank: 89 ; Rank-X: 11 ; Rank-Y: 1 ; Rowstart: 11462; Rowend: 12501; Rows: 1039; Colstart: 1563; Colend: 3127; Cols: 1564;
Num-X: 12 ; Num-Y: 8 ; Resolution: 12500 ; Rank: 91 ; Rank-X: 11 ; Rank-Y: 3 ; Rowstart: 11462; Rowend: 12501; Rows: 1039; Colstart: 4689; Colend: 6253; Cols: 1564;
Num-X: 12 ; Num-Y: 8 ; Resolution: 12500 ; Rank: 94 ; Rank-X: 11 ; Rank-Y: 6 ; Rowstart: 11462; Rowend: 12501; Rows: 1039; Colstart: 9378; Colend: 10942; Cols: 1564;
Num-X: 12 ; Num-Y: 8 ; Resolution: 12500 ; Rank: 11 ; Rank-X: 1 ; Rank-Y: 3 ; Rowstart: 1042; Rowend: 2085; Rows: 1043; Colstart: 4689; Colend: 6253; Cols: 1564;
Num-X: 12 ; Num-Y: 8 ; Resolution: 12500 ; Rank: 27 ; Rank-X: 3 ; Rank-Y: 3 ; Rowstart: 3126; Rowend: 4169; Rows: 1043; Colstart: 4689; Colend: 6253; Cols: 1564;
Num-X: 12 ; Num-Y: 8 ; Resolution: 12500 ; Rank: 48 ; Rank-X: 6 ; Rank-Y: 0 ; Rowstart: 6252; Rowend: 7295; Rows: 1043; Colstart: 0; Colend: 1564; Cols: 1564;
Num-X: 12 ; Num-Y: 8 ; Resolution: 12500 ; Rank: 57 ; Rank-X: 7 ; Rank-Y: 1 ; Rowstart: 7294; Rowend: 8337; Rows: 1043; Colstart: 1563; Colend: 3127; Cols: 1564;
Num-X: 12 ; Num-Y: 8 ; Resolution: 12500 ; Rank: 59 ; Rank-X: 7 ; Rank-Y: 3 ; Rowstart: 7294; Rowend: 8337; Rows: 1043; Colstart: 4689; Colend: 6253; Cols: 1564;
Num-X: 12 ; Num-Y: 8 ; Resolution: 12500 ; Rank: 67 ; Rank-X: 8 ; Rank-Y: 3 ; Rowstart: 8336; Rowend: 9379; Rows: 1043; Colstart: 4689; Colend: 6253; Cols: 1564;
Num-X: 12 ; Num-Y: 8 ; Resolution: 12500 ; Rank: 1 ; Rank-X: 0 ; Rank-Y: 1 ; Rowstart: 0; Rowend: 1043; Rows: 1043; Colstart: 1563; Colend: 3127; Cols: 1564;
Num-X: 12 ; Num-Y: 8 ; Resolution: 12500 ; Rank: 2 ; Rank-X: 0 ; Rank-Y: 2 ; Rowstart: 0; Rowend: 1043; Rows: 1043; Colstart: 3126; Colend: 4690; Cols: 1564;
Num-X: 12 ; Num-Y: 8 ; Resolution: 12500 ; Rank: 12 ; Rank-X: 1 ; Rank-Y: 4 ; Rowstart: 1042; Rowend: 2085; Rows: 1043; Colstart: 6252; Colend: 7816; Cols: 1564;
Num-X: 12 ; Num-Y: 8 ; Resolution: 12500 ; Rank: 20 ; Rank-X: 2 ; Rank-Y: 4 ; Rowstart: 2084; Rowend: 3127; Rows: 1043; Colstart: 6252; Colend: 7816; Cols: 1564;
Num-X: 12 ; Num-Y: 8 ; Resolution: 12500 ; Rank: 21 ; Rank-X: 2 ; Rank-Y: 5 ; Rowstart: 2084; Rowend: 3127; Rows: 1043; Colstart: 7815; Colend: 9379; Cols: 1564;
Num-X: 12 ; Num-Y: 8 ; Resolution: 12500 ; Rank: 22 ; Rank-X: 2 ; Rank-Y: 6 ; Rowstart: 2084; Rowend: 3127; Rows: 1043; Colstart: 9378; Colend: 10942; Cols: 1564;
Num-X: 12 ; Num-Y: 8 ; Resolution: 12500 ; Rank: 25 ; Rank-X: 3 ; Rank-Y: 1 ; Rowstart: 3126; Rowend: 4169; Rows: 1043; Colstart: 1563; Colend: 3127; Cols: 1564;
Num-X: 12 ; Num-Y: 8 ; Resolution: 12500 ; Rank: 49 ; Rank-X: 6 ; Rank-Y: 1 ; Rowstart: 6252; Rowend: 7295; Rows: 1043; Colstart: 1563; Colend: 3127; Cols: 1564;
Num-X: 12 ; Num-Y: 8 ; Resolution: 12500 ; Rank: 0 ; Rank-X: 0 ; Rank-Y: 0 ; Rowstart: 0; Rowend: 1043; Rows: 1043; Colstart: 0; Colend: 1564; Cols: 1564;
Num-X: 12 ; Num-Y: 8 ; Resolution: 12500 ; Rank: 13 ; Rank-X: 1 ; Rank-Y: 5 ; Rowstart: 1042; Rowend: 2085; Rows: 1043; Colstart: 7815; Colend: 9379; Cols: 1564;
Num-X: 12 ; Num-Y: 8 ; Resolution: 12500 ; Rank: 17 ; Rank-X: 2 ; Rank-Y: 1 ; Rowstart: 2084; Rowend: 3127; Rows: 1043; Colstart: 1563; Colend: 3127; Cols: 1564;
Num-X: 12 ; Num-Y: 8 ; Resolution: 12500 ; Rank: 23 ; Rank-X: 2 ; Rank-Y: 7 ; Rowstart: 2084; Rowend: 3127; Rows: 1043; Colstart: 10941; Colend: 12501; Cols: 1560;
Num-X: 12 ; Num-Y: 8 ; Resolution: 12500 ; Rank: 24 ; Rank-X: 3 ; Rank-Y: 0 ; Rowstart: 3126; Rowend: 4169; Rows: 1043; Colstart: 0; Colend: 1564; Cols: 1564;
Num-X: 12 ; Num-Y: 8 ; Resolution: 12500 ; Rank: 53 ; Rank-X: 6 ; Rank-Y: 5 ; Rowstart: 6252; Rowend: 7295; Rows: 1043; Colstart: 7815; Colend: 9379; Cols: 1564;
Num-X: 12 ; Num-Y: 8 ; Resolution: 12500 ; Rank: 58 ; Rank-X: 7 ; Rank-Y: 2 ; Rowstart: 7294; Rowend: 8337; Rows: 1043; Colstart: 3126; Colend: 4690; Cols: 1564;
Num-X: 12 ; Num-Y: 8 ; Resolution: 12500 ; Rank: 64 ; Rank-X: 8 ; Rank-Y: 0 ; Rowstart: 8336; Rowend: 9379; Rows: 1043; Colstart: 0; Colend: 1564; Cols: 1564;
Num-X: 12 ; Num-Y: 8 ; Resolution: 12500 ; Rank: 70 ; Rank-X: 8 ; Rank-Y: 6 ; Rowstart: 8336; Rowend: 9379; Rows: 1043; Colstart: 9378; Colend: 10942; Cols: 1564;
Num-X: 12 ; Num-Y: 8 ; Resolution: 12500 ; Rank: 76 ; Rank-X: 9 ; Rank-Y: 4 ; Rowstart: 9378; Rowend: 10421; Rows: 1043; Colstart: 6252; Colend: 7816; Cols: 1564;
Num-X: 12 ; Num-Y: 8 ; Resolution: 12500 ; Rank: 82 ; Rank-X: 10 ; Rank-Y: 2 ; Rowstart: 10420; Rowend: 11463; Rows: 1043; Colstart: 3126; Colend: 4690; Cols: 1564;
Num-X: 12 ; Num-Y: 8 ; Resolution: 12500 ; Rank: 85 ; Rank-X: 10 ; Rank-Y: 5 ; Rowstart: 10420; Rowend: 11463; Rows: 1043; Colstart: 7815; Colend: 9379; Cols: 1564;
Num-X: 12 ; Num-Y: 8 ; Resolution: 12500 ; Rank: 3 ; Rank-X: 0 ; Rank-Y: 3 ; Rowstart: 0; Rowend: 1043; Rows: 1043; Colstart: 4689; Colend: 6253; Cols: 1564;
Num-X: 12 ; Num-Y: 8 ; Resolution: 12500 ; Rank: 5 ; Rank-X: 0 ; Rank-Y: 5 ; Rowstart: 0; Rowend: 1043; Rows: 1043; Colstart: 7815; Colend: 9379; Cols: 1564;
Num-X: 12 ; Num-Y: 8 ; Resolution: 12500 ; Rank: 18 ; Rank-X: 2 ; Rank-Y: 2 ; Rowstart: 2084; Rowend: 3127; Rows: 1043; Colstart: 3126; Colend: 4690; Cols: 1564;
Num-X: 12 ; Num-Y: 8 ; Resolution: 12500 ; Rank: 33 ; Rank-X: 4 ; Rank-Y: 1 ; Rowstart: 4168; Rowend: 5211; Rows: 1043; Colstart: 1563; Colend: 3127; Cols: 1564;
Num-X: 12 ; Num-Y: 8 ; Resolution: 12500 ; Rank: 35 ; Rank-X: 4 ; Rank-Y: 3 ; Rowstart: 4168; Rowend: 5211; Rows: 1043; Colstart: 4689; Colend: 6253; Cols: 1564;
Num-X: 12 ; Num-Y: 8 ; Resolution: 12500 ; Rank: 42 ; Rank-X: 5 ; Rank-Y: 2 ; Rowstart: 5210; Rowend: 6253; Rows: 1043; Colstart: 3126; Colend: 4690; Cols: 1564;
Num-X: 12 ; Num-Y: 8 ; Resolution: 12500 ; Rank: 45 ; Rank-X: 5 ; Rank-Y: 5 ; Rowstart: 5210; Rowend: 6253; Rows: 1043; Colstart: 7815; Colend: 9379; Cols: 1564;
Num-X: 12 ; Num-Y: 8 ; Resolution: 12500 ; Rank: 46 ; Rank-X: 5 ; Rank-Y: 6 ; Rowstart: 5210; Rowend: 6253; Rows: 1043; Colstart: 9378; Colend: 10942; Cols: 1564;
Num-X: 12 ; Num-Y: 8 ; Resolution: 12500 ; Rank: 52 ; Rank-X: 6 ; Rank-Y: 4 ; Rowstart: 6252; Rowend: 7295; Rows: 1043; Colstart: 6252; Colend: 7816; Cols: 1564;
Num-X: 12 ; Num-Y: 8 ; Resolution: 12500 ; Rank: 71 ; Rank-X: 8 ; Rank-Y: 7 ; Rowstart: 8336; Rowend: 9379; Rows: 1043; Colstart: 10941; Colend: 12501; Cols: 1560;
Num-X: 12 ; Num-Y: 8 ; Resolution: 12500 ; Rank: 77 ; Rank-X: 9 ; Rank-Y: 5 ; Rowstart: 9378; Rowend: 10421; Rows: 1043; Colstart: 7815; Colend: 9379; Cols: 1564;
Num-X: 12 ; Num-Y: 8 ; Resolution: 12500 ; Rank: 78 ; Rank-X: 9 ; Rank-Y: 6 ; Rowstart: 9378; Rowend: 10421; Rows: 1043; Colstart: 9378; Colend: 10942; Cols: 1564;
Num-X: 12 ; Num-Y: 8 ; Resolution: 12500 ; Rank: 79 ; Rank-X: 9 ; Rank-Y: 7 ; Rowstart: 9378; Rowend: 10421; Rows: 1043; Colstart: 10941; Colend: 12501; Cols: 1560;
Num-X: 12 ; Num-Y: 8 ; Resolution: 12500 ; Rank: 83 ; Rank-X: 10 ; Rank-Y: 3 ; Rowstart: 10420; Rowend: 11463; Rows: 1043; Colstart: 4689; Colend: 6253; Cols: 1564;
Num-X: 12 ; Num-Y: 8 ; Resolution: 12500 ; Rank: 84 ; Rank-X: 10 ; Rank-Y: 4 ; Rowstart: 10420; Rowend: 11463; Rows: 1043; Colstart: 6252; Colend: 7816; Cols: 1564;
Num-X: 12 ; Num-Y: 8 ; Resolution: 12500 ; Rank: 86 ; Rank-X: 10 ; Rank-Y: 6 ; Rowstart: 10420; Rowend: 11463; Rows: 1043; Colstart: 9378; Colend: 10942; Cols: 1564;
Num-X: 12 ; Num-Y: 8 ; Resolution: 12500 ; Rank: 87 ; Rank-X: 10 ; Rank-Y: 7 ; Rowstart: 10420; Rowend: 11463; Rows: 1043; Colstart: 10941; Colend: 12501; Cols: 1560;
Num-X: 12 ; Num-Y: 8 ; Resolution: 12500 ; Rank: 90 ; Rank-X: 11 ; Rank-Y: 2 ; Rowstart: 11462; Rowend: 12501; Rows: 1039; Colstart: 3126; Colend: 4690; Cols: 1564;
Num-X: 12 ; Num-Y: 8 ; Resolution: 12500 ; Rank: 14 ; Rank-X: 1 ; Rank-Y: 6 ; Rowstart: 1042; Rowend: 2085; Rows: 1043; Colstart: 9378; Colend: 10942; Cols: 1564;
Num-X: 12 ; Num-Y: 8 ; Resolution: 12500 ; Rank: 28 ; Rank-X: 3 ; Rank-Y: 4 ; Rowstart: 3126; Rowend: 4169; Rows: 1043; Colstart: 6252; Colend: 7816; Cols: 1564;
Num-X: 12 ; Num-Y: 8 ; Resolution: 12500 ; Rank: 50 ; Rank-X: 6 ; Rank-Y: 2 ; Rowstart: 6252; Rowend: 7295; Rows: 1043; Colstart: 3126; Colend: 4690; Cols: 1564;
Num-X: 12 ; Num-Y: 8 ; Resolution: 12500 ; Rank: 55 ; Rank-X: 6 ; Rank-Y: 7 ; Rowstart: 6252; Rowend: 7295; Rows: 1043; Colstart: 10941; Colend: 12501; Cols: 1560;
Num-X: 12 ; Num-Y: 8 ; Resolution: 12500 ; Rank: 60 ; Rank-X: 7 ; Rank-Y: 4 ; Rowstart: 7294; Rowend: 8337; Rows: 1043; Colstart: 6252; Colend: 7816; Cols: 1564;
Num-X: 12 ; Num-Y: 8 ; Resolution: 12500 ; Rank: 63 ; Rank-X: 7 ; Rank-Y: 7 ; Rowstart: 7294; Rowend: 8337; Rows: 1043; Colstart: 10941; Colend: 12501; Cols: 1560;
Num-X: 12 ; Num-Y: 8 ; Resolution: 12500 ; Rank: 69 ; Rank-X: 8 ; Rank-Y: 5 ; Rowstart: 8336; Rowend: 9379; Rows: 1043; Colstart: 7815; Colend: 9379; Cols: 1564;
Num-X: 12 ; Num-Y: 8 ; Resolution: 12500 ; Rank: 72 ; Rank-X: 9 ; Rank-Y: 0 ; Rowstart: 9378; Rowend: 10421; Rows: 1043; Colstart: 0; Colend: 1564; Cols: 1564;
Num-X: 12 ; Num-Y: 8 ; Resolution: 12500 ; Rank: 74 ; Rank-X: 9 ; Rank-Y: 2 ; Rowstart: 9378; Rowend: 10421; Rows: 1043; Colstart: 3126; Colend: 4690; Cols: 1564;
Num-X: 12 ; Num-Y: 8 ; Resolution: 12500 ; Rank: 81 ; Rank-X: 10 ; Rank-Y: 1 ; Rowstart: 10420; Rowend: 11463; Rows: 1043; Colstart: 1563; Colend: 3127; Cols: 1564;
Num-X: 12 ; Num-Y: 8 ; Resolution: 12500 ; Rank: 88 ; Rank-X: 11 ; Rank-Y: 0 ; Rowstart: 11462; Rowend: 12501; Rows: 1039; Colstart: 0; Colend: 1564; Cols: 1564;
Num-X: 12 ; Num-Y: 8 ; Resolution: 12500 ; Rank: 92 ; Rank-X: 11 ; Rank-Y: 4 ; Rowstart: 11462; Rowend: 12501; Rows: 1039; Colstart: 6252; Colend: 7816; Cols: 1564;
Num-X: 12 ; Num-Y: 8 ; Resolution: 12500 ; Rank: 95 ; Rank-X: 11 ; Rank-Y: 7 ; Rowstart: 11462; Rowend: 12501; Rows: 1039; Colstart: 10941; Colend: 12501; Cols: 1560;
Num-X: 12 ; Num-Y: 8 ; Resolution: 12500 ; Rank: 9 ; Rank-X: 1 ; Rank-Y: 1 ; Rowstart: 1042; Rowend: 2085; Rows: 1043; Colstart: 1563; Colend: 3127; Cols: 1564;
Num-X: 12 ; Num-Y: 8 ; Resolution: 12500 ; Rank: 10 ; Rank-X: 1 ; Rank-Y: 2 ; Rowstart: 1042; Rowend: 2085; Rows: 1043; Colstart: 3126; Colend: 4690; Cols: 1564;

Resolution: 12500
===================
Execution time: 0.359948
Residual: 5.863330

megaflops:  60772.6
  flop instructions (M):  21875.000
